1000, 1031183, 1, 0, 0
2000, 986208, 1, 0, 0
3000, 1104405, 1, 0, 0
4000, 1016130, 1, 0, 0
5000, 1055421, 1, 0, 0
6000, 1029926, 1, 0, 0
7000, 1046755, 1, 0, 0
8000, 1049508, 1, 0, 0
9000, 1043518, 1, 0, 0
10000, 1067533, 1, 0, 0
11000, 1037255, 1, 0, 0
12000, 1137437, 1, 0, 0
13000, 1015434, 1, 0, 0
14000, 1038500, 1, 0, 0
15000, 1088277, 1, 0, 0
16000, 1085604, 1, 0, 0
17000, 1023458, 1, 0, 0
18000, 1043920, 1, 0, 0
19000, 1082128, 1, 0, 0
20000, 1078655, 1, 0, 0
21000, 1068971, 1, 0, 0
22000, 1088230, 1, 0, 0
23000, 1046787, 1, 0, 0
24000, 1059841, 1, 0, 0
25000, 1063072, 1, 0, 0
26000, 1021222, 1, 0, 0
27000, 1022490, 1, 0, 0
28000, 1032113, 1, 0, 0
29000, 1034143, 1, 0, 0
30000, 1145927, 1, 0, 0
31000, 1025804, 1, 0, 0
32004, 1087117, 1, 0, 0
33000, 1068980, 1, 0, 0
34000, 991012, 1, 0, 0
35000, 1068932, 1, 0, 0
36000, 1020675, 1, 0, 0
37000, 1040528, 1, 0, 0
38009, 1013703, 1, 0, 0
39000, 1042015, 1, 0, 0
40000, 1031279, 1, 0, 0
41000, 1035245, 1, 0, 0
42000, 1053681, 1, 0, 0
43000, 1058472, 1, 0, 0
44000, 1035934, 1, 0, 0
45000, 1051045, 1, 0, 0
46012, 1024366, 1, 0, 0
47000, 1045656, 1, 0, 0
48000, 1069725, 1, 0, 0
49000, 1040817, 1, 0, 0
50006, 1025704, 1, 0, 0
51000, 1051017, 1, 0, 0
52000, 1040264, 1, 0, 0
53000, 1096064, 1, 0, 0
54000, 1034190, 1, 0, 0
55000, 1001872, 1, 0, 0
56000, 1072493, 1, 0, 0
57000, 1050382, 1, 0, 0
58000, 1090840, 1, 0, 0
59000, 1007802, 1, 0, 0
60000, 1057216, 1, 0, 0
61000, 1047036, 1, 0, 0
62000, 1038934, 1, 0, 0
63000, 1032950, 1, 0, 0
64000, 1155486, 1, 0, 0
65000, 1030800, 1, 0, 0
66000, 1009817, 1, 0, 0
67000, 1092914, 1, 0, 0
68000, 1008972, 1, 0, 0
69000, 1095211, 1, 0, 0
70000, 1013798, 1, 0, 0
71000, 1067781, 1, 0, 0
72000, 1045748, 1, 0, 0
73000, 1081772, 1, 0, 0
74000, 1086713, 1, 0, 0
75000, 1040979, 1, 0, 0
76002, 1029758, 1, 0, 0
77008, 1057635, 1, 0, 0
78000, 1038695, 1, 0, 0
79000, 1039837, 1, 0, 0
80000, 1062794, 1, 0, 0
81000, 1041224, 1, 0, 0
82000, 1085194, 1, 0, 0
83000, 1035635, 1, 0, 0
84000, 1027125, 1, 0, 0
85000, 1099759, 1, 0, 0
86000, 1137075, 1, 0, 0
87000, 1070723, 1, 0, 0
88000, 1070633, 1, 0, 0
89000, 1051886, 1, 0, 0
90000, 1093850, 1, 0, 0
91000, 1048999, 1, 0, 0
92000, 1036170, 1, 0, 0
93000, 1027836, 1, 0, 0
94000, 1050475, 1, 0, 0
95000, 1066658, 1, 0, 0
96000, 1016525, 1, 0, 0
97000, 1051003, 1, 0, 0
98000, 1059755, 1, 0, 0
99000, 1034534, 1, 0, 0
100000, 1036262, 1, 0, 0
101000, 1028424, 1, 0, 0
102001, 1024802, 1, 0, 0
103003, 1046293, 1, 0, 0
104000, 1105639, 1, 0, 0
105000, 1017069, 1, 0, 0
106000, 1065923, 1, 0, 0
107000, 1006188, 1, 0, 0
108000, 1049140, 1, 0, 0
109000, 1052932, 1, 0, 0
110000, 1038529, 1, 0, 0
111000, 1043328, 1, 0, 0
112000, 1035837, 1, 0, 0
113000, 1045113, 1, 0, 0
114000, 1070548, 1, 0, 0
115000, 1034411, 1, 0, 0
116000, 1109732, 1, 0, 0
117000, 989913, 1, 0, 0
118000, 1034209, 1, 0, 0
119000, 1041076, 1, 0, 0
120000, 1029350, 1, 0, 0
121000, 1052048, 1, 0, 0
122000, 1037554, 1, 0, 0
123002, 1044626, 1, 0, 0
124013, 1052324, 1, 0, 0
125000, 1071568, 1, 0, 0
126000, 1017072, 1, 0, 0
127000, 1103197, 1, 0, 0
128000, 1150806, 1, 0, 0
129000, 1066275, 1, 0, 0
130000, 1037894, 1, 0, 0
131000, 1030216, 1, 0, 0
132000, 1071702, 1, 0, 0
133000, 1017682, 1, 0, 0
134000, 1058146, 1, 0, 0
135000, 1070178, 1, 0, 0
136000, 1061777, 1, 0, 0
137000, 1038744, 1, 0, 0
138000, 1117235, 1, 0, 0
139000, 1087324, 1, 0, 0
140000, 1020981, 1, 0, 0
141000, 1004419, 1, 0, 0
142000, 1065817, 1, 0, 0
143000, 1022847, 1, 0, 0
144000, 1019925, 1, 0, 0
145000, 1036244, 1, 0, 0
146000, 1064158, 1, 0, 0
147000, 1091461, 1, 0, 0
148000, 1048767, 1, 0, 0
149000, 1048253, 1, 0, 0
150000, 1087896, 1, 0, 0
151000, 1063578, 1, 0, 0
152000, 1091303, 1, 0, 0
153012, 1036228, 1, 0, 0
154000, 1057411, 1, 0, 0
155000, 1053877, 1, 0, 0
156002, 1069093, 1, 0, 0
157000, 1061035, 1, 0, 0
158000, 1113121, 1, 0, 0
159000, 1071564, 1, 0, 0
160000, 1045420, 1, 0, 0
161000, 1067204, 1, 0, 0
162000, 1033968, 1, 0, 0
163001, 992629, 1, 0, 0
164000, 1048521, 1, 0, 0
165000, 1027341, 1, 0, 0
166000, 1061736, 1, 0, 0
167000, 1041857, 1, 0, 0
168000, 1076618, 1, 0, 0
169000, 1054625, 1, 0, 0
170000, 1091373, 1, 0, 0
171000, 1031559, 1, 0, 0
172000, 1052087, 1, 0, 0
173000, 1006126, 1, 0, 0
174000, 1028619, 1, 0, 0
175000, 1057992, 1, 0, 0
176000, 1042286, 1, 0, 0
177000, 1024377, 1, 0, 0
178000, 1046060, 1, 0, 0
179002, 1005054, 1, 0, 0
180000, 1084722, 1, 0, 0
180001, 2154454, 1, 0, 0
