1000, 932, 0, 0, 0
2000, 928, 0, 0, 0
3000, 936, 0, 0, 0
4000, 933, 0, 0, 0
5000, 957, 0, 0, 0
6000, 961, 0, 0, 0
7000, 924, 0, 0, 0
8000, 944, 0, 0, 0
9000, 956, 0, 0, 0
10000, 952, 0, 0, 0
11000, 959, 0, 0, 0
12000, 921, 0, 0, 0
13000, 902, 0, 0, 0
14000, 916, 0, 0, 0
15000, 947, 0, 0, 0
16001, 903, 0, 0, 0
17000, 924, 0, 0, 0
18001, 918, 0, 0, 0
19000, 934, 0, 0, 0
20000, 930, 0, 0, 0
21000, 918, 0, 0, 0
22000, 898, 0, 0, 0
23000, 916, 0, 0, 0
24000, 897, 0, 0, 0
25001, 938, 0, 0, 0
26000, 886, 0, 0, 0
27001, 856, 0, 0, 0
28000, 864, 0, 0, 0
29001, 915, 0, 0, 0
30000, 893, 0, 0, 0
31000, 916, 0, 0, 0
32000, 911, 0, 0, 0
33000, 904, 0, 0, 0
34000, 899, 0, 0, 0
35000, 927, 0, 0, 0
36000, 924, 0, 0, 0
37000, 921, 0, 0, 0
38000, 906, 0, 0, 0
39000, 915, 0, 0, 0
40000, 925, 0, 0, 0
41000, 920, 0, 0, 0
42001, 920, 0, 0, 0
43000, 902, 0, 0, 0
44001, 932, 0, 0, 0
45000, 940, 0, 0, 0
46000, 928, 0, 0, 0
47000, 915, 0, 0, 0
48000, 928, 0, 0, 0
49000, 941, 0, 0, 0
50000, 928, 0, 0, 0
51000, 930, 0, 0, 0
52000, 924, 0, 0, 0
53001, 945, 0, 0, 0
54000, 922, 0, 0, 0
55000, 928, 0, 0, 0
56000, 921, 0, 0, 0
57000, 919, 0, 0, 0
58000, 923, 0, 0, 0
59000, 932, 0, 0, 0
60001, 913, 0, 0, 0
61000, 919, 0, 0, 0
62000, 930, 0, 0, 0
63000, 899, 0, 0, 0
64000, 921, 0, 0, 0
65001, 936, 0, 0, 0
66000, 934, 0, 0, 0
67000, 916, 0, 0, 0
68000, 925, 0, 0, 0
69000, 901, 0, 0, 0
70000, 932, 0, 0, 0
71000, 963, 0, 0, 0
72000, 944, 0, 0, 0
73000, 937, 0, 0, 0
74000, 848, 0, 0, 0
75000, 981, 0, 0, 0
76000, 931, 0, 0, 0
77000, 968, 0, 0, 0
78000, 943, 0, 0, 0
79000, 950, 0, 0, 0
80001, 948, 0, 0, 0
81000, 941, 0, 0, 0
82000, 952, 0, 0, 0
83000, 952, 0, 0, 0
84000, 925, 0, 0, 0
85000, 924, 0, 0, 0
86000, 932, 0, 0, 0
87001, 965, 0, 0, 0
88000, 939, 0, 0, 0
89001, 918, 0, 0, 0
90000, 921, 0, 0, 0
91000, 942, 0, 0, 0
92000, 940, 0, 0, 0
93000, 933, 0, 0, 0
94000, 925, 0, 0, 0
95000, 913, 0, 0, 0
96000, 916, 0, 0, 0
97000, 920, 0, 0, 0
98000, 908, 0, 0, 0
99000, 938, 0, 0, 0
100000, 929, 0, 0, 0
101000, 959, 0, 0, 0
102000, 939, 0, 0, 0
103000, 934, 0, 0, 0
104000, 931, 0, 0, 0
105000, 914, 0, 0, 0
106000, 881, 0, 0, 0
107001, 918, 0, 0, 0
108000, 910, 0, 0, 0
109000, 857, 0, 0, 0
110000, 940, 0, 0, 0
111000, 911, 0, 0, 0
112000, 888, 0, 0, 0
113000, 937, 0, 0, 0
114000, 922, 0, 0, 0
115000, 931, 0, 0, 0
116000, 926, 0, 0, 0
117000, 938, 0, 0, 0
118001, 914, 0, 0, 0
119000, 873, 0, 0, 0
120001, 915, 0, 0, 0
121000, 828, 0, 0, 0
122001, 935, 0, 0, 0
123000, 908, 0, 0, 0
124001, 898, 0, 0, 0
125000, 910, 0, 0, 0
126000, 907, 0, 0, 0
127000, 894, 0, 0, 0
128000, 913, 0, 0, 0
129000, 894, 0, 0, 0
130000, 874, 0, 0, 0
131000, 902, 0, 0, 0
132000, 927, 0, 0, 0
133000, 940, 0, 0, 0
134000, 906, 0, 0, 0
135001, 923, 0, 0, 0
136000, 910, 0, 0, 0
137000, 928, 0, 0, 0
138000, 930, 0, 0, 0
139000, 894, 0, 0, 0
140000, 912, 0, 0, 0
141000, 904, 0, 0, 0
142000, 923, 0, 0, 0
143000, 919, 0, 0, 0
144000, 883, 0, 0, 0
145000, 903, 0, 0, 0
146000, 916, 0, 0, 0
147000, 873, 0, 0, 0
148000, 886, 0, 0, 0
149000, 901, 0, 0, 0
150000, 913, 0, 0, 0
151000, 912, 0, 0, 0
152000, 920, 0, 0, 0
153000, 863, 0, 0, 0
154000, 931, 0, 0, 0
155000, 918, 0, 0, 0
156000, 935, 0, 0, 0
157000, 891, 0, 0, 0
158000, 922, 0, 0, 0
159000, 935, 0, 0, 0
160000, 914, 0, 0, 0
161000, 900, 0, 0, 0
162000, 915, 0, 0, 0
163000, 915, 0, 0, 0
164000, 912, 0, 0, 0
165000, 928, 0, 0, 0
166000, 938, 0, 0, 0
167000, 924, 0, 0, 0
168000, 902, 0, 0, 0
169000, 911, 0, 0, 0
170000, 909, 0, 0, 0
171000, 896, 0, 0, 0
172000, 918, 0, 0, 0
173000, 933, 0, 0, 0
174000, 914, 0, 0, 0
175000, 822, 0, 0, 0
176000, 920, 0, 0, 0
177000, 932, 0, 0, 0
178000, 900, 0, 0, 0
179000, 937, 0, 0, 0
180000, 944, 0, 0, 0
