1000, 1869, 1, 0, 0
2000, 1876, 1, 0, 0
3000, 1859, 1, 0, 0
4003, 1866, 1, 0, 0
5000, 1920, 1, 0, 0
6003, 1967, 1, 0, 0
7000, 1877, 1, 0, 0
8000, 1981, 1, 0, 0
9000, 2048, 1, 0, 0
10005, 1897, 1, 0, 0
11006, 1833, 1, 0, 0
12001, 1960, 1, 0, 0
13000, 1988, 1, 0, 0
14000, 1825, 1, 0, 0
15000, 1874, 1, 0, 0
16000, 1960, 1, 0, 0
17000, 1874, 1, 0, 0
18000, 1866, 1, 0, 0
19001, 1924, 1, 0, 0
20001, 1995, 1, 0, 0
21000, 1879, 1, 0, 0
22000, 1813, 1, 0, 0
23000, 1736, 1, 0, 0
24000, 1701, 1, 0, 0
25000, 1784, 1, 0, 0
26000, 1827, 1, 0, 0
27034, 1779, 1, 0, 0
28003, 1801, 1, 0, 0
29000, 1848, 1, 0, 0
30034, 2018, 1, 0, 0
31000, 1810, 1, 0, 0
32001, 1975, 1, 0, 0
33000, 1930, 1, 0, 0
34002, 1958, 1, 0, 0
35000, 1977, 1, 0, 0
36002, 1934, 1, 0, 0
37000, 1937, 1, 0, 0
38000, 1975, 1, 0, 0
39000, 2012, 1, 0, 0
40000, 1957, 1, 0, 0
41000, 2009, 1, 0, 0
42002, 2053, 1, 0, 0
43000, 2003, 1, 0, 0
44001, 1960, 1, 0, 0
45029, 2006, 1, 0, 0
46000, 2014, 1, 0, 0
47004, 1876, 1, 0, 0
48001, 1957, 1, 0, 0
49000, 2040, 1, 0, 0
50003, 2007, 1, 0, 0
51000, 1977, 1, 0, 0
52000, 2022, 1, 0, 0
53000, 1944, 1, 0, 0
54001, 2022, 1, 0, 0
55000, 1906, 1, 0, 0
56001, 1953, 1, 0, 0
57000, 2044, 1, 0, 0
58003, 2029, 1, 0, 0
59000, 1939, 1, 0, 0
60000, 2046, 1, 0, 0
61000, 1951, 1, 0, 0
62006, 1990, 1, 0, 0
63000, 1982, 1, 0, 0
64000, 2001, 1, 0, 0
65001, 1992, 1, 0, 0
66001, 1808, 1, 0, 0
67000, 1875, 1, 0, 0
68002, 1819, 1, 0, 0
69002, 1894, 1, 0, 0
70003, 1909, 1, 0, 0
71000, 1810, 1, 0, 0
72000, 1818, 1, 0, 0
73000, 1944, 1, 0, 0
74000, 1833, 1, 0, 0
75000, 1776, 1, 0, 0
76001, 1982, 1, 0, 0
77001, 1814, 1, 0, 0
78000, 1877, 1, 0, 0
79036, 1857, 1, 0, 0
80000, 1813, 1, 0, 0
81000, 1839, 1, 0, 0
82004, 1831, 1, 0, 0
83000, 1866, 1, 0, 0
84001, 1853, 1, 0, 0
85001, 1837, 1, 0, 0
86000, 1865, 1, 0, 0
87000, 1823, 1, 0, 0
88000, 1871, 1, 0, 0
89000, 1974, 1, 0, 0
90000, 1950, 1, 0, 0
91003, 1939, 1, 0, 0
92042, 1962, 1, 0, 0
93001, 2022, 1, 0, 0
94000, 1954, 1, 0, 0
95001, 2081, 1, 0, 0
96004, 1987, 1, 0, 0
97001, 1973, 1, 0, 0
98001, 2024, 1, 0, 0
99000, 1978, 1, 0, 0
100000, 1978, 1, 0, 0
101002, 2070, 1, 0, 0
102000, 2094, 1, 0, 0
103000, 1939, 1, 0, 0
104000, 1885, 1, 0, 0
105001, 1883, 1, 0, 0
106000, 1954, 1, 0, 0
107000, 2017, 1, 0, 0
108000, 1929, 1, 0, 0
109002, 2041, 1, 0, 0
110000, 1921, 1, 0, 0
111004, 1974, 1, 0, 0
112001, 2030, 1, 0, 0
113001, 1972, 1, 0, 0
114001, 1898, 1, 0, 0
115001, 2014, 1, 0, 0
116001, 1942, 1, 0, 0
117000, 1928, 1, 0, 0
118009, 1962, 1, 0, 0
119000, 2094, 1, 0, 0
120000, 1980, 1, 0, 0
121001, 1936, 1, 0, 0
122000, 1970, 1, 0, 0
123005, 1902, 1, 0, 0
124001, 1999, 1, 0, 0
125000, 1894, 1, 0, 0
126000, 1967, 1, 0, 0
127000, 2054, 1, 0, 0
128000, 2107, 1, 0, 0
129000, 2096, 1, 0, 0
130000, 1909, 1, 0, 0
131000, 1915, 1, 0, 0
132002, 1979, 1, 0, 0
133001, 2010, 1, 0, 0
134000, 1987, 1, 0, 0
135000, 2047, 1, 0, 0
136000, 1944, 1, 0, 0
137000, 2086, 1, 0, 0
138000, 1985, 1, 0, 0
139000, 1967, 1, 0, 0
140029, 2003, 1, 0, 0
141000, 1996, 1, 0, 0
142000, 1945, 1, 0, 0
143001, 1907, 1, 0, 0
144002, 1953, 1, 0, 0
145002, 2025, 1, 0, 0
146000, 2010, 1, 0, 0
147000, 2043, 1, 0, 0
148000, 1997, 1, 0, 0
149007, 2080, 1, 0, 0
150000, 1958, 1, 0, 0
151001, 1956, 1, 0, 0
152000, 2043, 1, 0, 0
153005, 1978, 1, 0, 0
154000, 1984, 1, 0, 0
155000, 2043, 1, 0, 0
156000, 1912, 1, 0, 0
157001, 1929, 1, 0, 0
158000, 2002, 1, 0, 0
159000, 1987, 1, 0, 0
160000, 1971, 1, 0, 0
161000, 1969, 1, 0, 0
162004, 1960, 1, 0, 0
163004, 1932, 1, 0, 0
164000, 1956, 1, 0, 0
165001, 2056, 1, 0, 0
166000, 2062, 1, 0, 0
167000, 2027, 1, 0, 0
168002, 2088, 1, 0, 0
169000, 2048, 1, 0, 0
170000, 1892, 1, 0, 0
171000, 2059, 1, 0, 0
172034, 2009, 1, 0, 0
173000, 2038, 1, 0, 0
174000, 1994, 1, 0, 0
175000, 2006, 1, 0, 0
176000, 1928, 1, 0, 0
177000, 2001, 1, 0, 0
178000, 1920, 1, 0, 0
179000, 2143, 1, 0, 0
180042, 2092, 1, 0, 0
