1012, 7494966, 0, 0, 0
2012, 8254541, 0, 0, 0
3021, 8208122, 0, 0, 0
4013, 8435033, 0, 0, 0
5007, 8562578, 0, 0, 0
6018, 8669906, 0, 0, 0
7011, 8370776, 0, 0, 0
8007, 8388885, 0, 0, 0
9011, 8303891, 0, 0, 0
10011, 8115326, 0, 0, 0
11006, 8358147, 0, 0, 0
12005, 8311525, 0, 0, 0
13009, 8528207, 0, 0, 0
14016, 8208240, 0, 0, 0
15011, 8465545, 0, 0, 0
16009, 8297419, 0, 0, 0
17020, 8287380, 0, 0, 0
18016, 8475471, 0, 0, 0
19010, 8384070, 0, 0, 0
20020, 8245293, 0, 0, 0
21011, 8294708, 0, 0, 0
22006, 8315322, 0, 0, 0
23010, 8318731, 0, 0, 0
24007, 8396970, 0, 0, 0
25018, 8357499, 0, 0, 0
26011, 8322614, 0, 0, 0
27006, 8363736, 0, 0, 0
28011, 8283483, 0, 0, 0
29007, 8249475, 0, 0, 0
30016, 8373229, 0, 0, 0
31007, 8307606, 0, 0, 0
32020, 8314797, 0, 0, 0
33009, 8383487, 0, 0, 0
34011, 8433120, 0, 0, 0
35005, 8228122, 0, 0, 0
36014, 8461342, 0, 0, 0
37011, 8498324, 0, 0, 0
38019, 8613896, 0, 0, 0
39016, 8476585, 0, 0, 0
40009, 8340115, 0, 0, 0
41011, 8289583, 0, 0, 0
42014, 8289100, 0, 0, 0
43006, 8370211, 0, 0, 0
44008, 8262977, 0, 0, 0
45019, 8491504, 0, 0, 0
46013, 8292910, 0, 0, 0
47009, 8322073, 0, 0, 0
48008, 8249570, 0, 0, 0
49013, 8618944, 0, 0, 0
50008, 8228127, 0, 0, 0
51013, 8545092, 0, 0, 0
52007, 8248302, 0, 0, 0
53007, 8495749, 0, 0, 0
54006, 8508734, 0, 0, 0
55009, 8413963, 0, 0, 0
56005, 8221363, 0, 0, 0
57012, 8254611, 0, 0, 0
58009, 8407794, 0, 0, 0
59020, 8445697, 0, 0, 0
60014, 8536134, 0, 0, 0
61009, 8245147, 0, 0, 0
62021, 8495387, 0, 0, 0
63014, 8559500, 0, 0, 0
64009, 8203754, 0, 0, 0
65019, 8213924, 0, 0, 0
66012, 8294798, 0, 0, 0
67006, 8301286, 0, 0, 0
68009, 8460553, 0, 0, 0
69013, 8225921, 0, 0, 0
70005, 8215721, 0, 0, 0
71005, 8599077, 0, 0, 0
72007, 8213355, 0, 0, 0
73007, 8342344, 0, 0, 0
74014, 8636419, 0, 0, 0
75008, 8271439, 0, 0, 0
76006, 8236161, 0, 0, 0
77019, 8182684, 0, 0, 0
78008, 8350165, 0, 0, 0
79008, 8189373, 0, 0, 0
80013, 8456248, 0, 0, 0
81013, 8654903, 0, 0, 0
82007, 8378712, 0, 0, 0
83020, 7929688, 0, 0, 0
84012, 8161926, 0, 0, 0
85014, 8213501, 0, 0, 0
86007, 8055340, 0, 0, 0
87009, 8244311, 0, 0, 0
88007, 8487912, 0, 0, 0
89015, 8317887, 0, 0, 0
90013, 8187476, 0, 0, 0
91008, 8347082, 0, 0, 0
92018, 8525268, 0, 0, 0
93012, 8355260, 0, 0, 0
94019, 8398907, 0, 0, 0
95011, 8245055, 0, 0, 0
96006, 8489394, 0, 0, 0
97014, 8206011, 0, 0, 0
98008, 8391419, 0, 0, 0
99017, 8436239, 0, 0, 0
100012, 8336708, 0, 0, 0
101006, 8244371, 0, 0, 0
102011, 8363729, 0, 0, 0
103012, 8357167, 0, 0, 0
104007, 8413316, 0, 0, 0
105010, 8271893, 0, 0, 0
106010, 8390005, 0, 0, 0
107006, 8404019, 0, 0, 0
108017, 8237067, 0, 0, 0
109008, 8292240, 0, 0, 0
110007, 8276924, 0, 0, 0
111009, 8331596, 0, 0, 0
112020, 8354277, 0, 0, 0
113016, 8401360, 0, 0, 0
114010, 8319330, 0, 0, 0
115006, 8283078, 0, 0, 0
116011, 8322708, 0, 0, 0
117010, 8087051, 0, 0, 0
118006, 8392669, 0, 0, 0
119015, 8351508, 0, 0, 0
120012, 8438683, 0, 0, 0
121020, 8519140, 0, 0, 0
122013, 8419541, 0, 0, 0
123010, 8293235, 0, 0, 0
124018, 8477562, 0, 0, 0
125013, 8296229, 0, 0, 0
126006, 8245899, 0, 0, 0
127015, 8289518, 0, 0, 0
128011, 8322763, 0, 0, 0
129006, 8283496, 0, 0, 0
130014, 8545541, 0, 0, 0
131010, 8344407, 0, 0, 0
132019, 8331788, 0, 0, 0
133012, 8606486, 0, 0, 0
134009, 8389222, 0, 0, 0
135017, 8591120, 0, 0, 0
136010, 8377773, 0, 0, 0
137005, 8369023, 0, 0, 0
138017, 8333667, 0, 0, 0
139012, 8379571, 0, 0, 0
140005, 8247384, 0, 0, 0
141015, 8332535, 0, 0, 0
142008, 8274479, 0, 0, 0
143015, 8076028, 0, 0, 0
144014, 8137080, 0, 0, 0
145008, 8401291, 0, 0, 0
146008, 8422908, 0, 0, 0
147014, 8453528, 0, 0, 0
148009, 8314241, 0, 0, 0
149019, 8558265, 0, 0, 0
150004, 8097994, 0, 0, 0
151006, 8352084, 0, 0, 0
152015, 8537075, 0, 0, 0
153008, 8210185, 0, 0, 0
154014, 8461258, 0, 0, 0
155008, 8186291, 0, 0, 0
156007, 8494175, 0, 0, 0
157015, 8585877, 0, 0, 0
158010, 8450398, 0, 0, 0
159015, 8201134, 0, 0, 0
160013, 8722050, 0, 0, 0
161010, 8480003, 0, 0, 0
162005, 8229821, 0, 0, 0
163011, 8258998, 0, 0, 0
164008, 8605531, 0, 0, 0
165017, 8468419, 0, 0, 0
166012, 8434677, 0, 0, 0
167021, 8355322, 0, 0, 0
168015, 8480119, 0, 0, 0
169008, 8461335, 0, 0, 0
170016, 8471461, 0, 0, 0
171008, 8315714, 0, 0, 0
172013, 8219997, 0, 0, 0
173006, 8300291, 0, 0, 0
174008, 8607947, 0, 0, 0
175017, 8297804, 0, 0, 0
176010, 8336559, 0, 0, 0
177007, 8471469, 0, 0, 0
178014, 8570785, 0, 0, 0
179008, 8396483, 0, 0, 0
180011, 8354775, 0, 0, 0
180012, 42807869, 0, 0, 0
