1000, 1895221, 1, 0, 0
2000, 2081562, 1, 0, 0
3000, 2083692, 1, 0, 0
4000, 2115141, 1, 0, 0
5000, 2058757, 1, 0, 0
6000, 2133482, 1, 0, 0
7000, 2081102, 1, 0, 0
8000, 2241731, 1, 0, 0
9000, 2063356, 1, 0, 0
10000, 2089886, 1, 0, 0
11000, 2136221, 1, 0, 0
12000, 2067525, 1, 0, 0
13000, 2075923, 1, 0, 0
14000, 2109970, 1, 0, 0
15000, 2057988, 1, 0, 0
16000, 2146300, 1, 0, 0
17000, 2074624, 1, 0, 0
18000, 2067988, 1, 0, 0
19000, 2131822, 1, 0, 0
20000, 2068289, 1, 0, 0
21000, 2087937, 1, 0, 0
22000, 2077660, 1, 0, 0
23000, 2096476, 1, 0, 0
24000, 2093878, 1, 0, 0
25000, 2092818, 1, 0, 0
26000, 2082326, 1, 0, 0
27000, 2100598, 1, 0, 0
28000, 2061361, 1, 0, 0
29000, 2141432, 1, 0, 0
30000, 2016296, 1, 0, 0
31000, 2119780, 1, 0, 0
32000, 2087403, 1, 0, 0
33000, 2118540, 1, 0, 0
34000, 2045868, 1, 0, 0
35000, 2099392, 1, 0, 0
36000, 2106591, 1, 0, 0
37000, 2106546, 1, 0, 0
38000, 2056943, 1, 0, 0
39000, 2063184, 1, 0, 0
40000, 2106211, 1, 0, 0
41000, 2104341, 1, 0, 0
42000, 2095845, 1, 0, 0
43000, 2114175, 1, 0, 0
44000, 2080241, 1, 0, 0
45000, 2066293, 1, 0, 0
46000, 2116307, 1, 0, 0
47000, 2075092, 1, 0, 0
48000, 2074508, 1, 0, 0
49000, 2134268, 1, 0, 0
50000, 2074055, 1, 0, 0
51000, 2072438, 1, 0, 0
52000, 2125788, 1, 0, 0
53000, 2091710, 1, 0, 0
54000, 2082125, 1, 0, 0
55000, 2090843, 1, 0, 0
56000, 2084664, 1, 0, 0
57000, 2123465, 1, 0, 0
58000, 2053960, 1, 0, 0
59000, 2073093, 1, 0, 0
60000, 2104120, 1, 0, 0
61000, 2104918, 1, 0, 0
62000, 2056861, 1, 0, 0
63000, 2146735, 1, 0, 0
64000, 2055916, 1, 0, 0
65000, 2065039, 1, 0, 0
66000, 2084684, 1, 0, 0
67000, 2080159, 1, 0, 0
68000, 2206896, 1, 0, 0
69000, 2091823, 1, 0, 0
70000, 2086574, 1, 0, 0
71000, 2104600, 1, 0, 0
72000, 2085694, 1, 0, 0
73000, 2126322, 1, 0, 0
74000, 2061522, 1, 0, 0
75000, 2128134, 1, 0, 0
76000, 2071536, 1, 0, 0
77000, 2121892, 1, 0, 0
78000, 2085474, 1, 0, 0
79000, 2054509, 1, 0, 0
80000, 2080416, 1, 0, 0
81000, 2126967, 1, 0, 0
82000, 2096155, 1, 0, 0
83000, 2054966, 1, 0, 0
84000, 2142021, 1, 0, 0
85000, 2045343, 1, 0, 0
86000, 2095044, 1, 0, 0
87000, 2131246, 1, 0, 0
88000, 2073780, 1, 0, 0
89000, 2063024, 1, 0, 0
90000, 2106058, 1, 0, 0
91000, 2121768, 1, 0, 0
92000, 2052110, 1, 0, 0
93000, 2089839, 1, 0, 0
94000, 2115103, 1, 0, 0
95000, 2060552, 1, 0, 0
96000, 2150963, 1, 0, 0
97000, 2068388, 1, 0, 0
98000, 2073038, 1, 0, 0
99000, 2132960, 1, 0, 0
100000, 2074641, 1, 0, 0
101000, 2076773, 1, 0, 0
102000, 2090345, 1, 0, 0
103000, 2112676, 1, 0, 0
104000, 2067708, 1, 0, 0
105000, 2125762, 1, 0, 0
106000, 2055047, 1, 0, 0
107000, 2118731, 1, 0, 0
108000, 2054319, 1, 0, 0
109000, 2142870, 1, 0, 0
110000, 2040760, 1, 0, 0
111000, 2114248, 1, 0, 0
112000, 2091084, 1, 0, 0
113000, 2086777, 1, 0, 0
114000, 2079936, 1, 0, 0
115000, 2129983, 1, 0, 0
116000, 2065130, 1, 0, 0
117000, 2052431, 1, 0, 0
118000, 2096271, 1, 0, 0
119000, 2095270, 1, 0, 0
120000, 2102159, 1, 0, 0
121000, 2088233, 1, 0, 0
122000, 2089084, 1, 0, 0
123000, 2097944, 1, 0, 0
124000, 2078894, 1, 0, 0
125000, 2140229, 1, 0, 0
126000, 2059862, 1, 0, 0
127000, 2058377, 1, 0, 0
128000, 2123728, 1, 0, 0
129000, 2072495, 1, 0, 0
130000, 2075081, 1, 0, 0
131000, 2089362, 1, 0, 0
132000, 2113093, 1, 0, 0
133000, 2061856, 1, 0, 0
134000, 2115672, 1, 0, 0
135000, 2068200, 1, 0, 0
136000, 2119752, 1, 0, 0
137000, 2052718, 1, 0, 0
138000, 2087686, 1, 0, 0
139000, 2102323, 1, 0, 0
140000, 2145314, 1, 0, 0
141000, 2039880, 1, 0, 0
142000, 2133188, 1, 0, 0
143000, 2089480, 1, 0, 0
144000, 2081639, 1, 0, 0
145000, 2075933, 1, 0, 0
146000, 2115667, 1, 0, 0
147000, 2052093, 1, 0, 0
148000, 2125798, 1, 0, 0
149000, 2067816, 1, 0, 0
150000, 2063775, 1, 0, 0
151000, 2134317, 1, 0, 0
152000, 2073566, 1, 0, 0
153000, 2117286, 1, 0, 0
154000, 2065561, 1, 0, 0
155000, 2066015, 1, 0, 0
156000, 2101610, 1, 0, 0
157000, 2091682, 1, 0, 0
158000, 2118009, 1, 0, 0
159000, 2051048, 1, 0, 0
160000, 2105621, 1, 0, 0
161000, 2101573, 1, 0, 0
162000, 2089518, 1, 0, 0
163000, 2057980, 1, 0, 0
164000, 2108825, 1, 0, 0
165000, 2101337, 1, 0, 0
166000, 2127298, 1, 0, 0
167000, 2065605, 1, 0, 0
168000, 2071559, 1, 0, 0
169000, 2097213, 1, 0, 0
170000, 2084699, 1, 0, 0
171000, 2112579, 1, 0, 0
171359, 1834984, 1, 0, 0
