1000, 3636, 0, 0, 0
2001, 3163, 0, 0, 0
3000, 3615, 0, 0, 0
4000, 3540, 0, 0, 0
5000, 3520, 0, 0, 0
6000, 3214, 0, 0, 0
7000, 3563, 0, 0, 0
8000, 3538, 0, 0, 0
9000, 3566, 0, 0, 0
10000, 3539, 0, 0, 0
11000, 3555, 0, 0, 0
12000, 3553, 0, 0, 0
13001, 3552, 0, 0, 0
14000, 3650, 0, 0, 0
15000, 3630, 0, 0, 0
16000, 3563, 0, 0, 0
17000, 3678, 0, 0, 0
18000, 3633, 0, 0, 0
19000, 3536, 0, 0, 0
20000, 3655, 0, 0, 0
21000, 3634, 0, 0, 0
22000, 3564, 0, 0, 0
23000, 3563, 0, 0, 0
24001, 3547, 0, 0, 0
25000, 3594, 0, 0, 0
26000, 3610, 0, 0, 0
27000, 3539, 0, 0, 0
28000, 3573, 0, 0, 0
29000, 3578, 0, 0, 0
30001, 3594, 0, 0, 0
31000, 3618, 0, 0, 0
32000, 3630, 0, 0, 0
33001, 3579, 0, 0, 0
34000, 3603, 0, 0, 0
35000, 3609, 0, 0, 0
36000, 3626, 0, 0, 0
37000, 3529, 0, 0, 0
38000, 3608, 0, 0, 0
39000, 3572, 0, 0, 0
40000, 3644, 0, 0, 0
41000, 3645, 0, 0, 0
42000, 3670, 0, 0, 0
43000, 3524, 0, 0, 0
44000, 3405, 0, 0, 0
45001, 3570, 0, 0, 0
46000, 3513, 0, 0, 0
47000, 3522, 0, 0, 0
48000, 3575, 0, 0, 0
49000, 3551, 0, 0, 0
50000, 3530, 0, 0, 0
51000, 3501, 0, 0, 0
52000, 3575, 0, 0, 0
53000, 3504, 0, 0, 0
54000, 3612, 0, 0, 0
55001, 3645, 0, 0, 0
56000, 3640, 0, 0, 0
57000, 3520, 0, 0, 0
58000, 3533, 0, 0, 0
59000, 3372, 0, 0, 0
60000, 3576, 0, 0, 0
61000, 3640, 0, 0, 0
62000, 3371, 0, 0, 0
63001, 3548, 0, 0, 0
64000, 3425, 0, 0, 0
65000, 3589, 0, 0, 0
66000, 3619, 0, 0, 0
67000, 3592, 0, 0, 0
68000, 3598, 0, 0, 0
69000, 3569, 0, 0, 0
70000, 3607, 0, 0, 0
71000, 3653, 0, 0, 0
72000, 3710, 0, 0, 0
73000, 3636, 0, 0, 0
74000, 3520, 0, 0, 0
75000, 3670, 0, 0, 0
76000, 3547, 0, 0, 0
77000, 3626, 0, 0, 0
78000, 3594, 0, 0, 0
79000, 3520, 0, 0, 0
80000, 3647, 0, 0, 0
81000, 3687, 0, 0, 0
82000, 3505, 0, 0, 0
83000, 3634, 0, 0, 0
84000, 3519, 0, 0, 0
85000, 3575, 0, 0, 0
86001, 3497, 0, 0, 0
87000, 3486, 0, 0, 0
88000, 3524, 0, 0, 0
89000, 3589, 0, 0, 0
90000, 3546, 0, 0, 0
91000, 3585, 0, 0, 0
92000, 3595, 0, 0, 0
93000, 3556, 0, 0, 0
94000, 3551, 0, 0, 0
95000, 3592, 0, 0, 0
96001, 3664, 0, 0, 0
97000, 3593, 0, 0, 0
98000, 3609, 0, 0, 0
99000, 3611, 0, 0, 0
100000, 3538, 0, 0, 0
101001, 3588, 0, 0, 0
102000, 3593, 0, 0, 0
103000, 3630, 0, 0, 0
104000, 3423, 0, 0, 0
105000, 3627, 0, 0, 0
106000, 3611, 0, 0, 0
107000, 3588, 0, 0, 0
108000, 3601, 0, 0, 0
109000, 3518, 0, 0, 0
110000, 3577, 0, 0, 0
111000, 3507, 0, 0, 0
112000, 3467, 0, 0, 0
113000, 3482, 0, 0, 0
114000, 3575, 0, 0, 0
115001, 3556, 0, 0, 0
116000, 3542, 0, 0, 0
117000, 3613, 0, 0, 0
118000, 3504, 0, 0, 0
119000, 3581, 0, 0, 0
120000, 3610, 0, 0, 0
121000, 3615, 0, 0, 0
122000, 3667, 0, 0, 0
123000, 3638, 0, 0, 0
124000, 3536, 0, 0, 0
125000, 3650, 0, 0, 0
126000, 3643, 0, 0, 0
127000, 3589, 0, 0, 0
128000, 3584, 0, 0, 0
129000, 3667, 0, 0, 0
130000, 3456, 0, 0, 0
131000, 3488, 0, 0, 0
132001, 3566, 0, 0, 0
133000, 3319, 0, 0, 0
134000, 3453, 0, 0, 0
135000, 3424, 0, 0, 0
136000, 3608, 0, 0, 0
137000, 3596, 0, 0, 0
138000, 3591, 0, 0, 0
139000, 3510, 0, 0, 0
140000, 3505, 0, 0, 0
141000, 3492, 0, 0, 0
142000, 3479, 0, 0, 0
143000, 3506, 0, 0, 0
144000, 3580, 0, 0, 0
145000, 3550, 0, 0, 0
146000, 3574, 0, 0, 0
147000, 3637, 0, 0, 0
148000, 3339, 0, 0, 0
149000, 3563, 0, 0, 0
150000, 3548, 0, 0, 0
151001, 3536, 0, 0, 0
152000, 3584, 0, 0, 0
153000, 3611, 0, 0, 0
154001, 3547, 0, 0, 0
155000, 3602, 0, 0, 0
156000, 3617, 0, 0, 0
157000, 3577, 0, 0, 0
158000, 3626, 0, 0, 0
159000, 3450, 0, 0, 0
160000, 3569, 0, 0, 0
161000, 3492, 0, 0, 0
162000, 3606, 0, 0, 0
163000, 3572, 0, 0, 0
164000, 3621, 0, 0, 0
165000, 3639, 0, 0, 0
166000, 3613, 0, 0, 0
167000, 3568, 0, 0, 0
168000, 3706, 0, 0, 0
169000, 3579, 0, 0, 0
170000, 3506, 0, 0, 0
171000, 3555, 0, 0, 0
172000, 3600, 0, 0, 0
173000, 3562, 0, 0, 0
174000, 3568, 0, 0, 0
175000, 3577, 0, 0, 0
176000, 3639, 0, 0, 0
177000, 3590, 0, 0, 0
178000, 3653, 0, 0, 0
179000, 3425, 0, 0, 0
180000, 3588, 0, 0, 0
