1002, 1935638, 1, 0, 0
2006, 2127337, 1, 0, 0
3003, 2058660, 1, 0, 0
4011, 2020462, 1, 0, 0
5007, 2096304, 1, 0, 0
6001, 2036466, 1, 0, 0
7005, 2185735, 1, 0, 0
8006, 2074030, 1, 0, 0
9003, 2091944, 1, 0, 0
10000, 2112268, 1, 0, 0
11003, 2152058, 1, 0, 0
12007, 2109855, 1, 0, 0
13001, 2121032, 1, 0, 0
14003, 2068302, 1, 0, 0
15005, 2159074, 1, 0, 0
16000, 2129846, 1, 0, 0
17007, 2113900, 1, 0, 0
18003, 2167251, 1, 0, 0
19000, 2090697, 1, 0, 0
20004, 2110307, 1, 0, 0
21002, 2044652, 1, 0, 0
22014, 2120876, 1, 0, 0
23007, 2162561, 1, 0, 0
24003, 2076795, 1, 0, 0
25003, 2189967, 1, 0, 0
26006, 2060689, 1, 0, 0
27007, 2077238, 1, 0, 0
28000, 2078079, 1, 0, 0
29006, 2145035, 1, 0, 0
30002, 2122711, 1, 0, 0
31012, 2095929, 1, 0, 0
32005, 2059391, 1, 0, 0
33001, 2068460, 1, 0, 0
34010, 2073666, 1, 0, 0
35004, 2051237, 1, 0, 0
36000, 2081020, 1, 0, 0
37000, 2092233, 1, 0, 0
38005, 2009166, 1, 0, 0
39003, 2030789, 1, 0, 0
40001, 2086516, 1, 0, 0
41011, 2106011, 1, 0, 0
42005, 2110703, 1, 0, 0
43000, 2124131, 1, 0, 0
44011, 2126715, 1, 0, 0
45004, 2079495, 1, 0, 0
46000, 2082935, 1, 0, 0
47008, 2056797, 1, 0, 0
48003, 2035221, 1, 0, 0
49003, 2095308, 1, 0, 0
50010, 2135003, 1, 0, 0
51006, 2053705, 1, 0, 0
52014, 1961020, 1, 0, 0
53010, 2096530, 1, 0, 0
54003, 2072730, 1, 0, 0
55016, 2086694, 1, 0, 0
56009, 2113894, 1, 0, 0
57000, 2189231, 1, 0, 0
58008, 2090791, 1, 0, 0
59006, 1989412, 1, 0, 0
60003, 2002436, 1, 0, 0
61005, 2138311, 1, 0, 0
62004, 2027135, 1, 0, 0
63000, 2114451, 1, 0, 0
64009, 2011604, 1, 0, 0
65002, 2072252, 1, 0, 0
66014, 2068301, 1, 0, 0
67012, 2081379, 1, 0, 0
68006, 2032928, 1, 0, 0
69000, 2070877, 1, 0, 0
70006, 2166874, 1, 0, 0
71026, 2213559, 1, 0, 0
72000, 1995838, 1, 0, 0
73003, 2106933, 1, 0, 0
74004, 2049865, 1, 0, 0
75000, 2088180, 1, 0, 0
76006, 2075742, 1, 0, 0
77001, 2092653, 1, 0, 0
78011, 2141113, 1, 0, 0
79004, 2123593, 1, 0, 0
80000, 2101524, 1, 0, 0
81000, 2089661, 1, 0, 0
82002, 2065311, 1, 0, 0
83004, 2087538, 1, 0, 0
84004, 2081203, 1, 0, 0
85014, 2103728, 1, 0, 0
86003, 2049105, 1, 0, 0
87004, 2088224, 1, 0, 0
88012, 2133445, 1, 0, 0
89000, 2081275, 1, 0, 0
90002, 2106143, 1, 0, 0
91010, 2098782, 1, 0, 0
92003, 2062406, 1, 0, 0
93013, 2080780, 1, 0, 0
94009, 2112376, 1, 0, 0
95003, 2084712, 1, 0, 0
96002, 2048930, 1, 0, 0
97013, 2115837, 1, 0, 0
98009, 2107257, 1, 0, 0
99001, 2063880, 1, 0, 0
100004, 2129063, 1, 0, 0
101007, 2093115, 1, 0, 0
102000, 2171838, 1, 0, 0
103003, 2051755, 1, 0, 0
104002, 2082223, 1, 0, 0
105008, 2141688, 1, 0, 0
106001, 2121949, 1, 0, 0
107005, 2049828, 1, 0, 0
108012, 2145010, 1, 0, 0
109007, 2059751, 1, 0, 0
110002, 2077062, 1, 0, 0
111014, 2047169, 1, 0, 0
112010, 2021558, 1, 0, 0
113006, 2095651, 1, 0, 0
114005, 2113163, 1, 0, 0
115000, 2029350, 1, 0, 0
116002, 2028260, 1, 0, 0
117005, 2042830, 1, 0, 0
118008, 2097927, 1, 0, 0
119000, 2020493, 1, 0, 0
120010, 2158408, 1, 0, 0
121004, 2068263, 1, 0, 0
122000, 2067401, 1, 0, 0
123012, 2073103, 1, 0, 0
124007, 2083088, 1, 0, 0
125003, 2061623, 1, 0, 0
126002, 2108776, 1, 0, 0
127005, 2135030, 1, 0, 0
128004, 2021791, 1, 0, 0
129014, 2101285, 1, 0, 0
130004, 2080713, 1, 0, 0
131003, 2114542, 1, 0, 0
132000, 2136535, 1, 0, 0
133003, 2080974, 1, 0, 0
134001, 2098105, 1, 0, 0
135000, 2080780, 1, 0, 0
136007, 2098534, 1, 0, 0
137000, 2049966, 1, 0, 0
138004, 2072432, 1, 0, 0
139002, 2070023, 1, 0, 0
140001, 2064302, 1, 0, 0
141007, 2125544, 1, 0, 0
142000, 2054617, 1, 0, 0
143010, 2116771, 1, 0, 0
144003, 2067369, 1, 0, 0
145006, 2094113, 1, 0, 0
146005, 2016782, 1, 0, 0
147001, 2099355, 1, 0, 0
148006, 2009735, 1, 0, 0
149014, 2045173, 1, 0, 0
150000, 2050969, 1, 0, 0
151005, 2075207, 1, 0, 0
152000, 2050615, 1, 0, 0
153014, 2085804, 1, 0, 0
154006, 2058102, 1, 0, 0
155003, 2140450, 1, 0, 0
156000, 2053313, 1, 0, 0
157010, 2041402, 1, 0, 0
158005, 2106095, 1, 0, 0
159000, 2117260, 1, 0, 0
160010, 2116424, 1, 0, 0
161004, 2068236, 1, 0, 0
162000, 2175027, 1, 0, 0
163000, 2129001, 1, 0, 0
164002, 2086990, 1, 0, 0
165011, 2091676, 1, 0, 0
166004, 2087361, 1, 0, 0
167014, 2054841, 1, 0, 0
168009, 2080627, 1, 0, 0
169002, 2119127, 1, 0, 0
170014, 2120849, 1, 0, 0
171001, 2048267, 1, 0, 0
172003, 2062463, 1, 0, 0
173000, 2086015, 1, 0, 0
174002, 2046068, 1, 0, 0
175002, 2100258, 1, 0, 0
176000, 2067866, 1, 0, 0
177000, 2103647, 1, 0, 0
178002, 2101241, 1, 0, 0
179004, 2190438, 1, 0, 0
180005, 2123731, 1, 0, 0
180005, 20569875, 1, 0, 0
