1033, 2088, 0, 0, 0
2026, 2064, 0, 0, 0
3026, 2057, 0, 0, 0
4035, 2090, 0, 0, 0
5028, 2181, 0, 0, 0
6028, 2010, 0, 0, 0
7001, 2060, 0, 0, 0
8027, 2039, 0, 0, 0
9038, 2129, 0, 0, 0
10031, 2090, 0, 0, 0
11025, 2133, 0, 0, 0
12000, 2081, 0, 0, 0
13022, 2218, 0, 0, 0
14027, 2077, 0, 0, 0
15037, 1958, 0, 0, 0
16029, 2172, 0, 0, 0
17024, 2067, 0, 0, 0
18033, 2125, 0, 0, 0
19027, 1982, 0, 0, 0
20031, 1988, 0, 0, 0
21030, 2026, 0, 0, 0
22024, 2050, 0, 0, 0
23001, 2048, 0, 0, 0
24024, 2135, 0, 0, 0
25025, 2051, 0, 0, 0
26035, 2045, 0, 0, 0
27029, 2029, 0, 0, 0
28025, 1970, 0, 0, 0
29037, 2059, 0, 0, 0
30030, 2035, 0, 0, 0
31026, 2124, 0, 0, 0
32035, 2121, 0, 0, 0
33031, 2139, 0, 0, 0
34026, 2032, 0, 0, 0
35032, 2001, 0, 0, 0
36028, 2003, 0, 0, 0
37024, 2057, 0, 0, 0
38028, 2126, 0, 0, 0
39030, 2059, 0, 0, 0
40025, 2104, 0, 0, 0
41034, 2197, 0, 0, 0
42029, 2117, 0, 0, 0
43023, 2141, 0, 0, 0
44035, 2068, 0, 0, 0
45033, 2065, 0, 0, 0
46026, 2052, 0, 0, 0
47036, 2035, 0, 0, 0
48031, 2004, 0, 0, 0
49023, 2006, 0, 0, 0
50031, 1986, 0, 0, 0
51027, 1963, 0, 0, 0
52027, 2004, 0, 0, 0
53032, 2004, 0, 0, 0
54028, 1927, 0, 0, 0
55023, 1996, 0, 0, 0
56034, 2070, 0, 0, 0
57029, 2010, 0, 0, 0
58023, 2047, 0, 0, 0
59033, 1984, 0, 0, 0
60030, 2028, 0, 0, 0
61025, 2075, 0, 0, 0
62026, 2063, 0, 0, 0
63011, 2079, 0, 0, 0
64025, 1942, 0, 0, 0
65033, 2074, 0, 0, 0
66026, 2126, 0, 0, 0
67028, 2129, 0, 0, 0
68022, 2100, 0, 0, 0
69036, 2103, 0, 0, 0
70033, 2018, 0, 0, 0
71028, 2046, 0, 0, 0
72025, 1978, 0, 0, 0
73034, 2115, 0, 0, 0
74033, 2076, 0, 0, 0
75025, 1999, 0, 0, 0
76024, 1994, 0, 0, 0
77022, 2053, 0, 0, 0
78027, 2095, 0, 0, 0
79022, 2124, 0, 0, 0
80025, 2100, 0, 0, 0
81000, 2109, 0, 0, 0
82030, 2010, 0, 0, 0
83024, 1903, 0, 0, 0
84033, 2023, 0, 0, 0
85028, 2209, 0, 0, 0
86037, 2061, 0, 0, 0
87033, 1980, 0, 0, 0
88027, 2009, 0, 0, 0
89023, 1993, 0, 0, 0
90034, 2033, 0, 0, 0
91027, 1989, 0, 0, 0
92038, 1995, 0, 0, 0
93031, 1997, 0, 0, 0
94025, 1954, 0, 0, 0
95030, 2052, 0, 0, 0
96028, 1927, 0, 0, 0
97023, 2051, 0, 0, 0
98022, 1953, 0, 0, 0
99026, 2014, 0, 0, 0
100023, 2006, 0, 0, 0
101032, 1995, 0, 0, 0
102028, 1985, 0, 0, 0
103023, 1989, 0, 0, 0
104028, 2088, 0, 0, 0
105029, 2069, 0, 0, 0
106025, 2076, 0, 0, 0
107026, 1916, 0, 0, 0
108027, 2126, 0, 0, 0
109036, 2019, 0, 0, 0
110025, 2001, 0, 0, 0
111037, 1913, 0, 0, 0
112031, 1990, 0, 0, 0
113025, 2047, 0, 0, 0
114036, 2032, 0, 0, 0
115033, 2174, 0, 0, 0
116029, 1894, 0, 0, 0
117024, 2065, 0, 0, 0
118026, 2087, 0, 0, 0
119032, 1947, 0, 0, 0
120023, 2037, 0, 0, 0
121030, 2014, 0, 0, 0
122024, 1991, 0, 0, 0
123033, 1942, 0, 0, 0
124002, 2073, 0, 0, 0
125036, 2019, 0, 0, 0
126032, 2050, 0, 0, 0
127025, 2048, 0, 0, 0
128031, 2131, 0, 0, 0
129026, 1928, 0, 0, 0
130026, 2009, 0, 0, 0
131027, 1952, 0, 0, 0
132023, 2016, 0, 0, 0
133028, 1896, 0, 0, 0
134024, 1944, 0, 0, 0
135035, 2139, 0, 0, 0
136029, 2048, 0, 0, 0
137024, 2014, 0, 0, 0
138037, 1973, 0, 0, 0
139028, 2026, 0, 0, 0
140036, 1951, 0, 0, 0
141034, 1970, 0, 0, 0
142027, 2000, 0, 0, 0
143037, 1998, 0, 0, 0
144033, 2047, 0, 0, 0
145028, 2130, 0, 0, 0
146039, 1918, 0, 0, 0
147034, 2099, 0, 0, 0
148029, 2067, 0, 0, 0
149023, 1991, 0, 0, 0
150035, 2099, 0, 0, 0
151030, 1933, 0, 0, 0
152027, 1961, 0, 0, 0
153034, 2017, 0, 0, 0
154030, 1973, 0, 0, 0
155037, 1980, 0, 0, 0
156029, 1910, 0, 0, 0
157023, 1967, 0, 0, 0
158033, 1981, 0, 0, 0
159026, 1988, 0, 0, 0
160027, 1890, 0, 0, 0
161024, 1959, 0, 0, 0
162026, 1920, 0, 0, 0
163037, 1998, 0, 0, 0
164031, 2042, 0, 0, 0
165028, 1988, 0, 0, 0
166021, 2022, 0, 0, 0
167035, 1948, 0, 0, 0
168029, 1946, 0, 0, 0
169023, 1974, 0, 0, 0
170033, 1991, 0, 0, 0
171023, 2076, 0, 0, 0
172027, 1977, 0, 0, 0
173024, 1989, 0, 0, 0
174024, 1959, 0, 0, 0
175028, 2220, 0, 0, 0
176023, 2146, 0, 0, 0
177035, 2035, 0, 0, 0
178025, 2072, 0, 0, 0
179023, 2054, 0, 0, 0
180039, 2073, 0, 0, 0
