1002, 1912591, 1, 0, 0
2007, 2060488, 1, 0, 0
3003, 2122529, 1, 0, 0
4012, 2086303, 1, 0, 0
5007, 2137411, 1, 0, 0
6001, 2173526, 1, 0, 0
7005, 2148229, 1, 0, 0
8006, 2121747, 1, 0, 0
9004, 2048490, 1, 0, 0
10000, 2081792, 1, 0, 0
11004, 2013437, 1, 0, 0
12007, 2076212, 1, 0, 0
13002, 2042008, 1, 0, 0
14003, 2104280, 1, 0, 0
15005, 2140468, 1, 0, 0
16001, 2051812, 1, 0, 0
17008, 2118244, 1, 0, 0
18003, 2039163, 1, 0, 0
19000, 1988853, 1, 0, 0
20004, 2061390, 1, 0, 0
21002, 2032256, 1, 0, 0
22014, 2079849, 1, 0, 0
23007, 2099902, 1, 0, 0
24002, 1984628, 1, 0, 0
25003, 2077412, 1, 0, 0
26006, 2051565, 1, 0, 0
27007, 2075541, 1, 0, 0
28001, 2043442, 1, 0, 0
29006, 2131878, 1, 0, 0
30002, 2124221, 1, 0, 0
31012, 2087760, 1, 0, 0
32005, 2086708, 1, 0, 0
33001, 2085406, 1, 0, 0
34010, 2121318, 1, 0, 0
35005, 2110286, 1, 0, 0
36000, 2149872, 1, 0, 0
37000, 2150259, 1, 0, 0
38005, 2006349, 1, 0, 0
39003, 2016367, 1, 0, 0
40000, 2040457, 1, 0, 0
41011, 2078894, 1, 0, 0
42005, 2049475, 1, 0, 0
43001, 2104141, 1, 0, 0
44011, 2232560, 1, 0, 0
45005, 2094702, 1, 0, 0
46000, 2146853, 1, 0, 0
47008, 2105300, 1, 0, 0
48003, 2054656, 1, 0, 0
49003, 2118316, 1, 0, 0
50010, 2113142, 1, 0, 0
51007, 2104230, 1, 0, 0
52014, 2079429, 1, 0, 0
53010, 2038659, 1, 0, 0
54003, 2041176, 1, 0, 0
55016, 2031526, 1, 0, 0
56009, 2106017, 1, 0, 0
57000, 2132135, 1, 0, 0
58008, 2031588, 1, 0, 0
59006, 2102047, 1, 0, 0
60003, 2057347, 1, 0, 0
61006, 2104112, 1, 0, 0
62004, 2092109, 1, 0, 0
63000, 2055550, 1, 0, 0
64009, 2082861, 1, 0, 0
65002, 1996235, 1, 0, 0
66014, 2041967, 1, 0, 0
67012, 2089570, 1, 0, 0
68006, 2068384, 1, 0, 0
69001, 2104058, 1, 0, 0
70006, 2067714, 1, 0, 0
71026, 2168166, 1, 0, 0
72000, 1994139, 1, 0, 0
73005, 2094195, 1, 0, 0
74004, 2052736, 1, 0, 0
75000, 2093721, 1, 0, 0
76006, 2110515, 1, 0, 0
77001, 2124527, 1, 0, 0
78012, 2114261, 1, 0, 0
79005, 2043949, 1, 0, 0
80000, 2114315, 1, 0, 0
81001, 2116918, 1, 0, 0
82002, 2114569, 1, 0, 0
83004, 2118890, 1, 0, 0
84004, 2050312, 1, 0, 0
85014, 2099924, 1, 0, 0
86003, 2119099, 1, 0, 0
87003, 2072835, 1, 0, 0
88012, 2017579, 1, 0, 0
89000, 2085471, 1, 0, 0
90002, 2049436, 1, 0, 0
91010, 2069197, 1, 0, 0
92004, 2052504, 1, 0, 0
93014, 2047614, 1, 0, 0
94010, 2115317, 1, 0, 0
95003, 2085823, 1, 0, 0
96002, 2075206, 1, 0, 0
97013, 2046088, 1, 0, 0
98009, 2058349, 1, 0, 0
99002, 2037833, 1, 0, 0
100005, 2019941, 1, 0, 0
101007, 2064858, 1, 0, 0
102000, 2086157, 1, 0, 0
103003, 2030641, 1, 0, 0
104002, 2083241, 1, 0, 0
105008, 2104308, 1, 0, 0
106001, 2146019, 1, 0, 0
107002, 2141343, 1, 0, 0
108012, 2072896, 1, 0, 0
109006, 2109816, 1, 0, 0
110002, 2113845, 1, 0, 0
111014, 2067234, 1, 0, 0
112010, 2100312, 1, 0, 0
113006, 2044093, 1, 0, 0
114000, 2122670, 1, 0, 0
115000, 2102979, 1, 0, 0
116003, 2129433, 1, 0, 0
117006, 2049930, 1, 0, 0
118008, 2188805, 1, 0, 0
119000, 2068257, 1, 0, 0
120010, 2045342, 1, 0, 0
121004, 2032323, 1, 0, 0
122000, 2107330, 1, 0, 0
123012, 2117288, 1, 0, 0
124006, 2068204, 1, 0, 0
125003, 2030674, 1, 0, 0
126003, 2110342, 1, 0, 0
127005, 2131419, 1, 0, 0
128003, 2020422, 1, 0, 0
129014, 2061372, 1, 0, 0
130004, 2056944, 1, 0, 0
131004, 2077167, 1, 0, 0
132001, 2087610, 1, 0, 0
133003, 2072709, 1, 0, 0
134001, 2056717, 1, 0, 0
135000, 2104666, 1, 0, 0
136007, 2104180, 1, 0, 0
137000, 2118386, 1, 0, 0
138004, 2144629, 1, 0, 0
139003, 2111809, 1, 0, 0
140001, 2089769, 1, 0, 0
141006, 2143371, 1, 0, 0
142000, 2004581, 1, 0, 0
143010, 2144194, 1, 0, 0
144003, 2048320, 1, 0, 0
145006, 2144756, 1, 0, 0
146005, 2053043, 1, 0, 0
147001, 2119708, 1, 0, 0
148006, 2098878, 1, 0, 0
149015, 2066445, 1, 0, 0
150001, 2077139, 1, 0, 0
151005, 2133193, 1, 0, 0
152000, 2054660, 1, 0, 0
153014, 2087890, 1, 0, 0
154007, 2136520, 1, 0, 0
155004, 2052548, 1, 0, 0
156000, 2144476, 1, 0, 0
157010, 2135434, 1, 0, 0
158005, 2021963, 1, 0, 0
159001, 2070660, 1, 0, 0
160010, 2112224, 1, 0, 0
161005, 2040673, 1, 0, 0
162000, 2098565, 1, 0, 0
163000, 2193846, 1, 0, 0
164003, 2095334, 1, 0, 0
165011, 2091923, 1, 0, 0
166004, 2163299, 1, 0, 0
167014, 2095546, 1, 0, 0
168010, 2093165, 1, 0, 0
169003, 2044206, 1, 0, 0
170015, 2074825, 1, 0, 0
171002, 2121058, 1, 0, 0
172003, 2169447, 1, 0, 0
173000, 2094556, 1, 0, 0
174003, 2138190, 1, 0, 0
175002, 2038915, 1, 0, 0
176000, 2044403, 1, 0, 0
177001, 2031021, 1, 0, 0
178000, 2101380, 1, 0, 0
179005, 2044950, 1, 0, 0
180006, 2084791, 1, 0, 0
180006, 21541279, 1, 0, 0
