1007, 14838841, 0, 0, 0
2008, 16586086, 0, 0, 0
3008, 16820687, 0, 0, 0
4019, 16573012, 0, 0, 0
5012, 16905849, 0, 0, 0
6021, 16650287, 0, 0, 0
7018, 16921615, 0, 0, 0
8013, 16603120, 0, 0, 0
9008, 16606644, 0, 0, 0
10018, 16752953, 0, 0, 0
11014, 16717963, 0, 0, 0
12005, 16711310, 0, 0, 0
13007, 16556902, 0, 0, 0
14019, 16673319, 0, 0, 0
15012, 16968495, 0, 0, 0
16019, 16578262, 0, 0, 0
17012, 16832746, 0, 0, 0
18009, 16800023, 0, 0, 0
19013, 16854613, 0, 0, 0
20009, 16462789, 0, 0, 0
21007, 16732401, 0, 0, 0
22015, 16872384, 0, 0, 0
23009, 16620886, 0, 0, 0
24020, 16783641, 0, 0, 0
25009, 16838320, 0, 0, 0
26008, 16798666, 0, 0, 0
27018, 16506968, 0, 0, 0
28014, 16865037, 0, 0, 0
29008, 16710744, 0, 0, 0
30018, 16861157, 0, 0, 0
31011, 16566268, 0, 0, 0
32005, 16713058, 0, 0, 0
33014, 16853210, 0, 0, 0
34009, 16503185, 0, 0, 0
35019, 16752500, 0, 0, 0
36014, 17000561, 0, 0, 0
37005, 16560168, 0, 0, 0
38020, 16696141, 0, 0, 0
39014, 16962374, 0, 0, 0
40010, 16652619, 0, 0, 0
41012, 16620561, 0, 0, 0
42008, 16869549, 0, 0, 0
43008, 16667645, 0, 0, 0
44021, 16650603, 0, 0, 0
45014, 16880310, 0, 0, 0
46007, 16600660, 0, 0, 0
47009, 16790358, 0, 0, 0
48012, 16860841, 0, 0, 0
49007, 16631216, 0, 0, 0
50015, 16536258, 0, 0, 0
51011, 16794926, 0, 0, 0
52020, 16733588, 0, 0, 0
53015, 16837721, 0, 0, 0
54010, 16786802, 0, 0, 0
55007, 16679133, 0, 0, 0
56012, 16918310, 0, 0, 0
57007, 16624536, 0, 0, 0
58016, 17056543, 0, 0, 0
59010, 16699444, 0, 0, 0
60019, 16612083, 0, 0, 0
61013, 16857055, 0, 0, 0
62007, 16605768, 0, 0, 0
63018, 16961736, 0, 0, 0
64013, 16740525, 0, 0, 0
65008, 16643080, 0, 0, 0
66019, 16570005, 0, 0, 0
67012, 16874906, 0, 0, 0
68009, 16614721, 0, 0, 0
69009, 16683397, 0, 0, 0
70013, 16895204, 0, 0, 0
71010, 16558249, 0, 0, 0
72020, 16657800, 0, 0, 0
73015, 16949966, 0, 0, 0
74010, 16704553, 0, 0, 0
75021, 16734604, 0, 0, 0
76008, 16973647, 0, 0, 0
77008, 16675016, 0, 0, 0
78007, 16652768, 0, 0, 0
79014, 16926676, 0, 0, 0
80007, 16490279, 0, 0, 0
81006, 16719460, 0, 0, 0
82017, 16940993, 0, 0, 0
83013, 16553397, 0, 0, 0
84008, 16667049, 0, 0, 0
85019, 16642398, 0, 0, 0
86010, 16788001, 0, 0, 0
87017, 16629449, 0, 0, 0
88010, 16824264, 0, 0, 0
89019, 16603312, 0, 0, 0
90014, 16877668, 0, 0, 0
91009, 16699311, 0, 0, 0
92005, 16690835, 0, 0, 0
93015, 16771783, 0, 0, 0
94009, 16840496, 0, 0, 0
95020, 16661211, 0, 0, 0
96016, 17006953, 0, 0, 0
97005, 16537166, 0, 0, 0
98008, 16665118, 0, 0, 0
99014, 16939604, 0, 0, 0
100009, 16571799, 0, 0, 0
101010, 16693266, 0, 0, 0
102016, 16898676, 0, 0, 0
103008, 16625990, 0, 0, 0
104019, 16726152, 0, 0, 0
105014, 16949331, 0, 0, 0
106010, 16537068, 0, 0, 0
107007, 16836605, 0, 0, 0
108017, 17031977, 0, 0, 0
109012, 16559883, 0, 0, 0
110006, 16631572, 0, 0, 0
111007, 16625205, 0, 0, 0
112009, 16880988, 0, 0, 0
113012, 16649166, 0, 0, 0
114010, 16619646, 0, 0, 0
115013, 16691081, 0, 0, 0
116011, 16893771, 0, 0, 0
117019, 16589892, 0, 0, 0
118014, 17059195, 0, 0, 0
119010, 16617462, 0, 0, 0
120020, 16718315, 0, 0, 0
121008, 16245921, 0, 0, 0
122010, 17025065, 0, 0, 0
123006, 16560595, 0, 0, 0
124015, 16857425, 0, 0, 0
125011, 16493614, 0, 0, 0
126005, 16646116, 0, 0, 0
127016, 17602388, 0, 0, 0
128012, 16437209, 0, 0, 0
129007, 16745524, 0, 0, 0
130015, 16727166, 0, 0, 0
131008, 16485500, 0, 0, 0
132016, 16933583, 0, 0, 0
133010, 16611041, 0, 0, 0
134005, 16628722, 0, 0, 0
135014, 16726169, 0, 0, 0
136009, 16704577, 0, 0, 0
137005, 16528632, 0, 0, 0
138009, 16700717, 0, 0, 0
139008, 16776646, 0, 0, 0
140007, 16646792, 0, 0, 0
141012, 16805314, 0, 0, 0
142006, 16671944, 0, 0, 0
143009, 16918382, 0, 0, 0
144010, 16669627, 0, 0, 0
145019, 16525841, 0, 0, 0
146012, 17026084, 0, 0, 0
147006, 16701647, 0, 0, 0
148017, 16848628, 0, 0, 0
149013, 16610202, 0, 0, 0
150010, 16797478, 0, 0, 0
151006, 16662324, 0, 0, 0
152018, 17030422, 0, 0, 0
153010, 16722638, 0, 0, 0
154006, 16585264, 0, 0, 0
155016, 17014478, 0, 0, 0
156013, 16699172, 0, 0, 0
157006, 16596693, 0, 0, 0
158013, 16829548, 0, 0, 0
159011, 16527887, 0, 0, 0
160019, 16858523, 0, 0, 0
161006, 16630658, 0, 0, 0
162007, 16885876, 0, 0, 0
163017, 16784552, 0, 0, 0
164009, 16717569, 0, 0, 0
165012, 16696396, 0, 0, 0
166005, 16722538, 0, 0, 0
167015, 17003716, 0, 0, 0
168010, 16731402, 0, 0, 0
169021, 16609569, 0, 0, 0
170014, 16817098, 0, 0, 0
171006, 16777790, 0, 0, 0
172013, 16975696, 0, 0, 0
173006, 16513346, 0, 0, 0
174016, 16604738, 0, 0, 0
175013, 16959464, 0, 0, 0
176008, 16623194, 0, 0, 0
177013, 16615352, 0, 0, 0
178013, 16897968, 0, 0, 0
179007, 16596333, 0, 0, 0
180020, 16684344, 0, 0, 0
180025, 59924641, 0, 0, 0
