1000, 3751000, 1, 0, 0
2000, 4100567, 1, 0, 0
3001, 4290786, 1, 0, 0
4000, 4402572, 1, 0, 0
5000, 4105774, 1, 0, 0
6000, 4114355, 1, 0, 0
7000, 4160447, 1, 0, 0
8003, 4071625, 1, 0, 0
9000, 4310299, 1, 0, 0
10008, 4120329, 1, 0, 0
11000, 4207200, 1, 0, 0
12000, 4373766, 1, 0, 0
13004, 4271513, 1, 0, 0
14000, 4089923, 1, 0, 0
15000, 4139248, 1, 0, 0
16004, 4200709, 1, 0, 0
17000, 4244537, 1, 0, 0
18008, 4188204, 1, 0, 0
19002, 4274444, 1, 0, 0
20000, 4039756, 1, 0, 0
21008, 4131589, 1, 0, 0
22002, 4260660, 1, 0, 0
23000, 4350972, 1, 0, 0
24000, 4054168, 1, 0, 0
25004, 4143597, 1, 0, 0
26000, 4287032, 1, 0, 0
27000, 4064525, 1, 0, 0
28007, 4090161, 1, 0, 0
29004, 4202185, 1, 0, 0
30000, 4024466, 1, 0, 0
31008, 4102843, 1, 0, 0
32001, 4300188, 1, 0, 0
33000, 4281468, 1, 0, 0
34006, 4033678, 1, 0, 0
35001, 4253386, 1, 0, 0
36008, 4154901, 1, 0, 0
37002, 4108514, 1, 0, 0
38000, 4203599, 1, 0, 0
39003, 4108513, 1, 0, 0
40003, 4142497, 1, 0, 0
41000, 4168369, 1, 0, 0
42008, 4179859, 1, 0, 0
43004, 4207447, 1, 0, 0
44000, 4216355, 1, 0, 0
45000, 4138199, 1, 0, 0
46000, 4220470, 1, 0, 0
47000, 4123700, 1, 0, 0
48000, 4111940, 1, 0, 0
49002, 4275823, 1, 0, 0
50000, 4109803, 1, 0, 0
51006, 4145943, 1, 0, 0
52000, 4279957, 1, 0, 0
53000, 4211619, 1, 0, 0
54000, 4388330, 1, 0, 0
55000, 4231003, 1, 0, 0
56000, 4204002, 1, 0, 0
57000, 4158262, 1, 0, 0
58002, 4245335, 1, 0, 0
59000, 4278531, 1, 0, 0
60006, 3978999, 1, 0, 0
61000, 4105838, 1, 0, 0
62000, 4247036, 1, 0, 0
63006, 4219270, 1, 0, 0
64000, 4160920, 1, 0, 0
65000, 4202777, 1, 0, 0
66002, 4190500, 1, 0, 0
67000, 4277454, 1, 0, 0
68008, 4165131, 1, 0, 0
69001, 4328360, 1, 0, 0
70000, 4079415, 1, 0, 0
71000, 4140209, 1, 0, 0
72000, 4234261, 1, 0, 0
73002, 4111836, 1, 0, 0
74000, 4194807, 1, 0, 0
75000, 4069252, 1, 0, 0
76000, 4187441, 1, 0, 0
77000, 4281193, 1, 0, 0
78001, 4108397, 1, 0, 0
79000, 4286722, 1, 0, 0
80000, 4204813, 1, 0, 0
81002, 4102333, 1, 0, 0
82000, 4209889, 1, 0, 0
83001, 4174860, 1, 0, 0
84000, 4177428, 1, 0, 0
85000, 4077089, 1, 0, 0
86001, 4184326, 1, 0, 0
87000, 4284569, 1, 0, 0
88006, 4243382, 1, 0, 0
89001, 4182504, 1, 0, 0
90000, 4177438, 1, 0, 0
91005, 4140417, 1, 0, 0
92000, 4204772, 1, 0, 0
93000, 4177787, 1, 0, 0
94000, 4172497, 1, 0, 0
95001, 4199912, 1, 0, 0
96007, 4108190, 1, 0, 0
97001, 4237699, 1, 0, 0
98008, 4146174, 1, 0, 0
99002, 4225962, 1, 0, 0
100000, 4274839, 1, 0, 0
101000, 4203213, 1, 0, 0
102000, 4110236, 1, 0, 0
103000, 4192997, 1, 0, 0
104000, 4222885, 1, 0, 0
105000, 4149782, 1, 0, 0
106000, 4177937, 1, 0, 0
107004, 4205936, 1, 0, 0
108000, 4210876, 1, 0, 0
109008, 4144123, 1, 0, 0
110002, 4180694, 1, 0, 0
111001, 4220191, 1, 0, 0
112000, 4233862, 1, 0, 0
113000, 4155875, 1, 0, 0
114002, 4131906, 1, 0, 0
115000, 4080463, 1, 0, 0
116006, 4112319, 1, 0, 0
117000, 4251668, 1, 0, 0
118000, 4323803, 1, 0, 0
119005, 4207128, 1, 0, 0
120000, 4136994, 1, 0, 0
121000, 4078605, 1, 0, 0
122003, 4275268, 1, 0, 0
123000, 4239038, 1, 0, 0
124000, 4098657, 1, 0, 0
125000, 4113224, 1, 0, 0
126000, 4203073, 1, 0, 0
127000, 4158995, 1, 0, 0
128003, 4194588, 1, 0, 0
129000, 4075271, 1, 0, 0
130000, 4234516, 1, 0, 0
131003, 4147125, 1, 0, 0
132000, 4416902, 1, 0, 0
133000, 4115817, 1, 0, 0
134000, 4148362, 1, 0, 0
135000, 4200561, 1, 0, 0
136006, 4014234, 1, 0, 0
137003, 4259294, 1, 0, 0
138000, 4220260, 1, 0, 0
139000, 4106042, 1, 0, 0
140005, 3968297, 1, 0, 0
141001, 4198813, 1, 0, 0
142000, 4244368, 1, 0, 0
143005, 4138277, 1, 0, 0
144000, 4125394, 1, 0, 0
145000, 4180212, 1, 0, 0
146000, 4270195, 1, 0, 0
147000, 4051252, 1, 0, 0
148000, 4136117, 1, 0, 0
149001, 4122385, 1, 0, 0
150000, 4310668, 1, 0, 0
151007, 4280529, 1, 0, 0
152000, 4312796, 1, 0, 0
153001, 4145992, 1, 0, 0
154008, 4309311, 1, 0, 0
155000, 4243104, 1, 0, 0
156000, 4220111, 1, 0, 0
157000, 4310486, 1, 0, 0
158001, 4048405, 1, 0, 0
159000, 4017816, 1, 0, 0
160000, 4179708, 1, 0, 0
161000, 4236441, 1, 0, 0
162000, 4321961, 1, 0, 0
163007, 4274769, 1, 0, 0
164000, 4193380, 1, 0, 0
165000, 4225421, 1, 0, 0
166000, 4197202, 1, 0, 0
167000, 4320802, 1, 0, 0
168000, 4129212, 1, 0, 0
169000, 4119923, 1, 0, 0
170000, 4249009, 1, 0, 0
171006, 4224703, 1, 0, 0
172000, 4096803, 1, 0, 0
173000, 4274324, 1, 0, 0
174000, 4239172, 1, 0, 0
175003, 4217990, 1, 0, 0
176000, 4352235, 1, 0, 0
177008, 4169599, 1, 0, 0
178003, 4382669, 1, 0, 0
179000, 4266498, 1, 0, 0
180000, 4182775, 1, 0, 0
180002, 2883285, 1, 0, 0
