1039, 3636099, 1, 0, 0
2025, 4306528, 1, 0, 0
3000, 4205832, 1, 0, 0
4039, 4099973, 1, 0, 0
5036, 4228768, 1, 0, 0
6000, 4152419, 1, 0, 0
7000, 4222999, 1, 0, 0
8000, 4155774, 1, 0, 0
9000, 4201013, 1, 0, 0
10000, 4153026, 1, 0, 0
11000, 4192369, 1, 0, 0
12037, 4190065, 1, 0, 0
13000, 4149991, 1, 0, 0
14000, 4151624, 1, 0, 0
15000, 4217444, 1, 0, 0
16000, 4124815, 1, 0, 0
17000, 4217736, 1, 0, 0
18000, 4119739, 1, 0, 0
19000, 4149421, 1, 0, 0
20000, 4163358, 1, 0, 0
21000, 4172273, 1, 0, 0
22000, 4213252, 1, 0, 0
23000, 4259844, 1, 0, 0
24000, 4116043, 1, 0, 0
25028, 4147504, 1, 0, 0
26000, 4187657, 1, 0, 0
27000, 4172961, 1, 0, 0
28036, 4102167, 1, 0, 0
29000, 4226194, 1, 0, 0
30000, 4137583, 1, 0, 0
31024, 4150211, 1, 0, 0
32000, 4152632, 1, 0, 0
33000, 4210064, 1, 0, 0
34002, 4244981, 1, 0, 0
35000, 4117216, 1, 0, 0
36000, 4243523, 1, 0, 0
37037, 4151259, 1, 0, 0
38000, 4270108, 1, 0, 0
39000, 4117265, 1, 0, 0
40000, 4154164, 1, 0, 0
41000, 4200979, 1, 0, 0
42024, 4139379, 1, 0, 0
43000, 4327669, 1, 0, 0
44000, 4607799, 1, 0, 0
45000, 3971264, 1, 0, 0
46000, 4170608, 1, 0, 0
47026, 4147444, 1, 0, 0
48000, 4192516, 1, 0, 0
49025, 4174320, 1, 0, 0
50000, 4168653, 1, 0, 0
51001, 4230498, 1, 0, 0
52000, 4286637, 1, 0, 0
53000, 4170492, 1, 0, 0
54038, 4224696, 1, 0, 0
55000, 4262396, 1, 0, 0
56000, 4114198, 1, 0, 0
57037, 4236651, 1, 0, 0
58000, 4157385, 1, 0, 0
59025, 4059104, 1, 0, 0
60000, 4220798, 1, 0, 0
61000, 4111356, 1, 0, 0
62000, 4232757, 1, 0, 0
63000, 4123826, 1, 0, 0
64029, 4174573, 1, 0, 0
65000, 4190814, 1, 0, 0
66000, 4248938, 1, 0, 0
67029, 4166028, 1, 0, 0
68000, 4117035, 1, 0, 0
69000, 4146262, 1, 0, 0
70000, 4275395, 1, 0, 0
71000, 4262737, 1, 0, 0
72000, 4228143, 1, 0, 0
73002, 4568843, 1, 0, 0
74000, 3928215, 1, 0, 0
75000, 4265505, 1, 0, 0
76005, 4134250, 1, 0, 0
77000, 4188631, 1, 0, 0
78000, 4172769, 1, 0, 0
79000, 4157432, 1, 0, 0
80031, 4110967, 1, 0, 0
81000, 4257738, 1, 0, 0
82026, 4150969, 1, 0, 0
83000, 4218306, 1, 0, 0
84000, 4188967, 1, 0, 0
85026, 4060372, 1, 0, 0
86027, 4185665, 1, 0, 0
87033, 4207784, 1, 0, 0
88000, 4217262, 1, 0, 0
89000, 4087580, 1, 0, 0
90000, 4118157, 1, 0, 0
91000, 4267914, 1, 0, 0
92026, 4241504, 1, 0, 0
93023, 4226653, 1, 0, 0
94000, 4357230, 1, 0, 0
95000, 4034168, 1, 0, 0
96000, 4185209, 1, 0, 0
97000, 4025549, 1, 0, 0
98001, 4186493, 1, 0, 0
99000, 4286654, 1, 0, 0
100000, 4115775, 1, 0, 0
101000, 4136703, 1, 0, 0
102000, 4236418, 1, 0, 0
103000, 4122227, 1, 0, 0
104000, 4216832, 1, 0, 0
105000, 4115567, 1, 0, 0
106000, 4100034, 1, 0, 0
107000, 4206843, 1, 0, 0
108000, 4150035, 1, 0, 0
109000, 4134804, 1, 0, 0
110000, 4234730, 1, 0, 0
111000, 4150385, 1, 0, 0
112026, 4226481, 1, 0, 0
113000, 4341452, 1, 0, 0
114000, 4188225, 1, 0, 0
115000, 4104195, 1, 0, 0
116000, 4121758, 1, 0, 0
117000, 4243651, 1, 0, 0
118024, 4160156, 1, 0, 0
119000, 4338980, 1, 0, 0
120000, 4067794, 1, 0, 0
121037, 4161740, 1, 0, 0
122000, 4315220, 1, 0, 0
123000, 4146059, 1, 0, 0
124036, 4271027, 1, 0, 0
125030, 4134507, 1, 0, 0
126031, 4180158, 1, 0, 0
127000, 4180565, 1, 0, 0
128000, 4085761, 1, 0, 0
129025, 4160222, 1, 0, 0
130036, 4181511, 1, 0, 0
131000, 4271412, 1, 0, 0
132000, 4195302, 1, 0, 0
133026, 4093893, 1, 0, 0
134000, 4204214, 1, 0, 0
135024, 4075526, 1, 0, 0
136000, 4163884, 1, 0, 0
137000, 4094051, 1, 0, 0
138000, 4264281, 1, 0, 0
139029, 4126003, 1, 0, 0
140000, 4254667, 1, 0, 0
141000, 4250093, 1, 0, 0
142027, 4116663, 1, 0, 0
143024, 4199674, 1, 0, 0
144000, 4182877, 1, 0, 0
145000, 4144858, 1, 0, 0
146000, 4120960, 1, 0, 0
147004, 4197658, 1, 0, 0
148000, 4245057, 1, 0, 0
149000, 4143687, 1, 0, 0
150000, 4223235, 1, 0, 0
151000, 4074053, 1, 0, 0
152026, 4168399, 1, 0, 0
153029, 4214365, 1, 0, 0
154000, 4194932, 1, 0, 0
155024, 4314928, 1, 0, 0
156000, 4322761, 1, 0, 0
157000, 4114162, 1, 0, 0
158000, 4292344, 1, 0, 0
159000, 4252371, 1, 0, 0
160025, 4243863, 1, 0, 0
161000, 4220743, 1, 0, 0
162025, 4209023, 1, 0, 0
163024, 4238329, 1, 0, 0
164000, 4158376, 1, 0, 0
165039, 4155575, 1, 0, 0
166000, 4347077, 1, 0, 0
167000, 4164408, 1, 0, 0
168038, 4141287, 1, 0, 0
169000, 4239934, 1, 0, 0
170000, 4117060, 1, 0, 0
171037, 4185107, 1, 0, 0
172000, 4185138, 1, 0, 0
173000, 4209690, 1, 0, 0
174000, 4174558, 1, 0, 0
175000, 4183712, 1, 0, 0
176000, 4245061, 1, 0, 0
177000, 4219586, 1, 0, 0
178000, 4221525, 1, 0, 0
179000, 4173490, 1, 0, 0
180000, 4230710, 1, 0, 0
180002, 3552194, 1, 0, 0
