1000, 538, 0, 0, 0
2000, 488, 0, 0, 0
3000, 476, 0, 0, 0
4000, 479, 0, 0, 0
5001, 470, 0, 0, 0
6001, 482, 0, 0, 0
7001, 484, 0, 0, 0
8001, 472, 0, 0, 0
9001, 484, 0, 0, 0
10001, 463, 0, 0, 0
11001, 483, 0, 0, 0
12001, 483, 0, 0, 0
13002, 481, 0, 0, 0
14001, 477, 0, 0, 0
15001, 479, 0, 0, 0
16001, 472, 0, 0, 0
17001, 485, 0, 0, 0
18001, 476, 0, 0, 0
19001, 478, 0, 0, 0
20001, 481, 0, 0, 0
21001, 473, 0, 0, 0
22001, 487, 0, 0, 0
23002, 473, 0, 0, 0
24001, 481, 0, 0, 0
25001, 467, 0, 0, 0
26001, 489, 0, 0, 0
27001, 479, 0, 0, 0
28001, 468, 0, 0, 0
29001, 488, 0, 0, 0
30002, 479, 0, 0, 0
31002, 470, 0, 0, 0
32001, 486, 0, 0, 0
33001, 478, 0, 0, 0
34001, 477, 0, 0, 0
35001, 479, 0, 0, 0
36001, 468, 0, 0, 0
37002, 491, 0, 0, 0
38002, 478, 0, 0, 0
39001, 479, 0, 0, 0
40001, 476, 0, 0, 0
41001, 481, 0, 0, 0
42002, 482, 0, 0, 0
43001, 475, 0, 0, 0
44001, 470, 0, 0, 0
45002, 481, 0, 0, 0
46001, 480, 0, 0, 0
47002, 479, 0, 0, 0
48001, 478, 0, 0, 0
49001, 470, 0, 0, 0
50001, 487, 0, 0, 0
51001, 312, 0, 0, 0
52001, 468, 0, 0, 0
53001, 488, 0, 0, 0
54001, 479, 0, 0, 0
55001, 473, 0, 0, 0
56001, 484, 0, 0, 0
57001, 477, 0, 0, 0
58001, 474, 0, 0, 0
59001, 480, 0, 0, 0
60001, 477, 0, 0, 0
61001, 479, 0, 0, 0
62001, 478, 0, 0, 0
63002, 477, 0, 0, 0
64001, 474, 0, 0, 0
65002, 481, 0, 0, 0
66001, 464, 0, 0, 0
67001, 494, 0, 0, 0
68001, 479, 0, 0, 0
69001, 472, 0, 0, 0
70001, 486, 0, 0, 0
71001, 478, 0, 0, 0
72001, 470, 0, 0, 0
73001, 486, 0, 0, 0
74001, 482, 0, 0, 0
75002, 476, 0, 0, 0
76002, 472, 0, 0, 0
77001, 482, 0, 0, 0
78001, 480, 0, 0, 0
79002, 479, 0, 0, 0
80001, 474, 0, 0, 0
81001, 481, 0, 0, 0
82001, 473, 0, 0, 0
83001, 485, 0, 0, 0
84001, 460, 0, 0, 0
85001, 491, 0, 0, 0
86001, 478, 0, 0, 0
87001, 471, 0, 0, 0
88001, 484, 0, 0, 0
89001, 482, 0, 0, 0
90001, 471, 0, 0, 0
91001, 483, 0, 0, 0
92001, 475, 0, 0, 0
93001, 475, 0, 0, 0
94001, 481, 0, 0, 0
95001, 476, 0, 0, 0
96001, 476, 0, 0, 0
97001, 481, 0, 0, 0
98002, 478, 0, 0, 0
99001, 471, 0, 0, 0
100002, 483, 0, 0, 0
101001, 483, 0, 0, 0
102001, 473, 0, 0, 0
103001, 485, 0, 0, 0
104001, 475, 0, 0, 0
105002, 481, 0, 0, 0
106001, 477, 0, 0, 0
107001, 479, 0, 0, 0
108001, 469, 0, 0, 0
109001, 492, 0, 0, 0
110001, 478, 0, 0, 0
111001, 464, 0, 0, 0
112001, 490, 0, 0, 0
113001, 480, 0, 0, 0
114001, 476, 0, 0, 0
115001, 478, 0, 0, 0
116001, 482, 0, 0, 0
117001, 475, 0, 0, 0
118001, 479, 0, 0, 0
119001, 478, 0, 0, 0
120001, 477, 0, 0, 0
121001, 466, 0, 0, 0
122001, 486, 0, 0, 0
123002, 480, 0, 0, 0
124001, 463, 0, 0, 0
125001, 491, 0, 0, 0
126002, 482, 0, 0, 0
127001, 472, 0, 0, 0
128001, 479, 0, 0, 0
129001, 484, 0, 0, 0
130002, 479, 0, 0, 0
131001, 466, 0, 0, 0
132001, 491, 0, 0, 0
133001, 475, 0, 0, 0
134001, 481, 0, 0, 0
135001, 481, 0, 0, 0
136001, 461, 0, 0, 0
137001, 490, 0, 0, 0
138001, 483, 0, 0, 0
139001, 481, 0, 0, 0
140001, 471, 0, 0, 0
141001, 486, 0, 0, 0
142002, 477, 0, 0, 0
143002, 477, 0, 0, 0
144002, 480, 0, 0, 0
145002, 469, 0, 0, 0
146001, 485, 0, 0, 0
147001, 468, 0, 0, 0
148001, 487, 0, 0, 0
149001, 482, 0, 0, 0
150001, 468, 0, 0, 0
151001, 483, 0, 0, 0
152002, 475, 0, 0, 0
153001, 481, 0, 0, 0
154002, 477, 0, 0, 0
155002, 478, 0, 0, 0
156001, 467, 0, 0, 0
157002, 491, 0, 0, 0
158001, 476, 0, 0, 0
159001, 472, 0, 0, 0
160001, 484, 0, 0, 0
161001, 477, 0, 0, 0
162001, 477, 0, 0, 0
163001, 483, 0, 0, 0
164001, 465, 0, 0, 0
165001, 486, 0, 0, 0
166001, 478, 0, 0, 0
167001, 483, 0, 0, 0
168001, 478, 0, 0, 0
169001, 476, 0, 0, 0
170002, 469, 0, 0, 0
171001, 484, 0, 0, 0
172001, 478, 0, 0, 0
173001, 476, 0, 0, 0
174001, 486, 0, 0, 0
175001, 467, 0, 0, 0
176001, 491, 0, 0, 0
177001, 476, 0, 0, 0
178001, 480, 0, 0, 0
179001, 485, 0, 0, 0
180001, 477, 0, 0, 0
