1000, 493, 1, 0, 0
2000, 469, 1, 0, 0
3000, 489, 1, 0, 0
4000, 456, 1, 0, 0
5000, 454, 1, 0, 0
6000, 452, 1, 0, 0
7001, 469, 1, 0, 0
8001, 479, 1, 0, 0
9001, 477, 1, 0, 0
10001, 496, 1, 0, 0
11001, 477, 1, 0, 0
12001, 498, 1, 0, 0
13001, 470, 1, 0, 0
14001, 431, 1, 0, 0
15001, 461, 1, 0, 0
16001, 470, 1, 0, 0
17001, 470, 1, 0, 0
18001, 482, 1, 0, 0
19001, 481, 1, 0, 0
20001, 433, 1, 0, 0
21001, 453, 1, 0, 0
22001, 456, 1, 0, 0
23001, 441, 1, 0, 0
24001, 456, 1, 0, 0
25001, 438, 1, 0, 0
26001, 439, 1, 0, 0
27001, 425, 1, 0, 0
28001, 433, 1, 0, 0
29001, 473, 1, 0, 0
30001, 373, 1, 0, 0
31001, 497, 1, 0, 0
32001, 448, 1, 0, 0
33001, 474, 1, 0, 0
34001, 478, 1, 0, 0
35001, 484, 1, 0, 0
36001, 471, 1, 0, 0
37001, 482, 1, 0, 0
38001, 463, 1, 0, 0
39001, 487, 1, 0, 0
40001, 449, 1, 0, 0
41001, 449, 1, 0, 0
42001, 482, 1, 0, 0
43001, 454, 1, 0, 0
44001, 449, 1, 0, 0
45001, 469, 1, 0, 0
46001, 473, 1, 0, 0
47000, 487, 1, 0, 0
48001, 470, 1, 0, 0
49001, 477, 1, 0, 0
50001, 495, 1, 0, 0
51001, 470, 1, 0, 0
52001, 466, 1, 0, 0
53001, 475, 1, 0, 0
54001, 455, 1, 0, 0
55001, 491, 1, 0, 0
56001, 496, 1, 0, 0
57001, 460, 1, 0, 0
58001, 432, 1, 0, 0
59001, 444, 1, 0, 0
60001, 481, 1, 0, 0
61001, 452, 1, 0, 0
62001, 457, 1, 0, 0
63001, 502, 1, 0, 0
64001, 449, 1, 0, 0
65001, 438, 1, 0, 0
66001, 485, 1, 0, 0
67001, 489, 1, 0, 0
68001, 498, 1, 0, 0
69001, 487, 1, 0, 0
70001, 449, 1, 0, 0
71001, 459, 1, 0, 0
72001, 507, 1, 0, 0
73002, 492, 1, 0, 0
74001, 493, 1, 0, 0
75001, 500, 1, 0, 0
76001, 484, 1, 0, 0
77001, 485, 1, 0, 0
78001, 496, 1, 0, 0
79001, 487, 1, 0, 0
80001, 488, 1, 0, 0
81001, 500, 1, 0, 0
82001, 487, 1, 0, 0
83001, 491, 1, 0, 0
84001, 502, 1, 0, 0
85001, 515, 1, 0, 0
86001, 503, 1, 0, 0
87001, 531, 1, 0, 0
88001, 514, 1, 0, 0
89001, 512, 1, 0, 0
90000, 502, 1, 0, 0
91001, 489, 1, 0, 0
92001, 490, 1, 0, 0
93001, 486, 1, 0, 0
94001, 473, 1, 0, 0
95001, 474, 1, 0, 0
96001, 470, 1, 0, 0
97001, 435, 1, 0, 0
98001, 466, 1, 0, 0
99001, 484, 1, 0, 0
100001, 454, 1, 0, 0
101001, 468, 1, 0, 0
102001, 485, 1, 0, 0
103001, 494, 1, 0, 0
104001, 482, 1, 0, 0
105001, 484, 1, 0, 0
106001, 474, 1, 0, 0
107001, 461, 1, 0, 0
108001, 455, 1, 0, 0
109001, 438, 1, 0, 0
110001, 461, 1, 0, 0
111001, 440, 1, 0, 0
112001, 444, 1, 0, 0
113001, 444, 1, 0, 0
114001, 439, 1, 0, 0
115001, 464, 1, 0, 0
116001, 466, 1, 0, 0
117001, 441, 1, 0, 0
118001, 440, 1, 0, 0
119001, 450, 1, 0, 0
120001, 436, 1, 0, 0
121001, 477, 1, 0, 0
122001, 507, 1, 0, 0
123001, 490, 1, 0, 0
124001, 464, 1, 0, 0
125001, 488, 1, 0, 0
126002, 471, 1, 0, 0
127001, 486, 1, 0, 0
128001, 478, 1, 0, 0
129001, 477, 1, 0, 0
130001, 474, 1, 0, 0
131001, 487, 1, 0, 0
132001, 479, 1, 0, 0
133001, 483, 1, 0, 0
134001, 476, 1, 0, 0
135001, 493, 1, 0, 0
136001, 486, 1, 0, 0
137001, 494, 1, 0, 0
138001, 502, 1, 0, 0
139001, 493, 1, 0, 0
140001, 494, 1, 0, 0
141001, 495, 1, 0, 0
142001, 499, 1, 0, 0
143001, 470, 1, 0, 0
144001, 460, 1, 0, 0
145001, 482, 1, 0, 0
146001, 450, 1, 0, 0
147001, 481, 1, 0, 0
148001, 435, 1, 0, 0
149001, 447, 1, 0, 0
150001, 483, 1, 0, 0
151001, 456, 1, 0, 0
152001, 461, 1, 0, 0
153001, 461, 1, 0, 0
154001, 450, 1, 0, 0
155001, 447, 1, 0, 0
156001, 434, 1, 0, 0
157001, 533, 1, 0, 0
158001, 520, 1, 0, 0
159001, 522, 1, 0, 0
160001, 519, 1, 0, 0
161001, 518, 1, 0, 0
162001, 511, 1, 0, 0
163001, 508, 1, 0, 0
164002, 508, 1, 0, 0
165001, 504, 1, 0, 0
166001, 502, 1, 0, 0
167001, 502, 1, 0, 0
168001, 507, 1, 0, 0
169001, 526, 1, 0, 0
170001, 499, 1, 0, 0
171001, 473, 1, 0, 0
172001, 488, 1, 0, 0
173001, 454, 1, 0, 0
174001, 481, 1, 0, 0
175001, 478, 1, 0, 0
176001, 487, 1, 0, 0
177001, 490, 1, 0, 0
178000, 408, 1, 0, 0
179001, 437, 1, 0, 0
180001, 486, 1, 0, 0
