1000, 535, 0, 0, 0
2001, 477, 0, 0, 0
3001, 474, 0, 0, 0
4002, 485, 0, 0, 0
5002, 477, 0, 0, 0
6002, 450, 0, 0, 0
7001, 489, 0, 0, 0
8002, 485, 0, 0, 0
9002, 455, 0, 0, 0
10002, 454, 0, 0, 0
11001, 499, 0, 0, 0
12001, 472, 0, 0, 0
13001, 453, 0, 0, 0
14002, 486, 0, 0, 0
15002, 470, 0, 0, 0
16001, 469, 0, 0, 0
17001, 477, 0, 0, 0
18002, 492, 0, 0, 0
19002, 465, 0, 0, 0
20001, 481, 0, 0, 0
21002, 464, 0, 0, 0
22002, 483, 0, 0, 0
23002, 489, 0, 0, 0
24002, 491, 0, 0, 0
25001, 481, 0, 0, 0
26002, 498, 0, 0, 0
27001, 477, 0, 0, 0
28002, 490, 0, 0, 0
29001, 451, 0, 0, 0
30002, 473, 0, 0, 0
31002, 488, 0, 0, 0
32001, 472, 0, 0, 0
33002, 498, 0, 0, 0
34002, 489, 0, 0, 0
35002, 486, 0, 0, 0
36002, 466, 0, 0, 0
37002, 497, 0, 0, 0
38001, 477, 0, 0, 0
39001, 488, 0, 0, 0
40002, 482, 0, 0, 0
41001, 493, 0, 0, 0
42002, 473, 0, 0, 0
43001, 487, 0, 0, 0
44002, 498, 0, 0, 0
45002, 473, 0, 0, 0
46001, 509, 0, 0, 0
47001, 451, 0, 0, 0
48001, 507, 0, 0, 0
49001, 464, 0, 0, 0
50002, 444, 0, 0, 0
51002, 444, 0, 0, 0
52002, 420, 0, 0, 0
53001, 484, 0, 0, 0
54001, 480, 0, 0, 0
55001, 468, 0, 0, 0
56002, 467, 0, 0, 0
57002, 477, 0, 0, 0
58002, 461, 0, 0, 0
59001, 460, 0, 0, 0
60002, 428, 0, 0, 0
61002, 449, 0, 0, 0
62001, 457, 0, 0, 0
63002, 487, 0, 0, 0
64002, 465, 0, 0, 0
65001, 455, 0, 0, 0
66001, 421, 0, 0, 0
67002, 469, 0, 0, 0
68002, 427, 0, 0, 0
69002, 436, 0, 0, 0
70002, 470, 0, 0, 0
71001, 466, 0, 0, 0
72001, 466, 0, 0, 0
73001, 475, 0, 0, 0
74002, 476, 0, 0, 0
75002, 462, 0, 0, 0
76002, 486, 0, 0, 0
77002, 481, 0, 0, 0
78001, 458, 0, 0, 0
79002, 472, 0, 0, 0
80002, 472, 0, 0, 0
81001, 439, 0, 0, 0
82001, 436, 0, 0, 0
83001, 423, 0, 0, 0
84001, 493, 0, 0, 0
85002, 478, 0, 0, 0
86001, 446, 0, 0, 0
87001, 504, 0, 0, 0
88002, 454, 0, 0, 0
89002, 460, 0, 0, 0
90002, 470, 0, 0, 0
91001, 491, 0, 0, 0
92001, 480, 0, 0, 0
93002, 498, 0, 0, 0
94002, 484, 0, 0, 0
95002, 455, 0, 0, 0
96001, 493, 0, 0, 0
97002, 474, 0, 0, 0
98001, 457, 0, 0, 0
99002, 498, 0, 0, 0
100001, 462, 0, 0, 0
101001, 491, 0, 0, 0
102001, 471, 0, 0, 0
103001, 474, 0, 0, 0
104002, 471, 0, 0, 0
105002, 472, 0, 0, 0
106002, 478, 0, 0, 0
107001, 453, 0, 0, 0
108002, 466, 0, 0, 0
109001, 464, 0, 0, 0
110002, 419, 0, 0, 0
111002, 475, 0, 0, 0
112001, 443, 0, 0, 0
113002, 415, 0, 0, 0
114002, 495, 0, 0, 0
115001, 501, 0, 0, 0
116002, 502, 0, 0, 0
117001, 443, 0, 0, 0
118002, 476, 0, 0, 0
119001, 483, 0, 0, 0
120002, 471, 0, 0, 0
121001, 440, 0, 0, 0
122002, 448, 0, 0, 0
123002, 490, 0, 0, 0
124001, 412, 0, 0, 0
125002, 453, 0, 0, 0
126001, 436, 0, 0, 0
127002, 462, 0, 0, 0
128002, 493, 0, 0, 0
129002, 462, 0, 0, 0
130002, 452, 0, 0, 0
131001, 487, 0, 0, 0
132002, 496, 0, 0, 0
133001, 489, 0, 0, 0
134002, 495, 0, 0, 0
135002, 476, 0, 0, 0
136001, 483, 0, 0, 0
137001, 480, 0, 0, 0
138002, 485, 0, 0, 0
139001, 479, 0, 0, 0
140002, 486, 0, 0, 0
141002, 485, 0, 0, 0
142002, 465, 0, 0, 0
143001, 500, 0, 0, 0
144001, 480, 0, 0, 0
145002, 484, 0, 0, 0
146001, 480, 0, 0, 0
147002, 500, 0, 0, 0
148002, 501, 0, 0, 0
149001, 491, 0, 0, 0
150002, 476, 0, 0, 0
151002, 495, 0, 0, 0
152001, 471, 0, 0, 0
153001, 487, 0, 0, 0
154002, 474, 0, 0, 0
155001, 477, 0, 0, 0
156002, 486, 0, 0, 0
157002, 456, 0, 0, 0
158001, 465, 0, 0, 0
159001, 472, 0, 0, 0
160002, 484, 0, 0, 0
161001, 471, 0, 0, 0
162002, 515, 0, 0, 0
163002, 476, 0, 0, 0
164002, 512, 0, 0, 0
165002, 507, 0, 0, 0
166002, 506, 0, 0, 0
167001, 492, 0, 0, 0
168002, 448, 0, 0, 0
169001, 438, 0, 0, 0
170002, 463, 0, 0, 0
171001, 429, 0, 0, 0
172001, 457, 0, 0, 0
173002, 424, 0, 0, 0
174002, 486, 0, 0, 0
175001, 452, 0, 0, 0
176002, 464, 0, 0, 0
177001, 465, 0, 0, 0
178001, 438, 0, 0, 0
179002, 512, 0, 0, 0
180002, 564, 0, 0, 0
