1000, 2154, 1, 0, 0
2003, 2164, 1, 0, 0
3000, 2202, 1, 0, 0
4006, 2259, 1, 0, 0
5000, 2197, 1, 0, 0
6008, 2167, 1, 0, 0
7000, 2208, 1, 0, 0
8003, 2057, 1, 0, 0
9000, 2066, 1, 0, 0
10009, 1980, 1, 0, 0
11006, 1971, 1, 0, 0
12001, 2054, 1, 0, 0
13028, 2053, 1, 0, 0
14004, 2038, 1, 0, 0
15003, 2011, 1, 0, 0
16006, 1991, 1, 0, 0
17002, 2040, 1, 0, 0
18000, 1943, 1, 0, 0
19005, 1989, 1, 0, 0
20003, 2026, 1, 0, 0
21010, 1979, 1, 0, 0
22003, 2054, 1, 0, 0
23004, 2013, 1, 0, 0
24008, 2061, 1, 0, 0
25002, 2034, 1, 0, 0
26000, 2032, 1, 0, 0
27008, 2035, 1, 0, 0
28001, 1936, 1, 0, 0
29013, 2048, 1, 0, 0
30004, 2004, 1, 0, 0
31002, 2046, 1, 0, 0
32000, 2046, 1, 0, 0
33000, 2073, 1, 0, 0
34003, 2131, 1, 0, 0
35009, 2140, 1, 0, 0
36007, 2047, 1, 0, 0
37000, 2066, 1, 0, 0
38010, 1992, 1, 0, 0
39006, 1979, 1, 0, 0
40001, 1999, 1, 0, 0
41007, 2091, 1, 0, 0
42000, 2023, 1, 0, 0
43000, 2016, 1, 0, 0
44006, 2009, 1, 0, 0
45000, 2052, 1, 0, 0
46014, 2006, 1, 0, 0
47003, 2071, 1, 0, 0
48001, 2002, 1, 0, 0
49000, 2005, 1, 0, 0
50001, 2061, 1, 0, 0
51000, 2045, 1, 0, 0
52005, 2048, 1, 0, 0
53001, 2054, 1, 0, 0
54000, 2105, 1, 0, 0
55007, 2046, 1, 0, 0
56000, 1951, 1, 0, 0
57013, 2073, 1, 0, 0
58000, 2015, 1, 0, 0
59001, 2085, 1, 0, 0
60002, 2050, 1, 0, 0
61001, 2004, 1, 0, 0
62001, 2017, 1, 0, 0
63000, 2080, 1, 0, 0
64009, 2024, 1, 0, 0
65004, 2015, 1, 0, 0
66000, 2010, 1, 0, 0
67011, 2111, 1, 0, 0
68003, 2092, 1, 0, 0
69000, 2031, 1, 0, 0
70005, 2033, 1, 0, 0
71004, 2043, 1, 0, 0
72000, 2015, 1, 0, 0
73004, 1992, 1, 0, 0
74001, 2062, 1, 0, 0
75001, 1958, 1, 0, 0
76002, 2042, 1, 0, 0
77011, 2007, 1, 0, 0
78001, 1988, 1, 0, 0
79000, 7308, 1, 0, 0
80006, 2065, 1, 0, 0
81002, 2041, 1, 0, 0
82002, 2035, 1, 0, 0
83007, 2051, 1, 0, 0
84006, 2074, 1, 0, 0
85000, 2062, 1, 0, 0
86006, 2092, 1, 0, 0
87001, 2060, 1, 0, 0
88010, 2091, 1, 0, 0
89005, 2033, 1, 0, 0
90014, 2117, 1, 0, 0
91006, 2002, 1, 0, 0
92001, 1993, 1, 0, 0
93008, 2004, 1, 0, 0
94000, 2044, 1, 0, 0
95001, 1982, 1, 0, 0
96005, 1999, 1, 0, 0
97002, 2161, 1, 0, 0
98002, 2041, 1, 0, 0
99000, 1994, 1, 0, 0
100000, 2000, 1, 0, 0
101005, 2036, 1, 0, 0
102001, 2016, 1, 0, 0
103000, 2048, 1, 0, 0
104003, 2097, 1, 0, 0
105001, 2035, 1, 0, 0
106009, 2067, 1, 0, 0
107001, 2078, 1, 0, 0
108005, 2021, 1, 0, 0
109001, 2017, 1, 0, 0
110011, 2053, 1, 0, 0
111003, 2059, 1, 0, 0
112000, 2062, 1, 0, 0
113009, 2049, 1, 0, 0
114005, 1985, 1, 0, 0
115003, 2070, 1, 0, 0
116011, 2087, 1, 0, 0
117001, 2040, 1, 0, 0
118001, 2101, 1, 0, 0
119010, 2187, 1, 0, 0
120003, 2093, 1, 0, 0
121012, 2188, 1, 0, 0
122003, 2047, 1, 0, 0
123001, 1976, 1, 0, 0
124007, 2018, 1, 0, 0
125000, 1999, 1, 0, 0
126013, 2047, 1, 0, 0
127003, 2093, 1, 0, 0
128002, 2032, 1, 0, 0
129000, 1985, 1, 0, 0
130000, 2036, 1, 0, 0
131000, 2045, 1, 0, 0
132001, 2056, 1, 0, 0
133008, 2004, 1, 0, 0
134001, 1993, 1, 0, 0
135000, 2137, 1, 0, 0
136000, 2110, 1, 0, 0
137004, 2033, 1, 0, 0
138002, 2044, 1, 0, 0
139000, 1964, 1, 0, 0
140001, 1947, 1, 0, 0
141009, 1946, 1, 0, 0
142003, 1995, 1, 0, 0
143001, 2019, 1, 0, 0
144006, 2063, 1, 0, 0
145001, 2003, 1, 0, 0
146001, 2032, 1, 0, 0
147006, 2021, 1, 0, 0
148001, 2022, 1, 0, 0
149011, 2012, 1, 0, 0
150001, 2119, 1, 0, 0
151000, 2077, 1, 0, 0
152005, 2040, 1, 0, 0
153000, 2015, 1, 0, 0
154004, 2027, 1, 0, 0
155001, 2270, 1, 0, 0
156001, 2451, 1, 0, 0
157006, 2407, 1, 0, 0
158000, 2451, 1, 0, 0
159009, 2411, 1, 0, 0
160003, 2433, 1, 0, 0
161001, 2399, 1, 0, 0
162000, 2495, 1, 0, 0
163006, 2555, 1, 0, 0
164000, 2423, 1, 0, 0
165011, 2416, 1, 0, 0
166005, 2528, 1, 0, 0
167000, 2418, 1, 0, 0
168005, 2447, 1, 0, 0
169001, 2436, 1, 0, 0
170008, 2346, 1, 0, 0
171002, 2500, 1, 0, 0
172000, 2502, 1, 0, 0
173000, 2482, 1, 0, 0
174001, 2426, 1, 0, 0
175006, 2509, 1, 0, 0
176000, 2568, 1, 0, 0
177003, 2473, 1, 0, 0
178000, 2498, 1, 0, 0
179000, 2369, 1, 0, 0
180020, 2319, 1, 0, 0
