1000, 945442, 1, 0, 0
2000, 865896, 1, 0, 0
3000, 905851, 1, 0, 0
4000, 854592, 1, 0, 0
5000, 862307, 1, 0, 0
6000, 884831, 1, 0, 0
7000, 970119, 1, 0, 0
8000, 903820, 1, 0, 0
9000, 902436, 1, 0, 0
10000, 922457, 1, 0, 0
11000, 913886, 1, 0, 0
12000, 911887, 1, 0, 0
13000, 939075, 1, 0, 0
14000, 926252, 1, 0, 0
15000, 922160, 1, 0, 0
16000, 938516, 1, 0, 0
17000, 915505, 1, 0, 0
18000, 918174, 1, 0, 0
19000, 947079, 1, 0, 0
20000, 949318, 1, 0, 0
21000, 938201, 1, 0, 0
22000, 918217, 1, 0, 0
23000, 913023, 1, 0, 0
24000, 913707, 1, 0, 0
25000, 915748, 1, 0, 0
26000, 927175, 1, 0, 0
27000, 901057, 1, 0, 0
28000, 887200, 1, 0, 0
29000, 936432, 1, 0, 0
30000, 912364, 1, 0, 0
31000, 936400, 1, 0, 0
32000, 923237, 1, 0, 0
33000, 962552, 1, 0, 0
34000, 929398, 1, 0, 0
35000, 931101, 1, 0, 0
36000, 934396, 1, 0, 0
37000, 906579, 1, 0, 0
38000, 921775, 1, 0, 0
39000, 940684, 1, 0, 0
40000, 936291, 1, 0, 0
41000, 915561, 1, 0, 0
42000, 941999, 1, 0, 0
43000, 943525, 1, 0, 0
44000, 939975, 1, 0, 0
45000, 931614, 1, 0, 0
46000, 925850, 1, 0, 0
47000, 909690, 1, 0, 0
48000, 925258, 1, 0, 0
49000, 927634, 1, 0, 0
50000, 910509, 1, 0, 0
51000, 890353, 1, 0, 0
52000, 910699, 1, 0, 0
53000, 892372, 1, 0, 0
54000, 949424, 1, 0, 0
55000, 940159, 1, 0, 0
56000, 921267, 1, 0, 0
57000, 907715, 1, 0, 0
58000, 922391, 1, 0, 0
59000, 920039, 1, 0, 0
60000, 917905, 1, 0, 0
61000, 923308, 1, 0, 0
62000, 920683, 1, 0, 0
63000, 924755, 1, 0, 0
64000, 886249, 1, 0, 0
65000, 919852, 1, 0, 0
66000, 923637, 1, 0, 0
67000, 915147, 1, 0, 0
68000, 921292, 1, 0, 0
69000, 924174, 1, 0, 0
70000, 937709, 1, 0, 0
71000, 916108, 1, 0, 0
72000, 893105, 1, 0, 0
73000, 947041, 1, 0, 0
74000, 946380, 1, 0, 0
75000, 927128, 1, 0, 0
76000, 931384, 1, 0, 0
77000, 900520, 1, 0, 0
78000, 886447, 1, 0, 0
79000, 931348, 1, 0, 0
80000, 965657, 1, 0, 0
81000, 971332, 1, 0, 0
82000, 956806, 1, 0, 0
83000, 944590, 1, 0, 0
84000, 940754, 1, 0, 0
85000, 924925, 1, 0, 0
86000, 929594, 1, 0, 0
87000, 926737, 1, 0, 0
88000, 896180, 1, 0, 0
89000, 880740, 1, 0, 0
90000, 886554, 1, 0, 0
91000, 898935, 1, 0, 0
92000, 865882, 1, 0, 0
93000, 886324, 1, 0, 0
94000, 894307, 1, 0, 0
95000, 927167, 1, 0, 0
96000, 916558, 1, 0, 0
97000, 889203, 1, 0, 0
98000, 886832, 1, 0, 0
99000, 920983, 1, 0, 0
100000, 926336, 1, 0, 0
101000, 910021, 1, 0, 0
102000, 916365, 1, 0, 0
103000, 893789, 1, 0, 0
104000, 891514, 1, 0, 0
105000, 904232, 1, 0, 0
106000, 919898, 1, 0, 0
107000, 921103, 1, 0, 0
108000, 905266, 1, 0, 0
109000, 886410, 1, 0, 0
110000, 915276, 1, 0, 0
111000, 889667, 1, 0, 0
112000, 897707, 1, 0, 0
113000, 885996, 1, 0, 0
114000, 895618, 1, 0, 0
115000, 903106, 1, 0, 0
116000, 919117, 1, 0, 0
117000, 931188, 1, 0, 0
118000, 889806, 1, 0, 0
119000, 884560, 1, 0, 0
120000, 892970, 1, 0, 0
121000, 905328, 1, 0, 0
122000, 889604, 1, 0, 0
123000, 895930, 1, 0, 0
124000, 897693, 1, 0, 0
125000, 896022, 1, 0, 0
126000, 886172, 1, 0, 0
127000, 900052, 1, 0, 0
128000, 908856, 1, 0, 0
129000, 907501, 1, 0, 0
130000, 882466, 1, 0, 0
131000, 880006, 1, 0, 0
132000, 907406, 1, 0, 0
133000, 901588, 1, 0, 0
134000, 904388, 1, 0, 0
135000, 893398, 1, 0, 0
136000, 870364, 1, 0, 0
137000, 890795, 1, 0, 0
138000, 910051, 1, 0, 0
139000, 937841, 1, 0, 0
140000, 896760, 1, 0, 0
141000, 892987, 1, 0, 0
142000, 913308, 1, 0, 0
143000, 908912, 1, 0, 0
144000, 915296, 1, 0, 0
145000, 927748, 1, 0, 0
146000, 892924, 1, 0, 0
147000, 887188, 1, 0, 0
148000, 874471, 1, 0, 0
149000, 907303, 1, 0, 0
150000, 884010, 1, 0, 0
151000, 868598, 1, 0, 0
152000, 907361, 1, 0, 0
153000, 925561, 1, 0, 0
154000, 885314, 1, 0, 0
155000, 922962, 1, 0, 0
156000, 891707, 1, 0, 0
157000, 889064, 1, 0, 0
158000, 921826, 1, 0, 0
159000, 904198, 1, 0, 0
160000, 935026, 1, 0, 0
161000, 906912, 1, 0, 0
162000, 923811, 1, 0, 0
163000, 914914, 1, 0, 0
164000, 897568, 1, 0, 0
165002, 1012043, 1, 0, 0
166000, 973342, 1, 0, 0
167000, 1048780, 1, 0, 0
168000, 927763, 1, 0, 0
169000, 913983, 1, 0, 0
170000, 919137, 1, 0, 0
171000, 994416, 1, 0, 0
172000, 896106, 1, 0, 0
173000, 896591, 1, 0, 0
174000, 912095, 1, 0, 0
175000, 907196, 1, 0, 0
176000, 933129, 1, 0, 0
177000, 899313, 1, 0, 0
178000, 908190, 1, 0, 0
179000, 923193, 1, 0, 0
180000, 924471, 1, 0, 0
180000, 1325147, 1, 0, 0
