1002, 7532902, 1, 0, 0
2000, 8456740, 1, 0, 0
3007, 8304166, 1, 0, 0
4001, 8421166, 1, 0, 0
5009, 8208924, 1, 0, 0
6002, 8539215, 1, 0, 0
7003, 8300972, 1, 0, 0
8005, 8273639, 1, 0, 0
9012, 8254251, 1, 0, 0
10005, 8470835, 1, 0, 0
11001, 8364467, 1, 0, 0
12002, 8500341, 1, 0, 0
13003, 8345091, 1, 0, 0
14000, 8352232, 1, 0, 0
15003, 9388385, 1, 0, 0
16005, 8701703, 1, 0, 0
17001, 8419153, 1, 0, 0
18000, 8608518, 1, 0, 0
19004, 8327415, 1, 0, 0
20004, 8240816, 1, 0, 0
21007, 8516104, 1, 0, 0
22013, 8299574, 1, 0, 0
23004, 8564265, 1, 0, 0
24006, 8222871, 1, 0, 0
25007, 8329409, 1, 0, 0
26001, 8603618, 1, 0, 0
27008, 8405854, 1, 0, 0
28000, 8497935, 1, 0, 0
29011, 8279651, 1, 0, 0
30003, 8430969, 1, 0, 0
31000, 8254918, 1, 0, 0
32009, 8304487, 1, 0, 0
33000, 8550568, 1, 0, 0
34000, 8374549, 1, 0, 0
35007, 8262472, 1, 0, 0
36000, 8293146, 1, 0, 0
37005, 8155386, 1, 0, 0
38000, 8943978, 1, 0, 0
39010, 8272379, 1, 0, 0
40000, 8522613, 1, 0, 0
41012, 8430907, 1, 0, 0
42004, 8346163, 1, 0, 0
43000, 8498073, 1, 0, 0
44003, 8170854, 1, 0, 0
45002, 8410391, 1, 0, 0
46010, 8535526, 1, 0, 0
47002, 8419672, 1, 0, 0
48000, 8386153, 1, 0, 0
49004, 8171229, 1, 0, 0
50005, 8200586, 1, 0, 0
51000, 8379106, 1, 0, 0
52001, 8018543, 1, 0, 0
53001, 8438943, 1, 0, 0
54000, 7807818, 1, 0, 0
55000, 8407541, 1, 0, 0
56009, 8403835, 1, 0, 0
57002, 8599529, 1, 0, 0
58000, 8530218, 1, 0, 0
59005, 8421713, 1, 0, 0
60001, 8305904, 1, 0, 0
61000, 8351004, 1, 0, 0
62003, 8396502, 1, 0, 0
63000, 8475885, 1, 0, 0
64007, 8308404, 1, 0, 0
65001, 8522073, 1, 0, 0
66003, 8049016, 1, 0, 0
67007, 8399797, 1, 0, 0
68001, 8329304, 1, 0, 0
69010, 8653460, 1, 0, 0
70005, 8219197, 1, 0, 0
71000, 8244181, 1, 0, 0
72010, 8373954, 1, 0, 0
73003, 8120304, 1, 0, 0
74000, 8107335, 1, 0, 0
75002, 8377078, 1, 0, 0
76001, 8311076, 1, 0, 0
77011, 8509427, 1, 0, 0
78000, 8451731, 1, 0, 0
79000, 8480054, 1, 0, 0
80005, 8058730, 1, 0, 0
81000, 8581258, 1, 0, 0
82005, 8049880, 1, 0, 0
83003, 8511347, 1, 0, 0
84000, 8414910, 1, 0, 0
85000, 8339889, 1, 0, 0
86001, 8491725, 1, 0, 0
87009, 8380315, 1, 0, 0
88003, 8604145, 1, 0, 0
89010, 8186241, 1, 0, 0
90000, 8501963, 1, 0, 0
91000, 8199323, 1, 0, 0
92009, 8510891, 1, 0, 0
93002, 8224451, 1, 0, 0
94000, 8446476, 1, 0, 0
95005, 8485804, 1, 0, 0
96000, 8606967, 1, 0, 0
97002, 8150879, 1, 0, 0
98004, 8384775, 1, 0, 0
99000, 8506575, 1, 0, 0
100002, 8209189, 1, 0, 0
101001, 8501065, 1, 0, 0
102001, 8322238, 1, 0, 0
103004, 8567368, 1, 0, 0
104000, 8262543, 1, 0, 0
105001, 8321372, 1, 0, 0
106001, 8389835, 1, 0, 0
107010, 8233651, 1, 0, 0
108001, 8216905, 1, 0, 0
109000, 8174245, 1, 0, 0
110006, 8181219, 1, 0, 0
111001, 8636648, 1, 0, 0
112005, 8408766, 1, 0, 0
113000, 8679471, 1, 0, 0
114000, 8237834, 1, 0, 0
115008, 8299265, 1, 0, 0
116000, 8258251, 1, 0, 0
117002, 8356518, 1, 0, 0
118006, 8418854, 1, 0, 0
119000, 8246258, 1, 0, 0
120002, 8380046, 1, 0, 0
121000, 8403025, 1, 0, 0
122010, 8256378, 1, 0, 0
123004, 8368320, 1, 0, 0
124000, 8544057, 1, 0, 0
125005, 8386258, 1, 0, 0
126000, 8439054, 1, 0, 0
127000, 8236834, 1, 0, 0
128005, 8507642, 1, 0, 0
129011, 8174101, 1, 0, 0
130000, 8354934, 1, 0, 0
131000, 8466098, 1, 0, 0
132000, 8539806, 1, 0, 0
133000, 8106454, 1, 0, 0
134002, 8278381, 1, 0, 0
135004, 8359455, 1, 0, 0
136000, 8503346, 1, 0, 0
137007, 8253781, 1, 0, 0
138000, 8209077, 1, 0, 0
139010, 8477818, 1, 0, 0
140000, 8425011, 1, 0, 0
141000, 8345489, 1, 0, 0
142007, 8318748, 1, 0, 0
143002, 8492560, 1, 0, 0
144010, 8434095, 1, 0, 0
145005, 8449597, 1, 0, 0
146000, 8363435, 1, 0, 0
147005, 8224747, 1, 0, 0
148000, 8553114, 1, 0, 0
149011, 8321411, 1, 0, 0
150000, 8340561, 1, 0, 0
151000, 8301447, 1, 0, 0
152008, 8555741, 1, 0, 0
153001, 8362687, 1, 0, 0
154010, 8221318, 1, 0, 0
155004, 8454644, 1, 0, 0
156000, 8325353, 1, 0, 0
157002, 8422351, 1, 0, 0
158001, 8380959, 1, 0, 0
159025, 8188254, 1, 0, 0
160002, 8565324, 1, 0, 0
161011, 8521986, 1, 0, 0
162000, 8316943, 1, 0, 0
163000, 8523847, 1, 0, 0
164002, 8343471, 1, 0, 0
165003, 8421900, 1, 0, 0
166001, 8511319, 1, 0, 0
167003, 8308799, 1, 0, 0
168000, 8221695, 1, 0, 0
169000, 8460069, 1, 0, 0
170000, 8446653, 1, 0, 0
171010, 8222882, 1, 0, 0
172003, 8192085, 1, 0, 0
173000, 8355174, 1, 0, 0
174007, 8404680, 1, 0, 0
175002, 8095228, 1, 0, 0
176000, 8622697, 1, 0, 0
177006, 8872431, 1, 0, 0
178000, 8165594, 1, 0, 0
179010, 8429162, 1, 0, 0
180005, 8234214, 1, 0, 0
180008, 31096233, 1, 0, 0
