1000, 397, 0, 0, 0
2000, 419, 0, 0, 0
3000, 404, 0, 0, 0
4000, 415, 0, 0, 0
5001, 417, 0, 0, 0
6001, 369, 0, 0, 0
7001, 404, 0, 0, 0
8000, 418, 0, 0, 0
9001, 401, 0, 0, 0
10001, 416, 0, 0, 0
11001, 417, 0, 0, 0
12000, 426, 0, 0, 0
13000, 423, 0, 0, 0
14000, 418, 0, 0, 0
15000, 409, 0, 0, 0
16000, 401, 0, 0, 0
17000, 398, 0, 0, 0
18001, 415, 0, 0, 0
19000, 418, 0, 0, 0
20000, 405, 0, 0, 0
21000, 423, 0, 0, 0
22001, 426, 0, 0, 0
23001, 420, 0, 0, 0
24000, 425, 0, 0, 0
25000, 417, 0, 0, 0
26000, 402, 0, 0, 0
27001, 385, 0, 0, 0
28000, 409, 0, 0, 0
29000, 400, 0, 0, 0
30000, 432, 0, 0, 0
31000, 399, 0, 0, 0
32000, 416, 0, 0, 0
33000, 406, 0, 0, 0
34000, 404, 0, 0, 0
35001, 412, 0, 0, 0
36000, 420, 0, 0, 0
37000, 403, 0, 0, 0
38000, 408, 0, 0, 0
39000, 407, 0, 0, 0
40000, 415, 0, 0, 0
41000, 407, 0, 0, 0
42000, 406, 0, 0, 0
43000, 403, 0, 0, 0
44000, 415, 0, 0, 0
45001, 412, 0, 0, 0
46000, 413, 0, 0, 0
47000, 400, 0, 0, 0
48000, 416, 0, 0, 0
49000, 415, 0, 0, 0
50000, 418, 0, 0, 0
51000, 410, 0, 0, 0
52000, 405, 0, 0, 0
53000, 415, 0, 0, 0
54000, 426, 0, 0, 0
55000, 413, 0, 0, 0
56000, 409, 0, 0, 0
57000, 385, 0, 0, 0
58000, 398, 0, 0, 0
59000, 417, 0, 0, 0
60000, 416, 0, 0, 0
61000, 405, 0, 0, 0
62000, 410, 0, 0, 0
63000, 410, 0, 0, 0
64000, 425, 0, 0, 0
65000, 417, 0, 0, 0
66000, 419, 0, 0, 0
67000, 430, 0, 0, 0
68000, 415, 0, 0, 0
69000, 437, 0, 0, 0
70000, 432, 0, 0, 0
71000, 435, 0, 0, 0
72000, 430, 0, 0, 0
73000, 433, 0, 0, 0
74000, 435, 0, 0, 0
75000, 442, 0, 0, 0
76000, 423, 0, 0, 0
77000, 421, 0, 0, 0
78000, 410, 0, 0, 0
79000, 423, 0, 0, 0
80000, 422, 0, 0, 0
81000, 423, 0, 0, 0
82000, 408, 0, 0, 0
83000, 413, 0, 0, 0
84000, 420, 0, 0, 0
85000, 410, 0, 0, 0
86001, 417, 0, 0, 0
87000, 408, 0, 0, 0
88000, 423, 0, 0, 0
89000, 419, 0, 0, 0
90000, 426, 0, 0, 0
91001, 412, 0, 0, 0
92000, 424, 0, 0, 0
93001, 411, 0, 0, 0
94000, 411, 0, 0, 0
95000, 423, 0, 0, 0
96000, 412, 0, 0, 0
97001, 427, 0, 0, 0
98000, 423, 0, 0, 0
99000, 428, 0, 0, 0
100000, 414, 0, 0, 0
101000, 425, 0, 0, 0
102000, 426, 0, 0, 0
103000, 425, 0, 0, 0
104000, 415, 0, 0, 0
105001, 429, 0, 0, 0
106000, 419, 0, 0, 0
107000, 429, 0, 0, 0
108000, 412, 0, 0, 0
109000, 404, 0, 0, 0
110000, 425, 0, 0, 0
111000, 412, 0, 0, 0
112000, 420, 0, 0, 0
113000, 405, 0, 0, 0
114000, 429, 0, 0, 0
115000, 418, 0, 0, 0
116000, 423, 0, 0, 0
117000, 422, 0, 0, 0
118000, 410, 0, 0, 0
119000, 401, 0, 0, 0
120000, 417, 0, 0, 0
121000, 413, 0, 0, 0
122000, 400, 0, 0, 0
123001, 424, 0, 0, 0
124000, 409, 0, 0, 0
125000, 420, 0, 0, 0
126000, 410, 0, 0, 0
127000, 405, 0, 0, 0
128001, 407, 0, 0, 0
129000, 415, 0, 0, 0
130000, 405, 0, 0, 0
131000, 422, 0, 0, 0
132000, 415, 0, 0, 0
133000, 412, 0, 0, 0
134000, 423, 0, 0, 0
135000, 431, 0, 0, 0
136000, 430, 0, 0, 0
137001, 428, 0, 0, 0
138000, 428, 0, 0, 0
139000, 429, 0, 0, 0
140000, 410, 0, 0, 0
141000, 395, 0, 0, 0
142000, 405, 0, 0, 0
143000, 396, 0, 0, 0
144000, 392, 0, 0, 0
145000, 376, 0, 0, 0
146000, 392, 0, 0, 0
147000, 391, 0, 0, 0
148000, 381, 0, 0, 0
149000, 391, 0, 0, 0
150000, 413, 0, 0, 0
151001, 400, 0, 0, 0
152000, 386, 0, 0, 0
153000, 383, 0, 0, 0
154000, 402, 0, 0, 0
155000, 395, 0, 0, 0
156000, 400, 0, 0, 0
157000, 390, 0, 0, 0
158000, 396, 0, 0, 0
159000, 404, 0, 0, 0
160000, 394, 0, 0, 0
161000, 386, 0, 0, 0
162000, 380, 0, 0, 0
163000, 391, 0, 0, 0
164000, 401, 0, 0, 0
165000, 403, 0, 0, 0
166000, 391, 0, 0, 0
167000, 393, 0, 0, 0
168000, 398, 0, 0, 0
169000, 399, 0, 0, 0
170000, 402, 0, 0, 0
171000, 399, 0, 0, 0
172000, 397, 0, 0, 0
173000, 364, 0, 0, 0
174000, 393, 0, 0, 0
175000, 388, 0, 0, 0
176000, 394, 0, 0, 0
177000, 408, 0, 0, 0
178000, 392, 0, 0, 0
179000, 409, 0, 0, 0
180000, 397, 0, 0, 0
