1033, 29132147, 0, 0, 0
2027, 33343434, 0, 0, 0
3028, 33786626, 0, 0, 0
4000, 33738140, 0, 0, 0
5029, 32978831, 0, 0, 0
6030, 32736845, 0, 0, 0
7034, 33264106, 0, 0, 0
8028, 33274616, 0, 0, 0
9038, 33047055, 0, 0, 0
10032, 33606445, 0, 0, 0
11026, 33003765, 0, 0, 0
12000, 33851835, 0, 0, 0
13024, 32891239, 0, 0, 0
14029, 33505159, 0, 0, 0
15037, 33205383, 0, 0, 0
16031, 33445371, 0, 0, 0
17025, 33218260, 0, 0, 0
18000, 33823613, 0, 0, 0
19028, 33097141, 0, 0, 0
20032, 33254187, 0, 0, 0
21032, 33696702, 0, 0, 0
22026, 33390758, 0, 0, 0
23000, 34336494, 0, 0, 0
24025, 32795430, 0, 0, 0
25027, 33186426, 0, 0, 0
26036, 33419967, 0, 0, 0
27030, 34135799, 0, 0, 0
28026, 33134405, 0, 0, 0
29038, 33355000, 0, 0, 0
30032, 33692536, 0, 0, 0
31027, 33529668, 0, 0, 0
32037, 33584154, 0, 0, 0
33032, 33271419, 0, 0, 0
34028, 33375079, 0, 0, 0
35000, 34015844, 0, 0, 0
36029, 33324520, 0, 0, 0
37026, 33553529, 0, 0, 0
38029, 33624952, 0, 0, 0
39031, 33279200, 0, 0, 0
40026, 33202318, 0, 0, 0
41035, 33826265, 0, 0, 0
42031, 33929870, 0, 0, 0
43025, 32982697, 0, 0, 0
44037, 33351803, 0, 0, 0
45034, 33171606, 0, 0, 0
46027, 33591290, 0, 0, 0
47037, 33480543, 0, 0, 0
48033, 33937307, 0, 0, 0
49024, 33232169, 0, 0, 0
50032, 33426091, 0, 0, 0
51028, 33134846, 0, 0, 0
52028, 33638544, 0, 0, 0
53033, 33835139, 0, 0, 0
54029, 33239251, 0, 0, 0
55024, 33601819, 0, 0, 0
56035, 33485391, 0, 0, 0
57031, 34183797, 0, 0, 0
58024, 33613275, 0, 0, 0
59000, 34180816, 0, 0, 0
60032, 33547972, 0, 0, 0
61026, 32805958, 0, 0, 0
62000, 34204489, 0, 0, 0
63030, 33185556, 0, 0, 0
64026, 33129349, 0, 0, 0
65035, 33629379, 0, 0, 0
66027, 32952180, 0, 0, 0
67030, 33422996, 0, 0, 0
68024, 33416926, 0, 0, 0
69038, 33344044, 0, 0, 0
70034, 33728077, 0, 0, 0
71030, 32964030, 0, 0, 0
72026, 33427561, 0, 0, 0
73000, 34047475, 0, 0, 0
74034, 33447282, 0, 0, 0
75027, 33355430, 0, 0, 0
76024, 33292183, 0, 0, 0
77023, 33787045, 0, 0, 0
78028, 33539835, 0, 0, 0
79000, 33772318, 0, 0, 0
80026, 33139313, 0, 0, 0
81000, 33427152, 0, 0, 0
82031, 33152441, 0, 0, 0
83024, 32979961, 0, 0, 0
84034, 33364075, 0, 0, 0
85028, 33259059, 0, 0, 0
86039, 33538410, 0, 0, 0
87034, 33934335, 0, 0, 0
88028, 33048081, 0, 0, 0
89023, 33445034, 0, 0, 0
90000, 33769317, 0, 0, 0
91029, 33354693, 0, 0, 0
92039, 33205330, 0, 0, 0
93000, 33876796, 0, 0, 0
94027, 33618298, 0, 0, 0
95032, 33886320, 0, 0, 0
96029, 33209312, 0, 0, 0
97024, 33459291, 0, 0, 0
98023, 33990407, 0, 0, 0
99028, 33288924, 0, 0, 0
100025, 33519141, 0, 0, 0
101034, 33834670, 0, 0, 0
102030, 32920660, 0, 0, 0
103025, 33396927, 0, 0, 0
104000, 33719885, 0, 0, 0
105031, 33711472, 0, 0, 0
106025, 33851423, 0, 0, 0
107028, 33463144, 0, 0, 0
108028, 33469256, 0, 0, 0
109038, 32890097, 0, 0, 0
110027, 33541778, 0, 0, 0
111038, 33247653, 0, 0, 0
112032, 33330802, 0, 0, 0
113027, 33653907, 0, 0, 0
114038, 33526676, 0, 0, 0
115034, 34116703, 0, 0, 0
116030, 33273736, 0, 0, 0
117025, 32838024, 0, 0, 0
118026, 33244185, 0, 0, 0
119031, 33839085, 0, 0, 0
120024, 33306645, 0, 0, 0
121031, 33832700, 0, 0, 0
122025, 33368153, 0, 0, 0
123035, 33592106, 0, 0, 0
124029, 33334134, 0, 0, 0
125038, 33064587, 0, 0, 0
126033, 34026179, 0, 0, 0
127026, 33143389, 0, 0, 0
128032, 33210285, 0, 0, 0
129028, 33932904, 0, 0, 0
130027, 33541215, 0, 0, 0
131028, 33405577, 0, 0, 0
132024, 33690810, 0, 0, 0
133030, 33443175, 0, 0, 0
134026, 33365328, 0, 0, 0
135037, 33167461, 0, 0, 0
136030, 33407228, 0, 0, 0
137026, 33463640, 0, 0, 0
138037, 33805508, 0, 0, 0
139029, 32982223, 0, 0, 0
140037, 33147616, 0, 0, 0
141035, 33640088, 0, 0, 0
142028, 33561471, 0, 0, 0
143038, 33310484, 0, 0, 0
144034, 33568639, 0, 0, 0
145028, 33477897, 0, 0, 0
146039, 33461509, 0, 0, 0
147000, 34017945, 0, 0, 0
148030, 33402844, 0, 0, 0
149025, 33267678, 0, 0, 0
150036, 33664167, 0, 0, 0
151030, 33584515, 0, 0, 0
152027, 33295645, 0, 0, 0
153036, 33120057, 0, 0, 0
154029, 33430131, 0, 0, 0
155038, 33194544, 0, 0, 0
156030, 33222110, 0, 0, 0
157024, 33683114, 0, 0, 0
158034, 34111234, 0, 0, 0
159028, 33001280, 0, 0, 0
160028, 33270607, 0, 0, 0
161025, 33748028, 0, 0, 0
162028, 33255138, 0, 0, 0
163037, 33558981, 0, 0, 0
164032, 34014063, 0, 0, 0
165029, 33120231, 0, 0, 0
166023, 33397999, 0, 0, 0
167036, 33597166, 0, 0, 0
168030, 33045605, 0, 0, 0
169025, 33197817, 0, 0, 0
170033, 34016595, 0, 0, 0
171024, 33100637, 0, 0, 0
172030, 33449736, 0, 0, 0
173025, 33936954, 0, 0, 0
174027, 33799116, 0, 0, 0
175029, 33075224, 0, 0, 0
176024, 33168382, 0, 0, 0
177037, 33210279, 0, 0, 0
178026, 33576772, 0, 0, 0
179025, 33264212, 0, 0, 0
180032, 33389977, 0, 0, 0
180040, 61669617, 0, 0, 0
