1000, 2135, 1, 0, 0
2001, 1892, 1, 0, 0
3000, 1913, 1, 0, 0
4001, 1918, 1, 0, 0
5000, 1936, 1, 0, 0
6000, 1944, 1, 0, 0
7000, 1865, 1, 0, 0
8000, 1875, 1, 0, 0
9000, 1898, 1, 0, 0
10000, 1900, 1, 0, 0
11000, 1946, 1, 0, 0
12000, 1877, 1, 0, 0
13000, 1851, 1, 0, 0
14000, 1966, 1, 0, 0
15001, 1868, 1, 0, 0
16000, 1944, 1, 0, 0
17001, 1888, 1, 0, 0
18000, 1931, 1, 0, 0
19000, 1872, 1, 0, 0
20000, 1931, 1, 0, 0
21000, 1913, 1, 0, 0
22001, 1910, 1, 0, 0
23000, 1906, 1, 0, 0
24001, 1954, 1, 0, 0
25000, 1937, 1, 0, 0
26000, 1937, 1, 0, 0
27000, 1878, 1, 0, 0
28000, 1912, 1, 0, 0
29000, 1882, 1, 0, 0
30000, 1963, 1, 0, 0
31001, 1913, 1, 0, 0
32000, 1835, 1, 0, 0
33001, 1915, 1, 0, 0
34000, 1865, 1, 0, 0
35001, 1957, 1, 0, 0
36000, 1893, 1, 0, 0
37001, 1879, 1, 0, 0
38000, 1910, 1, 0, 0
39000, 1926, 1, 0, 0
40000, 1869, 1, 0, 0
41000, 1893, 1, 0, 0
42000, 1923, 1, 0, 0
43000, 1860, 1, 0, 0
44000, 1772, 1, 0, 0
45000, 2026, 1, 0, 0
46000, 1953, 1, 0, 0
47000, 1915, 1, 0, 0
48000, 1925, 1, 0, 0
49000, 1920, 1, 0, 0
50000, 1930, 1, 0, 0
51000, 1946, 1, 0, 0
52001, 1883, 1, 0, 0
53000, 1941, 1, 0, 0
54001, 1940, 1, 0, 0
55000, 1898, 1, 0, 0
56001, 1989, 1, 0, 0
57000, 1940, 1, 0, 0
58001, 1861, 1, 0, 0
59000, 1969, 1, 0, 0
60001, 1942, 1, 0, 0
61000, 1873, 1, 0, 0
62001, 1891, 1, 0, 0
63000, 1936, 1, 0, 0
64001, 1910, 1, 0, 0
65000, 1872, 1, 0, 0
66001, 1901, 1, 0, 0
67000, 1944, 1, 0, 0
68000, 1897, 1, 0, 0
69000, 1909, 1, 0, 0
70000, 1953, 1, 0, 0
71000, 1871, 1, 0, 0
72000, 1918, 1, 0, 0
73000, 1826, 1, 0, 0
74000, 2075, 1, 0, 0
75000, 1944, 1, 0, 0
76000, 1932, 1, 0, 0
77000, 1874, 1, 0, 0
78000, 1912, 1, 0, 0
79000, 1959, 1, 0, 0
80000, 1860, 1, 0, 0
81000, 1888, 1, 0, 0
82000, 1976, 1, 0, 0
83000, 1832, 1, 0, 0
84000, 1960, 1, 0, 0
85000, 1951, 1, 0, 0
86000, 1854, 1, 0, 0
87000, 1915, 1, 0, 0
88000, 1902, 1, 0, 0
89000, 1924, 1, 0, 0
90001, 1899, 1, 0, 0
91000, 1956, 1, 0, 0
92001, 1916, 1, 0, 0
93000, 1925, 1, 0, 0
94001, 1935, 1, 0, 0
95000, 1947, 1, 0, 0
96001, 1882, 1, 0, 0
97000, 1901, 1, 0, 0
98001, 1892, 1, 0, 0
99000, 1873, 1, 0, 0
100000, 1967, 1, 0, 0
101000, 1874, 1, 0, 0
102000, 1896, 1, 0, 0
103000, 1919, 1, 0, 0
104000, 1943, 1, 0, 0
105000, 1918, 1, 0, 0
106000, 1887, 1, 0, 0
107000, 1823, 1, 0, 0
108000, 1948, 1, 0, 0
109000, 1936, 1, 0, 0
110000, 1865, 1, 0, 0
111000, 1980, 1, 0, 0
112000, 1956, 1, 0, 0
113001, 1835, 1, 0, 0
114000, 1919, 1, 0, 0
115001, 1949, 1, 0, 0
116000, 1944, 1, 0, 0
117001, 1923, 1, 0, 0
118000, 1941, 1, 0, 0
119001, 1836, 1, 0, 0
120000, 1948, 1, 0, 0
121000, 1905, 1, 0, 0
122000, 1912, 1, 0, 0
123000, 1952, 1, 0, 0
124000, 1892, 1, 0, 0
125000, 1920, 1, 0, 0
126000, 1917, 1, 0, 0
127000, 1891, 1, 0, 0
128001, 1944, 1, 0, 0
129000, 1917, 1, 0, 0
130001, 1902, 1, 0, 0
131000, 1877, 1, 0, 0
132001, 1864, 1, 0, 0
133000, 1913, 1, 0, 0
134001, 1874, 1, 0, 0
135000, 1974, 1, 0, 0
136001, 1898, 1, 0, 0
137000, 1973, 1, 0, 0
138001, 1879, 1, 0, 0
139000, 2012, 1, 0, 0
140000, 1901, 1, 0, 0
141000, 1859, 1, 0, 0
142001, 1907, 1, 0, 0
143000, 1902, 1, 0, 0
144001, 1874, 1, 0, 0
145000, 1926, 1, 0, 0
146001, 1907, 1, 0, 0
147000, 1925, 1, 0, 0
148001, 1890, 1, 0, 0
149000, 1942, 1, 0, 0
150001, 1897, 1, 0, 0
151000, 1964, 1, 0, 0
152001, 1951, 1, 0, 0
153000, 1924, 1, 0, 0
154001, 1920, 1, 0, 0
155000, 1920, 1, 0, 0
156001, 1913, 1, 0, 0
157000, 1904, 1, 0, 0
158000, 1957, 1, 0, 0
159000, 1959, 1, 0, 0
160000, 1928, 1, 0, 0
161000, 1873, 1, 0, 0
162000, 1984, 1, 0, 0
163000, 1878, 1, 0, 0
164000, 1846, 1, 0, 0
165000, 1966, 1, 0, 0
166000, 1916, 1, 0, 0
167000, 1919, 1, 0, 0
168000, 1943, 1, 0, 0
169000, 1861, 1, 0, 0
170000, 1967, 1, 0, 0
171001, 1897, 1, 0, 0
172000, 1903, 1, 0, 0
173001, 1909, 1, 0, 0
174000, 1932, 1, 0, 0
175001, 1938, 1, 0, 0
176000, 1909, 1, 0, 0
177000, 1910, 1, 0, 0
178000, 1915, 1, 0, 0
179000, 1923, 1, 0, 0
180000, 1900, 1, 0, 0
