1006, 3740702, 0, 0, 0
2019, 4114816, 0, 0, 0
3000, 4181702, 0, 0, 0
4017, 4175176, 0, 0, 0
5000, 4163481, 0, 0, 0
6000, 4170827, 0, 0, 0
7019, 4131980, 0, 0, 0
8030, 4157616, 0, 0, 0
9000, 4139460, 0, 0, 0
10015, 4095854, 0, 0, 0
11018, 4091285, 0, 0, 0
12000, 4297009, 0, 0, 0
13017, 4110623, 0, 0, 0
14023, 4184139, 0, 0, 0
15023, 4256668, 0, 0, 0
16018, 4156849, 0, 0, 0
17000, 4222940, 0, 0, 0
18021, 4122888, 0, 0, 0
19016, 4191020, 0, 0, 0
20021, 4170382, 0, 0, 0
21000, 4454260, 0, 0, 0
22001, 3943675, 0, 0, 0
23024, 4130465, 0, 0, 0
24018, 4206729, 0, 0, 0
25015, 4132893, 0, 0, 0
26000, 4239791, 0, 0, 0
27017, 4118551, 0, 0, 0
28021, 4210825, 0, 0, 0
29021, 4208574, 0, 0, 0
30018, 4152260, 0, 0, 0
31000, 4226522, 0, 0, 0
32018, 4229302, 0, 0, 0
33026, 4194350, 0, 0, 0
34020, 4206972, 0, 0, 0
35015, 4147803, 0, 0, 0
36026, 4179245, 0, 0, 0
37016, 4103130, 0, 0, 0
38016, 4102114, 0, 0, 0
39010, 4238272, 0, 0, 0
40019, 4102482, 0, 0, 0
41018, 4127814, 0, 0, 0
42027, 4215150, 0, 0, 0
43020, 4243708, 0, 0, 0
44018, 4167254, 0, 0, 0
45000, 4192542, 0, 0, 0
46016, 4090401, 0, 0, 0
47002, 4176354, 0, 0, 0
48018, 4229705, 0, 0, 0
49029, 4131353, 0, 0, 0
50000, 4195529, 0, 0, 0
51018, 4142878, 0, 0, 0
52015, 4130783, 0, 0, 0
53000, 4247205, 0, 0, 0
54000, 4058283, 0, 0, 0
55016, 4185207, 0, 0, 0
56029, 4170295, 0, 0, 0
57022, 4214411, 0, 0, 0
58016, 4146013, 0, 0, 0
59017, 4168370, 0, 0, 0
60017, 4128585, 0, 0, 0
61023, 4188441, 0, 0, 0
62022, 4177475, 0, 0, 0
63015, 4203200, 0, 0, 0
64015, 4092122, 0, 0, 0
65020, 4187734, 0, 0, 0
66017, 4151140, 0, 0, 0
67001, 4162296, 0, 0, 0
68021, 4129789, 0, 0, 0
69016, 4190349, 0, 0, 0
70000, 4283681, 0, 0, 0
71023, 4147241, 0, 0, 0
72030, 4129514, 0, 0, 0
73020, 4181150, 0, 0, 0
74019, 4168938, 0, 0, 0
75018, 4226397, 0, 0, 0
76021, 4146762, 0, 0, 0
77015, 4147216, 0, 0, 0
78000, 4201190, 0, 0, 0
79020, 4139670, 0, 0, 0
80016, 4102732, 0, 0, 0
81027, 4156949, 0, 0, 0
82021, 4158041, 0, 0, 0
83016, 4156417, 0, 0, 0
84019, 4149742, 0, 0, 0
85018, 4191707, 0, 0, 0
86015, 4151530, 0, 0, 0
87018, 4144998, 0, 0, 0
88029, 4140973, 0, 0, 0
89024, 4193150, 0, 0, 0
90016, 4160632, 0, 0, 0
91019, 4214743, 0, 0, 0
92020, 4207894, 0, 0, 0
93016, 4057715, 0, 0, 0
94019, 4127839, 0, 0, 0
95015, 4124811, 0, 0, 0
96018, 4183868, 0, 0, 0
97020, 4136388, 0, 0, 0
98020, 4216848, 0, 0, 0
99030, 4148266, 0, 0, 0
100006, 4103679, 0, 0, 0
101018, 4131029, 0, 0, 0
102000, 4184654, 0, 0, 0
103020, 4187108, 0, 0, 0
104016, 4133558, 0, 0, 0
105025, 4191223, 0, 0, 0
106000, 4162389, 0, 0, 0
107001, 4151659, 0, 0, 0
108026, 4217504, 0, 0, 0
109017, 4188697, 0, 0, 0
110016, 4186966, 0, 0, 0
111015, 4107870, 0, 0, 0
112000, 4215968, 0, 0, 0
113018, 4196201, 0, 0, 0
114000, 4187425, 0, 0, 0
115018, 4082691, 0, 0, 0
116015, 4159075, 0, 0, 0
117023, 4213261, 0, 0, 0
118015, 4105228, 0, 0, 0
119018, 4106311, 0, 0, 0
120018, 4237839, 0, 0, 0
121017, 4141200, 0, 0, 0
122020, 4202740, 0, 0, 0
123020, 4203720, 0, 0, 0
124017, 4189193, 0, 0, 0
125028, 4145402, 0, 0, 0
126000, 4269487, 0, 0, 0
127019, 4219341, 0, 0, 0
128014, 4175831, 0, 0, 0
129001, 4206048, 0, 0, 0
130017, 4070148, 0, 0, 0
131029, 4173687, 0, 0, 0
132000, 4221707, 0, 0, 0
133020, 4285773, 0, 0, 0
134021, 3998466, 0, 0, 0
135000, 4164849, 0, 0, 0
136018, 4076177, 0, 0, 0
137000, 4252775, 0, 0, 0
138016, 4181365, 0, 0, 0
139020, 4164349, 0, 0, 0
140002, 4171494, 0, 0, 0
141016, 4182247, 0, 0, 0
142029, 4136380, 0, 0, 0
143022, 4188321, 0, 0, 0
144014, 4197415, 0, 0, 0
145029, 4113669, 0, 0, 0
146020, 4153955, 0, 0, 0
147018, 4216476, 0, 0, 0
148029, 4218513, 0, 0, 0
149000, 4177446, 0, 0, 0
150017, 4156754, 0, 0, 0
151001, 4183416, 0, 0, 0
152019, 4171000, 0, 0, 0
153015, 4227963, 0, 0, 0
154025, 4216138, 0, 0, 0
155020, 4139589, 0, 0, 0
156015, 4147711, 0, 0, 0
157027, 4181421, 0, 0, 0
158016, 4098694, 0, 0, 0
159017, 4194620, 0, 0, 0
160023, 4175167, 0, 0, 0
161016, 4182351, 0, 0, 0
162015, 4205904, 0, 0, 0
163020, 4101661, 0, 0, 0
164023, 4128281, 0, 0, 0
165016, 4059258, 0, 0, 0
166027, 4210140, 0, 0, 0
167018, 4204930, 0, 0, 0
168019, 4175287, 0, 0, 0
169015, 4156849, 0, 0, 0
170016, 4171615, 0, 0, 0
171018, 4226732, 0, 0, 0
172017, 4102901, 0, 0, 0
173014, 4176427, 0, 0, 0
174000, 4247994, 0, 0, 0
175018, 4173359, 0, 0, 0
176000, 4179830, 0, 0, 0
177018, 4178787, 0, 0, 0
178017, 4222036, 0, 0, 0
179027, 4203955, 0, 0, 0
180014, 4118241, 0, 0, 0
180014, 15728377, 0, 0, 0
