1008, 30531539, 1, 0, 0
2013, 34147538, 1, 0, 0
3006, 32879139, 1, 0, 0
4004, 32123722, 1, 0, 0
5007, 33435480, 1, 0, 0
6006, 33411867, 1, 0, 0
7019, 33279878, 1, 0, 0
8012, 33967461, 1, 0, 0
9004, 33337379, 1, 0, 0
10013, 32754676, 1, 0, 0
11007, 33740519, 1, 0, 0
12015, 33096921, 1, 0, 0
13011, 33591694, 1, 0, 0
14004, 33012630, 1, 0, 0
15011, 33314926, 1, 0, 0
16007, 33546041, 1, 0, 0
17013, 33448226, 1, 0, 0
18003, 33285509, 1, 0, 0
19016, 33464413, 1, 0, 0
20010, 33978093, 1, 0, 0
21007, 33195959, 1, 0, 0
22017, 33441344, 1, 0, 0
23011, 33806795, 1, 0, 0
24007, 33457768, 1, 0, 0
25017, 33210652, 1, 0, 0
26012, 33193738, 1, 0, 0
27003, 33330737, 1, 0, 0
28006, 33858214, 1, 0, 0
29005, 33574196, 1, 0, 0
30002, 33596987, 1, 0, 0
31004, 33211532, 1, 0, 0
32017, 33220451, 1, 0, 0
33008, 33462630, 1, 0, 0
34006, 33249645, 1, 0, 0
35015, 33857817, 1, 0, 0
36007, 33777534, 1, 0, 0
37016, 33392447, 1, 0, 0
38000, 34594637, 1, 0, 0
39003, 32893774, 1, 0, 0
40014, 33708924, 1, 0, 0
41008, 33340684, 1, 0, 0
42020, 33505805, 1, 0, 0
43010, 33478024, 1, 0, 0
44004, 33114596, 1, 0, 0
45008, 33169725, 1, 0, 0
46004, 33446005, 1, 0, 0
47016, 33401958, 1, 0, 0
48008, 33758854, 1, 0, 0
49018, 33371027, 1, 0, 0
50010, 33601961, 1, 0, 0
51002, 33485962, 1, 0, 0
52014, 33670471, 1, 0, 0
53009, 33040067, 1, 0, 0
54007, 32943184, 1, 0, 0
55012, 33562068, 1, 0, 0
56007, 33086145, 1, 0, 0
57017, 33347465, 1, 0, 0
58002, 33723125, 1, 0, 0
59004, 33632709, 1, 0, 0
60013, 34236477, 1, 0, 0
61006, 32761064, 1, 0, 0
62014, 33679521, 1, 0, 0
63005, 33440430, 1, 0, 0
64007, 33302923, 1, 0, 0
65008, 33734224, 1, 0, 0
66004, 33131203, 1, 0, 0
67019, 33435981, 1, 0, 0
68009, 34046795, 1, 0, 0
69007, 33332519, 1, 0, 0
70014, 33723137, 1, 0, 0
71008, 33481216, 1, 0, 0
72004, 33163071, 1, 0, 0
73011, 33134436, 1, 0, 0
74006, 33306751, 1, 0, 0
75013, 33922116, 1, 0, 0
76004, 33429617, 1, 0, 0
77015, 33556940, 1, 0, 0
78008, 33187207, 1, 0, 0
79003, 33341772, 1, 0, 0
80012, 33677729, 1, 0, 0
81004, 33377546, 1, 0, 0
82015, 33298505, 1, 0, 0
83014, 33720227, 1, 0, 0
84009, 32984212, 1, 0, 0
85003, 33104176, 1, 0, 0
86014, 33393663, 1, 0, 0
87007, 33415654, 1, 0, 0
88013, 33979031, 1, 0, 0
89010, 33461927, 1, 0, 0
90002, 33297663, 1, 0, 0
91013, 33848567, 1, 0, 0
92006, 33487048, 1, 0, 0
93015, 33951831, 1, 0, 0
94010, 33607130, 1, 0, 0
95004, 32943189, 1, 0, 0
96012, 33845369, 1, 0, 0
97008, 33148341, 1, 0, 0
98006, 33550266, 1, 0, 0
99015, 33984890, 1, 0, 0
100008, 33096132, 1, 0, 0
101003, 32880385, 1, 0, 0
102013, 33540582, 1, 0, 0
103007, 33619583, 1, 0, 0
104010, 33281627, 1, 0, 0
105010, 33706564, 1, 0, 0
106005, 33196994, 1, 0, 0
107009, 33672100, 1, 0, 0
108006, 33766760, 1, 0, 0
109016, 33509705, 1, 0, 0
110009, 33603566, 1, 0, 0
111002, 33221946, 1, 0, 0
112014, 33618212, 1, 0, 0
113008, 32863722, 1, 0, 0
114019, 33711039, 1, 0, 0
115014, 33673056, 1, 0, 0
116003, 33305273, 1, 0, 0
117007, 33199145, 1, 0, 0
118010, 33934631, 1, 0, 0
119006, 32847968, 1, 0, 0
120005, 34096167, 1, 0, 0
121009, 33062703, 1, 0, 0
122017, 33084429, 1, 0, 0
123013, 33573142, 1, 0, 0
124007, 33054409, 1, 0, 0
125009, 33876096, 1, 0, 0
126007, 32677964, 1, 0, 0
127015, 33600147, 1, 0, 0
128007, 33986715, 1, 0, 0
129002, 33270387, 1, 0, 0
130014, 33722525, 1, 0, 0
131009, 32952380, 1, 0, 0
132009, 33551473, 1, 0, 0
133011, 33419537, 1, 0, 0
134009, 32987325, 1, 0, 0
135018, 33224138, 1, 0, 0
136009, 33528765, 1, 0, 0
137002, 33289551, 1, 0, 0
138009, 33341800, 1, 0, 0
139015, 33890776, 1, 0, 0
140011, 33636638, 1, 0, 0
141004, 33917526, 1, 0, 0
142010, 33566005, 1, 0, 0
143005, 33058357, 1, 0, 0
144013, 33994987, 1, 0, 0
145007, 33541202, 1, 0, 0
146008, 33800451, 1, 0, 0
147005, 33787608, 1, 0, 0
148011, 33538785, 1, 0, 0
149003, 33291612, 1, 0, 0
150005, 33669424, 1, 0, 0
151003, 33187910, 1, 0, 0
152011, 33792831, 1, 0, 0
153004, 32932429, 1, 0, 0
154002, 33579222, 1, 0, 0
155002, 33911860, 1, 0, 0
156004, 33722261, 1, 0, 0
157014, 33477498, 1, 0, 0
158004, 33853215, 1, 0, 0
159014, 33913039, 1, 0, 0
160008, 33476105, 1, 0, 0
161020, 33463877, 1, 0, 0
162011, 34020096, 1, 0, 0
163007, 33549681, 1, 0, 0
164016, 33202603, 1, 0, 0
165007, 33296128, 1, 0, 0
166004, 33002979, 1, 0, 0
167011, 33707336, 1, 0, 0
168003, 33172260, 1, 0, 0
169007, 34003371, 1, 0, 0
170003, 33208018, 1, 0, 0
171023, 33512324, 1, 0, 0
172007, 33823066, 1, 0, 0
173002, 33242207, 1, 0, 0
174014, 33250893, 1, 0, 0
175002, 32965517, 1, 0, 0
176005, 34078538, 1, 0, 0
177015, 32924193, 1, 0, 0
178002, 33916841, 1, 0, 0
179006, 33741076, 1, 0, 0
180008, 33675248, 1, 0, 0
180025, 49735841, 1, 0, 0
