1031, 7219881, 0, 0, 0
2025, 8298194, 0, 0, 0
3035, 8370997, 0, 0, 0
4031, 8500009, 0, 0, 0
5027, 8395546, 0, 0, 0
6027, 8289339, 0, 0, 0
7000, 8521664, 0, 0, 0
8000, 8299232, 0, 0, 0
9025, 8275914, 0, 0, 0
10024, 8347096, 0, 0, 0
11030, 8500447, 0, 0, 0
12024, 8324629, 0, 0, 0
13000, 8512776, 0, 0, 0
14023, 8341596, 0, 0, 0
15034, 8381824, 0, 0, 0
16028, 8521303, 0, 0, 0
17001, 8246160, 0, 0, 0
18033, 8331591, 0, 0, 0
19028, 8464898, 0, 0, 0
20024, 8370875, 0, 0, 0
21027, 8414395, 0, 0, 0
22028, 8401197, 0, 0, 0
23025, 8375198, 0, 0, 0
24032, 8492832, 0, 0, 0
25025, 8233428, 0, 0, 0
26035, 8352689, 0, 0, 0
27028, 8317993, 0, 0, 0
28023, 8314106, 0, 0, 0
29001, 8411808, 0, 0, 0
30023, 8242563, 0, 0, 0
31000, 8553969, 0, 0, 0
32030, 8314558, 0, 0, 0
33024, 8302227, 0, 0, 0
34036, 8323093, 0, 0, 0
35032, 8399876, 0, 0, 0
36025, 8348705, 0, 0, 0
37022, 8389282, 0, 0, 0
38000, 8532440, 0, 0, 0
39029, 8263276, 0, 0, 0
40024, 8280648, 0, 0, 0
41026, 8311464, 0, 0, 0
42029, 8415236, 0, 0, 0
43000, 8311791, 0, 0, 0
44033, 8426818, 0, 0, 0
45030, 8252362, 0, 0, 0
46024, 8258940, 0, 0, 0
47000, 8497525, 0, 0, 0
48029, 8196728, 0, 0, 0
49026, 8267938, 0, 0, 0
50000, 8389126, 0, 0, 0
51028, 8189372, 0, 0, 0
52129, 9183813, 0, 0, 0
53000, 13691010, 0, 0, 0
54027, 8356676, 0, 0, 0
55022, 8414206, 0, 0, 0
56032, 8443364, 0, 0, 0
57024, 8255988, 0, 0, 0
58000, 8439013, 0, 0, 0
59028, 8270292, 0, 0, 0
60022, 8325355, 0, 0, 0
61032, 8424529, 0, 0, 0
62026, 8512008, 0, 0, 0
63037, 8356986, 0, 0, 0
64031, 8534961, 0, 0, 0
65026, 8292506, 0, 0, 0
66030, 8427655, 0, 0, 0
67000, 8412673, 0, 0, 0
68024, 8166976, 0, 0, 0
69031, 8310667, 0, 0, 0
70029, 8302347, 0, 0, 0
71036, 8387190, 0, 0, 0
72027, 8318411, 0, 0, 0
73022, 8338624, 0, 0, 0
74000, 8446587, 0, 0, 0
75000, 8134113, 0, 0, 0
76023, 8301586, 0, 0, 0
77028, 8463126, 0, 0, 0
78025, 8246677, 0, 0, 0
79000, 8550134, 0, 0, 0
80023, 8323996, 0, 0, 0
81023, 8343449, 0, 0, 0
82000, 8411402, 0, 0, 0
83029, 8325848, 0, 0, 0
84021, 8237765, 0, 0, 0
85001, 8465650, 0, 0, 0
86022, 8398030, 0, 0, 0
87000, 8458209, 0, 0, 0
88026, 8322461, 0, 0, 0
89036, 8381434, 0, 0, 0
90026, 8514812, 0, 0, 0
91037, 8396994, 0, 0, 0
92002, 8425662, 0, 0, 0
93024, 8287585, 0, 0, 0
94033, 8356960, 0, 0, 0
95028, 8418006, 0, 0, 0
96030, 8337270, 0, 0, 0
97031, 8516745, 0, 0, 0
98030, 8168022, 0, 0, 0
99023, 8394803, 0, 0, 0
100031, 8085987, 0, 0, 0
101022, 8353797, 0, 0, 0
102000, 8415062, 0, 0, 0
103023, 8434859, 0, 0, 0
104000, 8414557, 0, 0, 0
105030, 8300301, 0, 0, 0
106024, 8307244, 0, 0, 0
107035, 8418602, 0, 0, 0
108029, 8423231, 0, 0, 0
109023, 8259117, 0, 0, 0
110034, 8538071, 0, 0, 0
111023, 8327770, 0, 0, 0
112023, 8383565, 0, 0, 0
113028, 8566011, 0, 0, 0
114028, 8346682, 0, 0, 0
115023, 8306895, 0, 0, 0
116032, 8290303, 0, 0, 0
117024, 8317793, 0, 0, 0
118030, 8341169, 0, 0, 0
119023, 8390925, 0, 0, 0
120022, 8292343, 0, 0, 0
121000, 8458423, 0, 0, 0
122025, 8328329, 0, 0, 0
123022, 8390012, 0, 0, 0
124001, 8421151, 0, 0, 0
125024, 8337586, 0, 0, 0
126034, 8514487, 0, 0, 0
127022, 8250022, 0, 0, 0
128022, 8268036, 0, 0, 0
129030, 8512746, 0, 0, 0
130024, 8189560, 0, 0, 0
131000, 8415574, 0, 0, 0
132026, 8197136, 0, 0, 0
133037, 8442088, 0, 0, 0
134031, 8373954, 0, 0, 0
135028, 8447113, 0, 0, 0
136024, 8298166, 0, 0, 0
137000, 8500024, 0, 0, 0
138028, 8323909, 0, 0, 0
139022, 8396491, 0, 0, 0
140033, 8345369, 0, 0, 0
141025, 8267680, 0, 0, 0
142022, 8298716, 0, 0, 0
143032, 8329630, 0, 0, 0
144025, 8350519, 0, 0, 0
145031, 8457789, 0, 0, 0
146028, 8255302, 0, 0, 0
147024, 8389205, 0, 0, 0
148034, 8428100, 0, 0, 0
149028, 8184126, 0, 0, 0
150025, 8332643, 0, 0, 0
151027, 8263181, 0, 0, 0
152022, 8340635, 0, 0, 0
153026, 8637453, 0, 0, 0
154036, 8254775, 0, 0, 0
155027, 8351251, 0, 0, 0
156022, 8339135, 0, 0, 0
157023, 8155723, 0, 0, 0
158032, 8410442, 0, 0, 0
159021, 8334672, 0, 0, 0
160021, 8268274, 0, 0, 0
161031, 8435129, 0, 0, 0
162026, 8400172, 0, 0, 0
163043, 8257444, 0, 0, 0
164030, 8439542, 0, 0, 0
165026, 8355282, 0, 0, 0
166023, 8289302, 0, 0, 0
167031, 8634959, 0, 0, 0
168027, 8307153, 0, 0, 0
169022, 8308218, 0, 0, 0
170004, 8448534, 0, 0, 0
171027, 8371180, 0, 0, 0
172035, 8336309, 0, 0, 0
173024, 8497767, 0, 0, 0
174025, 8267273, 0, 0, 0
175034, 8243171, 0, 0, 0
176027, 8413779, 0, 0, 0
177021, 8395286, 0, 0, 0
178026, 8360383, 0, 0, 0
179021, 8453402, 0, 0, 0
180025, 8398176, 0, 0, 0
180029, 38297339, 0, 0, 0
