1005, 29096746, 1, 0, 0
2004, 33549213, 1, 0, 0
3012, 33778647, 1, 0, 0
4005, 33114888, 1, 0, 0
5016, 33274766, 1, 0, 0
6003, 33672866, 1, 0, 0
7004, 32928417, 1, 0, 0
8006, 33395908, 1, 0, 0
9009, 33629522, 1, 0, 0
10003, 33464301, 1, 0, 0
11004, 33429927, 1, 0, 0
12012, 33670170, 1, 0, 0
13008, 33099948, 1, 0, 0
14005, 33430375, 1, 0, 0
15012, 33712770, 1, 0, 0
16000, 33363173, 1, 0, 0
17013, 33126497, 1, 0, 0
18002, 33513410, 1, 0, 0
19004, 33432288, 1, 0, 0
20008, 33825047, 1, 0, 0
21006, 33210035, 1, 0, 0
22002, 33842309, 1, 0, 0
23007, 33037667, 1, 0, 0
24006, 33319200, 1, 0, 0
25011, 33820357, 1, 0, 0
26003, 32858744, 1, 0, 0
27016, 33470572, 1, 0, 0
28014, 33653320, 1, 0, 0
29007, 33630504, 1, 0, 0
30004, 33195007, 1, 0, 0
31006, 33754017, 1, 0, 0
32008, 33255809, 1, 0, 0
33016, 33195408, 1, 0, 0
34001, 33495522, 1, 0, 0
35006, 33604094, 1, 0, 0
36009, 33776810, 1, 0, 0
37007, 33296703, 1, 0, 0
38014, 33486739, 1, 0, 0
39007, 33855416, 1, 0, 0
40010, 33411311, 1, 0, 0
41012, 33626623, 1, 0, 0
42008, 33537645, 1, 0, 0
43001, 33197188, 1, 0, 0
44013, 34012899, 1, 0, 0
45002, 32955712, 1, 0, 0
46017, 34058440, 1, 0, 0
47009, 33515305, 1, 0, 0
48008, 33339976, 1, 0, 0
49004, 33056009, 1, 0, 0
50006, 33389704, 1, 0, 0
51011, 33719905, 1, 0, 0
52004, 33097478, 1, 0, 0
53016, 33173099, 1, 0, 0
54007, 33513973, 1, 0, 0
55004, 33173374, 1, 0, 0
56000, 34258057, 1, 0, 0
57010, 32716972, 1, 0, 0
58005, 33576219, 1, 0, 0
59002, 33656447, 1, 0, 0
60004, 33700000, 1, 0, 0
61000, 33304624, 1, 0, 0
62003, 33522811, 1, 0, 0
63016, 33237585, 1, 0, 0
64005, 33460258, 1, 0, 0
65003, 33815823, 1, 0, 0
66002, 33877847, 1, 0, 0
67008, 33781218, 1, 0, 0
68015, 33078377, 1, 0, 0
69009, 33763637, 1, 0, 0
70002, 33437522, 1, 0, 0
71012, 33971914, 1, 0, 0
72004, 33277974, 1, 0, 0
73016, 33305070, 1, 0, 0
74011, 34071444, 1, 0, 0
75009, 33001631, 1, 0, 0
76003, 33403679, 1, 0, 0
77014, 33378533, 1, 0, 0
78007, 33619937, 1, 0, 0
79006, 33690638, 1, 0, 0
80010, 33039318, 1, 0, 0
81000, 33966907, 1, 0, 0
82004, 33437781, 1, 0, 0
83014, 33702660, 1, 0, 0
84008, 33478392, 1, 0, 0
85011, 33095270, 1, 0, 0
86002, 33677356, 1, 0, 0
87006, 33169156, 1, 0, 0
88002, 33128021, 1, 0, 0
89013, 33597072, 1, 0, 0
90007, 33455913, 1, 0, 0
91006, 33463390, 1, 0, 0
92006, 34323126, 1, 0, 0
93010, 33646235, 1, 0, 0
94006, 33654666, 1, 0, 0
95014, 33691016, 1, 0, 0
96007, 33309033, 1, 0, 0
97016, 33061163, 1, 0, 0
98007, 33557196, 1, 0, 0
99004, 33725719, 1, 0, 0
100010, 33905023, 1, 0, 0
101003, 33648356, 1, 0, 0
102001, 33208083, 1, 0, 0
103014, 33726972, 1, 0, 0
104009, 33340877, 1, 0, 0
105005, 33751011, 1, 0, 0
106008, 33486654, 1, 0, 0
107010, 33332252, 1, 0, 0
108002, 33589396, 1, 0, 0
109016, 33308860, 1, 0, 0
110009, 33881561, 1, 0, 0
111001, 32905275, 1, 0, 0
112002, 33575078, 1, 0, 0
113005, 33906404, 1, 0, 0
114003, 33269743, 1, 0, 0
115013, 33862753, 1, 0, 0
116009, 33177073, 1, 0, 0
117004, 33257487, 1, 0, 0
118015, 33687539, 1, 0, 0
119008, 33919330, 1, 0, 0
120003, 33250358, 1, 0, 0
121002, 32795602, 1, 0, 0
122010, 33975724, 1, 0, 0
123006, 33143961, 1, 0, 0
124004, 33263507, 1, 0, 0
125011, 33814159, 1, 0, 0
126005, 33605394, 1, 0, 0
127004, 33476451, 1, 0, 0
128012, 34027437, 1, 0, 0
129006, 33038439, 1, 0, 0
130001, 33408200, 1, 0, 0
131011, 33858056, 1, 0, 0
132006, 32936020, 1, 0, 0
133017, 33632422, 1, 0, 0
134005, 33987510, 1, 0, 0
135002, 33395238, 1, 0, 0
136009, 33212227, 1, 0, 0
137002, 33566748, 1, 0, 0
138004, 33116059, 1, 0, 0
139008, 33800290, 1, 0, 0
140007, 33459203, 1, 0, 0
141001, 33427393, 1, 0, 0
142013, 33791739, 1, 0, 0
143010, 33491408, 1, 0, 0
144003, 33213985, 1, 0, 0
145013, 34299154, 1, 0, 0
146008, 33207472, 1, 0, 0
147003, 33283617, 1, 0, 0
148002, 33361287, 1, 0, 0
149006, 34120277, 1, 0, 0
150001, 33156872, 1, 0, 0
151003, 33363678, 1, 0, 0
152003, 33757156, 1, 0, 0
153010, 33902773, 1, 0, 0
154002, 33471212, 1, 0, 0
155002, 33489316, 1, 0, 0
156014, 33519261, 1, 0, 0
157000, 33946902, 1, 0, 0
158006, 33345236, 1, 0, 0
159015, 33373095, 1, 0, 0
160011, 33682998, 1, 0, 0
161005, 33324993, 1, 0, 0
162015, 33046989, 1, 0, 0
163013, 33932399, 1, 0, 0
164007, 33239084, 1, 0, 0
165002, 33315910, 1, 0, 0
166016, 33580064, 1, 0, 0
167004, 33546046, 1, 0, 0
168006, 33129115, 1, 0, 0
169002, 33652146, 1, 0, 0
170008, 33636927, 1, 0, 0
171008, 33227088, 1, 0, 0
172002, 33836434, 1, 0, 0
173001, 33247488, 1, 0, 0
174007, 34023036, 1, 0, 0
175002, 33276988, 1, 0, 0
176002, 33539416, 1, 0, 0
177010, 34106094, 1, 0, 0
178000, 33194622, 1, 0, 0
179015, 33645281, 1, 0, 0
180011, 33909188, 1, 0, 0
180035, 57598506, 1, 0, 0
