1001, 3855830, 1, 0, 0
2000, 4049471, 1, 0, 0
3042, 4238079, 1, 0, 0
4000, 3891993, 1, 0, 0
5000, 4046444, 1, 0, 0
6000, 4140097, 1, 0, 0
7000, 4244327, 1, 0, 0
8002, 4146294, 1, 0, 0
9000, 3894934, 1, 0, 0
10000, 4467949, 1, 0, 0
11000, 4232417, 1, 0, 0
12000, 4092817, 1, 0, 0
13001, 4130207, 1, 0, 0
14000, 4203414, 1, 0, 0
15001, 4283384, 1, 0, 0
16000, 4241251, 1, 0, 0
17000, 4427504, 1, 0, 0
18002, 4081833, 1, 0, 0
19001, 4059311, 1, 0, 0
20000, 4091753, 1, 0, 0
21000, 4436884, 1, 0, 0
22000, 4174063, 1, 0, 0
23003, 4071234, 1, 0, 0
24006, 4161815, 1, 0, 0
25000, 4429754, 1, 0, 0
26000, 3963381, 1, 0, 0
27000, 4180307, 1, 0, 0
28005, 4325105, 1, 0, 0
29000, 4172462, 1, 0, 0
30000, 4091157, 1, 0, 0
31000, 4228052, 1, 0, 0
32000, 4311630, 1, 0, 0
33000, 4249641, 1, 0, 0
34000, 4208213, 1, 0, 0
35000, 4144981, 1, 0, 0
36000, 4250215, 1, 0, 0
37000, 4153486, 1, 0, 0
38000, 4208240, 1, 0, 0
39000, 4208622, 1, 0, 0
40000, 4159088, 1, 0, 0
41000, 4090720, 1, 0, 0
42001, 4165680, 1, 0, 0
43000, 4114228, 1, 0, 0
44000, 4176399, 1, 0, 0
45000, 4354745, 1, 0, 0
46000, 4045746, 1, 0, 0
47004, 4183626, 1, 0, 0
48000, 4127495, 1, 0, 0
49000, 4114474, 1, 0, 0
50000, 3948489, 1, 0, 0
51005, 4024131, 1, 0, 0
52000, 3970095, 1, 0, 0
53001, 4036041, 1, 0, 0
54000, 4174896, 1, 0, 0
55000, 4109744, 1, 0, 0
56000, 4083950, 1, 0, 0
57000, 4328291, 1, 0, 0
58000, 4056513, 1, 0, 0
59003, 4154035, 1, 0, 0
60000, 4033135, 1, 0, 0
61000, 4267226, 1, 0, 0
62001, 4210925, 1, 0, 0
63004, 4110325, 1, 0, 0
64000, 4117840, 1, 0, 0
65000, 4137810, 1, 0, 0
66000, 4128665, 1, 0, 0
67001, 4263217, 1, 0, 0
68000, 4250718, 1, 0, 0
69000, 4132513, 1, 0, 0
70000, 4295916, 1, 0, 0
71000, 4086432, 1, 0, 0
72000, 4267894, 1, 0, 0
73000, 4322881, 1, 0, 0
74000, 4054647, 1, 0, 0
75000, 4254824, 1, 0, 0
76000, 4293454, 1, 0, 0
77001, 4392440, 1, 0, 0
78000, 4134254, 1, 0, 0
79036, 4155613, 1, 0, 0
80002, 4181166, 1, 0, 0
81001, 4141711, 1, 0, 0
82000, 4408611, 1, 0, 0
83002, 4108001, 1, 0, 0
84000, 3975401, 1, 0, 0
85001, 4207139, 1, 0, 0
86001, 4098905, 1, 0, 0
87001, 4308754, 1, 0, 0
88002, 4263788, 1, 0, 0
89001, 4120401, 1, 0, 0
90000, 4166233, 1, 0, 0
91001, 4248282, 1, 0, 0
92041, 4268393, 1, 0, 0
93002, 4346181, 1, 0, 0
94000, 4069131, 1, 0, 0
95000, 4462344, 1, 0, 0
96000, 4125921, 1, 0, 0
97000, 4106121, 1, 0, 0
98000, 4568433, 1, 0, 0
99000, 4239529, 1, 0, 0
100001, 4007346, 1, 0, 0
101000, 4283888, 1, 0, 0
102000, 4150981, 1, 0, 0
103000, 4215148, 1, 0, 0
104001, 4257407, 1, 0, 0
105000, 4391486, 1, 0, 0
106000, 4008163, 1, 0, 0
107000, 4421790, 1, 0, 0
108000, 4310454, 1, 0, 0
109002, 6563487, 1, 0, 0
110000, 4039643, 1, 0, 0
111000, 4177961, 1, 0, 0
112000, 4145490, 1, 0, 0
113000, 4080269, 1, 0, 0
114000, 4234549, 1, 0, 0
115003, 4301450, 1, 0, 0
116000, 4312133, 1, 0, 0
117006, 4370045, 1, 0, 0
118007, 4138762, 1, 0, 0
119000, 4118726, 1, 0, 0
120002, 4143424, 1, 0, 0
121000, 4036743, 1, 0, 0
122000, 4542331, 1, 0, 0
123000, 4091173, 1, 0, 0
124002, 4197176, 1, 0, 0
125000, 4041471, 1, 0, 0
126000, 4127907, 1, 0, 0
127002, 3810227, 1, 0, 0
128000, 4121997, 1, 0, 0
129002, 4105700, 1, 0, 0
130001, 4106495, 1, 0, 0
131000, 4312451, 1, 0, 0
132000, 4195205, 1, 0, 0
133001, 4173109, 1, 0, 0
134000, 4266367, 1, 0, 0
135001, 4372475, 1, 0, 0
136002, 4041675, 1, 0, 0
137002, 4504483, 1, 0, 0
138000, 4169044, 1, 0, 0
139000, 4120167, 1, 0, 0
140001, 4234253, 1, 0, 0
141004, 4046538, 1, 0, 0
142001, 4223816, 1, 0, 0
143002, 4038660, 1, 0, 0
144000, 4194404, 1, 0, 0
145000, 4137120, 1, 0, 0
146029, 4224043, 1, 0, 0
147000, 4197953, 1, 0, 0
148003, 4262786, 1, 0, 0
149002, 4218121, 1, 0, 0
150000, 4084625, 1, 0, 0
151000, 4305479, 1, 0, 0
152000, 4163818, 1, 0, 0
153001, 3810798, 1, 0, 0
154000, 4297629, 1, 0, 0
155001, 4308673, 1, 0, 0
156000, 4008545, 1, 0, 0
157001, 4376459, 1, 0, 0
158004, 4094397, 1, 0, 0
159000, 4007371, 1, 0, 0
160001, 4023893, 1, 0, 0
161003, 4402186, 1, 0, 0
162000, 4401866, 1, 0, 0
163000, 4159693, 1, 0, 0
164000, 4192253, 1, 0, 0
165000, 4260386, 1, 0, 0
166000, 4221491, 1, 0, 0
167003, 4015107, 1, 0, 0
168041, 4109928, 1, 0, 0
169000, 4000646, 1, 0, 0
170000, 4108015, 1, 0, 0
171001, 4067902, 1, 0, 0
172001, 4119541, 1, 0, 0
173002, 4046661, 1, 0, 0
174001, 4222248, 1, 0, 0
175000, 4319186, 1, 0, 0
176000, 4188809, 1, 0, 0
177000, 4289420, 1, 0, 0
178007, 4183668, 1, 0, 0
179000, 4044499, 1, 0, 0
180001, 4187253, 1, 0, 0
180042, 43767007, 1, 0, 0
