1000, 522, 1, 0, 0
2000, 486, 1, 0, 0
3001, 475, 1, 0, 0
4001, 471, 1, 0, 0
5001, 488, 1, 0, 0
6002, 471, 1, 0, 0
7002, 485, 1, 0, 0
8001, 467, 1, 0, 0
9001, 483, 1, 0, 0
10001, 477, 1, 0, 0
11001, 468, 1, 0, 0
12001, 478, 1, 0, 0
13001, 477, 1, 0, 0
14001, 473, 1, 0, 0
15001, 491, 1, 0, 0
16001, 482, 1, 0, 0
17002, 470, 1, 0, 0
18002, 481, 1, 0, 0
19001, 475, 1, 0, 0
20001, 471, 1, 0, 0
21001, 482, 1, 0, 0
22001, 492, 1, 0, 0
23001, 480, 1, 0, 0
24001, 467, 1, 0, 0
25001, 486, 1, 0, 0
26001, 478, 1, 0, 0
27001, 474, 1, 0, 0
28001, 482, 1, 0, 0
29001, 468, 1, 0, 0
30001, 486, 1, 0, 0
31001, 469, 1, 0, 0
32002, 488, 1, 0, 0
33002, 464, 1, 0, 0
34001, 483, 1, 0, 0
35001, 484, 1, 0, 0
36001, 467, 1, 0, 0
37001, 487, 1, 0, 0
38002, 475, 1, 0, 0
39001, 480, 1, 0, 0
40001, 488, 1, 0, 0
41001, 470, 1, 0, 0
42001, 480, 1, 0, 0
43001, 472, 1, 0, 0
44001, 488, 1, 0, 0
45002, 479, 1, 0, 0
46002, 476, 1, 0, 0
47001, 486, 1, 0, 0
48001, 469, 1, 0, 0
49001, 486, 1, 0, 0
50001, 483, 1, 0, 0
51001, 466, 1, 0, 0
52002, 490, 1, 0, 0
53002, 467, 1, 0, 0
54002, 485, 1, 0, 0
55001, 473, 1, 0, 0
56001, 485, 1, 0, 0
57001, 479, 1, 0, 0
58001, 476, 1, 0, 0
59001, 477, 1, 0, 0
60001, 487, 1, 0, 0
61001, 464, 1, 0, 0
62002, 487, 1, 0, 0
63002, 470, 1, 0, 0
64001, 480, 1, 0, 0
65001, 489, 1, 0, 0
66001, 471, 1, 0, 0
67001, 480, 1, 0, 0
68001, 478, 1, 0, 0
69002, 475, 1, 0, 0
70002, 491, 1, 0, 0
71001, 469, 1, 0, 0
72001, 486, 1, 0, 0
73001, 470, 1, 0, 0
74001, 477, 1, 0, 0
75002, 489, 1, 0, 0
76002, 464, 1, 0, 0
77001, 490, 1, 0, 0
78001, 491, 1, 0, 0
79001, 463, 1, 0, 0
80001, 488, 1, 0, 0
81001, 466, 1, 0, 0
82002, 485, 1, 0, 0
83001, 483, 1, 0, 0
84001, 478, 1, 0, 0
85001, 469, 1, 0, 0
86001, 484, 1, 0, 0
87002, 488, 1, 0, 0
88002, 472, 1, 0, 0
89001, 485, 1, 0, 0
90001, 469, 1, 0, 0
91001, 487, 1, 0, 0
92001, 480, 1, 0, 0
93002, 477, 1, 0, 0
94001, 477, 1, 0, 0
95001, 484, 1, 0, 0
96001, 477, 1, 0, 0
97001, 478, 1, 0, 0
98001, 464, 1, 0, 0
99001, 490, 1, 0, 0
100002, 481, 1, 0, 0
101001, 468, 1, 0, 0
102001, 492, 1, 0, 0
103001, 468, 1, 0, 0
104001, 481, 1, 0, 0
105002, 484, 1, 0, 0
106002, 468, 1, 0, 0
107001, 484, 1, 0, 0
108001, 487, 1, 0, 0
109001, 479, 1, 0, 0
110001, 475, 1, 0, 0
111001, 483, 1, 0, 0
112002, 469, 1, 0, 0
113002, 487, 1, 0, 0
114001, 481, 1, 0, 0
115001, 469, 1, 0, 0
116001, 491, 1, 0, 0
117001, 474, 1, 0, 0
118001, 479, 1, 0, 0
119002, 481, 1, 0, 0
120001, 462, 1, 0, 0
121001, 488, 1, 0, 0
122001, 473, 1, 0, 0
123001, 478, 1, 0, 0
124001, 484, 1, 0, 0
125002, 475, 1, 0, 0
126001, 477, 1, 0, 0
127001, 465, 1, 0, 0
128001, 483, 1, 0, 0
129001, 482, 1, 0, 0
130001, 468, 1, 0, 0
131001, 485, 1, 0, 0
132002, 492, 1, 0, 0
133002, 472, 1, 0, 0
134001, 487, 1, 0, 0
135001, 470, 1, 0, 0
136001, 485, 1, 0, 0
137001, 475, 1, 0, 0
138001, 470, 1, 0, 0
139001, 484, 1, 0, 0
140001, 484, 1, 0, 0
141001, 466, 1, 0, 0
142001, 487, 1, 0, 0
143001, 471, 1, 0, 0
144002, 484, 1, 0, 0
145001, 483, 1, 0, 0
146001, 468, 1, 0, 0
147001, 483, 1, 0, 0
148001, 475, 1, 0, 0
149001, 475, 1, 0, 0
150001, 473, 1, 0, 0
151001, 492, 1, 0, 0
152002, 477, 1, 0, 0
153001, 473, 1, 0, 0
154001, 494, 1, 0, 0
155001, 478, 1, 0, 0
156001, 470, 1, 0, 0
157001, 478, 1, 0, 0
158002, 471, 1, 0, 0
159002, 483, 1, 0, 0
160001, 483, 1, 0, 0
161001, 471, 1, 0, 0
162001, 484, 1, 0, 0
163001, 474, 1, 0, 0
164001, 486, 1, 0, 0
165002, 482, 1, 0, 0
166001, 466, 1, 0, 0
167001, 485, 1, 0, 0
168001, 469, 1, 0, 0
169001, 483, 1, 0, 0
170001, 482, 1, 0, 0
171001, 473, 1, 0, 0
172001, 480, 1, 0, 0
173001, 471, 1, 0, 0
174001, 486, 1, 0, 0
175002, 480, 1, 0, 0
176001, 474, 1, 0, 0
177001, 480, 1, 0, 0
178002, 474, 1, 0, 0
179001, 487, 1, 0, 0
180001, 462, 1, 0, 0
