1000, 2050393, 0, 0, 0
2000, 1977814, 0, 0, 0
3000, 2039801, 0, 0, 0
4000, 2045661, 0, 0, 0
5000, 2042162, 0, 0, 0
6001, 2081076, 0, 0, 0
7000, 2096733, 0, 0, 0
8001, 2074740, 0, 0, 0
9001, 2091701, 0, 0, 0
10001, 2062283, 0, 0, 0
11000, 2003851, 0, 0, 0
12001, 2061942, 0, 0, 0
13000, 2086529, 0, 0, 0
14000, 2060459, 0, 0, 0
15000, 2037076, 0, 0, 0
16001, 2075337, 0, 0, 0
17000, 2067692, 0, 0, 0
18000, 2067793, 0, 0, 0
19000, 2076550, 0, 0, 0
20000, 2081693, 0, 0, 0
21001, 2068025, 0, 0, 0
22001, 2008011, 0, 0, 0
23001, 2124438, 0, 0, 0
24000, 2039777, 0, 0, 0
25001, 2055424, 0, 0, 0
26000, 2037367, 0, 0, 0
27000, 2152275, 0, 0, 0
28000, 2074186, 0, 0, 0
29000, 2116310, 0, 0, 0
30000, 2070908, 0, 0, 0
31000, 2071334, 0, 0, 0
32001, 2071119, 0, 0, 0
33000, 2131071, 0, 0, 0
34001, 2070466, 0, 0, 0
35001, 2079153, 0, 0, 0
36001, 2058508, 0, 0, 0
37001, 2360805, 0, 0, 0
38000, 2086745, 0, 0, 0
39000, 2068491, 0, 0, 0
40000, 2085700, 0, 0, 0
41000, 2051071, 0, 0, 0
42000, 2027950, 0, 0, 0
43000, 2037458, 0, 0, 0
44000, 2043577, 0, 0, 0
45000, 1998513, 0, 0, 0
46001, 2033773, 0, 0, 0
47000, 2114871, 0, 0, 0
48000, 2117221, 0, 0, 0
49000, 2122219, 0, 0, 0
50000, 2066032, 0, 0, 0
51000, 2109451, 0, 0, 0
52000, 2092004, 0, 0, 0
53000, 2084099, 0, 0, 0
54001, 2172270, 0, 0, 0
55001, 2050177, 0, 0, 0
56000, 2044554, 0, 0, 0
57000, 2061016, 0, 0, 0
58001, 2093973, 0, 0, 0
59001, 2071561, 0, 0, 0
60001, 2059822, 0, 0, 0
61000, 2069874, 0, 0, 0
62000, 2099918, 0, 0, 0
63000, 2216208, 0, 0, 0
64000, 2051077, 0, 0, 0
65000, 2073819, 0, 0, 0
66000, 2040877, 0, 0, 0
67000, 2058691, 0, 0, 0
68000, 2097547, 0, 0, 0
69001, 2055734, 0, 0, 0
70001, 2122368, 0, 0, 0
71000, 2101970, 0, 0, 0
72000, 2083364, 0, 0, 0
73000, 2084610, 0, 0, 0
74000, 2117291, 0, 0, 0
75000, 2055042, 0, 0, 0
76000, 2103292, 0, 0, 0
77000, 2069649, 0, 0, 0
78001, 2057901, 0, 0, 0
79001, 2111120, 0, 0, 0
80000, 2109141, 0, 0, 0
81001, 2071817, 0, 0, 0
82001, 2097633, 0, 0, 0
83001, 2044872, 0, 0, 0
84000, 2112772, 0, 0, 0
85000, 1999272, 0, 0, 0
86000, 2047047, 0, 0, 0
87000, 2012535, 0, 0, 0
88000, 2059755, 0, 0, 0
89001, 2156884, 0, 0, 0
90001, 2141183, 0, 0, 0
91001, 2068321, 0, 0, 0
92000, 2084252, 0, 0, 0
93000, 2166976, 0, 0, 0
94000, 2085464, 0, 0, 0
95000, 2071231, 0, 0, 0
96000, 2096847, 0, 0, 0
97000, 2142423, 0, 0, 0
98000, 2110885, 0, 0, 0
99000, 2067215, 0, 0, 0
100001, 2088889, 0, 0, 0
101001, 2088161, 0, 0, 0
102000, 2110763, 0, 0, 0
103002, 2134218, 0, 0, 0
104000, 2159542, 0, 0, 0
105000, 2140984, 0, 0, 0
106000, 2082731, 0, 0, 0
107000, 2060582, 0, 0, 0
108000, 2114070, 0, 0, 0
109000, 2197423, 0, 0, 0
110001, 2273107, 0, 0, 0
111001, 2120551, 0, 0, 0
112000, 2097709, 0, 0, 0
113000, 2136887, 0, 0, 0
114001, 2141063, 0, 0, 0
115001, 2098592, 0, 0, 0
116000, 2097497, 0, 0, 0
117000, 2097972, 0, 0, 0
118000, 2135419, 0, 0, 0
119000, 2120677, 0, 0, 0
120000, 2097420, 0, 0, 0
121001, 2148386, 0, 0, 0
122000, 2098396, 0, 0, 0
123001, 2062218, 0, 0, 0
124000, 2057584, 0, 0, 0
125000, 2059157, 0, 0, 0
126000, 2098696, 0, 0, 0
127001, 2018576, 0, 0, 0
128000, 2052706, 0, 0, 0
129000, 2052236, 0, 0, 0
130000, 2069463, 0, 0, 0
131000, 2090718, 0, 0, 0
132000, 2074820, 0, 0, 0
133001, 2063742, 0, 0, 0
134000, 2103052, 0, 0, 0
135001, 2083498, 0, 0, 0
136000, 2105116, 0, 0, 0
137001, 2106920, 0, 0, 0
138000, 2113332, 0, 0, 0
139000, 2078635, 0, 0, 0
140000, 2061927, 0, 0, 0
141000, 2117314, 0, 0, 0
142000, 2159990, 0, 0, 0
143000, 2215753, 0, 0, 0
144001, 2154312, 0, 0, 0
145001, 2041906, 0, 0, 0
146000, 2090449, 0, 0, 0
147000, 2088258, 0, 0, 0
148001, 2072779, 0, 0, 0
149001, 2060999, 0, 0, 0
150000, 2057464, 0, 0, 0
151000, 2060083, 0, 0, 0
152002, 2058344, 0, 0, 0
153000, 2052446, 0, 0, 0
154000, 2047649, 0, 0, 0
155000, 2139481, 0, 0, 0
156000, 2092454, 0, 0, 0
157000, 2108468, 0, 0, 0
158000, 2038595, 0, 0, 0
159000, 2046432, 0, 0, 0
160000, 2233951, 0, 0, 0
161000, 2155313, 0, 0, 0
162000, 2175023, 0, 0, 0
163001, 2168194, 0, 0, 0
164000, 2120586, 0, 0, 0
165000, 2262516, 0, 0, 0
166000, 2186002, 0, 0, 0
167000, 2230986, 0, 0, 0
168000, 2184013, 0, 0, 0
169001, 2360815, 0, 0, 0
170000, 2130711, 0, 0, 0
171001, 2076646, 0, 0, 0
172000, 2091801, 0, 0, 0
173000, 2125415, 0, 0, 0
174000, 2196298, 0, 0, 0
175000, 2121913, 0, 0, 0
176000, 2141016, 0, 0, 0
177000, 2190221, 0, 0, 0
178000, 2246955, 0, 0, 0
179000, 2152524, 0, 0, 0
180000, 2123851, 0, 0, 0
180000, 2106585, 0, 0, 0
