1032, 57850268, 1, 0, 0
2000, 67435010, 1, 0, 0
3001, 67109854, 1, 0, 0
4001, 66810040, 1, 0, 0
5019, 66532917, 1, 0, 0
6027, 67244237, 1, 0, 0
7024, 68119175, 1, 0, 0
8021, 66728802, 1, 0, 0
9031, 66820884, 1, 0, 0
10000, 67330570, 1, 0, 0
11024, 66318358, 1, 0, 0
12021, 66546497, 1, 0, 0
13030, 66208504, 1, 0, 0
14018, 67050521, 1, 0, 0
15017, 67161943, 1, 0, 0
16000, 67558671, 1, 0, 0
17000, 67634251, 1, 0, 0
18019, 66251954, 1, 0, 0
19031, 66642985, 1, 0, 0
20000, 67790106, 1, 0, 0
21021, 66437898, 1, 0, 0
22019, 66668657, 1, 0, 0
23002, 68081834, 1, 0, 0
24022, 66910872, 1, 0, 0
25019, 66718184, 1, 0, 0
26030, 66815696, 1, 0, 0
27002, 67429140, 1, 0, 0
28019, 66194139, 1, 0, 0
29022, 66686063, 1, 0, 0
30022, 67451536, 1, 0, 0
31020, 66449182, 1, 0, 0
32023, 66533346, 1, 0, 0
33003, 67508707, 1, 0, 0
34000, 66822959, 1, 0, 0
35017, 66994597, 1, 0, 0
36000, 68051850, 1, 0, 0
37002, 66732888, 1, 0, 0
38018, 66891337, 1, 0, 0
39000, 67212562, 1, 0, 0
40019, 66535450, 1, 0, 0
41031, 66401077, 1, 0, 0
42000, 67500123, 1, 0, 0
43019, 66713401, 1, 0, 0
44030, 66155663, 1, 0, 0
45000, 67550730, 1, 0, 0
46002, 66692332, 1, 0, 0
47021, 66790397, 1, 0, 0
48017, 66618880, 1, 0, 0
49002, 67618781, 1, 0, 0
50000, 66759542, 1, 0, 0
51016, 66574364, 1, 0, 0
52001, 67274613, 1, 0, 0
53020, 66365567, 1, 0, 0
54021, 66905239, 1, 0, 0
55000, 67340377, 1, 0, 0
56021, 66618365, 1, 0, 0
57030, 66454645, 1, 0, 0
58000, 67876117, 1, 0, 0
59000, 66792138, 1, 0, 0
60000, 66879391, 1, 0, 0
61002, 66603140, 1, 0, 0
62018, 66409373, 1, 0, 0
63000, 67218676, 1, 0, 0
64017, 66808950, 1, 0, 0
65021, 66720214, 1, 0, 0
66017, 66607790, 1, 0, 0
67031, 66936026, 1, 0, 0
68023, 66545420, 1, 0, 0
69017, 66967163, 1, 0, 0
70029, 66693840, 1, 0, 0
71002, 67517060, 1, 0, 0
72018, 66136295, 1, 0, 0
73019, 66534501, 1, 0, 0
74000, 67571521, 1, 0, 0
75031, 66330886, 1, 0, 0
76000, 67634537, 1, 0, 0
77021, 66616936, 1, 0, 0
78033, 66224262, 1, 0, 0
79000, 68083533, 1, 0, 0
80000, 66436342, 1, 0, 0
81030, 66099400, 1, 0, 0
82019, 67160502, 1, 0, 0
83018, 66672757, 1, 0, 0
84030, 66423895, 1, 0, 0
85017, 66911542, 1, 0, 0
86020, 66884194, 1, 0, 0
87001, 67471091, 1, 0, 0
88000, 66912228, 1, 0, 0
89001, 66571967, 1, 0, 0
90000, 67254746, 1, 0, 0
91020, 66562190, 1, 0, 0
92031, 66372814, 1, 0, 0
93026, 67228029, 1, 0, 0
94020, 67290274, 1, 0, 0
95031, 66631425, 1, 0, 0
96000, 67615810, 1, 0, 0
97000, 67233647, 1, 0, 0
98019, 66435025, 1, 0, 0
99031, 66703087, 1, 0, 0
100000, 67488737, 1, 0, 0
101023, 66495954, 1, 0, 0
102000, 66906877, 1, 0, 0
103000, 67638988, 1, 0, 0
104022, 66095452, 1, 0, 0
105019, 66836696, 1, 0, 0
106028, 66442122, 1, 0, 0
107024, 67269315, 1, 0, 0
108031, 66662394, 1, 0, 0
109000, 67843950, 1, 0, 0
110019, 66687506, 1, 0, 0
111027, 66454154, 1, 0, 0
112023, 66732084, 1, 0, 0
113018, 67138570, 1, 0, 0
114033, 66136254, 1, 0, 0
115000, 67465088, 1, 0, 0
116003, 66619404, 1, 0, 0
117019, 66740375, 1, 0, 0
118000, 66786858, 1, 0, 0
119006, 66764959, 1, 0, 0
120031, 66710771, 1, 0, 0
121000, 66709729, 1, 0, 0
122019, 66854708, 1, 0, 0
123000, 67616252, 1, 0, 0
124021, 66290009, 1, 0, 0
125029, 66441334, 1, 0, 0
126000, 67916060, 1, 0, 0
127000, 66380334, 1, 0, 0
128020, 66700057, 1, 0, 0
129019, 66731381, 1, 0, 0
130023, 66959044, 1, 0, 0
131034, 66873526, 1, 0, 0
132000, 67498764, 1, 0, 0
133000, 66795332, 1, 0, 0
134022, 66296880, 1, 0, 0
135017, 66617598, 1, 0, 0
136027, 67097706, 1, 0, 0
137019, 66659805, 1, 0, 0
138028, 66690629, 1, 0, 0
139000, 67381990, 1, 0, 0
140020, 66035290, 1, 0, 0
141032, 66603619, 1, 0, 0
142000, 67427494, 1, 0, 0
143020, 66216566, 1, 0, 0
144018, 66600898, 1, 0, 0
145022, 67357873, 1, 0, 0
146019, 66733766, 1, 0, 0
147031, 66503359, 1, 0, 0
148027, 66477836, 1, 0, 0
149021, 67206393, 1, 0, 0
150025, 66574798, 1, 0, 0
151025, 66922806, 1, 0, 0
152018, 66769501, 1, 0, 0
153000, 67299783, 1, 0, 0
154025, 66751997, 1, 0, 0
155016, 66315996, 1, 0, 0
156001, 67318946, 1, 0, 0
157001, 66637082, 1, 0, 0
158017, 66205476, 1, 0, 0
159027, 67060073, 1, 0, 0
160020, 66869835, 1, 0, 0
161021, 67007890, 1, 0, 0
162016, 66423937, 1, 0, 0
163029, 66513073, 1, 0, 0
164020, 67348926, 1, 0, 0
165031, 66226507, 1, 0, 0
166000, 68049727, 1, 0, 0
167018, 66203849, 1, 0, 0
168020, 66335808, 1, 0, 0
169000, 67437550, 1, 0, 0
170021, 66587340, 1, 0, 0
171028, 66379376, 1, 0, 0
172025, 67232034, 1, 0, 0
173000, 66754639, 1, 0, 0
174019, 66805667, 1, 0, 0
175019, 66510726, 1, 0, 0
176022, 67596967, 1, 0, 0
177018, 67756351, 1, 0, 0
178020, 68701872, 1, 0, 0
179000, 64180759, 1, 0, 0
180017, 66760489, 1, 0, 0
180072, 102811764, 1, 0, 0
