1006, 3709130, 0, 0, 0
2001, 4183644, 0, 0, 0
3009, 4248724, 0, 0, 0
4005, 4177430, 0, 0, 0
5001, 4148625, 0, 0, 0
6012, 4173989, 0, 0, 0
7002, 4184665, 0, 0, 0
8001, 4188133, 0, 0, 0
9008, 4223895, 0, 0, 0
10000, 4114893, 0, 0, 0
11002, 4198807, 0, 0, 0
12013, 4175961, 0, 0, 0
13007, 4252029, 0, 0, 0
14000, 4148217, 0, 0, 0
15014, 4165427, 0, 0, 0
16005, 4217884, 0, 0, 0
17003, 4165034, 0, 0, 0
18000, 4160174, 0, 0, 0
19000, 4252037, 0, 0, 0
20003, 4153081, 0, 0, 0
21003, 4167388, 0, 0, 0
22006, 4213743, 0, 0, 0
23002, 4167192, 0, 0, 0
24012, 4252295, 0, 0, 0
25009, 4154570, 0, 0, 0
26004, 4175460, 0, 0, 0
27000, 4207854, 0, 0, 0
28009, 4182899, 0, 0, 0
29003, 4144094, 0, 0, 0
30014, 4134409, 0, 0, 0
31001, 4223826, 0, 0, 0
32001, 4159225, 0, 0, 0
33000, 4229207, 0, 0, 0
34005, 4170054, 0, 0, 0
35000, 4177164, 0, 0, 0
36012, 4232578, 0, 0, 0
37009, 4138206, 0, 0, 0
38007, 4194378, 0, 0, 0
39002, 4165706, 0, 0, 0
40012, 4141184, 0, 0, 0
41006, 4227828, 0, 0, 0
42002, 4162790, 0, 0, 0
43005, 4207647, 0, 0, 0
44005, 4188907, 0, 0, 0
45000, 4188049, 0, 0, 0
46004, 4190577, 0, 0, 0
47005, 4163152, 0, 0, 0
48000, 4182369, 0, 0, 0
49011, 4198739, 0, 0, 0
50009, 4201256, 0, 0, 0
51003, 4143504, 0, 0, 0
52005, 4170614, 0, 0, 0
53008, 4159654, 0, 0, 0
54002, 4316398, 0, 0, 0
55014, 4165280, 0, 0, 0
56011, 4230769, 0, 0, 0
57006, 4127848, 0, 0, 0
58001, 4196952, 0, 0, 0
59013, 4168751, 0, 0, 0
60000, 4256110, 0, 0, 0
61003, 4153928, 0, 0, 0
62003, 4150370, 0, 0, 0
63006, 4211669, 0, 0, 0
64000, 4138012, 0, 0, 0
65002, 4246748, 0, 0, 0
66003, 4132355, 0, 0, 0
67012, 4163233, 0, 0, 0
68000, 4224741, 0, 0, 0
69001, 4113278, 0, 0, 0
70004, 4210072, 0, 0, 0
71003, 4133329, 0, 0, 0
72014, 4170012, 0, 0, 0
73004, 4242650, 0, 0, 0
74001, 4160748, 0, 0, 0
75012, 4166805, 0, 0, 0
76004, 4199877, 0, 0, 0
77000, 4226363, 0, 0, 0
78012, 4140911, 0, 0, 0
79007, 4245226, 0, 0, 0
80003, 4171403, 0, 0, 0
81001, 4171381, 0, 0, 0
82005, 4241502, 0, 0, 0
83003, 4147433, 0, 0, 0
84000, 4164693, 0, 0, 0
85010, 4270882, 0, 0, 0
86008, 4141896, 0, 0, 0
87000, 4159025, 0, 0, 0
88000, 4181329, 0, 0, 0
89005, 4210750, 0, 0, 0
90002, 4180989, 0, 0, 0
91000, 4167092, 0, 0, 0
92008, 4219367, 0, 0, 0
93000, 4205246, 0, 0, 0
94000, 4240342, 0, 0, 0
95004, 4107983, 0, 0, 0
96000, 4251963, 0, 0, 0
97000, 4154415, 0, 0, 0
98005, 4180788, 0, 0, 0
99001, 4156011, 0, 0, 0
100014, 4175964, 0, 0, 0
101008, 4159736, 0, 0, 0
102007, 4224247, 0, 0, 0
103002, 4114485, 0, 0, 0
104008, 4200836, 0, 0, 0
105006, 4213720, 0, 0, 0
106001, 4143618, 0, 0, 0
107010, 4151747, 0, 0, 0
108001, 4209447, 0, 0, 0
109012, 4189916, 0, 0, 0
110006, 4192759, 0, 0, 0
111000, 4148986, 0, 0, 0
112012, 4177472, 0, 0, 0
113007, 4227095, 0, 0, 0
114002, 4145469, 0, 0, 0
115000, 4199159, 0, 0, 0
116000, 4147076, 0, 0, 0
117009, 4206729, 0, 0, 0
118006, 4181818, 0, 0, 0
119001, 4162024, 0, 0, 0
120006, 4209164, 0, 0, 0
121008, 4238476, 0, 0, 0
122004, 4163020, 0, 0, 0
123000, 4198345, 0, 0, 0
124000, 4220532, 0, 0, 0
125001, 4103962, 0, 0, 0
126005, 4162679, 0, 0, 0
127000, 4251457, 0, 0, 0
128002, 4108372, 0, 0, 0
129030, 4178362, 0, 0, 0
130001, 4200262, 0, 0, 0
131006, 4186065, 0, 0, 0
132000, 4137280, 0, 0, 0
133012, 4198146, 0, 0, 0
134007, 4248628, 0, 0, 0
135002, 4157568, 0, 0, 0
136005, 4161703, 0, 0, 0
137006, 4244079, 0, 0, 0
138001, 4147989, 0, 0, 0
139008, 4216295, 0, 0, 0
140003, 4163980, 0, 0, 0
141013, 4173385, 0, 0, 0
142007, 4256794, 0, 0, 0
143001, 4139033, 0, 0, 0
144007, 4170327, 0, 0, 0
145007, 4220969, 0, 0, 0
146002, 4164485, 0, 0, 0
147013, 4149368, 0, 0, 0
148009, 4211195, 0, 0, 0
149004, 4161040, 0, 0, 0
150000, 4255854, 0, 0, 0
151003, 4159470, 0, 0, 0
152000, 4206883, 0, 0, 0
153000, 4182199, 0, 0, 0
154008, 4157830, 0, 0, 0
155000, 4192945, 0, 0, 0
156000, 4187346, 0, 0, 0
157009, 4126602, 0, 0, 0
158000, 4159550, 0, 0, 0
159004, 4140160, 0, 0, 0
160007, 4239133, 0, 0, 0
161002, 4178706, 0, 0, 0
162005, 4129903, 0, 0, 0
163000, 4249443, 0, 0, 0
164004, 4095443, 0, 0, 0
165000, 4242571, 0, 0, 0
166007, 4166590, 0, 0, 0
167001, 4135245, 0, 0, 0
168000, 4242218, 0, 0, 0
169012, 4159152, 0, 0, 0
170006, 4232370, 0, 0, 0
171004, 4165801, 0, 0, 0
172002, 4185684, 0, 0, 0
173000, 4209406, 0, 0, 0
174008, 4167061, 0, 0, 0
175002, 4213523, 0, 0, 0
176001, 4183621, 0, 0, 0
177000, 4181760, 0, 0, 0
178006, 4261181, 0, 0, 0
179000, 4190368, 0, 0, 0
180000, 4235039, 0, 0, 0
180002, 3892018, 0, 0, 0
