1002, 14693516, 1, 0, 0
2000, 16131193, 1, 0, 0
3000, 16726864, 1, 0, 0
4001, 17083018, 1, 0, 0
5000, 16240863, 1, 0, 0
6000, 16255651, 1, 0, 0
7002, 16923502, 1, 0, 0
8000, 16521111, 1, 0, 0
9024, 16653571, 1, 0, 0
10000, 17594984, 1, 0, 0
11001, 16155256, 1, 0, 0
12000, 16907098, 1, 0, 0
13000, 16308157, 1, 0, 0
14001, 16594137, 1, 0, 0
15000, 16329668, 1, 0, 0
16000, 16586155, 1, 0, 0
17001, 16489887, 1, 0, 0
18001, 16760392, 1, 0, 0
19000, 16982350, 1, 0, 0
20000, 16573928, 1, 0, 0
21000, 16675969, 1, 0, 0
22001, 16467339, 1, 0, 0
23003, 16831392, 1, 0, 0
24000, 17162274, 1, 0, 0
25001, 16898389, 1, 0, 0
26001, 17337354, 1, 0, 0
27000, 16201406, 1, 0, 0
28002, 15898441, 1, 0, 0
29001, 16628205, 1, 0, 0
30000, 16232960, 1, 0, 0
31027, 16750633, 1, 0, 0
32037, 16334052, 1, 0, 0
33000, 16958265, 1, 0, 0
34001, 16945955, 1, 0, 0
35001, 16714606, 1, 0, 0
36001, 16580642, 1, 0, 0
37000, 16663079, 1, 0, 0
38000, 16998380, 1, 0, 0
39000, 16670423, 1, 0, 0
40034, 16502102, 1, 0, 0
41000, 16645086, 1, 0, 0
42025, 16387934, 1, 0, 0
43027, 16588976, 1, 0, 0
44034, 16447815, 1, 0, 0
45000, 16882634, 1, 0, 0
46001, 16866096, 1, 0, 0
47001, 16967162, 1, 0, 0
48027, 16465313, 1, 0, 0
49000, 17212579, 1, 0, 0
50000, 16744481, 1, 0, 0
51024, 16650520, 1, 0, 0
52000, 16662741, 1, 0, 0
53000, 16535832, 1, 0, 0
54001, 16392534, 1, 0, 0
55000, 16964583, 1, 0, 0
56001, 16772473, 1, 0, 0
57039, 16630736, 1, 0, 0
58000, 17072723, 1, 0, 0
59038, 16568126, 1, 0, 0
60000, 16861965, 1, 0, 0
61000, 16562483, 1, 0, 0
62000, 16760864, 1, 0, 0
63000, 16350391, 1, 0, 0
64024, 16805457, 1, 0, 0
65000, 16977440, 1, 0, 0
66001, 16595561, 1, 0, 0
67033, 16742748, 1, 0, 0
68000, 16668385, 1, 0, 0
69000, 16976343, 1, 0, 0
70000, 17329426, 1, 0, 0
71023, 16494544, 1, 0, 0
72001, 16568185, 1, 0, 0
73000, 16456203, 1, 0, 0
74000, 16989561, 1, 0, 0
75001, 16135762, 1, 0, 0
76001, 16713979, 1, 0, 0
77001, 16915755, 1, 0, 0
78027, 16265091, 1, 0, 0
79000, 17167327, 1, 0, 0
80024, 16112312, 1, 0, 0
81001, 17350154, 1, 0, 0
82001, 16053109, 1, 0, 0
83000, 16876404, 1, 0, 0
84001, 17086445, 1, 0, 0
85000, 16487392, 1, 0, 0
86001, 16565227, 1, 0, 0
87000, 16783148, 1, 0, 0
88000, 16591662, 1, 0, 0
89000, 17130996, 1, 0, 0
90000, 16907305, 1, 0, 0
91025, 16758128, 1, 0, 0
92001, 16663071, 1, 0, 0
93001, 16496206, 1, 0, 0
94000, 17334147, 1, 0, 0
95029, 16311352, 1, 0, 0
96001, 17441980, 1, 0, 0
97000, 16553388, 1, 0, 0
98030, 16633706, 1, 0, 0
99024, 17062188, 1, 0, 0
100000, 16630804, 1, 0, 0
101000, 17438801, 1, 0, 0
102030, 16046690, 1, 0, 0
103000, 16294177, 1, 0, 0
104000, 16581350, 1, 0, 0
105001, 17174427, 1, 0, 0
106001, 16911668, 1, 0, 0
107000, 17081558, 1, 0, 0
108000, 16234923, 1, 0, 0
109001, 16674861, 1, 0, 0
110000, 17271443, 1, 0, 0
111000, 16500238, 1, 0, 0
112000, 16966007, 1, 0, 0
113000, 16140676, 1, 0, 0
114000, 16876024, 1, 0, 0
115000, 16241360, 1, 0, 0
116000, 16729011, 1, 0, 0
117000, 17008603, 1, 0, 0
118001, 17066825, 1, 0, 0
119001, 16051132, 1, 0, 0
120033, 16602249, 1, 0, 0
121001, 16438619, 1, 0, 0
122001, 16829109, 1, 0, 0
123000, 16810673, 1, 0, 0
124000, 16531765, 1, 0, 0
125000, 16498293, 1, 0, 0
126001, 17283255, 1, 0, 0
127000, 16710558, 1, 0, 0
128000, 16874843, 1, 0, 0
129001, 17063651, 1, 0, 0
130001, 16623434, 1, 0, 0
131000, 17203736, 1, 0, 0
132000, 16483984, 1, 0, 0
133026, 16336973, 1, 0, 0
134001, 17187940, 1, 0, 0
135000, 16782848, 1, 0, 0
136004, 16971808, 1, 0, 0
137000, 17109888, 1, 0, 0
138001, 16304924, 1, 0, 0
139000, 17298934, 1, 0, 0
140000, 16361966, 1, 0, 0
141000, 17804028, 1, 0, 0
142001, 16643986, 1, 0, 0
143000, 16671323, 1, 0, 0
144001, 16588645, 1, 0, 0
145002, 16765407, 1, 0, 0
146000, 16489562, 1, 0, 0
147000, 16483588, 1, 0, 0
148000, 16866242, 1, 0, 0
149001, 16284564, 1, 0, 0
150000, 16870692, 1, 0, 0
151027, 16603829, 1, 0, 0
152001, 16925152, 1, 0, 0
153027, 16303756, 1, 0, 0
154037, 16802270, 1, 0, 0
155000, 16820278, 1, 0, 0
156000, 16751968, 1, 0, 0
157000, 16664865, 1, 0, 0
158000, 16497987, 1, 0, 0
159037, 16711456, 1, 0, 0
160001, 17219290, 1, 0, 0
161000, 16467229, 1, 0, 0
162000, 16856920, 1, 0, 0
163000, 16511839, 1, 0, 0
164000, 17372630, 1, 0, 0
165000, 16669030, 1, 0, 0
166000, 16037688, 1, 0, 0
167000, 17122703, 1, 0, 0
168003, 16397319, 1, 0, 0
169023, 16790795, 1, 0, 0
170001, 17372244, 1, 0, 0
171000, 16526351, 1, 0, 0
172000, 16432881, 1, 0, 0
173000, 16755987, 1, 0, 0
174024, 16493776, 1, 0, 0
175000, 16453813, 1, 0, 0
176026, 16295023, 1, 0, 0
177030, 16747200, 1, 0, 0
178000, 16706285, 1, 0, 0
179035, 16766053, 1, 0, 0
180001, 17075245, 1, 0, 0
180029, 33125273, 1, 0, 0
