1000, 525, 1, 0, 0
2000, 478, 1, 0, 0
3001, 470, 1, 0, 0
4001, 495, 1, 0, 0
5001, 464, 1, 0, 0
6001, 483, 1, 0, 0
7000, 464, 1, 0, 0
8000, 474, 1, 0, 0
9001, 466, 1, 0, 0
10001, 491, 1, 0, 0
11000, 454, 1, 0, 0
12001, 461, 1, 0, 0
13001, 440, 1, 0, 0
14001, 466, 1, 0, 0
15000, 493, 1, 0, 0
16000, 475, 1, 0, 0
17001, 517, 1, 0, 0
18001, 464, 1, 0, 0
19001, 484, 1, 0, 0
20001, 498, 1, 0, 0
21001, 460, 1, 0, 0
22001, 448, 1, 0, 0
23001, 497, 1, 0, 0
24001, 463, 1, 0, 0
25001, 459, 1, 0, 0
26001, 453, 1, 0, 0
27000, 444, 1, 0, 0
28000, 478, 1, 0, 0
29000, 478, 1, 0, 0
30000, 458, 1, 0, 0
31001, 469, 1, 0, 0
32001, 485, 1, 0, 0
33001, 486, 1, 0, 0
34000, 472, 1, 0, 0
35000, 517, 1, 0, 0
36001, 471, 1, 0, 0
37001, 485, 1, 0, 0
38001, 470, 1, 0, 0
39001, 466, 1, 0, 0
40000, 484, 1, 0, 0
41000, 490, 1, 0, 0
42000, 469, 1, 0, 0
43001, 457, 1, 0, 0
44001, 494, 1, 0, 0
45001, 505, 1, 0, 0
46001, 516, 1, 0, 0
47000, 446, 1, 0, 0
48000, 482, 1, 0, 0
49001, 487, 1, 0, 0
50001, 462, 1, 0, 0
51001, 477, 1, 0, 0
52000, 459, 1, 0, 0
53000, 505, 1, 0, 0
54001, 483, 1, 0, 0
55001, 463, 1, 0, 0
56001, 506, 1, 0, 0
57000, 503, 1, 0, 0
58000, 464, 1, 0, 0
59001, 483, 1, 0, 0
60001, 457, 1, 0, 0
61001, 509, 1, 0, 0
62001, 436, 1, 0, 0
63000, 450, 1, 0, 0
64001, 478, 1, 0, 0
65001, 468, 1, 0, 0
66001, 476, 1, 0, 0
67000, 453, 1, 0, 0
68000, 471, 1, 0, 0
69000, 492, 1, 0, 0
70001, 456, 1, 0, 0
71001, 504, 1, 0, 0
72001, 526, 1, 0, 0
73000, 478, 1, 0, 0
74000, 496, 1, 0, 0
75001, 501, 1, 0, 0
76001, 473, 1, 0, 0
77001, 495, 1, 0, 0
78001, 473, 1, 0, 0
79001, 461, 1, 0, 0
80001, 476, 1, 0, 0
81000, 465, 1, 0, 0
82000, 475, 1, 0, 0
83001, 472, 1, 0, 0
84001, 482, 1, 0, 0
85001, 476, 1, 0, 0
86001, 502, 1, 0, 0
87001, 481, 1, 0, 0
88001, 455, 1, 0, 0
89000, 472, 1, 0, 0
90001, 502, 1, 0, 0
91001, 482, 1, 0, 0
92001, 472, 1, 0, 0
93001, 464, 1, 0, 0
94000, 498, 1, 0, 0
95001, 480, 1, 0, 0
96000, 449, 1, 0, 0
97001, 460, 1, 0, 0
98001, 498, 1, 0, 0
99001, 505, 1, 0, 0
100001, 487, 1, 0, 0
101000, 499, 1, 0, 0
102000, 488, 1, 0, 0
103001, 481, 1, 0, 0
104001, 499, 1, 0, 0
105001, 490, 1, 0, 0
106000, 471, 1, 0, 0
107000, 482, 1, 0, 0
108001, 472, 1, 0, 0
109001, 478, 1, 0, 0
110001, 516, 1, 0, 0
111001, 474, 1, 0, 0
112001, 477, 1, 0, 0
113001, 471, 1, 0, 0
114001, 513, 1, 0, 0
115001, 484, 1, 0, 0
116001, 489, 1, 0, 0
117000, 482, 1, 0, 0
118000, 504, 1, 0, 0
119001, 484, 1, 0, 0
120001, 488, 1, 0, 0
121001, 482, 1, 0, 0
122001, 474, 1, 0, 0
123001, 479, 1, 0, 0
124000, 467, 1, 0, 0
125000, 467, 1, 0, 0
126001, 473, 1, 0, 0
127001, 490, 1, 0, 0
128001, 495, 1, 0, 0
129001, 461, 1, 0, 0
130000, 475, 1, 0, 0
131000, 470, 1, 0, 0
132001, 491, 1, 0, 0
133001, 497, 1, 0, 0
134001, 516, 1, 0, 0
135001, 491, 1, 0, 0
136001, 501, 1, 0, 0
137000, 455, 1, 0, 0
138000, 471, 1, 0, 0
139001, 472, 1, 0, 0
140001, 480, 1, 0, 0
141001, 466, 1, 0, 0
142000, 459, 1, 0, 0
143000, 464, 1, 0, 0
144001, 505, 1, 0, 0
145001, 477, 1, 0, 0
146001, 479, 1, 0, 0
147000, 484, 1, 0, 0
148000, 475, 1, 0, 0
149000, 489, 1, 0, 0
150001, 475, 1, 0, 0
151001, 483, 1, 0, 0
152001, 499, 1, 0, 0
153000, 486, 1, 0, 0
154001, 478, 1, 0, 0
155001, 488, 1, 0, 0
156001, 486, 1, 0, 0
157000, 479, 1, 0, 0
158001, 474, 1, 0, 0
159001, 493, 1, 0, 0
160000, 453, 1, 0, 0
161000, 479, 1, 0, 0
162000, 460, 1, 0, 0
163001, 499, 1, 0, 0
164001, 461, 1, 0, 0
165000, 491, 1, 0, 0
166000, 480, 1, 0, 0
167001, 466, 1, 0, 0
168001, 480, 1, 0, 0
169000, 435, 1, 0, 0
170001, 463, 1, 0, 0
171001, 489, 1, 0, 0
172001, 471, 1, 0, 0
173000, 494, 1, 0, 0
174000, 478, 1, 0, 0
175001, 478, 1, 0, 0
176001, 501, 1, 0, 0
177001, 520, 1, 0, 0
178001, 488, 1, 0, 0
179000, 471, 1, 0, 0
180001, 477, 1, 0, 0
