1036, 2258, 0, 0, 0
2038, 2430, 0, 0, 0
3038, 2368, 0, 0, 0
4000, 2265, 0, 0, 0
5000, 2399, 0, 0, 0
6000, 2997, 0, 0, 0
7045, 2309, 0, 0, 0
8002, 2729, 0, 0, 0
9034, 2902, 0, 0, 0
10000, 2587, 0, 0, 0
11000, 2392, 0, 0, 0
12033, 2448, 0, 0, 0
13031, 2233, 0, 0, 0
14000, 2228, 0, 0, 0
15032, 2167, 0, 0, 0
16000, 2164, 0, 0, 0
17000, 2090, 0, 0, 0
18034, 2249, 0, 0, 0
19000, 2010, 0, 0, 0
20031, 2068, 0, 0, 0
21000, 2153, 0, 0, 0
22032, 2198, 0, 0, 0
23000, 2141, 0, 0, 0
24033, 2259, 0, 0, 0
25000, 2197, 0, 0, 0
26000, 2268, 0, 0, 0
27044, 56604, 0, 0, 0
28001, 3127, 0, 0, 0
29034, 2117, 0, 0, 0
30047, 2257, 0, 0, 0
31000, 2056, 0, 0, 0
32000, 4918, 0, 0, 0
33030, 2467, 0, 0, 0
34000, 80512, 0, 0, 0
35000, 2301, 0, 0, 0
36000, 2102, 0, 0, 0
37035, 2130, 0, 0, 0
38031, 5044, 0, 0, 0
39040, 2260, 0, 0, 0
40034, 2203, 0, 0, 0
41032, 2109, 0, 0, 0
42046, 2315, 0, 0, 0
43000, 2020, 0, 0, 0
44000, 2435, 0, 0, 0
45036, 13618, 0, 0, 0
46033, 5938, 0, 0, 0
47038, 2108, 0, 0, 0
48033, 2068, 0, 0, 0
49000, 2054, 0, 0, 0
50030, 2006, 0, 0, 0
51032, 2058, 0, 0, 0
52001, 3395, 0, 0, 0
53034, 1991, 0, 0, 0
54044, 2018, 0, 0, 0
55000, 2102, 0, 0, 0
56034, 7177, 0, 0, 0
57045, 3574, 0, 0, 0
58032, 2317, 0, 0, 0
59034, 3671, 0, 0, 0
60044, 90977, 0, 0, 0
61037, 3064, 0, 0, 0
62032, 2096, 0, 0, 0
63044, 2059, 0, 0, 0
64000, 6746, 0, 0, 0
65032, 2228, 0, 0, 0
66000, 5873, 0, 0, 0
67032, 2190, 0, 0, 0
68030, 3551, 0, 0, 0
69000, 2150, 0, 0, 0
70000, 2355, 0, 0, 0
71032, 3133, 0, 0, 0
72000, 8722, 0, 0, 0
73000, 4736, 0, 0, 0
74031, 5872, 0, 0, 0
75031, 2131, 0, 0, 0
76000, 2168, 0, 0, 0
77000, 2061, 0, 0, 0
78031, 2160, 0, 0, 0
79036, 1987, 0, 0, 0
80000, 2640, 0, 0, 0
81044, 2031, 0, 0, 0
82000, 2144, 0, 0, 0
83034, 3414, 0, 0, 0
84000, 2136, 0, 0, 0
85000, 2339, 0, 0, 0
86031, 2025, 0, 0, 0
87000, 1952, 0, 0, 0
88032, 80195, 0, 0, 0
89030, 2913, 0, 0, 0
90001, 2244, 0, 0, 0
91000, 2005, 0, 0, 0
92044, 2017, 0, 0, 0
93000, 1997, 0, 0, 0
94034, 2049, 0, 0, 0
95029, 2004, 0, 0, 0
96000, 2106, 0, 0, 0
97000, 6008, 0, 0, 0
98031, 2196, 0, 0, 0
99000, 2389, 0, 0, 0
100032, 2296, 0, 0, 0
101039, 3218, 0, 0, 0
102000, 2523, 0, 0, 0
103032, 2325, 0, 0, 0
104044, 2181, 0, 0, 0
105036, 6435, 0, 0, 0
106033, 2176, 0, 0, 0
107044, 2068, 0, 0, 0
108000, 2087, 0, 0, 0
109039, 82557, 0, 0, 0
110032, 3571, 0, 0, 0
111000, 3266, 0, 0, 0
112035, 2100, 0, 0, 0
113003, 3462, 0, 0, 0
114036, 2077, 0, 0, 0
115031, 2576, 0, 0, 0
116034, 2170, 0, 0, 0
117034, 2071, 0, 0, 0
118042, 2069, 0, 0, 0
119035, 2170, 0, 0, 0
120030, 2212, 0, 0, 0
121001, 2208, 0, 0, 0
122001, 3033, 0, 0, 0
123031, 3122, 0, 0, 0
124000, 3555, 0, 0, 0
125000, 3644, 0, 0, 0
126034, 2881, 0, 0, 0
127000, 2148, 0, 0, 0
128034, 2112, 0, 0, 0
129000, 2266, 0, 0, 0
130034, 2050, 0, 0, 0
131000, 2149, 0, 0, 0
132034, 2056, 0, 0, 0
133044, 2359, 0, 0, 0
134001, 2000, 0, 0, 0
135032, 2402, 0, 0, 0
136001, 2052, 0, 0, 0
137030, 2080, 0, 0, 0
138034, 3099, 0, 0, 0
139029, 2173, 0, 0, 0
140000, 2106, 0, 0, 0
141033, 2033, 0, 0, 0
142044, 2077, 0, 0, 0
143032, 2013, 0, 0, 0
144033, 3302, 0, 0, 0
145003, 3663, 0, 0, 0
146032, 7040, 0, 0, 0
147000, 2046, 0, 0, 0
148000, 2867, 0, 0, 0
149044, 2108, 0, 0, 0
150000, 5641, 0, 0, 0
151032, 2087, 0, 0, 0
152029, 2097, 0, 0, 0
153039, 2063, 0, 0, 0
154034, 2240, 0, 0, 0
155030, 2248, 0, 0, 0
156000, 12739, 0, 0, 0
157032, 2890, 0, 0, 0
158029, 2154, 0, 0, 0
159000, 7365, 0, 0, 0
160033, 2261, 0, 0, 0
161030, 12468, 0, 0, 0
162000, 4256, 0, 0, 0
163032, 2115, 0, 0, 0
164000, 2097, 0, 0, 0
165000, 2072, 0, 0, 0
166032, 3968, 0, 0, 0
167043, 3766, 0, 0, 0
168000, 2007, 0, 0, 0
169033, 2155, 0, 0, 0
170000, 3075, 0, 0, 0
171000, 5575, 0, 0, 0
172045, 2077, 0, 0, 0
173000, 2374, 0, 0, 0
174029, 4301, 0, 0, 0
175000, 2247, 0, 0, 0
176034, 2124, 0, 0, 0
177029, 2191, 0, 0, 0
178040, 2376, 0, 0, 0
179031, 3509, 0, 0, 0
180091, 10047, 0, 0, 0
