1000, 1077, 1, 0, 0
2000, 956, 1, 0, 0
3000, 948, 1, 0, 0
4000, 956, 1, 0, 0
5001, 960, 1, 0, 0
6001, 959, 1, 0, 0
7001, 954, 1, 0, 0
8001, 952, 1, 0, 0
9001, 944, 1, 0, 0
10001, 949, 1, 0, 0
11001, 948, 1, 0, 0
12001, 966, 1, 0, 0
13000, 941, 1, 0, 0
14000, 955, 1, 0, 0
15000, 949, 1, 0, 0
16000, 965, 1, 0, 0
17000, 949, 1, 0, 0
18000, 939, 1, 0, 0
19000, 935, 1, 0, 0
20001, 966, 1, 0, 0
21001, 959, 1, 0, 0
22001, 968, 1, 0, 0
23001, 931, 1, 0, 0
24001, 955, 1, 0, 0
25001, 964, 1, 0, 0
26001, 952, 1, 0, 0
27001, 935, 1, 0, 0
28000, 950, 1, 0, 0
29000, 950, 1, 0, 0
30001, 979, 1, 0, 0
31000, 957, 1, 0, 0
32000, 949, 1, 0, 0
33000, 938, 1, 0, 0
34001, 997, 1, 0, 0
35001, 962, 1, 0, 0
36001, 960, 1, 0, 0
37001, 950, 1, 0, 0
38001, 946, 1, 0, 0
39001, 968, 1, 0, 0
40001, 934, 1, 0, 0
41001, 950, 1, 0, 0
42001, 950, 1, 0, 0
43001, 950, 1, 0, 0
44000, 966, 1, 0, 0
45000, 960, 1, 0, 0
46001, 954, 1, 0, 0
47001, 954, 1, 0, 0
48001, 955, 1, 0, 0
49001, 951, 1, 0, 0
50001, 960, 1, 0, 0
51001, 955, 1, 0, 0
52001, 964, 1, 0, 0
53000, 945, 1, 0, 0
54000, 948, 1, 0, 0
55001, 956, 1, 0, 0
56001, 973, 1, 0, 0
57001, 974, 1, 0, 0
58001, 945, 1, 0, 0
59001, 929, 1, 0, 0
60001, 953, 1, 0, 0
61001, 948, 1, 0, 0
62000, 957, 1, 0, 0
63000, 941, 1, 0, 0
64001, 960, 1, 0, 0
65001, 952, 1, 0, 0
66001, 960, 1, 0, 0
67001, 953, 1, 0, 0
68001, 929, 1, 0, 0
69001, 963, 1, 0, 0
70001, 955, 1, 0, 0
71001, 937, 1, 0, 0
72000, 978, 1, 0, 0
73000, 986, 1, 0, 0
74000, 963, 1, 0, 0
75000, 946, 1, 0, 0
76001, 969, 1, 0, 0
77001, 961, 1, 0, 0
78001, 955, 1, 0, 0
79001, 988, 1, 0, 0
80001, 957, 1, 0, 0
81001, 959, 1, 0, 0
82000, 945, 1, 0, 0
83000, 970, 1, 0, 0
84001, 978, 1, 0, 0
85001, 959, 1, 0, 0
86001, 959, 1, 0, 0
87001, 934, 1, 0, 0
88001, 982, 1, 0, 0
89001, 942, 1, 0, 0
90001, 964, 1, 0, 0
91000, 954, 1, 0, 0
92000, 964, 1, 0, 0
93001, 967, 1, 0, 0
94001, 931, 1, 0, 0
95001, 960, 1, 0, 0
96001, 966, 1, 0, 0
97001, 977, 1, 0, 0
98000, 955, 1, 0, 0
99000, 963, 1, 0, 0
100000, 959, 1, 0, 0
101001, 942, 1, 0, 0
102001, 983, 1, 0, 0
103001, 971, 1, 0, 0
104001, 947, 1, 0, 0
105001, 951, 1, 0, 0
106001, 965, 1, 0, 0
107001, 962, 1, 0, 0
108000, 957, 1, 0, 0
109001, 943, 1, 0, 0
110001, 964, 1, 0, 0
111001, 951, 1, 0, 0
112001, 946, 1, 0, 0
113001, 948, 1, 0, 0
114000, 943, 1, 0, 0
115000, 960, 1, 0, 0
116001, 944, 1, 0, 0
117001, 951, 1, 0, 0
118001, 951, 1, 0, 0
119000, 945, 1, 0, 0
120000, 961, 1, 0, 0
121001, 968, 1, 0, 0
122001, 957, 1, 0, 0
123001, 947, 1, 0, 0
124001, 959, 1, 0, 0
125001, 953, 1, 0, 0
126000, 940, 1, 0, 0
127000, 952, 1, 0, 0
128001, 976, 1, 0, 0
129001, 973, 1, 0, 0
130001, 963, 1, 0, 0
131001, 945, 1, 0, 0
132001, 960, 1, 0, 0
133001, 962, 1, 0, 0
134000, 941, 1, 0, 0
135000, 813, 1, 0, 0
136000, 967, 1, 0, 0
137001, 962, 1, 0, 0
138001, 973, 1, 0, 0
139001, 964, 1, 0, 0
140001, 934, 1, 0, 0
141001, 958, 1, 0, 0
142001, 962, 1, 0, 0
143001, 971, 1, 0, 0
144001, 943, 1, 0, 0
145001, 948, 1, 0, 0
146001, 966, 1, 0, 0
147000, 950, 1, 0, 0
148000, 957, 1, 0, 0
149000, 970, 1, 0, 0
150001, 955, 1, 0, 0
151001, 947, 1, 0, 0
152001, 940, 1, 0, 0
153001, 958, 1, 0, 0
154001, 959, 1, 0, 0
155001, 946, 1, 0, 0
156001, 946, 1, 0, 0
157001, 973, 1, 0, 0
158001, 958, 1, 0, 0
159001, 939, 1, 0, 0
160001, 977, 1, 0, 0
161001, 956, 1, 0, 0
162000, 954, 1, 0, 0
163000, 964, 1, 0, 0
164000, 956, 1, 0, 0
165000, 934, 1, 0, 0
166001, 952, 1, 0, 0
167001, 950, 1, 0, 0
168001, 958, 1, 0, 0
169001, 943, 1, 0, 0
170001, 969, 1, 0, 0
171001, 980, 1, 0, 0
172001, 928, 1, 0, 0
173001, 947, 1, 0, 0
174001, 968, 1, 0, 0
175001, 959, 1, 0, 0
176001, 902, 1, 0, 0
177001, 959, 1, 0, 0
178001, 957, 1, 0, 0
179000, 973, 1, 0, 0
180000, 960, 1, 0, 0
