1002, 2317759, 0, 0, 0
2001, 2202089, 0, 0, 0
3000, 2292793, 0, 0, 0
4000, 2161603, 0, 0, 0
5001, 2287997, 0, 0, 0
6000, 2257766, 0, 0, 0
7001, 2262229, 0, 0, 0
8007, 2289689, 0, 0, 0
9001, 2445565, 0, 0, 0
10000, 2603453, 0, 0, 0
11000, 2246605, 0, 0, 0
12001, 2345112, 0, 0, 0
13002, 2347329, 0, 0, 0
14000, 2269855, 0, 0, 0
15000, 2180506, 0, 0, 0
16001, 2257057, 0, 0, 0
17001, 2269652, 0, 0, 0
18001, 2270642, 0, 0, 0
19002, 2347561, 0, 0, 0
20001, 2313889, 0, 0, 0
21001, 2225465, 0, 0, 0
22001, 2213831, 0, 0, 0
23000, 2160504, 0, 0, 0
24000, 2220201, 0, 0, 0
25001, 2426592, 0, 0, 0
26001, 2280229, 0, 0, 0
27001, 2209061, 0, 0, 0
28001, 2155972, 0, 0, 0
29002, 2178489, 0, 0, 0
30001, 2159174, 0, 0, 0
31001, 2255244, 0, 0, 0
32002, 2231237, 0, 0, 0
33001, 2253493, 0, 0, 0
34000, 2216484, 0, 0, 0
35001, 2343260, 0, 0, 0
36000, 2221250, 0, 0, 0
37000, 2345170, 0, 0, 0
38002, 2258268, 0, 0, 0
39000, 2276523, 0, 0, 0
40000, 2174684, 0, 0, 0
41001, 2241662, 0, 0, 0
42002, 2228253, 0, 0, 0
43001, 2187010, 0, 0, 0
44000, 2142111, 0, 0, 0
45001, 2276762, 0, 0, 0
46001, 2296492, 0, 0, 0
47001, 2167227, 0, 0, 0
48001, 2310561, 0, 0, 0
49000, 2273518, 0, 0, 0
50001, 2216939, 0, 0, 0
51001, 2249425, 0, 0, 0
52000, 2191745, 0, 0, 0
53000, 2206102, 0, 0, 0
54000, 2275373, 0, 0, 0
55000, 2285903, 0, 0, 0
56000, 2249205, 0, 0, 0
57000, 2291292, 0, 0, 0
58000, 2273137, 0, 0, 0
59002, 2249071, 0, 0, 0
60000, 2255833, 0, 0, 0
61001, 2160630, 0, 0, 0
62000, 2281482, 0, 0, 0
63000, 2180515, 0, 0, 0
64004, 2339125, 0, 0, 0
65000, 2317837, 0, 0, 0
66001, 2226307, 0, 0, 0
67000, 2218462, 0, 0, 0
68000, 2254925, 0, 0, 0
69000, 2189886, 0, 0, 0
70000, 2423885, 0, 0, 0
71001, 2236243, 0, 0, 0
72000, 2217065, 0, 0, 0
73001, 2325831, 0, 0, 0
74000, 2369545, 0, 0, 0
75001, 2261776, 0, 0, 0
76000, 2164916, 0, 0, 0
77001, 2298995, 0, 0, 0
78000, 2231245, 0, 0, 0
79000, 2239683, 0, 0, 0
80000, 2296857, 0, 0, 0
81001, 2252064, 0, 0, 0
82001, 2259581, 0, 0, 0
83001, 2289309, 0, 0, 0
84002, 2315132, 0, 0, 0
85001, 2227959, 0, 0, 0
86002, 2296970, 0, 0, 0
87000, 2257016, 0, 0, 0
88001, 2254668, 0, 0, 0
89001, 2276596, 0, 0, 0
90000, 2267899, 0, 0, 0
91000, 2273552, 0, 0, 0
92001, 2238705, 0, 0, 0
93000, 4917056, 0, 0, 0
94001, 2200915, 0, 0, 0
95000, 2321004, 0, 0, 0
96000, 2291099, 0, 0, 0
97000, 2215211, 0, 0, 0
98001, 2154882, 0, 0, 0
99001, 2338195, 0, 0, 0
100001, 2302305, 0, 0, 0
101000, 2307929, 0, 0, 0
102001, 2263059, 0, 0, 0
103002, 2212934, 0, 0, 0
104000, 2258719, 0, 0, 0
105000, 2292385, 0, 0, 0
106000, 2274652, 0, 0, 0
107001, 2260673, 0, 0, 0
108000, 2272774, 0, 0, 0
109000, 2396529, 0, 0, 0
110000, 2185628, 0, 0, 0
111001, 2261651, 0, 0, 0
112050, 2375902, 0, 0, 0
113002, 2194902, 0, 0, 0
114000, 2172572, 0, 0, 0
115002, 2161385, 0, 0, 0
116001, 2332060, 0, 0, 0
117002, 2307875, 0, 0, 0
118000, 2245223, 0, 0, 0
119002, 2299338, 0, 0, 0
120001, 2213898, 0, 0, 0
121002, 2215745, 0, 0, 0
122000, 2229707, 0, 0, 0
123000, 2186680, 0, 0, 0
124001, 2214812, 0, 0, 0
125001, 2161961, 0, 0, 0
126000, 2247746, 0, 0, 0
127001, 2182792, 0, 0, 0
128000, 2187477, 0, 0, 0
129001, 2257751, 0, 0, 0
130001, 2190436, 0, 0, 0
131000, 2278423, 0, 0, 0
132000, 2170075, 0, 0, 0
133000, 2128724, 0, 0, 0
134002, 2243937, 0, 0, 0
135000, 2144728, 0, 0, 0
136000, 2147044, 0, 0, 0
137005, 2212143, 0, 0, 0
138001, 2171363, 0, 0, 0
139001, 2265290, 0, 0, 0
140000, 2236064, 0, 0, 0
141001, 2140602, 0, 0, 0
142000, 2212695, 0, 0, 0
143001, 2183852, 0, 0, 0
144000, 2126822, 0, 0, 0
145001, 2524109, 0, 0, 0
146001, 2154091, 0, 0, 0
147001, 2134338, 0, 0, 0
148000, 2162641, 0, 0, 0
149001, 2398463, 0, 0, 0
150002, 2188191, 0, 0, 0
151001, 2168771, 0, 0, 0
152375, 3650072, 0, 0, 0
153000, 2096344, 0, 0, 0
154000, 2152340, 0, 0, 0
155002, 2115439, 0, 0, 0
156001, 2136884, 0, 0, 0
157000, 2217645, 0, 0, 0
158000, 2250549, 0, 0, 0
159000, 2129320, 0, 0, 0
160000, 2269469, 0, 0, 0
161000, 2147998, 0, 0, 0
162002, 2170765, 0, 0, 0
163001, 2172791, 0, 0, 0
164000, 2146977, 0, 0, 0
165000, 2119490, 0, 0, 0
166001, 2164813, 0, 0, 0
167001, 2119754, 0, 0, 0
168001, 2125689, 0, 0, 0
169000, 2146363, 0, 0, 0
170001, 2256166, 0, 0, 0
171001, 2180996, 0, 0, 0
172001, 2142912, 0, 0, 0
173001, 2209958, 0, 0, 0
174001, 2081322, 0, 0, 0
175000, 2122262, 0, 0, 0
176001, 2132324, 0, 0, 0
177001, 2132726, 0, 0, 0
178000, 2193112, 0, 0, 0
179001, 2170071, 0, 0, 0
180001, 2175624, 0, 0, 0
