1000, 537, 1, 0, 0
2000, 488, 1, 0, 0
3001, 468, 1, 0, 0
4000, 477, 1, 0, 0
5000, 483, 1, 0, 0
6000, 495, 1, 0, 0
7000, 476, 1, 0, 0
8000, 467, 1, 0, 0
9000, 468, 1, 0, 0
10000, 487, 1, 0, 0
11000, 468, 1, 0, 0
12000, 488, 1, 0, 0
13000, 482, 1, 0, 0
14000, 471, 1, 0, 0
15000, 466, 1, 0, 0
16000, 486, 1, 0, 0
17000, 455, 1, 0, 0
18000, 488, 1, 0, 0
19000, 502, 1, 0, 0
20000, 466, 1, 0, 0
21000, 467, 1, 0, 0
22000, 480, 1, 0, 0
23000, 461, 1, 0, 0
24000, 488, 1, 0, 0
25000, 460, 1, 0, 0
26000, 467, 1, 0, 0
27000, 486, 1, 0, 0
28000, 466, 1, 0, 0
29000, 467, 1, 0, 0
30000, 494, 1, 0, 0
31000, 472, 1, 0, 0
32000, 474, 1, 0, 0
33001, 463, 1, 0, 0
34000, 508, 1, 0, 0
35000, 488, 1, 0, 0
36001, 466, 1, 0, 0
37000, 471, 1, 0, 0
38000, 473, 1, 0, 0
39000, 464, 1, 0, 0
40000, 466, 1, 0, 0
41000, 457, 1, 0, 0
42000, 447, 1, 0, 0
43000, 474, 1, 0, 0
44000, 470, 1, 0, 0
45000, 492, 1, 0, 0
46000, 477, 1, 0, 0
47000, 472, 1, 0, 0
48000, 463, 1, 0, 0
49000, 471, 1, 0, 0
50001, 473, 1, 0, 0
51000, 500, 1, 0, 0
52000, 484, 1, 0, 0
53000, 484, 1, 0, 0
54000, 498, 1, 0, 0
55000, 494, 1, 0, 0
56000, 488, 1, 0, 0
57000, 477, 1, 0, 0
58000, 478, 1, 0, 0
59000, 479, 1, 0, 0
60000, 458, 1, 0, 0
61000, 479, 1, 0, 0
62000, 466, 1, 0, 0
63000, 491, 1, 0, 0
64000, 458, 1, 0, 0
65000, 467, 1, 0, 0
66001, 465, 1, 0, 0
67000, 479, 1, 0, 0
68000, 511, 1, 0, 0
69000, 481, 1, 0, 0
70000, 469, 1, 0, 0
71000, 485, 1, 0, 0
72000, 485, 1, 0, 0
73000, 481, 1, 0, 0
74000, 471, 1, 0, 0
75000, 485, 1, 0, 0
76000, 477, 1, 0, 0
77001, 471, 1, 0, 0
78000, 496, 1, 0, 0
79000, 490, 1, 0, 0
80000, 479, 1, 0, 0
81000, 488, 1, 0, 0
82000, 452, 1, 0, 0
83000, 480, 1, 0, 0
84000, 497, 1, 0, 0
85000, 460, 1, 0, 0
86000, 517, 1, 0, 0
87000, 470, 1, 0, 0
88000, 480, 1, 0, 0
89000, 476, 1, 0, 0
90001, 503, 1, 0, 0
91000, 479, 1, 0, 0
92000, 478, 1, 0, 0
93001, 482, 1, 0, 0
94000, 486, 1, 0, 0
95000, 476, 1, 0, 0
96001, 494, 1, 0, 0
97000, 489, 1, 0, 0
98000, 468, 1, 0, 0
99001, 467, 1, 0, 0
100000, 473, 1, 0, 0
101000, 469, 1, 0, 0
102000, 494, 1, 0, 0
103000, 510, 1, 0, 0
104000, 451, 1, 0, 0
105000, 469, 1, 0, 0
106000, 488, 1, 0, 0
107000, 448, 1, 0, 0
108000, 492, 1, 0, 0
109000, 328, 1, 0, 0
110001, 477, 1, 0, 0
111000, 485, 1, 0, 0
112000, 506, 1, 0, 0
113000, 472, 1, 0, 0
114000, 464, 1, 0, 0
115000, 489, 1, 0, 0
116000, 476, 1, 0, 0
117000, 462, 1, 0, 0
118000, 503, 1, 0, 0
119000, 485, 1, 0, 0
120000, 458, 1, 0, 0
121000, 509, 1, 0, 0
122000, 490, 1, 0, 0
123000, 471, 1, 0, 0
124000, 470, 1, 0, 0
125000, 510, 1, 0, 0
126000, 474, 1, 0, 0
127000, 476, 1, 0, 0
128001, 482, 1, 0, 0
129000, 476, 1, 0, 0
130000, 477, 1, 0, 0
131000, 478, 1, 0, 0
132000, 501, 1, 0, 0
133000, 466, 1, 0, 0
134000, 482, 1, 0, 0
135000, 492, 1, 0, 0
136000, 486, 1, 0, 0
137001, 481, 1, 0, 0
138000, 495, 1, 0, 0
139000, 480, 1, 0, 0
140001, 465, 1, 0, 0
141000, 501, 1, 0, 0
142000, 469, 1, 0, 0
143000, 482, 1, 0, 0
144000, 476, 1, 0, 0
145000, 469, 1, 0, 0
146001, 487, 1, 0, 0
147000, 499, 1, 0, 0
148000, 451, 1, 0, 0
149000, 473, 1, 0, 0
150000, 497, 1, 0, 0
151000, 483, 1, 0, 0
152000, 483, 1, 0, 0
153000, 466, 1, 0, 0
154001, 448, 1, 0, 0
155000, 493, 1, 0, 0
156000, 479, 1, 0, 0
157001, 457, 1, 0, 0
158000, 491, 1, 0, 0
159000, 513, 1, 0, 0
160000, 487, 1, 0, 0
161000, 446, 1, 0, 0
162000, 495, 1, 0, 0
163000, 473, 1, 0, 0
164000, 475, 1, 0, 0
165000, 465, 1, 0, 0
166000, 473, 1, 0, 0
167000, 476, 1, 0, 0
168000, 496, 1, 0, 0
169000, 471, 1, 0, 0
170001, 472, 1, 0, 0
171000, 478, 1, 0, 0
172000, 474, 1, 0, 0
173000, 482, 1, 0, 0
174000, 498, 1, 0, 0
175001, 475, 1, 0, 0
176000, 468, 1, 0, 0
177000, 453, 1, 0, 0
178000, 479, 1, 0, 0
179000, 482, 1, 0, 0
180000, 479, 1, 0, 0
