1000, 1783, 0, 0, 0
2001, 1789, 0, 0, 0
3000, 1795, 0, 0, 0
4000, 1796, 0, 0, 0
5000, 1829, 0, 0, 0
6000, 1763, 0, 0, 0
7000, 1741, 0, 0, 0
8000, 1812, 0, 0, 0
9000, 1815, 0, 0, 0
10000, 1810, 0, 0, 0
11000, 1827, 0, 0, 0
12000, 1856, 0, 0, 0
13000, 1864, 0, 0, 0
14000, 1847, 0, 0, 0
15000, 1840, 0, 0, 0
16000, 1768, 0, 0, 0
17000, 1671, 0, 0, 0
18000, 1800, 0, 0, 0
19000, 1806, 0, 0, 0
20000, 1806, 0, 0, 0
21000, 1798, 0, 0, 0
22000, 1809, 0, 0, 0
23000, 1767, 0, 0, 0
24000, 1825, 0, 0, 0
25000, 1811, 0, 0, 0
26000, 1792, 0, 0, 0
27000, 1819, 0, 0, 0
28000, 1781, 0, 0, 0
29000, 1671, 0, 0, 0
30000, 1774, 0, 0, 0
31000, 1784, 0, 0, 0
32000, 1866, 0, 0, 0
33000, 1852, 0, 0, 0
34000, 1805, 0, 0, 0
35000, 1827, 0, 0, 0
36000, 1829, 0, 0, 0
37001, 1757, 0, 0, 0
38000, 1765, 0, 0, 0
39000, 1775, 0, 0, 0
40000, 1806, 0, 0, 0
41000, 1794, 0, 0, 0
42000, 1835, 0, 0, 0
43000, 1797, 0, 0, 0
44000, 1765, 0, 0, 0
45000, 1769, 0, 0, 0
46000, 1809, 0, 0, 0
47000, 1777, 0, 0, 0
48000, 1803, 0, 0, 0
49000, 1815, 0, 0, 0
50000, 1818, 0, 0, 0
51000, 1828, 0, 0, 0
52000, 1834, 0, 0, 0
53000, 1740, 0, 0, 0
54000, 1783, 0, 0, 0
55001, 1868, 0, 0, 0
56000, 1828, 0, 0, 0
57000, 1827, 0, 0, 0
58000, 1766, 0, 0, 0
59000, 1790, 0, 0, 0
60000, 1702, 0, 0, 0
61000, 1758, 0, 0, 0
62000, 1800, 0, 0, 0
63001, 1816, 0, 0, 0
64000, 1794, 0, 0, 0
65000, 1831, 0, 0, 0
66000, 1777, 0, 0, 0
67001, 1827, 0, 0, 0
68000, 1832, 0, 0, 0
69000, 1798, 0, 0, 0
70000, 1797, 0, 0, 0
71000, 1788, 0, 0, 0
72000, 1766, 0, 0, 0
73000, 1797, 0, 0, 0
74000, 1625, 0, 0, 0
75000, 1799, 0, 0, 0
76000, 1809, 0, 0, 0
77000, 1788, 0, 0, 0
78000, 1831, 0, 0, 0
79000, 1766, 0, 0, 0
80000, 1806, 0, 0, 0
81000, 1762, 0, 0, 0
82001, 1801, 0, 0, 0
83000, 1776, 0, 0, 0
84000, 1799, 0, 0, 0
85000, 1470, 0, 0, 0
86000, 1734, 0, 0, 0
87000, 1732, 0, 0, 0
88001, 1784, 0, 0, 0
89000, 1766, 0, 0, 0
90000, 1779, 0, 0, 0
91000, 1769, 0, 0, 0
92000, 1746, 0, 0, 0
93000, 1791, 0, 0, 0
94000, 1815, 0, 0, 0
95000, 1793, 0, 0, 0
96001, 1817, 0, 0, 0
97000, 1774, 0, 0, 0
98000, 1822, 0, 0, 0
99000, 1801, 0, 0, 0
100000, 1761, 0, 0, 0
101000, 1745, 0, 0, 0
102000, 1790, 0, 0, 0
103000, 1818, 0, 0, 0
104000, 1809, 0, 0, 0
105001, 1821, 0, 0, 0
106000, 1794, 0, 0, 0
107000, 1803, 0, 0, 0
108000, 1793, 0, 0, 0
109000, 1793, 0, 0, 0
110000, 1724, 0, 0, 0
111000, 1810, 0, 0, 0
112000, 1788, 0, 0, 0
113000, 1761, 0, 0, 0
114000, 1772, 0, 0, 0
115000, 1814, 0, 0, 0
116000, 1800, 0, 0, 0
117000, 1778, 0, 0, 0
118000, 1801, 0, 0, 0
119000, 1818, 0, 0, 0
120000, 1823, 0, 0, 0
121000, 1759, 0, 0, 0
122000, 1736, 0, 0, 0
123000, 1763, 0, 0, 0
124000, 1831, 0, 0, 0
125000, 1821, 0, 0, 0
126000, 1774, 0, 0, 0
127001, 1741, 0, 0, 0
128000, 1776, 0, 0, 0
129000, 1820, 0, 0, 0
130000, 1801, 0, 0, 0
131000, 1811, 0, 0, 0
132000, 1772, 0, 0, 0
133000, 1809, 0, 0, 0
134000, 1809, 0, 0, 0
135000, 1791, 0, 0, 0
136000, 1809, 0, 0, 0
137001, 1813, 0, 0, 0
138000, 1811, 0, 0, 0
139000, 1831, 0, 0, 0
140000, 1783, 0, 0, 0
141000, 1749, 0, 0, 0
142000, 1790, 0, 0, 0
143000, 1721, 0, 0, 0
144000, 1787, 0, 0, 0
145000, 1772, 0, 0, 0
146000, 1761, 0, 0, 0
147000, 1751, 0, 0, 0
148000, 1741, 0, 0, 0
149000, 1707, 0, 0, 0
150000, 1752, 0, 0, 0
151000, 1737, 0, 0, 0
152000, 1776, 0, 0, 0
153000, 1778, 0, 0, 0
154000, 1811, 0, 0, 0
155000, 1818, 0, 0, 0
156000, 1766, 0, 0, 0
157000, 1781, 0, 0, 0
158000, 1816, 0, 0, 0
159000, 1820, 0, 0, 0
160000, 1740, 0, 0, 0
161000, 1824, 0, 0, 0
162001, 1742, 0, 0, 0
163000, 1739, 0, 0, 0
164000, 1769, 0, 0, 0
165000, 1754, 0, 0, 0
166000, 1771, 0, 0, 0
167000, 1778, 0, 0, 0
168001, 1766, 0, 0, 0
169000, 1778, 0, 0, 0
170000, 1739, 0, 0, 0
171000, 1761, 0, 0, 0
172000, 1810, 0, 0, 0
173000, 1775, 0, 0, 0
174000, 1811, 0, 0, 0
175000, 1787, 0, 0, 0
176000, 1778, 0, 0, 0
177000, 1798, 0, 0, 0
178000, 1811, 0, 0, 0
179000, 1812, 0, 0, 0
180000, 1756, 0, 0, 0
