1001, 2097159, 0, 0, 0
2000, 2083425, 0, 0, 0
3000, 2082076, 0, 0, 0
4000, 2090001, 0, 0, 0
5000, 2108333, 0, 0, 0
6000, 2118282, 0, 0, 0
7000, 2078555, 0, 0, 0
8000, 2098361, 0, 0, 0
9000, 2147340, 0, 0, 0
10000, 2093092, 0, 0, 0
11000, 2171742, 0, 0, 0
12000, 2160932, 0, 0, 0
13000, 2166179, 0, 0, 0
14000, 2163147, 0, 0, 0
15000, 2122795, 0, 0, 0
16000, 2114732, 0, 0, 0
17000, 2181562, 0, 0, 0
18000, 2134406, 0, 0, 0
19000, 2153664, 0, 0, 0
20000, 2177906, 0, 0, 0
21000, 2215843, 0, 0, 0
22001, 2207777, 0, 0, 0
23000, 2178741, 0, 0, 0
24000, 2161527, 0, 0, 0
25000, 2198942, 0, 0, 0
26000, 2273310, 0, 0, 0
27000, 2211754, 0, 0, 0
28000, 2187581, 0, 0, 0
29000, 2174055, 0, 0, 0
30000, 2200471, 0, 0, 0
31000, 2130376, 0, 0, 0
32000, 2185504, 0, 0, 0
33000, 2122116, 0, 0, 0
34001, 2110300, 0, 0, 0
35000, 2135758, 0, 0, 0
36000, 2120663, 0, 0, 0
37012, 2101949, 0, 0, 0
38000, 2160507, 0, 0, 0
39000, 2152558, 0, 0, 0
40000, 2157440, 0, 0, 0
41000, 2196841, 0, 0, 0
42000, 2128714, 0, 0, 0
43000, 2175702, 0, 0, 0
44000, 2169652, 0, 0, 0
45000, 2175747, 0, 0, 0
46000, 2148359, 0, 0, 0
47000, 2150536, 0, 0, 0
48001, 2157766, 0, 0, 0
49000, 2197433, 0, 0, 0
50000, 2156637, 0, 0, 0
51000, 2232807, 0, 0, 0
52000, 2118963, 0, 0, 0
53000, 2161298, 0, 0, 0
54000, 2141663, 0, 0, 0
55000, 2100815, 0, 0, 0
56000, 2109393, 0, 0, 0
57000, 2147989, 0, 0, 0
58000, 2110146, 0, 0, 0
59000, 2163383, 0, 0, 0
60000, 2157516, 0, 0, 0
61000, 2188912, 0, 0, 0
62000, 2169396, 0, 0, 0
63000, 2164131, 0, 0, 0
64000, 2155790, 0, 0, 0
65012, 2122594, 0, 0, 0
66000, 2100214, 0, 0, 0
67000, 2170425, 0, 0, 0
68000, 2178498, 0, 0, 0
69001, 2126412, 0, 0, 0
70000, 2227324, 0, 0, 0
71000, 2156999, 0, 0, 0
72000, 2139005, 0, 0, 0
73000, 2166931, 0, 0, 0
74000, 2151416, 0, 0, 0
75000, 2107084, 0, 0, 0
76000, 2103623, 0, 0, 0
77000, 2169980, 0, 0, 0
78000, 2104099, 0, 0, 0
79000, 2163141, 0, 0, 0
80000, 2107210, 0, 0, 0
81000, 2151161, 0, 0, 0
82000, 2098489, 0, 0, 0
83000, 2359160, 0, 0, 0
84000, 2138435, 0, 0, 0
85001, 2174993, 0, 0, 0
86000, 2218231, 0, 0, 0
87000, 2239575, 0, 0, 0
88000, 2195599, 0, 0, 0
89000, 2129190, 0, 0, 0
90000, 2222636, 0, 0, 0
91000, 2132013, 0, 0, 0
92000, 2159248, 0, 0, 0
93000, 2095163, 0, 0, 0
94001, 2174032, 0, 0, 0
95000, 2119565, 0, 0, 0
96000, 2151483, 0, 0, 0
97000, 2139470, 0, 0, 0
98000, 2080560, 0, 0, 0
99000, 2139277, 0, 0, 0
100000, 2076850, 0, 0, 0
101000, 2125045, 0, 0, 0
102000, 2182259, 0, 0, 0
103000, 2181027, 0, 0, 0
104000, 2238012, 0, 0, 0
105000, 2150575, 0, 0, 0
106000, 2155625, 0, 0, 0
107000, 2145290, 0, 0, 0
108000, 2130160, 0, 0, 0
109000, 2151104, 0, 0, 0
110000, 2170432, 0, 0, 0
111001, 2180324, 0, 0, 0
112000, 2171585, 0, 0, 0
113000, 2120349, 0, 0, 0
114000, 2145798, 0, 0, 0
115000, 2410783, 0, 0, 0
116000, 2154021, 0, 0, 0
117000, 2132703, 0, 0, 0
118000, 2135555, 0, 0, 0
119001, 2113603, 0, 0, 0
120000, 2091372, 0, 0, 0
121000, 2093955, 0, 0, 0
122000, 2162427, 0, 0, 0
123000, 2140758, 0, 0, 0
124000, 2121750, 0, 0, 0
125000, 2147381, 0, 0, 0
126000, 2104590, 0, 0, 0
127000, 2162232, 0, 0, 0
128000, 2162562, 0, 0, 0
129000, 2193443, 0, 0, 0
130000, 2151765, 0, 0, 0
131001, 2173235, 0, 0, 0
132000, 2148109, 0, 0, 0
133000, 2210452, 0, 0, 0
134000, 2124436, 0, 0, 0
135000, 2174422, 0, 0, 0
136000, 2140041, 0, 0, 0
137000, 2165821, 0, 0, 0
138000, 2115092, 0, 0, 0
139000, 2071844, 0, 0, 0
140000, 2065973, 0, 0, 0
141000, 2143307, 0, 0, 0
142001, 2198173, 0, 0, 0
143000, 2148222, 0, 0, 0
144001, 2858781, 0, 0, 0
145001, 2196335, 0, 0, 0
146001, 2204598, 0, 0, 0
147001, 2265499, 0, 0, 0
148000, 2223615, 0, 0, 0
149000, 2260137, 0, 0, 0
150000, 2190626, 0, 0, 0
151000, 2112833, 0, 0, 0
152000, 2138706, 0, 0, 0
153000, 2195531, 0, 0, 0
154000, 2130524, 0, 0, 0
155000, 2115511, 0, 0, 0
156000, 2084620, 0, 0, 0
157000, 2133677, 0, 0, 0
158000, 2187814, 0, 0, 0
159000, 2149563, 0, 0, 0
160000, 2111417, 0, 0, 0
161000, 2092077, 0, 0, 0
162000, 2064483, 0, 0, 0
163000, 2104438, 0, 0, 0
164000, 2164763, 0, 0, 0
165000, 2181873, 0, 0, 0
166000, 2180965, 0, 0, 0
167000, 2139234, 0, 0, 0
168000, 2179187, 0, 0, 0
169000, 2117241, 0, 0, 0
170000, 2175081, 0, 0, 0
171000, 2254997, 0, 0, 0
172000, 2115237, 0, 0, 0
173000, 2076171, 0, 0, 0
174000, 2110988, 0, 0, 0
175000, 2132556, 0, 0, 0
176000, 2113093, 0, 0, 0
177000, 2157628, 0, 0, 0
178000, 2154081, 0, 0, 0
179000, 2139328, 0, 0, 0
180000, 2136912, 0, 0, 0
180002, 2621734, 0, 0, 0
