1039, 3753790, 1, 0, 0
2025, 4221216, 1, 0, 0
3000, 4170581, 1, 0, 0
4039, 4189321, 1, 0, 0
5036, 4126704, 1, 0, 0
6034, 4125177, 1, 0, 0
7000, 4277691, 1, 0, 0
8000, 4267810, 1, 0, 0
9000, 4208057, 1, 0, 0
10000, 4220362, 1, 0, 0
11000, 4101381, 1, 0, 0
12037, 4280979, 1, 0, 0
13000, 4307283, 1, 0, 0
14000, 4069428, 1, 0, 0
15000, 4290662, 1, 0, 0
16000, 4107434, 1, 0, 0
17000, 4234371, 1, 0, 0
18039, 4158619, 1, 0, 0
19000, 4270691, 1, 0, 0
20000, 4136126, 1, 0, 0
21000, 4193280, 1, 0, 0
22000, 4177649, 1, 0, 0
23000, 4200121, 1, 0, 0
24000, 4098649, 1, 0, 0
25000, 4127502, 1, 0, 0
26000, 4126830, 1, 0, 0
27000, 4262145, 1, 0, 0
28036, 4195437, 1, 0, 0
29000, 4240435, 1, 0, 0
30000, 4071326, 1, 0, 0
31024, 4188130, 1, 0, 0
32000, 4356838, 1, 0, 0
33000, 4179287, 1, 0, 0
34002, 4237319, 1, 0, 0
35000, 4145356, 1, 0, 0
36000, 4217824, 1, 0, 0
37037, 4271781, 1, 0, 0
38001, 4164915, 1, 0, 0
39000, 4154391, 1, 0, 0
40000, 4287474, 1, 0, 0
41000, 4230083, 1, 0, 0
42024, 4165845, 1, 0, 0
43000, 4306191, 1, 0, 0
44000, 4505468, 1, 0, 0
45000, 3947976, 1, 0, 0
46000, 4096441, 1, 0, 0
47026, 4177705, 1, 0, 0
48000, 4155464, 1, 0, 0
49025, 4168888, 1, 0, 0
50000, 4143781, 1, 0, 0
51027, 4121260, 1, 0, 0
52000, 4250178, 1, 0, 0
53000, 4113922, 1, 0, 0
54038, 4127513, 1, 0, 0
55000, 4210472, 1, 0, 0
56000, 4027711, 1, 0, 0
57037, 4127456, 1, 0, 0
58000, 4295494, 1, 0, 0
59025, 4059173, 1, 0, 0
60000, 4120239, 1, 0, 0
61000, 4267080, 1, 0, 0
62000, 4238638, 1, 0, 0
63000, 4125767, 1, 0, 0
64029, 4193832, 1, 0, 0
65000, 4271969, 1, 0, 0
66001, 4202825, 1, 0, 0
67029, 4119332, 1, 0, 0
68000, 4231145, 1, 0, 0
69000, 4178879, 1, 0, 0
70000, 4094716, 1, 0, 0
71000, 4281407, 1, 0, 0
72000, 4175655, 1, 0, 0
73001, 4350627, 1, 0, 0
74000, 3873973, 1, 0, 0
75000, 4114223, 1, 0, 0
76000, 4140693, 1, 0, 0
77000, 4271982, 1, 0, 0
78000, 4189664, 1, 0, 0
79000, 4078345, 1, 0, 0
80032, 4312779, 1, 0, 0
81000, 4228583, 1, 0, 0
82026, 4056608, 1, 0, 0
83002, 4356915, 1, 0, 0
84000, 4090480, 1, 0, 0
85026, 4101888, 1, 0, 0
86027, 4318608, 1, 0, 0
87033, 4177783, 1, 0, 0
88000, 4202146, 1, 0, 0
89000, 4151550, 1, 0, 0
90000, 4215131, 1, 0, 0
91000, 4090447, 1, 0, 0
92025, 4186035, 1, 0, 0
93024, 4146689, 1, 0, 0
94000, 4146145, 1, 0, 0
95001, 4093752, 1, 0, 0
96000, 4265422, 1, 0, 0
97000, 4197929, 1, 0, 0
98038, 4242895, 1, 0, 0
99000, 4261694, 1, 0, 0
100000, 4071509, 1, 0, 0
101000, 4261183, 1, 0, 0
102000, 4224044, 1, 0, 0
103000, 4164950, 1, 0, 0
104000, 4117742, 1, 0, 0
105000, 4172104, 1, 0, 0
106000, 4236200, 1, 0, 0
107000, 4389971, 1, 0, 0
108000, 4112652, 1, 0, 0
109000, 4124996, 1, 0, 0
110000, 4288850, 1, 0, 0
111001, 4043134, 1, 0, 0
112000, 4093337, 1, 0, 0
113000, 4363890, 1, 0, 0
114000, 4161778, 1, 0, 0
115000, 4109073, 1, 0, 0
116000, 4114138, 1, 0, 0
117000, 4153604, 1, 0, 0
118000, 4129558, 1, 0, 0
119000, 4358447, 1, 0, 0
120000, 4110589, 1, 0, 0
121037, 4201096, 1, 0, 0
122000, 4177249, 1, 0, 0
123000, 4098691, 1, 0, 0
124037, 4246555, 1, 0, 0
125030, 4161895, 1, 0, 0
126031, 4179841, 1, 0, 0
127000, 4216500, 1, 0, 0
128000, 4114331, 1, 0, 0
129025, 4183042, 1, 0, 0
130036, 4198164, 1, 0, 0
131000, 4264226, 1, 0, 0
132000, 4291858, 1, 0, 0
133026, 4182190, 1, 0, 0
134000, 4264484, 1, 0, 0
135024, 4055688, 1, 0, 0
136000, 4217671, 1, 0, 0
137000, 4058108, 1, 0, 0
138000, 4255805, 1, 0, 0
139029, 3982074, 1, 0, 0
140000, 4208383, 1, 0, 0
141000, 4295504, 1, 0, 0
142027, 4204249, 1, 0, 0
143024, 4202917, 1, 0, 0
144000, 4274605, 1, 0, 0
145000, 4146274, 1, 0, 0
146000, 4194413, 1, 0, 0
147023, 4161030, 1, 0, 0
148000, 4236905, 1, 0, 0
149000, 4114739, 1, 0, 0
150000, 4213690, 1, 0, 0
151000, 4079460, 1, 0, 0
152026, 4095302, 1, 0, 0
153029, 4160992, 1, 0, 0
154000, 4165854, 1, 0, 0
155024, 4173378, 1, 0, 0
156000, 4184197, 1, 0, 0
157000, 4195382, 1, 0, 0
158000, 4088441, 1, 0, 0
159000, 4081508, 1, 0, 0
160025, 4151052, 1, 0, 0
161000, 4264682, 1, 0, 0
162025, 4047896, 1, 0, 0
163024, 4251903, 1, 0, 0
164000, 4344877, 1, 0, 0
165039, 4070964, 1, 0, 0
166000, 4153275, 1, 0, 0
167000, 4174036, 1, 0, 0
168038, 4136910, 1, 0, 0
169000, 4287629, 1, 0, 0
170000, 4067995, 1, 0, 0
171000, 4205005, 1, 0, 0
172000, 4215123, 1, 0, 0
173000, 4197150, 1, 0, 0
174000, 4131654, 1, 0, 0
175000, 4137970, 1, 0, 0
176000, 4182118, 1, 0, 0
177037, 4205775, 1, 0, 0
178000, 4154302, 1, 0, 0
179000, 4170736, 1, 0, 0
180000, 4207679, 1, 0, 0
180003, 4731525, 1, 0, 0
