1006, 29445111, 1, 0, 0
2002, 33470819, 1, 0, 0
3011, 33510346, 1, 0, 0
4006, 33442022, 1, 0, 0
5016, 33081950, 1, 0, 0
6003, 33783189, 1, 0, 0
7004, 33210009, 1, 0, 0
8006, 33472347, 1, 0, 0
9009, 33657592, 1, 0, 0
10004, 33601789, 1, 0, 0
11003, 33542779, 1, 0, 0
12011, 33550899, 1, 0, 0
13008, 32953925, 1, 0, 0
14003, 33382465, 1, 0, 0
15012, 33841045, 1, 0, 0
16001, 33402527, 1, 0, 0
17014, 33291989, 1, 0, 0
18002, 33326395, 1, 0, 0
19004, 33678960, 1, 0, 0
20007, 33744146, 1, 0, 0
21006, 33376392, 1, 0, 0
22002, 33652090, 1, 0, 0
23007, 33032267, 1, 0, 0
24007, 33577018, 1, 0, 0
25011, 34059192, 1, 0, 0
26003, 33348807, 1, 0, 0
27016, 33315806, 1, 0, 0
28011, 33361926, 1, 0, 0
29008, 34008209, 1, 0, 0
30003, 33431031, 1, 0, 0
31005, 33749344, 1, 0, 0
32007, 33560403, 1, 0, 0
33015, 33254554, 1, 0, 0
34001, 33753183, 1, 0, 0
35004, 33222821, 1, 0, 0
36010, 33876497, 1, 0, 0
37007, 33064413, 1, 0, 0
38014, 33025985, 1, 0, 0
39007, 33759673, 1, 0, 0
40008, 33272956, 1, 0, 0
41012, 33598607, 1, 0, 0
42008, 33641577, 1, 0, 0
43001, 33465790, 1, 0, 0
44014, 33777570, 1, 0, 0
45002, 33129685, 1, 0, 0
46017, 34064333, 1, 0, 0
47008, 33278367, 1, 0, 0
48008, 33040583, 1, 0, 0
49003, 33269900, 1, 0, 0
50006, 33273859, 1, 0, 0
51010, 33669623, 1, 0, 0
52004, 33295532, 1, 0, 0
53016, 33640044, 1, 0, 0
54007, 33716415, 1, 0, 0
55003, 33518076, 1, 0, 0
56000, 34257245, 1, 0, 0
57009, 32625792, 1, 0, 0
58005, 33728466, 1, 0, 0
59002, 33330189, 1, 0, 0
60003, 33999252, 1, 0, 0
61000, 33114186, 1, 0, 0
62002, 33272193, 1, 0, 0
63017, 33546438, 1, 0, 0
64005, 33291936, 1, 0, 0
65003, 34258674, 1, 0, 0
66000, 33841115, 1, 0, 0
67008, 33354510, 1, 0, 0
68016, 33356777, 1, 0, 0
69009, 33907750, 1, 0, 0
70003, 33315367, 1, 0, 0
71012, 33888170, 1, 0, 0
72003, 32952041, 1, 0, 0
73015, 33356473, 1, 0, 0
74011, 33846646, 1, 0, 0
75009, 32930316, 1, 0, 0
76002, 33397245, 1, 0, 0
77014, 33318599, 1, 0, 0
78007, 33650141, 1, 0, 0
79006, 33830391, 1, 0, 0
80010, 33168360, 1, 0, 0
81000, 33908895, 1, 0, 0
82005, 33254584, 1, 0, 0
83013, 33588090, 1, 0, 0
84007, 33712427, 1, 0, 0
85011, 33286245, 1, 0, 0
86002, 33788513, 1, 0, 0
87006, 33391983, 1, 0, 0
88002, 33376105, 1, 0, 0
89012, 33432642, 1, 0, 0
90007, 33382069, 1, 0, 0
91005, 33449754, 1, 0, 0
92008, 34395483, 1, 0, 0
93011, 33512258, 1, 0, 0
94005, 33667523, 1, 0, 0
95013, 33593297, 1, 0, 0
96005, 33508415, 1, 0, 0
97014, 33039439, 1, 0, 0
98007, 33397781, 1, 0, 0
99002, 33669999, 1, 0, 0
100010, 33552920, 1, 0, 0
101003, 33431474, 1, 0, 0
102002, 33226402, 1, 0, 0
103012, 33597640, 1, 0, 0
104009, 33248895, 1, 0, 0
105005, 33347503, 1, 0, 0
106008, 33432218, 1, 0, 0
107011, 33628211, 1, 0, 0
108003, 33590565, 1, 0, 0
109015, 33380387, 1, 0, 0
110009, 33869548, 1, 0, 0
111001, 33033594, 1, 0, 0
112004, 33469177, 1, 0, 0
113005, 33319032, 1, 0, 0
114003, 33569140, 1, 0, 0
115013, 33942575, 1, 0, 0
116009, 33245272, 1, 0, 0
117004, 33097596, 1, 0, 0
118014, 33927772, 1, 0, 0
119006, 33432031, 1, 0, 0
120003, 33286093, 1, 0, 0
121002, 32824179, 1, 0, 0
122010, 33938190, 1, 0, 0
123005, 33394606, 1, 0, 0
124001, 33455387, 1, 0, 0
125012, 33209298, 1, 0, 0
126004, 33719836, 1, 0, 0
127003, 33558782, 1, 0, 0
128012, 33796174, 1, 0, 0
129007, 33424318, 1, 0, 0
130001, 33114003, 1, 0, 0
131012, 33846174, 1, 0, 0
132006, 33384609, 1, 0, 0
133016, 33140753, 1, 0, 0
134006, 33596874, 1, 0, 0
135002, 32831485, 1, 0, 0
136009, 33467366, 1, 0, 0
137002, 33712648, 1, 0, 0
138005, 33087178, 1, 0, 0
139008, 33784344, 1, 0, 0
140006, 33305885, 1, 0, 0
141001, 33310615, 1, 0, 0
142013, 33469637, 1, 0, 0
143010, 33720886, 1, 0, 0
144002, 33081743, 1, 0, 0
145014, 33908782, 1, 0, 0
146007, 33301074, 1, 0, 0
147001, 33302582, 1, 0, 0
148002, 33243583, 1, 0, 0
149007, 33858650, 1, 0, 0
150001, 32988806, 1, 0, 0
151003, 33860408, 1, 0, 0
152003, 33649699, 1, 0, 0
153009, 34011994, 1, 0, 0
154002, 33131402, 1, 0, 0
155002, 33310573, 1, 0, 0
156014, 33303779, 1, 0, 0
157001, 33542521, 1, 0, 0
158006, 33012467, 1, 0, 0
159016, 33213725, 1, 0, 0
160011, 33887200, 1, 0, 0
161006, 33023323, 1, 0, 0
162014, 33165813, 1, 0, 0
163013, 33556172, 1, 0, 0
164007, 33131959, 1, 0, 0
165002, 33296160, 1, 0, 0
166017, 33618109, 1, 0, 0
167004, 33972637, 1, 0, 0
168006, 33160398, 1, 0, 0
169003, 33629591, 1, 0, 0
170009, 33493021, 1, 0, 0
171009, 33228825, 1, 0, 0
172002, 33933295, 1, 0, 0
173000, 33445174, 1, 0, 0
174007, 33987007, 1, 0, 0
175002, 33043245, 1, 0, 0
176002, 33402422, 1, 0, 0
177011, 34208241, 1, 0, 0
178000, 33179144, 1, 0, 0
179014, 33934296, 1, 0, 0
180009, 33620503, 1, 0, 0
180035, 56569500, 1, 0, 0
