1000, 4208, 0, 0, 0
2000, 3796, 0, 0, 0
3000, 3767, 0, 0, 0
4000, 3856, 0, 0, 0
5000, 3919, 0, 0, 0
6000, 3792, 0, 0, 0
7000, 3731, 0, 0, 0
8000, 3947, 0, 0, 0
8999, 3707, 0, 0, 0
10000, 3832, 0, 0, 0
11000, 3887, 0, 0, 0
11999, 3819, 0, 0, 0
13000, 3792, 0, 0, 0
14000, 3915, 0, 0, 0
15000, 3767, 0, 0, 0
15999, 3851, 0, 0, 0
17000, 3888, 0, 0, 0
18000, 3699, 0, 0, 0
19000, 3884, 0, 0, 0
20000, 3768, 0, 0, 0
21000, 3876, 0, 0, 0
22000, 3867, 0, 0, 0
22999, 3731, 0, 0, 0
24000, 3948, 0, 0, 0
25000, 3788, 0, 0, 0
26000, 3756, 0, 0, 0
27000, 3851, 0, 0, 0
28000, 3867, 0, 0, 0
28999, 3915, 0, 0, 0
30000, 3720, 0, 0, 0
31000, 3912, 0, 0, 0
32000, 3799, 0, 0, 0
32999, 3775, 0, 0, 0
33999, 3896, 0, 0, 0
35000, 3688, 0, 0, 0
36000, 3895, 0, 0, 0
37000, 3752, 0, 0, 0
38000, 3843, 0, 0, 0
39000, 3952, 0, 0, 0
40000, 3704, 0, 0, 0
41000, 3863, 0, 0, 0
42000, 3887, 0, 0, 0
42999, 3731, 0, 0, 0
44000, 3880, 0, 0, 0
45000, 3859, 0, 0, 0
46000, 3739, 0, 0, 0
47000, 3816, 0, 0, 0
48000, 3852, 0, 0, 0
48999, 3747, 0, 0, 0
50000, 3972, 0, 0, 0
51000, 3804, 0, 0, 0
52000, 3723, 0, 0, 0
53000, 3855, 0, 0, 0
53999, 3879, 0, 0, 0
55000, 3764, 0, 0, 0
56000, 3947, 0, 0, 0
57000, 3743, 0, 0, 0
58000, 3871, 0, 0, 0
59000, 3680, 0, 0, 0
60000, 3895, 0, 0, 0
60999, 3883, 0, 0, 0
62000, 3724, 0, 0, 0
63000, 3928, 0, 0, 0
64000, 3808, 0, 0, 0
65000, 3735, 0, 0, 0
66000, 3835, 0, 0, 0
66999, 3863, 0, 0, 0
68000, 3748, 0, 0, 0
69000, 3823, 0, 0, 0
70000, 3912, 0, 0, 0
71000, 3835, 0, 0, 0
71999, 3683, 0, 0, 0
73000, 3848, 0, 0, 0
73999, 3871, 0, 0, 0
75000, 3948, 0, 0, 0
75999, 3679, 0, 0, 0
77000, 3880, 0, 0, 0
77999, 3811, 0, 0, 0
79000, 3932, 0, 0, 0
80000, 3804, 0, 0, 0
81000, 3859, 0, 0, 0
82000, 3848, 0, 0, 0
82999, 3779, 0, 0, 0
84000, 3824, 0, 0, 0
85000, 3667, 0, 0, 0
86000, 3848, 0, 0, 0
87000, 3935, 0, 0, 0
88000, 3704, 0, 0, 0
88999, 3819, 0, 0, 0
90000, 3892, 0, 0, 0
91000, 3896, 0, 0, 0
91999, 3655, 0, 0, 0
93000, 3868, 0, 0, 0
94000, 3867, 0, 0, 0
94999, 3831, 0, 0, 0
96000, 3728, 0, 0, 0
96999, 3923, 0, 0, 0
98000, 3744, 0, 0, 0
98999, 3863, 0, 0, 0
100000, 3908, 0, 0, 0
100999, 3775, 0, 0, 0
101999, 3763, 0, 0, 0
103000, 3956, 0, 0, 0
104000, 3728, 0, 0, 0
105000, 3915, 0, 0, 0
106000, 3727, 0, 0, 0
107000, 3812, 0, 0, 0
107999, 3911, 0, 0, 0
109000, 3732, 0, 0, 0
110000, 3824, 0, 0, 0
111000, 3908, 0, 0, 0
112000, 3763, 0, 0, 0
113000, 3831, 0, 0, 0
114000, 3768, 0, 0, 0
115000, 3899, 0, 0, 0
116000, 3916, 0, 0, 0
117000, 3672, 0, 0, 0
118000, 3951, 0, 0, 0
119000, 3755, 0, 0, 0
119999, 3739, 0, 0, 0
121000, 3928, 0, 0, 0
122000, 3723, 0, 0, 0
123000, 3864, 0, 0, 0
123999, 3859, 0, 0, 0
125000, 3896, 0, 0, 0
126000, 3836, 0, 0, 0
127000, 3732, 0, 0, 0
128000, 3891, 0, 0, 0
129000, 3707, 0, 0, 0
129999, 3851, 0, 0, 0
131000, 3876, 0, 0, 0
132000, 3811, 0, 0, 0
132999, 3875, 0, 0, 0
133999, 3716, 0, 0, 0
135000, 3956, 0, 0, 0
136000, 3823, 0, 0, 0
137000, 3744, 0, 0, 0
138000, 3899, 0, 0, 0
139000, 3796, 0, 0, 0
140000, 3891, 0, 0, 0
141000, 3820, 0, 0, 0
142000, 3831, 0, 0, 0
143000, 3824, 0, 0, 0
144000, 3703, 0, 0, 0
145000, 3980, 0, 0, 0
146000, 3691, 0, 0, 0
147000, 3911, 0, 0, 0
148000, 3731, 0, 0, 0
149000, 3831, 0, 0, 0
149999, 3815, 0, 0, 0
151000, 3776, 0, 0, 0
152000, 3824, 0, 0, 0
152999, 3871, 0, 0, 0
153999, 3855, 0, 0, 0
155000, 3768, 0, 0, 0
156000, 3856, 0, 0, 0
156999, 3903, 0, 0, 0
157999, 3872, 0, 0, 0
159000, 3668, 0, 0, 0
159999, 3875, 0, 0, 0
161000, 3712, 0, 0, 0
161999, 3927, 0, 0, 0
163000, 3740, 0, 0, 0
164000, 3843, 0, 0, 0
164999, 3931, 0, 0, 0
165999, 3803, 0, 0, 0
167000, 3800, 0, 0, 0
168000, 3855, 0, 0, 0
169000, 3760, 0, 0, 0
170000, 3904, 0, 0, 0
171000, 3843, 0, 0, 0
171999, 3863, 0, 0, 0
173000, 3732, 0, 0, 0
174000, 3943, 0, 0, 0
175000, 3808, 0, 0, 0
176000, 3748, 0, 0, 0
177000, 3911, 0, 0, 0
177999, 3739, 0, 0, 0
178999, 3827, 0, 0, 0
179999, 3812, 0, 0, 0
