1000, 2056581, 0, 0, 0
2002, 2018029, 0, 0, 0
3000, 2049714, 0, 0, 0
4001, 2014250, 0, 0, 0
5000, 1999667, 0, 0, 0
6000, 2094429, 0, 0, 0
7000, 2041768, 0, 0, 0
8000, 2048893, 0, 0, 0
9000, 2036140, 0, 0, 0
10000, 2080265, 0, 0, 0
11001, 2034764, 0, 0, 0
12002, 2079456, 0, 0, 0
13000, 2056796, 0, 0, 0
14001, 2040256, 0, 0, 0
15001, 2072681, 0, 0, 0
16000, 2103420, 0, 0, 0
17001, 2090769, 0, 0, 0
18000, 2051511, 0, 0, 0
19000, 2026421, 0, 0, 0
20000, 2048950, 0, 0, 0
21000, 2078706, 0, 0, 0
22000, 2034628, 0, 0, 0
23001, 2151009, 0, 0, 0
24000, 2068821, 0, 0, 0
25000, 2072668, 0, 0, 0
26001, 2105884, 0, 0, 0
27000, 2124471, 0, 0, 0
28000, 2058377, 0, 0, 0
29001, 2099135, 0, 0, 0
30001, 2137999, 0, 0, 0
31000, 2093818, 0, 0, 0
32000, 2087041, 0, 0, 0
33000, 2112661, 0, 0, 0
34000, 2089355, 0, 0, 0
35000, 2059959, 0, 0, 0
36000, 2012045, 0, 0, 0
37002, 2269818, 0, 0, 0
38000, 2073040, 0, 0, 0
39000, 2063175, 0, 0, 0
40000, 2086329, 0, 0, 0
41000, 2020974, 0, 0, 0
42001, 2021699, 0, 0, 0
43000, 2006337, 0, 0, 0
44001, 2018274, 0, 0, 0
45001, 1966312, 0, 0, 0
46001, 2070368, 0, 0, 0
47001, 2103126, 0, 0, 0
48000, 2135089, 0, 0, 0
49001, 2092313, 0, 0, 0
50000, 2056212, 0, 0, 0
51000, 2106034, 0, 0, 0
52001, 2071300, 0, 0, 0
53000, 2057744, 0, 0, 0
54000, 2153034, 0, 0, 0
55000, 2039660, 0, 0, 0
56000, 2049301, 0, 0, 0
57000, 2051795, 0, 0, 0
58000, 2065383, 0, 0, 0
59000, 2061559, 0, 0, 0
60000, 2070421, 0, 0, 0
61000, 2071100, 0, 0, 0
62000, 2052989, 0, 0, 0
63000, 2211768, 0, 0, 0
64000, 2073046, 0, 0, 0
65000, 2047516, 0, 0, 0
66000, 2025803, 0, 0, 0
67000, 2041485, 0, 0, 0
68000, 2145492, 0, 0, 0
69001, 2109003, 0, 0, 0
70001, 2072514, 0, 0, 0
71000, 2076067, 0, 0, 0
72000, 2081862, 0, 0, 0
73000, 2101700, 0, 0, 0
74000, 2121467, 0, 0, 0
75000, 2073778, 0, 0, 0
76000, 2090627, 0, 0, 0
77000, 2117428, 0, 0, 0
78000, 2054026, 0, 0, 0
79001, 2115006, 0, 0, 0
80000, 2099021, 0, 0, 0
81000, 2079151, 0, 0, 0
82001, 2057773, 0, 0, 0
83001, 2028327, 0, 0, 0
84000, 2108412, 0, 0, 0
85000, 2013509, 0, 0, 0
86000, 2032137, 0, 0, 0
87000, 2030250, 0, 0, 0
88000, 2052756, 0, 0, 0
89000, 2130352, 0, 0, 0
90001, 2114112, 0, 0, 0
91000, 2068328, 0, 0, 0
92001, 2116940, 0, 0, 0
93000, 2173594, 0, 0, 0
94000, 2094301, 0, 0, 0
95000, 2060580, 0, 0, 0
96000, 2107646, 0, 0, 0
97000, 2218997, 0, 0, 0
98001, 2150445, 0, 0, 0
99000, 2055470, 0, 0, 0
100000, 2067420, 0, 0, 0
101000, 2145146, 0, 0, 0
102000, 2122003, 0, 0, 0
103000, 2108198, 0, 0, 0
104000, 2125857, 0, 0, 0
105000, 2124908, 0, 0, 0
106000, 2085625, 0, 0, 0
107000, 2049911, 0, 0, 0
108001, 2072955, 0, 0, 0
109000, 2314092, 0, 0, 0
110000, 2168577, 0, 0, 0
111000, 2109957, 0, 0, 0
112000, 2093833, 0, 0, 0
113000, 2122894, 0, 0, 0
114000, 2192193, 0, 0, 0
115000, 2124769, 0, 0, 0
116000, 2062899, 0, 0, 0
117001, 2074430, 0, 0, 0
118001, 2136712, 0, 0, 0
119000, 2105517, 0, 0, 0
120001, 2088994, 0, 0, 0
121001, 2167480, 0, 0, 0
122001, 2100997, 0, 0, 0
123000, 2039156, 0, 0, 0
124000, 2066594, 0, 0, 0
125000, 2090569, 0, 0, 0
126000, 2050538, 0, 0, 0
127000, 2041012, 0, 0, 0
128000, 2026665, 0, 0, 0
129000, 2094508, 0, 0, 0
130000, 2066702, 0, 0, 0
131000, 2091695, 0, 0, 0
132001, 2126498, 0, 0, 0
133001, 2091232, 0, 0, 0
134001, 2060590, 0, 0, 0
135001, 2093895, 0, 0, 0
136001, 2094832, 0, 0, 0
137000, 2114862, 0, 0, 0
138001, 2119352, 0, 0, 0
139000, 2080508, 0, 0, 0
140000, 2079470, 0, 0, 0
141000, 2121878, 0, 0, 0
142000, 2141497, 0, 0, 0
143000, 2198024, 0, 0, 0
144000, 2109760, 0, 0, 0
145000, 2037444, 0, 0, 0
146000, 2070235, 0, 0, 0
147001, 2051027, 0, 0, 0
148000, 2041020, 0, 0, 0
149001, 2028288, 0, 0, 0
150000, 2045083, 0, 0, 0
151001, 2052407, 0, 0, 0
152000, 2109631, 0, 0, 0
153000, 2106457, 0, 0, 0
154000, 2046407, 0, 0, 0
155000, 2060636, 0, 0, 0
156001, 2057132, 0, 0, 0
157000, 2046375, 0, 0, 0
158000, 2106942, 0, 0, 0
159000, 2077761, 0, 0, 0
160002, 2239312, 0, 0, 0
161000, 2112264, 0, 0, 0
162000, 2169459, 0, 0, 0
163000, 2215279, 0, 0, 0
164000, 2182359, 0, 0, 0
165000, 2260879, 0, 0, 0
166001, 2264516, 0, 0, 0
167001, 2189128, 0, 0, 0
168001, 2310051, 0, 0, 0
169000, 2456941, 0, 0, 0
170001, 2104219, 0, 0, 0
171000, 2072785, 0, 0, 0
172000, 2090083, 0, 0, 0
173000, 2113261, 0, 0, 0
174000, 2189240, 0, 0, 0
175000, 2105411, 0, 0, 0
176000, 2092746, 0, 0, 0
177000, 2160183, 0, 0, 0
178000, 2196321, 0, 0, 0
179000, 2160022, 0, 0, 0
180000, 2133065, 0, 0, 0
180001, 2512242, 0, 0, 0
