1001, 2405, 1, 0, 0
2000, 2270, 1, 0, 0
3002, 2185, 1, 0, 0
4005, 2174, 1, 0, 0
5000, 2248, 1, 0, 0
6008, 2261, 1, 0, 0
7001, 2240, 1, 0, 0
8004, 2241, 1, 0, 0
9000, 2326, 1, 0, 0
10008, 2299, 1, 0, 0
11005, 2137, 1, 0, 0
12000, 2196, 1, 0, 0
13026, 2290, 1, 0, 0
14005, 2202, 1, 0, 0
15000, 2249, 1, 0, 0
16005, 2168, 1, 0, 0
17003, 2171, 1, 0, 0
18000, 2185, 1, 0, 0
19004, 2136, 1, 0, 0
20003, 2118, 1, 0, 0
21009, 2221, 1, 0, 0
22002, 2228, 1, 0, 0
23002, 2243, 1, 0, 0
24003, 2146, 1, 0, 0
25001, 2237, 1, 0, 0
26001, 2177, 1, 0, 0
27005, 2288, 1, 0, 0
28002, 2203, 1, 0, 0
29013, 2169, 1, 0, 0
30003, 2300, 1, 0, 0
31002, 2141, 1, 0, 0
32000, 2181, 1, 0, 0
33004, 2144, 1, 0, 0
34000, 2255, 1, 0, 0
35011, 2235, 1, 0, 0
36005, 2186, 1, 0, 0
37000, 2215, 1, 0, 0
38008, 2148, 1, 0, 0
39003, 2079, 1, 0, 0
40003, 2142, 1, 0, 0
41009, 2253, 1, 0, 0
42000, 2247, 1, 0, 0
43000, 2136, 1, 0, 0
44004, 2164, 1, 0, 0
45000, 2092, 1, 0, 0
46008, 2084, 1, 0, 0
47001, 2084, 1, 0, 0
48000, 2110, 1, 0, 0
49001, 2081, 1, 0, 0
50002, 2223, 1, 0, 0
51000, 2245, 1, 0, 0
52003, 2220, 1, 0, 0
53000, 2156, 1, 0, 0
54001, 2179, 1, 0, 0
55012, 2100, 1, 0, 0
56002, 2179, 1, 0, 0
57011, 2147, 1, 0, 0
58000, 2208, 1, 0, 0
59000, 2100, 1, 0, 0
60001, 2111, 1, 0, 0
61002, 2242, 1, 0, 0
62000, 2083, 1, 0, 0
63000, 2158, 1, 0, 0
64007, 2119, 1, 0, 0
65000, 2266, 1, 0, 0
66002, 2115, 1, 0, 0
67007, 2116, 1, 0, 0
68003, 2211, 1, 0, 0
69003, 2206, 1, 0, 0
70005, 2175, 1, 0, 0
71004, 2058, 1, 0, 0
72000, 2118, 1, 0, 0
73003, 2184, 1, 0, 0
74000, 2150, 1, 0, 0
75000, 2202, 1, 0, 0
76002, 2173, 1, 0, 0
77009, 2191, 1, 0, 0
78000, 2288, 1, 0, 0
79000, 2250, 1, 0, 0
80003, 2230, 1, 0, 0
81002, 2094, 1, 0, 0
82001, 2175, 1, 0, 0
83005, 2323, 1, 0, 0
84004, 2139, 1, 0, 0
85001, 2287, 1, 0, 0
86005, 2233, 1, 0, 0
87001, 2285, 1, 0, 0
88006, 2241, 1, 0, 0
89003, 2320, 1, 0, 0
90008, 2245, 1, 0, 0
91003, 2258, 1, 0, 0
92000, 2186, 1, 0, 0
93004, 2229, 1, 0, 0
94000, 2065, 1, 0, 0
95000, 2196, 1, 0, 0
96005, 2172, 1, 0, 0
97000, 2157, 1, 0, 0
98000, 2219, 1, 0, 0
99001, 2221, 1, 0, 0
100001, 2157, 1, 0, 0
101005, 2208, 1, 0, 0
102003, 2171, 1, 0, 0
103001, 2127, 1, 0, 0
104005, 2120, 1, 0, 0
105000, 2208, 1, 0, 0
106006, 2215, 1, 0, 0
107000, 2186, 1, 0, 0
108004, 2191, 1, 0, 0
109001, 2188, 1, 0, 0
110010, 2205, 1, 0, 0
111003, 2128, 1, 0, 0
112000, 2233, 1, 0, 0
113010, 2183, 1, 0, 0
114005, 2195, 1, 0, 0
115000, 2220, 1, 0, 0
116010, 2244, 1, 0, 0
117003, 2170, 1, 0, 0
118000, 2250, 1, 0, 0
119008, 2227, 1, 0, 0
120001, 2159, 1, 0, 0
121009, 2260, 1, 0, 0
122004, 2256, 1, 0, 0
123002, 2127, 1, 0, 0
124006, 2132, 1, 0, 0
125001, 2229, 1, 0, 0
126008, 2160, 1, 0, 0
127002, 2195, 1, 0, 0
128001, 2219, 1, 0, 0
129001, 2249, 1, 0, 0
130000, 2165, 1, 0, 0
131000, 2212, 1, 0, 0
132001, 2134, 1, 0, 0
133006, 2125, 1, 0, 0
134000, 2192, 1, 0, 0
135001, 2145, 1, 0, 0
136000, 2182, 1, 0, 0
137005, 2239, 1, 0, 0
138000, 2144, 1, 0, 0
139003, 2146, 1, 0, 0
140002, 2035, 1, 0, 0
141010, 2182, 1, 0, 0
142000, 2147, 1, 0, 0
143000, 2142, 1, 0, 0
144005, 2068, 1, 0, 0
145000, 2122, 1, 0, 0
146000, 2258, 1, 0, 0
147005, 2093, 1, 0, 0
148000, 2115, 1, 0, 0
149007, 2212, 1, 0, 0
150001, 2285, 1, 0, 0
151002, 2296, 1, 0, 0
152006, 2225, 1, 0, 0
153003, 2240, 1, 0, 0
154003, 2208, 1, 0, 0
155001, 2246, 1, 0, 0
156002, 2235, 1, 0, 0
157003, 2145, 1, 0, 0
158000, 2255, 1, 0, 0
159010, 2152, 1, 0, 0
160003, 2138, 1, 0, 0
161001, 2144, 1, 0, 0
162007, 2122, 1, 0, 0
163007, 2241, 1, 0, 0
164000, 2116, 1, 0, 0
165008, 2142, 1, 0, 0
166006, 2249, 1, 0, 0
167000, 2214, 1, 0, 0
168006, 2224, 1, 0, 0
169001, 2241, 1, 0, 0
170007, 2222, 1, 0, 0
171000, 2195, 1, 0, 0
172000, 2340, 1, 0, 0
173004, 2347, 1, 0, 0
174000, 2367, 1, 0, 0
175004, 2454, 1, 0, 0
176001, 2282, 1, 0, 0
177001, 2272, 1, 0, 0
178000, 2406, 1, 0, 0
179002, 2324, 1, 0, 0
180019, 2323, 1, 0, 0
