999, 1805, 0, 0, 0
2000, 1828, 0, 0, 0
3000, 1796, 0, 0, 0
4001, 1900, 0, 0, 0
5001, 1880, 0, 0, 0
6001, 1713, 0, 0, 0
7001, 1860, 0, 0, 0
8001, 1781, 0, 0, 0
9001, 1684, 0, 0, 0
10001, 1573, 0, 0, 0
11001, 1740, 0, 0, 0
12001, 1737, 0, 0, 0
13001, 1796, 0, 0, 0
14001, 1809, 0, 0, 0
15001, 1868, 0, 0, 0
16001, 1865, 0, 0, 0
17001, 1792, 0, 0, 0
18001, 1841, 0, 0, 0
19000, 1761, 0, 0, 0
20001, 1820, 0, 0, 0
21000, 1845, 0, 0, 0
22001, 1852, 0, 0, 0
23001, 1877, 0, 0, 0
24001, 1860, 0, 0, 0
25001, 1853, 0, 0, 0
26001, 1728, 0, 0, 0
27001, 1849, 0, 0, 0
28001, 1880, 0, 0, 0
29001, 1853, 0, 0, 0
30001, 1844, 0, 0, 0
31001, 1857, 0, 0, 0
32001, 1852, 0, 0, 0
33001, 1853, 0, 0, 0
34001, 1796, 0, 0, 0
35001, 1857, 0, 0, 0
36001, 1768, 0, 0, 0
37001, 1817, 0, 0, 0
38001, 1828, 0, 0, 0
39001, 1781, 0, 0, 0
40001, 1852, 0, 0, 0
41001, 1813, 0, 0, 0
42001, 1920, 0, 0, 0
43001, 1821, 0, 0, 0
44001, 1904, 0, 0, 0
45001, 1797, 0, 0, 0
46000, 1789, 0, 0, 0
47001, 1864, 0, 0, 0
48000, 1829, 0, 0, 0
49001, 1780, 0, 0, 0
50001, 1869, 0, 0, 0
51001, 1824, 0, 0, 0
52001, 1853, 0, 0, 0
53001, 1792, 0, 0, 0
54001, 1849, 0, 0, 0
55001, 1816, 0, 0, 0
56001, 1805, 0, 0, 0
57001, 1776, 0, 0, 0
58001, 1849, 0, 0, 0
59001, 1824, 0, 0, 0
60001, 1841, 0, 0, 0
61001, 1824, 0, 0, 0
62001, 1853, 0, 0, 0
63001, 1864, 0, 0, 0
64001, 1873, 0, 0, 0
65001, 1820, 0, 0, 0
66001, 1841, 0, 0, 0
67000, 1789, 0, 0, 0
68001, 1832, 0, 0, 0
69000, 1745, 0, 0, 0
70001, 1728, 0, 0, 0
71000, 1793, 0, 0, 0
72001, 1864, 0, 0, 0
73001, 1761, 0, 0, 0
74001, 1720, 0, 0, 0
75001, 1789, 0, 0, 0
76001, 1852, 0, 0, 0
77001, 1733, 0, 0, 0
78001, 1848, 0, 0, 0
79001, 1817, 0, 0, 0
80001, 1756, 0, 0, 0
81001, 1821, 0, 0, 0
82001, 1800, 0, 0, 0
83001, 1773, 0, 0, 0
84001, 1776, 0, 0, 0
85001, 1817, 0, 0, 0
86001, 1816, 0, 0, 0
87001, 1801, 0, 0, 0
88000, 1857, 0, 0, 0
89001, 1804, 0, 0, 0
90001, 1777, 0, 0, 0
91001, 1764, 0, 0, 0
92001, 1805, 0, 0, 0
93001, 812, 0, 0, 0
94001, 1813, 0, 0, 0
95001, 1784, 0, 0, 0
96001, 1781, 0, 0, 0
97001, 1820, 0, 0, 0
98001, 1849, 0, 0, 0
99001, 1832, 0, 0, 0
100001, 1793, 0, 0, 0
101000, 1821, 0, 0, 0
102001, 1792, 0, 0, 0
103000, 1825, 0, 0, 0
104001, 1776, 0, 0, 0
105001, 1805, 0, 0, 0
106001, 1792, 0, 0, 0
107001, 1793, 0, 0, 0
108001, 1776, 0, 0, 0
109001, 1741, 0, 0, 0
110000, 1849, 0, 0, 0
111001, 1688, 0, 0, 0
112001, 1805, 0, 0, 0
113001, 1752, 0, 0, 0
114001, 1793, 0, 0, 0
115001, 1868, 0, 0, 0
116001, 1741, 0, 0, 0
117001, 1796, 0, 0, 0
118001, 1729, 0, 0, 0
119000, 1773, 0, 0, 0
120001, 1788, 0, 0, 0
121001, 1821, 0, 0, 0
122001, 1828, 0, 0, 0
123001, 1841, 0, 0, 0
124001, 1868, 0, 0, 0
125001, 1857, 0, 0, 0
126001, 1812, 0, 0, 0
127001, 1825, 0, 0, 0
128001, 1868, 0, 0, 0
129001, 1837, 0, 0, 0
130001, 1832, 0, 0, 0
131001, 1777, 0, 0, 0
132000, 1901, 0, 0, 0
133001, 1860, 0, 0, 0
134001, 1873, 0, 0, 0
135001, 1860, 0, 0, 0
136001, 1797, 0, 0, 0
137001, 1848, 0, 0, 0
138001, 1857, 0, 0, 0
139001, 1768, 0, 0, 0
140001, 1841, 0, 0, 0
141001, 1825, 0, 0, 0
142001, 1844, 0, 0, 0
143001, 1825, 0, 0, 0
144001, 1908, 0, 0, 0
145001, 1665, 0, 0, 0
146001, 1792, 0, 0, 0
147001, 1833, 0, 0, 0
148000, 1925, 0, 0, 0
149001, 1736, 0, 0, 0
150001, 1865, 0, 0, 0
151001, 1872, 0, 0, 0
152001, 1537, 0, 0, 0
153001, 1180, 0, 0, 0
154001, 1897, 0, 0, 0
155001, 1848, 0, 0, 0
156001, 1813, 0, 0, 0
157001, 1804, 0, 0, 0
158001, 1833, 0, 0, 0
159000, 1905, 0, 0, 0
160001, 1788, 0, 0, 0
161000, 1853, 0, 0, 0
162001, 1852, 0, 0, 0
163001, 1861, 0, 0, 0
164001, 1860, 0, 0, 0
165001, 1929, 0, 0, 0
166001, 1820, 0, 0, 0
167001, 1829, 0, 0, 0
168001, 1876, 0, 0, 0
169001, 1849, 0, 0, 0
170001, 1876, 0, 0, 0
171001, 1841, 0, 0, 0
172001, 1852, 0, 0, 0
173001, 1853, 0, 0, 0
174001, 1908, 0, 0, 0
175001, 1861, 0, 0, 0
176001, 1872, 0, 0, 0
177001, 1873, 0, 0, 0
178001, 1836, 0, 0, 0
179001, 1873, 0, 0, 0
180001, 1849, 0, 0, 0
