1009, 120850632, 1, 0, 0
2002, 131560357, 1, 0, 0
3006, 131548927, 1, 0, 0
4002, 135199115, 1, 0, 0
5007, 134254250, 1, 0, 0
6002, 134933610, 1, 0, 0
7011, 129376308, 1, 0, 0
8008, 130526959, 1, 0, 0
9008, 127780241, 1, 0, 0
10018, 128190814, 1, 0, 0
11009, 130080924, 1, 0, 0
12002, 128600006, 1, 0, 0
13001, 129554395, 1, 0, 0
14002, 128686371, 1, 0, 0
15002, 128856950, 1, 0, 0
16002, 131184139, 1, 0, 0
17011, 132225277, 1, 0, 0
18003, 130509058, 1, 0, 0
19004, 131655644, 1, 0, 0
20000, 131228513, 1, 0, 0
21015, 130624839, 1, 0, 0
22004, 131397757, 1, 0, 0
23003, 129975823, 1, 0, 0
24020, 125495250, 1, 0, 0
25005, 125928871, 1, 0, 0
26003, 124052656, 1, 0, 0
27010, 123534230, 1, 0, 0
28006, 125499220, 1, 0, 0
29000, 125086944, 1, 0, 0
30002, 127747783, 1, 0, 0
31000, 123279719, 1, 0, 0
32002, 126926117, 1, 0, 0
33010, 128485473, 1, 0, 0
34004, 131617641, 1, 0, 0
35000, 131323132, 1, 0, 0
36008, 131048380, 1, 0, 0
37000, 132196634, 1, 0, 0
38005, 130818203, 1, 0, 0
39001, 130790594, 1, 0, 0
40011, 130931743, 1, 0, 0
41007, 131592763, 1, 0, 0
42002, 129956880, 1, 0, 0
43007, 129856157, 1, 0, 0
44000, 130082564, 1, 0, 0
45000, 129694434, 1, 0, 0
46001, 131648679, 1, 0, 0
47015, 131843444, 1, 0, 0
48005, 129651891, 1, 0, 0
49003, 129392507, 1, 0, 0
50014, 130700506, 1, 0, 0
51012, 133924935, 1, 0, 0
52005, 132626097, 1, 0, 0
53000, 132473832, 1, 0, 0
54003, 138961804, 1, 0, 0
55005, 138868930, 1, 0, 0
56005, 132665125, 1, 0, 0
57000, 137476997, 1, 0, 0
58001, 139107154, 1, 0, 0
59006, 144376739, 1, 0, 0
60000, 133755292, 1, 0, 0
61010, 132911483, 1, 0, 0
62002, 139650721, 1, 0, 0
63008, 131908809, 1, 0, 0
64009, 135878450, 1, 0, 0
65005, 134769821, 1, 0, 0
66001, 134286292, 1, 0, 0
67004, 133619920, 1, 0, 0
68003, 134628478, 1, 0, 0
69003, 134201247, 1, 0, 0
70002, 141461301, 1, 0, 0
71004, 136994110, 1, 0, 0
72000, 129959285, 1, 0, 0
73012, 141947958, 1, 0, 0
74004, 131594484, 1, 0, 0
75014, 131949092, 1, 0, 0
76002, 131133595, 1, 0, 0
77003, 132833417, 1, 0, 0
78007, 135104642, 1, 0, 0
79003, 135857326, 1, 0, 0
80003, 134973325, 1, 0, 0
81000, 134653674, 1, 0, 0
82002, 138253499, 1, 0, 0
83008, 132227339, 1, 0, 0
84008, 134114218, 1, 0, 0
85001, 129882614, 1, 0, 0
86009, 127759516, 1, 0, 0
87000, 122763905, 1, 0, 0
88001, 123059969, 1, 0, 0
89010, 129003788, 1, 0, 0
90004, 127937962, 1, 0, 0
91021, 129868013, 1, 0, 0
92001, 138940085, 1, 0, 0
93003, 135618462, 1, 0, 0
94012, 132060394, 1, 0, 0
95007, 134713583, 1, 0, 0
96002, 131811600, 1, 0, 0
97012, 137926397, 1, 0, 0
98001, 130158616, 1, 0, 0
99003, 136715750, 1, 0, 0
100004, 136748414, 1, 0, 0
101003, 135874221, 1, 0, 0
102002, 134033049, 1, 0, 0
103015, 132836759, 1, 0, 0
104009, 137506887, 1, 0, 0
105006, 141074792, 1, 0, 0
106010, 136822965, 1, 0, 0
107004, 140730201, 1, 0, 0
108002, 133798272, 1, 0, 0
109003, 139769543, 1, 0, 0
110003, 143969416, 1, 0, 0
111006, 141770229, 1, 0, 0
112007, 148236296, 1, 0, 0
113009, 142940499, 1, 0, 0
114004, 133571316, 1, 0, 0
115005, 131833092, 1, 0, 0
116002, 129476817, 1, 0, 0
117013, 139120140, 1, 0, 0
118007, 137272529, 1, 0, 0
119004, 138462512, 1, 0, 0
120010, 148540168, 1, 0, 0
121006, 134548331, 1, 0, 0
122002, 144908714, 1, 0, 0
123009, 134411966, 1, 0, 0
124008, 135653205, 1, 0, 0
125002, 140843822, 1, 0, 0
126011, 133819285, 1, 0, 0
127004, 135553962, 1, 0, 0
128002, 133723288, 1, 0, 0
129014, 133813346, 1, 0, 0
130010, 134706170, 1, 0, 0
131001, 135854673, 1, 0, 0
132017, 133775039, 1, 0, 0
133002, 133474560, 1, 0, 0
134008, 133017866, 1, 0, 0
135003, 131175524, 1, 0, 0
136014, 130296838, 1, 0, 0
137004, 131155347, 1, 0, 0
138004, 128723788, 1, 0, 0
139014, 128680303, 1, 0, 0
140010, 131082816, 1, 0, 0
141004, 128786814, 1, 0, 0
142004, 128976840, 1, 0, 0
143005, 127833353, 1, 0, 0
144000, 127849060, 1, 0, 0
145010, 129281021, 1, 0, 0
146006, 131026435, 1, 0, 0
147002, 134650434, 1, 0, 0
148012, 142419618, 1, 0, 0
149010, 134562309, 1, 0, 0
150002, 133276415, 1, 0, 0
151009, 130930024, 1, 0, 0
152012, 153453979, 1, 0, 0
153002, 149677375, 1, 0, 0
154016, 134367376, 1, 0, 0
155009, 122743855, 1, 0, 0
156009, 120359252, 1, 0, 0
157000, 143497928, 1, 0, 0
158011, 161740715, 1, 0, 0
159004, 155619652, 1, 0, 0
160016, 164561214, 1, 0, 0
161011, 152733398, 1, 0, 0
162001, 160248777, 1, 0, 0
163002, 137960188, 1, 0, 0
164010, 134974125, 1, 0, 0
165003, 147328542, 1, 0, 0
166003, 140046407, 1, 0, 0
167008, 134122334, 1, 0, 0
168004, 140660406, 1, 0, 0
169003, 141793801, 1, 0, 0
170003, 146386470, 1, 0, 0
171001, 124226742, 1, 0, 0
172010, 128769420, 1, 0, 0
173006, 127860228, 1, 0, 0
174015, 127236263, 1, 0, 0
175010, 128484234, 1, 0, 0
176000, 127917416, 1, 0, 0
177009, 125293483, 1, 0, 0
178001, 126194641, 1, 0, 0
179001, 124372547, 1, 0, 0
180005, 123450641, 1, 0, 0
180115, 191121065, 1, 0, 0
