1003, 28272, 0, 0, 0
2011, 34407, 0, 0, 0
3004, 2632, 0, 0, 0
4017, 2100, 0, 0, 0
5011, 2503, 0, 0, 0
6007, 22664, 0, 0, 0
7017, 2420, 0, 0, 0
8013, 2653, 0, 0, 0
9009, 2610, 0, 0, 0
10005, 2602, 0, 0, 0
11007, 2081, 0, 0, 0
12008, 1948, 0, 0, 0
13002, 3368, 0, 0, 0
14010, 2085, 0, 0, 0
15004, 1968, 0, 0, 0
16010, 2091, 0, 0, 0
17017, 2060, 0, 0, 0
18005, 2245, 0, 0, 0
19007, 2099, 0, 0, 0
20004, 2333, 0, 0, 0
21013, 1972, 0, 0, 0
22009, 4397, 0, 0, 0
23005, 2031, 0, 0, 0
24002, 2030, 0, 0, 0
25011, 2068, 0, 0, 0
26007, 2278, 0, 0, 0
27004, 27431, 0, 0, 0
28011, 1983, 0, 0, 0
29005, 2711, 0, 0, 0
30016, 4315, 0, 0, 0
31009, 2213, 0, 0, 0
32019, 1987, 0, 0, 0
33014, 1980, 0, 0, 0
34007, 1987, 0, 0, 0
35003, 2563, 0, 0, 0
36015, 2025, 0, 0, 0
37007, 1971, 0, 0, 0
38006, 3647, 0, 0, 0
39004, 2010, 0, 0, 0
40009, 2006, 0, 0, 0
41005, 2034, 0, 0, 0
42003, 2118, 0, 0, 0
43009, 2073, 0, 0, 0
44017, 2102, 0, 0, 0
45009, 2120, 0, 0, 0
46011, 2085, 0, 0, 0
47010, 2017, 0, 0, 0
48006, 1971, 0, 0, 0
49014, 2422, 0, 0, 0
50010, 2585, 0, 0, 0
51006, 2876, 0, 0, 0
52010, 2766, 0, 0, 0
53011, 2323, 0, 0, 0
54005, 1993, 0, 0, 0
55016, 1987, 0, 0, 0
56009, 1972, 0, 0, 0
57002, 1970, 0, 0, 0
58011, 2039, 0, 0, 0
59006, 2020, 0, 0, 0
60013, 1999, 0, 0, 0
61007, 1992, 0, 0, 0
62016, 1968, 0, 0, 0
63008, 2021, 0, 0, 0
64005, 2026, 0, 0, 0
65016, 2019, 0, 0, 0
66008, 1998, 0, 0, 0
67004, 2035, 0, 0, 0
68013, 2184, 0, 0, 0
69008, 2036, 0, 0, 0
70007, 1985, 0, 0, 0
71011, 22416, 0, 0, 0
72005, 2079, 0, 0, 0
73015, 2007, 0, 0, 0
74005, 2049, 0, 0, 0
75018, 1997, 0, 0, 0
76011, 1966, 0, 0, 0
77006, 1995, 0, 0, 0
78012, 1917, 0, 0, 0
79009, 1909, 0, 0, 0
80004, 1805, 0, 0, 0
81014, 1853, 0, 0, 0
82011, 1928, 0, 0, 0
83008, 1907, 0, 0, 0
84012, 1932, 0, 0, 0
85013, 1895, 0, 0, 0
86008, 1839, 0, 0, 0
87003, 1894, 0, 0, 0
88011, 1881, 0, 0, 0
89003, 1917, 0, 0, 0
90014, 1803, 0, 0, 0
91006, 1884, 0, 0, 0
92016, 1758, 0, 0, 0
93011, 1772, 0, 0, 0
94006, 1849, 0, 0, 0
95018, 1760, 0, 0, 0
96005, 1798, 0, 0, 0
97010, 1817, 0, 0, 0
98006, 1882, 0, 0, 0
99018, 1713, 0, 0, 0
100013, 1771, 0, 0, 0
101005, 1816, 0, 0, 0
102015, 1710, 0, 0, 0
103011, 1710, 0, 0, 0
104009, 1784, 0, 0, 0
105004, 1745, 0, 0, 0
106013, 1759, 0, 0, 0
107008, 1789, 0, 0, 0
108003, 1660, 0, 0, 0
109012, 1696, 0, 0, 0
110009, 1707, 0, 0, 0
111004, 1704, 0, 0, 0
112017, 1748, 0, 0, 0
113012, 1728, 0, 0, 0
114006, 1690, 0, 0, 0
115004, 1643, 0, 0, 0
116013, 1624, 0, 0, 0
117002, 1719, 0, 0, 0
118003, 1722, 0, 0, 0
119012, 1739, 0, 0, 0
120004, 1723, 0, 0, 0
121007, 1758, 0, 0, 0
122009, 1734, 0, 0, 0
123004, 1738, 0, 0, 0
124009, 1685, 0, 0, 0
125008, 1659, 0, 0, 0
126003, 1699, 0, 0, 0
127013, 1721, 0, 0, 0
128009, 1760, 0, 0, 0
129003, 1749, 0, 0, 0
130004, 1691, 0, 0, 0
131005, 1790, 0, 0, 0
132016, 1758, 0, 0, 0
133012, 1816, 0, 0, 0
134005, 1798, 0, 0, 0
135018, 1796, 0, 0, 0
136014, 1802, 0, 0, 0
137008, 1862, 0, 0, 0
138004, 1802, 0, 0, 0
139017, 1833, 0, 0, 0
140003, 1726, 0, 0, 0
141009, 1675, 0, 0, 0
142005, 1732, 0, 0, 0
143003, 1800, 0, 0, 0
144014, 1948, 0, 0, 0
145009, 1825, 0, 0, 0
146004, 1849, 0, 0, 0
147013, 1945, 0, 0, 0
148005, 1866, 0, 0, 0
149016, 19666, 0, 0, 0
150011, 1949, 0, 0, 0
151002, 1895, 0, 0, 0
152014, 1905, 0, 0, 0
153011, 1928, 0, 0, 0
154006, 1841, 0, 0, 0
155009, 1900, 0, 0, 0
156013, 1971, 0, 0, 0
157011, 1940, 0, 0, 0
158006, 2048, 0, 0, 0
159017, 1996, 0, 0, 0
160010, 1884, 0, 0, 0
161003, 1970, 0, 0, 0
162011, 1987, 0, 0, 0
163003, 1937, 0, 0, 0
164013, 2025, 0, 0, 0
165006, 1916, 0, 0, 0
166015, 1974, 0, 0, 0
167005, 1777, 0, 0, 0
168003, 1942, 0, 0, 0
169012, 1996, 0, 0, 0
170008, 1882, 0, 0, 0
171003, 2161, 0, 0, 0
172005, 1759, 0, 0, 0
173007, 1863, 0, 0, 0
174018, 1846, 0, 0, 0
175009, 1952, 0, 0, 0
176006, 1871, 0, 0, 0
177013, 1871, 0, 0, 0
178003, 1881, 0, 0, 0
179012, 1919, 0, 0, 0
180017, 1949, 0, 0, 0
