1000, 3706734, 0, 0, 0
2011, 4143995, 0, 0, 0
3023, 4178766, 0, 0, 0
4014, 4230755, 0, 0, 0
5014, 4165800, 0, 0, 0
6009, 4156068, 0, 0, 0
7010, 4168191, 0, 0, 0
8014, 4209641, 0, 0, 0
9024, 4160259, 0, 0, 0
10000, 4214111, 0, 0, 0
11011, 4185984, 0, 0, 0
12014, 4162231, 0, 0, 0
13000, 4283771, 0, 0, 0
14013, 4103297, 0, 0, 0
15018, 4160763, 0, 0, 0
16011, 4179115, 0, 0, 0
17000, 4637637, 0, 0, 0
18011, 4018339, 0, 0, 0
19000, 4229081, 0, 0, 0
20015, 4158772, 0, 0, 0
21010, 4152438, 0, 0, 0
22000, 4325081, 0, 0, 0
23015, 4044105, 0, 0, 0
24010, 4171076, 0, 0, 0
25024, 4158537, 0, 0, 0
26000, 4239990, 0, 0, 0
27012, 4105199, 0, 0, 0
28010, 4201041, 0, 0, 0
29016, 4197900, 0, 0, 0
30015, 4718971, 0, 0, 0
31010, 3830464, 0, 0, 0
32000, 4221758, 0, 0, 0
33004, 4152452, 0, 0, 0
34010, 4158751, 0, 0, 0
35000, 4265112, 0, 0, 0
36011, 4134304, 0, 0, 0
37010, 4132033, 0, 0, 0
38017, 4213021, 0, 0, 0
39016, 4194237, 0, 0, 0
40011, 4168963, 0, 0, 0
41000, 4220523, 0, 0, 0
42015, 4136644, 0, 0, 0
43010, 4175673, 0, 0, 0
44000, 4226883, 0, 0, 0
45015, 4157274, 0, 0, 0
46024, 4141879, 0, 0, 0
47000, 4247803, 0, 0, 0
48017, 4173051, 0, 0, 0
49012, 4155918, 0, 0, 0
50012, 4147680, 0, 0, 0
51015, 4204578, 0, 0, 0
52009, 4164801, 0, 0, 0
53021, 4171190, 0, 0, 0
54002, 4227003, 0, 0, 0
55011, 4151718, 0, 0, 0
56000, 4237184, 0, 0, 0
57016, 4127638, 0, 0, 0
58009, 4168620, 0, 0, 0
59001, 4227486, 0, 0, 0
60000, 4152942, 0, 0, 0
61016, 4149330, 0, 0, 0
62009, 4216663, 0, 0, 0
63007, 4144677, 0, 0, 0
64010, 4166575, 0, 0, 0
65021, 4216071, 0, 0, 0
66006, 4200854, 0, 0, 0
67011, 4139267, 0, 0, 0
68000, 4215618, 0, 0, 0
69015, 4155631, 0, 0, 0
70009, 4163124, 0, 0, 0
71016, 4199847, 0, 0, 0
72012, 4160558, 0, 0, 0
73023, 4155075, 0, 0, 0
74000, 4193886, 0, 0, 0
75024, 4154509, 0, 0, 0
76000, 4225505, 0, 0, 0
77015, 4154372, 0, 0, 0
78009, 4147790, 0, 0, 0
79021, 4218022, 0, 0, 0
80000, 4194562, 0, 0, 0
81014, 4177336, 0, 0, 0
82009, 4165092, 0, 0, 0
83019, 4172330, 0, 0, 0
84014, 4231834, 0, 0, 0
85018, 4149841, 0, 0, 0
86017, 4194025, 0, 0, 0
87012, 4207441, 0, 0, 0
88000, 4235153, 0, 0, 0
89011, 4132058, 0, 0, 0
90013, 4192498, 0, 0, 0
91009, 4173094, 0, 0, 0
92000, 4209405, 0, 0, 0
93002, 4182588, 0, 0, 0
94012, 4156483, 0, 0, 0
95015, 4150571, 0, 0, 0
96009, 4232807, 0, 0, 0
97012, 4153865, 0, 0, 0
98009, 4185881, 0, 0, 0
99016, 4229311, 0, 0, 0
100010, 4163812, 0, 0, 0
101009, 4159535, 0, 0, 0
102016, 4202814, 0, 0, 0
103010, 4151674, 0, 0, 0
104013, 4207169, 0, 0, 0
105013, 4197665, 0, 0, 0
106000, 4158864, 0, 0, 0
107000, 4202343, 0, 0, 0
108000, 4157926, 0, 0, 0
109009, 4179388, 0, 0, 0
110000, 4226252, 0, 0, 0
111015, 4150058, 0, 0, 0
112010, 4173942, 0, 0, 0
113009, 4192208, 0, 0, 0
114012, 4172724, 0, 0, 0
115000, 4263361, 0, 0, 0
116015, 4126254, 0, 0, 0
117011, 4145736, 0, 0, 0
118017, 4174655, 0, 0, 0
119009, 4216374, 0, 0, 0
120023, 4139899, 0, 0, 0
121017, 4215387, 0, 0, 0
122012, 4183364, 0, 0, 0
123000, 4235481, 0, 0, 0
124015, 4141950, 0, 0, 0
125010, 4170490, 0, 0, 0
126009, 4173261, 0, 0, 0
127000, 4225980, 0, 0, 0
128015, 4159847, 0, 0, 0
129010, 4175025, 0, 0, 0
130000, 4210880, 0, 0, 0
131013, 4146068, 0, 0, 0
132009, 4161067, 0, 0, 0
133018, 4215382, 0, 0, 0
134012, 4154614, 0, 0, 0
135011, 4177408, 0, 0, 0
136000, 4195900, 0, 0, 0
137000, 4199027, 0, 0, 0
138016, 4161630, 0, 0, 0
139010, 4166982, 0, 0, 0
140009, 4204780, 0, 0, 0
141011, 4313829, 0, 0, 0
142012, 4176308, 0, 0, 0
143000, 4272142, 0, 0, 0
144016, 4162257, 0, 0, 0
145012, 4155197, 0, 0, 0
146017, 4172597, 0, 0, 0
147017, 4169698, 0, 0, 0
148008, 4198401, 0, 0, 0
149017, 4225534, 0, 0, 0
150000, 4230388, 0, 0, 0
151023, 4079914, 0, 0, 0
152000, 4227566, 0, 0, 0
153013, 4158828, 0, 0, 0
154009, 4167851, 0, 0, 0
155021, 4199055, 0, 0, 0
156018, 4221971, 0, 0, 0
157014, 4162901, 0, 0, 0
158009, 4170269, 0, 0, 0
159000, 4276119, 0, 0, 0
160009, 4065892, 0, 0, 0
161011, 4215995, 0, 0, 0
162008, 4063877, 0, 0, 0
163018, 4201819, 0, 0, 0
164014, 4186915, 0, 0, 0
165008, 4161901, 0, 0, 0
166018, 4201671, 0, 0, 0
167010, 4136452, 0, 0, 0
168021, 4222408, 0, 0, 0
169015, 4117859, 0, 0, 0
170009, 4172028, 0, 0, 0
171022, 4158721, 0, 0, 0
171325, 4567849, 0, 0, 0
