1003, 59164045, 0, 0, 0
2000, 67184200, 0, 0, 0
3009, 65988858, 0, 0, 0
4003, 67871582, 0, 0, 0
5000, 66617328, 0, 0, 0
6000, 67096238, 0, 0, 0
7008, 67407971, 0, 0, 0
8001, 66536522, 0, 0, 0
9000, 66998134, 0, 0, 0
10005, 67340983, 0, 0, 0
11000, 67022202, 0, 0, 0
12000, 67006445, 0, 0, 0
13004, 67268086, 0, 0, 0
14000, 66553647, 0, 0, 0
15002, 66438591, 0, 0, 0
16000, 67384624, 0, 0, 0
17000, 66747992, 0, 0, 0
18000, 67281542, 0, 0, 0
19007, 67149318, 0, 0, 0
20001, 66862211, 0, 0, 0
21000, 67016534, 0, 0, 0
22004, 67165735, 0, 0, 0
23000, 67207667, 0, 0, 0
24008, 66610598, 0, 0, 0
25002, 66655526, 0, 0, 0
26001, 66392651, 0, 0, 0
27000, 67789436, 0, 0, 0
28002, 67107638, 0, 0, 0
29005, 66284758, 0, 0, 0
30005, 67719075, 0, 0, 0
31000, 66858952, 0, 0, 0
32000, 66415778, 0, 0, 0
33005, 67004325, 0, 0, 0
34000, 66548171, 0, 0, 0
35010, 66534838, 0, 0, 0
36008, 67480583, 0, 0, 0
37003, 66398245, 0, 0, 0
38001, 66609746, 0, 0, 0
39000, 66452874, 0, 0, 0
40003, 67166010, 0, 0, 0
41000, 66546611, 0, 0, 0
42000, 67478506, 0, 0, 0
43000, 66589580, 0, 0, 0
44001, 66600541, 0, 0, 0
45006, 67375851, 0, 0, 0
46003, 66937282, 0, 0, 0
47000, 66882308, 0, 0, 0
48000, 66909519, 0, 0, 0
49008, 67721843, 0, 0, 0
50000, 67000478, 0, 0, 0
51000, 66745912, 0, 0, 0
52007, 66378129, 0, 0, 0
53004, 67175162, 0, 0, 0
54000, 66638774, 0, 0, 0
55007, 67223841, 0, 0, 0
56000, 66482402, 0, 0, 0
57008, 66700360, 0, 0, 0
58003, 67420868, 0, 0, 0
59000, 67299440, 0, 0, 0
60000, 67012574, 0, 0, 0
61007, 67081667, 0, 0, 0
62000, 66757172, 0, 0, 0
63000, 66366711, 0, 0, 0
64000, 67588789, 0, 0, 0
65000, 66203714, 0, 0, 0
66000, 67385549, 0, 0, 0
67002, 66934875, 0, 0, 0
68000, 66494172, 0, 0, 0
69005, 66854101, 0, 0, 0
70000, 66581245, 0, 0, 0
71000, 67343139, 0, 0, 0
72009, 66626247, 0, 0, 0
73001, 67685116, 0, 0, 0
74000, 66482036, 0, 0, 0
75010, 66494602, 0, 0, 0
76004, 67492307, 0, 0, 0
77001, 66422787, 0, 0, 0
78000, 67130058, 0, 0, 0
79001, 67386007, 0, 0, 0
80001, 66883194, 0, 0, 0
81000, 66581781, 0, 0, 0
82008, 67007773, 0, 0, 0
83001, 66749167, 0, 0, 0
84000, 66702305, 0, 0, 0
85007, 66951903, 0, 0, 0
86002, 66906095, 0, 0, 0
87000, 67158237, 0, 0, 0
88007, 67326971, 0, 0, 0
89001, 66373108, 0, 0, 0
90010, 66651425, 0, 0, 0
91002, 67251417, 0, 0, 0
92000, 66456208, 0, 0, 0
93009, 66692025, 0, 0, 0
94003, 67736580, 0, 0, 0
95000, 70838151, 0, 0, 0
96006, 67347607, 0, 0, 0
97000, 66651214, 0, 0, 0
98000, 66750832, 0, 0, 0
99005, 67621955, 0, 0, 0
100000, 66432651, 0, 0, 0
101000, 66561678, 0, 0, 0
102003, 67434324, 0, 0, 0
103000, 66734197, 0, 0, 0
104007, 67047437, 0, 0, 0
105001, 66842475, 0, 0, 0
106001, 66493629, 0, 0, 0
107007, 67160642, 0, 0, 0
108000, 66537229, 0, 0, 0
109008, 67345628, 0, 0, 0
110001, 66670589, 0, 0, 0
111000, 67060015, 0, 0, 0
112001, 66471312, 0, 0, 0
113002, 67199764, 0, 0, 0
114000, 66724104, 0, 0, 0
115008, 65994103, 0, 0, 0
116002, 67527875, 0, 0, 0
117000, 66954580, 0, 0, 0
118007, 66545173, 0, 0, 0
119000, 67498574, 0, 0, 0
120008, 66103850, 0, 0, 0
121000, 67948645, 0, 0, 0
122010, 66658387, 0, 0, 0
123004, 67211261, 0, 0, 0
124000, 66201345, 0, 0, 0
125007, 66739341, 0, 0, 0
126003, 66739391, 0, 0, 0
127000, 67131321, 0, 0, 0
128010, 66749601, 0, 0, 0
129002, 66844133, 0, 0, 0
130000, 67099316, 0, 0, 0
131000, 66879277, 0, 0, 0
132000, 66989560, 0, 0, 0
133006, 67296061, 0, 0, 0
134000, 66598762, 0, 0, 0
135010, 66588476, 0, 0, 0
136002, 67049430, 0, 0, 0
137000, 66554243, 0, 0, 0
138005, 67028935, 0, 0, 0
139000, 66547739, 0, 0, 0
140000, 67082133, 0, 0, 0
141006, 67188083, 0, 0, 0
142001, 66545616, 0, 0, 0
143000, 66621012, 0, 0, 0
144002, 66696580, 0, 0, 0
145003, 67072526, 0, 0, 0
146000, 67119210, 0, 0, 0
147005, 66990995, 0, 0, 0
148000, 66722267, 0, 0, 0
149008, 67152106, 0, 0, 0
150000, 66952439, 0, 0, 0
151000, 66560746, 0, 0, 0
152000, 66400509, 0, 0, 0
153003, 67232254, 0, 0, 0
154000, 66951703, 0, 0, 0
155000, 66952000, 0, 0, 0
156006, 67313097, 0, 0, 0
157001, 66037863, 0, 0, 0
158000, 67242233, 0, 0, 0
159010, 66643320, 0, 0, 0
160000, 67045979, 0, 0, 0
161000, 67178731, 0, 0, 0
162008, 66595060, 0, 0, 0
163003, 67292286, 0, 0, 0
164000, 66876005, 0, 0, 0
165004, 66884563, 0, 0, 0
166000, 66601247, 0, 0, 0
167000, 67037149, 0, 0, 0
168008, 66443704, 0, 0, 0
169002, 67235081, 0, 0, 0
170000, 67069587, 0, 0, 0
171000, 66700187, 0, 0, 0
172004, 67084467, 0, 0, 0
173000, 67180909, 0, 0, 0
174000, 67078779, 0, 0, 0
175007, 67121352, 0, 0, 0
176002, 66666856, 0, 0, 0
177000, 66889060, 0, 0, 0
178001, 66328158, 0, 0, 0
179001, 67157331, 0, 0, 0
180000, 76053715, 0, 0, 0
180063, 123823246, 0, 0, 0
