1000, 3827282, 0, 0, 0
2000, 4086546, 0, 0, 0
3000, 4201448, 0, 0, 0
4001, 4163571, 0, 0, 0
5000, 4185550, 0, 0, 0
6000, 4329967, 0, 0, 0
7000, 4121780, 0, 0, 0
8000, 4258581, 0, 0, 0
9000, 4118293, 0, 0, 0
10000, 4139612, 0, 0, 0
11000, 4162548, 0, 0, 0
12000, 4164161, 0, 0, 0
13000, 4156488, 0, 0, 0
14000, 4250412, 0, 0, 0
15000, 4111506, 0, 0, 0
16036, 4253011, 0, 0, 0
17000, 4213357, 0, 0, 0
18000, 4203575, 0, 0, 0
19022, 4196573, 0, 0, 0
20000, 4206830, 0, 0, 0
21000, 4191378, 0, 0, 0
22000, 4112639, 0, 0, 0
23000, 4302803, 0, 0, 0
24000, 16066753, 0, 0, 0
25036, 3928119, 0, 0, 0
26031, 4143855, 0, 0, 0
27000, 4155689, 0, 0, 0
28034, 4174049, 0, 0, 0
29000, 4260599, 0, 0, 0
30000, 4104616, 0, 0, 0
31000, 4217710, 0, 0, 0
32000, 4181412, 0, 0, 0
33000, 4168599, 0, 0, 0
34000, 4298920, 0, 0, 0
35001, 4062864, 0, 0, 0
36000, 4171738, 0, 0, 0
37000, 4301650, 0, 0, 0
38000, 4156389, 0, 0, 0
39000, 4159023, 0, 0, 0
40000, 4215396, 0, 0, 0
41000, 4141708, 0, 0, 0
42000, 4185889, 0, 0, 0
43000, 4285341, 0, 0, 0
44021, 4134735, 0, 0, 0
45000, 4247628, 0, 0, 0
46000, 4155440, 0, 0, 0
47000, 4282113, 0, 0, 0
48001, 4168351, 0, 0, 0
49000, 4123207, 0, 0, 0
50022, 4138624, 0, 0, 0
51000, 4285397, 0, 0, 0
52000, 4165832, 0, 0, 0
53024, 4151083, 0, 0, 0
54000, 4167205, 0, 0, 0
55000, 4187742, 0, 0, 0
56021, 4115124, 0, 0, 0
57000, 4246820, 0, 0, 0
58000, 4104623, 0, 0, 0
59035, 4155733, 0, 0, 0
60024, 4167213, 0, 0, 0
61001, 4174293, 0, 0, 0
62036, 4156627, 0, 0, 0
63000, 4261356, 0, 0, 0
64000, 4128750, 0, 0, 0
65000, 4140107, 0, 0, 0
66000, 4176407, 0, 0, 0
67000, 4225235, 0, 0, 0
68022, 4191636, 0, 0, 0
69000, 4223790, 0, 0, 0
70000, 4123021, 0, 0, 0
71000, 4275048, 0, 0, 0
72000, 4110639, 0, 0, 0
73021, 4111304, 0, 0, 0
74030, 4171885, 0, 0, 0
75000, 4178095, 0, 0, 0
76035, 4155976, 0, 0, 0
77024, 4202424, 0, 0, 0
78000, 4215512, 0, 0, 0
79035, 4129371, 0, 0, 0
80000, 4241847, 0, 0, 0
81000, 4159455, 0, 0, 0
82000, 4265264, 0, 0, 0
83030, 4057327, 0, 0, 0
84000, 4227832, 0, 0, 0
85029, 4100651, 0, 0, 0
86000, 4200746, 0, 0, 0
87022, 4104732, 0, 0, 0
88000, 4195307, 0, 0, 0
89000, 4209621, 0, 0, 0
90001, 4227944, 0, 0, 0
91000, 4264797, 0, 0, 0
92000, 4150858, 0, 0, 0
93000, 4261210, 0, 0, 0
94000, 4201320, 0, 0, 0
95000, 4147410, 0, 0, 0
96000, 4217882, 0, 0, 0
97000, 4079905, 0, 0, 0
98000, 4099400, 0, 0, 0
99033, 4204776, 0, 0, 0
100000, 4176516, 0, 0, 0
101022, 4136533, 0, 0, 0
102000, 4221430, 0, 0, 0
103000, 4144648, 0, 0, 0
104000, 4241249, 0, 0, 0
105000, 4093197, 0, 0, 0
106022, 4161875, 0, 0, 0
107000, 4141210, 0, 0, 0
108000, 4252175, 0, 0, 0
109000, 4170559, 0, 0, 0
110000, 4168135, 0, 0, 0
111000, 4228499, 0, 0, 0
112000, 4137677, 0, 0, 0
113000, 4153814, 0, 0, 0
114000, 4236871, 0, 0, 0
115020, 4196255, 0, 0, 0
116022, 4170150, 0, 0, 0
117000, 4176739, 0, 0, 0
118000, 4166546, 0, 0, 0
119000, 4221448, 0, 0, 0
120021, 4135808, 0, 0, 0
121000, 4276514, 0, 0, 0
122000, 4140287, 0, 0, 0
123001, 4128637, 0, 0, 0
124000, 4228474, 0, 0, 0
125000, 4145603, 0, 0, 0
126024, 4167144, 0, 0, 0
127000, 4249941, 0, 0, 0
128000, 4140218, 0, 0, 0
129021, 4158470, 0, 0, 0
130000, 4246708, 0, 0, 0
131000, 4100353, 0, 0, 0
132035, 4198861, 0, 0, 0
133000, 4304530, 0, 0, 0
134000, 4120382, 0, 0, 0
135029, 4180890, 0, 0, 0
136000, 4259959, 0, 0, 0
137000, 4103290, 0, 0, 0
138000, 4168444, 0, 0, 0
139000, 4216105, 0, 0, 0
140000, 4204967, 0, 0, 0
141000, 4239549, 0, 0, 0
142024, 4106077, 0, 0, 0
143000, 4124573, 0, 0, 0
144030, 4197462, 0, 0, 0
145000, 4287354, 0, 0, 0
146000, 4135409, 0, 0, 0
147000, 4136284, 0, 0, 0
148024, 4251423, 0, 0, 0
149000, 4165279, 0, 0, 0
150000, 4146369, 0, 0, 0
151022, 4176238, 0, 0, 0
152026, 4151888, 0, 0, 0
153000, 4172137, 0, 0, 0
154000, 4155857, 0, 0, 0
155000, 4169791, 0, 0, 0
156000, 4111910, 0, 0, 0
157022, 4155090, 0, 0, 0
158000, 4300726, 0, 0, 0
159000, 4078723, 0, 0, 0
160020, 4125507, 0, 0, 0
161024, 4169400, 0, 0, 0
162000, 4162434, 0, 0, 0
163000, 4291186, 0, 0, 0
164000, 4157385, 0, 0, 0
165022, 4120982, 0, 0, 0
166000, 4184318, 0, 0, 0
167022, 4228004, 0, 0, 0
168001, 4185629, 0, 0, 0
169006, 4250141, 0, 0, 0
170000, 4335031, 0, 0, 0
171000, 4091160, 0, 0, 0
172036, 4189768, 0, 0, 0
173000, 4254739, 0, 0, 0
174026, 4126792, 0, 0, 0
175000, 4194517, 0, 0, 0
176000, 4214615, 0, 0, 0
177020, 4125075, 0, 0, 0
178025, 4188600, 0, 0, 0
179000, 4210145, 0, 0, 0
180020, 4187408, 0, 0, 0
180020, 24088087, 0, 0, 0
