1000, 2052965, 0, 0, 0
2000, 2037223, 0, 0, 0
3000, 2037801, 0, 0, 0
4000, 2038078, 0, 0, 0
5000, 2023692, 0, 0, 0
6000, 2082246, 0, 0, 0
7000, 2078549, 0, 0, 0
8000, 2050034, 0, 0, 0
9001, 2046548, 0, 0, 0
10001, 2057684, 0, 0, 0
11001, 2053126, 0, 0, 0
12000, 2043334, 0, 0, 0
13000, 2053287, 0, 0, 0
14000, 2060127, 0, 0, 0
15000, 2073287, 0, 0, 0
16000, 2094425, 0, 0, 0
17000, 2059229, 0, 0, 0
18000, 2027048, 0, 0, 0
19000, 2091802, 0, 0, 0
20000, 2068385, 0, 0, 0
21000, 2076583, 0, 0, 0
22000, 2046422, 0, 0, 0
23000, 2095188, 0, 0, 0
24000, 2074151, 0, 0, 0
25000, 2065299, 0, 0, 0
26000, 2094312, 0, 0, 0
27000, 2140916, 0, 0, 0
28000, 2065886, 0, 0, 0
29001, 2102157, 0, 0, 0
30000, 2120873, 0, 0, 0
31001, 2069476, 0, 0, 0
32000, 2105093, 0, 0, 0
33000, 2095907, 0, 0, 0
34000, 2049833, 0, 0, 0
35000, 2050673, 0, 0, 0
36000, 2004590, 0, 0, 0
37000, 2319212, 0, 0, 0
38000, 2079996, 0, 0, 0
39001, 2090817, 0, 0, 0
40000, 2062202, 0, 0, 0
41000, 1995178, 0, 0, 0
42000, 2024337, 0, 0, 0
43000, 2026123, 0, 0, 0
44001, 2050124, 0, 0, 0
45000, 2016778, 0, 0, 0
46000, 2062973, 0, 0, 0
47001, 2162904, 0, 0, 0
48000, 2086938, 0, 0, 0
49000, 2087844, 0, 0, 0
50000, 2042997, 0, 0, 0
51000, 2088162, 0, 0, 0
52000, 2053245, 0, 0, 0
53001, 2084079, 0, 0, 0
54000, 2147329, 0, 0, 0
55000, 2087868, 0, 0, 0
56000, 2053495, 0, 0, 0
57000, 2038202, 0, 0, 0
58000, 2071212, 0, 0, 0
59000, 2054003, 0, 0, 0
60000, 2053808, 0, 0, 0
61000, 2073560, 0, 0, 0
62000, 2127732, 0, 0, 0
63000, 2170735, 0, 0, 0
64000, 2102514, 0, 0, 0
65000, 1995979, 0, 0, 0
66000, 2048827, 0, 0, 0
67001, 2070269, 0, 0, 0
68000, 2142682, 0, 0, 0
69000, 2141174, 0, 0, 0
70000, 2094917, 0, 0, 0
71000, 2065326, 0, 0, 0
72000, 2120188, 0, 0, 0
73000, 2093192, 0, 0, 0
74000, 2071606, 0, 0, 0
75000, 2078964, 0, 0, 0
76000, 2100092, 0, 0, 0
77000, 2074100, 0, 0, 0
78000, 2061562, 0, 0, 0
79000, 2129244, 0, 0, 0
80000, 2056402, 0, 0, 0
81001, 2110843, 0, 0, 0
82000, 2075614, 0, 0, 0
83001, 2039059, 0, 0, 0
84001, 2133471, 0, 0, 0
85001, 2034624, 0, 0, 0
86001, 2015501, 0, 0, 0
87002, 2052194, 0, 0, 0
88000, 2050512, 0, 0, 0
89000, 2139721, 0, 0, 0
90000, 2090288, 0, 0, 0
91000, 2078817, 0, 0, 0
92001, 2116974, 0, 0, 0
93000, 2132435, 0, 0, 0
94001, 2061093, 0, 0, 0
95000, 2087657, 0, 0, 0
96000, 2077072, 0, 0, 0
97001, 2190696, 0, 0, 0
98000, 2107010, 0, 0, 0
99000, 2086921, 0, 0, 0
100000, 2078380, 0, 0, 0
101001, 2077640, 0, 0, 0
102000, 2164984, 0, 0, 0
103001, 2094259, 0, 0, 0
104000, 2120574, 0, 0, 0
105001, 2216814, 0, 0, 0
106001, 2065342, 0, 0, 0
107001, 2133968, 0, 0, 0
108000, 2062373, 0, 0, 0
109000, 2202604, 0, 0, 0
110000, 2286192, 0, 0, 0
111000, 2141602, 0, 0, 0
112001, 2101411, 0, 0, 0
113000, 2101016, 0, 0, 0
114001, 2152761, 0, 0, 0
115000, 2086530, 0, 0, 0
116000, 2075623, 0, 0, 0
117000, 2089484, 0, 0, 0
118000, 2102439, 0, 0, 0
119000, 2082203, 0, 0, 0
120000, 2101031, 0, 0, 0
121001, 2143902, 0, 0, 0
122001, 2094955, 0, 0, 0
123001, 2058949, 0, 0, 0
124001, 2043345, 0, 0, 0
125001, 2074713, 0, 0, 0
126000, 2078543, 0, 0, 0
127001, 2039457, 0, 0, 0
128000, 2036553, 0, 0, 0
129000, 2057266, 0, 0, 0
130000, 2063907, 0, 0, 0
131000, 2112046, 0, 0, 0
132000, 2182363, 0, 0, 0
133000, 2102866, 0, 0, 0
134001, 2090386, 0, 0, 0
135000, 2119708, 0, 0, 0
136001, 2105202, 0, 0, 0
137000, 2122270, 0, 0, 0
138000, 2120157, 0, 0, 0
139000, 2120955, 0, 0, 0
140001, 2104805, 0, 0, 0
141000, 2165511, 0, 0, 0
142001, 2122727, 0, 0, 0
143001, 2226779, 0, 0, 0
144001, 2126334, 0, 0, 0
145000, 2052392, 0, 0, 0
146000, 2056940, 0, 0, 0
147000, 2067197, 0, 0, 0
148000, 2084062, 0, 0, 0
149000, 2030654, 0, 0, 0
150000, 2035558, 0, 0, 0
151000, 2070611, 0, 0, 0
152000, 2095419, 0, 0, 0
153001, 2097503, 0, 0, 0
154000, 2053498, 0, 0, 0
155000, 2074526, 0, 0, 0
156001, 2094012, 0, 0, 0
157000, 2061376, 0, 0, 0
158000, 2114758, 0, 0, 0
159002, 2081653, 0, 0, 0
160000, 2239533, 0, 0, 0
161000, 2143213, 0, 0, 0
162001, 2131493, 0, 0, 0
163000, 2173787, 0, 0, 0
164001, 2199329, 0, 0, 0
165001, 2312088, 0, 0, 0
166000, 2212145, 0, 0, 0
167000, 2231313, 0, 0, 0
168000, 2222343, 0, 0, 0
169000, 2335518, 0, 0, 0
170001, 2111747, 0, 0, 0
171000, 2071373, 0, 0, 0
172001, 2099617, 0, 0, 0
173000, 2120775, 0, 0, 0
174000, 2201219, 0, 0, 0
175000, 2137108, 0, 0, 0
176002, 2104950, 0, 0, 0
177001, 2162501, 0, 0, 0
178000, 2182657, 0, 0, 0
179001, 2159124, 0, 0, 0
180000, 2118546, 0, 0, 0
180001, 2202652, 0, 0, 0
