1000, 2108682, 0, 0, 0
2000, 2090155, 0, 0, 0
3000, 2046702, 0, 0, 0
4000, 2088416, 0, 0, 0
5000, 2093159, 0, 0, 0
6000, 2074428, 0, 0, 0
7000, 2067322, 0, 0, 0
8000, 2107863, 0, 0, 0
9000, 2148928, 0, 0, 0
10000, 2064073, 0, 0, 0
11000, 2131183, 0, 0, 0
12000, 2137435, 0, 0, 0
13000, 2161501, 0, 0, 0
14000, 2172699, 0, 0, 0
15000, 2126277, 0, 0, 0
16000, 2126171, 0, 0, 0
17000, 2191179, 0, 0, 0
18000, 2194506, 0, 0, 0
19000, 2165048, 0, 0, 0
20000, 2162895, 0, 0, 0
21000, 2218254, 0, 0, 0
22000, 2143942, 0, 0, 0
23000, 2187940, 0, 0, 0
24000, 2219019, 0, 0, 0
25000, 2201671, 0, 0, 0
26000, 2260618, 0, 0, 0
27000, 2150388, 0, 0, 0
28000, 2142783, 0, 0, 0
29000, 2133790, 0, 0, 0
30003, 2175422, 0, 0, 0
31000, 2151487, 0, 0, 0
32000, 2176414, 0, 0, 0
33000, 2101358, 0, 0, 0
34000, 2087429, 0, 0, 0
35000, 2168137, 0, 0, 0
36000, 2129160, 0, 0, 0
37012, 2080323, 0, 0, 0
38000, 2171129, 0, 0, 0
39000, 2145356, 0, 0, 0
40000, 2141581, 0, 0, 0
41000, 2162005, 0, 0, 0
42000, 2144618, 0, 0, 0
43000, 2180993, 0, 0, 0
44000, 2179252, 0, 0, 0
45000, 2174914, 0, 0, 0
46000, 2178022, 0, 0, 0
47000, 2178704, 0, 0, 0
48000, 2168934, 0, 0, 0
49000, 2228074, 0, 0, 0
50000, 2172639, 0, 0, 0
51000, 2266252, 0, 0, 0
52000, 2140411, 0, 0, 0
53001, 2125343, 0, 0, 0
54000, 2121380, 0, 0, 0
55000, 2084674, 0, 0, 0
56000, 2119956, 0, 0, 0
57000, 2118524, 0, 0, 0
58000, 2098144, 0, 0, 0
59001, 2130154, 0, 0, 0
60000, 2163255, 0, 0, 0
61000, 2121054, 0, 0, 0
62000, 2154068, 0, 0, 0
63001, 2151551, 0, 0, 0
64000, 2140250, 0, 0, 0
65000, 2112407, 0, 0, 0
66000, 2110877, 0, 0, 0
67000, 2147879, 0, 0, 0
68000, 2196346, 0, 0, 0
69000, 2136979, 0, 0, 0
70000, 2193970, 0, 0, 0
71000, 2166234, 0, 0, 0
72000, 2135852, 0, 0, 0
73000, 2142654, 0, 0, 0
74000, 2148835, 0, 0, 0
75000, 2083411, 0, 0, 0
76000, 2085990, 0, 0, 0
77000, 2127821, 0, 0, 0
78000, 2119459, 0, 0, 0
79000, 2124007, 0, 0, 0
80000, 2118374, 0, 0, 0
81000, 2158446, 0, 0, 0
82000, 2104503, 0, 0, 0
83000, 2410888, 0, 0, 0
84000, 2181314, 0, 0, 0
85000, 2187005, 0, 0, 0
86000, 2192988, 0, 0, 0
87000, 2222152, 0, 0, 0
88000, 2167936, 0, 0, 0
89000, 2124488, 0, 0, 0
90001, 2171221, 0, 0, 0
91000, 2144045, 0, 0, 0
92000, 2145684, 0, 0, 0
93000, 2095433, 0, 0, 0
94000, 2184572, 0, 0, 0
95000, 2118777, 0, 0, 0
96000, 2135287, 0, 0, 0
97001, 2114287, 0, 0, 0
98000, 2086844, 0, 0, 0
99000, 2125157, 0, 0, 0
100000, 2102160, 0, 0, 0
101000, 2093101, 0, 0, 0
102000, 2177978, 0, 0, 0
103000, 2169874, 0, 0, 0
104000, 2216492, 0, 0, 0
105000, 2151164, 0, 0, 0
106000, 2139912, 0, 0, 0
107000, 2150159, 0, 0, 0
108000, 2144388, 0, 0, 0
109000, 2170450, 0, 0, 0
110000, 2142384, 0, 0, 0
111000, 2216272, 0, 0, 0
112000, 2195161, 0, 0, 0
113000, 2120912, 0, 0, 0
114000, 2142878, 0, 0, 0
115000, 2405686, 0, 0, 0
116000, 2149414, 0, 0, 0
117000, 2118581, 0, 0, 0
118000, 2119757, 0, 0, 0
119000, 2051991, 0, 0, 0
120001, 2116289, 0, 0, 0
121001, 2064889, 0, 0, 0
122000, 2108306, 0, 0, 0
123000, 2143757, 0, 0, 0
124000, 2113700, 0, 0, 0
125000, 2136562, 0, 0, 0
126000, 2101701, 0, 0, 0
127000, 2177377, 0, 0, 0
128000, 2145296, 0, 0, 0
129000, 2145304, 0, 0, 0
130000, 2122397, 0, 0, 0
131000, 2208944, 0, 0, 0
132000, 2122765, 0, 0, 0
133000, 2200483, 0, 0, 0
134000, 2130811, 0, 0, 0
135000, 2163036, 0, 0, 0
136000, 2161459, 0, 0, 0
137000, 2160810, 0, 0, 0
138000, 2111573, 0, 0, 0
139000, 2083311, 0, 0, 0
140000, 2078829, 0, 0, 0
141000, 2104346, 0, 0, 0
142002, 2185856, 0, 0, 0
143000, 2163712, 0, 0, 0
144001, 2851053, 0, 0, 0
145000, 2163631, 0, 0, 0
146000, 2220737, 0, 0, 0
147000, 2266068, 0, 0, 0
148000, 2214918, 0, 0, 0
149000, 2246910, 0, 0, 0
150000, 2211088, 0, 0, 0
151000, 2107318, 0, 0, 0
152000, 2162404, 0, 0, 0
153000, 2160284, 0, 0, 0
154000, 2148555, 0, 0, 0
155000, 2117763, 0, 0, 0
156000, 2077678, 0, 0, 0
157000, 2148079, 0, 0, 0
158000, 2194250, 0, 0, 0
159000, 2111120, 0, 0, 0
160000, 2109803, 0, 0, 0
161000, 2070421, 0, 0, 0
162000, 2103494, 0, 0, 0
163000, 2122847, 0, 0, 0
164000, 2184235, 0, 0, 0
165001, 2133552, 0, 0, 0
166000, 2203994, 0, 0, 0
167000, 2119262, 0, 0, 0
168000, 2196545, 0, 0, 0
169000, 2088668, 0, 0, 0
170000, 2132561, 0, 0, 0
171000, 2171250, 0, 0, 0
172000, 2119654, 0, 0, 0
173000, 2064110, 0, 0, 0
174000, 2112647, 0, 0, 0
175000, 2136603, 0, 0, 0
176001, 2102199, 0, 0, 0
177000, 2176247, 0, 0, 0
178001, 2192569, 0, 0, 0
179000, 2166044, 0, 0, 0
180000, 2150453, 0, 0, 0
180001, 2292562, 0, 0, 0
