1001, 58542351, 0, 0, 0
2000, 66872115, 0, 0, 0
3009, 66681201, 0, 0, 0
4004, 68131109, 0, 0, 0
5000, 66587964, 0, 0, 0
6000, 66609959, 0, 0, 0
7008, 67308565, 0, 0, 0
8001, 66733139, 0, 0, 0
9001, 66939346, 0, 0, 0
10006, 67176984, 0, 0, 0
11000, 66568153, 0, 0, 0
12000, 66401142, 0, 0, 0
13004, 67197589, 0, 0, 0
14000, 66441089, 0, 0, 0
15002, 66605102, 0, 0, 0
16001, 68027892, 0, 0, 0
17000, 66168453, 0, 0, 0
18000, 66685721, 0, 0, 0
19006, 67150324, 0, 0, 0
20001, 66494491, 0, 0, 0
21000, 66991814, 0, 0, 0
22004, 67741091, 0, 0, 0
23001, 66719419, 0, 0, 0
24008, 66652338, 0, 0, 0
25002, 66383311, 0, 0, 0
26002, 66688094, 0, 0, 0
27000, 67330189, 0, 0, 0
28002, 66518317, 0, 0, 0
29004, 66608296, 0, 0, 0
30006, 67109511, 0, 0, 0
31000, 66885928, 0, 0, 0
32000, 66646043, 0, 0, 0
33005, 67054118, 0, 0, 0
34000, 66573611, 0, 0, 0
35010, 66971009, 0, 0, 0
36008, 67408287, 0, 0, 0
37003, 66449152, 0, 0, 0
38001, 66480974, 0, 0, 0
39000, 66363618, 0, 0, 0
40002, 67054096, 0, 0, 0
41000, 66815151, 0, 0, 0
42000, 67216063, 0, 0, 0
43001, 66516624, 0, 0, 0
44000, 67017858, 0, 0, 0
45005, 66941554, 0, 0, 0
46002, 66731119, 0, 0, 0
47000, 66956274, 0, 0, 0
48000, 66885364, 0, 0, 0
49008, 67393962, 0, 0, 0
50000, 67100793, 0, 0, 0
51000, 66332702, 0, 0, 0
52007, 66648372, 0, 0, 0
53004, 67244961, 0, 0, 0
54000, 66646477, 0, 0, 0
55007, 67240961, 0, 0, 0
56000, 67307011, 0, 0, 0
57007, 66407005, 0, 0, 0
58003, 67069962, 0, 0, 0
59002, 66908703, 0, 0, 0
60000, 66814844, 0, 0, 0
61007, 67126588, 0, 0, 0
62000, 66943517, 0, 0, 0
63000, 66631237, 0, 0, 0
64000, 67243715, 0, 0, 0
65000, 66078595, 0, 0, 0
66000, 67216239, 0, 0, 0
67003, 66720269, 0, 0, 0
68000, 67050635, 0, 0, 0
69005, 66851411, 0, 0, 0
70000, 66626829, 0, 0, 0
71000, 67222956, 0, 0, 0
72009, 66476556, 0, 0, 0
73001, 67479570, 0, 0, 0
74000, 66594678, 0, 0, 0
75009, 66698560, 0, 0, 0
76002, 67689053, 0, 0, 0
77001, 66456758, 0, 0, 0
78000, 67168945, 0, 0, 0
79001, 67437720, 0, 0, 0
80001, 66720284, 0, 0, 0
81000, 66760082, 0, 0, 0
82008, 66979499, 0, 0, 0
83001, 66815971, 0, 0, 0
84000, 66836446, 0, 0, 0
85007, 66528244, 0, 0, 0
86003, 67075183, 0, 0, 0
87000, 67274369, 0, 0, 0
88007, 67074433, 0, 0, 0
89001, 66530770, 0, 0, 0
90009, 66582891, 0, 0, 0
91003, 67569931, 0, 0, 0
92000, 66826848, 0, 0, 0
93009, 66369986, 0, 0, 0
94004, 67791963, 0, 0, 0
95000, 70697128, 0, 0, 0
96006, 67149030, 0, 0, 0
97000, 66930935, 0, 0, 0
98000, 66450039, 0, 0, 0
99006, 67295882, 0, 0, 0
100000, 66551243, 0, 0, 0
101000, 66389155, 0, 0, 0
102003, 67595663, 0, 0, 0
103000, 66608747, 0, 0, 0
104007, 67212990, 0, 0, 0
105001, 66817803, 0, 0, 0
106000, 67323873, 0, 0, 0
107007, 67291156, 0, 0, 0
108000, 66276449, 0, 0, 0
109008, 67336061, 0, 0, 0
110002, 66743608, 0, 0, 0
111002, 66833991, 0, 0, 0
112002, 66776817, 0, 0, 0
113002, 67165541, 0, 0, 0
114000, 66608281, 0, 0, 0
115008, 66856109, 0, 0, 0
116002, 67308179, 0, 0, 0
117000, 66759746, 0, 0, 0
118007, 66232531, 0, 0, 0
119001, 67471629, 0, 0, 0
120008, 66524662, 0, 0, 0
121000, 68169975, 0, 0, 0
122010, 66227983, 0, 0, 0
123004, 67288617, 0, 0, 0
124000, 65941019, 0, 0, 0
125008, 66983546, 0, 0, 0
126003, 66894832, 0, 0, 0
127000, 67141278, 0, 0, 0
128010, 66583820, 0, 0, 0
129002, 66954239, 0, 0, 0
130000, 67465718, 0, 0, 0
131000, 66942109, 0, 0, 0
132000, 66846549, 0, 0, 0
133005, 67489770, 0, 0, 0
134000, 66606070, 0, 0, 0
135010, 66534266, 0, 0, 0
136002, 67605737, 0, 0, 0
137000, 66493193, 0, 0, 0
138005, 67152983, 0, 0, 0
139000, 66606283, 0, 0, 0
140000, 67115323, 0, 0, 0
141005, 67368833, 0, 0, 0
142001, 66534057, 0, 0, 0
143000, 66974503, 0, 0, 0
144003, 66745058, 0, 0, 0
145003, 67165347, 0, 0, 0
146000, 66730828, 0, 0, 0
147004, 67315250, 0, 0, 0
148000, 66700853, 0, 0, 0
149008, 67268289, 0, 0, 0
150000, 66845910, 0, 0, 0
151000, 66665831, 0, 0, 0
152000, 66913361, 0, 0, 0
153005, 67793971, 0, 0, 0
154000, 66818434, 0, 0, 0
155001, 66693562, 0, 0, 0
156007, 67242186, 0, 0, 0
157001, 65796414, 0, 0, 0
158000, 67167818, 0, 0, 0
159010, 66599645, 0, 0, 0
160000, 67226861, 0, 0, 0
161000, 67257439, 0, 0, 0
162008, 66759607, 0, 0, 0
163002, 67494504, 0, 0, 0
164000, 67057504, 0, 0, 0
165005, 67185462, 0, 0, 0
166000, 66822817, 0, 0, 0
167000, 67126469, 0, 0, 0
168008, 66444151, 0, 0, 0
169002, 67224491, 0, 0, 0
170000, 67140427, 0, 0, 0
171000, 66773284, 0, 0, 0
172004, 67171836, 0, 0, 0
173000, 66927552, 0, 0, 0
174000, 66702730, 0, 0, 0
175007, 67141555, 0, 0, 0
176002, 67100528, 0, 0, 0
177000, 66631756, 0, 0, 0
178001, 66338376, 0, 0, 0
179001, 67027786, 0, 0, 0
180000, 76367828, 0, 0, 0
180056, 113837191, 0, 0, 0
