999, 2158, 0, 0, 0
1999, 1925, 0, 0, 0
2999, 1924, 0, 0, 0
4000, 1908, 0, 0, 0
5000, 1900, 0, 0, 0
6000, 1920, 0, 0, 0
7000, 1869, 0, 0, 0
8000, 1904, 0, 0, 0
9000, 1921, 0, 0, 0
10001, 1900, 0, 0, 0
11000, 1909, 0, 0, 0
12000, 1924, 0, 0, 0
13001, 1916, 0, 0, 0
14000, 1905, 0, 0, 0
15001, 1920, 0, 0, 0
16000, 1901, 0, 0, 0
17000, 1892, 0, 0, 0
18000, 1921, 0, 0, 0
19001, 1900, 0, 0, 0
20001, 1869, 0, 0, 0
21000, 1913, 0, 0, 0
22000, 1920, 0, 0, 0
23001, 1936, 0, 0, 0
24001, 1909, 0, 0, 0
25000, 1937, 0, 0, 0
26000, 1901, 0, 0, 0
27001, 1888, 0, 0, 0
28001, 1904, 0, 0, 0
29000, 1893, 0, 0, 0
30000, 1928, 0, 0, 0
31001, 1932, 0, 0, 0
32001, 1929, 0, 0, 0
33001, 1913, 0, 0, 0
34001, 1900, 0, 0, 0
35000, 1945, 0, 0, 0
36000, 1916, 0, 0, 0
37000, 1921, 0, 0, 0
38000, 1920, 0, 0, 0
39001, 1916, 0, 0, 0
40000, 1909, 0, 0, 0
41001, 1908, 0, 0, 0
42000, 1937, 0, 0, 0
43000, 1884, 0, 0, 0
44000, 1941, 0, 0, 0
45000, 1896, 0, 0, 0
46000, 1896, 0, 0, 0
47001, 1940, 0, 0, 0
48000, 1889, 0, 0, 0
49001, 1892, 0, 0, 0
50001, 1905, 0, 0, 0
51000, 1929, 0, 0, 0
52000, 1908, 0, 0, 0
53001, 1912, 0, 0, 0
54000, 1901, 0, 0, 0
55000, 1897, 0, 0, 0
56001, 1920, 0, 0, 0
57001, 1905, 0, 0, 0
58001, 1908, 0, 0, 0
59001, 1901, 0, 0, 0
60000, 1917, 0, 0, 0
61001, 1932, 0, 0, 0
62000, 1913, 0, 0, 0
63000, 1893, 0, 0, 0
64000, 1905, 0, 0, 0
65001, 1900, 0, 0, 0
66000, 1913, 0, 0, 0
67001, 1920, 0, 0, 0
68000, 1921, 0, 0, 0
69000, 1924, 0, 0, 0
70000, 1897, 0, 0, 0
71000, 1917, 0, 0, 0
72000, 1932, 0, 0, 0
73000, 1901, 0, 0, 0
74000, 1940, 0, 0, 0
75001, 1924, 0, 0, 0
76000, 1913, 0, 0, 0
77000, 1908, 0, 0, 0
78000, 1929, 0, 0, 0
79000, 1916, 0, 0, 0
80000, 1900, 0, 0, 0
81000, 1924, 0, 0, 0
82001, 1932, 0, 0, 0
83000, 1921, 0, 0, 0
84000, 1913, 0, 0, 0
85001, 1920, 0, 0, 0
86001, 1916, 0, 0, 0
87000, 1929, 0, 0, 0
88000, 1896, 0, 0, 0
89000, 1904, 0, 0, 0
90001, 1896, 0, 0, 0
91001, 1940, 0, 0, 0
92001, 1920, 0, 0, 0
93000, 1905, 0, 0, 0
94000, 1916, 0, 0, 0
95000, 1937, 0, 0, 0
96000, 1916, 0, 0, 0
97000, 1932, 0, 0, 0
98001, 1904, 0, 0, 0
99001, 1916, 0, 0, 0
100000, 1901, 0, 0, 0
101001, 1920, 0, 0, 0
102000, 1909, 0, 0, 0
103000, 1940, 0, 0, 0
104000, 1916, 0, 0, 0
105001, 1932, 0, 0, 0
106001, 1937, 0, 0, 0
107001, 1912, 0, 0, 0
108001, 1901, 0, 0, 0
109000, 1909, 0, 0, 0
110001, 1916, 0, 0, 0
111000, 1945, 0, 0, 0
112000, 1937, 0, 0, 0
113001, 1908, 0, 0, 0
114001, 1900, 0, 0, 0
115000, 1893, 0, 0, 0
116000, 1904, 0, 0, 0
117000, 1877, 0, 0, 0
118000, 1905, 0, 0, 0
119001, 1916, 0, 0, 0
120000, 1905, 0, 0, 0
121000, 1941, 0, 0, 0
122000, 1901, 0, 0, 0
123001, 1936, 0, 0, 0
124000, 1917, 0, 0, 0
125000, 1904, 0, 0, 0
126000, 1917, 0, 0, 0
127001, 1896, 0, 0, 0
128001, 1916, 0, 0, 0
129000, 1893, 0, 0, 0
130001, 1904, 0, 0, 0
131000, 1921, 0, 0, 0
132001, 1900, 0, 0, 0
133001, 1888, 0, 0, 0
134000, 1921, 0, 0, 0
135000, 1920, 0, 0, 0
136001, 1904, 0, 0, 0
137001, 1929, 0, 0, 0
138001, 1904, 0, 0, 0
139000, 1929, 0, 0, 0
140001, 1912, 0, 0, 0
141000, 1913, 0, 0, 0
142000, 1892, 0, 0, 0
143001, 1892, 0, 0, 0
144001, 1916, 0, 0, 0
145000, 1909, 0, 0, 0
146000, 1917, 0, 0, 0
147000, 1948, 0, 0, 0
148001, 1920, 0, 0, 0
149001, 1904, 0, 0, 0
150001, 1932, 0, 0, 0
151000, 1921, 0, 0, 0
152001, 1912, 0, 0, 0
153000, 1937, 0, 0, 0
154001, 1900, 0, 0, 0
155001, 1909, 0, 0, 0
156000, 1909, 0, 0, 0
157000, 1925, 0, 0, 0
158001, 1916, 0, 0, 0
159001, 1912, 0, 0, 0
160000, 1913, 0, 0, 0
161000, 1904, 0, 0, 0
162001, 1920, 0, 0, 0
163000, 1929, 0, 0, 0
164001, 1880, 0, 0, 0
165000, 1937, 0, 0, 0
166001, 1892, 0, 0, 0
167000, 1921, 0, 0, 0
168000, 1908, 0, 0, 0
169001, 1928, 0, 0, 0
170000, 1897, 0, 0, 0
171000, 1929, 0, 0, 0
172000, 1912, 0, 0, 0
173001, 1896, 0, 0, 0
174001, 1916, 0, 0, 0
175000, 1909, 0, 0, 0
176000, 1896, 0, 0, 0
177000, 1901, 0, 0, 0
178001, 1920, 0, 0, 0
179001, 1916, 0, 0, 0
180000, 1925, 0, 0, 0
