1000, 7554021, 1, 0, 0
2000, 8739391, 1, 0, 0
3001, 8327037, 1, 0, 0
4001, 8440041, 1, 0, 0
5000, 8670022, 1, 0, 0
6001, 8443223, 1, 0, 0
7000, 8217634, 1, 0, 0
8000, 8627132, 1, 0, 0
9000, 9148394, 1, 0, 0
10001, 7984331, 1, 0, 0
11001, 8551200, 1, 0, 0
12000, 8521826, 1, 0, 0
13001, 8315488, 1, 0, 0
14000, 8188281, 1, 0, 0
15002, 8365162, 1, 0, 0
16000, 8620723, 1, 0, 0
17000, 8413608, 1, 0, 0
18000, 8162605, 1, 0, 0
19029, 8419229, 1, 0, 0
20000, 8394071, 1, 0, 0
21000, 8170215, 1, 0, 0
22000, 8249522, 1, 0, 0
23000, 8325912, 1, 0, 0
24000, 8566521, 1, 0, 0
25008, 8512401, 1, 0, 0
26002, 8443876, 1, 0, 0
27000, 8587864, 1, 0, 0
28000, 8240373, 1, 0, 0
29001, 8778430, 1, 0, 0
30000, 8838074, 1, 0, 0
31000, 8065613, 1, 0, 0
32000, 8359271, 1, 0, 0
33001, 8531078, 1, 0, 0
34000, 8513007, 1, 0, 0
35000, 8321013, 1, 0, 0
36002, 8109584, 1, 0, 0
37000, 7874959, 1, 0, 0
38000, 8369986, 1, 0, 0
39030, 8071818, 1, 0, 0
40000, 8675040, 1, 0, 0
41000, 8415025, 1, 0, 0
42006, 8432649, 1, 0, 0
43000, 8056806, 1, 0, 0
44000, 8290023, 1, 0, 0
45001, 8687992, 1, 0, 0
46001, 8596822, 1, 0, 0
47000, 8315706, 1, 0, 0
48000, 8441824, 1, 0, 0
49001, 8660814, 1, 0, 0
50000, 8720291, 1, 0, 0
51000, 8533399, 1, 0, 0
52000, 8127811, 1, 0, 0
53000, 8437868, 1, 0, 0
54001, 8477734, 1, 0, 0
55000, 8949476, 1, 0, 0
56000, 8767074, 1, 0, 0
57041, 8319484, 1, 0, 0
58000, 8377002, 1, 0, 0
59000, 8010328, 1, 0, 0
60002, 8282616, 1, 0, 0
61002, 8801666, 1, 0, 0
62000, 8084652, 1, 0, 0
63000, 8519642, 1, 0, 0
64000, 8206810, 1, 0, 0
65000, 8422192, 1, 0, 0
66000, 8370321, 1, 0, 0
67001, 8417297, 1, 0, 0
68000, 7972880, 1, 0, 0
69001, 8420288, 1, 0, 0
70001, 8453680, 1, 0, 0
71000, 8374719, 1, 0, 0
72000, 8352294, 1, 0, 0
73000, 8720898, 1, 0, 0
74000, 8390552, 1, 0, 0
75000, 8037581, 1, 0, 0
76000, 8568077, 1, 0, 0
77029, 8011525, 1, 0, 0
78000, 7982426, 1, 0, 0
79000, 8162316, 1, 0, 0
80000, 7964009, 1, 0, 0
81000, 8741362, 1, 0, 0
82039, 8270786, 1, 0, 0
83000, 8597136, 1, 0, 0
84000, 8835727, 1, 0, 0
85000, 8324859, 1, 0, 0
86000, 8538227, 1, 0, 0
87000, 8653110, 1, 0, 0
88000, 8259607, 1, 0, 0
89000, 8605338, 1, 0, 0
90041, 8605145, 1, 0, 0
91000, 8378293, 1, 0, 0
92004, 8241406, 1, 0, 0
93001, 8687553, 1, 0, 0
94000, 8662241, 1, 0, 0
95060, 8927847, 1, 0, 0
96000, 8619937, 1, 0, 0
97001, 8264117, 1, 0, 0
98000, 8131844, 1, 0, 0
99009, 8488210, 1, 0, 0
100000, 8137258, 1, 0, 0
101000, 7939951, 1, 0, 0
102000, 8265396, 1, 0, 0
103002, 9274428, 1, 0, 0
104000, 8295976, 1, 0, 0
105002, 7793631, 1, 0, 0
106002, 8495704, 1, 0, 0
107000, 7897478, 1, 0, 0
108002, 8642685, 1, 0, 0
109000, 8561513, 1, 0, 0
110000, 7767775, 1, 0, 0
111004, 8490636, 1, 0, 0
112001, 8385143, 1, 0, 0
113001, 7947690, 1, 0, 0
114001, 7879189, 1, 0, 0
115000, 8145578, 1, 0, 0
116000, 8592582, 1, 0, 0
117001, 8377677, 1, 0, 0
118000, 8434832, 1, 0, 0
119001, 8521085, 1, 0, 0
120002, 8452048, 1, 0, 0
121007, 8391418, 1, 0, 0
122000, 8403913, 1, 0, 0
123001, 8374772, 1, 0, 0
124000, 8128757, 1, 0, 0
125000, 8743540, 1, 0, 0
126000, 8490464, 1, 0, 0
127000, 8005040, 1, 0, 0
128003, 8178637, 1, 0, 0
129001, 8790303, 1, 0, 0
130000, 8484652, 1, 0, 0
131002, 8508248, 1, 0, 0
132000, 8185554, 1, 0, 0
133000, 8200629, 1, 0, 0
134001, 8714469, 1, 0, 0
135001, 8241861, 1, 0, 0
136001, 8673438, 1, 0, 0
137003, 8770754, 1, 0, 0
138000, 8882661, 1, 0, 0
139002, 8406701, 1, 0, 0
140000, 8887051, 1, 0, 0
141021, 8596746, 1, 0, 0
142000, 8240109, 1, 0, 0
143000, 8188775, 1, 0, 0
144000, 8115996, 1, 0, 0
145000, 8382593, 1, 0, 0
146000, 8420190, 1, 0, 0
147001, 8661155, 1, 0, 0
148001, 7705624, 1, 0, 0
149000, 8138045, 1, 0, 0
150000, 8651646, 1, 0, 0
151002, 8183280, 1, 0, 0
152000, 8515806, 1, 0, 0
153000, 8284186, 1, 0, 0
154000, 8611570, 1, 0, 0
155000, 8475108, 1, 0, 0
156002, 8136306, 1, 0, 0
157000, 7920847, 1, 0, 0
158000, 8146311, 1, 0, 0
159029, 8417506, 1, 0, 0
160000, 8490414, 1, 0, 0
161000, 8236853, 1, 0, 0
162001, 8549738, 1, 0, 0
163000, 8605823, 1, 0, 0
164000, 8475088, 1, 0, 0
165000, 8694609, 1, 0, 0
166001, 8399069, 1, 0, 0
167042, 8228343, 1, 0, 0
168000, 8650511, 1, 0, 0
169002, 8830058, 1, 0, 0
170002, 8330432, 1, 0, 0
171000, 7866853, 1, 0, 0
172001, 8312473, 1, 0, 0
173040, 8641840, 1, 0, 0
174000, 8231528, 1, 0, 0
175000, 8148289, 1, 0, 0
176002, 8603910, 1, 0, 0
177000, 8175384, 1, 0, 0
178027, 8099452, 1, 0, 0
179001, 8291629, 1, 0, 0
180000, 8301088, 1, 0, 0
180005, 6233963, 1, 0, 0
