1008, 1974, 0, 0, 0
2009, 2018, 0, 0, 0
3008, 1942, 0, 0, 0
4019, 1861, 0, 0, 0
5012, 1896, 0, 0, 0
6021, 1980, 0, 0, 0
7017, 1902, 0, 0, 0
8014, 1973, 0, 0, 0
9009, 1888, 0, 0, 0
10018, 1925, 0, 0, 0
11014, 1896, 0, 0, 0
12006, 1937, 0, 0, 0
13007, 1928, 0, 0, 0
14019, 1882, 0, 0, 0
15013, 1923, 0, 0, 0
16019, 1930, 0, 0, 0
17012, 1938, 0, 0, 0
18009, 1976, 0, 0, 0
19013, 1919, 0, 0, 0
20009, 1935, 0, 0, 0
21007, 1863, 0, 0, 0
22015, 1850, 0, 0, 0
23010, 1809, 0, 0, 0
24020, 1865, 0, 0, 0
25009, 1852, 0, 0, 0
26008, 1846, 0, 0, 0
27019, 1939, 0, 0, 0
28014, 2002, 0, 0, 0
29010, 1925, 0, 0, 0
30019, 1911, 0, 0, 0
31011, 1896, 0, 0, 0
32006, 1919, 0, 0, 0
33014, 1940, 0, 0, 0
34009, 1927, 0, 0, 0
35019, 1882, 0, 0, 0
36015, 1913, 0, 0, 0
37005, 1965, 0, 0, 0
38020, 1954, 0, 0, 0
39015, 2018, 0, 0, 0
40010, 1910, 0, 0, 0
41012, 1928, 0, 0, 0
42008, 2038, 0, 0, 0
43008, 1983, 0, 0, 0
44021, 1979, 0, 0, 0
45015, 1923, 0, 0, 0
46007, 1939, 0, 0, 0
47009, 1984, 0, 0, 0
48012, 1928, 0, 0, 0
49006, 1925, 0, 0, 0
50015, 2017, 0, 0, 0
51012, 1910, 0, 0, 0
52020, 1960, 0, 0, 0
53015, 1939, 0, 0, 0
54011, 1994, 0, 0, 0
55007, 2013, 0, 0, 0
56013, 1852, 0, 0, 0
57007, 1885, 0, 0, 0
58016, 1854, 0, 0, 0
59011, 1897, 0, 0, 0
60019, 2057, 0, 0, 0
61013, 1921, 0, 0, 0
62008, 2031, 0, 0, 0
63018, 1865, 0, 0, 0
64014, 1887, 0, 0, 0
65008, 1963, 0, 0, 0
66019, 1849, 0, 0, 0
67012, 1916, 0, 0, 0
68010, 1875, 0, 0, 0
69010, 1894, 0, 0, 0
70013, 1892, 0, 0, 0
71010, 1820, 0, 0, 0
72020, 1724, 0, 0, 0
73015, 1819, 0, 0, 0
74010, 1726, 0, 0, 0
75021, 1727, 0, 0, 0
76009, 1699, 0, 0, 0
77008, 1717, 0, 0, 0
78008, 1691, 0, 0, 0
79014, 1775, 0, 0, 0
80007, 1773, 0, 0, 0
81006, 1725, 0, 0, 0
82018, 1748, 0, 0, 0
83014, 1706, 0, 0, 0
84008, 1803, 0, 0, 0
85019, 1757, 0, 0, 0
86011, 1698, 0, 0, 0
87017, 1634, 0, 0, 0
88010, 1582, 0, 0, 0
89019, 1649, 0, 0, 0
90015, 1661, 0, 0, 0
91009, 1603, 0, 0, 0
92005, 1619, 0, 0, 0
93015, 1623, 0, 0, 0
94009, 1626, 0, 0, 0
95020, 1569, 0, 0, 0
96016, 1623, 0, 0, 0
97005, 1705, 0, 0, 0
98009, 1753, 0, 0, 0
99014, 1719, 0, 0, 0
100009, 1738, 0, 0, 0
101010, 1736, 0, 0, 0
102015, 1717, 0, 0, 0
103008, 1742, 0, 0, 0
104019, 1716, 0, 0, 0
105014, 1703, 0, 0, 0
106011, 1692, 0, 0, 0
107008, 1639, 0, 0, 0
108018, 1658, 0, 0, 0
109012, 1699, 0, 0, 0
110007, 1731, 0, 0, 0
111007, 1695, 0, 0, 0
112010, 1715, 0, 0, 0
113013, 1681, 0, 0, 0
114011, 1717, 0, 0, 0
115013, 1661, 0, 0, 0
116012, 1691, 0, 0, 0
117019, 1715, 0, 0, 0
118015, 1697, 0, 0, 0
119010, 1665, 0, 0, 0
120020, 1701, 0, 0, 0
121009, 1677, 0, 0, 0
122011, 1697, 0, 0, 0
123006, 1701, 0, 0, 0
124016, 1698, 0, 0, 0
125011, 1686, 0, 0, 0
126006, 1696, 0, 0, 0
127001, 1683, 0, 0, 0
128011, 1679, 0, 0, 0
129007, 1728, 0, 0, 0
130014, 1671, 0, 0, 0
131009, 1687, 0, 0, 0
132016, 1653, 0, 0, 0
133011, 1820, 0, 0, 0
134005, 1678, 0, 0, 0
135014, 1685, 0, 0, 0
136009, 1740, 0, 0, 0
137005, 1715, 0, 0, 0
138009, 1649, 0, 0, 0
139008, 1685, 0, 0, 0
140007, 1660, 0, 0, 0
141012, 1663, 0, 0, 0
142006, 1673, 0, 0, 0
143009, 1675, 0, 0, 0
144011, 1720, 0, 0, 0
145020, 1655, 0, 0, 0
146012, 1637, 0, 0, 0
147006, 1686, 0, 0, 0
148017, 1677, 0, 0, 0
149013, 1673, 0, 0, 0
150010, 1689, 0, 0, 0
151007, 1668, 0, 0, 0
152018, 1662, 0, 0, 0
153011, 1664, 0, 0, 0
154007, 1659, 0, 0, 0
155017, 1679, 0, 0, 0
156013, 1818, 0, 0, 0
157007, 1635, 0, 0, 0
158013, 1650, 0, 0, 0
159011, 1626, 0, 0, 0
160019, 1623, 0, 0, 0
161007, 1617, 0, 0, 0
162007, 1642, 0, 0, 0
163018, 1627, 0, 0, 0
164009, 1644, 0, 0, 0
165013, 1628, 0, 0, 0
166006, 1626, 0, 0, 0
167015, 1645, 0, 0, 0
168010, 1629, 0, 0, 0
169021, 1597, 0, 0, 0
170014, 1677, 0, 0, 0
171006, 1616, 0, 0, 0
172013, 1653, 0, 0, 0
173007, 1604, 0, 0, 0
174016, 1664, 0, 0, 0
175013, 2228, 0, 0, 0
176008, 1936, 0, 0, 0
177014, 1837, 0, 0, 0
178013, 1890, 0, 0, 0
179008, 1860, 0, 0, 0
180039, 1975, 0, 0, 0
