1000, 7464, 0, 0, 0
2000, 7528, 0, 0, 0
3000, 7501, 0, 0, 0
4000, 7605, 0, 0, 0
5000, 7575, 0, 0, 0
6000, 7419, 0, 0, 0
7000, 7532, 0, 0, 0
8000, 7533, 0, 0, 0
9000, 7467, 0, 0, 0
10000, 7586, 0, 0, 0
11000, 7510, 0, 0, 0
12000, 7578, 0, 0, 0
13000, 7570, 0, 0, 0
14000, 7484, 0, 0, 0
15000, 6801, 0, 0, 0
16000, 7238, 0, 0, 0
17000, 7605, 0, 0, 0
18000, 7625, 0, 0, 0
19000, 7631, 0, 0, 0
20000, 7495, 0, 0, 0
21000, 7314, 0, 0, 0
22000, 7546, 0, 0, 0
23000, 7503, 0, 0, 0
24000, 7542, 0, 0, 0
25000, 7393, 0, 0, 0
26000, 7511, 0, 0, 0
27000, 7485, 0, 0, 0
28000, 7385, 0, 0, 0
29000, 7470, 0, 0, 0
30000, 7513, 0, 0, 0
31000, 7410, 0, 0, 0
32000, 7625, 0, 0, 0
33000, 7458, 0, 0, 0
34000, 7579, 0, 0, 0
35000, 7440, 0, 0, 0
36000, 7534, 0, 0, 0
37000, 7543, 0, 0, 0
38000, 7514, 0, 0, 0
39000, 7584, 0, 0, 0
40001, 7541, 0, 0, 0
41000, 7420, 0, 0, 0
42000, 7584, 0, 0, 0
43000, 7675, 0, 0, 0
44000, 7444, 0, 0, 0
45000, 7444, 0, 0, 0
46001, 7365, 0, 0, 0
47000, 7453, 0, 0, 0
48000, 7667, 0, 0, 0
49000, 7716, 0, 0, 0
50000, 7497, 0, 0, 0
51000, 7660, 0, 0, 0
52000, 7728, 0, 0, 0
53000, 7653, 0, 0, 0
54000, 7588, 0, 0, 0
55000, 7515, 0, 0, 0
56000, 7704, 0, 0, 0
57000, 7556, 0, 0, 0
58000, 7599, 0, 0, 0
59000, 7677, 0, 0, 0
60000, 7809, 0, 0, 0
61000, 7786, 0, 0, 0
62000, 7655, 0, 0, 0
63000, 7443, 0, 0, 0
64000, 7525, 0, 0, 0
65000, 7653, 0, 0, 0
66000, 7435, 0, 0, 0
67000, 7604, 0, 0, 0
68000, 7658, 0, 0, 0
69000, 7675, 0, 0, 0
70000, 7659, 0, 0, 0
71000, 7666, 0, 0, 0
72000, 7613, 0, 0, 0
73000, 7693, 0, 0, 0
74000, 7281, 0, 0, 0
75000, 7797, 0, 0, 0
76000, 7585, 0, 0, 0
77000, 7827, 0, 0, 0
78000, 7827, 0, 0, 0
79000, 7653, 0, 0, 0
80000, 7643, 0, 0, 0
81001, 7604, 0, 0, 0
82000, 7616, 0, 0, 0
83000, 7533, 0, 0, 0
84000, 7441, 0, 0, 0
85000, 7363, 0, 0, 0
86000, 7442, 0, 0, 0
87000, 7679, 0, 0, 0
88000, 7766, 0, 0, 0
89000, 7578, 0, 0, 0
90000, 7617, 0, 0, 0
91000, 7842, 0, 0, 0
92000, 7749, 0, 0, 0
93000, 7569, 0, 0, 0
94000, 7468, 0, 0, 0
95000, 7446, 0, 0, 0
96000, 7449, 0, 0, 0
97000, 7662, 0, 0, 0
98000, 7630, 0, 0, 0
99000, 7597, 0, 0, 0
100000, 7772, 0, 0, 0
101000, 7763, 0, 0, 0
102000, 7479, 0, 0, 0
103001, 7795, 0, 0, 0
104000, 7677, 0, 0, 0
105000, 7616, 0, 0, 0
106000, 7413, 0, 0, 0
107000, 7593, 0, 0, 0
108000, 7558, 0, 0, 0
109000, 7547, 0, 0, 0
110000, 7611, 0, 0, 0
111000, 7758, 0, 0, 0
112000, 7707, 0, 0, 0
113000, 7585, 0, 0, 0
114001, 7484, 0, 0, 0
115000, 7559, 0, 0, 0
116000, 7657, 0, 0, 0
117000, 7635, 0, 0, 0
118000, 7614, 0, 0, 0
119000, 7610, 0, 0, 0
120000, 7784, 0, 0, 0
121000, 7645, 0, 0, 0
122000, 7828, 0, 0, 0
123000, 7733, 0, 0, 0
124000, 7715, 0, 0, 0
125000, 7544, 0, 0, 0
126001, 7458, 0, 0, 0
127000, 7483, 0, 0, 0
128000, 7611, 0, 0, 0
129000, 7180, 0, 0, 0
130000, 7590, 0, 0, 0
131000, 7603, 0, 0, 0
132000, 7636, 0, 0, 0
133000, 7262, 0, 0, 0
134000, 7677, 0, 0, 0
135000, 7696, 0, 0, 0
136000, 7478, 0, 0, 0
137001, 7698, 0, 0, 0
138000, 7769, 0, 0, 0
139000, 7521, 0, 0, 0
140000, 7604, 0, 0, 0
141000, 7717, 0, 0, 0
142000, 7784, 0, 0, 0
143000, 7706, 0, 0, 0
144000, 7689, 0, 0, 0
145000, 7576, 0, 0, 0
146000, 7527, 0, 0, 0
147000, 7616, 0, 0, 0
148000, 7658, 0, 0, 0
149000, 7571, 0, 0, 0
150000, 7751, 0, 0, 0
151000, 7705, 0, 0, 0
152000, 7562, 0, 0, 0
153000, 7686, 0, 0, 0
154000, 7645, 0, 0, 0
155000, 7784, 0, 0, 0
156000, 7609, 0, 0, 0
157000, 7652, 0, 0, 0
158000, 7699, 0, 0, 0
159000, 7517, 0, 0, 0
160000, 7659, 0, 0, 0
161000, 7611, 0, 0, 0
162000, 7618, 0, 0, 0
163000, 7721, 0, 0, 0
164000, 7723, 0, 0, 0
165000, 7673, 0, 0, 0
166000, 7330, 0, 0, 0
167000, 7623, 0, 0, 0
168000, 7689, 0, 0, 0
169000, 7625, 0, 0, 0
170000, 7455, 0, 0, 0
171001, 7571, 0, 0, 0
172000, 7600, 0, 0, 0
173000, 7579, 0, 0, 0
174000, 7660, 0, 0, 0
175000, 7582, 0, 0, 0
176000, 7620, 0, 0, 0
177001, 7752, 0, 0, 0
178000, 7631, 0, 0, 0
179000, 7803, 0, 0, 0
180000, 7769, 0, 0, 0
