1000, 1950477, 1, 0, 0
2000, 2117804, 1, 0, 0
3000, 2095581, 1, 0, 0
4000, 2092100, 1, 0, 0
5000, 2081876, 1, 0, 0
6001, 2189374, 1, 0, 0
7002, 2055962, 1, 0, 0
8000, 2030493, 1, 0, 0
9001, 2066646, 1, 0, 0
10000, 2034742, 1, 0, 0
11000, 2127002, 1, 0, 0
12000, 2130106, 1, 0, 0
13000, 2106139, 1, 0, 0
14000, 2134096, 1, 0, 0
15008, 2039805, 1, 0, 0
16001, 2063124, 1, 0, 0
17000, 2233962, 1, 0, 0
18000, 2035863, 1, 0, 0
19000, 2146114, 1, 0, 0
20000, 2090896, 1, 0, 0
21000, 2078160, 1, 0, 0
22001, 2136843, 1, 0, 0
23000, 2103081, 1, 0, 0
24000, 2260967, 1, 0, 0
25000, 2086664, 1, 0, 0
26000, 2035978, 1, 0, 0
27000, 2100842, 1, 0, 0
28000, 2153426, 1, 0, 0
29000, 2052617, 1, 0, 0
30000, 2087379, 1, 0, 0
31000, 2036714, 1, 0, 0
32000, 2065021, 1, 0, 0
33000, 2060688, 1, 0, 0
34001, 2101073, 1, 0, 0
35000, 2130547, 1, 0, 0
36038, 2198346, 1, 0, 0
37000, 2050067, 1, 0, 0
38000, 2044708, 1, 0, 0
39000, 2039375, 1, 0, 0
40000, 2149044, 1, 0, 0
41000, 2074667, 1, 0, 0
42000, 2100308, 1, 0, 0
43000, 2094918, 1, 0, 0
44000, 2040951, 1, 0, 0
45000, 2102399, 1, 0, 0
46000, 2159754, 1, 0, 0
47000, 2056585, 1, 0, 0
48005, 2124787, 1, 0, 0
49000, 2290716, 1, 0, 0
50000, 1838325, 1, 0, 0
51000, 2152957, 1, 0, 0
52000, 2027801, 1, 0, 0
53001, 2112494, 1, 0, 0
54000, 2175945, 1, 0, 0
55001, 2174574, 1, 0, 0
56000, 2059004, 1, 0, 0
57000, 2083068, 1, 0, 0
58002, 2085421, 1, 0, 0
59000, 2127601, 1, 0, 0
60002, 2027746, 1, 0, 0
61000, 2192145, 1, 0, 0
62001, 2075988, 1, 0, 0
63012, 2202431, 1, 0, 0
64000, 2014131, 1, 0, 0
65000, 2160183, 1, 0, 0
66000, 2095748, 1, 0, 0
67000, 2060209, 1, 0, 0
68000, 2136941, 1, 0, 0
69000, 2044569, 1, 0, 0
70000, 2056721, 1, 0, 0
71000, 2162782, 1, 0, 0
72000, 2031298, 1, 0, 0
73000, 2114318, 1, 0, 0
74000, 2022782, 1, 0, 0
75000, 2183420, 1, 0, 0
76000, 2022414, 1, 0, 0
77010, 2209436, 1, 0, 0
78002, 2127456, 1, 0, 0
79000, 2069756, 1, 0, 0
80000, 2023513, 1, 0, 0
81000, 2164850, 1, 0, 0
82000, 2176610, 1, 0, 0
83000, 2187252, 1, 0, 0
84000, 2105350, 1, 0, 0
85000, 2027553, 1, 0, 0
86001, 2160991, 1, 0, 0
87001, 2052044, 1, 0, 0
88000, 2045876, 1, 0, 0
89000, 2141943, 1, 0, 0
90000, 2130485, 1, 0, 0
91000, 2069883, 1, 0, 0
92000, 2065344, 1, 0, 0
93000, 2010734, 1, 0, 0
94000, 2099804, 1, 0, 0
95000, 2027719, 1, 0, 0
96001, 2010503, 1, 0, 0
97000, 2005200, 1, 0, 0
98001, 2036869, 1, 0, 0
99000, 2098180, 1, 0, 0
100000, 2183554, 1, 0, 0
101000, 2089995, 1, 0, 0
102000, 2077840, 1, 0, 0
103000, 2078647, 1, 0, 0
104000, 2074827, 1, 0, 0
105000, 2116595, 1, 0, 0
106001, 2128970, 1, 0, 0
107000, 2067909, 1, 0, 0
108000, 2196951, 1, 0, 0
109000, 2054046, 1, 0, 0
110000, 2014692, 1, 0, 0
111000, 2094314, 1, 0, 0
112001, 2116890, 1, 0, 0
113000, 2032835, 1, 0, 0
114000, 2083920, 1, 0, 0
115000, 2117896, 1, 0, 0
116000, 2094057, 1, 0, 0
117000, 2065144, 1, 0, 0
118000, 2075374, 1, 0, 0
119000, 2068496, 1, 0, 0
120001, 2123833, 1, 0, 0
121000, 2139858, 1, 0, 0
122000, 2130681, 1, 0, 0
123000, 2198041, 1, 0, 0
124000, 2163322, 1, 0, 0
125000, 2176140, 1, 0, 0
126000, 2066206, 1, 0, 0
127002, 2023361, 1, 0, 0
128000, 2010511, 1, 0, 0
129000, 2242500, 1, 0, 0
130007, 2049310, 1, 0, 0
131000, 2211087, 1, 0, 0
132000, 2122053, 1, 0, 0
133000, 2091039, 1, 0, 0
134000, 2078252, 1, 0, 0
135000, 2002581, 1, 0, 0
136000, 2123247, 1, 0, 0
137000, 2036427, 1, 0, 0
138000, 2158805, 1, 0, 0
139000, 2068401, 1, 0, 0
140001, 2179633, 1, 0, 0
141002, 2116088, 1, 0, 0
142000, 2019191, 1, 0, 0
143000, 2119308, 1, 0, 0
144001, 2100504, 1, 0, 0
145000, 2023070, 1, 0, 0
146000, 2107935, 1, 0, 0
147000, 2153573, 1, 0, 0
148000, 2101266, 1, 0, 0
149000, 2027706, 1, 0, 0
150000, 2158334, 1, 0, 0
151001, 2130081, 1, 0, 0
152000, 2070229, 1, 0, 0
153002, 2092374, 1, 0, 0
154000, 2039698, 1, 0, 0
155001, 2024405, 1, 0, 0
156000, 2151939, 1, 0, 0
157000, 2100607, 1, 0, 0
158000, 2078291, 1, 0, 0
159000, 1995430, 1, 0, 0
160000, 2064874, 1, 0, 0
161001, 2058742, 1, 0, 0
162000, 2077716, 1, 0, 0
163000, 2059188, 1, 0, 0
164001, 2084488, 1, 0, 0
165000, 2085487, 1, 0, 0
166000, 1990394, 1, 0, 0
167001, 2121318, 1, 0, 0
168000, 2098056, 1, 0, 0
169000, 2116650, 1, 0, 0
170000, 2053182, 1, 0, 0
171000, 2108980, 1, 0, 0
172000, 2523264, 1, 0, 0
173000, 2155492, 1, 0, 0
174000, 2014845, 1, 0, 0
175000, 2119054, 1, 0, 0
176000, 2080837, 1, 0, 0
177000, 2137501, 1, 0, 0
178000, 2125878, 1, 0, 0
179000, 2130022, 1, 0, 0
180000, 2095743, 1, 0, 0
