1012, 7433134, 0, 0, 0
2010, 8472331, 0, 0, 0
3019, 8413486, 0, 0, 0
4011, 8484951, 0, 0, 0
5005, 8209619, 0, 0, 0
6018, 9047407, 0, 0, 0
7010, 8181072, 0, 0, 0
8006, 8223917, 0, 0, 0
9011, 8376995, 0, 0, 0
10010, 8368173, 0, 0, 0
11004, 8472911, 0, 0, 0
12004, 8209279, 0, 0, 0
13008, 8586949, 0, 0, 0
14014, 8378242, 0, 0, 0
15009, 8216487, 0, 0, 0
16007, 8417694, 0, 0, 0
17018, 8224130, 0, 0, 0
18015, 8313911, 0, 0, 0
19009, 8365297, 0, 0, 0
20019, 8226531, 0, 0, 0
21010, 8460960, 0, 0, 0
22007, 8322532, 0, 0, 0
23009, 8503711, 0, 0, 0
24005, 8502060, 0, 0, 0
25017, 8288950, 0, 0, 0
26009, 8270653, 0, 0, 0
27005, 8291785, 0, 0, 0
28009, 8357062, 0, 0, 0
29005, 8170266, 0, 0, 0
30014, 8479917, 0, 0, 0
31006, 8121617, 0, 0, 0
32019, 8312015, 0, 0, 0
33008, 8399469, 0, 0, 0
34010, 8357651, 0, 0, 0
35004, 8402050, 0, 0, 0
36013, 8190679, 0, 0, 0
37009, 8412841, 0, 0, 0
38019, 8190148, 0, 0, 0
39015, 8404854, 0, 0, 0
40008, 8195784, 0, 0, 0
41010, 8419934, 0, 0, 0
42012, 8365286, 0, 0, 0
43004, 8232242, 0, 0, 0
44007, 8355153, 0, 0, 0
45019, 8432955, 0, 0, 0
46012, 8522857, 0, 0, 0
47007, 8348552, 0, 0, 0
48008, 8318608, 0, 0, 0
49012, 8488425, 0, 0, 0
50007, 8364123, 0, 0, 0
51012, 8142123, 0, 0, 0
52006, 8281027, 0, 0, 0
53006, 8283486, 0, 0, 0
54005, 8401102, 0, 0, 0
55007, 8587417, 0, 0, 0
56005, 8277265, 0, 0, 0
57011, 8603978, 0, 0, 0
58007, 8472113, 0, 0, 0
59018, 8414650, 0, 0, 0
60013, 8286575, 0, 0, 0
61007, 8188161, 0, 0, 0
62019, 8221361, 0, 0, 0
63014, 8536365, 0, 0, 0
64007, 8196829, 0, 0, 0
65018, 8435659, 0, 0, 0
66011, 8264056, 0, 0, 0
67005, 8262627, 0, 0, 0
68008, 8408233, 0, 0, 0
69012, 8561085, 0, 0, 0
70004, 8290274, 0, 0, 0
71004, 8230435, 0, 0, 0
72006, 8354958, 0, 0, 0
73006, 8586108, 0, 0, 0
74013, 8652158, 0, 0, 0
75008, 8464664, 0, 0, 0
76005, 8700084, 0, 0, 0
77017, 8278252, 0, 0, 0
78007, 8378938, 0, 0, 0
79007, 8285033, 0, 0, 0
80012, 8477966, 0, 0, 0
81012, 8000869, 0, 0, 0
82006, 8238333, 0, 0, 0
83019, 8631578, 0, 0, 0
84011, 8228592, 0, 0, 0
85013, 8598203, 0, 0, 0
86005, 8271888, 0, 0, 0
87008, 8365099, 0, 0, 0
88005, 8501384, 0, 0, 0
89014, 8616095, 0, 0, 0
90011, 8505394, 0, 0, 0
91007, 8230856, 0, 0, 0
92017, 8369176, 0, 0, 0
93010, 8391920, 0, 0, 0
94018, 8383576, 0, 0, 0
95010, 8470786, 0, 0, 0
96005, 8264751, 0, 0, 0
97013, 8655882, 0, 0, 0
98006, 8411242, 0, 0, 0
99017, 8322690, 0, 0, 0
100011, 8405431, 0, 0, 0
101005, 8403296, 0, 0, 0
102011, 8474994, 0, 0, 0
103011, 8126531, 0, 0, 0
104005, 8337979, 0, 0, 0
105008, 8488087, 0, 0, 0
106010, 8508878, 0, 0, 0
107005, 8263760, 0, 0, 0
108017, 8236483, 0, 0, 0
109006, 8301670, 0, 0, 0
110005, 8223441, 0, 0, 0
111008, 8352895, 0, 0, 0
112019, 8336839, 0, 0, 0
113015, 8233733, 0, 0, 0
114009, 8303739, 0, 0, 0
115005, 8261360, 0, 0, 0
116009, 8446141, 0, 0, 0
117009, 8500714, 0, 0, 0
118005, 8321335, 0, 0, 0
119014, 8327405, 0, 0, 0
120010, 8630170, 0, 0, 0
121018, 8323548, 0, 0, 0
122011, 8277984, 0, 0, 0
123009, 8243945, 0, 0, 0
124017, 8677016, 0, 0, 0
125012, 8509491, 0, 0, 0
126005, 8342136, 0, 0, 0
127015, 8418992, 0, 0, 0
128009, 8296799, 0, 0, 0
129005, 8339111, 0, 0, 0
130014, 8523304, 0, 0, 0
131008, 8504035, 0, 0, 0
132018, 8539143, 0, 0, 0
133011, 8198515, 0, 0, 0
134008, 8234229, 0, 0, 0
135016, 8155081, 0, 0, 0
136009, 8363835, 0, 0, 0
137004, 8416125, 0, 0, 0
138016, 8418428, 0, 0, 0
139012, 8346402, 0, 0, 0
140004, 8368246, 0, 0, 0
141013, 8430119, 0, 0, 0
142007, 8278535, 0, 0, 0
143013, 8547666, 0, 0, 0
144014, 8175887, 0, 0, 0
145007, 8430962, 0, 0, 0
146007, 8728190, 0, 0, 0
147012, 8513035, 0, 0, 0
148007, 8286207, 0, 0, 0
149017, 8487651, 0, 0, 0
150004, 8307070, 0, 0, 0
151005, 8327993, 0, 0, 0
152014, 8380523, 0, 0, 0
153007, 8411720, 0, 0, 0
154012, 8389734, 0, 0, 0
155007, 8301100, 0, 0, 0
156007, 8222642, 0, 0, 0
157014, 8435321, 0, 0, 0
158008, 8321786, 0, 0, 0
159014, 8233557, 0, 0, 0
160013, 8518259, 0, 0, 0
161009, 8235003, 0, 0, 0
162004, 8308756, 0, 0, 0
163009, 8497736, 0, 0, 0
164006, 8271089, 0, 0, 0
165016, 8523088, 0, 0, 0
166010, 8447703, 0, 0, 0
167020, 8474367, 0, 0, 0
168014, 8552376, 0, 0, 0
169007, 8351322, 0, 0, 0
170015, 8675175, 0, 0, 0
171007, 8209997, 0, 0, 0
172011, 8425257, 0, 0, 0
173005, 8380425, 0, 0, 0
174006, 8695589, 0, 0, 0
175016, 8602781, 0, 0, 0
176008, 8192051, 0, 0, 0
177005, 8291298, 0, 0, 0
178013, 8263158, 0, 0, 0
179007, 8238793, 0, 0, 0
180010, 8554999, 0, 0, 0
180013, 43444076, 0, 0, 0
