1031, 136522, 1, 0, 0
2000, 234193, 1, 0, 0
3000, 112866, 1, 0, 0
4021, 83213, 1, 0, 0
5016, 35051, 1, 0, 0
6032, 103065, 1, 0, 0
7024, 181993, 1, 0, 0
8021, 9696, 1, 0, 0
9031, 48439, 1, 0, 0
10000, 168807, 1, 0, 0
11024, 202879, 1, 0, 0
12020, 39476, 1, 0, 0
13030, 177571, 1, 0, 0
14018, 138392, 1, 0, 0
15016, 132805, 1, 0, 0
16000, 207975, 1, 0, 0
17000, 176227, 1, 0, 0
18019, 34940, 1, 0, 0
19030, 9887, 1, 0, 0
20000, 6027, 1, 0, 0
21021, 3638, 1, 0, 0
22018, 2237, 1, 0, 0
23001, 2252, 1, 0, 0
24022, 2324, 1, 0, 0
25016, 2288, 1, 0, 0
26030, 2255, 1, 0, 0
27001, 2269, 1, 0, 0
28020, 4867, 1, 0, 0
29020, 11521, 1, 0, 0
30000, 37198, 1, 0, 0
31020, 2472, 1, 0, 0
32024, 2341, 1, 0, 0
33000, 2522, 1, 0, 0
34001, 2520, 1, 0, 0
35019, 2499, 1, 0, 0
36000, 2434, 1, 0, 0
37000, 2476, 1, 0, 0
38020, 2441, 1, 0, 0
39001, 6364, 1, 0, 0
40017, 6646, 1, 0, 0
41030, 5946, 1, 0, 0
42000, 6173, 1, 0, 0
43019, 2384, 1, 0, 0
44030, 8838, 1, 0, 0
45000, 2381, 1, 0, 0
46000, 2362, 1, 0, 0
47020, 2448, 1, 0, 0
48020, 2373, 1, 0, 0
49000, 2266, 1, 0, 0
50001, 21643, 1, 0, 0
51016, 14573, 1, 0, 0
52000, 2401, 1, 0, 0
53022, 2394, 1, 0, 0
54021, 3782, 1, 0, 0
55000, 2296, 1, 0, 0
56019, 2500, 1, 0, 0
57030, 2492, 1, 0, 0
58000, 85858, 1, 0, 0
59001, 2564, 1, 0, 0
60000, 2508, 1, 0, 0
61000, 6363, 1, 0, 0
62018, 2387, 1, 0, 0
63000, 2310, 1, 0, 0
64019, 2465, 1, 0, 0
65020, 3594, 1, 0, 0
66017, 2488, 1, 0, 0
67032, 2485, 1, 0, 0
68024, 2400, 1, 0, 0
69015, 2327, 1, 0, 0
70029, 2405, 1, 0, 0
71000, 2441, 1, 0, 0
72017, 2538, 1, 0, 0
73020, 2448, 1, 0, 0
74000, 2441, 1, 0, 0
75031, 5848, 1, 0, 0
76000, 2392, 1, 0, 0
77022, 5451, 1, 0, 0
78031, 2413, 1, 0, 0
79000, 29706, 1, 0, 0
80021, 7508, 1, 0, 0
81030, 34051, 1, 0, 0
82019, 7270, 1, 0, 0
83017, 42190, 1, 0, 0
84029, 28005, 1, 0, 0
85016, 2295, 1, 0, 0
86018, 2808, 1, 0, 0
87000, 2501, 1, 0, 0
88020, 2420, 1, 0, 0
89001, 6620, 1, 0, 0
90000, 2343, 1, 0, 0
91019, 4680, 1, 0, 0
92030, 32311, 1, 0, 0
93027, 2470, 1, 0, 0
94019, 3942, 1, 0, 0
95031, 2416, 1, 0, 0
96000, 2340, 1, 0, 0
97000, 11367, 1, 0, 0
98018, 4251, 1, 0, 0
99031, 2478, 1, 0, 0
100003, 2435, 1, 0, 0
101021, 2446, 1, 0, 0
102000, 2389, 1, 0, 0
103000, 2433, 1, 0, 0
104022, 3752, 1, 0, 0
105018, 2392, 1, 0, 0
106030, 2535, 1, 0, 0
107022, 2481, 1, 0, 0
108031, 2408, 1, 0, 0
109002, 2477, 1, 0, 0
110016, 4585, 1, 0, 0
111027, 2465, 1, 0, 0
112023, 2446, 1, 0, 0
113000, 2532, 1, 0, 0
114030, 2336, 1, 0, 0
115000, 2436, 1, 0, 0
116002, 2411, 1, 0, 0
117017, 2380, 1, 0, 0
118000, 2551, 1, 0, 0
119006, 2418, 1, 0, 0
120030, 11123, 1, 0, 0
121000, 2529, 1, 0, 0
122021, 2437, 1, 0, 0
123000, 2389, 1, 0, 0
124019, 2455, 1, 0, 0
125030, 2477, 1, 0, 0
126000, 2337, 1, 0, 0
127004, 2397, 1, 0, 0
128018, 2464, 1, 0, 0
129018, 2404, 1, 0, 0
130023, 2390, 1, 0, 0
131032, 107549, 1, 0, 0
132000, 2415, 1, 0, 0
133000, 2472, 1, 0, 0
134019, 5279, 1, 0, 0
135016, 2459, 1, 0, 0
136025, 2339, 1, 0, 0
137018, 2407, 1, 0, 0
138029, 51902, 1, 0, 0
139000, 5915, 1, 0, 0
140021, 2437, 1, 0, 0
141032, 2385, 1, 0, 0
142000, 2401, 1, 0, 0
143022, 2507, 1, 0, 0
144017, 2450, 1, 0, 0
145022, 2410, 1, 0, 0
146018, 2406, 1, 0, 0
147031, 2390, 1, 0, 0
148026, 2316, 1, 0, 0
149019, 40662, 1, 0, 0
150024, 5125, 1, 0, 0
151025, 2442, 1, 0, 0
152017, 14090, 1, 0, 0
153002, 8021, 1, 0, 0
154023, 4566, 1, 0, 0
155016, 2398, 1, 0, 0
156000, 10448, 1, 0, 0
157001, 52439, 1, 0, 0
158016, 2508, 1, 0, 0
159029, 2584, 1, 0, 0
160020, 2493, 1, 0, 0
161020, 4449, 1, 0, 0
162018, 20735, 1, 0, 0
163030, 2421, 1, 0, 0
164020, 2467, 1, 0, 0
165030, 2437, 1, 0, 0
166000, 2418, 1, 0, 0
167019, 2426, 1, 0, 0
168021, 2377, 1, 0, 0
169025, 3909, 1, 0, 0
170018, 43174, 1, 0, 0
171029, 4644, 1, 0, 0
172025, 25670, 1, 0, 0
173017, 36259, 1, 0, 0
174020, 2422, 1, 0, 0
175019, 2321, 1, 0, 0
176024, 2310, 1, 0, 0
177017, 17933, 1, 0, 0
178022, 33372, 1, 0, 0
179000, 45984, 1, 0, 0
180073, 19495, 1, 0, 0
