1033, 29271045, 0, 0, 0
2026, 33347335, 0, 0, 0
3028, 33522127, 0, 0, 0
4000, 33961194, 0, 0, 0
5029, 33504818, 0, 0, 0
6030, 33445653, 0, 0, 0
7035, 33776551, 0, 0, 0
8028, 33202298, 0, 0, 0
9038, 33268416, 0, 0, 0
10032, 33704252, 0, 0, 0
11025, 33199268, 0, 0, 0
12000, 33672652, 0, 0, 0
13024, 33123126, 0, 0, 0
14000, 33133962, 0, 0, 0
15037, 33041516, 0, 0, 0
16030, 34003457, 0, 0, 0
17025, 33165988, 0, 0, 0
18035, 33738248, 0, 0, 0
19027, 33510472, 0, 0, 0
20031, 33384924, 0, 0, 0
21006, 33566631, 0, 0, 0
22026, 33424355, 0, 0, 0
23035, 33671338, 0, 0, 0
24025, 33192993, 0, 0, 0
25026, 32979200, 0, 0, 0
26036, 33202374, 0, 0, 0
27029, 33569060, 0, 0, 0
28025, 33162703, 0, 0, 0
29037, 33769874, 0, 0, 0
30031, 33609341, 0, 0, 0
31026, 33358010, 0, 0, 0
32037, 33474002, 0, 0, 0
33030, 34062592, 0, 0, 0
34027, 33278691, 0, 0, 0
35033, 33957894, 0, 0, 0
36028, 33334045, 0, 0, 0
37025, 33161157, 0, 0, 0
38029, 33793785, 0, 0, 0
39032, 33758888, 0, 0, 0
40025, 33463398, 0, 0, 0
41035, 33698216, 0, 0, 0
42030, 33569149, 0, 0, 0
43024, 33179694, 0, 0, 0
44036, 33641735, 0, 0, 0
45034, 33497399, 0, 0, 0
46026, 33503773, 0, 0, 0
47036, 33628708, 0, 0, 0
48033, 33536390, 0, 0, 0
49024, 33299942, 0, 0, 0
50032, 33379673, 0, 0, 0
51029, 33551620, 0, 0, 0
52027, 33739416, 0, 0, 0
53033, 33921229, 0, 0, 0
54028, 33532120, 0, 0, 0
55024, 33175748, 0, 0, 0
56035, 33382402, 0, 0, 0
57030, 33488748, 0, 0, 0
58024, 33470168, 0, 0, 0
59035, 33792291, 0, 0, 0
60031, 33156445, 0, 0, 0
61025, 33074703, 0, 0, 0
62000, 33638058, 0, 0, 0
63031, 33247076, 0, 0, 0
64026, 33242999, 0, 0, 0
65000, 33375669, 0, 0, 0
66026, 33551799, 0, 0, 0
67029, 33485234, 0, 0, 0
68023, 33263810, 0, 0, 0
69037, 33247591, 0, 0, 0
70014, 34009492, 0, 0, 0
71028, 33129144, 0, 0, 0
72026, 33336545, 0, 0, 0
73000, 33996924, 0, 0, 0
74032, 33149117, 0, 0, 0
75027, 32978275, 0, 0, 0
76023, 33423389, 0, 0, 0
77023, 33880370, 0, 0, 0
78028, 33414644, 0, 0, 0
79000, 33737491, 0, 0, 0
80026, 33219746, 0, 0, 0
81000, 33532581, 0, 0, 0
82031, 33023760, 0, 0, 0
83023, 33509019, 0, 0, 0
84034, 33997021, 0, 0, 0
85028, 32870825, 0, 0, 0
86038, 33274060, 0, 0, 0
87034, 33657283, 0, 0, 0
88028, 33052806, 0, 0, 0
89023, 33345362, 0, 0, 0
90035, 34160937, 0, 0, 0
91029, 33312029, 0, 0, 0
92039, 33320349, 0, 0, 0
93004, 33544531, 0, 0, 0
94026, 32950995, 0, 0, 0
95031, 33374192, 0, 0, 0
96029, 32931034, 0, 0, 0
97023, 33515286, 0, 0, 0
98023, 34065977, 0, 0, 0
99027, 33456759, 0, 0, 0
100023, 33260931, 0, 0, 0
101033, 33282772, 0, 0, 0
102010, 33640584, 0, 0, 0
103025, 33469653, 0, 0, 0
104000, 33956263, 0, 0, 0
105030, 33158679, 0, 0, 0
106025, 33517487, 0, 0, 0
107026, 33385841, 0, 0, 0
108028, 33519151, 0, 0, 0
109037, 33211495, 0, 0, 0
110026, 33657811, 0, 0, 0
111038, 33341789, 0, 0, 0
112032, 33416139, 0, 0, 0
113027, 33788496, 0, 0, 0
114037, 33612160, 0, 0, 0
115034, 33659749, 0, 0, 0
116030, 33384191, 0, 0, 0
117025, 33360929, 0, 0, 0
118026, 32699892, 0, 0, 0
119030, 33609522, 0, 0, 0
120025, 33060095, 0, 0, 0
121032, 33787430, 0, 0, 0
122025, 33459387, 0, 0, 0
123034, 33579444, 0, 0, 0
124003, 33759325, 0, 0, 0
125037, 32869596, 0, 0, 0
126032, 33810262, 0, 0, 0
127026, 33081894, 0, 0, 0
128032, 32995174, 0, 0, 0
129026, 33971623, 0, 0, 0
130027, 33211522, 0, 0, 0
131028, 33247197, 0, 0, 0
132024, 33815231, 0, 0, 0
133029, 33395150, 0, 0, 0
134025, 33537896, 0, 0, 0
135036, 33252499, 0, 0, 0
136030, 32794143, 0, 0, 0
137025, 33377148, 0, 0, 0
138035, 33710482, 0, 0, 0
139029, 33064776, 0, 0, 0
140037, 33386062, 0, 0, 0
141035, 33650597, 0, 0, 0
142028, 33389256, 0, 0, 0
143038, 33819278, 0, 0, 0
144034, 33680530, 0, 0, 0
145028, 33257547, 0, 0, 0
146038, 33593017, 0, 0, 0
147035, 34221044, 0, 0, 0
148030, 33040010, 0, 0, 0
149024, 33247305, 0, 0, 0
150037, 33290939, 0, 0, 0
151030, 34203961, 0, 0, 0
152026, 33282694, 0, 0, 0
153035, 33513228, 0, 0, 0
154029, 33598075, 0, 0, 0
155038, 33495240, 0, 0, 0
156030, 33497296, 0, 0, 0
157023, 33605499, 0, 0, 0
158033, 33870217, 0, 0, 0
159027, 32977808, 0, 0, 0
160028, 33497987, 0, 0, 0
161025, 34032170, 0, 0, 0
162028, 33411891, 0, 0, 0
163037, 33292237, 0, 0, 0
164032, 33494498, 0, 0, 0
165028, 33231737, 0, 0, 0
166023, 33218823, 0, 0, 0
167034, 33617423, 0, 0, 0
168030, 32732678, 0, 0, 0
169026, 33522512, 0, 0, 0
170032, 34244927, 0, 0, 0
171024, 33361442, 0, 0, 0
172028, 33529209, 0, 0, 0
173024, 33462992, 0, 0, 0
174026, 33459714, 0, 0, 0
175029, 33638757, 0, 0, 0
176024, 33197869, 0, 0, 0
177035, 33075450, 0, 0, 0
178025, 33701441, 0, 0, 0
179023, 33239767, 0, 0, 0
180032, 33426915, 0, 0, 0
180039, 61089379, 0, 0, 0
