1031, 2104, 0, 0, 0
2026, 2028, 0, 0, 0
3034, 2009, 0, 0, 0
4029, 2051, 0, 0, 0
5032, 2172, 0, 0, 0
6036, 2096, 0, 0, 0
7029, 2060, 0, 0, 0
8025, 1966, 0, 0, 0
9033, 1993, 0, 0, 0
10028, 2046, 0, 0, 0
11026, 2060, 0, 0, 0
12031, 2103, 0, 0, 0
13029, 2098, 0, 0, 0
14039, 2090, 0, 0, 0
15032, 2047, 0, 0, 0
16027, 2142, 0, 0, 0
17037, 2134, 0, 0, 0
18031, 2179, 0, 0, 0
19025, 2021, 0, 0, 0
20032, 2132, 0, 0, 0
21028, 1986, 0, 0, 0
22000, 1996, 0, 0, 0
23029, 1943, 0, 0, 0
24000, 1981, 0, 0, 0
25024, 1972, 0, 0, 0
26027, 2050, 0, 0, 0
27000, 2052, 0, 0, 0
28025, 2000, 0, 0, 0
29028, 2169, 0, 0, 0
30025, 2061, 0, 0, 0
31030, 1949, 0, 0, 0
32024, 2016, 0, 0, 0
33039, 2007, 0, 0, 0
34026, 2009, 0, 0, 0
35028, 2110, 0, 0, 0
36039, 2019, 0, 0, 0
37027, 1843, 0, 0, 0
38030, 2055, 0, 0, 0
39000, 2011, 0, 0, 0
40029, 2009, 0, 0, 0
41041, 1995, 0, 0, 0
42034, 1876, 0, 0, 0
43027, 1901, 0, 0, 0
44039, 1964, 0, 0, 0
45028, 1929, 0, 0, 0
46028, 1857, 0, 0, 0
47025, 1954, 0, 0, 0
48000, 1902, 0, 0, 0
49029, 1915, 0, 0, 0
50038, 1875, 0, 0, 0
51033, 1882, 0, 0, 0
52024, 1858, 0, 0, 0
53038, 2010, 0, 0, 0
54032, 2005, 0, 0, 0
55026, 1818, 0, 0, 0
56000, 2029, 0, 0, 0
57028, 2132, 0, 0, 0
58037, 1905, 0, 0, 0
59026, 1870, 0, 0, 0
60029, 1863, 0, 0, 0
61026, 1867, 0, 0, 0
62036, 1957, 0, 0, 0
63028, 1839, 0, 0, 0
64028, 1910, 0, 0, 0
65038, 1998, 0, 0, 0
66031, 1933, 0, 0, 0
67024, 1983, 0, 0, 0
68034, 1922, 0, 0, 0
69027, 1978, 0, 0, 0
70027, 1907, 0, 0, 0
71031, 1871, 0, 0, 0
72026, 1942, 0, 0, 0
73029, 1869, 0, 0, 0
74033, 2050, 0, 0, 0
75028, 2058, 0, 0, 0
76000, 1903, 0, 0, 0
77028, 1876, 0, 0, 0
78027, 1933, 0, 0, 0
79000, 1895, 0, 0, 0
80029, 2007, 0, 0, 0
81025, 1988, 0, 0, 0
82034, 1885, 0, 0, 0
83028, 2007, 0, 0, 0
84038, 1975, 0, 0, 0
85033, 1935, 0, 0, 0
86026, 2037, 0, 0, 0
87036, 2106, 0, 0, 0
88030, 2004, 0, 0, 0
89039, 1888, 0, 0, 0
90030, 1915, 0, 0, 0
91028, 1920, 0, 0, 0
92026, 1893, 0, 0, 0
93035, 1953, 0, 0, 0
94028, 2054, 0, 0, 0
95038, 1943, 0, 0, 0
96029, 1886, 0, 0, 0
97038, 1875, 0, 0, 0
98035, 1990, 0, 0, 0
99029, 2000, 0, 0, 0
100039, 1823, 0, 0, 0
101035, 1996, 0, 0, 0
102026, 1825, 0, 0, 0
103025, 1916, 0, 0, 0
104000, 1923, 0, 0, 0
105028, 1975, 0, 0, 0
106029, 1932, 0, 0, 0
107025, 1899, 0, 0, 0
108035, 2017, 0, 0, 0
109026, 1921, 0, 0, 0
110034, 1948, 0, 0, 0
111030, 1785, 0, 0, 0
112034, 1965, 0, 0, 0
113000, 1910, 0, 0, 0
114031, 1964, 0, 0, 0
115027, 1921, 0, 0, 0
116027, 1996, 0, 0, 0
117034, 1927, 0, 0, 0
118030, 2008, 0, 0, 0
119026, 1923, 0, 0, 0
120034, 1875, 0, 0, 0
121026, 1921, 0, 0, 0
122033, 1981, 0, 0, 0
123028, 1871, 0, 0, 0
124036, 1892, 0, 0, 0
125030, 1921, 0, 0, 0
126024, 1925, 0, 0, 0
127030, 2009, 0, 0, 0
128025, 1969, 0, 0, 0
129025, 2099, 0, 0, 0
130036, 2094, 0, 0, 0
131025, 2034, 0, 0, 0
132024, 1956, 0, 0, 0
133027, 2010, 0, 0, 0
134027, 1981, 0, 0, 0
135037, 1911, 0, 0, 0
136032, 1863, 0, 0, 0
137026, 1895, 0, 0, 0
138030, 1965, 0, 0, 0
139025, 2002, 0, 0, 0
140030, 1869, 0, 0, 0
141025, 1867, 0, 0, 0
142029, 1996, 0, 0, 0
143026, 1926, 0, 0, 0
144031, 1858, 0, 0, 0
145027, 1936, 0, 0, 0
146037, 2029, 0, 0, 0
147031, 1863, 0, 0, 0
148027, 1974, 0, 0, 0
149030, 1965, 0, 0, 0
150033, 2042, 0, 0, 0
151026, 1908, 0, 0, 0
152038, 2064, 0, 0, 0
153024, 1942, 0, 0, 0
154028, 1887, 0, 0, 0
155039, 1940, 0, 0, 0
156028, 2051, 0, 0, 0
157028, 1922, 0, 0, 0
158027, 2063, 0, 0, 0
159035, 1829, 0, 0, 0
160029, 1972, 0, 0, 0
161025, 2045, 0, 0, 0
162004, 2035, 0, 0, 0
163027, 1972, 0, 0, 0
164039, 1899, 0, 0, 0
165001, 2012, 0, 0, 0
166027, 1851, 0, 0, 0
167032, 1926, 0, 0, 0
168003, 1974, 0, 0, 0
169030, 1921, 0, 0, 0
170026, 1851, 0, 0, 0
171035, 1985, 0, 0, 0
172030, 1983, 0, 0, 0
173025, 1929, 0, 0, 0
174000, 2008, 0, 0, 0
175028, 1925, 0, 0, 0
176031, 2076, 0, 0, 0
177026, 1955, 0, 0, 0
178027, 1965, 0, 0, 0
179035, 1999, 0, 0, 0
180032, 2047, 0, 0, 0
