1000, 2132253, 0, 0, 0
2001, 2112457, 0, 0, 0
3000, 2108034, 0, 0, 0
4000, 2083742, 0, 0, 0
5000, 2042657, 0, 0, 0
6000, 2091627, 0, 0, 0
7000, 2097912, 0, 0, 0
8000, 2123401, 0, 0, 0
9000, 2104089, 0, 0, 0
10000, 2091161, 0, 0, 0
11001, 2043559, 0, 0, 0
12000, 2102540, 0, 0, 0
13000, 2203008, 0, 0, 0
14001, 2142923, 0, 0, 0
15000, 2091816, 0, 0, 0
16000, 2181142, 0, 0, 0
17001, 2126770, 0, 0, 0
18001, 2163563, 0, 0, 0
19000, 2158627, 0, 0, 0
20000, 2118998, 0, 0, 0
21001, 2159606, 0, 0, 0
22000, 2143629, 0, 0, 0
23001, 2155357, 0, 0, 0
24001, 2270190, 0, 0, 0
25000, 2081914, 0, 0, 0
26005, 2242648, 0, 0, 0
27000, 2334149, 0, 0, 0
28000, 2345184, 0, 0, 0
29001, 2159161, 0, 0, 0
30000, 2232155, 0, 0, 0
31001, 2127071, 0, 0, 0
32000, 2168118, 0, 0, 0
33001, 2228492, 0, 0, 0
34000, 2223214, 0, 0, 0
35001, 2168936, 0, 0, 0
36000, 2096638, 0, 0, 0
37000, 2135862, 0, 0, 0
38000, 2164764, 0, 0, 0
39001, 2167010, 0, 0, 0
40000, 2200745, 0, 0, 0
41001, 2181014, 0, 0, 0
42001, 2134405, 0, 0, 0
43001, 2180125, 0, 0, 0
44000, 2163355, 0, 0, 0
45000, 2137043, 0, 0, 0
46000, 2123578, 0, 0, 0
47000, 2170288, 0, 0, 0
48000, 2157715, 0, 0, 0
49000, 2118658, 0, 0, 0
50000, 2094540, 0, 0, 0
51001, 2130686, 0, 0, 0
52000, 2183827, 0, 0, 0
53001, 2130281, 0, 0, 0
54000, 2204441, 0, 0, 0
55001, 2169158, 0, 0, 0
56000, 2194310, 0, 0, 0
57000, 2113323, 0, 0, 0
58000, 2124507, 0, 0, 0
59001, 2161976, 0, 0, 0
60000, 2130255, 0, 0, 0
61000, 2168150, 0, 0, 0
62000, 2164033, 0, 0, 0
63000, 2177298, 0, 0, 0
64001, 2191646, 0, 0, 0
65000, 2138270, 0, 0, 0
66000, 2123014, 0, 0, 0
67001, 2173478, 0, 0, 0
68000, 2165550, 0, 0, 0
69000, 2124504, 0, 0, 0
70000, 2110324, 0, 0, 0
71001, 2094482, 0, 0, 0
72000, 2113316, 0, 0, 0
73000, 2149112, 0, 0, 0
74000, 2295317, 0, 0, 0
75000, 2119373, 0, 0, 0
76000, 2135554, 0, 0, 0
77000, 2137715, 0, 0, 0
78000, 2114785, 0, 0, 0
79000, 2178533, 0, 0, 0
80000, 2132310, 0, 0, 0
81000, 2134372, 0, 0, 0
82000, 2078839, 0, 0, 0
83000, 2111266, 0, 0, 0
84001, 2221096, 0, 0, 0
85000, 2188880, 0, 0, 0
86000, 2151828, 0, 0, 0
87000, 2129150, 0, 0, 0
88000, 2178032, 0, 0, 0
89000, 2133333, 0, 0, 0
90000, 2155078, 0, 0, 0
91000, 2144408, 0, 0, 0
92000, 2188310, 0, 0, 0
93000, 2168153, 0, 0, 0
94001, 2151265, 0, 0, 0
95000, 2110073, 0, 0, 0
96000, 2094557, 0, 0, 0
97001, 2141761, 0, 0, 0
98000, 2183992, 0, 0, 0
99000, 2174910, 0, 0, 0
100000, 2124293, 0, 0, 0
101000, 2083662, 0, 0, 0
102000, 2092751, 0, 0, 0
103001, 2157894, 0, 0, 0
104001, 2114432, 0, 0, 0
105001, 2136454, 0, 0, 0
106000, 2262912, 0, 0, 0
107000, 2147001, 0, 0, 0
108001, 2164411, 0, 0, 0
109000, 2232222, 0, 0, 0
110000, 2142322, 0, 0, 0
111000, 2146640, 0, 0, 0
112001, 2184024, 0, 0, 0
113000, 2087320, 0, 0, 0
114000, 2154952, 0, 0, 0
115000, 2119423, 0, 0, 0
116000, 2133446, 0, 0, 0
117000, 2084420, 0, 0, 0
118001, 2192101, 0, 0, 0
119000, 2241797, 0, 0, 0
120000, 2175643, 0, 0, 0
121000, 2373610, 0, 0, 0
122000, 2206246, 0, 0, 0
123000, 2244266, 0, 0, 0
124001, 2263880, 0, 0, 0
125000, 2185393, 0, 0, 0
126001, 2208334, 0, 0, 0
127001, 2213176, 0, 0, 0
128000, 2146617, 0, 0, 0
129000, 2234396, 0, 0, 0
130000, 2221032, 0, 0, 0
131000, 2206836, 0, 0, 0
132000, 2150159, 0, 0, 0
133000, 2149493, 0, 0, 0
134000, 2169600, 0, 0, 0
135001, 2110089, 0, 0, 0
136000, 2145316, 0, 0, 0
137000, 2166670, 0, 0, 0
138000, 2125899, 0, 0, 0
139001, 2233889, 0, 0, 0
140000, 2169767, 0, 0, 0
141001, 2185076, 0, 0, 0
142000, 2106639, 0, 0, 0
143001, 2182773, 0, 0, 0
144001, 2243233, 0, 0, 0
145000, 2196006, 0, 0, 0
146000, 2206634, 0, 0, 0
147000, 2246828, 0, 0, 0
148000, 2205921, 0, 0, 0
149001, 2135751, 0, 0, 0
150001, 2215315, 0, 0, 0
151001, 2159200, 0, 0, 0
152000, 2142611, 0, 0, 0
153000, 2202999, 0, 0, 0
154000, 2153490, 0, 0, 0
155001, 2170614, 0, 0, 0
156001, 2155470, 0, 0, 0
157000, 2188375, 0, 0, 0
158000, 2157349, 0, 0, 0
159000, 2138521, 0, 0, 0
160001, 2146004, 0, 0, 0
161000, 2194928, 0, 0, 0
162000, 2188732, 0, 0, 0
163001, 2189872, 0, 0, 0
164000, 2109555, 0, 0, 0
165000, 2172076, 0, 0, 0
166000, 2111164, 0, 0, 0
167000, 2201087, 0, 0, 0
168000, 2191778, 0, 0, 0
169000, 2142593, 0, 0, 0
170000, 2177105, 0, 0, 0
171001, 2147914, 0, 0, 0
172000, 2142633, 0, 0, 0
173001, 2140234, 0, 0, 0
174000, 2150400, 0, 0, 0
175001, 2377986, 0, 0, 0
176000, 2198700, 0, 0, 0
177000, 2163969, 0, 0, 0
178000, 2136024, 0, 0, 0
179001, 2110903, 0, 0, 0
180000, 2144231, 0, 0, 0
180001, 2327973, 0, 0, 0
