1005, 3727573, 0, 0, 0
2001, 4193516, 0, 0, 0
3009, 4208387, 0, 0, 0
4005, 4178545, 0, 0, 0
5002, 4167521, 0, 0, 0
6012, 4178210, 0, 0, 0
7002, 4200700, 0, 0, 0
8000, 4183808, 0, 0, 0
9008, 4228915, 0, 0, 0
10000, 4104322, 0, 0, 0
11001, 4203470, 0, 0, 0
12013, 4194875, 0, 0, 0
13007, 4227339, 0, 0, 0
14000, 4164867, 0, 0, 0
15014, 4164078, 0, 0, 0
16005, 4218999, 0, 0, 0
17003, 4157780, 0, 0, 0
18000, 4174639, 0, 0, 0
19000, 4252462, 0, 0, 0
20002, 4132784, 0, 0, 0
21003, 4176606, 0, 0, 0
22006, 4202107, 0, 0, 0
23002, 4168395, 0, 0, 0
24012, 4233542, 0, 0, 0
25009, 4183997, 0, 0, 0
26003, 4185815, 0, 0, 0
27000, 4195070, 0, 0, 0
28009, 4188494, 0, 0, 0
29003, 4137594, 0, 0, 0
30013, 4158684, 0, 0, 0
31006, 4208613, 0, 0, 0
32000, 4166660, 0, 0, 0
33000, 4206201, 0, 0, 0
34005, 4145984, 0, 0, 0
35000, 4157662, 0, 0, 0
36012, 4216962, 0, 0, 0
37009, 4130515, 0, 0, 0
38006, 4207626, 0, 0, 0
39002, 4172270, 0, 0, 0
40012, 4172751, 0, 0, 0
41006, 4213272, 0, 0, 0
42002, 4131260, 0, 0, 0
43006, 4173385, 0, 0, 0
44004, 4242560, 0, 0, 0
45000, 4186632, 0, 0, 0
46003, 4178410, 0, 0, 0
47005, 4157882, 0, 0, 0
48001, 4157483, 0, 0, 0
49011, 4186347, 0, 0, 0
50009, 4225858, 0, 0, 0
51003, 4153160, 0, 0, 0
52005, 4167716, 0, 0, 0
53008, 4186010, 0, 0, 0
54002, 4352774, 0, 0, 0
55014, 4171472, 0, 0, 0
56011, 4201485, 0, 0, 0
57006, 4129510, 0, 0, 0
58001, 4208955, 0, 0, 0
59012, 4187410, 0, 0, 0
60000, 4267619, 0, 0, 0
61003, 4133715, 0, 0, 0
62003, 4146240, 0, 0, 0
63007, 4214946, 0, 0, 0
64000, 4150728, 0, 0, 0
65003, 4219432, 0, 0, 0
66003, 4139305, 0, 0, 0
67013, 4186502, 0, 0, 0
68000, 4249926, 0, 0, 0
69001, 4139290, 0, 0, 0
70004, 4218832, 0, 0, 0
71003, 4153414, 0, 0, 0
72014, 4157439, 0, 0, 0
73004, 4197482, 0, 0, 0
74001, 4166426, 0, 0, 0
75013, 4136742, 0, 0, 0
76004, 4180246, 0, 0, 0
77000, 4197380, 0, 0, 0
78011, 4170546, 0, 0, 0
79007, 4178750, 0, 0, 0
80003, 4163127, 0, 0, 0
81002, 4153289, 0, 0, 0
82005, 4202504, 0, 0, 0
83003, 4156858, 0, 0, 0
84000, 4169221, 0, 0, 0
85010, 4280757, 0, 0, 0
86008, 4153619, 0, 0, 0
87000, 4180463, 0, 0, 0
88000, 4155939, 0, 0, 0
89005, 4185329, 0, 0, 0
90002, 4191081, 0, 0, 0
91000, 4180967, 0, 0, 0
92007, 4218360, 0, 0, 0
93000, 4230439, 0, 0, 0
94000, 4237217, 0, 0, 0
95004, 4111090, 0, 0, 0
96000, 4234291, 0, 0, 0
97000, 4148517, 0, 0, 0
98004, 4164269, 0, 0, 0
99001, 4153186, 0, 0, 0
100014, 4158683, 0, 0, 0
101007, 4183898, 0, 0, 0
102007, 4222215, 0, 0, 0
103002, 4143372, 0, 0, 0
104008, 4146655, 0, 0, 0
105007, 4204971, 0, 0, 0
106001, 4151167, 0, 0, 0
107010, 4173101, 0, 0, 0
108001, 4204275, 0, 0, 0
109012, 4186577, 0, 0, 0
110005, 4212948, 0, 0, 0
111000, 4190724, 0, 0, 0
112012, 4168031, 0, 0, 0
113007, 4267624, 0, 0, 0
114003, 4173634, 0, 0, 0
115000, 4169848, 0, 0, 0
116000, 4193174, 0, 0, 0
117008, 4179012, 0, 0, 0
118006, 4216744, 0, 0, 0
119002, 4148038, 0, 0, 0
120006, 4156009, 0, 0, 0
121008, 4233062, 0, 0, 0
122004, 4136406, 0, 0, 0
123000, 4204487, 0, 0, 0
124000, 4232033, 0, 0, 0
125001, 4124771, 0, 0, 0
126005, 4186925, 0, 0, 0
127000, 4270253, 0, 0, 0
128001, 4134306, 0, 0, 0
129029, 4175454, 0, 0, 0
130001, 4204000, 0, 0, 0
131006, 4187547, 0, 0, 0
132000, 4097263, 0, 0, 0
133013, 4173213, 0, 0, 0
134007, 4222168, 0, 0, 0
135001, 4160916, 0, 0, 0
136005, 4131309, 0, 0, 0
137007, 4213130, 0, 0, 0
138001, 4184647, 0, 0, 0
139008, 4223741, 0, 0, 0
140004, 4176288, 0, 0, 0
141013, 4144621, 0, 0, 0
142007, 4216912, 0, 0, 0
143002, 4126263, 0, 0, 0
144007, 4170315, 0, 0, 0
145008, 4216412, 0, 0, 0
146003, 4181704, 0, 0, 0
147012, 4165061, 0, 0, 0
148008, 4239956, 0, 0, 0
149003, 4140362, 0, 0, 0
150000, 4262470, 0, 0, 0
151003, 4184525, 0, 0, 0
152000, 4219141, 0, 0, 0
153000, 4186091, 0, 0, 0
154008, 4169670, 0, 0, 0
155000, 4214242, 0, 0, 0
156000, 4160860, 0, 0, 0
157009, 4141493, 0, 0, 0
158000, 4163300, 0, 0, 0
159003, 4178566, 0, 0, 0
160007, 4228359, 0, 0, 0
161002, 4164721, 0, 0, 0
162005, 4188216, 0, 0, 0
163000, 4244405, 0, 0, 0
164003, 4103002, 0, 0, 0
165000, 4256917, 0, 0, 0
166007, 4146561, 0, 0, 0
167000, 4136730, 0, 0, 0
168000, 4233841, 0, 0, 0
169012, 4078179, 0, 0, 0
170006, 4239467, 0, 0, 0
171003, 4157159, 0, 0, 0
172002, 4155358, 0, 0, 0
173000, 4163912, 0, 0, 0
174008, 4157709, 0, 0, 0
175002, 4221200, 0, 0, 0
176001, 4166745, 0, 0, 0
177000, 4178235, 0, 0, 0
178006, 4200254, 0, 0, 0
179000, 4175938, 0, 0, 0
180000, 4232376, 0, 0, 0
180002, 5239159, 0, 0, 0
