1001, 153146, 0, 0, 0
2034, 609238, 0, 0, 0
3046, 486729, 0, 0, 0
4000, 355003, 0, 0, 0
5000, 6070, 0, 0, 0
6002, 2488, 0, 0, 0
7000, 2388, 0, 0, 0
8000, 2396, 0, 0, 0
9000, 2449, 0, 0, 0
10000, 2933, 0, 0, 0
11040, 106044, 0, 0, 0
12035, 126034, 0, 0, 0
13000, 516906, 0, 0, 0
14000, 326011, 0, 0, 0
15048, 119493, 0, 0, 0
16001, 429647, 0, 0, 0
17006, 339649, 0, 0, 0
18047, 669306, 0, 0, 0
19001, 563258, 0, 0, 0
20032, 239872, 0, 0, 0
21000, 279146, 0, 0, 0
22002, 167470, 0, 0, 0
23002, 236111, 0, 0, 0
24046, 669528, 0, 0, 0
25000, 438628, 0, 0, 0
26046, 497328, 0, 0, 0
27001, 696612, 0, 0, 0
28001, 448567, 0, 0, 0
29000, 209782, 0, 0, 0
30000, 712209, 0, 0, 0
31000, 371450, 0, 0, 0
32000, 313419, 0, 0, 0
33042, 855199, 0, 0, 0
34000, 723788, 0, 0, 0
35036, 373972, 0, 0, 0
36001, 266997, 0, 0, 0
37049, 528846, 0, 0, 0
38000, 666310, 0, 0, 0
39000, 824081, 0, 0, 0
40034, 976593, 0, 0, 0
41041, 1217636, 0, 0, 0
42000, 808788, 0, 0, 0
43000, 1631180, 0, 0, 0
44002, 1647876, 0, 0, 0
45000, 1849252, 0, 0, 0
46033, 1507779, 0, 0, 0
47000, 1405361, 0, 0, 0
48000, 1502455, 0, 0, 0
49000, 825440, 0, 0, 0
50001, 1136107, 0, 0, 0
51003, 1097569, 0, 0, 0
52000, 666777, 0, 0, 0
53000, 82818, 0, 0, 0
54034, 13126, 0, 0, 0
55000, 996544, 0, 0, 0
56000, 882967, 0, 0, 0
57033, 693992, 0, 0, 0
58044, 1556384, 0, 0, 0
59001, 1387663, 0, 0, 0
60032, 1819030, 0, 0, 0
61002, 1608684, 0, 0, 0
62000, 555426, 0, 0, 0
63049, 1290669, 0, 0, 0
64001, 1581505, 0, 0, 0
65034, 2420163, 0, 0, 0
66000, 1581951, 0, 0, 0
67000, 332615, 0, 0, 0
68000, 996026, 0, 0, 0
69045, 2071210, 0, 0, 0
70000, 1040470, 0, 0, 0
71039, 1195523, 0, 0, 0
72000, 687535, 0, 0, 0
73000, 731142, 0, 0, 0
74049, 300819, 0, 0, 0
75000, 506341, 0, 0, 0
76036, 282361, 0, 0, 0
77046, 325769, 0, 0, 0
78003, 268138, 0, 0, 0
79049, 537361, 0, 0, 0
80000, 75136, 0, 0, 0
81003, 309299, 0, 0, 0
82032, 632148, 0, 0, 0
83000, 136840, 0, 0, 0
84000, 426924, 0, 0, 0
85002, 967553, 0, 0, 0
86000, 1019163, 0, 0, 0
87038, 802853, 0, 0, 0
88043, 508730, 0, 0, 0
89000, 677864, 0, 0, 0
90000, 633549, 0, 0, 0
91042, 675641, 0, 0, 0
92000, 607684, 0, 0, 0
93000, 912602, 0, 0, 0
94048, 13848, 0, 0, 0
95000, 473313, 0, 0, 0
96035, 472753, 0, 0, 0
97002, 627882, 0, 0, 0
98000, 822786, 0, 0, 0
99046, 343744, 0, 0, 0
100002, 939602, 0, 0, 0
101036, 1123230, 0, 0, 0
102047, 522387, 0, 0, 0
103041, 1059812, 0, 0, 0
104000, 790717, 0, 0, 0
105036, 961736, 0, 0, 0
106000, 754107, 0, 0, 0
107032, 822371, 0, 0, 0
108043, 1259710, 0, 0, 0
109000, 999511, 0, 0, 0
110045, 1082372, 0, 0, 0
111037, 1537874, 0, 0, 0
112000, 1455378, 0, 0, 0
113003, 1834124, 0, 0, 0
114000, 1512421, 0, 0, 0
115001, 978025, 0, 0, 0
116040, 1054498, 0, 0, 0
117000, 948801, 0, 0, 0
118001, 1140313, 0, 0, 0
119038, 1766696, 0, 0, 0
120045, 1728716, 0, 0, 0
121001, 1251969, 0, 0, 0
122032, 1704955, 0, 0, 0
123040, 1960547, 0, 0, 0
124000, 1529846, 0, 0, 0
125001, 10837, 0, 0, 0
126008, 21511, 0, 0, 0
127047, 9891, 0, 0, 0
128000, 24886, 0, 0, 0
129035, 218241, 0, 0, 0
130049, 641535, 0, 0, 0
131002, 519638, 0, 0, 0
132033, 1325247, 0, 0, 0
133049, 1544492, 0, 0, 0
134040, 1045156, 0, 0, 0
135037, 401280, 0, 0, 0
136042, 47027, 0, 0, 0
137043, 486212, 0, 0, 0
138000, 681649, 0, 0, 0
139035, 397305, 0, 0, 0
140001, 614788, 0, 0, 0
141035, 618796, 0, 0, 0
142000, 657776, 0, 0, 0
143001, 229060, 0, 0, 0
144034, 365733, 0, 0, 0
145036, 652280, 0, 0, 0
146002, 846155, 0, 0, 0
147005, 964472, 0, 0, 0
148038, 506269, 0, 0, 0
149003, 645451, 0, 0, 0
150043, 710360, 0, 0, 0
151000, 1270091, 0, 0, 0
152053, 752997, 0, 0, 0
153000, 621636, 0, 0, 0
154036, 445642, 0, 0, 0
155000, 763031, 0, 0, 0
156000, 897275, 0, 0, 0
157035, 704513, 0, 0, 0
158000, 1083657, 0, 0, 0
159001, 1099697, 0, 0, 0
160033, 1240104, 0, 0, 0
161001, 1263225, 0, 0, 0
162032, 2021150, 0, 0, 0
163000, 1859376, 0, 0, 0
164001, 980873, 0, 0, 0
165037, 1666801, 0, 0, 0
166045, 1640024, 0, 0, 0
167001, 1377351, 0, 0, 0
168004, 739371, 0, 0, 0
169000, 1807309, 0, 0, 0
170000, 1361574, 0, 0, 0
171001, 1739486, 0, 0, 0
172041, 1675853, 0, 0, 0
173043, 1507333, 0, 0, 0
174001, 1146988, 0, 0, 0
175042, 963948, 0, 0, 0
176001, 1172712, 0, 0, 0
177034, 1774525, 0, 0, 0
178001, 1647425, 0, 0, 0
179036, 2017598, 0, 0, 0
180001, 2239922, 0, 0, 0
