1000, 57956, 0, 0, 0
2000, 58926, 0, 0, 0
3000, 55588, 0, 0, 0
4000, 58202, 0, 0, 0
5000, 58612, 0, 0, 0
6000, 57741, 0, 0, 0
7000, 58528, 0, 0, 0
8000, 58650, 0, 0, 0
9000, 58200, 0, 0, 0
10000, 58814, 0, 0, 0
11000, 58032, 0, 0, 0
12000, 58150, 0, 0, 0
13000, 58636, 0, 0, 0
14000, 58810, 0, 0, 0
15000, 59240, 0, 0, 0
16000, 56612, 0, 0, 0
17000, 56060, 0, 0, 0
18000, 56280, 0, 0, 0
19000, 58320, 0, 0, 0
20000, 58130, 0, 0, 0
21001, 58704, 0, 0, 0
22000, 56012, 0, 0, 0
23001, 57972, 0, 0, 0
24000, 58458, 0, 0, 0
25001, 58704, 0, 0, 0
26000, 58638, 0, 0, 0
27000, 58030, 0, 0, 0
28000, 57788, 0, 0, 0
29000, 58538, 0, 0, 0
30000, 59876, 0, 0, 0
31000, 59119, 0, 0, 0
32000, 59548, 0, 0, 0
33000, 59823, 0, 0, 0
34000, 59336, 0, 0, 0
35000, 59815, 0, 0, 0
36000, 59972, 0, 0, 0
37000, 60148, 0, 0, 0
38001, 60204, 0, 0, 0
39000, 57829, 0, 0, 0
40000, 57956, 0, 0, 0
41000, 57417, 0, 0, 0
42001, 58548, 0, 0, 0
43000, 56740, 0, 0, 0
44000, 58390, 0, 0, 0
45000, 57324, 0, 0, 0
46000, 57241, 0, 0, 0
47000, 57648, 0, 0, 0
48000, 55311, 0, 0, 0
49000, 58462, 0, 0, 0
50000, 59004, 0, 0, 0
51000, 57633, 0, 0, 0
52000, 58860, 0, 0, 0
53000, 60328, 0, 0, 0
54001, 58024, 0, 0, 0
55000, 59211, 0, 0, 0
56000, 58314, 0, 0, 0
57000, 59280, 0, 0, 0
58000, 59527, 0, 0, 0
59000, 59712, 0, 0, 0
60000, 58098, 0, 0, 0
61001, 57024, 0, 0, 0
62000, 57009, 0, 0, 0
63000, 58614, 0, 0, 0
64000, 57560, 0, 0, 0
65000, 57357, 0, 0, 0
66000, 57940, 0, 0, 0
67000, 57957, 0, 0, 0
68000, 58728, 0, 0, 0
69000, 58846, 0, 0, 0
70000, 58236, 0, 0, 0
71000, 57869, 0, 0, 0
72000, 58352, 0, 0, 0
73000, 58862, 0, 0, 0
74000, 58996, 0, 0, 0
75000, 58926, 0, 0, 0
76000, 58492, 0, 0, 0
77000, 56452, 0, 0, 0
78001, 56400, 0, 0, 0
79000, 59231, 0, 0, 0
80001, 60452, 0, 0, 0
81000, 56396, 0, 0, 0
82001, 56472, 0, 0, 0
83000, 57397, 0, 0, 0
84001, 57196, 0, 0, 0
85000, 58202, 0, 0, 0
86001, 57108, 0, 0, 0
87000, 58194, 0, 0, 0
88001, 57524, 0, 0, 0
89000, 58110, 0, 0, 0
90000, 58302, 0, 0, 0
91000, 56664, 0, 0, 0
92000, 58378, 0, 0, 0
93000, 59499, 0, 0, 0
94000, 59016, 0, 0, 0
95000, 58730, 0, 0, 0
96001, 58460, 0, 0, 0
97000, 59087, 0, 0, 0
98001, 58676, 0, 0, 0
99000, 60112, 0, 0, 0
100000, 60576, 0, 0, 0
101000, 59924, 0, 0, 0
102000, 58438, 0, 0, 0
103000, 56356, 0, 0, 0
104000, 59036, 0, 0, 0
105000, 57961, 0, 0, 0
106000, 58580, 0, 0, 0
107000, 59611, 0, 0, 0
108001, 57744, 0, 0, 0
109000, 59203, 0, 0, 0
110000, 60092, 0, 0, 0
111000, 60024, 0, 0, 0
112000, 58878, 0, 0, 0
113001, 60356, 0, 0, 0
114000, 60068, 0, 0, 0
115000, 58962, 0, 0, 0
116000, 59948, 0, 0, 0
117000, 58730, 0, 0, 0
118000, 60944, 0, 0, 0
119000, 59783, 0, 0, 0
120000, 57001, 0, 0, 0
121000, 61368, 0, 0, 0
122000, 60952, 0, 0, 0
123000, 58952, 0, 0, 0
124000, 58194, 0, 0, 0
125000, 59391, 0, 0, 0
126000, 58176, 0, 0, 0
127000, 59559, 0, 0, 0
128000, 60392, 0, 0, 0
129000, 58982, 0, 0, 0
130001, 58740, 0, 0, 0
131000, 59071, 0, 0, 0
132000, 59315, 0, 0, 0
133000, 59284, 0, 0, 0
134000, 59771, 0, 0, 0
135000, 58120, 0, 0, 0
136000, 60516, 0, 0, 0
137000, 57301, 0, 0, 0
138000, 57696, 0, 0, 0
139000, 59375, 0, 0, 0
140001, 60264, 0, 0, 0
141000, 58458, 0, 0, 0
142000, 56036, 0, 0, 0
143000, 59660, 0, 0, 0
144000, 55111, 0, 0, 0
145001, 58144, 0, 0, 0
146000, 51867, 0, 0, 0
147000, 57545, 0, 0, 0
148000, 56832, 0, 0, 0
149000, 59059, 0, 0, 0
150001, 59236, 0, 0, 0
151000, 59119, 0, 0, 0
152000, 58666, 0, 0, 0
153000, 58456, 0, 0, 0
154000, 58978, 0, 0, 0
155000, 57692, 0, 0, 0
156000, 58366, 0, 0, 0
157000, 58510, 0, 0, 0
158000, 58880, 0, 0, 0
159000, 59871, 0, 0, 0
160000, 58928, 0, 0, 0
161000, 59607, 0, 0, 0
162000, 58074, 0, 0, 0
163000, 59808, 0, 0, 0
164000, 60832, 0, 0, 0
165000, 59232, 0, 0, 0
166000, 58246, 0, 0, 0
167000, 59867, 0, 0, 0
168000, 59524, 0, 0, 0
169000, 59683, 0, 0, 0
170001, 60452, 0, 0, 0
171000, 61501, 0, 0, 0
172000, 60976, 0, 0, 0
173000, 62900, 0, 0, 0
174000, 32776, 0, 0, 0
175000, 64600, 0, 0, 0
176000, 61449, 0, 0, 0
177000, 61437, 0, 0, 0
178000, 61628, 0, 0, 0
179000, 60356, 0, 0, 0
