1001, 520, 1, 0, 0
2001, 511, 1, 0, 0
3001, 504, 1, 0, 0
4001, 457, 1, 0, 0
5001, 508, 1, 0, 0
6001, 471, 1, 0, 0
7001, 449, 1, 0, 0
8000, 472, 1, 0, 0
9001, 477, 1, 0, 0
10000, 491, 1, 0, 0
11001, 455, 1, 0, 0
12001, 474, 1, 0, 0
13001, 448, 1, 0, 0
14001, 501, 1, 0, 0
15000, 454, 1, 0, 0
16001, 481, 1, 0, 0
17001, 471, 1, 0, 0
18001, 480, 1, 0, 0
19001, 479, 1, 0, 0
20000, 472, 1, 0, 0
21001, 454, 1, 0, 0
22001, 476, 1, 0, 0
23001, 480, 1, 0, 0
24001, 478, 1, 0, 0
25001, 497, 1, 0, 0
26001, 482, 1, 0, 0
27000, 493, 1, 0, 0
28001, 461, 1, 0, 0
29001, 465, 1, 0, 0
30000, 497, 1, 0, 0
31001, 452, 1, 0, 0
32001, 480, 1, 0, 0
33001, 468, 1, 0, 0
34001, 470, 1, 0, 0
35000, 473, 1, 0, 0
36001, 469, 1, 0, 0
37001, 485, 1, 0, 0
38000, 475, 1, 0, 0
39001, 488, 1, 0, 0
40001, 505, 1, 0, 0
41000, 479, 1, 0, 0
42001, 456, 1, 0, 0
43001, 445, 1, 0, 0
44000, 477, 1, 0, 0
45001, 476, 1, 0, 0
46001, 486, 1, 0, 0
47000, 487, 1, 0, 0
48001, 496, 1, 0, 0
49001, 473, 1, 0, 0
50001, 479, 1, 0, 0
51001, 463, 1, 0, 0
52000, 485, 1, 0, 0
53001, 480, 1, 0, 0
54001, 482, 1, 0, 0
55000, 479, 1, 0, 0
56001, 477, 1, 0, 0
57001, 519, 1, 0, 0
58001, 493, 1, 0, 0
59001, 472, 1, 0, 0
60000, 476, 1, 0, 0
61001, 479, 1, 0, 0
62001, 480, 1, 0, 0
63000, 482, 1, 0, 0
64001, 479, 1, 0, 0
65001, 492, 1, 0, 0
66001, 471, 1, 0, 0
67001, 458, 1, 0, 0
68000, 467, 1, 0, 0
69001, 479, 1, 0, 0
70001, 479, 1, 0, 0
71000, 495, 1, 0, 0
72001, 486, 1, 0, 0
73001, 489, 1, 0, 0
74000, 499, 1, 0, 0
75001, 482, 1, 0, 0
76001, 491, 1, 0, 0
77001, 475, 1, 0, 0
78001, 499, 1, 0, 0
79000, 473, 1, 0, 0
80001, 455, 1, 0, 0
81001, 482, 1, 0, 0
82000, 472, 1, 0, 0
83001, 473, 1, 0, 0
84001, 487, 1, 0, 0
85001, 484, 1, 0, 0
86001, 498, 1, 0, 0
87000, 483, 1, 0, 0
88001, 484, 1, 0, 0
89001, 477, 1, 0, 0
90001, 497, 1, 0, 0
91001, 487, 1, 0, 0
92001, 483, 1, 0, 0
93001, 474, 1, 0, 0
94001, 514, 1, 0, 0
95001, 482, 1, 0, 0
96001, 502, 1, 0, 0
97001, 488, 1, 0, 0
98001, 479, 1, 0, 0
99001, 468, 1, 0, 0
100001, 489, 1, 0, 0
101001, 464, 1, 0, 0
102001, 495, 1, 0, 0
103001, 503, 1, 0, 0
104000, 453, 1, 0, 0
105001, 475, 1, 0, 0
106001, 508, 1, 0, 0
107000, 443, 1, 0, 0
108001, 502, 1, 0, 0
109001, 320, 1, 0, 0
110001, 519, 1, 0, 0
111001, 495, 1, 0, 0
112001, 469, 1, 0, 0
113001, 476, 1, 0, 0
114001, 463, 1, 0, 0
115000, 503, 1, 0, 0
116001, 481, 1, 0, 0
117001, 487, 1, 0, 0
118000, 511, 1, 0, 0
119001, 469, 1, 0, 0
120001, 486, 1, 0, 0
121000, 488, 1, 0, 0
122001, 485, 1, 0, 0
123001, 484, 1, 0, 0
124000, 459, 1, 0, 0
125001, 474, 1, 0, 0
126001, 488, 1, 0, 0
127001, 468, 1, 0, 0
128001, 465, 1, 0, 0
129001, 489, 1, 0, 0
130000, 465, 1, 0, 0
131001, 459, 1, 0, 0
132001, 474, 1, 0, 0
133000, 471, 1, 0, 0
134001, 494, 1, 0, 0
135001, 488, 1, 0, 0
136000, 528, 1, 0, 0
137001, 463, 1, 0, 0
138001, 492, 1, 0, 0
139001, 463, 1, 0, 0
140001, 504, 1, 0, 0
141001, 472, 1, 0, 0
142001, 444, 1, 0, 0
143000, 459, 1, 0, 0
144001, 480, 1, 0, 0
145001, 452, 1, 0, 0
146001, 486, 1, 0, 0
147001, 477, 1, 0, 0
148000, 493, 1, 0, 0
149001, 479, 1, 0, 0
150001, 489, 1, 0, 0
151000, 459, 1, 0, 0
152001, 498, 1, 0, 0
153001, 495, 1, 0, 0
154001, 468, 1, 0, 0
155001, 479, 1, 0, 0
156001, 509, 1, 0, 0
157001, 449, 1, 0, 0
158001, 471, 1, 0, 0
159000, 495, 1, 0, 0
160001, 494, 1, 0, 0
161001, 471, 1, 0, 0
162000, 465, 1, 0, 0
163001, 492, 1, 0, 0
164001, 478, 1, 0, 0
165001, 462, 1, 0, 0
166001, 478, 1, 0, 0
167000, 478, 1, 0, 0
168001, 492, 1, 0, 0
169001, 465, 1, 0, 0
170001, 521, 1, 0, 0
171001, 482, 1, 0, 0
172000, 473, 1, 0, 0
173001, 484, 1, 0, 0
174001, 500, 1, 0, 0
175001, 481, 1, 0, 0
176001, 494, 1, 0, 0
177001, 485, 1, 0, 0
178001, 499, 1, 0, 0
179001, 488, 1, 0, 0
180000, 480, 1, 0, 0
