1032, 2088, 0, 0, 0
2026, 1950, 0, 0, 0
3035, 2011, 0, 0, 0
4029, 2049, 0, 0, 0
5032, 2010, 0, 0, 0
6037, 1980, 0, 0, 0
7028, 2066, 0, 0, 0
8026, 1914, 0, 0, 0
9034, 2011, 0, 0, 0
10028, 1904, 0, 0, 0
11026, 2044, 0, 0, 0
12030, 2103, 0, 0, 0
13029, 1961, 0, 0, 0
14040, 1874, 0, 0, 0
15031, 1892, 0, 0, 0
16028, 1867, 0, 0, 0
17037, 2003, 0, 0, 0
18031, 2043, 0, 0, 0
19026, 1948, 0, 0, 0
20033, 1970, 0, 0, 0
21027, 1988, 0, 0, 0
22000, 1967, 0, 0, 0
23029, 1949, 0, 0, 0
24000, 2054, 0, 0, 0
25024, 2026, 0, 0, 0
26028, 2009, 0, 0, 0
27035, 2034, 0, 0, 0
28025, 1915, 0, 0, 0
29029, 1975, 0, 0, 0
30026, 2014, 0, 0, 0
31031, 2002, 0, 0, 0
32024, 1951, 0, 0, 0
33039, 2017, 0, 0, 0
34025, 1976, 0, 0, 0
35028, 2090, 0, 0, 0
36038, 1905, 0, 0, 0
37028, 1925, 0, 0, 0
38032, 1979, 0, 0, 0
39000, 2037, 0, 0, 0
40030, 1901, 0, 0, 0
41041, 1940, 0, 0, 0
42000, 1939, 0, 0, 0
43028, 1997, 0, 0, 0
44040, 2025, 0, 0, 0
45028, 1916, 0, 0, 0
46029, 1960, 0, 0, 0
47026, 2005, 0, 0, 0
48000, 2001, 0, 0, 0
49029, 2073, 0, 0, 0
50039, 2024, 0, 0, 0
51033, 1946, 0, 0, 0
52024, 1969, 0, 0, 0
53038, 1893, 0, 0, 0
54032, 1983, 0, 0, 0
55026, 2059, 0, 0, 0
56032, 1904, 0, 0, 0
57028, 1921, 0, 0, 0
58038, 2003, 0, 0, 0
59027, 1980, 0, 0, 0
60029, 1858, 0, 0, 0
61027, 1893, 0, 0, 0
62037, 1913, 0, 0, 0
63029, 1877, 0, 0, 0
64028, 1929, 0, 0, 0
65037, 1865, 0, 0, 0
66031, 1970, 0, 0, 0
67025, 1951, 0, 0, 0
68034, 1907, 0, 0, 0
69028, 2009, 0, 0, 0
70027, 1959, 0, 0, 0
71032, 1903, 0, 0, 0
72027, 1876, 0, 0, 0
73029, 1902, 0, 0, 0
74034, 1933, 0, 0, 0
75028, 1893, 0, 0, 0
76000, 1915, 0, 0, 0
77028, 1903, 0, 0, 0
78027, 1917, 0, 0, 0
79000, 1912, 0, 0, 0
80029, 1845, 0, 0, 0
81026, 2030, 0, 0, 0
82034, 1842, 0, 0, 0
83028, 1905, 0, 0, 0
84038, 1942, 0, 0, 0
85033, 1910, 0, 0, 0
86026, 2109, 0, 0, 0
87036, 1906, 0, 0, 0
88029, 1972, 0, 0, 0
89040, 1925, 0, 0, 0
90031, 1929, 0, 0, 0
91028, 1973, 0, 0, 0
92026, 1994, 0, 0, 0
93036, 1920, 0, 0, 0
94029, 1969, 0, 0, 0
95037, 1895, 0, 0, 0
96029, 1992, 0, 0, 0
97039, 1977, 0, 0, 0
98035, 2039, 0, 0, 0
99029, 1959, 0, 0, 0
100040, 1925, 0, 0, 0
101036, 1996, 0, 0, 0
102003, 2052, 0, 0, 0
103026, 2021, 0, 0, 0
104000, 2042, 0, 0, 0
105028, 1950, 0, 0, 0
106029, 1979, 0, 0, 0
107026, 1971, 0, 0, 0
108037, 2069, 0, 0, 0
109027, 2021, 0, 0, 0
110034, 2011, 0, 0, 0
111030, 2019, 0, 0, 0
112034, 2008, 0, 0, 0
113000, 1978, 0, 0, 0
114030, 1970, 0, 0, 0
115028, 2068, 0, 0, 0
116028, 2069, 0, 0, 0
117035, 2098, 0, 0, 0
118031, 2049, 0, 0, 0
119024, 1934, 0, 0, 0
120034, 2011, 0, 0, 0
121026, 1999, 0, 0, 0
122033, 2039, 0, 0, 0
123029, 2041, 0, 0, 0
124037, 1993, 0, 0, 0
125030, 1891, 0, 0, 0
126024, 1916, 0, 0, 0
127031, 1930, 0, 0, 0
128025, 1976, 0, 0, 0
129025, 1954, 0, 0, 0
130000, 1998, 0, 0, 0
131025, 1992, 0, 0, 0
132024, 1950, 0, 0, 0
133028, 1891, 0, 0, 0
134028, 1973, 0, 0, 0
135038, 2047, 0, 0, 0
136033, 2076, 0, 0, 0
137026, 1972, 0, 0, 0
138031, 2027, 0, 0, 0
139026, 2039, 0, 0, 0
140031, 1941, 0, 0, 0
141000, 2073, 0, 0, 0
142029, 1897, 0, 0, 0
143025, 1983, 0, 0, 0
144031, 1992, 0, 0, 0
145028, 1918, 0, 0, 0
146038, 1922, 0, 0, 0
147032, 1981, 0, 0, 0
148027, 1984, 0, 0, 0
149031, 1945, 0, 0, 0
150035, 1968, 0, 0, 0
151026, 2032, 0, 0, 0
152039, 1879, 0, 0, 0
153024, 1901, 0, 0, 0
154028, 2000, 0, 0, 0
155040, 1978, 0, 0, 0
156029, 2040, 0, 0, 0
157029, 2033, 0, 0, 0
158027, 2019, 0, 0, 0
159035, 2071, 0, 0, 0
160029, 1903, 0, 0, 0
161025, 2135, 0, 0, 0
162004, 2087, 0, 0, 0
163027, 1921, 0, 0, 0
164040, 1955, 0, 0, 0
165000, 1930, 0, 0, 0
166027, 1965, 0, 0, 0
167033, 1899, 0, 0, 0
168004, 1984, 0, 0, 0
169030, 1978, 0, 0, 0
170027, 1895, 0, 0, 0
171036, 1954, 0, 0, 0
172031, 1918, 0, 0, 0
173025, 1902, 0, 0, 0
174000, 2163, 0, 0, 0
175028, 1920, 0, 0, 0
176031, 2047, 0, 0, 0
177024, 1941, 0, 0, 0
178028, 2040, 0, 0, 0
179000, 1937, 0, 0, 0
180034, 2096, 0, 0, 0
