1026, 14561581, 1, 0, 0
2018, 16844398, 1, 0, 0
3021, 16669863, 1, 0, 0
4024, 16835404, 1, 0, 0
5020, 16796019, 1, 0, 0
6019, 16825632, 1, 0, 0
7019, 16766164, 1, 0, 0
8015, 16733518, 1, 0, 0
9001, 16877336, 1, 0, 0
10004, 16610647, 1, 0, 0
11017, 16379977, 1, 0, 0
12001, 17078269, 1, 0, 0
13000, 16704894, 1, 0, 0
14019, 16491397, 1, 0, 0
15029, 16847904, 1, 0, 0
16000, 16967508, 1, 0, 0
17016, 16809028, 1, 0, 0
18028, 16899468, 1, 0, 0
19021, 16811217, 1, 0, 0
20029, 16696655, 1, 0, 0
21024, 16728793, 1, 0, 0
22016, 16572466, 1, 0, 0
23001, 17116673, 1, 0, 0
24019, 16459913, 1, 0, 0
25015, 16893814, 1, 0, 0
26017, 16665893, 1, 0, 0
27019, 16502228, 1, 0, 0
28025, 16401326, 1, 0, 0
29018, 16728555, 1, 0, 0
30017, 16723057, 1, 0, 0
31000, 16421659, 1, 0, 0
32021, 16639114, 1, 0, 0
33000, 17235854, 1, 0, 0
34016, 16014979, 1, 0, 0
35030, 16440938, 1, 0, 0
36000, 16748383, 1, 0, 0
37014, 16457170, 1, 0, 0
38023, 16454381, 1, 0, 0
39017, 16812935, 1, 0, 0
40000, 16648237, 1, 0, 0
41015, 16705266, 1, 0, 0
42002, 16463053, 1, 0, 0
43028, 16556764, 1, 0, 0
44000, 17009183, 1, 0, 0
45015, 16538607, 1, 0, 0
46026, 16646676, 1, 0, 0
47017, 16637738, 1, 0, 0
48029, 16840483, 1, 0, 0
49019, 16741286, 1, 0, 0
50020, 16556606, 1, 0, 0
51000, 16721468, 1, 0, 0
52015, 16450311, 1, 0, 0
53023, 16714218, 1, 0, 0
54019, 16904261, 1, 0, 0
55027, 16851764, 1, 0, 0
56000, 16932359, 1, 0, 0
57033, 16767509, 1, 0, 0
58023, 17105665, 1, 0, 0
59016, 16306441, 1, 0, 0
60028, 16376171, 1, 0, 0
61001, 16705670, 1, 0, 0
62029, 16632776, 1, 0, 0
63020, 16829642, 1, 0, 0
64017, 16885367, 1, 0, 0
65000, 16766671, 1, 0, 0
66018, 16482058, 1, 0, 0
67028, 16884989, 1, 0, 0
68001, 17952067, 1, 0, 0
69016, 16537466, 1, 0, 0
70027, 16444878, 1, 0, 0
71025, 16739486, 1, 0, 0
72000, 17043513, 1, 0, 0
73018, 16525062, 1, 0, 0
74023, 16844953, 1, 0, 0
75002, 16549450, 1, 0, 0
76014, 16654008, 1, 0, 0
77000, 17162075, 1, 0, 0
78002, 16528599, 1, 0, 0
79015, 16673135, 1, 0, 0
80023, 16570432, 1, 0, 0
81016, 16533974, 1, 0, 0
82000, 17269865, 1, 0, 0
83018, 16503746, 1, 0, 0
84000, 16720311, 1, 0, 0
85020, 16508055, 1, 0, 0
86029, 16575616, 1, 0, 0
87021, 16811914, 1, 0, 0
88013, 16721475, 1, 0, 0
89000, 16550241, 1, 0, 0
90022, 16349899, 1, 0, 0
91025, 16470251, 1, 0, 0
92000, 16658599, 1, 0, 0
93015, 16415299, 1, 0, 0
94000, 16700806, 1, 0, 0
95021, 16598634, 1, 0, 0
96028, 16879601, 1, 0, 0
97001, 16919532, 1, 0, 0
98029, 16548867, 1, 0, 0
99021, 16821713, 1, 0, 0
100015, 16791335, 1, 0, 0
101000, 16962223, 1, 0, 0
102021, 16608178, 1, 0, 0
103014, 16702312, 1, 0, 0
104018, 16845952, 1, 0, 0
105016, 16748825, 1, 0, 0
106014, 16469741, 1, 0, 0
107000, 16797829, 1, 0, 0
108018, 16750248, 1, 0, 0
109029, 16568428, 1, 0, 0
110015, 16524549, 1, 0, 0
111015, 16657747, 1, 0, 0
112000, 17208827, 1, 0, 0
113018, 16476537, 1, 0, 0
114030, 16686896, 1, 0, 0
115021, 16862386, 1, 0, 0
116029, 16554736, 1, 0, 0
117017, 17003153, 1, 0, 0
118015, 16387358, 1, 0, 0
119024, 16370290, 1, 0, 0
120017, 16598426, 1, 0, 0
121030, 16676116, 1, 0, 0
122000, 16871147, 1, 0, 0
123018, 16718705, 1, 0, 0
124021, 16513175, 1, 0, 0
125000, 17127216, 1, 0, 0
126016, 16783159, 1, 0, 0
127000, 17017658, 1, 0, 0
128021, 16661554, 1, 0, 0
129002, 16873653, 1, 0, 0
130017, 16688751, 1, 0, 0
131000, 16983218, 1, 0, 0
132016, 16667920, 1, 0, 0
133017, 16252845, 1, 0, 0
134001, 16911473, 1, 0, 0
135000, 19663813, 1, 0, 0
136002, 16562219, 1, 0, 0
137028, 16519094, 1, 0, 0
138015, 16836270, 1, 0, 0
139018, 16573092, 1, 0, 0
140000, 16793741, 1, 0, 0
141020, 16429278, 1, 0, 0
142028, 16522979, 1, 0, 0
143000, 16831492, 1, 0, 0
144015, 16514807, 1, 0, 0
145000, 16845700, 1, 0, 0
146017, 16793546, 1, 0, 0
147015, 16761036, 1, 0, 0
148000, 16967239, 1, 0, 0
149023, 16786659, 1, 0, 0
150000, 17078906, 1, 0, 0
151018, 16602613, 1, 0, 0
152013, 16690989, 1, 0, 0
153025, 16880103, 1, 0, 0
154017, 16802906, 1, 0, 0
155014, 16601262, 1, 0, 0
156025, 16542845, 1, 0, 0
157017, 16855514, 1, 0, 0
158027, 16541392, 1, 0, 0
159000, 16816834, 1, 0, 0
160029, 16069371, 1, 0, 0
161023, 16863267, 1, 0, 0
162016, 16948139, 1, 0, 0
163018, 16771022, 1, 0, 0
164020, 16690509, 1, 0, 0
165015, 16528193, 1, 0, 0
166017, 17094996, 1, 0, 0
167002, 16891700, 1, 0, 0
168025, 16583274, 1, 0, 0
169000, 16994947, 1, 0, 0
170029, 16663426, 1, 0, 0
171023, 16888156, 1, 0, 0
172014, 16394596, 1, 0, 0
173001, 17804760, 1, 0, 0
174017, 16761639, 1, 0, 0
175026, 16995852, 1, 0, 0
176018, 17005083, 1, 0, 0
177026, 16620302, 1, 0, 0
178020, 17009431, 1, 0, 0
179016, 16510233, 1, 0, 0
180015, 16814286, 1, 0, 0
180025, 37388127, 1, 0, 0
