999, 533, 1, 0, 0
2000, 476, 1, 0, 0
3000, 490, 1, 0, 0
4001, 486, 1, 0, 0
5000, 489, 1, 0, 0
6001, 487, 1, 0, 0
7001, 489, 1, 0, 0
8001, 496, 1, 0, 0
9001, 468, 1, 0, 0
10001, 484, 1, 0, 0
11001, 480, 1, 0, 0
12000, 471, 1, 0, 0
13001, 477, 1, 0, 0
14001, 489, 1, 0, 0
15001, 471, 1, 0, 0
16001, 479, 1, 0, 0
17000, 473, 1, 0, 0
18001, 496, 1, 0, 0
19001, 473, 1, 0, 0
20001, 451, 1, 0, 0
21001, 474, 1, 0, 0
22000, 467, 1, 0, 0
23001, 456, 1, 0, 0
24000, 490, 1, 0, 0
25001, 484, 1, 0, 0
26001, 495, 1, 0, 0
27000, 487, 1, 0, 0
28001, 489, 1, 0, 0
29001, 469, 1, 0, 0
30000, 459, 1, 0, 0
31001, 479, 1, 0, 0
32001, 488, 1, 0, 0
33001, 454, 1, 0, 0
34001, 487, 1, 0, 0
35000, 478, 1, 0, 0
36001, 469, 1, 0, 0
37001, 482, 1, 0, 0
38000, 468, 1, 0, 0
39001, 479, 1, 0, 0
40001, 471, 1, 0, 0
41000, 472, 1, 0, 0
42001, 482, 1, 0, 0
43001, 470, 1, 0, 0
44000, 494, 1, 0, 0
45001, 482, 1, 0, 0
46001, 483, 1, 0, 0
47000, 506, 1, 0, 0
48000, 478, 1, 0, 0
49001, 442, 1, 0, 0
50001, 522, 1, 0, 0
51001, 491, 1, 0, 0
52001, 490, 1, 0, 0
53000, 482, 1, 0, 0
54001, 475, 1, 0, 0
55001, 519, 1, 0, 0
56001, 474, 1, 0, 0
57001, 470, 1, 0, 0
58000, 489, 1, 0, 0
59001, 468, 1, 0, 0
60001, 464, 1, 0, 0
61001, 482, 1, 0, 0
62001, 480, 1, 0, 0
63000, 481, 1, 0, 0
64001, 467, 1, 0, 0
65001, 462, 1, 0, 0
66000, 465, 1, 0, 0
67001, 496, 1, 0, 0
68000, 486, 1, 0, 0
69001, 499, 1, 0, 0
70001, 471, 1, 0, 0
71000, 466, 1, 0, 0
72001, 504, 1, 0, 0
73001, 482, 1, 0, 0
74000, 460, 1, 0, 0
75001, 493, 1, 0, 0
76000, 478, 1, 0, 0
77001, 487, 1, 0, 0
78000, 484, 1, 0, 0
79001, 502, 1, 0, 0
80001, 457, 1, 0, 0
81000, 493, 1, 0, 0
82001, 488, 1, 0, 0
83000, 459, 1, 0, 0
84001, 453, 1, 0, 0
85001, 493, 1, 0, 0
86001, 452, 1, 0, 0
87001, 462, 1, 0, 0
88000, 473, 1, 0, 0
89001, 473, 1, 0, 0
90001, 480, 1, 0, 0
91001, 478, 1, 0, 0
92001, 484, 1, 0, 0
93000, 480, 1, 0, 0
94001, 472, 1, 0, 0
95001, 480, 1, 0, 0
96001, 488, 1, 0, 0
97001, 473, 1, 0, 0
98000, 454, 1, 0, 0
99001, 501, 1, 0, 0
100001, 476, 1, 0, 0
101001, 473, 1, 0, 0
102001, 470, 1, 0, 0
103000, 471, 1, 0, 0
104001, 466, 1, 0, 0
105000, 473, 1, 0, 0
106001, 467, 1, 0, 0
107001, 477, 1, 0, 0
108000, 480, 1, 0, 0
109001, 455, 1, 0, 0
110000, 484, 1, 0, 0
111001, 472, 1, 0, 0
112000, 475, 1, 0, 0
113001, 479, 1, 0, 0
114001, 473, 1, 0, 0
115000, 484, 1, 0, 0
116001, 497, 1, 0, 0
117000, 469, 1, 0, 0
118001, 480, 1, 0, 0
119000, 476, 1, 0, 0
120001, 478, 1, 0, 0
121001, 477, 1, 0, 0
122000, 464, 1, 0, 0
123001, 483, 1, 0, 0
124000, 467, 1, 0, 0
125001, 480, 1, 0, 0
126001, 476, 1, 0, 0
127001, 498, 1, 0, 0
128001, 472, 1, 0, 0
129000, 472, 1, 0, 0
130001, 496, 1, 0, 0
131001, 485, 1, 0, 0
132001, 460, 1, 0, 0
133001, 461, 1, 0, 0
134000, 500, 1, 0, 0
135001, 480, 1, 0, 0
136001, 491, 1, 0, 0
137001, 476, 1, 0, 0
138001, 479, 1, 0, 0
139000, 494, 1, 0, 0
140001, 467, 1, 0, 0
141000, 494, 1, 0, 0
142001, 498, 1, 0, 0
143001, 485, 1, 0, 0
144000, 469, 1, 0, 0
145001, 466, 1, 0, 0
146001, 477, 1, 0, 0
147001, 439, 1, 0, 0
148001, 491, 1, 0, 0
149000, 488, 1, 0, 0
150001, 455, 1, 0, 0
151000, 488, 1, 0, 0
152001, 484, 1, 0, 0
153001, 472, 1, 0, 0
154000, 453, 1, 0, 0
155001, 464, 1, 0, 0
156000, 493, 1, 0, 0
157001, 482, 1, 0, 0
158001, 493, 1, 0, 0
159001, 482, 1, 0, 0
160001, 462, 1, 0, 0
161000, 488, 1, 0, 0
162001, 478, 1, 0, 0
163001, 472, 1, 0, 0
164001, 474, 1, 0, 0
165001, 495, 1, 0, 0
166000, 478, 1, 0, 0
167001, 478, 1, 0, 0
168000, 496, 1, 0, 0
169001, 500, 1, 0, 0
170001, 466, 1, 0, 0
171000, 494, 1, 0, 0
172001, 423, 1, 0, 0
173001, 471, 1, 0, 0
174000, 499, 1, 0, 0
175001, 486, 1, 0, 0
176000, 472, 1, 0, 0
177001, 495, 1, 0, 0
178001, 492, 1, 0, 0
179000, 473, 1, 0, 0
180001, 466, 1, 0, 0
