1012, 2086, 0, 0, 0
2011, 2076, 0, 0, 0
3019, 2083, 0, 0, 0
4012, 2145, 0, 0, 0
5006, 2027, 0, 0, 0
6017, 2067, 0, 0, 0
7010, 2097, 0, 0, 0
8005, 2022, 0, 0, 0
9011, 2034, 0, 0, 0
10010, 2099, 0, 0, 0
11005, 1974, 0, 0, 0
12005, 2074, 0, 0, 0
13007, 2149, 0, 0, 0
14014, 2115, 0, 0, 0
15010, 2081, 0, 0, 0
16007, 2125, 0, 0, 0
17018, 2094, 0, 0, 0
18015, 1984, 0, 0, 0
19009, 1968, 0, 0, 0
20019, 2014, 0, 0, 0
21009, 2022, 0, 0, 0
22005, 2110, 0, 0, 0
23009, 2099, 0, 0, 0
24006, 1994, 0, 0, 0
25017, 2072, 0, 0, 0
26009, 2167, 0, 0, 0
27005, 2004, 0, 0, 0
28010, 1981, 0, 0, 0
29005, 1911, 0, 0, 0
30014, 1866, 0, 0, 0
31006, 1952, 0, 0, 0
32018, 1883, 0, 0, 0
33007, 1868, 0, 0, 0
34010, 1971, 0, 0, 0
35004, 1864, 0, 0, 0
36012, 1894, 0, 0, 0
37009, 1841, 0, 0, 0
38018, 1772, 0, 0, 0
39015, 1919, 0, 0, 0
40008, 1757, 0, 0, 0
41010, 1880, 0, 0, 0
42012, 1865, 0, 0, 0
43004, 1851, 0, 0, 0
44007, 1905, 0, 0, 0
45018, 1876, 0, 0, 0
46011, 1905, 0, 0, 0
47007, 1943, 0, 0, 0
48007, 1779, 0, 0, 0
49012, 1779, 0, 0, 0
50007, 1846, 0, 0, 0
51011, 1936, 0, 0, 0
52006, 1788, 0, 0, 0
53005, 1842, 0, 0, 0
54004, 1868, 0, 0, 0
55007, 2014, 0, 0, 0
56005, 1826, 0, 0, 0
57011, 1852, 0, 0, 0
58008, 1855, 0, 0, 0
59018, 1868, 0, 0, 0
60013, 1896, 0, 0, 0
61007, 1950, 0, 0, 0
62019, 1843, 0, 0, 0
63013, 1862, 0, 0, 0
64007, 1900, 0, 0, 0
65017, 1857, 0, 0, 0
66011, 1909, 0, 0, 0
67005, 1891, 0, 0, 0
68008, 1869, 0, 0, 0
69011, 1822, 0, 0, 0
70004, 1859, 0, 0, 0
71004, 1895, 0, 0, 0
72006, 1885, 0, 0, 0
73006, 1907, 0, 0, 0
74016, 1861, 0, 0, 0
75007, 1888, 0, 0, 0
76005, 1887, 0, 0, 0
77017, 1957, 0, 0, 0
78006, 1782, 0, 0, 0
79007, 1827, 0, 0, 0
80012, 1993, 0, 0, 0
81012, 1932, 0, 0, 0
82006, 1862, 0, 0, 0
83019, 1929, 0, 0, 0
84010, 1883, 0, 0, 0
85013, 1844, 0, 0, 0
86006, 1853, 0, 0, 0
87008, 2086, 0, 0, 0
88005, 2096, 0, 0, 0
89015, 1996, 0, 0, 0
90012, 1895, 0, 0, 0
91007, 1893, 0, 0, 0
92017, 1945, 0, 0, 0
93010, 1983, 0, 0, 0
94018, 1964, 0, 0, 0
95009, 1891, 0, 0, 0
96005, 1949, 0, 0, 0
97013, 1962, 0, 0, 0
98005, 1804, 0, 0, 0
99016, 1790, 0, 0, 0
100010, 1813, 0, 0, 0
101005, 1853, 0, 0, 0
102010, 1906, 0, 0, 0
103010, 1866, 0, 0, 0
104005, 1820, 0, 0, 0
105009, 1757, 0, 0, 0
106010, 1860, 0, 0, 0
107005, 1786, 0, 0, 0
108016, 1814, 0, 0, 0
109006, 1835, 0, 0, 0
110005, 1840, 0, 0, 0
111007, 1818, 0, 0, 0
112019, 1815, 0, 0, 0
113015, 1773, 0, 0, 0
114009, 1761, 0, 0, 0
115005, 1842, 0, 0, 0
116009, 1757, 0, 0, 0
117009, 1967, 0, 0, 0
118005, 1855, 0, 0, 0
119013, 1887, 0, 0, 0
120010, 1842, 0, 0, 0
121019, 1755, 0, 0, 0
122012, 1890, 0, 0, 0
123009, 1965, 0, 0, 0
124017, 1957, 0, 0, 0
125011, 2010, 0, 0, 0
126005, 1974, 0, 0, 0
127014, 2026, 0, 0, 0
128009, 1974, 0, 0, 0
129004, 2009, 0, 0, 0
130013, 2016, 0, 0, 0
131009, 2007, 0, 0, 0
132018, 1850, 0, 0, 0
133011, 1868, 0, 0, 0
134007, 1838, 0, 0, 0
135016, 1945, 0, 0, 0
136009, 1888, 0, 0, 0
137004, 1859, 0, 0, 0
138016, 1909, 0, 0, 0
139011, 1861, 0, 0, 0
140004, 1778, 0, 0, 0
141012, 1769, 0, 0, 0
142007, 1915, 0, 0, 0
143014, 1845, 0, 0, 0
144013, 1757, 0, 0, 0
145008, 1825, 0, 0, 0
146006, 1858, 0, 0, 0
147012, 1909, 0, 0, 0
148007, 1925, 0, 0, 0
149017, 1979, 0, 0, 0
150004, 1891, 0, 0, 0
151005, 1895, 0, 0, 0
152013, 1900, 0, 0, 0
153006, 1938, 0, 0, 0
154012, 1861, 0, 0, 0
155007, 1801, 0, 0, 0
156005, 1933, 0, 0, 0
157014, 1879, 0, 0, 0
158009, 1919, 0, 0, 0
159014, 1864, 0, 0, 0
160012, 1908, 0, 0, 0
161008, 1906, 0, 0, 0
162004, 1937, 0, 0, 0
163009, 1835, 0, 0, 0
164007, 1863, 0, 0, 0
165015, 1923, 0, 0, 0
166010, 1922, 0, 0, 0
167020, 1923, 0, 0, 0
168014, 1958, 0, 0, 0
169007, 1978, 0, 0, 0
170014, 1884, 0, 0, 0
171007, 1954, 0, 0, 0
172012, 1941, 0, 0, 0
173005, 1968, 0, 0, 0
174006, 2031, 0, 0, 0
175015, 2075, 0, 0, 0
176008, 2145, 0, 0, 0
177006, 2047, 0, 0, 0
178013, 1991, 0, 0, 0
179006, 2079, 0, 0, 0
180012, 1982, 0, 0, 0
