1007, 15000377, 0, 0, 0
2008, 16540776, 0, 0, 0
3008, 16771909, 0, 0, 0
4019, 16624696, 0, 0, 0
5012, 16925310, 0, 0, 0
6021, 16486227, 0, 0, 0
7017, 16936295, 0, 0, 0
8013, 16581825, 0, 0, 0
9009, 16759955, 0, 0, 0
10018, 16610390, 0, 0, 0
11013, 16695067, 0, 0, 0
12005, 16911604, 0, 0, 0
13006, 16565835, 0, 0, 0
14019, 16705266, 0, 0, 0
15013, 16956284, 0, 0, 0
16019, 16574935, 0, 0, 0
17012, 17006353, 0, 0, 0
18008, 16192164, 0, 0, 0
19013, 16836001, 0, 0, 0
20009, 16474762, 0, 0, 0
21006, 16709664, 0, 0, 0
22015, 16916980, 0, 0, 0
23009, 16678899, 0, 0, 0
24019, 16620318, 0, 0, 0
25008, 16758496, 0, 0, 0
26007, 16620159, 0, 0, 0
27018, 16617054, 0, 0, 0
28014, 16892070, 0, 0, 0
29009, 16680627, 0, 0, 0
30001, 17005754, 0, 0, 0
31010, 16640765, 0, 0, 0
32005, 16525242, 0, 0, 0
33014, 16894355, 0, 0, 0
34008, 16564206, 0, 0, 0
35019, 16630512, 0, 0, 0
36014, 16917889, 0, 0, 0
37004, 16556463, 0, 0, 0
38019, 16874478, 0, 0, 0
39014, 17008740, 0, 0, 0
40010, 16444986, 0, 0, 0
41012, 16710088, 0, 0, 0
42007, 16953585, 0, 0, 0
43007, 16727399, 0, 0, 0
44020, 16998444, 0, 0, 0
45014, 16876405, 0, 0, 0
46007, 16466951, 0, 0, 0
47009, 16445006, 0, 0, 0
48012, 16794720, 0, 0, 0
49006, 16776876, 0, 0, 0
50014, 16620306, 0, 0, 0
51011, 16783058, 0, 0, 0
52020, 16670527, 0, 0, 0
53015, 16851224, 0, 0, 0
54010, 16631707, 0, 0, 0
55006, 16695297, 0, 0, 0
56013, 16807295, 0, 0, 0
57007, 16579941, 0, 0, 0
58016, 16971096, 0, 0, 0
59010, 16719489, 0, 0, 0
60019, 16597687, 0, 0, 0
61013, 16866922, 0, 0, 0
62007, 16652826, 0, 0, 0
63018, 16790546, 0, 0, 0
64013, 16673738, 0, 0, 0
65008, 16716839, 0, 0, 0
66019, 16571244, 0, 0, 0
67011, 16879888, 0, 0, 0
68009, 16642642, 0, 0, 0
69010, 16647669, 0, 0, 0
70013, 17012970, 0, 0, 0
71009, 16597873, 0, 0, 0
72019, 16768727, 0, 0, 0
73015, 16811480, 0, 0, 0
74010, 16696718, 0, 0, 0
75020, 16570220, 0, 0, 0
76008, 16512414, 0, 0, 0
77008, 16701570, 0, 0, 0
78007, 16694882, 0, 0, 0
79014, 16792820, 0, 0, 0
80008, 16564409, 0, 0, 0
81006, 16626236, 0, 0, 0
82017, 17025250, 0, 0, 0
83013, 16674511, 0, 0, 0
84007, 16661696, 0, 0, 0
85019, 16830624, 0, 0, 0
86010, 16876740, 0, 0, 0
87018, 16538225, 0, 0, 0
88010, 16756893, 0, 0, 0
89019, 16714133, 0, 0, 0
90013, 16911549, 0, 0, 0
91008, 16564586, 0, 0, 0
92005, 16622928, 0, 0, 0
93014, 16757315, 0, 0, 0
94009, 16777961, 0, 0, 0
95019, 16674737, 0, 0, 0
96016, 16965196, 0, 0, 0
97005, 16694455, 0, 0, 0
98008, 16616960, 0, 0, 0
99014, 16851556, 0, 0, 0
100008, 16687825, 0, 0, 0
101010, 16746558, 0, 0, 0
102015, 16834700, 0, 0, 0
103008, 16566644, 0, 0, 0
104019, 16778280, 0, 0, 0
105014, 16836344, 0, 0, 0
106010, 16695540, 0, 0, 0
107007, 16720848, 0, 0, 0
108017, 16927176, 0, 0, 0
109012, 16778601, 0, 0, 0
110006, 16655295, 0, 0, 0
111007, 16629794, 0, 0, 0
112009, 16832019, 0, 0, 0
113012, 16587985, 0, 0, 0
114010, 16700972, 0, 0, 0
115013, 16688386, 0, 0, 0
116011, 16890017, 0, 0, 0
117019, 16603943, 0, 0, 0
118014, 16972618, 0, 0, 0
119009, 16594867, 0, 0, 0
120020, 16673604, 0, 0, 0
121008, 16363621, 0, 0, 0
122010, 17109644, 0, 0, 0
123005, 16532514, 0, 0, 0
124015, 17023470, 0, 0, 0
125010, 16621763, 0, 0, 0
126004, 16591227, 0, 0, 0
127016, 17434084, 0, 0, 0
128012, 16477790, 0, 0, 0
129007, 16624087, 0, 0, 0
130015, 16912629, 0, 0, 0
131008, 16560397, 0, 0, 0
132016, 16900946, 0, 0, 0
133009, 16600624, 0, 0, 0
134005, 16711693, 0, 0, 0
135014, 16813272, 0, 0, 0
136008, 16775278, 0, 0, 0
137004, 16672452, 0, 0, 0
138009, 16774004, 0, 0, 0
139007, 16916886, 0, 0, 0
140007, 16777115, 0, 0, 0
141012, 16788591, 0, 0, 0
142006, 16682059, 0, 0, 0
143009, 17031077, 0, 0, 0
144010, 16567747, 0, 0, 0
145019, 16384911, 0, 0, 0
146012, 16822266, 0, 0, 0
147006, 16681818, 0, 0, 0
148017, 16812064, 0, 0, 0
149012, 16583696, 0, 0, 0
150009, 16739274, 0, 0, 0
151006, 16672838, 0, 0, 0
152017, 16831354, 0, 0, 0
153010, 16550209, 0, 0, 0
154006, 16719381, 0, 0, 0
155016, 17116530, 0, 0, 0
156012, 16596014, 0, 0, 0
157006, 16661712, 0, 0, 0
158013, 16824609, 0, 0, 0
159011, 16496085, 0, 0, 0
160019, 16805122, 0, 0, 0
161006, 16772231, 0, 0, 0
162006, 16786632, 0, 0, 0
163017, 16947732, 0, 0, 0
164009, 16595409, 0, 0, 0
165012, 16747450, 0, 0, 0
166005, 16700557, 0, 0, 0
167015, 16935070, 0, 0, 0
168009, 16648355, 0, 0, 0
169021, 16716645, 0, 0, 0
170014, 16697572, 0, 0, 0
171006, 16911309, 0, 0, 0
172013, 16978044, 0, 0, 0
173007, 16576961, 0, 0, 0
174016, 16628643, 0, 0, 0
175013, 16971290, 0, 0, 0
176008, 16608047, 0, 0, 0
177013, 16677582, 0, 0, 0
178013, 16928328, 0, 0, 0
179007, 16524600, 0, 0, 0
180020, 16693008, 0, 0, 0
180025, 60746744, 0, 0, 0
