1000, 536, 0, 0, 0
2000, 471, 0, 0, 0
3000, 476, 0, 0, 0
4001, 478, 0, 0, 0
5001, 498, 0, 0, 0
6001, 515, 0, 0, 0
7001, 477, 0, 0, 0
8001, 482, 0, 0, 0
9001, 474, 0, 0, 0
10001, 480, 0, 0, 0
11001, 484, 0, 0, 0
12000, 483, 0, 0, 0
13000, 478, 0, 0, 0
14000, 484, 0, 0, 0
15000, 480, 0, 0, 0
16000, 482, 0, 0, 0
17000, 480, 0, 0, 0
18000, 478, 0, 0, 0
19000, 475, 0, 0, 0
20000, 485, 0, 0, 0
21001, 466, 0, 0, 0
22002, 478, 0, 0, 0
23002, 481, 0, 0, 0
24003, 472, 0, 0, 0
25004, 486, 0, 0, 0
26004, 479, 0, 0, 0
27005, 488, 0, 0, 0
28006, 476, 0, 0, 0
29007, 476, 0, 0, 0
30008, 476, 0, 0, 0
31009, 495, 0, 0, 0
32010, 469, 0, 0, 0
33010, 481, 0, 0, 0
34011, 484, 0, 0, 0
35012, 483, 0, 0, 0
36013, 472, 0, 0, 0
37013, 494, 0, 0, 0
38014, 472, 0, 0, 0
39014, 461, 0, 0, 0
40015, 483, 0, 0, 0
41016, 477, 0, 0, 0
42016, 472, 0, 0, 0
43017, 489, 0, 0, 0
44018, 467, 0, 0, 0
45019, 450, 0, 0, 0
46020, 485, 0, 0, 0
47021, 484, 0, 0, 0
48022, 471, 0, 0, 0
49023, 466, 0, 0, 0
50023, 489, 0, 0, 0
51024, 479, 0, 0, 0
52025, 477, 0, 0, 0
53025, 470, 0, 0, 0
54026, 486, 0, 0, 0
55027, 477, 0, 0, 0
56027, 472, 0, 0, 0
57028, 472, 0, 0, 0
58029, 475, 0, 0, 0
59029, 463, 0, 0, 0
60030, 480, 0, 0, 0
61030, 479, 0, 0, 0
62031, 481, 0, 0, 0
63031, 483, 0, 0, 0
64032, 479, 0, 0, 0
65033, 478, 0, 0, 0
66034, 485, 0, 0, 0
67035, 477, 0, 0, 0
68036, 478, 0, 0, 0
69037, 482, 0, 0, 0
70038, 484, 0, 0, 0
71039, 486, 0, 0, 0
72039, 479, 0, 0, 0
73040, 481, 0, 0, 0
74041, 497, 0, 0, 0
75042, 473, 0, 0, 0
76043, 477, 0, 0, 0
77043, 471, 0, 0, 0
78044, 474, 0, 0, 0
79045, 477, 0, 0, 0
80045, 479, 0, 0, 0
81046, 470, 0, 0, 0
82047, 476, 0, 0, 0
83048, 474, 0, 0, 0
84048, 478, 0, 0, 0
85049, 480, 0, 0, 0
86050, 478, 0, 0, 0
87051, 477, 0, 0, 0
88052, 477, 0, 0, 0
89053, 450, 0, 0, 0
90054, 459, 0, 0, 0
91055, 481, 0, 0, 0
92056, 479, 0, 0, 0
93057, 478, 0, 0, 0
94058, 482, 0, 0, 0
95058, 478, 0, 0, 0
96059, 483, 0, 0, 0
97060, 478, 0, 0, 0
98061, 481, 0, 0, 0
99062, 484, 0, 0, 0
100063, 488, 0, 0, 0
101063, 484, 0, 0, 0
102063, 473, 0, 0, 0
103063, 487, 0, 0, 0
104063, 484, 0, 0, 0
105063, 460, 0, 0, 0
106063, 475, 0, 0, 0
107063, 470, 0, 0, 0
108063, 457, 0, 0, 0
109063, 495, 0, 0, 0
110063, 470, 0, 0, 0
111063, 483, 0, 0, 0
112063, 469, 0, 0, 0
113063, 486, 0, 0, 0
114063, 488, 0, 0, 0
115064, 491, 0, 0, 0
116063, 467, 0, 0, 0
117063, 486, 0, 0, 0
118063, 463, 0, 0, 0
119063, 486, 0, 0, 0
120063, 483, 0, 0, 0
121063, 458, 0, 0, 0
122063, 489, 0, 0, 0
123063, 488, 0, 0, 0
124063, 472, 0, 0, 0
125063, 487, 0, 0, 0
126063, 465, 0, 0, 0
127063, 472, 0, 0, 0
128063, 483, 0, 0, 0
129064, 474, 0, 0, 0
130064, 489, 0, 0, 0
131063, 487, 0, 0, 0
132063, 484, 0, 0, 0
133064, 474, 0, 0, 0
134063, 489, 0, 0, 0
135063, 464, 0, 0, 0
136063, 487, 0, 0, 0
137063, 468, 0, 0, 0
138064, 480, 0, 0, 0
139063, 484, 0, 0, 0
140063, 473, 0, 0, 0
141063, 468, 0, 0, 0
142063, 487, 0, 0, 0
143063, 474, 0, 0, 0
144063, 474, 0, 0, 0
145063, 492, 0, 0, 0
146063, 473, 0, 0, 0
147063, 476, 0, 0, 0
148063, 461, 0, 0, 0
149063, 469, 0, 0, 0
150063, 472, 0, 0, 0
151063, 486, 0, 0, 0
152063, 464, 0, 0, 0
153063, 462, 0, 0, 0
154063, 487, 0, 0, 0
155063, 497, 0, 0, 0
156064, 468, 0, 0, 0
157063, 464, 0, 0, 0
158063, 484, 0, 0, 0
159063, 457, 0, 0, 0
160063, 492, 0, 0, 0
161063, 476, 0, 0, 0
162063, 464, 0, 0, 0
163063, 494, 0, 0, 0
164063, 497, 0, 0, 0
165063, 455, 0, 0, 0
166063, 490, 0, 0, 0
167064, 459, 0, 0, 0
168064, 480, 0, 0, 0
169064, 479, 0, 0, 0
170064, 464, 0, 0, 0
171063, 465, 0, 0, 0
172063, 464, 0, 0, 0
173063, 486, 0, 0, 0
174063, 462, 0, 0, 0
175063, 479, 0, 0, 0
176063, 469, 0, 0, 0
177063, 471, 0, 0, 0
178063, 481, 0, 0, 0
179063, 496, 0, 0, 0
