1019, 1884, 0, 0, 0
2019, 1863, 0, 0, 0
3000, 1750, 0, 0, 0
4017, 1845, 0, 0, 0
5000, 1894, 0, 0, 0
6000, 1820, 0, 0, 0
7019, 1880, 0, 0, 0
8029, 1997, 0, 0, 0
9001, 1948, 0, 0, 0
10016, 1990, 0, 0, 0
11019, 1995, 0, 0, 0
12000, 1992, 0, 0, 0
13018, 2073, 0, 0, 0
14023, 1966, 0, 0, 0
15022, 2020, 0, 0, 0
16018, 2023, 0, 0, 0
17001, 1969, 0, 0, 0
18021, 2053, 0, 0, 0
19017, 2016, 0, 0, 0
20000, 2067, 0, 0, 0
21000, 2025, 0, 0, 0
22000, 1962, 0, 0, 0
23025, 1980, 0, 0, 0
24018, 1996, 0, 0, 0
25016, 1991, 0, 0, 0
26000, 1939, 0, 0, 0
27017, 2048, 0, 0, 0
28021, 1951, 0, 0, 0
29021, 1981, 0, 0, 0
30018, 1946, 0, 0, 0
31000, 1890, 0, 0, 0
32018, 1937, 0, 0, 0
33027, 1986, 0, 0, 0
34021, 2044, 0, 0, 0
35015, 2119, 0, 0, 0
36026, 2047, 0, 0, 0
37016, 2047, 0, 0, 0
38016, 1899, 0, 0, 0
39024, 1792, 0, 0, 0
40019, 1974, 0, 0, 0
41019, 1847, 0, 0, 0
42027, 2042, 0, 0, 0
43021, 1947, 0, 0, 0
44019, 1917, 0, 0, 0
45000, 1932, 0, 0, 0
46015, 1991, 0, 0, 0
47001, 1931, 0, 0, 0
48019, 1915, 0, 0, 0
49029, 1913, 0, 0, 0
50000, 1823, 0, 0, 0
51018, 1972, 0, 0, 0
52015, 1950, 0, 0, 0
53001, 1988, 0, 0, 0
54021, 1963, 0, 0, 0
55016, 1881, 0, 0, 0
56029, 1854, 0, 0, 0
57022, 1835, 0, 0, 0
58016, 1915, 0, 0, 0
59017, 1982, 0, 0, 0
60017, 2001, 0, 0, 0
61024, 2134, 0, 0, 0
62022, 1992, 0, 0, 0
63015, 1941, 0, 0, 0
64015, 1933, 0, 0, 0
65020, 1876, 0, 0, 0
66017, 1997, 0, 0, 0
67000, 1881, 0, 0, 0
68021, 1940, 0, 0, 0
69016, 1951, 0, 0, 0
70000, 1902, 0, 0, 0
71023, 1906, 0, 0, 0
72030, 1963, 0, 0, 0
73021, 1983, 0, 0, 0
74019, 2039, 0, 0, 0
75018, 1884, 0, 0, 0
76003, 1926, 0, 0, 0
77015, 1939, 0, 0, 0
78000, 1874, 0, 0, 0
79020, 2002, 0, 0, 0
80016, 2114, 0, 0, 0
81027, 2018, 0, 0, 0
82022, 2051, 0, 0, 0
83016, 1954, 0, 0, 0
84019, 2034, 0, 0, 0
85017, 1922, 0, 0, 0
86015, 1865, 0, 0, 0
87018, 1939, 0, 0, 0
88029, 1878, 0, 0, 0
89024, 1955, 0, 0, 0
90016, 2046, 0, 0, 0
91019, 1888, 0, 0, 0
92021, 2008, 0, 0, 0
93015, 1993, 0, 0, 0
94019, 2024, 0, 0, 0
95001, 1904, 0, 0, 0
96018, 2067, 0, 0, 0
97020, 2040, 0, 0, 0
98019, 1941, 0, 0, 0
99031, 1947, 0, 0, 0
100021, 2018, 0, 0, 0
101018, 2004, 0, 0, 0
102000, 1937, 0, 0, 0
103020, 2039, 0, 0, 0
104016, 2021, 0, 0, 0
105025, 1968, 0, 0, 0
106001, 1801, 0, 0, 0
107016, 1869, 0, 0, 0
108027, 1911, 0, 0, 0
109017, 1856, 0, 0, 0
110016, 1915, 0, 0, 0
111015, 1946, 0, 0, 0
112000, 1993, 0, 0, 0
113019, 1930, 0, 0, 0
114000, 2039, 0, 0, 0
115018, 1864, 0, 0, 0
116016, 1954, 0, 0, 0
117000, 2002, 0, 0, 0
118015, 1976, 0, 0, 0
119018, 1896, 0, 0, 0
120019, 1963, 0, 0, 0
121017, 1929, 0, 0, 0
122020, 1851, 0, 0, 0
123001, 1949, 0, 0, 0
124017, 1934, 0, 0, 0
125028, 1894, 0, 0, 0
126000, 1788, 0, 0, 0
127019, 1816, 0, 0, 0
128014, 1914, 0, 0, 0
129001, 1909, 0, 0, 0
130018, 1861, 0, 0, 0
131029, 2003, 0, 0, 0
132000, 1928, 0, 0, 0
133021, 2041, 0, 0, 0
134021, 1884, 0, 0, 0
135014, 1935, 0, 0, 0
136018, 1865, 0, 0, 0
137000, 1951, 0, 0, 0
138016, 1906, 0, 0, 0
139020, 1861, 0, 0, 0
140024, 1814, 0, 0, 0
141015, 1915, 0, 0, 0
142028, 1962, 0, 0, 0
143023, 1938, 0, 0, 0
144015, 1914, 0, 0, 0
145001, 1848, 0, 0, 0
146021, 1833, 0, 0, 0
147018, 1823, 0, 0, 0
148028, 1875, 0, 0, 0
149000, 1857, 0, 0, 0
150017, 1725, 0, 0, 0
151000, 1761, 0, 0, 0
152019, 1820, 0, 0, 0
153015, 1863, 0, 0, 0
154026, 1943, 0, 0, 0
155019, 1889, 0, 0, 0
156015, 1898, 0, 0, 0
157027, 2032, 0, 0, 0
158017, 1929, 0, 0, 0
159018, 1874, 0, 0, 0
160023, 1886, 0, 0, 0
161016, 1958, 0, 0, 0
162016, 1941, 0, 0, 0
163021, 1868, 0, 0, 0
164024, 1967, 0, 0, 0
165016, 1895, 0, 0, 0
166028, 2028, 0, 0, 0
167019, 2171, 0, 0, 0
168019, 2031, 0, 0, 0
169015, 1954, 0, 0, 0
170016, 2034, 0, 0, 0
171018, 2145, 0, 0, 0
172017, 2026, 0, 0, 0
173014, 2008, 0, 0, 0
174000, 1984, 0, 0, 0
175018, 2059, 0, 0, 0
176000, 2092, 0, 0, 0
177018, 2004, 0, 0, 0
178018, 2021, 0, 0, 0
179027, 2157, 0, 0, 0
180015, 2000, 0, 0, 0
