1000, 4100, 1, 0, 0
2000, 3807, 1, 0, 0
2999, 3811, 1, 0, 0
4000, 3804, 1, 0, 0
5000, 3927, 1, 0, 0
6000, 3788, 1, 0, 0
7000, 3743, 1, 0, 0
8000, 3852, 1, 0, 0
9000, 3827, 1, 0, 0
10000, 3864, 1, 0, 0
11000, 3687, 1, 0, 0
12000, 3739, 1, 0, 0
13000, 3880, 1, 0, 0
14000, 3875, 1, 0, 0
15000, 3795, 1, 0, 0
16000, 3744, 1, 0, 0
17000, 3839, 1, 0, 0
18000, 3828, 1, 0, 0
19000, 3831, 1, 0, 0
19999, 3891, 1, 0, 0
21000, 3820, 1, 0, 0
21999, 3827, 1, 0, 0
23000, 3832, 1, 0, 0
24000, 3887, 1, 0, 0
25000, 3880, 1, 0, 0
26000, 3815, 1, 0, 0
27000, 3695, 1, 0, 0
28000, 3848, 1, 0, 0
29000, 3891, 1, 0, 0
30000, 3836, 1, 0, 0
31000, 3867, 1, 0, 0
32000, 3932, 1, 0, 0
33000, 3795, 1, 0, 0
33999, 3775, 1, 0, 0
35000, 3904, 1, 0, 0
36000, 3759, 1, 0, 0
37000, 3808, 1, 0, 0
38000, 3899, 1, 0, 0
39000, 3831, 1, 0, 0
40000, 3740, 1, 0, 0
41000, 3883, 1, 0, 0
42000, 3896, 1, 0, 0
43000, 3799, 1, 0, 0
44000, 3864, 1, 0, 0
45000, 3839, 1, 0, 0
46000, 3835, 1, 0, 0
47000, 3948, 1, 0, 0
48000, 3663, 1, 0, 0
49000, 3900, 1, 0, 0
50000, 3863, 1, 0, 0
51000, 3771, 1, 0, 0
52000, 3668, 1, 0, 0
53000, 3899, 1, 0, 0
54000, 3792, 1, 0, 0
55000, 3903, 1, 0, 0
56000, 3888, 1, 0, 0
57000, 3751, 1, 0, 0
58000, 3899, 1, 0, 0
59000, 3700, 1, 0, 0
60000, 3799, 1, 0, 0
61000, 3928, 1, 0, 0
62000, 3819, 1, 0, 0
63000, 3775, 1, 0, 0
64000, 3636, 1, 0, 0
65000, 3907, 1, 0, 0
66000, 3895, 1, 0, 0
67000, 3760, 1, 0, 0
68000, 3843, 1, 0, 0
69000, 3884, 1, 0, 0
70000, 3831, 1, 0, 0
71000, 3527, 1, 0, 0
72000, 4252, 1, 0, 0
73000, 3819, 1, 0, 0
74000, 3831, 1, 0, 0
75000, 3860, 1, 0, 0
76000, 3883, 1, 0, 0
77000, 3860, 1, 0, 0
78000, 3811, 1, 0, 0
79000, 3823, 1, 0, 0
80000, 3764, 1, 0, 0
81000, 3771, 1, 0, 0
82000, 3908, 1, 0, 0
83000, 3847, 1, 0, 0
84000, 3767, 1, 0, 0
85000, 3832, 1, 0, 0
86000, 3851, 1, 0, 0
87000, 3800, 1, 0, 0
88000, 3927, 1, 0, 0
89000, 3868, 1, 0, 0
90000, 3643, 1, 0, 0
91000, 3883, 1, 0, 0
92000, 3820, 1, 0, 0
93000, 3771, 1, 0, 0
93999, 3867, 1, 0, 0
95000, 3848, 1, 0, 0
96000, 3771, 1, 0, 0
97000, 3848, 1, 0, 0
98000, 3807, 1, 0, 0
99000, 3831, 1, 0, 0
100000, 3832, 1, 0, 0
101000, 3823, 1, 0, 0
102000, 3852, 1, 0, 0
103000, 3763, 1, 0, 0
104000, 3704, 1, 0, 0
105000, 3787, 1, 0, 0
105999, 3747, 1, 0, 0
107000, 3664, 1, 0, 0
108000, 3791, 1, 0, 0
109000, 3848, 1, 0, 0
110000, 3955, 1, 0, 0
111000, 3796, 1, 0, 0
112000, 3955, 1, 0, 0
113000, 3924, 1, 0, 0
114000, 3739, 1, 0, 0
115000, 4024, 1, 0, 0
116000, 3688, 1, 0, 0
117000, 3831, 1, 0, 0
118000, 3784, 1, 0, 0
119000, 3855, 1, 0, 0
120000, 3843, 1, 0, 0
121000, 3780, 1, 0, 0
122000, 3903, 1, 0, 0
123000, 3768, 1, 0, 0
124000, 3823, 1, 0, 0
125000, 3848, 1, 0, 0
126000, 3791, 1, 0, 0
127000, 3912, 1, 0, 0
128000, 3831, 1, 0, 0
129000, 3852, 1, 0, 0
130000, 3703, 1, 0, 0
131000, 3752, 1, 0, 0
132000, 3871, 1, 0, 0
133000, 3875, 1, 0, 0
134000, 3847, 1, 0, 0
135000, 3908, 1, 0, 0
136000, 3791, 1, 0, 0
137000, 3716, 1, 0, 0
138000, 3883, 1, 0, 0
139000, 3772, 1, 0, 0
140000, 3779, 1, 0, 0
141000, 3847, 1, 0, 0
142000, 3776, 1, 0, 0
143000, 3767, 1, 0, 0
144000, 3808, 1, 0, 0
145000, 3947, 1, 0, 0
146000, 3860, 1, 0, 0
147000, 3715, 1, 0, 0
147999, 3823, 1, 0, 0
149000, 3952, 1, 0, 0
150000, 3919, 1, 0, 0
151000, 3716, 1, 0, 0
152000, 3735, 1, 0, 0
153000, 3720, 1, 0, 0
154000, 3923, 1, 0, 0
155000, 3775, 1, 0, 0
156000, 3868, 1, 0, 0
157000, 3775, 1, 0, 0
158000, 3779, 1, 0, 0
159000, 3892, 1, 0, 0
160000, 3831, 1, 0, 0
161000, 3828, 1, 0, 0
162000, 3963, 1, 0, 0
163000, 3727, 1, 0, 0
164000, 3856, 1, 0, 0
165000, 3987, 1, 0, 0
166000, 3792, 1, 0, 0
167000, 3831, 1, 0, 0
168000, 3803, 1, 0, 0
169000, 3863, 1, 0, 0
170000, 3624, 1, 0, 0
171000, 3863, 1, 0, 0
172000, 3756, 1, 0, 0
173000, 3851, 1, 0, 0
174000, 3839, 1, 0, 0
175000, 3788, 1, 0, 0
176000, 3895, 1, 0, 0
177000, 3863, 1, 0, 0
178000, 4060, 1, 0, 0
179000, 3867, 1, 0, 0
180001, 3716, 1, 0, 0
