1035, 57105592, 0, 0, 0
2039, 66761690, 0, 0, 0
3038, 66605493, 0, 0, 0
4000, 67399607, 0, 0, 0
5000, 66888339, 0, 0, 0
6000, 67055921, 0, 0, 0
7045, 66803052, 0, 0, 0
8000, 67585720, 0, 0, 0
9034, 66469688, 0, 0, 0
10000, 67079686, 0, 0, 0
11000, 66926189, 0, 0, 0
12033, 66584861, 0, 0, 0
13031, 66699469, 0, 0, 0
14000, 67712240, 0, 0, 0
15032, 66894848, 0, 0, 0
16000, 67182550, 0, 0, 0
17000, 66914595, 0, 0, 0
18034, 66588210, 0, 0, 0
19000, 67838375, 0, 0, 0
20031, 66464322, 0, 0, 0
21001, 67813898, 0, 0, 0
22032, 65894337, 0, 0, 0
23000, 67882312, 0, 0, 0
24033, 65981275, 0, 0, 0
25000, 67334058, 0, 0, 0
26036, 67131682, 0, 0, 0
27044, 66333815, 0, 0, 0
28000, 67998117, 0, 0, 0
29034, 66046388, 0, 0, 0
30046, 66341521, 0, 0, 0
31000, 68040724, 0, 0, 0
32035, 66574873, 0, 0, 0
33030, 66476962, 0, 0, 0
34037, 66854902, 0, 0, 0
35000, 67088799, 0, 0, 0
36000, 67276758, 0, 0, 0
37000, 66433601, 0, 0, 0
38031, 66405895, 0, 0, 0
39042, 66970601, 0, 0, 0
40034, 66996776, 0, 0, 0
41033, 67277229, 0, 0, 0
42045, 66370616, 0, 0, 0
43039, 66909898, 0, 0, 0
44000, 67114300, 0, 0, 0
45036, 67188220, 0, 0, 0
46034, 66669447, 0, 0, 0
47038, 67546762, 0, 0, 0
48033, 66665774, 0, 0, 0
49001, 67252342, 0, 0, 0
50030, 65985031, 0, 0, 0
51033, 102220109, 0, 0, 0
52000, 67033186, 0, 0, 0
53034, 66817681, 0, 0, 0
54044, 66593239, 0, 0, 0
55000, 67673024, 0, 0, 0
56000, 66763150, 0, 0, 0
57044, 66502087, 0, 0, 0
58033, 66950095, 0, 0, 0
59035, 66837672, 0, 0, 0
60044, 67027704, 0, 0, 0
61036, 67359204, 0, 0, 0
62001, 67133666, 0, 0, 0
63044, 66578125, 0, 0, 0
64000, 67832252, 0, 0, 0
65032, 66079086, 0, 0, 0
66001, 67413114, 0, 0, 0
67031, 66472045, 0, 0, 0
68031, 67258916, 0, 0, 0
69000, 67667399, 0, 0, 0
70034, 66513763, 0, 0, 0
71032, 66446627, 0, 0, 0
72000, 67120334, 0, 0, 0
73001, 67125205, 0, 0, 0
74031, 66237915, 0, 0, 0
75032, 67101053, 0, 0, 0
76000, 66953168, 0, 0, 0
77000, 66971625, 0, 0, 0
78031, 66613645, 0, 0, 0
79036, 66828673, 0, 0, 0
80000, 67673235, 0, 0, 0
81045, 65980863, 0, 0, 0
82000, 67520120, 0, 0, 0
83033, 66119352, 0, 0, 0
84000, 67334488, 0, 0, 0
85000, 66913377, 0, 0, 0
86032, 66494058, 0, 0, 0
87000, 67494174, 0, 0, 0
88033, 66025738, 0, 0, 0
89029, 67165287, 0, 0, 0
90000, 67557852, 0, 0, 0
91031, 66353670, 0, 0, 0
92043, 66462679, 0, 0, 0
93000, 67322740, 0, 0, 0
94034, 66382953, 0, 0, 0
95029, 66610520, 0, 0, 0
96000, 67313760, 0, 0, 0
97036, 66913372, 0, 0, 0
98030, 66808182, 0, 0, 0
99000, 67391780, 0, 0, 0
100032, 66927149, 0, 0, 0
101040, 66785411, 0, 0, 0
102000, 67897827, 0, 0, 0
103032, 66303696, 0, 0, 0
104045, 66456139, 0, 0, 0
105000, 67409417, 0, 0, 0
106034, 66685037, 0, 0, 0
107045, 66653965, 0, 0, 0
108000, 67586378, 0, 0, 0
109038, 66805960, 0, 0, 0
110032, 67182839, 0, 0, 0
111003, 66620366, 0, 0, 0
112035, 66490769, 0, 0, 0
113033, 67468774, 0, 0, 0
114035, 66511138, 0, 0, 0
115032, 66984488, 0, 0, 0
116035, 66699568, 0, 0, 0
117000, 67219431, 0, 0, 0
118043, 66578909, 0, 0, 0
119000, 67260170, 0, 0, 0
120030, 66894161, 0, 0, 0
121000, 67164054, 0, 0, 0
122000, 66779121, 0, 0, 0
123031, 66672701, 0, 0, 0
124000, 67282694, 0, 0, 0
125000, 67012055, 0, 0, 0
126033, 66876253, 0, 0, 0
127000, 67288150, 0, 0, 0
128034, 67093164, 0, 0, 0
129000, 66930054, 0, 0, 0
130000, 66864785, 0, 0, 0
131000, 67237512, 0, 0, 0
132035, 66380986, 0, 0, 0
133044, 66617934, 0, 0, 0
134001, 67398237, 0, 0, 0
135032, 66608944, 0, 0, 0
136000, 67408889, 0, 0, 0
137000, 67183036, 0, 0, 0
138036, 66461935, 0, 0, 0
139029, 66522888, 0, 0, 0
140000, 67968323, 0, 0, 0
141034, 66329705, 0, 0, 0
142044, 66465100, 0, 0, 0
143032, 66472230, 0, 0, 0
144032, 67422650, 0, 0, 0
145001, 67067405, 0, 0, 0
146031, 66791172, 0, 0, 0
147000, 67291283, 0, 0, 0
148000, 67129852, 0, 0, 0
149044, 66510380, 0, 0, 0
150000, 67490018, 0, 0, 0
151032, 66352329, 0, 0, 0
152030, 66897286, 0, 0, 0
153039, 66620697, 0, 0, 0
154035, 67439728, 0, 0, 0
155030, 66699629, 0, 0, 0
156001, 67197916, 0, 0, 0
157032, 66517156, 0, 0, 0
158030, 66993171, 0, 0, 0
159000, 67239826, 0, 0, 0
160032, 66579250, 0, 0, 0
161032, 66520829, 0, 0, 0
162000, 67494788, 0, 0, 0
163031, 66525213, 0, 0, 0
164000, 67233154, 0, 0, 0
165000, 67345727, 0, 0, 0
166032, 66453178, 0, 0, 0
167043, 66791647, 0, 0, 0
168038, 66992018, 0, 0, 0
169031, 67090879, 0, 0, 0
170000, 67145285, 0, 0, 0
171001, 66670797, 0, 0, 0
172043, 66878348, 0, 0, 0
173000, 67118854, 0, 0, 0
174030, 66309199, 0, 0, 0
175000, 67126852, 0, 0, 0
176034, 66921087, 0, 0, 0
177029, 66414137, 0, 0, 0
178040, 67003024, 0, 0, 0
179031, 67384970, 0, 0, 0
180042, 66762790, 0, 0, 0
180091, 115992510, 0, 0, 0
