1000, 14500, 0, 0, 0
2001, 12564, 0, 0, 0
3000, 14498, 0, 0, 0
4000, 14260, 0, 0, 0
5000, 14098, 0, 0, 0
6000, 12856, 0, 0, 0
7001, 14308, 0, 0, 0
8000, 14154, 0, 0, 0
9000, 14172, 0, 0, 0
10001, 14264, 0, 0, 0
11000, 14098, 0, 0, 0
12000, 14160, 0, 0, 0
13001, 14268, 0, 0, 0
14000, 14698, 0, 0, 0
15000, 14680, 0, 0, 0
16000, 14182, 0, 0, 0
17000, 14636, 0, 0, 0
18000, 14376, 0, 0, 0
19000, 14030, 0, 0, 0
20000, 14712, 0, 0, 0
21001, 14536, 0, 0, 0
22000, 14342, 0, 0, 0
23000, 14224, 0, 0, 0
24001, 14176, 0, 0, 0
25000, 14274, 0, 0, 0
26000, 14316, 0, 0, 0
27000, 14262, 0, 0, 0
28000, 14280, 0, 0, 0
29000, 14348, 0, 0, 0
30001, 14260, 0, 0, 0
31000, 14250, 0, 0, 0
32000, 14528, 0, 0, 0
33001, 14252, 0, 0, 0
34000, 14410, 0, 0, 0
35000, 14388, 0, 0, 0
36001, 14576, 0, 0, 0
37000, 14190, 0, 0, 0
38000, 14216, 0, 0, 0
39001, 14308, 0, 0, 0
40000, 14686, 0, 0, 0
41000, 14588, 0, 0, 0
42001, 14572, 0, 0, 0
43000, 14314, 0, 0, 0
44000, 13516, 0, 0, 0
45001, 14136, 0, 0, 0
46000, 14062, 0, 0, 0
47001, 14216, 0, 0, 0
48000, 14238, 0, 0, 0
49000, 14024, 0, 0, 0
50000, 14090, 0, 0, 0
51000, 14060, 0, 0, 0
52001, 14288, 0, 0, 0
53000, 13841, 0, 0, 0
54000, 14428, 0, 0, 0
55001, 14692, 0, 0, 0
56000, 14598, 0, 0, 0
57000, 14208, 0, 0, 0
58000, 14178, 0, 0, 0
59000, 13572, 0, 0, 0
60001, 14148, 0, 0, 0
61000, 14566, 0, 0, 0
62000, 13672, 0, 0, 0
63001, 13948, 0, 0, 0
64000, 13589, 0, 0, 0
65001, 14232, 0, 0, 0
66000, 14450, 0, 0, 0
67001, 14408, 0, 0, 0
68000, 14406, 0, 0, 0
69000, 14328, 0, 0, 0
70000, 14590, 0, 0, 0
71000, 14536, 0, 0, 0
72000, 14826, 0, 0, 0
73000, 14424, 0, 0, 0
74001, 14216, 0, 0, 0
75000, 14518, 0, 0, 0
76000, 14092, 0, 0, 0
77001, 14592, 0, 0, 0
78000, 14446, 0, 0, 0
79000, 14284, 0, 0, 0
80001, 14704, 0, 0, 0
81000, 14634, 0, 0, 0
82000, 14120, 0, 0, 0
83001, 14552, 0, 0, 0
84000, 14062, 0, 0, 0
85000, 14380, 0, 0, 0
86001, 14120, 0, 0, 0
87000, 13913, 0, 0, 0
88000, 14012, 0, 0, 0
89000, 14374, 0, 0, 0
90000, 14372, 0, 0, 0
91000, 14308, 0, 0, 0
92000, 14522, 0, 0, 0
93001, 14340, 0, 0, 0
94000, 14202, 0, 0, 0
95000, 14320, 0, 0, 0
96001, 14712, 0, 0, 0
97000, 14274, 0, 0, 0
98000, 14088, 0, 0, 0
99000, 14302, 0, 0, 0
100000, 14204, 0, 0, 0
101001, 14360, 0, 0, 0
102000, 14506, 0, 0, 0
103000, 14540, 0, 0, 0
104000, 13829, 0, 0, 0
105000, 14524, 0, 0, 0
106000, 14212, 0, 0, 0
107000, 14386, 0, 0, 0
108000, 14316, 0, 0, 0
109001, 14168, 0, 0, 0
110000, 14490, 0, 0, 0
111000, 14044, 0, 0, 0
112001, 13972, 0, 0, 0
113000, 13917, 0, 0, 0
114000, 14368, 0, 0, 0
115001, 14292, 0, 0, 0
116000, 14110, 0, 0, 0
117000, 14372, 0, 0, 0
118000, 14162, 0, 0, 0
119000, 14328, 0, 0, 0
120000, 14616, 0, 0, 0
121000, 14410, 0, 0, 0
122000, 14572, 0, 0, 0
123000, 14440, 0, 0, 0
124000, 14086, 0, 0, 0
125000, 14712, 0, 0, 0
126001, 14460, 0, 0, 0
127000, 14350, 0, 0, 0
128000, 14448, 0, 0, 0
129001, 14460, 0, 0, 0
130000, 13389, 0, 0, 0
131000, 13972, 0, 0, 0
132001, 14128, 0, 0, 0
133000, 13505, 0, 0, 0
134000, 13928, 0, 0, 0
135000, 13857, 0, 0, 0
136000, 14592, 0, 0, 0
137000, 14492, 0, 0, 0
138000, 14430, 0, 0, 0
139000, 13880, 0, 0, 0
140001, 14280, 0, 0, 0
141000, 14026, 0, 0, 0
142000, 14236, 0, 0, 0
143000, 14158, 0, 0, 0
144000, 14304, 0, 0, 0
145001, 14064, 0, 0, 0
146000, 14374, 0, 0, 0
147000, 14612, 0, 0, 0
148001, 13464, 0, 0, 0
149000, 14382, 0, 0, 0
150000, 14472, 0, 0, 0
151001, 14056, 0, 0, 0
152000, 14326, 0, 0, 0
153000, 14284, 0, 0, 0
154001, 14176, 0, 0, 0
155000, 14346, 0, 0, 0
156000, 14488, 0, 0, 0
157001, 14328, 0, 0, 0
158000, 14090, 0, 0, 0
159000, 13948, 0, 0, 0
160001, 14032, 0, 0, 0
161000, 13925, 0, 0, 0
162000, 14344, 0, 0, 0
163000, 14276, 0, 0, 0
164000, 14306, 0, 0, 0
165000, 14664, 0, 0, 0
166000, 14296, 0, 0, 0
167000, 14326, 0, 0, 0
168000, 14696, 0, 0, 0
169000, 14304, 0, 0, 0
170000, 13785, 0, 0, 0
171000, 14160, 0, 0, 0
172000, 14332, 0, 0, 0
173000, 14318, 0, 0, 0
174000, 14464, 0, 0, 0
175001, 14340, 0, 0, 0
176000, 14618, 0, 0, 0
177000, 14304, 0, 0, 0
178001, 14528, 0, 0, 0
179000, 13689, 0, 0, 0
180000, 14604, 0, 0, 0
