1031, 14642418, 0, 0, 0
2026, 16649447, 0, 0, 0
3035, 16654432, 0, 0, 0
4029, 16640286, 0, 0, 0
5032, 16677313, 0, 0, 0
6037, 16709502, 0, 0, 0
7030, 16625867, 0, 0, 0
8026, 16928120, 0, 0, 0
9033, 17098462, 0, 0, 0
10029, 16607217, 0, 0, 0
11025, 16480868, 0, 0, 0
12031, 16955410, 0, 0, 0
13030, 16530213, 0, 0, 0
14039, 16921387, 0, 0, 0
15033, 16774041, 0, 0, 0
16027, 16806106, 0, 0, 0
17037, 16707446, 0, 0, 0
18031, 16842258, 0, 0, 0
19026, 16659341, 0, 0, 0
20033, 16714014, 0, 0, 0
21027, 16507587, 0, 0, 0
22000, 17189554, 0, 0, 0
23030, 16586352, 0, 0, 0
24000, 16817589, 0, 0, 0
25025, 16619435, 0, 0, 0
26027, 16651006, 0, 0, 0
27034, 17119295, 0, 0, 0
28026, 16664132, 0, 0, 0
29029, 17117070, 0, 0, 0
30026, 16776379, 0, 0, 0
31030, 16875081, 0, 0, 0
32024, 16789186, 0, 0, 0
33040, 16640308, 0, 0, 0
34026, 16863847, 0, 0, 0
35028, 16783724, 0, 0, 0
36039, 16636166, 0, 0, 0
37028, 16730709, 0, 0, 0
38032, 16565258, 0, 0, 0
39001, 16694230, 0, 0, 0
40030, 16774144, 0, 0, 0
41041, 16678836, 0, 0, 0
42000, 16959991, 0, 0, 0
43028, 16557498, 0, 0, 0
44040, 16431309, 0, 0, 0
45028, 16688181, 0, 0, 0
46030, 16865119, 0, 0, 0
47026, 16429860, 0, 0, 0
48000, 16952647, 0, 0, 0
49029, 16617907, 0, 0, 0
50038, 16500297, 0, 0, 0
51001, 16988327, 0, 0, 0
52025, 16626138, 0, 0, 0
53038, 16749622, 0, 0, 0
54032, 16934356, 0, 0, 0
55026, 16605904, 0, 0, 0
56031, 17049931, 0, 0, 0
57028, 16587058, 0, 0, 0
58039, 16617035, 0, 0, 0
59027, 16693243, 0, 0, 0
60029, 16577053, 0, 0, 0
61027, 16526866, 0, 0, 0
62036, 16669689, 0, 0, 0
63029, 16532410, 0, 0, 0
64029, 16819030, 0, 0, 0
65038, 16821283, 0, 0, 0
66031, 16983054, 0, 0, 0
67025, 16659663, 0, 0, 0
68035, 16988300, 0, 0, 0
69028, 16931946, 0, 0, 0
70027, 16550159, 0, 0, 0
71032, 16944777, 0, 0, 0
72027, 16702568, 0, 0, 0
73029, 16727585, 0, 0, 0
74034, 16778653, 0, 0, 0
75029, 16371892, 0, 0, 0
76000, 17232490, 0, 0, 0
77029, 16471234, 0, 0, 0
78028, 16706117, 0, 0, 0
79000, 16959176, 0, 0, 0
80029, 16464539, 0, 0, 0
81026, 16565514, 0, 0, 0
82034, 16810217, 0, 0, 0
83028, 16787995, 0, 0, 0
84039, 16773729, 0, 0, 0
85033, 16696013, 0, 0, 0
86026, 16998099, 0, 0, 0
87036, 16845982, 0, 0, 0
88030, 16808413, 0, 0, 0
89040, 16817394, 0, 0, 0
90000, 16826956, 0, 0, 0
91028, 16620092, 0, 0, 0
92025, 16840059, 0, 0, 0
93036, 16582239, 0, 0, 0
94028, 16479328, 0, 0, 0
95038, 16682588, 0, 0, 0
96030, 16519840, 0, 0, 0
97038, 16626247, 0, 0, 0
98036, 16617663, 0, 0, 0
99029, 16924251, 0, 0, 0
100040, 16562002, 0, 0, 0
101036, 16776097, 0, 0, 0
102027, 16794817, 0, 0, 0
103026, 16704724, 0, 0, 0
104001, 16884017, 0, 0, 0
105028, 16596640, 0, 0, 0
106030, 16693813, 0, 0, 0
107026, 16952397, 0, 0, 0
108036, 16521443, 0, 0, 0
109027, 16516115, 0, 0, 0
110034, 16631829, 0, 0, 0
111029, 17061761, 0, 0, 0
112034, 16764214, 0, 0, 0
113000, 16777460, 0, 0, 0
114031, 16800034, 0, 0, 0
115027, 17102242, 0, 0, 0
116028, 16668139, 0, 0, 0
117035, 16951970, 0, 0, 0
118031, 16633947, 0, 0, 0
119025, 16631594, 0, 0, 0
120035, 16825544, 0, 0, 0
121027, 16690667, 0, 0, 0
122034, 16896360, 0, 0, 0
123029, 16610975, 0, 0, 0
124037, 16987474, 0, 0, 0
125031, 16797405, 0, 0, 0
126024, 16424785, 0, 0, 0
127031, 16813918, 0, 0, 0
128025, 16634475, 0, 0, 0
129025, 16802481, 0, 0, 0
130000, 16610215, 0, 0, 0
131025, 16576696, 0, 0, 0
132024, 17023528, 0, 0, 0
133028, 16975734, 0, 0, 0
134028, 16572262, 0, 0, 0
135038, 16502137, 0, 0, 0
136033, 16717434, 0, 0, 0
137026, 16667904, 0, 0, 0
138031, 16708005, 0, 0, 0
139026, 16762988, 0, 0, 0
140031, 16562402, 0, 0, 0
141000, 16983020, 0, 0, 0
142030, 16894726, 0, 0, 0
143027, 16680733, 0, 0, 0
144032, 16778321, 0, 0, 0
145028, 16707307, 0, 0, 0
146039, 16594614, 0, 0, 0
147000, 16693399, 0, 0, 0
148027, 16723562, 0, 0, 0
149031, 16638376, 0, 0, 0
150034, 16839451, 0, 0, 0
151027, 16616981, 0, 0, 0
152040, 16532973, 0, 0, 0
153024, 16898260, 0, 0, 0
154029, 16618905, 0, 0, 0
155040, 16448485, 0, 0, 0
156029, 16627069, 0, 0, 0
157029, 16688472, 0, 0, 0
158028, 16692287, 0, 0, 0
159036, 16678234, 0, 0, 0
160029, 16806059, 0, 0, 0
161024, 16739984, 0, 0, 0
162004, 16944223, 0, 0, 0
163027, 16820032, 0, 0, 0
164040, 16551802, 0, 0, 0
165036, 16683397, 0, 0, 0
166028, 16334467, 0, 0, 0
167032, 16745403, 0, 0, 0
168004, 16947023, 0, 0, 0
169030, 16780266, 0, 0, 0
170027, 16713222, 0, 0, 0
171036, 16884704, 0, 0, 0
172031, 16242629, 0, 0, 0
173025, 16873809, 0, 0, 0
174000, 16961918, 0, 0, 0
175028, 16506271, 0, 0, 0
176030, 16472779, 0, 0, 0
177024, 16943644, 0, 0, 0
178027, 16736357, 0, 0, 0
179000, 16658886, 0, 0, 0
180029, 16581512, 0, 0, 0
180032, 39358255, 0, 0, 0
