1000, 1779, 0, 0, 0
2001, 1768, 0, 0, 0
3000, 1804, 0, 0, 0
4000, 1786, 0, 0, 0
5000, 1804, 0, 0, 0
6000, 1792, 0, 0, 0
7000, 1752, 0, 0, 0
8001, 1765, 0, 0, 0
9001, 1742, 0, 0, 0
10000, 1768, 0, 0, 0
11000, 1867, 0, 0, 0
12001, 1867, 0, 0, 0
13000, 1800, 0, 0, 0
14000, 1779, 0, 0, 0
15000, 1814, 0, 0, 0
16000, 1790, 0, 0, 0
17000, 1765, 0, 0, 0
18000, 1867, 0, 0, 0
19001, 1789, 0, 0, 0
20000, 1801, 0, 0, 0
21000, 1778, 0, 0, 0
22001, 1814, 0, 0, 0
23000, 1827, 0, 0, 0
24000, 1825, 0, 0, 0
25000, 1731, 0, 0, 0
26001, 1747, 0, 0, 0
27000, 1769, 0, 0, 0
28000, 1832, 0, 0, 0
29000, 1750, 0, 0, 0
30001, 1784, 0, 0, 0
31000, 1773, 0, 0, 0
32000, 1726, 0, 0, 0
33000, 1727, 0, 0, 0
34000, 1783, 0, 0, 0
35000, 1782, 0, 0, 0
36000, 1726, 0, 0, 0
37000, 1797, 0, 0, 0
38001, 1808, 0, 0, 0
39000, 1759, 0, 0, 0
40001, 1789, 0, 0, 0
41001, 1779, 0, 0, 0
42001, 1779, 0, 0, 0
43000, 1801, 0, 0, 0
44000, 1743, 0, 0, 0
45000, 1847, 0, 0, 0
46001, 1818, 0, 0, 0
47000, 1733, 0, 0, 0
48000, 1829, 0, 0, 0
49000, 1794, 0, 0, 0
50002, 1772, 0, 0, 0
51000, 1777, 0, 0, 0
52001, 1806, 0, 0, 0
53001, 1767, 0, 0, 0
54000, 1828, 0, 0, 0
55001, 1854, 0, 0, 0
56000, 1766, 0, 0, 0
57001, 1765, 0, 0, 0
58000, 1785, 0, 0, 0
59000, 1792, 0, 0, 0
60000, 1714, 0, 0, 0
61000, 1766, 0, 0, 0
62000, 1712, 0, 0, 0
63001, 1716, 0, 0, 0
64000, 1701, 0, 0, 0
65000, 1786, 0, 0, 0
66001, 1762, 0, 0, 0
67001, 1784, 0, 0, 0
68000, 1763, 0, 0, 0
69001, 1752, 0, 0, 0
70001, 1772, 0, 0, 0
71001, 1778, 0, 0, 0
72001, 1839, 0, 0, 0
73000, 1843, 0, 0, 0
74000, 1753, 0, 0, 0
75000, 1739, 0, 0, 0
76000, 1738, 0, 0, 0
77000, 1765, 0, 0, 0
78000, 1800, 0, 0, 0
79000, 1712, 0, 0, 0
80001, 1727, 0, 0, 0
81001, 1790, 0, 0, 0
82000, 1765, 0, 0, 0
83001, 1732, 0, 0, 0
84000, 1831, 0, 0, 0
85001, 1758, 0, 0, 0
86001, 1750, 0, 0, 0
87000, 1732, 0, 0, 0
88000, 1767, 0, 0, 0
89001, 1779, 0, 0, 0
90000, 1771, 0, 0, 0
91001, 1763, 0, 0, 0
92000, 1718, 0, 0, 0
93000, 1725, 0, 0, 0
94001, 1769, 0, 0, 0
95000, 1749, 0, 0, 0
96000, 1765, 0, 0, 0
97000, 1766, 0, 0, 0
98000, 1766, 0, 0, 0
99000, 1815, 0, 0, 0
100000, 1781, 0, 0, 0
101000, 1730, 0, 0, 0
102000, 1711, 0, 0, 0
103001, 1747, 0, 0, 0
104000, 1713, 0, 0, 0
105001, 1696, 0, 0, 0
106001, 1760, 0, 0, 0
107000, 1770, 0, 0, 0
108000, 1811, 0, 0, 0
109000, 1841, 0, 0, 0
110001, 1800, 0, 0, 0
111001, 1827, 0, 0, 0
112000, 1752, 0, 0, 0
113000, 1758, 0, 0, 0
114000, 1770, 0, 0, 0
115001, 1763, 0, 0, 0
116000, 1730, 0, 0, 0
117000, 1738, 0, 0, 0
118000, 1754, 0, 0, 0
119000, 1770, 0, 0, 0
120000, 1802, 0, 0, 0
121000, 1771, 0, 0, 0
122000, 1782, 0, 0, 0
123000, 1826, 0, 0, 0
124001, 1729, 0, 0, 0
125000, 1782, 0, 0, 0
126001, 1752, 0, 0, 0
127001, 1751, 0, 0, 0
128001, 1782, 0, 0, 0
129000, 1843, 0, 0, 0
130000, 1808, 0, 0, 0
131001, 1775, 0, 0, 0
132000, 1734, 0, 0, 0
133000, 1756, 0, 0, 0
134000, 1810, 0, 0, 0
135000, 1812, 0, 0, 0
136000, 1780, 0, 0, 0
137001, 1808, 0, 0, 0
138000, 1778, 0, 0, 0
139002, 1759, 0, 0, 0
140000, 1764, 0, 0, 0
141000, 1754, 0, 0, 0
142000, 1766, 0, 0, 0
143001, 1725, 0, 0, 0
144001, 1747, 0, 0, 0
145000, 1733, 0, 0, 0
146001, 1749, 0, 0, 0
147000, 1779, 0, 0, 0
148000, 1809, 0, 0, 0
149000, 1822, 0, 0, 0
150001, 1852, 0, 0, 0
151000, 1881, 0, 0, 0
152001, 1874, 0, 0, 0
153001, 1886, 0, 0, 0
154000, 1754, 0, 0, 0
155001, 1791, 0, 0, 0
156000, 1816, 0, 0, 0
157000, 1823, 0, 0, 0
158000, 1821, 0, 0, 0
159000, 1770, 0, 0, 0
160000, 1765, 0, 0, 0
161000, 1788, 0, 0, 0
162000, 1767, 0, 0, 0
163000, 1753, 0, 0, 0
164000, 1773, 0, 0, 0
165000, 1790, 0, 0, 0
166001, 1781, 0, 0, 0
167001, 1794, 0, 0, 0
168001, 1789, 0, 0, 0
169000, 1817, 0, 0, 0
170000, 1802, 0, 0, 0
171002, 1749, 0, 0, 0
172000, 1814, 0, 0, 0
173000, 1782, 0, 0, 0
174000, 1825, 0, 0, 0
175000, 1872, 0, 0, 0
176000, 1782, 0, 0, 0
177000, 1852, 0, 0, 0
178000, 1796, 0, 0, 0
179000, 1789, 0, 0, 0
180001, 1793, 0, 0, 0
