1030, 14619831, 0, 0, 0
2026, 16858097, 0, 0, 0
3035, 16736595, 0, 0, 0
4029, 16631515, 0, 0, 0
5032, 16808833, 0, 0, 0
6036, 16562539, 0, 0, 0
7029, 16684912, 0, 0, 0
8026, 16602081, 0, 0, 0
9034, 17171249, 0, 0, 0
10029, 16445489, 0, 0, 0
11026, 16636313, 0, 0, 0
12032, 16747036, 0, 0, 0
13030, 16561324, 0, 0, 0
14040, 16787078, 0, 0, 0
15032, 16734630, 0, 0, 0
16028, 16521614, 0, 0, 0
17038, 16526970, 0, 0, 0
18032, 17080139, 0, 0, 0
19026, 16705969, 0, 0, 0
20033, 16898409, 0, 0, 0
21028, 16901198, 0, 0, 0
22000, 16937314, 0, 0, 0
23000, 16683832, 0, 0, 0
24000, 16737625, 0, 0, 0
25025, 16641273, 0, 0, 0
26027, 16947055, 0, 0, 0
27035, 16783055, 0, 0, 0
28026, 16328975, 0, 0, 0
29029, 16917877, 0, 0, 0
30025, 16677643, 0, 0, 0
31030, 16910335, 0, 0, 0
32025, 16955217, 0, 0, 0
33041, 16891785, 0, 0, 0
34026, 16827865, 0, 0, 0
35029, 16868168, 0, 0, 0
36039, 16515544, 0, 0, 0
37028, 16879604, 0, 0, 0
38032, 16868471, 0, 0, 0
39000, 17225384, 0, 0, 0
40030, 16671038, 0, 0, 0
41041, 16626488, 0, 0, 0
42000, 16770349, 0, 0, 0
43028, 16470614, 0, 0, 0
44040, 16532906, 0, 0, 0
45030, 16724153, 0, 0, 0
46029, 16852198, 0, 0, 0
47026, 16965769, 0, 0, 0
48000, 16637518, 0, 0, 0
49029, 16616381, 0, 0, 0
50039, 16629463, 0, 0, 0
51001, 16737551, 0, 0, 0
52025, 16634650, 0, 0, 0
53039, 16870541, 0, 0, 0
54033, 17100295, 0, 0, 0
55027, 16659689, 0, 0, 0
56000, 16811426, 0, 0, 0
57028, 16543912, 0, 0, 0
58038, 16483414, 0, 0, 0
59027, 17101478, 0, 0, 0
60029, 16392400, 0, 0, 0
61027, 16539639, 0, 0, 0
62037, 16844340, 0, 0, 0
63028, 16618500, 0, 0, 0
64029, 16606250, 0, 0, 0
65038, 16661026, 0, 0, 0
66032, 16933758, 0, 0, 0
67025, 16665888, 0, 0, 0
68034, 16710634, 0, 0, 0
69028, 16828686, 0, 0, 0
70027, 16472176, 0, 0, 0
71001, 16913430, 0, 0, 0
72027, 16814146, 0, 0, 0
73030, 16915059, 0, 0, 0
74034, 16974710, 0, 0, 0
75028, 16606356, 0, 0, 0
76000, 17050636, 0, 0, 0
77028, 16753058, 0, 0, 0
78028, 16838751, 0, 0, 0
79000, 17228274, 0, 0, 0
80029, 16492490, 0, 0, 0
81026, 16507370, 0, 0, 0
82034, 16913626, 0, 0, 0
83028, 16623195, 0, 0, 0
84038, 16749345, 0, 0, 0
85034, 16779414, 0, 0, 0
86025, 16696448, 0, 0, 0
87036, 17029729, 0, 0, 0
88030, 16558144, 0, 0, 0
89040, 16707495, 0, 0, 0
90031, 16829437, 0, 0, 0
91028, 16759789, 0, 0, 0
92026, 16848460, 0, 0, 0
93036, 16648668, 0, 0, 0
94029, 17461705, 0, 0, 0
95038, 16782611, 0, 0, 0
96029, 16865786, 0, 0, 0
97039, 16603961, 0, 0, 0
98036, 16850305, 0, 0, 0
99029, 16600046, 0, 0, 0
100040, 16740905, 0, 0, 0
101036, 16589939, 0, 0, 0
102027, 16834089, 0, 0, 0
103027, 16757567, 0, 0, 0
104000, 16900523, 0, 0, 0
105029, 16570296, 0, 0, 0
106029, 16903076, 0, 0, 0
107026, 16596721, 0, 0, 0
108037, 16667475, 0, 0, 0
109027, 16802831, 0, 0, 0
110035, 16564795, 0, 0, 0
111030, 16879221, 0, 0, 0
112035, 16753161, 0, 0, 0
113000, 16926517, 0, 0, 0
114031, 16772275, 0, 0, 0
115027, 16980796, 0, 0, 0
116028, 16473959, 0, 0, 0
117035, 16996778, 0, 0, 0
118031, 16623341, 0, 0, 0
119025, 16478891, 0, 0, 0
120034, 16897383, 0, 0, 0
121026, 16571610, 0, 0, 0
122033, 16766337, 0, 0, 0
123029, 16445751, 0, 0, 0
124037, 16563493, 0, 0, 0
125031, 16704024, 0, 0, 0
126025, 16419085, 0, 0, 0
127030, 16767792, 0, 0, 0
128026, 16616009, 0, 0, 0
129025, 16665500, 0, 0, 0
130000, 17150156, 0, 0, 0
131025, 16461088, 0, 0, 0
132025, 16798355, 0, 0, 0
133028, 16875438, 0, 0, 0
134028, 16309211, 0, 0, 0
135039, 16654131, 0, 0, 0
136033, 16966564, 0, 0, 0
137027, 16380002, 0, 0, 0
138031, 16832949, 0, 0, 0
139026, 16955483, 0, 0, 0
140030, 16618478, 0, 0, 0
141000, 16701569, 0, 0, 0
142031, 16367332, 0, 0, 0
143026, 16491257, 0, 0, 0
144032, 16639464, 0, 0, 0
145029, 16981251, 0, 0, 0
146038, 16731299, 0, 0, 0
147032, 16896966, 0, 0, 0
148028, 16383683, 0, 0, 0
149031, 16751650, 0, 0, 0
150034, 17014373, 0, 0, 0
151027, 16624392, 0, 0, 0
152040, 16629282, 0, 0, 0
153024, 16737615, 0, 0, 0
154029, 16690550, 0, 0, 0
155040, 16647444, 0, 0, 0
156029, 16627930, 0, 0, 0
157029, 17034637, 0, 0, 0
158028, 16621685, 0, 0, 0
159036, 16704891, 0, 0, 0
160030, 16877962, 0, 0, 0
161025, 16504001, 0, 0, 0
162005, 16975616, 0, 0, 0
163027, 16540957, 0, 0, 0
164040, 16545199, 0, 0, 0
165000, 16980059, 0, 0, 0
166028, 16596614, 0, 0, 0
167033, 16687526, 0, 0, 0
168004, 16834357, 0, 0, 0
169030, 16677712, 0, 0, 0
170027, 16618327, 0, 0, 0
171036, 16988054, 0, 0, 0
172031, 16758949, 0, 0, 0
173026, 16828578, 0, 0, 0
174000, 16810133, 0, 0, 0
175029, 16591031, 0, 0, 0
176031, 17013135, 0, 0, 0
177026, 18171760, 0, 0, 0
178028, 16678587, 0, 0, 0
179000, 16772313, 0, 0, 0
180029, 16525398, 0, 0, 0
180032, 39357849, 0, 0, 0
