1024, 2153, 1, 0, 0
2000, 2247, 1, 0, 0
3022, 2176, 1, 0, 0
4021, 2246, 1, 0, 0
5018, 2253, 1, 0, 0
6020, 2301, 1, 0, 0
7000, 2358, 1, 0, 0
8015, 2222, 1, 0, 0
9002, 2280, 1, 0, 0
10016, 2203, 1, 0, 0
11016, 2182, 1, 0, 0
12023, 2173, 1, 0, 0
13000, 2213, 1, 0, 0
14018, 2250, 1, 0, 0
15029, 2264, 1, 0, 0
16000, 2248, 1, 0, 0
17016, 2230, 1, 0, 0
18027, 2286, 1, 0, 0
19000, 2220, 1, 0, 0
20028, 2231, 1, 0, 0
21023, 2227, 1, 0, 0
22014, 2195, 1, 0, 0
23000, 2151, 1, 0, 0
24021, 2232, 1, 0, 0
25016, 2206, 1, 0, 0
26016, 2190, 1, 0, 0
27018, 2154, 1, 0, 0
28025, 2208, 1, 0, 0
29017, 2199, 1, 0, 0
30016, 2184, 1, 0, 0
31000, 2170, 1, 0, 0
32020, 2235, 1, 0, 0
33000, 2196, 1, 0, 0
34016, 2185, 1, 0, 0
35029, 2247, 1, 0, 0
36000, 2122, 1, 0, 0
37013, 2166, 1, 0, 0
38024, 2217, 1, 0, 0
39016, 2177, 1, 0, 0
40000, 2136, 1, 0, 0
41016, 2153, 1, 0, 0
42000, 2193, 1, 0, 0
43028, 2143, 1, 0, 0
44019, 2167, 1, 0, 0
45014, 2137, 1, 0, 0
46025, 2101, 1, 0, 0
47016, 2111, 1, 0, 0
48030, 2063, 1, 0, 0
49019, 2082, 1, 0, 0
50019, 2224, 1, 0, 0
51000, 2093, 1, 0, 0
52015, 2295, 1, 0, 0
53021, 2262, 1, 0, 0
54018, 2149, 1, 0, 0
55026, 2261, 1, 0, 0
56000, 2252, 1, 0, 0
57030, 2188, 1, 0, 0
58024, 2181, 1, 0, 0
59016, 2304, 1, 0, 0
60027, 2198, 1, 0, 0
61000, 2136, 1, 0, 0
62030, 2201, 1, 0, 0
63020, 2204, 1, 0, 0
64015, 2100, 1, 0, 0
65000, 2170, 1, 0, 0
66018, 2143, 1, 0, 0
67027, 2362, 1, 0, 0
68001, 2115, 1, 0, 0
69016, 2164, 1, 0, 0
70027, 2160, 1, 0, 0
71028, 2232, 1, 0, 0
72020, 2274, 1, 0, 0
73017, 2255, 1, 0, 0
74024, 2131, 1, 0, 0
75000, 2169, 1, 0, 0
76014, 2082, 1, 0, 0
77000, 2108, 1, 0, 0
78001, 2136, 1, 0, 0
79013, 2218, 1, 0, 0
80021, 2333, 1, 0, 0
81016, 2340, 1, 0, 0
82000, 2280, 1, 0, 0
83017, 2278, 1, 0, 0
84001, 2358, 1, 0, 0
85019, 2250, 1, 0, 0
86026, 2355, 1, 0, 0
87023, 2407, 1, 0, 0
88014, 2284, 1, 0, 0
89000, 2360, 1, 0, 0
90022, 2400, 1, 0, 0
91025, 2320, 1, 0, 0
92017, 2204, 1, 0, 0
93016, 2353, 1, 0, 0
94000, 2407, 1, 0, 0
95021, 2408, 1, 0, 0
96029, 2357, 1, 0, 0
97000, 2406, 1, 0, 0
98028, 2425, 1, 0, 0
99022, 2314, 1, 0, 0
100015, 2307, 1, 0, 0
101000, 2285, 1, 0, 0
102019, 2247, 1, 0, 0
103015, 2363, 1, 0, 0
104018, 2367, 1, 0, 0
105016, 2362, 1, 0, 0
106014, 2303, 1, 0, 0
107021, 2335, 1, 0, 0
108018, 2386, 1, 0, 0
109027, 2298, 1, 0, 0
110015, 2417, 1, 0, 0
111017, 2373, 1, 0, 0
112000, 2363, 1, 0, 0
113020, 2304, 1, 0, 0
114027, 2289, 1, 0, 0
115000, 2290, 1, 0, 0
116031, 2282, 1, 0, 0
117003, 2302, 1, 0, 0
118018, 2374, 1, 0, 0
119023, 2283, 1, 0, 0
120017, 2376, 1, 0, 0
121030, 2339, 1, 0, 0
122000, 2419, 1, 0, 0
123018, 2351, 1, 0, 0
124019, 2427, 1, 0, 0
125000, 2304, 1, 0, 0
126016, 2313, 1, 0, 0
127021, 2275, 1, 0, 0
128022, 2287, 1, 0, 0
129000, 2282, 1, 0, 0
130016, 2203, 1, 0, 0
131001, 2278, 1, 0, 0
132016, 2241, 1, 0, 0
133017, 2286, 1, 0, 0
134001, 2273, 1, 0, 0
135000, 2381, 1, 0, 0
136019, 2423, 1, 0, 0
137029, 2349, 1, 0, 0
138015, 2276, 1, 0, 0
139018, 2273, 1, 0, 0
140000, 2293, 1, 0, 0
141018, 2263, 1, 0, 0
142030, 2382, 1, 0, 0
143000, 2159, 1, 0, 0
144015, 2224, 1, 0, 0
145003, 2232, 1, 0, 0
146017, 2217, 1, 0, 0
147016, 2226, 1, 0, 0
148019, 2238, 1, 0, 0
149024, 2253, 1, 0, 0
150000, 2146, 1, 0, 0
151020, 2264, 1, 0, 0
152013, 2301, 1, 0, 0
153025, 2265, 1, 0, 0
154017, 2135, 1, 0, 0
155014, 2315, 1, 0, 0
156022, 2187, 1, 0, 0
157017, 2318, 1, 0, 0
158027, 2146, 1, 0, 0
159000, 2215, 1, 0, 0
160029, 2279, 1, 0, 0
161000, 2303, 1, 0, 0
162016, 2230, 1, 0, 0
163018, 2270, 1, 0, 0
164000, 2252, 1, 0, 0
165016, 2223, 1, 0, 0
166000, 2276, 1, 0, 0
167018, 2232, 1, 0, 0
168023, 2328, 1, 0, 0
169001, 2239, 1, 0, 0
170028, 2219, 1, 0, 0
171021, 2392, 1, 0, 0
172014, 2383, 1, 0, 0
173000, 2442, 1, 0, 0
174019, 2417, 1, 0, 0
175026, 2247, 1, 0, 0
176017, 2256, 1, 0, 0
177025, 2230, 1, 0, 0
178019, 2293, 1, 0, 0
179013, 2422, 1, 0, 0
180024, 2339, 1, 0, 0
