1000, 8496, 1, 0, 0
2000, 7779, 1, 0, 0
3000, 7620, 1, 0, 0
4000, 7723, 1, 0, 0
5000, 7724, 1, 0, 0
6000, 7659, 1, 0, 0
7000, 7608, 1, 0, 0
8000, 7551, 1, 0, 0
9000, 7712, 1, 0, 0
10000, 7755, 1, 0, 0
11000, 7828, 1, 0, 0
12000, 7419, 1, 0, 0
13000, 7748, 1, 0, 0
14000, 7579, 1, 0, 0
15000, 7472, 1, 0, 0
16000, 7723, 1, 0, 0
17000, 7716, 1, 0, 0
18000, 7611, 1, 0, 0
19001, 7644, 1, 0, 0
20000, 7463, 1, 0, 0
21000, 7787, 1, 0, 0
22000, 7764, 1, 0, 0
23000, 7687, 1, 0, 0
24000, 7428, 1, 0, 0
25000, 7831, 1, 0, 0
26000, 7556, 1, 0, 0
27000, 7479, 1, 0, 0
28000, 7787, 1, 0, 0
29000, 7692, 1, 0, 0
30000, 7627, 1, 0, 0
31000, 7480, 1, 0, 0
32001, 7312, 1, 0, 0
33000, 7891, 1, 0, 0
34000, 7551, 1, 0, 0
35000, 7372, 1, 0, 0
36000, 7603, 1, 0, 0
37000, 7567, 1, 0, 0
38000, 7632, 1, 0, 0
39000, 7707, 1, 0, 0
40000, 7624, 1, 0, 0
41000, 7667, 1, 0, 0
42001, 7260, 1, 0, 0
43000, 7567, 1, 0, 0
44001, 7600, 1, 0, 0
45000, 7599, 1, 0, 0
46000, 7819, 1, 0, 0
47000, 7400, 1, 0, 0
48000, 7771, 1, 0, 0
49000, 7804, 1, 0, 0
50000, 7551, 1, 0, 0
51000, 7776, 1, 0, 0
52000, 7619, 1, 0, 0
53000, 7464, 1, 0, 0
54000, 7679, 1, 0, 0
55001, 7640, 1, 0, 0
56000, 7803, 1, 0, 0
57000, 7775, 1, 0, 0
58001, 7480, 1, 0, 0
59000, 7955, 1, 0, 0
60000, 7639, 1, 0, 0
61000, 7755, 1, 0, 0
62000, 7612, 1, 0, 0
63000, 7699, 1, 0, 0
64000, 7672, 1, 0, 0
65000, 7707, 1, 0, 0
66001, 7796, 1, 0, 0
67000, 7755, 1, 0, 0
68000, 7475, 1, 0, 0
69000, 7604, 1, 0, 0
70001, 7628, 1, 0, 0
71000, 7603, 1, 0, 0
72000, 7792, 1, 0, 0
73000, 7739, 1, 0, 0
74000, 7679, 1, 0, 0
75000, 7604, 1, 0, 0
76000, 7807, 1, 0, 0
77000, 7495, 1, 0, 0
78000, 7688, 1, 0, 0
79000, 7679, 1, 0, 0
80000, 7568, 1, 0, 0
81000, 7791, 1, 0, 0
82000, 7384, 1, 0, 0
83000, 7655, 1, 0, 0
84000, 7616, 1, 0, 0
85000, 7479, 1, 0, 0
86000, 7796, 1, 0, 0
87000, 7683, 1, 0, 0
88000, 7548, 1, 0, 0
89000, 7511, 1, 0, 0
90000, 7628, 1, 0, 0
91000, 7611, 1, 0, 0
92000, 7652, 1, 0, 0
93000, 7667, 1, 0, 0
94000, 7712, 1, 0, 0
95000, 7403, 1, 0, 0
96000, 7608, 1, 0, 0
97000, 7739, 1, 0, 0
98000, 7668, 1, 0, 0
99000, 7583, 1, 0, 0
100000, 7656, 1, 0, 0
101000, 7631, 1, 0, 0
102000, 7656, 1, 0, 0
103000, 7579, 1, 0, 0
104000, 7580, 1, 0, 0
105000, 7523, 1, 0, 0
106000, 7840, 1, 0, 0
107000, 7739, 1, 0, 0
108000, 7492, 1, 0, 0
109000, 7647, 1, 0, 0
110000, 7648, 1, 0, 0
111000, 7747, 1, 0, 0
112000, 7596, 1, 0, 0
113000, 7679, 1, 0, 0
114000, 7660, 1, 0, 0
115000, 7563, 1, 0, 0
116000, 7584, 1, 0, 0
117000, 7407, 1, 0, 0
118000, 7716, 1, 0, 0
119000, 7931, 1, 0, 0
120000, 7492, 1, 0, 0
121000, 7571, 1, 0, 0
122001, 7564, 1, 0, 0
123000, 7603, 1, 0, 0
124000, 7755, 1, 0, 0
125000, 7540, 1, 0, 0
126000, 7623, 1, 0, 0
127000, 7536, 1, 0, 0
128000, 7631, 1, 0, 0
129000, 7528, 1, 0, 0
130001, 7768, 1, 0, 0
131000, 7495, 1, 0, 0
132000, 7896, 1, 0, 0
133000, 7691, 1, 0, 0
134001, 7624, 1, 0, 0
135000, 7623, 1, 0, 0
136000, 7627, 1, 0, 0
137000, 7660, 1, 0, 0
138000, 7655, 1, 0, 0
139000, 7571, 1, 0, 0
140000, 7748, 1, 0, 0
141001, 7652, 1, 0, 0
142000, 7831, 1, 0, 0
143001, 7504, 1, 0, 0
144000, 7735, 1, 0, 0
145001, 7820, 1, 0, 0
146000, 7515, 1, 0, 0
147000, 7716, 1, 0, 0
148000, 7751, 1, 0, 0
149000, 7608, 1, 0, 0
150000, 7547, 1, 0, 0
151000, 7892, 1, 0, 0
152000, 7535, 1, 0, 0
153000, 7716, 1, 0, 0
154000, 7499, 1, 0, 0
155000, 7800, 1, 0, 0
156000, 7723, 1, 0, 0
157000, 7616, 1, 0, 0
158000, 7579, 1, 0, 0
159000, 7588, 1, 0, 0
160000, 7751, 1, 0, 0
161000, 7592, 1, 0, 0
162000, 7687, 1, 0, 0
163000, 7504, 1, 0, 0
164000, 7587, 1, 0, 0
165000, 7384, 1, 0, 0
166000, 7611, 1, 0, 0
167000, 7748, 1, 0, 0
168000, 7675, 1, 0, 0
169000, 7808, 1, 0, 0
170000, 7699, 1, 0, 0
171000, 7704, 1, 0, 0
172000, 7651, 1, 0, 0
173000, 7404, 1, 0, 0
174000, 7731, 1, 0, 0
175000, 7532, 1, 0, 0
176000, 7591, 1, 0, 0
177000, 7624, 1, 0, 0
178000, 7647, 1, 0, 0
179000, 7580, 1, 0, 0
180000, 7791, 1, 0, 0
