1003, 3114, 0, 0, 0
2011, 20509, 0, 0, 0
3004, 3276, 0, 0, 0
4017, 4931, 0, 0, 0
5011, 27133, 0, 0, 0
6007, 3991, 0, 0, 0
7017, 2701, 0, 0, 0
8013, 4033, 0, 0, 0
9008, 27923, 0, 0, 0
10004, 2608, 0, 0, 0
11007, 1932, 0, 0, 0
12008, 1949, 0, 0, 0
13003, 2449, 0, 0, 0
14009, 2002, 0, 0, 0
15003, 2376, 0, 0, 0
16009, 2075, 0, 0, 0
17017, 2040, 0, 0, 0
18005, 2541, 0, 0, 0
19007, 2055, 0, 0, 0
20004, 2011, 0, 0, 0
21013, 1993, 0, 0, 0
22009, 1988, 0, 0, 0
23005, 2113, 0, 0, 0
24002, 1919, 0, 0, 0
25011, 2047, 0, 0, 0
26007, 3119, 0, 0, 0
27005, 30781, 0, 0, 0
28011, 1942, 0, 0, 0
29004, 2047, 0, 0, 0
30016, 2035, 0, 0, 0
31008, 1998, 0, 0, 0
32019, 1973, 0, 0, 0
33013, 1970, 0, 0, 0
34007, 1996, 0, 0, 0
35003, 2125, 0, 0, 0
36014, 2258, 0, 0, 0
37006, 1931, 0, 0, 0
38005, 3681, 0, 0, 0
39004, 1989, 0, 0, 0
40009, 2006, 0, 0, 0
41005, 2116, 0, 0, 0
42003, 2257, 0, 0, 0
43008, 2197, 0, 0, 0
44017, 2241, 0, 0, 0
45009, 2043, 0, 0, 0
46011, 3539, 0, 0, 0
47010, 19431, 0, 0, 0
48006, 2858, 0, 0, 0
49014, 2141, 0, 0, 0
50010, 1998, 0, 0, 0
51006, 1998, 0, 0, 0
52009, 1946, 0, 0, 0
53010, 1970, 0, 0, 0
54004, 1980, 0, 0, 0
55015, 2011, 0, 0, 0
56009, 2057, 0, 0, 0
57002, 2021, 0, 0, 0
58011, 2108, 0, 0, 0
59005, 2083, 0, 0, 0
60013, 3376, 0, 0, 0
61007, 21202, 0, 0, 0
62016, 2151, 0, 0, 0
63008, 1901, 0, 0, 0
64005, 2606, 0, 0, 0
65016, 2408, 0, 0, 0
66008, 2015, 0, 0, 0
67004, 2035, 0, 0, 0
68013, 2172, 0, 0, 0
69008, 2085, 0, 0, 0
70006, 1989, 0, 0, 0
71011, 1966, 0, 0, 0
72005, 1984, 0, 0, 0
73015, 2002, 0, 0, 0
74004, 2110, 0, 0, 0
75018, 2021, 0, 0, 0
76011, 1958, 0, 0, 0
77007, 1955, 0, 0, 0
78012, 1967, 0, 0, 0
79009, 1893, 0, 0, 0
80004, 1857, 0, 0, 0
81014, 1900, 0, 0, 0
82010, 1861, 0, 0, 0
83008, 1789, 0, 0, 0
84011, 1860, 0, 0, 0
85013, 1845, 0, 0, 0
86008, 1847, 0, 0, 0
87003, 1869, 0, 0, 0
88011, 1858, 0, 0, 0
89004, 1811, 0, 0, 0
90014, 1842, 0, 0, 0
91006, 1832, 0, 0, 0
92016, 1744, 0, 0, 0
93011, 1744, 0, 0, 0
94007, 1816, 0, 0, 0
95018, 1728, 0, 0, 0
96004, 1730, 0, 0, 0
97010, 1773, 0, 0, 0
98007, 1876, 0, 0, 0
99018, 1746, 0, 0, 0
100013, 1721, 0, 0, 0
101005, 1795, 0, 0, 0
102015, 1775, 0, 0, 0
103010, 1693, 0, 0, 0
104008, 1737, 0, 0, 0
105004, 1775, 0, 0, 0
106013, 1736, 0, 0, 0
107007, 1748, 0, 0, 0
108002, 1699, 0, 0, 0
109012, 1693, 0, 0, 0
110009, 1754, 0, 0, 0
111004, 1702, 0, 0, 0
112016, 1726, 0, 0, 0
113012, 1731, 0, 0, 0
114007, 1738, 0, 0, 0
115003, 1668, 0, 0, 0
116013, 1757, 0, 0, 0
117002, 1744, 0, 0, 0
118003, 1809, 0, 0, 0
119012, 1810, 0, 0, 0
120004, 1736, 0, 0, 0
121007, 1746, 0, 0, 0
122009, 1740, 0, 0, 0
123004, 1731, 0, 0, 0
124009, 1691, 0, 0, 0
125008, 1703, 0, 0, 0
126003, 1714, 0, 0, 0
127013, 1761, 0, 0, 0
128009, 1883, 0, 0, 0
129003, 1783, 0, 0, 0
130004, 1762, 0, 0, 0
131005, 1739, 0, 0, 0
132016, 1721, 0, 0, 0
133012, 1794, 0, 0, 0
134005, 1618, 0, 0, 0
135018, 1748, 0, 0, 0
136014, 1724, 0, 0, 0
137007, 1804, 0, 0, 0
138004, 1719, 0, 0, 0
139016, 1749, 0, 0, 0
140003, 1716, 0, 0, 0
141008, 1704, 0, 0, 0
142004, 1746, 0, 0, 0
143004, 1687, 0, 0, 0
144014, 1784, 0, 0, 0
145008, 1844, 0, 0, 0
146003, 1800, 0, 0, 0
147013, 1834, 0, 0, 0
148006, 1975, 0, 0, 0
149016, 1930, 0, 0, 0
150011, 1927, 0, 0, 0
151002, 1913, 0, 0, 0
152014, 1900, 0, 0, 0
153011, 1934, 0, 0, 0
154006, 1963, 0, 0, 0
155009, 1953, 0, 0, 0
156012, 1959, 0, 0, 0
157011, 1933, 0, 0, 0
158006, 1937, 0, 0, 0
159016, 1948, 0, 0, 0
160011, 2006, 0, 0, 0
161003, 1964, 0, 0, 0
162012, 1942, 0, 0, 0
163003, 1875, 0, 0, 0
164014, 1897, 0, 0, 0
165006, 1912, 0, 0, 0
166015, 2019, 0, 0, 0
167005, 1917, 0, 0, 0
168003, 1860, 0, 0, 0
169012, 1952, 0, 0, 0
170007, 1946, 0, 0, 0
171003, 1934, 0, 0, 0
172004, 1918, 0, 0, 0
173007, 1852, 0, 0, 0
174018, 1855, 0, 0, 0
175009, 1920, 0, 0, 0
176006, 1932, 0, 0, 0
177012, 1860, 0, 0, 0
178003, 1923, 0, 0, 0
179013, 1871, 0, 0, 0
180018, 1921, 0, 0, 0
