999, 2058, 1, 0, 0
1999, 1905, 1, 0, 0
3000, 1976, 1, 0, 0
4000, 1973, 1, 0, 0
5000, 1949, 1, 0, 0
6000, 1932, 1, 0, 0
6999, 1941, 1, 0, 0
7999, 1869, 1, 0, 0
9000, 1912, 1, 0, 0
10000, 1876, 1, 0, 0
10999, 1941, 1, 0, 0
12000, 1964, 1, 0, 0
13000, 1865, 1, 0, 0
14000, 1961, 1, 0, 0
14999, 2038, 1, 0, 0
15999, 1965, 1, 0, 0
17000, 1956, 1, 0, 0
18000, 1893, 1, 0, 0
19000, 1873, 1, 0, 0
20000, 1889, 1, 0, 0
21000, 1973, 1, 0, 0
22000, 1836, 1, 0, 0
23000, 1808, 1, 0, 0
24000, 1789, 1, 0, 0
25000, 2076, 1, 0, 0
26000, 2034, 1, 0, 0
26999, 1885, 1, 0, 0
27999, 1953, 1, 0, 0
28999, 1965, 1, 0, 0
29999, 1933, 1, 0, 0
31000, 1840, 1, 0, 0
32000, 1909, 1, 0, 0
33000, 1925, 1, 0, 0
33999, 1885, 1, 0, 0
34999, 1805, 1, 0, 0
36000, 1836, 1, 0, 0
37000, 1921, 1, 0, 0
38000, 1925, 1, 0, 0
39000, 1913, 1, 0, 0
39999, 1809, 1, 0, 0
40999, 1905, 1, 0, 0
41999, 1788, 1, 0, 0
43000, 1876, 1, 0, 0
44000, 1865, 1, 0, 0
45000, 2006, 1, 0, 0
46000, 1765, 1, 0, 0
46999, 1833, 1, 0, 0
47999, 1961, 1, 0, 0
49000, 1896, 1, 0, 0
50000, 1829, 1, 0, 0
51000, 1953, 1, 0, 0
51999, 1781, 1, 0, 0
52999, 1893, 1, 0, 0
54000, 2080, 1, 0, 0
55000, 1789, 1, 0, 0
56000, 1981, 1, 0, 0
56999, 2002, 1, 0, 0
57999, 1981, 1, 0, 0
59000, 1924, 1, 0, 0
60000, 1729, 1, 0, 0
61000, 1937, 1, 0, 0
62000, 1941, 1, 0, 0
62999, 2002, 1, 0, 0
64000, 1860, 1, 0, 0
65000, 1949, 1, 0, 0
66000, 1917, 1, 0, 0
66999, 1825, 1, 0, 0
67999, 1869, 1, 0, 0
68999, 1917, 1, 0, 0
70000, 1892, 1, 0, 0
71000, 1849, 1, 0, 0
72000, 1921, 1, 0, 0
72999, 1893, 1, 0, 0
73999, 1941, 1, 0, 0
75000, 1932, 1, 0, 0
76000, 1873, 1, 0, 0
77000, 1957, 1, 0, 0
78000, 1945, 1, 0, 0
79000, 1900, 1, 0, 0
80000, 1909, 1, 0, 0
80999, 1933, 1, 0, 0
81999, 1949, 1, 0, 0
83000, 1952, 1, 0, 0
84000, 1893, 1, 0, 0
85000, 1901, 1, 0, 0
86000, 1968, 1, 0, 0
87000, 1945, 1, 0, 0
88000, 2022, 1, 0, 0
88999, 1849, 1, 0, 0
90000, 1988, 1, 0, 0
91000, 1949, 1, 0, 0
92000, 1849, 1, 0, 0
92999, 1889, 1, 0, 0
93999, 1937, 1, 0, 0
95000, 2052, 1, 0, 0
95999, 1845, 1, 0, 0
97000, 2072, 1, 0, 0
98000, 2014, 1, 0, 0
99000, 1737, 1, 0, 0
100000, 1889, 1, 0, 0
100999, 1949, 1, 0, 0
101999, 1841, 1, 0, 0
103000, 1808, 1, 0, 0
104000, 1833, 1, 0, 0
105000, 1861, 1, 0, 0
105999, 1881, 1, 0, 0
106999, 1869, 1, 0, 0
108000, 1972, 1, 0, 0
109000, 1993, 1, 0, 0
110000, 2006, 1, 0, 0
111000, 1856, 1, 0, 0
112000, 1968, 1, 0, 0
113000, 1904, 1, 0, 0
114000, 1981, 1, 0, 0
115000, 1897, 1, 0, 0
116000, 1833, 1, 0, 0
116999, 1861, 1, 0, 0
117999, 1985, 1, 0, 0
119000, 1980, 1, 0, 0
120000, 2090, 1, 0, 0
121000, 1925, 1, 0, 0
122000, 1925, 1, 0, 0
123000, 1925, 1, 0, 0
123999, 1917, 1, 0, 0
124999, 1885, 1, 0, 0
126000, 2072, 1, 0, 0
127000, 1993, 1, 0, 0
128000, 1881, 1, 0, 0
129000, 1901, 1, 0, 0
129999, 1913, 1, 0, 0
130999, 1797, 1, 0, 0
132000, 1900, 1, 0, 0
133000, 1837, 1, 0, 0
134000, 1937, 1, 0, 0
135000, 1933, 1, 0, 0
136000, 1941, 1, 0, 0
136999, 1913, 1, 0, 0
137999, 1925, 1, 0, 0
139000, 1952, 1, 0, 0
140000, 1865, 1, 0, 0
141000, 1929, 1, 0, 0
141999, 1813, 1, 0, 0
142999, 1817, 1, 0, 0
144000, 1932, 1, 0, 0
145000, 1761, 1, 0, 0
146000, 1945, 1, 0, 0
146999, 1869, 1, 0, 0
147999, 1845, 1, 0, 0
148999, 1949, 1, 0, 0
150000, 1992, 1, 0, 0
151000, 1849, 1, 0, 0
152000, 1932, 1, 0, 0
152999, 1941, 1, 0, 0
154000, 1880, 1, 0, 0
155000, 2002, 1, 0, 0
156000, 1997, 1, 0, 0
156999, 1817, 1, 0, 0
158000, 1932, 1, 0, 0
159000, 1937, 1, 0, 0
159999, 1865, 1, 0, 0
160999, 1948, 1, 0, 0
161999, 1981, 1, 0, 0
163000, 1992, 1, 0, 0
164000, 1913, 1, 0, 0
164999, 1805, 1, 0, 0
165999, 1905, 1, 0, 0
167000, 1848, 1, 0, 0
168000, 1949, 1, 0, 0
168999, 1973, 1, 0, 0
170000, 1964, 1, 0, 0
171000, 1981, 1, 0, 0
172000, 1917, 1, 0, 0
172999, 1921, 1, 0, 0
173999, 1805, 1, 0, 0
175000, 1948, 1, 0, 0
176000, 1809, 1, 0, 0
177000, 2018, 1, 0, 0
177999, 1877, 1, 0, 0
178999, 1857, 1, 0, 0
180000, 1996, 1, 0, 0
