1000, 512, 0, 0, 0
2000, 499, 0, 0, 0
3000, 469, 0, 0, 0
4001, 472, 0, 0, 0
5001, 461, 0, 0, 0
6000, 470, 0, 0, 0
7000, 495, 0, 0, 0
8001, 491, 0, 0, 0
9001, 495, 0, 0, 0
10001, 463, 0, 0, 0
11000, 501, 0, 0, 0
12000, 470, 0, 0, 0
13000, 457, 0, 0, 0
14000, 480, 0, 0, 0
15000, 492, 0, 0, 0
16000, 470, 0, 0, 0
17000, 481, 0, 0, 0
18001, 493, 0, 0, 0
19000, 476, 0, 0, 0
20000, 477, 0, 0, 0
21000, 461, 0, 0, 0
22001, 484, 0, 0, 0
23001, 477, 0, 0, 0
24001, 478, 0, 0, 0
25000, 495, 0, 0, 0
26001, 474, 0, 0, 0
27000, 455, 0, 0, 0
28001, 482, 0, 0, 0
29000, 464, 0, 0, 0
30000, 494, 0, 0, 0
31000, 486, 0, 0, 0
32000, 471, 0, 0, 0
33001, 505, 0, 0, 0
34001, 469, 0, 0, 0
35000, 499, 0, 0, 0
36000, 459, 0, 0, 0
37000, 502, 0, 0, 0
38000, 475, 0, 0, 0
39000, 486, 0, 0, 0
40001, 495, 0, 0, 0
41000, 485, 0, 0, 0
42001, 478, 0, 0, 0
43000, 421, 0, 0, 0
44001, 467, 0, 0, 0
45001, 497, 0, 0, 0
46000, 447, 0, 0, 0
47000, 459, 0, 0, 0
48000, 435, 0, 0, 0
49000, 486, 0, 0, 0
50000, 455, 0, 0, 0
51001, 455, 0, 0, 0
52001, 444, 0, 0, 0
53000, 477, 0, 0, 0
54000, 497, 0, 0, 0
55000, 473, 0, 0, 0
56001, 506, 0, 0, 0
57001, 499, 0, 0, 0
58001, 473, 0, 0, 0
59000, 464, 0, 0, 0
60001, 443, 0, 0, 0
61001, 463, 0, 0, 0
62000, 485, 0, 0, 0
63001, 513, 0, 0, 0
64000, 505, 0, 0, 0
65000, 512, 0, 0, 0
66000, 479, 0, 0, 0
67001, 467, 0, 0, 0
68000, 448, 0, 0, 0
69001, 439, 0, 0, 0
70001, 445, 0, 0, 0
71000, 470, 0, 0, 0
72000, 482, 0, 0, 0
73000, 494, 0, 0, 0
74001, 469, 0, 0, 0
75001, 471, 0, 0, 0
76001, 490, 0, 0, 0
77001, 502, 0, 0, 0
78000, 460, 0, 0, 0
79001, 505, 0, 0, 0
80001, 483, 0, 0, 0
81000, 495, 0, 0, 0
82000, 504, 0, 0, 0
83000, 496, 0, 0, 0
84000, 514, 0, 0, 0
85001, 498, 0, 0, 0
86000, 474, 0, 0, 0
87000, 512, 0, 0, 0
88001, 498, 0, 0, 0
89001, 487, 0, 0, 0
90001, 497, 0, 0, 0
91000, 501, 0, 0, 0
92000, 481, 0, 0, 0
93001, 503, 0, 0, 0
94001, 483, 0, 0, 0
95001, 482, 0, 0, 0
96000, 498, 0, 0, 0
97001, 475, 0, 0, 0
98000, 486, 0, 0, 0
99001, 482, 0, 0, 0
100000, 452, 0, 0, 0
101000, 457, 0, 0, 0
102000, 470, 0, 0, 0
103000, 472, 0, 0, 0
104001, 454, 0, 0, 0
105000, 459, 0, 0, 0
106001, 470, 0, 0, 0
107000, 478, 0, 0, 0
108001, 478, 0, 0, 0
109000, 469, 0, 0, 0
110001, 451, 0, 0, 0
111001, 480, 0, 0, 0
112000, 501, 0, 0, 0
113001, 404, 0, 0, 0
114001, 472, 0, 0, 0
115000, 450, 0, 0, 0
116001, 458, 0, 0, 0
117000, 459, 0, 0, 0
118001, 498, 0, 0, 0
119000, 514, 0, 0, 0
120001, 476, 0, 0, 0
121000, 422, 0, 0, 0
122001, 433, 0, 0, 0
123001, 438, 0, 0, 0
124000, 402, 0, 0, 0
125000, 446, 0, 0, 0
126000, 465, 0, 0, 0
127001, 472, 0, 0, 0
128000, 472, 0, 0, 0
129001, 479, 0, 0, 0
130001, 443, 0, 0, 0
131000, 433, 0, 0, 0
132000, 460, 0, 0, 0
133000, 472, 0, 0, 0
134001, 465, 0, 0, 0
135001, 472, 0, 0, 0
136000, 480, 0, 0, 0
137000, 464, 0, 0, 0
138001, 479, 0, 0, 0
139000, 476, 0, 0, 0
140000, 475, 0, 0, 0
141001, 487, 0, 0, 0
142001, 448, 0, 0, 0
143000, 492, 0, 0, 0
144000, 487, 0, 0, 0
145001, 479, 0, 0, 0
146000, 448, 0, 0, 0
147001, 453, 0, 0, 0
148000, 467, 0, 0, 0
149000, 469, 0, 0, 0
150001, 470, 0, 0, 0
151001, 479, 0, 0, 0
152000, 467, 0, 0, 0
153000, 468, 0, 0, 0
154000, 483, 0, 0, 0
155000, 445, 0, 0, 0
156000, 467, 0, 0, 0
157001, 481, 0, 0, 0
158000, 425, 0, 0, 0
159000, 478, 0, 0, 0
160000, 468, 0, 0, 0
161000, 435, 0, 0, 0
162001, 459, 0, 0, 0
163001, 465, 0, 0, 0
164000, 475, 0, 0, 0
165000, 433, 0, 0, 0
166001, 438, 0, 0, 0
167000, 441, 0, 0, 0
168001, 435, 0, 0, 0
169000, 421, 0, 0, 0
170000, 464, 0, 0, 0
171000, 455, 0, 0, 0
172000, 480, 0, 0, 0
173001, 494, 0, 0, 0
174001, 493, 0, 0, 0
175000, 480, 0, 0, 0
176001, 485, 0, 0, 0
177000, 511, 0, 0, 0
178000, 401, 0, 0, 0
179001, 399, 0, 0, 0
180001, 403, 0, 0, 0
