1000, 7546453, 1, 0, 0
2003, 8050196, 1, 0, 0
3000, 8105029, 1, 0, 0
4007, 8122734, 1, 0, 0
5001, 8255745, 1, 0, 0
6000, 8356303, 1, 0, 0
7005, 8322308, 1, 0, 0
8005, 8646463, 1, 0, 0
9000, 8814647, 1, 0, 0
10007, 8229126, 1, 0, 0
11004, 8162539, 1, 0, 0
12000, 8299452, 1, 0, 0
13007, 8291607, 1, 0, 0
14001, 8322043, 1, 0, 0
15000, 8513862, 1, 0, 0
16000, 8193773, 1, 0, 0
17004, 8391392, 1, 0, 0
18000, 8078448, 1, 0, 0
19000, 8232510, 1, 0, 0
20000, 8025715, 1, 0, 0
21001, 8650550, 1, 0, 0
22000, 8152116, 1, 0, 0
23002, 8347644, 1, 0, 0
24000, 8371511, 1, 0, 0
25003, 8350300, 1, 0, 0
26000, 8320718, 1, 0, 0
27000, 8489988, 1, 0, 0
28000, 8338078, 1, 0, 0
29001, 8038854, 1, 0, 0
30002, 8337387, 1, 0, 0
31000, 8279113, 1, 0, 0
32000, 8247578, 1, 0, 0
33007, 7951355, 1, 0, 0
34000, 8303175, 1, 0, 0
35001, 8432469, 1, 0, 0
36000, 8027425, 1, 0, 0
37000, 8581095, 1, 0, 0
38000, 8218911, 1, 0, 0
39001, 8318807, 1, 0, 0
40000, 8330348, 1, 0, 0
41000, 7770781, 1, 0, 0
42008, 8681115, 1, 0, 0
43003, 8280908, 1, 0, 0
44000, 8353445, 1, 0, 0
45000, 8323462, 1, 0, 0
46001, 8230900, 1, 0, 0
47000, 8071258, 1, 0, 0
48001, 8413383, 1, 0, 0
49003, 8226385, 1, 0, 0
50001, 8450860, 1, 0, 0
51005, 7899579, 1, 0, 0
52000, 7940521, 1, 0, 0
53003, 8308399, 1, 0, 0
54000, 8517948, 1, 0, 0
55000, 8291177, 1, 0, 0
56000, 8228513, 1, 0, 0
57000, 8381620, 1, 0, 0
58006, 8338330, 1, 0, 0
59001, 8241680, 1, 0, 0
60001, 8212938, 1, 0, 0
61000, 8380812, 1, 0, 0
62003, 8351636, 1, 0, 0
63000, 8611622, 1, 0, 0
64001, 8324362, 1, 0, 0
65001, 8263814, 1, 0, 0
66000, 8520885, 1, 0, 0
67001, 8208212, 1, 0, 0
68000, 8352800, 1, 0, 0
69000, 8327128, 1, 0, 0
70020, 8394796, 1, 0, 0
71000, 8058869, 1, 0, 0
72000, 8266562, 1, 0, 0
73008, 8595589, 1, 0, 0
74000, 8663598, 1, 0, 0
75000, 8516392, 1, 0, 0
76000, 8436809, 1, 0, 0
77000, 8679334, 1, 0, 0
78000, 8125936, 1, 0, 0
79000, 8561571, 1, 0, 0
80000, 8258569, 1, 0, 0
81001, 8458922, 1, 0, 0
82000, 8319564, 1, 0, 0
83002, 8240018, 1, 0, 0
84000, 8804432, 1, 0, 0
85000, 8913706, 1, 0, 0
86000, 8113196, 1, 0, 0
87000, 8136455, 1, 0, 0
88000, 8173011, 1, 0, 0
89001, 8230924, 1, 0, 0
90000, 8261052, 1, 0, 0
91000, 8254866, 1, 0, 0
92000, 8356799, 1, 0, 0
93003, 8449337, 1, 0, 0
94000, 8130271, 1, 0, 0
95000, 8839446, 1, 0, 0
96000, 8279872, 1, 0, 0
97000, 8062798, 1, 0, 0
98002, 8186842, 1, 0, 0
99000, 8579476, 1, 0, 0
100001, 8182670, 1, 0, 0
101000, 8493822, 1, 0, 0
102000, 8503506, 1, 0, 0
103000, 8572024, 1, 0, 0
104000, 8317342, 1, 0, 0
105005, 8289237, 1, 0, 0
106000, 8656252, 1, 0, 0
107000, 8294889, 1, 0, 0
108000, 8672635, 1, 0, 0
109005, 8043002, 1, 0, 0
110000, 8821812, 1, 0, 0
111000, 8715328, 1, 0, 0
112000, 8413348, 1, 0, 0
113000, 8256748, 1, 0, 0
114002, 8393573, 1, 0, 0
115000, 8377912, 1, 0, 0
116000, 8443480, 1, 0, 0
117000, 8538311, 1, 0, 0
118000, 8467785, 1, 0, 0
119000, 8381791, 1, 0, 0
120000, 8296890, 1, 0, 0
121007, 8243940, 1, 0, 0
122000, 8375585, 1, 0, 0
123000, 8248538, 1, 0, 0
124000, 8108324, 1, 0, 0
125006, 8206631, 1, 0, 0
126000, 8466116, 1, 0, 0
127000, 8164674, 1, 0, 0
128006, 8297943, 1, 0, 0
129001, 8665565, 1, 0, 0
130000, 8518743, 1, 0, 0
131000, 8656430, 1, 0, 0
132001, 8396548, 1, 0, 0
133001, 8483898, 1, 0, 0
134006, 8342899, 1, 0, 0
135000, 8139953, 1, 0, 0
136000, 8576855, 1, 0, 0
137000, 8438610, 1, 0, 0
138000, 8268543, 1, 0, 0
139000, 7890622, 1, 0, 0
140000, 8401905, 1, 0, 0
141000, 8719922, 1, 0, 0
142000, 8222092, 1, 0, 0
143001, 8292403, 1, 0, 0
144001, 8393407, 1, 0, 0
145000, 8440794, 1, 0, 0
146001, 8481773, 1, 0, 0
147000, 8299512, 1, 0, 0
148000, 8202258, 1, 0, 0
149004, 8071430, 1, 0, 0
150000, 8373417, 1, 0, 0
151006, 8219043, 1, 0, 0
152000, 8529685, 1, 0, 0
153001, 8093203, 1, 0, 0
154002, 7975306, 1, 0, 0
155000, 8338842, 1, 0, 0
156000, 8831894, 1, 0, 0
157000, 8324792, 1, 0, 0
158001, 8230528, 1, 0, 0
159000, 8113630, 1, 0, 0
160007, 8267152, 1, 0, 0
161001, 8589906, 1, 0, 0
162000, 8648682, 1, 0, 0
163000, 9299083, 1, 0, 0
164000, 7984634, 1, 0, 0
165005, 7761181, 1, 0, 0
166000, 8567678, 1, 0, 0
167000, 8111552, 1, 0, 0
168001, 8290961, 1, 0, 0
169000, 8786560, 1, 0, 0
170007, 8044358, 1, 0, 0
171000, 8477727, 1, 0, 0
172000, 8526904, 1, 0, 0
173007, 8505852, 1, 0, 0
174000, 8241042, 1, 0, 0
175000, 8239747, 1, 0, 0
176004, 8217313, 1, 0, 0
177000, 8581717, 1, 0, 0
178000, 8361896, 1, 0, 0
179000, 8439507, 1, 0, 0
180000, 8340892, 1, 0, 0
180004, 6542355, 1, 0, 0
