1002, 7650938, 1, 0, 0
2000, 8417042, 1, 0, 0
3007, 8401290, 1, 0, 0
4001, 8250917, 1, 0, 0
5009, 8382231, 1, 0, 0
6001, 8330049, 1, 0, 0
7003, 8105677, 1, 0, 0
8004, 8528791, 1, 0, 0
9012, 8226397, 1, 0, 0
10005, 8545156, 1, 0, 0
11001, 8218420, 1, 0, 0
12002, 8223342, 1, 0, 0
13003, 8516200, 1, 0, 0
14000, 8441241, 1, 0, 0
15004, 9237928, 1, 0, 0
16005, 8816352, 1, 0, 0
17001, 8417431, 1, 0, 0
18000, 8636181, 1, 0, 0
19004, 8193322, 1, 0, 0
20003, 8231838, 1, 0, 0
21007, 8297695, 1, 0, 0
22013, 8288346, 1, 0, 0
23004, 8276024, 1, 0, 0
24007, 8255819, 1, 0, 0
25007, 8168938, 1, 0, 0
26001, 8382255, 1, 0, 0
27007, 8572650, 1, 0, 0
28000, 8162905, 1, 0, 0
29010, 8293321, 1, 0, 0
30002, 8745492, 1, 0, 0
31000, 8414585, 1, 0, 0
32010, 8437535, 1, 0, 0
33000, 8415562, 1, 0, 0
34000, 8089767, 1, 0, 0
35007, 8249005, 1, 0, 0
36000, 8394303, 1, 0, 0
37005, 8350928, 1, 0, 0
38000, 8557026, 1, 0, 0
39011, 8174256, 1, 0, 0
40000, 8334270, 1, 0, 0
41012, 8196556, 1, 0, 0
42004, 8558873, 1, 0, 0
43000, 8519963, 1, 0, 0
44004, 8085976, 1, 0, 0
45003, 8388464, 1, 0, 0
46011, 8256667, 1, 0, 0
47002, 8408768, 1, 0, 0
48000, 8382170, 1, 0, 0
49004, 8320119, 1, 0, 0
50005, 8355071, 1, 0, 0
51000, 8463501, 1, 0, 0
52002, 8583820, 1, 0, 0
53002, 8469139, 1, 0, 0
54000, 8524023, 1, 0, 0
55000, 8529612, 1, 0, 0
56009, 8281051, 1, 0, 0
57001, 8407516, 1, 0, 0
58001, 8739268, 1, 0, 0
59005, 8605216, 1, 0, 0
60001, 8422417, 1, 0, 0
61000, 8342119, 1, 0, 0
62003, 8372487, 1, 0, 0
63000, 8543396, 1, 0, 0
64007, 8216947, 1, 0, 0
65001, 8548332, 1, 0, 0
66004, 8387485, 1, 0, 0
67007, 8344600, 1, 0, 0
68001, 8205252, 1, 0, 0
69011, 8399817, 1, 0, 0
70005, 8597109, 1, 0, 0
71000, 8081928, 1, 0, 0
72010, 8390837, 1, 0, 0
73003, 8324483, 1, 0, 0
74000, 8204003, 1, 0, 0
75002, 8634460, 1, 0, 0
76001, 8210630, 1, 0, 0
77012, 8234444, 1, 0, 0
78000, 8143530, 1, 0, 0
79001, 8303013, 1, 0, 0
80005, 8344560, 1, 0, 0
81001, 8423345, 1, 0, 0
82005, 8439264, 1, 0, 0
83003, 8413929, 1, 0, 0
84000, 8067805, 1, 0, 0
85000, 8143391, 1, 0, 0
86001, 8305610, 1, 0, 0
87008, 8641574, 1, 0, 0
88002, 7998264, 1, 0, 0
89010, 8382974, 1, 0, 0
90000, 8465699, 1, 0, 0
91001, 8192206, 1, 0, 0
92009, 8349707, 1, 0, 0
93003, 8245590, 1, 0, 0
94000, 8479574, 1, 0, 0
95005, 8341641, 1, 0, 0
96000, 8317565, 1, 0, 0
97002, 8437919, 1, 0, 0
98004, 8383418, 1, 0, 0
99000, 8118319, 1, 0, 0
100003, 8233702, 1, 0, 0
101001, 8710613, 1, 0, 0
102000, 8566558, 1, 0, 0
103004, 8396542, 1, 0, 0
104000, 8491205, 1, 0, 0
105001, 8526027, 1, 0, 0
106001, 8198241, 1, 0, 0
107011, 8241496, 1, 0, 0
108001, 8576981, 1, 0, 0
109000, 8440380, 1, 0, 0
110007, 8142547, 1, 0, 0
111001, 8335729, 1, 0, 0
112005, 7993615, 1, 0, 0
113000, 8381034, 1, 0, 0
114000, 8339295, 1, 0, 0
115008, 8481190, 1, 0, 0
116000, 8747976, 1, 0, 0
117002, 8097663, 1, 0, 0
118006, 8480907, 1, 0, 0
119000, 8384346, 1, 0, 0
120003, 8314857, 1, 0, 0
121000, 8434568, 1, 0, 0
122010, 8316350, 1, 0, 0
123004, 8367232, 1, 0, 0
124000, 8375034, 1, 0, 0
125005, 8304085, 1, 0, 0
126000, 8374844, 1, 0, 0
127000, 8555747, 1, 0, 0
128004, 8499125, 1, 0, 0
129012, 8254241, 1, 0, 0
130000, 8699357, 1, 0, 0
131000, 8224894, 1, 0, 0
132000, 8272518, 1, 0, 0
133000, 8415951, 1, 0, 0
134001, 8262190, 1, 0, 0
135004, 8433886, 1, 0, 0
136000, 8385043, 1, 0, 0
137007, 8470614, 1, 0, 0
138001, 8200833, 1, 0, 0
139011, 8356868, 1, 0, 0
140000, 8434681, 1, 0, 0
141000, 8372293, 1, 0, 0
142007, 8283987, 1, 0, 0
143002, 8314343, 1, 0, 0
144010, 8362355, 1, 0, 0
145005, 8570760, 1, 0, 0
146000, 8372992, 1, 0, 0
147007, 8296506, 1, 0, 0
148000, 8423051, 1, 0, 0
149011, 8356015, 1, 0, 0
150000, 8538038, 1, 0, 0
151000, 8451519, 1, 0, 0
152009, 8572389, 1, 0, 0
153001, 8197349, 1, 0, 0
154010, 8286265, 1, 0, 0
155004, 8688568, 1, 0, 0
156000, 8410336, 1, 0, 0
157001, 8112140, 1, 0, 0
158001, 8329406, 1, 0, 0
159025, 8310330, 1, 0, 0
160002, 8519128, 1, 0, 0
161011, 8404475, 1, 0, 0
162000, 8452324, 1, 0, 0
163000, 8255227, 1, 0, 0
164002, 8104849, 1, 0, 0
165003, 8427525, 1, 0, 0
166000, 8337439, 1, 0, 0
167002, 8195371, 1, 0, 0
168000, 8439635, 1, 0, 0
169000, 8267280, 1, 0, 0
170000, 7973738, 1, 0, 0
171009, 8147982, 1, 0, 0
172002, 8185212, 1, 0, 0
173000, 8442060, 1, 0, 0
174008, 8359533, 1, 0, 0
175002, 8511111, 1, 0, 0
176000, 8175077, 1, 0, 0
177006, 8137936, 1, 0, 0
178000, 8419459, 1, 0, 0
179010, 8312789, 1, 0, 0
180005, 8321272, 1, 0, 0
180012, 35588792, 1, 0, 0
