1003, 117158850, 0, 0, 0
2035, 130547000, 0, 0, 0
3048, 131229159, 0, 0, 0
4040, 129986972, 0, 0, 0
5000, 134763871, 0, 0, 0
6000, 134278160, 0, 0, 0
7001, 136311850, 0, 0, 0
8000, 131456747, 0, 0, 0
9001, 132088581, 0, 0, 0
10000, 132971949, 0, 0, 0
11040, 133641697, 0, 0, 0
12000, 132868815, 0, 0, 0
13001, 134551479, 0, 0, 0
14002, 134577177, 0, 0, 0
15047, 131579357, 0, 0, 0
16000, 133740580, 0, 0, 0
17030, 133872711, 0, 0, 0
18047, 131078764, 0, 0, 0
19000, 134598677, 0, 0, 0
20034, 132365738, 0, 0, 0
21000, 133954579, 0, 0, 0
22000, 132669027, 0, 0, 0
23001, 131956298, 0, 0, 0
24046, 132224970, 0, 0, 0
25000, 133415127, 0, 0, 0
26048, 131840695, 0, 0, 0
27002, 135064644, 0, 0, 0
28001, 134000688, 0, 0, 0
29000, 141088323, 0, 0, 0
30000, 136550517, 0, 0, 0
31035, 134540463, 0, 0, 0
32000, 134347547, 0, 0, 0
33042, 133912533, 0, 0, 0
34000, 135475104, 0, 0, 0
35032, 131860157, 0, 0, 0
36002, 135159895, 0, 0, 0
37048, 131721521, 0, 0, 0
38000, 138201607, 0, 0, 0
39000, 137410821, 0, 0, 0
40032, 132829369, 0, 0, 0
41042, 134237160, 0, 0, 0
42000, 133901568, 0, 0, 0
43000, 139048629, 0, 0, 0
44000, 136190665, 0, 0, 0
45000, 135419871, 0, 0, 0
46036, 138928488, 0, 0, 0
47000, 139710229, 0, 0, 0
48000, 147601212, 0, 0, 0
49000, 133088918, 0, 0, 0
50000, 130188164, 0, 0, 0
51000, 139572501, 0, 0, 0
52000, 139071308, 0, 0, 0
53000, 140500205, 0, 0, 0
54035, 138613997, 0, 0, 0
55000, 136679888, 0, 0, 0
56000, 132628837, 0, 0, 0
57033, 134504791, 0, 0, 0
58048, 140302220, 0, 0, 0
59000, 136452985, 0, 0, 0
60033, 134525254, 0, 0, 0
61002, 137487394, 0, 0, 0
62001, 147117113, 0, 0, 0
63046, 140840900, 0, 0, 0
64000, 141887916, 0, 0, 0
65034, 134775702, 0, 0, 0
66002, 133060326, 0, 0, 0
67000, 138812466, 0, 0, 0
68000, 141982008, 0, 0, 0
69040, 148070748, 0, 0, 0
70000, 134836963, 0, 0, 0
71039, 134896085, 0, 0, 0
72000, 133736523, 0, 0, 0
73000, 133193298, 0, 0, 0
74048, 132314713, 0, 0, 0
75000, 133931324, 0, 0, 0
76035, 134655297, 0, 0, 0
77046, 135151160, 0, 0, 0
78000, 134956146, 0, 0, 0
79047, 133680431, 0, 0, 0
80000, 135273987, 0, 0, 0
81036, 146712200, 0, 0, 0
82037, 140167545, 0, 0, 0
83000, 136616367, 0, 0, 0
84000, 136548154, 0, 0, 0
85002, 139514293, 0, 0, 0
86000, 133067382, 0, 0, 0
87037, 130531016, 0, 0, 0
88044, 134973064, 0, 0, 0
89003, 133190241, 0, 0, 0
90036, 137129158, 0, 0, 0
91042, 133792179, 0, 0, 0
92002, 138721792, 0, 0, 0
93000, 135833207, 0, 0, 0
94047, 135697156, 0, 0, 0
95000, 135715086, 0, 0, 0
96034, 130342821, 0, 0, 0
97000, 132954544, 0, 0, 0
98000, 132561730, 0, 0, 0
99047, 134308980, 0, 0, 0
100002, 132482622, 0, 0, 0
101000, 132322682, 0, 0, 0
102046, 131060950, 0, 0, 0
103041, 133055732, 0, 0, 0
104000, 132213544, 0, 0, 0
105035, 132256976, 0, 0, 0
106041, 133024750, 0, 0, 0
107001, 131761490, 0, 0, 0
108043, 131358725, 0, 0, 0
109001, 130460090, 0, 0, 0
110045, 129908771, 0, 0, 0
111000, 129637315, 0, 0, 0
112000, 126907291, 0, 0, 0
113000, 126855894, 0, 0, 0
114035, 122746288, 0, 0, 0
115000, 125333180, 0, 0, 0
116040, 128606123, 0, 0, 0
117000, 129943986, 0, 0, 0
118000, 128649617, 0, 0, 0
119035, 128484803, 0, 0, 0
120049, 125567585, 0, 0, 0
121000, 126459670, 0, 0, 0
122033, 126498432, 0, 0, 0
123042, 125995041, 0, 0, 0
124033, 126469297, 0, 0, 0
125000, 130730458, 0, 0, 0
126036, 130361655, 0, 0, 0
127046, 133788420, 0, 0, 0
128000, 133672943, 0, 0, 0
129034, 134087490, 0, 0, 0
130046, 128666763, 0, 0, 0
131000, 132721653, 0, 0, 0
132036, 128755886, 0, 0, 0
133047, 130705658, 0, 0, 0
134041, 131679914, 0, 0, 0
135037, 133045158, 0, 0, 0
136043, 132518809, 0, 0, 0
137042, 132872028, 0, 0, 0
138000, 133613469, 0, 0, 0
139035, 132351210, 0, 0, 0
140000, 132238509, 0, 0, 0
141034, 132126270, 0, 0, 0
142000, 132047823, 0, 0, 0
143000, 133852767, 0, 0, 0
144035, 132541244, 0, 0, 0
145035, 132083780, 0, 0, 0
146001, 131290948, 0, 0, 0
147033, 128749002, 0, 0, 0
148000, 127563249, 0, 0, 0
149000, 131573379, 0, 0, 0
150042, 130798743, 0, 0, 0
151000, 131925761, 0, 0, 0
152049, 132420994, 0, 0, 0
153002, 132921104, 0, 0, 0
154035, 132374248, 0, 0, 0
155000, 131651707, 0, 0, 0
156000, 131477803, 0, 0, 0
157033, 131041340, 0, 0, 0
158000, 131889962, 0, 0, 0
159000, 132848129, 0, 0, 0
160035, 128804665, 0, 0, 0
161000, 129293728, 0, 0, 0
162035, 127266104, 0, 0, 0
163001, 128514525, 0, 0, 0
164000, 132710509, 0, 0, 0
165035, 142340210, 0, 0, 0
166046, 145907028, 0, 0, 0
167000, 135007569, 0, 0, 0
168035, 135442475, 0, 0, 0
169003, 145716356, 0, 0, 0
170042, 154006990, 0, 0, 0
171000, 153024792, 0, 0, 0
172043, 142437340, 0, 0, 0
173043, 135717654, 0, 0, 0
174001, 138295245, 0, 0, 0
175041, 139150621, 0, 0, 0
176000, 144674444, 0, 0, 0
177033, 137866548, 0, 0, 0
178000, 135688592, 0, 0, 0
179034, 133222567, 0, 0, 0
180000, 114320076, 0, 0, 0
180141, 182774916, 0, 0, 0
