1012, 7393881, 0, 0, 0
2011, 8245794, 0, 0, 0
3020, 8418827, 0, 0, 0
4012, 8413847, 0, 0, 0
5006, 8101436, 0, 0, 0
6018, 8018520, 0, 0, 0
7011, 8551171, 0, 0, 0
8006, 8301860, 0, 0, 0
9012, 8163995, 0, 0, 0
10011, 8405095, 0, 0, 0
11005, 8422807, 0, 0, 0
12005, 8393236, 0, 0, 0
13009, 8269722, 0, 0, 0
14015, 8463738, 0, 0, 0
15010, 8395299, 0, 0, 0
16008, 8400960, 0, 0, 0
17019, 8487028, 0, 0, 0
18015, 8571024, 0, 0, 0
19011, 8333727, 0, 0, 0
20020, 8350674, 0, 0, 0
21010, 8345759, 0, 0, 0
22006, 8254057, 0, 0, 0
23009, 8147303, 0, 0, 0
24006, 8377826, 0, 0, 0
25018, 8458345, 0, 0, 0
26010, 8413967, 0, 0, 0
27005, 8252143, 0, 0, 0
28011, 8304862, 0, 0, 0
29005, 8273707, 0, 0, 0
30016, 8350411, 0, 0, 0
31007, 8294306, 0, 0, 0
32020, 8457542, 0, 0, 0
33008, 8364207, 0, 0, 0
34010, 8223301, 0, 0, 0
35005, 8380737, 0, 0, 0
36014, 8326853, 0, 0, 0
37010, 8827404, 0, 0, 0
38019, 8037867, 0, 0, 0
39015, 8401278, 0, 0, 0
40009, 8374927, 0, 0, 0
41012, 8329768, 0, 0, 0
42013, 8587843, 0, 0, 0
43005, 8292195, 0, 0, 0
44007, 8272159, 0, 0, 0
45019, 8363954, 0, 0, 0
46012, 8530236, 0, 0, 0
47007, 8352565, 0, 0, 0
48008, 8267640, 0, 0, 0
49013, 8281556, 0, 0, 0
50009, 8441382, 0, 0, 0
51013, 8234122, 0, 0, 0
52006, 8316133, 0, 0, 0
53006, 8371731, 0, 0, 0
54005, 8429471, 0, 0, 0
55008, 8433155, 0, 0, 0
56005, 8323453, 0, 0, 0
57011, 8275020, 0, 0, 0
58008, 8361935, 0, 0, 0
59019, 8394064, 0, 0, 0
60013, 8461941, 0, 0, 0
61007, 8270159, 0, 0, 0
62020, 8460931, 0, 0, 0
63014, 8510337, 0, 0, 0
64008, 8385495, 0, 0, 0
65018, 8262456, 0, 0, 0
66012, 8425520, 0, 0, 0
67005, 8240322, 0, 0, 0
68008, 8200596, 0, 0, 0
69013, 8472568, 0, 0, 0
70005, 8186166, 0, 0, 0
71004, 8439242, 0, 0, 0
72007, 8460471, 0, 0, 0
73007, 8284324, 0, 0, 0
74014, 8001527, 0, 0, 0
75008, 8764805, 0, 0, 0
76005, 8326954, 0, 0, 0
77018, 8242844, 0, 0, 0
78007, 8220307, 0, 0, 0
79006, 8368667, 0, 0, 0
80012, 8369533, 0, 0, 0
81012, 8577798, 0, 0, 0
82007, 8106195, 0, 0, 0
83019, 8538586, 0, 0, 0
84011, 8140187, 0, 0, 0
85014, 8534159, 0, 0, 0
86006, 8410740, 0, 0, 0
87008, 8125934, 0, 0, 0
88006, 8372071, 0, 0, 0
89014, 8352337, 0, 0, 0
90012, 8199229, 0, 0, 0
91007, 8404989, 0, 0, 0
92018, 8393433, 0, 0, 0
93011, 8269784, 0, 0, 0
94019, 8280984, 0, 0, 0
95010, 8520537, 0, 0, 0
96006, 8183055, 0, 0, 0
97014, 8307618, 0, 0, 0
98007, 8204823, 0, 0, 0
99016, 8226619, 0, 0, 0
100011, 8563711, 0, 0, 0
101005, 8333121, 0, 0, 0
102011, 8582191, 0, 0, 0
103011, 8435421, 0, 0, 0
104005, 8129720, 0, 0, 0
105009, 8511309, 0, 0, 0
106010, 8384652, 0, 0, 0
107006, 8178946, 0, 0, 0
108017, 8239876, 0, 0, 0
109007, 8300900, 0, 0, 0
110006, 8413138, 0, 0, 0
111008, 8314286, 0, 0, 0
112019, 8372056, 0, 0, 0
113016, 8484605, 0, 0, 0
114009, 8228523, 0, 0, 0
115005, 8262035, 0, 0, 0
116010, 8335299, 0, 0, 0
117010, 8340700, 0, 0, 0
118005, 8392772, 0, 0, 0
119014, 8379901, 0, 0, 0
120010, 8362650, 0, 0, 0
121020, 8379959, 0, 0, 0
122012, 8313940, 0, 0, 0
123009, 8292592, 0, 0, 0
124017, 8118362, 0, 0, 0
125012, 8280162, 0, 0, 0
126005, 8112592, 0, 0, 0
127015, 8363444, 0, 0, 0
128009, 8334949, 0, 0, 0
129005, 8158955, 0, 0, 0
130014, 8389447, 0, 0, 0
131009, 8454842, 0, 0, 0
132019, 8273126, 0, 0, 0
133011, 8925640, 0, 0, 0
134008, 8476108, 0, 0, 0
135016, 8458354, 0, 0, 0
136009, 8287373, 0, 0, 0
137004, 8394239, 0, 0, 0
138017, 8321081, 0, 0, 0
139012, 8303074, 0, 0, 0
140005, 8346655, 0, 0, 0
141014, 8282020, 0, 0, 0
142008, 8468195, 0, 0, 0
143015, 8414981, 0, 0, 0
144014, 8517195, 0, 0, 0
145008, 8411858, 0, 0, 0
146007, 8135130, 0, 0, 0
147012, 8605827, 0, 0, 0
148008, 8311507, 0, 0, 0
149019, 8373227, 0, 0, 0
150005, 8292639, 0, 0, 0
151006, 8438370, 0, 0, 0
152014, 8403690, 0, 0, 0
153007, 8245299, 0, 0, 0
154013, 8477862, 0, 0, 0
155007, 8441424, 0, 0, 0
156006, 8306694, 0, 0, 0
157014, 8315256, 0, 0, 0
158009, 8356871, 0, 0, 0
159014, 8642372, 0, 0, 0
160013, 8491194, 0, 0, 0
161009, 8415576, 0, 0, 0
162004, 8469714, 0, 0, 0
163010, 8379456, 0, 0, 0
164007, 8462888, 0, 0, 0
165016, 8373762, 0, 0, 0
166011, 8120989, 0, 0, 0
167020, 8569279, 0, 0, 0
168015, 8373599, 0, 0, 0
169007, 8210719, 0, 0, 0
170015, 8429314, 0, 0, 0
171007, 8081274, 0, 0, 0
172013, 8242054, 0, 0, 0
173006, 8507027, 0, 0, 0
174007, 8296003, 0, 0, 0
175016, 8437993, 0, 0, 0
176009, 8264954, 0, 0, 0
177006, 8426325, 0, 0, 0
178013, 8455682, 0, 0, 0
179008, 8337682, 0, 0, 0
180011, 8290265, 0, 0, 0
180012, 42550610, 0, 0, 0
