1000, 2216223, 0, 0, 0
2000, 2155812, 0, 0, 0
3000, 2229784, 0, 0, 0
4001, 2123374, 0, 0, 0
5000, 2186793, 0, 0, 0
6000, 2181681, 0, 0, 0
7001, 2167409, 0, 0, 0
8000, 2262783, 0, 0, 0
9002, 2453137, 0, 0, 0
10001, 2532093, 0, 0, 0
11001, 2205610, 0, 0, 0
12001, 2244331, 0, 0, 0
13001, 2254107, 0, 0, 0
14000, 2164745, 0, 0, 0
15001, 2152634, 0, 0, 0
16000, 2218102, 0, 0, 0
17001, 2220605, 0, 0, 0
18001, 2158378, 0, 0, 0
19000, 2267261, 0, 0, 0
20000, 2148308, 0, 0, 0
21000, 2125151, 0, 0, 0
22001, 2161879, 0, 0, 0
23001, 2117207, 0, 0, 0
24000, 2135950, 0, 0, 0
25000, 2198929, 0, 0, 0
26001, 2309872, 0, 0, 0
27002, 2114178, 0, 0, 0
28000, 2067987, 0, 0, 0
29000, 2136914, 0, 0, 0
30001, 2141587, 0, 0, 0
31000, 2183623, 0, 0, 0
32000, 2204572, 0, 0, 0
33002, 2219016, 0, 0, 0
34001, 2195890, 0, 0, 0
35000, 2257314, 0, 0, 0
36001, 2242501, 0, 0, 0
37001, 2244564, 0, 0, 0
38003, 2165388, 0, 0, 0
39001, 2265322, 0, 0, 0
40002, 2187311, 0, 0, 0
41001, 2144869, 0, 0, 0
42001, 2171742, 0, 0, 0
43001, 2239817, 0, 0, 0
44001, 2112449, 0, 0, 0
45000, 2187559, 0, 0, 0
46006, 2241438, 0, 0, 0
47001, 2165080, 0, 0, 0
48001, 2167118, 0, 0, 0
49000, 2187755, 0, 0, 0
50001, 2215309, 0, 0, 0
51001, 2134356, 0, 0, 0
52000, 2187574, 0, 0, 0
53000, 2219911, 0, 0, 0
54001, 2140487, 0, 0, 0
55000, 2228132, 0, 0, 0
56000, 2260025, 0, 0, 0
57000, 2275005, 0, 0, 0
58000, 2180255, 0, 0, 0
59001, 2245865, 0, 0, 0
60000, 2263659, 0, 0, 0
61002, 2178586, 0, 0, 0
62000, 2191295, 0, 0, 0
63000, 2134437, 0, 0, 0
64000, 2189679, 0, 0, 0
65000, 2225262, 0, 0, 0
66000, 2229006, 0, 0, 0
67000, 2214991, 0, 0, 0
68001, 2172227, 0, 0, 0
69001, 2171814, 0, 0, 0
70000, 2369278, 0, 0, 0
71001, 2132019, 0, 0, 0
72001, 2175319, 0, 0, 0
73001, 2204305, 0, 0, 0
74000, 2184746, 0, 0, 0
75000, 2164980, 0, 0, 0
76002, 2167643, 0, 0, 0
77000, 2360872, 0, 0, 0
78001, 2215955, 0, 0, 0
79000, 2217783, 0, 0, 0
80001, 2292757, 0, 0, 0
81000, 2222560, 0, 0, 0
82001, 2207366, 0, 0, 0
83000, 2140525, 0, 0, 0
84000, 2220061, 0, 0, 0
85000, 2223985, 0, 0, 0
86000, 2208798, 0, 0, 0
87002, 2264816, 0, 0, 0
88000, 2218575, 0, 0, 0
89001, 2159969, 0, 0, 0
90000, 2231654, 0, 0, 0
91000, 2209458, 0, 0, 0
92001, 2256405, 0, 0, 0
93005, 4874541, 0, 0, 0
94001, 2142977, 0, 0, 0
95000, 2196966, 0, 0, 0
96001, 2192497, 0, 0, 0
97001, 2215083, 0, 0, 0
98000, 2198366, 0, 0, 0
99001, 2212113, 0, 0, 0
100001, 2274232, 0, 0, 0
101000, 2287099, 0, 0, 0
102000, 2200281, 0, 0, 0
103001, 2160207, 0, 0, 0
104000, 2222206, 0, 0, 0
105001, 2210225, 0, 0, 0
106002, 2251582, 0, 0, 0
107001, 2222120, 0, 0, 0
108001, 2281540, 0, 0, 0
109000, 2282644, 0, 0, 0
110000, 2148894, 0, 0, 0
111000, 2253406, 0, 0, 0
112001, 2230597, 0, 0, 0
113000, 2219250, 0, 0, 0
114000, 2146101, 0, 0, 0
115001, 2142254, 0, 0, 0
116001, 2284686, 0, 0, 0
117001, 2166358, 0, 0, 0
118000, 2191635, 0, 0, 0
119001, 2271927, 0, 0, 0
120002, 2216330, 0, 0, 0
121002, 2170328, 0, 0, 0
122000, 2186459, 0, 0, 0
123000, 2121226, 0, 0, 0
124000, 2164502, 0, 0, 0
125001, 2197067, 0, 0, 0
126001, 2211485, 0, 0, 0
127000, 2242213, 0, 0, 0
128001, 2191001, 0, 0, 0
129000, 2216853, 0, 0, 0
130000, 2142994, 0, 0, 0
131000, 2245283, 0, 0, 0
132002, 2110268, 0, 0, 0
133000, 2148341, 0, 0, 0
134000, 2107430, 0, 0, 0
135002, 2166072, 0, 0, 0
136001, 2163839, 0, 0, 0
137000, 2213690, 0, 0, 0
138000, 2193022, 0, 0, 0
139003, 2159150, 0, 0, 0
140000, 2188961, 0, 0, 0
141001, 2176989, 0, 0, 0
142001, 2166972, 0, 0, 0
143001, 2214116, 0, 0, 0
144000, 2142209, 0, 0, 0
145001, 2511880, 0, 0, 0
146001, 2157379, 0, 0, 0
147000, 2113725, 0, 0, 0
148001, 2153932, 0, 0, 0
149001, 2269574, 0, 0, 0
150000, 2174634, 0, 0, 0
151000, 2111925, 0, 0, 0
152378, 3584880, 0, 0, 0
153000, 2127843, 0, 0, 0
154000, 2160984, 0, 0, 0
155001, 2118598, 0, 0, 0
156001, 2146556, 0, 0, 0
157000, 2145679, 0, 0, 0
158000, 2138660, 0, 0, 0
159000, 2144304, 0, 0, 0
160002, 2198473, 0, 0, 0
161001, 2123749, 0, 0, 0
162002, 2149740, 0, 0, 0
163000, 2165771, 0, 0, 0
164001, 2078922, 0, 0, 0
165001, 2102382, 0, 0, 0
166001, 2153473, 0, 0, 0
167002, 2186231, 0, 0, 0
168001, 2159968, 0, 0, 0
169000, 2197187, 0, 0, 0
170000, 2259359, 0, 0, 0
171002, 2184674, 0, 0, 0
172000, 2130423, 0, 0, 0
173000, 2213909, 0, 0, 0
174001, 2035736, 0, 0, 0
175000, 2053941, 0, 0, 0
176002, 2174635, 0, 0, 0
177000, 2106468, 0, 0, 0
178001, 2154874, 0, 0, 0
179001, 2116216, 0, 0, 0
180000, 2149461, 0, 0, 0
