1032, 14501204, 0, 0, 0
2026, 17014746, 0, 0, 0
3034, 16868283, 0, 0, 0
4029, 16498782, 0, 0, 0
5032, 16801378, 0, 0, 0
6036, 16542111, 0, 0, 0
7030, 16888813, 0, 0, 0
8026, 16611442, 0, 0, 0
9034, 16962835, 0, 0, 0
10029, 16787838, 0, 0, 0
11025, 16578470, 0, 0, 0
12031, 17012335, 0, 0, 0
13029, 16878418, 0, 0, 0
14039, 16673921, 0, 0, 0
15032, 16905319, 0, 0, 0
16028, 16634533, 0, 0, 0
17037, 16517441, 0, 0, 0
18032, 16759211, 0, 0, 0
19025, 16792157, 0, 0, 0
20033, 16725179, 0, 0, 0
21029, 16639459, 0, 0, 0
22000, 17115134, 0, 0, 0
23030, 16474038, 0, 0, 0
24000, 17215081, 0, 0, 0
25025, 16384641, 0, 0, 0
26029, 16626969, 0, 0, 0
27000, 16553593, 0, 0, 0
28025, 16548652, 0, 0, 0
29029, 16966996, 0, 0, 0
30026, 16430112, 0, 0, 0
31031, 16854763, 0, 0, 0
32025, 16643499, 0, 0, 0
33039, 16648524, 0, 0, 0
34026, 16856645, 0, 0, 0
35028, 16676888, 0, 0, 0
36039, 16772468, 0, 0, 0
37028, 16674421, 0, 0, 0
38031, 16469600, 0, 0, 0
39000, 16708455, 0, 0, 0
40032, 16644719, 0, 0, 0
41041, 17167130, 0, 0, 0
42000, 16889709, 0, 0, 0
43028, 16771923, 0, 0, 0
44040, 16871187, 0, 0, 0
45029, 16878537, 0, 0, 0
46030, 16774066, 0, 0, 0
47026, 16493658, 0, 0, 0
48000, 16889540, 0, 0, 0
49029, 16385103, 0, 0, 0
50039, 16622472, 0, 0, 0
51002, 16825747, 0, 0, 0
52025, 16378351, 0, 0, 0
53038, 16859749, 0, 0, 0
54033, 16743405, 0, 0, 0
55027, 16741647, 0, 0, 0
56001, 16767210, 0, 0, 0
57027, 16807410, 0, 0, 0
58038, 16627537, 0, 0, 0
59027, 16855142, 0, 0, 0
60029, 16735971, 0, 0, 0
61028, 16709700, 0, 0, 0
62037, 16842118, 0, 0, 0
63030, 16549241, 0, 0, 0
64029, 16918044, 0, 0, 0
65038, 16779908, 0, 0, 0
66030, 17299432, 0, 0, 0
67025, 16570025, 0, 0, 0
68034, 16676371, 0, 0, 0
69028, 16679678, 0, 0, 0
70027, 16548632, 0, 0, 0
71032, 16938979, 0, 0, 0
72027, 16541735, 0, 0, 0
73029, 16541802, 0, 0, 0
74034, 16870747, 0, 0, 0
75028, 16776771, 0, 0, 0
76000, 16985178, 0, 0, 0
77028, 16669375, 0, 0, 0
78028, 16379274, 0, 0, 0
79000, 16749318, 0, 0, 0
80029, 16444650, 0, 0, 0
81026, 16647540, 0, 0, 0
82035, 16513381, 0, 0, 0
83028, 16901085, 0, 0, 0
84038, 16793445, 0, 0, 0
85033, 16809889, 0, 0, 0
86026, 16709560, 0, 0, 0
87036, 16855856, 0, 0, 0
88030, 16510548, 0, 0, 0
89040, 16800950, 0, 0, 0
90031, 16983888, 0, 0, 0
91028, 16692661, 0, 0, 0
92025, 16778234, 0, 0, 0
93036, 16774228, 0, 0, 0
94029, 16655207, 0, 0, 0
95038, 16794469, 0, 0, 0
96030, 16680480, 0, 0, 0
97039, 16525677, 0, 0, 0
98036, 16853486, 0, 0, 0
99030, 16814980, 0, 0, 0
100040, 16662644, 0, 0, 0
101036, 16882364, 0, 0, 0
102027, 16535042, 0, 0, 0
103026, 16713264, 0, 0, 0
104000, 16735073, 0, 0, 0
105028, 16332455, 0, 0, 0
106030, 16640166, 0, 0, 0
107026, 16718860, 0, 0, 0
108037, 16679390, 0, 0, 0
109027, 16808292, 0, 0, 0
110034, 16462779, 0, 0, 0
111030, 16843232, 0, 0, 0
112035, 16581772, 0, 0, 0
113000, 16781214, 0, 0, 0
114032, 16752258, 0, 0, 0
115028, 15749995, 0, 0, 0
116027, 16670421, 0, 0, 0
117034, 16838989, 0, 0, 0
118031, 16685758, 0, 0, 0
119025, 16953212, 0, 0, 0
120034, 16963879, 0, 0, 0
121026, 16582995, 0, 0, 0
122034, 16700847, 0, 0, 0
123030, 16555455, 0, 0, 0
124037, 17039617, 0, 0, 0
125031, 16557672, 0, 0, 0
126024, 16857944, 0, 0, 0
127031, 16757898, 0, 0, 0
128026, 16608744, 0, 0, 0
129025, 16751826, 0, 0, 0
130000, 17002820, 0, 0, 0
131025, 16623729, 0, 0, 0
132025, 16757245, 0, 0, 0
133028, 16597595, 0, 0, 0
134029, 16530516, 0, 0, 0
135038, 16540228, 0, 0, 0
136032, 17007175, 0, 0, 0
137027, 16656454, 0, 0, 0
138031, 16799900, 0, 0, 0
139026, 16530120, 0, 0, 0
140031, 16587523, 0, 0, 0
141026, 16991770, 0, 0, 0
142030, 16930642, 0, 0, 0
143026, 16688376, 0, 0, 0
144031, 16984319, 0, 0, 0
145028, 16459476, 0, 0, 0
146038, 16363210, 0, 0, 0
147032, 16907518, 0, 0, 0
148027, 16613630, 0, 0, 0
149031, 16632407, 0, 0, 0
150034, 16923071, 0, 0, 0
151027, 16720230, 0, 0, 0
152040, 16680643, 0, 0, 0
153024, 16843035, 0, 0, 0
154029, 16469524, 0, 0, 0
155039, 16790026, 0, 0, 0
156029, 16810988, 0, 0, 0
157030, 16831682, 0, 0, 0
158027, 16570745, 0, 0, 0
159036, 16953103, 0, 0, 0
160029, 16781867, 0, 0, 0
161026, 17026420, 0, 0, 0
162005, 16836598, 0, 0, 0
163027, 16717701, 0, 0, 0
164040, 16364007, 0, 0, 0
165000, 16640352, 0, 0, 0
166028, 16659220, 0, 0, 0
167033, 16681623, 0, 0, 0
168004, 16773549, 0, 0, 0
169030, 17049423, 0, 0, 0
170028, 16477493, 0, 0, 0
171037, 16496491, 0, 0, 0
172031, 16014471, 0, 0, 0
173025, 16785614, 0, 0, 0
174000, 16707578, 0, 0, 0
175028, 16671503, 0, 0, 0
176031, 16615784, 0, 0, 0
177026, 16686737, 0, 0, 0
178027, 16501279, 0, 0, 0
179000, 16781427, 0, 0, 0
180030, 16415517, 0, 0, 0
180032, 39038125, 0, 0, 0
