1034, 2048, 0, 0, 0
2027, 1976, 0, 0, 0
3026, 1990, 0, 0, 0
4000, 1984, 0, 0, 0
5030, 2072, 0, 0, 0
6030, 2000, 0, 0, 0
7035, 2055, 0, 0, 0
8027, 1953, 0, 0, 0
9038, 2395, 0, 0, 0
10033, 2050, 0, 0, 0
11026, 2018, 0, 0, 0
12000, 1995, 0, 0, 0
13023, 1958, 0, 0, 0
14027, 1994, 0, 0, 0
15038, 2004, 0, 0, 0
16030, 1975, 0, 0, 0
17025, 1979, 0, 0, 0
18001, 2018, 0, 0, 0
19027, 1953, 0, 0, 0
20032, 2065, 0, 0, 0
21031, 1925, 0, 0, 0
22027, 1935, 0, 0, 0
23000, 1930, 0, 0, 0
24024, 2039, 0, 0, 0
25027, 2053, 0, 0, 0
26036, 1956, 0, 0, 0
27031, 1969, 0, 0, 0
28026, 1895, 0, 0, 0
29037, 1987, 0, 0, 0
30033, 1947, 0, 0, 0
31026, 1947, 0, 0, 0
32036, 1860, 0, 0, 0
33033, 1923, 0, 0, 0
34027, 1954, 0, 0, 0
35034, 1954, 0, 0, 0
36029, 2007, 0, 0, 0
37025, 1904, 0, 0, 0
38029, 2096, 0, 0, 0
39033, 1989, 0, 0, 0
40026, 1960, 0, 0, 0
41035, 2119, 0, 0, 0
42031, 1949, 0, 0, 0
43024, 1998, 0, 0, 0
44037, 2013, 0, 0, 0
45000, 2027, 0, 0, 0
46026, 1916, 0, 0, 0
47037, 2030, 0, 0, 0
48033, 2018, 0, 0, 0
49023, 2035, 0, 0, 0
50031, 1899, 0, 0, 0
51029, 2044, 0, 0, 0
52027, 1998, 0, 0, 0
53033, 2084, 0, 0, 0
54028, 1917, 0, 0, 0
55024, 2084, 0, 0, 0
56035, 2030, 0, 0, 0
57030, 1961, 0, 0, 0
58025, 1950, 0, 0, 0
59000, 1967, 0, 0, 0
60032, 2114, 0, 0, 0
61025, 1977, 0, 0, 0
62000, 1956, 0, 0, 0
63030, 2011, 0, 0, 0
64026, 1899, 0, 0, 0
65035, 1953, 0, 0, 0
66026, 2068, 0, 0, 0
67029, 1866, 0, 0, 0
68023, 1846, 0, 0, 0
69037, 1929, 0, 0, 0
70000, 1958, 0, 0, 0
71029, 1945, 0, 0, 0
72026, 1945, 0, 0, 0
73001, 1959, 0, 0, 0
74033, 1899, 0, 0, 0
75026, 2034, 0, 0, 0
76023, 1923, 0, 0, 0
77023, 1918, 0, 0, 0
78028, 2081, 0, 0, 0
79000, 1960, 0, 0, 0
80026, 1982, 0, 0, 0
81000, 2146, 0, 0, 0
82030, 1998, 0, 0, 0
83024, 1971, 0, 0, 0
84034, 1876, 0, 0, 0
85027, 2121, 0, 0, 0
86038, 1928, 0, 0, 0
87034, 2076, 0, 0, 0
88028, 1973, 0, 0, 0
89023, 1935, 0, 0, 0
90036, 2033, 0, 0, 0
91029, 1966, 0, 0, 0
92038, 2129, 0, 0, 0
93032, 2077, 0, 0, 0
94026, 1982, 0, 0, 0
95031, 1998, 0, 0, 0
96029, 1965, 0, 0, 0
97024, 2108, 0, 0, 0
98023, 2037, 0, 0, 0
99028, 1942, 0, 0, 0
100024, 2039, 0, 0, 0
101033, 2026, 0, 0, 0
102030, 1951, 0, 0, 0
103025, 2057, 0, 0, 0
104029, 2010, 0, 0, 0
105030, 1997, 0, 0, 0
106025, 1996, 0, 0, 0
107027, 1997, 0, 0, 0
108028, 1996, 0, 0, 0
109037, 2016, 0, 0, 0
110027, 1974, 0, 0, 0
111038, 1980, 0, 0, 0
112032, 2102, 0, 0, 0
113027, 2086, 0, 0, 0
114037, 2075, 0, 0, 0
115034, 1970, 0, 0, 0
116029, 1992, 0, 0, 0
117025, 2100, 0, 0, 0
118026, 1969, 0, 0, 0
119031, 2027, 0, 0, 0
120024, 2170, 0, 0, 0
121031, 1971, 0, 0, 0
122027, 1920, 0, 0, 0
123035, 2020, 0, 0, 0
124002, 2047, 0, 0, 0
125037, 2012, 0, 0, 0
126033, 1985, 0, 0, 0
127026, 2059, 0, 0, 0
128031, 2100, 0, 0, 0
129027, 1961, 0, 0, 0
130027, 1981, 0, 0, 0
131027, 1968, 0, 0, 0
132024, 1936, 0, 0, 0
133029, 2010, 0, 0, 0
134025, 2058, 0, 0, 0
135037, 2115, 0, 0, 0
136029, 1985, 0, 0, 0
137026, 2008, 0, 0, 0
138037, 2047, 0, 0, 0
139028, 1965, 0, 0, 0
140037, 2133, 0, 0, 0
141034, 1936, 0, 0, 0
142029, 2075, 0, 0, 0
143039, 2004, 0, 0, 0
144034, 1996, 0, 0, 0
145029, 2073, 0, 0, 0
146038, 2032, 0, 0, 0
147000, 2007, 0, 0, 0
148029, 1932, 0, 0, 0
149024, 2009, 0, 0, 0
150036, 2028, 0, 0, 0
151030, 1996, 0, 0, 0
152027, 1996, 0, 0, 0
153035, 2036, 0, 0, 0
154029, 2160, 0, 0, 0
155037, 2052, 0, 0, 0
156030, 2034, 0, 0, 0
157023, 1997, 0, 0, 0
158034, 1964, 0, 0, 0
159027, 2143, 0, 0, 0
160028, 2040, 0, 0, 0
161025, 2057, 0, 0, 0
162027, 2167, 0, 0, 0
163036, 2151, 0, 0, 0
164002, 2077, 0, 0, 0
165029, 2054, 0, 0, 0
166023, 2092, 0, 0, 0
167035, 2021, 0, 0, 0
168030, 2073, 0, 0, 0
169025, 2102, 0, 0, 0
170033, 2047, 0, 0, 0
171025, 2024, 0, 0, 0
172028, 2058, 0, 0, 0
173025, 2026, 0, 0, 0
174025, 2185, 0, 0, 0
175029, 2032, 0, 0, 0
176024, 2128, 0, 0, 0
177035, 2157, 0, 0, 0
178025, 2109, 0, 0, 0
179023, 2049, 0, 0, 0
180040, 2183, 0, 0, 0
