1002, 30335465, 1, 0, 0
2002, 33505317, 1, 0, 0
3000, 33772779, 1, 0, 0
4005, 34051470, 1, 0, 0
5001, 33266632, 1, 0, 0
6010, 33544267, 1, 0, 0
7004, 34174746, 1, 0, 0
8002, 32956579, 1, 0, 0
9000, 33699165, 1, 0, 0
10011, 33239423, 1, 0, 0
11005, 33778467, 1, 0, 0
12000, 33419994, 1, 0, 0
13026, 33344291, 1, 0, 0
14004, 33965635, 1, 0, 0
15001, 33549520, 1, 0, 0
16005, 34087780, 1, 0, 0
17002, 33168611, 1, 0, 0
18003, 32831922, 1, 0, 0
19006, 33278477, 1, 0, 0
20004, 33488604, 1, 0, 0
21009, 33428097, 1, 0, 0
22001, 34098958, 1, 0, 0
23000, 33509185, 1, 0, 0
24002, 33552752, 1, 0, 0
25004, 33276292, 1, 0, 0
26000, 33915378, 1, 0, 0
27007, 32988251, 1, 0, 0
28002, 33313899, 1, 0, 0
29009, 33602107, 1, 0, 0
30003, 33410478, 1, 0, 0
31000, 33418736, 1, 0, 0
32003, 33045277, 1, 0, 0
33000, 33147111, 1, 0, 0
34000, 34610023, 1, 0, 0
35010, 32931229, 1, 0, 0
36005, 32821220, 1, 0, 0
37003, 33678126, 1, 0, 0
38010, 32909301, 1, 0, 0
39005, 33737228, 1, 0, 0
40000, 32657420, 1, 0, 0
41008, 34105151, 1, 0, 0
42001, 33205913, 1, 0, 0
43000, 33068483, 1, 0, 0
44005, 33287551, 1, 0, 0
45001, 33385866, 1, 0, 0
46011, 33972783, 1, 0, 0
47002, 34295553, 1, 0, 0
48001, 33218432, 1, 0, 0
49000, 32995619, 1, 0, 0
50002, 33076676, 1, 0, 0
51000, 33233332, 1, 0, 0
52006, 33127797, 1, 0, 0
53003, 33571709, 1, 0, 0
54002, 33371145, 1, 0, 0
55006, 32976480, 1, 0, 0
56003, 33630992, 1, 0, 0
57013, 33226556, 1, 0, 0
58001, 33344730, 1, 0, 0
59000, 33056319, 1, 0, 0
60002, 32942167, 1, 0, 0
61001, 33112330, 1, 0, 0
62000, 33212407, 1, 0, 0
63000, 33130015, 1, 0, 0
64007, 34054527, 1, 0, 0
65001, 33779076, 1, 0, 0
66001, 33292231, 1, 0, 0
67009, 34218243, 1, 0, 0
68003, 33343312, 1, 0, 0
69001, 33688017, 1, 0, 0
70005, 33194246, 1, 0, 0
71002, 33364274, 1, 0, 0
72000, 33785213, 1, 0, 0
73005, 34230181, 1, 0, 0
74000, 33574697, 1, 0, 0
75000, 33526125, 1, 0, 0
76007, 33435626, 1, 0, 0
77009, 33511451, 1, 0, 0
78000, 32945634, 1, 0, 0
79000, 33619104, 1, 0, 0
80006, 32992172, 1, 0, 0
81000, 33035926, 1, 0, 0
82000, 33338290, 1, 0, 0
83006, 33628972, 1, 0, 0
84002, 34065396, 1, 0, 0
85000, 33227218, 1, 0, 0
86005, 33535508, 1, 0, 0
87002, 33550398, 1, 0, 0
88011, 33762582, 1, 0, 0
89006, 33904122, 1, 0, 0
90010, 33136342, 1, 0, 0
91003, 33461426, 1, 0, 0
92000, 33871354, 1, 0, 0
93004, 33552026, 1, 0, 0
94003, 33649107, 1, 0, 0
95000, 33577100, 1, 0, 0
96005, 33643302, 1, 0, 0
97001, 33869293, 1, 0, 0
98000, 33202979, 1, 0, 0
99000, 33810992, 1, 0, 0
100001, 33637225, 1, 0, 0
101005, 33873657, 1, 0, 0
102002, 33187545, 1, 0, 0
103002, 33060891, 1, 0, 0
104001, 33569662, 1, 0, 0
105000, 33459322, 1, 0, 0
106010, 33075248, 1, 0, 0
107000, 33473209, 1, 0, 0
108003, 33383340, 1, 0, 0
109000, 34140044, 1, 0, 0
110009, 33572436, 1, 0, 0
111002, 33967690, 1, 0, 0
112001, 33468762, 1, 0, 0
113007, 33680408, 1, 0, 0
114007, 33844695, 1, 0, 0
115001, 32880017, 1, 0, 0
116009, 32848389, 1, 0, 0
117000, 33836936, 1, 0, 0
118001, 32652182, 1, 0, 0
119008, 33407019, 1, 0, 0
120002, 33993248, 1, 0, 0
121008, 32857887, 1, 0, 0
122000, 33495212, 1, 0, 0
123001, 32975247, 1, 0, 0
124005, 33655352, 1, 0, 0
125001, 33807067, 1, 0, 0
126009, 33594805, 1, 0, 0
127001, 34171908, 1, 0, 0
128000, 33569929, 1, 0, 0
129000, 33694825, 1, 0, 0
130000, 33198986, 1, 0, 0
131000, 33127129, 1, 0, 0
132001, 32958297, 1, 0, 0
133006, 34695814, 1, 0, 0
134001, 32676942, 1, 0, 0
135002, 33607522, 1, 0, 0
136001, 34052892, 1, 0, 0
137005, 33039305, 1, 0, 0
138001, 33534013, 1, 0, 0
139000, 33653827, 1, 0, 0
140000, 32777769, 1, 0, 0
141008, 33594107, 1, 0, 0
142001, 33377398, 1, 0, 0
143001, 33404377, 1, 0, 0
144004, 33815937, 1, 0, 0
145000, 33321926, 1, 0, 0
146001, 32988022, 1, 0, 0
147005, 33531293, 1, 0, 0
148002, 33704374, 1, 0, 0
149008, 33095135, 1, 0, 0
150001, 34039186, 1, 0, 0
151000, 32881292, 1, 0, 0
152006, 34027375, 1, 0, 0
153002, 33871065, 1, 0, 0
154003, 32880268, 1, 0, 0
155000, 34166998, 1, 0, 0
156000, 32878018, 1, 0, 0
157003, 34043032, 1, 0, 0
158000, 33187963, 1, 0, 0
159008, 33171084, 1, 0, 0
160005, 33879031, 1, 0, 0
161001, 33277933, 1, 0, 0
162000, 32886240, 1, 0, 0
163006, 33693107, 1, 0, 0
164000, 33176537, 1, 0, 0
165012, 33692217, 1, 0, 0
166006, 34209681, 1, 0, 0
167001, 32945051, 1, 0, 0
168006, 33610670, 1, 0, 0
169000, 33252916, 1, 0, 0
170008, 33656780, 1, 0, 0
171000, 33303725, 1, 0, 0
172000, 33167759, 1, 0, 0
173001, 33538521, 1, 0, 0
174000, 33092071, 1, 0, 0
175006, 33876245, 1, 0, 0
176000, 33587834, 1, 0, 0
177003, 33191789, 1, 0, 0
178002, 33128018, 1, 0, 0
179000, 32873929, 1, 0, 0
180000, 34509533, 1, 0, 0
180019, 44572973, 1, 0, 0
