1035, 7283332, 0, 0, 0
2000, 8453439, 0, 0, 0
3000, 8323722, 0, 0, 0
4000, 8383781, 0, 0, 0
5000, 8424104, 0, 0, 0
6000, 8236016, 0, 0, 0
7000, 8604462, 0, 0, 0
8000, 8301517, 0, 0, 0
9000, 8613810, 0, 0, 0
10037, 8033194, 0, 0, 0
11000, 8306175, 0, 0, 0
12000, 8242329, 0, 0, 0
13000, 8415676, 0, 0, 0
14000, 8294673, 0, 0, 0
15042, 8324361, 0, 0, 0
16000, 8374376, 0, 0, 0
17036, 8359509, 0, 0, 0
18034, 8346748, 0, 0, 0
19000, 8659071, 0, 0, 0
20000, 8139408, 0, 0, 0
21000, 8657902, 0, 0, 0
22037, 8198862, 0, 0, 0
23000, 8364476, 0, 0, 0
24000, 8333679, 0, 0, 0
25000, 8196075, 0, 0, 0
26000, 8289159, 0, 0, 0
27000, 8693753, 0, 0, 0
28000, 8356217, 0, 0, 0
29049, 8253393, 0, 0, 0
30000, 8262077, 0, 0, 0
31037, 8125708, 0, 0, 0
32000, 8520590, 0, 0, 0
33000, 8625799, 0, 0, 0
34034, 8283027, 0, 0, 0
35000, 8474764, 0, 0, 0
36000, 8133205, 0, 0, 0
37000, 8334864, 0, 0, 0
38000, 8316907, 0, 0, 0
39048, 8346988, 0, 0, 0
40000, 8460041, 0, 0, 0
41000, 8509612, 0, 0, 0
42042, 8201670, 0, 0, 0
43037, 8336728, 0, 0, 0
44000, 8394527, 0, 0, 0
45000, 8363285, 0, 0, 0
46000, 8496719, 0, 0, 0
47000, 8264584, 0, 0, 0
48037, 8224113, 0, 0, 0
49000, 8391256, 0, 0, 0
50000, 8345918, 0, 0, 0
51000, 8666578, 0, 0, 0
52040, 7923835, 0, 0, 0
53000, 8357617, 0, 0, 0
54000, 8713998, 0, 0, 0
55000, 8272522, 0, 0, 0
56000, 8223666, 0, 0, 0
57000, 8441654, 0, 0, 0
58000, 8571510, 0, 0, 0
59000, 8170829, 0, 0, 0
60000, 8488778, 0, 0, 0
61042, 8243068, 0, 0, 0
62000, 8382720, 0, 0, 0
63047, 8295074, 0, 0, 0
64000, 8290349, 0, 0, 0
65000, 8247250, 0, 0, 0
66000, 8727363, 0, 0, 0
67000, 8178663, 0, 0, 0
68033, 8253114, 0, 0, 0
69047, 8490986, 0, 0, 0
70000, 8683727, 0, 0, 0
71000, 8151953, 0, 0, 0
72049, 8572135, 0, 0, 0
73035, 8303022, 0, 0, 0
74000, 8482241, 0, 0, 0
75000, 8134932, 0, 0, 0
76047, 8368184, 0, 0, 0
77000, 8329150, 0, 0, 0
78000, 8250868, 0, 0, 0
79000, 8635870, 0, 0, 0
80035, 8365462, 0, 0, 0
81000, 8341845, 0, 0, 0
82035, 8284524, 0, 0, 0
83000, 8606256, 0, 0, 0
84036, 8255370, 0, 0, 0
85040, 8342355, 0, 0, 0
86000, 8703090, 0, 0, 0
87038, 8234683, 0, 0, 0
88050, 8460065, 0, 0, 0
89000, 8549217, 0, 0, 0
90000, 8486858, 0, 0, 0
91000, 8172999, 0, 0, 0
92000, 8628310, 0, 0, 0
93000, 8368737, 0, 0, 0
94000, 8315951, 0, 0, 0
95000, 8687968, 0, 0, 0
96000, 8138429, 0, 0, 0
97047, 8390042, 0, 0, 0
98000, 8515436, 0, 0, 0
99000, 8186657, 0, 0, 0
100000, 8138605, 0, 0, 0
101000, 8636352, 0, 0, 0
102000, 8274539, 0, 0, 0
103034, 8194124, 0, 0, 0
104000, 8336696, 0, 0, 0
105000, 8483145, 0, 0, 0
106000, 8414214, 0, 0, 0
107000, 8561482, 0, 0, 0
108000, 8167086, 0, 0, 0
109047, 8217856, 0, 0, 0
110041, 8568598, 0, 0, 0
111043, 8376695, 0, 0, 0
112000, 8333880, 0, 0, 0
113000, 8580960, 0, 0, 0
114048, 8239913, 0, 0, 0
115000, 8865621, 0, 0, 0
116000, 8200041, 0, 0, 0
117047, 8369857, 0, 0, 0
118000, 8584929, 0, 0, 0
119000, 8046249, 0, 0, 0
120000, 8657571, 0, 0, 0
121005, 8069916, 0, 0, 0
122000, 8313704, 0, 0, 0
123000, 8457539, 0, 0, 0
124000, 8136625, 0, 0, 0
125048, 8408754, 0, 0, 0
126000, 8261403, 0, 0, 0
127000, 8345247, 0, 0, 0
128047, 8359521, 0, 0, 0
129036, 8303408, 0, 0, 0
130000, 8518814, 0, 0, 0
131000, 8400288, 0, 0, 0
132047, 8330574, 0, 0, 0
133000, 8561861, 0, 0, 0
134034, 8207153, 0, 0, 0
135000, 8357148, 0, 0, 0
136035, 8253306, 0, 0, 0
137000, 8585863, 0, 0, 0
138000, 8295905, 0, 0, 0
139001, 8285668, 0, 0, 0
140000, 8446483, 0, 0, 0
141000, 8377582, 0, 0, 0
142000, 8516513, 0, 0, 0
143040, 7972414, 0, 0, 0
144034, 8499542, 0, 0, 0
145000, 8670598, 0, 0, 0
146000, 8049955, 0, 0, 0
147000, 8318895, 0, 0, 0
148000, 8303853, 0, 0, 0
149041, 8252500, 0, 0, 0
150037, 8408008, 0, 0, 0
151000, 8562185, 0, 0, 0
152047, 8357270, 0, 0, 0
153000, 8433531, 0, 0, 0
154001, 8441529, 0, 0, 0
155048, 8487985, 0, 0, 0
156000, 8565075, 0, 0, 0
157000, 8091046, 0, 0, 0
158000, 8702411, 0, 0, 0
159000, 8185783, 0, 0, 0
160034, 8214268, 0, 0, 0
161000, 8519808, 0, 0, 0
162040, 8156991, 0, 0, 0
163033, 8424672, 0, 0, 0
164000, 8494344, 0, 0, 0
165000, 8361030, 0, 0, 0
166000, 8246188, 0, 0, 0
167000, 8407097, 0, 0, 0
168000, 8523267, 0, 0, 0
169000, 8163533, 0, 0, 0
170046, 8320165, 0, 0, 0
171000, 8611767, 0, 0, 0
172000, 8115239, 0, 0, 0
173000, 8351653, 0, 0, 0
174000, 8707535, 0, 0, 0
175047, 8225611, 0, 0, 0
176000, 8670733, 0, 0, 0
177000, 8297407, 0, 0, 0
178000, 8525161, 0, 0, 0
179000, 8320034, 0, 0, 0
180000, 8381649, 0, 0, 0
180034, 35955796, 0, 0, 0
