1025, 2186, 1, 0, 0
2000, 2220, 1, 0, 0
3021, 2280, 1, 0, 0
4021, 2337, 1, 0, 0
5018, 2269, 1, 0, 0
6018, 2216, 1, 0, 0
7020, 2321, 1, 0, 0
8014, 2226, 1, 0, 0
9002, 2240, 1, 0, 0
10018, 2222, 1, 0, 0
11016, 2158, 1, 0, 0
12000, 2215, 1, 0, 0
13001, 2250, 1, 0, 0
14019, 2187, 1, 0, 0
15029, 2190, 1, 0, 0
16000, 2245, 1, 0, 0
17018, 2173, 1, 0, 0
18030, 2216, 1, 0, 0
19000, 2185, 1, 0, 0
20029, 2138, 1, 0, 0
21024, 2207, 1, 0, 0
22015, 2166, 1, 0, 0
23000, 2228, 1, 0, 0
24019, 2171, 1, 0, 0
25015, 2138, 1, 0, 0
26016, 2246, 1, 0, 0
27019, 2229, 1, 0, 0
28025, 2186, 1, 0, 0
29018, 2156, 1, 0, 0
30018, 2162, 1, 0, 0
31000, 2156, 1, 0, 0
32019, 2148, 1, 0, 0
33000, 2193, 1, 0, 0
34017, 2148, 1, 0, 0
35028, 2236, 1, 0, 0
36001, 2163, 1, 0, 0
37015, 2151, 1, 0, 0
38024, 2138, 1, 0, 0
39016, 2172, 1, 0, 0
40000, 2201, 1, 0, 0
41000, 2182, 1, 0, 0
42002, 2140, 1, 0, 0
43030, 2158, 1, 0, 0
44019, 2114, 1, 0, 0
45014, 2232, 1, 0, 0
46027, 2179, 1, 0, 0
47017, 2119, 1, 0, 0
48029, 2197, 1, 0, 0
49021, 2160, 1, 0, 0
50022, 2161, 1, 0, 0
51000, 2224, 1, 0, 0
52017, 2155, 1, 0, 0
53023, 2189, 1, 0, 0
54019, 2143, 1, 0, 0
55027, 2176, 1, 0, 0
56001, 2174, 1, 0, 0
57031, 2105, 1, 0, 0
58000, 2177, 1, 0, 0
59018, 2111, 1, 0, 0
60027, 2199, 1, 0, 0
61000, 2159, 1, 0, 0
62031, 2186, 1, 0, 0
63021, 2225, 1, 0, 0
64000, 2169, 1, 0, 0
65000, 2162, 1, 0, 0
66018, 2127, 1, 0, 0
67028, 2189, 1, 0, 0
68000, 2160, 1, 0, 0
69016, 2165, 1, 0, 0
70030, 2240, 1, 0, 0
71026, 2129, 1, 0, 0
72000, 2150, 1, 0, 0
73000, 2174, 1, 0, 0
74000, 2170, 1, 0, 0
75000, 2194, 1, 0, 0
76015, 2136, 1, 0, 0
77000, 2118, 1, 0, 0
78001, 2096, 1, 0, 0
79015, 2177, 1, 0, 0
80022, 2141, 1, 0, 0
81017, 2072, 1, 0, 0
82000, 2081, 1, 0, 0
83020, 2152, 1, 0, 0
84000, 2155, 1, 0, 0
85019, 2046, 1, 0, 0
86028, 2069, 1, 0, 0
87023, 2128, 1, 0, 0
88017, 2077, 1, 0, 0
89000, 2206, 1, 0, 0
90022, 2047, 1, 0, 0
91025, 2151, 1, 0, 0
92000, 2084, 1, 0, 0
93015, 2098, 1, 0, 0
94000, 2165, 1, 0, 0
95021, 2034, 1, 0, 0
96029, 2152, 1, 0, 0
97000, 2141, 1, 0, 0
98029, 2117, 1, 0, 0
99022, 2104, 1, 0, 0
100016, 2138, 1, 0, 0
101000, 2086, 1, 0, 0
102020, 2119, 1, 0, 0
103015, 2036, 1, 0, 0
104019, 2134, 1, 0, 0
105019, 2018, 1, 0, 0
106016, 2038, 1, 0, 0
107000, 2064, 1, 0, 0
108020, 2161, 1, 0, 0
109029, 2074, 1, 0, 0
110017, 1960, 1, 0, 0
111016, 2094, 1, 0, 0
112000, 2019, 1, 0, 0
113018, 2109, 1, 0, 0
114028, 2034, 1, 0, 0
115000, 1985, 1, 0, 0
116029, 1977, 1, 0, 0
117000, 2096, 1, 0, 0
118016, 2021, 1, 0, 0
119024, 2033, 1, 0, 0
120018, 2091, 1, 0, 0
121029, 2066, 1, 0, 0
122000, 2075, 1, 0, 0
123018, 2063, 1, 0, 0
124021, 1975, 1, 0, 0
125000, 2136, 1, 0, 0
126018, 2076, 1, 0, 0
127001, 2109, 1, 0, 0
128021, 2127, 1, 0, 0
129000, 2087, 1, 0, 0
130017, 2059, 1, 0, 0
131002, 2010, 1, 0, 0
132016, 2096, 1, 0, 0
133017, 2082, 1, 0, 0
134000, 2071, 1, 0, 0
135000, 2156, 1, 0, 0
136000, 2207, 1, 0, 0
137030, 2452, 1, 0, 0
138015, 2194, 1, 0, 0
139018, 2070, 1, 0, 0
140000, 2160, 1, 0, 0
141020, 2095, 1, 0, 0
142030, 2161, 1, 0, 0
143001, 2132, 1, 0, 0
144015, 2104, 1, 0, 0
145000, 2100, 1, 0, 0
146017, 2188, 1, 0, 0
147016, 2041, 1, 0, 0
148000, 2289, 1, 0, 0
149024, 2238, 1, 0, 0
150000, 2127, 1, 0, 0
151019, 2146, 1, 0, 0
152014, 2174, 1, 0, 0
153025, 2157, 1, 0, 0
154017, 2217, 1, 0, 0
155016, 2140, 1, 0, 0
156024, 2186, 1, 0, 0
157016, 2232, 1, 0, 0
158028, 2211, 1, 0, 0
159000, 2167, 1, 0, 0
160028, 2183, 1, 0, 0
161022, 2050, 1, 0, 0
162016, 2073, 1, 0, 0
163019, 2164, 1, 0, 0
164000, 2213, 1, 0, 0
165016, 2217, 1, 0, 0
166000, 2132, 1, 0, 0
167002, 2121, 1, 0, 0
168023, 2183, 1, 0, 0
169001, 2167, 1, 0, 0
170028, 2071, 1, 0, 0
171021, 1980, 1, 0, 0
172014, 2045, 1, 0, 0
173000, 2049, 1, 0, 0
174018, 2377, 1, 0, 0
175025, 2321, 1, 0, 0
176019, 2397, 1, 0, 0
177026, 2344, 1, 0, 0
178021, 2455, 1, 0, 0
179014, 2425, 1, 0, 0
180025, 2382, 1, 0, 0
