1031, 56928489, 1, 0, 0
2000, 67227168, 1, 0, 0
3000, 66709842, 1, 0, 0
4021, 66765541, 1, 0, 0
5016, 66009716, 1, 0, 0
6032, 66718284, 1, 0, 0
7024, 66505101, 1, 0, 0
8021, 66447626, 1, 0, 0
9031, 67335965, 1, 0, 0
10000, 67458830, 1, 0, 0
11024, 67353610, 1, 0, 0
12019, 67409674, 1, 0, 0
13031, 66631902, 1, 0, 0
14020, 66938936, 1, 0, 0
15017, 66992293, 1, 0, 0
16000, 66717758, 1, 0, 0
17000, 68260562, 1, 0, 0
18019, 66182489, 1, 0, 0
19032, 66472825, 1, 0, 0
20000, 67703379, 1, 0, 0
21023, 66601837, 1, 0, 0
22017, 66182943, 1, 0, 0
23002, 68386644, 1, 0, 0
24022, 66853020, 1, 0, 0
25016, 66398338, 1, 0, 0
26030, 67230695, 1, 0, 0
27000, 67441951, 1, 0, 0
28020, 67040176, 1, 0, 0
29021, 66578129, 1, 0, 0
30000, 67374526, 1, 0, 0
31019, 66502228, 1, 0, 0
32025, 67395611, 1, 0, 0
33001, 67399114, 1, 0, 0
34000, 66839623, 1, 0, 0
35018, 67008515, 1, 0, 0
36000, 67335878, 1, 0, 0
37020, 67135650, 1, 0, 0
38018, 66709472, 1, 0, 0
39000, 67109350, 1, 0, 0
40019, 66744680, 1, 0, 0
41030, 66583647, 1, 0, 0
42001, 67447857, 1, 0, 0
43020, 66710199, 1, 0, 0
44030, 66687660, 1, 0, 0
45024, 67667145, 1, 0, 0
46000, 66919177, 1, 0, 0
47021, 67011075, 1, 0, 0
48017, 66806458, 1, 0, 0
49000, 67482257, 1, 0, 0
50000, 66321920, 1, 0, 0
51016, 66384488, 1, 0, 0
52000, 68086342, 1, 0, 0
53020, 66554681, 1, 0, 0
54021, 66555924, 1, 0, 0
55000, 67537667, 1, 0, 0
56019, 66598168, 1, 0, 0
57030, 66746485, 1, 0, 0
58000, 67884537, 1, 0, 0
59001, 66974907, 1, 0, 0
60000, 67144153, 1, 0, 0
61000, 67231080, 1, 0, 0
62019, 67085659, 1, 0, 0
63000, 67003320, 1, 0, 0
64018, 66772463, 1, 0, 0
65020, 66942796, 1, 0, 0
66020, 66368208, 1, 0, 0
67032, 67338336, 1, 0, 0
68024, 67357108, 1, 0, 0
69017, 67290871, 1, 0, 0
70030, 66984937, 1, 0, 0
71000, 68074459, 1, 0, 0
72016, 66340220, 1, 0, 0
73018, 66957190, 1, 0, 0
74001, 67719579, 1, 0, 0
75031, 66255365, 1, 0, 0
76000, 67592765, 1, 0, 0
77021, 66590004, 1, 0, 0
78030, 66977054, 1, 0, 0
79000, 67999750, 1, 0, 0
80002, 66312880, 1, 0, 0
81029, 66725487, 1, 0, 0
82020, 66928709, 1, 0, 0
83018, 67512748, 1, 0, 0
84029, 67179010, 1, 0, 0
85017, 66728712, 1, 0, 0
86018, 66512982, 1, 0, 0
87000, 67753520, 1, 0, 0
88000, 66951160, 1, 0, 0
89001, 66887122, 1, 0, 0
90001, 67302415, 1, 0, 0
91021, 67033226, 1, 0, 0
92030, 66828323, 1, 0, 0
93027, 66884792, 1, 0, 0
94019, 66734357, 1, 0, 0
95030, 67218500, 1, 0, 0
96000, 67741256, 1, 0, 0
97000, 66248854, 1, 0, 0
98018, 66332386, 1, 0, 0
99029, 66851669, 1, 0, 0
100000, 67796818, 1, 0, 0
101020, 67474303, 1, 0, 0
102024, 66724572, 1, 0, 0
103000, 68019144, 1, 0, 0
104021, 66342769, 1, 0, 0
105018, 67028568, 1, 0, 0
106028, 67027536, 1, 0, 0
107023, 67004279, 1, 0, 0
108030, 65994018, 1, 0, 0
109000, 67819456, 1, 0, 0
110016, 66331537, 1, 0, 0
111026, 67292225, 1, 0, 0
112023, 66608077, 1, 0, 0
113000, 67126674, 1, 0, 0
114030, 67077845, 1, 0, 0
115000, 67462845, 1, 0, 0
116000, 67174681, 1, 0, 0
117018, 66905347, 1, 0, 0
118000, 67273305, 1, 0, 0
119006, 66412166, 1, 0, 0
120031, 66442356, 1, 0, 0
121000, 67025466, 1, 0, 0
122018, 66727083, 1, 0, 0
123000, 67344825, 1, 0, 0
124018, 66824572, 1, 0, 0
125031, 66562323, 1, 0, 0
126000, 67889516, 1, 0, 0
127006, 66457205, 1, 0, 0
128019, 66764023, 1, 0, 0
129018, 67303834, 1, 0, 0
130021, 67545680, 1, 0, 0
131032, 66949409, 1, 0, 0
132000, 67489101, 1, 0, 0
133000, 67248072, 1, 0, 0
134020, 66553907, 1, 0, 0
135018, 66566528, 1, 0, 0
136026, 66670094, 1, 0, 0
137019, 67101189, 1, 0, 0
138029, 66254766, 1, 0, 0
139001, 67437184, 1, 0, 0
140020, 66603877, 1, 0, 0
141032, 66520628, 1, 0, 0
142000, 66680157, 1, 0, 0
143020, 67038833, 1, 0, 0
144017, 66569301, 1, 0, 0
145023, 66923235, 1, 0, 0
146020, 66892856, 1, 0, 0
147031, 66374113, 1, 0, 0
148026, 66755831, 1, 0, 0
149019, 67243313, 1, 0, 0
150024, 66598873, 1, 0, 0
151024, 67051273, 1, 0, 0
152017, 66742356, 1, 0, 0
153000, 67412772, 1, 0, 0
154023, 66481697, 1, 0, 0
155018, 66745418, 1, 0, 0
156000, 67225999, 1, 0, 0
157015, 66943639, 1, 0, 0
158015, 66679970, 1, 0, 0
159028, 66684990, 1, 0, 0
160021, 67058313, 1, 0, 0
161021, 67201367, 1, 0, 0
162017, 66977189, 1, 0, 0
163028, 66846115, 1, 0, 0
164020, 67270307, 1, 0, 0
165032, 66413790, 1, 0, 0
166025, 67267808, 1, 0, 0
167017, 66446703, 1, 0, 0
168020, 66526065, 1, 0, 0
169025, 67340593, 1, 0, 0
170020, 66319780, 1, 0, 0
171028, 66686551, 1, 0, 0
172024, 66919609, 1, 0, 0
173018, 67319520, 1, 0, 0
174018, 66800445, 1, 0, 0
175019, 66746360, 1, 0, 0
176000, 67161869, 1, 0, 0
177018, 68013317, 1, 0, 0
178023, 68143395, 1, 0, 0
179000, 64915201, 1, 0, 0
180017, 66498599, 1, 0, 0
180073, 99641264, 1, 0, 0
