1009, 110628504, 1, 0, 0
2002, 134116809, 1, 0, 0
3007, 130967975, 1, 0, 0
4005, 132888477, 1, 0, 0
5005, 129477487, 1, 0, 0
6003, 130877789, 1, 0, 0
7013, 129053433, 1, 0, 0
8013, 129540930, 1, 0, 0
9004, 127147957, 1, 0, 0
10014, 127584798, 1, 0, 0
11010, 129786929, 1, 0, 0
12004, 128536703, 1, 0, 0
13002, 129376083, 1, 0, 0
14002, 128651882, 1, 0, 0
15006, 129736842, 1, 0, 0
16003, 130674245, 1, 0, 0
17012, 132070329, 1, 0, 0
18004, 131547837, 1, 0, 0
19005, 133088330, 1, 0, 0
20001, 131203715, 1, 0, 0
21016, 131792548, 1, 0, 0
22005, 132039729, 1, 0, 0
23004, 131181462, 1, 0, 0
24024, 126429216, 1, 0, 0
25007, 125809798, 1, 0, 0
26005, 124026239, 1, 0, 0
27014, 123202082, 1, 0, 0
28004, 125177262, 1, 0, 0
29002, 125004866, 1, 0, 0
30002, 127576171, 1, 0, 0
31000, 123940955, 1, 0, 0
32003, 128803847, 1, 0, 0
33008, 134159927, 1, 0, 0
34006, 132548151, 1, 0, 0
35001, 134453921, 1, 0, 0
36009, 132181300, 1, 0, 0
37002, 132200091, 1, 0, 0
38008, 132125232, 1, 0, 0
39000, 131909471, 1, 0, 0
40011, 130979985, 1, 0, 0
41004, 131851414, 1, 0, 0
42004, 132147044, 1, 0, 0
43007, 133040442, 1, 0, 0
44002, 130747051, 1, 0, 0
45001, 131659385, 1, 0, 0
46003, 131791250, 1, 0, 0
47012, 131290763, 1, 0, 0
48008, 129790654, 1, 0, 0
49002, 129556392, 1, 0, 0
50017, 133707369, 1, 0, 0
51012, 136617658, 1, 0, 0
52005, 141007140, 1, 0, 0
53006, 143175389, 1, 0, 0
54002, 131366595, 1, 0, 0
55008, 140779728, 1, 0, 0
56007, 136401067, 1, 0, 0
57001, 135427404, 1, 0, 0
58004, 129007165, 1, 0, 0
59005, 127379424, 1, 0, 0
60001, 129646851, 1, 0, 0
61012, 132082376, 1, 0, 0
62005, 134238994, 1, 0, 0
63001, 133149687, 1, 0, 0
64009, 132781768, 1, 0, 0
65003, 129920474, 1, 0, 0
66004, 129290587, 1, 0, 0
67005, 131411370, 1, 0, 0
68003, 131023201, 1, 0, 0
69001, 130050905, 1, 0, 0
70003, 129115589, 1, 0, 0
71004, 125451867, 1, 0, 0
72000, 127084210, 1, 0, 0
73011, 129882982, 1, 0, 0
74005, 129126884, 1, 0, 0
75015, 132870643, 1, 0, 0
76002, 133084274, 1, 0, 0
77004, 136564835, 1, 0, 0
78009, 133626569, 1, 0, 0
79006, 132735169, 1, 0, 0
80006, 134118839, 1, 0, 0
81004, 130410572, 1, 0, 0
82005, 129455386, 1, 0, 0
83010, 130129844, 1, 0, 0
84007, 129588587, 1, 0, 0
85000, 125182014, 1, 0, 0
86011, 126557961, 1, 0, 0
87004, 121831840, 1, 0, 0
88000, 122705902, 1, 0, 0
89012, 126945934, 1, 0, 0
90006, 126958150, 1, 0, 0
91013, 127732630, 1, 0, 0
92001, 131768539, 1, 0, 0
93005, 133196803, 1, 0, 0
94013, 132553051, 1, 0, 0
95008, 132590154, 1, 0, 0
96002, 131201524, 1, 0, 0
97008, 131413267, 1, 0, 0
98000, 132801454, 1, 0, 0
99004, 133413149, 1, 0, 0
100002, 133348162, 1, 0, 0
101001, 137528900, 1, 0, 0
102002, 137362447, 1, 0, 0
103014, 135512470, 1, 0, 0
104006, 136279092, 1, 0, 0
105001, 137640101, 1, 0, 0
106012, 134412622, 1, 0, 0
107002, 128035111, 1, 0, 0
108005, 129018165, 1, 0, 0
109001, 128471601, 1, 0, 0
110003, 129255086, 1, 0, 0
111007, 127215692, 1, 0, 0
112010, 127156059, 1, 0, 0
113005, 127785584, 1, 0, 0
114005, 129379771, 1, 0, 0
115008, 132589043, 1, 0, 0
116008, 131480869, 1, 0, 0
117012, 131810611, 1, 0, 0
118006, 130633587, 1, 0, 0
119007, 130136098, 1, 0, 0
120014, 123904020, 1, 0, 0
121006, 124258641, 1, 0, 0
122004, 126369394, 1, 0, 0
123012, 126836327, 1, 0, 0
124012, 129791875, 1, 0, 0
125001, 131201041, 1, 0, 0
126012, 131050377, 1, 0, 0
127005, 133205866, 1, 0, 0
128000, 133401872, 1, 0, 0
129015, 132297115, 1, 0, 0
130009, 132852420, 1, 0, 0
131002, 134352344, 1, 0, 0
132017, 131460070, 1, 0, 0
133004, 133107363, 1, 0, 0
134010, 132372317, 1, 0, 0
135007, 132474068, 1, 0, 0
136013, 130174577, 1, 0, 0
137002, 131784267, 1, 0, 0
138004, 129807054, 1, 0, 0
139014, 128600292, 1, 0, 0
140011, 131125118, 1, 0, 0
141003, 129221777, 1, 0, 0
142003, 129157870, 1, 0, 0
143008, 128632543, 1, 0, 0
144008, 140152523, 1, 0, 0
145015, 133462542, 1, 0, 0
146004, 129100005, 1, 0, 0
147001, 129366095, 1, 0, 0
148013, 125982771, 1, 0, 0
149007, 125284343, 1, 0, 0
150002, 126538233, 1, 0, 0
151009, 126074503, 1, 0, 0
152012, 124402575, 1, 0, 0
153004, 119536536, 1, 0, 0
154018, 120643047, 1, 0, 0
155009, 122990199, 1, 0, 0
156005, 119973831, 1, 0, 0
157004, 121507260, 1, 0, 0
158011, 123646173, 1, 0, 0
159006, 121739826, 1, 0, 0
160018, 123504205, 1, 0, 0
161009, 123422769, 1, 0, 0
162002, 124051947, 1, 0, 0
163000, 126558242, 1, 0, 0
164010, 124905032, 1, 0, 0
165001, 126619272, 1, 0, 0
166000, 127367196, 1, 0, 0
167010, 128693598, 1, 0, 0
168007, 125456548, 1, 0, 0
169004, 123113887, 1, 0, 0
170009, 124584823, 1, 0, 0
171003, 122346276, 1, 0, 0
172011, 128689492, 1, 0, 0
173008, 131253288, 1, 0, 0
174015, 135956735, 1, 0, 0
175009, 139338562, 1, 0, 0
176001, 132921628, 1, 0, 0
177012, 128082922, 1, 0, 0
178011, 134221295, 1, 0, 0
179003, 135634069, 1, 0, 0
180006, 125336228, 1, 0, 0
180115, 190757839, 1, 0, 0
