1001, 2134, 1, 0, 0
2000, 2351, 1, 0, 0
3000, 2458, 1, 0, 0
4000, 2607, 1, 0, 0
5000, 2377, 1, 0, 0
6025, 2225, 1, 0, 0
7001, 2220, 1, 0, 0
8000, 2256, 1, 0, 0
9000, 2284, 1, 0, 0
10001, 2358, 1, 0, 0
11002, 2180, 1, 0, 0
12001, 2289, 1, 0, 0
13000, 2277, 1, 0, 0
14000, 2324, 1, 0, 0
15000, 2218, 1, 0, 0
16000, 2235, 1, 0, 0
17027, 2202, 1, 0, 0
18001, 2119, 1, 0, 0
19000, 2247, 1, 0, 0
20002, 2226, 1, 0, 0
21000, 2122, 1, 0, 0
22000, 2211, 1, 0, 0
23001, 2218, 1, 0, 0
24002, 2145, 1, 0, 0
25000, 2207, 1, 0, 0
26000, 2346, 1, 0, 0
27000, 2227, 1, 0, 0
28002, 2149, 1, 0, 0
29000, 2202, 1, 0, 0
30000, 2208, 1, 0, 0
31029, 2267, 1, 0, 0
32037, 2226, 1, 0, 0
33000, 2296, 1, 0, 0
34000, 2245, 1, 0, 0
35032, 2199, 1, 0, 0
36000, 2237, 1, 0, 0
37000, 2145, 1, 0, 0
38001, 2070, 1, 0, 0
39000, 2090, 1, 0, 0
40036, 2257, 1, 0, 0
41000, 2099, 1, 0, 0
42024, 2118, 1, 0, 0
43000, 2265, 1, 0, 0
44032, 2142, 1, 0, 0
45001, 2113, 1, 0, 0
46000, 2155, 1, 0, 0
47000, 2126, 1, 0, 0
48026, 2142, 1, 0, 0
49000, 2124, 1, 0, 0
50000, 2168, 1, 0, 0
51001, 2218, 1, 0, 0
52000, 2099, 1, 0, 0
53000, 2144, 1, 0, 0
54000, 2167, 1, 0, 0
55001, 2229, 1, 0, 0
56000, 2161, 1, 0, 0
57000, 2157, 1, 0, 0
58000, 2142, 1, 0, 0
59037, 2190, 1, 0, 0
60000, 2113, 1, 0, 0
61000, 2156, 1, 0, 0
62000, 2195, 1, 0, 0
63001, 2275, 1, 0, 0
64024, 2232, 1, 0, 0
65005, 2155, 1, 0, 0
66000, 2168, 1, 0, 0
67000, 2189, 1, 0, 0
68000, 2087, 1, 0, 0
69037, 2210, 1, 0, 0
70000, 2238, 1, 0, 0
71000, 2217, 1, 0, 0
72002, 2256, 1, 0, 0
73024, 2134, 1, 0, 0
74000, 2247, 1, 0, 0
75001, 2119, 1, 0, 0
76001, 2222, 1, 0, 0
77000, 2175, 1, 0, 0
78025, 2282, 1, 0, 0
79000, 2225, 1, 0, 0
80001, 2124, 1, 0, 0
81000, 2186, 1, 0, 0
82002, 2154, 1, 0, 0
83040, 2167, 1, 0, 0
84000, 2143, 1, 0, 0
85024, 2140, 1, 0, 0
86000, 2226, 1, 0, 0
87004, 2259, 1, 0, 0
88001, 2216, 1, 0, 0
89000, 2158, 1, 0, 0
90000, 2240, 1, 0, 0
91024, 2213, 1, 0, 0
92000, 2227, 1, 0, 0
93000, 2210, 1, 0, 0
94001, 2305, 1, 0, 0
95000, 2229, 1, 0, 0
96000, 2275, 1, 0, 0
97000, 2155, 1, 0, 0
98033, 2190, 1, 0, 0
99000, 2165, 1, 0, 0
100001, 2193, 1, 0, 0
101000, 2132, 1, 0, 0
102000, 2160, 1, 0, 0
103000, 2154, 1, 0, 0
104036, 2180, 1, 0, 0
105000, 2134, 1, 0, 0
106000, 2235, 1, 0, 0
107000, 2260, 1, 0, 0
108001, 2216, 1, 0, 0
109003, 2194, 1, 0, 0
110000, 2295, 1, 0, 0
111001, 2205, 1, 0, 0
112000, 2213, 1, 0, 0
113000, 2245, 1, 0, 0
114001, 2094, 1, 0, 0
115000, 2324, 1, 0, 0
116000, 2254, 1, 0, 0
117000, 2215, 1, 0, 0
118000, 2305, 1, 0, 0
119002, 2324, 1, 0, 0
120033, 2339, 1, 0, 0
121033, 2261, 1, 0, 0
122000, 2269, 1, 0, 0
123003, 2338, 1, 0, 0
124000, 2368, 1, 0, 0
125002, 2348, 1, 0, 0
126000, 2331, 1, 0, 0
127000, 2310, 1, 0, 0
128001, 2270, 1, 0, 0
129001, 2426, 1, 0, 0
130000, 2275, 1, 0, 0
131000, 2304, 1, 0, 0
132000, 2350, 1, 0, 0
133000, 2265, 1, 0, 0
134000, 2369, 1, 0, 0
135000, 2393, 1, 0, 0
136000, 2243, 1, 0, 0
137001, 2131, 1, 0, 0
138001, 2102, 1, 0, 0
139001, 2213, 1, 0, 0
140000, 2293, 1, 0, 0
141001, 2295, 1, 0, 0
142001, 2225, 1, 0, 0
143002, 2108, 1, 0, 0
144000, 2073, 1, 0, 0
145000, 2168, 1, 0, 0
146002, 2124, 1, 0, 0
147032, 2144, 1, 0, 0
148000, 2204, 1, 0, 0
149000, 2139, 1, 0, 0
150000, 2248, 1, 0, 0
151023, 2224, 1, 0, 0
152000, 2148, 1, 0, 0
153029, 2100, 1, 0, 0
154038, 2289, 1, 0, 0
155000, 2111, 1, 0, 0
156000, 2171, 1, 0, 0
157000, 2243, 1, 0, 0
158000, 2195, 1, 0, 0
159000, 2224, 1, 0, 0
160001, 2182, 1, 0, 0
161000, 2217, 1, 0, 0
162000, 2266, 1, 0, 0
163000, 2188, 1, 0, 0
164000, 2201, 1, 0, 0
165000, 2223, 1, 0, 0
166040, 2206, 1, 0, 0
167000, 2128, 1, 0, 0
168002, 2170, 1, 0, 0
169024, 2256, 1, 0, 0
170000, 2135, 1, 0, 0
171000, 2226, 1, 0, 0
172001, 2272, 1, 0, 0
173002, 2141, 1, 0, 0
174025, 2181, 1, 0, 0
175002, 2259, 1, 0, 0
176024, 2189, 1, 0, 0
177001, 2206, 1, 0, 0
178025, 2317, 1, 0, 0
179033, 2286, 1, 0, 0
180029, 2279, 1, 0, 0
