1000, 2055, 1, 0, 0
2000, 2008, 1, 0, 0
3042, 1901, 1, 0, 0
4000, 1906, 1, 0, 0
5000, 1921, 1, 0, 0
6002, 1970, 1, 0, 0
7000, 1927, 1, 0, 0
8002, 2014, 1, 0, 0
9000, 2026, 1, 0, 0
10001, 2009, 1, 0, 0
11003, 1953, 1, 0, 0
12000, 1961, 1, 0, 0
13005, 1975, 1, 0, 0
14042, 2002, 1, 0, 0
15000, 1951, 1, 0, 0
16003, 1952, 1, 0, 0
17000, 2060, 1, 0, 0
18000, 1970, 1, 0, 0
19000, 1981, 1, 0, 0
20000, 2023, 1, 0, 0
21000, 1999, 1, 0, 0
22002, 1867, 1, 0, 0
23001, 1983, 1, 0, 0
24000, 2093, 1, 0, 0
25000, 1916, 1, 0, 0
26000, 1986, 1, 0, 0
27004, 2005, 1, 0, 0
28004, 2069, 1, 0, 0
29000, 1812, 1, 0, 0
30000, 1959, 1, 0, 0
31000, 1904, 1, 0, 0
32000, 2079, 1, 0, 0
33005, 2099, 1, 0, 0
34004, 1897, 1, 0, 0
35005, 1953, 1, 0, 0
36000, 2013, 1, 0, 0
37000, 1878, 1, 0, 0
38000, 1954, 1, 0, 0
39000, 1994, 1, 0, 0
40000, 1985, 1, 0, 0
41004, 1967, 1, 0, 0
42004, 1982, 1, 0, 0
43000, 2094, 1, 0, 0
44000, 2093, 1, 0, 0
45001, 2041, 1, 0, 0
46005, 2033, 1, 0, 0
47000, 1947, 1, 0, 0
48000, 2012, 1, 0, 0
49000, 2047, 1, 0, 0
50000, 1831, 1, 0, 0
51000, 1924, 1, 0, 0
52002, 1919, 1, 0, 0
53000, 2025, 1, 0, 0
54000, 1926, 1, 0, 0
55000, 1884, 1, 0, 0
56003, 1897, 1, 0, 0
57000, 1870, 1, 0, 0
58004, 1856, 1, 0, 0
59002, 1925, 1, 0, 0
60003, 1997, 1, 0, 0
61000, 1994, 1, 0, 0
62004, 2016, 1, 0, 0
63001, 2033, 1, 0, 0
64000, 1952, 1, 0, 0
65000, 1947, 1, 0, 0
66000, 1932, 1, 0, 0
67002, 1925, 1, 0, 0
68004, 1888, 1, 0, 0
69003, 1960, 1, 0, 0
70000, 1950, 1, 0, 0
71000, 2101, 1, 0, 0
72000, 2040, 1, 0, 0
73000, 2115, 1, 0, 0
74004, 2149, 1, 0, 0
75001, 2205, 1, 0, 0
76000, 2198, 1, 0, 0
77005, 2238, 1, 0, 0
78000, 2094, 1, 0, 0
79034, 2112, 1, 0, 0
80000, 2113, 1, 0, 0
81000, 2074, 1, 0, 0
82000, 2124, 1, 0, 0
83000, 2129, 1, 0, 0
84005, 2269, 1, 0, 0
85000, 2114, 1, 0, 0
86000, 2132, 1, 0, 0
87000, 2127, 1, 0, 0
88001, 2148, 1, 0, 0
89000, 2135, 1, 0, 0
90000, 2118, 1, 0, 0
91002, 2047, 1, 0, 0
92040, 2008, 1, 0, 0
93000, 1989, 1, 0, 0
94000, 2064, 1, 0, 0
95001, 2075, 1, 0, 0
96000, 2066, 1, 0, 0
97000, 2103, 1, 0, 0
98001, 1998, 1, 0, 0
99000, 2247, 1, 0, 0
100000, 2171, 1, 0, 0
101000, 2070, 1, 0, 0
102001, 2083, 1, 0, 0
103005, 2094, 1, 0, 0
104005, 2134, 1, 0, 0
105000, 2164, 1, 0, 0
106042, 2121, 1, 0, 0
107004, 2084, 1, 0, 0
108000, 2057, 1, 0, 0
109000, 2175, 1, 0, 0
110000, 2164, 1, 0, 0
111000, 2121, 1, 0, 0
112000, 2011, 1, 0, 0
113000, 2042, 1, 0, 0
114000, 2167, 1, 0, 0
115028, 2130, 1, 0, 0
116003, 2052, 1, 0, 0
117004, 2143, 1, 0, 0
118000, 2123, 1, 0, 0
119000, 2180, 1, 0, 0
120000, 2108, 1, 0, 0
121000, 1990, 1, 0, 0
122000, 2098, 1, 0, 0
123000, 1990, 1, 0, 0
124001, 1907, 1, 0, 0
125000, 1912, 1, 0, 0
126000, 1959, 1, 0, 0
127000, 2008, 1, 0, 0
128000, 1981, 1, 0, 0
129000, 1991, 1, 0, 0
130000, 1905, 1, 0, 0
131000, 1932, 1, 0, 0
132003, 1953, 1, 0, 0
133000, 1936, 1, 0, 0
134005, 2014, 1, 0, 0
135002, 1980, 1, 0, 0
136000, 1959, 1, 0, 0
137000, 1966, 1, 0, 0
138000, 2010, 1, 0, 0
139000, 1889, 1, 0, 0
140028, 1854, 1, 0, 0
141000, 1920, 1, 0, 0
142000, 1948, 1, 0, 0
143000, 1885, 1, 0, 0
144000, 1895, 1, 0, 0
145001, 1872, 1, 0, 0
146027, 1920, 1, 0, 0
147000, 1955, 1, 0, 0
148002, 2001, 1, 0, 0
149001, 1921, 1, 0, 0
150001, 2004, 1, 0, 0
151000, 2042, 1, 0, 0
152005, 2025, 1, 0, 0
153040, 2026, 1, 0, 0
154000, 2122, 1, 0, 0
155000, 1980, 1, 0, 0
156000, 2040, 1, 0, 0
157001, 1886, 1, 0, 0
158000, 2016, 1, 0, 0
159000, 1964, 1, 0, 0
160000, 1948, 1, 0, 0
161004, 1921, 1, 0, 0
162001, 2064, 1, 0, 0
163003, 2186, 1, 0, 0
164000, 2061, 1, 0, 0
165001, 2038, 1, 0, 0
166000, 2025, 1, 0, 0
167000, 2031, 1, 0, 0
168000, 2038, 1, 0, 0
169001, 2063, 1, 0, 0
170000, 2000, 1, 0, 0
171000, 2070, 1, 0, 0
172033, 2069, 1, 0, 0
173000, 1946, 1, 0, 0
174000, 1889, 1, 0, 0
175000, 2025, 1, 0, 0
176000, 1918, 1, 0, 0
177000, 2046, 1, 0, 0
178001, 2031, 1, 0, 0
179001, 2074, 1, 0, 0
180041, 2080, 1, 0, 0
