1000, 2146978, 0, 0, 0
2000, 2134983, 0, 0, 0
3000, 2153766, 0, 0, 0
4000, 2169224, 0, 0, 0
5000, 2167941, 0, 0, 0
6000, 2164234, 0, 0, 0
7000, 2134529, 0, 0, 0
8000, 2150571, 0, 0, 0
9000, 2177780, 0, 0, 0
10000, 2155914, 0, 0, 0
11000, 2174799, 0, 0, 0
12000, 2159718, 0, 0, 0
13000, 2149653, 0, 0, 0
14000, 2228789, 0, 0, 0
15000, 2213962, 0, 0, 0
16000, 2197195, 0, 0, 0
17000, 2184029, 0, 0, 0
18000, 2154031, 0, 0, 0
19000, 2196884, 0, 0, 0
20000, 2196508, 0, 0, 0
21000, 2157139, 0, 0, 0
22000, 2188156, 0, 0, 0
23000, 2337687, 0, 0, 0
24000, 2200513, 0, 0, 0
25000, 2219394, 0, 0, 0
26000, 2191942, 0, 0, 0
27000, 2220772, 0, 0, 0
28000, 2197678, 0, 0, 0
29000, 2164228, 0, 0, 0
30000, 2145363, 0, 0, 0
31000, 2162734, 0, 0, 0
32000, 2159482, 0, 0, 0
33000, 2147197, 0, 0, 0
34000, 2120894, 0, 0, 0
35000, 2130695, 0, 0, 0
36000, 2202101, 0, 0, 0
37000, 2431674, 0, 0, 0
38000, 2199255, 0, 0, 0
39000, 2208293, 0, 0, 0
40000, 2210970, 0, 0, 0
41000, 2181527, 0, 0, 0
42000, 2164675, 0, 0, 0
43000, 2185464, 0, 0, 0
44000, 2210546, 0, 0, 0
45000, 2161860, 0, 0, 0
46000, 2138394, 0, 0, 0
47000, 2160821, 0, 0, 0
48000, 2150964, 0, 0, 0
49000, 2366298, 0, 0, 0
50000, 2147835, 0, 0, 0
51000, 2129051, 0, 0, 0
52000, 2150352, 0, 0, 0
53000, 2183158, 0, 0, 0
54000, 2115219, 0, 0, 0
55000, 2124705, 0, 0, 0
56000, 2202412, 0, 0, 0
57000, 2315104, 0, 0, 0
58000, 2205139, 0, 0, 0
59000, 2155973, 0, 0, 0
60000, 2190625, 0, 0, 0
61000, 2161416, 0, 0, 0
62000, 2192817, 0, 0, 0
63000, 2182920, 0, 0, 0
64000, 2155960, 0, 0, 0
65000, 2179549, 0, 0, 0
66000, 2168923, 0, 0, 0
67000, 2179053, 0, 0, 0
68000, 2134697, 0, 0, 0
69000, 2212658, 0, 0, 0
70000, 2188123, 0, 0, 0
71000, 2152647, 0, 0, 0
72000, 2205030, 0, 0, 0
73000, 2174339, 0, 0, 0
74000, 2147017, 0, 0, 0
75000, 2159288, 0, 0, 0
76000, 2133426, 0, 0, 0
77000, 2201871, 0, 0, 0
78000, 2160095, 0, 0, 0
79000, 2175175, 0, 0, 0
80000, 2179772, 0, 0, 0
81000, 2196645, 0, 0, 0
82000, 2201583, 0, 0, 0
83000, 2246323, 0, 0, 0
84000, 2157531, 0, 0, 0
85000, 2196704, 0, 0, 0
86000, 2128193, 0, 0, 0
87000, 2206158, 0, 0, 0
88000, 2229541, 0, 0, 0
89000, 2202646, 0, 0, 0
90000, 2203031, 0, 0, 0
91000, 2156228, 0, 0, 0
92000, 2234426, 0, 0, 0
93000, 2168162, 0, 0, 0
94000, 2129156, 0, 0, 0
95000, 2162570, 0, 0, 0
96000, 2133297, 0, 0, 0
97000, 2149517, 0, 0, 0
98000, 2150853, 0, 0, 0
99000, 2181755, 0, 0, 0
100000, 2218995, 0, 0, 0
101000, 2226873, 0, 0, 0
102000, 2189097, 0, 0, 0
103000, 2190406, 0, 0, 0
104000, 2271573, 0, 0, 0
105000, 2179439, 0, 0, 0
106000, 2181116, 0, 0, 0
107000, 2208958, 0, 0, 0
108000, 2184959, 0, 0, 0
109000, 2245137, 0, 0, 0
110000, 2213289, 0, 0, 0
111000, 2184269, 0, 0, 0
112000, 2207028, 0, 0, 0
113000, 2240516, 0, 0, 0
114000, 2186339, 0, 0, 0
115000, 2158834, 0, 0, 0
116000, 2122733, 0, 0, 0
117000, 2140267, 0, 0, 0
118000, 2180312, 0, 0, 0
119000, 2166739, 0, 0, 0
120000, 2210393, 0, 0, 0
121000, 2180371, 0, 0, 0
122000, 2147029, 0, 0, 0
123000, 2194978, 0, 0, 0
124000, 2206698, 0, 0, 0
125000, 2192045, 0, 0, 0
126000, 2215464, 0, 0, 0
127000, 2220263, 0, 0, 0
128000, 2189669, 0, 0, 0
129000, 2173555, 0, 0, 0
130000, 2142243, 0, 0, 0
131000, 2162307, 0, 0, 0
132000, 2160265, 0, 0, 0
133000, 2179362, 0, 0, 0
134000, 2170941, 0, 0, 0
135000, 2186417, 0, 0, 0
136000, 2129650, 0, 0, 0
137001, 2152500, 0, 0, 0
138000, 2241401, 0, 0, 0
139000, 2155680, 0, 0, 0
140000, 2144606, 0, 0, 0
141000, 2195112, 0, 0, 0
142000, 2222823, 0, 0, 0
143000, 2235581, 0, 0, 0
144000, 2274804, 0, 0, 0
145000, 2230897, 0, 0, 0
146000, 2233196, 0, 0, 0
147000, 2209713, 0, 0, 0
148000, 2228816, 0, 0, 0
149000, 2238897, 0, 0, 0
150000, 2234605, 0, 0, 0
151000, 2192199, 0, 0, 0
152000, 2640495, 0, 0, 0
153000, 2217006, 0, 0, 0
154001, 2196134, 0, 0, 0
155000, 2191520, 0, 0, 0
156000, 2200005, 0, 0, 0
157000, 2164148, 0, 0, 0
158000, 2206670, 0, 0, 0
159000, 2179171, 0, 0, 0
160000, 2172400, 0, 0, 0
161000, 2196263, 0, 0, 0
162000, 2226980, 0, 0, 0
163000, 2270826, 0, 0, 0
164000, 2247127, 0, 0, 0
165000, 2233100, 0, 0, 0
166000, 2248989, 0, 0, 0
167000, 2280442, 0, 0, 0
168000, 2226371, 0, 0, 0
169000, 2284145, 0, 0, 0
170000, 2217007, 0, 0, 0
171000, 2207572, 0, 0, 0
172000, 2190819, 0, 0, 0
173000, 2217807, 0, 0, 0
174000, 2238162, 0, 0, 0
175000, 2275259, 0, 0, 0
176000, 2184538, 0, 0, 0
177000, 2415621, 0, 0, 0
178000, 2260269, 0, 0, 0
179000, 2208705, 0, 0, 0
180000, 2133860, 0, 0, 0
180001, 2948316, 0, 0, 0
