1000, 3744703, 0, 0, 0
2003, 4147067, 0, 0, 0
3000, 4164591, 0, 0, 0
4002, 4053384, 0, 0, 0
5001, 4164563, 0, 0, 0
6000, 4251363, 0, 0, 0
7009, 4110017, 0, 0, 0
8001, 4194343, 0, 0, 0
9000, 4177564, 0, 0, 0
10003, 4169075, 0, 0, 0
11000, 4135382, 0, 0, 0
12008, 4148466, 0, 0, 0
13004, 4260145, 0, 0, 0
14001, 4060290, 0, 0, 0
15008, 4132683, 0, 0, 0
16005, 4273301, 0, 0, 0
17002, 4114553, 0, 0, 0
18000, 4196462, 0, 0, 0
19004, 4206938, 0, 0, 0
20000, 4067477, 0, 0, 0
21006, 3995372, 0, 0, 0
22001, 4242309, 0, 0, 0
23001, 4325081, 0, 0, 0
24000, 4333071, 0, 0, 0
25001, 4142162, 0, 0, 0
26000, 4137129, 0, 0, 0
27003, 4104546, 0, 0, 0
28002, 4127687, 0, 0, 0
29001, 4216872, 0, 0, 0
30000, 4061944, 0, 0, 0
31000, 3957730, 0, 0, 0
32004, 4214053, 0, 0, 0
33000, 4267720, 0, 0, 0
34000, 4257268, 0, 0, 0
35000, 4262167, 0, 0, 0
36000, 4097311, 0, 0, 0
37006, 4196573, 0, 0, 0
38000, 4141098, 0, 0, 0
39001, 4111728, 0, 0, 0
40007, 4071065, 0, 0, 0
41000, 4111736, 0, 0, 0
42001, 4257056, 0, 0, 0
43001, 4167557, 0, 0, 0
44004, 4202326, 0, 0, 0
45002, 4081177, 0, 0, 0
46001, 4207356, 0, 0, 0
47005, 4225557, 0, 0, 0
48000, 4176753, 0, 0, 0
49000, 4137490, 0, 0, 0
50000, 4242108, 0, 0, 0
51004, 4143584, 0, 0, 0
52000, 4307210, 0, 0, 0
53006, 4038014, 0, 0, 0
54000, 4094427, 0, 0, 0
55001, 4145012, 0, 0, 0
56003, 4209793, 0, 0, 0
57000, 4214317, 0, 0, 0
58003, 4210954, 0, 0, 0
59001, 4144473, 0, 0, 0
60002, 4153007, 0, 0, 0
61002, 4208160, 0, 0, 0
62000, 4211640, 0, 0, 0
63007, 4125985, 0, 0, 0
64001, 4146843, 0, 0, 0
65000, 4112205, 0, 0, 0
66000, 4181487, 0, 0, 0
67000, 4061623, 0, 0, 0
68001, 4128695, 0, 0, 0
69001, 4129417, 0, 0, 0
70000, 4214484, 0, 0, 0
71000, 4211444, 0, 0, 0
72001, 4150963, 0, 0, 0
73001, 4200214, 0, 0, 0
74000, 4110972, 0, 0, 0
75000, 4185125, 0, 0, 0
76000, 4217001, 0, 0, 0
77000, 4202345, 0, 0, 0
78000, 4174134, 0, 0, 0
79002, 4272495, 0, 0, 0
80000, 4280350, 0, 0, 0
81004, 4157897, 0, 0, 0
82001, 4132494, 0, 0, 0
83000, 4137456, 0, 0, 0
84001, 4228891, 0, 0, 0
85001, 4098984, 0, 0, 0
86000, 4207921, 0, 0, 0
87008, 4209652, 0, 0, 0
88000, 4261483, 0, 0, 0
89000, 4124115, 0, 0, 0
90006, 4139876, 0, 0, 0
91001, 4259672, 0, 0, 0
92000, 4131979, 0, 0, 0
93000, 4221904, 0, 0, 0
94000, 4220730, 0, 0, 0
95000, 4181112, 0, 0, 0
96004, 4285685, 0, 0, 0
97000, 4106337, 0, 0, 0
98001, 4176064, 0, 0, 0
99000, 4168845, 0, 0, 0
100000, 4090976, 0, 0, 0
101000, 4194084, 0, 0, 0
102000, 4191761, 0, 0, 0
103000, 4103438, 0, 0, 0
104001, 4247113, 0, 0, 0
105000, 4028529, 0, 0, 0
106004, 4178293, 0, 0, 0
107002, 4151847, 0, 0, 0
108001, 4104728, 0, 0, 0
109000, 4180660, 0, 0, 0
110001, 4086206, 0, 0, 0
111003, 4194690, 0, 0, 0
112000, 4164862, 0, 0, 0
113001, 4263418, 0, 0, 0
114001, 4172408, 0, 0, 0
115000, 4201934, 0, 0, 0
116001, 4141510, 0, 0, 0
117001, 4182608, 0, 0, 0
118000, 4015947, 0, 0, 0
119004, 4177621, 0, 0, 0
120000, 4185326, 0, 0, 0
121007, 4194874, 0, 0, 0
122002, 4274805, 0, 0, 0
123000, 4265359, 0, 0, 0
124000, 4185169, 0, 0, 0
125001, 4285302, 0, 0, 0
126000, 4113923, 0, 0, 0
127007, 4162393, 0, 0, 0
128000, 4232202, 0, 0, 0
129003, 4201851, 0, 0, 0
130000, 4227821, 0, 0, 0
131000, 4153604, 0, 0, 0
132007, 4155355, 0, 0, 0
133000, 4231902, 0, 0, 0
134000, 4130366, 0, 0, 0
135003, 4181772, 0, 0, 0
136000, 4191005, 0, 0, 0
137007, 4171036, 0, 0, 0
138002, 4150738, 0, 0, 0
139000, 4145064, 0, 0, 0
140001, 4029089, 0, 0, 0
141000, 4261061, 0, 0, 0
142000, 4119894, 0, 0, 0
143004, 4403043, 0, 0, 0
144001, 4171172, 0, 0, 0
145008, 4126922, 0, 0, 0
146000, 4257140, 0, 0, 0
147001, 4266422, 0, 0, 0
148000, 4205460, 0, 0, 0
149000, 4166502, 0, 0, 0
150001, 4165941, 0, 0, 0
151002, 4152848, 0, 0, 0
152000, 4171669, 0, 0, 0
153001, 4127977, 0, 0, 0
154000, 4275226, 0, 0, 0
155006, 4143674, 0, 0, 0
156000, 4140656, 0, 0, 0
157001, 4128464, 0, 0, 0
158000, 4208374, 0, 0, 0
159002, 4187998, 0, 0, 0
160000, 4265461, 0, 0, 0
161001, 4271438, 0, 0, 0
162001, 4171440, 0, 0, 0
163000, 4171862, 0, 0, 0
164000, 4115176, 0, 0, 0
165001, 4098160, 0, 0, 0
166008, 4169706, 0, 0, 0
167001, 4247613, 0, 0, 0
168000, 4177377, 0, 0, 0
169004, 4143979, 0, 0, 0
170000, 4184165, 0, 0, 0
171000, 4192643, 0, 0, 0
172000, 4218560, 0, 0, 0
173000, 4283846, 0, 0, 0
174001, 4126639, 0, 0, 0
175000, 4211621, 0, 0, 0
176005, 4133191, 0, 0, 0
177001, 4247741, 0, 0, 0
178000, 4111895, 0, 0, 0
179004, 4063935, 0, 0, 0
180000, 4262938, 0, 0, 0
180001, 2022448, 0, 0, 0
