1004, 58531258, 0, 0, 0
2000, 66665037, 0, 0, 0
3010, 66396053, 0, 0, 0
4004, 67021040, 0, 0, 0
5000, 67109253, 0, 0, 0
6000, 66732574, 0, 0, 0
7007, 66812752, 0, 0, 0
8001, 67113519, 0, 0, 0
9000, 66709122, 0, 0, 0
10005, 67151735, 0, 0, 0
11000, 66594738, 0, 0, 0
12002, 66440241, 0, 0, 0
13003, 67412228, 0, 0, 0
14000, 66628570, 0, 0, 0
15002, 66400276, 0, 0, 0
16000, 67582390, 0, 0, 0
17000, 66485532, 0, 0, 0
18000, 66539257, 0, 0, 0
19006, 67069730, 0, 0, 0
20001, 67040057, 0, 0, 0
21000, 66789353, 0, 0, 0
22004, 67345241, 0, 0, 0
23000, 67091731, 0, 0, 0
24008, 67154351, 0, 0, 0
25003, 66465233, 0, 0, 0
26002, 66532110, 0, 0, 0
27000, 67721122, 0, 0, 0
28001, 66866526, 0, 0, 0
29004, 66159902, 0, 0, 0
30005, 67056074, 0, 0, 0
31000, 66995721, 0, 0, 0
32000, 66799263, 0, 0, 0
33006, 67116854, 0, 0, 0
34000, 67041241, 0, 0, 0
35011, 66777764, 0, 0, 0
36008, 67535535, 0, 0, 0
37003, 66412623, 0, 0, 0
38001, 66705285, 0, 0, 0
39000, 66551531, 0, 0, 0
40003, 67375357, 0, 0, 0
41000, 66629184, 0, 0, 0
42000, 67327358, 0, 0, 0
43000, 66603268, 0, 0, 0
44000, 66895881, 0, 0, 0
45006, 67319479, 0, 0, 0
46002, 66851707, 0, 0, 0
47000, 67056265, 0, 0, 0
48000, 66789920, 0, 0, 0
49008, 67068053, 0, 0, 0
50000, 67102777, 0, 0, 0
51000, 66525806, 0, 0, 0
52007, 66594208, 0, 0, 0
53005, 67191885, 0, 0, 0
54000, 66254935, 0, 0, 0
55007, 67317659, 0, 0, 0
56000, 66489446, 0, 0, 0
57008, 66363491, 0, 0, 0
58003, 66971423, 0, 0, 0
59001, 66819845, 0, 0, 0
60000, 67028410, 0, 0, 0
61007, 67325108, 0, 0, 0
62001, 66564763, 0, 0, 0
63000, 66139264, 0, 0, 0
64001, 67375085, 0, 0, 0
65000, 66252992, 0, 0, 0
66000, 67208031, 0, 0, 0
67002, 66911975, 0, 0, 0
68000, 66755904, 0, 0, 0
69006, 67017955, 0, 0, 0
70000, 66715447, 0, 0, 0
71000, 67169997, 0, 0, 0
72009, 66799849, 0, 0, 0
73001, 67388969, 0, 0, 0
74000, 66385625, 0, 0, 0
75009, 66640331, 0, 0, 0
76002, 67371452, 0, 0, 0
77001, 66271920, 0, 0, 0
78000, 67011304, 0, 0, 0
79000, 67363258, 0, 0, 0
80001, 66735728, 0, 0, 0
81000, 66715623, 0, 0, 0
82008, 67196034, 0, 0, 0
83002, 66730212, 0, 0, 0
84000, 66670794, 0, 0, 0
85007, 66849446, 0, 0, 0
86003, 66771720, 0, 0, 0
87000, 67102893, 0, 0, 0
88007, 67078693, 0, 0, 0
89000, 66879064, 0, 0, 0
90009, 66460580, 0, 0, 0
91002, 67479499, 0, 0, 0
92000, 66792841, 0, 0, 0
93009, 67024631, 0, 0, 0
94003, 67950859, 0, 0, 0
95000, 70348236, 0, 0, 0
96006, 67109463, 0, 0, 0
97000, 66968650, 0, 0, 0
98000, 66639977, 0, 0, 0
99005, 67515629, 0, 0, 0
100000, 66357128, 0, 0, 0
101000, 66508385, 0, 0, 0
102003, 67359632, 0, 0, 0
103000, 66540562, 0, 0, 0
104007, 67308264, 0, 0, 0
105001, 66711741, 0, 0, 0
106000, 67117628, 0, 0, 0
107007, 67387748, 0, 0, 0
108000, 66640761, 0, 0, 0
109008, 67066232, 0, 0, 0
110001, 66708653, 0, 0, 0
111000, 66839963, 0, 0, 0
112001, 66688090, 0, 0, 0
113002, 67149103, 0, 0, 0
114000, 66734513, 0, 0, 0
115008, 66321749, 0, 0, 0
116002, 67711479, 0, 0, 0
117000, 66905537, 0, 0, 0
118007, 66174000, 0, 0, 0
119000, 67529195, 0, 0, 0
120008, 66417789, 0, 0, 0
121000, 67654626, 0, 0, 0
122010, 66419224, 0, 0, 0
123004, 67413207, 0, 0, 0
124000, 66536250, 0, 0, 0
125007, 66956053, 0, 0, 0
126003, 67271859, 0, 0, 0
127000, 67095547, 0, 0, 0
128009, 66562765, 0, 0, 0
129002, 66905846, 0, 0, 0
130000, 67378595, 0, 0, 0
131000, 66653506, 0, 0, 0
132000, 67092441, 0, 0, 0
133005, 66942778, 0, 0, 0
134000, 66836667, 0, 0, 0
135010, 66587037, 0, 0, 0
136002, 67428022, 0, 0, 0
137000, 66821773, 0, 0, 0
138005, 67208340, 0, 0, 0
139000, 66387482, 0, 0, 0
140000, 67371633, 0, 0, 0
141006, 67064819, 0, 0, 0
142001, 66784551, 0, 0, 0
143000, 66693344, 0, 0, 0
144003, 67003406, 0, 0, 0
145003, 67343565, 0, 0, 0
146000, 66749849, 0, 0, 0
147004, 67095561, 0, 0, 0
148000, 66816644, 0, 0, 0
149008, 67323269, 0, 0, 0
150000, 66686512, 0, 0, 0
151000, 66756618, 0, 0, 0
152000, 66590685, 0, 0, 0
153004, 67468539, 0, 0, 0
154001, 66848596, 0, 0, 0
155000, 67084784, 0, 0, 0
156006, 66856871, 0, 0, 0
157001, 66367897, 0, 0, 0
158000, 67568006, 0, 0, 0
159010, 66640047, 0, 0, 0
160000, 67202447, 0, 0, 0
161000, 67232617, 0, 0, 0
162008, 66267939, 0, 0, 0
163003, 67298870, 0, 0, 0
164000, 66880558, 0, 0, 0
165004, 67312830, 0, 0, 0
166000, 66588890, 0, 0, 0
167001, 67024582, 0, 0, 0
168008, 66293368, 0, 0, 0
169002, 67122075, 0, 0, 0
170000, 67209354, 0, 0, 0
171000, 66694473, 0, 0, 0
172004, 67059213, 0, 0, 0
173000, 66916101, 0, 0, 0
174000, 66877903, 0, 0, 0
175007, 67200057, 0, 0, 0
176002, 66533942, 0, 0, 0
177000, 66862148, 0, 0, 0
178000, 66328723, 0, 0, 0
179000, 67284131, 0, 0, 0
180000, 76203885, 0, 0, 0
180063, 120343925, 0, 0, 0
