1000, 1049252, 1, 0, 0
2000, 1027873, 1, 0, 0
3000, 1022897, 1, 0, 0
4000, 1029568, 1, 0, 0
5000, 1021124, 1, 0, 0
6002, 1004393, 1, 0, 0
7000, 997085, 1, 0, 0
8000, 1002971, 1, 0, 0
9000, 1056992, 1, 0, 0
10000, 984088, 1, 0, 0
11000, 1034141, 1, 0, 0
12000, 1028522, 1, 0, 0
13000, 1055565, 1, 0, 0
14000, 1037366, 1, 0, 0
15000, 1017145, 1, 0, 0
16000, 1021451, 1, 0, 0
17000, 1015026, 1, 0, 0
18000, 1032899, 1, 0, 0
19000, 1024728, 1, 0, 0
20000, 1039083, 1, 0, 0
21000, 1011948, 1, 0, 0
22000, 1037452, 1, 0, 0
23000, 1060984, 1, 0, 0
24000, 1008606, 1, 0, 0
25000, 1028025, 1, 0, 0
26000, 1053649, 1, 0, 0
27000, 1000920, 1, 0, 0
28000, 1123866, 1, 0, 0
29000, 1016925, 1, 0, 0
30000, 1014838, 1, 0, 0
31000, 998911, 1, 0, 0
32000, 1001635, 1, 0, 0
33000, 1090253, 1, 0, 0
34000, 1033662, 1, 0, 0
35000, 1010039, 1, 0, 0
36000, 1009641, 1, 0, 0
37000, 1027781, 1, 0, 0
38000, 1024364, 1, 0, 0
39000, 1024568, 1, 0, 0
40001, 1025623, 1, 0, 0
41000, 1028411, 1, 0, 0
42001, 1021469, 1, 0, 0
43000, 1062521, 1, 0, 0
44000, 999249, 1, 0, 0
45000, 1024181, 1, 0, 0
46000, 1036562, 1, 0, 0
47002, 1009145, 1, 0, 0
48000, 1030376, 1, 0, 0
49000, 1009818, 1, 0, 0
50000, 1062763, 1, 0, 0
51000, 999991, 1, 0, 0
52000, 1030693, 1, 0, 0
53000, 996346, 1, 0, 0
54000, 1015623, 1, 0, 0
55000, 1032177, 1, 0, 0
56000, 973545, 1, 0, 0
57000, 1001958, 1, 0, 0
58000, 1016111, 1, 0, 0
59001, 1041323, 1, 0, 0
60000, 1099015, 1, 0, 0
61000, 1054732, 1, 0, 0
62001, 1022174, 1, 0, 0
63002, 1076108, 1, 0, 0
64000, 979573, 1, 0, 0
65000, 955650, 1, 0, 0
66000, 995014, 1, 0, 0
67000, 947944, 1, 0, 0
68000, 956016, 1, 0, 0
69000, 1077780, 1, 0, 0
70000, 1049726, 1, 0, 0
71000, 1016981, 1, 0, 0
72000, 1036928, 1, 0, 0
73000, 1045365, 1, 0, 0
74000, 1074610, 1, 0, 0
75000, 1068816, 1, 0, 0
76000, 1043690, 1, 0, 0
77000, 1028168, 1, 0, 0
78000, 1068152, 1, 0, 0
79000, 1041983, 1, 0, 0
80000, 1058798, 1, 0, 0
81000, 1000477, 1, 0, 0
82010, 1043999, 1, 0, 0
83000, 1046585, 1, 0, 0
84000, 1067974, 1, 0, 0
85000, 1086765, 1, 0, 0
86000, 1049786, 1, 0, 0
87000, 1031085, 1, 0, 0
88000, 1035141, 1, 0, 0
89000, 1026700, 1, 0, 0
90000, 1032876, 1, 0, 0
91000, 1039645, 1, 0, 0
92000, 985538, 1, 0, 0
93001, 1018459, 1, 0, 0
94000, 1073218, 1, 0, 0
95001, 1039275, 1, 0, 0
96000, 1029132, 1, 0, 0
97000, 999781, 1, 0, 0
98000, 1060604, 1, 0, 0
99000, 1096519, 1, 0, 0
100000, 1109903, 1, 0, 0
101000, 1080286, 1, 0, 0
102000, 1029757, 1, 0, 0
103000, 1069932, 1, 0, 0
104001, 1042842, 1, 0, 0
105000, 1070061, 1, 0, 0
106000, 1024848, 1, 0, 0
107000, 1059865, 1, 0, 0
108000, 1047586, 1, 0, 0
109000, 1014285, 1, 0, 0
110000, 1082285, 1, 0, 0
111000, 1029096, 1, 0, 0
112000, 1035213, 1, 0, 0
113000, 1013852, 1, 0, 0
114000, 1011490, 1, 0, 0
115000, 1059394, 1, 0, 0
116000, 1026063, 1, 0, 0
117000, 1038691, 1, 0, 0
118000, 1017620, 1, 0, 0
119000, 1045970, 1, 0, 0
120000, 1119003, 1, 0, 0
121000, 1049497, 1, 0, 0
122001, 1042949, 1, 0, 0
123000, 1026782, 1, 0, 0
124000, 1019034, 1, 0, 0
125000, 1028659, 1, 0, 0
126000, 1049762, 1, 0, 0
127000, 1014721, 1, 0, 0
128000, 1015016, 1, 0, 0
129000, 1024993, 1, 0, 0
130000, 1006678, 1, 0, 0
131000, 1028928, 1, 0, 0
132000, 999784, 1, 0, 0
133000, 1004213, 1, 0, 0
134000, 1034508, 1, 0, 0
135000, 1024331, 1, 0, 0
136000, 1039315, 1, 0, 0
137000, 1061573, 1, 0, 0
138000, 1041903, 1, 0, 0
139000, 1063122, 1, 0, 0
140000, 1044307, 1, 0, 0
141000, 1021205, 1, 0, 0
142000, 1036486, 1, 0, 0
143000, 1071834, 1, 0, 0
144000, 1037129, 1, 0, 0
145000, 1031530, 1, 0, 0
146000, 1030353, 1, 0, 0
147000, 1024032, 1, 0, 0
148000, 966219, 1, 0, 0
149000, 1026123, 1, 0, 0
150000, 1010793, 1, 0, 0
151000, 1004174, 1, 0, 0
152000, 1026695, 1, 0, 0
153000, 996504, 1, 0, 0
154000, 1031570, 1, 0, 0
155000, 1060478, 1, 0, 0
156000, 996672, 1, 0, 0
157000, 994189, 1, 0, 0
158000, 1028925, 1, 0, 0
159001, 996798, 1, 0, 0
160000, 1022527, 1, 0, 0
161000, 984948, 1, 0, 0
162000, 1001720, 1, 0, 0
163000, 1035326, 1, 0, 0
164000, 999556, 1, 0, 0
165000, 1003282, 1, 0, 0
166000, 985386, 1, 0, 0
167001, 983800, 1, 0, 0
168001, 1102097, 1, 0, 0
169000, 1046869, 1, 0, 0
170001, 1013313, 1, 0, 0
171000, 1042464, 1, 0, 0
172000, 1064227, 1, 0, 0
173000, 1044456, 1, 0, 0
174000, 1213137, 1, 0, 0
175001, 1005595, 1, 0, 0
176000, 1021171, 1, 0, 0
177000, 1032319, 1, 0, 0
178000, 1012027, 1, 0, 0
179000, 1002727, 1, 0, 0
180000, 1002960, 1, 0, 0
