999, 531, 0, 0, 0
1998, 483, 0, 0, 0
2999, 476, 0, 0, 0
3999, 477, 0, 0, 0
5000, 484, 0, 0, 0
6000, 481, 0, 0, 0
7000, 476, 0, 0, 0
8000, 474, 0, 0, 0
9000, 477, 0, 0, 0
10000, 472, 0, 0, 0
11000, 479, 0, 0, 0
12000, 475, 0, 0, 0
13000, 480, 0, 0, 0
14000, 476, 0, 0, 0
15000, 481, 0, 0, 0
16000, 482, 0, 0, 0
17000, 482, 0, 0, 0
18000, 477, 0, 0, 0
19000, 476, 0, 0, 0
20000, 476, 0, 0, 0
20999, 487, 0, 0, 0
22000, 479, 0, 0, 0
23000, 481, 0, 0, 0
24000, 481, 0, 0, 0
25000, 478, 0, 0, 0
26000, 480, 0, 0, 0
27000, 479, 0, 0, 0
28000, 476, 0, 0, 0
29000, 480, 0, 0, 0
30000, 476, 0, 0, 0
31000, 476, 0, 0, 0
32000, 483, 0, 0, 0
33000, 481, 0, 0, 0
34000, 476, 0, 0, 0
35000, 480, 0, 0, 0
36000, 477, 0, 0, 0
37000, 485, 0, 0, 0
38000, 480, 0, 0, 0
39000, 484, 0, 0, 0
40000, 477, 0, 0, 0
41000, 478, 0, 0, 0
42000, 481, 0, 0, 0
43000, 480, 0, 0, 0
44000, 484, 0, 0, 0
45000, 474, 0, 0, 0
46000, 479, 0, 0, 0
47000, 476, 0, 0, 0
48000, 478, 0, 0, 0
49000, 480, 0, 0, 0
50000, 485, 0, 0, 0
51000, 474, 0, 0, 0
52000, 474, 0, 0, 0
53000, 478, 0, 0, 0
54000, 479, 0, 0, 0
55000, 479, 0, 0, 0
56000, 483, 0, 0, 0
57000, 484, 0, 0, 0
58001, 479, 0, 0, 0
59000, 474, 0, 0, 0
60000, 479, 0, 0, 0
61000, 477, 0, 0, 0
62000, 479, 0, 0, 0
63000, 475, 0, 0, 0
64000, 478, 0, 0, 0
65000, 474, 0, 0, 0
66000, 482, 0, 0, 0
67000, 480, 0, 0, 0
68000, 474, 0, 0, 0
69000, 483, 0, 0, 0
70000, 475, 0, 0, 0
71000, 478, 0, 0, 0
72000, 478, 0, 0, 0
73000, 483, 0, 0, 0
74000, 476, 0, 0, 0
75000, 475, 0, 0, 0
76000, 476, 0, 0, 0
77000, 477, 0, 0, 0
78000, 478, 0, 0, 0
79000, 476, 0, 0, 0
80000, 475, 0, 0, 0
81000, 474, 0, 0, 0
82000, 483, 0, 0, 0
83000, 479, 0, 0, 0
83999, 485, 0, 0, 0
85000, 478, 0, 0, 0
86000, 479, 0, 0, 0
87000, 477, 0, 0, 0
88000, 472, 0, 0, 0
89000, 475, 0, 0, 0
90000, 479, 0, 0, 0
91000, 479, 0, 0, 0
92000, 474, 0, 0, 0
92999, 481, 0, 0, 0
94000, 481, 0, 0, 0
94999, 479, 0, 0, 0
96000, 479, 0, 0, 0
97000, 475, 0, 0, 0
98000, 486, 0, 0, 0
99000, 478, 0, 0, 0
100000, 483, 0, 0, 0
101000, 476, 0, 0, 0
101999, 471, 0, 0, 0
103000, 477, 0, 0, 0
104000, 473, 0, 0, 0
105000, 481, 0, 0, 0
106000, 475, 0, 0, 0
107000, 481, 0, 0, 0
108000, 484, 0, 0, 0
109000, 482, 0, 0, 0
110000, 479, 0, 0, 0
111000, 474, 0, 0, 0
112000, 479, 0, 0, 0
113000, 479, 0, 0, 0
114000, 480, 0, 0, 0
115000, 469, 0, 0, 0
116000, 481, 0, 0, 0
117000, 477, 0, 0, 0
117999, 479, 0, 0, 0
119000, 473, 0, 0, 0
120000, 476, 0, 0, 0
121000, 483, 0, 0, 0
122000, 475, 0, 0, 0
123000, 481, 0, 0, 0
124000, 483, 0, 0, 0
125000, 478, 0, 0, 0
126000, 476, 0, 0, 0
127000, 476, 0, 0, 0
128000, 478, 0, 0, 0
129000, 481, 0, 0, 0
130000, 478, 0, 0, 0
131000, 476, 0, 0, 0
132000, 474, 0, 0, 0
133000, 483, 0, 0, 0
134000, 474, 0, 0, 0
135000, 481, 0, 0, 0
136000, 482, 0, 0, 0
137000, 477, 0, 0, 0
138000, 475, 0, 0, 0
139000, 474, 0, 0, 0
140000, 476, 0, 0, 0
141000, 483, 0, 0, 0
142000, 475, 0, 0, 0
143000, 483, 0, 0, 0
144000, 479, 0, 0, 0
145000, 476, 0, 0, 0
146000, 481, 0, 0, 0
147000, 484, 0, 0, 0
148000, 476, 0, 0, 0
149000, 480, 0, 0, 0
150000, 478, 0, 0, 0
151000, 479, 0, 0, 0
152000, 477, 0, 0, 0
153000, 474, 0, 0, 0
154000, 476, 0, 0, 0
155000, 476, 0, 0, 0
156000, 476, 0, 0, 0
157000, 477, 0, 0, 0
158000, 473, 0, 0, 0
159000, 479, 0, 0, 0
160000, 484, 0, 0, 0
161000, 480, 0, 0, 0
162000, 477, 0, 0, 0
163000, 482, 0, 0, 0
164000, 479, 0, 0, 0
165000, 479, 0, 0, 0
166000, 477, 0, 0, 0
167000, 484, 0, 0, 0
168000, 477, 0, 0, 0
169000, 479, 0, 0, 0
170000, 477, 0, 0, 0
170999, 480, 0, 0, 0
172000, 478, 0, 0, 0
173000, 480, 0, 0, 0
174000, 475, 0, 0, 0
175000, 481, 0, 0, 0
176000, 479, 0, 0, 0
177000, 481, 0, 0, 0
178000, 477, 0, 0, 0
179000, 480, 0, 0, 0
180000, 476, 0, 0, 0
