1000, 531, 1, 0, 0
2000, 494, 1, 0, 0
3001, 471, 1, 0, 0
4000, 472, 1, 0, 0
5000, 510, 1, 0, 0
6000, 484, 1, 0, 0
7000, 456, 1, 0, 0
8000, 467, 1, 0, 0
9000, 476, 1, 0, 0
10000, 474, 1, 0, 0
11000, 473, 1, 0, 0
12000, 464, 1, 0, 0
13000, 506, 1, 0, 0
14000, 503, 1, 0, 0
15000, 482, 1, 0, 0
16000, 483, 1, 0, 0
17000, 469, 1, 0, 0
18000, 480, 1, 0, 0
19000, 472, 1, 0, 0
20000, 495, 1, 0, 0
21000, 517, 1, 0, 0
22000, 476, 1, 0, 0
23000, 490, 1, 0, 0
24000, 487, 1, 0, 0
25000, 461, 1, 0, 0
26000, 507, 1, 0, 0
27000, 483, 1, 0, 0
28000, 460, 1, 0, 0
29000, 481, 1, 0, 0
30000, 477, 1, 0, 0
31000, 442, 1, 0, 0
32000, 489, 1, 0, 0
33001, 484, 1, 0, 0
34000, 480, 1, 0, 0
35000, 483, 1, 0, 0
36000, 485, 1, 0, 0
37000, 471, 1, 0, 0
38000, 470, 1, 0, 0
39000, 475, 1, 0, 0
40000, 492, 1, 0, 0
41000, 471, 1, 0, 0
42000, 453, 1, 0, 0
43000, 473, 1, 0, 0
44000, 478, 1, 0, 0
45000, 498, 1, 0, 0
46000, 490, 1, 0, 0
47000, 478, 1, 0, 0
48000, 483, 1, 0, 0
49000, 471, 1, 0, 0
50001, 485, 1, 0, 0
51000, 462, 1, 0, 0
52000, 492, 1, 0, 0
53000, 487, 1, 0, 0
54000, 515, 1, 0, 0
55000, 489, 1, 0, 0
56000, 460, 1, 0, 0
57000, 488, 1, 0, 0
58000, 508, 1, 0, 0
59000, 457, 1, 0, 0
60000, 467, 1, 0, 0
61000, 466, 1, 0, 0
62000, 479, 1, 0, 0
63000, 487, 1, 0, 0
64000, 465, 1, 0, 0
65000, 471, 1, 0, 0
66001, 459, 1, 0, 0
67000, 470, 1, 0, 0
68000, 497, 1, 0, 0
69000, 476, 1, 0, 0
70000, 475, 1, 0, 0
71000, 488, 1, 0, 0
72000, 495, 1, 0, 0
73000, 479, 1, 0, 0
74000, 461, 1, 0, 0
75000, 448, 1, 0, 0
76000, 502, 1, 0, 0
77001, 457, 1, 0, 0
78000, 496, 1, 0, 0
79000, 466, 1, 0, 0
80000, 458, 1, 0, 0
81000, 473, 1, 0, 0
82000, 462, 1, 0, 0
83000, 486, 1, 0, 0
84000, 485, 1, 0, 0
85000, 434, 1, 0, 0
86000, 471, 1, 0, 0
87000, 472, 1, 0, 0
88000, 484, 1, 0, 0
89000, 481, 1, 0, 0
90001, 477, 1, 0, 0
91000, 468, 1, 0, 0
92000, 495, 1, 0, 0
93001, 478, 1, 0, 0
94000, 486, 1, 0, 0
95000, 456, 1, 0, 0
96001, 494, 1, 0, 0
97000, 488, 1, 0, 0
98000, 469, 1, 0, 0
99001, 470, 1, 0, 0
100000, 485, 1, 0, 0
101000, 479, 1, 0, 0
102000, 509, 1, 0, 0
103000, 488, 1, 0, 0
104000, 477, 1, 0, 0
105000, 504, 1, 0, 0
106000, 494, 1, 0, 0
107000, 498, 1, 0, 0
108000, 508, 1, 0, 0
109000, 345, 1, 0, 0
110001, 477, 1, 0, 0
111000, 478, 1, 0, 0
112000, 495, 1, 0, 0
113000, 481, 1, 0, 0
114000, 476, 1, 0, 0
115000, 474, 1, 0, 0
116000, 491, 1, 0, 0
117000, 467, 1, 0, 0
118000, 497, 1, 0, 0
119000, 472, 1, 0, 0
120000, 488, 1, 0, 0
121000, 461, 1, 0, 0
122000, 471, 1, 0, 0
123000, 458, 1, 0, 0
124000, 468, 1, 0, 0
125000, 480, 1, 0, 0
126000, 472, 1, 0, 0
127000, 480, 1, 0, 0
128001, 478, 1, 0, 0
129000, 460, 1, 0, 0
130000, 477, 1, 0, 0
131000, 470, 1, 0, 0
132000, 491, 1, 0, 0
133000, 491, 1, 0, 0
134000, 476, 1, 0, 0
135000, 475, 1, 0, 0
136000, 490, 1, 0, 0
137000, 459, 1, 0, 0
138000, 480, 1, 0, 0
139000, 497, 1, 0, 0
140001, 512, 1, 0, 0
141000, 480, 1, 0, 0
142000, 453, 1, 0, 0
143000, 463, 1, 0, 0
144000, 477, 1, 0, 0
145000, 456, 1, 0, 0
146001, 481, 1, 0, 0
147000, 447, 1, 0, 0
148000, 496, 1, 0, 0
149000, 467, 1, 0, 0
150000, 510, 1, 0, 0
151000, 475, 1, 0, 0
152000, 461, 1, 0, 0
153000, 498, 1, 0, 0
154001, 458, 1, 0, 0
155000, 491, 1, 0, 0
156000, 493, 1, 0, 0
157001, 464, 1, 0, 0
158000, 491, 1, 0, 0
159000, 481, 1, 0, 0
160000, 459, 1, 0, 0
161000, 493, 1, 0, 0
162000, 495, 1, 0, 0
163000, 478, 1, 0, 0
164000, 472, 1, 0, 0
165000, 490, 1, 0, 0
166000, 450, 1, 0, 0
167000, 469, 1, 0, 0
168000, 502, 1, 0, 0
169000, 469, 1, 0, 0
170001, 476, 1, 0, 0
171000, 472, 1, 0, 0
172000, 466, 1, 0, 0
173000, 483, 1, 0, 0
174000, 475, 1, 0, 0
175001, 468, 1, 0, 0
176000, 487, 1, 0, 0
177000, 487, 1, 0, 0
178000, 480, 1, 0, 0
179000, 468, 1, 0, 0
180000, 481, 1, 0, 0
