1035, 57896270, 0, 0, 0
2039, 66498633, 0, 0, 0
3038, 66893464, 0, 0, 0
4000, 67188477, 0, 0, 0
5000, 67210161, 0, 0, 0
6000, 66672537, 0, 0, 0
7045, 66974818, 0, 0, 0
8000, 67281292, 0, 0, 0
9034, 66777080, 0, 0, 0
10000, 67492626, 0, 0, 0
11000, 67251692, 0, 0, 0
12032, 66486292, 0, 0, 0
13031, 66404765, 0, 0, 0
14000, 67760595, 0, 0, 0
15032, 66364522, 0, 0, 0
16000, 67603285, 0, 0, 0
17031, 66879009, 0, 0, 0
18035, 66490166, 0, 0, 0
19001, 67690143, 0, 0, 0
20032, 66825178, 0, 0, 0
21000, 67713868, 0, 0, 0
22032, 66339848, 0, 0, 0
23000, 67495205, 0, 0, 0
24032, 66164765, 0, 0, 0
25000, 67238025, 0, 0, 0
26002, 66682115, 0, 0, 0
27044, 66852893, 0, 0, 0
28000, 67862152, 0, 0, 0
29034, 66661389, 0, 0, 0
30047, 66660086, 0, 0, 0
31000, 67697676, 0, 0, 0
32036, 66148362, 0, 0, 0
33030, 66486587, 0, 0, 0
34038, 67273092, 0, 0, 0
35000, 67003437, 0, 0, 0
36000, 66869828, 0, 0, 0
37000, 66658531, 0, 0, 0
38032, 67284264, 0, 0, 0
39040, 66866391, 0, 0, 0
40035, 66899505, 0, 0, 0
41032, 67244722, 0, 0, 0
42045, 67208885, 0, 0, 0
43039, 67121542, 0, 0, 0
44000, 66664495, 0, 0, 0
45002, 66701001, 0, 0, 0
46033, 66585509, 0, 0, 0
47037, 67462391, 0, 0, 0
48031, 66673759, 0, 0, 0
49000, 67346357, 0, 0, 0
50031, 66205085, 0, 0, 0
51032, 102581093, 0, 0, 0
52000, 67077110, 0, 0, 0
53001, 66562868, 0, 0, 0
54045, 67253638, 0, 0, 0
55000, 67863812, 0, 0, 0
56001, 66438484, 0, 0, 0
57044, 66283436, 0, 0, 0
58033, 67173978, 0, 0, 0
59035, 66924421, 0, 0, 0
60044, 67019429, 0, 0, 0
61037, 67826855, 0, 0, 0
62032, 67103287, 0, 0, 0
63045, 66504868, 0, 0, 0
64000, 67809364, 0, 0, 0
65031, 66184007, 0, 0, 0
66000, 67498647, 0, 0, 0
67031, 66244591, 0, 0, 0
68031, 67102046, 0, 0, 0
69001, 67686695, 0, 0, 0
70034, 66342275, 0, 0, 0
71032, 66807925, 0, 0, 0
72000, 67098368, 0, 0, 0
73000, 67422153, 0, 0, 0
74031, 66186898, 0, 0, 0
75032, 67506734, 0, 0, 0
76000, 66989764, 0, 0, 0
77000, 66772242, 0, 0, 0
78031, 66485836, 0, 0, 0
79035, 66823047, 0, 0, 0
80001, 67674068, 0, 0, 0
81044, 66307605, 0, 0, 0
82000, 67043789, 0, 0, 0
83034, 66458264, 0, 0, 0
84001, 67256754, 0, 0, 0
85002, 66930371, 0, 0, 0
86032, 66538488, 0, 0, 0
87000, 67396456, 0, 0, 0
88033, 66366063, 0, 0, 0
89029, 67347781, 0, 0, 0
90000, 67692212, 0, 0, 0
91001, 66079676, 0, 0, 0
92044, 66760660, 0, 0, 0
93000, 67316690, 0, 0, 0
94034, 66589488, 0, 0, 0
95029, 66099386, 0, 0, 0
96000, 67456009, 0, 0, 0
97000, 66945462, 0, 0, 0
98029, 66884211, 0, 0, 0
99000, 67224975, 0, 0, 0
100032, 66680806, 0, 0, 0
101039, 66861999, 0, 0, 0
102000, 67767612, 0, 0, 0
103032, 66714081, 0, 0, 0
104043, 66552559, 0, 0, 0
105000, 67608373, 0, 0, 0
106033, 66622262, 0, 0, 0
107044, 66766200, 0, 0, 0
108000, 67456292, 0, 0, 0
109038, 66922991, 0, 0, 0
110033, 67282678, 0, 0, 0
111000, 67422007, 0, 0, 0
112036, 66625695, 0, 0, 0
113034, 66912178, 0, 0, 0
114035, 66638007, 0, 0, 0
115032, 67095521, 0, 0, 0
116034, 66993002, 0, 0, 0
117034, 67402152, 0, 0, 0
118042, 66280199, 0, 0, 0
119034, 67419259, 0, 0, 0
120030, 66635537, 0, 0, 0
121000, 67476528, 0, 0, 0
122000, 67586193, 0, 0, 0
123031, 66667512, 0, 0, 0
124000, 67301351, 0, 0, 0
125000, 66685026, 0, 0, 0
126034, 66442539, 0, 0, 0
127001, 67328947, 0, 0, 0
128034, 66789979, 0, 0, 0
129000, 67181985, 0, 0, 0
130035, 67104809, 0, 0, 0
131000, 67292874, 0, 0, 0
132033, 66834778, 0, 0, 0
133045, 66102376, 0, 0, 0
134002, 67279972, 0, 0, 0
135032, 67260842, 0, 0, 0
136000, 67695688, 0, 0, 0
137000, 66675055, 0, 0, 0
138033, 66605391, 0, 0, 0
139029, 66640845, 0, 0, 0
140000, 68204257, 0, 0, 0
141033, 66088536, 0, 0, 0
142044, 66597308, 0, 0, 0
143032, 66872201, 0, 0, 0
144032, 67055749, 0, 0, 0
145000, 67282898, 0, 0, 0
146031, 66827095, 0, 0, 0
147000, 67093066, 0, 0, 0
148000, 67006653, 0, 0, 0
149045, 66624737, 0, 0, 0
150000, 67671467, 0, 0, 0
151032, 66250070, 0, 0, 0
152030, 66797108, 0, 0, 0
153040, 66676130, 0, 0, 0
154034, 67040423, 0, 0, 0
155030, 66589388, 0, 0, 0
156001, 66743308, 0, 0, 0
157031, 66524181, 0, 0, 0
158030, 66585337, 0, 0, 0
159000, 67029911, 0, 0, 0
160033, 66928103, 0, 0, 0
161029, 66738368, 0, 0, 0
162000, 67581173, 0, 0, 0
163031, 66458131, 0, 0, 0
164000, 67376048, 0, 0, 0
165000, 66795084, 0, 0, 0
166032, 66623751, 0, 0, 0
167043, 66569247, 0, 0, 0
168038, 67329826, 0, 0, 0
169032, 66962255, 0, 0, 0
170001, 66857392, 0, 0, 0
171000, 67023994, 0, 0, 0
172044, 66974052, 0, 0, 0
173000, 67642433, 0, 0, 0
174030, 65960000, 0, 0, 0
175000, 67046927, 0, 0, 0
176035, 66809941, 0, 0, 0
177030, 66270272, 0, 0, 0
178039, 67368818, 0, 0, 0
179030, 66191564, 0, 0, 0
180043, 67364067, 0, 0, 0
180091, 116585422, 0, 0, 0
