1000, 2108, 1, 0, 0
2001, 2090, 1, 0, 0
3000, 2003, 1, 0, 0
4000, 2059, 1, 0, 0
5000, 2108, 1, 0, 0
6000, 2330, 1, 0, 0
7000, 2093, 1, 0, 0
8000, 2172, 1, 0, 0
9001, 2161, 1, 0, 0
10000, 2205, 1, 0, 0
11000, 2073, 1, 0, 0
12000, 2101, 1, 0, 0
13000, 2251, 1, 0, 0
14000, 2071, 1, 0, 0
15000, 2032, 1, 0, 0
16000, 2169, 1, 0, 0
17000, 2213, 1, 0, 0
18000, 2267, 1, 0, 0
19000, 2006, 1, 0, 0
20000, 2128, 1, 0, 0
21001, 2175, 1, 0, 0
22000, 2089, 1, 0, 0
23001, 2109, 1, 0, 0
24000, 2149, 1, 0, 0
25000, 2110, 1, 0, 0
26000, 2173, 1, 0, 0
27000, 2169, 1, 0, 0
28000, 2094, 1, 0, 0
29000, 2379, 1, 0, 0
30000, 2225, 1, 0, 0
31000, 2194, 1, 0, 0
32000, 2320, 1, 0, 0
33000, 2208, 1, 0, 0
34000, 2418, 1, 0, 0
35002, 2434, 1, 0, 0
36001, 2307, 1, 0, 0
37000, 2390, 1, 0, 0
38002, 2263, 1, 0, 0
39000, 2222, 1, 0, 0
40000, 2224, 1, 0, 0
41000, 2410, 1, 0, 0
42000, 2137, 1, 0, 0
43002, 2201, 1, 0, 0
44000, 2106, 1, 0, 0
45000, 2297, 1, 0, 0
46004, 2264, 1, 0, 0
47000, 2335, 1, 0, 0
48000, 2131, 1, 0, 0
49000, 2037, 1, 0, 0
50001, 2024, 1, 0, 0
51001, 2008, 1, 0, 0
52001, 2066, 1, 0, 0
53000, 2037, 1, 0, 0
54000, 2049, 1, 0, 0
55000, 1999, 1, 0, 0
56000, 2069, 1, 0, 0
57000, 2093, 1, 0, 0
58000, 2148, 1, 0, 0
59000, 2189, 1, 0, 0
60002, 2130, 1, 0, 0
61000, 1979, 1, 0, 0
62000, 2116, 1, 0, 0
63014, 2049, 1, 0, 0
64000, 1988, 1, 0, 0
65000, 2019, 1, 0, 0
66000, 2238, 1, 0, 0
67000, 2132, 1, 0, 0
68000, 2101, 1, 0, 0
69000, 2000, 1, 0, 0
70001, 2166, 1, 0, 0
71000, 2133, 1, 0, 0
72000, 2084, 1, 0, 0
73000, 2106, 1, 0, 0
74000, 2050, 1, 0, 0
75000, 2171, 1, 0, 0
76000, 2106, 1, 0, 0
77011, 2033, 1, 0, 0
78003, 2128, 1, 0, 0
79000, 2049, 1, 0, 0
80001, 2093, 1, 0, 0
81000, 2172, 1, 0, 0
82000, 2173, 1, 0, 0
83000, 2172, 1, 0, 0
84000, 2139, 1, 0, 0
85002, 2076, 1, 0, 0
86000, 2021, 1, 0, 0
87000, 2092, 1, 0, 0
88001, 2155, 1, 0, 0
89000, 2257, 1, 0, 0
90000, 2262, 1, 0, 0
91000, 2187, 1, 0, 0
92007, 2265, 1, 0, 0
93000, 2301, 1, 0, 0
94000, 2180, 1, 0, 0
95000, 2218, 1, 0, 0
96000, 2193, 1, 0, 0
97000, 2216, 1, 0, 0
98000, 2035, 1, 0, 0
99001, 2113, 1, 0, 0
100000, 2260, 1, 0, 0
101000, 2143, 1, 0, 0
102000, 2051, 1, 0, 0
103002, 2342, 1, 0, 0
104000, 2028, 1, 0, 0
105000, 2095, 1, 0, 0
106000, 2087, 1, 0, 0
107000, 2102, 1, 0, 0
108001, 2195, 1, 0, 0
109000, 2096, 1, 0, 0
110000, 2190, 1, 0, 0
111000, 2105, 1, 0, 0
112001, 2102, 1, 0, 0
113000, 2095, 1, 0, 0
114000, 2033, 1, 0, 0
115000, 2038, 1, 0, 0
116000, 2001, 1, 0, 0
117000, 2044, 1, 0, 0
118000, 1987, 1, 0, 0
119000, 2090, 1, 0, 0
120000, 2022, 1, 0, 0
121000, 1956, 1, 0, 0
122001, 2256, 1, 0, 0
123000, 1976, 1, 0, 0
124000, 2041, 1, 0, 0
125000, 2207, 1, 0, 0
126000, 2189, 1, 0, 0
127000, 1994, 1, 0, 0
128000, 2143, 1, 0, 0
129007, 2049, 1, 0, 0
130000, 2017, 1, 0, 0
131000, 2091, 1, 0, 0
132000, 2132, 1, 0, 0
133000, 2031, 1, 0, 0
134000, 1950, 1, 0, 0
135000, 2196, 1, 0, 0
136000, 2142, 1, 0, 0
137000, 2106, 1, 0, 0
138001, 2042, 1, 0, 0
139000, 2321, 1, 0, 0
140000, 2215, 1, 0, 0
141000, 2123, 1, 0, 0
142000, 2036, 1, 0, 0
143001, 2129, 1, 0, 0
144001, 2003, 1, 0, 0
145000, 2022, 1, 0, 0
146007, 2087, 1, 0, 0
147000, 2019, 1, 0, 0
148000, 2141, 1, 0, 0
149001, 2063, 1, 0, 0
150000, 2131, 1, 0, 0
151000, 2080, 1, 0, 0
152000, 2068, 1, 0, 0
153000, 2146, 1, 0, 0
154000, 2224, 1, 0, 0
155000, 2043, 1, 0, 0
156001, 2173, 1, 0, 0
157000, 2176, 1, 0, 0
158000, 2194, 1, 0, 0
159000, 2083, 1, 0, 0
160000, 2236, 1, 0, 0
161000, 2204, 1, 0, 0
162000, 2224, 1, 0, 0
163001, 2336, 1, 0, 0
164000, 2400, 1, 0, 0
165000, 2286, 1, 0, 0
166000, 2343, 1, 0, 0
167007, 2337, 1, 0, 0
168000, 2273, 1, 0, 0
169000, 2303, 1, 0, 0
170000, 2131, 1, 0, 0
171000, 2096, 1, 0, 0
172000, 2166, 1, 0, 0
173002, 2237, 1, 0, 0
174002, 2198, 1, 0, 0
175001, 2134, 1, 0, 0
176000, 2284, 1, 0, 0
177000, 2213, 1, 0, 0
178001, 2217, 1, 0, 0
179000, 2441, 1, 0, 0
180000, 2284, 1, 0, 0
