1001, 2143, 1, 0, 0
2000, 2161, 1, 0, 0
3000, 2089, 1, 0, 0
4000, 2157, 1, 0, 0
5001, 2083, 1, 0, 0
6000, 2408, 1, 0, 0
7000, 2171, 1, 0, 0
8000, 2170, 1, 0, 0
9000, 2175, 1, 0, 0
10000, 2271, 1, 0, 0
11000, 2055, 1, 0, 0
12000, 2146, 1, 0, 0
13000, 2098, 1, 0, 0
14000, 2126, 1, 0, 0
15000, 2139, 1, 0, 0
16000, 2112, 1, 0, 0
17000, 2059, 1, 0, 0
18000, 2044, 1, 0, 0
19000, 2065, 1, 0, 0
20000, 2166, 1, 0, 0
21000, 2120, 1, 0, 0
22000, 2042, 1, 0, 0
23001, 2072, 1, 0, 0
24000, 2081, 1, 0, 0
25000, 2082, 1, 0, 0
26000, 1960, 1, 0, 0
27000, 2015, 1, 0, 0
28000, 2059, 1, 0, 0
29000, 2030, 1, 0, 0
30000, 2020, 1, 0, 0
31000, 2117, 1, 0, 0
32000, 1995, 1, 0, 0
33000, 2081, 1, 0, 0
34000, 1889, 1, 0, 0
35000, 2060, 1, 0, 0
36001, 2034, 1, 0, 0
37000, 2072, 1, 0, 0
38000, 2126, 1, 0, 0
39001, 2058, 1, 0, 0
40000, 2181, 1, 0, 0
41000, 2155, 1, 0, 0
42000, 2067, 1, 0, 0
43000, 2264, 1, 0, 0
44000, 2052, 1, 0, 0
45000, 2228, 1, 0, 0
46000, 2184, 1, 0, 0
47000, 2063, 1, 0, 0
48000, 2029, 1, 0, 0
49001, 1931, 1, 0, 0
50000, 2058, 1, 0, 0
51000, 2125, 1, 0, 0
52000, 2117, 1, 0, 0
53001, 2168, 1, 0, 0
54000, 2149, 1, 0, 0
55001, 2049, 1, 0, 0
56000, 2073, 1, 0, 0
57001, 2118, 1, 0, 0
58001, 2017, 1, 0, 0
59001, 1991, 1, 0, 0
60001, 1912, 1, 0, 0
61000, 2155, 1, 0, 0
62000, 2204, 1, 0, 0
63014, 2307, 1, 0, 0
64000, 2162, 1, 0, 0
65000, 2219, 1, 0, 0
66002, 2272, 1, 0, 0
67000, 2140, 1, 0, 0
68000, 2229, 1, 0, 0
69000, 2156, 1, 0, 0
70000, 2096, 1, 0, 0
71000, 2111, 1, 0, 0
72000, 2134, 1, 0, 0
73000, 2097, 1, 0, 0
74000, 2299, 1, 0, 0
75000, 2105, 1, 0, 0
76000, 2099, 1, 0, 0
77010, 2257, 1, 0, 0
78000, 2340, 1, 0, 0
79000, 2145, 1, 0, 0
80000, 2132, 1, 0, 0
81000, 2316, 1, 0, 0
82000, 2253, 1, 0, 0
83000, 2305, 1, 0, 0
84000, 2144, 1, 0, 0
85002, 2248, 1, 0, 0
86002, 2290, 1, 0, 0
87000, 2156, 1, 0, 0
88000, 2215, 1, 0, 0
89000, 2235, 1, 0, 0
90001, 2256, 1, 0, 0
91000, 2292, 1, 0, 0
92002, 2262, 1, 0, 0
93001, 2179, 1, 0, 0
94000, 2210, 1, 0, 0
95000, 2328, 1, 0, 0
96000, 2069, 1, 0, 0
97000, 2094, 1, 0, 0
98000, 2291, 1, 0, 0
99000, 2435, 1, 0, 0
100000, 2254, 1, 0, 0
101000, 2186, 1, 0, 0
102000, 2230, 1, 0, 0
103000, 2178, 1, 0, 0
104000, 2232, 1, 0, 0
105000, 1984, 1, 0, 0
106000, 2182, 1, 0, 0
107001, 2149, 1, 0, 0
108000, 2089, 1, 0, 0
109000, 2148, 1, 0, 0
110000, 2076, 1, 0, 0
111000, 2402, 1, 0, 0
112000, 2339, 1, 0, 0
113000, 2343, 1, 0, 0
114000, 2416, 1, 0, 0
115000, 2252, 1, 0, 0
116001, 2246, 1, 0, 0
117001, 2281, 1, 0, 0
118000, 2425, 1, 0, 0
119000, 2202, 1, 0, 0
120001, 2335, 1, 0, 0
121000, 2203, 1, 0, 0
122000, 2444, 1, 0, 0
123000, 2223, 1, 0, 0
124000, 2191, 1, 0, 0
125000, 2305, 1, 0, 0
126000, 2226, 1, 0, 0
127000, 2243, 1, 0, 0
128000, 2200, 1, 0, 0
129000, 2217, 1, 0, 0
130000, 2205, 1, 0, 0
131000, 2225, 1, 0, 0
132000, 2128, 1, 0, 0
133000, 2170, 1, 0, 0
134000, 2336, 1, 0, 0
135000, 2107, 1, 0, 0
136001, 2202, 1, 0, 0
137001, 2215, 1, 0, 0
138000, 2114, 1, 0, 0
139000, 2379, 1, 0, 0
140000, 2307, 1, 0, 0
141002, 2319, 1, 0, 0
142000, 2170, 1, 0, 0
143000, 2514, 1, 0, 0
144001, 2281, 1, 0, 0
145000, 2166, 1, 0, 0
146000, 2106, 1, 0, 0
147000, 2195, 1, 0, 0
148000, 2091, 1, 0, 0
149001, 2025, 1, 0, 0
150000, 2060, 1, 0, 0
151003, 1980, 1, 0, 0
152000, 2135, 1, 0, 0
153000, 1989, 1, 0, 0
154000, 2076, 1, 0, 0
155000, 1996, 1, 0, 0
156003, 2014, 1, 0, 0
157000, 2194, 1, 0, 0
158000, 2063, 1, 0, 0
159000, 2046, 1, 0, 0
160000, 2051, 1, 0, 0
161000, 2054, 1, 0, 0
162001, 2021, 1, 0, 0
163000, 1967, 1, 0, 0
164000, 2103, 1, 0, 0
165001, 2180, 1, 0, 0
166000, 2197, 1, 0, 0
167000, 2195, 1, 0, 0
168000, 2330, 1, 0, 0
169002, 2375, 1, 0, 0
170000, 2395, 1, 0, 0
171000, 2310, 1, 0, 0
172001, 2418, 1, 0, 0
173000, 2427, 1, 0, 0
174000, 2272, 1, 0, 0
175001, 2165, 1, 0, 0
176000, 2220, 1, 0, 0
177000, 2140, 1, 0, 0
178000, 1938, 1, 0, 0
179000, 2179, 1, 0, 0
180000, 2509, 1, 0, 0
