1012, 7438062, 0, 0, 0
2011, 8380910, 0, 0, 0
3019, 8441226, 0, 0, 0
4012, 8376317, 0, 0, 0
5007, 8330117, 0, 0, 0
6017, 8894027, 0, 0, 0
7010, 8186357, 0, 0, 0
8006, 8284651, 0, 0, 0
9011, 8381470, 0, 0, 0
10011, 8417167, 0, 0, 0
11005, 8419688, 0, 0, 0
12005, 8380548, 0, 0, 0
13008, 8286132, 0, 0, 0
14015, 8394035, 0, 0, 0
15010, 8575371, 0, 0, 0
16008, 8305358, 0, 0, 0
17018, 8281407, 0, 0, 0
18016, 8338665, 0, 0, 0
19010, 8328629, 0, 0, 0
20020, 8354888, 0, 0, 0
21010, 8444039, 0, 0, 0
22006, 8372343, 0, 0, 0
23009, 8490531, 0, 0, 0
24006, 8400229, 0, 0, 0
25017, 8184384, 0, 0, 0
26010, 8416922, 0, 0, 0
27006, 8222882, 0, 0, 0
28010, 8483452, 0, 0, 0
29006, 8136545, 0, 0, 0
30015, 8450110, 0, 0, 0
31006, 8270253, 0, 0, 0
32019, 8615256, 0, 0, 0
33009, 8673332, 0, 0, 0
34011, 8407428, 0, 0, 0
35005, 8414314, 0, 0, 0
36013, 8444672, 0, 0, 0
37010, 8130377, 0, 0, 0
38019, 8277416, 0, 0, 0
39015, 8162611, 0, 0, 0
40008, 8291003, 0, 0, 0
41012, 8334714, 0, 0, 0
42013, 8594689, 0, 0, 0
43005, 8422603, 0, 0, 0
44007, 8343777, 0, 0, 0
45019, 8403445, 0, 0, 0
46012, 8378766, 0, 0, 0
47008, 8445164, 0, 0, 0
48008, 8333065, 0, 0, 0
49013, 8617349, 0, 0, 0
50008, 8337559, 0, 0, 0
51013, 8716902, 0, 0, 0
52006, 8288159, 0, 0, 0
53005, 8527209, 0, 0, 0
54006, 8303195, 0, 0, 0
55008, 8464364, 0, 0, 0
56005, 8181860, 0, 0, 0
57011, 8324687, 0, 0, 0
58008, 8289600, 0, 0, 0
59019, 8393296, 0, 0, 0
60013, 8358822, 0, 0, 0
61008, 8304572, 0, 0, 0
62020, 8396493, 0, 0, 0
63013, 8392737, 0, 0, 0
64008, 8279329, 0, 0, 0
65018, 8487900, 0, 0, 0
66011, 8299512, 0, 0, 0
67005, 8453892, 0, 0, 0
68008, 8320631, 0, 0, 0
69013, 8354785, 0, 0, 0
70004, 8177008, 0, 0, 0
71005, 8464686, 0, 0, 0
72006, 8292483, 0, 0, 0
73006, 8325839, 0, 0, 0
74014, 8159212, 0, 0, 0
75008, 8562895, 0, 0, 0
76006, 8428450, 0, 0, 0
77018, 8486852, 0, 0, 0
78007, 8608666, 0, 0, 0
79007, 8410615, 0, 0, 0
80012, 8520599, 0, 0, 0
81013, 8054098, 0, 0, 0
82006, 8467292, 0, 0, 0
83020, 8349060, 0, 0, 0
84012, 8492807, 0, 0, 0
85013, 8533517, 0, 0, 0
86007, 8495756, 0, 0, 0
87008, 8344655, 0, 0, 0
88005, 8172677, 0, 0, 0
89014, 8458067, 0, 0, 0
90012, 8382761, 0, 0, 0
91008, 8420552, 0, 0, 0
92018, 8396657, 0, 0, 0
93011, 8392786, 0, 0, 0
94018, 8174932, 0, 0, 0
95010, 8627791, 0, 0, 0
96006, 8385926, 0, 0, 0
97013, 8598250, 0, 0, 0
98007, 8426731, 0, 0, 0
99016, 8313050, 0, 0, 0
100011, 8259591, 0, 0, 0
101005, 8152385, 0, 0, 0
102011, 8489675, 0, 0, 0
103011, 8188262, 0, 0, 0
104005, 8461119, 0, 0, 0
105009, 8178158, 0, 0, 0
106010, 8439720, 0, 0, 0
107006, 8163200, 0, 0, 0
108017, 8335418, 0, 0, 0
109007, 8255096, 0, 0, 0
110006, 8477722, 0, 0, 0
111008, 8224196, 0, 0, 0
112020, 8483239, 0, 0, 0
113016, 8358849, 0, 0, 0
114009, 8237214, 0, 0, 0
115005, 8487018, 0, 0, 0
116010, 8309600, 0, 0, 0
117009, 8393259, 0, 0, 0
118006, 8365415, 0, 0, 0
119014, 8454813, 0, 0, 0
120010, 8389034, 0, 0, 0
121019, 8299497, 0, 0, 0
122013, 8491212, 0, 0, 0
123009, 8217540, 0, 0, 0
124018, 8074675, 0, 0, 0
125011, 8345559, 0, 0, 0
126006, 8440762, 0, 0, 0
127015, 8183114, 0, 0, 0
128010, 8449632, 0, 0, 0
129005, 8384795, 0, 0, 0
130014, 8408879, 0, 0, 0
131009, 8483001, 0, 0, 0
132018, 8509496, 0, 0, 0
133011, 8603628, 0, 0, 0
134008, 8474876, 0, 0, 0
135016, 8419940, 0, 0, 0
136010, 8107122, 0, 0, 0
137004, 8483821, 0, 0, 0
138017, 8395835, 0, 0, 0
139012, 8284392, 0, 0, 0
140004, 8219238, 0, 0, 0
141014, 8247348, 0, 0, 0
142008, 8482242, 0, 0, 0
143014, 8327503, 0, 0, 0
144015, 8259861, 0, 0, 0
145008, 8338940, 0, 0, 0
146007, 8289436, 0, 0, 0
147012, 8384846, 0, 0, 0
148008, 8406469, 0, 0, 0
149018, 8250495, 0, 0, 0
150005, 8268824, 0, 0, 0
151005, 8441744, 0, 0, 0
152014, 8317331, 0, 0, 0
153007, 8247921, 0, 0, 0
154012, 8200443, 0, 0, 0
155007, 8466555, 0, 0, 0
156006, 8444455, 0, 0, 0
157014, 8626986, 0, 0, 0
158010, 8233378, 0, 0, 0
159014, 8373645, 0, 0, 0
160013, 8229646, 0, 0, 0
161009, 8398873, 0, 0, 0
162004, 8294473, 0, 0, 0
163010, 8349041, 0, 0, 0
164007, 8425330, 0, 0, 0
165016, 8554187, 0, 0, 0
166011, 8176336, 0, 0, 0
167020, 8443927, 0, 0, 0
168015, 8721587, 0, 0, 0
169008, 8180261, 0, 0, 0
170016, 8510457, 0, 0, 0
171008, 8283192, 0, 0, 0
172013, 8303210, 0, 0, 0
173006, 8246313, 0, 0, 0
174007, 8249620, 0, 0, 0
175017, 8353592, 0, 0, 0
176009, 8109625, 0, 0, 0
177006, 8208936, 0, 0, 0
178014, 8474952, 0, 0, 0
179007, 8375405, 0, 0, 0
180011, 8485833, 0, 0, 0
180011, 41597941, 0, 0, 0
