1006, 1394, 0, 0, 0
2001, 1389, 0, 0, 0
3009, 1364, 0, 0, 0
4005, 1349, 0, 0, 0
5002, 1351, 0, 0, 0
6012, 1372, 0, 0, 0
7002, 1431, 0, 0, 0
8000, 1376, 0, 0, 0
9008, 1374, 0, 0, 0
10000, 1666, 0, 0, 0
11002, 1738, 0, 0, 0
12012, 1671, 0, 0, 0
13007, 1714, 0, 0, 0
14000, 1644, 0, 0, 0
15014, 1619, 0, 0, 0
16005, 1530, 0, 0, 0
17002, 1454, 0, 0, 0
18000, 1418, 0, 0, 0
19000, 1427, 0, 0, 0
20002, 1641, 0, 0, 0
21003, 1566, 0, 0, 0
22006, 1593, 0, 0, 0
23001, 1648, 0, 0, 0
24002, 1716, 0, 0, 0
25008, 1675, 0, 0, 0
26003, 1709, 0, 0, 0
27000, 1730, 0, 0, 0
28009, 1626, 0, 0, 0
29003, 1679, 0, 0, 0
30013, 1660, 0, 0, 0
31007, 1640, 0, 0, 0
32000, 1658, 0, 0, 0
33000, 1666, 0, 0, 0
34005, 1720, 0, 0, 0
35000, 1668, 0, 0, 0
36013, 1709, 0, 0, 0
37010, 1756, 0, 0, 0
38006, 1692, 0, 0, 0
39002, 1692, 0, 0, 0
40012, 1651, 0, 0, 0
41006, 1713, 0, 0, 0
42001, 1689, 0, 0, 0
43005, 1645, 0, 0, 0
44005, 1650, 0, 0, 0
45000, 1705, 0, 0, 0
46004, 1568, 0, 0, 0
47006, 1512, 0, 0, 0
48001, 1626, 0, 0, 0
49011, 1445, 0, 0, 0
50009, 1437, 0, 0, 0
51003, 1347, 0, 0, 0
52006, 1397, 0, 0, 0
53007, 1574, 0, 0, 0
54002, 1594, 0, 0, 0
55013, 1403, 0, 0, 0
56011, 1418, 0, 0, 0
57007, 1408, 0, 0, 0
58001, 1405, 0, 0, 0
59013, 1423, 0, 0, 0
60000, 1415, 0, 0, 0
61003, 1409, 0, 0, 0
62003, 1379, 0, 0, 0
63006, 1634, 0, 0, 0
64001, 1448, 0, 0, 0
65003, 1446, 0, 0, 0
66003, 1387, 0, 0, 0
67013, 1390, 0, 0, 0
68000, 1365, 0, 0, 0
69000, 1394, 0, 0, 0
70003, 1421, 0, 0, 0
71003, 1370, 0, 0, 0
72014, 1410, 0, 0, 0
73004, 1375, 0, 0, 0
74000, 1412, 0, 0, 0
75013, 1392, 0, 0, 0
76004, 1369, 0, 0, 0
77000, 1394, 0, 0, 0
78012, 1406, 0, 0, 0
79007, 1383, 0, 0, 0
80003, 1377, 0, 0, 0
81002, 1388, 0, 0, 0
82005, 1408, 0, 0, 0
83004, 1392, 0, 0, 0
84000, 1408, 0, 0, 0
85010, 1616, 0, 0, 0
86007, 1696, 0, 0, 0
87000, 1406, 0, 0, 0
88000, 1349, 0, 0, 0
89005, 1382, 0, 0, 0
90002, 1399, 0, 0, 0
91000, 1594, 0, 0, 0
92008, 1720, 0, 0, 0
93000, 1677, 0, 0, 0
94000, 1692, 0, 0, 0
95004, 1736, 0, 0, 0
96000, 1447, 0, 0, 0
97000, 1458, 0, 0, 0
98004, 1371, 0, 0, 0
99001, 1640, 0, 0, 0
100014, 1720, 0, 0, 0
101008, 1717, 0, 0, 0
102008, 1500, 0, 0, 0
103002, 1419, 0, 0, 0
104008, 1389, 0, 0, 0
105006, 1414, 0, 0, 0
106001, 1353, 0, 0, 0
107010, 1382, 0, 0, 0
108000, 1418, 0, 0, 0
109012, 1537, 0, 0, 0
110005, 1687, 0, 0, 0
111000, 1715, 0, 0, 0
112012, 1691, 0, 0, 0
113007, 1719, 0, 0, 0
114003, 1719, 0, 0, 0
115000, 1717, 0, 0, 0
116000, 1633, 0, 0, 0
117008, 1655, 0, 0, 0
118006, 1681, 0, 0, 0
119001, 1481, 0, 0, 0
120006, 1385, 0, 0, 0
121008, 1388, 0, 0, 0
122004, 1433, 0, 0, 0
123000, 1390, 0, 0, 0
124000, 1431, 0, 0, 0
125001, 1393, 0, 0, 0
126005, 1581, 0, 0, 0
127000, 1525, 0, 0, 0
128001, 1375, 0, 0, 0
129030, 1410, 0, 0, 0
130001, 1374, 0, 0, 0
131006, 1379, 0, 0, 0
132000, 1425, 0, 0, 0
133012, 1397, 0, 0, 0
134007, 1454, 0, 0, 0
135002, 1374, 0, 0, 0
136004, 1439, 0, 0, 0
137006, 1397, 0, 0, 0
138001, 1414, 0, 0, 0
139009, 1403, 0, 0, 0
140003, 1369, 0, 0, 0
141013, 1409, 0, 0, 0
142008, 1382, 0, 0, 0
143001, 1610, 0, 0, 0
144007, 1520, 0, 0, 0
145007, 1378, 0, 0, 0
146002, 1365, 0, 0, 0
147013, 1448, 0, 0, 0
148009, 1397, 0, 0, 0
149003, 1397, 0, 0, 0
150000, 1411, 0, 0, 0
151004, 1392, 0, 0, 0
152000, 1435, 0, 0, 0
153000, 1397, 0, 0, 0
154008, 1388, 0, 0, 0
155000, 1366, 0, 0, 0
156000, 1443, 0, 0, 0
157009, 1384, 0, 0, 0
158000, 1465, 0, 0, 0
159003, 1433, 0, 0, 0
160008, 1380, 0, 0, 0
161002, 1407, 0, 0, 0
162005, 1415, 0, 0, 0
163000, 1412, 0, 0, 0
164004, 1374, 0, 0, 0
165000, 1650, 0, 0, 0
166008, 1674, 0, 0, 0
167001, 1661, 0, 0, 0
168000, 1589, 0, 0, 0
169012, 1659, 0, 0, 0
170006, 1687, 0, 0, 0
171003, 1460, 0, 0, 0
172002, 1635, 0, 0, 0
173000, 1688, 0, 0, 0
174008, 1679, 0, 0, 0
175002, 1483, 0, 0, 0
176001, 1356, 0, 0, 0
177000, 1362, 0, 0, 0
178006, 1359, 0, 0, 0
179000, 1359, 0, 0, 0
180003, 1370, 0, 0, 0
