1012, 7646084, 0, 0, 0
2010, 8492159, 0, 0, 0
3018, 8170421, 0, 0, 0
4011, 8329439, 0, 0, 0
5005, 8314378, 0, 0, 0
6017, 8834430, 0, 0, 0
7009, 8366202, 0, 0, 0
8005, 8494465, 0, 0, 0
9011, 8291662, 0, 0, 0
10010, 8454944, 0, 0, 0
11005, 8390059, 0, 0, 0
12005, 8374313, 0, 0, 0
13008, 8422406, 0, 0, 0
14014, 8412135, 0, 0, 0
15009, 8627497, 0, 0, 0
16007, 8158450, 0, 0, 0
17018, 8334903, 0, 0, 0
18014, 8548163, 0, 0, 0
19009, 8525857, 0, 0, 0
20019, 8232453, 0, 0, 0
21009, 8318175, 0, 0, 0
22006, 8231648, 0, 0, 0
23008, 8364188, 0, 0, 0
24006, 8251839, 0, 0, 0
25016, 8453704, 0, 0, 0
26009, 8426201, 0, 0, 0
27005, 8311487, 0, 0, 0
28009, 8520165, 0, 0, 0
29004, 8552370, 0, 0, 0
30014, 8413938, 0, 0, 0
31006, 8306063, 0, 0, 0
32019, 8452303, 0, 0, 0
33008, 8330116, 0, 0, 0
34009, 8373222, 0, 0, 0
35003, 8310791, 0, 0, 0
36013, 8432391, 0, 0, 0
37009, 8223912, 0, 0, 0
38018, 8308701, 0, 0, 0
39015, 8694545, 0, 0, 0
40007, 8113499, 0, 0, 0
41010, 8527913, 0, 0, 0
42012, 8479316, 0, 0, 0
43004, 8235014, 0, 0, 0
44007, 8337664, 0, 0, 0
45018, 8258822, 0, 0, 0
46012, 8316501, 0, 0, 0
47007, 8264412, 0, 0, 0
48007, 8369321, 0, 0, 0
49012, 8330764, 0, 0, 0
50007, 8218234, 0, 0, 0
51012, 8133019, 0, 0, 0
52006, 8298383, 0, 0, 0
53005, 8320834, 0, 0, 0
54005, 8262239, 0, 0, 0
55008, 8355252, 0, 0, 0
56004, 8404007, 0, 0, 0
57011, 8381307, 0, 0, 0
58007, 8385755, 0, 0, 0
59019, 8342394, 0, 0, 0
60013, 8218878, 0, 0, 0
61007, 8202446, 0, 0, 0
62019, 8455095, 0, 0, 0
63013, 8406412, 0, 0, 0
64007, 8314579, 0, 0, 0
65017, 8330985, 0, 0, 0
66011, 8379588, 0, 0, 0
67005, 8411654, 0, 0, 0
68007, 8441005, 0, 0, 0
69012, 8294158, 0, 0, 0
70004, 8370478, 0, 0, 0
71003, 8392253, 0, 0, 0
72005, 8210163, 0, 0, 0
73006, 8436252, 0, 0, 0
74012, 8656819, 0, 0, 0
75007, 8711635, 0, 0, 0
76004, 8286188, 0, 0, 0
77017, 8438807, 0, 0, 0
78006, 8249541, 0, 0, 0
79006, 8189340, 0, 0, 0
80011, 8552451, 0, 0, 0
81012, 8159278, 0, 0, 0
82006, 8242798, 0, 0, 0
83019, 8411741, 0, 0, 0
84010, 8206530, 0, 0, 0
85012, 8435965, 0, 0, 0
86005, 8612880, 0, 0, 0
87007, 8340551, 0, 0, 0
88005, 8207618, 0, 0, 0
89014, 8640952, 0, 0, 0
90011, 8627074, 0, 0, 0
91006, 8248606, 0, 0, 0
92017, 8537424, 0, 0, 0
93010, 8338453, 0, 0, 0
94017, 8276838, 0, 0, 0
95010, 8280552, 0, 0, 0
96005, 8476974, 0, 0, 0
97012, 8497374, 0, 0, 0
98006, 8171858, 0, 0, 0
99016, 8329342, 0, 0, 0
100011, 8231263, 0, 0, 0
101005, 8286540, 0, 0, 0
102011, 8364634, 0, 0, 0
103011, 8504116, 0, 0, 0
104005, 8564654, 0, 0, 0
105008, 8329411, 0, 0, 0
106009, 8380586, 0, 0, 0
107006, 8412585, 0, 0, 0
108016, 8421034, 0, 0, 0
109007, 8577486, 0, 0, 0
110005, 8204059, 0, 0, 0
111007, 8331683, 0, 0, 0
112019, 8216841, 0, 0, 0
113015, 8368417, 0, 0, 0
114009, 8362803, 0, 0, 0
115004, 8363746, 0, 0, 0
116009, 8255703, 0, 0, 0
117009, 8342861, 0, 0, 0
118005, 8390615, 0, 0, 0
119014, 8369687, 0, 0, 0
120009, 8386102, 0, 0, 0
121018, 8430677, 0, 0, 0
122011, 8311727, 0, 0, 0
123008, 8374797, 0, 0, 0
124017, 8363863, 0, 0, 0
125012, 8382100, 0, 0, 0
126005, 8153659, 0, 0, 0
127014, 8435104, 0, 0, 0
128010, 8315184, 0, 0, 0
129004, 8397349, 0, 0, 0
130014, 8534932, 0, 0, 0
131008, 8268993, 0, 0, 0
132018, 8330443, 0, 0, 0
133011, 8508425, 0, 0, 0
134007, 8248387, 0, 0, 0
135016, 8440307, 0, 0, 0
136009, 8279624, 0, 0, 0
137004, 8512644, 0, 0, 0
138016, 8526521, 0, 0, 0
139011, 8184324, 0, 0, 0
140004, 8579129, 0, 0, 0
141012, 8417719, 0, 0, 0
142007, 8487908, 0, 0, 0
143014, 8417810, 0, 0, 0
144014, 8459530, 0, 0, 0
145007, 8554557, 0, 0, 0
146006, 8466573, 0, 0, 0
147012, 8548091, 0, 0, 0
148007, 8142260, 0, 0, 0
149017, 8552152, 0, 0, 0
150004, 8118694, 0, 0, 0
151004, 8349512, 0, 0, 0
152013, 8421722, 0, 0, 0
153006, 8283282, 0, 0, 0
154012, 8300488, 0, 0, 0
155006, 8243232, 0, 0, 0
156005, 8344529, 0, 0, 0
157014, 8272503, 0, 0, 0
158008, 8408933, 0, 0, 0
159013, 8264912, 0, 0, 0
160012, 8293773, 0, 0, 0
161008, 8593001, 0, 0, 0
162003, 8317519, 0, 0, 0
163009, 8423336, 0, 0, 0
164007, 8328186, 0, 0, 0
165016, 8566162, 0, 0, 0
166010, 8123516, 0, 0, 0
167019, 8277168, 0, 0, 0
168014, 8332313, 0, 0, 0
169006, 8294458, 0, 0, 0
170015, 8405574, 0, 0, 0
171007, 8075803, 0, 0, 0
172012, 8442591, 0, 0, 0
173005, 8367848, 0, 0, 0
174006, 8245762, 0, 0, 0
175015, 8316998, 0, 0, 0
176009, 8149276, 0, 0, 0
177005, 8134144, 0, 0, 0
178013, 8559948, 0, 0, 0
179007, 8341450, 0, 0, 0
180010, 8276689, 0, 0, 0
180011, 41275966, 0, 0, 0
