1000, 1855076, 1, 0, 0
2000, 2099036, 1, 0, 0
3000, 2092012, 1, 0, 0
4000, 2093891, 1, 0, 0
5000, 2054624, 1, 0, 0
6003, 2086783, 1, 0, 0
7000, 2089916, 1, 0, 0
8003, 2047549, 1, 0, 0
9002, 2126007, 1, 0, 0
10000, 2127795, 1, 0, 0
11001, 2061071, 1, 0, 0
12000, 2082831, 1, 0, 0
13000, 2079920, 1, 0, 0
14004, 2094082, 1, 0, 0
15000, 2094771, 1, 0, 0
16000, 2105233, 1, 0, 0
17005, 2060440, 1, 0, 0
18000, 2119272, 1, 0, 0
19000, 2081129, 1, 0, 0
20000, 2087252, 1, 0, 0
21002, 2087150, 1, 0, 0
22000, 2095969, 1, 0, 0
23000, 2102001, 1, 0, 0
24001, 2062340, 1, 0, 0
25000, 2099217, 1, 0, 0
26000, 2126391, 1, 0, 0
27001, 2055293, 1, 0, 0
28000, 2135510, 1, 0, 0
29002, 2044015, 1, 0, 0
30000, 2138374, 1, 0, 0
31000, 2099780, 1, 0, 0
32008, 2041925, 1, 0, 0
33004, 2104080, 1, 0, 0
34000, 2096618, 1, 0, 0
35000, 2106225, 1, 0, 0
36001, 2128846, 1, 0, 0
37000, 2064494, 1, 0, 0
38000, 2072355, 1, 0, 0
39000, 2058104, 1, 0, 0
40000, 2116440, 1, 0, 0
41003, 2067204, 1, 0, 0
42000, 2147643, 1, 0, 0
43000, 2098457, 1, 0, 0
44006, 2061177, 1, 0, 0
45002, 2120777, 1, 0, 0
46000, 2106924, 1, 0, 0
47000, 2086769, 1, 0, 0
48002, 2048246, 1, 0, 0
49000, 2116567, 1, 0, 0
50007, 2045738, 1, 0, 0
51000, 2119057, 1, 0, 0
52000, 2082222, 1, 0, 0
53003, 2099260, 1, 0, 0
54000, 2097013, 1, 0, 0
55000, 2152544, 1, 0, 0
56000, 2071367, 1, 0, 0
57000, 2077395, 1, 0, 0
58000, 2101422, 1, 0, 0
59000, 2086981, 1, 0, 0
60005, 2107170, 1, 0, 0
61000, 2051449, 1, 0, 0
62000, 2116054, 1, 0, 0
63000, 2077619, 1, 0, 0
64000, 2106893, 1, 0, 0
65008, 2045126, 1, 0, 0
66000, 2076374, 1, 0, 0
67000, 2147835, 1, 0, 0
68001, 2064136, 1, 0, 0
69003, 2105002, 1, 0, 0
70000, 2123347, 1, 0, 0
71000, 2058506, 1, 0, 0
72006, 2078519, 1, 0, 0
73000, 2057995, 1, 0, 0
74000, 2097334, 1, 0, 0
75002, 2072146, 1, 0, 0
76000, 2105656, 1, 0, 0
77005, 2061028, 1, 0, 0
78000, 2105090, 1, 0, 0
79007, 2058833, 1, 0, 0
80001, 2122714, 1, 0, 0
81000, 2106494, 1, 0, 0
82006, 2094462, 1, 0, 0
83001, 2108020, 1, 0, 0
84000, 2153285, 1, 0, 0
85006, 2051459, 1, 0, 0
86004, 2114638, 1, 0, 0
87000, 2090894, 1, 0, 0
88000, 2060049, 1, 0, 0
89005, 2043541, 1, 0, 0
90000, 2110155, 1, 0, 0
91008, 2037623, 1, 0, 0
92000, 2110732, 1, 0, 0
93000, 2070885, 1, 0, 0
94005, 2076412, 1, 0, 0
95000, 2107145, 1, 0, 0
96007, 2035173, 1, 0, 0
97000, 2109538, 1, 0, 0
98000, 2127570, 1, 0, 0
99007, 2034747, 1, 0, 0
100001, 2098204, 1, 0, 0
101000, 2129657, 1, 0, 0
102000, 2033236, 1, 0, 0
103000, 2115365, 1, 0, 0
104000, 2118754, 1, 0, 0
105007, 2052675, 1, 0, 0
106001, 2134303, 1, 0, 0
107000, 2128071, 1, 0, 0
108000, 2091735, 1, 0, 0
109002, 2074799, 1, 0, 0
110000, 2079996, 1, 0, 0
111006, 2093152, 1, 0, 0
112000, 2067755, 1, 0, 0
113000, 2111196, 1, 0, 0
114007, 2040790, 1, 0, 0
115005, 2076487, 1, 0, 0
116002, 2122006, 1, 0, 0
117000, 2091073, 1, 0, 0
118000, 2064518, 1, 0, 0
119003, 2039018, 1, 0, 0
120000, 2140699, 1, 0, 0
121008, 2028603, 1, 0, 0
122001, 2099696, 1, 0, 0
123000, 2101140, 1, 0, 0
124001, 2074288, 1, 0, 0
125003, 2094750, 1, 0, 0
126000, 2149556, 1, 0, 0
127006, 2056463, 1, 0, 0
128001, 2105623, 1, 0, 0
129000, 2141450, 1, 0, 0
130000, 2091529, 1, 0, 0
131001, 2064464, 1, 0, 0
132000, 2095480, 1, 0, 0
133005, 2064575, 1, 0, 0
134000, 2112309, 1, 0, 0
135000, 2065943, 1, 0, 0
136002, 2085396, 1, 0, 0
137000, 2081907, 1, 0, 0
138004, 2077722, 1, 0, 0
139000, 2072599, 1, 0, 0
140000, 2114784, 1, 0, 0
141001, 2079224, 1, 0, 0
142000, 2064323, 1, 0, 0
143006, 2050528, 1, 0, 0
144000, 2113858, 1, 0, 0
145000, 2118145, 1, 0, 0
146000, 2088133, 1, 0, 0
147003, 2084813, 1, 0, 0
148000, 2113509, 1, 0, 0
149007, 2074839, 1, 0, 0
150001, 2106601, 1, 0, 0
151000, 2097524, 1, 0, 0
152001, 2113089, 1, 0, 0
153000, 2119898, 1, 0, 0
154000, 2028965, 1, 0, 0
155000, 2148155, 1, 0, 0
156000, 2077997, 1, 0, 0
157000, 2133563, 1, 0, 0
158000, 2045718, 1, 0, 0
159000, 2138653, 1, 0, 0
160000, 2070132, 1, 0, 0
161003, 2103579, 1, 0, 0
162000, 2062492, 1, 0, 0
163000, 2084385, 1, 0, 0
164006, 2042294, 1, 0, 0
165000, 2149323, 1, 0, 0
166000, 2057040, 1, 0, 0
167002, 2064851, 1, 0, 0
168000, 2123657, 1, 0, 0
169006, 2068240, 1, 0, 0
170000, 2109549, 1, 0, 0
171000, 2046932, 1, 0, 0
172005, 2083897, 1, 0, 0
173001, 2087338, 1, 0, 0
174000, 2152046, 1, 0, 0
175006, 2046840, 1, 0, 0
176001, 2080369, 1, 0, 0
177000, 2097390, 1, 0, 0
178002, 2075135, 1, 0, 0
179000, 2113992, 1, 0, 0
180000, 2064438, 1, 0, 0
180006, 36665467, 1, 0, 0
