1002, 59967727, 1, 0, 0
2001, 67786165, 1, 0, 0
3003, 65922646, 1, 0, 0
4000, 67922595, 1, 0, 0
5000, 66018804, 1, 0, 0
6002, 66950256, 1, 0, 0
7001, 66362428, 1, 0, 0
8000, 66327849, 1, 0, 0
9001, 67395530, 1, 0, 0
10000, 65929462, 1, 0, 0
11000, 67097845, 1, 0, 0
12000, 67296776, 1, 0, 0
13000, 67564704, 1, 0, 0
14001, 66202429, 1, 0, 0
15001, 67653871, 1, 0, 0
16001, 66271153, 1, 0, 0
17001, 67980820, 1, 0, 0
18001, 66417336, 1, 0, 0
19001, 66527315, 1, 0, 0
20001, 65912830, 1, 0, 0
21001, 67712793, 1, 0, 0
22001, 66242239, 1, 0, 0
23000, 66443881, 1, 0, 0
24002, 67760338, 1, 0, 0
25000, 66328378, 1, 0, 0
26002, 66984069, 1, 0, 0
27000, 67852808, 1, 0, 0
28001, 66521000, 1, 0, 0
29000, 68512554, 1, 0, 0
30003, 66316396, 1, 0, 0
31000, 66772740, 1, 0, 0
32000, 67033338, 1, 0, 0
33002, 66962837, 1, 0, 0
34002, 66974970, 1, 0, 0
35000, 67168487, 1, 0, 0
36000, 66486541, 1, 0, 0
37000, 67026625, 1, 0, 0
38000, 67047628, 1, 0, 0
39000, 67708188, 1, 0, 0
40000, 66152157, 1, 0, 0
41000, 67276100, 1, 0, 0
42000, 66605190, 1, 0, 0
43001, 66975409, 1, 0, 0
44000, 65514316, 1, 0, 0
45000, 66621435, 1, 0, 0
46000, 67608618, 1, 0, 0
47000, 66829402, 1, 0, 0
48000, 66486666, 1, 0, 0
49000, 67783919, 1, 0, 0
50000, 66097602, 1, 0, 0
51000, 67330410, 1, 0, 0
52000, 66225777, 1, 0, 0
53001, 66553211, 1, 0, 0
54000, 67378840, 1, 0, 0
55001, 66733160, 1, 0, 0
56000, 67392823, 1, 0, 0
57000, 66492583, 1, 0, 0
58000, 67343378, 1, 0, 0
59001, 67972534, 1, 0, 0
60000, 66712306, 1, 0, 0
61000, 67357989, 1, 0, 0
62000, 66426189, 1, 0, 0
63002, 66433111, 1, 0, 0
64000, 67467319, 1, 0, 0
65000, 66722724, 1, 0, 0
66000, 66606715, 1, 0, 0
67000, 67740238, 1, 0, 0
68002, 66384715, 1, 0, 0
69001, 67258879, 1, 0, 0
70000, 66300991, 1, 0, 0
71000, 67200352, 1, 0, 0
72000, 66779489, 1, 0, 0
73001, 67030606, 1, 0, 0
74000, 67860793, 1, 0, 0
75000, 66717504, 1, 0, 0
76000, 66900201, 1, 0, 0
77000, 66626054, 1, 0, 0
78000, 66707175, 1, 0, 0
79000, 67777631, 1, 0, 0
80003, 66500853, 1, 0, 0
81000, 67772846, 1, 0, 0
82000, 66077631, 1, 0, 0
83000, 67073791, 1, 0, 0
84000, 67451437, 1, 0, 0
85000, 66451709, 1, 0, 0
86001, 67210360, 1, 0, 0
87002, 66456759, 1, 0, 0
88002, 67394471, 1, 0, 0
89001, 66777551, 1, 0, 0
90000, 68096665, 1, 0, 0
91000, 66274272, 1, 0, 0
92000, 66431324, 1, 0, 0
93001, 66735263, 1, 0, 0
94001, 66866302, 1, 0, 0
95001, 66710923, 1, 0, 0
96000, 67309652, 1, 0, 0
97000, 66406922, 1, 0, 0
98000, 66968537, 1, 0, 0
99000, 66856914, 1, 0, 0
100004, 66840453, 1, 0, 0
101001, 66293598, 1, 0, 0
102001, 67140416, 1, 0, 0
103001, 66633764, 1, 0, 0
104000, 67224495, 1, 0, 0
105000, 66431993, 1, 0, 0
106001, 67656356, 1, 0, 0
107001, 67326073, 1, 0, 0
108001, 66678409, 1, 0, 0
109000, 67417009, 1, 0, 0
110000, 66683887, 1, 0, 0
111001, 67193302, 1, 0, 0
112002, 66972700, 1, 0, 0
113000, 66495873, 1, 0, 0
114000, 65986244, 1, 0, 0
115002, 67420484, 1, 0, 0
116000, 67310784, 1, 0, 0
117000, 67303034, 1, 0, 0
118000, 66783186, 1, 0, 0
119000, 66566370, 1, 0, 0
120001, 67550967, 1, 0, 0
121001, 67073681, 1, 0, 0
122000, 66540852, 1, 0, 0
123002, 67132019, 1, 0, 0
124003, 66386238, 1, 0, 0
125000, 67359048, 1, 0, 0
126000, 67263244, 1, 0, 0
127002, 66800590, 1, 0, 0
128001, 67756097, 1, 0, 0
129000, 66712773, 1, 0, 0
130002, 66386545, 1, 0, 0
131000, 67333575, 1, 0, 0
132000, 66093877, 1, 0, 0
133000, 66663486, 1, 0, 0
134000, 66496326, 1, 0, 0
135001, 67218350, 1, 0, 0
136000, 66335822, 1, 0, 0
137001, 66420465, 1, 0, 0
138001, 67443992, 1, 0, 0
139000, 67096101, 1, 0, 0
140000, 66901607, 1, 0, 0
141000, 66999766, 1, 0, 0
142000, 66839361, 1, 0, 0
143000, 66516322, 1, 0, 0
144002, 67243198, 1, 0, 0
145000, 66464208, 1, 0, 0
146000, 67203578, 1, 0, 0
147001, 66912350, 1, 0, 0
148000, 67322403, 1, 0, 0
149000, 67139247, 1, 0, 0
150004, 66750097, 1, 0, 0
151000, 65921263, 1, 0, 0
152000, 67298343, 1, 0, 0
153000, 66526127, 1, 0, 0
154000, 67432391, 1, 0, 0
155003, 66686793, 1, 0, 0
156000, 67222411, 1, 0, 0
157001, 67000486, 1, 0, 0
158002, 66098237, 1, 0, 0
159002, 67858893, 1, 0, 0
160000, 66764147, 1, 0, 0
161000, 67264688, 1, 0, 0
162000, 66478026, 1, 0, 0
163000, 66389840, 1, 0, 0
164002, 67043420, 1, 0, 0
165000, 66577289, 1, 0, 0
166003, 68004553, 1, 0, 0
167000, 66891057, 1, 0, 0
168000, 67564432, 1, 0, 0
169001, 66715384, 1, 0, 0
170000, 66679141, 1, 0, 0
171002, 67030619, 1, 0, 0
172000, 67161883, 1, 0, 0
173002, 66905077, 1, 0, 0
174002, 66618051, 1, 0, 0
175000, 65974582, 1, 0, 0
176000, 67544765, 1, 0, 0
177000, 66958029, 1, 0, 0
178000, 65685489, 1, 0, 0
179000, 67136910, 1, 0, 0
180002, 66698907, 1, 0, 0
180054, 110771482, 1, 0, 0
