1000, 541, 0, 0, 0
2000, 485, 0, 0, 0
3000, 469, 0, 0, 0
4000, 478, 0, 0, 0
5000, 476, 0, 0, 0
6000, 482, 0, 0, 0
6999, 478, 0, 0, 0
8000, 483, 0, 0, 0
9000, 476, 0, 0, 0
10000, 476, 0, 0, 0
11000, 480, 0, 0, 0
11999, 483, 0, 0, 0
13000, 484, 0, 0, 0
14000, 474, 0, 0, 0
15000, 478, 0, 0, 0
16000, 475, 0, 0, 0
17000, 479, 0, 0, 0
18000, 475, 0, 0, 0
19000, 481, 0, 0, 0
20000, 480, 0, 0, 0
21000, 472, 0, 0, 0
21999, 472, 0, 0, 0
23000, 480, 0, 0, 0
24000, 469, 0, 0, 0
25000, 476, 0, 0, 0
26000, 476, 0, 0, 0
27000, 482, 0, 0, 0
28000, 481, 0, 0, 0
29000, 481, 0, 0, 0
30000, 481, 0, 0, 0
30999, 468, 0, 0, 0
31999, 480, 0, 0, 0
33000, 480, 0, 0, 0
34000, 473, 0, 0, 0
34999, 477, 0, 0, 0
36000, 476, 0, 0, 0
37000, 476, 0, 0, 0
38000, 483, 0, 0, 0
39000, 473, 0, 0, 0
40000, 477, 0, 0, 0
40999, 469, 0, 0, 0
42000, 476, 0, 0, 0
43000, 475, 0, 0, 0
44000, 473, 0, 0, 0
45000, 477, 0, 0, 0
46000, 480, 0, 0, 0
47000, 478, 0, 0, 0
48000, 477, 0, 0, 0
49000, 476, 0, 0, 0
50000, 474, 0, 0, 0
51000, 475, 0, 0, 0
52000, 482, 0, 0, 0
53000, 484, 0, 0, 0
54000, 482, 0, 0, 0
55000, 476, 0, 0, 0
55999, 478, 0, 0, 0
57000, 486, 0, 0, 0
58000, 483, 0, 0, 0
59000, 477, 0, 0, 0
60000, 474, 0, 0, 0
60999, 478, 0, 0, 0
62000, 471, 0, 0, 0
63000, 480, 0, 0, 0
64000, 475, 0, 0, 0
65000, 481, 0, 0, 0
66000, 481, 0, 0, 0
67000, 475, 0, 0, 0
68000, 472, 0, 0, 0
69000, 472, 0, 0, 0
70000, 485, 0, 0, 0
71000, 476, 0, 0, 0
72000, 488, 0, 0, 0
73000, 471, 0, 0, 0
74000, 482, 0, 0, 0
75000, 479, 0, 0, 0
76000, 470, 0, 0, 0
77000, 478, 0, 0, 0
78000, 472, 0, 0, 0
78999, 472, 0, 0, 0
80000, 477, 0, 0, 0
81000, 477, 0, 0, 0
82000, 482, 0, 0, 0
82999, 485, 0, 0, 0
84000, 477, 0, 0, 0
85000, 479, 0, 0, 0
86000, 472, 0, 0, 0
87000, 479, 0, 0, 0
88000, 485, 0, 0, 0
89000, 478, 0, 0, 0
90000, 474, 0, 0, 0
91000, 479, 0, 0, 0
92000, 471, 0, 0, 0
93000, 474, 0, 0, 0
94000, 470, 0, 0, 0
95000, 473, 0, 0, 0
95999, 484, 0, 0, 0
96999, 479, 0, 0, 0
98000, 479, 0, 0, 0
99000, 482, 0, 0, 0
99999, 478, 0, 0, 0
101000, 479, 0, 0, 0
102000, 469, 0, 0, 0
103000, 484, 0, 0, 0
104000, 473, 0, 0, 0
104999, 478, 0, 0, 0
106000, 478, 0, 0, 0
107000, 471, 0, 0, 0
107999, 477, 0, 0, 0
108999, 479, 0, 0, 0
110000, 477, 0, 0, 0
111000, 479, 0, 0, 0
111999, 477, 0, 0, 0
112999, 482, 0, 0, 0
114000, 481, 0, 0, 0
115000, 500, 0, 0, 0
116000, 479, 0, 0, 0
117000, 485, 0, 0, 0
118000, 481, 0, 0, 0
119000, 480, 0, 0, 0
120000, 477, 0, 0, 0
121000, 480, 0, 0, 0
122000, 475, 0, 0, 0
123000, 475, 0, 0, 0
124000, 479, 0, 0, 0
125000, 481, 0, 0, 0
126000, 482, 0, 0, 0
127000, 478, 0, 0, 0
128000, 475, 0, 0, 0
129000, 479, 0, 0, 0
130000, 489, 0, 0, 0
131000, 480, 0, 0, 0
132000, 484, 0, 0, 0
133000, 479, 0, 0, 0
134000, 482, 0, 0, 0
135000, 481, 0, 0, 0
136000, 474, 0, 0, 0
137000, 479, 0, 0, 0
137999, 474, 0, 0, 0
138999, 477, 0, 0, 0
139999, 477, 0, 0, 0
141000, 469, 0, 0, 0
141999, 476, 0, 0, 0
143000, 485, 0, 0, 0
144000, 478, 0, 0, 0
145000, 470, 0, 0, 0
146000, 478, 0, 0, 0
147000, 474, 0, 0, 0
148000, 473, 0, 0, 0
149000, 481, 0, 0, 0
150000, 477, 0, 0, 0
151000, 490, 0, 0, 0
152000, 484, 0, 0, 0
153000, 478, 0, 0, 0
154000, 481, 0, 0, 0
155000, 483, 0, 0, 0
156000, 477, 0, 0, 0
157000, 477, 0, 0, 0
158000, 479, 0, 0, 0
159000, 478, 0, 0, 0
160000, 475, 0, 0, 0
161000, 478, 0, 0, 0
162000, 463, 0, 0, 0
163000, 501, 0, 0, 0
164000, 483, 0, 0, 0
165000, 481, 0, 0, 0
166000, 482, 0, 0, 0
167000, 477, 0, 0, 0
167999, 458, 0, 0, 0
169000, 495, 0, 0, 0
170000, 476, 0, 0, 0
171000, 482, 0, 0, 0
172000, 504, 0, 0, 0
172999, 476, 0, 0, 0
173999, 480, 0, 0, 0
175000, 476, 0, 0, 0
176000, 481, 0, 0, 0
176999, 456, 0, 0, 0
178000, 477, 0, 0, 0
178999, 481, 0, 0, 0
179999, 482, 0, 0, 0
