1002, 1898356, 1, 0, 0
2006, 2132486, 1, 0, 0
3003, 2099507, 1, 0, 0
4012, 2099983, 1, 0, 0
5007, 2065025, 1, 0, 0
6001, 2140154, 1, 0, 0
7005, 2090258, 1, 0, 0
8005, 1999092, 1, 0, 0
9003, 2099907, 1, 0, 0
10000, 2094770, 1, 0, 0
11003, 2093754, 1, 0, 0
12007, 2099673, 1, 0, 0
13001, 2039396, 1, 0, 0
14003, 2014335, 1, 0, 0
15005, 2090597, 1, 0, 0
16000, 2068721, 1, 0, 0
17007, 2131402, 1, 0, 0
18003, 2114603, 1, 0, 0
19000, 2109574, 1, 0, 0
20004, 2104959, 1, 0, 0
21002, 2118166, 1, 0, 0
22014, 2067296, 1, 0, 0
23008, 2060772, 1, 0, 0
24003, 2029181, 1, 0, 0
25003, 2099013, 1, 0, 0
26006, 2129707, 1, 0, 0
27007, 2056868, 1, 0, 0
28001, 2073327, 1, 0, 0
29006, 2060271, 1, 0, 0
30002, 2097256, 1, 0, 0
31012, 2090470, 1, 0, 0
32005, 2131195, 1, 0, 0
33000, 2023175, 1, 0, 0
34010, 2061231, 1, 0, 0
35004, 2072290, 1, 0, 0
36000, 2091752, 1, 0, 0
37000, 2124946, 1, 0, 0
38005, 2060474, 1, 0, 0
39003, 2049890, 1, 0, 0
40000, 2075085, 1, 0, 0
41011, 2163939, 1, 0, 0
42005, 2037200, 1, 0, 0
43001, 2118800, 1, 0, 0
44011, 2116780, 1, 0, 0
45004, 2011236, 1, 0, 0
46000, 2156766, 1, 0, 0
47009, 2087500, 1, 0, 0
48002, 2042598, 1, 0, 0
49004, 2044929, 1, 0, 0
50010, 2140274, 1, 0, 0
51007, 2072755, 1, 0, 0
52014, 2107263, 1, 0, 0
53010, 2086862, 1, 0, 0
54003, 2111246, 1, 0, 0
55015, 2093147, 1, 0, 0
56009, 2081488, 1, 0, 0
57000, 2154476, 1, 0, 0
58008, 2079435, 1, 0, 0
59006, 2030188, 1, 0, 0
60003, 2093610, 1, 0, 0
61005, 2090139, 1, 0, 0
62004, 2090979, 1, 0, 0
63000, 2071505, 1, 0, 0
64009, 2085500, 1, 0, 0
65002, 2128101, 1, 0, 0
66015, 2067245, 1, 0, 0
67012, 2101587, 1, 0, 0
68006, 2055699, 1, 0, 0
69000, 2051801, 1, 0, 0
70006, 2127303, 1, 0, 0
71026, 2233437, 1, 0, 0
72000, 1934967, 1, 0, 0
73004, 2126920, 1, 0, 0
74004, 2058743, 1, 0, 0
75000, 2103606, 1, 0, 0
76006, 2071597, 1, 0, 0
77002, 2077609, 1, 0, 0
78011, 2147783, 1, 0, 0
79005, 2093491, 1, 0, 0
80000, 2102365, 1, 0, 0
81001, 2081245, 1, 0, 0
82002, 2086974, 1, 0, 0
83004, 2107561, 1, 0, 0
84003, 2076540, 1, 0, 0
85014, 2133554, 1, 0, 0
86004, 2051771, 1, 0, 0
87004, 2077530, 1, 0, 0
88012, 2121646, 1, 0, 0
89000, 2098827, 1, 0, 0
90003, 2096032, 1, 0, 0
91010, 2086245, 1, 0, 0
92004, 2046862, 1, 0, 0
93013, 2038604, 1, 0, 0
94009, 2137484, 1, 0, 0
95003, 2066901, 1, 0, 0
96002, 2092298, 1, 0, 0
97013, 2059001, 1, 0, 0
98009, 2068187, 1, 0, 0
99001, 2165244, 1, 0, 0
100004, 2149597, 1, 0, 0
101007, 2108324, 1, 0, 0
102000, 2115078, 1, 0, 0
103003, 2037635, 1, 0, 0
104002, 2043556, 1, 0, 0
105008, 2056005, 1, 0, 0
106001, 2167949, 1, 0, 0
107002, 2081533, 1, 0, 0
108012, 2068955, 1, 0, 0
109006, 2057771, 1, 0, 0
110002, 2169094, 1, 0, 0
111014, 2132757, 1, 0, 0
112010, 2175148, 1, 0, 0
113006, 2055577, 1, 0, 0
114000, 2177479, 1, 0, 0
115000, 2015376, 1, 0, 0
116003, 2131460, 1, 0, 0
117005, 2171388, 1, 0, 0
118008, 2036371, 1, 0, 0
119000, 2073089, 1, 0, 0
120010, 2099577, 1, 0, 0
121004, 2068369, 1, 0, 0
122000, 2089130, 1, 0, 0
123012, 1997899, 1, 0, 0
124006, 2037914, 1, 0, 0
125003, 2132783, 1, 0, 0
126003, 2081480, 1, 0, 0
127008, 2133888, 1, 0, 0
128003, 2073505, 1, 0, 0
129015, 2104320, 1, 0, 0
130004, 2092426, 1, 0, 0
131003, 2068994, 1, 0, 0
132000, 2082981, 1, 0, 0
133003, 2060601, 1, 0, 0
134001, 2074460, 1, 0, 0
135000, 2136043, 1, 0, 0
136007, 2129122, 1, 0, 0
137000, 2013844, 1, 0, 0
138004, 2080107, 1, 0, 0
139002, 2147766, 1, 0, 0
140001, 2053906, 1, 0, 0
141006, 2103690, 1, 0, 0
142000, 2131141, 1, 0, 0
143010, 2127129, 1, 0, 0
144003, 2075235, 1, 0, 0
145006, 2087220, 1, 0, 0
146005, 2070683, 1, 0, 0
147001, 2167129, 1, 0, 0
148006, 2111967, 1, 0, 0
149015, 2109225, 1, 0, 0
150000, 2154633, 1, 0, 0
151005, 2082712, 1, 0, 0
152000, 2139143, 1, 0, 0
153014, 2096368, 1, 0, 0
154007, 2052123, 1, 0, 0
155003, 2026444, 1, 0, 0
156000, 2159924, 1, 0, 0
157011, 2044027, 1, 0, 0
158005, 2112562, 1, 0, 0
159000, 2135508, 1, 0, 0
160010, 2126032, 1, 0, 0
161004, 2081540, 1, 0, 0
162000, 2148262, 1, 0, 0
163000, 2038613, 1, 0, 0
164002, 2095976, 1, 0, 0
165012, 2140081, 1, 0, 0
166005, 2127423, 1, 0, 0
167014, 2049513, 1, 0, 0
168008, 2086966, 1, 0, 0
169003, 2097943, 1, 0, 0
170014, 2102541, 1, 0, 0
171001, 2033625, 1, 0, 0
172003, 2077625, 1, 0, 0
173000, 2085619, 1, 0, 0
174003, 2104894, 1, 0, 0
175003, 2098705, 1, 0, 0
176000, 2086241, 1, 0, 0
177001, 2099996, 1, 0, 0
178000, 2057967, 1, 0, 0
179004, 2098835, 1, 0, 0
180005, 2095631, 1, 0, 0
180006, 20993184, 1, 0, 0
