1000, 1074, 0, 0, 0
2000, 956, 0, 0, 0
3000, 961, 0, 0, 0
4000, 940, 0, 0, 0
5000, 930, 0, 0, 0
6000, 968, 0, 0, 0
7000, 934, 0, 0, 0
8000, 988, 0, 0, 0
9000, 917, 0, 0, 0
10000, 1006, 0, 0, 0
11000, 943, 0, 0, 0
12000, 896, 0, 0, 0
13000, 984, 0, 0, 0
14000, 973, 0, 0, 0
15000, 960, 0, 0, 0
16000, 940, 0, 0, 0
17000, 954, 0, 0, 0
18000, 952, 0, 0, 0
19000, 933, 0, 0, 0
20000, 973, 0, 0, 0
20999, 934, 0, 0, 0
21999, 988, 0, 0, 0
22999, 916, 0, 0, 0
23999, 995, 0, 0, 0
25000, 980, 0, 0, 0
26000, 930, 0, 0, 0
26999, 932, 0, 0, 0
28000, 971, 0, 0, 0
29000, 978, 0, 0, 0
29999, 928, 0, 0, 0
30999, 953, 0, 0, 0
32000, 902, 0, 0, 0
33000, 958, 0, 0, 0
34000, 968, 0, 0, 0
35000, 909, 0, 0, 0
36000, 990, 0, 0, 0
36999, 946, 0, 0, 0
38000, 940, 0, 0, 0
39000, 968, 0, 0, 0
40000, 936, 0, 0, 0
41000, 954, 0, 0, 0
42000, 982, 0, 0, 0
43000, 952, 0, 0, 0
44000, 922, 0, 0, 0
44999, 958, 0, 0, 0
46000, 916, 0, 0, 0
47000, 970, 0, 0, 0
47999, 969, 0, 0, 0
48999, 925, 0, 0, 0
50000, 964, 0, 0, 0
51000, 947, 0, 0, 0
51999, 991, 0, 0, 0
53000, 949, 0, 0, 0
53999, 904, 0, 0, 0
55000, 988, 0, 0, 0
56000, 966, 0, 0, 0
57000, 928, 0, 0, 0
58000, 979, 0, 0, 0
58999, 967, 0, 0, 0
60000, 931, 0, 0, 0
61000, 1001, 0, 0, 0
62000, 948, 0, 0, 0
63000, 977, 0, 0, 0
64000, 947, 0, 0, 0
65000, 960, 0, 0, 0
66000, 926, 0, 0, 0
66999, 977, 0, 0, 0
68000, 968, 0, 0, 0
69000, 948, 0, 0, 0
70000, 908, 0, 0, 0
71000, 981, 0, 0, 0
72000, 916, 0, 0, 0
73000, 953, 0, 0, 0
73999, 936, 0, 0, 0
74999, 969, 0, 0, 0
75999, 966, 0, 0, 0
77000, 952, 0, 0, 0
78000, 965, 0, 0, 0
79000, 924, 0, 0, 0
80000, 992, 0, 0, 0
81000, 952, 0, 0, 0
82000, 964, 0, 0, 0
82999, 938, 0, 0, 0
83999, 985, 0, 0, 0
85000, 943, 0, 0, 0
85999, 950, 0, 0, 0
86999, 990, 0, 0, 0
88000, 951, 0, 0, 0
89000, 913, 0, 0, 0
90000, 967, 0, 0, 0
91000, 965, 0, 0, 0
92000, 944, 0, 0, 0
93000, 982, 0, 0, 0
94000, 979, 0, 0, 0
95000, 928, 0, 0, 0
96000, 981, 0, 0, 0
97000, 953, 0, 0, 0
97999, 932, 0, 0, 0
98999, 948, 0, 0, 0
100000, 986, 0, 0, 0
101000, 918, 0, 0, 0
102000, 968, 0, 0, 0
103000, 984, 0, 0, 0
104000, 965, 0, 0, 0
105000, 936, 0, 0, 0
106000, 962, 0, 0, 0
107000, 923, 0, 0, 0
108000, 948, 0, 0, 0
109000, 970, 0, 0, 0
110000, 945, 0, 0, 0
111000, 959, 0, 0, 0
112000, 950, 0, 0, 0
113000, 942, 0, 0, 0
113999, 972, 0, 0, 0
115000, 898, 0, 0, 0
116000, 995, 0, 0, 0
117000, 965, 0, 0, 0
118000, 940, 0, 0, 0
119000, 971, 0, 0, 0
120000, 914, 0, 0, 0
121000, 984, 0, 0, 0
122000, 961, 0, 0, 0
123000, 937, 0, 0, 0
124000, 966, 0, 0, 0
125000, 963, 0, 0, 0
126000, 953, 0, 0, 0
127000, 969, 0, 0, 0
128000, 948, 0, 0, 0
128999, 961, 0, 0, 0
129999, 923, 0, 0, 0
131000, 983, 0, 0, 0
132000, 976, 0, 0, 0
133000, 931, 0, 0, 0
134000, 973, 0, 0, 0
135000, 953, 0, 0, 0
136000, 980, 0, 0, 0
137000, 928, 0, 0, 0
137999, 965, 0, 0, 0
139000, 965, 0, 0, 0
140000, 951, 0, 0, 0
141000, 966, 0, 0, 0
142000, 923, 0, 0, 0
142999, 992, 0, 0, 0
143999, 954, 0, 0, 0
144999, 927, 0, 0, 0
145999, 983, 0, 0, 0
146999, 951, 0, 0, 0
148000, 987, 0, 0, 0
149000, 963, 0, 0, 0
150000, 958, 0, 0, 0
151000, 954, 0, 0, 0
152000, 957, 0, 0, 0
153000, 942, 0, 0, 0
154000, 966, 0, 0, 0
155000, 962, 0, 0, 0
155999, 921, 0, 0, 0
156999, 961, 0, 0, 0
157999, 934, 0, 0, 0
159000, 966, 0, 0, 0
160000, 972, 0, 0, 0
160999, 923, 0, 0, 0
161999, 993, 0, 0, 0
163000, 949, 0, 0, 0
164000, 937, 0, 0, 0
164999, 959, 0, 0, 0
165999, 972, 0, 0, 0
166999, 954, 0, 0, 0
168000, 944, 0, 0, 0
168999, 975, 0, 0, 0
170000, 965, 0, 0, 0
171000, 931, 0, 0, 0
172000, 996, 0, 0, 0
173000, 944, 0, 0, 0
174000, 938, 0, 0, 0
175000, 959, 0, 0, 0
176000, 931, 0, 0, 0
176999, 975, 0, 0, 0
177999, 942, 0, 0, 0
178999, 960, 0, 0, 0
180000, 975, 0, 0, 0
