1001, 973, 1, 0, 0
2000, 998, 1, 0, 0
3001, 943, 1, 0, 0
4001, 943, 1, 0, 0
5001, 927, 1, 0, 0
6001, 983, 1, 0, 0
7000, 941, 1, 0, 0
8001, 940, 1, 0, 0
9001, 931, 1, 0, 0
10000, 974, 1, 0, 0
11001, 906, 1, 0, 0
12001, 970, 1, 0, 0
13000, 969, 1, 0, 0
14001, 960, 1, 0, 0
15001, 991, 1, 0, 0
16000, 976, 1, 0, 0
17001, 968, 1, 0, 0
18001, 890, 1, 0, 0
19001, 904, 1, 0, 0
20001, 942, 1, 0, 0
21000, 921, 1, 0, 0
22001, 957, 1, 0, 0
23001, 966, 1, 0, 0
24001, 939, 1, 0, 0
25001, 957, 1, 0, 0
26000, 954, 1, 0, 0
27001, 986, 1, 0, 0
28001, 967, 1, 0, 0
29001, 953, 1, 0, 0
30001, 924, 1, 0, 0
31000, 930, 1, 0, 0
32001, 933, 1, 0, 0
33001, 946, 1, 0, 0
34000, 963, 1, 0, 0
35001, 951, 1, 0, 0
36000, 948, 1, 0, 0
37001, 905, 1, 0, 0
38001, 935, 1, 0, 0
39001, 905, 1, 0, 0
40001, 950, 1, 0, 0
41000, 982, 1, 0, 0
42001, 927, 1, 0, 0
43000, 949, 1, 0, 0
44001, 1010, 1, 0, 0
45000, 986, 1, 0, 0
46001, 973, 1, 0, 0
47001, 929, 1, 0, 0
48000, 927, 1, 0, 0
49001, 984, 1, 0, 0
50000, 1006, 1, 0, 0
51001, 957, 1, 0, 0
52001, 788, 1, 0, 0
53001, 821, 1, 0, 0
54001, 921, 1, 0, 0
55000, 877, 1, 0, 0
56001, 898, 1, 0, 0
57000, 865, 1, 0, 0
58001, 863, 1, 0, 0
59001, 919, 1, 0, 0
60000, 964, 1, 0, 0
61001, 961, 1, 0, 0
62000, 928, 1, 0, 0
63001, 901, 1, 0, 0
64001, 948, 1, 0, 0
65000, 908, 1, 0, 0
66001, 933, 1, 0, 0
67000, 861, 1, 0, 0
68001, 938, 1, 0, 0
69001, 848, 1, 0, 0
70001, 959, 1, 0, 0
71001, 976, 1, 0, 0
72000, 933, 1, 0, 0
73001, 917, 1, 0, 0
74001, 955, 1, 0, 0
75000, 912, 1, 0, 0
76001, 954, 1, 0, 0
77000, 988, 1, 0, 0
78001, 914, 1, 0, 0
79001, 903, 1, 0, 0
80000, 908, 1, 0, 0
81001, 961, 1, 0, 0
82001, 956, 1, 0, 0
83001, 939, 1, 0, 0
84001, 962, 1, 0, 0
85000, 923, 1, 0, 0
86001, 969, 1, 0, 0
87001, 954, 1, 0, 0
88000, 968, 1, 0, 0
89001, 969, 1, 0, 0
90001, 983, 1, 0, 0
91000, 936, 1, 0, 0
92001, 919, 1, 0, 0
93001, 927, 1, 0, 0
94000, 935, 1, 0, 0
95001, 966, 1, 0, 0
96001, 918, 1, 0, 0
97001, 964, 1, 0, 0
98001, 913, 1, 0, 0
99000, 941, 1, 0, 0
100001, 975, 1, 0, 0
101000, 911, 1, 0, 0
102001, 943, 1, 0, 0
103001, 932, 1, 0, 0
104000, 977, 1, 0, 0
105001, 968, 1, 0, 0
106000, 948, 1, 0, 0
107001, 947, 1, 0, 0
108001, 938, 1, 0, 0
109001, 950, 1, 0, 0
110001, 925, 1, 0, 0
111000, 893, 1, 0, 0
112001, 921, 1, 0, 0
113000, 949, 1, 0, 0
114001, 920, 1, 0, 0
115001, 904, 1, 0, 0
116000, 925, 1, 0, 0
117001, 202, 1, 0, 0
118000, 669, 1, 0, 0
119001, 1043, 1, 0, 0
120001, 961, 1, 0, 0
121000, 959, 1, 0, 0
122001, 965, 1, 0, 0
123000, 929, 1, 0, 0
124001, 954, 1, 0, 0
125001, 973, 1, 0, 0
126001, 957, 1, 0, 0
127001, 929, 1, 0, 0
128000, 978, 1, 0, 0
129001, 957, 1, 0, 0
130000, 986, 1, 0, 0
131001, 971, 1, 0, 0
132001, 959, 1, 0, 0
133001, 955, 1, 0, 0
134001, 963, 1, 0, 0
135000, 949, 1, 0, 0
136001, 947, 1, 0, 0
137000, 948, 1, 0, 0
138001, 949, 1, 0, 0
139001, 945, 1, 0, 0
140001, 991, 1, 0, 0
141001, 944, 1, 0, 0
142000, 941, 1, 0, 0
143001, 988, 1, 0, 0
144000, 934, 1, 0, 0
145001, 945, 1, 0, 0
146001, 947, 1, 0, 0
147001, 944, 1, 0, 0
148001, 937, 1, 0, 0
149001, 944, 1, 0, 0
150001, 989, 1, 0, 0
151000, 938, 1, 0, 0
152001, 957, 1, 0, 0
153001, 958, 1, 0, 0
154001, 939, 1, 0, 0
155001, 926, 1, 0, 0
156001, 939, 1, 0, 0
157001, 1015, 1, 0, 0
158000, 930, 1, 0, 0
159001, 989, 1, 0, 0
160001, 933, 1, 0, 0
161001, 962, 1, 0, 0
162001, 974, 1, 0, 0
163000, 961, 1, 0, 0
164001, 913, 1, 0, 0
165000, 919, 1, 0, 0
166001, 1012, 1, 0, 0
167000, 943, 1, 0, 0
168001, 939, 1, 0, 0
169001, 967, 1, 0, 0
170001, 963, 1, 0, 0
171001, 928, 1, 0, 0
172001, 993, 1, 0, 0
173001, 934, 1, 0, 0
174000, 1011, 1, 0, 0
175001, 943, 1, 0, 0
176001, 976, 1, 0, 0
177001, 971, 1, 0, 0
178001, 947, 1, 0, 0
179001, 1000, 1, 0, 0
180000, 970, 1, 0, 0
