1000, 7524607, 1, 0, 0
2002, 8205864, 1, 0, 0
3000, 8357462, 1, 0, 0
4007, 8203211, 1, 0, 0
5001, 8362378, 1, 0, 0
6000, 8150712, 1, 0, 0
7004, 7998825, 1, 0, 0
8001, 8386119, 1, 0, 0
9001, 8705944, 1, 0, 0
10008, 8201845, 1, 0, 0
11004, 8594941, 1, 0, 0
12000, 8345196, 1, 0, 0
13007, 8118725, 1, 0, 0
14002, 8980457, 1, 0, 0
15000, 8209200, 1, 0, 0
16000, 8155407, 1, 0, 0
17003, 8202907, 1, 0, 0
18000, 8236268, 1, 0, 0
19001, 8184814, 1, 0, 0
20001, 8231032, 1, 0, 0
21000, 8379300, 1, 0, 0
22000, 8360189, 1, 0, 0
23000, 8301184, 1, 0, 0
24000, 8353439, 1, 0, 0
25003, 8253380, 1, 0, 0
26000, 8134702, 1, 0, 0
27000, 8233860, 1, 0, 0
28000, 8320250, 1, 0, 0
29001, 8426543, 1, 0, 0
30002, 8246205, 1, 0, 0
31000, 8381524, 1, 0, 0
32000, 8275141, 1, 0, 0
33006, 8258459, 1, 0, 0
34000, 8159298, 1, 0, 0
35000, 8334274, 1, 0, 0
36000, 8281668, 1, 0, 0
37000, 8336910, 1, 0, 0
38001, 8678267, 1, 0, 0
39001, 8348347, 1, 0, 0
40000, 8454365, 1, 0, 0
41000, 8343260, 1, 0, 0
42007, 8383620, 1, 0, 0
43002, 8549179, 1, 0, 0
44000, 8136640, 1, 0, 0
45000, 8229614, 1, 0, 0
46000, 8393815, 1, 0, 0
47000, 8494212, 1, 0, 0
48000, 7906674, 1, 0, 0
49002, 8180680, 1, 0, 0
50000, 8762996, 1, 0, 0
51004, 8243306, 1, 0, 0
52000, 8709483, 1, 0, 0
53002, 8453887, 1, 0, 0
54000, 8457194, 1, 0, 0
55000, 8514710, 1, 0, 0
56000, 8540299, 1, 0, 0
57000, 8412658, 1, 0, 0
58006, 8348766, 1, 0, 0
59002, 8697853, 1, 0, 0
60000, 8254292, 1, 0, 0
61000, 8446730, 1, 0, 0
62000, 8109229, 1, 0, 0
63000, 8258280, 1, 0, 0
64001, 8438056, 1, 0, 0
65001, 8568799, 1, 0, 0
66000, 8307590, 1, 0, 0
67002, 7952127, 1, 0, 0
68000, 8363097, 1, 0, 0
69000, 7995071, 1, 0, 0
70020, 8380818, 1, 0, 0
71000, 8717839, 1, 0, 0
72000, 8427475, 1, 0, 0
73005, 8324891, 1, 0, 0
74000, 8435491, 1, 0, 0
75000, 8287094, 1, 0, 0
76000, 8178078, 1, 0, 0
77000, 8377766, 1, 0, 0
78000, 8404352, 1, 0, 0
79000, 8317385, 1, 0, 0
80001, 8329634, 1, 0, 0
81001, 8589167, 1, 0, 0
82000, 8343727, 1, 0, 0
83002, 8132981, 1, 0, 0
84001, 8371478, 1, 0, 0
85000, 8617426, 1, 0, 0
86000, 8306245, 1, 0, 0
87000, 8701068, 1, 0, 0
88000, 7998776, 1, 0, 0
89000, 8777381, 1, 0, 0
90000, 8528736, 1, 0, 0
91000, 7851973, 1, 0, 0
92000, 8305505, 1, 0, 0
93002, 7847738, 1, 0, 0
94001, 8496764, 1, 0, 0
95001, 8287398, 1, 0, 0
96000, 8766494, 1, 0, 0
97000, 8327524, 1, 0, 0
98002, 8080266, 1, 0, 0
99000, 8473445, 1, 0, 0
100000, 8408754, 1, 0, 0
101000, 8353027, 1, 0, 0
102000, 8371440, 1, 0, 0
103000, 8259482, 1, 0, 0
104000, 8446519, 1, 0, 0
105004, 8211059, 1, 0, 0
106000, 8540835, 1, 0, 0
107000, 8156651, 1, 0, 0
108000, 8630908, 1, 0, 0
109005, 8238612, 1, 0, 0
110000, 8409422, 1, 0, 0
111000, 8533685, 1, 0, 0
112000, 8464400, 1, 0, 0
113000, 8193882, 1, 0, 0
114002, 8163632, 1, 0, 0
115000, 8030107, 1, 0, 0
116000, 8361017, 1, 0, 0
117000, 8259678, 1, 0, 0
118001, 8170874, 1, 0, 0
119000, 8496023, 1, 0, 0
120000, 8376548, 1, 0, 0
121000, 8288891, 1, 0, 0
122000, 8261177, 1, 0, 0
123000, 7979475, 1, 0, 0
124000, 8867774, 1, 0, 0
125007, 8037742, 1, 0, 0
126000, 8359373, 1, 0, 0
127000, 8191722, 1, 0, 0
128007, 8485121, 1, 0, 0
129001, 8306731, 1, 0, 0
130000, 8185547, 1, 0, 0
131000, 8110621, 1, 0, 0
132001, 8692969, 1, 0, 0
133000, 8368353, 1, 0, 0
134006, 8200125, 1, 0, 0
135000, 8177134, 1, 0, 0
136000, 8755922, 1, 0, 0
137001, 8179787, 1, 0, 0
138000, 8065931, 1, 0, 0
139000, 8558946, 1, 0, 0
140000, 8614640, 1, 0, 0
141000, 8396077, 1, 0, 0
142000, 8607442, 1, 0, 0
143001, 8504624, 1, 0, 0
144000, 8554465, 1, 0, 0
145000, 8199852, 1, 0, 0
146002, 8468017, 1, 0, 0
147000, 8437086, 1, 0, 0
148000, 8340813, 1, 0, 0
149004, 8245180, 1, 0, 0
150000, 8236604, 1, 0, 0
151006, 8269640, 1, 0, 0
152001, 8585554, 1, 0, 0
153000, 8338819, 1, 0, 0
154002, 8517049, 1, 0, 0
155000, 8329572, 1, 0, 0
156000, 8314281, 1, 0, 0
157000, 8467891, 1, 0, 0
158000, 8345381, 1, 0, 0
159000, 8462180, 1, 0, 0
160007, 8304262, 1, 0, 0
161000, 8571828, 1, 0, 0
162000, 8694123, 1, 0, 0
163001, 8761969, 1, 0, 0
164000, 7966239, 1, 0, 0
165005, 8574920, 1, 0, 0
166000, 8656335, 1, 0, 0
167000, 8315059, 1, 0, 0
168001, 8503991, 1, 0, 0
169000, 8711196, 1, 0, 0
170005, 8644552, 1, 0, 0
171000, 8458269, 1, 0, 0
172000, 8467505, 1, 0, 0
173006, 8155627, 1, 0, 0
174000, 8473821, 1, 0, 0
175000, 8417402, 1, 0, 0
176005, 8021870, 1, 0, 0
177000, 8478378, 1, 0, 0
178000, 7983584, 1, 0, 0
179000, 8810296, 1, 0, 0
180000, 8051259, 1, 0, 0
180003, 6803398, 1, 0, 0
