1007, 29902167, 1, 0, 0
2013, 33976447, 1, 0, 0
3006, 33186631, 1, 0, 0
4005, 32945486, 1, 0, 0
5008, 33679124, 1, 0, 0
6006, 33188376, 1, 0, 0
7017, 33530876, 1, 0, 0
8012, 33810845, 1, 0, 0
9005, 32945261, 1, 0, 0
10013, 33218692, 1, 0, 0
11008, 33736483, 1, 0, 0
12016, 33057010, 1, 0, 0
13012, 34177435, 1, 0, 0
14007, 33126880, 1, 0, 0
15011, 33859285, 1, 0, 0
16005, 33162925, 1, 0, 0
17012, 33906481, 1, 0, 0
18005, 32947992, 1, 0, 0
19017, 33095444, 1, 0, 0
20011, 33405494, 1, 0, 0
21006, 33383140, 1, 0, 0
22017, 32944039, 1, 0, 0
23013, 33782348, 1, 0, 0
24008, 33284656, 1, 0, 0
25019, 33465416, 1, 0, 0
26011, 33806462, 1, 0, 0
27005, 33378917, 1, 0, 0
28007, 33742798, 1, 0, 0
29005, 33723501, 1, 0, 0
30003, 33697525, 1, 0, 0
31006, 33103256, 1, 0, 0
32017, 33213148, 1, 0, 0
33009, 33779694, 1, 0, 0
34003, 33025326, 1, 0, 0
35015, 34147954, 1, 0, 0
36007, 33043444, 1, 0, 0
37015, 33283384, 1, 0, 0
38011, 34307575, 1, 0, 0
39003, 32974227, 1, 0, 0
40014, 33899500, 1, 0, 0
41009, 33116367, 1, 0, 0
42018, 33543139, 1, 0, 0
43010, 33519785, 1, 0, 0
44006, 32953323, 1, 0, 0
45008, 33444363, 1, 0, 0
46004, 33712768, 1, 0, 0
47018, 33180256, 1, 0, 0
48008, 33937212, 1, 0, 0
49018, 33196851, 1, 0, 0
50011, 33953631, 1, 0, 0
51002, 33466062, 1, 0, 0
52015, 33767394, 1, 0, 0
53012, 33835761, 1, 0, 0
54007, 32714285, 1, 0, 0
55014, 33685383, 1, 0, 0
56007, 33122522, 1, 0, 0
57018, 33391605, 1, 0, 0
58003, 33440789, 1, 0, 0
59003, 33494037, 1, 0, 0
60012, 33877304, 1, 0, 0
61008, 33096797, 1, 0, 0
62014, 33114392, 1, 0, 0
63006, 33479515, 1, 0, 0
64008, 33275374, 1, 0, 0
65009, 33976165, 1, 0, 0
66006, 33168688, 1, 0, 0
67018, 33679801, 1, 0, 0
68011, 34067781, 1, 0, 0
69006, 33620424, 1, 0, 0
70015, 33274882, 1, 0, 0
71008, 33778309, 1, 0, 0
72004, 33045538, 1, 0, 0
73011, 33394974, 1, 0, 0
74005, 33543776, 1, 0, 0
75013, 33532231, 1, 0, 0
76004, 33072090, 1, 0, 0
77014, 33281466, 1, 0, 0
78009, 33105359, 1, 0, 0
79001, 33095011, 1, 0, 0
80012, 33965465, 1, 0, 0
81005, 33701131, 1, 0, 0
82016, 33689935, 1, 0, 0
83015, 33678874, 1, 0, 0
84009, 33413576, 1, 0, 0
85003, 33030925, 1, 0, 0
86013, 33660044, 1, 0, 0
87008, 33509309, 1, 0, 0
88015, 33730425, 1, 0, 0
89009, 32906172, 1, 0, 0
90002, 33050627, 1, 0, 0
91014, 33759277, 1, 0, 0
92005, 33753109, 1, 0, 0
93015, 33618781, 1, 0, 0
94010, 33267181, 1, 0, 0
95003, 32940472, 1, 0, 0
96012, 33420011, 1, 0, 0
97007, 33245371, 1, 0, 0
98004, 32787098, 1, 0, 0
99015, 33767296, 1, 0, 0
100009, 33166578, 1, 0, 0
101002, 33020107, 1, 0, 0
102014, 33624240, 1, 0, 0
103006, 33446685, 1, 0, 0
104010, 33306114, 1, 0, 0
105011, 33679132, 1, 0, 0
106004, 33301223, 1, 0, 0
107010, 33643331, 1, 0, 0
108006, 33525319, 1, 0, 0
109017, 32986514, 1, 0, 0
110010, 34183527, 1, 0, 0
111005, 33371587, 1, 0, 0
112012, 33317917, 1, 0, 0
113006, 33182185, 1, 0, 0
114019, 33405086, 1, 0, 0
115013, 33940742, 1, 0, 0
116005, 33418161, 1, 0, 0
117007, 33234181, 1, 0, 0
118010, 33573078, 1, 0, 0
119006, 32874328, 1, 0, 0
120006, 34129317, 1, 0, 0
121008, 33547586, 1, 0, 0
122018, 33188254, 1, 0, 0
123013, 33618367, 1, 0, 0
124005, 33733589, 1, 0, 0
125012, 33403652, 1, 0, 0
126007, 33185815, 1, 0, 0
127016, 33601481, 1, 0, 0
128008, 33700973, 1, 0, 0
129004, 33246273, 1, 0, 0
130016, 33659327, 1, 0, 0
131006, 33576362, 1, 0, 0
132007, 33176013, 1, 0, 0
133010, 33762147, 1, 0, 0
134007, 33461208, 1, 0, 0
135018, 32948790, 1, 0, 0
136008, 33918297, 1, 0, 0
137003, 33043153, 1, 0, 0
138008, 33494806, 1, 0, 0
139016, 33485707, 1, 0, 0
140011, 33086393, 1, 0, 0
141007, 33338602, 1, 0, 0
142010, 33329752, 1, 0, 0
143005, 33185452, 1, 0, 0
144014, 33693882, 1, 0, 0
145008, 33434314, 1, 0, 0
146007, 33142540, 1, 0, 0
147005, 33107484, 1, 0, 0
148011, 33533011, 1, 0, 0
149003, 33489635, 1, 0, 0
150009, 33984396, 1, 0, 0
151004, 32995870, 1, 0, 0
152013, 34064309, 1, 0, 0
153005, 33164351, 1, 0, 0
154003, 33711174, 1, 0, 0
155001, 33535854, 1, 0, 0
156005, 33444913, 1, 0, 0
157012, 33617476, 1, 0, 0
158005, 33597566, 1, 0, 0
159015, 33997039, 1, 0, 0
160007, 32952430, 1, 0, 0
161018, 33441264, 1, 0, 0
162010, 33588918, 1, 0, 0
163007, 33589049, 1, 0, 0
164018, 33193637, 1, 0, 0
165008, 33650075, 1, 0, 0
166007, 33418079, 1, 0, 0
167012, 33392482, 1, 0, 0
168004, 33212860, 1, 0, 0
169006, 33779374, 1, 0, 0
170004, 33615457, 1, 0, 0
171015, 33740239, 1, 0, 0
172007, 33985675, 1, 0, 0
173002, 33261417, 1, 0, 0
174012, 32930771, 1, 0, 0
175004, 32501003, 1, 0, 0
176006, 33772147, 1, 0, 0
177016, 33812892, 1, 0, 0
178002, 33314610, 1, 0, 0
179006, 33361170, 1, 0, 0
180008, 33877283, 1, 0, 0
180027, 49854055, 1, 0, 0
