1000, 2094, 0, 0, 0
2000, 1925, 0, 0, 0
3000, 1910, 0, 0, 0
4000, 1923, 0, 0, 0
5000, 1909, 0, 0, 0
6000, 1924, 0, 0, 0
7000, 1927, 0, 0, 0
8000, 1921, 0, 0, 0
9001, 1905, 0, 0, 0
10000, 1916, 0, 0, 0
11001, 1913, 0, 0, 0
12000, 1906, 0, 0, 0
13000, 1908, 0, 0, 0
14001, 1910, 0, 0, 0
15000, 1928, 0, 0, 0
16000, 1913, 0, 0, 0
17000, 1916, 0, 0, 0
18000, 1890, 0, 0, 0
19000, 1920, 0, 0, 0
20000, 1910, 0, 0, 0
21001, 1906, 0, 0, 0
22000, 1919, 0, 0, 0
23000, 1914, 0, 0, 0
24000, 1925, 0, 0, 0
25000, 1904, 0, 0, 0
26001, 1921, 0, 0, 0
27000, 1914, 0, 0, 0
28000, 1895, 0, 0, 0
29000, 1910, 0, 0, 0
30000, 1935, 0, 0, 0
31000, 1910, 0, 0, 0
32000, 1915, 0, 0, 0
33000, 1920, 0, 0, 0
34000, 1906, 0, 0, 0
35000, 1924, 0, 0, 0
36000, 1914, 0, 0, 0
37001, 1910, 0, 0, 0
38000, 1905, 0, 0, 0
39000, 1908, 0, 0, 0
40000, 1913, 0, 0, 0
41001, 1916, 0, 0, 0
42000, 1908, 0, 0, 0
43000, 1874, 0, 0, 0
44000, 1956, 0, 0, 0
45000, 1909, 0, 0, 0
46000, 1906, 0, 0, 0
47000, 1915, 0, 0, 0
48000, 1900, 0, 0, 0
49000, 1898, 0, 0, 0
50000, 1904, 0, 0, 0
51001, 1911, 0, 0, 0
52000, 1905, 0, 0, 0
53000, 1918, 0, 0, 0
54001, 1915, 0, 0, 0
55001, 1919, 0, 0, 0
56000, 1907, 0, 0, 0
57000, 1902, 0, 0, 0
58001, 1915, 0, 0, 0
59000, 1915, 0, 0, 0
60000, 1927, 0, 0, 0
61001, 1914, 0, 0, 0
62000, 1912, 0, 0, 0
63001, 1911, 0, 0, 0
64000, 1929, 0, 0, 0
65000, 1898, 0, 0, 0
66000, 1914, 0, 0, 0
67000, 1914, 0, 0, 0
68000, 1924, 0, 0, 0
69000, 1917, 0, 0, 0
70001, 1912, 0, 0, 0
71000, 1917, 0, 0, 0
72000, 1906, 0, 0, 0
73000, 1903, 0, 0, 0
74001, 1918, 0, 0, 0
75000, 1911, 0, 0, 0
76000, 1937, 0, 0, 0
77000, 1912, 0, 0, 0
78000, 1907, 0, 0, 0
79000, 1901, 0, 0, 0
80000, 1910, 0, 0, 0
81000, 1905, 0, 0, 0
82000, 1916, 0, 0, 0
83000, 1911, 0, 0, 0
84001, 1928, 0, 0, 0
85000, 1909, 0, 0, 0
86000, 1907, 0, 0, 0
87000, 1909, 0, 0, 0
88001, 1914, 0, 0, 0
89001, 1908, 0, 0, 0
90000, 1904, 0, 0, 0
91001, 1905, 0, 0, 0
92000, 1907, 0, 0, 0
93000, 1913, 0, 0, 0
94000, 1903, 0, 0, 0
95000, 1923, 0, 0, 0
96000, 1929, 0, 0, 0
97000, 1915, 0, 0, 0
98000, 1905, 0, 0, 0
99000, 1909, 0, 0, 0
100001, 1904, 0, 0, 0
101000, 1907, 0, 0, 0
102000, 1907, 0, 0, 0
103000, 1894, 0, 0, 0
104000, 1920, 0, 0, 0
105000, 1910, 0, 0, 0
106000, 1924, 0, 0, 0
107000, 1919, 0, 0, 0
108001, 1909, 0, 0, 0
109000, 1924, 0, 0, 0
110000, 1906, 0, 0, 0
111001, 1909, 0, 0, 0
112000, 1908, 0, 0, 0
113000, 1907, 0, 0, 0
114000, 1926, 0, 0, 0
115001, 1921, 0, 0, 0
116000, 1888, 0, 0, 0
117000, 1909, 0, 0, 0
118000, 1917, 0, 0, 0
119000, 1909, 0, 0, 0
120001, 1913, 0, 0, 0
121000, 1934, 0, 0, 0
122000, 1914, 0, 0, 0
123000, 1909, 0, 0, 0
124000, 1912, 0, 0, 0
125000, 1898, 0, 0, 0
126000, 1923, 0, 0, 0
127000, 1918, 0, 0, 0
128000, 1910, 0, 0, 0
129001, 1918, 0, 0, 0
130000, 1912, 0, 0, 0
131000, 1917, 0, 0, 0
132000, 1907, 0, 0, 0
133001, 1902, 0, 0, 0
134000, 1918, 0, 0, 0
135000, 1914, 0, 0, 0
136000, 1912, 0, 0, 0
137000, 1905, 0, 0, 0
138001, 1918, 0, 0, 0
139001, 1916, 0, 0, 0
140000, 1910, 0, 0, 0
141000, 1906, 0, 0, 0
142001, 1918, 0, 0, 0
143000, 1913, 0, 0, 0
144000, 1912, 0, 0, 0
145000, 1910, 0, 0, 0
146001, 1915, 0, 0, 0
147000, 1932, 0, 0, 0
148000, 1890, 0, 0, 0
149001, 1906, 0, 0, 0
150001, 1925, 0, 0, 0
151000, 1902, 0, 0, 0
152000, 1905, 0, 0, 0
153000, 1915, 0, 0, 0
154000, 1925, 0, 0, 0
155000, 1929, 0, 0, 0
156000, 1916, 0, 0, 0
157001, 1913, 0, 0, 0
158000, 1907, 0, 0, 0
159000, 1900, 0, 0, 0
160000, 1921, 0, 0, 0
161001, 1912, 0, 0, 0
162000, 1899, 0, 0, 0
163000, 1915, 0, 0, 0
164000, 1923, 0, 0, 0
165000, 1911, 0, 0, 0
166000, 1917, 0, 0, 0
167000, 1913, 0, 0, 0
168000, 1907, 0, 0, 0
169000, 1905, 0, 0, 0
170000, 1913, 0, 0, 0
171000, 1930, 0, 0, 0
172001, 1913, 0, 0, 0
173000, 1911, 0, 0, 0
174001, 1902, 0, 0, 0
175001, 1929, 0, 0, 0
176000, 1909, 0, 0, 0
177000, 1911, 0, 0, 0
178001, 1927, 0, 0, 0
179000, 1917, 0, 0, 0
180000, 1912, 0, 0, 0
