1000, 15074710, 1, 0, 0
2000, 16296090, 1, 0, 0
3000, 16873402, 1, 0, 0
4000, 17210779, 1, 0, 0
5001, 16001952, 1, 0, 0
6000, 16261607, 1, 0, 0
7000, 16424612, 1, 0, 0
8001, 16503454, 1, 0, 0
9000, 16526498, 1, 0, 0
10000, 16898341, 1, 0, 0
11001, 16209376, 1, 0, 0
12000, 16669992, 1, 0, 0
13000, 16957748, 1, 0, 0
14002, 17336902, 1, 0, 0
15000, 16461139, 1, 0, 0
16000, 16561779, 1, 0, 0
17029, 17275280, 1, 0, 0
18001, 16626760, 1, 0, 0
19000, 17012602, 1, 0, 0
20000, 16302655, 1, 0, 0
21000, 16742536, 1, 0, 0
22001, 16788845, 1, 0, 0
23000, 16649106, 1, 0, 0
24000, 16761936, 1, 0, 0
25001, 16623378, 1, 0, 0
26000, 17219206, 1, 0, 0
27001, 17028008, 1, 0, 0
28004, 16347320, 1, 0, 0
29000, 17150472, 1, 0, 0
30001, 16225613, 1, 0, 0
31027, 16512738, 1, 0, 0
32038, 16656624, 1, 0, 0
33001, 17161617, 1, 0, 0
34000, 16681882, 1, 0, 0
35002, 16783293, 1, 0, 0
36025, 16691128, 1, 0, 0
37026, 16933505, 1, 0, 0
38000, 17160587, 1, 0, 0
39000, 17030750, 1, 0, 0
40000, 16912775, 1, 0, 0
41001, 16796342, 1, 0, 0
42026, 16423357, 1, 0, 0
43000, 16572952, 1, 0, 0
44000, 16757761, 1, 0, 0
45000, 16747896, 1, 0, 0
46000, 16377669, 1, 0, 0
47000, 17146136, 1, 0, 0
48001, 15973698, 1, 0, 0
49000, 16858010, 1, 0, 0
50000, 16157238, 1, 0, 0
51000, 16611252, 1, 0, 0
52000, 17479092, 1, 0, 0
53001, 16497199, 1, 0, 0
54000, 16615793, 1, 0, 0
55001, 17243473, 1, 0, 0
56001, 16407436, 1, 0, 0
57041, 16626926, 1, 0, 0
58000, 16550407, 1, 0, 0
59001, 16289242, 1, 0, 0
60000, 16724392, 1, 0, 0
61000, 17127692, 1, 0, 0
62002, 16502757, 1, 0, 0
63024, 17061913, 1, 0, 0
64001, 16077204, 1, 0, 0
65000, 16658032, 1, 0, 0
66001, 16631325, 1, 0, 0
67000, 17170022, 1, 0, 0
68000, 16651837, 1, 0, 0
69001, 16345810, 1, 0, 0
70001, 16842986, 1, 0, 0
71023, 16328964, 1, 0, 0
72000, 16920326, 1, 0, 0
73000, 16235173, 1, 0, 0
74002, 16594474, 1, 0, 0
75000, 16329518, 1, 0, 0
76000, 17020945, 1, 0, 0
77000, 16200485, 1, 0, 0
78026, 16633087, 1, 0, 0
79001, 16976680, 1, 0, 0
80000, 16415315, 1, 0, 0
81000, 16838678, 1, 0, 0
82001, 17186429, 1, 0, 0
83038, 16647659, 1, 0, 0
84001, 16901814, 1, 0, 0
85000, 16121703, 1, 0, 0
86001, 17087465, 1, 0, 0
87004, 16390324, 1, 0, 0
88000, 16697621, 1, 0, 0
89000, 16771335, 1, 0, 0
90002, 16778388, 1, 0, 0
91024, 16463344, 1, 0, 0
92001, 16818452, 1, 0, 0
93001, 16959354, 1, 0, 0
94001, 16634074, 1, 0, 0
95002, 16908885, 1, 0, 0
96001, 17086139, 1, 0, 0
97028, 16515708, 1, 0, 0
98032, 16308858, 1, 0, 0
99000, 16474294, 1, 0, 0
100000, 16821851, 1, 0, 0
101000, 17424264, 1, 0, 0
102031, 16246547, 1, 0, 0
103001, 16687808, 1, 0, 0
104000, 17074187, 1, 0, 0
105003, 16804443, 1, 0, 0
106000, 16781162, 1, 0, 0
107000, 17108584, 1, 0, 0
108000, 16558325, 1, 0, 0
109036, 16839014, 1, 0, 0
110000, 16532771, 1, 0, 0
111002, 16462636, 1, 0, 0
112000, 16936149, 1, 0, 0
113027, 16573721, 1, 0, 0
114001, 16904615, 1, 0, 0
115000, 16470423, 1, 0, 0
116001, 16491645, 1, 0, 0
117001, 16822891, 1, 0, 0
118000, 16895647, 1, 0, 0
119000, 16182556, 1, 0, 0
120000, 16772785, 1, 0, 0
121001, 16383221, 1, 0, 0
122001, 17080902, 1, 0, 0
123001, 16979644, 1, 0, 0
124000, 16560407, 1, 0, 0
125003, 16642343, 1, 0, 0
126000, 16962229, 1, 0, 0
127000, 16881985, 1, 0, 0
128000, 16467943, 1, 0, 0
129002, 16971352, 1, 0, 0
130000, 16707459, 1, 0, 0
131000, 16838483, 1, 0, 0
132001, 16698647, 1, 0, 0
133000, 16562067, 1, 0, 0
134000, 17644220, 1, 0, 0
135001, 16742455, 1, 0, 0
136000, 16665238, 1, 0, 0
137000, 16899573, 1, 0, 0
138025, 16547131, 1, 0, 0
139000, 17132471, 1, 0, 0
140000, 16854092, 1, 0, 0
141000, 16785737, 1, 0, 0
142000, 16856046, 1, 0, 0
143000, 16914940, 1, 0, 0
144001, 16777849, 1, 0, 0
145000, 16387641, 1, 0, 0
146003, 16155461, 1, 0, 0
147034, 16726093, 1, 0, 0
148000, 17693131, 1, 0, 0
149001, 16205857, 1, 0, 0
150001, 17053044, 1, 0, 0
151026, 16547863, 1, 0, 0
152000, 16859171, 1, 0, 0
153027, 16411580, 1, 0, 0
154038, 16693459, 1, 0, 0
155000, 16849431, 1, 0, 0
156000, 16696032, 1, 0, 0
157000, 16669419, 1, 0, 0
158000, 17048093, 1, 0, 0
159000, 16441384, 1, 0, 0
160000, 16849581, 1, 0, 0
161000, 16772987, 1, 0, 0
162000, 16796981, 1, 0, 0
163001, 16820404, 1, 0, 0
164002, 16764534, 1, 0, 0
165000, 16705302, 1, 0, 0
166038, 16655516, 1, 0, 0
167000, 16858709, 1, 0, 0
168000, 16472747, 1, 0, 0
169025, 16415275, 1, 0, 0
170000, 17315730, 1, 0, 0
171002, 16438931, 1, 0, 0
172002, 16315605, 1, 0, 0
173000, 16836757, 1, 0, 0
174026, 16226212, 1, 0, 0
175000, 16275070, 1, 0, 0
176024, 16582026, 1, 0, 0
177034, 17082832, 1, 0, 0
178025, 16684374, 1, 0, 0
179037, 16279759, 1, 0, 0
180000, 17016886, 1, 0, 0
180029, 33780161, 1, 0, 0
