1002, 532, 0, 0, 0
2002, 473, 0, 0, 0
3003, 488, 0, 0, 0
4004, 471, 0, 0, 0
5004, 478, 0, 0, 0
6005, 473, 0, 0, 0
7006, 471, 0, 0, 0
8007, 479, 0, 0, 0
9007, 485, 0, 0, 0
10008, 478, 0, 0, 0
11009, 485, 0, 0, 0
12010, 462, 0, 0, 0
13010, 480, 0, 0, 0
14011, 494, 0, 0, 0
15012, 463, 0, 0, 0
16013, 478, 0, 0, 0
17013, 479, 0, 0, 0
18014, 481, 0, 0, 0
19015, 474, 0, 0, 0
20015, 475, 0, 0, 0
21016, 472, 0, 0, 0
22017, 482, 0, 0, 0
23018, 460, 0, 0, 0
24018, 477, 0, 0, 0
25019, 474, 0, 0, 0
26020, 480, 0, 0, 0
27020, 456, 0, 0, 0
28021, 475, 0, 0, 0
29022, 478, 0, 0, 0
30023, 474, 0, 0, 0
31024, 491, 0, 0, 0
32024, 480, 0, 0, 0
33025, 480, 0, 0, 0
34026, 479, 0, 0, 0
35026, 484, 0, 0, 0
36027, 482, 0, 0, 0
37028, 472, 0, 0, 0
38028, 484, 0, 0, 0
39029, 469, 0, 0, 0
40030, 481, 0, 0, 0
41031, 479, 0, 0, 0
42031, 486, 0, 0, 0
43032, 464, 0, 0, 0
44033, 480, 0, 0, 0
45033, 484, 0, 0, 0
46034, 477, 0, 0, 0
47035, 470, 0, 0, 0
48036, 475, 0, 0, 0
49036, 475, 0, 0, 0
50037, 477, 0, 0, 0
51038, 474, 0, 0, 0
52039, 479, 0, 0, 0
53040, 495, 0, 0, 0
54040, 483, 0, 0, 0
55041, 475, 0, 0, 0
56042, 480, 0, 0, 0
57043, 479, 0, 0, 0
58044, 490, 0, 0, 0
59045, 475, 0, 0, 0
60045, 469, 0, 0, 0
61046, 477, 0, 0, 0
62047, 491, 0, 0, 0
63048, 482, 0, 0, 0
64049, 487, 0, 0, 0
65049, 466, 0, 0, 0
66050, 464, 0, 0, 0
67051, 490, 0, 0, 0
68052, 476, 0, 0, 0
69052, 485, 0, 0, 0
70053, 485, 0, 0, 0
71054, 484, 0, 0, 0
72055, 471, 0, 0, 0
73055, 472, 0, 0, 0
74056, 488, 0, 0, 0
75057, 488, 0, 0, 0
76058, 466, 0, 0, 0
77058, 478, 0, 0, 0
78059, 474, 0, 0, 0
79060, 478, 0, 0, 0
80061, 486, 0, 0, 0
81061, 475, 0, 0, 0
82062, 490, 0, 0, 0
83063, 479, 0, 0, 0
84063, 488, 0, 0, 0
85063, 463, 0, 0, 0
86064, 496, 0, 0, 0
87064, 470, 0, 0, 0
88063, 485, 0, 0, 0
89064, 482, 0, 0, 0
90064, 478, 0, 0, 0
91063, 486, 0, 0, 0
92063, 497, 0, 0, 0
93064, 463, 0, 0, 0
94063, 485, 0, 0, 0
95063, 471, 0, 0, 0
96064, 483, 0, 0, 0
97064, 478, 0, 0, 0
98063, 481, 0, 0, 0
99063, 478, 0, 0, 0
100064, 463, 0, 0, 0
101063, 485, 0, 0, 0
102063, 462, 0, 0, 0
103064, 487, 0, 0, 0
104063, 470, 0, 0, 0
105063, 468, 0, 0, 0
106063, 483, 0, 0, 0
107064, 485, 0, 0, 0
108064, 467, 0, 0, 0
109063, 475, 0, 0, 0
110063, 478, 0, 0, 0
111063, 475, 0, 0, 0
112064, 481, 0, 0, 0
113063, 492, 0, 0, 0
114063, 486, 0, 0, 0
115063, 468, 0, 0, 0
116064, 487, 0, 0, 0
117063, 479, 0, 0, 0
118063, 482, 0, 0, 0
119063, 483, 0, 0, 0
120064, 494, 0, 0, 0
121063, 472, 0, 0, 0
122063, 477, 0, 0, 0
123064, 483, 0, 0, 0
124063, 478, 0, 0, 0
125063, 477, 0, 0, 0
126064, 479, 0, 0, 0
127063, 473, 0, 0, 0
128063, 482, 0, 0, 0
129063, 466, 0, 0, 0
130063, 476, 0, 0, 0
131063, 474, 0, 0, 0
132063, 475, 0, 0, 0
133064, 488, 0, 0, 0
134063, 478, 0, 0, 0
135063, 468, 0, 0, 0
136064, 467, 0, 0, 0
137063, 483, 0, 0, 0
138063, 450, 0, 0, 0
139064, 487, 0, 0, 0
140063, 479, 0, 0, 0
141063, 475, 0, 0, 0
142064, 460, 0, 0, 0
143063, 491, 0, 0, 0
144063, 474, 0, 0, 0
145064, 468, 0, 0, 0
146065, 476, 0, 0, 0
147065, 480, 0, 0, 0
148066, 467, 0, 0, 0
149067, 495, 0, 0, 0
150067, 480, 0, 0, 0
151068, 478, 0, 0, 0
152068, 479, 0, 0, 0
153069, 472, 0, 0, 0
154070, 470, 0, 0, 0
155070, 467, 0, 0, 0
156071, 484, 0, 0, 0
157072, 487, 0, 0, 0
158072, 478, 0, 0, 0
159073, 489, 0, 0, 0
160074, 455, 0, 0, 0
161074, 473, 0, 0, 0
162075, 472, 0, 0, 0
163076, 472, 0, 0, 0
164076, 483, 0, 0, 0
165077, 485, 0, 0, 0
166078, 474, 0, 0, 0
167078, 492, 0, 0, 0
168079, 481, 0, 0, 0
169080, 475, 0, 0, 0
170080, 470, 0, 0, 0
171081, 475, 0, 0, 0
172082, 472, 0, 0, 0
173083, 484, 0, 0, 0
174083, 481, 0, 0, 0
175084, 481, 0, 0, 0
176085, 481, 0, 0, 0
177085, 481, 0, 0, 0
178086, 486, 0, 0, 0
179087, 478, 0, 0, 0
