1000, 1352, 1, 0, 0
2000, 1367, 1, 0, 0
3000, 1347, 1, 0, 0
4000, 1363, 1, 0, 0
5000, 1422, 1, 0, 0
6000, 1363, 1, 0, 0
7000, 1350, 1, 0, 0
8000, 1364, 1, 0, 0
9000, 1344, 1, 0, 0
10000, 1359, 1, 0, 0
11000, 1355, 1, 0, 0
12000, 1377, 1, 0, 0
13000, 1380, 1, 0, 0
14007, 1384, 1, 0, 0
15000, 1351, 1, 0, 0
16000, 1348, 1, 0, 0
17000, 1328, 1, 0, 0
18000, 1362, 1, 0, 0
19000, 1320, 1, 0, 0
20000, 1349, 1, 0, 0
21000, 1331, 1, 0, 0
22000, 1355, 1, 0, 0
23000, 1329, 1, 0, 0
24000, 1342, 1, 0, 0
25000, 1364, 1, 0, 0
26000, 1342, 1, 0, 0
27000, 1353, 1, 0, 0
28000, 1342, 1, 0, 0
29000, 1344, 1, 0, 0
30000, 1346, 1, 0, 0
31000, 1306, 1, 0, 0
32000, 1355, 1, 0, 0
33000, 1352, 1, 0, 0
34000, 1345, 1, 0, 0
35000, 1368, 1, 0, 0
36000, 1358, 1, 0, 0
37000, 1322, 1, 0, 0
38000, 1335, 1, 0, 0
39000, 1342, 1, 0, 0
40000, 1337, 1, 0, 0
41000, 1343, 1, 0, 0
42000, 1335, 1, 0, 0
43000, 1323, 1, 0, 0
44000, 1327, 1, 0, 0
45000, 1353, 1, 0, 0
46000, 1314, 1, 0, 0
47000, 1348, 1, 0, 0
48000, 1319, 1, 0, 0
49000, 1314, 1, 0, 0
50000, 1326, 1, 0, 0
51000, 1343, 1, 0, 0
52000, 1351, 1, 0, 0
53000, 1337, 1, 0, 0
54000, 1346, 1, 0, 0
55000, 1360, 1, 0, 0
56000, 1357, 1, 0, 0
57000, 1364, 1, 0, 0
58000, 1384, 1, 0, 0
59000, 1381, 1, 0, 0
60000, 1351, 1, 0, 0
61000, 1365, 1, 0, 0
62000, 1317, 1, 0, 0
63000, 1317, 1, 0, 0
64000, 1354, 1, 0, 0
65000, 1405, 1, 0, 0
66000, 1342, 1, 0, 0
67000, 1377, 1, 0, 0
68000, 1381, 1, 0, 0
69000, 1382, 1, 0, 0
70000, 1378, 1, 0, 0
71000, 1347, 1, 0, 0
72000, 1348, 1, 0, 0
73000, 1322, 1, 0, 0
74000, 1351, 1, 0, 0
75000, 1389, 1, 0, 0
76000, 1327, 1, 0, 0
77000, 1344, 1, 0, 0
78000, 1340, 1, 0, 0
79000, 1331, 1, 0, 0
80000, 1330, 1, 0, 0
81000, 1333, 1, 0, 0
82000, 1351, 1, 0, 0
83000, 1336, 1, 0, 0
84000, 1323, 1, 0, 0
85000, 1334, 1, 0, 0
86000, 1330, 1, 0, 0
87001, 1327, 1, 0, 0
88000, 1347, 1, 0, 0
89000, 1327, 1, 0, 0
90000, 1356, 1, 0, 0
91000, 1332, 1, 0, 0
92000, 1326, 1, 0, 0
93000, 1342, 1, 0, 0
94000, 1343, 1, 0, 0
95000, 1379, 1, 0, 0
96000, 1340, 1, 0, 0
97000, 1317, 1, 0, 0
98000, 1340, 1, 0, 0
99000, 1404, 1, 0, 0
100000, 1338, 1, 0, 0
101000, 1325, 1, 0, 0
102000, 1329, 1, 0, 0
103000, 1351, 1, 0, 0
104000, 1344, 1, 0, 0
105000, 1332, 1, 0, 0
106010, 1347, 1, 0, 0
107000, 1339, 1, 0, 0
108000, 1339, 1, 0, 0
109000, 1346, 1, 0, 0
110000, 1339, 1, 0, 0
111000, 1317, 1, 0, 0
112000, 1338, 1, 0, 0
113000, 1326, 1, 0, 0
114000, 1345, 1, 0, 0
115000, 1340, 1, 0, 0
116000, 1361, 1, 0, 0
117000, 1353, 1, 0, 0
118000, 1366, 1, 0, 0
119000, 1345, 1, 0, 0
120000, 1342, 1, 0, 0
121000, 1347, 1, 0, 0
122000, 1303, 1, 0, 0
123000, 1315, 1, 0, 0
124000, 1335, 1, 0, 0
125001, 1381, 1, 0, 0
126000, 1339, 1, 0, 0
127000, 1323, 1, 0, 0
128000, 1333, 1, 0, 0
129000, 1322, 1, 0, 0
130000, 1337, 1, 0, 0
131000, 1352, 1, 0, 0
132000, 1311, 1, 0, 0
133000, 1335, 1, 0, 0
134000, 1322, 1, 0, 0
135000, 1345, 1, 0, 0
136000, 1323, 1, 0, 0
137000, 1325, 1, 0, 0
138000, 1333, 1, 0, 0
139000, 1343, 1, 0, 0
140000, 1335, 1, 0, 0
141000, 1336, 1, 0, 0
142000, 1323, 1, 0, 0
143000, 1322, 1, 0, 0
144000, 1334, 1, 0, 0
145000, 1331, 1, 0, 0
146000, 1326, 1, 0, 0
147000, 1340, 1, 0, 0
148000, 1371, 1, 0, 0
149000, 1331, 1, 0, 0
150000, 1356, 1, 0, 0
151000, 1354, 1, 0, 0
152000, 1351, 1, 0, 0
153000, 1340, 1, 0, 0
154000, 1313, 1, 0, 0
155000, 1359, 1, 0, 0
156000, 1328, 1, 0, 0
157000, 1331, 1, 0, 0
158000, 1372, 1, 0, 0
159000, 1385, 1, 0, 0
160000, 1346, 1, 0, 0
161000, 1317, 1, 0, 0
162000, 1357, 1, 0, 0
163000, 1321, 1, 0, 0
164000, 1319, 1, 0, 0
165000, 1343, 1, 0, 0
166000, 1322, 1, 0, 0
167000, 1368, 1, 0, 0
168000, 1367, 1, 0, 0
169000, 1346, 1, 0, 0
170000, 1328, 1, 0, 0
171000, 1333, 1, 0, 0
172000, 1332, 1, 0, 0
173000, 1327, 1, 0, 0
174000, 1321, 1, 0, 0
175000, 1318, 1, 0, 0
176000, 1313, 1, 0, 0
177000, 1324, 1, 0, 0
178000, 1346, 1, 0, 0
179000, 1418, 1, 0, 0
180000, 1354, 1, 0, 0
