1039, 3736652, 1, 0, 0
2024, 4195844, 1, 0, 0
3000, 4210257, 1, 0, 0
4039, 4261590, 1, 0, 0
5035, 4183271, 1, 0, 0
6000, 4213409, 1, 0, 0
7000, 4188841, 1, 0, 0
8000, 4113414, 1, 0, 0
9000, 4144567, 1, 0, 0
10000, 4250043, 1, 0, 0
11000, 4085499, 1, 0, 0
12037, 4260614, 1, 0, 0
13000, 4183352, 1, 0, 0
14000, 4163427, 1, 0, 0
15000, 4269190, 1, 0, 0
16000, 4093999, 1, 0, 0
17000, 4184884, 1, 0, 0
18000, 4143548, 1, 0, 0
19000, 4216889, 1, 0, 0
20000, 4151184, 1, 0, 0
21000, 4192963, 1, 0, 0
22000, 4236938, 1, 0, 0
23000, 4251686, 1, 0, 0
24000, 4098358, 1, 0, 0
25000, 4112066, 1, 0, 0
26000, 4242576, 1, 0, 0
27000, 4181676, 1, 0, 0
28000, 4201304, 1, 0, 0
29000, 4257887, 1, 0, 0
30000, 4122053, 1, 0, 0
31024, 4284459, 1, 0, 0
32000, 4172931, 1, 0, 0
33000, 4195935, 1, 0, 0
34001, 4162033, 1, 0, 0
35000, 4209178, 1, 0, 0
36000, 4134158, 1, 0, 0
37037, 4184771, 1, 0, 0
38000, 4438675, 1, 0, 0
39001, 4064245, 1, 0, 0
40000, 4219074, 1, 0, 0
41000, 4187799, 1, 0, 0
42025, 4107498, 1, 0, 0
43000, 4169180, 1, 0, 0
44000, 4529733, 1, 0, 0
45000, 4014956, 1, 0, 0
46000, 4184572, 1, 0, 0
47026, 4192176, 1, 0, 0
48000, 4166957, 1, 0, 0
49025, 4208154, 1, 0, 0
50000, 4185369, 1, 0, 0
51026, 4234986, 1, 0, 0
52000, 4367003, 1, 0, 0
53000, 4045466, 1, 0, 0
54038, 4205741, 1, 0, 0
55000, 4242403, 1, 0, 0
56000, 4290619, 1, 0, 0
57036, 4217529, 1, 0, 0
58000, 4378915, 1, 0, 0
59025, 4113670, 1, 0, 0
60000, 4258890, 1, 0, 0
61000, 4204486, 1, 0, 0
62000, 4258707, 1, 0, 0
63000, 4200663, 1, 0, 0
64029, 4239091, 1, 0, 0
65000, 4163928, 1, 0, 0
66000, 4131303, 1, 0, 0
67029, 4132305, 1, 0, 0
68000, 4254489, 1, 0, 0
69000, 4186619, 1, 0, 0
70000, 4267596, 1, 0, 0
71000, 4231121, 1, 0, 0
72000, 4135740, 1, 0, 0
73000, 4454283, 1, 0, 0
74000, 3919702, 1, 0, 0
75000, 4096532, 1, 0, 0
76005, 4102938, 1, 0, 0
77000, 4297041, 1, 0, 0
78000, 4195337, 1, 0, 0
79000, 4107290, 1, 0, 0
80031, 4133121, 1, 0, 0
81000, 4293724, 1, 0, 0
82026, 4220970, 1, 0, 0
83000, 4186371, 1, 0, 0
84000, 4118638, 1, 0, 0
85026, 4052931, 1, 0, 0
86027, 4107605, 1, 0, 0
87034, 4176764, 1, 0, 0
88000, 4167238, 1, 0, 0
89000, 4176647, 1, 0, 0
90000, 4045700, 1, 0, 0
91000, 4085066, 1, 0, 0
92025, 4213830, 1, 0, 0
93023, 4148981, 1, 0, 0
94000, 4295147, 1, 0, 0
95000, 4108158, 1, 0, 0
96000, 4233169, 1, 0, 0
97000, 4146038, 1, 0, 0
98038, 4278146, 1, 0, 0
99000, 4219467, 1, 0, 0
100001, 4063877, 1, 0, 0
101000, 4218876, 1, 0, 0
102000, 4280576, 1, 0, 0
103000, 4121979, 1, 0, 0
104000, 4199546, 1, 0, 0
105000, 4261628, 1, 0, 0
106000, 4258382, 1, 0, 0
107000, 4146745, 1, 0, 0
108000, 4089945, 1, 0, 0
109000, 4179730, 1, 0, 0
110000, 4290271, 1, 0, 0
111000, 4073212, 1, 0, 0
112000, 4323126, 1, 0, 0
113000, 4251229, 1, 0, 0
114000, 4113011, 1, 0, 0
115001, 4204386, 1, 0, 0
116000, 4167550, 1, 0, 0
117000, 4301594, 1, 0, 0
118023, 4192034, 1, 0, 0
119000, 4324328, 1, 0, 0
120000, 4134546, 1, 0, 0
121037, 4201436, 1, 0, 0
122000, 4254193, 1, 0, 0
123026, 4102105, 1, 0, 0
124036, 4117512, 1, 0, 0
125030, 4119729, 1, 0, 0
126031, 4246460, 1, 0, 0
127000, 4147435, 1, 0, 0
128000, 4229672, 1, 0, 0
129025, 4109714, 1, 0, 0
130036, 4184838, 1, 0, 0
131001, 4050471, 1, 0, 0
132000, 4095156, 1, 0, 0
133026, 4160112, 1, 0, 0
134000, 4325695, 1, 0, 0
135024, 4184339, 1, 0, 0
136000, 4213629, 1, 0, 0
137000, 4109116, 1, 0, 0
138000, 4382464, 1, 0, 0
139029, 4085098, 1, 0, 0
140000, 4170031, 1, 0, 0
141000, 4196705, 1, 0, 0
142028, 4081197, 1, 0, 0
143024, 4152724, 1, 0, 0
144000, 4189156, 1, 0, 0
145000, 4184978, 1, 0, 0
146000, 4097376, 1, 0, 0
147000, 4113608, 1, 0, 0
148000, 4157373, 1, 0, 0
149000, 4169379, 1, 0, 0
150000, 4244763, 1, 0, 0
151000, 4094516, 1, 0, 0
152026, 4215317, 1, 0, 0
153028, 4156548, 1, 0, 0
154001, 4219095, 1, 0, 0
155023, 4152883, 1, 0, 0
156000, 4295247, 1, 0, 0
157000, 4155525, 1, 0, 0
158000, 4299570, 1, 0, 0
159000, 4092165, 1, 0, 0
160025, 4158997, 1, 0, 0
161000, 4212307, 1, 0, 0
162025, 4140578, 1, 0, 0
163024, 4140191, 1, 0, 0
164000, 4228923, 1, 0, 0
165038, 4192405, 1, 0, 0
166000, 4291954, 1, 0, 0
167000, 4152480, 1, 0, 0
168038, 4121711, 1, 0, 0
169000, 4188079, 1, 0, 0
170000, 4290927, 1, 0, 0
171037, 4259864, 1, 0, 0
172000, 4198656, 1, 0, 0
173000, 4197505, 1, 0, 0
174000, 4192169, 1, 0, 0
175000, 4255457, 1, 0, 0
176000, 4244019, 1, 0, 0
177037, 4133297, 1, 0, 0
178000, 4218066, 1, 0, 0
179000, 4190291, 1, 0, 0
180000, 4339971, 1, 0, 0
180002, 4244396, 1, 0, 0
