1012, 7544824, 0, 0, 0
2011, 8226124, 0, 0, 0
3019, 8493176, 0, 0, 0
4012, 8321678, 0, 0, 0
5006, 8321483, 0, 0, 0
6017, 8531715, 0, 0, 0
7010, 8163777, 0, 0, 0
8005, 8310755, 0, 0, 0
9011, 8362369, 0, 0, 0
10010, 8298454, 0, 0, 0
11005, 8229257, 0, 0, 0
12005, 8520465, 0, 0, 0
13007, 8451157, 0, 0, 0
14014, 8387515, 0, 0, 0
15010, 8324059, 0, 0, 0
16007, 8327569, 0, 0, 0
17018, 8439363, 0, 0, 0
18015, 8352419, 0, 0, 0
19009, 8333183, 0, 0, 0
20019, 8485062, 0, 0, 0
21009, 8235462, 0, 0, 0
22005, 8321334, 0, 0, 0
23009, 8346267, 0, 0, 0
24006, 8142107, 0, 0, 0
25017, 8284410, 0, 0, 0
26009, 8430635, 0, 0, 0
27005, 8465259, 0, 0, 0
28010, 8380884, 0, 0, 0
29005, 8311203, 0, 0, 0
30014, 8260716, 0, 0, 0
31006, 8142351, 0, 0, 0
32018, 8410492, 0, 0, 0
33007, 8209177, 0, 0, 0
34010, 8447249, 0, 0, 0
35004, 8382551, 0, 0, 0
36012, 8257613, 0, 0, 0
37009, 8294178, 0, 0, 0
38018, 8362781, 0, 0, 0
39015, 8925384, 0, 0, 0
40008, 8367046, 0, 0, 0
41010, 8399505, 0, 0, 0
42012, 8516063, 0, 0, 0
43004, 8136864, 0, 0, 0
44007, 8331520, 0, 0, 0
45018, 8632364, 0, 0, 0
46011, 8381375, 0, 0, 0
47007, 8201092, 0, 0, 0
48007, 8318590, 0, 0, 0
49012, 8245982, 0, 0, 0
50007, 8410515, 0, 0, 0
51011, 8128371, 0, 0, 0
52006, 8290856, 0, 0, 0
53005, 8418280, 0, 0, 0
54004, 8369864, 0, 0, 0
55007, 8514391, 0, 0, 0
56005, 8285718, 0, 0, 0
57011, 8556412, 0, 0, 0
58008, 8385971, 0, 0, 0
59018, 8466326, 0, 0, 0
60013, 8511151, 0, 0, 0
61007, 8313407, 0, 0, 0
62019, 8339886, 0, 0, 0
63013, 8471467, 0, 0, 0
64007, 8327445, 0, 0, 0
65017, 8321148, 0, 0, 0
66011, 8457872, 0, 0, 0
67005, 8358689, 0, 0, 0
68008, 8257279, 0, 0, 0
69011, 8435681, 0, 0, 0
70004, 8262763, 0, 0, 0
71004, 8437726, 0, 0, 0
72006, 8213036, 0, 0, 0
73006, 8447576, 0, 0, 0
74016, 8715304, 0, 0, 0
75007, 8743767, 0, 0, 0
76005, 8376072, 0, 0, 0
77017, 8420558, 0, 0, 0
78006, 8363609, 0, 0, 0
79007, 8146960, 0, 0, 0
80012, 8485486, 0, 0, 0
81012, 8141745, 0, 0, 0
82006, 8311303, 0, 0, 0
83019, 8813931, 0, 0, 0
84010, 8343936, 0, 0, 0
85013, 8332390, 0, 0, 0
86006, 8324362, 0, 0, 0
87008, 8311052, 0, 0, 0
88005, 8504234, 0, 0, 0
89015, 8420202, 0, 0, 0
90012, 8396208, 0, 0, 0
91007, 8309276, 0, 0, 0
92017, 8342338, 0, 0, 0
93010, 8315484, 0, 0, 0
94018, 8216280, 0, 0, 0
95009, 8626711, 0, 0, 0
96005, 8344827, 0, 0, 0
97013, 8244198, 0, 0, 0
98005, 8296197, 0, 0, 0
99016, 8296657, 0, 0, 0
100010, 8421800, 0, 0, 0
101005, 8296752, 0, 0, 0
102010, 8361635, 0, 0, 0
103010, 8442094, 0, 0, 0
104005, 8340552, 0, 0, 0
105009, 8328446, 0, 0, 0
106010, 8569161, 0, 0, 0
107005, 8557247, 0, 0, 0
108016, 8548697, 0, 0, 0
109006, 8447069, 0, 0, 0
110005, 8208708, 0, 0, 0
111007, 8274205, 0, 0, 0
112019, 8290959, 0, 0, 0
113015, 8269683, 0, 0, 0
114009, 8453142, 0, 0, 0
115005, 8250842, 0, 0, 0
116009, 8425254, 0, 0, 0
117009, 8463864, 0, 0, 0
118005, 8151521, 0, 0, 0
119013, 8385816, 0, 0, 0
120010, 8460506, 0, 0, 0
121019, 8302745, 0, 0, 0
122012, 8501257, 0, 0, 0
123009, 8320192, 0, 0, 0
124017, 8340906, 0, 0, 0
125011, 8311563, 0, 0, 0
126005, 8279124, 0, 0, 0
127014, 8516804, 0, 0, 0
128009, 8164636, 0, 0, 0
129004, 8348639, 0, 0, 0
130013, 8580207, 0, 0, 0
131009, 8161130, 0, 0, 0
132018, 8448873, 0, 0, 0
133011, 8548373, 0, 0, 0
134007, 8292800, 0, 0, 0
135016, 8546694, 0, 0, 0
136009, 8303006, 0, 0, 0
137004, 8314403, 0, 0, 0
138016, 8568359, 0, 0, 0
139011, 7966271, 0, 0, 0
140004, 8317848, 0, 0, 0
141012, 8376906, 0, 0, 0
142007, 8518907, 0, 0, 0
143014, 8314742, 0, 0, 0
144013, 8406192, 0, 0, 0
145008, 8224850, 0, 0, 0
146006, 8152170, 0, 0, 0
147012, 8393506, 0, 0, 0
148007, 8411858, 0, 0, 0
149017, 8344127, 0, 0, 0
150004, 8477977, 0, 0, 0
151005, 8164795, 0, 0, 0
152013, 8457634, 0, 0, 0
153006, 8181007, 0, 0, 0
154012, 8548325, 0, 0, 0
155007, 8274789, 0, 0, 0
156005, 8278373, 0, 0, 0
157014, 8397012, 0, 0, 0
158009, 8351345, 0, 0, 0
159014, 8262262, 0, 0, 0
160012, 8415060, 0, 0, 0
161008, 8302507, 0, 0, 0
162004, 8358245, 0, 0, 0
163009, 8504440, 0, 0, 0
164007, 8356502, 0, 0, 0
165015, 8222267, 0, 0, 0
166010, 8523804, 0, 0, 0
167020, 8429385, 0, 0, 0
168014, 8562854, 0, 0, 0
169007, 8261665, 0, 0, 0
170014, 8435562, 0, 0, 0
171007, 8246415, 0, 0, 0
172012, 8357916, 0, 0, 0
173005, 8347382, 0, 0, 0
174006, 8337058, 0, 0, 0
175015, 8360319, 0, 0, 0
176008, 8382811, 0, 0, 0
177006, 8564642, 0, 0, 0
178013, 8437397, 0, 0, 0
179006, 8249187, 0, 0, 0
180010, 8311454, 0, 0, 0
180012, 44764976, 0, 0, 0
