1002, 3649664, 1, 0, 0
2000, 4170547, 1, 0, 0
3042, 4416502, 1, 0, 0
4003, 4310751, 1, 0, 0
5001, 3908621, 1, 0, 0
6000, 4051583, 1, 0, 0
7001, 4312734, 1, 0, 0
8005, 4004676, 1, 0, 0
9000, 3917906, 1, 0, 0
10003, 4475642, 1, 0, 0
11005, 4154563, 1, 0, 0
12000, 3849005, 1, 0, 0
13000, 4179316, 1, 0, 0
14000, 4079787, 1, 0, 0
15000, 4482587, 1, 0, 0
16005, 3987459, 1, 0, 0
17001, 4302322, 1, 0, 0
18004, 4223737, 1, 0, 0
19000, 4053087, 1, 0, 0
20005, 4254924, 1, 0, 0
21004, 4076437, 1, 0, 0
22000, 4132671, 1, 0, 0
23001, 4306519, 1, 0, 0
24000, 3951274, 1, 0, 0
25000, 4162756, 1, 0, 0
26000, 4122382, 1, 0, 0
27005, 4172228, 1, 0, 0
28004, 4288007, 1, 0, 0
29000, 3987897, 1, 0, 0
30034, 4073078, 1, 0, 0
31000, 4148386, 1, 0, 0
32000, 3917643, 1, 0, 0
33000, 4185106, 1, 0, 0
34002, 4156915, 1, 0, 0
35001, 4108941, 1, 0, 0
36000, 4201375, 1, 0, 0
37005, 4206387, 1, 0, 0
38000, 4107221, 1, 0, 0
39003, 4433140, 1, 0, 0
40000, 4272329, 1, 0, 0
41004, 3945748, 1, 0, 0
42001, 4249654, 1, 0, 0
43000, 4463374, 1, 0, 0
44000, 4177933, 1, 0, 0
45000, 4028994, 1, 0, 0
46000, 4270496, 1, 0, 0
47001, 4454158, 1, 0, 0
48001, 4336386, 1, 0, 0
49000, 4275751, 1, 0, 0
50000, 4200576, 1, 0, 0
51001, 4158225, 1, 0, 0
52000, 4168050, 1, 0, 0
53000, 4208882, 1, 0, 0
54000, 4220629, 1, 0, 0
55002, 3982419, 1, 0, 0
56000, 4270778, 1, 0, 0
57000, 4304588, 1, 0, 0
58000, 4093449, 1, 0, 0
59001, 4173173, 1, 0, 0
60005, 4190151, 1, 0, 0
61003, 4092082, 1, 0, 0
62004, 4283643, 1, 0, 0
63004, 4105126, 1, 0, 0
64000, 4030216, 1, 0, 0
65000, 4082280, 1, 0, 0
66000, 4032857, 1, 0, 0
67001, 4395316, 1, 0, 0
68001, 4183462, 1, 0, 0
69000, 4178448, 1, 0, 0
70002, 4472395, 1, 0, 0
71000, 4009847, 1, 0, 0
72000, 4027147, 1, 0, 0
73001, 3964664, 1, 0, 0
74005, 4071086, 1, 0, 0
75004, 4171380, 1, 0, 0
76000, 4031821, 1, 0, 0
77000, 4198375, 1, 0, 0
78000, 4008003, 1, 0, 0
79035, 4450785, 1, 0, 0
80000, 4162299, 1, 0, 0
81006, 4025909, 1, 0, 0
82001, 4201002, 1, 0, 0
83000, 4113537, 1, 0, 0
84000, 4223791, 1, 0, 0
85000, 4191608, 1, 0, 0
86000, 4174420, 1, 0, 0
87000, 4179788, 1, 0, 0
88001, 4172994, 1, 0, 0
89001, 4321532, 1, 0, 0
90001, 4037126, 1, 0, 0
91002, 4273687, 1, 0, 0
92040, 4223721, 1, 0, 0
93001, 4082001, 1, 0, 0
94000, 4093673, 1, 0, 0
95002, 4322242, 1, 0, 0
96002, 4113092, 1, 0, 0
97000, 4224672, 1, 0, 0
98000, 4280137, 1, 0, 0
99001, 4220239, 1, 0, 0
100000, 4183166, 1, 0, 0
101000, 4500490, 1, 0, 0
102000, 4019734, 1, 0, 0
103004, 4216012, 1, 0, 0
104000, 4106767, 1, 0, 0
105000, 3999771, 1, 0, 0
106000, 4112774, 1, 0, 0
107000, 4277001, 1, 0, 0
108000, 4043294, 1, 0, 0
109000, 5491686, 1, 0, 0
110001, 3780908, 1, 0, 0
111000, 4331720, 1, 0, 0
112000, 4223953, 1, 0, 0
113000, 4163988, 1, 0, 0
114000, 4021771, 1, 0, 0
115000, 4177972, 1, 0, 0
116006, 3990991, 1, 0, 0
117002, 4325730, 1, 0, 0
118002, 4199563, 1, 0, 0
119000, 4113379, 1, 0, 0
120000, 4167417, 1, 0, 0
121001, 4114004, 1, 0, 0
122000, 4152954, 1, 0, 0
123001, 4091030, 1, 0, 0
124000, 4423128, 1, 0, 0
125000, 3933063, 1, 0, 0
126000, 4202978, 1, 0, 0
127000, 4116742, 1, 0, 0
128000, 4396803, 1, 0, 0
129000, 4168122, 1, 0, 0
130000, 4196452, 1, 0, 0
131000, 4174175, 1, 0, 0
132000, 4165173, 1, 0, 0
133001, 4252841, 1, 0, 0
134001, 4432553, 1, 0, 0
135000, 4027139, 1, 0, 0
136003, 4144545, 1, 0, 0
137000, 4031380, 1, 0, 0
138000, 4290652, 1, 0, 0
139000, 4420222, 1, 0, 0
140028, 4285612, 1, 0, 0
141000, 4111477, 1, 0, 0
142000, 4166862, 1, 0, 0
143000, 4179864, 1, 0, 0
144000, 4179389, 1, 0, 0
145006, 4197060, 1, 0, 0
146028, 4099100, 1, 0, 0
147001, 4168821, 1, 0, 0
148003, 4351024, 1, 0, 0
149002, 4234338, 1, 0, 0
150000, 3948733, 1, 0, 0
151001, 4195400, 1, 0, 0
152000, 4286217, 1, 0, 0
153000, 3977636, 1, 0, 0
154000, 4388597, 1, 0, 0
155001, 4201888, 1, 0, 0
156004, 4205516, 1, 0, 0
157001, 4375258, 1, 0, 0
158000, 4084200, 1, 0, 0
159000, 4179507, 1, 0, 0
160005, 4312826, 1, 0, 0
161000, 4109337, 1, 0, 0
162001, 4229684, 1, 0, 0
163000, 4346543, 1, 0, 0
164001, 4559062, 1, 0, 0
165001, 4161545, 1, 0, 0
166000, 4211746, 1, 0, 0
167000, 4094070, 1, 0, 0
168003, 4125662, 1, 0, 0
169000, 4271857, 1, 0, 0
170002, 4251752, 1, 0, 0
171005, 4110848, 1, 0, 0
172033, 4111573, 1, 0, 0
173004, 4429632, 1, 0, 0
174000, 4240464, 1, 0, 0
175000, 4197962, 1, 0, 0
176001, 3841373, 1, 0, 0
177001, 4164628, 1, 0, 0
178031, 4165936, 1, 0, 0
179000, 4117414, 1, 0, 0
180041, 4273515, 1, 0, 0
180042, 42360098, 1, 0, 0
