1000, 2153, 0, 0, 0
2000, 2079, 0, 0, 0
3001, 2080, 0, 0, 0
4001, 2121, 0, 0, 0
5000, 2045, 0, 0, 0
6000, 2076, 0, 0, 0
7001, 2066, 0, 0, 0
8002, 2052, 0, 0, 0
9000, 2129, 0, 0, 0
10001, 2011, 0, 0, 0
11002, 2009, 0, 0, 0
12001, 2063, 0, 0, 0
13000, 2022, 0, 0, 0
14001, 2220, 0, 0, 0
15001, 2029, 0, 0, 0
16000, 2098, 0, 0, 0
17000, 2056, 0, 0, 0
18000, 2071, 0, 0, 0
19002, 2095, 0, 0, 0
20000, 2075, 0, 0, 0
21000, 2087, 0, 0, 0
22000, 2103, 0, 0, 0
23000, 2034, 0, 0, 0
24001, 2025, 0, 0, 0
25000, 2102, 0, 0, 0
26001, 1949, 0, 0, 0
27000, 1983, 0, 0, 0
28000, 2028, 0, 0, 0
29001, 2026, 0, 0, 0
30002, 2058, 0, 0, 0
31001, 2094, 0, 0, 0
32001, 1905, 0, 0, 0
33000, 1965, 0, 0, 0
34001, 2006, 0, 0, 0
35000, 2040, 0, 0, 0
36000, 1992, 0, 0, 0
37000, 2026, 0, 0, 0
38001, 2101, 0, 0, 0
39001, 2055, 0, 0, 0
40001, 2037, 0, 0, 0
41000, 2097, 0, 0, 0
42000, 2029, 0, 0, 0
43000, 2090, 0, 0, 0
44000, 1975, 0, 0, 0
45001, 2035, 0, 0, 0
46001, 1991, 0, 0, 0
47000, 2049, 0, 0, 0
48000, 2118, 0, 0, 0
49002, 2133, 0, 0, 0
50001, 2133, 0, 0, 0
51001, 2013, 0, 0, 0
52000, 2039, 0, 0, 0
53002, 2059, 0, 0, 0
54001, 2046, 0, 0, 0
55002, 2017, 0, 0, 0
56001, 2049, 0, 0, 0
57000, 2003, 0, 0, 0
58002, 2018, 0, 0, 0
59000, 1992, 0, 0, 0
60000, 2016, 0, 0, 0
61000, 2047, 0, 0, 0
62000, 2023, 0, 0, 0
63001, 2021, 0, 0, 0
64000, 2056, 0, 0, 0
65001, 2042, 0, 0, 0
66000, 1968, 0, 0, 0
67001, 2097, 0, 0, 0
68000, 2051, 0, 0, 0
69000, 2075, 0, 0, 0
70001, 2012, 0, 0, 0
71000, 1959, 0, 0, 0
72000, 2025, 0, 0, 0
73001, 1987, 0, 0, 0
74000, 1994, 0, 0, 0
75000, 2074, 0, 0, 0
76001, 2130, 0, 0, 0
77001, 1998, 0, 0, 0
78001, 2050, 0, 0, 0
79001, 2018, 0, 0, 0
80001, 2092, 0, 0, 0
81001, 2092, 0, 0, 0
82000, 2139, 0, 0, 0
83001, 2014, 0, 0, 0
84001, 2006, 0, 0, 0
85000, 2149, 0, 0, 0
86000, 2115, 0, 0, 0
87000, 1973, 0, 0, 0
88000, 1975, 0, 0, 0
89000, 2052, 0, 0, 0
90000, 2086, 0, 0, 0
91000, 2106, 0, 0, 0
92000, 2096, 0, 0, 0
93000, 2112, 0, 0, 0
94001, 2052, 0, 0, 0
95001, 2058, 0, 0, 0
96000, 2014, 0, 0, 0
97002, 2038, 0, 0, 0
98000, 2038, 0, 0, 0
99002, 2038, 0, 0, 0
100000, 2059, 0, 0, 0
101001, 2041, 0, 0, 0
102000, 2091, 0, 0, 0
103001, 2050, 0, 0, 0
104000, 2051, 0, 0, 0
105001, 2056, 0, 0, 0
106001, 2004, 0, 0, 0
107000, 2007, 0, 0, 0
108001, 2032, 0, 0, 0
109000, 2042, 0, 0, 0
110000, 2007, 0, 0, 0
111000, 2068, 0, 0, 0
112049, 2080, 0, 0, 0
113001, 2152, 0, 0, 0
114001, 2034, 0, 0, 0
115000, 2117, 0, 0, 0
116002, 2070, 0, 0, 0
117000, 2106, 0, 0, 0
118000, 2159, 0, 0, 0
119000, 2231, 0, 0, 0
120000, 2179, 0, 0, 0
121001, 2163, 0, 0, 0
122001, 2114, 0, 0, 0
123001, 2090, 0, 0, 0
124001, 2030, 0, 0, 0
125001, 2008, 0, 0, 0
126000, 1986, 0, 0, 0
127002, 1995, 0, 0, 0
128000, 1999, 0, 0, 0
129000, 2100, 0, 0, 0
130001, 2045, 0, 0, 0
131000, 1992, 0, 0, 0
132000, 1987, 0, 0, 0
133001, 2059, 0, 0, 0
134000, 1964, 0, 0, 0
135000, 1995, 0, 0, 0
136000, 1934, 0, 0, 0
137001, 1990, 0, 0, 0
138001, 1953, 0, 0, 0
139000, 1991, 0, 0, 0
140000, 2020, 0, 0, 0
141000, 1916, 0, 0, 0
142000, 2045, 0, 0, 0
143000, 2075, 0, 0, 0
144000, 2107, 0, 0, 0
145001, 2013, 0, 0, 0
146003, 2028, 0, 0, 0
147000, 2056, 0, 0, 0
148000, 1993, 0, 0, 0
149001, 2062, 0, 0, 0
150000, 2047, 0, 0, 0
151000, 1991, 0, 0, 0
152381, 2066, 0, 0, 0
153000, 2045, 0, 0, 0
154001, 2045, 0, 0, 0
155001, 2009, 0, 0, 0
156001, 2004, 0, 0, 0
157001, 2142, 0, 0, 0
158002, 2166, 0, 0, 0
159001, 2050, 0, 0, 0
160001, 2012, 0, 0, 0
161001, 2022, 0, 0, 0
162001, 2057, 0, 0, 0
163002, 1963, 0, 0, 0
164001, 2018, 0, 0, 0
165000, 2018, 0, 0, 0
166000, 2061, 0, 0, 0
167000, 2026, 0, 0, 0
168000, 1996, 0, 0, 0
169001, 1946, 0, 0, 0
170001, 2025, 0, 0, 0
171000, 1972, 0, 0, 0
172001, 2046, 0, 0, 0
173000, 2063, 0, 0, 0
174000, 2070, 0, 0, 0
175001, 2048, 0, 0, 0
176000, 2011, 0, 0, 0
177001, 2050, 0, 0, 0
178001, 2010, 0, 0, 0
179002, 2010, 0, 0, 0
180002, 2018, 0, 0, 0
