1001, 16391, 1, 0, 0
2000, 15315, 1, 0, 0
3001, 15248, 1, 0, 0
4000, 15379, 1, 0, 0
5000, 15159, 1, 0, 0
6000, 15124, 1, 0, 0
7000, 15443, 1, 0, 0
8000, 15240, 1, 0, 0
9000, 15419, 1, 0, 0
10000, 15404, 1, 0, 0
11000, 15568, 1, 0, 0
12000, 15184, 1, 0, 0
13000, 15488, 1, 0, 0
14000, 14982, 1, 0, 0
15000, 15567, 1, 0, 0
16000, 15424, 1, 0, 0
17000, 15307, 1, 0, 0
18000, 15311, 1, 0, 0
19000, 15291, 1, 0, 0
20000, 14928, 1, 0, 0
21000, 15379, 1, 0, 0
22000, 15300, 1, 0, 0
23000, 15263, 1, 0, 0
24000, 15392, 1, 0, 0
25000, 15115, 1, 0, 0
26001, 15156, 1, 0, 0
27001, 15372, 1, 0, 0
28001, 15280, 1, 0, 0
29000, 15523, 1, 0, 0
30000, 15563, 1, 0, 0
31000, 15455, 1, 0, 0
32001, 15432, 1, 0, 0
33000, 15595, 1, 0, 0
34000, 15539, 1, 0, 0
35000, 15779, 1, 0, 0
36000, 15328, 1, 0, 0
37000, 15263, 1, 0, 0
38000, 15092, 1, 0, 0
39000, 15795, 1, 0, 0
40000, 15408, 1, 0, 0
41001, 15084, 1, 0, 0
42000, 15587, 1, 0, 0
43000, 15439, 1, 0, 0
44000, 15403, 1, 0, 0
45000, 15271, 1, 0, 0
46000, 15348, 1, 0, 0
47000, 15239, 1, 0, 0
48000, 15352, 1, 0, 0
49000, 15124, 1, 0, 0
50000, 15244, 1, 0, 0
51000, 15360, 1, 0, 0
52000, 15072, 1, 0, 0
53001, 15124, 1, 0, 0
54000, 15571, 1, 0, 0
55000, 15047, 1, 0, 0
56001, 15108, 1, 0, 0
57000, 15479, 1, 0, 0
58000, 15031, 1, 0, 0
59000, 15283, 1, 0, 0
60000, 15475, 1, 0, 0
61000, 15096, 1, 0, 0
62000, 15023, 1, 0, 0
63001, 14980, 1, 0, 0
64000, 15519, 1, 0, 0
65000, 15268, 1, 0, 0
66000, 15356, 1, 0, 0
67000, 15264, 1, 0, 0
68000, 15340, 1, 0, 0
69001, 15020, 1, 0, 0
70000, 15291, 1, 0, 0
71000, 15104, 1, 0, 0
72000, 15456, 1, 0, 0
73001, 15076, 1, 0, 0
74000, 15831, 1, 0, 0
75001, 15272, 1, 0, 0
76001, 15283, 1, 0, 0
77000, 15083, 1, 0, 0
78000, 15211, 1, 0, 0
79000, 15199, 1, 0, 0
80000, 15223, 1, 0, 0
81000, 15332, 1, 0, 0
82000, 15587, 1, 0, 0
83000, 15220, 1, 0, 0
84000, 15299, 1, 0, 0
85000, 15135, 1, 0, 0
86000, 15408, 1, 0, 0
87001, 15384, 1, 0, 0
88000, 15119, 1, 0, 0
89000, 15375, 1, 0, 0
90000, 15391, 1, 0, 0
91000, 15036, 1, 0, 0
92001, 15268, 1, 0, 0
93000, 15171, 1, 0, 0
94000, 15160, 1, 0, 0
95000, 15251, 1, 0, 0
96000, 15439, 1, 0, 0
97000, 15336, 1, 0, 0
98000, 15452, 1, 0, 0
99001, 14924, 1, 0, 0
100001, 15384, 1, 0, 0
101000, 15543, 1, 0, 0
102000, 15200, 1, 0, 0
103000, 15236, 1, 0, 0
104000, 15360, 1, 0, 0
105000, 15443, 1, 0, 0
106000, 14990, 1, 0, 0
107000, 15320, 1, 0, 0
108000, 15295, 1, 0, 0
109000, 15171, 1, 0, 0
110000, 15311, 1, 0, 0
111000, 15348, 1, 0, 0
112000, 15523, 1, 0, 0
113000, 15427, 1, 0, 0
114000, 15224, 1, 0, 0
115000, 15251, 1, 0, 0
116000, 15391, 1, 0, 0
117000, 15519, 1, 0, 0
118000, 14972, 1, 0, 0
119000, 15311, 1, 0, 0
120000, 15371, 1, 0, 0
121000, 15439, 1, 0, 0
122000, 15404, 1, 0, 0
123000, 15071, 1, 0, 0
124000, 15391, 1, 0, 0
125000, 15364, 1, 0, 0
126000, 15336, 1, 0, 0
127000, 15379, 1, 0, 0
128000, 15136, 1, 0, 0
129000, 15004, 1, 0, 0
130000, 15359, 1, 0, 0
131000, 15479, 1, 0, 0
132000, 15407, 1, 0, 0
133000, 15299, 1, 0, 0
134000, 15520, 1, 0, 0
135000, 15359, 1, 0, 0
136000, 15247, 1, 0, 0
137000, 15140, 1, 0, 0
138000, 15427, 1, 0, 0
139000, 15395, 1, 0, 0
140000, 15412, 1, 0, 0
141000, 15203, 1, 0, 0
142000, 15100, 1, 0, 0
143000, 15531, 1, 0, 0
144000, 15223, 1, 0, 0
145000, 15500, 1, 0, 0
146000, 15215, 1, 0, 0
147000, 15344, 1, 0, 0
148000, 15607, 1, 0, 0
149000, 15240, 1, 0, 0
150000, 15363, 1, 0, 0
151000, 15220, 1, 0, 0
152000, 15240, 1, 0, 0
153000, 15612, 1, 0, 0
154000, 15440, 1, 0, 0
155000, 15356, 1, 0, 0
156000, 15323, 1, 0, 0
157000, 15420, 1, 0, 0
158000, 15247, 1, 0, 0
159000, 15280, 1, 0, 0
160000, 15443, 1, 0, 0
161000, 15351, 1, 0, 0
162000, 15387, 1, 0, 0
163000, 15124, 1, 0, 0
164000, 15275, 1, 0, 0
165000, 15291, 1, 0, 0
166000, 15295, 1, 0, 0
167000, 15324, 1, 0, 0
168001, 15328, 1, 0, 0
169000, 15155, 1, 0, 0
170000, 15243, 1, 0, 0
171000, 15316, 1, 0, 0
172000, 15207, 1, 0, 0
173001, 15252, 1, 0, 0
174000, 15203, 1, 0, 0
175000, 15352, 1, 0, 0
176000, 15516, 1, 0, 0
177001, 15508, 1, 0, 0
178000, 15535, 1, 0, 0
179000, 15267, 1, 0, 0
180000, 15375, 1, 0, 0
