1001, 2007, 0, 0, 0
2000, 1979, 0, 0, 0
3000, 2052, 0, 0, 0
4000, 2029, 0, 0, 0
5000, 2024, 0, 0, 0
6000, 1967, 0, 0, 0
7000, 2001, 0, 0, 0
8000, 2007, 0, 0, 0
9000, 2095, 0, 0, 0
10037, 2029, 0, 0, 0
11000, 2107, 0, 0, 0
12000, 1948, 0, 0, 0
13000, 1990, 0, 0, 0
14000, 2038, 0, 0, 0
15041, 1908, 0, 0, 0
16000, 1915, 0, 0, 0
17035, 1892, 0, 0, 0
18001, 1956, 0, 0, 0
19000, 1951, 0, 0, 0
20000, 1934, 0, 0, 0
21000, 1930, 0, 0, 0
22037, 1890, 0, 0, 0
23000, 1916, 0, 0, 0
24000, 2011, 0, 0, 0
25000, 1917, 0, 0, 0
26000, 1967, 0, 0, 0
27000, 1949, 0, 0, 0
28000, 1934, 0, 0, 0
29048, 1886, 0, 0, 0
30000, 1970, 0, 0, 0
31037, 1949, 0, 0, 0
32000, 1885, 0, 0, 0
33000, 1859, 0, 0, 0
34000, 2051, 0, 0, 0
35000, 1902, 0, 0, 0
36000, 1995, 0, 0, 0
37000, 1917, 0, 0, 0
38000, 1950, 0, 0, 0
39047, 1883, 0, 0, 0
40000, 1943, 0, 0, 0
41000, 1929, 0, 0, 0
42042, 1883, 0, 0, 0
43036, 1999, 0, 0, 0
44000, 1860, 0, 0, 0
45000, 2005, 0, 0, 0
46000, 1933, 0, 0, 0
47000, 1921, 0, 0, 0
48036, 1899, 0, 0, 0
49000, 1984, 0, 0, 0
50000, 1980, 0, 0, 0
51000, 1872, 0, 0, 0
52040, 1890, 0, 0, 0
53000, 1896, 0, 0, 0
54000, 1909, 0, 0, 0
55000, 1928, 0, 0, 0
56000, 1843, 0, 0, 0
57000, 2005, 0, 0, 0
58000, 1876, 0, 0, 0
59000, 1825, 0, 0, 0
60000, 1977, 0, 0, 0
61041, 1921, 0, 0, 0
62000, 1860, 0, 0, 0
63047, 1905, 0, 0, 0
64000, 1884, 0, 0, 0
65000, 1996, 0, 0, 0
66000, 1922, 0, 0, 0
67000, 1930, 0, 0, 0
68033, 1934, 0, 0, 0
69047, 1942, 0, 0, 0
70000, 1928, 0, 0, 0
71038, 1859, 0, 0, 0
72048, 1900, 0, 0, 0
73034, 1863, 0, 0, 0
74000, 1860, 0, 0, 0
75000, 1870, 0, 0, 0
76047, 1917, 0, 0, 0
77000, 1921, 0, 0, 0
78000, 1914, 0, 0, 0
79000, 1850, 0, 0, 0
80034, 1904, 0, 0, 0
81000, 1897, 0, 0, 0
82035, 1861, 0, 0, 0
83000, 1868, 0, 0, 0
84036, 1810, 0, 0, 0
85039, 1845, 0, 0, 0
86000, 2020, 0, 0, 0
87037, 1909, 0, 0, 0
88050, 1824, 0, 0, 0
89000, 1874, 0, 0, 0
90000, 1904, 0, 0, 0
91000, 1856, 0, 0, 0
92000, 1865, 0, 0, 0
93000, 1985, 0, 0, 0
94033, 1881, 0, 0, 0
95000, 1876, 0, 0, 0
96000, 1825, 0, 0, 0
97047, 1865, 0, 0, 0
98000, 1908, 0, 0, 0
99000, 1830, 0, 0, 0
100035, 1928, 0, 0, 0
101000, 1913, 0, 0, 0
102000, 1868, 0, 0, 0
103034, 1789, 0, 0, 0
104000, 1818, 0, 0, 0
105000, 1867, 0, 0, 0
106000, 1863, 0, 0, 0
107000, 1891, 0, 0, 0
108000, 1821, 0, 0, 0
109046, 1827, 0, 0, 0
110041, 1762, 0, 0, 0
111000, 1859, 0, 0, 0
112000, 1749, 0, 0, 0
113000, 1890, 0, 0, 0
114048, 1783, 0, 0, 0
115000, 1745, 0, 0, 0
116000, 1890, 0, 0, 0
117047, 1935, 0, 0, 0
118000, 1850, 0, 0, 0
119000, 1849, 0, 0, 0
120000, 1805, 0, 0, 0
121036, 1794, 0, 0, 0
122000, 1749, 0, 0, 0
123000, 1890, 0, 0, 0
124000, 1800, 0, 0, 0
125048, 1853, 0, 0, 0
126000, 1880, 0, 0, 0
127000, 1796, 0, 0, 0
128000, 1838, 0, 0, 0
129036, 1792, 0, 0, 0
130000, 1870, 0, 0, 0
131000, 1877, 0, 0, 0
132047, 1823, 0, 0, 0
133000, 1861, 0, 0, 0
134033, 1843, 0, 0, 0
135000, 1824, 0, 0, 0
136000, 1839, 0, 0, 0
137000, 1804, 0, 0, 0
138000, 1846, 0, 0, 0
139041, 1832, 0, 0, 0
140000, 1858, 0, 0, 0
141000, 1809, 0, 0, 0
142000, 1835, 0, 0, 0
143039, 1785, 0, 0, 0
144000, 1789, 0, 0, 0
145000, 1791, 0, 0, 0
146000, 1764, 0, 0, 0
147000, 1884, 0, 0, 0
148000, 1788, 0, 0, 0
149041, 1836, 0, 0, 0
150036, 1742, 0, 0, 0
151000, 1762, 0, 0, 0
152047, 1684, 0, 0, 0
153000, 1835, 0, 0, 0
154000, 1753, 0, 0, 0
155047, 1808, 0, 0, 0
156000, 1829, 0, 0, 0
157000, 1852, 0, 0, 0
158000, 1885, 0, 0, 0
159000, 1800, 0, 0, 0
160033, 1791, 0, 0, 0
161000, 1776, 0, 0, 0
162039, 1828, 0, 0, 0
163033, 1745, 0, 0, 0
164000, 1758, 0, 0, 0
165000, 1749, 0, 0, 0
166000, 1716, 0, 0, 0
167000, 1719, 0, 0, 0
168000, 1829, 0, 0, 0
169000, 1837, 0, 0, 0
170046, 1979, 0, 0, 0
171000, 1902, 0, 0, 0
172000, 1942, 0, 0, 0
173000, 1913, 0, 0, 0
174000, 1959, 0, 0, 0
175046, 1903, 0, 0, 0
176000, 1948, 0, 0, 0
177000, 1947, 0, 0, 0
178000, 1967, 0, 0, 0
179000, 1903, 0, 0, 0
180036, 1976, 0, 0, 0
