1018, 3668338, 0, 0, 0
2018, 4174264, 0, 0, 0
3021, 4205875, 0, 0, 0
4017, 4179396, 0, 0, 0
5000, 4217954, 0, 0, 0
6022, 4200614, 0, 0, 0
7019, 4131878, 0, 0, 0
8029, 4137647, 0, 0, 0
9000, 4144602, 0, 0, 0
10016, 4057451, 0, 0, 0
11018, 4226437, 0, 0, 0
12000, 4201813, 0, 0, 0
13018, 4186329, 0, 0, 0
14023, 4167574, 0, 0, 0
15023, 4241251, 0, 0, 0
16018, 4202863, 0, 0, 0
17000, 4286215, 0, 0, 0
18021, 4143763, 0, 0, 0
19016, 4190942, 0, 0, 0
20000, 4200110, 0, 0, 0
21000, 4074253, 0, 0, 0
22000, 3957550, 0, 0, 0
23025, 4217752, 0, 0, 0
24018, 4202474, 0, 0, 0
25015, 4223327, 0, 0, 0
26000, 4277881, 0, 0, 0
27017, 4132795, 0, 0, 0
28021, 4190413, 0, 0, 0
29021, 4260971, 0, 0, 0
30018, 4182613, 0, 0, 0
31001, 4233350, 0, 0, 0
32018, 4283940, 0, 0, 0
33026, 4177136, 0, 0, 0
34021, 4210043, 0, 0, 0
35014, 4179889, 0, 0, 0
36025, 4104698, 0, 0, 0
37016, 4154136, 0, 0, 0
38015, 4161334, 0, 0, 0
39024, 4264289, 0, 0, 0
40019, 4147237, 0, 0, 0
41018, 4155692, 0, 0, 0
42027, 4185952, 0, 0, 0
43021, 4168372, 0, 0, 0
44019, 4226795, 0, 0, 0
45000, 4207447, 0, 0, 0
46016, 4050086, 0, 0, 0
47001, 4215949, 0, 0, 0
48019, 4157315, 0, 0, 0
49029, 4237370, 0, 0, 0
50000, 4307106, 0, 0, 0
51018, 4229010, 0, 0, 0
52015, 4192654, 0, 0, 0
53000, 4280900, 0, 0, 0
54021, 4182238, 0, 0, 0
55016, 4112519, 0, 0, 0
56029, 4161514, 0, 0, 0
57000, 4142659, 0, 0, 0
58016, 4240741, 0, 0, 0
59017, 4142403, 0, 0, 0
60017, 4114925, 0, 0, 0
61023, 4151225, 0, 0, 0
62001, 4103339, 0, 0, 0
63015, 4220597, 0, 0, 0
64015, 4249112, 0, 0, 0
65020, 4197376, 0, 0, 0
66017, 4207358, 0, 0, 0
67000, 4211860, 0, 0, 0
68021, 4240138, 0, 0, 0
69015, 4203700, 0, 0, 0
70000, 4266173, 0, 0, 0
71023, 4111604, 0, 0, 0
72030, 4076536, 0, 0, 0
73020, 4214043, 0, 0, 0
74019, 4254697, 0, 0, 0
75018, 4142295, 0, 0, 0
76021, 4213025, 0, 0, 0
77015, 4223276, 0, 0, 0
78000, 4279133, 0, 0, 0
79020, 4146248, 0, 0, 0
80016, 4203213, 0, 0, 0
81028, 4177292, 0, 0, 0
82022, 4183151, 0, 0, 0
83015, 4209596, 0, 0, 0
84019, 4277116, 0, 0, 0
85018, 4136322, 0, 0, 0
86015, 4172040, 0, 0, 0
87018, 4278006, 0, 0, 0
88029, 4253604, 0, 0, 0
89023, 4179971, 0, 0, 0
90016, 4142966, 0, 0, 0
91019, 4104544, 0, 0, 0
92021, 4163044, 0, 0, 0
93016, 4119319, 0, 0, 0
94019, 4215601, 0, 0, 0
95015, 4101749, 0, 0, 0
96018, 4270937, 0, 0, 0
97020, 4170678, 0, 0, 0
98019, 4199158, 0, 0, 0
99029, 4149467, 0, 0, 0
100020, 4281757, 0, 0, 0
101018, 4209033, 0, 0, 0
102001, 4227336, 0, 0, 0
103020, 4200344, 0, 0, 0
104015, 4168890, 0, 0, 0
105024, 4133885, 0, 0, 0
106000, 4118833, 0, 0, 0
107016, 4248559, 0, 0, 0
108026, 4249804, 0, 0, 0
109017, 4127166, 0, 0, 0
110016, 4170744, 0, 0, 0
111015, 4135285, 0, 0, 0
112000, 4142659, 0, 0, 0
113019, 4185523, 0, 0, 0
114000, 4272559, 0, 0, 0
115018, 4141565, 0, 0, 0
116015, 4125134, 0, 0, 0
117022, 4186649, 0, 0, 0
118015, 4176120, 0, 0, 0
119018, 4280970, 0, 0, 0
120018, 4229655, 0, 0, 0
121017, 4154478, 0, 0, 0
122020, 4148999, 0, 0, 0
123020, 4222970, 0, 0, 0
124016, 4116340, 0, 0, 0
125028, 4237627, 0, 0, 0
126000, 4282104, 0, 0, 0
127019, 4191873, 0, 0, 0
128014, 4118595, 0, 0, 0
129021, 4242442, 0, 0, 0
130017, 4121122, 0, 0, 0
131029, 4261202, 0, 0, 0
132000, 4309039, 0, 0, 0
133020, 4235589, 0, 0, 0
134021, 4049572, 0, 0, 0
135000, 4177749, 0, 0, 0
136018, 4245061, 0, 0, 0
137000, 4306458, 0, 0, 0
138016, 4123876, 0, 0, 0
139020, 4229019, 0, 0, 0
140023, 4152562, 0, 0, 0
141016, 4170496, 0, 0, 0
142029, 4177663, 0, 0, 0
143022, 4224918, 0, 0, 0
144014, 4141744, 0, 0, 0
145001, 4138767, 0, 0, 0
146021, 4230746, 0, 0, 0
147019, 4134254, 0, 0, 0
148028, 4131638, 0, 0, 0
149017, 4221366, 0, 0, 0
150017, 4190260, 0, 0, 0
151000, 4211111, 0, 0, 0
152019, 4173940, 0, 0, 0
153015, 4227250, 0, 0, 0
154025, 4289853, 0, 0, 0
155019, 4150333, 0, 0, 0
156015, 4095138, 0, 0, 0
157027, 4283910, 0, 0, 0
158017, 4105501, 0, 0, 0
159018, 4194899, 0, 0, 0
160023, 4229586, 0, 0, 0
161016, 4201116, 0, 0, 0
162016, 4188708, 0, 0, 0
163021, 4165404, 0, 0, 0
164023, 4173182, 0, 0, 0
165016, 4063192, 0, 0, 0
166028, 4144445, 0, 0, 0
167018, 4191224, 0, 0, 0
168018, 4082449, 0, 0, 0
169015, 4158603, 0, 0, 0
170016, 4116571, 0, 0, 0
171018, 4174615, 0, 0, 0
172017, 4234976, 0, 0, 0
173014, 4116356, 0, 0, 0
174000, 4165790, 0, 0, 0
175018, 4176603, 0, 0, 0
176000, 4220169, 0, 0, 0
177018, 4100444, 0, 0, 0
178018, 4199560, 0, 0, 0
179027, 4224743, 0, 0, 0
180014, 4184545, 0, 0, 0
180015, 18150638, 0, 0, 0
