1000, 1754, 0, 0, 0
2000, 1731, 0, 0, 0
3000, 1775, 0, 0, 0
4000, 1737, 0, 0, 0
5001, 1799, 0, 0, 0
6000, 1752, 0, 0, 0
7000, 1756, 0, 0, 0
8000, 1725, 0, 0, 0
9000, 1753, 0, 0, 0
10000, 1748, 0, 0, 0
11000, 1782, 0, 0, 0
12000, 1764, 0, 0, 0
13000, 1723, 0, 0, 0
14000, 1726, 0, 0, 0
15000, 1748, 0, 0, 0
16000, 1763, 0, 0, 0
17000, 1742, 0, 0, 0
18000, 1761, 0, 0, 0
19000, 1745, 0, 0, 0
20001, 1745, 0, 0, 0
21000, 1743, 0, 0, 0
22000, 1754, 0, 0, 0
23000, 1767, 0, 0, 0
24000, 1761, 0, 0, 0
25000, 1805, 0, 0, 0
26001, 1745, 0, 0, 0
27001, 1727, 0, 0, 0
28000, 1757, 0, 0, 0
29000, 1784, 0, 0, 0
30001, 1757, 0, 0, 0
31001, 1767, 0, 0, 0
32000, 1827, 0, 0, 0
33000, 1717, 0, 0, 0
34001, 1739, 0, 0, 0
35000, 1725, 0, 0, 0
36001, 1777, 0, 0, 0
37000, 1778, 0, 0, 0
38001, 1806, 0, 0, 0
39000, 1793, 0, 0, 0
40000, 1778, 0, 0, 0
41001, 1770, 0, 0, 0
42000, 1724, 0, 0, 0
43000, 1726, 0, 0, 0
44001, 1753, 0, 0, 0
45000, 1752, 0, 0, 0
46000, 1761, 0, 0, 0
47000, 1778, 0, 0, 0
48000, 1825, 0, 0, 0
49001, 1756, 0, 0, 0
50000, 1752, 0, 0, 0
51000, 1756, 0, 0, 0
52000, 1736, 0, 0, 0
53000, 1758, 0, 0, 0
54000, 1743, 0, 0, 0
55000, 1730, 0, 0, 0
56001, 1769, 0, 0, 0
57001, 1730, 0, 0, 0
58000, 1738, 0, 0, 0
59000, 1732, 0, 0, 0
60000, 1750, 0, 0, 0
61000, 1780, 0, 0, 0
62001, 1777, 0, 0, 0
63001, 1767, 0, 0, 0
64000, 1735, 0, 0, 0
65000, 1766, 0, 0, 0
66000, 1750, 0, 0, 0
67000, 1835, 0, 0, 0
68000, 1770, 0, 0, 0
69000, 1821, 0, 0, 0
70000, 1798, 0, 0, 0
71000, 1782, 0, 0, 0
72000, 1777, 0, 0, 0
73000, 1738, 0, 0, 0
74000, 1732, 0, 0, 0
75000, 1836, 0, 0, 0
76000, 1710, 0, 0, 0
77000, 1723, 0, 0, 0
78000, 1739, 0, 0, 0
79000, 1770, 0, 0, 0
80000, 1697, 0, 0, 0
81000, 1760, 0, 0, 0
82000, 1742, 0, 0, 0
83000, 1751, 0, 0, 0
84000, 1741, 0, 0, 0
85000, 1698, 0, 0, 0
86000, 1737, 0, 0, 0
87001, 1712, 0, 0, 0
88000, 1692, 0, 0, 0
89000, 1720, 0, 0, 0
90001, 1708, 0, 0, 0
91001, 1694, 0, 0, 0
92000, 1721, 0, 0, 0
93000, 1742, 0, 0, 0
94000, 1716, 0, 0, 0
95000, 1740, 0, 0, 0
96000, 1747, 0, 0, 0
97000, 1738, 0, 0, 0
98001, 1813, 0, 0, 0
99000, 1739, 0, 0, 0
100000, 1807, 0, 0, 0
101001, 1761, 0, 0, 0
102000, 1760, 0, 0, 0
103001, 1838, 0, 0, 0
104000, 1823, 0, 0, 0
105000, 1721, 0, 0, 0
106001, 1748, 0, 0, 0
107000, 1747, 0, 0, 0
108000, 1728, 0, 0, 0
109000, 1769, 0, 0, 0
110000, 1799, 0, 0, 0
111000, 1730, 0, 0, 0
112000, 1811, 0, 0, 0
113000, 1778, 0, 0, 0
114000, 1806, 0, 0, 0
115000, 1731, 0, 0, 0
116000, 1769, 0, 0, 0
117000, 1719, 0, 0, 0
118001, 1770, 0, 0, 0
119000, 1724, 0, 0, 0
120000, 1726, 0, 0, 0
121000, 1771, 0, 0, 0
122000, 1742, 0, 0, 0
123000, 1761, 0, 0, 0
124000, 1761, 0, 0, 0
125001, 1804, 0, 0, 0
126000, 1766, 0, 0, 0
127000, 1820, 0, 0, 0
128000, 1805, 0, 0, 0
129000, 1734, 0, 0, 0
130000, 1738, 0, 0, 0
131000, 1804, 0, 0, 0
132000, 1778, 0, 0, 0
133001, 1785, 0, 0, 0
134001, 1739, 0, 0, 0
135001, 1767, 0, 0, 0
136000, 1680, 0, 0, 0
137000, 1711, 0, 0, 0
138001, 1790, 0, 0, 0
139000, 1815, 0, 0, 0
140002, 1733, 0, 0, 0
141001, 1793, 0, 0, 0
142000, 1753, 0, 0, 0
143000, 1809, 0, 0, 0
144000, 1774, 0, 0, 0
145000, 1735, 0, 0, 0
146000, 1743, 0, 0, 0
147000, 1770, 0, 0, 0
148000, 1743, 0, 0, 0
149001, 1927, 0, 0, 0
150000, 1733, 0, 0, 0
151001, 1758, 0, 0, 0
152000, 1828, 0, 0, 0
153000, 1792, 0, 0, 0
154000, 1745, 0, 0, 0
155000, 1767, 0, 0, 0
156001, 1764, 0, 0, 0
157000, 1733, 0, 0, 0
158001, 1832, 0, 0, 0
159000, 1741, 0, 0, 0
160000, 1783, 0, 0, 0
161001, 1792, 0, 0, 0
162000, 1720, 0, 0, 0
163001, 1735, 0, 0, 0
164000, 1743, 0, 0, 0
165000, 1787, 0, 0, 0
166000, 1792, 0, 0, 0
167000, 1800, 0, 0, 0
168001, 1797, 0, 0, 0
169000, 1796, 0, 0, 0
170000, 1747, 0, 0, 0
171000, 1782, 0, 0, 0
172000, 1748, 0, 0, 0
173001, 1797, 0, 0, 0
174001, 1719, 0, 0, 0
175000, 1823, 0, 0, 0
176000, 1743, 0, 0, 0
177000, 1742, 0, 0, 0
178000, 1747, 0, 0, 0
179000, 1778, 0, 0, 0
180002, 1898, 0, 0, 0
