1001, 3728784, 1, 0, 0
2000, 4146987, 1, 0, 0
3001, 4180801, 1, 0, 0
4000, 4226966, 1, 0, 0
5000, 4141829, 1, 0, 0
6000, 4287093, 1, 0, 0
7000, 4076315, 1, 0, 0
8003, 4291763, 1, 0, 0
9000, 4250339, 1, 0, 0
10007, 4124718, 1, 0, 0
11000, 4252906, 1, 0, 0
12000, 4213676, 1, 0, 0
13005, 4024942, 1, 0, 0
14000, 4163326, 1, 0, 0
15000, 4063091, 1, 0, 0
16005, 4125435, 1, 0, 0
17000, 4101789, 1, 0, 0
18008, 4184864, 1, 0, 0
19001, 4414108, 1, 0, 0
20000, 4042998, 1, 0, 0
21008, 4116213, 1, 0, 0
22001, 4264050, 1, 0, 0
23000, 4188462, 1, 0, 0
24001, 4057262, 1, 0, 0
25004, 4221986, 1, 0, 0
26000, 4325053, 1, 0, 0
27000, 4060769, 1, 0, 0
28008, 4080339, 1, 0, 0
29005, 4292178, 1, 0, 0
30000, 4281710, 1, 0, 0
31009, 4118023, 1, 0, 0
32000, 4246562, 1, 0, 0
33000, 4225263, 1, 0, 0
34007, 4118101, 1, 0, 0
35000, 4173143, 1, 0, 0
36009, 4179784, 1, 0, 0
37002, 4323357, 1, 0, 0
38000, 4094460, 1, 0, 0
39003, 4177811, 1, 0, 0
40003, 4231908, 1, 0, 0
41000, 4179468, 1, 0, 0
42008, 4106467, 1, 0, 0
43004, 4203114, 1, 0, 0
44000, 4158728, 1, 0, 0
45000, 4076247, 1, 0, 0
46000, 4196407, 1, 0, 0
47000, 4132368, 1, 0, 0
48000, 4059044, 1, 0, 0
49002, 4114320, 1, 0, 0
50000, 4132542, 1, 0, 0
51006, 4163082, 1, 0, 0
52000, 4125919, 1, 0, 0
53001, 4161901, 1, 0, 0
54000, 4265961, 1, 0, 0
55000, 4129755, 1, 0, 0
56000, 4168740, 1, 0, 0
57000, 3937840, 1, 0, 0
58002, 4128833, 1, 0, 0
59000, 4193670, 1, 0, 0
60006, 4163803, 1, 0, 0
61001, 4125892, 1, 0, 0
62000, 4103081, 1, 0, 0
63006, 4101805, 1, 0, 0
64001, 4280055, 1, 0, 0
65001, 4249180, 1, 0, 0
66001, 4159685, 1, 0, 0
67000, 4336776, 1, 0, 0
68009, 4025446, 1, 0, 0
69000, 4209541, 1, 0, 0
70000, 4272707, 1, 0, 0
71000, 4158230, 1, 0, 0
72000, 4313409, 1, 0, 0
73002, 4080484, 1, 0, 0
74000, 4064517, 1, 0, 0
75000, 4136681, 1, 0, 0
76000, 4270490, 1, 0, 0
77000, 4144461, 1, 0, 0
78000, 4170684, 1, 0, 0
79000, 4250707, 1, 0, 0
80000, 4210946, 1, 0, 0
81002, 4145499, 1, 0, 0
82000, 4404031, 1, 0, 0
83000, 4247185, 1, 0, 0
84000, 4168482, 1, 0, 0
85000, 4131093, 1, 0, 0
86002, 4224955, 1, 0, 0
87000, 4207737, 1, 0, 0
88006, 4211165, 1, 0, 0
89000, 4217219, 1, 0, 0
90000, 4215007, 1, 0, 0
91005, 4183175, 1, 0, 0
92000, 4126026, 1, 0, 0
93000, 4268491, 1, 0, 0
94000, 4252576, 1, 0, 0
95001, 4228793, 1, 0, 0
96007, 4278381, 1, 0, 0
97000, 4246079, 1, 0, 0
98008, 4298489, 1, 0, 0
99003, 4337240, 1, 0, 0
100000, 4250526, 1, 0, 0
101000, 4188244, 1, 0, 0
102000, 4159804, 1, 0, 0
103000, 4217995, 1, 0, 0
104000, 4145295, 1, 0, 0
105000, 4170734, 1, 0, 0
106000, 4096864, 1, 0, 0
107005, 4214710, 1, 0, 0
108000, 4188545, 1, 0, 0
109008, 4076715, 1, 0, 0
110001, 4173638, 1, 0, 0
111000, 4156646, 1, 0, 0
112000, 4149644, 1, 0, 0
113000, 4235040, 1, 0, 0
114002, 4261121, 1, 0, 0
115000, 4314917, 1, 0, 0
116007, 4067647, 1, 0, 0
117000, 3983406, 1, 0, 0
118000, 4234586, 1, 0, 0
119005, 4178983, 1, 0, 0
120000, 4077514, 1, 0, 0
121000, 4124799, 1, 0, 0
122003, 4213002, 1, 0, 0
123000, 4218544, 1, 0, 0
124000, 4086834, 1, 0, 0
125000, 4158164, 1, 0, 0
126000, 4178147, 1, 0, 0
127000, 4088243, 1, 0, 0
128003, 4279692, 1, 0, 0
129000, 4090190, 1, 0, 0
130000, 4340113, 1, 0, 0
131004, 4255748, 1, 0, 0
132000, 4194333, 1, 0, 0
133000, 4290892, 1, 0, 0
134001, 4201700, 1, 0, 0
135000, 4290079, 1, 0, 0
136006, 4234555, 1, 0, 0
137003, 4238296, 1, 0, 0
138000, 4283927, 1, 0, 0
139001, 4233042, 1, 0, 0
140005, 4086413, 1, 0, 0
141001, 4247701, 1, 0, 0
142000, 4078867, 1, 0, 0
143004, 4226020, 1, 0, 0
144000, 4080718, 1, 0, 0
145000, 4229001, 1, 0, 0
146000, 4161673, 1, 0, 0
147000, 4084223, 1, 0, 0
148000, 4200257, 1, 0, 0
149001, 4115183, 1, 0, 0
150000, 4261297, 1, 0, 0
151006, 4275757, 1, 0, 0
152001, 4147310, 1, 0, 0
153000, 4245162, 1, 0, 0
154008, 4220941, 1, 0, 0
155000, 4221698, 1, 0, 0
156000, 4169565, 1, 0, 0
157000, 4190192, 1, 0, 0
158001, 4048886, 1, 0, 0
159000, 4185235, 1, 0, 0
160000, 4199299, 1, 0, 0
161000, 4158274, 1, 0, 0
162000, 4119140, 1, 0, 0
163007, 4067966, 1, 0, 0
164000, 4258252, 1, 0, 0
165000, 4208077, 1, 0, 0
166000, 4235196, 1, 0, 0
167000, 4249075, 1, 0, 0
168000, 4201118, 1, 0, 0
169000, 4210061, 1, 0, 0
170000, 4288526, 1, 0, 0
171005, 4088942, 1, 0, 0
172000, 4286229, 1, 0, 0
173000, 4198180, 1, 0, 0
174000, 4159925, 1, 0, 0
175003, 4151795, 1, 0, 0
176000, 4378386, 1, 0, 0
177008, 4257420, 1, 0, 0
178008, 4361252, 1, 0, 0
179000, 4138873, 1, 0, 0
180000, 4127698, 1, 0, 0
180001, 2608349, 1, 0, 0
