1030, 14683309, 0, 0, 0
2025, 16698900, 0, 0, 0
3034, 16770604, 0, 0, 0
4029, 16953416, 0, 0, 0
5031, 16838517, 0, 0, 0
6035, 16809144, 0, 0, 0
7029, 16801866, 0, 0, 0
8025, 16508785, 0, 0, 0
9034, 16964896, 0, 0, 0
10029, 16717846, 0, 0, 0
11025, 16763554, 0, 0, 0
12031, 16730420, 0, 0, 0
13029, 16461430, 0, 0, 0
14040, 16666982, 0, 0, 0
15031, 16917863, 0, 0, 0
16027, 16539810, 0, 0, 0
17037, 16714001, 0, 0, 0
18031, 16728574, 0, 0, 0
19025, 16521177, 0, 0, 0
20032, 17052684, 0, 0, 0
21028, 16607437, 0, 0, 0
22036, 17082542, 0, 0, 0
23030, 16581448, 0, 0, 0
24000, 17110136, 0, 0, 0
25025, 16603166, 0, 0, 0
26027, 16896397, 0, 0, 0
27035, 16945315, 0, 0, 0
28025, 16433645, 0, 0, 0
29028, 16771618, 0, 0, 0
30026, 16821927, 0, 0, 0
31030, 16774953, 0, 0, 0
32025, 16816580, 0, 0, 0
33039, 16669353, 0, 0, 0
34003, 16762750, 0, 0, 0
35028, 16751053, 0, 0, 0
36038, 16856115, 0, 0, 0
37027, 16853836, 0, 0, 0
38031, 16657881, 0, 0, 0
39000, 16987488, 0, 0, 0
40030, 16411210, 0, 0, 0
41041, 16663900, 0, 0, 0
42000, 16751953, 0, 0, 0
43027, 16611267, 0, 0, 0
44040, 16648190, 0, 0, 0
45028, 16968577, 0, 0, 0
46029, 16803997, 0, 0, 0
47025, 16418972, 0, 0, 0
48000, 17007441, 0, 0, 0
49029, 16749165, 0, 0, 0
50037, 16696668, 0, 0, 0
51000, 17016066, 0, 0, 0
52024, 16458061, 0, 0, 0
53038, 16924852, 0, 0, 0
54032, 16892971, 0, 0, 0
55027, 16683096, 0, 0, 0
56031, 16775699, 0, 0, 0
57028, 16670560, 0, 0, 0
58038, 16712408, 0, 0, 0
59027, 16758838, 0, 0, 0
60029, 16498987, 0, 0, 0
61027, 16803560, 0, 0, 0
62036, 16879095, 0, 0, 0
63028, 16652795, 0, 0, 0
64028, 16479244, 0, 0, 0
65038, 16621850, 0, 0, 0
66031, 16860465, 0, 0, 0
67024, 16454569, 0, 0, 0
68034, 16741460, 0, 0, 0
69027, 16574763, 0, 0, 0
70027, 16546958, 0, 0, 0
71032, 16798396, 0, 0, 0
72026, 16743264, 0, 0, 0
73030, 16822972, 0, 0, 0
74033, 17092158, 0, 0, 0
75028, 16444268, 0, 0, 0
76000, 16902151, 0, 0, 0
77028, 16698887, 0, 0, 0
78029, 16642958, 0, 0, 0
79036, 17179608, 0, 0, 0
80029, 16560576, 0, 0, 0
81025, 16751736, 0, 0, 0
82033, 16827539, 0, 0, 0
83028, 16622415, 0, 0, 0
84038, 16810119, 0, 0, 0
85033, 16806888, 0, 0, 0
86025, 16696849, 0, 0, 0
87036, 16730432, 0, 0, 0
88030, 16822655, 0, 0, 0
89039, 16611466, 0, 0, 0
90031, 16902828, 0, 0, 0
91027, 16584591, 0, 0, 0
92026, 16734977, 0, 0, 0
93035, 16782822, 0, 0, 0
94028, 16732508, 0, 0, 0
95038, 16766367, 0, 0, 0
96029, 16737485, 0, 0, 0
97038, 16557230, 0, 0, 0
98035, 16796738, 0, 0, 0
99029, 16514736, 0, 0, 0
100039, 16548551, 0, 0, 0
101036, 16770780, 0, 0, 0
102025, 16929408, 0, 0, 0
103026, 16523939, 0, 0, 0
104000, 16946379, 0, 0, 0
105028, 16407553, 0, 0, 0
106029, 16689749, 0, 0, 0
107025, 16938206, 0, 0, 0
108037, 16585856, 0, 0, 0
109026, 16757081, 0, 0, 0
110034, 16820919, 0, 0, 0
111029, 16882969, 0, 0, 0
112034, 16769549, 0, 0, 0
113000, 17023340, 0, 0, 0
114030, 16752040, 0, 0, 0
115028, 17600565, 0, 0, 0
116027, 16775884, 0, 0, 0
117034, 16804133, 0, 0, 0
118030, 17068565, 0, 0, 0
119025, 16742199, 0, 0, 0
120034, 16806561, 0, 0, 0
121026, 16709004, 0, 0, 0
122033, 16837185, 0, 0, 0
123030, 16625620, 0, 0, 0
124037, 16975112, 0, 0, 0
125030, 16566890, 0, 0, 0
126025, 16589352, 0, 0, 0
127030, 16769935, 0, 0, 0
128026, 16793081, 0, 0, 0
129024, 16596107, 0, 0, 0
130000, 16859158, 0, 0, 0
131025, 16622618, 0, 0, 0
132025, 16572605, 0, 0, 0
133028, 16836067, 0, 0, 0
134028, 16544404, 0, 0, 0
135038, 16618860, 0, 0, 0
136032, 16820761, 0, 0, 0
137027, 16311110, 0, 0, 0
138030, 16934162, 0, 0, 0
139026, 16920565, 0, 0, 0
140030, 16832921, 0, 0, 0
141024, 17077050, 0, 0, 0
142029, 16633693, 0, 0, 0
143026, 16712914, 0, 0, 0
144031, 17000277, 0, 0, 0
145027, 16872090, 0, 0, 0
146038, 16745101, 0, 0, 0
147032, 16797261, 0, 0, 0
148026, 16646538, 0, 0, 0
149030, 16440682, 0, 0, 0
150034, 17079634, 0, 0, 0
151026, 16564490, 0, 0, 0
152039, 16402028, 0, 0, 0
153024, 16882273, 0, 0, 0
154029, 16646760, 0, 0, 0
155039, 16634180, 0, 0, 0
156028, 16718959, 0, 0, 0
157029, 16753287, 0, 0, 0
158027, 16453548, 0, 0, 0
159036, 16791263, 0, 0, 0
160029, 16700886, 0, 0, 0
161025, 16530007, 0, 0, 0
162004, 16723751, 0, 0, 0
163026, 16768466, 0, 0, 0
164040, 16773732, 0, 0, 0
165000, 17017395, 0, 0, 0
166027, 16733888, 0, 0, 0
167032, 16685710, 0, 0, 0
168003, 16753430, 0, 0, 0
169029, 16768193, 0, 0, 0
170027, 16539764, 0, 0, 0
171035, 16772985, 0, 0, 0
172030, 16682320, 0, 0, 0
173024, 16799206, 0, 0, 0
174000, 16968578, 0, 0, 0
175027, 16648927, 0, 0, 0
176031, 16360643, 0, 0, 0
177025, 16821518, 0, 0, 0
178027, 16496454, 0, 0, 0
179000, 16698656, 0, 0, 0
180029, 16620310, 0, 0, 0
180032, 39426596, 0, 0, 0
