1032, 2063, 0, 0, 0
2026, 1961, 0, 0, 0
3035, 1991, 0, 0, 0
4029, 1948, 0, 0, 0
5032, 1972, 0, 0, 0
6037, 1888, 0, 0, 0
7030, 1799, 0, 0, 0
8026, 1867, 0, 0, 0
9034, 1938, 0, 0, 0
10029, 1939, 0, 0, 0
11025, 1868, 0, 0, 0
12032, 1915, 0, 0, 0
13030, 1881, 0, 0, 0
14041, 1888, 0, 0, 0
15031, 1923, 0, 0, 0
16028, 2032, 0, 0, 0
17037, 2002, 0, 0, 0
18032, 2042, 0, 0, 0
19026, 2050, 0, 0, 0
20033, 1935, 0, 0, 0
21028, 1859, 0, 0, 0
22000, 1864, 0, 0, 0
23030, 1882, 0, 0, 0
24000, 1885, 0, 0, 0
25025, 1970, 0, 0, 0
26029, 1981, 0, 0, 0
27035, 1975, 0, 0, 0
28026, 1968, 0, 0, 0
29029, 1936, 0, 0, 0
30026, 1919, 0, 0, 0
31031, 1981, 0, 0, 0
32025, 2074, 0, 0, 0
33041, 2151, 0, 0, 0
34026, 2065, 0, 0, 0
35029, 2083, 0, 0, 0
36039, 2005, 0, 0, 0
37029, 2024, 0, 0, 0
38032, 2049, 0, 0, 0
39000, 1953, 0, 0, 0
40029, 1994, 0, 0, 0
41041, 1948, 0, 0, 0
42000, 1988, 0, 0, 0
43028, 2011, 0, 0, 0
44040, 2042, 0, 0, 0
45029, 2020, 0, 0, 0
46030, 2007, 0, 0, 0
47026, 2074, 0, 0, 0
48001, 1973, 0, 0, 0
49030, 2038, 0, 0, 0
50039, 2058, 0, 0, 0
51033, 1930, 0, 0, 0
52025, 2100, 0, 0, 0
53039, 1989, 0, 0, 0
54033, 2024, 0, 0, 0
55027, 2074, 0, 0, 0
56000, 2019, 0, 0, 0
57028, 1955, 0, 0, 0
58038, 1979, 0, 0, 0
59028, 2071, 0, 0, 0
60030, 2027, 0, 0, 0
61028, 1923, 0, 0, 0
62037, 2052, 0, 0, 0
63029, 2046, 0, 0, 0
64029, 1922, 0, 0, 0
65038, 1977, 0, 0, 0
66031, 1974, 0, 0, 0
67024, 1992, 0, 0, 0
68034, 2030, 0, 0, 0
69028, 2023, 0, 0, 0
70028, 1963, 0, 0, 0
71033, 2017, 0, 0, 0
72027, 2042, 0, 0, 0
73029, 1915, 0, 0, 0
74034, 1959, 0, 0, 0
75028, 2036, 0, 0, 0
76000, 2090, 0, 0, 0
77029, 1969, 0, 0, 0
78028, 1910, 0, 0, 0
79000, 2044, 0, 0, 0
80030, 2063, 0, 0, 0
81027, 2180, 0, 0, 0
82034, 2018, 0, 0, 0
83028, 2127, 0, 0, 0
84038, 2012, 0, 0, 0
85034, 2172, 0, 0, 0
86026, 2116, 0, 0, 0
87036, 2114, 0, 0, 0
88030, 2003, 0, 0, 0
89040, 2091, 0, 0, 0
90000, 1932, 0, 0, 0
91028, 2006, 0, 0, 0
92026, 1979, 0, 0, 0
93036, 1920, 0, 0, 0
94029, 2108, 0, 0, 0
95038, 1946, 0, 0, 0
96030, 1963, 0, 0, 0
97039, 1934, 0, 0, 0
98036, 2087, 0, 0, 0
99030, 1939, 0, 0, 0
100040, 1986, 0, 0, 0
101036, 1994, 0, 0, 0
102027, 1973, 0, 0, 0
103026, 2111, 0, 0, 0
104000, 2045, 0, 0, 0
105030, 1973, 0, 0, 0
106030, 2137, 0, 0, 0
107026, 1927, 0, 0, 0
108036, 1997, 0, 0, 0
109027, 1998, 0, 0, 0
110035, 2005, 0, 0, 0
111003, 2134, 0, 0, 0
112034, 2075, 0, 0, 0
113000, 2089, 0, 0, 0
114033, 2113, 0, 0, 0
115028, 1964, 0, 0, 0
116028, 2027, 0, 0, 0
117035, 2074, 0, 0, 0
118031, 1994, 0, 0, 0
119025, 1966, 0, 0, 0
120034, 1941, 0, 0, 0
121026, 1891, 0, 0, 0
122034, 1845, 0, 0, 0
123029, 1926, 0, 0, 0
124036, 1874, 0, 0, 0
125001, 1838, 0, 0, 0
126024, 1926, 0, 0, 0
127030, 1941, 0, 0, 0
128026, 1936, 0, 0, 0
129026, 1906, 0, 0, 0
130000, 1969, 0, 0, 0
131026, 1935, 0, 0, 0
132025, 1865, 0, 0, 0
133029, 1876, 0, 0, 0
134029, 1900, 0, 0, 0
135039, 1929, 0, 0, 0
136033, 1849, 0, 0, 0
137026, 1948, 0, 0, 0
138031, 1960, 0, 0, 0
139026, 1908, 0, 0, 0
140031, 1843, 0, 0, 0
141025, 1965, 0, 0, 0
142030, 1933, 0, 0, 0
143027, 1889, 0, 0, 0
144031, 1938, 0, 0, 0
145028, 1962, 0, 0, 0
146038, 1909, 0, 0, 0
147032, 1963, 0, 0, 0
148027, 1927, 0, 0, 0
149031, 2107, 0, 0, 0
150035, 2052, 0, 0, 0
151027, 1923, 0, 0, 0
152039, 2023, 0, 0, 0
153025, 2028, 0, 0, 0
154029, 1994, 0, 0, 0
155040, 2065, 0, 0, 0
156030, 1887, 0, 0, 0
157030, 2069, 0, 0, 0
158028, 1962, 0, 0, 0
159036, 2031, 0, 0, 0
160029, 1926, 0, 0, 0
161025, 1921, 0, 0, 0
162004, 2001, 0, 0, 0
163027, 1965, 0, 0, 0
164039, 1955, 0, 0, 0
165000, 2020, 0, 0, 0
166028, 2011, 0, 0, 0
167033, 2032, 0, 0, 0
168004, 2042, 0, 0, 0
169030, 2011, 0, 0, 0
170027, 1890, 0, 0, 0
171036, 1867, 0, 0, 0
172031, 1997, 0, 0, 0
173026, 2002, 0, 0, 0
174000, 2014, 0, 0, 0
175028, 1941, 0, 0, 0
176031, 1984, 0, 0, 0
177025, 1942, 0, 0, 0
178029, 1983, 0, 0, 0
179000, 2031, 0, 0, 0
180033, 2123, 0, 0, 0
