1000, 1897, 1, 0, 0
2000, 1821, 1, 0, 0
3001, 1845, 1, 0, 0
4000, 1828, 1, 0, 0
5000, 1855, 1, 0, 0
6000, 1832, 1, 0, 0
7005, 1833, 1, 0, 0
8002, 1917, 1, 0, 0
9000, 1781, 1, 0, 0
10004, 1804, 1, 0, 0
11000, 1766, 1, 0, 0
12000, 1953, 1, 0, 0
13006, 2063, 1, 0, 0
14000, 2013, 1, 0, 0
15000, 1929, 1, 0, 0
16005, 1947, 1, 0, 0
17000, 2072, 1, 0, 0
18000, 1953, 1, 0, 0
19001, 1989, 1, 0, 0
20000, 1904, 1, 0, 0
21000, 1791, 1, 0, 0
22000, 1833, 1, 0, 0
23004, 1796, 1, 0, 0
24000, 1853, 1, 0, 0
25000, 1944, 1, 0, 0
26000, 1818, 1, 0, 0
27000, 1996, 1, 0, 0
28003, 1926, 1, 0, 0
29002, 1876, 1, 0, 0
30000, 1956, 1, 0, 0
31000, 1905, 1, 0, 0
32000, 2023, 1, 0, 0
33000, 1945, 1, 0, 0
34000, 1846, 1, 0, 0
35001, 1980, 1, 0, 0
36000, 1936, 1, 0, 0
37000, 1869, 1, 0, 0
38000, 1863, 1, 0, 0
39000, 1904, 1, 0, 0
40000, 1850, 1, 0, 0
41000, 1930, 1, 0, 0
42000, 1882, 1, 0, 0
43000, 1940, 1, 0, 0
44002, 2034, 1, 0, 0
45001, 1997, 1, 0, 0
46000, 1998, 1, 0, 0
47000, 1990, 1, 0, 0
48000, 1921, 1, 0, 0
49005, 1954, 1, 0, 0
50000, 1786, 1, 0, 0
51004, 1813, 1, 0, 0
52005, 2040, 1, 0, 0
53000, 1842, 1, 0, 0
54000, 1790, 1, 0, 0
55000, 1739, 1, 0, 0
56000, 1952, 1, 0, 0
57000, 1837, 1, 0, 0
58000, 1941, 1, 0, 0
59004, 2028, 1, 0, 0
60000, 1835, 1, 0, 0
61000, 1946, 1, 0, 0
62000, 1894, 1, 0, 0
63000, 1849, 1, 0, 0
64000, 1852, 1, 0, 0
65000, 1954, 1, 0, 0
66000, 2127, 1, 0, 0
67000, 2053, 1, 0, 0
68000, 2008, 1, 0, 0
69003, 2070, 1, 0, 0
70005, 1939, 1, 0, 0
71000, 2030, 1, 0, 0
72000, 2013, 1, 0, 0
73001, 2139, 1, 0, 0
74000, 2054, 1, 0, 0
75000, 1944, 1, 0, 0
76005, 1984, 1, 0, 0
77000, 1963, 1, 0, 0
78000, 1948, 1, 0, 0
79037, 1919, 1, 0, 0
80000, 1927, 1, 0, 0
81000, 1876, 1, 0, 0
82007, 1858, 1, 0, 0
83000, 1909, 1, 0, 0
84004, 1997, 1, 0, 0
85001, 1932, 1, 0, 0
86000, 1923, 1, 0, 0
87001, 1896, 1, 0, 0
88009, 1950, 1, 0, 0
89001, 2033, 1, 0, 0
90000, 1964, 1, 0, 0
91001, 1995, 1, 0, 0
92041, 1966, 1, 0, 0
93000, 1919, 1, 0, 0
94000, 2004, 1, 0, 0
95000, 1903, 1, 0, 0
96001, 1970, 1, 0, 0
97001, 2016, 1, 0, 0
98000, 1968, 1, 0, 0
99000, 1926, 1, 0, 0
100000, 1911, 1, 0, 0
101000, 1923, 1, 0, 0
102001, 1954, 1, 0, 0
103000, 1934, 1, 0, 0
104000, 1873, 1, 0, 0
105000, 1943, 1, 0, 0
106000, 2094, 1, 0, 0
107000, 2150, 1, 0, 0
108000, 2062, 1, 0, 0
109002, 2114, 1, 0, 0
110002, 1997, 1, 0, 0
111000, 2009, 1, 0, 0
112002, 1895, 1, 0, 0
113000, 1889, 1, 0, 0
114000, 1958, 1, 0, 0
115006, 1968, 1, 0, 0
116000, 1986, 1, 0, 0
117000, 2004, 1, 0, 0
118001, 1961, 1, 0, 0
119000, 1941, 1, 0, 0
120002, 1964, 1, 0, 0
121000, 1942, 1, 0, 0
122000, 1972, 1, 0, 0
123003, 1937, 1, 0, 0
124000, 2009, 1, 0, 0
125001, 2131, 1, 0, 0
126000, 2160, 1, 0, 0
127000, 2010, 1, 0, 0
128005, 1991, 1, 0, 0
129000, 2054, 1, 0, 0
130002, 1978, 1, 0, 0
131000, 2111, 1, 0, 0
132000, 2033, 1, 0, 0
133000, 2052, 1, 0, 0
134000, 2185, 1, 0, 0
135001, 2024, 1, 0, 0
136001, 1988, 1, 0, 0
137001, 1970, 1, 0, 0
138001, 1960, 1, 0, 0
139002, 2005, 1, 0, 0
140001, 2038, 1, 0, 0
141001, 2046, 1, 0, 0
142000, 1949, 1, 0, 0
143000, 1984, 1, 0, 0
144000, 2130, 1, 0, 0
145000, 1940, 1, 0, 0
146002, 2059, 1, 0, 0
147001, 1938, 1, 0, 0
148001, 2038, 1, 0, 0
149008, 2005, 1, 0, 0
150000, 1823, 1, 0, 0
151000, 1875, 1, 0, 0
152000, 1821, 1, 0, 0
153002, 1855, 1, 0, 0
154000, 1878, 1, 0, 0
155000, 1829, 1, 0, 0
156006, 1841, 1, 0, 0
157000, 1901, 1, 0, 0
158001, 1886, 1, 0, 0
159001, 2033, 1, 0, 0
160001, 1791, 1, 0, 0
161000, 1921, 1, 0, 0
162000, 1766, 1, 0, 0
163000, 1850, 1, 0, 0
164000, 1868, 1, 0, 0
165000, 1790, 1, 0, 0
166001, 1870, 1, 0, 0
167002, 1892, 1, 0, 0
168000, 1928, 1, 0, 0
169000, 1750, 1, 0, 0
170000, 1921, 1, 0, 0
171006, 1826, 1, 0, 0
172001, 1824, 1, 0, 0
173006, 1864, 1, 0, 0
174000, 1792, 1, 0, 0
175000, 1840, 1, 0, 0
176000, 1777, 1, 0, 0
177000, 1824, 1, 0, 0
178002, 1932, 1, 0, 0
179000, 2195, 1, 0, 0
180001, 2116, 1, 0, 0
