1001, 2091, 1, 0, 0
2003, 2218, 1, 0, 0
3002, 2134, 1, 0, 0
4007, 2194, 1, 0, 0
5002, 2145, 1, 0, 0
6002, 2108, 1, 0, 0
7005, 2056, 1, 0, 0
8001, 2080, 1, 0, 0
9000, 2106, 1, 0, 0
10008, 2276, 1, 0, 0
11004, 2101, 1, 0, 0
12000, 2176, 1, 0, 0
13007, 2236, 1, 0, 0
14001, 2171, 1, 0, 0
15000, 2180, 1, 0, 0
16000, 2192, 1, 0, 0
17005, 2214, 1, 0, 0
18000, 2223, 1, 0, 0
19001, 2234, 1, 0, 0
20000, 2195, 1, 0, 0
21000, 2217, 1, 0, 0
22000, 2206, 1, 0, 0
23002, 2190, 1, 0, 0
24000, 2162, 1, 0, 0
25004, 2124, 1, 0, 0
26000, 2157, 1, 0, 0
27000, 2111, 1, 0, 0
28000, 2167, 1, 0, 0
29000, 2188, 1, 0, 0
30001, 2082, 1, 0, 0
31000, 2255, 1, 0, 0
32000, 2189, 1, 0, 0
33006, 2213, 1, 0, 0
34000, 2181, 1, 0, 0
35000, 1916, 1, 0, 0
36000, 2012, 1, 0, 0
37000, 1903, 1, 0, 0
38000, 1881, 1, 0, 0
39002, 2030, 1, 0, 0
40001, 2095, 1, 0, 0
41000, 2019, 1, 0, 0
42007, 2040, 1, 0, 0
43002, 1956, 1, 0, 0
44000, 2014, 1, 0, 0
45000, 2047, 1, 0, 0
46000, 2138, 1, 0, 0
47000, 2022, 1, 0, 0
48000, 1966, 1, 0, 0
49001, 1937, 1, 0, 0
50000, 1939, 1, 0, 0
51004, 2014, 1, 0, 0
52000, 1995, 1, 0, 0
53001, 2027, 1, 0, 0
54001, 1985, 1, 0, 0
55000, 1988, 1, 0, 0
56001, 2037, 1, 0, 0
57000, 2005, 1, 0, 0
58006, 1991, 1, 0, 0
59001, 1955, 1, 0, 0
60000, 2014, 1, 0, 0
61000, 1973, 1, 0, 0
62002, 1986, 1, 0, 0
63000, 1971, 1, 0, 0
64000, 2088, 1, 0, 0
65000, 1990, 1, 0, 0
66000, 1963, 1, 0, 0
67001, 1917, 1, 0, 0
68000, 1941, 1, 0, 0
69000, 1979, 1, 0, 0
70018, 1955, 1, 0, 0
71000, 1962, 1, 0, 0
72000, 1934, 1, 0, 0
73005, 1971, 1, 0, 0
74001, 1966, 1, 0, 0
75000, 2011, 1, 0, 0
76000, 1892, 1, 0, 0
77000, 1888, 1, 0, 0
78000, 1955, 1, 0, 0
79000, 1917, 1, 0, 0
80000, 1885, 1, 0, 0
81000, 1959, 1, 0, 0
82000, 2060, 1, 0, 0
83003, 1906, 1, 0, 0
84000, 1972, 1, 0, 0
85000, 2007, 1, 0, 0
86000, 1970, 1, 0, 0
87000, 1989, 1, 0, 0
88000, 1972, 1, 0, 0
89000, 1975, 1, 0, 0
90000, 1885, 1, 0, 0
91000, 2013, 1, 0, 0
92000, 2002, 1, 0, 0
93003, 1939, 1, 0, 0
94001, 2070, 1, 0, 0
95000, 1961, 1, 0, 0
96000, 2026, 1, 0, 0
97000, 1954, 1, 0, 0
98002, 2069, 1, 0, 0
99000, 1946, 1, 0, 0
100000, 2037, 1, 0, 0
101000, 1995, 1, 0, 0
102000, 1970, 1, 0, 0
103000, 1956, 1, 0, 0
104001, 1922, 1, 0, 0
105006, 1974, 1, 0, 0
106000, 2043, 1, 0, 0
107000, 2016, 1, 0, 0
108000, 2000, 1, 0, 0
109005, 1863, 1, 0, 0
110000, 1900, 1, 0, 0
111000, 2041, 1, 0, 0
112000, 2017, 1, 0, 0
113000, 2066, 1, 0, 0
114002, 1951, 1, 0, 0
115000, 1916, 1, 0, 0
116000, 2045, 1, 0, 0
117000, 2012, 1, 0, 0
118000, 1992, 1, 0, 0
119000, 1974, 1, 0, 0
120000, 1934, 1, 0, 0
121000, 1947, 1, 0, 0
122000, 2060, 1, 0, 0
123000, 1933, 1, 0, 0
124001, 2066, 1, 0, 0
125007, 1951, 1, 0, 0
126000, 1980, 1, 0, 0
127001, 1924, 1, 0, 0
128006, 1937, 1, 0, 0
129001, 2085, 1, 0, 0
130000, 2010, 1, 0, 0
131000, 2015, 1, 0, 0
132002, 2091, 1, 0, 0
133000, 1961, 1, 0, 0
134005, 2025, 1, 0, 0
135000, 1976, 1, 0, 0
136000, 1950, 1, 0, 0
137001, 1953, 1, 0, 0
138000, 1949, 1, 0, 0
139000, 2020, 1, 0, 0
140000, 2026, 1, 0, 0
141000, 2026, 1, 0, 0
142000, 2060, 1, 0, 0
143000, 1978, 1, 0, 0
144000, 2161, 1, 0, 0
145000, 1987, 1, 0, 0
146000, 1999, 1, 0, 0
147000, 1992, 1, 0, 0
148000, 1926, 1, 0, 0
149003, 2055, 1, 0, 0
150000, 1952, 1, 0, 0
151006, 1955, 1, 0, 0
152000, 1952, 1, 0, 0
153000, 2012, 1, 0, 0
154002, 2098, 1, 0, 0
155000, 2037, 1, 0, 0
156000, 1949, 1, 0, 0
157000, 1954, 1, 0, 0
158000, 1895, 1, 0, 0
159000, 1938, 1, 0, 0
160006, 1924, 1, 0, 0
161000, 1925, 1, 0, 0
162000, 1926, 1, 0, 0
163000, 2075, 1, 0, 0
164000, 1994, 1, 0, 0
165006, 1931, 1, 0, 0
166000, 2000, 1, 0, 0
167000, 1944, 1, 0, 0
168000, 2038, 1, 0, 0
169000, 1940, 1, 0, 0
170005, 1996, 1, 0, 0
171000, 2000, 1, 0, 0
172000, 2006, 1, 0, 0
173007, 1912, 1, 0, 0
174000, 1927, 1, 0, 0
175000, 2010, 1, 0, 0
176004, 1929, 1, 0, 0
177000, 1998, 1, 0, 0
178000, 2027, 1, 0, 0
179000, 2328, 1, 0, 0
180004, 2181, 1, 0, 0
