1000, 2230556, 0, 0, 0
2000, 2227597, 0, 0, 0
3002, 2305290, 0, 0, 0
4000, 2187020, 0, 0, 0
5002, 2193976, 0, 0, 0
6001, 2251526, 0, 0, 0
7001, 2161116, 0, 0, 0
8001, 2152699, 0, 0, 0
9001, 2194461, 0, 0, 0
10001, 2465945, 0, 0, 0
11002, 2207216, 0, 0, 0
12000, 2116182, 0, 0, 0
13000, 2137346, 0, 0, 0
14001, 2164231, 0, 0, 0
15001, 2156042, 0, 0, 0
16002, 2250797, 0, 0, 0
17000, 2165887, 0, 0, 0
18000, 2148343, 0, 0, 0
19003, 2197138, 0, 0, 0
20001, 2178991, 0, 0, 0
21000, 2169969, 0, 0, 0
22000, 2136858, 0, 0, 0
23000, 2138138, 0, 0, 0
24001, 2188428, 0, 0, 0
25001, 2138367, 0, 0, 0
26000, 2121440, 0, 0, 0
27002, 2170367, 0, 0, 0
28001, 2141116, 0, 0, 0
29001, 2124855, 0, 0, 0
30000, 2164064, 0, 0, 0
31001, 2162718, 0, 0, 0
32001, 2209255, 0, 0, 0
33000, 2114676, 0, 0, 0
34001, 2167986, 0, 0, 0
35000, 2146241, 0, 0, 0
36000, 2160470, 0, 0, 0
37002, 2176659, 0, 0, 0
38000, 2203387, 0, 0, 0
39000, 2215317, 0, 0, 0
40001, 2187037, 0, 0, 0
41000, 2218013, 0, 0, 0
42000, 2147120, 0, 0, 0
43000, 2144176, 0, 0, 0
44000, 2193959, 0, 0, 0
45154, 2675488, 0, 0, 0
46000, 2227942, 0, 0, 0
47001, 2189426, 0, 0, 0
48001, 2156028, 0, 0, 0
49001, 2172005, 0, 0, 0
50001, 2175196, 0, 0, 0
51001, 2235353, 0, 0, 0
52001, 2238317, 0, 0, 0
53001, 2128844, 0, 0, 0
54000, 2199110, 0, 0, 0
55011, 2327161, 0, 0, 0
56000, 2275711, 0, 0, 0
57000, 2238190, 0, 0, 0
58003, 2205862, 0, 0, 0
59001, 2182360, 0, 0, 0
60000, 2181651, 0, 0, 0
61001, 2248364, 0, 0, 0
62000, 2227475, 0, 0, 0
63003, 2195123, 0, 0, 0
64000, 2160543, 0, 0, 0
65001, 2340960, 0, 0, 0
66000, 2246873, 0, 0, 0
67003, 2217981, 0, 0, 0
68002, 2240666, 0, 0, 0
69001, 2207175, 0, 0, 0
70000, 2159375, 0, 0, 0
71000, 2107896, 0, 0, 0
72002, 2228402, 0, 0, 0
73002, 2233425, 0, 0, 0
74000, 2107322, 0, 0, 0
75001, 2126312, 0, 0, 0
76000, 2198828, 0, 0, 0
77001, 2176702, 0, 0, 0
78001, 2135265, 0, 0, 0
79000, 2211318, 0, 0, 0
80002, 2209908, 0, 0, 0
81001, 2252043, 0, 0, 0
82000, 2149488, 0, 0, 0
83000, 2175680, 0, 0, 0
84001, 2173582, 0, 0, 0
85003, 2174940, 0, 0, 0
86000, 2198090, 0, 0, 0
87001, 2145698, 0, 0, 0
88000, 2160348, 0, 0, 0
89000, 2105950, 0, 0, 0
90001, 2155062, 0, 0, 0
91001, 2171166, 0, 0, 0
92000, 2158990, 0, 0, 0
93001, 2203144, 0, 0, 0
94000, 2192781, 0, 0, 0
95001, 2182839, 0, 0, 0
96000, 2237012, 0, 0, 0
97000, 2129506, 0, 0, 0
98001, 2153632, 0, 0, 0
99002, 2108011, 0, 0, 0
100000, 2099387, 0, 0, 0
101000, 2181311, 0, 0, 0
102000, 2195519, 0, 0, 0
103000, 2233665, 0, 0, 0
104001, 2212425, 0, 0, 0
105001, 2120154, 0, 0, 0
106001, 2166398, 0, 0, 0
107001, 2146768, 0, 0, 0
108000, 2227944, 0, 0, 0
109000, 2683690, 0, 0, 0
110000, 2229493, 0, 0, 0
111001, 2189219, 0, 0, 0
112000, 2246041, 0, 0, 0
113000, 2388553, 0, 0, 0
114001, 2178756, 0, 0, 0
115001, 2165282, 0, 0, 0
116003, 2184343, 0, 0, 0
117000, 2306861, 0, 0, 0
118001, 2206173, 0, 0, 0
119000, 2183364, 0, 0, 0
120001, 2202168, 0, 0, 0
121001, 2227829, 0, 0, 0
122003, 2248678, 0, 0, 0
123001, 2239522, 0, 0, 0
124001, 2378439, 0, 0, 0
125001, 2244172, 0, 0, 0
126001, 2324018, 0, 0, 0
127000, 2255490, 0, 0, 0
128001, 2277595, 0, 0, 0
129000, 2257137, 0, 0, 0
130000, 2180998, 0, 0, 0
131001, 2251874, 0, 0, 0
132001, 2165549, 0, 0, 0
133001, 2185380, 0, 0, 0
134000, 2198587, 0, 0, 0
135001, 2167895, 0, 0, 0
136001, 2264129, 0, 0, 0
137001, 2244350, 0, 0, 0
138001, 2189759, 0, 0, 0
139001, 2185585, 0, 0, 0
140001, 2205777, 0, 0, 0
141001, 2131937, 0, 0, 0
142000, 2227308, 0, 0, 0
143000, 2313770, 0, 0, 0
144001, 2324631, 0, 0, 0
145001, 2263633, 0, 0, 0
146001, 2274810, 0, 0, 0
147002, 2277761, 0, 0, 0
148001, 2318688, 0, 0, 0
149000, 2248381, 0, 0, 0
150000, 2273475, 0, 0, 0
151001, 2359621, 0, 0, 0
152001, 2244057, 0, 0, 0
153001, 2249250, 0, 0, 0
154000, 2231106, 0, 0, 0
155000, 2255127, 0, 0, 0
156000, 2249680, 0, 0, 0
157001, 2277817, 0, 0, 0
158001, 2249322, 0, 0, 0
159001, 2253231, 0, 0, 0
160001, 2219604, 0, 0, 0
161001, 2210402, 0, 0, 0
162001, 2300141, 0, 0, 0
163001, 2286491, 0, 0, 0
164001, 2312430, 0, 0, 0
165002, 2235170, 0, 0, 0
166004, 2383660, 0, 0, 0
167000, 2398090, 0, 0, 0
168000, 2435634, 0, 0, 0
169003, 2431457, 0, 0, 0
170001, 2460404, 0, 0, 0
171001, 2351908, 0, 0, 0
172001, 2354024, 0, 0, 0
173000, 2398518, 0, 0, 0
174001, 2487639, 0, 0, 0
175000, 2399064, 0, 0, 0
176002, 2545333, 0, 0, 0
177000, 2351625, 0, 0, 0
178000, 2321980, 0, 0, 0
179001, 2393308, 0, 0, 0
180001, 2407355, 0, 0, 0
