1018, 3704451, 0, 0, 0
2019, 4154516, 0, 0, 0
3003, 4187497, 0, 0, 0
4017, 4183726, 0, 0, 0
5000, 4212755, 0, 0, 0
6023, 4223261, 0, 0, 0
7019, 4128952, 0, 0, 0
8029, 4229821, 0, 0, 0
9000, 4204350, 0, 0, 0
10016, 4209956, 0, 0, 0
11019, 4212171, 0, 0, 0
12000, 4292206, 0, 0, 0
13018, 4153561, 0, 0, 0
14023, 4113399, 0, 0, 0
15022, 4116631, 0, 0, 0
16018, 4152291, 0, 0, 0
17000, 4212097, 0, 0, 0
18021, 4115036, 0, 0, 0
19016, 4122202, 0, 0, 0
20000, 4155940, 0, 0, 0
21000, 4457795, 0, 0, 0
22000, 3954189, 0, 0, 0
23025, 4173345, 0, 0, 0
24018, 4181520, 0, 0, 0
25016, 4187940, 0, 0, 0
26000, 4205553, 0, 0, 0
27017, 4224421, 0, 0, 0
28021, 4123400, 0, 0, 0
29021, 4212170, 0, 0, 0
30018, 4140590, 0, 0, 0
31000, 4203424, 0, 0, 0
32018, 4173186, 0, 0, 0
33027, 4207821, 0, 0, 0
34021, 4156896, 0, 0, 0
35015, 4171064, 0, 0, 0
36026, 4113139, 0, 0, 0
37016, 4121820, 0, 0, 0
38016, 4160855, 0, 0, 0
39025, 4140750, 0, 0, 0
40019, 4133500, 0, 0, 0
41019, 4115615, 0, 0, 0
42027, 4250758, 0, 0, 0
43021, 4251813, 0, 0, 0
44018, 4183096, 0, 0, 0
45000, 4195419, 0, 0, 0
46016, 4130934, 0, 0, 0
47000, 4187164, 0, 0, 0
48019, 4161926, 0, 0, 0
49029, 4223244, 0, 0, 0
50001, 4183059, 0, 0, 0
51018, 4186792, 0, 0, 0
52015, 4163080, 0, 0, 0
53000, 4237042, 0, 0, 0
54021, 4170060, 0, 0, 0
55002, 4148051, 0, 0, 0
56028, 4252851, 0, 0, 0
57000, 4193067, 0, 0, 0
58016, 4176467, 0, 0, 0
59017, 4167437, 0, 0, 0
60017, 4168444, 0, 0, 0
61024, 4131125, 0, 0, 0
62022, 4139414, 0, 0, 0
63015, 4197729, 0, 0, 0
64015, 4196362, 0, 0, 0
65020, 4121249, 0, 0, 0
66017, 4174131, 0, 0, 0
67000, 4247362, 0, 0, 0
68022, 4209560, 0, 0, 0
69016, 4164190, 0, 0, 0
70000, 4269229, 0, 0, 0
71023, 4112620, 0, 0, 0
72030, 4112565, 0, 0, 0
73020, 4203320, 0, 0, 0
74019, 4167156, 0, 0, 0
75018, 4113570, 0, 0, 0
76021, 4193394, 0, 0, 0
77015, 4154281, 0, 0, 0
78000, 4234480, 0, 0, 0
79020, 4159914, 0, 0, 0
80016, 4083671, 0, 0, 0
81027, 4168378, 0, 0, 0
82022, 4185496, 0, 0, 0
83016, 4226517, 0, 0, 0
84019, 4183917, 0, 0, 0
85018, 4114088, 0, 0, 0
86015, 4159568, 0, 0, 0
87018, 4194491, 0, 0, 0
88030, 4146657, 0, 0, 0
89024, 4146261, 0, 0, 0
90016, 4257388, 0, 0, 0
91019, 4254994, 0, 0, 0
92021, 4196078, 0, 0, 0
93016, 4163198, 0, 0, 0
94019, 4203360, 0, 0, 0
95015, 4144601, 0, 0, 0
96018, 4135001, 0, 0, 0
97020, 4191298, 0, 0, 0
98020, 4194411, 0, 0, 0
99030, 4219353, 0, 0, 0
100006, 4141100, 0, 0, 0
101018, 4196039, 0, 0, 0
102001, 4201812, 0, 0, 0
103020, 4223644, 0, 0, 0
104015, 4089370, 0, 0, 0
105025, 4216790, 0, 0, 0
106000, 4214864, 0, 0, 0
107016, 4085567, 0, 0, 0
108026, 4327369, 0, 0, 0
109018, 4168671, 0, 0, 0
110016, 4153136, 0, 0, 0
111016, 4040920, 0, 0, 0
112000, 4230348, 0, 0, 0
113019, 4186446, 0, 0, 0
114000, 4220687, 0, 0, 0
115018, 4136940, 0, 0, 0
116015, 4158163, 0, 0, 0
117000, 4259090, 0, 0, 0
118015, 4186377, 0, 0, 0
119018, 4219446, 0, 0, 0
120018, 4134675, 0, 0, 0
121017, 4164382, 0, 0, 0
122020, 4249092, 0, 0, 0
123020, 4174697, 0, 0, 0
124016, 4192748, 0, 0, 0
125028, 4217578, 0, 0, 0
126000, 4162112, 0, 0, 0
127019, 4159433, 0, 0, 0
128014, 4098025, 0, 0, 0
129020, 4316642, 0, 0, 0
130018, 4117822, 0, 0, 0
131029, 4201535, 0, 0, 0
132000, 4156136, 0, 0, 0
133021, 4301221, 0, 0, 0
134021, 4008735, 0, 0, 0
135000, 4175615, 0, 0, 0
136018, 4256553, 0, 0, 0
137000, 4235191, 0, 0, 0
138016, 4111867, 0, 0, 0
139020, 4225603, 0, 0, 0
140024, 4306096, 0, 0, 0
141016, 4196905, 0, 0, 0
142028, 4220689, 0, 0, 0
143023, 4108367, 0, 0, 0
144015, 4142957, 0, 0, 0
145029, 4276008, 0, 0, 0
146021, 4203678, 0, 0, 0
147019, 4187338, 0, 0, 0
148028, 4160914, 0, 0, 0
149000, 4159216, 0, 0, 0
150017, 4189622, 0, 0, 0
151000, 4208978, 0, 0, 0
152019, 4139114, 0, 0, 0
153015, 4134646, 0, 0, 0
154026, 4191752, 0, 0, 0
155020, 4107844, 0, 0, 0
156015, 4229228, 0, 0, 0
157027, 4207263, 0, 0, 0
158017, 4137861, 0, 0, 0
159018, 4140699, 0, 0, 0
160023, 4107244, 0, 0, 0
161015, 4112428, 0, 0, 0
162016, 4253888, 0, 0, 0
163021, 4150933, 0, 0, 0
164024, 4127351, 0, 0, 0
165016, 4159991, 0, 0, 0
166027, 4223760, 0, 0, 0
167019, 4208649, 0, 0, 0
168019, 4221220, 0, 0, 0
169015, 4117376, 0, 0, 0
170016, 4202057, 0, 0, 0
171019, 4056984, 0, 0, 0
172017, 4089163, 0, 0, 0
173015, 4134010, 0, 0, 0
174000, 4274044, 0, 0, 0
175018, 4166076, 0, 0, 0
176001, 4198277, 0, 0, 0
177018, 4175430, 0, 0, 0
178017, 4157145, 0, 0, 0
179027, 4177264, 0, 0, 0
180014, 4141203, 0, 0, 0
180014, 16850901, 0, 0, 0
