1000, 2103843, 0, 0, 0
2000, 2090123, 0, 0, 0
3000, 2065165, 0, 0, 0
4000, 2100999, 0, 0, 0
5000, 2118326, 0, 0, 0
6000, 2097656, 0, 0, 0
7001, 2075824, 0, 0, 0
8000, 2124200, 0, 0, 0
9000, 2155630, 0, 0, 0
10000, 2067622, 0, 0, 0
11000, 2182982, 0, 0, 0
12000, 2125204, 0, 0, 0
13000, 2150197, 0, 0, 0
14000, 2189197, 0, 0, 0
15000, 2128431, 0, 0, 0
16000, 2148074, 0, 0, 0
17000, 2173226, 0, 0, 0
18000, 2182452, 0, 0, 0
19000, 2194938, 0, 0, 0
20000, 2174386, 0, 0, 0
21000, 2239237, 0, 0, 0
22000, 2167236, 0, 0, 0
23000, 2162266, 0, 0, 0
24000, 2177538, 0, 0, 0
25000, 2194295, 0, 0, 0
26000, 2239231, 0, 0, 0
27000, 2212086, 0, 0, 0
28000, 2150094, 0, 0, 0
29001, 2160493, 0, 0, 0
30000, 2197555, 0, 0, 0
31000, 2138235, 0, 0, 0
32000, 2185893, 0, 0, 0
33001, 2152730, 0, 0, 0
34000, 2094748, 0, 0, 0
35000, 2166914, 0, 0, 0
36000, 2137093, 0, 0, 0
37013, 2096716, 0, 0, 0
38000, 2153558, 0, 0, 0
39000, 2171058, 0, 0, 0
40000, 2139468, 0, 0, 0
41000, 2134717, 0, 0, 0
42000, 2139051, 0, 0, 0
43000, 2195689, 0, 0, 0
44000, 2196137, 0, 0, 0
45000, 2170859, 0, 0, 0
46000, 2155991, 0, 0, 0
47000, 2181840, 0, 0, 0
48000, 2149754, 0, 0, 0
49000, 2228457, 0, 0, 0
50000, 2153808, 0, 0, 0
51000, 2279423, 0, 0, 0
52000, 2144400, 0, 0, 0
53000, 2138644, 0, 0, 0
54000, 2133169, 0, 0, 0
55000, 2121708, 0, 0, 0
56000, 2108370, 0, 0, 0
57000, 2114306, 0, 0, 0
58000, 2131356, 0, 0, 0
59000, 2122844, 0, 0, 0
60000, 2147648, 0, 0, 0
61000, 2132633, 0, 0, 0
62000, 2124577, 0, 0, 0
63000, 2197802, 0, 0, 0
64000, 2177272, 0, 0, 0
65000, 2115739, 0, 0, 0
66000, 2099106, 0, 0, 0
67000, 2197345, 0, 0, 0
68000, 2221323, 0, 0, 0
69000, 2164009, 0, 0, 0
70000, 2184366, 0, 0, 0
71000, 2156266, 0, 0, 0
72000, 2139076, 0, 0, 0
73000, 2139877, 0, 0, 0
74000, 2194331, 0, 0, 0
75000, 2088363, 0, 0, 0
76000, 2095219, 0, 0, 0
77000, 2153120, 0, 0, 0
78000, 2124669, 0, 0, 0
79000, 2133517, 0, 0, 0
80000, 2115186, 0, 0, 0
81000, 2182950, 0, 0, 0
82000, 2090399, 0, 0, 0
83000, 2423642, 0, 0, 0
84000, 2153582, 0, 0, 0
85000, 2157007, 0, 0, 0
86001, 2227064, 0, 0, 0
87000, 2251716, 0, 0, 0
88000, 2195595, 0, 0, 0
89000, 2126805, 0, 0, 0
90000, 2191209, 0, 0, 0
91000, 2133160, 0, 0, 0
92000, 2198083, 0, 0, 0
93000, 2111351, 0, 0, 0
94000, 2181133, 0, 0, 0
95000, 2150431, 0, 0, 0
96000, 2140715, 0, 0, 0
97000, 2133386, 0, 0, 0
98000, 2084716, 0, 0, 0
99000, 2136384, 0, 0, 0
100000, 2081174, 0, 0, 0
101000, 2106547, 0, 0, 0
102000, 2195182, 0, 0, 0
103000, 2180633, 0, 0, 0
104000, 2223658, 0, 0, 0
105000, 2150529, 0, 0, 0
106000, 2142391, 0, 0, 0
107000, 2146791, 0, 0, 0
108000, 2130170, 0, 0, 0
109000, 2157680, 0, 0, 0
110000, 2138679, 0, 0, 0
111000, 2186414, 0, 0, 0
112000, 2163346, 0, 0, 0
113000, 2107545, 0, 0, 0
114000, 2139737, 0, 0, 0
115000, 2348864, 0, 0, 0
116001, 2165460, 0, 0, 0
117000, 2113784, 0, 0, 0
118000, 2151536, 0, 0, 0
119000, 2061477, 0, 0, 0
120001, 2139625, 0, 0, 0
121000, 2067491, 0, 0, 0
122000, 2120399, 0, 0, 0
123000, 2154292, 0, 0, 0
124000, 2126882, 0, 0, 0
125000, 2127241, 0, 0, 0
126000, 2108156, 0, 0, 0
127000, 2181956, 0, 0, 0
128000, 2180892, 0, 0, 0
129000, 2174965, 0, 0, 0
130000, 2165456, 0, 0, 0
131000, 2209504, 0, 0, 0
132000, 2120156, 0, 0, 0
133000, 2235860, 0, 0, 0
134000, 2158830, 0, 0, 0
135000, 2177805, 0, 0, 0
136000, 2129842, 0, 0, 0
137000, 2171585, 0, 0, 0
138000, 2145995, 0, 0, 0
139000, 2139922, 0, 0, 0
140000, 2070796, 0, 0, 0
141000, 2142311, 0, 0, 0
142000, 2142403, 0, 0, 0
143000, 2135957, 0, 0, 0
144000, 2794943, 0, 0, 0
145000, 2184669, 0, 0, 0
146000, 2196496, 0, 0, 0
147001, 2281230, 0, 0, 0
148000, 2268584, 0, 0, 0
149000, 2289096, 0, 0, 0
150000, 2194037, 0, 0, 0
151000, 2127834, 0, 0, 0
152000, 2152583, 0, 0, 0
153000, 2171570, 0, 0, 0
154001, 2136841, 0, 0, 0
155000, 2134682, 0, 0, 0
156000, 2094982, 0, 0, 0
157000, 2114160, 0, 0, 0
158000, 2190567, 0, 0, 0
159000, 2120439, 0, 0, 0
160000, 2093956, 0, 0, 0
161000, 2084844, 0, 0, 0
162000, 2087513, 0, 0, 0
163000, 2157158, 0, 0, 0
164000, 2148972, 0, 0, 0
165000, 2152945, 0, 0, 0
166000, 2164181, 0, 0, 0
167000, 2143778, 0, 0, 0
168001, 2253349, 0, 0, 0
169000, 2167431, 0, 0, 0
170000, 2157078, 0, 0, 0
171000, 2204968, 0, 0, 0
172000, 2122193, 0, 0, 0
173000, 2074177, 0, 0, 0
174000, 2109424, 0, 0, 0
175000, 2149441, 0, 0, 0
176000, 2116007, 0, 0, 0
177000, 2144505, 0, 0, 0
178000, 2171480, 0, 0, 0
179000, 2168236, 0, 0, 0
180000, 2154523, 0, 0, 0
180002, 3407868, 0, 0, 0
