1035, 75701, 0, 0, 0
2038, 2371, 0, 0, 0
3037, 4271, 0, 0, 0
4033, 5548, 0, 0, 0
5000, 78805, 0, 0, 0
6000, 24940, 0, 0, 0
7044, 4199, 0, 0, 0
8000, 3356, 0, 0, 0
9033, 83685, 0, 0, 0
10000, 3936, 0, 0, 0
11001, 9842, 0, 0, 0
12031, 7374, 0, 0, 0
13030, 3938, 0, 0, 0
14035, 2316, 0, 0, 0
15031, 3342, 0, 0, 0
16001, 5687, 0, 0, 0
17031, 14993, 0, 0, 0
18034, 4577, 0, 0, 0
19001, 2138, 0, 0, 0
20030, 4446, 0, 0, 0
21001, 3661, 0, 0, 0
22031, 3337, 0, 0, 0
23000, 2010, 0, 0, 0
24031, 4272, 0, 0, 0
25000, 2186, 0, 0, 0
26000, 2805, 0, 0, 0
27044, 3950, 0, 0, 0
28000, 5977, 0, 0, 0
29033, 2195, 0, 0, 0
30045, 2096, 0, 0, 0
31000, 2083, 0, 0, 0
32004, 2146, 0, 0, 0
33029, 2018, 0, 0, 0
34036, 2086, 0, 0, 0
35034, 2140, 0, 0, 0
36000, 2641, 0, 0, 0
37034, 2543, 0, 0, 0
38030, 10563, 0, 0, 0
39040, 11808, 0, 0, 0
40033, 76074, 0, 0, 0
41033, 3623, 0, 0, 0
42044, 2069, 0, 0, 0
43037, 2850, 0, 0, 0
44000, 8995, 0, 0, 0
45000, 2020, 0, 0, 0
46032, 2118, 0, 0, 0
47037, 8997, 0, 0, 0
48031, 2521, 0, 0, 0
49000, 2609, 0, 0, 0
50030, 2202, 0, 0, 0
51032, 2101, 0, 0, 0
52000, 2278, 0, 0, 0
53033, 2007, 0, 0, 0
54044, 12056, 0, 0, 0
55000, 3305, 0, 0, 0
56001, 2338, 0, 0, 0
57043, 3028, 0, 0, 0
58031, 94900, 0, 0, 0
59034, 2296, 0, 0, 0
60044, 2198, 0, 0, 0
61036, 4434, 0, 0, 0
62031, 2687, 0, 0, 0
63044, 2118, 0, 0, 0
64000, 3083, 0, 0, 0
65031, 2161, 0, 0, 0
66000, 2084, 0, 0, 0
67031, 6181, 0, 0, 0
68031, 3135, 0, 0, 0
69000, 2335, 0, 0, 0
70033, 4146, 0, 0, 0
71031, 3701, 0, 0, 0
72000, 2197, 0, 0, 0
73000, 2121, 0, 0, 0
74030, 2022, 0, 0, 0
75031, 2282, 0, 0, 0
76000, 2313, 0, 0, 0
77000, 2319, 0, 0, 0
78030, 2433, 0, 0, 0
79035, 2313, 0, 0, 0
80000, 2369, 0, 0, 0
81044, 2317, 0, 0, 0
82000, 2390, 0, 0, 0
83033, 2335, 0, 0, 0
84000, 2453, 0, 0, 0
85000, 2220, 0, 0, 0
86030, 2397, 0, 0, 0
87000, 2314, 0, 0, 0
88032, 2291, 0, 0, 0
89030, 2306, 0, 0, 0
90000, 2360, 0, 0, 0
91030, 2325, 0, 0, 0
92043, 2233, 0, 0, 0
93000, 2138, 0, 0, 0
94033, 2143, 0, 0, 0
95029, 2633, 0, 0, 0
96000, 4177, 0, 0, 0
97034, 3807, 0, 0, 0
98029, 5231, 0, 0, 0
99000, 3107, 0, 0, 0
100031, 1978, 0, 0, 0
101038, 2111, 0, 0, 0
102000, 2017, 0, 0, 0
103031, 4033, 0, 0, 0
104043, 2133, 0, 0, 0
105035, 1963, 0, 0, 0
106033, 2017, 0, 0, 0
107044, 2205, 0, 0, 0
108000, 6129, 0, 0, 0
109036, 5063, 0, 0, 0
110032, 3196, 0, 0, 0
111000, 2107, 0, 0, 0
112035, 2124, 0, 0, 0
113032, 2073, 0, 0, 0
114034, 2132, 0, 0, 0
115031, 14120, 0, 0, 0
116033, 4551, 0, 0, 0
117000, 2267, 0, 0, 0
118042, 2327, 0, 0, 0
119034, 2048, 0, 0, 0
120028, 2205, 0, 0, 0
121001, 2068, 0, 0, 0
122000, 2162, 0, 0, 0
123031, 2067, 0, 0, 0
124000, 2123, 0, 0, 0
125034, 2323, 0, 0, 0
126033, 2173, 0, 0, 0
127000, 83491, 0, 0, 0
128034, 2104, 0, 0, 0
129043, 2244, 0, 0, 0
130033, 2222, 0, 0, 0
131000, 2165, 0, 0, 0
132034, 2205, 0, 0, 0
133043, 2128, 0, 0, 0
134037, 2268, 0, 0, 0
135033, 2258, 0, 0, 0
136000, 2167, 0, 0, 0
137000, 2248, 0, 0, 0
138033, 2210, 0, 0, 0
139028, 2122, 0, 0, 0
140000, 2096, 0, 0, 0
141033, 2077, 0, 0, 0
142043, 2209, 0, 0, 0
143031, 2159, 0, 0, 0
144031, 2236, 0, 0, 0
145001, 2221, 0, 0, 0
146030, 4079, 0, 0, 0
147000, 3045, 0, 0, 0
148000, 3312, 0, 0, 0
149044, 2204, 0, 0, 0
150000, 72850, 0, 0, 0
151031, 2237, 0, 0, 0
152028, 2326, 0, 0, 0
153038, 2301, 0, 0, 0
154033, 4600, 0, 0, 0
155031, 4357, 0, 0, 0
156000, 83176, 0, 0, 0
157031, 39049, 0, 0, 0
158029, 2993, 0, 0, 0
159000, 2003, 0, 0, 0
160031, 133588, 0, 0, 0
161030, 4665, 0, 0, 0
162000, 2032, 0, 0, 0
163031, 1985, 0, 0, 0
164000, 1966, 0, 0, 0
165001, 2226, 0, 0, 0
166031, 3134, 0, 0, 0
167043, 4801, 0, 0, 0
168038, 2077, 0, 0, 0
169032, 2082, 0, 0, 0
170000, 4657, 0, 0, 0
171035, 1995, 0, 0, 0
172043, 2475, 0, 0, 0
173000, 2020, 0, 0, 0
174028, 2952, 0, 0, 0
175000, 2148, 0, 0, 0
176033, 2086, 0, 0, 0
177029, 124624, 0, 0, 0
178039, 62564, 0, 0, 0
179030, 2046, 0, 0, 0
180091, 2636, 0, 0, 0
