1000, 7600, 0, 0, 0
2000, 7619, 0, 0, 0
3000, 7716, 0, 0, 0
4000, 7611, 0, 0, 0
5000, 7556, 0, 0, 0
6000, 7619, 0, 0, 0
7000, 7632, 0, 0, 0
8001, 7628, 0, 0, 0
9000, 7399, 0, 0, 0
10000, 7804, 0, 0, 0
11000, 7275, 0, 0, 0
12000, 7384, 0, 0, 0
13000, 7371, 0, 0, 0
14000, 7339, 0, 0, 0
15000, 7591, 0, 0, 0
16000, 7463, 0, 0, 0
17000, 7340, 0, 0, 0
18000, 7375, 0, 0, 0
19000, 7391, 0, 0, 0
20000, 7387, 0, 0, 0
21000, 7060, 0, 0, 0
22000, 7299, 0, 0, 0
23000, 7484, 0, 0, 0
24000, 7199, 0, 0, 0
25000, 7223, 0, 0, 0
26000, 7176, 0, 0, 0
27000, 7335, 0, 0, 0
28000, 7411, 0, 0, 0
29000, 7307, 0, 0, 0
30000, 7327, 0, 0, 0
31001, 7364, 0, 0, 0
32001, 7319, 0, 0, 0
33000, 7559, 0, 0, 0
34000, 7623, 0, 0, 0
35000, 7436, 0, 0, 0
36000, 7483, 0, 0, 0
37000, 7743, 0, 0, 0
38001, 7388, 0, 0, 0
39000, 7455, 0, 0, 0
40000, 7283, 0, 0, 0
41000, 7408, 0, 0, 0
42000, 7383, 0, 0, 0
43000, 7332, 0, 0, 0
44001, 7392, 0, 0, 0
45000, 7291, 0, 0, 0
46000, 7467, 0, 0, 0
47000, 7407, 0, 0, 0
48000, 7383, 0, 0, 0
49000, 7219, 0, 0, 0
50000, 7371, 0, 0, 0
51000, 7060, 0, 0, 0
52000, 7475, 0, 0, 0
53001, 7520, 0, 0, 0
54000, 7507, 0, 0, 0
55000, 7739, 0, 0, 0
56000, 7475, 0, 0, 0
57001, 7616, 0, 0, 0
58000, 7607, 0, 0, 0
59000, 7515, 0, 0, 0
60000, 7399, 0, 0, 0
61000, 7475, 0, 0, 0
62000, 7551, 0, 0, 0
63000, 7331, 0, 0, 0
64000, 7372, 0, 0, 0
65000, 7563, 0, 0, 0
66000, 7624, 0, 0, 0
67000, 7271, 0, 0, 0
68001, 7388, 0, 0, 0
69000, 7447, 0, 0, 0
70001, 7348, 0, 0, 0
71000, 7439, 0, 0, 0
72000, 7528, 0, 0, 0
73000, 7503, 0, 0, 0
74000, 7348, 0, 0, 0
75000, 7475, 0, 0, 0
76000, 7500, 0, 0, 0
77000, 7431, 0, 0, 0
78000, 7644, 0, 0, 0
79000, 7407, 0, 0, 0
80000, 7568, 0, 0, 0
81001, 7212, 0, 0, 0
82000, 7575, 0, 0, 0
83000, 6534, 0, 0, 0
84000, 7460, 0, 0, 0
85000, 7339, 0, 0, 0
86000, 7248, 0, 0, 0
87001, 7156, 0, 0, 0
88000, 7327, 0, 0, 0
89000, 7556, 0, 0, 0
90000, 7199, 0, 0, 0
91000, 7464, 0, 0, 0
92000, 7499, 0, 0, 0
93000, 7544, 0, 0, 0
94000, 7407, 0, 0, 0
95000, 7524, 0, 0, 0
96001, 7440, 0, 0, 0
97000, 7375, 0, 0, 0
98000, 7656, 0, 0, 0
99000, 7379, 0, 0, 0
100000, 7640, 0, 0, 0
101000, 7647, 0, 0, 0
102000, 7260, 0, 0, 0
103000, 7379, 0, 0, 0
104000, 7088, 0, 0, 0
105000, 7499, 0, 0, 0
106000, 7276, 0, 0, 0
107000, 7443, 0, 0, 0
108000, 7360, 0, 0, 0
109000, 7331, 0, 0, 0
110000, 7428, 0, 0, 0
111000, 7288, 0, 0, 0
112000, 7327, 0, 0, 0
113000, 7592, 0, 0, 0
114000, 7571, 0, 0, 0
115000, 6612, 0, 0, 0
116000, 7459, 0, 0, 0
117000, 7484, 0, 0, 0
118000, 7447, 0, 0, 0
119000, 7676, 0, 0, 0
120000, 7543, 0, 0, 0
121000, 7792, 0, 0, 0
122000, 7491, 0, 0, 0
123000, 7400, 0, 0, 0
124000, 7484, 0, 0, 0
125000, 7471, 0, 0, 0
126000, 7580, 0, 0, 0
127000, 7367, 0, 0, 0
128000, 7376, 0, 0, 0
129000, 7428, 0, 0, 0
130000, 7539, 0, 0, 0
131000, 7312, 0, 0, 0
132000, 7527, 0, 0, 0
133000, 7280, 0, 0, 0
134000, 7367, 0, 0, 0
135000, 7432, 0, 0, 0
136000, 7499, 0, 0, 0
137000, 7404, 0, 0, 0
138000, 7491, 0, 0, 0
139000, 7716, 0, 0, 0
140001, 7620, 0, 0, 0
141000, 7379, 0, 0, 0
142000, 7284, 0, 0, 0
143000, 7391, 0, 0, 0
144000, 5692, 0, 0, 0
145000, 7259, 0, 0, 0
146000, 7248, 0, 0, 0
147000, 6958, 0, 0, 0
148000, 7352, 0, 0, 0
149000, 7091, 0, 0, 0
150000, 7152, 0, 0, 0
151000, 7631, 0, 0, 0
152000, 7496, 0, 0, 0
153000, 7344, 0, 0, 0
154000, 7467, 0, 0, 0
155000, 7556, 0, 0, 0
156000, 7659, 0, 0, 0
157000, 7464, 0, 0, 0
158000, 7427, 0, 0, 0
159000, 7603, 0, 0, 0
160000, 7519, 0, 0, 0
161000, 7716, 0, 0, 0
162000, 7679, 0, 0, 0
163000, 7568, 0, 0, 0
164001, 7228, 0, 0, 0
165000, 7319, 0, 0, 0
166001, 7352, 0, 0, 0
167000, 7475, 0, 0, 0
168000, 7180, 0, 0, 0
169000, 7543, 0, 0, 0
170000, 7468, 0, 0, 0
171000, 7155, 0, 0, 0
172000, 7404, 0, 0, 0
173000, 7703, 0, 0, 0
174000, 7608, 0, 0, 0
175000, 7495, 0, 0, 0
176000, 7612, 0, 0, 0
177000, 7292, 0, 0, 0
178000, 7487, 0, 0, 0
179000, 7452, 0, 0, 0
180000, 7451, 0, 0, 0
