1000, 3829787, 0, 0, 0
2003, 4279672, 0, 0, 0
3000, 4195553, 0, 0, 0
4001, 4123858, 0, 0, 0
5000, 4137200, 0, 0, 0
6000, 4253566, 0, 0, 0
7006, 4172296, 0, 0, 0
8000, 4273460, 0, 0, 0
9000, 4217798, 0, 0, 0
10003, 4155858, 0, 0, 0
11000, 4275937, 0, 0, 0
12008, 4150141, 0, 0, 0
13004, 4271935, 0, 0, 0
14000, 4085956, 0, 0, 0
15007, 4126042, 0, 0, 0
16004, 4128990, 0, 0, 0
17001, 4094639, 0, 0, 0
18001, 4182845, 0, 0, 0
19003, 4236659, 0, 0, 0
20000, 4154608, 0, 0, 0
21006, 4171162, 0, 0, 0
22001, 4188075, 0, 0, 0
23000, 4131221, 0, 0, 0
24000, 4184066, 0, 0, 0
25001, 4047749, 0, 0, 0
26000, 4196950, 0, 0, 0
27001, 4098986, 0, 0, 0
28001, 4196882, 0, 0, 0
29000, 4209547, 0, 0, 0
30000, 4079347, 0, 0, 0
31000, 4183288, 0, 0, 0
32003, 4212192, 0, 0, 0
33001, 4082694, 0, 0, 0
34000, 4182027, 0, 0, 0
35001, 4132123, 0, 0, 0
36001, 4247063, 0, 0, 0
37005, 4279966, 0, 0, 0
38000, 4082673, 0, 0, 0
39000, 4221462, 0, 0, 0
40006, 4161450, 0, 0, 0
41001, 4186315, 0, 0, 0
42000, 4178409, 0, 0, 0
43001, 4149813, 0, 0, 0
44003, 4172056, 0, 0, 0
45001, 4153142, 0, 0, 0
46001, 4210288, 0, 0, 0
47005, 4167105, 0, 0, 0
48000, 4174849, 0, 0, 0
49001, 4199738, 0, 0, 0
50000, 4187327, 0, 0, 0
51003, 4174651, 0, 0, 0
52000, 4190383, 0, 0, 0
53006, 4139955, 0, 0, 0
54000, 4060943, 0, 0, 0
55000, 4134476, 0, 0, 0
56003, 4200762, 0, 0, 0
57000, 4176664, 0, 0, 0
58003, 4205976, 0, 0, 0
59000, 4144002, 0, 0, 0
60000, 4210806, 0, 0, 0
61002, 4012418, 0, 0, 0
62001, 4404932, 0, 0, 0
63007, 4191067, 0, 0, 0
64001, 4149719, 0, 0, 0
65001, 4182773, 0, 0, 0
66001, 4138750, 0, 0, 0
67001, 4194127, 0, 0, 0
68001, 4121867, 0, 0, 0
69001, 4228681, 0, 0, 0
70000, 4100463, 0, 0, 0
71000, 4150513, 0, 0, 0
72000, 4070547, 0, 0, 0
73000, 4149026, 0, 0, 0
74000, 4215242, 0, 0, 0
75000, 4242883, 0, 0, 0
76000, 4135570, 0, 0, 0
77000, 4185477, 0, 0, 0
78000, 4226323, 0, 0, 0
79001, 4264301, 0, 0, 0
80000, 4198806, 0, 0, 0
81003, 4096995, 0, 0, 0
82001, 4094938, 0, 0, 0
83000, 4243795, 0, 0, 0
84000, 4182851, 0, 0, 0
85000, 4199704, 0, 0, 0
86000, 4156938, 0, 0, 0
87008, 4244039, 0, 0, 0
88001, 4258860, 0, 0, 0
89000, 4173703, 0, 0, 0
90005, 4197763, 0, 0, 0
91001, 4234422, 0, 0, 0
92001, 4119825, 0, 0, 0
93000, 4234633, 0, 0, 0
94000, 4265607, 0, 0, 0
95000, 4137894, 0, 0, 0
96003, 4255870, 0, 0, 0
97002, 4219407, 0, 0, 0
98001, 4193415, 0, 0, 0
99000, 4138248, 0, 0, 0
100000, 4148594, 0, 0, 0
101000, 4261708, 0, 0, 0
102000, 4166892, 0, 0, 0
103001, 4256099, 0, 0, 0
104000, 4280411, 0, 0, 0
105000, 4131119, 0, 0, 0
106003, 4150306, 0, 0, 0
107000, 4094094, 0, 0, 0
108000, 4158032, 0, 0, 0
109000, 4190701, 0, 0, 0
110002, 4219632, 0, 0, 0
111002, 4254848, 0, 0, 0
112000, 4226899, 0, 0, 0
113000, 4332604, 0, 0, 0
114000, 4167246, 0, 0, 0
115001, 4199341, 0, 0, 0
116001, 4203373, 0, 0, 0
117002, 4228610, 0, 0, 0
118000, 4256393, 0, 0, 0
119003, 4231421, 0, 0, 0
120000, 4233239, 0, 0, 0
121006, 4368196, 0, 0, 0
122001, 4313285, 0, 0, 0
123001, 4209416, 0, 0, 0
124001, 4087859, 0, 0, 0
125001, 4155961, 0, 0, 0
126000, 4190609, 0, 0, 0
127007, 4153032, 0, 0, 0
128000, 4146469, 0, 0, 0
129001, 4184114, 0, 0, 0
130000, 4262854, 0, 0, 0
131000, 4130919, 0, 0, 0
132007, 4215273, 0, 0, 0
133000, 4238326, 0, 0, 0
134000, 4167894, 0, 0, 0
135003, 4118676, 0, 0, 0
136000, 4217164, 0, 0, 0
137007, 4124949, 0, 0, 0
138002, 4163110, 0, 0, 0
139000, 4075107, 0, 0, 0
140001, 4064056, 0, 0, 0
141002, 4179742, 0, 0, 0
142000, 4144045, 0, 0, 0
143003, 4460962, 0, 0, 0
144000, 4150309, 0, 0, 0
145007, 4178998, 0, 0, 0
146000, 4069776, 0, 0, 0
147001, 4158348, 0, 0, 0
148002, 4151806, 0, 0, 0
149000, 4332037, 0, 0, 0
150001, 4120187, 0, 0, 0
151002, 4164870, 0, 0, 0
152000, 4175168, 0, 0, 0
153000, 4149815, 0, 0, 0
154000, 4246177, 0, 0, 0
155006, 4205138, 0, 0, 0
156000, 4149431, 0, 0, 0
157000, 4208245, 0, 0, 0
158000, 4152145, 0, 0, 0
159001, 4179856, 0, 0, 0
160000, 4163902, 0, 0, 0
161001, 4231076, 0, 0, 0
162000, 4155294, 0, 0, 0
163000, 4156365, 0, 0, 0
164000, 4251594, 0, 0, 0
165000, 4200285, 0, 0, 0
166007, 4198259, 0, 0, 0
167000, 4238720, 0, 0, 0
168001, 4170430, 0, 0, 0
169004, 4186395, 0, 0, 0
170001, 4043021, 0, 0, 0
171001, 4301361, 0, 0, 0
172000, 4207036, 0, 0, 0
173000, 4478954, 0, 0, 0
174000, 4246628, 0, 0, 0
175000, 4201494, 0, 0, 0
176005, 4165215, 0, 0, 0
177001, 4109354, 0, 0, 0
178000, 4189466, 0, 0, 0
179004, 4256256, 0, 0, 0
180000, 4145976, 0, 0, 0
180000, 1745501, 0, 0, 0
