1001, 1047, 0, 0, 0
2000, 975, 0, 0, 0
3000, 914, 0, 0, 0
4001, 984, 0, 0, 0
5001, 969, 0, 0, 0
6001, 937, 0, 0, 0
7001, 965, 0, 0, 0
8000, 933, 0, 0, 0
9000, 977, 0, 0, 0
10000, 972, 0, 0, 0
11001, 952, 0, 0, 0
12000, 961, 0, 0, 0
13000, 969, 0, 0, 0
14000, 928, 0, 0, 0
15001, 983, 0, 0, 0
16001, 925, 0, 0, 0
17000, 989, 0, 0, 0
18001, 955, 0, 0, 0
19000, 974, 0, 0, 0
20001, 931, 0, 0, 0
21000, 976, 0, 0, 0
22000, 918, 0, 0, 0
23000, 979, 0, 0, 0
24001, 924, 0, 0, 0
25000, 978, 0, 0, 0
26001, 974, 0, 0, 0
27000, 929, 0, 0, 0
28001, 969, 0, 0, 0
29000, 963, 0, 0, 0
30000, 974, 0, 0, 0
31001, 926, 0, 0, 0
32000, 965, 0, 0, 0
33001, 982, 0, 0, 0
34000, 920, 0, 0, 0
35001, 965, 0, 0, 0
36001, 932, 0, 0, 0
37000, 981, 0, 0, 0
38001, 991, 0, 0, 0
39000, 918, 0, 0, 0
40000, 972, 0, 0, 0
41000, 940, 0, 0, 0
42000, 990, 0, 0, 0
43000, 929, 0, 0, 0
44001, 987, 0, 0, 0
45001, 946, 0, 0, 0
46000, 969, 0, 0, 0
47001, 934, 0, 0, 0
48000, 971, 0, 0, 0
49001, 975, 0, 0, 0
50001, 923, 0, 0, 0
51000, 965, 0, 0, 0
52001, 928, 0, 0, 0
53001, 985, 0, 0, 0
54001, 980, 0, 0, 0
55000, 922, 0, 0, 0
56001, 968, 0, 0, 0
57000, 933, 0, 0, 0
58001, 949, 0, 0, 0
59000, 988, 0, 0, 0
60001, 918, 0, 0, 0
61001, 994, 0, 0, 0
62000, 937, 0, 0, 0
63001, 978, 0, 0, 0
64000, 928, 0, 0, 0
65001, 974, 0, 0, 0
66001, 955, 0, 0, 0
67001, 958, 0, 0, 0
68000, 939, 0, 0, 0
69001, 938, 0, 0, 0
70000, 994, 0, 0, 0
71001, 935, 0, 0, 0
72000, 982, 0, 0, 0
73001, 958, 0, 0, 0
74000, 960, 0, 0, 0
75001, 928, 0, 0, 0
76000, 954, 0, 0, 0
77001, 975, 0, 0, 0
78001, 920, 0, 0, 0
79001, 963, 0, 0, 0
80001, 983, 0, 0, 0
81000, 943, 0, 0, 0
82000, 946, 0, 0, 0
83000, 957, 0, 0, 0
84000, 970, 0, 0, 0
85000, 932, 0, 0, 0
86001, 968, 0, 0, 0
87000, 960, 0, 0, 0
88001, 958, 0, 0, 0
89001, 946, 0, 0, 0
90001, 959, 0, 0, 0
91001, 950, 0, 0, 0
92000, 962, 0, 0, 0
93001, 953, 0, 0, 0
94001, 918, 0, 0, 0
95000, 977, 0, 0, 0
96001, 967, 0, 0, 0
97000, 942, 0, 0, 0
98000, 965, 0, 0, 0
99000, 968, 0, 0, 0
100000, 915, 0, 0, 0
101000, 966, 0, 0, 0
102001, 955, 0, 0, 0
103000, 946, 0, 0, 0
104000, 962, 0, 0, 0
105001, 979, 0, 0, 0
106000, 936, 0, 0, 0
107000, 960, 0, 0, 0
108001, 967, 0, 0, 0
109000, 967, 0, 0, 0
110000, 939, 0, 0, 0
111001, 980, 0, 0, 0
112001, 929, 0, 0, 0
113001, 943, 0, 0, 0
114001, 972, 0, 0, 0
115000, 971, 0, 0, 0
116001, 972, 0, 0, 0
117000, 927, 0, 0, 0
118001, 966, 0, 0, 0
119000, 949, 0, 0, 0
120000, 936, 0, 0, 0
121001, 979, 0, 0, 0
122001, 922, 0, 0, 0
123000, 976, 0, 0, 0
124000, 932, 0, 0, 0
125001, 979, 0, 0, 0
126000, 924, 0, 0, 0
127001, 993, 0, 0, 0
128000, 963, 0, 0, 0
129001, 923, 0, 0, 0
130001, 966, 0, 0, 0
131000, 991, 0, 0, 0
132001, 929, 0, 0, 0
133000, 964, 0, 0, 0
134000, 973, 0, 0, 0
135000, 933, 0, 0, 0
136000, 979, 0, 0, 0
137000, 940, 0, 0, 0
138001, 940, 0, 0, 0
139000, 972, 0, 0, 0
140001, 929, 0, 0, 0
141000, 974, 0, 0, 0
142001, 967, 0, 0, 0
143000, 918, 0, 0, 0
144000, 973, 0, 0, 0
145001, 986, 0, 0, 0
146001, 939, 0, 0, 0
147000, 936, 0, 0, 0
148000, 984, 0, 0, 0
149001, 914, 0, 0, 0
150001, 985, 0, 0, 0
151001, 954, 0, 0, 0
152001, 931, 0, 0, 0
153001, 962, 0, 0, 0
154001, 984, 0, 0, 0
155000, 910, 0, 0, 0
156001, 983, 0, 0, 0
157000, 963, 0, 0, 0
158001, 933, 0, 0, 0
159001, 982, 0, 0, 0
160000, 956, 0, 0, 0
161000, 945, 0, 0, 0
162001, 960, 0, 0, 0
163001, 975, 0, 0, 0
164000, 932, 0, 0, 0
165000, 961, 0, 0, 0
166001, 976, 0, 0, 0
167000, 926, 0, 0, 0
168001, 973, 0, 0, 0
169000, 933, 0, 0, 0
170001, 980, 0, 0, 0
171000, 975, 0, 0, 0
172001, 938, 0, 0, 0
173001, 982, 0, 0, 0
174000, 931, 0, 0, 0
175000, 963, 0, 0, 0
176000, 960, 0, 0, 0
177000, 941, 0, 0, 0
178001, 968, 0, 0, 0
179000, 963, 0, 0, 0
180000, 914, 0, 0, 0
