1001, 2188505, 0, 0, 0
2000, 2193160, 0, 0, 0
3000, 2113561, 0, 0, 0
4000, 2161963, 0, 0, 0
5000, 2083933, 0, 0, 0
6000, 2120525, 0, 0, 0
7000, 2079716, 0, 0, 0
8000, 2116622, 0, 0, 0
9001, 2093954, 0, 0, 0
10001, 2097586, 0, 0, 0
11000, 2093065, 0, 0, 0
12000, 2151356, 0, 0, 0
13000, 2206973, 0, 0, 0
14000, 2171671, 0, 0, 0
15000, 2110640, 0, 0, 0
16000, 2202118, 0, 0, 0
17000, 2147344, 0, 0, 0
18000, 2164479, 0, 0, 0
19000, 2154467, 0, 0, 0
20001, 2139349, 0, 0, 0
21000, 2210438, 0, 0, 0
22000, 2184337, 0, 0, 0
23000, 2149665, 0, 0, 0
24000, 2294135, 0, 0, 0
25000, 2140154, 0, 0, 0
26002, 2297654, 0, 0, 0
27000, 2335561, 0, 0, 0
28000, 2317655, 0, 0, 0
29000, 2151345, 0, 0, 0
30000, 2208577, 0, 0, 0
31000, 2203937, 0, 0, 0
32000, 2204785, 0, 0, 0
33000, 2222418, 0, 0, 0
34000, 2253576, 0, 0, 0
35000, 2203156, 0, 0, 0
36000, 2128151, 0, 0, 0
37000, 2194435, 0, 0, 0
38000, 2178861, 0, 0, 0
39001, 2178910, 0, 0, 0
40000, 2174392, 0, 0, 0
41000, 2169390, 0, 0, 0
42001, 2160119, 0, 0, 0
43000, 2198644, 0, 0, 0
44000, 2154617, 0, 0, 0
45000, 2151736, 0, 0, 0
46000, 2133911, 0, 0, 0
47000, 2198842, 0, 0, 0
48000, 2144767, 0, 0, 0
49000, 2143368, 0, 0, 0
50001, 2134896, 0, 0, 0
51001, 2139980, 0, 0, 0
52000, 2200409, 0, 0, 0
53000, 2119965, 0, 0, 0
54000, 2153816, 0, 0, 0
55001, 2206535, 0, 0, 0
56000, 2220061, 0, 0, 0
57000, 2155289, 0, 0, 0
58000, 2144430, 0, 0, 0
59000, 2159572, 0, 0, 0
60000, 2150386, 0, 0, 0
61000, 2203113, 0, 0, 0
62000, 2167840, 0, 0, 0
63001, 2205902, 0, 0, 0
64000, 2144674, 0, 0, 0
65000, 2154848, 0, 0, 0
66001, 2133764, 0, 0, 0
67000, 2215930, 0, 0, 0
68001, 2170194, 0, 0, 0
69001, 2146855, 0, 0, 0
70001, 2170754, 0, 0, 0
71000, 2102851, 0, 0, 0
72000, 2065815, 0, 0, 0
73000, 2209868, 0, 0, 0
74001, 2290752, 0, 0, 0
75000, 2078570, 0, 0, 0
76001, 2110675, 0, 0, 0
77000, 2123709, 0, 0, 0
78000, 2181995, 0, 0, 0
79000, 2172904, 0, 0, 0
80000, 2107602, 0, 0, 0
81000, 2173477, 0, 0, 0
82000, 2138210, 0, 0, 0
83001, 2088176, 0, 0, 0
84000, 2193621, 0, 0, 0
85001, 2140917, 0, 0, 0
86000, 2209147, 0, 0, 0
87000, 2126041, 0, 0, 0
88000, 2109554, 0, 0, 0
89000, 2195224, 0, 0, 0
90000, 2190279, 0, 0, 0
91000, 2156851, 0, 0, 0
92000, 2145225, 0, 0, 0
93001, 2208730, 0, 0, 0
94000, 2193816, 0, 0, 0
95000, 2175353, 0, 0, 0
96001, 2181699, 0, 0, 0
97000, 2186529, 0, 0, 0
98000, 2226913, 0, 0, 0
99000, 2139304, 0, 0, 0
100000, 2152576, 0, 0, 0
101000, 2134382, 0, 0, 0
102000, 2087343, 0, 0, 0
103000, 2216323, 0, 0, 0
104001, 2160592, 0, 0, 0
105000, 2160119, 0, 0, 0
106000, 2278421, 0, 0, 0
107000, 2200996, 0, 0, 0
108000, 2209586, 0, 0, 0
109001, 2316871, 0, 0, 0
110000, 2133699, 0, 0, 0
111001, 2198013, 0, 0, 0
112000, 2186916, 0, 0, 0
113001, 2124098, 0, 0, 0
114000, 2196845, 0, 0, 0
115000, 2146349, 0, 0, 0
116000, 2140165, 0, 0, 0
117000, 2147746, 0, 0, 0
118000, 2194367, 0, 0, 0
119001, 2243989, 0, 0, 0
120001, 2215728, 0, 0, 0
121000, 2423654, 0, 0, 0
122001, 2207825, 0, 0, 0
123001, 2220398, 0, 0, 0
124000, 2216701, 0, 0, 0
125000, 2197839, 0, 0, 0
126000, 2248701, 0, 0, 0
127000, 2216305, 0, 0, 0
128000, 2178940, 0, 0, 0
129000, 2248049, 0, 0, 0
130001, 2277595, 0, 0, 0
131000, 2157484, 0, 0, 0
132000, 2164401, 0, 0, 0
133003, 2170661, 0, 0, 0
134000, 2191957, 0, 0, 0
135000, 2177979, 0, 0, 0
136001, 2204913, 0, 0, 0
137000, 2169926, 0, 0, 0
138000, 2214844, 0, 0, 0
139001, 2230609, 0, 0, 0
140001, 2189655, 0, 0, 0
141000, 2183353, 0, 0, 0
142000, 2200898, 0, 0, 0
143000, 2207927, 0, 0, 0
144000, 2276734, 0, 0, 0
145000, 2229932, 0, 0, 0
146000, 2204618, 0, 0, 0
147000, 2250588, 0, 0, 0
148000, 2230319, 0, 0, 0
149000, 2189475, 0, 0, 0
150000, 2243230, 0, 0, 0
151000, 2231255, 0, 0, 0
152001, 2212213, 0, 0, 0
153000, 2299948, 0, 0, 0
154001, 2210477, 0, 0, 0
155000, 2171543, 0, 0, 0
156001, 2175174, 0, 0, 0
157001, 2194346, 0, 0, 0
158000, 2212714, 0, 0, 0
159000, 2202522, 0, 0, 0
160001, 2235261, 0, 0, 0
161000, 2166290, 0, 0, 0
162000, 2174207, 0, 0, 0
163000, 2159545, 0, 0, 0
164000, 2180058, 0, 0, 0
165000, 2212238, 0, 0, 0
166001, 2162914, 0, 0, 0
167001, 2194169, 0, 0, 0
168000, 2232794, 0, 0, 0
169000, 2207691, 0, 0, 0
170000, 2208147, 0, 0, 0
171001, 2206040, 0, 0, 0
172000, 2173431, 0, 0, 0
173000, 2156953, 0, 0, 0
174001, 2190615, 0, 0, 0
175000, 2359766, 0, 0, 0
176000, 2229708, 0, 0, 0
177001, 2138715, 0, 0, 0
178000, 2179120, 0, 0, 0
179000, 2149133, 0, 0, 0
180000, 2186212, 0, 0, 0
180003, 3458274, 0, 0, 0
