1001, 1894, 0, 0, 0
2002, 1890, 0, 0, 0
3000, 2136, 0, 0, 0
4000, 1894, 0, 0, 0
5000, 1946, 0, 0, 0
6001, 2082, 0, 0, 0
7005, 1998, 0, 0, 0
8000, 2173, 0, 0, 0
9000, 2006, 0, 0, 0
10003, 1920, 0, 0, 0
11001, 1972, 0, 0, 0
12007, 1841, 0, 0, 0
13002, 1899, 0, 0, 0
14000, 2132, 0, 0, 0
15007, 1976, 0, 0, 0
16004, 1949, 0, 0, 0
17000, 1915, 0, 0, 0
18000, 1996, 0, 0, 0
19002, 1893, 0, 0, 0
20000, 1891, 0, 0, 0
21006, 2042, 0, 0, 0
22001, 2049, 0, 0, 0
23000, 2097, 0, 0, 0
24000, 2030, 0, 0, 0
25000, 1858, 0, 0, 0
26000, 1960, 0, 0, 0
27093, 2012, 0, 0, 0
28001, 1958, 0, 0, 0
29000, 1997, 0, 0, 0
30001, 1941, 0, 0, 0
31000, 2011, 0, 0, 0
32002, 1915, 0, 0, 0
33000, 2008, 0, 0, 0
34000, 1908, 0, 0, 0
35000, 1832, 0, 0, 0
36000, 1787, 0, 0, 0
37005, 1928, 0, 0, 0
38001, 1817, 0, 0, 0
39001, 1956, 0, 0, 0
40005, 2047, 0, 0, 0
41000, 2045, 0, 0, 0
42000, 2037, 0, 0, 0
43002, 1969, 0, 0, 0
44003, 1919, 0, 0, 0
45000, 1923, 0, 0, 0
46000, 1930, 0, 0, 0
47004, 1884, 0, 0, 0
48001, 1972, 0, 0, 0
49001, 2044, 0, 0, 0
50000, 1980, 0, 0, 0
51003, 1973, 0, 0, 0
52000, 2227, 0, 0, 0
53005, 2019, 0, 0, 0
54000, 2024, 0, 0, 0
55000, 1954, 0, 0, 0
56002, 1931, 0, 0, 0
57000, 2049, 0, 0, 0
58002, 2104, 0, 0, 0
59001, 1975, 0, 0, 0
60001, 1973, 0, 0, 0
61001, 2053, 0, 0, 0
62001, 2046, 0, 0, 0
63006, 1880, 0, 0, 0
64000, 1838, 0, 0, 0
65001, 1959, 0, 0, 0
66000, 1969, 0, 0, 0
67000, 1922, 0, 0, 0
68000, 1964, 0, 0, 0
69000, 2064, 0, 0, 0
70000, 2420, 0, 0, 0
71000, 1976, 0, 0, 0
72001, 1896, 0, 0, 0
73000, 1911, 0, 0, 0
74000, 1858, 0, 0, 0
75001, 1876, 0, 0, 0
76000, 2049, 0, 0, 0
77001, 2109, 0, 0, 0
78002, 2068, 0, 0, 0
79001, 2135, 0, 0, 0
80001, 2206, 0, 0, 0
81003, 2124, 0, 0, 0
82000, 1945, 0, 0, 0
83001, 1988, 0, 0, 0
84000, 2110, 0, 0, 0
85000, 2113, 0, 0, 0
86000, 1957, 0, 0, 0
87008, 1886, 0, 0, 0
88000, 2045, 0, 0, 0
89001, 1899, 0, 0, 0
90005, 2051, 0, 0, 0
91000, 1914, 0, 0, 0
92001, 2007, 0, 0, 0
93000, 2105, 0, 0, 0
94000, 2160, 0, 0, 0
95000, 1991, 0, 0, 0
96003, 1939, 0, 0, 0
97000, 2006, 0, 0, 0
98000, 1862, 0, 0, 0
99000, 2251, 0, 0, 0
100000, 1817, 0, 0, 0
101000, 1902, 0, 0, 0
102000, 2000, 0, 0, 0
103000, 1889, 0, 0, 0
104000, 1990, 0, 0, 0
105000, 1986, 0, 0, 0
106003, 1968, 0, 0, 0
107001, 1990, 0, 0, 0
108000, 1954, 0, 0, 0
109000, 1905, 0, 0, 0
110001, 1936, 0, 0, 0
111002, 1895, 0, 0, 0
112000, 2032, 0, 0, 0
113000, 1928, 0, 0, 0
114002, 2099, 0, 0, 0
115000, 2087, 0, 0, 0
116001, 1926, 0, 0, 0
117001, 2069, 0, 0, 0
118000, 1973, 0, 0, 0
119003, 1942, 0, 0, 0
120000, 1921, 0, 0, 0
121004, 1964, 0, 0, 0
122000, 1916, 0, 0, 0
123000, 1873, 0, 0, 0
124001, 1806, 0, 0, 0
125001, 1880, 0, 0, 0
126002, 1815, 0, 0, 0
127007, 1827, 0, 0, 0
128000, 1950, 0, 0, 0
129002, 1825, 0, 0, 0
130000, 1863, 0, 0, 0
131000, 1871, 0, 0, 0
132006, 1926, 0, 0, 0
133000, 1978, 0, 0, 0
134000, 1963, 0, 0, 0
135002, 2000, 0, 0, 0
136000, 1922, 0, 0, 0
137007, 2012, 0, 0, 0
138001, 2018, 0, 0, 0
139001, 1988, 0, 0, 0
140000, 1874, 0, 0, 0
141001, 1812, 0, 0, 0
142000, 1851, 0, 0, 0
143003, 2088, 0, 0, 0
144000, 2168, 0, 0, 0
145007, 2063, 0, 0, 0
146000, 1975, 0, 0, 0
147000, 2017, 0, 0, 0
148001, 2150, 0, 0, 0
149000, 2095, 0, 0, 0
150000, 2023, 0, 0, 0
151001, 2054, 0, 0, 0
152001, 2032, 0, 0, 0
153000, 2077, 0, 0, 0
154001, 2201, 0, 0, 0
155005, 1973, 0, 0, 0
156000, 2056, 0, 0, 0
157000, 2111, 0, 0, 0
158000, 1999, 0, 0, 0
159001, 2150, 0, 0, 0
160000, 2015, 0, 0, 0
161000, 1995, 0, 0, 0
162000, 1956, 0, 0, 0
163001, 2035, 0, 0, 0
164000, 2193, 0, 0, 0
165000, 2016, 0, 0, 0
166007, 2007, 0, 0, 0
167000, 2299, 0, 0, 0
168000, 2220, 0, 0, 0
169004, 2232, 0, 0, 0
170000, 2192, 0, 0, 0
171001, 2188, 0, 0, 0
172001, 2067, 0, 0, 0
173001, 2120, 0, 0, 0
174001, 2041, 0, 0, 0
175001, 1947, 0, 0, 0
176003, 2026, 0, 0, 0
177000, 2064, 0, 0, 0
178000, 1849, 0, 0, 0
179003, 1871, 0, 0, 0
180001, 2135, 0, 0, 0
