1000, 2265462, 0, 0, 0
2001, 2187129, 0, 0, 0
3000, 2315042, 0, 0, 0
4000, 2240122, 0, 0, 0
5000, 2244139, 0, 0, 0
6000, 2243340, 0, 0, 0
7002, 2284455, 0, 0, 0
8000, 2307463, 0, 0, 0
9000, 2424409, 0, 0, 0
10000, 2588099, 0, 0, 0
11010, 2341815, 0, 0, 0
12001, 2322512, 0, 0, 0
13001, 2260159, 0, 0, 0
14000, 2318599, 0, 0, 0
15000, 2225239, 0, 0, 0
16001, 2287004, 0, 0, 0
17001, 2276036, 0, 0, 0
18000, 2230984, 0, 0, 0
19000, 2340336, 0, 0, 0
20000, 2208928, 0, 0, 0
21002, 2321182, 0, 0, 0
22001, 2227805, 0, 0, 0
23000, 2226223, 0, 0, 0
24001, 2170217, 0, 0, 0
25001, 2428381, 0, 0, 0
26001, 2245087, 0, 0, 0
27000, 2196844, 0, 0, 0
28001, 2105044, 0, 0, 0
29002, 2267653, 0, 0, 0
30000, 2205323, 0, 0, 0
31000, 2237719, 0, 0, 0
32001, 2241950, 0, 0, 0
33001, 2201211, 0, 0, 0
34000, 2276129, 0, 0, 0
35002, 2248648, 0, 0, 0
36000, 2340967, 0, 0, 0
37000, 2300890, 0, 0, 0
38000, 2259763, 0, 0, 0
39000, 2175839, 0, 0, 0
40000, 2184705, 0, 0, 0
41000, 2191938, 0, 0, 0
42000, 2268144, 0, 0, 0
43000, 2265645, 0, 0, 0
44000, 2205500, 0, 0, 0
45000, 2264527, 0, 0, 0
46001, 2287850, 0, 0, 0
47001, 2179456, 0, 0, 0
48001, 2239663, 0, 0, 0
49001, 2243961, 0, 0, 0
50001, 2190104, 0, 0, 0
51000, 2232197, 0, 0, 0
52000, 2180826, 0, 0, 0
53001, 2205579, 0, 0, 0
54000, 2237616, 0, 0, 0
55000, 2301804, 0, 0, 0
56001, 2302314, 0, 0, 0
57000, 2370706, 0, 0, 0
58000, 2234436, 0, 0, 0
59000, 2210092, 0, 0, 0
60004, 2272128, 0, 0, 0
61001, 2198576, 0, 0, 0
62000, 2207940, 0, 0, 0
63001, 2144287, 0, 0, 0
64004, 2216569, 0, 0, 0
65001, 2221764, 0, 0, 0
66001, 2301396, 0, 0, 0
67001, 2271755, 0, 0, 0
68001, 2232201, 0, 0, 0
69001, 2225534, 0, 0, 0
70000, 2385683, 0, 0, 0
71000, 2190869, 0, 0, 0
72001, 2167942, 0, 0, 0
73001, 2372737, 0, 0, 0
74000, 2299502, 0, 0, 0
75000, 2253980, 0, 0, 0
76002, 2161178, 0, 0, 0
77001, 2236905, 0, 0, 0
78001, 2324019, 0, 0, 0
79000, 2241831, 0, 0, 0
80001, 2364517, 0, 0, 0
81000, 2286732, 0, 0, 0
82001, 2252002, 0, 0, 0
83000, 2359920, 0, 0, 0
84000, 2285730, 0, 0, 0
85001, 2187157, 0, 0, 0
86001, 2224653, 0, 0, 0
87001, 2275664, 0, 0, 0
88000, 2362628, 0, 0, 0
89002, 2259187, 0, 0, 0
90000, 2297789, 0, 0, 0
91001, 2224866, 0, 0, 0
92001, 2254612, 0, 0, 0
93000, 4825700, 0, 0, 0
94000, 2184154, 0, 0, 0
95001, 2216328, 0, 0, 0
96000, 2310611, 0, 0, 0
97000, 2258656, 0, 0, 0
98000, 2266522, 0, 0, 0
99001, 2226427, 0, 0, 0
100002, 2280869, 0, 0, 0
101000, 2225575, 0, 0, 0
102001, 2260758, 0, 0, 0
103000, 2182980, 0, 0, 0
104001, 2282962, 0, 0, 0
105000, 2257589, 0, 0, 0
106000, 2243813, 0, 0, 0
107001, 2237578, 0, 0, 0
108001, 2274962, 0, 0, 0
109001, 2258082, 0, 0, 0
110001, 2181251, 0, 0, 0
111000, 2283931, 0, 0, 0
112048, 2383056, 0, 0, 0
113000, 2151144, 0, 0, 0
114002, 2274822, 0, 0, 0
115001, 2202494, 0, 0, 0
116004, 2215911, 0, 0, 0
117001, 2207669, 0, 0, 0
118000, 2241882, 0, 0, 0
119001, 2235291, 0, 0, 0
120001, 2235520, 0, 0, 0
121001, 2284754, 0, 0, 0
122000, 2182648, 0, 0, 0
123001, 2220419, 0, 0, 0
124001, 2210955, 0, 0, 0
125002, 2219991, 0, 0, 0
126000, 2260565, 0, 0, 0
127000, 2235517, 0, 0, 0
128001, 2135456, 0, 0, 0
129000, 2257922, 0, 0, 0
130000, 2214097, 0, 0, 0
131001, 2250693, 0, 0, 0
132001, 2177583, 0, 0, 0
133001, 2151655, 0, 0, 0
134000, 2135140, 0, 0, 0
135000, 2140651, 0, 0, 0
136002, 2192431, 0, 0, 0
137001, 2199158, 0, 0, 0
138004, 2205942, 0, 0, 0
139001, 2216650, 0, 0, 0
140000, 2243949, 0, 0, 0
141000, 2179611, 0, 0, 0
142002, 2258741, 0, 0, 0
143002, 2184444, 0, 0, 0
144000, 2171774, 0, 0, 0
145001, 2537927, 0, 0, 0
146000, 2213766, 0, 0, 0
147000, 2204291, 0, 0, 0
148001, 2164209, 0, 0, 0
149000, 2212131, 0, 0, 0
150001, 2200575, 0, 0, 0
151001, 2219515, 0, 0, 0
152375, 3594127, 0, 0, 0
153000, 2154412, 0, 0, 0
154000, 2155572, 0, 0, 0
155001, 2164722, 0, 0, 0
156001, 2128818, 0, 0, 0
157000, 2165241, 0, 0, 0
158002, 2218239, 0, 0, 0
159000, 2161191, 0, 0, 0
160001, 2253584, 0, 0, 0
161000, 2130424, 0, 0, 0
162000, 2148641, 0, 0, 0
163000, 2128369, 0, 0, 0
164000, 2147900, 0, 0, 0
165000, 2080819, 0, 0, 0
166001, 2114423, 0, 0, 0
167000, 2216135, 0, 0, 0
168000, 2121256, 0, 0, 0
169000, 2155427, 0, 0, 0
170000, 2187193, 0, 0, 0
171000, 2104908, 0, 0, 0
172000, 2144024, 0, 0, 0
173001, 2236680, 0, 0, 0
174000, 2086662, 0, 0, 0
175001, 2137323, 0, 0, 0
176001, 2151524, 0, 0, 0
177000, 2085815, 0, 0, 0
178000, 2187004, 0, 0, 0
179000, 2151162, 0, 0, 0
180002, 2134997, 0, 0, 0
