1000, 1081, 1, 0, 0
2000, 958, 1, 0, 0
3000, 950, 1, 0, 0
4000, 948, 1, 0, 0
5001, 965, 1, 0, 0
6001, 945, 1, 0, 0
7001, 933, 1, 0, 0
8001, 968, 1, 0, 0
9001, 945, 1, 0, 0
10001, 966, 1, 0, 0
11001, 960, 1, 0, 0
12000, 961, 1, 0, 0
13000, 954, 1, 0, 0
14000, 957, 1, 0, 0
15000, 954, 1, 0, 0
16000, 953, 1, 0, 0
17000, 974, 1, 0, 0
18000, 966, 1, 0, 0
19000, 966, 1, 0, 0
20001, 968, 1, 0, 0
21001, 945, 1, 0, 0
22001, 967, 1, 0, 0
23001, 951, 1, 0, 0
24001, 979, 1, 0, 0
25001, 979, 1, 0, 0
26001, 952, 1, 0, 0
27000, 947, 1, 0, 0
28000, 952, 1, 0, 0
29000, 961, 1, 0, 0
30000, 955, 1, 0, 0
31000, 958, 1, 0, 0
32000, 961, 1, 0, 0
33000, 934, 1, 0, 0
34001, 967, 1, 0, 0
35001, 951, 1, 0, 0
36001, 939, 1, 0, 0
37001, 955, 1, 0, 0
38001, 949, 1, 0, 0
39001, 953, 1, 0, 0
40001, 961, 1, 0, 0
41001, 954, 1, 0, 0
42000, 954, 1, 0, 0
43000, 966, 1, 0, 0
44000, 958, 1, 0, 0
45000, 960, 1, 0, 0
46001, 956, 1, 0, 0
47001, 947, 1, 0, 0
48001, 953, 1, 0, 0
49001, 935, 1, 0, 0
50001, 949, 1, 0, 0
51000, 958, 1, 0, 0
52000, 952, 1, 0, 0
53000, 963, 1, 0, 0
54000, 944, 1, 0, 0
55001, 955, 1, 0, 0
56001, 957, 1, 0, 0
57001, 949, 1, 0, 0
58001, 948, 1, 0, 0
59001, 961, 1, 0, 0
60001, 941, 1, 0, 0
61000, 950, 1, 0, 0
62000, 949, 1, 0, 0
63000, 956, 1, 0, 0
64001, 958, 1, 0, 0
65001, 961, 1, 0, 0
66001, 965, 1, 0, 0
67001, 956, 1, 0, 0
68001, 921, 1, 0, 0
69001, 976, 1, 0, 0
70001, 948, 1, 0, 0
71000, 962, 1, 0, 0
72000, 960, 1, 0, 0
73000, 969, 1, 0, 0
74000, 948, 1, 0, 0
75000, 945, 1, 0, 0
76001, 952, 1, 0, 0
77001, 946, 1, 0, 0
78001, 939, 1, 0, 0
79001, 986, 1, 0, 0
80000, 972, 1, 0, 0
81000, 943, 1, 0, 0
82000, 957, 1, 0, 0
83000, 950, 1, 0, 0
84001, 969, 1, 0, 0
85001, 951, 1, 0, 0
86001, 957, 1, 0, 0
87001, 968, 1, 0, 0
88001, 937, 1, 0, 0
89000, 965, 1, 0, 0
90000, 963, 1, 0, 0
91000, 949, 1, 0, 0
92000, 947, 1, 0, 0
93001, 955, 1, 0, 0
94001, 966, 1, 0, 0
95001, 963, 1, 0, 0
96001, 962, 1, 0, 0
97000, 965, 1, 0, 0
98000, 954, 1, 0, 0
99000, 945, 1, 0, 0
100000, 951, 1, 0, 0
101001, 943, 1, 0, 0
102001, 963, 1, 0, 0
103001, 946, 1, 0, 0
104001, 948, 1, 0, 0
105001, 954, 1, 0, 0
106000, 961, 1, 0, 0
107000, 950, 1, 0, 0
108000, 935, 1, 0, 0
109001, 954, 1, 0, 0
110001, 966, 1, 0, 0
111001, 953, 1, 0, 0
112001, 960, 1, 0, 0
113000, 970, 1, 0, 0
114000, 958, 1, 0, 0
115000, 956, 1, 0, 0
116001, 963, 1, 0, 0
117001, 953, 1, 0, 0
118001, 956, 1, 0, 0
119000, 963, 1, 0, 0
120000, 932, 1, 0, 0
121001, 949, 1, 0, 0
122001, 960, 1, 0, 0
123001, 958, 1, 0, 0
124001, 963, 1, 0, 0
125000, 961, 1, 0, 0
126000, 979, 1, 0, 0
127000, 951, 1, 0, 0
128001, 959, 1, 0, 0
129001, 973, 1, 0, 0
130001, 967, 1, 0, 0
131001, 966, 1, 0, 0
132000, 962, 1, 0, 0
133000, 966, 1, 0, 0
134000, 947, 1, 0, 0
135000, 804, 1, 0, 0
136000, 975, 1, 0, 0
137001, 939, 1, 0, 0
138001, 984, 1, 0, 0
139001, 952, 1, 0, 0
140001, 946, 1, 0, 0
141001, 959, 1, 0, 0
142001, 939, 1, 0, 0
143001, 947, 1, 0, 0
144000, 959, 1, 0, 0
145000, 954, 1, 0, 0
146000, 964, 1, 0, 0
147000, 944, 1, 0, 0
148000, 960, 1, 0, 0
149000, 962, 1, 0, 0
150001, 958, 1, 0, 0
151001, 966, 1, 0, 0
152001, 950, 1, 0, 0
153001, 969, 1, 0, 0
154001, 955, 1, 0, 0
155001, 964, 1, 0, 0
156001, 951, 1, 0, 0
157001, 963, 1, 0, 0
158000, 948, 1, 0, 0
159000, 951, 1, 0, 0
160000, 957, 1, 0, 0
161000, 970, 1, 0, 0
162000, 946, 1, 0, 0
163000, 970, 1, 0, 0
164000, 957, 1, 0, 0
165000, 983, 1, 0, 0
166001, 970, 1, 0, 0
167001, 958, 1, 0, 0
168001, 943, 1, 0, 0
169001, 942, 1, 0, 0
170001, 969, 1, 0, 0
171001, 946, 1, 0, 0
172001, 975, 1, 0, 0
173000, 944, 1, 0, 0
174000, 944, 1, 0, 0
175001, 964, 1, 0, 0
176001, 1002, 1, 0, 0
177001, 947, 1, 0, 0
178001, 959, 1, 0, 0
179000, 942, 1, 0, 0
180000, 960, 1, 0, 0
