1013, 1964, 0, 0, 0
2012, 1953, 0, 0, 0
3020, 1911, 0, 0, 0
4011, 1931, 0, 0, 0
5006, 1888, 0, 0, 0
6018, 1888, 0, 0, 0
7010, 1920, 0, 0, 0
8006, 1893, 0, 0, 0
9012, 1825, 0, 0, 0
10010, 1935, 0, 0, 0
11006, 1913, 0, 0, 0
12005, 1820, 0, 0, 0
13008, 1864, 0, 0, 0
14015, 1910, 0, 0, 0
15010, 1870, 0, 0, 0
16007, 1948, 0, 0, 0
17019, 1963, 0, 0, 0
18015, 1990, 0, 0, 0
19010, 1800, 0, 0, 0
20020, 1984, 0, 0, 0
21011, 2009, 0, 0, 0
22006, 1910, 0, 0, 0
23009, 1717, 0, 0, 0
24006, 1804, 0, 0, 0
25018, 1834, 0, 0, 0
26010, 1889, 0, 0, 0
27006, 1866, 0, 0, 0
28010, 1919, 0, 0, 0
29006, 1874, 0, 0, 0
30015, 1883, 0, 0, 0
31007, 1899, 0, 0, 0
32019, 1887, 0, 0, 0
33008, 1878, 0, 0, 0
34010, 1826, 0, 0, 0
35005, 1866, 0, 0, 0
36013, 1820, 0, 0, 0
37010, 1791, 0, 0, 0
38019, 1835, 0, 0, 0
39016, 1830, 0, 0, 0
40009, 1827, 0, 0, 0
41011, 1966, 0, 0, 0
42013, 1814, 0, 0, 0
43005, 1914, 0, 0, 0
44008, 1921, 0, 0, 0
45019, 1814, 0, 0, 0
46012, 1827, 0, 0, 0
47008, 1842, 0, 0, 0
48008, 1806, 0, 0, 0
49013, 1851, 0, 0, 0
50008, 1769, 0, 0, 0
51013, 1873, 0, 0, 0
52006, 1870, 0, 0, 0
53006, 1859, 0, 0, 0
54005, 1930, 0, 0, 0
55007, 2041, 0, 0, 0
56005, 1884, 0, 0, 0
57012, 1870, 0, 0, 0
58009, 1778, 0, 0, 0
59019, 1789, 0, 0, 0
60013, 1953, 0, 0, 0
61008, 1921, 0, 0, 0
62020, 2017, 0, 0, 0
63014, 1807, 0, 0, 0
64008, 1931, 0, 0, 0
65018, 1860, 0, 0, 0
66012, 1782, 0, 0, 0
67005, 1857, 0, 0, 0
68008, 1871, 0, 0, 0
69013, 1898, 0, 0, 0
70005, 1822, 0, 0, 0
71005, 1922, 0, 0, 0
72007, 1996, 0, 0, 0
73007, 1949, 0, 0, 0
74014, 1955, 0, 0, 0
75007, 1918, 0, 0, 0
76005, 1909, 0, 0, 0
77018, 1911, 0, 0, 0
78007, 2010, 0, 0, 0
79007, 1887, 0, 0, 0
80012, 1907, 0, 0, 0
81012, 1860, 0, 0, 0
82006, 1921, 0, 0, 0
83020, 1954, 0, 0, 0
84010, 1972, 0, 0, 0
85013, 1957, 0, 0, 0
86005, 1994, 0, 0, 0
87009, 2082, 0, 0, 0
88006, 2069, 0, 0, 0
89014, 1887, 0, 0, 0
90013, 1821, 0, 0, 0
91008, 1842, 0, 0, 0
92017, 1768, 0, 0, 0
93011, 1773, 0, 0, 0
94018, 1755, 0, 0, 0
95010, 1712, 0, 0, 0
96006, 1783, 0, 0, 0
97013, 1882, 0, 0, 0
98007, 1770, 0, 0, 0
99016, 1839, 0, 0, 0
100012, 1765, 0, 0, 0
101005, 1827, 0, 0, 0
102012, 1849, 0, 0, 0
103012, 1920, 0, 0, 0
104005, 1800, 0, 0, 0
105009, 1795, 0, 0, 0
106010, 1818, 0, 0, 0
107006, 1787, 0, 0, 0
108017, 1763, 0, 0, 0
109007, 1706, 0, 0, 0
110005, 1942, 0, 0, 0
111008, 1851, 0, 0, 0
112020, 1847, 0, 0, 0
113015, 1905, 0, 0, 0
114009, 1819, 0, 0, 0
115004, 1857, 0, 0, 0
116010, 1807, 0, 0, 0
117010, 1904, 0, 0, 0
118005, 1939, 0, 0, 0
119014, 1815, 0, 0, 0
120011, 1810, 0, 0, 0
121020, 1836, 0, 0, 0
122012, 1853, 0, 0, 0
123009, 1726, 0, 0, 0
124017, 1781, 0, 0, 0
125012, 1829, 0, 0, 0
126006, 1857, 0, 0, 0
127015, 1859, 0, 0, 0
128010, 1904, 0, 0, 0
129005, 1771, 0, 0, 0
130014, 1859, 0, 0, 0
131009, 1801, 0, 0, 0
132019, 1924, 0, 0, 0
133011, 1895, 0, 0, 0
134008, 1827, 0, 0, 0
135016, 1804, 0, 0, 0
136009, 1810, 0, 0, 0
137005, 1913, 0, 0, 0
138017, 1815, 0, 0, 0
139011, 1807, 0, 0, 0
140004, 1842, 0, 0, 0
141013, 1958, 0, 0, 0
142008, 2059, 0, 0, 0
143014, 1978, 0, 0, 0
144014, 2002, 0, 0, 0
145008, 1973, 0, 0, 0
146008, 2080, 0, 0, 0
147012, 2052, 0, 0, 0
148008, 1963, 0, 0, 0
149018, 1926, 0, 0, 0
150005, 1933, 0, 0, 0
151006, 1936, 0, 0, 0
152014, 1925, 0, 0, 0
153007, 1815, 0, 0, 0
154012, 1924, 0, 0, 0
155008, 1963, 0, 0, 0
156006, 1861, 0, 0, 0
157015, 1898, 0, 0, 0
158009, 1986, 0, 0, 0
159014, 1856, 0, 0, 0
160013, 1782, 0, 0, 0
161010, 1883, 0, 0, 0
162004, 1893, 0, 0, 0
163009, 1969, 0, 0, 0
164007, 1875, 0, 0, 0
165016, 1916, 0, 0, 0
166011, 2013, 0, 0, 0
167020, 1930, 0, 0, 0
168015, 1965, 0, 0, 0
169007, 1827, 0, 0, 0
170015, 1849, 0, 0, 0
171008, 1913, 0, 0, 0
172013, 1915, 0, 0, 0
173006, 1936, 0, 0, 0
174007, 1945, 0, 0, 0
175016, 1954, 0, 0, 0
176010, 1885, 0, 0, 0
177006, 1915, 0, 0, 0
178013, 1958, 0, 0, 0
179007, 1928, 0, 0, 0
180012, 1925, 0, 0, 0
