1034, 59421004, 0, 0, 0
2038, 66774000, 0, 0, 0
3038, 66929052, 0, 0, 0
4033, 67164844, 0, 0, 0
5000, 66929446, 0, 0, 0
6001, 66955548, 0, 0, 0
7044, 66405844, 0, 0, 0
8000, 67476217, 0, 0, 0
9034, 66788507, 0, 0, 0
10001, 67079031, 0, 0, 0
11000, 66973935, 0, 0, 0
12031, 66287832, 0, 0, 0
13031, 66746244, 0, 0, 0
14036, 67607232, 0, 0, 0
15032, 66700543, 0, 0, 0
16000, 67595060, 0, 0, 0
17000, 66387072, 0, 0, 0
18033, 66730748, 0, 0, 0
19000, 67231730, 0, 0, 0
20031, 66461705, 0, 0, 0
21001, 67502591, 0, 0, 0
22032, 66469323, 0, 0, 0
23000, 67584526, 0, 0, 0
24032, 66155146, 0, 0, 0
25000, 67456577, 0, 0, 0
26000, 66384207, 0, 0, 0
27044, 66554622, 0, 0, 0
28000, 67860970, 0, 0, 0
29034, 66306969, 0, 0, 0
30045, 66468940, 0, 0, 0
31000, 67794323, 0, 0, 0
32035, 66307742, 0, 0, 0
33029, 66722427, 0, 0, 0
34000, 66821131, 0, 0, 0
35035, 67204644, 0, 0, 0
36000, 67096486, 0, 0, 0
37034, 66877434, 0, 0, 0
38031, 66905856, 0, 0, 0
39041, 66810639, 0, 0, 0
40035, 66900365, 0, 0, 0
41034, 67340011, 0, 0, 0
42045, 66518961, 0, 0, 0
43000, 67065755, 0, 0, 0
44000, 66839871, 0, 0, 0
45036, 66652126, 0, 0, 0
46033, 66756227, 0, 0, 0
47037, 67050655, 0, 0, 0
48031, 66850304, 0, 0, 0
49000, 67335185, 0, 0, 0
50030, 66524035, 0, 0, 0
51032, 102695048, 0, 0, 0
52000, 67214456, 0, 0, 0
53000, 66688195, 0, 0, 0
54044, 66689148, 0, 0, 0
55000, 67735748, 0, 0, 0
56033, 66335844, 0, 0, 0
57044, 66383066, 0, 0, 0
58031, 66810285, 0, 0, 0
59033, 66992289, 0, 0, 0
60043, 66716384, 0, 0, 0
61036, 67587044, 0, 0, 0
62000, 66839620, 0, 0, 0
63044, 66882674, 0, 0, 0
64000, 67645750, 0, 0, 0
65007, 66624376, 0, 0, 0
66000, 67561916, 0, 0, 0
67031, 66149942, 0, 0, 0
68030, 66976093, 0, 0, 0
69002, 67614910, 0, 0, 0
70033, 66748410, 0, 0, 0
71031, 66931439, 0, 0, 0
72000, 66991828, 0, 0, 0
73000, 67065957, 0, 0, 0
74030, 66034464, 0, 0, 0
75031, 67454809, 0, 0, 0
76000, 66731778, 0, 0, 0
77000, 67379509, 0, 0, 0
78030, 66645044, 0, 0, 0
79035, 67119650, 0, 0, 0
80000, 67580763, 0, 0, 0
81043, 66309749, 0, 0, 0
82000, 67402097, 0, 0, 0
83034, 66391209, 0, 0, 0
84000, 67581258, 0, 0, 0
85000, 66911228, 0, 0, 0
86031, 66309295, 0, 0, 0
87000, 67948520, 0, 0, 0
88032, 66142434, 0, 0, 0
89029, 66996074, 0, 0, 0
90000, 67724823, 0, 0, 0
91031, 66431615, 0, 0, 0
92043, 66612713, 0, 0, 0
93000, 67651020, 0, 0, 0
94033, 66442515, 0, 0, 0
95029, 66765568, 0, 0, 0
96000, 67112492, 0, 0, 0
97002, 66808126, 0, 0, 0
98031, 66519973, 0, 0, 0
99000, 67181898, 0, 0, 0
100032, 67028218, 0, 0, 0
101037, 66802252, 0, 0, 0
102000, 67676882, 0, 0, 0
103031, 66201053, 0, 0, 0
104043, 66541687, 0, 0, 0
105035, 67346468, 0, 0, 0
106033, 66442185, 0, 0, 0
107043, 67042421, 0, 0, 0
108000, 67820313, 0, 0, 0
109037, 66379105, 0, 0, 0
110033, 66930274, 0, 0, 0
111000, 67880940, 0, 0, 0
112035, 66266608, 0, 0, 0
113032, 67294321, 0, 0, 0
114034, 66336404, 0, 0, 0
115031, 66813506, 0, 0, 0
116032, 66817138, 0, 0, 0
117033, 67573843, 0, 0, 0
118042, 66999375, 0, 0, 0
119035, 67344316, 0, 0, 0
120029, 66340662, 0, 0, 0
121000, 67389428, 0, 0, 0
122000, 66302273, 0, 0, 0
123031, 66739683, 0, 0, 0
124000, 67855189, 0, 0, 0
125000, 66439812, 0, 0, 0
126033, 66710128, 0, 0, 0
127000, 66891759, 0, 0, 0
128033, 67094347, 0, 0, 0
129000, 66820714, 0, 0, 0
130033, 66963590, 0, 0, 0
131001, 67107409, 0, 0, 0
132033, 66358273, 0, 0, 0
133043, 66748103, 0, 0, 0
134037, 67157834, 0, 0, 0
135031, 66936272, 0, 0, 0
136000, 67290424, 0, 0, 0
137000, 66886149, 0, 0, 0
138034, 66754365, 0, 0, 0
139028, 66688463, 0, 0, 0
140000, 67870819, 0, 0, 0
141032, 66453200, 0, 0, 0
142045, 66421136, 0, 0, 0
143032, 66676147, 0, 0, 0
144031, 66839148, 0, 0, 0
145000, 66941023, 0, 0, 0
146030, 66602349, 0, 0, 0
147001, 67205945, 0, 0, 0
148000, 67039515, 0, 0, 0
149044, 66676234, 0, 0, 0
150000, 67555955, 0, 0, 0
151032, 65838864, 0, 0, 0
152030, 67024807, 0, 0, 0
153039, 66767420, 0, 0, 0
154033, 67313266, 0, 0, 0
155029, 66455190, 0, 0, 0
156001, 67197286, 0, 0, 0
157031, 66569897, 0, 0, 0
158029, 66950681, 0, 0, 0
159001, 67191985, 0, 0, 0
160032, 66601693, 0, 0, 0
161028, 66757224, 0, 0, 0
162000, 67311346, 0, 0, 0
163032, 66576487, 0, 0, 0
164000, 67121306, 0, 0, 0
165000, 66948041, 0, 0, 0
166031, 66715016, 0, 0, 0
167042, 66805079, 0, 0, 0
168037, 67087178, 0, 0, 0
169031, 67354404, 0, 0, 0
170000, 67233776, 0, 0, 0
171034, 66776029, 0, 0, 0
172043, 66547655, 0, 0, 0
173000, 67547963, 0, 0, 0
174029, 66299301, 0, 0, 0
175000, 66803908, 0, 0, 0
176033, 66272510, 0, 0, 0
177028, 66923328, 0, 0, 0
178039, 66993508, 0, 0, 0
179031, 66433750, 0, 0, 0
180042, 67426854, 0, 0, 0
180091, 119496445, 0, 0, 0
