999, 475, 0, 0, 0
1999, 495, 0, 0, 0
3000, 483, 0, 0, 0
4001, 459, 0, 0, 0
5000, 466, 0, 0, 0
6000, 455, 0, 0, 0
7000, 496, 0, 0, 0
8001, 453, 0, 0, 0
9001, 471, 0, 0, 0
10000, 455, 0, 0, 0
11000, 501, 0, 0, 0
12000, 464, 0, 0, 0
13000, 450, 0, 0, 0
14000, 489, 0, 0, 0
15000, 483, 0, 0, 0
16000, 461, 0, 0, 0
17000, 462, 0, 0, 0
18001, 503, 0, 0, 0
19000, 464, 0, 0, 0
20000, 487, 0, 0, 0
21000, 456, 0, 0, 0
22000, 490, 0, 0, 0
23000, 479, 0, 0, 0
24000, 488, 0, 0, 0
25000, 464, 0, 0, 0
26001, 478, 0, 0, 0
27000, 465, 0, 0, 0
28000, 488, 0, 0, 0
29000, 463, 0, 0, 0
30000, 484, 0, 0, 0
31000, 485, 0, 0, 0
32000, 458, 0, 0, 0
33000, 487, 0, 0, 0
34001, 464, 0, 0, 0
35000, 475, 0, 0, 0
36000, 449, 0, 0, 0
37000, 494, 0, 0, 0
38000, 475, 0, 0, 0
39000, 476, 0, 0, 0
40001, 484, 0, 0, 0
41000, 485, 0, 0, 0
42001, 480, 0, 0, 0
43000, 485, 0, 0, 0
44000, 489, 0, 0, 0
45000, 494, 0, 0, 0
46000, 502, 0, 0, 0
47000, 464, 0, 0, 0
48000, 505, 0, 0, 0
49000, 497, 0, 0, 0
50000, 480, 0, 0, 0
51001, 499, 0, 0, 0
52001, 477, 0, 0, 0
53000, 493, 0, 0, 0
54000, 491, 0, 0, 0
55000, 471, 0, 0, 0
56000, 457, 0, 0, 0
57001, 495, 0, 0, 0
58000, 477, 0, 0, 0
59000, 499, 0, 0, 0
60000, 502, 0, 0, 0
61001, 474, 0, 0, 0
62000, 514, 0, 0, 0
63000, 510, 0, 0, 0
64000, 505, 0, 0, 0
65000, 517, 0, 0, 0
66000, 477, 0, 0, 0
67000, 504, 0, 0, 0
68000, 486, 0, 0, 0
69000, 528, 0, 0, 0
70000, 496, 0, 0, 0
71000, 497, 0, 0, 0
72000, 476, 0, 0, 0
73000, 491, 0, 0, 0
74000, 481, 0, 0, 0
75000, 475, 0, 0, 0
76000, 491, 0, 0, 0
77000, 479, 0, 0, 0
78000, 478, 0, 0, 0
79001, 477, 0, 0, 0
80000, 470, 0, 0, 0
81000, 450, 0, 0, 0
82000, 434, 0, 0, 0
83000, 449, 0, 0, 0
84000, 468, 0, 0, 0
85001, 495, 0, 0, 0
86000, 466, 0, 0, 0
87000, 483, 0, 0, 0
88001, 467, 0, 0, 0
89001, 477, 0, 0, 0
90000, 499, 0, 0, 0
91000, 455, 0, 0, 0
92000, 469, 0, 0, 0
93000, 462, 0, 0, 0
94001, 468, 0, 0, 0
95000, 483, 0, 0, 0
96000, 484, 0, 0, 0
97000, 466, 0, 0, 0
98000, 483, 0, 0, 0
99000, 479, 0, 0, 0
100000, 491, 0, 0, 0
101000, 476, 0, 0, 0
102000, 495, 0, 0, 0
103000, 478, 0, 0, 0
104000, 488, 0, 0, 0
105000, 480, 0, 0, 0
106000, 486, 0, 0, 0
107000, 478, 0, 0, 0
108000, 491, 0, 0, 0
109000, 441, 0, 0, 0
110000, 435, 0, 0, 0
111000, 431, 0, 0, 0
112000, 473, 0, 0, 0
113000, 426, 0, 0, 0
114000, 385, 0, 0, 0
115000, 472, 0, 0, 0
116000, 483, 0, 0, 0
117000, 452, 0, 0, 0
118000, 446, 0, 0, 0
119000, 473, 0, 0, 0
120000, 437, 0, 0, 0
121000, 444, 0, 0, 0
122001, 457, 0, 0, 0
123001, 468, 0, 0, 0
124000, 431, 0, 0, 0
125000, 439, 0, 0, 0
126000, 508, 0, 0, 0
127000, 477, 0, 0, 0
128000, 485, 0, 0, 0
129001, 475, 0, 0, 0
130001, 490, 0, 0, 0
131000, 453, 0, 0, 0
132000, 460, 0, 0, 0
133000, 421, 0, 0, 0
134001, 491, 0, 0, 0
135000, 470, 0, 0, 0
136000, 469, 0, 0, 0
137000, 492, 0, 0, 0
138001, 469, 0, 0, 0
139000, 459, 0, 0, 0
140000, 471, 0, 0, 0
141001, 474, 0, 0, 0
142000, 464, 0, 0, 0
143000, 487, 0, 0, 0
144000, 487, 0, 0, 0
145000, 470, 0, 0, 0
146000, 434, 0, 0, 0
147001, 448, 0, 0, 0
148000, 451, 0, 0, 0
149000, 445, 0, 0, 0
150001, 468, 0, 0, 0
151000, 467, 0, 0, 0
152000, 492, 0, 0, 0
153000, 467, 0, 0, 0
154000, 487, 0, 0, 0
155000, 479, 0, 0, 0
156000, 495, 0, 0, 0
157001, 490, 0, 0, 0
158000, 458, 0, 0, 0
159000, 501, 0, 0, 0
160000, 498, 0, 0, 0
161000, 486, 0, 0, 0
162001, 512, 0, 0, 0
163001, 473, 0, 0, 0
164000, 496, 0, 0, 0
165000, 506, 0, 0, 0
166001, 507, 0, 0, 0
167000, 503, 0, 0, 0
168000, 503, 0, 0, 0
169000, 483, 0, 0, 0
170000, 525, 0, 0, 0
171000, 529, 0, 0, 0
172000, 510, 0, 0, 0
173001, 492, 0, 0, 0
174001, 474, 0, 0, 0
175000, 464, 0, 0, 0
176000, 433, 0, 0, 0
177000, 425, 0, 0, 0
178000, 447, 0, 0, 0
179001, 379, 0, 0, 0
180000, 394, 0, 0, 0
