1000, 4208, 0, 0, 0
2000, 3875, 0, 0, 0
3000, 3855, 0, 0, 0
4000, 3916, 0, 0, 0
5000, 3815, 0, 0, 0
5999, 3939, 0, 0, 0
7000, 3860, 0, 0, 0
8000, 3863, 0, 0, 0
9000, 3784, 0, 0, 0
10000, 3715, 0, 0, 0
11000, 3715, 0, 0, 0
12000, 3792, 0, 0, 0
13000, 3843, 0, 0, 0
13999, 3855, 0, 0, 0
15000, 3908, 0, 0, 0
16000, 3819, 0, 0, 0
16999, 3787, 0, 0, 0
18000, 3884, 0, 0, 0
19000, 3811, 0, 0, 0
19999, 3871, 0, 0, 0
21000, 3680, 0, 0, 0
22000, 4024, 0, 0, 0
23000, 3856, 0, 0, 0
24000, 3803, 0, 0, 0
25000, 3863, 0, 0, 0
25999, 3755, 0, 0, 0
27000, 3904, 0, 0, 0
28000, 3835, 0, 0, 0
29000, 3900, 0, 0, 0
30000, 3835, 0, 0, 0
31000, 3831, 0, 0, 0
32000, 3868, 0, 0, 0
33000, 3839, 0, 0, 0
34000, 3819, 0, 0, 0
35000, 3760, 0, 0, 0
36000, 3823, 0, 0, 0
36999, 3819, 0, 0, 0
38000, 3816, 0, 0, 0
39000, 3819, 0, 0, 0
40000, 3832, 0, 0, 0
41000, 3807, 0, 0, 0
42000, 3831, 0, 0, 0
43000, 3864, 0, 0, 0
44000, 3819, 0, 0, 0
44999, 3787, 0, 0, 0
46000, 3804, 0, 0, 0
47000, 3831, 0, 0, 0
47999, 3875, 0, 0, 0
49000, 3800, 0, 0, 0
50000, 3995, 0, 0, 0
50999, 3851, 0, 0, 0
52000, 3892, 0, 0, 0
53000, 3827, 0, 0, 0
53999, 3815, 0, 0, 0
55000, 3800, 0, 0, 0
56000, 3859, 0, 0, 0
57000, 3807, 0, 0, 0
58000, 3804, 0, 0, 0
59000, 3823, 0, 0, 0
60000, 3847, 0, 0, 0
61000, 3788, 0, 0, 0
62000, 3771, 0, 0, 0
63000, 3855, 0, 0, 0
64000, 3828, 0, 0, 0
65000, 3803, 0, 0, 0
66000, 3799, 0, 0, 0
66999, 3803, 0, 0, 0
68000, 3876, 0, 0, 0
69000, 3847, 0, 0, 0
70000, 3871, 0, 0, 0
71000, 3840, 0, 0, 0
72000, 3867, 0, 0, 0
73000, 3823, 0, 0, 0
73999, 3843, 0, 0, 0
75000, 3816, 0, 0, 0
76000, 3815, 0, 0, 0
77000, 3863, 0, 0, 0
78000, 3848, 0, 0, 0
79000, 3823, 0, 0, 0
80000, 3879, 0, 0, 0
81000, 3804, 0, 0, 0
82000, 3771, 0, 0, 0
83000, 3767, 0, 0, 0
83999, 3787, 0, 0, 0
85000, 3796, 0, 0, 0
86000, 3815, 0, 0, 0
87000, 3771, 0, 0, 0
88000, 3920, 0, 0, 0
89000, 3819, 0, 0, 0
89999, 3843, 0, 0, 0
91000, 3816, 0, 0, 0
92000, 3855, 0, 0, 0
93000, 3864, 0, 0, 0
94000, 3831, 0, 0, 0
95000, 3807, 0, 0, 0
96000, 3860, 0, 0, 0
97000, 3839, 0, 0, 0
97999, 3759, 0, 0, 0
99000, 3896, 0, 0, 0
100000, 3787, 0, 0, 0
101000, 3832, 0, 0, 0
102000, 3803, 0, 0, 0
102999, 3835, 0, 0, 0
104000, 3764, 0, 0, 0
105000, 3835, 0, 0, 0
105999, 3647, 0, 0, 0
107000, 3828, 0, 0, 0
108000, 3843, 0, 0, 0
108999, 3863, 0, 0, 0
110000, 3776, 0, 0, 0
111000, 3695, 0, 0, 0
111999, 3847, 0, 0, 0
113000, 3860, 0, 0, 0
114000, 3811, 0, 0, 0
115000, 3863, 0, 0, 0
116000, 3880, 0, 0, 0
117000, 3803, 0, 0, 0
118000, 3855, 0, 0, 0
119000, 3863, 0, 0, 0
120000, 3864, 0, 0, 0
121000, 3831, 0, 0, 0
122000, 3867, 0, 0, 0
123000, 3803, 0, 0, 0
124000, 3824, 0, 0, 0
125000, 3775, 0, 0, 0
126000, 3815, 0, 0, 0
126999, 3875, 0, 0, 0
128000, 3780, 0, 0, 0
129000, 3727, 0, 0, 0
130000, 3887, 0, 0, 0
131000, 3836, 0, 0, 0
132000, 3867, 0, 0, 0
133000, 3855, 0, 0, 0
133999, 3967, 0, 0, 0
135000, 3800, 0, 0, 0
136000, 3815, 0, 0, 0
137000, 3795, 0, 0, 0
138000, 3840, 0, 0, 0
139000, 3859, 0, 0, 0
140000, 3859, 0, 0, 0
141000, 3911, 0, 0, 0
142000, 3860, 0, 0, 0
143000, 3851, 0, 0, 0
144000, 3839, 0, 0, 0
145000, 3839, 0, 0, 0
146000, 3896, 0, 0, 0
147000, 3851, 0, 0, 0
148000, 3835, 0, 0, 0
148999, 3839, 0, 0, 0
150000, 3764, 0, 0, 0
151000, 3855, 0, 0, 0
152000, 3839, 0, 0, 0
153000, 3712, 0, 0, 0
154000, 3783, 0, 0, 0
155000, 3807, 0, 0, 0
156000, 3879, 0, 0, 0
157000, 3804, 0, 0, 0
158000, 3823, 0, 0, 0
159000, 3851, 0, 0, 0
159999, 3787, 0, 0, 0
161000, 3760, 0, 0, 0
162000, 3867, 0, 0, 0
163000, 3795, 0, 0, 0
164000, 3872, 0, 0, 0
165000, 3779, 0, 0, 0
166000, 3787, 0, 0, 0
167000, 3783, 0, 0, 0
167999, 3823, 0, 0, 0
169000, 3876, 0, 0, 0
170000, 3871, 0, 0, 0
171000, 3732, 0, 0, 0
172000, 3891, 0, 0, 0
173000, 3803, 0, 0, 0
174000, 3832, 0, 0, 0
175000, 3867, 0, 0, 0
175999, 3823, 0, 0, 0
177000, 3836, 0, 0, 0
178000, 3903, 0, 0, 0
178999, 3855, 0, 0, 0
180000, 3820, 0, 0, 0
