1000, 2060, 1, 0, 0
2000, 2026, 1, 0, 0
3000, 1932, 1, 0, 0
4000, 1920, 1, 0, 0
5001, 1996, 1, 0, 0
6001, 1944, 1, 0, 0
7001, 1892, 1, 0, 0
8001, 1900, 1, 0, 0
9002, 1712, 1, 0, 0
10001, 1945, 1, 0, 0
11001, 1992, 1, 0, 0
12002, 1976, 1, 0, 0
13002, 1980, 1, 0, 0
14001, 1985, 1, 0, 0
15001, 1972, 1, 0, 0
16001, 1960, 1, 0, 0
17001, 1936, 1, 0, 0
18002, 1956, 1, 0, 0
19002, 1944, 1, 0, 0
20001, 1961, 1, 0, 0
21001, 1936, 1, 0, 0
22002, 1972, 1, 0, 0
23002, 1964, 1, 0, 0
24001, 1985, 1, 0, 0
25001, 2008, 1, 0, 0
26001, 2068, 1, 0, 0
27001, 2060, 1, 0, 0
28002, 2044, 1, 0, 0
29002, 2032, 1, 0, 0
30002, 1880, 1, 0, 0
31001, 2190, 1, 0, 0
32001, 1980, 1, 0, 0
33002, 1824, 1, 0, 0
34002, 1916, 1, 0, 0
35001, 1909, 1, 0, 0
36002, 1948, 1, 0, 0
37001, 1881, 1, 0, 0
38001, 2012, 1, 0, 0
39002, 1900, 1, 0, 0
40002, 1956, 1, 0, 0
41001, 1977, 1, 0, 0
42001, 1916, 1, 0, 0
43002, 1964, 1, 0, 0
44001, 1953, 1, 0, 0
45001, 1908, 1, 0, 0
46002, 1936, 1, 0, 0
47001, 1925, 1, 0, 0
48001, 1884, 1, 0, 0
49002, 1844, 1, 0, 0
50001, 1765, 1, 0, 0
51001, 1816, 1, 0, 0
52002, 1904, 1, 0, 0
53001, 1945, 1, 0, 0
54001, 1852, 1, 0, 0
55002, 1872, 1, 0, 0
56002, 1876, 1, 0, 0
57001, 1897, 1, 0, 0
58001, 1984, 1, 0, 0
59002, 2000, 1, 0, 0
60002, 1908, 1, 0, 0
61001, 1845, 1, 0, 0
62001, 1952, 1, 0, 0
63002, 2044, 1, 0, 0
64002, 2032, 1, 0, 0
65001, 1969, 1, 0, 0
66001, 1956, 1, 0, 0
67001, 1964, 1, 0, 0
68002, 1936, 1, 0, 0
69001, 1997, 1, 0, 0
70001, 1992, 1, 0, 0
71001, 2040, 1, 0, 0
72001, 1996, 1, 0, 0
73002, 1920, 1, 0, 0
74001, 1913, 1, 0, 0
75002, 1956, 1, 0, 0
76001, 1913, 1, 0, 0
77001, 1952, 1, 0, 0
78002, 1928, 1, 0, 0
79001, 1933, 1, 0, 0
80002, 1832, 1, 0, 0
81001, 1913, 1, 0, 0
82002, 1904, 1, 0, 0
83002, 1832, 1, 0, 0
84001, 1929, 1, 0, 0
85001, 1996, 1, 0, 0
86001, 1908, 1, 0, 0
87002, 2120, 1, 0, 0
88001, 2082, 1, 0, 0
89001, 2012, 1, 0, 0
90001, 1985, 1, 0, 0
91001, 1860, 1, 0, 0
92002, 1936, 1, 0, 0
93001, 1873, 1, 0, 0
94001, 1836, 1, 0, 0
95001, 1956, 1, 0, 0
96002, 1864, 1, 0, 0
97002, 1852, 1, 0, 0
98001, 1861, 1, 0, 0
99001, 1872, 1, 0, 0
100002, 1920, 1, 0, 0
101001, 1897, 1, 0, 0
102001, 1956, 1, 0, 0
103002, 1848, 1, 0, 0
104001, 1945, 1, 0, 0
105002, 1888, 1, 0, 0
106001, 1909, 1, 0, 0
107002, 1800, 1, 0, 0
108002, 1924, 1, 0, 0
109001, 1809, 1, 0, 0
110001, 1628, 1, 0, 0
111001, 1804, 1, 0, 0
112001, 1688, 1, 0, 0
113002, 1812, 1, 0, 0
114002, 1916, 1, 0, 0
115001, 1897, 1, 0, 0
116001, 1760, 1, 0, 0
117002, 1760, 1, 0, 0
118002, 1684, 1, 0, 0
119001, 1925, 1, 0, 0
120001, 1888, 1, 0, 0
121001, 2028, 1, 0, 0
122002, 2036, 1, 0, 0
123001, 2006, 1, 0, 0
124001, 1972, 1, 0, 0
125002, 1960, 1, 0, 0
126002, 1940, 1, 0, 0
127002, 1953, 1, 0, 0
128002, 1912, 1, 0, 0
129001, 1925, 1, 0, 0
130001, 1932, 1, 0, 0
131002, 1940, 1, 0, 0
132001, 1921, 1, 0, 0
133001, 1932, 1, 0, 0
134001, 1924, 1, 0, 0
135002, 1956, 1, 0, 0
136001, 1945, 1, 0, 0
137001, 1936, 1, 0, 0
138002, 1776, 1, 0, 0
139001, 1793, 1, 0, 0
140001, 1832, 1, 0, 0
141002, 1720, 1, 0, 0
142002, 1696, 1, 0, 0
143001, 1849, 1, 0, 0
144001, 1888, 1, 0, 0
145001, 1836, 1, 0, 0
146002, 1960, 1, 0, 0
147001, 1925, 1, 0, 0
148002, 1984, 1, 0, 0
149001, 1785, 1, 0, 0
150001, 1788, 1, 0, 0
151001, 2010, 1, 0, 0
152001, 1988, 1, 0, 0
153002, 1940, 1, 0, 0
154002, 1980, 1, 0, 0
155001, 2006, 1, 0, 0
156002, 2032, 1, 0, 0
157001, 2090, 1, 0, 0
158001, 2044, 1, 0, 0
159001, 2040, 1, 0, 0
160002, 2044, 1, 0, 0
161001, 2082, 1, 0, 0
162001, 2020, 1, 0, 0
163002, 2024, 1, 0, 0
164002, 2032, 1, 0, 0
165002, 2006, 1, 0, 0
166002, 1984, 1, 0, 0
167001, 2018, 1, 0, 0
168001, 2004, 1, 0, 0
169002, 2012, 1, 0, 0
170001, 1973, 1, 0, 0
171001, 1828, 1, 0, 0
172002, 1792, 1, 0, 0
173001, 1857, 1, 0, 0
174001, 1824, 1, 0, 0
175002, 1768, 1, 0, 0
176001, 1785, 1, 0, 0
177002, 1724, 1, 0, 0
178001, 1793, 1, 0, 0
179002, 1828, 1, 0, 0
180002, 1933, 1, 0, 0
