1002, 3838932, 0, 0, 0
2003, 4245393, 0, 0, 0
3000, 4173797, 0, 0, 0
4000, 4147668, 0, 0, 0
5000, 4222880, 0, 0, 0
6000, 4218961, 0, 0, 0
7007, 4199133, 0, 0, 0
8000, 4150237, 0, 0, 0
9001, 4118629, 0, 0, 0
10003, 4124083, 0, 0, 0
11000, 4357012, 0, 0, 0
12008, 4146016, 0, 0, 0
13003, 4395797, 0, 0, 0
14000, 4221636, 0, 0, 0
15008, 4168822, 0, 0, 0
16005, 4159233, 0, 0, 0
17000, 4129501, 0, 0, 0
18000, 4136786, 0, 0, 0
19003, 4257878, 0, 0, 0
20000, 4134096, 0, 0, 0
21006, 4118596, 0, 0, 0
22001, 4117777, 0, 0, 0
23001, 4332037, 0, 0, 0
24000, 4103530, 0, 0, 0
25001, 4149089, 0, 0, 0
26000, 4177568, 0, 0, 0
27000, 4144732, 0, 0, 0
28002, 4061715, 0, 0, 0
29001, 4252224, 0, 0, 0
30001, 4104923, 0, 0, 0
31000, 4124619, 0, 0, 0
32003, 4188833, 0, 0, 0
33000, 4283081, 0, 0, 0
34000, 4118796, 0, 0, 0
35000, 4235253, 0, 0, 0
36001, 4227866, 0, 0, 0
37005, 4171730, 0, 0, 0
38000, 4223726, 0, 0, 0
39001, 4193881, 0, 0, 0
40006, 4072662, 0, 0, 0
41001, 4212125, 0, 0, 0
42000, 4219864, 0, 0, 0
43000, 4165564, 0, 0, 0
44004, 4139669, 0, 0, 0
45001, 4171700, 0, 0, 0
46001, 4132697, 0, 0, 0
47006, 4385086, 0, 0, 0
48000, 4207326, 0, 0, 0
49001, 4172159, 0, 0, 0
50001, 4165645, 0, 0, 0
51004, 4259507, 0, 0, 0
52001, 4163870, 0, 0, 0
53005, 4301838, 0, 0, 0
54000, 4199753, 0, 0, 0
55001, 4170000, 0, 0, 0
56003, 4224875, 0, 0, 0
57000, 4306076, 0, 0, 0
58002, 4158865, 0, 0, 0
59001, 4102170, 0, 0, 0
60001, 4189258, 0, 0, 0
61002, 4114496, 0, 0, 0
62000, 4270933, 0, 0, 0
63006, 4202252, 0, 0, 0
64001, 4181790, 0, 0, 0
65000, 4214701, 0, 0, 0
66000, 4223014, 0, 0, 0
67000, 4150035, 0, 0, 0
68001, 4184289, 0, 0, 0
69001, 4286406, 0, 0, 0
70000, 4103645, 0, 0, 0
71000, 4298050, 0, 0, 0
72000, 4171243, 0, 0, 0
73001, 4166564, 0, 0, 0
74000, 4202908, 0, 0, 0
75000, 4177230, 0, 0, 0
76000, 4224665, 0, 0, 0
77001, 4155617, 0, 0, 0
78001, 4261225, 0, 0, 0
79002, 4271426, 0, 0, 0
80000, 4224173, 0, 0, 0
81003, 4154178, 0, 0, 0
82000, 4165483, 0, 0, 0
83000, 4207020, 0, 0, 0
84000, 4145077, 0, 0, 0
85001, 4157532, 0, 0, 0
86000, 4205759, 0, 0, 0
87009, 4201620, 0, 0, 0
88001, 4180979, 0, 0, 0
89001, 4262036, 0, 0, 0
90006, 4195399, 0, 0, 0
91000, 4265973, 0, 0, 0
92000, 4276265, 0, 0, 0
93000, 4092518, 0, 0, 0
94000, 4237640, 0, 0, 0
95000, 4138386, 0, 0, 0
96004, 4270607, 0, 0, 0
97000, 4161893, 0, 0, 0
98000, 4119802, 0, 0, 0
99000, 4141760, 0, 0, 0
100001, 4138900, 0, 0, 0
101000, 4268469, 0, 0, 0
102000, 4144799, 0, 0, 0
103000, 4216844, 0, 0, 0
104001, 4183218, 0, 0, 0
105002, 4149504, 0, 0, 0
106003, 4177361, 0, 0, 0
107001, 4130692, 0, 0, 0
108000, 4146091, 0, 0, 0
109001, 4288379, 0, 0, 0
110002, 4147761, 0, 0, 0
111002, 4207714, 0, 0, 0
112000, 4206027, 0, 0, 0
113001, 4137151, 0, 0, 0
114000, 4049686, 0, 0, 0
115001, 4221938, 0, 0, 0
116001, 4102843, 0, 0, 0
117000, 4136694, 0, 0, 0
118001, 4138754, 0, 0, 0
119003, 4172812, 0, 0, 0
120000, 4243234, 0, 0, 0
121006, 4211305, 0, 0, 0
122002, 4068565, 0, 0, 0
123001, 4205948, 0, 0, 0
124001, 4155009, 0, 0, 0
125002, 4345379, 0, 0, 0
126000, 4188566, 0, 0, 0
127008, 4220673, 0, 0, 0
128000, 4105472, 0, 0, 0
129000, 4120562, 0, 0, 0
130000, 4143981, 0, 0, 0
131000, 4154092, 0, 0, 0
132007, 4184225, 0, 0, 0
133000, 4198370, 0, 0, 0
134001, 4162890, 0, 0, 0
135003, 4171148, 0, 0, 0
136000, 4190441, 0, 0, 0
137008, 4121289, 0, 0, 0
138003, 4239727, 0, 0, 0
139000, 4122390, 0, 0, 0
140000, 4134409, 0, 0, 0
141001, 4203180, 0, 0, 0
142000, 4151366, 0, 0, 0
143003, 4108760, 0, 0, 0
144000, 4118683, 0, 0, 0
145008, 4131960, 0, 0, 0
146001, 4162715, 0, 0, 0
147001, 4190701, 0, 0, 0
148000, 4091486, 0, 0, 0
149000, 4180953, 0, 0, 0
150001, 4117086, 0, 0, 0
151002, 4243577, 0, 0, 0
152001, 4161976, 0, 0, 0
153001, 4160711, 0, 0, 0
154001, 4192807, 0, 0, 0
155007, 4078756, 0, 0, 0
156000, 4180617, 0, 0, 0
157000, 4133880, 0, 0, 0
158000, 4109551, 0, 0, 0
159001, 4037597, 0, 0, 0
160000, 4150097, 0, 0, 0
161000, 4190387, 0, 0, 0
162000, 4195891, 0, 0, 0
163000, 4060740, 0, 0, 0
164000, 4146129, 0, 0, 0
165001, 4201129, 0, 0, 0
166007, 4124376, 0, 0, 0
167001, 4129818, 0, 0, 0
168000, 4208239, 0, 0, 0
169005, 4174223, 0, 0, 0
170000, 4147215, 0, 0, 0
171000, 4241337, 0, 0, 0
172001, 4272614, 0, 0, 0
173001, 3914011, 0, 0, 0
174000, 4164694, 0, 0, 0
175002, 4142684, 0, 0, 0
176004, 4245142, 0, 0, 0
177000, 4173395, 0, 0, 0
178000, 4276304, 0, 0, 0
179004, 4074966, 0, 0, 0
180001, 4253623, 0, 0, 0
180001, 2213185, 0, 0, 0
