1018, 1839, 0, 0, 0
2019, 1724, 0, 0, 0
3003, 1680, 0, 0, 0
4017, 1888, 0, 0, 0
5000, 1834, 0, 0, 0
6023, 1827, 0, 0, 0
7019, 1871, 0, 0, 0
8029, 1886, 0, 0, 0
9000, 1867, 0, 0, 0
10016, 1865, 0, 0, 0
11019, 1842, 0, 0, 0
12000, 1851, 0, 0, 0
13018, 1943, 0, 0, 0
14023, 1835, 0, 0, 0
15022, 1870, 0, 0, 0
16018, 1876, 0, 0, 0
17000, 1896, 0, 0, 0
18021, 1735, 0, 0, 0
19016, 1737, 0, 0, 0
20000, 1856, 0, 0, 0
21000, 1902, 0, 0, 0
22000, 1885, 0, 0, 0
23025, 1897, 0, 0, 0
24018, 1850, 0, 0, 0
25016, 1932, 0, 0, 0
26000, 1759, 0, 0, 0
27017, 1824, 0, 0, 0
28021, 1845, 0, 0, 0
29021, 1966, 0, 0, 0
30018, 1888, 0, 0, 0
31000, 1844, 0, 0, 0
32018, 1773, 0, 0, 0
33027, 1935, 0, 0, 0
34021, 1796, 0, 0, 0
35015, 1869, 0, 0, 0
36026, 1784, 0, 0, 0
37016, 1749, 0, 0, 0
38016, 1838, 0, 0, 0
39025, 1791, 0, 0, 0
40019, 1926, 0, 0, 0
41019, 1875, 0, 0, 0
42027, 1774, 0, 0, 0
43021, 1919, 0, 0, 0
44018, 1894, 0, 0, 0
45000, 1912, 0, 0, 0
46016, 1951, 0, 0, 0
47000, 1943, 0, 0, 0
48019, 1849, 0, 0, 0
49029, 1898, 0, 0, 0
50001, 1720, 0, 0, 0
51018, 1902, 0, 0, 0
52015, 1875, 0, 0, 0
53000, 1881, 0, 0, 0
54021, 1906, 0, 0, 0
55002, 1924, 0, 0, 0
56028, 1859, 0, 0, 0
57000, 1895, 0, 0, 0
58016, 1955, 0, 0, 0
59017, 1962, 0, 0, 0
60017, 1836, 0, 0, 0
61024, 1933, 0, 0, 0
62022, 1809, 0, 0, 0
63015, 1881, 0, 0, 0
64015, 1978, 0, 0, 0
65020, 1892, 0, 0, 0
66017, 1902, 0, 0, 0
67000, 1879, 0, 0, 0
68022, 1787, 0, 0, 0
69016, 1807, 0, 0, 0
70000, 1942, 0, 0, 0
71023, 1857, 0, 0, 0
72030, 1898, 0, 0, 0
73020, 1983, 0, 0, 0
74019, 1940, 0, 0, 0
75018, 1903, 0, 0, 0
76021, 1890, 0, 0, 0
77015, 1919, 0, 0, 0
78000, 1889, 0, 0, 0
79020, 1978, 0, 0, 0
80016, 2019, 0, 0, 0
81027, 2005, 0, 0, 0
82022, 2076, 0, 0, 0
83016, 2025, 0, 0, 0
84019, 1955, 0, 0, 0
85018, 2033, 0, 0, 0
86015, 2024, 0, 0, 0
87018, 1950, 0, 0, 0
88030, 2024, 0, 0, 0
89024, 2106, 0, 0, 0
90016, 2107, 0, 0, 0
91019, 2041, 0, 0, 0
92021, 2113, 0, 0, 0
93016, 2125, 0, 0, 0
94019, 2066, 0, 0, 0
95015, 2093, 0, 0, 0
96018, 2180, 0, 0, 0
97020, 1965, 0, 0, 0
98020, 1926, 0, 0, 0
99030, 2113, 0, 0, 0
100006, 2107, 0, 0, 0
101018, 2120, 0, 0, 0
102001, 1950, 0, 0, 0
103020, 2045, 0, 0, 0
104015, 1983, 0, 0, 0
105025, 2022, 0, 0, 0
106000, 2104, 0, 0, 0
107016, 2035, 0, 0, 0
108026, 2050, 0, 0, 0
109018, 2086, 0, 0, 0
110016, 2118, 0, 0, 0
111016, 1948, 0, 0, 0
112000, 2208, 0, 0, 0
113019, 2038, 0, 0, 0
114000, 1989, 0, 0, 0
115018, 2021, 0, 0, 0
116015, 1994, 0, 0, 0
117000, 2090, 0, 0, 0
118015, 2001, 0, 0, 0
119018, 2068, 0, 0, 0
120018, 2094, 0, 0, 0
121017, 2163, 0, 0, 0
122020, 2231, 0, 0, 0
123020, 2021, 0, 0, 0
124016, 2096, 0, 0, 0
125028, 1995, 0, 0, 0
126000, 2057, 0, 0, 0
127019, 2011, 0, 0, 0
128014, 2142, 0, 0, 0
129020, 2129, 0, 0, 0
130018, 2117, 0, 0, 0
131029, 2032, 0, 0, 0
132000, 1960, 0, 0, 0
133021, 2049, 0, 0, 0
134021, 2073, 0, 0, 0
135000, 1974, 0, 0, 0
136018, 2062, 0, 0, 0
137000, 2165, 0, 0, 0
138016, 2029, 0, 0, 0
139020, 1859, 0, 0, 0
140024, 1949, 0, 0, 0
141016, 1896, 0, 0, 0
142028, 1914, 0, 0, 0
143023, 1884, 0, 0, 0
144015, 1984, 0, 0, 0
145029, 1948, 0, 0, 0
146021, 1986, 0, 0, 0
147019, 1932, 0, 0, 0
148028, 1848, 0, 0, 0
149000, 1914, 0, 0, 0
150017, 1940, 0, 0, 0
151000, 1974, 0, 0, 0
152019, 1841, 0, 0, 0
153015, 1858, 0, 0, 0
154026, 1998, 0, 0, 0
155020, 1849, 0, 0, 0
156015, 1968, 0, 0, 0
157027, 2134, 0, 0, 0
158017, 1967, 0, 0, 0
159018, 1970, 0, 0, 0
160023, 1943, 0, 0, 0
161015, 1851, 0, 0, 0
162016, 1935, 0, 0, 0
163021, 1790, 0, 0, 0
164024, 1889, 0, 0, 0
165016, 1990, 0, 0, 0
166027, 1951, 0, 0, 0
167019, 1875, 0, 0, 0
168019, 1953, 0, 0, 0
169015, 1940, 0, 0, 0
170016, 1919, 0, 0, 0
171019, 2037, 0, 0, 0
172017, 1958, 0, 0, 0
173015, 1923, 0, 0, 0
174000, 2048, 0, 0, 0
175018, 1997, 0, 0, 0
176001, 2113, 0, 0, 0
177018, 1955, 0, 0, 0
178017, 1853, 0, 0, 0
179027, 1918, 0, 0, 0
180014, 1956, 0, 0, 0
