999, 434, 0, 0, 0
1999, 453, 0, 0, 0
3000, 437, 0, 0, 0
4000, 457, 0, 0, 0
5001, 433, 0, 0, 0
6000, 432, 0, 0, 0
7001, 462, 0, 0, 0
8000, 429, 0, 0, 0
9001, 414, 0, 0, 0
10000, 381, 0, 0, 0
11001, 447, 0, 0, 0
12000, 411, 0, 0, 0
13001, 443, 0, 0, 0
14000, 447, 0, 0, 0
15001, 452, 0, 0, 0
16001, 438, 0, 0, 0
17001, 433, 0, 0, 0
18001, 447, 0, 0, 0
19000, 445, 0, 0, 0
20001, 443, 0, 0, 0
21000, 450, 0, 0, 0
22001, 447, 0, 0, 0
23000, 461, 0, 0, 0
24001, 457, 0, 0, 0
25000, 416, 0, 0, 0
26001, 448, 0, 0, 0
27000, 448, 0, 0, 0
28001, 452, 0, 0, 0
29000, 450, 0, 0, 0
30001, 445, 0, 0, 0
31001, 458, 0, 0, 0
32001, 444, 0, 0, 0
33001, 440, 0, 0, 0
34001, 438, 0, 0, 0
35001, 425, 0, 0, 0
36001, 446, 0, 0, 0
37001, 433, 0, 0, 0
38001, 445, 0, 0, 0
39001, 430, 0, 0, 0
40001, 453, 0, 0, 0
41001, 452, 0, 0, 0
42001, 450, 0, 0, 0
43001, 439, 0, 0, 0
44001, 453, 0, 0, 0
45001, 440, 0, 0, 0
46000, 439, 0, 0, 0
47001, 455, 0, 0, 0
48000, 440, 0, 0, 0
49001, 434, 0, 0, 0
50000, 442, 0, 0, 0
51001, 444, 0, 0, 0
52000, 461, 0, 0, 0
53001, 449, 0, 0, 0
54000, 439, 0, 0, 0
55001, 437, 0, 0, 0
56000, 428, 0, 0, 0
57001, 436, 0, 0, 0
58000, 442, 0, 0, 0
59001, 448, 0, 0, 0
60001, 426, 0, 0, 0
61001, 444, 0, 0, 0
62001, 450, 0, 0, 0
63001, 463, 0, 0, 0
64001, 462, 0, 0, 0
65001, 444, 0, 0, 0
66001, 439, 0, 0, 0
67000, 460, 0, 0, 0
68001, 443, 0, 0, 0
69000, 449, 0, 0, 0
70001, 433, 0, 0, 0
71000, 445, 0, 0, 0
72001, 452, 0, 0, 0
73000, 424, 0, 0, 0
74001, 428, 0, 0, 0
75000, 450, 0, 0, 0
76001, 435, 0, 0, 0
77000, 447, 0, 0, 0
78001, 456, 0, 0, 0
79000, 431, 0, 0, 0
80001, 429, 0, 0, 0
81000, 442, 0, 0, 0
82001, 438, 0, 0, 0
83001, 435, 0, 0, 0
84001, 436, 0, 0, 0
85001, 431, 0, 0, 0
86001, 435, 0, 0, 0
87001, 440, 0, 0, 0
88000, 445, 0, 0, 0
89001, 447, 0, 0, 0
90000, 439, 0, 0, 0
91001, 440, 0, 0, 0
92000, 441, 0, 0, 0
93001, 205, 0, 0, 0
94001, 452, 0, 0, 0
95001, 450, 0, 0, 0
96001, 444, 0, 0, 0
97001, 432, 0, 0, 0
98001, 438, 0, 0, 0
99001, 440, 0, 0, 0
100001, 437, 0, 0, 0
101000, 430, 0, 0, 0
102001, 444, 0, 0, 0
103000, 452, 0, 0, 0
104001, 441, 0, 0, 0
105000, 436, 0, 0, 0
106001, 432, 0, 0, 0
107001, 456, 0, 0, 0
108001, 420, 0, 0, 0
109001, 431, 0, 0, 0
110000, 448, 0, 0, 0
111001, 433, 0, 0, 0
112000, 453, 0, 0, 0
113001, 452, 0, 0, 0
114000, 457, 0, 0, 0
115001, 463, 0, 0, 0
116001, 436, 0, 0, 0
117001, 437, 0, 0, 0
118001, 450, 0, 0, 0
119000, 445, 0, 0, 0
120001, 442, 0, 0, 0
121000, 456, 0, 0, 0
122001, 456, 0, 0, 0
123000, 453, 0, 0, 0
124001, 433, 0, 0, 0
125001, 467, 0, 0, 0
126001, 448, 0, 0, 0
127001, 446, 0, 0, 0
128001, 459, 0, 0, 0
129001, 452, 0, 0, 0
130001, 451, 0, 0, 0
131001, 447, 0, 0, 0
132000, 453, 0, 0, 0
133001, 461, 0, 0, 0
134000, 470, 0, 0, 0
135001, 464, 0, 0, 0
136000, 466, 0, 0, 0
137001, 452, 0, 0, 0
138001, 453, 0, 0, 0
139001, 455, 0, 0, 0
140001, 446, 0, 0, 0
141000, 447, 0, 0, 0
142001, 444, 0, 0, 0
143000, 443, 0, 0, 0
144001, 467, 0, 0, 0
145001, 396, 0, 0, 0
146001, 459, 0, 0, 0
147001, 464, 0, 0, 0
148000, 446, 0, 0, 0
149001, 441, 0, 0, 0
150000, 464, 0, 0, 0
151001, 477, 0, 0, 0
152001, 383, 0, 0, 0
153001, 290, 0, 0, 0
154001, 453, 0, 0, 0
155001, 460, 0, 0, 0
156001, 450, 0, 0, 0
157001, 454, 0, 0, 0
158001, 465, 0, 0, 0
159000, 458, 0, 0, 0
160001, 433, 0, 0, 0
161000, 466, 0, 0, 0
162001, 465, 0, 0, 0
163000, 466, 0, 0, 0
164001, 458, 0, 0, 0
165000, 474, 0, 0, 0
166001, 467, 0, 0, 0
167001, 456, 0, 0, 0
168001, 464, 0, 0, 0
169001, 463, 0, 0, 0
170001, 455, 0, 0, 0
171001, 472, 0, 0, 0
172001, 472, 0, 0, 0
173001, 456, 0, 0, 0
174001, 472, 0, 0, 0
175001, 471, 0, 0, 0
176001, 471, 0, 0, 0
177001, 476, 0, 0, 0
178001, 435, 0, 0, 0
179001, 462, 0, 0, 0
180000, 462, 0, 0, 0
