1018, 3755747, 0, 0, 0
2019, 4221558, 0, 0, 0
3000, 4243808, 0, 0, 0
4017, 4168330, 0, 0, 0
5000, 4252344, 0, 0, 0
6000, 4070851, 0, 0, 0
7019, 4091853, 0, 0, 0
8030, 4202746, 0, 0, 0
9000, 4238048, 0, 0, 0
10016, 4063945, 0, 0, 0
11019, 4071861, 0, 0, 0
12000, 4275377, 0, 0, 0
13018, 4106814, 0, 0, 0
14023, 4117929, 0, 0, 0
15022, 4130966, 0, 0, 0
16018, 4226436, 0, 0, 0
17000, 4306766, 0, 0, 0
18021, 4189789, 0, 0, 0
19017, 4117567, 0, 0, 0
20000, 4211604, 0, 0, 0
21000, 4451831, 0, 0, 0
22019, 4000406, 0, 0, 0
23025, 4175820, 0, 0, 0
24018, 4133252, 0, 0, 0
25016, 4272420, 0, 0, 0
26000, 4297684, 0, 0, 0
27017, 4215331, 0, 0, 0
28021, 4134803, 0, 0, 0
29000, 4258385, 0, 0, 0
30018, 4182204, 0, 0, 0
31000, 4214665, 0, 0, 0
32018, 4192595, 0, 0, 0
33027, 4231162, 0, 0, 0
34021, 4193674, 0, 0, 0
35015, 4176954, 0, 0, 0
36026, 4323276, 0, 0, 0
37017, 4190563, 0, 0, 0
38016, 4235366, 0, 0, 0
39024, 4216243, 0, 0, 0
40020, 4214417, 0, 0, 0
41018, 4117239, 0, 0, 0
42028, 4152739, 0, 0, 0
43021, 4168039, 0, 0, 0
44019, 4138033, 0, 0, 0
45000, 4208766, 0, 0, 0
46015, 3990349, 0, 0, 0
47001, 4195803, 0, 0, 0
48018, 4170020, 0, 0, 0
49029, 3969569, 0, 0, 0
50000, 4254988, 0, 0, 0
51018, 4220672, 0, 0, 0
52014, 4190490, 0, 0, 0
53000, 4238200, 0, 0, 0
54002, 4106293, 0, 0, 0
55017, 4228355, 0, 0, 0
56029, 4196077, 0, 0, 0
57000, 4158733, 0, 0, 0
58016, 4153975, 0, 0, 0
59017, 4134673, 0, 0, 0
60017, 4299411, 0, 0, 0
61024, 4214190, 0, 0, 0
62022, 4227694, 0, 0, 0
63015, 4120962, 0, 0, 0
64000, 4182221, 0, 0, 0
65020, 4128236, 0, 0, 0
66017, 4179570, 0, 0, 0
67000, 4248722, 0, 0, 0
68022, 4146853, 0, 0, 0
69016, 4071078, 0, 0, 0
70000, 4194699, 0, 0, 0
71000, 4111386, 0, 0, 0
72030, 4201120, 0, 0, 0
73021, 4234450, 0, 0, 0
74019, 4141324, 0, 0, 0
75018, 4178101, 0, 0, 0
76021, 4221720, 0, 0, 0
77016, 4141827, 0, 0, 0
78000, 4198899, 0, 0, 0
79020, 4114720, 0, 0, 0
80017, 4120846, 0, 0, 0
81028, 4071419, 0, 0, 0
82022, 4172320, 0, 0, 0
83015, 4173070, 0, 0, 0
84020, 4140095, 0, 0, 0
85018, 4211523, 0, 0, 0
86015, 4106856, 0, 0, 0
87018, 4165064, 0, 0, 0
88005, 4299993, 0, 0, 0
89024, 4154336, 0, 0, 0
90016, 4189573, 0, 0, 0
91020, 4192231, 0, 0, 0
92022, 4198122, 0, 0, 0
93017, 4125422, 0, 0, 0
94020, 4093294, 0, 0, 0
95015, 4157384, 0, 0, 0
96018, 4155791, 0, 0, 0
97021, 4257652, 0, 0, 0
98020, 4160891, 0, 0, 0
99030, 4213982, 0, 0, 0
100006, 4180081, 0, 0, 0
101018, 4208307, 0, 0, 0
102000, 4311503, 0, 0, 0
103020, 4101636, 0, 0, 0
104016, 4246536, 0, 0, 0
105025, 4163479, 0, 0, 0
106001, 4196888, 0, 0, 0
107016, 4247059, 0, 0, 0
108026, 4238135, 0, 0, 0
109018, 4161348, 0, 0, 0
110016, 4215215, 0, 0, 0
111016, 4113658, 0, 0, 0
112000, 4237797, 0, 0, 0
113019, 4215495, 0, 0, 0
114000, 4190635, 0, 0, 0
115018, 4125597, 0, 0, 0
116016, 4157655, 0, 0, 0
117023, 4148088, 0, 0, 0
118015, 4188952, 0, 0, 0
119018, 4166938, 0, 0, 0
120019, 4133370, 0, 0, 0
121017, 4183086, 0, 0, 0
122020, 4061320, 0, 0, 0
123020, 4195577, 0, 0, 0
124017, 4080307, 0, 0, 0
125028, 4244633, 0, 0, 0
126000, 4094006, 0, 0, 0
127019, 4157342, 0, 0, 0
128014, 4165255, 0, 0, 0
129019, 4349871, 0, 0, 0
130017, 4158864, 0, 0, 0
131029, 4135160, 0, 0, 0
132000, 4157711, 0, 0, 0
133021, 4340467, 0, 0, 0
134021, 3998053, 0, 0, 0
135000, 4134204, 0, 0, 0
136018, 4261605, 0, 0, 0
137000, 4260848, 0, 0, 0
138016, 4134345, 0, 0, 0
139020, 4204653, 0, 0, 0
140000, 4150129, 0, 0, 0
141016, 4207989, 0, 0, 0
142028, 4145037, 0, 0, 0
143023, 4198418, 0, 0, 0
144014, 4173836, 0, 0, 0
145030, 4139361, 0, 0, 0
146021, 4253650, 0, 0, 0
147018, 4098138, 0, 0, 0
148028, 4145969, 0, 0, 0
149000, 4104218, 0, 0, 0
150017, 4181793, 0, 0, 0
151000, 4216865, 0, 0, 0
152019, 4172912, 0, 0, 0
153015, 4086398, 0, 0, 0
154026, 4149034, 0, 0, 0
155020, 4249728, 0, 0, 0
156015, 4162624, 0, 0, 0
157028, 4176297, 0, 0, 0
158017, 4114772, 0, 0, 0
159018, 4175436, 0, 0, 0
160023, 4186625, 0, 0, 0
161016, 4220277, 0, 0, 0
162016, 4305509, 0, 0, 0
163021, 4199371, 0, 0, 0
164024, 4180075, 0, 0, 0
165016, 4125214, 0, 0, 0
166028, 4058746, 0, 0, 0
167019, 4232670, 0, 0, 0
168019, 4250693, 0, 0, 0
169015, 4152445, 0, 0, 0
170016, 4223361, 0, 0, 0
171019, 4243173, 0, 0, 0
172017, 4155072, 0, 0, 0
173015, 4181813, 0, 0, 0
174000, 4227833, 0, 0, 0
175018, 4189361, 0, 0, 0
176000, 4272759, 0, 0, 0
177018, 4132413, 0, 0, 0
178018, 4223439, 0, 0, 0
179026, 4181887, 0, 0, 0
180014, 4152031, 0, 0, 0
180015, 18018713, 0, 0, 0
