1001, 2299739, 0, 0, 0
2000, 2381786, 0, 0, 0
3000, 2334129, 0, 0, 0
4000, 2292641, 0, 0, 0
5000, 2277086, 0, 0, 0
6000, 2326916, 0, 0, 0
7001, 2246247, 0, 0, 0
8000, 2262724, 0, 0, 0
9000, 2273644, 0, 0, 0
10000, 2221560, 0, 0, 0
11000, 2219169, 0, 0, 0
12000, 2214001, 0, 0, 0
13001, 2312338, 0, 0, 0
14000, 2308380, 0, 0, 0
15000, 2286523, 0, 0, 0
16001, 2234205, 0, 0, 0
17000, 2288911, 0, 0, 0
18000, 2316012, 0, 0, 0
19000, 2236460, 0, 0, 0
20000, 2256259, 0, 0, 0
21000, 2224254, 0, 0, 0
22000, 2244396, 0, 0, 0
23001, 2232769, 0, 0, 0
24001, 2208856, 0, 0, 0
25000, 2293009, 0, 0, 0
26000, 2274967, 0, 0, 0
27001, 2281346, 0, 0, 0
28001, 2291974, 0, 0, 0
29000, 2254131, 0, 0, 0
30000, 2291597, 0, 0, 0
31000, 2274945, 0, 0, 0
32000, 2434599, 0, 0, 0
33000, 2265209, 0, 0, 0
34000, 2443219, 0, 0, 0
35001, 2291470, 0, 0, 0
36000, 2310746, 0, 0, 0
37001, 2292450, 0, 0, 0
38000, 2279717, 0, 0, 0
39000, 2303958, 0, 0, 0
40001, 2321455, 0, 0, 0
41000, 2233452, 0, 0, 0
42000, 2303554, 0, 0, 0
43000, 2259880, 0, 0, 0
44000, 2259674, 0, 0, 0
45001, 2308621, 0, 0, 0
46001, 2290237, 0, 0, 0
47001, 2270868, 0, 0, 0
48000, 2322197, 0, 0, 0
49000, 2295968, 0, 0, 0
50000, 2403925, 0, 0, 0
51009, 2223091, 0, 0, 0
52000, 2247800, 0, 0, 0
53000, 2315777, 0, 0, 0
54000, 2322554, 0, 0, 0
55000, 2403605, 0, 0, 0
56000, 2301498, 0, 0, 0
57000, 2266833, 0, 0, 0
58002, 2305374, 0, 0, 0
59000, 2274330, 0, 0, 0
60000, 2275800, 0, 0, 0
61000, 2277733, 0, 0, 0
62000, 2234510, 0, 0, 0
63000, 2303552, 0, 0, 0
64000, 2230337, 0, 0, 0
65000, 2275591, 0, 0, 0
66000, 2253855, 0, 0, 0
67001, 2259349, 0, 0, 0
68000, 2290482, 0, 0, 0
69001, 2238937, 0, 0, 0
70001, 2240028, 0, 0, 0
71000, 2209084, 0, 0, 0
72001, 2199634, 0, 0, 0
73000, 2180810, 0, 0, 0
74001, 2195011, 0, 0, 0
75001, 2194752, 0, 0, 0
76000, 2315543, 0, 0, 0
77000, 2309917, 0, 0, 0
78000, 2286828, 0, 0, 0
79000, 2229168, 0, 0, 0
80000, 2259582, 0, 0, 0
81006, 2273850, 0, 0, 0
82002, 2344103, 0, 0, 0
83000, 2238285, 0, 0, 0
84000, 2266310, 0, 0, 0
85000, 2214122, 0, 0, 0
86000, 2166694, 0, 0, 0
87000, 2221632, 0, 0, 0
88000, 2211883, 0, 0, 0
89001, 2482920, 0, 0, 0
90001, 2287329, 0, 0, 0
91001, 2337756, 0, 0, 0
92000, 2209640, 0, 0, 0
93000, 2256809, 0, 0, 0
94000, 2271208, 0, 0, 0
95001, 2295675, 0, 0, 0
96001, 2274317, 0, 0, 0
97001, 2276899, 0, 0, 0
98000, 2331490, 0, 0, 0
99001, 2332493, 0, 0, 0
100001, 2316934, 0, 0, 0
101000, 2295698, 0, 0, 0
102000, 2265405, 0, 0, 0
103000, 2281542, 0, 0, 0
104001, 2305831, 0, 0, 0
105000, 2318593, 0, 0, 0
106000, 2251224, 0, 0, 0
107000, 2289803, 0, 0, 0
108000, 2252652, 0, 0, 0
109001, 2282922, 0, 0, 0
110000, 2268068, 0, 0, 0
111000, 2371440, 0, 0, 0
112000, 2261466, 0, 0, 0
113000, 2293958, 0, 0, 0
114000, 2270855, 0, 0, 0
115000, 2265303, 0, 0, 0
116000, 2234627, 0, 0, 0
117000, 2280560, 0, 0, 0
118001, 2269639, 0, 0, 0
119001, 2257077, 0, 0, 0
120000, 2258334, 0, 0, 0
121000, 2305428, 0, 0, 0
122000, 2258969, 0, 0, 0
123001, 2310119, 0, 0, 0
124001, 2276987, 0, 0, 0
125000, 2260474, 0, 0, 0
126100, 2625970, 0, 0, 0
127000, 3184551, 0, 0, 0
128001, 2353249, 0, 0, 0
129000, 2258851, 0, 0, 0
130000, 2266549, 0, 0, 0
131000, 2233945, 0, 0, 0
132000, 2238695, 0, 0, 0
133000, 2288300, 0, 0, 0
134000, 2252244, 0, 0, 0
135001, 2226626, 0, 0, 0
136001, 2214931, 0, 0, 0
137000, 2195116, 0, 0, 0
138003, 2312423, 0, 0, 0
139002, 2272252, 0, 0, 0
140000, 2291271, 0, 0, 0
141000, 2241907, 0, 0, 0
142000, 2227913, 0, 0, 0
143000, 2254457, 0, 0, 0
144000, 2266314, 0, 0, 0
145000, 2302242, 0, 0, 0
146000, 2208783, 0, 0, 0
147000, 2245078, 0, 0, 0
148000, 2221464, 0, 0, 0
149000, 2199654, 0, 0, 0
150000, 2279564, 0, 0, 0
151000, 2259076, 0, 0, 0
152000, 2266998, 0, 0, 0
153000, 2269192, 0, 0, 0
154000, 2251194, 0, 0, 0
155000, 2192582, 0, 0, 0
156001, 2213175, 0, 0, 0
157000, 2200446, 0, 0, 0
158001, 2212184, 0, 0, 0
159001, 2296918, 0, 0, 0
160001, 2272474, 0, 0, 0
161000, 2295399, 0, 0, 0
162000, 2240785, 0, 0, 0
163000, 2281496, 0, 0, 0
164000, 2296057, 0, 0, 0
165000, 2248800, 0, 0, 0
166001, 2258029, 0, 0, 0
167001, 2232975, 0, 0, 0
168000, 2239362, 0, 0, 0
169000, 2280724, 0, 0, 0
170000, 2284132, 0, 0, 0
171000, 2262461, 0, 0, 0
172001, 2248799, 0, 0, 0
173002, 2312179, 0, 0, 0
174000, 2298406, 0, 0, 0
175000, 2296861, 0, 0, 0
176000, 2231965, 0, 0, 0
177000, 2218174, 0, 0, 0
178001, 2208275, 0, 0, 0
179000, 2323621, 0, 0, 0
180000, 2262001, 0, 0, 0
180002, 2537669, 0, 0, 0
