1000, 14953823, 1, 0, 0
2000, 16637871, 1, 0, 0
3000, 16726751, 1, 0, 0
4000, 16969438, 1, 0, 0
5000, 16633263, 1, 0, 0
6000, 16827791, 1, 0, 0
7000, 16701134, 1, 0, 0
8000, 16716225, 1, 0, 0
9000, 16708756, 1, 0, 0
10000, 16624226, 1, 0, 0
11000, 16992697, 1, 0, 0
12000, 16637908, 1, 0, 0
13000, 16673133, 1, 0, 0
14000, 16656628, 1, 0, 0
15000, 16428532, 1, 0, 0
16000, 16510044, 1, 0, 0
17000, 16689720, 1, 0, 0
18000, 17074601, 1, 0, 0
19000, 16492076, 1, 0, 0
20000, 16642890, 1, 0, 0
21000, 17181380, 1, 0, 0
22000, 16634447, 1, 0, 0
23000, 16739243, 1, 0, 0
24000, 16724118, 1, 0, 0
25000, 16564898, 1, 0, 0
26000, 16966990, 1, 0, 0
27000, 16672606, 1, 0, 0
28000, 16643275, 1, 0, 0
29000, 16775310, 1, 0, 0
30000, 16898416, 1, 0, 0
31000, 16660084, 1, 0, 0
32000, 16909135, 1, 0, 0
33000, 16767595, 1, 0, 0
34000, 16423109, 1, 0, 0
35000, 17010227, 1, 0, 0
36000, 16682294, 1, 0, 0
37000, 16696951, 1, 0, 0
38000, 16897342, 1, 0, 0
39000, 16676839, 1, 0, 0
40000, 16954028, 1, 0, 0
41000, 16756016, 1, 0, 0
42000, 16580194, 1, 0, 0
43000, 16982366, 1, 0, 0
44000, 16625750, 1, 0, 0
45000, 16729667, 1, 0, 0
46000, 16719715, 1, 0, 0
47000, 16627424, 1, 0, 0
48000, 16447590, 1, 0, 0
49000, 17104576, 1, 0, 0
50000, 16512074, 1, 0, 0
51000, 16737056, 1, 0, 0
52000, 16681281, 1, 0, 0
53000, 16804929, 1, 0, 0
54000, 16395648, 1, 0, 0
55000, 17156142, 1, 0, 0
56000, 16509054, 1, 0, 0
57000, 16776092, 1, 0, 0
58000, 16833683, 1, 0, 0
59000, 16654613, 1, 0, 0
60000, 16636122, 1, 0, 0
61000, 16913985, 1, 0, 0
62000, 16463004, 1, 0, 0
63000, 16643734, 1, 0, 0
64000, 16945109, 1, 0, 0
65000, 16362307, 1, 0, 0
66000, 16784008, 1, 0, 0
67000, 16927220, 1, 0, 0
68000, 16760768, 1, 0, 0
69000, 16515853, 1, 0, 0
70000, 17199464, 1, 0, 0
71000, 16674173, 1, 0, 0
72000, 16623231, 1, 0, 0
73000, 17029791, 1, 0, 0
74000, 16657458, 1, 0, 0
75000, 16627400, 1, 0, 0
76000, 16696075, 1, 0, 0
77000, 16865929, 1, 0, 0
78000, 16838371, 1, 0, 0
79000, 16678253, 1, 0, 0
80000, 17091598, 1, 0, 0
81000, 16680765, 1, 0, 0
82000, 16533348, 1, 0, 0
83000, 16816471, 1, 0, 0
84000, 16818580, 1, 0, 0
85000, 16613461, 1, 0, 0
86000, 17071914, 1, 0, 0
87000, 16563777, 1, 0, 0
88000, 16391853, 1, 0, 0
89000, 17109932, 1, 0, 0
90000, 16637218, 1, 0, 0
91000, 16976735, 1, 0, 0
92000, 16795823, 1, 0, 0
93000, 16533182, 1, 0, 0
94000, 16953964, 1, 0, 0
95000, 16736579, 1, 0, 0
96000, 16734274, 1, 0, 0
97000, 16705376, 1, 0, 0
98000, 16521436, 1, 0, 0
99000, 17127017, 1, 0, 0
100000, 16704485, 1, 0, 0
101000, 16682974, 1, 0, 0
102000, 16697289, 1, 0, 0
103000, 16782489, 1, 0, 0
104000, 16710533, 1, 0, 0
105000, 16826428, 1, 0, 0
106000, 16775784, 1, 0, 0
107000, 16922057, 1, 0, 0
108000, 16699859, 1, 0, 0
109000, 16425031, 1, 0, 0
110000, 17186453, 1, 0, 0
111000, 16514557, 1, 0, 0
112000, 16577784, 1, 0, 0
113000, 16852663, 1, 0, 0
114000, 16597829, 1, 0, 0
115000, 16571554, 1, 0, 0
116000, 17112407, 1, 0, 0
117000, 16634529, 1, 0, 0
118000, 16919556, 1, 0, 0
119000, 16783689, 1, 0, 0
120000, 16629279, 1, 0, 0
121000, 17060825, 1, 0, 0
122000, 16606465, 1, 0, 0
123000, 16639331, 1, 0, 0
124000, 16751941, 1, 0, 0
125000, 16489695, 1, 0, 0
126000, 16856501, 1, 0, 0
127000, 16621845, 1, 0, 0
128000, 16384948, 1, 0, 0
129000, 16951444, 1, 0, 0
130000, 16661972, 1, 0, 0
131000, 16765372, 1, 0, 0
132000, 16324889, 1, 0, 0
133000, 17179800, 1, 0, 0
134000, 16676911, 1, 0, 0
135000, 16986610, 1, 0, 0
136000, 16609794, 1, 0, 0
137000, 16805720, 1, 0, 0
138000, 16785095, 1, 0, 0
139000, 16453570, 1, 0, 0
140000, 17105431, 1, 0, 0
141000, 16610336, 1, 0, 0
142000, 16480395, 1, 0, 0
143000, 17228196, 1, 0, 0
144000, 16500405, 1, 0, 0
145000, 16825781, 1, 0, 0
146000, 16960481, 1, 0, 0
147000, 16656242, 1, 0, 0
148000, 16565905, 1, 0, 0
149000, 17010971, 1, 0, 0
150000, 16541514, 1, 0, 0
151000, 16650583, 1, 0, 0
152000, 16981357, 1, 0, 0
153000, 16796692, 1, 0, 0
154000, 16742876, 1, 0, 0
155000, 16841027, 1, 0, 0
156000, 16478065, 1, 0, 0
157000, 16919920, 1, 0, 0
158000, 16646063, 1, 0, 0
159000, 16524778, 1, 0, 0
160000, 17144081, 1, 0, 0
161000, 16774505, 1, 0, 0
162000, 16570819, 1, 0, 0
163000, 16847946, 1, 0, 0
164000, 16731786, 1, 0, 0
165000, 16447441, 1, 0, 0
166000, 17025534, 1, 0, 0
167000, 16678953, 1, 0, 0
168000, 16584442, 1, 0, 0
169000, 17004090, 1, 0, 0
170000, 16664996, 1, 0, 0
171000, 16596460, 1, 0, 0
172000, 17070381, 1, 0, 0
173000, 16770050, 1, 0, 0
174000, 16527207, 1, 0, 0
175000, 17067962, 1, 0, 0
176000, 16431039, 1, 0, 0
177000, 16834818, 1, 0, 0
178000, 17038343, 1, 0, 0
179000, 16533104, 1, 0, 0
180000, 16680764, 1, 0, 0
180030, 34872201, 1, 0, 0
