1001, 529, 1, 0, 0
2000, 507, 1, 0, 0
3001, 481, 1, 0, 0
4001, 460, 1, 0, 0
5000, 469, 1, 0, 0
6001, 455, 1, 0, 0
7000, 490, 1, 0, 0
8000, 481, 1, 0, 0
9001, 518, 1, 0, 0
10000, 491, 1, 0, 0
11001, 486, 1, 0, 0
12000, 480, 1, 0, 0
13001, 467, 1, 0, 0
14000, 480, 1, 0, 0
15000, 447, 1, 0, 0
16001, 513, 1, 0, 0
17000, 459, 1, 0, 0
18001, 490, 1, 0, 0
19000, 503, 1, 0, 0
20000, 477, 1, 0, 0
21001, 493, 1, 0, 0
22000, 488, 1, 0, 0
23001, 463, 1, 0, 0
24000, 486, 1, 0, 0
25001, 463, 1, 0, 0
26000, 483, 1, 0, 0
27000, 493, 1, 0, 0
28001, 487, 1, 0, 0
29000, 505, 1, 0, 0
30000, 494, 1, 0, 0
31001, 517, 1, 0, 0
32000, 497, 1, 0, 0
33001, 472, 1, 0, 0
34001, 496, 1, 0, 0
35000, 464, 1, 0, 0
36001, 467, 1, 0, 0
37000, 492, 1, 0, 0
38000, 505, 1, 0, 0
39001, 455, 1, 0, 0
40000, 483, 1, 0, 0
41000, 487, 1, 0, 0
42001, 476, 1, 0, 0
43000, 452, 1, 0, 0
44000, 462, 1, 0, 0
45001, 491, 1, 0, 0
46000, 466, 1, 0, 0
47000, 489, 1, 0, 0
48001, 495, 1, 0, 0
49000, 461, 1, 0, 0
50001, 473, 1, 0, 0
51000, 463, 1, 0, 0
52000, 459, 1, 0, 0
53001, 469, 1, 0, 0
54000, 478, 1, 0, 0
55000, 495, 1, 0, 0
56001, 469, 1, 0, 0
57000, 483, 1, 0, 0
58001, 469, 1, 0, 0
59000, 467, 1, 0, 0
60000, 482, 1, 0, 0
61001, 474, 1, 0, 0
62000, 445, 1, 0, 0
63000, 497, 1, 0, 0
64001, 495, 1, 0, 0
65000, 481, 1, 0, 0
66001, 492, 1, 0, 0
67001, 467, 1, 0, 0
68000, 488, 1, 0, 0
69001, 501, 1, 0, 0
70000, 465, 1, 0, 0
71000, 473, 1, 0, 0
72001, 452, 1, 0, 0
73000, 464, 1, 0, 0
74000, 489, 1, 0, 0
75001, 461, 1, 0, 0
76000, 504, 1, 0, 0
77001, 474, 1, 0, 0
78001, 488, 1, 0, 0
79000, 486, 1, 0, 0
80001, 456, 1, 0, 0
81000, 500, 1, 0, 0
82000, 498, 1, 0, 0
83001, 478, 1, 0, 0
84000, 477, 1, 0, 0
85001, 481, 1, 0, 0
86000, 502, 1, 0, 0
87000, 466, 1, 0, 0
88001, 480, 1, 0, 0
89000, 496, 1, 0, 0
90001, 442, 1, 0, 0
91001, 474, 1, 0, 0
92000, 464, 1, 0, 0
93001, 483, 1, 0, 0
94001, 481, 1, 0, 0
95000, 466, 1, 0, 0
96001, 490, 1, 0, 0
97001, 512, 1, 0, 0
98000, 497, 1, 0, 0
99001, 457, 1, 0, 0
100001, 485, 1, 0, 0
101000, 458, 1, 0, 0
102001, 492, 1, 0, 0
103000, 483, 1, 0, 0
104000, 451, 1, 0, 0
105001, 493, 1, 0, 0
106000, 488, 1, 0, 0
107000, 439, 1, 0, 0
108001, 485, 1, 0, 0
109000, 382, 1, 0, 0
110001, 517, 1, 0, 0
111001, 480, 1, 0, 0
112000, 495, 1, 0, 0
113001, 475, 1, 0, 0
114000, 477, 1, 0, 0
115000, 488, 1, 0, 0
116001, 455, 1, 0, 0
117000, 461, 1, 0, 0
118000, 512, 1, 0, 0
119001, 489, 1, 0, 0
120000, 477, 1, 0, 0
121000, 489, 1, 0, 0
122001, 500, 1, 0, 0
123000, 479, 1, 0, 0
124000, 458, 1, 0, 0
125001, 466, 1, 0, 0
126000, 471, 1, 0, 0
127000, 483, 1, 0, 0
128001, 481, 1, 0, 0
129000, 486, 1, 0, 0
130000, 468, 1, 0, 0
131001, 460, 1, 0, 0
132001, 506, 1, 0, 0
133000, 484, 1, 0, 0
134001, 484, 1, 0, 0
135000, 469, 1, 0, 0
136000, 466, 1, 0, 0
137001, 494, 1, 0, 0
138001, 491, 1, 0, 0
139000, 487, 1, 0, 0
140001, 497, 1, 0, 0
141001, 515, 1, 0, 0
142000, 496, 1, 0, 0
143000, 461, 1, 0, 0
144001, 462, 1, 0, 0
145000, 480, 1, 0, 0
146001, 484, 1, 0, 0
147000, 478, 1, 0, 0
148000, 489, 1, 0, 0
149001, 483, 1, 0, 0
150000, 516, 1, 0, 0
151000, 457, 1, 0, 0
152001, 496, 1, 0, 0
153000, 491, 1, 0, 0
154001, 506, 1, 0, 0
155001, 500, 1, 0, 0
156000, 479, 1, 0, 0
157001, 439, 1, 0, 0
158000, 479, 1, 0, 0
159000, 484, 1, 0, 0
160001, 512, 1, 0, 0
161000, 482, 1, 0, 0
162000, 488, 1, 0, 0
163001, 472, 1, 0, 0
164000, 476, 1, 0, 0
165001, 466, 1, 0, 0
166000, 453, 1, 0, 0
167000, 491, 1, 0, 0
168001, 475, 1, 0, 0
169000, 449, 1, 0, 0
170001, 461, 1, 0, 0
171000, 497, 1, 0, 0
172000, 509, 1, 0, 0
173001, 459, 1, 0, 0
174000, 479, 1, 0, 0
175001, 479, 1, 0, 0
176001, 494, 1, 0, 0
177000, 473, 1, 0, 0
178001, 482, 1, 0, 0
179000, 482, 1, 0, 0
180000, 490, 1, 0, 0
