1033, 29213775, 0, 0, 0
2027, 33511056, 0, 0, 0
3027, 33506737, 0, 0, 0
4035, 33795832, 0, 0, 0
5028, 33180458, 0, 0, 0
6030, 33353528, 0, 0, 0
7036, 34107313, 0, 0, 0
8027, 33132315, 0, 0, 0
9038, 33377034, 0, 0, 0
10032, 33912104, 0, 0, 0
11025, 33033057, 0, 0, 0
12000, 34088499, 0, 0, 0
13025, 33244116, 0, 0, 0
14027, 33147294, 0, 0, 0
15036, 33404217, 0, 0, 0
16030, 33606126, 0, 0, 0
17025, 33194661, 0, 0, 0
18035, 33696980, 0, 0, 0
19027, 33310066, 0, 0, 0
20033, 33054632, 0, 0, 0
21031, 33729526, 0, 0, 0
22025, 33262938, 0, 0, 0
23000, 33861965, 0, 0, 0
24025, 32939744, 0, 0, 0
25026, 33341620, 0, 0, 0
26036, 33278529, 0, 0, 0
27029, 33719386, 0, 0, 0
28025, 33150929, 0, 0, 0
29037, 33597317, 0, 0, 0
30031, 33551111, 0, 0, 0
31027, 33316029, 0, 0, 0
32038, 33655757, 0, 0, 0
33030, 33669079, 0, 0, 0
34027, 33226117, 0, 0, 0
35033, 33712196, 0, 0, 0
36028, 33329592, 0, 0, 0
37025, 33304399, 0, 0, 0
38029, 33616042, 0, 0, 0
39031, 33605767, 0, 0, 0
40025, 33409702, 0, 0, 0
41035, 33361411, 0, 0, 0
42031, 33666653, 0, 0, 0
43025, 33254154, 0, 0, 0
44037, 33459182, 0, 0, 0
45001, 33845187, 0, 0, 0
46026, 33274397, 0, 0, 0
47037, 33220401, 0, 0, 0
48031, 33548183, 0, 0, 0
49023, 33276875, 0, 0, 0
50031, 33905820, 0, 0, 0
51027, 33263023, 0, 0, 0
52028, 33253014, 0, 0, 0
53033, 34041216, 0, 0, 0
54028, 33187606, 0, 0, 0
55024, 33692491, 0, 0, 0
56035, 33552443, 0, 0, 0
57030, 33449958, 0, 0, 0
58024, 33227886, 0, 0, 0
59036, 33866859, 0, 0, 0
60031, 33639737, 0, 0, 0
61026, 33147980, 0, 0, 0
62000, 33647396, 0, 0, 0
63012, 33385690, 0, 0, 0
64026, 33225644, 0, 0, 0
65034, 33769278, 0, 0, 0
66026, 33288716, 0, 0, 0
67030, 33294007, 0, 0, 0
68024, 33364827, 0, 0, 0
69037, 33452940, 0, 0, 0
70035, 33948634, 0, 0, 0
71028, 33644462, 0, 0, 0
72026, 33557199, 0, 0, 0
73000, 33545553, 0, 0, 0
74033, 32980096, 0, 0, 0
75027, 33258059, 0, 0, 0
76023, 33338111, 0, 0, 0
77024, 33818562, 0, 0, 0
78029, 33265844, 0, 0, 0
79024, 34083034, 0, 0, 0
80026, 33319308, 0, 0, 0
81000, 33910840, 0, 0, 0
82032, 33054307, 0, 0, 0
83024, 33506761, 0, 0, 0
84034, 33632307, 0, 0, 0
85027, 32827555, 0, 0, 0
86038, 33446206, 0, 0, 0
87035, 33827776, 0, 0, 0
88029, 33025123, 0, 0, 0
89023, 33767917, 0, 0, 0
90035, 33783722, 0, 0, 0
91028, 33003851, 0, 0, 0
92038, 33369503, 0, 0, 0
93032, 33628290, 0, 0, 0
94026, 33850048, 0, 0, 0
95031, 33441211, 0, 0, 0
96030, 33294106, 0, 0, 0
97024, 33434510, 0, 0, 0
98023, 33905179, 0, 0, 0
99027, 33237042, 0, 0, 0
100023, 33370506, 0, 0, 0
101033, 33754481, 0, 0, 0
102029, 33462669, 0, 0, 0
103025, 33281356, 0, 0, 0
104029, 34220210, 0, 0, 0
105030, 33109932, 0, 0, 0
106025, 33247802, 0, 0, 0
107027, 33225125, 0, 0, 0
108027, 33856218, 0, 0, 0
109039, 33097444, 0, 0, 0
110027, 33651250, 0, 0, 0
111037, 33481285, 0, 0, 0
112032, 33981196, 0, 0, 0
113026, 33621145, 0, 0, 0
114037, 33291127, 0, 0, 0
115034, 33274197, 0, 0, 0
116030, 33231341, 0, 0, 0
117025, 32830445, 0, 0, 0
118026, 33260427, 0, 0, 0
119030, 33762123, 0, 0, 0
120024, 33510779, 0, 0, 0
121031, 33740198, 0, 0, 0
122024, 33682079, 0, 0, 0
123034, 33681104, 0, 0, 0
124028, 33978262, 0, 0, 0
125037, 33448437, 0, 0, 0
126033, 33788441, 0, 0, 0
127026, 33279958, 0, 0, 0
128032, 33305148, 0, 0, 0
129026, 33686359, 0, 0, 0
130027, 33277274, 0, 0, 0
131028, 33301135, 0, 0, 0
132024, 33943685, 0, 0, 0
133029, 33406362, 0, 0, 0
134025, 33345256, 0, 0, 0
135036, 33162422, 0, 0, 0
136030, 33134670, 0, 0, 0
137025, 33347719, 0, 0, 0
138037, 33960075, 0, 0, 0
139028, 33510931, 0, 0, 0
140037, 33317522, 0, 0, 0
141034, 34049515, 0, 0, 0
142030, 32862114, 0, 0, 0
143038, 33760667, 0, 0, 0
144033, 33545779, 0, 0, 0
145028, 33291146, 0, 0, 0
146038, 33515054, 0, 0, 0
147000, 33840545, 0, 0, 0
148031, 32953166, 0, 0, 0
149025, 33125390, 0, 0, 0
150036, 33696470, 0, 0, 0
151031, 33932873, 0, 0, 0
152026, 33232596, 0, 0, 0
153035, 33203232, 0, 0, 0
154029, 33679210, 0, 0, 0
155037, 33105820, 0, 0, 0
156029, 33706515, 0, 0, 0
157023, 33263330, 0, 0, 0
158033, 33468718, 0, 0, 0
159027, 33238901, 0, 0, 0
160028, 33452421, 0, 0, 0
161024, 33708064, 0, 0, 0
162028, 33311443, 0, 0, 0
163037, 33544945, 0, 0, 0
164034, 33520090, 0, 0, 0
165028, 33335608, 0, 0, 0
166022, 33247265, 0, 0, 0
167035, 33956094, 0, 0, 0
168029, 33211375, 0, 0, 0
169025, 33426083, 0, 0, 0
170032, 33402838, 0, 0, 0
171024, 33324387, 0, 0, 0
172029, 33450038, 0, 0, 0
173024, 33245507, 0, 0, 0
174025, 34095370, 0, 0, 0
175030, 33072390, 0, 0, 0
176024, 33270554, 0, 0, 0
177035, 33351068, 0, 0, 0
178025, 33466529, 0, 0, 0
179025, 33689095, 0, 0, 0
180032, 33231289, 0, 0, 0
180042, 63392506, 0, 0, 0
