1000, 2088, 1, 0, 0
2000, 1960, 1, 0, 0
3000, 1919, 1, 0, 0
4000, 1904, 1, 0, 0
5001, 1924, 1, 0, 0
6000, 1909, 1, 0, 0
7000, 1928, 1, 0, 0
8000, 1897, 1, 0, 0
9000, 1900, 1, 0, 0
10001, 1887, 1, 0, 0
11000, 1917, 1, 0, 0
12001, 1952, 1, 0, 0
13000, 1897, 1, 0, 0
14001, 1942, 1, 0, 0
15000, 1901, 1, 0, 0
16001, 1890, 1, 0, 0
17000, 1943, 1, 0, 0
18001, 1901, 1, 0, 0
19000, 1933, 1, 0, 0
20001, 1906, 1, 0, 0
21000, 1931, 1, 0, 0
22001, 1931, 1, 0, 0
23000, 1945, 1, 0, 0
24001, 1896, 1, 0, 0
25000, 1907, 1, 0, 0
26001, 1873, 1, 0, 0
27000, 1965, 1, 0, 0
28000, 1877, 1, 0, 0
29000, 1926, 1, 0, 0
30000, 1882, 1, 0, 0
31000, 1904, 1, 0, 0
32000, 1993, 1, 0, 0
33000, 1897, 1, 0, 0
34001, 1984, 1, 0, 0
35000, 1919, 1, 0, 0
36001, 1920, 1, 0, 0
37000, 1902, 1, 0, 0
38000, 1917, 1, 0, 0
39000, 1871, 1, 0, 0
40000, 1988, 1, 0, 0
41001, 1848, 1, 0, 0
42000, 1753, 1, 0, 0
43001, 1890, 1, 0, 0
44000, 1961, 1, 0, 0
45000, 1889, 1, 0, 0
46000, 1902, 1, 0, 0
47000, 1860, 1, 0, 0
48000, 1917, 1, 0, 0
49000, 1932, 1, 0, 0
50001, 1911, 1, 0, 0
51000, 1883, 1, 0, 0
52000, 1703, 1, 0, 0
53000, 1943, 1, 0, 0
54000, 1893, 1, 0, 0
55000, 1908, 1, 0, 0
56001, 1893, 1, 0, 0
57000, 1904, 1, 0, 0
58001, 1908, 1, 0, 0
59000, 1883, 1, 0, 0
60001, 1909, 1, 0, 0
61000, 1918, 1, 0, 0
62001, 1930, 1, 0, 0
63000, 1863, 1, 0, 0
64001, 1973, 1, 0, 0
65000, 1904, 1, 0, 0
66001, 1873, 1, 0, 0
67000, 1895, 1, 0, 0
68001, 1952, 1, 0, 0
69000, 1889, 1, 0, 0
70000, 1923, 1, 0, 0
71001, 2021, 1, 0, 0
72000, 1787, 1, 0, 0
73001, 1951, 1, 0, 0
74000, 1960, 1, 0, 0
75000, 1953, 1, 0, 0
76000, 1920, 1, 0, 0
77000, 1899, 1, 0, 0
78001, 1908, 1, 0, 0
79000, 1890, 1, 0, 0
80001, 1948, 1, 0, 0
81000, 1882, 1, 0, 0
82000, 1969, 1, 0, 0
83000, 1782, 1, 0, 0
84000, 1968, 1, 0, 0
85001, 1965, 1, 0, 0
86000, 1933, 1, 0, 0
87001, 1908, 1, 0, 0
88000, 1920, 1, 0, 0
89001, 1900, 1, 0, 0
90000, 1882, 1, 0, 0
91000, 1873, 1, 0, 0
92001, 1871, 1, 0, 0
93000, 1929, 1, 0, 0
94001, 1959, 1, 0, 0
95000, 1856, 1, 0, 0
96001, 1873, 1, 0, 0
97000, 1941, 1, 0, 0
98000, 1843, 1, 0, 0
99000, 1953, 1, 0, 0
100000, 1888, 1, 0, 0
101001, 1889, 1, 0, 0
102000, 1955, 1, 0, 0
103000, 1980, 1, 0, 0
104000, 1936, 1, 0, 0
105000, 1925, 1, 0, 0
106001, 1918, 1, 0, 0
107000, 1923, 1, 0, 0
108000, 1888, 1, 0, 0
109000, 1922, 1, 0, 0
110000, 1883, 1, 0, 0
111001, 1896, 1, 0, 0
112000, 1883, 1, 0, 0
113000, 1954, 1, 0, 0
114000, 1859, 1, 0, 0
115000, 1945, 1, 0, 0
116001, 1909, 1, 0, 0
117000, 1910, 1, 0, 0
118000, 1888, 1, 0, 0
119001, 1871, 1, 0, 0
120000, 1916, 1, 0, 0
121000, 1916, 1, 0, 0
122001, 1932, 1, 0, 0
123000, 1915, 1, 0, 0
124000, 1862, 1, 0, 0
125000, 1910, 1, 0, 0
126001, 1929, 1, 0, 0
127000, 1955, 1, 0, 0
128000, 1872, 1, 0, 0
129000, 1948, 1, 0, 0
130000, 1930, 1, 0, 0
131001, 1884, 1, 0, 0
132000, 1914, 1, 0, 0
133001, 1933, 1, 0, 0
134000, 1916, 1, 0, 0
135000, 1838, 1, 0, 0
136001, 1941, 1, 0, 0
137000, 1904, 1, 0, 0
138000, 1932, 1, 0, 0
139001, 1917, 1, 0, 0
140000, 1922, 1, 0, 0
141001, 1891, 1, 0, 0
142000, 1892, 1, 0, 0
143001, 1927, 1, 0, 0
144000, 1964, 1, 0, 0
145001, 1911, 1, 0, 0
146000, 1932, 1, 0, 0
147000, 1930, 1, 0, 0
148000, 1926, 1, 0, 0
149000, 1876, 1, 0, 0
150000, 1912, 1, 0, 0
151000, 1875, 1, 0, 0
152001, 1907, 1, 0, 0
153000, 1919, 1, 0, 0
154001, 1965, 1, 0, 0
155000, 1952, 1, 0, 0
156001, 1935, 1, 0, 0
157000, 1880, 1, 0, 0
158001, 1957, 1, 0, 0
159000, 1892, 1, 0, 0
160000, 1939, 1, 0, 0
161000, 1945, 1, 0, 0
162000, 1886, 1, 0, 0
163000, 1917, 1, 0, 0
164000, 1782, 1, 0, 0
165001, 1802, 1, 0, 0
166000, 1969, 1, 0, 0
167001, 1958, 1, 0, 0
168000, 1975, 1, 0, 0
169001, 1956, 1, 0, 0
170000, 1380, 1, 0, 0
171001, 1974, 1, 0, 0
172000, 1841, 1, 0, 0
173001, 1967, 1, 0, 0
174000, 1943, 1, 0, 0
175000, 1935, 1, 0, 0
176000, 1891, 1, 0, 0
177000, 1941, 1, 0, 0
178001, 1917, 1, 0, 0
179000, 1917, 1, 0, 0
180001, 1884, 1, 0, 0
