1030, 14767593, 0, 0, 0
2026, 16865565, 0, 0, 0
3035, 16736190, 0, 0, 0
4029, 16806929, 0, 0, 0
5031, 16896504, 0, 0, 0
6035, 16508082, 0, 0, 0
7029, 16761772, 0, 0, 0
8026, 16582985, 0, 0, 0
9034, 17090312, 0, 0, 0
10028, 16484498, 0, 0, 0
11025, 16815605, 0, 0, 0
12031, 17021152, 0, 0, 0
13029, 16624940, 0, 0, 0
14039, 16853161, 0, 0, 0
15031, 16763558, 0, 0, 0
16027, 16628634, 0, 0, 0
17037, 16634870, 0, 0, 0
18032, 17034673, 0, 0, 0
19025, 16810418, 0, 0, 0
20034, 16777909, 0, 0, 0
21028, 16736894, 0, 0, 0
22000, 16692224, 0, 0, 0
23030, 16679266, 0, 0, 0
24000, 16818642, 0, 0, 0
25025, 16426114, 0, 0, 0
26028, 16483884, 0, 0, 0
27035, 16826904, 0, 0, 0
28025, 16529293, 0, 0, 0
29029, 16915937, 0, 0, 0
30027, 16696560, 0, 0, 0
31032, 16693717, 0, 0, 0
32025, 16669063, 0, 0, 0
33040, 16844929, 0, 0, 0
34026, 16676895, 0, 0, 0
35028, 16448593, 0, 0, 0
36039, 16765209, 0, 0, 0
37027, 16486795, 0, 0, 0
38031, 16521405, 0, 0, 0
39034, 16800409, 0, 0, 0
40030, 16246119, 0, 0, 0
41041, 16684054, 0, 0, 0
42000, 16860005, 0, 0, 0
43027, 16518578, 0, 0, 0
44040, 16495694, 0, 0, 0
45029, 16634207, 0, 0, 0
46030, 16580848, 0, 0, 0
47027, 16925891, 0, 0, 0
48000, 16905611, 0, 0, 0
49029, 16681715, 0, 0, 0
50039, 16909656, 0, 0, 0
51033, 16706590, 0, 0, 0
52025, 16625485, 0, 0, 0
53039, 17042970, 0, 0, 0
54032, 16560454, 0, 0, 0
55026, 16685349, 0, 0, 0
56031, 16893587, 0, 0, 0
57028, 16482407, 0, 0, 0
58037, 16513202, 0, 0, 0
59027, 16787704, 0, 0, 0
60029, 16683246, 0, 0, 0
61028, 16778521, 0, 0, 0
62037, 16915338, 0, 0, 0
63028, 16703984, 0, 0, 0
64028, 16693646, 0, 0, 0
65038, 16816786, 0, 0, 0
66032, 16765317, 0, 0, 0
67025, 16526962, 0, 0, 0
68034, 16927793, 0, 0, 0
69028, 16995946, 0, 0, 0
70027, 16407825, 0, 0, 0
71032, 16674390, 0, 0, 0
72026, 16554855, 0, 0, 0
73030, 16760425, 0, 0, 0
74033, 16936744, 0, 0, 0
75028, 16554774, 0, 0, 0
76000, 16828724, 0, 0, 0
77028, 16807029, 0, 0, 0
78027, 16572848, 0, 0, 0
79000, 16958554, 0, 0, 0
80029, 16426653, 0, 0, 0
81025, 16861521, 0, 0, 0
82034, 16727178, 0, 0, 0
83028, 16767950, 0, 0, 0
84038, 16602020, 0, 0, 0
85033, 16800514, 0, 0, 0
86025, 16066854, 0, 0, 0
87036, 16886378, 0, 0, 0
88030, 16556091, 0, 0, 0
89039, 16918655, 0, 0, 0
90030, 16690235, 0, 0, 0
91027, 16572706, 0, 0, 0
92025, 16602283, 0, 0, 0
93036, 16609351, 0, 0, 0
94028, 16702488, 0, 0, 0
95038, 16729247, 0, 0, 0
96029, 16693588, 0, 0, 0
97039, 16581518, 0, 0, 0
98035, 16902846, 0, 0, 0
99029, 16761158, 0, 0, 0
100040, 16715053, 0, 0, 0
101036, 16716432, 0, 0, 0
102027, 16982411, 0, 0, 0
103026, 16669757, 0, 0, 0
104000, 16876043, 0, 0, 0
105028, 16700203, 0, 0, 0
106030, 16704070, 0, 0, 0
107025, 16624964, 0, 0, 0
108036, 16853034, 0, 0, 0
109027, 16812878, 0, 0, 0
110034, 16696056, 0, 0, 0
111029, 16985241, 0, 0, 0
112034, 16726043, 0, 0, 0
113000, 16882698, 0, 0, 0
114031, 16728737, 0, 0, 0
115028, 16525544, 0, 0, 0
116027, 16741892, 0, 0, 0
117034, 16683366, 0, 0, 0
118030, 16584449, 0, 0, 0
119025, 16876884, 0, 0, 0
120034, 16981685, 0, 0, 0
121026, 16650968, 0, 0, 0
122033, 16827779, 0, 0, 0
123029, 16585435, 0, 0, 0
124037, 16829318, 0, 0, 0
125030, 16655688, 0, 0, 0
126023, 16532550, 0, 0, 0
127030, 16914972, 0, 0, 0
128025, 16602673, 0, 0, 0
129025, 16664381, 0, 0, 0
130000, 16713342, 0, 0, 0
131025, 16632182, 0, 0, 0
132024, 16947650, 0, 0, 0
133028, 17059634, 0, 0, 0
134028, 16437875, 0, 0, 0
135039, 16672739, 0, 0, 0
136033, 17578448, 0, 0, 0
137026, 16704309, 0, 0, 0
138031, 16775083, 0, 0, 0
139026, 16854109, 0, 0, 0
140031, 16965673, 0, 0, 0
141024, 17004134, 0, 0, 0
142029, 16654151, 0, 0, 0
143026, 16701647, 0, 0, 0
144031, 16755448, 0, 0, 0
145028, 16612147, 0, 0, 0
146038, 16574808, 0, 0, 0
147032, 16765728, 0, 0, 0
148027, 16748885, 0, 0, 0
149031, 16649646, 0, 0, 0
150034, 16840652, 0, 0, 0
151027, 16811805, 0, 0, 0
152038, 16705740, 0, 0, 0
153024, 16556748, 0, 0, 0
154028, 16542860, 0, 0, 0
155040, 16492904, 0, 0, 0
156029, 16851386, 0, 0, 0
157030, 16627306, 0, 0, 0
158027, 16820101, 0, 0, 0
159037, 16845435, 0, 0, 0
160029, 16674704, 0, 0, 0
161026, 16702131, 0, 0, 0
162004, 16870999, 0, 0, 0
163027, 16914277, 0, 0, 0
164040, 16643115, 0, 0, 0
165000, 17077432, 0, 0, 0
166027, 17044781, 0, 0, 0
167033, 16781901, 0, 0, 0
168004, 16717010, 0, 0, 0
169030, 16573204, 0, 0, 0
170027, 16667922, 0, 0, 0
171036, 16819869, 0, 0, 0
172030, 16708153, 0, 0, 0
173025, 16752355, 0, 0, 0
174033, 16719770, 0, 0, 0
175028, 16633147, 0, 0, 0
176031, 17065355, 0, 0, 0
177024, 17390397, 0, 0, 0
178027, 16665374, 0, 0, 0
179000, 16927043, 0, 0, 0
180029, 16477122, 0, 0, 0
180036, 43556766, 0, 0, 0
