1000, 3758310, 1, 0, 0
2000, 4082119, 1, 0, 0
3023, 4162641, 1, 0, 0
4000, 4294944, 1, 0, 0
5000, 4215179, 1, 0, 0
6000, 4144268, 1, 0, 0
7000, 4133885, 1, 0, 0
8001, 4178064, 1, 0, 0
9000, 4212165, 1, 0, 0
10000, 4082749, 1, 0, 0
11031, 4271206, 1, 0, 0
12000, 4245129, 1, 0, 0
13000, 4085356, 1, 0, 0
14022, 4180745, 1, 0, 0
15000, 4164815, 1, 0, 0
16001, 4128225, 1, 0, 0
17000, 4256192, 1, 0, 0
18000, 4307510, 1, 0, 0
19000, 4196816, 1, 0, 0
20000, 4156419, 1, 0, 0
21000, 4111217, 1, 0, 0
22000, 4172170, 1, 0, 0
23000, 4150626, 1, 0, 0
24000, 4131081, 1, 0, 0
25022, 4138964, 1, 0, 0
26000, 4280655, 1, 0, 0
27000, 4063639, 1, 0, 0
28021, 4170924, 1, 0, 0
29000, 4224876, 1, 0, 0
30024, 4156915, 1, 0, 0
31000, 4110640, 1, 0, 0
32000, 4214020, 1, 0, 0
33035, 4231961, 1, 0, 0
34023, 4227371, 1, 0, 0
35003, 4210309, 1, 0, 0
36022, 4128685, 1, 0, 0
37000, 4200997, 1, 0, 0
38001, 4156266, 1, 0, 0
39032, 4136198, 1, 0, 0
40000, 4302101, 1, 0, 0
41000, 4128095, 1, 0, 0
42000, 4276323, 1, 0, 0
43000, 4151810, 1, 0, 0
44000, 4110226, 1, 0, 0
45000, 4268924, 1, 0, 0
46000, 4071151, 1, 0, 0
47000, 4250321, 1, 0, 0
48000, 4067712, 1, 0, 0
49000, 4213767, 1, 0, 0
50000, 4141230, 1, 0, 0
51000, 4137861, 1, 0, 0
52000, 4304831, 1, 0, 0
53000, 4096982, 1, 0, 0
54022, 4043765, 1, 0, 0
55034, 4209760, 1, 0, 0
56000, 4255886, 1, 0, 0
57000, 4126567, 1, 0, 0
58000, 4128682, 1, 0, 0
59000, 4176935, 1, 0, 0
60000, 4077920, 1, 0, 0
61000, 4173132, 1, 0, 0
62030, 4172503, 1, 0, 0
63000, 4171621, 1, 0, 0
64000, 4261938, 1, 0, 0
65000, 4059236, 1, 0, 0
66000, 4138072, 1, 0, 0
67000, 4280313, 1, 0, 0
68023, 4181868, 1, 0, 0
69000, 4247619, 1, 0, 0
70000, 4144679, 1, 0, 0
71000, 4125862, 1, 0, 0
72027, 4190718, 1, 0, 0
73000, 4301112, 1, 0, 0
74000, 4251916, 1, 0, 0
75022, 4177998, 1, 0, 0
76000, 4291214, 1, 0, 0
77000, 4133521, 1, 0, 0
78022, 4097054, 1, 0, 0
79000, 4269308, 1, 0, 0
80036, 4143387, 1, 0, 0
81023, 4232516, 1, 0, 0
82000, 4233319, 1, 0, 0
83000, 4181882, 1, 0, 0
84000, 4152541, 1, 0, 0
85000, 4239516, 1, 0, 0
86000, 4353398, 1, 0, 0
87000, 4130744, 1, 0, 0
88000, 4158536, 1, 0, 0
89000, 4219462, 1, 0, 0
90000, 4274837, 1, 0, 0
91000, 4206659, 1, 0, 0
92000, 4240337, 1, 0, 0
93023, 4128593, 1, 0, 0
94000, 4263030, 1, 0, 0
95000, 4168125, 1, 0, 0
96000, 4167529, 1, 0, 0
97000, 4220388, 1, 0, 0
98000, 4203806, 1, 0, 0
99000, 4203745, 1, 0, 0
100000, 4320800, 1, 0, 0
101000, 4153073, 1, 0, 0
102000, 4212600, 1, 0, 0
103000, 4118601, 1, 0, 0
104000, 4268779, 1, 0, 0
105000, 4187558, 1, 0, 0
106000, 4125090, 1, 0, 0
107000, 4141430, 1, 0, 0
108001, 4192862, 1, 0, 0
109000, 4300793, 1, 0, 0
110000, 4169204, 1, 0, 0
111000, 4293872, 1, 0, 0
112001, 4127364, 1, 0, 0
113000, 4129212, 1, 0, 0
114000, 4259771, 1, 0, 0
115000, 4069342, 1, 0, 0
116024, 4199018, 1, 0, 0
117000, 4230369, 1, 0, 0
118000, 4161989, 1, 0, 0
119000, 4287025, 1, 0, 0
120000, 4210978, 1, 0, 0
121036, 4150291, 1, 0, 0
122000, 4253881, 1, 0, 0
123000, 4462560, 1, 0, 0
124000, 4054649, 1, 0, 0
125000, 4182532, 1, 0, 0
126000, 4172118, 1, 0, 0
127000, 4169729, 1, 0, 0
128000, 4219920, 1, 0, 0
129000, 4231059, 1, 0, 0
130000, 4142142, 1, 0, 0
131000, 4162308, 1, 0, 0
132000, 4153852, 1, 0, 0
133037, 4162854, 1, 0, 0
134000, 4202712, 1, 0, 0
135000, 4197234, 1, 0, 0
136000, 4133213, 1, 0, 0
137000, 4260613, 1, 0, 0
138000, 4181897, 1, 0, 0
139000, 4251663, 1, 0, 0
140000, 4085900, 1, 0, 0
141000, 4081254, 1, 0, 0
142000, 4186404, 1, 0, 0
143000, 4268456, 1, 0, 0
144000, 4186900, 1, 0, 0
145000, 4100817, 1, 0, 0
146000, 4100891, 1, 0, 0
147000, 4229937, 1, 0, 0
148000, 4210458, 1, 0, 0
149034, 4159055, 1, 0, 0
150000, 4251557, 1, 0, 0
151000, 4156047, 1, 0, 0
152000, 4205292, 1, 0, 0
153030, 4180441, 1, 0, 0
154000, 4211015, 1, 0, 0
155000, 4210118, 1, 0, 0
156000, 4185285, 1, 0, 0
157024, 4067931, 1, 0, 0
158000, 4243446, 1, 0, 0
159000, 4120711, 1, 0, 0
160000, 4140098, 1, 0, 0
161000, 4219287, 1, 0, 0
162000, 4126520, 1, 0, 0
163000, 4231599, 1, 0, 0
164000, 4135371, 1, 0, 0
165000, 4106130, 1, 0, 0
166000, 4242119, 1, 0, 0
167000, 4181639, 1, 0, 0
168000, 4151673, 1, 0, 0
169000, 4253260, 1, 0, 0
170000, 4135648, 1, 0, 0
171000, 4285383, 1, 0, 0
172000, 4143726, 1, 0, 0
173000, 4182314, 1, 0, 0
174000, 4153344, 1, 0, 0
175000, 4134648, 1, 0, 0
176000, 4220768, 1, 0, 0
177000, 4149163, 1, 0, 0
178000, 4254781, 1, 0, 0
179000, 4101666, 1, 0, 0
180032, 4192479, 1, 0, 0
180035, 37717810, 1, 0, 0
