1000, 7115537, 1, 0, 0
2001, 8589412, 1, 0, 0
3001, 8453870, 1, 0, 0
4001, 8570917, 1, 0, 0
5000, 9480905, 1, 0, 0
6001, 8027334, 1, 0, 0
7000, 8375567, 1, 0, 0
8000, 8321510, 1, 0, 0
9000, 8984980, 1, 0, 0
10001, 8349400, 1, 0, 0
11003, 8544511, 1, 0, 0
12040, 8818376, 1, 0, 0
13001, 8224349, 1, 0, 0
14000, 8662723, 1, 0, 0
15034, 7769106, 1, 0, 0
16003, 8477574, 1, 0, 0
17000, 8373125, 1, 0, 0
18000, 7831396, 1, 0, 0
19028, 8606154, 1, 0, 0
20000, 8646648, 1, 0, 0
21000, 8495538, 1, 0, 0
22000, 8214719, 1, 0, 0
23000, 8609716, 1, 0, 0
24000, 8741879, 1, 0, 0
25000, 8521605, 1, 0, 0
26001, 8336293, 1, 0, 0
27001, 8700334, 1, 0, 0
28000, 8057367, 1, 0, 0
29000, 8246577, 1, 0, 0
30002, 8137194, 1, 0, 0
31000, 8284739, 1, 0, 0
32000, 7813999, 1, 0, 0
33001, 8472478, 1, 0, 0
34000, 8432632, 1, 0, 0
35001, 8076797, 1, 0, 0
36001, 8575249, 1, 0, 0
37000, 8245220, 1, 0, 0
38000, 8589728, 1, 0, 0
39027, 8145225, 1, 0, 0
40002, 8678116, 1, 0, 0
41002, 8277081, 1, 0, 0
42000, 8653309, 1, 0, 0
43002, 8450417, 1, 0, 0
44000, 8256983, 1, 0, 0
45000, 8534800, 1, 0, 0
46000, 8439466, 1, 0, 0
47001, 8296745, 1, 0, 0
48001, 8264182, 1, 0, 0
49000, 8357991, 1, 0, 0
50000, 8749777, 1, 0, 0
51000, 8307264, 1, 0, 0
52001, 8720072, 1, 0, 0
53000, 8194190, 1, 0, 0
54000, 8629689, 1, 0, 0
55000, 8585111, 1, 0, 0
56000, 8037366, 1, 0, 0
57040, 8267594, 1, 0, 0
58000, 8714204, 1, 0, 0
59000, 8418661, 1, 0, 0
60000, 8723791, 1, 0, 0
61000, 8297758, 1, 0, 0
62000, 8411301, 1, 0, 0
63001, 8623940, 1, 0, 0
64000, 8828077, 1, 0, 0
65000, 8688944, 1, 0, 0
66000, 8377907, 1, 0, 0
67001, 9025682, 1, 0, 0
68000, 8135768, 1, 0, 0
69001, 8850244, 1, 0, 0
70002, 8355673, 1, 0, 0
71000, 8553873, 1, 0, 0
72002, 8190893, 1, 0, 0
73000, 8727456, 1, 0, 0
74000, 8186914, 1, 0, 0
75000, 8225401, 1, 0, 0
76000, 8823832, 1, 0, 0
77028, 8531548, 1, 0, 0
78000, 8278586, 1, 0, 0
79000, 7975246, 1, 0, 0
80000, 8374931, 1, 0, 0
81001, 8416924, 1, 0, 0
82038, 8245734, 1, 0, 0
83001, 8237184, 1, 0, 0
84000, 8211831, 1, 0, 0
85000, 8373311, 1, 0, 0
86001, 8177826, 1, 0, 0
87000, 8470176, 1, 0, 0
88030, 8610245, 1, 0, 0
89000, 8915652, 1, 0, 0
90042, 8383511, 1, 0, 0
91000, 8743409, 1, 0, 0
92003, 7796252, 1, 0, 0
93000, 8675689, 1, 0, 0
94000, 8936360, 1, 0, 0
95000, 8247898, 1, 0, 0
96000, 8404277, 1, 0, 0
97000, 8112483, 1, 0, 0
98000, 7665429, 1, 0, 0
99000, 8252380, 1, 0, 0
100000, 8300911, 1, 0, 0
101001, 8197024, 1, 0, 0
102003, 8338784, 1, 0, 0
103000, 8392879, 1, 0, 0
104000, 8487273, 1, 0, 0
105001, 8092047, 1, 0, 0
106003, 8657564, 1, 0, 0
107000, 8269638, 1, 0, 0
108001, 8227729, 1, 0, 0
109000, 8393750, 1, 0, 0
110000, 7759212, 1, 0, 0
111003, 9063082, 1, 0, 0
112000, 8439554, 1, 0, 0
113000, 8507030, 1, 0, 0
114002, 8387601, 1, 0, 0
115000, 8146904, 1, 0, 0
116000, 8322477, 1, 0, 0
117006, 8456206, 1, 0, 0
118000, 8207848, 1, 0, 0
119000, 8306728, 1, 0, 0
120000, 8273771, 1, 0, 0
121000, 8880664, 1, 0, 0
122000, 8517494, 1, 0, 0
123000, 8220306, 1, 0, 0
124000, 8377877, 1, 0, 0
125001, 8540013, 1, 0, 0
126000, 8336595, 1, 0, 0
127000, 8754444, 1, 0, 0
128001, 7989065, 1, 0, 0
129001, 8495066, 1, 0, 0
130001, 8276570, 1, 0, 0
131008, 8045405, 1, 0, 0
132000, 8440106, 1, 0, 0
133000, 8396829, 1, 0, 0
134000, 8225427, 1, 0, 0
135001, 8476200, 1, 0, 0
136000, 8121140, 1, 0, 0
137030, 8323360, 1, 0, 0
138000, 8052133, 1, 0, 0
139001, 7858030, 1, 0, 0
140000, 8470103, 1, 0, 0
141022, 8343792, 1, 0, 0
142000, 8564038, 1, 0, 0
143000, 8547905, 1, 0, 0
144033, 7941130, 1, 0, 0
145004, 8237916, 1, 0, 0
146000, 8213597, 1, 0, 0
147000, 8205961, 1, 0, 0
148002, 8339167, 1, 0, 0
149000, 8887622, 1, 0, 0
150000, 7909330, 1, 0, 0
151000, 8308421, 1, 0, 0
152001, 8040782, 1, 0, 0
153001, 8367004, 1, 0, 0
154000, 9005412, 1, 0, 0
155000, 8156662, 1, 0, 0
156002, 8306206, 1, 0, 0
157000, 8004880, 1, 0, 0
158000, 8610172, 1, 0, 0
159027, 8396413, 1, 0, 0
160001, 8408504, 1, 0, 0
161000, 7768333, 1, 0, 0
162027, 8623647, 1, 0, 0
163000, 8536797, 1, 0, 0
164000, 8472407, 1, 0, 0
165000, 8505444, 1, 0, 0
166000, 8102644, 1, 0, 0
167039, 8182738, 1, 0, 0
168000, 8491902, 1, 0, 0
169000, 8447527, 1, 0, 0
170000, 8663128, 1, 0, 0
171000, 7924219, 1, 0, 0
172000, 8228946, 1, 0, 0
173039, 8190736, 1, 0, 0
174001, 8264017, 1, 0, 0
175000, 7852991, 1, 0, 0
176000, 8805276, 1, 0, 0
177000, 8264720, 1, 0, 0
178026, 8309612, 1, 0, 0
179000, 8753361, 1, 0, 0
180001, 8482407, 1, 0, 0
180005, 7566991, 1, 0, 0
