1002, 2319774, 0, 0, 0
2001, 2204083, 0, 0, 0
3000, 2294871, 0, 0, 0
4000, 2163609, 0, 0, 0
5001, 2290032, 0, 0, 0
6000, 2259806, 0, 0, 0
7001, 2264221, 0, 0, 0
8007, 2291709, 0, 0, 0
9001, 2447646, 0, 0, 0
10000, 2605449, 0, 0, 0
11000, 2248556, 0, 0, 0
12001, 2347167, 0, 0, 0
13002, 2349315, 0, 0, 0
14000, 2271920, 0, 0, 0
15000, 2182502, 0, 0, 0
16001, 2259039, 0, 0, 0
17001, 2271722, 0, 0, 0
18001, 2272662, 0, 0, 0
19002, 2349588, 0, 0, 0
20001, 2315907, 0, 0, 0
21001, 2227471, 0, 0, 0
22001, 2215853, 0, 0, 0
23000, 2162491, 0, 0, 0
24000, 2222193, 0, 0, 0
25001, 2428649, 0, 0, 0
26001, 2282159, 0, 0, 0
27001, 2211075, 0, 0, 0
28001, 2157904, 0, 0, 0
29002, 2180532, 0, 0, 0
30001, 2161174, 0, 0, 0
31001, 2257158, 0, 0, 0
32002, 2233232, 0, 0, 0
33001, 2255449, 0, 0, 0
34000, 2218443, 0, 0, 0
35001, 2345376, 0, 0, 0
36000, 2223214, 0, 0, 0
37000, 2347172, 0, 0, 0
38002, 2260377, 0, 0, 0
39000, 2278458, 0, 0, 0
40000, 2176735, 0, 0, 0
41001, 2243674, 0, 0, 0
42002, 2230245, 0, 0, 0
43001, 2188944, 0, 0, 0
44000, 2144060, 0, 0, 0
45001, 2278812, 0, 0, 0
46001, 2298459, 0, 0, 0
47001, 2169168, 0, 0, 0
48001, 2312597, 0, 0, 0
49000, 2275507, 0, 0, 0
50001, 2219055, 0, 0, 0
51001, 2251451, 0, 0, 0
52000, 2193677, 0, 0, 0
53000, 2208058, 0, 0, 0
54000, 2277327, 0, 0, 0
55000, 2287876, 0, 0, 0
56000, 2251163, 0, 0, 0
57000, 2293359, 0, 0, 0
58000, 2275176, 0, 0, 0
59002, 2251080, 0, 0, 0
60000, 2257832, 0, 0, 0
61001, 2162627, 0, 0, 0
62000, 2283478, 0, 0, 0
63000, 2182528, 0, 0, 0
64004, 2341126, 0, 0, 0
65000, 2319914, 0, 0, 0
66001, 2228278, 0, 0, 0
67000, 2220474, 0, 0, 0
68000, 2256958, 0, 0, 0
69000, 2191885, 0, 0, 0
70000, 2425881, 0, 0, 0
71001, 2238184, 0, 0, 0
72000, 2219045, 0, 0, 0
73001, 2327862, 0, 0, 0
74000, 2371533, 0, 0, 0
75001, 2263810, 0, 0, 0
76000, 2166870, 0, 0, 0
77001, 2300993, 0, 0, 0
78000, 2233289, 0, 0, 0
79000, 2241727, 0, 0, 0
80000, 2298891, 0, 0, 0
81001, 2254072, 0, 0, 0
82001, 2261606, 0, 0, 0
83001, 2291291, 0, 0, 0
84002, 2317084, 0, 0, 0
85001, 2229987, 0, 0, 0
86002, 2298926, 0, 0, 0
87000, 2259007, 0, 0, 0
88001, 2256712, 0, 0, 0
89001, 2278677, 0, 0, 0
90000, 2269873, 0, 0, 0
91000, 2275582, 0, 0, 0
92001, 2240678, 0, 0, 0
93000, 4919054, 0, 0, 0
94001, 2202970, 0, 0, 0
95000, 2323030, 0, 0, 0
96000, 2293048, 0, 0, 0
97000, 2217268, 0, 0, 0
98001, 2156856, 0, 0, 0
99001, 2340196, 0, 0, 0
100001, 2304317, 0, 0, 0
101000, 2309970, 0, 0, 0
102001, 2265086, 0, 0, 0
103002, 2214925, 0, 0, 0
104000, 2260684, 0, 0, 0
105000, 2294417, 0, 0, 0
106000, 2276674, 0, 0, 0
107001, 2262641, 0, 0, 0
108000, 2274763, 0, 0, 0
109000, 2398619, 0, 0, 0
110000, 2187656, 0, 0, 0
111001, 2263659, 0, 0, 0
112050, 2377904, 0, 0, 0
113002, 2196956, 0, 0, 0
114000, 2174604, 0, 0, 0
115002, 2163385, 0, 0, 0
116001, 2334155, 0, 0, 0
117002, 2309955, 0, 0, 0
118000, 2247338, 0, 0, 0
119002, 2301448, 0, 0, 0
120001, 2215953, 0, 0, 0
121002, 2217757, 0, 0, 0
122000, 2231813, 0, 0, 0
123000, 2188726, 0, 0, 0
124001, 2216896, 0, 0, 0
125001, 2164019, 0, 0, 0
126000, 2249742, 0, 0, 0
127001, 2184878, 0, 0, 0
128000, 2189502, 0, 0, 0
129001, 2259786, 0, 0, 0
130001, 2192500, 0, 0, 0
131000, 2280425, 0, 0, 0
132000, 2172008, 0, 0, 0
133000, 2130830, 0, 0, 0
134002, 2245942, 0, 0, 0
135000, 2146699, 0, 0, 0
136000, 2149049, 0, 0, 0
137005, 2214164, 0, 0, 0
138001, 2173419, 0, 0, 0
139001, 2267311, 0, 0, 0
140000, 2238120, 0, 0, 0
141001, 2142648, 0, 0, 0
142000, 2214701, 0, 0, 0
143001, 2185830, 0, 0, 0
144000, 2128821, 0, 0, 0
145001, 2526098, 0, 0, 0
146001, 2156134, 0, 0, 0
147001, 2136327, 0, 0, 0
148000, 2164636, 0, 0, 0
149001, 2400554, 0, 0, 0
150002, 2190149, 0, 0, 0
151001, 2170850, 0, 0, 0
152375, 3652039, 0, 0, 0
153000, 2098300, 0, 0, 0
154000, 2154367, 0, 0, 0
155002, 2117332, 0, 0, 0
156001, 2138880, 0, 0, 0
157000, 2219641, 0, 0, 0
158000, 2252499, 0, 0, 0
159000, 2131316, 0, 0, 0
160000, 2271457, 0, 0, 0
161000, 2149958, 0, 0, 0
162002, 2172727, 0, 0, 0
163001, 2174748, 0, 0, 0
164000, 2149016, 0, 0, 0
165000, 2121508, 0, 0, 0
166001, 2166754, 0, 0, 0
167001, 2121756, 0, 0, 0
168001, 2127649, 0, 0, 0
169000, 2148385, 0, 0, 0
170001, 2258135, 0, 0, 0
171001, 2182943, 0, 0, 0
172001, 2144911, 0, 0, 0
173001, 2211965, 0, 0, 0
174001, 2083252, 0, 0, 0
175000, 2124285, 0, 0, 0
176001, 2134210, 0, 0, 0
177001, 2134692, 0, 0, 0
178000, 2195100, 0, 0, 0
179001, 2171970, 0, 0, 0
180001, 2177729, 0, 0, 0
