1035, 7463359, 0, 0, 0
2000, 8453639, 0, 0, 0
3000, 8319057, 0, 0, 0
4000, 8377946, 0, 0, 0
5000, 8602686, 0, 0, 0
6000, 8326372, 0, 0, 0
7000, 8496934, 0, 0, 0
8000, 8143516, 0, 0, 0
9000, 8593124, 0, 0, 0
10037, 8090771, 0, 0, 0
11000, 8527114, 0, 0, 0
12000, 8423141, 0, 0, 0
13000, 8557908, 0, 0, 0
14000, 8173322, 0, 0, 0
15041, 8292071, 0, 0, 0
16000, 8467318, 0, 0, 0
17036, 8284479, 0, 0, 0
18000, 8291093, 0, 0, 0
19001, 8624981, 0, 0, 0
20000, 8110874, 0, 0, 0
21000, 8490225, 0, 0, 0
22038, 8336940, 0, 0, 0
23000, 8324765, 0, 0, 0
24000, 8555674, 0, 0, 0
25000, 8166910, 0, 0, 0
26000, 8261016, 0, 0, 0
27000, 8732383, 0, 0, 0
28000, 8209283, 0, 0, 0
29000, 8108944, 0, 0, 0
30000, 8384974, 0, 0, 0
31037, 8154991, 0, 0, 0
32000, 8402074, 0, 0, 0
33000, 8514485, 0, 0, 0
34000, 8246718, 0, 0, 0
35000, 8678985, 0, 0, 0
36000, 8110877, 0, 0, 0
37000, 8397922, 0, 0, 0
38001, 8363936, 0, 0, 0
39047, 8398233, 0, 0, 0
40000, 8486995, 0, 0, 0
41000, 8340133, 0, 0, 0
42043, 8316348, 0, 0, 0
43000, 8403459, 0, 0, 0
44000, 8573716, 0, 0, 0
45000, 8363362, 0, 0, 0
46000, 8523516, 0, 0, 0
47000, 8302623, 0, 0, 0
48037, 8175719, 0, 0, 0
49000, 8467138, 0, 0, 0
50000, 8257472, 0, 0, 0
51000, 8698869, 0, 0, 0
52000, 8134609, 0, 0, 0
53000, 8327756, 0, 0, 0
54000, 8673214, 0, 0, 0
55000, 8291277, 0, 0, 0
56000, 8245631, 0, 0, 0
57000, 8590816, 0, 0, 0
58000, 8590878, 0, 0, 0
59000, 8295058, 0, 0, 0
60000, 8310901, 0, 0, 0
61042, 8291965, 0, 0, 0
62001, 8431765, 0, 0, 0
63048, 8396117, 0, 0, 0
64000, 8372372, 0, 0, 0
65000, 8178066, 0, 0, 0
66000, 8560005, 0, 0, 0
67000, 8280572, 0, 0, 0
68000, 8255799, 0, 0, 0
69047, 8514913, 0, 0, 0
70000, 8737963, 0, 0, 0
71000, 8062620, 0, 0, 0
72048, 8383877, 0, 0, 0
73034, 8389633, 0, 0, 0
74000, 8559638, 0, 0, 0
75000, 8044975, 0, 0, 0
76048, 8298674, 0, 0, 0
77000, 8403091, 0, 0, 0
78000, 8459500, 0, 0, 0
79000, 8430741, 0, 0, 0
80035, 8349510, 0, 0, 0
81000, 8450047, 0, 0, 0
82035, 8325918, 0, 0, 0
83000, 8477886, 0, 0, 0
84036, 8048580, 0, 0, 0
85040, 8358978, 0, 0, 0
86000, 8622323, 0, 0, 0
87000, 8190021, 0, 0, 0
88050, 8474282, 0, 0, 0
89000, 8566031, 0, 0, 0
90000, 8404359, 0, 0, 0
91000, 8176136, 0, 0, 0
92000, 8524149, 0, 0, 0
93000, 8299595, 0, 0, 0
94033, 8271527, 0, 0, 0
95000, 8582304, 0, 0, 0
96000, 8176728, 0, 0, 0
97047, 8297470, 0, 0, 0
98000, 8798361, 0, 0, 0
99000, 8331053, 0, 0, 0
100000, 8251737, 0, 0, 0
101000, 8668058, 0, 0, 0
102000, 8219013, 0, 0, 0
103035, 8186724, 0, 0, 0
104000, 8216389, 0, 0, 0
105000, 8456518, 0, 0, 0
106000, 8241301, 0, 0, 0
107000, 8588821, 0, 0, 0
108000, 8515651, 0, 0, 0
109047, 8319305, 0, 0, 0
110042, 8474433, 0, 0, 0
111042, 8365467, 0, 0, 0
112000, 8365743, 0, 0, 0
113000, 8553554, 0, 0, 0
114048, 8194561, 0, 0, 0
115000, 8772772, 0, 0, 0
116000, 8162368, 0, 0, 0
117048, 8298315, 0, 0, 0
118000, 8650508, 0, 0, 0
119000, 8236911, 0, 0, 0
120000, 8738181, 0, 0, 0
121005, 8044928, 0, 0, 0
122000, 8571668, 0, 0, 0
123000, 8538933, 0, 0, 0
124000, 8219830, 0, 0, 0
125001, 8333396, 0, 0, 0
126001, 8406619, 0, 0, 0
127000, 8397438, 0, 0, 0
128012, 8183997, 0, 0, 0
129036, 8385370, 0, 0, 0
130000, 8435763, 0, 0, 0
131000, 8217105, 0, 0, 0
132048, 8295295, 0, 0, 0
133000, 8576162, 0, 0, 0
134034, 8055964, 0, 0, 0
135000, 8404988, 0, 0, 0
136000, 8122083, 0, 0, 0
137000, 8727503, 0, 0, 0
138000, 8293822, 0, 0, 0
139041, 8319377, 0, 0, 0
140000, 8548665, 0, 0, 0
141000, 8241189, 0, 0, 0
142000, 8493087, 0, 0, 0
143040, 8369905, 0, 0, 0
144000, 8355318, 0, 0, 0
145000, 8659012, 0, 0, 0
146000, 8152380, 0, 0, 0
147000, 8563436, 0, 0, 0
148000, 8006145, 0, 0, 0
149041, 8179021, 0, 0, 0
150036, 8449560, 0, 0, 0
151000, 8349738, 0, 0, 0
152047, 8192916, 0, 0, 0
153000, 8497619, 0, 0, 0
154000, 8455308, 0, 0, 0
155048, 8241372, 0, 0, 0
156001, 8582768, 0, 0, 0
157000, 8355146, 0, 0, 0
158000, 8596379, 0, 0, 0
159000, 8075746, 0, 0, 0
160035, 8174574, 0, 0, 0
161000, 8603944, 0, 0, 0
162040, 8140153, 0, 0, 0
163034, 8246310, 0, 0, 0
164000, 8511250, 0, 0, 0
165000, 8319352, 0, 0, 0
166000, 8501999, 0, 0, 0
167000, 8391290, 0, 0, 0
168000, 8526391, 0, 0, 0
169000, 8341397, 0, 0, 0
170047, 8316320, 0, 0, 0
171000, 8693226, 0, 0, 0
172000, 8129207, 0, 0, 0
173000, 8448465, 0, 0, 0
174000, 8497079, 0, 0, 0
175047, 8219300, 0, 0, 0
176000, 8365282, 0, 0, 0
177033, 8416721, 0, 0, 0
178000, 8525672, 0, 0, 0
179000, 8350043, 0, 0, 0
180002, 8236788, 0, 0, 0
180035, 37076510, 0, 0, 0
