999, 521, 1, 0, 0
1999, 479, 1, 0, 0
2999, 474, 1, 0, 0
4000, 473, 1, 0, 0
5000, 484, 1, 0, 0
6000, 473, 1, 0, 0
7000, 475, 1, 0, 0
8000, 474, 1, 0, 0
8999, 477, 1, 0, 0
10000, 481, 1, 0, 0
11000, 474, 1, 0, 0
12000, 476, 1, 0, 0
13000, 482, 1, 0, 0
14000, 487, 1, 0, 0
15000, 478, 1, 0, 0
16000, 484, 1, 0, 0
17000, 479, 1, 0, 0
17999, 483, 1, 0, 0
19000, 477, 1, 0, 0
20000, 490, 1, 0, 0
21000, 474, 1, 0, 0
22000, 485, 1, 0, 0
23000, 486, 1, 0, 0
24000, 476, 1, 0, 0
24999, 478, 1, 0, 0
26000, 476, 1, 0, 0
27000, 471, 1, 0, 0
28000, 489, 1, 0, 0
28999, 475, 1, 0, 0
30000, 485, 1, 0, 0
31000, 484, 1, 0, 0
32000, 483, 1, 0, 0
33000, 475, 1, 0, 0
34000, 471, 1, 0, 0
35000, 475, 1, 0, 0
36000, 479, 1, 0, 0
36999, 480, 1, 0, 0
38000, 476, 1, 0, 0
39000, 483, 1, 0, 0
40000, 484, 1, 0, 0
41000, 474, 1, 0, 0
42000, 477, 1, 0, 0
43000, 476, 1, 0, 0
44000, 467, 1, 0, 0
44999, 485, 1, 0, 0
46000, 476, 1, 0, 0
47000, 475, 1, 0, 0
47999, 474, 1, 0, 0
49000, 469, 1, 0, 0
50000, 479, 1, 0, 0
51000, 497, 1, 0, 0
51999, 476, 1, 0, 0
53000, 466, 1, 0, 0
54000, 481, 1, 0, 0
55000, 475, 1, 0, 0
56000, 475, 1, 0, 0
57000, 469, 1, 0, 0
57999, 481, 1, 0, 0
59000, 478, 1, 0, 0
60000, 481, 1, 0, 0
61000, 474, 1, 0, 0
61999, 471, 1, 0, 0
63000, 486, 1, 0, 0
64000, 475, 1, 0, 0
65000, 480, 1, 0, 0
66000, 487, 1, 0, 0
67000, 468, 1, 0, 0
67999, 481, 1, 0, 0
69000, 475, 1, 0, 0
70000, 478, 1, 0, 0
71000, 479, 1, 0, 0
72000, 487, 1, 0, 0
73000, 477, 1, 0, 0
74000, 475, 1, 0, 0
75000, 477, 1, 0, 0
76000, 472, 1, 0, 0
77000, 477, 1, 0, 0
78000, 480, 1, 0, 0
79000, 477, 1, 0, 0
80000, 481, 1, 0, 0
80999, 482, 1, 0, 0
82000, 478, 1, 0, 0
83000, 477, 1, 0, 0
84000, 479, 1, 0, 0
85000, 485, 1, 0, 0
86000, 472, 1, 0, 0
87000, 479, 1, 0, 0
88000, 473, 1, 0, 0
89000, 484, 1, 0, 0
90000, 477, 1, 0, 0
91000, 477, 1, 0, 0
92000, 484, 1, 0, 0
93000, 472, 1, 0, 0
94000, 476, 1, 0, 0
95000, 489, 1, 0, 0
95999, 471, 1, 0, 0
97000, 482, 1, 0, 0
98000, 473, 1, 0, 0
99000, 476, 1, 0, 0
99999, 485, 1, 0, 0
101000, 476, 1, 0, 0
102000, 475, 1, 0, 0
103000, 486, 1, 0, 0
104000, 468, 1, 0, 0
105000, 485, 1, 0, 0
106000, 469, 1, 0, 0
107000, 476, 1, 0, 0
108000, 479, 1, 0, 0
109000, 488, 1, 0, 0
110000, 470, 1, 0, 0
111000, 483, 1, 0, 0
112000, 484, 1, 0, 0
113000, 474, 1, 0, 0
114000, 471, 1, 0, 0
115000, 473, 1, 0, 0
116000, 477, 1, 0, 0
117000, 478, 1, 0, 0
118000, 479, 1, 0, 0
119000, 485, 1, 0, 0
120000, 480, 1, 0, 0
121000, 483, 1, 0, 0
122000, 483, 1, 0, 0
123000, 486, 1, 0, 0
124000, 480, 1, 0, 0
125000, 482, 1, 0, 0
125999, 482, 1, 0, 0
127000, 479, 1, 0, 0
128000, 490, 1, 0, 0
129000, 478, 1, 0, 0
130000, 480, 1, 0, 0
131000, 481, 1, 0, 0
132000, 470, 1, 0, 0
133000, 483, 1, 0, 0
134000, 485, 1, 0, 0
135000, 485, 1, 0, 0
136000, 471, 1, 0, 0
137000, 467, 1, 0, 0
137999, 489, 1, 0, 0
139000, 481, 1, 0, 0
140000, 486, 1, 0, 0
141000, 469, 1, 0, 0
142000, 484, 1, 0, 0
142999, 473, 1, 0, 0
144000, 489, 1, 0, 0
145000, 485, 1, 0, 0
145999, 485, 1, 0, 0
147000, 475, 1, 0, 0
148000, 476, 1, 0, 0
148999, 480, 1, 0, 0
150000, 480, 1, 0, 0
151000, 485, 1, 0, 0
152000, 469, 1, 0, 0
153000, 475, 1, 0, 0
153999, 478, 1, 0, 0
155000, 483, 1, 0, 0
156000, 479, 1, 0, 0
157000, 477, 1, 0, 0
157999, 483, 1, 0, 0
159000, 477, 1, 0, 0
160000, 482, 1, 0, 0
161000, 471, 1, 0, 0
161999, 480, 1, 0, 0
163000, 479, 1, 0, 0
164000, 480, 1, 0, 0
165000, 479, 1, 0, 0
166000, 473, 1, 0, 0
167000, 475, 1, 0, 0
167999, 478, 1, 0, 0
169000, 483, 1, 0, 0
170000, 475, 1, 0, 0
171000, 482, 1, 0, 0
172000, 486, 1, 0, 0
173000, 479, 1, 0, 0
174000, 473, 1, 0, 0
174999, 475, 1, 0, 0
176000, 485, 1, 0, 0
177000, 481, 1, 0, 0
178000, 477, 1, 0, 0
179000, 475, 1, 0, 0
180000, 477, 1, 0, 0
