1032, 29323712, 0, 0, 0
2027, 33147470, 0, 0, 0
3027, 33428783, 0, 0, 0
4000, 33623722, 0, 0, 0
5028, 33737426, 0, 0, 0
6030, 33228526, 0, 0, 0
7034, 33633286, 0, 0, 0
8028, 33298742, 0, 0, 0
9039, 33691317, 0, 0, 0
10032, 34020526, 0, 0, 0
11025, 33213122, 0, 0, 0
12000, 33531032, 0, 0, 0
13024, 33121540, 0, 0, 0
14028, 33145249, 0, 0, 0
15037, 33512349, 0, 0, 0
16030, 33826471, 0, 0, 0
17025, 33577675, 0, 0, 0
18000, 33784001, 0, 0, 0
19027, 33046164, 0, 0, 0
20031, 33097848, 0, 0, 0
21031, 33221880, 0, 0, 0
22025, 33021352, 0, 0, 0
23000, 33673191, 0, 0, 0
24026, 32999313, 0, 0, 0
25026, 33314422, 0, 0, 0
26036, 33012859, 0, 0, 0
27030, 34117594, 0, 0, 0
28025, 33142493, 0, 0, 0
29038, 33787760, 0, 0, 0
30031, 33634186, 0, 0, 0
31026, 33157805, 0, 0, 0
32037, 33342271, 0, 0, 0
33030, 33657332, 0, 0, 0
34027, 33183624, 0, 0, 0
35033, 33747163, 0, 0, 0
36028, 33193062, 0, 0, 0
37024, 33372001, 0, 0, 0
38029, 33854511, 0, 0, 0
39031, 33513654, 0, 0, 0
40026, 33162928, 0, 0, 0
41035, 33721439, 0, 0, 0
42030, 33444280, 0, 0, 0
43025, 33691034, 0, 0, 0
44037, 33708086, 0, 0, 0
45033, 34066863, 0, 0, 0
46026, 33137070, 0, 0, 0
47037, 33107372, 0, 0, 0
48032, 33812353, 0, 0, 0
49024, 33067053, 0, 0, 0
50031, 33726451, 0, 0, 0
51028, 33587259, 0, 0, 0
52028, 33549123, 0, 0, 0
53033, 33676501, 0, 0, 0
54028, 33473167, 0, 0, 0
55024, 32925359, 0, 0, 0
56035, 33345156, 0, 0, 0
57030, 33722996, 0, 0, 0
58024, 33566909, 0, 0, 0
59000, 34448394, 0, 0, 0
60000, 33199411, 0, 0, 0
61025, 33741366, 0, 0, 0
62000, 33730566, 0, 0, 0
63030, 33150503, 0, 0, 0
64026, 33063764, 0, 0, 0
65035, 33856520, 0, 0, 0
66025, 33029045, 0, 0, 0
67030, 33350163, 0, 0, 0
68022, 33886045, 0, 0, 0
69037, 33861979, 0, 0, 0
70034, 33672368, 0, 0, 0
71027, 33371189, 0, 0, 0
72026, 33156983, 0, 0, 0
73001, 33781420, 0, 0, 0
74033, 33101212, 0, 0, 0
75027, 33404824, 0, 0, 0
76023, 33696298, 0, 0, 0
77025, 33739536, 0, 0, 0
78029, 33594860, 0, 0, 0
79023, 33773332, 0, 0, 0
80026, 33156589, 0, 0, 0
81000, 33642988, 0, 0, 0
82030, 33052483, 0, 0, 0
83024, 33260896, 0, 0, 0
84033, 33450696, 0, 0, 0
85029, 33341187, 0, 0, 0
86038, 33596407, 0, 0, 0
87035, 33528002, 0, 0, 0
88028, 33096188, 0, 0, 0
89022, 33617293, 0, 0, 0
90035, 33694697, 0, 0, 0
91029, 33347758, 0, 0, 0
92038, 33139125, 0, 0, 0
93032, 33775455, 0, 0, 0
94027, 33049946, 0, 0, 0
95031, 33808547, 0, 0, 0
96029, 33411210, 0, 0, 0
97023, 33874231, 0, 0, 0
98023, 33383147, 0, 0, 0
99028, 33333304, 0, 0, 0
100023, 33646317, 0, 0, 0
101033, 33739394, 0, 0, 0
102029, 33103123, 0, 0, 0
103024, 33346246, 0, 0, 0
104000, 34162851, 0, 0, 0
105030, 33347783, 0, 0, 0
106025, 32729323, 0, 0, 0
107026, 33365016, 0, 0, 0
108028, 33851913, 0, 0, 0
109037, 33253499, 0, 0, 0
110026, 33375340, 0, 0, 0
111038, 33306075, 0, 0, 0
112032, 33708405, 0, 0, 0
113027, 33419024, 0, 0, 0
114037, 33311623, 0, 0, 0
115035, 33350889, 0, 0, 0
116030, 33220437, 0, 0, 0
117026, 32793793, 0, 0, 0
118026, 33551436, 0, 0, 0
119030, 33452779, 0, 0, 0
120024, 33456344, 0, 0, 0
121031, 33315918, 0, 0, 0
122024, 33498080, 0, 0, 0
123034, 33587840, 0, 0, 0
124004, 33384222, 0, 0, 0
125037, 33048776, 0, 0, 0
126034, 33589416, 0, 0, 0
127026, 33547229, 0, 0, 0
128032, 33376661, 0, 0, 0
129028, 33812661, 0, 0, 0
130026, 33403045, 0, 0, 0
131028, 33300707, 0, 0, 0
132025, 33452747, 0, 0, 0
133029, 33687920, 0, 0, 0
134025, 33687602, 0, 0, 0
135036, 33309875, 0, 0, 0
136030, 33408900, 0, 0, 0
137026, 33817045, 0, 0, 0
138037, 33451003, 0, 0, 0
139028, 33627275, 0, 0, 0
140039, 33899510, 0, 0, 0
141034, 34072314, 0, 0, 0
142028, 33634946, 0, 0, 0
143038, 33507613, 0, 0, 0
144033, 33539042, 0, 0, 0
145029, 33080783, 0, 0, 0
146038, 33272681, 0, 0, 0
147036, 34027513, 0, 0, 0
148029, 33389328, 0, 0, 0
149023, 33570302, 0, 0, 0
150036, 33912595, 0, 0, 0
151030, 33840280, 0, 0, 0
152027, 33173918, 0, 0, 0
153036, 33448215, 0, 0, 0
154029, 33296388, 0, 0, 0
155037, 33587649, 0, 0, 0
156031, 33562734, 0, 0, 0
157023, 33455307, 0, 0, 0
158034, 33903775, 0, 0, 0
159027, 32941136, 0, 0, 0
160028, 33202599, 0, 0, 0
161025, 33574922, 0, 0, 0
162027, 33361345, 0, 0, 0
163037, 33506401, 0, 0, 0
164032, 34080158, 0, 0, 0
165028, 33272479, 0, 0, 0
166023, 33403246, 0, 0, 0
167035, 33965271, 0, 0, 0
168029, 33225731, 0, 0, 0
169024, 33367498, 0, 0, 0
170033, 33796974, 0, 0, 0
171024, 32993965, 0, 0, 0
172028, 33392294, 0, 0, 0
173026, 33491231, 0, 0, 0
174025, 33895845, 0, 0, 0
175028, 32976148, 0, 0, 0
176024, 33255698, 0, 0, 0
177036, 33073576, 0, 0, 0
178026, 33686729, 0, 0, 0
179024, 33580614, 0, 0, 0
180032, 33291901, 0, 0, 0
180039, 61070807, 0, 0, 0
