1033, 29715794, 0, 0, 0
2026, 33666302, 0, 0, 0
3026, 33639427, 0, 0, 0
4002, 33816170, 0, 0, 0
5028, 33343763, 0, 0, 0
6029, 33287574, 0, 0, 0
7033, 33956548, 0, 0, 0
8027, 32904659, 0, 0, 0
9039, 33110702, 0, 0, 0
10003, 33525851, 0, 0, 0
11025, 33667840, 0, 0, 0
12001, 33898152, 0, 0, 0
13023, 33668013, 0, 0, 0
14027, 33216257, 0, 0, 0
15036, 33130422, 0, 0, 0
16030, 33887210, 0, 0, 0
17024, 33060983, 0, 0, 0
18000, 33676797, 0, 0, 0
19026, 33246835, 0, 0, 0
20030, 33323434, 0, 0, 0
21031, 33469744, 0, 0, 0
22025, 33586533, 0, 0, 0
23000, 33524909, 0, 0, 0
24025, 33659742, 0, 0, 0
25026, 33366202, 0, 0, 0
26036, 32991132, 0, 0, 0
27029, 33760464, 0, 0, 0
28025, 32876544, 0, 0, 0
29037, 33217323, 0, 0, 0
30031, 33616843, 0, 0, 0
31026, 33401232, 0, 0, 0
32036, 33427398, 0, 0, 0
33030, 33776714, 0, 0, 0
34026, 33266646, 0, 0, 0
35033, 33532896, 0, 0, 0
36028, 33286723, 0, 0, 0
37023, 33168704, 0, 0, 0
38028, 33651302, 0, 0, 0
39030, 33373510, 0, 0, 0
40025, 33378322, 0, 0, 0
41002, 33850508, 0, 0, 0
42030, 33381064, 0, 0, 0
43024, 33501183, 0, 0, 0
44036, 33514295, 0, 0, 0
45033, 33579100, 0, 0, 0
46025, 33044005, 0, 0, 0
47036, 33489165, 0, 0, 0
48032, 33612751, 0, 0, 0
49023, 33392334, 0, 0, 0
50033, 34073863, 0, 0, 0
51027, 33238689, 0, 0, 0
52027, 33509826, 0, 0, 0
53033, 34187942, 0, 0, 0
54027, 33546430, 0, 0, 0
55023, 33134792, 0, 0, 0
56035, 33294689, 0, 0, 0
57030, 33700104, 0, 0, 0
58023, 33351441, 0, 0, 0
59000, 34408932, 0, 0, 0
60031, 33206457, 0, 0, 0
61025, 33134588, 0, 0, 0
62026, 32986416, 0, 0, 0
63029, 33344061, 0, 0, 0
64025, 32974291, 0, 0, 0
65035, 33793366, 0, 0, 0
66026, 33398204, 0, 0, 0
67028, 33184552, 0, 0, 0
68023, 33746120, 0, 0, 0
69036, 33255539, 0, 0, 0
70033, 33520287, 0, 0, 0
71029, 33647625, 0, 0, 0
72025, 33732986, 0, 0, 0
73000, 33701437, 0, 0, 0
74033, 33226696, 0, 0, 0
75025, 33391518, 0, 0, 0
76023, 33389564, 0, 0, 0
77022, 33766711, 0, 0, 0
78027, 33578915, 0, 0, 0
79023, 33560325, 0, 0, 0
80025, 33352207, 0, 0, 0
81000, 33741727, 0, 0, 0
82031, 32917720, 0, 0, 0
83023, 33619578, 0, 0, 0
84033, 33784425, 0, 0, 0
85027, 33121697, 0, 0, 0
86039, 33227428, 0, 0, 0
87033, 33923349, 0, 0, 0
88027, 33137600, 0, 0, 0
89022, 33585042, 0, 0, 0
90034, 33757051, 0, 0, 0
91028, 33225869, 0, 0, 0
92038, 33619538, 0, 0, 0
93032, 33712513, 0, 0, 0
94026, 33428822, 0, 0, 0
95030, 33592456, 0, 0, 0
96028, 32886326, 0, 0, 0
97023, 33648096, 0, 0, 0
98022, 33645715, 0, 0, 0
99027, 33150452, 0, 0, 0
100023, 33509947, 0, 0, 0
101033, 33589475, 0, 0, 0
102028, 33512159, 0, 0, 0
103024, 33728298, 0, 0, 0
104029, 33551059, 0, 0, 0
105030, 33375147, 0, 0, 0
106025, 33311487, 0, 0, 0
107025, 33413406, 0, 0, 0
108027, 34115761, 0, 0, 0
109036, 32911188, 0, 0, 0
110026, 33812919, 0, 0, 0
111038, 32847988, 0, 0, 0
112032, 33196275, 0, 0, 0
113026, 33282834, 0, 0, 0
114037, 33426559, 0, 0, 0
115034, 34253444, 0, 0, 0
116030, 33449832, 0, 0, 0
117025, 33608936, 0, 0, 0
118026, 33721687, 0, 0, 0
119030, 33342756, 0, 0, 0
120023, 32826344, 0, 0, 0
121030, 33445104, 0, 0, 0
122024, 33498128, 0, 0, 0
123033, 33604611, 0, 0, 0
124029, 33833589, 0, 0, 0
125037, 33143615, 0, 0, 0
126032, 33655056, 0, 0, 0
127026, 33034670, 0, 0, 0
128031, 33077505, 0, 0, 0
129027, 33601909, 0, 0, 0
130026, 33526953, 0, 0, 0
131027, 33227164, 0, 0, 0
132024, 33807439, 0, 0, 0
133028, 33478716, 0, 0, 0
134025, 33233300, 0, 0, 0
135036, 33449387, 0, 0, 0
136030, 33650450, 0, 0, 0
137024, 33561166, 0, 0, 0
138036, 33722397, 0, 0, 0
139028, 33509207, 0, 0, 0
140036, 33307535, 0, 0, 0
141034, 34180192, 0, 0, 0
142027, 33094902, 0, 0, 0
143037, 33236810, 0, 0, 0
144032, 33963749, 0, 0, 0
145027, 33313340, 0, 0, 0
146037, 33543672, 0, 0, 0
147034, 33944239, 0, 0, 0
148029, 33181372, 0, 0, 0
149023, 33376868, 0, 0, 0
150035, 33432463, 0, 0, 0
151029, 33843439, 0, 0, 0
152027, 33262869, 0, 0, 0
153034, 33427756, 0, 0, 0
154028, 33539631, 0, 0, 0
155037, 33479183, 0, 0, 0
156029, 33456873, 0, 0, 0
157023, 33959261, 0, 0, 0
158034, 33862404, 0, 0, 0
159027, 33253839, 0, 0, 0
160027, 33477716, 0, 0, 0
161024, 33722371, 0, 0, 0
162027, 33042347, 0, 0, 0
163036, 33100447, 0, 0, 0
164031, 33889544, 0, 0, 0
165029, 33109267, 0, 0, 0
166023, 33277623, 0, 0, 0
167034, 33758169, 0, 0, 0
168030, 33233401, 0, 0, 0
169024, 33338706, 0, 0, 0
170032, 33894787, 0, 0, 0
171023, 33181016, 0, 0, 0
172027, 33573954, 0, 0, 0
173023, 33351509, 0, 0, 0
174024, 33968788, 0, 0, 0
175028, 33342278, 0, 0, 0
176024, 33401904, 0, 0, 0
177035, 33227104, 0, 0, 0
178025, 33370424, 0, 0, 0
179024, 33603886, 0, 0, 0
180031, 33629644, 0, 0, 0
180039, 61391917, 0, 0, 0
