1000, 4137, 0, 0, 0
2000, 3862, 0, 0, 0
3000, 3828, 0, 0, 0
4000, 3876, 0, 0, 0
5000, 3803, 0, 0, 0
6000, 3818, 0, 0, 0
7000, 3851, 0, 0, 0
8000, 3759, 0, 0, 0
9000, 3901, 0, 0, 0
10000, 3774, 0, 0, 0
11000, 3855, 0, 0, 0
12000, 3895, 0, 0, 0
13000, 3724, 0, 0, 0
14000, 3846, 0, 0, 0
15000, 3795, 0, 0, 0
16000, 3836, 0, 0, 0
17000, 3845, 0, 0, 0
18000, 3801, 0, 0, 0
19000, 3741, 0, 0, 0
20000, 3897, 0, 0, 0
21000, 3770, 0, 0, 0
22000, 3848, 0, 0, 0
23000, 3731, 0, 0, 0
24000, 3866, 0, 0, 0
25000, 3767, 0, 0, 0
26000, 3926, 0, 0, 0
27000, 3864, 0, 0, 0
28000, 3721, 0, 0, 0
29000, 3885, 0, 0, 0
30000, 3842, 0, 0, 0
31000, 3918, 0, 0, 0
32000, 3815, 0, 0, 0
33000, 3812, 0, 0, 0
34000, 3847, 0, 0, 0
35000, 3748, 0, 0, 0
36000, 3863, 0, 0, 0
37000, 3872, 0, 0, 0
38000, 3788, 0, 0, 0
39000, 3851, 0, 0, 0
40000, 3810, 0, 0, 0
41000, 3827, 0, 0, 0
42000, 3928, 0, 0, 0
43000, 3825, 0, 0, 0
44000, 3784, 0, 0, 0
45000, 3750, 0, 0, 0
46000, 3863, 0, 0, 0
47000, 3858, 0, 0, 0
48000, 3751, 0, 0, 0
49000, 3863, 0, 0, 0
50000, 3788, 0, 0, 0
51000, 3855, 0, 0, 0
52000, 3903, 0, 0, 0
53000, 3731, 0, 0, 0
54000, 3885, 0, 0, 0
55000, 3833, 0, 0, 0
56000, 3849, 0, 0, 0
57000, 3804, 0, 0, 0
58000, 3800, 0, 0, 0
59001, 3859, 0, 0, 0
60000, 3828, 0, 0, 0
61000, 3839, 0, 0, 0
62000, 3826, 0, 0, 0
63000, 3784, 0, 0, 0
64000, 3897, 0, 0, 0
65000, 3765, 0, 0, 0
66000, 3942, 0, 0, 0
67001, 3842, 0, 0, 0
68000, 3805, 0, 0, 0
69000, 3865, 0, 0, 0
70000, 3806, 0, 0, 0
71000, 3867, 0, 0, 0
72000, 3886, 0, 0, 0
73000, 3820, 0, 0, 0
74000, 3747, 0, 0, 0
75000, 3787, 0, 0, 0
76000, 3770, 0, 0, 0
77000, 3843, 0, 0, 0
78000, 3754, 0, 0, 0
79000, 3878, 0, 0, 0
80000, 3850, 0, 0, 0
81000, 3810, 0, 0, 0
82000, 3899, 0, 0, 0
83000, 3837, 0, 0, 0
84000, 3735, 0, 0, 0
85000, 3876, 0, 0, 0
86000, 3829, 0, 0, 0
87000, 3774, 0, 0, 0
88000, 3834, 0, 0, 0
89000, 3758, 0, 0, 0
90000, 3877, 0, 0, 0
91000, 3821, 0, 0, 0
92000, 3856, 0, 0, 0
93000, 3790, 0, 0, 0
94000, 3805, 0, 0, 0
95000, 3839, 0, 0, 0
96000, 3864, 0, 0, 0
97000, 3849, 0, 0, 0
98000, 3858, 0, 0, 0
99000, 3819, 0, 0, 0
100000, 3748, 0, 0, 0
101000, 3801, 0, 0, 0
102000, 3913, 0, 0, 0
103000, 3825, 0, 0, 0
104000, 3776, 0, 0, 0
105000, 3890, 0, 0, 0
106000, 3789, 0, 0, 0
107000, 3817, 0, 0, 0
108000, 3883, 0, 0, 0
109000, 3799, 0, 0, 0
110000, 3833, 0, 0, 0
111000, 3739, 0, 0, 0
112000, 3904, 0, 0, 0
113000, 3809, 0, 0, 0
114000, 3786, 0, 0, 0
115000, 3837, 0, 0, 0
116000, 3863, 0, 0, 0
117000, 3737, 0, 0, 0
118000, 3856, 0, 0, 0
119000, 3854, 0, 0, 0
120000, 3772, 0, 0, 0
121000, 3928, 0, 0, 0
122000, 3852, 0, 0, 0
123000, 3750, 0, 0, 0
124000, 3876, 0, 0, 0
125000, 3868, 0, 0, 0
126000, 3807, 0, 0, 0
127000, 3867, 0, 0, 0
128000, 3779, 0, 0, 0
129000, 3779, 0, 0, 0
130000, 3844, 0, 0, 0
131000, 3823, 0, 0, 0
132000, 3803, 0, 0, 0
133001, 3892, 0, 0, 0
134000, 3813, 0, 0, 0
135000, 3853, 0, 0, 0
136000, 3968, 0, 0, 0
137000, 3751, 0, 0, 0
138000, 3899, 0, 0, 0
139000, 3753, 0, 0, 0
140000, 3871, 0, 0, 0
141000, 3885, 0, 0, 0
142000, 3762, 0, 0, 0
143001, 3829, 0, 0, 0
144000, 3859, 0, 0, 0
145000, 3840, 0, 0, 0
146000, 3794, 0, 0, 0
147000, 3863, 0, 0, 0
148000, 3749, 0, 0, 0
149000, 3886, 0, 0, 0
150000, 3870, 0, 0, 0
151000, 3798, 0, 0, 0
152000, 3808, 0, 0, 0
153000, 3813, 0, 0, 0
154000, 3860, 0, 0, 0
155000, 3881, 0, 0, 0
156000, 3797, 0, 0, 0
157000, 3796, 0, 0, 0
158000, 3860, 0, 0, 0
159000, 3762, 0, 0, 0
160000, 3863, 0, 0, 0
161000, 3848, 0, 0, 0
162000, 3746, 0, 0, 0
163000, 3834, 0, 0, 0
164000, 3877, 0, 0, 0
165000, 3730, 0, 0, 0
166000, 3838, 0, 0, 0
167000, 3774, 0, 0, 0
168000, 3890, 0, 0, 0
169000, 3502, 0, 0, 0
170000, 3918, 0, 0, 0
171000, 3914, 0, 0, 0
172000, 3886, 0, 0, 0
173000, 3733, 0, 0, 0
174000, 3871, 0, 0, 0
175000, 3745, 0, 0, 0
176000, 3825, 0, 0, 0
177000, 3885, 0, 0, 0
178000, 3789, 0, 0, 0
179000, 3873, 0, 0, 0
180000, 3731, 0, 0, 0
