1000, 3816055, 1, 0, 0
2000, 4139501, 1, 0, 0
3000, 4262794, 1, 0, 0
4000, 4275231, 1, 0, 0
5000, 4096291, 1, 0, 0
6000, 4259528, 1, 0, 0
7000, 4045189, 1, 0, 0
8003, 4117412, 1, 0, 0
9000, 4187924, 1, 0, 0
10007, 4121372, 1, 0, 0
11000, 4143784, 1, 0, 0
12000, 4332927, 1, 0, 0
13004, 4175478, 1, 0, 0
14000, 4143386, 1, 0, 0
15000, 4144899, 1, 0, 0
16004, 4149831, 1, 0, 0
17000, 4328620, 1, 0, 0
18008, 4013757, 1, 0, 0
19002, 4281901, 1, 0, 0
20000, 4152236, 1, 0, 0
21008, 4103463, 1, 0, 0
22001, 4246616, 1, 0, 0
23000, 4358582, 1, 0, 0
24000, 4148659, 1, 0, 0
25004, 4240294, 1, 0, 0
26000, 4202661, 1, 0, 0
27000, 4072109, 1, 0, 0
28007, 4187812, 1, 0, 0
29004, 4235857, 1, 0, 0
30000, 4215567, 1, 0, 0
31008, 4016422, 1, 0, 0
32000, 4141316, 1, 0, 0
33000, 4247268, 1, 0, 0
34006, 4106258, 1, 0, 0
35000, 4154940, 1, 0, 0
36008, 4153228, 1, 0, 0
37002, 4294896, 1, 0, 0
38000, 4088307, 1, 0, 0
39002, 4122449, 1, 0, 0
40002, 4195202, 1, 0, 0
41000, 4160774, 1, 0, 0
42008, 4103844, 1, 0, 0
43003, 4181316, 1, 0, 0
44000, 4328094, 1, 0, 0
45000, 4080470, 1, 0, 0
46000, 4218672, 1, 0, 0
47000, 4188173, 1, 0, 0
48000, 4200742, 1, 0, 0
49002, 4222555, 1, 0, 0
50000, 4185233, 1, 0, 0
51006, 4294383, 1, 0, 0
52000, 4180526, 1, 0, 0
53000, 4168899, 1, 0, 0
54000, 4340106, 1, 0, 0
55000, 4169961, 1, 0, 0
56002, 4176587, 1, 0, 0
57000, 4156632, 1, 0, 0
58001, 4242729, 1, 0, 0
59000, 4178454, 1, 0, 0
60007, 4061697, 1, 0, 0
61000, 4187245, 1, 0, 0
62000, 4323764, 1, 0, 0
63006, 4201651, 1, 0, 0
64000, 4119292, 1, 0, 0
65000, 4170671, 1, 0, 0
66001, 4045414, 1, 0, 0
67000, 4216625, 1, 0, 0
68008, 4134199, 1, 0, 0
69002, 4286002, 1, 0, 0
70000, 4059112, 1, 0, 0
71000, 4077063, 1, 0, 0
72000, 4159025, 1, 0, 0
73001, 4008185, 1, 0, 0
74000, 4264651, 1, 0, 0
75000, 4138931, 1, 0, 0
76000, 4245454, 1, 0, 0
77000, 4051715, 1, 0, 0
78000, 4058591, 1, 0, 0
79000, 4231027, 1, 0, 0
80000, 4287653, 1, 0, 0
81002, 4133340, 1, 0, 0
82001, 4163067, 1, 0, 0
83000, 4164118, 1, 0, 0
84000, 4173165, 1, 0, 0
85000, 4099769, 1, 0, 0
86001, 4160282, 1, 0, 0
87000, 4299938, 1, 0, 0
88006, 4107896, 1, 0, 0
89000, 4229113, 1, 0, 0
90000, 4071016, 1, 0, 0
91004, 4259595, 1, 0, 0
92000, 4088640, 1, 0, 0
93000, 4298798, 1, 0, 0
94000, 4155139, 1, 0, 0
95000, 4149177, 1, 0, 0
96007, 4180562, 1, 0, 0
97000, 4211576, 1, 0, 0
98008, 4114538, 1, 0, 0
99002, 4205652, 1, 0, 0
100000, 4199477, 1, 0, 0
101000, 4127189, 1, 0, 0
102000, 4164033, 1, 0, 0
103000, 4316927, 1, 0, 0
104000, 4145594, 1, 0, 0
105000, 4165951, 1, 0, 0
106000, 4141522, 1, 0, 0
107004, 4009530, 1, 0, 0
108000, 4223500, 1, 0, 0
109007, 4165460, 1, 0, 0
110001, 4252600, 1, 0, 0
111000, 4171720, 1, 0, 0
112000, 4329392, 1, 0, 0
113000, 4113453, 1, 0, 0
114002, 4270977, 1, 0, 0
115000, 4122435, 1, 0, 0
116005, 4197737, 1, 0, 0
117000, 4087157, 1, 0, 0
118000, 4266610, 1, 0, 0
119005, 4197366, 1, 0, 0
120000, 4285235, 1, 0, 0
121000, 4168504, 1, 0, 0
122003, 4124505, 1, 0, 0
123000, 4197780, 1, 0, 0
124000, 4178845, 1, 0, 0
125000, 4256105, 1, 0, 0
126000, 4385506, 1, 0, 0
127000, 4233884, 1, 0, 0
128002, 4191532, 1, 0, 0
129000, 4196165, 1, 0, 0
130001, 4152627, 1, 0, 0
131003, 4198629, 1, 0, 0
132000, 4188590, 1, 0, 0
133000, 4102022, 1, 0, 0
134001, 4249789, 1, 0, 0
135000, 4219295, 1, 0, 0
136006, 4110592, 1, 0, 0
137003, 4246873, 1, 0, 0
138000, 4231594, 1, 0, 0
139000, 4252402, 1, 0, 0
140005, 4083430, 1, 0, 0
141001, 4265833, 1, 0, 0
142000, 4216669, 1, 0, 0
143004, 4233069, 1, 0, 0
144000, 4177511, 1, 0, 0
145000, 4189851, 1, 0, 0
146000, 4230647, 1, 0, 0
147000, 4153516, 1, 0, 0
148000, 4189612, 1, 0, 0
149001, 4216486, 1, 0, 0
150000, 4218184, 1, 0, 0
151007, 4014491, 1, 0, 0
152000, 4262728, 1, 0, 0
153000, 4192731, 1, 0, 0
154008, 4214751, 1, 0, 0
155000, 4156457, 1, 0, 0
156000, 4126446, 1, 0, 0
157000, 4174282, 1, 0, 0
158001, 4125603, 1, 0, 0
159000, 4105249, 1, 0, 0
160000, 4095174, 1, 0, 0
161000, 4237635, 1, 0, 0
162000, 4189078, 1, 0, 0
163007, 3936772, 1, 0, 0
164000, 4186244, 1, 0, 0
165000, 4252230, 1, 0, 0
166000, 4152569, 1, 0, 0
167000, 4303910, 1, 0, 0
168000, 4097605, 1, 0, 0
169000, 4292857, 1, 0, 0
170000, 4133862, 1, 0, 0
171006, 3969216, 1, 0, 0
172000, 4267485, 1, 0, 0
173000, 4265677, 1, 0, 0
174000, 4119686, 1, 0, 0
175003, 4138682, 1, 0, 0
176000, 4212943, 1, 0, 0
177007, 4083913, 1, 0, 0
178003, 4316698, 1, 0, 0
179000, 4118057, 1, 0, 0
180000, 4071716, 1, 0, 0
180000, 1789471, 1, 0, 0
