999, 541, 0, 0, 0
1998, 476, 0, 0, 0
2999, 480, 0, 0, 0
3999, 471, 0, 0, 0
5000, 473, 0, 0, 0
6000, 486, 0, 0, 0
7000, 473, 0, 0, 0
8000, 473, 0, 0, 0
9000, 483, 0, 0, 0
10000, 476, 0, 0, 0
11000, 477, 0, 0, 0
12000, 478, 0, 0, 0
13000, 480, 0, 0, 0
14000, 471, 0, 0, 0
15001, 471, 0, 0, 0
16000, 481, 0, 0, 0
17000, 482, 0, 0, 0
18000, 469, 0, 0, 0
19001, 479, 0, 0, 0
20000, 480, 0, 0, 0
21000, 481, 0, 0, 0
22000, 481, 0, 0, 0
23001, 487, 0, 0, 0
24000, 483, 0, 0, 0
25000, 480, 0, 0, 0
26000, 475, 0, 0, 0
27000, 482, 0, 0, 0
28000, 477, 0, 0, 0
29000, 473, 0, 0, 0
30000, 476, 0, 0, 0
31001, 474, 0, 0, 0
32001, 476, 0, 0, 0
33000, 481, 0, 0, 0
34000, 483, 0, 0, 0
35000, 482, 0, 0, 0
36000, 476, 0, 0, 0
37000, 480, 0, 0, 0
38000, 479, 0, 0, 0
39000, 479, 0, 0, 0
40000, 479, 0, 0, 0
41000, 478, 0, 0, 0
42000, 476, 0, 0, 0
43000, 481, 0, 0, 0
44000, 484, 0, 0, 0
45000, 480, 0, 0, 0
46000, 476, 0, 0, 0
47001, 480, 0, 0, 0
48000, 476, 0, 0, 0
49000, 479, 0, 0, 0
50000, 479, 0, 0, 0
51000, 480, 0, 0, 0
52000, 480, 0, 0, 0
53000, 483, 0, 0, 0
54000, 481, 0, 0, 0
55000, 478, 0, 0, 0
56001, 482, 0, 0, 0
57000, 476, 0, 0, 0
58001, 471, 0, 0, 0
59000, 479, 0, 0, 0
60000, 478, 0, 0, 0
61001, 478, 0, 0, 0
62000, 479, 0, 0, 0
63000, 480, 0, 0, 0
64000, 471, 0, 0, 0
65000, 482, 0, 0, 0
66000, 474, 0, 0, 0
67001, 484, 0, 0, 0
68000, 476, 0, 0, 0
69000, 477, 0, 0, 0
70000, 481, 0, 0, 0
71000, 479, 0, 0, 0
72000, 474, 0, 0, 0
73000, 479, 0, 0, 0
74000, 479, 0, 0, 0
75000, 481, 0, 0, 0
76000, 473, 0, 0, 0
77000, 479, 0, 0, 0
78000, 475, 0, 0, 0
79000, 480, 0, 0, 0
80000, 479, 0, 0, 0
81000, 474, 0, 0, 0
82000, 481, 0, 0, 0
83000, 481, 0, 0, 0
84000, 476, 0, 0, 0
85000, 476, 0, 0, 0
86001, 476, 0, 0, 0
87000, 483, 0, 0, 0
88000, 476, 0, 0, 0
89000, 481, 0, 0, 0
90000, 476, 0, 0, 0
91001, 478, 0, 0, 0
92001, 483, 0, 0, 0
93000, 479, 0, 0, 0
94000, 473, 0, 0, 0
95000, 480, 0, 0, 0
96000, 474, 0, 0, 0
97000, 478, 0, 0, 0
98000, 476, 0, 0, 0
99001, 475, 0, 0, 0
100000, 475, 0, 0, 0
101001, 476, 0, 0, 0
102000, 484, 0, 0, 0
103000, 476, 0, 0, 0
104000, 479, 0, 0, 0
105001, 480, 0, 0, 0
106000, 480, 0, 0, 0
107001, 475, 0, 0, 0
108000, 479, 0, 0, 0
109000, 474, 0, 0, 0
110000, 476, 0, 0, 0
111000, 485, 0, 0, 0
112000, 476, 0, 0, 0
113000, 473, 0, 0, 0
114000, 465, 0, 0, 0
115000, 474, 0, 0, 0
116000, 476, 0, 0, 0
117000, 466, 0, 0, 0
118000, 473, 0, 0, 0
119000, 480, 0, 0, 0
120000, 478, 0, 0, 0
121000, 479, 0, 0, 0
122000, 479, 0, 0, 0
123000, 476, 0, 0, 0
124000, 475, 0, 0, 0
125000, 479, 0, 0, 0
126000, 477, 0, 0, 0
127000, 481, 0, 0, 0
128000, 479, 0, 0, 0
129000, 476, 0, 0, 0
130000, 477, 0, 0, 0
131000, 480, 0, 0, 0
132000, 483, 0, 0, 0
133000, 478, 0, 0, 0
134000, 478, 0, 0, 0
135000, 476, 0, 0, 0
136001, 472, 0, 0, 0
137000, 476, 0, 0, 0
138000, 470, 0, 0, 0
139000, 476, 0, 0, 0
140000, 476, 0, 0, 0
141000, 481, 0, 0, 0
142000, 476, 0, 0, 0
143001, 476, 0, 0, 0
144001, 476, 0, 0, 0
145000, 479, 0, 0, 0
146000, 479, 0, 0, 0
147000, 476, 0, 0, 0
148000, 475, 0, 0, 0
149000, 480, 0, 0, 0
150001, 477, 0, 0, 0
151000, 478, 0, 0, 0
152000, 476, 0, 0, 0
153000, 479, 0, 0, 0
154000, 477, 0, 0, 0
155000, 475, 0, 0, 0
156000, 471, 0, 0, 0
157000, 478, 0, 0, 0
158000, 481, 0, 0, 0
159001, 479, 0, 0, 0
160000, 477, 0, 0, 0
161000, 480, 0, 0, 0
162000, 478, 0, 0, 0
163000, 476, 0, 0, 0
164001, 482, 0, 0, 0
165000, 478, 0, 0, 0
166000, 475, 0, 0, 0
167000, 479, 0, 0, 0
168000, 480, 0, 0, 0
169001, 480, 0, 0, 0
170000, 477, 0, 0, 0
171000, 480, 0, 0, 0
172000, 478, 0, 0, 0
173000, 476, 0, 0, 0
174000, 477, 0, 0, 0
175000, 476, 0, 0, 0
176000, 479, 0, 0, 0
177000, 478, 0, 0, 0
178000, 479, 0, 0, 0
179000, 481, 0, 0, 0
180000, 484, 0, 0, 0
