1000, 4404, 1, 0, 0
2000, 3776, 1, 0, 0
3000, 3807, 1, 0, 0
4000, 3852, 1, 0, 0
5001, 3832, 1, 0, 0
6001, 3879, 1, 0, 0
7001, 3819, 1, 0, 0
8001, 3723, 1, 0, 0
9001, 3787, 1, 0, 0
10001, 3811, 1, 0, 0
11001, 3835, 1, 0, 0
12000, 3799, 1, 0, 0
13000, 3783, 1, 0, 0
14000, 3823, 1, 0, 0
15000, 3823, 1, 0, 0
16000, 3859, 1, 0, 0
17000, 3836, 1, 0, 0
18000, 3851, 1, 0, 0
19000, 3811, 1, 0, 0
20001, 3872, 1, 0, 0
21001, 3787, 1, 0, 0
22001, 3819, 1, 0, 0
23001, 3843, 1, 0, 0
24001, 3819, 1, 0, 0
25001, 3811, 1, 0, 0
26001, 3871, 1, 0, 0
27000, 3867, 1, 0, 0
28000, 3907, 1, 0, 0
29000, 3883, 1, 0, 0
30000, 3892, 1, 0, 0
31000, 3823, 1, 0, 0
32000, 3907, 1, 0, 0
33000, 3831, 1, 0, 0
34001, 3944, 1, 0, 0
35001, 3811, 1, 0, 0
36001, 3823, 1, 0, 0
37001, 3843, 1, 0, 0
38001, 3828, 1, 0, 0
39001, 3803, 1, 0, 0
40001, 3811, 1, 0, 0
41001, 3907, 1, 0, 0
42000, 3839, 1, 0, 0
43000, 3843, 1, 0, 0
44000, 3827, 1, 0, 0
45000, 3815, 1, 0, 0
46001, 3816, 1, 0, 0
47001, 3867, 1, 0, 0
48001, 3867, 1, 0, 0
49001, 3783, 1, 0, 0
50001, 3791, 1, 0, 0
51000, 3839, 1, 0, 0
52000, 3835, 1, 0, 0
53000, 3887, 1, 0, 0
54000, 3827, 1, 0, 0
55001, 3848, 1, 0, 0
56001, 3843, 1, 0, 0
57001, 3739, 1, 0, 0
58001, 3771, 1, 0, 0
59001, 3859, 1, 0, 0
60001, 3863, 1, 0, 0
61000, 3815, 1, 0, 0
62000, 3847, 1, 0, 0
63000, 3831, 1, 0, 0
64001, 3808, 1, 0, 0
65001, 3799, 1, 0, 0
66001, 3879, 1, 0, 0
67001, 3803, 1, 0, 0
68001, 3915, 1, 0, 0
69001, 3763, 1, 0, 0
70001, 3811, 1, 0, 0
71000, 3755, 1, 0, 0
72000, 3807, 1, 0, 0
73000, 3827, 1, 0, 0
74000, 3707, 1, 0, 0
75000, 3743, 1, 0, 0
76001, 3804, 1, 0, 0
77001, 3759, 1, 0, 0
78001, 3795, 1, 0, 0
79001, 3907, 1, 0, 0
80000, 3787, 1, 0, 0
81000, 3851, 1, 0, 0
82000, 3883, 1, 0, 0
83000, 3831, 1, 0, 0
84001, 3808, 1, 0, 0
85001, 3795, 1, 0, 0
86001, 3795, 1, 0, 0
87001, 3887, 1, 0, 0
88001, 3811, 1, 0, 0
89000, 3779, 1, 0, 0
90000, 3827, 1, 0, 0
91000, 3871, 1, 0, 0
92000, 3827, 1, 0, 0
93001, 3840, 1, 0, 0
94001, 3875, 1, 0, 0
95001, 3847, 1, 0, 0
96001, 3835, 1, 0, 0
97000, 3819, 1, 0, 0
98000, 3903, 1, 0, 0
99000, 3823, 1, 0, 0
100000, 3851, 1, 0, 0
101001, 3824, 1, 0, 0
102001, 3799, 1, 0, 0
103001, 3775, 1, 0, 0
104001, 3827, 1, 0, 0
105001, 3835, 1, 0, 0
106000, 3819, 1, 0, 0
107000, 3835, 1, 0, 0
108000, 3835, 1, 0, 0
109001, 3784, 1, 0, 0
110001, 3847, 1, 0, 0
111001, 3803, 1, 0, 0
112001, 3727, 1, 0, 0
113000, 3831, 1, 0, 0
114000, 3851, 1, 0, 0
115000, 3791, 1, 0, 0
116001, 3788, 1, 0, 0
117001, 3779, 1, 0, 0
118001, 3827, 1, 0, 0
119000, 3883, 1, 0, 0
120000, 3803, 1, 0, 0
121001, 3836, 1, 0, 0
122001, 3795, 1, 0, 0
123001, 3871, 1, 0, 0
124001, 3851, 1, 0, 0
125000, 3823, 1, 0, 0
126000, 3823, 1, 0, 0
127000, 3779, 1, 0, 0
128001, 3832, 1, 0, 0
129001, 3843, 1, 0, 0
130001, 3791, 1, 0, 0
131001, 3743, 1, 0, 0
132000, 3763, 1, 0, 0
133000, 3847, 1, 0, 0
134000, 3771, 1, 0, 0
135000, 3291, 1, 0, 0
136000, 3907, 1, 0, 0
137001, 3800, 1, 0, 0
138001, 3815, 1, 0, 0
139001, 3823, 1, 0, 0
140001, 3815, 1, 0, 0
141001, 3771, 1, 0, 0
142001, 3823, 1, 0, 0
143001, 3823, 1, 0, 0
144000, 3847, 1, 0, 0
145000, 3783, 1, 0, 0
146000, 3775, 1, 0, 0
147000, 3855, 1, 0, 0
148000, 3787, 1, 0, 0
149000, 3839, 1, 0, 0
150001, 3784, 1, 0, 0
151001, 3787, 1, 0, 0
152001, 3855, 1, 0, 0
153001, 3867, 1, 0, 0
154001, 3899, 1, 0, 0
155001, 3919, 1, 0, 0
156001, 3811, 1, 0, 0
157001, 3759, 1, 0, 0
158000, 3823, 1, 0, 0
159000, 3803, 1, 0, 0
160000, 3831, 1, 0, 0
161000, 3815, 1, 0, 0
162000, 3819, 1, 0, 0
163000, 3719, 1, 0, 0
164000, 3855, 1, 0, 0
165000, 3907, 1, 0, 0
166001, 3852, 1, 0, 0
167001, 3847, 1, 0, 0
168001, 3859, 1, 0, 0
169001, 3835, 1, 0, 0
170001, 3807, 1, 0, 0
171001, 3879, 1, 0, 0
172001, 3875, 1, 0, 0
173000, 3811, 1, 0, 0
174000, 3711, 1, 0, 0
175001, 3876, 1, 0, 0
176001, 3788, 1, 0, 0
177001, 3836, 1, 0, 0
178001, 3836, 1, 0, 0
179000, 3807, 1, 0, 0
180000, 3776, 1, 0, 0
