1007, 2041, 1, 0, 0
2012, 2028, 1, 0, 0
3007, 2045, 1, 0, 0
4005, 5278, 1, 0, 0
5006, 1993, 1, 0, 0
6005, 1991, 1, 0, 0
7017, 2393, 1, 0, 0
8010, 2137, 1, 0, 0
9004, 8028, 1, 0, 0
10011, 1983, 1, 0, 0
11008, 34576, 1, 0, 0
12015, 1985, 1, 0, 0
13012, 1989, 1, 0, 0
14006, 3556, 1, 0, 0
15011, 4257, 1, 0, 0
16005, 2047, 1, 0, 0
17012, 3296, 1, 0, 0
18003, 2001, 1, 0, 0
19015, 2898, 1, 0, 0
20011, 2003, 1, 0, 0
21006, 1992, 1, 0, 0
22017, 1986, 1, 0, 0
23013, 1968, 1, 0, 0
24008, 2017, 1, 0, 0
25018, 1954, 1, 0, 0
26010, 1947, 1, 0, 0
27003, 1943, 1, 0, 0
28006, 2021, 1, 0, 0
29005, 4151, 1, 0, 0
30003, 2031, 1, 0, 0
31006, 1992, 1, 0, 0
32015, 2047, 1, 0, 0
33007, 1953, 1, 0, 0
34002, 2432, 1, 0, 0
35015, 2046, 1, 0, 0
36007, 1986, 1, 0, 0
37014, 2082, 1, 0, 0
38000, 1955, 1, 0, 0
39004, 1972, 1, 0, 0
40016, 2079, 1, 0, 0
41010, 2027, 1, 0, 0
42020, 2022, 1, 0, 0
43010, 1970, 1, 0, 0
44004, 1999, 1, 0, 0
45008, 2028, 1, 0, 0
46005, 2133, 1, 0, 0
47017, 1938, 1, 0, 0
48007, 1961, 1, 0, 0
49018, 1963, 1, 0, 0
50012, 2033, 1, 0, 0
51002, 1996, 1, 0, 0
52014, 2696, 1, 0, 0
53009, 1953, 1, 0, 0
54007, 3845, 1, 0, 0
55013, 2022, 1, 0, 0
56006, 1993, 1, 0, 0
57016, 2036, 1, 0, 0
58002, 2147, 1, 0, 0
59002, 2175, 1, 0, 0
60012, 6332, 1, 0, 0
61007, 2026, 1, 0, 0
62015, 1983, 1, 0, 0
63007, 3483, 1, 0, 0
64007, 2064, 1, 0, 0
65009, 2130, 1, 0, 0
66004, 2130, 1, 0, 0
67017, 1955, 1, 0, 0
68010, 2028, 1, 0, 0
69006, 2003, 1, 0, 0
70015, 1996, 1, 0, 0
71007, 2028, 1, 0, 0
72003, 1983, 1, 0, 0
73011, 1978, 1, 0, 0
74005, 2005, 1, 0, 0
75013, 1930, 1, 0, 0
76003, 2107, 1, 0, 0
77015, 1988, 1, 0, 0
78007, 1972, 1, 0, 0
79001, 2046, 1, 0, 0
80012, 1997, 1, 0, 0
81003, 1988, 1, 0, 0
82015, 2024, 1, 0, 0
83014, 1984, 1, 0, 0
84009, 2023, 1, 0, 0
85003, 2149, 1, 0, 0
86014, 2036, 1, 0, 0
87007, 1941, 1, 0, 0
88013, 2091, 1, 0, 0
89009, 2097, 1, 0, 0
90004, 2187, 1, 0, 0
91012, 53875, 1, 0, 0
92006, 1927, 1, 0, 0
93014, 2060, 1, 0, 0
94009, 2031, 1, 0, 0
95004, 2013, 1, 0, 0
96012, 1982, 1, 0, 0
97010, 2020, 1, 0, 0
98003, 1992, 1, 0, 0
99015, 2005, 1, 0, 0
100008, 2033, 1, 0, 0
101004, 2029, 1, 0, 0
102011, 2111, 1, 0, 0
103005, 1984, 1, 0, 0
104009, 1994, 1, 0, 0
105009, 1999, 1, 0, 0
106004, 2171, 1, 0, 0
107010, 2019, 1, 0, 0
108004, 1992, 1, 0, 0
109016, 1966, 1, 0, 0
110009, 2066, 1, 0, 0
111002, 1994, 1, 0, 0
112013, 2058, 1, 0, 0
113007, 4009, 1, 0, 0
114018, 3408, 1, 0, 0
115013, 2048, 1, 0, 0
116003, 2016, 1, 0, 0
117005, 2025, 1, 0, 0
118011, 1997, 1, 0, 0
119006, 2002, 1, 0, 0
120005, 2031, 1, 0, 0
121008, 2035, 1, 0, 0
122017, 2011, 1, 0, 0
123012, 2044, 1, 0, 0
124005, 2058, 1, 0, 0
125009, 2091, 1, 0, 0
126006, 2082, 1, 0, 0
127015, 2582, 1, 0, 0
128008, 2080, 1, 0, 0
129002, 2085, 1, 0, 0
130014, 2014, 1, 0, 0
131007, 1960, 1, 0, 0
132006, 2020, 1, 0, 0
133008, 2047, 1, 0, 0
134007, 2050, 1, 0, 0
135017, 1939, 1, 0, 0
136010, 2242, 1, 0, 0
137002, 2088, 1, 0, 0
138008, 2038, 1, 0, 0
139015, 2186, 1, 0, 0
140011, 2048, 1, 0, 0
141004, 2068, 1, 0, 0
142010, 2003, 1, 0, 0
143005, 2074, 1, 0, 0
144013, 2112, 1, 0, 0
145010, 1994, 1, 0, 0
146008, 2064, 1, 0, 0
147004, 2078, 1, 0, 0
148013, 1997, 1, 0, 0
149002, 2034, 1, 0, 0
150012, 2647, 1, 0, 0
151003, 2179, 1, 0, 0
152013, 1978, 1, 0, 0
153003, 1981, 1, 0, 0
154003, 2084, 1, 0, 0
155003, 2074, 1, 0, 0
156003, 1943, 1, 0, 0
157014, 2096, 1, 0, 0
158004, 2075, 1, 0, 0
159014, 2050, 1, 0, 0
160008, 1961, 1, 0, 0
161019, 2049, 1, 0, 0
162011, 1962, 1, 0, 0
163007, 2095, 1, 0, 0
164016, 2094, 1, 0, 0
165007, 35350, 1, 0, 0
166005, 2135, 1, 0, 0
167013, 2013, 1, 0, 0
168004, 2019, 1, 0, 0
169008, 2083, 1, 0, 0
170004, 1975, 1, 0, 0
171022, 1970, 1, 0, 0
172009, 2245, 1, 0, 0
173004, 8778, 1, 0, 0
174012, 29245, 1, 0, 0
175003, 2088, 1, 0, 0
176005, 4618, 1, 0, 0
177016, 3144, 1, 0, 0
178001, 2877, 1, 0, 0
179004, 2008, 1, 0, 0
180026, 2004, 1, 0, 0
