1001, 3772, 1, 0, 0
2000, 4012, 1, 0, 0
3000, 3984, 1, 0, 0
4001, 3744, 1, 0, 0
5000, 3687, 1, 0, 0
6001, 3988, 1, 0, 0
7000, 3767, 1, 0, 0
8000, 3896, 1, 0, 0
9001, 3952, 1, 0, 0
10000, 3891, 1, 0, 0
11000, 3504, 1, 0, 0
12001, 3756, 1, 0, 0
13000, 3839, 1, 0, 0
14000, 3888, 1, 0, 0
15001, 3896, 1, 0, 0
16000, 3887, 1, 0, 0
17000, 3996, 1, 0, 0
18001, 3916, 1, 0, 0
19000, 3671, 1, 0, 0
20001, 3772, 1, 0, 0
21000, 3563, 1, 0, 0
22000, 3876, 1, 0, 0
23001, 3896, 1, 0, 0
24000, 3699, 1, 0, 0
25001, 3828, 1, 0, 0
26000, 3787, 1, 0, 0
27000, 3716, 1, 0, 0
28001, 3612, 1, 0, 0
29000, 3871, 1, 0, 0
30001, 3936, 1, 0, 0
31000, 3659, 1, 0, 0
32000, 3716, 1, 0, 0
33001, 3664, 1, 0, 0
34000, 3799, 1, 0, 0
35000, 3880, 1, 0, 0
36000, 3959, 1, 0, 0
37000, 3680, 1, 0, 0
38001, 3656, 1, 0, 0
39000, 3515, 1, 0, 0
40001, 3756, 1, 0, 0
41000, 3679, 1, 0, 0
42001, 3756, 1, 0, 0
43000, 3699, 1, 0, 0
44000, 3816, 1, 0, 0
45000, 4028, 1, 0, 0
46000, 3876, 1, 0, 0
47001, 3784, 1, 0, 0
48000, 3687, 1, 0, 0
49000, 3824, 1, 0, 0
50000, 3995, 1, 0, 0
51000, 3848, 1, 0, 0
52001, 2996, 1, 0, 0
53000, 3263, 1, 0, 0
54001, 3552, 1, 0, 0
55000, 3615, 1, 0, 0
56001, 3392, 1, 0, 0
57000, 3643, 1, 0, 0
58000, 3520, 1, 0, 0
59001, 3632, 1, 0, 0
60000, 3799, 1, 0, 0
61000, 3688, 1, 0, 0
62000, 3667, 1, 0, 0
63000, 3772, 1, 0, 0
64001, 3752, 1, 0, 0
65000, 3519, 1, 0, 0
66000, 3780, 1, 0, 0
67000, 3635, 1, 0, 0
68000, 3868, 1, 0, 0
69001, 3276, 1, 0, 0
70000, 3843, 1, 0, 0
71001, 3792, 1, 0, 0
72000, 3891, 1, 0, 0
73000, 3624, 1, 0, 0
74001, 3732, 1, 0, 0
75000, 3543, 1, 0, 0
76000, 3772, 1, 0, 0
77000, 3843, 1, 0, 0
78000, 3604, 1, 0, 0
79001, 3728, 1, 0, 0
80000, 3695, 1, 0, 0
81000, 3844, 1, 0, 0
82001, 3812, 1, 0, 0
83000, 3755, 1, 0, 0
84001, 3796, 1, 0, 0
85000, 3715, 1, 0, 0
86000, 3960, 1, 0, 0
87001, 3820, 1, 0, 0
88000, 3843, 1, 0, 0
89000, 3900, 1, 0, 0
90001, 3968, 1, 0, 0
91000, 3719, 1, 0, 0
92000, 3768, 1, 0, 0
93001, 3676, 1, 0, 0
94000, 3611, 1, 0, 0
95000, 3816, 1, 0, 0
96001, 3692, 1, 0, 0
97000, 3731, 1, 0, 0
98001, 3672, 1, 0, 0
99000, 3867, 1, 0, 0
100001, 3864, 1, 0, 0
101000, 3663, 1, 0, 0
102000, 3756, 1, 0, 0
103001, 3588, 1, 0, 0
104000, 3747, 1, 0, 0
105001, 3860, 1, 0, 0
106000, 3839, 1, 0, 0
107000, 3776, 1, 0, 0
108001, 3828, 1, 0, 0
109000, 3903, 1, 0, 0
110001, 3596, 1, 0, 0
111000, 3627, 1, 0, 0
112001, 3808, 1, 0, 0
113000, 3639, 1, 0, 0
114000, 3844, 1, 0, 0
115001, 3556, 1, 0, 0
116000, 3843, 1, 0, 0
117000, 800, 1, 0, 0
119000, 3056, 1, 0, 0
120001, 3868, 1, 0, 0
121000, 3683, 1, 0, 0
122001, 3788, 1, 0, 0
123000, 3815, 1, 0, 0
124000, 3760, 1, 0, 0
125001, 3768, 1, 0, 0
126000, 3807, 1, 0, 0
127001, 3852, 1, 0, 0
128000, 3851, 1, 0, 0
129000, 3644, 1, 0, 0
130000, 3991, 1, 0, 0
131000, 3924, 1, 0, 0
132001, 3824, 1, 0, 0
133000, 3823, 1, 0, 0
134001, 3780, 1, 0, 0
135000, 3735, 1, 0, 0
136001, 3872, 1, 0, 0
137000, 3963, 1, 0, 0
138000, 3768, 1, 0, 0
139001, 3688, 1, 0, 0
140000, 3931, 1, 0, 0
141001, 3744, 1, 0, 0
142000, 3827, 1, 0, 0
143001, 3904, 1, 0, 0
144000, 3775, 1, 0, 0
145000, 3872, 1, 0, 0
146001, 3712, 1, 0, 0
147000, 3603, 1, 0, 0
148001, 3804, 1, 0, 0
149000, 3771, 1, 0, 0
150001, 3840, 1, 0, 0
151000, 3815, 1, 0, 0
152000, 3820, 1, 0, 0
153001, 3772, 1, 0, 0
154000, 3767, 1, 0, 0
155001, 3768, 1, 0, 0
156000, 3731, 1, 0, 0
157001, 3988, 1, 0, 0
158000, 3643, 1, 0, 0
159000, 4000, 1, 0, 0
160001, 3792, 1, 0, 0
161000, 3975, 1, 0, 0
162001, 3784, 1, 0, 0
163000, 3739, 1, 0, 0
164001, 3832, 1, 0, 0
165000, 3775, 1, 0, 0
166000, 4116, 1, 0, 0
167000, 3839, 1, 0, 0
168000, 3768, 1, 0, 0
169001, 3604, 1, 0, 0
170000, 3731, 1, 0, 0
171001, 3732, 1, 0, 0
172000, 3855, 1, 0, 0
173001, 3888, 1, 0, 0
174000, 3891, 1, 0, 0
175000, 3744, 1, 0, 0
176001, 4076, 1, 0, 0
177000, 3895, 1, 0, 0
178001, 3764, 1, 0, 0
179000, 3871, 1, 0, 0
180000, 3747, 1, 0, 0
