1000, 2124, 0, 0, 0
2003, 1916, 0, 0, 0
3001, 2091, 0, 0, 0
4000, 2061, 0, 0, 0
5000, 1974, 0, 0, 0
6001, 1933, 0, 0, 0
7006, 2026, 0, 0, 0
8000, 2003, 0, 0, 0
9001, 1913, 0, 0, 0
10003, 1928, 0, 0, 0
11000, 1918, 0, 0, 0
12008, 2037, 0, 0, 0
13003, 1961, 0, 0, 0
14000, 1961, 0, 0, 0
15007, 1900, 0, 0, 0
16004, 2069, 0, 0, 0
17001, 2059, 0, 0, 0
18000, 1927, 0, 0, 0
19002, 1992, 0, 0, 0
20000, 1969, 0, 0, 0
21006, 2026, 0, 0, 0
22000, 2049, 0, 0, 0
23000, 1883, 0, 0, 0
24001, 1917, 0, 0, 0
25001, 1961, 0, 0, 0
26000, 2065, 0, 0, 0
27094, 2048, 0, 0, 0
28001, 1939, 0, 0, 0
29000, 1993, 0, 0, 0
30001, 2010, 0, 0, 0
31000, 1945, 0, 0, 0
32003, 2055, 0, 0, 0
33000, 1983, 0, 0, 0
34000, 2005, 0, 0, 0
35000, 1982, 0, 0, 0
36000, 2261, 0, 0, 0
37005, 2108, 0, 0, 0
38000, 1830, 0, 0, 0
39000, 1945, 0, 0, 0
40006, 1913, 0, 0, 0
41000, 2040, 0, 0, 0
42000, 1995, 0, 0, 0
43000, 1890, 0, 0, 0
44003, 2182, 0, 0, 0
45001, 2065, 0, 0, 0
46000, 2098, 0, 0, 0
47005, 2029, 0, 0, 0
48000, 1995, 0, 0, 0
49000, 2045, 0, 0, 0
50001, 2262, 0, 0, 0
51003, 2140, 0, 0, 0
52000, 1939, 0, 0, 0
53005, 2140, 0, 0, 0
54000, 1899, 0, 0, 0
55001, 2230, 0, 0, 0
56003, 2055, 0, 0, 0
57001, 1966, 0, 0, 0
58002, 2047, 0, 0, 0
59000, 2055, 0, 0, 0
60002, 2098, 0, 0, 0
61001, 2043, 0, 0, 0
62000, 1994, 0, 0, 0
63006, 2127, 0, 0, 0
64001, 2116, 0, 0, 0
65000, 2016, 0, 0, 0
66000, 2002, 0, 0, 0
67000, 1975, 0, 0, 0
68000, 2076, 0, 0, 0
69000, 1935, 0, 0, 0
70001, 2114, 0, 0, 0
71000, 1984, 0, 0, 0
72000, 1942, 0, 0, 0
73000, 2053, 0, 0, 0
74000, 1977, 0, 0, 0
75000, 1933, 0, 0, 0
76000, 2053, 0, 0, 0
77000, 1946, 0, 0, 0
78001, 2064, 0, 0, 0
79001, 2125, 0, 0, 0
80001, 2066, 0, 0, 0
81003, 1920, 0, 0, 0
82000, 1942, 0, 0, 0
83001, 1933, 0, 0, 0
84000, 1941, 0, 0, 0
85000, 2004, 0, 0, 0
86001, 2060, 0, 0, 0
87008, 2037, 0, 0, 0
88000, 2127, 0, 0, 0
89001, 2196, 0, 0, 0
90005, 2165, 0, 0, 0
91000, 1994, 0, 0, 0
92000, 2176, 0, 0, 0
93000, 2013, 0, 0, 0
94001, 2020, 0, 0, 0
95000, 2006, 0, 0, 0
96003, 1965, 0, 0, 0
97000, 2024, 0, 0, 0
98002, 2080, 0, 0, 0
99000, 1958, 0, 0, 0
100000, 2134, 0, 0, 0
101000, 1989, 0, 0, 0
102000, 1991, 0, 0, 0
103000, 2284, 0, 0, 0
104000, 1929, 0, 0, 0
105000, 1926, 0, 0, 0
106002, 1971, 0, 0, 0
107001, 1932, 0, 0, 0
108000, 2075, 0, 0, 0
109000, 2018, 0, 0, 0
110002, 1978, 0, 0, 0
111002, 1980, 0, 0, 0
112000, 1997, 0, 0, 0
113002, 1924, 0, 0, 0
114000, 1989, 0, 0, 0
115000, 1965, 0, 0, 0
116001, 1999, 0, 0, 0
117000, 1994, 0, 0, 0
118001, 2026, 0, 0, 0
119003, 1928, 0, 0, 0
120000, 1871, 0, 0, 0
121005, 2050, 0, 0, 0
122001, 1898, 0, 0, 0
123001, 1822, 0, 0, 0
124000, 1912, 0, 0, 0
125001, 1893, 0, 0, 0
126000, 1933, 0, 0, 0
127007, 1832, 0, 0, 0
128000, 1936, 0, 0, 0
129000, 1905, 0, 0, 0
130001, 1901, 0, 0, 0
131002, 1933, 0, 0, 0
132007, 1876, 0, 0, 0
133000, 1994, 0, 0, 0
134000, 2015, 0, 0, 0
135002, 1926, 0, 0, 0
136002, 1858, 0, 0, 0
137007, 1963, 0, 0, 0
138002, 1905, 0, 0, 0
139001, 1923, 0, 0, 0
140000, 1987, 0, 0, 0
141000, 1931, 0, 0, 0
142004, 1822, 0, 0, 0
143003, 1919, 0, 0, 0
144000, 1977, 0, 0, 0
145007, 1910, 0, 0, 0
146000, 1920, 0, 0, 0
147000, 1879, 0, 0, 0
148000, 2050, 0, 0, 0
149000, 1872, 0, 0, 0
150000, 1997, 0, 0, 0
151002, 1943, 0, 0, 0
152000, 1895, 0, 0, 0
153001, 1899, 0, 0, 0
154001, 1870, 0, 0, 0
155006, 2128, 0, 0, 0
156000, 2032, 0, 0, 0
157001, 1940, 0, 0, 0
158000, 1952, 0, 0, 0
159001, 1913, 0, 0, 0
160000, 1750, 0, 0, 0
161000, 1864, 0, 0, 0
162001, 1863, 0, 0, 0
163001, 1971, 0, 0, 0
164000, 2151, 0, 0, 0
165000, 2149, 0, 0, 0
166007, 2154, 0, 0, 0
167000, 2025, 0, 0, 0
168000, 2071, 0, 0, 0
169004, 1976, 0, 0, 0
170000, 1964, 0, 0, 0
171001, 1850, 0, 0, 0
172000, 2099, 0, 0, 0
173006, 1908, 0, 0, 0
174001, 1960, 0, 0, 0
175000, 2054, 0, 0, 0
176004, 1947, 0, 0, 0
177001, 2068, 0, 0, 0
178000, 1955, 0, 0, 0
179003, 2021, 0, 0, 0
180001, 2077, 0, 0, 0
