1000, 2140, 1, 0, 0
2000, 1852, 1, 0, 0
3000, 1908, 1, 0, 0
4000, 1885, 1, 0, 0
5000, 2026, 1, 0, 0
6000, 1924, 1, 0, 0
7000, 1953, 1, 0, 0
7999, 1933, 1, 0, 0
9000, 1884, 1, 0, 0
10000, 1909, 1, 0, 0
11000, 2028, 1, 0, 0
12000, 1973, 1, 0, 0
13000, 1884, 1, 0, 0
14000, 1877, 1, 0, 0
15000, 1909, 1, 0, 0
16000, 1928, 1, 0, 0
17000, 1877, 1, 0, 0
18000, 1988, 1, 0, 0
19000, 1933, 1, 0, 0
20000, 1837, 1, 0, 0
21000, 1872, 1, 0, 0
22000, 1901, 1, 0, 0
23000, 1852, 1, 0, 0
24000, 1957, 1, 0, 0
25000, 1808, 1, 0, 0
26000, 1997, 1, 0, 0
27000, 1905, 1, 0, 0
28000, 1920, 1, 0, 0
29000, 1949, 1, 0, 0
29999, 1993, 1, 0, 0
31000, 1844, 1, 0, 0
32000, 1849, 1, 0, 0
33000, 1980, 1, 0, 0
34000, 1921, 1, 0, 0
35000, 1913, 1, 0, 0
36000, 1884, 1, 0, 0
37000, 1793, 1, 0, 0
38000, 1873, 1, 0, 0
39000, 1848, 1, 0, 0
40000, 1925, 1, 0, 0
41000, 1913, 1, 0, 0
42000, 1996, 1, 0, 0
43000, 1901, 1, 0, 0
44000, 1889, 1, 0, 0
45000, 1968, 1, 0, 0
46000, 1837, 1, 0, 0
46999, 1893, 1, 0, 0
48000, 1996, 1, 0, 0
49000, 1857, 1, 0, 0
50000, 1992, 1, 0, 0
51000, 1877, 1, 0, 0
52000, 1861, 1, 0, 0
53000, 1836, 1, 0, 0
54000, 1893, 1, 0, 0
54999, 1877, 1, 0, 0
56000, 1848, 1, 0, 0
57000, 1969, 1, 0, 0
58000, 1876, 1, 0, 0
59000, 1777, 1, 0, 0
60000, 1985, 1, 0, 0
61000, 2032, 1, 0, 0
62000, 1861, 1, 0, 0
63000, 1877, 1, 0, 0
64000, 1876, 1, 0, 0
65000, 1881, 1, 0, 0
66000, 2008, 1, 0, 0
67000, 1933, 1, 0, 0
68000, 1921, 1, 0, 0
69000, 1964, 1, 0, 0
70000, 2010, 1, 0, 0
71000, 1869, 1, 0, 0
72000, 1820, 1, 0, 0
73000, 1917, 1, 0, 0
74000, 2002, 1, 0, 0
75000, 1908, 1, 0, 0
76000, 1997, 1, 0, 0
77000, 1904, 1, 0, 0
78000, 1933, 1, 0, 0
79000, 1961, 1, 0, 0
80000, 1864, 1, 0, 0
81000, 1941, 1, 0, 0
82000, 1957, 1, 0, 0
83000, 2008, 1, 0, 0
84000, 1869, 1, 0, 0
85000, 1876, 1, 0, 0
86000, 1957, 1, 0, 0
87000, 1877, 1, 0, 0
88000, 1876, 1, 0, 0
89000, 1885, 1, 0, 0
90000, 1888, 1, 0, 0
91000, 1941, 1, 0, 0
92000, 1981, 1, 0, 0
93000, 1820, 1, 0, 0
94000, 1897, 1, 0, 0
95000, 1925, 1, 0, 0
96000, 1940, 1, 0, 0
97000, 1961, 1, 0, 0
98000, 1901, 1, 0, 0
99000, 1908, 1, 0, 0
100000, 1949, 1, 0, 0
101000, 1857, 1, 0, 0
102000, 1936, 1, 0, 0
103000, 1897, 1, 0, 0
104000, 1897, 1, 0, 0
105000, 1876, 1, 0, 0
106000, 1889, 1, 0, 0
106999, 1845, 1, 0, 0
108000, 1908, 1, 0, 0
109000, 1277, 1, 0, 0
110000, 1940, 1, 0, 0
111000, 1985, 1, 0, 0
112000, 1865, 1, 0, 0
113000, 1940, 1, 0, 0
114000, 1945, 1, 0, 0
115000, 1885, 1, 0, 0
116000, 1960, 1, 0, 0
117000, 1889, 1, 0, 0
118000, 1917, 1, 0, 0
119000, 1924, 1, 0, 0
120000, 1873, 1, 0, 0
120999, 1905, 1, 0, 0
122000, 1880, 1, 0, 0
123000, 1997, 1, 0, 0
124000, 1849, 1, 0, 0
125000, 1864, 1, 0, 0
126000, 1921, 1, 0, 0
127000, 1857, 1, 0, 0
128000, 1840, 1, 0, 0
129000, 1865, 1, 0, 0
130000, 1941, 1, 0, 0
131000, 1948, 1, 0, 0
132000, 1817, 1, 0, 0
133000, 1889, 1, 0, 0
134000, 1964, 1, 0, 0
135000, 2034, 1, 0, 0
136000, 1793, 1, 0, 0
137000, 1848, 1, 0, 0
138000, 2066, 1, 0, 0
139000, 1953, 1, 0, 0
140000, 1948, 1, 0, 0
141000, 1953, 1, 0, 0
142000, 1833, 1, 0, 0
142999, 1937, 1, 0, 0
144000, 1888, 1, 0, 0
145000, 1801, 1, 0, 0
146000, 1968, 1, 0, 0
147000, 1913, 1, 0, 0
148000, 1885, 1, 0, 0
149000, 1944, 1, 0, 0
150000, 1861, 1, 0, 0
151000, 1809, 1, 0, 0
152000, 1912, 1, 0, 0
153000, 1953, 1, 0, 0
154000, 1916, 1, 0, 0
155000, 1933, 1, 0, 0
156000, 1845, 1, 0, 0
157000, 1896, 1, 0, 0
158000, 1997, 1, 0, 0
159000, 1873, 1, 0, 0
160000, 2004, 1, 0, 0
161000, 1789, 1, 0, 0
161999, 2030, 1, 0, 0
163000, 1952, 1, 0, 0
164000, 1993, 1, 0, 0
165000, 1928, 1, 0, 0
166000, 1877, 1, 0, 0
167000, 2058, 1, 0, 0
168000, 1876, 1, 0, 0
169000, 1913, 1, 0, 0
170000, 1828, 1, 0, 0
171000, 1977, 1, 0, 0
172000, 1905, 1, 0, 0
173000, 2008, 1, 0, 0
174000, 1897, 1, 0, 0
175000, 1840, 1, 0, 0
176000, 1933, 1, 0, 0
177000, 1873, 1, 0, 0
178000, 1952, 1, 0, 0
179000, 1917, 1, 0, 0
180000, 1837, 1, 0, 0
