1000, 2194, 0, 0, 0
2000, 1932, 0, 0, 0
3001, 1906, 0, 0, 0
4000, 1890, 0, 0, 0
5000, 1910, 0, 0, 0
6000, 1924, 0, 0, 0
7000, 1896, 0, 0, 0
8000, 1923, 0, 0, 0
9000, 1922, 0, 0, 0
10000, 1907, 0, 0, 0
11000, 1903, 0, 0, 0
12000, 1906, 0, 0, 0
13000, 1904, 0, 0, 0
14001, 1902, 0, 0, 0
15000, 1905, 0, 0, 0
16000, 1889, 0, 0, 0
17001, 1930, 0, 0, 0
18000, 1921, 0, 0, 0
19000, 1898, 0, 0, 0
20001, 1903, 0, 0, 0
21001, 1903, 0, 0, 0
22000, 1914, 0, 0, 0
23000, 1903, 0, 0, 0
24000, 1901, 0, 0, 0
25001, 1931, 0, 0, 0
26001, 1907, 0, 0, 0
27000, 1940, 0, 0, 0
28001, 1911, 0, 0, 0
29001, 1918, 0, 0, 0
30000, 1932, 0, 0, 0
31000, 1887, 0, 0, 0
32000, 1918, 0, 0, 0
33000, 1916, 0, 0, 0
34000, 1918, 0, 0, 0
35000, 1915, 0, 0, 0
36000, 1905, 0, 0, 0
37000, 1914, 0, 0, 0
38000, 1890, 0, 0, 0
39000, 1931, 0, 0, 0
40001, 1924, 0, 0, 0
41000, 1919, 0, 0, 0
42000, 1916, 0, 0, 0
43000, 1851, 0, 0, 0
44001, 1968, 0, 0, 0
45000, 1945, 0, 0, 0
46000, 1927, 0, 0, 0
47000, 1904, 0, 0, 0
48000, 1939, 0, 0, 0
49001, 1936, 0, 0, 0
50000, 1918, 0, 0, 0
51000, 1953, 0, 0, 0
52000, 670, 0, 0, 0
53000, 1890, 0, 0, 0
54000, 1897, 0, 0, 0
55001, 1904, 0, 0, 0
56000, 1915, 0, 0, 0
57000, 1924, 0, 0, 0
58000, 1909, 0, 0, 0
59000, 1921, 0, 0, 0
60000, 1919, 0, 0, 0
61000, 1902, 0, 0, 0
62000, 1882, 0, 0, 0
63001, 1907, 0, 0, 0
64000, 1887, 0, 0, 0
65000, 1925, 0, 0, 0
66001, 1893, 0, 0, 0
67000, 1917, 0, 0, 0
68000, 1949, 0, 0, 0
69001, 1930, 0, 0, 0
70000, 1916, 0, 0, 0
71000, 1913, 0, 0, 0
72000, 1931, 0, 0, 0
73001, 1913, 0, 0, 0
74000, 1914, 0, 0, 0
75000, 1954, 0, 0, 0
76000, 1920, 0, 0, 0
77000, 1907, 0, 0, 0
78000, 1928, 0, 0, 0
79000, 1886, 0, 0, 0
80000, 1915, 0, 0, 0
81001, 1909, 0, 0, 0
82001, 1923, 0, 0, 0
83000, 1912, 0, 0, 0
84001, 1928, 0, 0, 0
85001, 1902, 0, 0, 0
86000, 1896, 0, 0, 0
87000, 1912, 0, 0, 0
88000, 1910, 0, 0, 0
89000, 1901, 0, 0, 0
90001, 1882, 0, 0, 0
91000, 1907, 0, 0, 0
92000, 1911, 0, 0, 0
93000, 1921, 0, 0, 0
94001, 1910, 0, 0, 0
95000, 1909, 0, 0, 0
96000, 1912, 0, 0, 0
97000, 1901, 0, 0, 0
98000, 1934, 0, 0, 0
99000, 1913, 0, 0, 0
100000, 1987, 0, 0, 0
101000, 1906, 0, 0, 0
102000, 1816, 0, 0, 0
103001, 1984, 0, 0, 0
104000, 1920, 0, 0, 0
105000, 1924, 0, 0, 0
106000, 1915, 0, 0, 0
107000, 1911, 0, 0, 0
108001, 1902, 0, 0, 0
109000, 1924, 0, 0, 0
110000, 1895, 0, 0, 0
111000, 1915, 0, 0, 0
112000, 1900, 0, 0, 0
113000, 1883, 0, 0, 0
114000, 1912, 0, 0, 0
115000, 1916, 0, 0, 0
116000, 1943, 0, 0, 0
117000, 1905, 0, 0, 0
118000, 1929, 0, 0, 0
119000, 1908, 0, 0, 0
120000, 1921, 0, 0, 0
121001, 1910, 0, 0, 0
122000, 1909, 0, 0, 0
123000, 1897, 0, 0, 0
124000, 1911, 0, 0, 0
125001, 1913, 0, 0, 0
126001, 1900, 0, 0, 0
127000, 1916, 0, 0, 0
128000, 1939, 0, 0, 0
129000, 1896, 0, 0, 0
130001, 1939, 0, 0, 0
131001, 1918, 0, 0, 0
132001, 1932, 0, 0, 0
133000, 1899, 0, 0, 0
134000, 1911, 0, 0, 0
135000, 1905, 0, 0, 0
136001, 1916, 0, 0, 0
137000, 1902, 0, 0, 0
138001, 1904, 0, 0, 0
139000, 1907, 0, 0, 0
140001, 1925, 0, 0, 0
141000, 1927, 0, 0, 0
142000, 1928, 0, 0, 0
143000, 1921, 0, 0, 0
144000, 1922, 0, 0, 0
145000, 1896, 0, 0, 0
146001, 1930, 0, 0, 0
147000, 1911, 0, 0, 0
148000, 1909, 0, 0, 0
149000, 1948, 0, 0, 0
150000, 1921, 0, 0, 0
151000, 1929, 0, 0, 0
152000, 1918, 0, 0, 0
153000, 1862, 0, 0, 0
154000, 1927, 0, 0, 0
155001, 1919, 0, 0, 0
156001, 1914, 0, 0, 0
157000, 1970, 0, 0, 0
158000, 1918, 0, 0, 0
159000, 1910, 0, 0, 0
160000, 1929, 0, 0, 0
161001, 1913, 0, 0, 0
162000, 1895, 0, 0, 0
163000, 1931, 0, 0, 0
164001, 1911, 0, 0, 0
165000, 1909, 0, 0, 0
166000, 1918, 0, 0, 0
167000, 1874, 0, 0, 0
168001, 1911, 0, 0, 0
169000, 1928, 0, 0, 0
170000, 1909, 0, 0, 0
171000, 1897, 0, 0, 0
172001, 1916, 0, 0, 0
173000, 1900, 0, 0, 0
174000, 1927, 0, 0, 0
175000, 1934, 0, 0, 0
176001, 1905, 0, 0, 0
177000, 1905, 0, 0, 0
178000, 1918, 0, 0, 0
179000, 1901, 0, 0, 0
180001, 1901, 0, 0, 0
