1013, 7272711, 0, 0, 0
2011, 8315013, 0, 0, 0
3020, 8748085, 0, 0, 0
4012, 8236452, 0, 0, 0
5007, 8419997, 0, 0, 0
6018, 8612323, 0, 0, 0
7011, 8225478, 0, 0, 0
8006, 8247988, 0, 0, 0
9012, 8447389, 0, 0, 0
10011, 8583444, 0, 0, 0
11006, 8178548, 0, 0, 0
12005, 8331890, 0, 0, 0
13008, 8542916, 0, 0, 0
14015, 8259377, 0, 0, 0
15010, 8236084, 0, 0, 0
16008, 8379664, 0, 0, 0
17019, 8487752, 0, 0, 0
18015, 8206379, 0, 0, 0
19010, 8437771, 0, 0, 0
20020, 8333358, 0, 0, 0
21010, 8393401, 0, 0, 0
22007, 8355583, 0, 0, 0
23008, 8354485, 0, 0, 0
24001, 8369468, 0, 0, 0
25018, 8250948, 0, 0, 0
26010, 8437549, 0, 0, 0
27006, 8371106, 0, 0, 0
28010, 8515003, 0, 0, 0
29006, 8626871, 0, 0, 0
30016, 8277155, 0, 0, 0
31007, 8501541, 0, 0, 0
32019, 8558068, 0, 0, 0
33009, 8264043, 0, 0, 0
34011, 8392462, 0, 0, 0
35005, 8346512, 0, 0, 0
36013, 8355152, 0, 0, 0
37010, 8403938, 0, 0, 0
38019, 8377822, 0, 0, 0
39015, 7937066, 0, 0, 0
40009, 8239988, 0, 0, 0
41011, 8205842, 0, 0, 0
42013, 8534831, 0, 0, 0
43005, 8219361, 0, 0, 0
44007, 8305165, 0, 0, 0
45019, 8172443, 0, 0, 0
46012, 8449916, 0, 0, 0
47008, 8458555, 0, 0, 0
48008, 8350736, 0, 0, 0
49013, 8424781, 0, 0, 0
50008, 8323713, 0, 0, 0
51013, 8486467, 0, 0, 0
52007, 8308376, 0, 0, 0
53005, 8292322, 0, 0, 0
54005, 8181037, 0, 0, 0
55008, 8571779, 0, 0, 0
56005, 8132088, 0, 0, 0
57012, 8312239, 0, 0, 0
58009, 8461797, 0, 0, 0
59019, 8336715, 0, 0, 0
60014, 8386601, 0, 0, 0
61008, 8464852, 0, 0, 0
62020, 8469918, 0, 0, 0
63013, 8329600, 0, 0, 0
64008, 8400859, 0, 0, 0
65018, 8310340, 0, 0, 0
66012, 8501468, 0, 0, 0
67005, 8081786, 0, 0, 0
68008, 8457508, 0, 0, 0
69013, 8322165, 0, 0, 0
70005, 8317814, 0, 0, 0
71004, 8530652, 0, 0, 0
72007, 8166449, 0, 0, 0
73007, 8286409, 0, 0, 0
74014, 8637241, 0, 0, 0
75008, 8079808, 0, 0, 0
76006, 8592509, 0, 0, 0
77017, 8446609, 0, 0, 0
78007, 8274848, 0, 0, 0
79007, 8407160, 0, 0, 0
80012, 8525621, 0, 0, 0
81012, 8260496, 0, 0, 0
82006, 8256482, 0, 0, 0
83019, 8190950, 0, 0, 0
84011, 8450689, 0, 0, 0
85014, 8239456, 0, 0, 0
86006, 8317068, 0, 0, 0
87009, 8296022, 0, 0, 0
88005, 8243186, 0, 0, 0
89014, 8362356, 0, 0, 0
90012, 8325882, 0, 0, 0
91008, 8437005, 0, 0, 0
92018, 8394702, 0, 0, 0
93011, 8478729, 0, 0, 0
94019, 8375192, 0, 0, 0
95011, 8440223, 0, 0, 0
96006, 8300413, 0, 0, 0
97013, 8541135, 0, 0, 0
98007, 8482850, 0, 0, 0
99016, 8468871, 0, 0, 0
100012, 8366920, 0, 0, 0
101006, 8382261, 0, 0, 0
102011, 8145894, 0, 0, 0
103011, 8223551, 0, 0, 0
104005, 8221179, 0, 0, 0
105010, 8618442, 0, 0, 0
106010, 8189850, 0, 0, 0
107006, 8275712, 0, 0, 0
108017, 8291523, 0, 0, 0
109007, 8207108, 0, 0, 0
110006, 8281215, 0, 0, 0
111008, 8271799, 0, 0, 0
112020, 8355768, 0, 0, 0
113016, 8312221, 0, 0, 0
114009, 8265744, 0, 0, 0
115005, 8345820, 0, 0, 0
116010, 8419124, 0, 0, 0
117010, 8379878, 0, 0, 0
118005, 8256099, 0, 0, 0
119014, 8279260, 0, 0, 0
120011, 8357023, 0, 0, 0
121020, 8362283, 0, 0, 0
122012, 8280311, 0, 0, 0
123010, 8124673, 0, 0, 0
124017, 8327639, 0, 0, 0
125012, 8491292, 0, 0, 0
126006, 8194221, 0, 0, 0
127015, 8185953, 0, 0, 0
128010, 8226618, 0, 0, 0
129005, 8437917, 0, 0, 0
130014, 8415561, 0, 0, 0
131009, 8337219, 0, 0, 0
132019, 8241846, 0, 0, 0
133011, 9005598, 0, 0, 0
134008, 8400797, 0, 0, 0
135016, 8547360, 0, 0, 0
136009, 8195531, 0, 0, 0
137005, 8282164, 0, 0, 0
138017, 8561109, 0, 0, 0
139013, 8079708, 0, 0, 0
140004, 8397523, 0, 0, 0
141013, 8675504, 0, 0, 0
142008, 8384952, 0, 0, 0
143013, 8172776, 0, 0, 0
144015, 8380229, 0, 0, 0
145008, 8216829, 0, 0, 0
146007, 8451560, 0, 0, 0
147013, 8408376, 0, 0, 0
148008, 8239993, 0, 0, 0
149018, 8687524, 0, 0, 0
150005, 8111609, 0, 0, 0
151005, 8096025, 0, 0, 0
152014, 8208196, 0, 0, 0
153008, 8178010, 0, 0, 0
154013, 8382653, 0, 0, 0
155007, 8725079, 0, 0, 0
156007, 8494305, 0, 0, 0
157016, 8254175, 0, 0, 0
158008, 8436759, 0, 0, 0
159014, 8316424, 0, 0, 0
160013, 8284677, 0, 0, 0
161010, 8274051, 0, 0, 0
162005, 8420450, 0, 0, 0
163010, 8426988, 0, 0, 0
164007, 8150468, 0, 0, 0
165016, 8479801, 0, 0, 0
166011, 8220097, 0, 0, 0
167020, 8259387, 0, 0, 0
168014, 8282147, 0, 0, 0
169007, 8050345, 0, 0, 0
170016, 8279179, 0, 0, 0
171008, 8672181, 0, 0, 0
172012, 8238659, 0, 0, 0
173006, 8225022, 0, 0, 0
174007, 8235936, 0, 0, 0
175016, 8595098, 0, 0, 0
176009, 8364922, 0, 0, 0
177006, 8593810, 0, 0, 0
178014, 8620305, 0, 0, 0
179007, 8133762, 0, 0, 0
180011, 8510983, 0, 0, 0
180012, 43156204, 0, 0, 0
