1000, 2176, 1, 0, 0
2002, 2259, 1, 0, 0
3000, 2230, 1, 0, 0
4002, 2305, 1, 0, 0
5000, 2217, 1, 0, 0
6025, 2223, 1, 0, 0
7002, 2260, 1, 0, 0
8001, 2171, 1, 0, 0
9026, 2178, 1, 0, 0
10000, 2157, 1, 0, 0
11000, 2212, 1, 0, 0
12000, 2156, 1, 0, 0
13000, 2207, 1, 0, 0
14000, 2180, 1, 0, 0
15000, 2256, 1, 0, 0
16000, 2178, 1, 0, 0
17000, 2293, 1, 0, 0
18000, 2220, 1, 0, 0
19000, 2282, 1, 0, 0
20000, 2168, 1, 0, 0
21035, 2313, 1, 0, 0
22001, 2315, 1, 0, 0
23003, 2369, 1, 0, 0
24002, 2274, 1, 0, 0
25000, 2474, 1, 0, 0
26000, 2323, 1, 0, 0
27000, 2379, 1, 0, 0
28000, 2271, 1, 0, 0
29000, 2279, 1, 0, 0
30040, 2296, 1, 0, 0
31028, 2267, 1, 0, 0
32037, 2270, 1, 0, 0
33001, 2228, 1, 0, 0
34001, 2351, 1, 0, 0
35002, 2349, 1, 0, 0
36001, 2253, 1, 0, 0
37000, 2272, 1, 0, 0
38000, 2450, 1, 0, 0
39001, 2305, 1, 0, 0
40036, 2348, 1, 0, 0
41000, 2280, 1, 0, 0
42026, 2245, 1, 0, 0
43001, 2346, 1, 0, 0
44030, 2275, 1, 0, 0
45000, 2291, 1, 0, 0
46039, 2378, 1, 0, 0
47000, 2301, 1, 0, 0
48001, 2296, 1, 0, 0
49001, 2316, 1, 0, 0
50002, 2259, 1, 0, 0
51002, 2312, 1, 0, 0
52002, 2288, 1, 0, 0
53002, 2339, 1, 0, 0
54000, 2278, 1, 0, 0
55002, 2270, 1, 0, 0
56000, 2345, 1, 0, 0
57000, 2381, 1, 0, 0
58001, 2279, 1, 0, 0
59039, 2307, 1, 0, 0
60000, 2330, 1, 0, 0
61000, 2385, 1, 0, 0
62000, 2339, 1, 0, 0
63025, 2321, 1, 0, 0
64001, 2338, 1, 0, 0
65000, 2285, 1, 0, 0
66002, 2210, 1, 0, 0
67037, 2231, 1, 0, 0
68002, 2310, 1, 0, 0
69036, 2311, 1, 0, 0
70000, 2299, 1, 0, 0
71025, 2344, 1, 0, 0
72000, 2331, 1, 0, 0
73001, 2323, 1, 0, 0
74000, 2282, 1, 0, 0
75000, 2331, 1, 0, 0
76000, 2259, 1, 0, 0
77000, 2332, 1, 0, 0
78023, 2313, 1, 0, 0
79000, 2254, 1, 0, 0
80000, 2331, 1, 0, 0
81001, 2253, 1, 0, 0
82000, 2357, 1, 0, 0
83001, 2279, 1, 0, 0
84001, 2320, 1, 0, 0
85002, 2345, 1, 0, 0
86000, 2295, 1, 0, 0
87024, 2313, 1, 0, 0
88000, 2298, 1, 0, 0
89000, 2440, 1, 0, 0
90003, 2415, 1, 0, 0
91024, 2260, 1, 0, 0
92002, 2182, 1, 0, 0
93000, 2382, 1, 0, 0
94000, 2350, 1, 0, 0
95002, 2320, 1, 0, 0
96001, 2270, 1, 0, 0
97030, 2233, 1, 0, 0
98030, 2292, 1, 0, 0
99025, 2221, 1, 0, 0
100001, 2339, 1, 0, 0
101002, 2253, 1, 0, 0
102000, 2343, 1, 0, 0
103001, 2392, 1, 0, 0
104036, 2302, 1, 0, 0
105000, 2241, 1, 0, 0
106000, 2350, 1, 0, 0
107001, 2450, 1, 0, 0
108003, 2406, 1, 0, 0
109001, 2207, 1, 0, 0
110000, 2288, 1, 0, 0
111002, 2274, 1, 0, 0
112000, 2332, 1, 0, 0
113000, 2394, 1, 0, 0
114000, 2379, 1, 0, 0
115000, 2431, 1, 0, 0
116001, 2319, 1, 0, 0
117000, 2235, 1, 0, 0
118000, 2234, 1, 0, 0
119001, 2215, 1, 0, 0
120034, 2096, 1, 0, 0
121000, 2186, 1, 0, 0
122000, 2218, 1, 0, 0
123000, 2253, 1, 0, 0
124000, 2269, 1, 0, 0
125000, 2117, 1, 0, 0
126000, 2218, 1, 0, 0
127000, 2369, 1, 0, 0
128011, 2157, 1, 0, 0
129000, 2167, 1, 0, 0
130001, 2301, 1, 0, 0
131000, 2210, 1, 0, 0
132000, 2220, 1, 0, 0
133000, 2112, 1, 0, 0
134000, 2184, 1, 0, 0
135000, 2293, 1, 0, 0
136000, 2123, 1, 0, 0
137000, 2145, 1, 0, 0
138000, 2174, 1, 0, 0
139001, 2245, 1, 0, 0
140000, 2155, 1, 0, 0
141000, 2174, 1, 0, 0
142000, 2154, 1, 0, 0
143001, 2268, 1, 0, 0
144000, 2193, 1, 0, 0
145002, 2146, 1, 0, 0
146000, 2147, 1, 0, 0
147036, 2212, 1, 0, 0
148000, 2191, 1, 0, 0
149001, 2081, 1, 0, 0
150001, 2127, 1, 0, 0
151000, 2137, 1, 0, 0
152000, 2161, 1, 0, 0
153000, 2223, 1, 0, 0
154039, 2255, 1, 0, 0
155000, 2188, 1, 0, 0
156000, 2340, 1, 0, 0
157036, 2191, 1, 0, 0
158000, 2232, 1, 0, 0
159038, 2213, 1, 0, 0
160000, 2175, 1, 0, 0
161040, 2179, 1, 0, 0
162000, 2250, 1, 0, 0
163000, 2347, 1, 0, 0
164000, 2192, 1, 0, 0
165001, 2179, 1, 0, 0
166000, 2273, 1, 0, 0
167000, 2247, 1, 0, 0
168000, 2394, 1, 0, 0
169000, 2340, 1, 0, 0
170000, 2274, 1, 0, 0
171000, 2225, 1, 0, 0
172001, 2250, 1, 0, 0
173000, 2337, 1, 0, 0
174026, 2319, 1, 0, 0
175000, 2327, 1, 0, 0
176025, 2320, 1, 0, 0
177000, 2202, 1, 0, 0
178000, 2286, 1, 0, 0
179036, 2357, 1, 0, 0
180031, 2424, 1, 0, 0
