1005, 4904017, 0, 0, 0
2002, 4426932, 0, 0, 0
3001, 4324932, 0, 0, 0
4001, 4563241, 0, 0, 0
5001, 4184502, 0, 0, 0
6000, 4560311, 0, 0, 0
7002, 4241960, 0, 0, 0
8000, 4304307, 0, 0, 0
9001, 4134687, 0, 0, 0
10003, 4314582, 0, 0, 0
11004, 4083261, 0, 0, 0
12000, 4291992, 0, 0, 0
13003, 4027888, 0, 0, 0
14000, 4018505, 0, 0, 0
15005, 4135598, 0, 0, 0
16000, 4042274, 0, 0, 0
17000, 3904222, 0, 0, 0
18001, 4036190, 0, 0, 0
19003, 4021222, 0, 0, 0
20001, 3807324, 0, 0, 0
21001, 3831243, 0, 0, 0
22002, 3584486, 0, 0, 0
23001, 3858414, 0, 0, 0
24000, 3698254, 0, 0, 0
25002, 3641642, 0, 0, 0
26003, 3573434, 0, 0, 0
27002, 3630978, 0, 0, 0
28005, 3739011, 0, 0, 0
29000, 3770737, 0, 0, 0
30001, 3623544, 0, 0, 0
31002, 3653091, 0, 0, 0
32001, 3644110, 0, 0, 0
33002, 3510902, 0, 0, 0
34000, 3512053, 0, 0, 0
35000, 3435264, 0, 0, 0
36001, 3403009, 0, 0, 0
37002, 3474875, 0, 0, 0
38000, 3393402, 0, 0, 0
39002, 3348451, 0, 0, 0
40000, 3315456, 0, 0, 0
41000, 3434055, 0, 0, 0
42000, 3309915, 0, 0, 0
43001, 3357300, 0, 0, 0
44001, 3276529, 0, 0, 0
45001, 3194361, 0, 0, 0
46001, 3298795, 0, 0, 0
47002, 3270585, 0, 0, 0
48004, 3150091, 0, 0, 0
49003, 3286350, 0, 0, 0
50002, 3188684, 0, 0, 0
51003, 3240025, 0, 0, 0
52003, 3410866, 0, 0, 0
53000, 3275937, 0, 0, 0
54001, 3188816, 0, 0, 0
55001, 3201341, 0, 0, 0
56002, 3188256, 0, 0, 0
57000, 3177347, 0, 0, 0
58002, 3201131, 0, 0, 0
59000, 3196043, 0, 0, 0
60002, 3109314, 0, 0, 0
61002, 3133297, 0, 0, 0
62000, 3052104, 0, 0, 0
63002, 3023592, 0, 0, 0
64000, 2998027, 0, 0, 0
65000, 2957603, 0, 0, 0
66002, 3081781, 0, 0, 0
67000, 2996240, 0, 0, 0
68000, 3026866, 0, 0, 0
69000, 3010527, 0, 0, 0
70000, 3010996, 0, 0, 0
71003, 3123120, 0, 0, 0
72000, 2993461, 0, 0, 0
73000, 3084428, 0, 0, 0
74001, 3198732, 0, 0, 0
75003, 2961560, 0, 0, 0
76002, 2947530, 0, 0, 0
77001, 3158966, 0, 0, 0
78001, 3076099, 0, 0, 0
79001, 2862829, 0, 0, 0
80002, 2908747, 0, 0, 0
81000, 2969129, 0, 0, 0
82002, 3035697, 0, 0, 0
83001, 3140366, 0, 0, 0
84002, 2944450, 0, 0, 0
85000, 2800615, 0, 0, 0
86000, 2941591, 0, 0, 0
87000, 2838733, 0, 0, 0
88000, 2808292, 0, 0, 0
89001, 2849729, 0, 0, 0
90003, 2838547, 0, 0, 0
91001, 3069799, 0, 0, 0
92003, 3696745, 0, 0, 0
93002, 2883735, 0, 0, 0
94002, 3048948, 0, 0, 0
95001, 2851348, 0, 0, 0
96003, 2904442, 0, 0, 0
97002, 2884039, 0, 0, 0
98000, 2942656, 0, 0, 0
99002, 2929569, 0, 0, 0
100000, 2917426, 0, 0, 0
101000, 2889918, 0, 0, 0
102002, 2977844, 0, 0, 0
103000, 2908561, 0, 0, 0
104001, 2818137, 0, 0, 0
105001, 2801923, 0, 0, 0
106000, 2918213, 0, 0, 0
107002, 2868545, 0, 0, 0
108001, 2964224, 0, 0, 0
109001, 2807188, 0, 0, 0
110002, 2850385, 0, 0, 0
111001, 2821629, 0, 0, 0
112000, 2788381, 0, 0, 0
113009, 2932404, 0, 0, 0
114002, 2953053, 0, 0, 0
115000, 2866240, 0, 0, 0
116001, 2909695, 0, 0, 0
117000, 2862057, 0, 0, 0
118001, 2842124, 0, 0, 0
119000, 2935380, 0, 0, 0
120001, 2741095, 0, 0, 0
121000, 2798312, 0, 0, 0
122001, 2841678, 0, 0, 0
123001, 2769565, 0, 0, 0
124001, 2761238, 0, 0, 0
125004, 2751709, 0, 0, 0
126001, 2785780, 0, 0, 0
127000, 2780268, 0, 0, 0
128002, 2691641, 0, 0, 0
129000, 2763757, 0, 0, 0
130000, 2672367, 0, 0, 0
131000, 2722494, 0, 0, 0
132001, 2586241, 0, 0, 0
133000, 2713747, 0, 0, 0
134001, 2732778, 0, 0, 0
135000, 2683444, 0, 0, 0
136001, 2638880, 0, 0, 0
137002, 2627713, 0, 0, 0
138000, 2644866, 0, 0, 0
139000, 2694917, 0, 0, 0
140000, 2730061, 0, 0, 0
141000, 2694971, 0, 0, 0
142000, 2672130, 0, 0, 0
143000, 2658144, 0, 0, 0
144002, 2655066, 0, 0, 0
145000, 2661502, 0, 0, 0
146001, 2604329, 0, 0, 0
147001, 2643091, 0, 0, 0
148001, 2625044, 0, 0, 0
149000, 2648597, 0, 0, 0
150000, 2548658, 0, 0, 0
151000, 2636137, 0, 0, 0
152001, 2606841, 0, 0, 0
153001, 2744096, 0, 0, 0
154001, 2673460, 0, 0, 0
155001, 2723579, 0, 0, 0
156001, 2576609, 0, 0, 0
157000, 2618950, 0, 0, 0
158002, 2607823, 0, 0, 0
159002, 2680969, 0, 0, 0
160000, 2701004, 0, 0, 0
161002, 2729032, 0, 0, 0
162000, 2690252, 0, 0, 0
163002, 2691523, 0, 0, 0
164000, 2772204, 0, 0, 0
165000, 2789946, 0, 0, 0
166000, 2686645, 0, 0, 0
167003, 2746511, 0, 0, 0
168013, 2854061, 0, 0, 0
169000, 2761215, 0, 0, 0
170002, 2692260, 0, 0, 0
171001, 2685882, 0, 0, 0
172001, 2617494, 0, 0, 0
173000, 2742445, 0, 0, 0
174001, 2633631, 0, 0, 0
175001, 2715458, 0, 0, 0
176001, 2642164, 0, 0, 0
177001, 3087436, 0, 0, 0
178005, 2626695, 0, 0, 0
179002, 2677524, 0, 0, 0
180000, 2604060, 0, 0, 0
