1012, 7696849, 1, 0, 0
2004, 8280460, 1, 0, 0
3014, 8382581, 1, 0, 0
4007, 8372590, 1, 0, 0
5011, 8409099, 1, 0, 0
6005, 8458128, 1, 0, 0
7005, 8363539, 1, 0, 0
8002, 8312919, 1, 0, 0
9010, 8346981, 1, 0, 0
10004, 8310943, 1, 0, 0
11015, 8194568, 1, 0, 0
12011, 8496238, 1, 0, 0
13003, 8306048, 1, 0, 0
14003, 8442360, 1, 0, 0
15012, 8248024, 1, 0, 0
16008, 8327604, 1, 0, 0
17012, 8322357, 1, 0, 0
18010, 8425712, 1, 0, 0
19006, 8329775, 1, 0, 0
20014, 8662870, 1, 0, 0
21004, 8259389, 1, 0, 0
22007, 8299069, 1, 0, 0
23008, 8468367, 1, 0, 0
24002, 8270581, 1, 0, 0
25005, 8447042, 1, 0, 0
26004, 8485390, 1, 0, 0
27002, 8382851, 1, 0, 0
28004, 8352856, 1, 0, 0
29002, 8199806, 1, 0, 0
30008, 8316495, 1, 0, 0
31008, 8262347, 1, 0, 0
32005, 8231670, 1, 0, 0
33015, 8238224, 1, 0, 0
34008, 8302954, 1, 0, 0
35004, 8093876, 1, 0, 0
36008, 8385256, 1, 0, 0
37005, 8295510, 1, 0, 0
38004, 8569540, 1, 0, 0
39008, 8054243, 1, 0, 0
40016, 8248461, 1, 0, 0
41011, 8481355, 1, 0, 0
42002, 8239337, 1, 0, 0
43009, 8350671, 1, 0, 0
44000, 8288578, 1, 0, 0
45005, 8342107, 1, 0, 0
46005, 8352475, 1, 0, 0
47010, 8454242, 1, 0, 0
48009, 8322932, 1, 0, 0
49002, 8432864, 1, 0, 0
50006, 8430326, 1, 0, 0
51002, 8327211, 1, 0, 0
52006, 8437838, 1, 0, 0
53006, 8505608, 1, 0, 0
54004, 8157441, 1, 0, 0
55009, 8621623, 1, 0, 0
56005, 8411557, 1, 0, 0
57003, 8368805, 1, 0, 0
58002, 8412920, 1, 0, 0
59003, 8382781, 1, 0, 0
60028, 8272482, 1, 0, 0
61007, 8540000, 1, 0, 0
62017, 8445684, 1, 0, 0
63004, 8554595, 1, 0, 0
64008, 8226987, 1, 0, 0
65008, 8444522, 1, 0, 0
66015, 8304869, 1, 0, 0
67009, 8420048, 1, 0, 0
68003, 8309606, 1, 0, 0
69014, 8640787, 1, 0, 0
70005, 8257717, 1, 0, 0
71002, 8480959, 1, 0, 0
72008, 8291764, 1, 0, 0
73001, 8455749, 1, 0, 0
74006, 8091066, 1, 0, 0
75003, 8381748, 1, 0, 0
76011, 8418215, 1, 0, 0
77005, 8494499, 1, 0, 0
78017, 8433773, 1, 0, 0
79003, 8435922, 1, 0, 0
80002, 8359759, 1, 0, 0
81009, 8367324, 1, 0, 0
82004, 8198776, 1, 0, 0
83012, 8431420, 1, 0, 0
84006, 8377982, 1, 0, 0
85015, 8403167, 1, 0, 0
86009, 8389583, 1, 0, 0
87005, 8323135, 1, 0, 0
88032, 8465584, 1, 0, 0
89009, 8361429, 1, 0, 0
90002, 8221811, 1, 0, 0
91004, 8507255, 1, 0, 0
92007, 8436105, 1, 0, 0
93016, 8405904, 1, 0, 0
94003, 8424265, 1, 0, 0
95001, 8449771, 1, 0, 0
96008, 8368857, 1, 0, 0
97001, 8263592, 1, 0, 0
98002, 8332635, 1, 0, 0
99006, 8521749, 1, 0, 0
100010, 8313375, 1, 0, 0
101001, 8215712, 1, 0, 0
102007, 8462558, 1, 0, 0
103003, 8347093, 1, 0, 0
104011, 8409797, 1, 0, 0
105004, 8244886, 1, 0, 0
106001, 8572792, 1, 0, 0
107007, 8360144, 1, 0, 0
108007, 8329366, 1, 0, 0
109002, 8462885, 1, 0, 0
110007, 8321422, 1, 0, 0
111008, 8393771, 1, 0, 0
112001, 8224624, 1, 0, 0
113011, 8312603, 1, 0, 0
114006, 8450674, 1, 0, 0
115002, 8310679, 1, 0, 0
116009, 8348264, 1, 0, 0
117003, 8238649, 1, 0, 0
118011, 8666826, 1, 0, 0
119006, 8275820, 1, 0, 0
120002, 8315446, 1, 0, 0
121009, 8400123, 1, 0, 0
122002, 8243509, 1, 0, 0
123004, 8427777, 1, 0, 0
124007, 8367918, 1, 0, 0
125003, 8323329, 1, 0, 0
126012, 8438338, 1, 0, 0
127008, 8238897, 1, 0, 0
128002, 8442022, 1, 0, 0
129011, 8505181, 1, 0, 0
130007, 8439794, 1, 0, 0
131002, 8205702, 1, 0, 0
132006, 8298460, 1, 0, 0
133005, 8401273, 1, 0, 0
134002, 8242262, 1, 0, 0
135007, 8410097, 1, 0, 0
136005, 8350287, 1, 0, 0
137015, 8410405, 1, 0, 0
138010, 8328987, 1, 0, 0
139002, 8286892, 1, 0, 0
140008, 8383239, 1, 0, 0
141016, 8341866, 1, 0, 0
142009, 8538801, 1, 0, 0
143002, 8201171, 1, 0, 0
144012, 8493912, 1, 0, 0
145005, 8157422, 1, 0, 0
146017, 8422537, 1, 0, 0
147011, 8326141, 1, 0, 0
148007, 8251632, 1, 0, 0
149003, 8372886, 1, 0, 0
150005, 8368526, 1, 0, 0
151008, 8470379, 1, 0, 0
152003, 8348178, 1, 0, 0
153012, 8254279, 1, 0, 0
154004, 8211740, 1, 0, 0
155011, 8401068, 1, 0, 0
156004, 8289800, 1, 0, 0
157011, 8313515, 1, 0, 0
158005, 8441552, 1, 0, 0
159004, 8281398, 1, 0, 0
160007, 8329880, 1, 0, 0
161014, 8303767, 1, 0, 0
162004, 8427628, 1, 0, 0
163005, 8420987, 1, 0, 0
164002, 8336302, 1, 0, 0
165000, 8521115, 1, 0, 0
166005, 8282219, 1, 0, 0
167016, 8344715, 1, 0, 0
168010, 8386362, 1, 0, 0
169003, 8377862, 1, 0, 0
170006, 8515311, 1, 0, 0
171003, 8259518, 1, 0, 0
172004, 8494486, 1, 0, 0
173003, 8336119, 1, 0, 0
174012, 8446792, 1, 0, 0
175006, 8313789, 1, 0, 0
176009, 8213282, 1, 0, 0
177009, 8331350, 1, 0, 0
178019, 8194728, 1, 0, 0
179005, 8421401, 1, 0, 0
180011, 8369313, 1, 0, 0
180016, 27960527, 1, 0, 0
