1030, 69975, 1, 0, 0
2000, 205010, 1, 0, 0
3002, 105554, 1, 0, 0
4021, 12467, 1, 0, 0
5016, 25116, 1, 0, 0
6032, 122464, 1, 0, 0
7026, 217630, 1, 0, 0
8020, 174864, 1, 0, 0
9031, 106766, 1, 0, 0
10000, 208603, 1, 0, 0
11022, 100495, 1, 0, 0
12019, 155158, 1, 0, 0
13030, 267373, 1, 0, 0
14018, 159097, 1, 0, 0
15017, 126105, 1, 0, 0
16002, 212246, 1, 0, 0
17000, 239108, 1, 0, 0
18019, 162630, 1, 0, 0
19029, 114166, 1, 0, 0
20000, 76576, 1, 0, 0
21023, 62944, 1, 0, 0
22019, 96840, 1, 0, 0
23000, 61721, 1, 0, 0
24021, 7143, 1, 0, 0
25016, 11049, 1, 0, 0
26029, 6495, 1, 0, 0
27000, 9938, 1, 0, 0
28018, 144706, 1, 0, 0
29019, 216941, 1, 0, 0
30023, 82241, 1, 0, 0
31021, 31937, 1, 0, 0
32022, 46557, 1, 0, 0
33000, 41622, 1, 0, 0
34000, 20482, 1, 0, 0
35017, 64035, 1, 0, 0
36000, 42700, 1, 0, 0
37000, 30312, 1, 0, 0
38018, 8695, 1, 0, 0
39000, 3957, 1, 0, 0
40017, 11381, 1, 0, 0
41031, 35622, 1, 0, 0
42001, 2238, 1, 0, 0
43019, 7047, 1, 0, 0
44029, 71033, 1, 0, 0
45024, 2347, 1, 0, 0
46000, 2267, 1, 0, 0
47020, 2272, 1, 0, 0
48016, 2224, 1, 0, 0
49000, 2257, 1, 0, 0
50000, 2302, 1, 0, 0
51018, 2339, 1, 0, 0
52000, 2282, 1, 0, 0
53018, 2260, 1, 0, 0
54021, 2206, 1, 0, 0
55002, 2196, 1, 0, 0
56018, 2254, 1, 0, 0
57030, 2232, 1, 0, 0
58003, 2290, 1, 0, 0
59000, 2388, 1, 0, 0
60000, 2157, 1, 0, 0
61022, 2247, 1, 0, 0
62019, 2290, 1, 0, 0
63000, 2188, 1, 0, 0
64017, 2377, 1, 0, 0
65021, 2237, 1, 0, 0
66016, 4962, 1, 0, 0
67031, 3246, 1, 0, 0
68023, 19776, 1, 0, 0
69014, 116591, 1, 0, 0
70028, 108906, 1, 0, 0
71000, 114819, 1, 0, 0
72019, 14471, 1, 0, 0
73017, 47883, 1, 0, 0
74000, 42655, 1, 0, 0
75032, 9804, 1, 0, 0
76000, 2068, 1, 0, 0
77020, 10986, 1, 0, 0
78031, 28071, 1, 0, 0
79000, 36155, 1, 0, 0
80000, 60193, 1, 0, 0
81031, 79946, 1, 0, 0
82020, 5034, 1, 0, 0
83017, 77403, 1, 0, 0
84032, 159821, 1, 0, 0
85018, 95762, 1, 0, 0
86019, 14137, 1, 0, 0
87000, 11176, 1, 0, 0
88020, 7657, 1, 0, 0
89000, 8029, 1, 0, 0
90000, 48994, 1, 0, 0
91019, 31946, 1, 0, 0
92030, 10205, 1, 0, 0
93024, 2130, 1, 0, 0
94020, 67945, 1, 0, 0
95030, 6607, 1, 0, 0
96000, 9906, 1, 0, 0
97000, 68653, 1, 0, 0
98019, 47841, 1, 0, 0
99029, 58388, 1, 0, 0
100000, 57445, 1, 0, 0
101019, 2171, 1, 0, 0
102022, 24146, 1, 0, 0
103000, 13480, 1, 0, 0
104022, 5400, 1, 0, 0
105017, 166022, 1, 0, 0
106028, 74962, 1, 0, 0
107024, 131673, 1, 0, 0
108029, 135299, 1, 0, 0
109001, 10782, 1, 0, 0
110015, 77148, 1, 0, 0
111026, 80966, 1, 0, 0
112023, 72890, 1, 0, 0
113018, 54336, 1, 0, 0
114029, 44211, 1, 0, 0
115000, 113260, 1, 0, 0
116000, 103306, 1, 0, 0
117017, 83521, 1, 0, 0
118000, 50813, 1, 0, 0
119005, 85928, 1, 0, 0
120030, 10632, 1, 0, 0
121000, 3818, 1, 0, 0
122018, 2133, 1, 0, 0
123000, 42052, 1, 0, 0
124018, 54107, 1, 0, 0
125029, 67172, 1, 0, 0
126000, 16035, 1, 0, 0
127000, 2221, 1, 0, 0
128019, 26805, 1, 0, 0
129017, 21516, 1, 0, 0
130022, 5650, 1, 0, 0
131031, 10493, 1, 0, 0
132000, 23815, 1, 0, 0
133000, 9871, 1, 0, 0
134019, 2419, 1, 0, 0
135016, 2341, 1, 0, 0
136025, 2393, 1, 0, 0
137018, 2336, 1, 0, 0
138028, 3351, 1, 0, 0
139023, 2502, 1, 0, 0
140019, 3781, 1, 0, 0
141031, 2719, 1, 0, 0
142000, 5130, 1, 0, 0
143019, 10196, 1, 0, 0
144016, 4069, 1, 0, 0
145021, 2300, 1, 0, 0
146018, 5570, 1, 0, 0
147031, 13223, 1, 0, 0
148025, 2423, 1, 0, 0
149020, 2402, 1, 0, 0
150024, 2326, 1, 0, 0
151026, 2366, 1, 0, 0
152017, 2388, 1, 0, 0
153000, 3573, 1, 0, 0
154025, 2348, 1, 0, 0
155015, 2265, 1, 0, 0
156000, 2314, 1, 0, 0
157000, 2419, 1, 0, 0
158016, 2485, 1, 0, 0
159027, 2654, 1, 0, 0
160022, 5949, 1, 0, 0
161020, 2466, 1, 0, 0
162016, 2334, 1, 0, 0
163029, 2359, 1, 0, 0
164020, 4741, 1, 0, 0
165030, 4509, 1, 0, 0
166026, 4189, 1, 0, 0
167017, 2336, 1, 0, 0
168018, 2314, 1, 0, 0
169024, 2386, 1, 0, 0
170018, 10766, 1, 0, 0
171028, 11855, 1, 0, 0
172023, 5165, 1, 0, 0
173017, 2229, 1, 0, 0
174019, 45122, 1, 0, 0
175018, 5294, 1, 0, 0
176022, 2800, 1, 0, 0
177017, 7317, 1, 0, 0
178021, 44564, 1, 0, 0
179023, 154310, 1, 0, 0
180073, 42384, 1, 0, 0
