1003, 30222270, 0, 0, 0
2011, 33568441, 0, 0, 0
3004, 33323365, 0, 0, 0
4017, 33694547, 0, 0, 0
5011, 33770123, 0, 0, 0
6007, 33490185, 0, 0, 0
7017, 33252955, 0, 0, 0
8013, 33881370, 0, 0, 0
9008, 33606790, 0, 0, 0
10004, 33146532, 0, 0, 0
11007, 33806387, 0, 0, 0
12008, 33254168, 0, 0, 0
13003, 33358839, 0, 0, 0
14009, 33729054, 0, 0, 0
15003, 33162720, 0, 0, 0
16009, 33353915, 0, 0, 0
17017, 33412934, 0, 0, 0
18005, 34028201, 0, 0, 0
19007, 33168719, 0, 0, 0
20004, 33303992, 0, 0, 0
21013, 33685045, 0, 0, 0
22009, 33371722, 0, 0, 0
23005, 33325637, 0, 0, 0
24002, 33199277, 0, 0, 0
25011, 33760067, 0, 0, 0
26007, 33245133, 0, 0, 0
27005, 33231032, 0, 0, 0
28011, 33731001, 0, 0, 0
29004, 33342836, 0, 0, 0
30016, 33745748, 0, 0, 0
31008, 33247244, 0, 0, 0
32019, 32981138, 0, 0, 0
33013, 33870919, 0, 0, 0
34007, 33122511, 0, 0, 0
35003, 33193025, 0, 0, 0
36014, 33770028, 0, 0, 0
37006, 33187505, 0, 0, 0
38005, 33399307, 0, 0, 0
39004, 33713852, 0, 0, 0
40009, 33104557, 0, 0, 0
41005, 33445145, 0, 0, 0
42003, 34122125, 0, 0, 0
43008, 33495447, 0, 0, 0
44017, 33439579, 0, 0, 0
45009, 33598248, 0, 0, 0
46011, 33104920, 0, 0, 0
47010, 33943318, 0, 0, 0
48006, 33356844, 0, 0, 0
49014, 33410089, 0, 0, 0
50010, 33670884, 0, 0, 0
51006, 33417913, 0, 0, 0
52009, 33658517, 0, 0, 0
53010, 33531456, 0, 0, 0
54004, 33158503, 0, 0, 0
55015, 33383169, 0, 0, 0
56009, 33817400, 0, 0, 0
57002, 33146604, 0, 0, 0
58011, 33623693, 0, 0, 0
59005, 33492716, 0, 0, 0
60013, 33757031, 0, 0, 0
61007, 33270731, 0, 0, 0
62016, 33345661, 0, 0, 0
63008, 33579509, 0, 0, 0
64005, 33107965, 0, 0, 0
65016, 33502169, 0, 0, 0
66008, 33697105, 0, 0, 0
67004, 33262221, 0, 0, 0
68013, 33760328, 0, 0, 0
69008, 33314710, 0, 0, 0
70006, 33188670, 0, 0, 0
71011, 33912456, 0, 0, 0
72005, 33236263, 0, 0, 0
73015, 33503779, 0, 0, 0
74004, 33689157, 0, 0, 0
75018, 33374642, 0, 0, 0
76011, 33537329, 0, 0, 0
77007, 33343806, 0, 0, 0
78012, 33481214, 0, 0, 0
79009, 33763834, 0, 0, 0
80004, 33198107, 0, 0, 0
81014, 33838831, 0, 0, 0
82010, 33384642, 0, 0, 0
83008, 33418779, 0, 0, 0
84011, 33066837, 0, 0, 0
85013, 33461000, 0, 0, 0
86008, 33689637, 0, 0, 0
87003, 33194889, 0, 0, 0
88011, 33973095, 0, 0, 0
89004, 33215248, 0, 0, 0
90014, 33318183, 0, 0, 0
91006, 33535563, 0, 0, 0
92016, 33257267, 0, 0, 0
93011, 33451690, 0, 0, 0
94007, 33547943, 0, 0, 0
95018, 33272656, 0, 0, 0
96004, 33824745, 0, 0, 0
97010, 33323383, 0, 0, 0
98007, 33391390, 0, 0, 0
99018, 33375459, 0, 0, 0
100013, 33379918, 0, 0, 0
101005, 33348493, 0, 0, 0
102015, 33550375, 0, 0, 0
103010, 33608081, 0, 0, 0
104008, 33304860, 0, 0, 0
105004, 33477581, 0, 0, 0
106013, 33805303, 0, 0, 0
107007, 33243995, 0, 0, 0
108002, 33300212, 0, 0, 0
109012, 33841205, 0, 0, 0
110009, 33135319, 0, 0, 0
111004, 33700906, 0, 0, 0
112016, 33458383, 0, 0, 0
113012, 33717129, 0, 0, 0
114007, 33220389, 0, 0, 0
115003, 33324540, 0, 0, 0
116013, 33519459, 0, 0, 0
117002, 33477377, 0, 0, 0
118003, 33433297, 0, 0, 0
119012, 33696888, 0, 0, 0
120004, 33161105, 0, 0, 0
121007, 33528367, 0, 0, 0
122009, 33657898, 0, 0, 0
123004, 33317539, 0, 0, 0
124009, 33617543, 0, 0, 0
125008, 32975194, 0, 0, 0
126003, 33523843, 0, 0, 0
127013, 33530752, 0, 0, 0
128009, 33697881, 0, 0, 0
129003, 33317958, 0, 0, 0
130004, 33196525, 0, 0, 0
131005, 33684929, 0, 0, 0
132016, 33337950, 0, 0, 0
133012, 33782963, 0, 0, 0
134005, 33489880, 0, 0, 0
135018, 33361280, 0, 0, 0
136014, 33355128, 0, 0, 0
137007, 33084698, 0, 0, 0
138004, 33249723, 0, 0, 0
139016, 33294609, 0, 0, 0
140003, 33733086, 0, 0, 0
141008, 33300455, 0, 0, 0
142004, 33139056, 0, 0, 0
143003, 33658835, 0, 0, 0
144014, 33776268, 0, 0, 0
145008, 33413155, 0, 0, 0
146003, 33097774, 0, 0, 0
147013, 33695904, 0, 0, 0
148006, 33159677, 0, 0, 0
149016, 33405618, 0, 0, 0
150011, 33643327, 0, 0, 0
151002, 33196096, 0, 0, 0
152014, 33892436, 0, 0, 0
153011, 33561681, 0, 0, 0
154006, 33235194, 0, 0, 0
155009, 33223667, 0, 0, 0
156012, 33814047, 0, 0, 0
157011, 33089698, 0, 0, 0
158006, 33465436, 0, 0, 0
159016, 33209151, 0, 0, 0
160011, 33513741, 0, 0, 0
161003, 33313543, 0, 0, 0
162012, 33833236, 0, 0, 0
163003, 33082587, 0, 0, 0
164014, 33382933, 0, 0, 0
165006, 33615413, 0, 0, 0
166015, 34135500, 0, 0, 0
167005, 32477098, 0, 0, 0
168003, 33519279, 0, 0, 0
169012, 33797286, 0, 0, 0
170007, 33183526, 0, 0, 0
171003, 33462456, 0, 0, 0
172004, 33837116, 0, 0, 0
173007, 33176578, 0, 0, 0
174018, 33196686, 0, 0, 0
175009, 33563664, 0, 0, 0
176006, 33487483, 0, 0, 0
177012, 33599182, 0, 0, 0
178003, 33436167, 0, 0, 0
179013, 34087052, 0, 0, 0
180008, 33197644, 0, 0, 0
180018, 49693445, 0, 0, 0
