1000, 539, 0, 0, 0
1999, 470, 0, 0, 0
3000, 477, 0, 0, 0
3999, 485, 0, 0, 0
4999, 479, 0, 0, 0
6000, 483, 0, 0, 0
6999, 477, 0, 0, 0
7999, 484, 0, 0, 0
8999, 481, 0, 0, 0
9999, 476, 0, 0, 0
10999, 475, 0, 0, 0
11999, 476, 0, 0, 0
13000, 476, 0, 0, 0
13999, 481, 0, 0, 0
15000, 473, 0, 0, 0
15999, 479, 0, 0, 0
17000, 480, 0, 0, 0
17999, 479, 0, 0, 0
18999, 485, 0, 0, 0
19999, 485, 0, 0, 0
21000, 473, 0, 0, 0
21999, 470, 0, 0, 0
22999, 486, 0, 0, 0
24000, 479, 0, 0, 0
24999, 482, 0, 0, 0
25999, 478, 0, 0, 0
26999, 474, 0, 0, 0
27999, 474, 0, 0, 0
28999, 479, 0, 0, 0
29999, 477, 0, 0, 0
30999, 484, 0, 0, 0
31999, 482, 0, 0, 0
33000, 479, 0, 0, 0
33999, 480, 0, 0, 0
34999, 474, 0, 0, 0
35999, 476, 0, 0, 0
37000, 474, 0, 0, 0
38000, 475, 0, 0, 0
38999, 476, 0, 0, 0
40000, 477, 0, 0, 0
40999, 482, 0, 0, 0
41999, 471, 0, 0, 0
43000, 477, 0, 0, 0
44000, 485, 0, 0, 0
44999, 487, 0, 0, 0
45999, 481, 0, 0, 0
47000, 474, 0, 0, 0
47999, 479, 0, 0, 0
49000, 482, 0, 0, 0
49999, 477, 0, 0, 0
50999, 472, 0, 0, 0
52000, 478, 0, 0, 0
52999, 476, 0, 0, 0
53999, 476, 0, 0, 0
55000, 472, 0, 0, 0
55999, 483, 0, 0, 0
56999, 480, 0, 0, 0
57999, 480, 0, 0, 0
59000, 482, 0, 0, 0
59999, 478, 0, 0, 0
60999, 478, 0, 0, 0
61999, 475, 0, 0, 0
62999, 477, 0, 0, 0
64000, 483, 0, 0, 0
64999, 483, 0, 0, 0
65999, 478, 0, 0, 0
66999, 481, 0, 0, 0
68000, 479, 0, 0, 0
68999, 478, 0, 0, 0
70000, 474, 0, 0, 0
70999, 475, 0, 0, 0
72000, 472, 0, 0, 0
72999, 478, 0, 0, 0
74000, 473, 0, 0, 0
74999, 479, 0, 0, 0
76000, 475, 0, 0, 0
77000, 480, 0, 0, 0
78000, 482, 0, 0, 0
78999, 470, 0, 0, 0
80000, 477, 0, 0, 0
80999, 471, 0, 0, 0
82000, 474, 0, 0, 0
82999, 485, 0, 0, 0
83999, 479, 0, 0, 0
85000, 480, 0, 0, 0
85999, 476, 0, 0, 0
86999, 476, 0, 0, 0
87999, 477, 0, 0, 0
89000, 475, 0, 0, 0
90000, 485, 0, 0, 0
90999, 478, 0, 0, 0
91999, 474, 0, 0, 0
92999, 474, 0, 0, 0
93999, 463, 0, 0, 0
94999, 475, 0, 0, 0
95999, 476, 0, 0, 0
96999, 476, 0, 0, 0
98000, 469, 0, 0, 0
99000, 481, 0, 0, 0
99999, 477, 0, 0, 0
101000, 474, 0, 0, 0
101999, 472, 0, 0, 0
103000, 474, 0, 0, 0
103999, 479, 0, 0, 0
104999, 479, 0, 0, 0
105999, 478, 0, 0, 0
107000, 477, 0, 0, 0
107999, 472, 0, 0, 0
108999, 486, 0, 0, 0
109999, 476, 0, 0, 0
111000, 479, 0, 0, 0
111999, 477, 0, 0, 0
112999, 473, 0, 0, 0
113999, 483, 0, 0, 0
114999, 509, 0, 0, 0
115999, 480, 0, 0, 0
116999, 477, 0, 0, 0
118000, 476, 0, 0, 0
119000, 475, 0, 0, 0
119999, 480, 0, 0, 0
121000, 480, 0, 0, 0
121999, 480, 0, 0, 0
123000, 481, 0, 0, 0
124000, 483, 0, 0, 0
124999, 477, 0, 0, 0
125999, 478, 0, 0, 0
126999, 477, 0, 0, 0
128000, 475, 0, 0, 0
129000, 479, 0, 0, 0
129999, 483, 0, 0, 0
131000, 480, 0, 0, 0
132000, 479, 0, 0, 0
132999, 479, 0, 0, 0
134000, 477, 0, 0, 0
135000, 486, 0, 0, 0
135999, 485, 0, 0, 0
137000, 479, 0, 0, 0
137999, 479, 0, 0, 0
138999, 477, 0, 0, 0
139999, 471, 0, 0, 0
141000, 480, 0, 0, 0
141999, 485, 0, 0, 0
142999, 478, 0, 0, 0
143999, 479, 0, 0, 0
145000, 470, 0, 0, 0
145999, 477, 0, 0, 0
147000, 477, 0, 0, 0
147999, 471, 0, 0, 0
148999, 477, 0, 0, 0
150000, 486, 0, 0, 0
150999, 475, 0, 0, 0
152000, 478, 0, 0, 0
152999, 478, 0, 0, 0
153999, 481, 0, 0, 0
155000, 479, 0, 0, 0
155999, 479, 0, 0, 0
156999, 474, 0, 0, 0
158000, 477, 0, 0, 0
158999, 476, 0, 0, 0
160000, 471, 0, 0, 0
160999, 480, 0, 0, 0
162000, 456, 0, 0, 0
162999, 505, 0, 0, 0
163999, 481, 0, 0, 0
165000, 473, 0, 0, 0
165999, 480, 0, 0, 0
166999, 478, 0, 0, 0
167999, 454, 0, 0, 0
168999, 501, 0, 0, 0
170000, 478, 0, 0, 0
170999, 471, 0, 0, 0
172000, 470, 0, 0, 0
172999, 482, 0, 0, 0
173999, 472, 0, 0, 0
174999, 481, 0, 0, 0
176000, 478, 0, 0, 0
176999, 459, 0, 0, 0
177999, 478, 0, 0, 0
178999, 471, 0, 0, 0
179999, 476, 0, 0, 0
