1012, 7341315, 0, 0, 0
2012, 8282445, 0, 0, 0
3020, 8227339, 0, 0, 0
4012, 8449608, 0, 0, 0
5007, 8286035, 0, 0, 0
6018, 8608835, 0, 0, 0
7011, 8622748, 0, 0, 0
8006, 8263488, 0, 0, 0
9012, 8229598, 0, 0, 0
10011, 8578321, 0, 0, 0
11005, 8495371, 0, 0, 0
12005, 8242609, 0, 0, 0
13008, 8429071, 0, 0, 0
14014, 8427947, 0, 0, 0
15010, 8412008, 0, 0, 0
16008, 8284044, 0, 0, 0
17018, 8377799, 0, 0, 0
18015, 8218573, 0, 0, 0
19010, 8275793, 0, 0, 0
20020, 8263730, 0, 0, 0
21010, 8698174, 0, 0, 0
22006, 8476315, 0, 0, 0
23010, 8183379, 0, 0, 0
24007, 8487781, 0, 0, 0
25018, 8337810, 0, 0, 0
26010, 8483291, 0, 0, 0
27006, 8400419, 0, 0, 0
28009, 8294732, 0, 0, 0
29006, 8203034, 0, 0, 0
30015, 8425174, 0, 0, 0
31007, 8252724, 0, 0, 0
32019, 8584595, 0, 0, 0
33008, 8436982, 0, 0, 0
34010, 8251451, 0, 0, 0
35004, 8304847, 0, 0, 0
36013, 8156908, 0, 0, 0
37010, 8343300, 0, 0, 0
38019, 8384298, 0, 0, 0
39016, 8320502, 0, 0, 0
40009, 8086563, 0, 0, 0
41011, 8448347, 0, 0, 0
42013, 8376911, 0, 0, 0
43005, 8189447, 0, 0, 0
44007, 8319948, 0, 0, 0
45019, 8369316, 0, 0, 0
46013, 8401515, 0, 0, 0
47008, 8264877, 0, 0, 0
48008, 8314718, 0, 0, 0
49013, 8339415, 0, 0, 0
50009, 8239925, 0, 0, 0
51013, 8674821, 0, 0, 0
52006, 8267649, 0, 0, 0
53006, 8345636, 0, 0, 0
54005, 8323520, 0, 0, 0
55008, 8272725, 0, 0, 0
56005, 8567761, 0, 0, 0
57011, 8327318, 0, 0, 0
58008, 8337919, 0, 0, 0
59019, 8408143, 0, 0, 0
60014, 8296011, 0, 0, 0
61008, 8433216, 0, 0, 0
62020, 8368362, 0, 0, 0
63013, 8471458, 0, 0, 0
64008, 8525158, 0, 0, 0
65018, 8309047, 0, 0, 0
66012, 8314863, 0, 0, 0
67005, 8084777, 0, 0, 0
68008, 8427268, 0, 0, 0
69012, 8647865, 0, 0, 0
70004, 8434050, 0, 0, 0
71005, 8407640, 0, 0, 0
72007, 8324323, 0, 0, 0
73007, 8538414, 0, 0, 0
74013, 8406827, 0, 0, 0
75008, 8223340, 0, 0, 0
76006, 8322502, 0, 0, 0
77018, 8440191, 0, 0, 0
78007, 8404350, 0, 0, 0
79007, 8289812, 0, 0, 0
80013, 8408296, 0, 0, 0
81012, 8270572, 0, 0, 0
82008, 8254104, 0, 0, 0
83019, 8150502, 0, 0, 0
84011, 8266149, 0, 0, 0
85013, 8266119, 0, 0, 0
86006, 8446005, 0, 0, 0
87009, 8277163, 0, 0, 0
88006, 8357839, 0, 0, 0
89014, 8396261, 0, 0, 0
90013, 8485014, 0, 0, 0
91007, 8277585, 0, 0, 0
92017, 8469748, 0, 0, 0
93011, 8303661, 0, 0, 0
94018, 8430770, 0, 0, 0
95010, 8459391, 0, 0, 0
96006, 8186893, 0, 0, 0
97013, 8358886, 0, 0, 0
98006, 8273090, 0, 0, 0
99016, 8348889, 0, 0, 0
100011, 8279740, 0, 0, 0
101006, 8331580, 0, 0, 0
102011, 8496561, 0, 0, 0
103011, 8563164, 0, 0, 0
104005, 8305537, 0, 0, 0
105009, 8322688, 0, 0, 0
106010, 8229798, 0, 0, 0
107006, 8210549, 0, 0, 0
108017, 8265411, 0, 0, 0
109007, 8328886, 0, 0, 0
110006, 8450305, 0, 0, 0
111008, 8406986, 0, 0, 0
112019, 8164944, 0, 0, 0
113015, 8553167, 0, 0, 0
114009, 8362137, 0, 0, 0
115005, 8263087, 0, 0, 0
116010, 8218112, 0, 0, 0
117010, 8224743, 0, 0, 0
118006, 8396541, 0, 0, 0
119015, 8354945, 0, 0, 0
120010, 8264123, 0, 0, 0
121019, 8161838, 0, 0, 0
122012, 8672808, 0, 0, 0
123009, 8193627, 0, 0, 0
124017, 8562916, 0, 0, 0
125011, 8369639, 0, 0, 0
126005, 8237436, 0, 0, 0
127015, 8339117, 0, 0, 0
128009, 8372209, 0, 0, 0
129005, 8590191, 0, 0, 0
130014, 8446079, 0, 0, 0
131009, 8328008, 0, 0, 0
132018, 8343488, 0, 0, 0
133011, 8502064, 0, 0, 0
134008, 8414769, 0, 0, 0
135016, 8460862, 0, 0, 0
136009, 8361979, 0, 0, 0
137005, 8279226, 0, 0, 0
138017, 8611469, 0, 0, 0
139011, 8370905, 0, 0, 0
140004, 8417846, 0, 0, 0
141014, 8381876, 0, 0, 0
142008, 8433250, 0, 0, 0
143014, 8302255, 0, 0, 0
144014, 8711152, 0, 0, 0
145009, 8333644, 0, 0, 0
146007, 8438659, 0, 0, 0
147013, 8436858, 0, 0, 0
148008, 8358902, 0, 0, 0
149018, 8520501, 0, 0, 0
150004, 8120980, 0, 0, 0
151006, 8245413, 0, 0, 0
152014, 8740391, 0, 0, 0
153008, 8212692, 0, 0, 0
154013, 8337879, 0, 0, 0
155007, 8007636, 0, 0, 0
156006, 8475002, 0, 0, 0
157014, 8500160, 0, 0, 0
158010, 8236957, 0, 0, 0
159014, 8255298, 0, 0, 0
160013, 8529184, 0, 0, 0
161009, 8645379, 0, 0, 0
162004, 8453833, 0, 0, 0
163010, 8609498, 0, 0, 0
164007, 8416951, 0, 0, 0
165017, 8497525, 0, 0, 0
166011, 8209534, 0, 0, 0
167020, 8352125, 0, 0, 0
168014, 8342444, 0, 0, 0
169007, 8178219, 0, 0, 0
170016, 8305292, 0, 0, 0
171008, 8632711, 0, 0, 0
172012, 8358147, 0, 0, 0
173006, 8335504, 0, 0, 0
174007, 8149905, 0, 0, 0
175016, 8580438, 0, 0, 0
176010, 7955852, 0, 0, 0
177006, 8167231, 0, 0, 0
178013, 8251509, 0, 0, 0
179007, 8449609, 0, 0, 0
180010, 8204269, 0, 0, 0
180012, 42076589, 0, 0, 0
