1000, 29464574, 1, 0, 0
2001, 33354230, 1, 0, 0
3000, 33470678, 1, 0, 0
4007, 33729844, 1, 0, 0
5000, 33491274, 1, 0, 0
6008, 33792730, 1, 0, 0
7000, 33223549, 1, 0, 0
8003, 33022425, 1, 0, 0
9001, 33872344, 1, 0, 0
10010, 33732502, 1, 0, 0
11006, 33780990, 1, 0, 0
12001, 33317659, 1, 0, 0
13027, 33122977, 1, 0, 0
14003, 33954598, 1, 0, 0
15002, 32959264, 1, 0, 0
16006, 33394031, 1, 0, 0
17002, 33234606, 1, 0, 0
18000, 32888115, 1, 0, 0
19005, 33377458, 1, 0, 0
20002, 33771246, 1, 0, 0
21012, 33764048, 1, 0, 0
22003, 33192792, 1, 0, 0
23000, 33821811, 1, 0, 0
24004, 33680499, 1, 0, 0
25003, 33666687, 1, 0, 0
26001, 33537767, 1, 0, 0
27009, 34089091, 1, 0, 0
28000, 33245553, 1, 0, 0
29011, 33279724, 1, 0, 0
30003, 33223301, 1, 0, 0
31001, 33402201, 1, 0, 0
32000, 33304308, 1, 0, 0
33001, 33569837, 1, 0, 0
34005, 32947143, 1, 0, 0
35010, 32842585, 1, 0, 0
36007, 33719225, 1, 0, 0
37000, 33185223, 1, 0, 0
38012, 33118493, 1, 0, 0
39003, 33841737, 1, 0, 0
40000, 33110150, 1, 0, 0
41008, 33559432, 1, 0, 0
42002, 32705651, 1, 0, 0
43000, 33668331, 1, 0, 0
44004, 33349233, 1, 0, 0
45000, 33528933, 1, 0, 0
46010, 34022024, 1, 0, 0
47007, 32850284, 1, 0, 0
48000, 33577547, 1, 0, 0
49000, 33973157, 1, 0, 0
50002, 33469397, 1, 0, 0
51000, 33777991, 1, 0, 0
52005, 32747693, 1, 0, 0
53001, 34216309, 1, 0, 0
54000, 33294071, 1, 0, 0
55006, 34000592, 1, 0, 0
56000, 33234073, 1, 0, 0
57012, 33583980, 1, 0, 0
58001, 34152849, 1, 0, 0
59000, 33708799, 1, 0, 0
60001, 34102165, 1, 0, 0
61001, 33273969, 1, 0, 0
62002, 33479969, 1, 0, 0
63001, 33568369, 1, 0, 0
64006, 34036262, 1, 0, 0
65001, 33394546, 1, 0, 0
66002, 33480649, 1, 0, 0
67008, 33060691, 1, 0, 0
68002, 33212823, 1, 0, 0
69000, 33107043, 1, 0, 0
70009, 33635950, 1, 0, 0
71002, 33482048, 1, 0, 0
72001, 33720038, 1, 0, 0
73005, 33760141, 1, 0, 0
74000, 33314267, 1, 0, 0
75002, 33453385, 1, 0, 0
76003, 34134862, 1, 0, 0
77009, 33194789, 1, 0, 0
78000, 33009585, 1, 0, 0
79002, 33337996, 1, 0, 0
80005, 33741660, 1, 0, 0
81001, 33186811, 1, 0, 0
82001, 33309249, 1, 0, 0
83005, 33632277, 1, 0, 0
84010, 33933434, 1, 0, 0
85002, 33479543, 1, 0, 0
86005, 34367138, 1, 0, 0
87002, 33793788, 1, 0, 0
88008, 32906880, 1, 0, 0
89005, 33371409, 1, 0, 0
90011, 33395068, 1, 0, 0
91006, 33276711, 1, 0, 0
92001, 32962880, 1, 0, 0
93005, 33462350, 1, 0, 0
94000, 33690142, 1, 0, 0
95001, 32864277, 1, 0, 0
96009, 33611100, 1, 0, 0
97001, 33653240, 1, 0, 0
98000, 33256336, 1, 0, 0
99000, 32995231, 1, 0, 0
100003, 33543301, 1, 0, 0
101005, 33746083, 1, 0, 0
102003, 33920255, 1, 0, 0
103001, 33126976, 1, 0, 0
104004, 33662232, 1, 0, 0
105000, 33390340, 1, 0, 0
106012, 33779265, 1, 0, 0
107001, 33531318, 1, 0, 0
108003, 33078632, 1, 0, 0
109001, 34233692, 1, 0, 0
110013, 33120047, 1, 0, 0
111003, 33966756, 1, 0, 0
112000, 33020138, 1, 0, 0
113009, 34044649, 1, 0, 0
114004, 33135909, 1, 0, 0
115002, 33153898, 1, 0, 0
116009, 33027617, 1, 0, 0
117000, 32940079, 1, 0, 0
118002, 33219300, 1, 0, 0
119008, 33527738, 1, 0, 0
120001, 33948199, 1, 0, 0
121010, 32981213, 1, 0, 0
122002, 33598096, 1, 0, 0
123000, 32949052, 1, 0, 0
124007, 34079940, 1, 0, 0
125000, 33093441, 1, 0, 0
126011, 33479544, 1, 0, 0
127005, 33250367, 1, 0, 0
128000, 33242071, 1, 0, 0
129001, 33628770, 1, 0, 0
130004, 33552163, 1, 0, 0
131001, 33912791, 1, 0, 0
132000, 33309206, 1, 0, 0
133005, 34012993, 1, 0, 0
134001, 33083849, 1, 0, 0
135001, 33364213, 1, 0, 0
136000, 34292454, 1, 0, 0
137006, 33587920, 1, 0, 0
138000, 32894958, 1, 0, 0
139000, 33327464, 1, 0, 0
140000, 33329375, 1, 0, 0
141009, 33388304, 1, 0, 0
142000, 33620035, 1, 0, 0
143000, 33337382, 1, 0, 0
144007, 34268100, 1, 0, 0
145000, 33077568, 1, 0, 0
146000, 33068163, 1, 0, 0
147006, 33315295, 1, 0, 0
148002, 33837507, 1, 0, 0
149011, 32899265, 1, 0, 0
150004, 33670309, 1, 0, 0
151000, 33691799, 1, 0, 0
152006, 33845252, 1, 0, 0
153000, 33395952, 1, 0, 0
154003, 32674019, 1, 0, 0
155000, 33472768, 1, 0, 0
156000, 32973827, 1, 0, 0
157006, 33819095, 1, 0, 0
158000, 32794464, 1, 0, 0
159009, 33202206, 1, 0, 0
160003, 33640330, 1, 0, 0
161004, 33345301, 1, 0, 0
162001, 33048017, 1, 0, 0
163009, 34222692, 1, 0, 0
164002, 32873830, 1, 0, 0
165010, 33653818, 1, 0, 0
166005, 34456653, 1, 0, 0
167001, 33028545, 1, 0, 0
168005, 33410112, 1, 0, 0
169005, 33601210, 1, 0, 0
170008, 34012015, 1, 0, 0
171002, 33605444, 1, 0, 0
172001, 32924741, 1, 0, 0
173000, 33157440, 1, 0, 0
174000, 33403876, 1, 0, 0
175006, 33534136, 1, 0, 0
176000, 33620350, 1, 0, 0
177001, 33605841, 1, 0, 0
178000, 33340677, 1, 0, 0
179001, 33730914, 1, 0, 0
180000, 34093367, 1, 0, 0
180021, 44915642, 1, 0, 0
