1002, 527, 1, 0, 0
2003, 486, 1, 0, 0
3004, 480, 1, 0, 0
4004, 485, 1, 0, 0
5005, 480, 1, 0, 0
6006, 490, 1, 0, 0
7007, 483, 1, 0, 0
8007, 480, 1, 0, 0
9008, 489, 1, 0, 0
10009, 476, 1, 0, 0
11009, 469, 1, 0, 0
12010, 482, 1, 0, 0
13011, 461, 1, 0, 0
14011, 484, 1, 0, 0
15012, 465, 1, 0, 0
16013, 477, 1, 0, 0
17014, 466, 1, 0, 0
18014, 477, 1, 0, 0
19014, 481, 1, 0, 0
20015, 483, 1, 0, 0
21015, 483, 1, 0, 0
22016, 482, 1, 0, 0
23017, 467, 1, 0, 0
24017, 485, 1, 0, 0
25018, 476, 1, 0, 0
26019, 480, 1, 0, 0
27019, 482, 1, 0, 0
28020, 480, 1, 0, 0
29021, 467, 1, 0, 0
30022, 482, 1, 0, 0
31023, 474, 1, 0, 0
32023, 485, 1, 0, 0
33024, 468, 1, 0, 0
34025, 476, 1, 0, 0
35026, 491, 1, 0, 0
36027, 480, 1, 0, 0
37027, 475, 1, 0, 0
38028, 465, 1, 0, 0
39028, 473, 1, 0, 0
40028, 476, 1, 0, 0
41029, 480, 1, 0, 0
42030, 478, 1, 0, 0
43030, 490, 1, 0, 0
44030, 471, 1, 0, 0
45030, 479, 1, 0, 0
46031, 478, 1, 0, 0
47031, 473, 1, 0, 0
48032, 484, 1, 0, 0
49032, 464, 1, 0, 0
50033, 490, 1, 0, 0
51033, 491, 1, 0, 0
52034, 472, 1, 0, 0
53035, 482, 1, 0, 0
54036, 484, 1, 0, 0
55036, 479, 1, 0, 0
56037, 482, 1, 0, 0
57037, 461, 1, 0, 0
58038, 487, 1, 0, 0
59038, 463, 1, 0, 0
60038, 482, 1, 0, 0
61039, 468, 1, 0, 0
62040, 482, 1, 0, 0
63040, 489, 1, 0, 0
64041, 462, 1, 0, 0
65041, 477, 1, 0, 0
66042, 467, 1, 0, 0
67043, 478, 1, 0, 0
68043, 475, 1, 0, 0
69043, 468, 1, 0, 0
70044, 480, 1, 0, 0
71045, 488, 1, 0, 0
72046, 468, 1, 0, 0
73046, 484, 1, 0, 0
74046, 478, 1, 0, 0
75046, 480, 1, 0, 0
76047, 472, 1, 0, 0
77048, 482, 1, 0, 0
78049, 481, 1, 0, 0
79050, 469, 1, 0, 0
80051, 481, 1, 0, 0
81051, 493, 1, 0, 0
82051, 481, 1, 0, 0
83052, 461, 1, 0, 0
84052, 494, 1, 0, 0
85053, 470, 1, 0, 0
86054, 473, 1, 0, 0
87054, 480, 1, 0, 0
88054, 468, 1, 0, 0
89054, 480, 1, 0, 0
90053, 470, 1, 0, 0
91054, 470, 1, 0, 0
92054, 468, 1, 0, 0
93053, 493, 1, 0, 0
94053, 487, 1, 0, 0
95053, 486, 1, 0, 0
96053, 475, 1, 0, 0
97053, 464, 1, 0, 0
98053, 482, 1, 0, 0
99054, 487, 1, 0, 0
100053, 483, 1, 0, 0
101053, 484, 1, 0, 0
102053, 468, 1, 0, 0
103053, 474, 1, 0, 0
104053, 465, 1, 0, 0
105053, 482, 1, 0, 0
106053, 480, 1, 0, 0
107053, 467, 1, 0, 0
108053, 490, 1, 0, 0
109054, 476, 1, 0, 0
110054, 484, 1, 0, 0
111054, 462, 1, 0, 0
112053, 482, 1, 0, 0
113054, 487, 1, 0, 0
114053, 482, 1, 0, 0
115053, 477, 1, 0, 0
116054, 469, 1, 0, 0
117053, 489, 1, 0, 0
118054, 479, 1, 0, 0
119053, 479, 1, 0, 0
120053, 469, 1, 0, 0
121053, 475, 1, 0, 0
122054, 488, 1, 0, 0
123054, 461, 1, 0, 0
124054, 485, 1, 0, 0
125054, 474, 1, 0, 0
126054, 485, 1, 0, 0
127054, 482, 1, 0, 0
128054, 457, 1, 0, 0
129053, 482, 1, 0, 0
130053, 472, 1, 0, 0
131053, 481, 1, 0, 0
132053, 492, 1, 0, 0
133053, 465, 1, 0, 0
134053, 476, 1, 0, 0
135054, 478, 1, 0, 0
136055, 479, 1, 0, 0
137056, 486, 1, 0, 0
138056, 456, 1, 0, 0
139057, 474, 1, 0, 0
140058, 477, 1, 0, 0
141059, 474, 1, 0, 0
142060, 483, 1, 0, 0
143061, 475, 1, 0, 0
144062, 478, 1, 0, 0
145062, 483, 1, 0, 0
146063, 480, 1, 0, 0
147064, 483, 1, 0, 0
148064, 482, 1, 0, 0
149065, 477, 1, 0, 0
150065, 469, 1, 0, 0
151065, 477, 1, 0, 0
152066, 468, 1, 0, 0
153067, 476, 1, 0, 0
154068, 480, 1, 0, 0
155068, 483, 1, 0, 0
156069, 475, 1, 0, 0
157069, 485, 1, 0, 0
158070, 488, 1, 0, 0
159071, 490, 1, 0, 0
160072, 487, 1, 0, 0
161073, 470, 1, 0, 0
162073, 487, 1, 0, 0
163073, 481, 1, 0, 0
164074, 489, 1, 0, 0
165075, 471, 1, 0, 0
166076, 481, 1, 0, 0
167077, 479, 1, 0, 0
168078, 488, 1, 0, 0
169079, 471, 1, 0, 0
170080, 468, 1, 0, 0
171081, 483, 1, 0, 0
172082, 474, 1, 0, 0
173083, 483, 1, 0, 0
174083, 499, 1, 0, 0
175084, 491, 1, 0, 0
176085, 470, 1, 0, 0
177086, 495, 1, 0, 0
178087, 470, 1, 0, 0
179088, 483, 1, 0, 0
