1000, 2154176, 0, 0, 0
2000, 2138483, 0, 0, 0
3000, 2164743, 0, 0, 0
4000, 2178708, 0, 0, 0
5000, 2163428, 0, 0, 0
6000, 2186578, 0, 0, 0
7000, 2138472, 0, 0, 0
8000, 2136820, 0, 0, 0
9000, 2154097, 0, 0, 0
10000, 2129210, 0, 0, 0
11000, 2148608, 0, 0, 0
12000, 2160962, 0, 0, 0
13000, 2151933, 0, 0, 0
14000, 2230678, 0, 0, 0
15000, 2206425, 0, 0, 0
16000, 2175060, 0, 0, 0
17000, 2180494, 0, 0, 0
18000, 2154937, 0, 0, 0
19000, 2193303, 0, 0, 0
20000, 2194996, 0, 0, 0
21000, 2131243, 0, 0, 0
22000, 2180531, 0, 0, 0
23000, 2351174, 0, 0, 0
24000, 2210948, 0, 0, 0
25000, 2189052, 0, 0, 0
26000, 2180614, 0, 0, 0
27000, 2201391, 0, 0, 0
28000, 2240661, 0, 0, 0
29000, 2159552, 0, 0, 0
30000, 2136050, 0, 0, 0
31000, 2188416, 0, 0, 0
32000, 2131357, 0, 0, 0
33000, 2156369, 0, 0, 0
34000, 2134402, 0, 0, 0
35000, 2130237, 0, 0, 0
36000, 2192202, 0, 0, 0
37000, 2413924, 0, 0, 0
38000, 2188345, 0, 0, 0
39000, 2204678, 0, 0, 0
40000, 2212425, 0, 0, 0
41000, 2167711, 0, 0, 0
42000, 2164181, 0, 0, 0
43000, 2191999, 0, 0, 0
44000, 2215700, 0, 0, 0
45000, 2143407, 0, 0, 0
46000, 2139234, 0, 0, 0
47000, 2170691, 0, 0, 0
48000, 2154034, 0, 0, 0
49000, 2312502, 0, 0, 0
50000, 2150376, 0, 0, 0
51000, 2136854, 0, 0, 0
52000, 2107110, 0, 0, 0
53000, 2180368, 0, 0, 0
54000, 2136904, 0, 0, 0
55000, 2099133, 0, 0, 0
56000, 2211616, 0, 0, 0
57000, 2308214, 0, 0, 0
58000, 2199789, 0, 0, 0
59000, 2154486, 0, 0, 0
60000, 2168470, 0, 0, 0
61000, 2156861, 0, 0, 0
62000, 2160233, 0, 0, 0
63000, 2175834, 0, 0, 0
64000, 2159659, 0, 0, 0
65000, 2170158, 0, 0, 0
66000, 2161609, 0, 0, 0
67000, 2174197, 0, 0, 0
68000, 2150222, 0, 0, 0
69000, 2196235, 0, 0, 0
70000, 2174187, 0, 0, 0
71000, 2176619, 0, 0, 0
72000, 2159207, 0, 0, 0
73000, 2175787, 0, 0, 0
74000, 2157526, 0, 0, 0
75000, 2149047, 0, 0, 0
76000, 2129192, 0, 0, 0
77000, 2202526, 0, 0, 0
78000, 2175434, 0, 0, 0
79000, 2212505, 0, 0, 0
80000, 2176938, 0, 0, 0
81000, 2224991, 0, 0, 0
82000, 2203428, 0, 0, 0
83000, 2213309, 0, 0, 0
84000, 2173259, 0, 0, 0
85000, 2192139, 0, 0, 0
86000, 2133824, 0, 0, 0
87000, 2213771, 0, 0, 0
88000, 2241519, 0, 0, 0
89000, 2188011, 0, 0, 0
90000, 2179520, 0, 0, 0
91000, 2181302, 0, 0, 0
92000, 2213314, 0, 0, 0
93000, 2153111, 0, 0, 0
94000, 2144124, 0, 0, 0
95000, 2167047, 0, 0, 0
96000, 2137004, 0, 0, 0
97000, 2149343, 0, 0, 0
98000, 2142540, 0, 0, 0
99000, 2167300, 0, 0, 0
100000, 2183708, 0, 0, 0
101000, 2228043, 0, 0, 0
102000, 2190077, 0, 0, 0
103000, 2185714, 0, 0, 0
104000, 2227128, 0, 0, 0
105000, 2181627, 0, 0, 0
106000, 2165602, 0, 0, 0
107000, 2223956, 0, 0, 0
108000, 2166041, 0, 0, 0
109000, 2231403, 0, 0, 0
110000, 2177327, 0, 0, 0
111000, 2180394, 0, 0, 0
112000, 2218419, 0, 0, 0
113000, 2261962, 0, 0, 0
114000, 2188214, 0, 0, 0
115000, 2156059, 0, 0, 0
116000, 2119833, 0, 0, 0
117000, 2147052, 0, 0, 0
118000, 2134308, 0, 0, 0
119000, 2169795, 0, 0, 0
120000, 2200528, 0, 0, 0
121000, 2164287, 0, 0, 0
122000, 2143007, 0, 0, 0
123000, 2181984, 0, 0, 0
124000, 2206415, 0, 0, 0
125000, 2180390, 0, 0, 0
126000, 2208707, 0, 0, 0
127000, 2191879, 0, 0, 0
128000, 2194934, 0, 0, 0
129000, 2174258, 0, 0, 0
130000, 2146170, 0, 0, 0
131000, 2170601, 0, 0, 0
132000, 2146331, 0, 0, 0
133000, 2190019, 0, 0, 0
134000, 2167602, 0, 0, 0
135000, 2195654, 0, 0, 0
136000, 2127886, 0, 0, 0
137000, 2145500, 0, 0, 0
138000, 2218072, 0, 0, 0
139000, 2182337, 0, 0, 0
140000, 2122970, 0, 0, 0
141000, 2228001, 0, 0, 0
142000, 2206895, 0, 0, 0
143000, 2245769, 0, 0, 0
144000, 2285669, 0, 0, 0
145000, 2227767, 0, 0, 0
146000, 2229391, 0, 0, 0
147000, 2214879, 0, 0, 0
148000, 2195753, 0, 0, 0
149000, 2236856, 0, 0, 0
150000, 2239525, 0, 0, 0
151000, 2201503, 0, 0, 0
152000, 2612546, 0, 0, 0
153000, 2216180, 0, 0, 0
154000, 2192019, 0, 0, 0
155000, 2207328, 0, 0, 0
156000, 2191734, 0, 0, 0
157000, 2178712, 0, 0, 0
158000, 2208711, 0, 0, 0
159000, 2204746, 0, 0, 0
160000, 2151759, 0, 0, 0
161000, 2189627, 0, 0, 0
162000, 2247157, 0, 0, 0
163000, 2286851, 0, 0, 0
164000, 2216206, 0, 0, 0
165000, 2226936, 0, 0, 0
166000, 2240043, 0, 0, 0
167000, 2292109, 0, 0, 0
168000, 2221484, 0, 0, 0
169000, 2280817, 0, 0, 0
170000, 2203778, 0, 0, 0
171000, 2210093, 0, 0, 0
172000, 2200965, 0, 0, 0
173000, 2210728, 0, 0, 0
174000, 2204197, 0, 0, 0
175000, 2298765, 0, 0, 0
176000, 2188281, 0, 0, 0
177000, 2397379, 0, 0, 0
178000, 2229571, 0, 0, 0
179000, 2193317, 0, 0, 0
180000, 2123385, 0, 0, 0
180002, 2762274, 0, 0, 0
