1001, 3856, 1, 0, 0
2000, 4020, 1, 0, 0
3001, 3980, 1, 0, 0
4001, 3720, 1, 0, 0
5001, 3667, 1, 0, 0
6001, 3976, 1, 0, 0
7000, 3763, 1, 0, 0
8001, 3864, 1, 0, 0
9001, 3744, 1, 0, 0
10000, 3887, 1, 0, 0
11001, 3684, 1, 0, 0
12001, 3840, 1, 0, 0
13000, 3787, 1, 0, 0
14001, 3880, 1, 0, 0
15001, 3884, 1, 0, 0
16000, 3983, 1, 0, 0
17001, 4020, 1, 0, 0
18001, 3900, 1, 0, 0
19001, 3671, 1, 0, 0
20001, 3692, 1, 0, 0
21000, 3627, 1, 0, 0
22001, 3764, 1, 0, 0
23001, 3848, 1, 0, 0
24001, 3811, 1, 0, 0
25001, 3936, 1, 0, 0
26000, 3859, 1, 0, 0
27001, 3912, 1, 0, 0
28001, 3892, 1, 0, 0
29001, 3823, 1, 0, 0
30001, 3840, 1, 0, 0
31000, 3511, 1, 0, 0
32001, 3720, 1, 0, 0
33001, 3716, 1, 0, 0
34000, 3787, 1, 0, 0
35001, 3868, 1, 0, 0
36000, 3843, 1, 0, 0
37001, 3740, 1, 0, 0
38001, 3684, 1, 0, 0
39001, 3587, 1, 0, 0
40001, 3864, 1, 0, 0
41000, 3711, 1, 0, 0
42001, 3700, 1, 0, 0
43000, 3787, 1, 0, 0
44001, 3816, 1, 0, 0
45000, 4020, 1, 0, 0
46001, 3836, 1, 0, 0
47001, 3812, 1, 0, 0
48000, 3911, 1, 0, 0
49001, 3748, 1, 0, 0
50000, 3847, 1, 0, 0
51001, 3804, 1, 0, 0
52001, 3012, 1, 0, 0
53001, 3283, 1, 0, 0
54001, 3692, 1, 0, 0
55000, 3427, 1, 0, 0
56001, 3448, 1, 0, 0
57000, 3563, 1, 0, 0
58001, 3680, 1, 0, 0
59001, 3644, 1, 0, 0
60000, 3711, 1, 0, 0
61001, 3812, 1, 0, 0
62000, 3739, 1, 0, 0
63001, 3696, 1, 0, 0
64001, 3768, 1, 0, 0
65000, 3563, 1, 0, 0
66001, 3740, 1, 0, 0
67000, 3723, 1, 0, 0
68001, 3720, 1, 0, 0
69001, 3464, 1, 0, 0
70001, 3751, 1, 0, 0
71001, 3844, 1, 0, 0
72000, 3803, 1, 0, 0
73001, 3620, 1, 0, 0
74001, 3756, 1, 0, 0
75000, 3499, 1, 0, 0
76001, 3812, 1, 0, 0
77000, 3843, 1, 0, 0
78001, 3688, 1, 0, 0
79001, 3732, 1, 0, 0
80000, 3619, 1, 0, 0
81001, 3792, 1, 0, 0
82001, 3812, 1, 0, 0
83001, 3775, 1, 0, 0
84001, 3668, 1, 0, 0
85000, 3751, 1, 0, 0
86001, 3856, 1, 0, 0
87001, 3672, 1, 0, 0
88000, 3907, 1, 0, 0
89001, 3972, 1, 0, 0
90001, 3840, 1, 0, 0
91000, 3855, 1, 0, 0
92001, 3728, 1, 0, 0
93001, 3708, 1, 0, 0
94000, 3695, 1, 0, 0
95001, 3720, 1, 0, 0
96001, 3624, 1, 0, 0
97001, 3747, 1, 0, 0
98001, 3636, 1, 0, 0
99000, 3823, 1, 0, 0
100001, 3756, 1, 0, 0
101000, 3675, 1, 0, 0
102001, 3736, 1, 0, 0
103001, 3684, 1, 0, 0
104000, 3827, 1, 0, 0
105001, 3892, 1, 0, 0
106000, 3767, 1, 0, 0
107001, 3748, 1, 0, 0
108001, 3704, 1, 0, 0
109001, 3843, 1, 0, 0
110001, 3756, 1, 0, 0
111000, 3771, 1, 0, 0
112001, 3712, 1, 0, 0
113000, 3843, 1, 0, 0
114001, 3800, 1, 0, 0
115001, 3664, 1, 0, 0
116000, 3807, 1, 0, 0
117001, 768, 1, 0, 0
118000, 2610, 1, 0, 0
119001, 4104, 1, 0, 0
120001, 3896, 1, 0, 0
121000, 3671, 1, 0, 0
122001, 3896, 1, 0, 0
123000, 3799, 1, 0, 0
124001, 3708, 1, 0, 0
125001, 3928, 1, 0, 0
126001, 3743, 1, 0, 0
127001, 3752, 1, 0, 0
128000, 3907, 1, 0, 0
129001, 3708, 1, 0, 0
130000, 3795, 1, 0, 0
131001, 3836, 1, 0, 0
132001, 3904, 1, 0, 0
133001, 3883, 1, 0, 0
134001, 3832, 1, 0, 0
135000, 3719, 1, 0, 0
136001, 3836, 1, 0, 0
137000, 3795, 1, 0, 0
138001, 3944, 1, 0, 0
139001, 3840, 1, 0, 0
140001, 3955, 1, 0, 0
141001, 3752, 1, 0, 0
142000, 3827, 1, 0, 0
143001, 3816, 1, 0, 0
144000, 3819, 1, 0, 0
145001, 3744, 1, 0, 0
146001, 3880, 1, 0, 0
147001, 3763, 1, 0, 0
148001, 3952, 1, 0, 0
149001, 3747, 1, 0, 0
150001, 3944, 1, 0, 0
151000, 3695, 1, 0, 0
152001, 3816, 1, 0, 0
153001, 3744, 1, 0, 0
154001, 3967, 1, 0, 0
155001, 3740, 1, 0, 0
156000, 3879, 1, 0, 0
157001, 3996, 1, 0, 0
158000, 3711, 1, 0, 0
159001, 3744, 1, 0, 0
160001, 3668, 1, 0, 0
161001, 3815, 1, 0, 0
162001, 3892, 1, 0, 0
163000, 3887, 1, 0, 0
164001, 3764, 1, 0, 0
165000, 3583, 1, 0, 0
166001, 3992, 1, 0, 0
167000, 3819, 1, 0, 0
168001, 3880, 1, 0, 0
169001, 3820, 1, 0, 0
170001, 3875, 1, 0, 0
171001, 3812, 1, 0, 0
172001, 3979, 1, 0, 0
173001, 3848, 1, 0, 0
174000, 3875, 1, 0, 0
175001, 3780, 1, 0, 0
176001, 3952, 1, 0, 0
177001, 3743, 1, 0, 0
178001, 3692, 1, 0, 0
179001, 3691, 1, 0, 0
180000, 3807, 1, 0, 0
