1000, 503, 1, 0, 0
1999, 435, 1, 0, 0
3000, 477, 1, 0, 0
4000, 504, 1, 0, 0
5000, 472, 1, 0, 0
6000, 516, 1, 0, 0
7000, 496, 1, 0, 0
8000, 471, 1, 0, 0
9001, 489, 1, 0, 0
10001, 508, 1, 0, 0
11000, 446, 1, 0, 0
12001, 481, 1, 0, 0
13000, 491, 1, 0, 0
14000, 471, 1, 0, 0
15000, 467, 1, 0, 0
16000, 484, 1, 0, 0
17001, 460, 1, 0, 0
18000, 470, 1, 0, 0
19000, 485, 1, 0, 0
20000, 486, 1, 0, 0
21000, 461, 1, 0, 0
22000, 476, 1, 0, 0
23000, 488, 1, 0, 0
24000, 494, 1, 0, 0
25000, 458, 1, 0, 0
26000, 484, 1, 0, 0
27000, 468, 1, 0, 0
28000, 480, 1, 0, 0
29000, 477, 1, 0, 0
30000, 484, 1, 0, 0
31001, 459, 1, 0, 0
32000, 494, 1, 0, 0
33000, 460, 1, 0, 0
34000, 479, 1, 0, 0
35000, 488, 1, 0, 0
36001, 495, 1, 0, 0
37001, 471, 1, 0, 0
38000, 452, 1, 0, 0
39000, 484, 1, 0, 0
40000, 469, 1, 0, 0
41000, 465, 1, 0, 0
42000, 459, 1, 0, 0
43001, 500, 1, 0, 0
44000, 508, 1, 0, 0
45000, 477, 1, 0, 0
46000, 458, 1, 0, 0
47000, 450, 1, 0, 0
48000, 473, 1, 0, 0
49001, 506, 1, 0, 0
50000, 478, 1, 0, 0
51000, 467, 1, 0, 0
52000, 462, 1, 0, 0
53000, 498, 1, 0, 0
54000, 504, 1, 0, 0
55000, 461, 1, 0, 0
56000, 483, 1, 0, 0
57000, 507, 1, 0, 0
58000, 472, 1, 0, 0
59000, 485, 1, 0, 0
60000, 470, 1, 0, 0
61000, 503, 1, 0, 0
62000, 493, 1, 0, 0
63000, 485, 1, 0, 0
64001, 507, 1, 0, 0
65000, 493, 1, 0, 0
66000, 474, 1, 0, 0
67000, 455, 1, 0, 0
68000, 477, 1, 0, 0
69000, 502, 1, 0, 0
70001, 454, 1, 0, 0
71000, 475, 1, 0, 0
72000, 502, 1, 0, 0
73000, 498, 1, 0, 0
74000, 475, 1, 0, 0
75001, 484, 1, 0, 0
76001, 452, 1, 0, 0
77000, 461, 1, 0, 0
78000, 481, 1, 0, 0
79000, 467, 1, 0, 0
80000, 514, 1, 0, 0
81000, 485, 1, 0, 0
82000, 488, 1, 0, 0
83001, 509, 1, 0, 0
84001, 477, 1, 0, 0
85000, 454, 1, 0, 0
86000, 513, 1, 0, 0
87000, 470, 1, 0, 0
88000, 484, 1, 0, 0
89000, 483, 1, 0, 0
90001, 495, 1, 0, 0
91000, 483, 1, 0, 0
92000, 477, 1, 0, 0
93000, 484, 1, 0, 0
94000, 468, 1, 0, 0
95001, 468, 1, 0, 0
96000, 455, 1, 0, 0
97001, 496, 1, 0, 0
98001, 504, 1, 0, 0
99000, 448, 1, 0, 0
100000, 468, 1, 0, 0
101000, 505, 1, 0, 0
102000, 496, 1, 0, 0
103001, 442, 1, 0, 0
104000, 482, 1, 0, 0
105000, 491, 1, 0, 0
106000, 465, 1, 0, 0
107000, 478, 1, 0, 0
108001, 488, 1, 0, 0
109001, 464, 1, 0, 0
110000, 476, 1, 0, 0
111001, 481, 1, 0, 0
112001, 462, 1, 0, 0
113001, 478, 1, 0, 0
114001, 493, 1, 0, 0
115000, 475, 1, 0, 0
116000, 479, 1, 0, 0
117000, 490, 1, 0, 0
118000, 470, 1, 0, 0
119001, 489, 1, 0, 0
120001, 483, 1, 0, 0
121000, 475, 1, 0, 0
122000, 490, 1, 0, 0
123000, 452, 1, 0, 0
124000, 506, 1, 0, 0
125000, 462, 1, 0, 0
126001, 464, 1, 0, 0
127000, 505, 1, 0, 0
128000, 474, 1, 0, 0
129000, 452, 1, 0, 0
130000, 497, 1, 0, 0
131000, 468, 1, 0, 0
132001, 501, 1, 0, 0
133000, 447, 1, 0, 0
134000, 488, 1, 0, 0
135000, 469, 1, 0, 0
136000, 494, 1, 0, 0
137000, 471, 1, 0, 0
138000, 467, 1, 0, 0
139001, 510, 1, 0, 0
140000, 450, 1, 0, 0
141000, 489, 1, 0, 0
142000, 458, 1, 0, 0
143000, 484, 1, 0, 0
144001, 472, 1, 0, 0
145000, 483, 1, 0, 0
146000, 458, 1, 0, 0
147000, 461, 1, 0, 0
148000, 492, 1, 0, 0
149000, 475, 1, 0, 0
150000, 482, 1, 0, 0
151000, 476, 1, 0, 0
152000, 499, 1, 0, 0
153000, 499, 1, 0, 0
154001, 452, 1, 0, 0
155000, 473, 1, 0, 0
156000, 477, 1, 0, 0
157000, 474, 1, 0, 0
158001, 476, 1, 0, 0
159000, 510, 1, 0, 0
160000, 468, 1, 0, 0
161000, 480, 1, 0, 0
162000, 511, 1, 0, 0
163000, 496, 1, 0, 0
164000, 469, 1, 0, 0
165000, 442, 1, 0, 0
166000, 479, 1, 0, 0
167000, 482, 1, 0, 0
168000, 465, 1, 0, 0
169000, 477, 1, 0, 0
170001, 484, 1, 0, 0
171001, 483, 1, 0, 0
172000, 493, 1, 0, 0
173000, 495, 1, 0, 0
174000, 486, 1, 0, 0
175001, 502, 1, 0, 0
176001, 458, 1, 0, 0
177000, 489, 1, 0, 0
178000, 494, 1, 0, 0
179000, 476, 1, 0, 0
180000, 498, 1, 0, 0
