1018, 3746042, 0, 0, 0
2019, 4062720, 0, 0, 0
3000, 4222273, 0, 0, 0
4017, 4174494, 0, 0, 0
5000, 4248854, 0, 0, 0
6000, 4184668, 0, 0, 0
7019, 4137397, 0, 0, 0
8029, 4218779, 0, 0, 0
9001, 4212729, 0, 0, 0
10016, 4134210, 0, 0, 0
11019, 4247874, 0, 0, 0
12000, 4290040, 0, 0, 0
13018, 4116227, 0, 0, 0
14023, 4131069, 0, 0, 0
15022, 4144479, 0, 0, 0
16018, 4145337, 0, 0, 0
17001, 4148095, 0, 0, 0
18021, 4171537, 0, 0, 0
19017, 4138198, 0, 0, 0
20000, 4255660, 0, 0, 0
21000, 4386269, 0, 0, 0
22000, 3937871, 0, 0, 0
23025, 4218774, 0, 0, 0
24018, 4093441, 0, 0, 0
25016, 4217813, 0, 0, 0
26000, 4243198, 0, 0, 0
27017, 4177413, 0, 0, 0
28021, 4143089, 0, 0, 0
29021, 4249702, 0, 0, 0
30018, 4165784, 0, 0, 0
31000, 4206390, 0, 0, 0
32018, 4135545, 0, 0, 0
33027, 4138948, 0, 0, 0
34021, 4190737, 0, 0, 0
35015, 4157655, 0, 0, 0
36026, 4217725, 0, 0, 0
37016, 4231160, 0, 0, 0
38016, 4251591, 0, 0, 0
39024, 4139653, 0, 0, 0
40019, 4170461, 0, 0, 0
41019, 4174640, 0, 0, 0
42027, 4215790, 0, 0, 0
43021, 4095663, 0, 0, 0
44019, 4155856, 0, 0, 0
45000, 4240776, 0, 0, 0
46015, 4190499, 0, 0, 0
47001, 4248170, 0, 0, 0
48019, 4145196, 0, 0, 0
49029, 4321817, 0, 0, 0
50000, 4060382, 0, 0, 0
51018, 4187254, 0, 0, 0
52015, 4136887, 0, 0, 0
53001, 4240886, 0, 0, 0
54021, 4137259, 0, 0, 0
55016, 4196978, 0, 0, 0
56029, 4190569, 0, 0, 0
57022, 4209871, 0, 0, 0
58016, 4170606, 0, 0, 0
59017, 4174638, 0, 0, 0
60017, 4257310, 0, 0, 0
61024, 4198373, 0, 0, 0
62022, 4173985, 0, 0, 0
63015, 4179573, 0, 0, 0
64015, 4225680, 0, 0, 0
65020, 4144917, 0, 0, 0
66017, 4191892, 0, 0, 0
67000, 4193543, 0, 0, 0
68021, 4133484, 0, 0, 0
69016, 4158068, 0, 0, 0
70000, 4181185, 0, 0, 0
71023, 4181306, 0, 0, 0
72030, 4155771, 0, 0, 0
73021, 4187362, 0, 0, 0
74019, 4215630, 0, 0, 0
75018, 4146792, 0, 0, 0
76003, 4196254, 0, 0, 0
77015, 4138174, 0, 0, 0
78000, 4163693, 0, 0, 0
79019, 4160301, 0, 0, 0
80016, 4211250, 0, 0, 0
81027, 4168863, 0, 0, 0
82022, 4175282, 0, 0, 0
83016, 4157202, 0, 0, 0
84019, 4226857, 0, 0, 0
85017, 4240331, 0, 0, 0
86015, 4181978, 0, 0, 0
87018, 4195489, 0, 0, 0
88029, 4211233, 0, 0, 0
89024, 4188884, 0, 0, 0
90016, 4126159, 0, 0, 0
91019, 4230883, 0, 0, 0
92021, 4197062, 0, 0, 0
93015, 4148992, 0, 0, 0
94019, 4178951, 0, 0, 0
95001, 4247388, 0, 0, 0
96018, 4171717, 0, 0, 0
97020, 4249515, 0, 0, 0
98019, 4205751, 0, 0, 0
99031, 4124340, 0, 0, 0
100021, 4132527, 0, 0, 0
101018, 4242594, 0, 0, 0
102000, 4220785, 0, 0, 0
103020, 4129846, 0, 0, 0
104016, 4235201, 0, 0, 0
105025, 4209271, 0, 0, 0
106001, 4176193, 0, 0, 0
107016, 4054207, 0, 0, 0
108027, 4252758, 0, 0, 0
109017, 4135774, 0, 0, 0
110016, 4169074, 0, 0, 0
111015, 4212811, 0, 0, 0
112000, 4229289, 0, 0, 0
113019, 4152820, 0, 0, 0
114000, 4305415, 0, 0, 0
115018, 4106719, 0, 0, 0
116016, 4145159, 0, 0, 0
117000, 4108076, 0, 0, 0
118015, 4209350, 0, 0, 0
119018, 4162353, 0, 0, 0
120019, 4219384, 0, 0, 0
121017, 4193483, 0, 0, 0
122020, 4215780, 0, 0, 0
123001, 4191218, 0, 0, 0
124017, 4132887, 0, 0, 0
125028, 4259399, 0, 0, 0
126000, 4258244, 0, 0, 0
127019, 4178370, 0, 0, 0
128014, 4231917, 0, 0, 0
129001, 4194568, 0, 0, 0
130018, 4150243, 0, 0, 0
131029, 4147258, 0, 0, 0
132000, 4137238, 0, 0, 0
133021, 4309172, 0, 0, 0
134021, 4090757, 0, 0, 0
135014, 4282028, 0, 0, 0
136018, 4160412, 0, 0, 0
137000, 4209894, 0, 0, 0
138016, 4153796, 0, 0, 0
139020, 4165933, 0, 0, 0
140023, 4259207, 0, 0, 0
141015, 4303270, 0, 0, 0
142028, 4177801, 0, 0, 0
143023, 4190572, 0, 0, 0
144015, 4191637, 0, 0, 0
145001, 4182568, 0, 0, 0
146021, 4275799, 0, 0, 0
147018, 4132089, 0, 0, 0
148028, 4178924, 0, 0, 0
149000, 4231079, 0, 0, 0
150017, 4191921, 0, 0, 0
151000, 4164011, 0, 0, 0
152019, 4162731, 0, 0, 0
153015, 4203153, 0, 0, 0
154026, 4246668, 0, 0, 0
155019, 4160215, 0, 0, 0
156015, 4285483, 0, 0, 0
157027, 4180371, 0, 0, 0
158017, 4154413, 0, 0, 0
159018, 4252912, 0, 0, 0
160023, 4169312, 0, 0, 0
161016, 4172663, 0, 0, 0
162016, 4206208, 0, 0, 0
163021, 4161085, 0, 0, 0
164024, 4170663, 0, 0, 0
165016, 4167005, 0, 0, 0
166028, 4106746, 0, 0, 0
167019, 4226027, 0, 0, 0
168019, 4174986, 0, 0, 0
169015, 4196119, 0, 0, 0
170016, 4183234, 0, 0, 0
171018, 4162867, 0, 0, 0
172017, 4170805, 0, 0, 0
173014, 4158394, 0, 0, 0
174000, 4175812, 0, 0, 0
175018, 4251137, 0, 0, 0
176000, 4236158, 0, 0, 0
177018, 4133247, 0, 0, 0
178018, 4177772, 0, 0, 0
179026, 4185878, 0, 0, 0
180014, 4109450, 0, 0, 0
180015, 17990141, 0, 0, 0
