1003, 509, 0, 0, 0
2003, 469, 0, 0, 0
3004, 477, 0, 0, 0
4004, 487, 0, 0, 0
5005, 487, 0, 0, 0
6006, 486, 0, 0, 0
7006, 482, 0, 0, 0
8007, 482, 0, 0, 0
9008, 486, 0, 0, 0
10009, 470, 0, 0, 0
11009, 484, 0, 0, 0
12010, 463, 0, 0, 0
13011, 465, 0, 0, 0
14012, 482, 0, 0, 0
15012, 479, 0, 0, 0
16013, 480, 0, 0, 0
17014, 486, 0, 0, 0
18014, 484, 0, 0, 0
19015, 462, 0, 0, 0
20016, 486, 0, 0, 0
21017, 479, 0, 0, 0
22017, 495, 0, 0, 0
23018, 506, 0, 0, 0
24019, 475, 0, 0, 0
25019, 476, 0, 0, 0
26020, 489, 0, 0, 0
27021, 460, 0, 0, 0
28022, 493, 0, 0, 0
29023, 470, 0, 0, 0
30023, 471, 0, 0, 0
31024, 474, 0, 0, 0
32025, 480, 0, 0, 0
33025, 480, 0, 0, 0
34026, 478, 0, 0, 0
35027, 472, 0, 0, 0
36027, 480, 0, 0, 0
37028, 473, 0, 0, 0
38029, 479, 0, 0, 0
39030, 476, 0, 0, 0
40030, 472, 0, 0, 0
41031, 484, 0, 0, 0
42032, 473, 0, 0, 0
43032, 480, 0, 0, 0
44033, 484, 0, 0, 0
45034, 473, 0, 0, 0
46035, 475, 0, 0, 0
47035, 487, 0, 0, 0
48036, 482, 0, 0, 0
49037, 483, 0, 0, 0
50038, 467, 0, 0, 0
51039, 475, 0, 0, 0
52039, 469, 0, 0, 0
53040, 488, 0, 0, 0
54041, 482, 0, 0, 0
55042, 479, 0, 0, 0
56043, 483, 0, 0, 0
57043, 489, 0, 0, 0
58044, 485, 0, 0, 0
59045, 485, 0, 0, 0
60046, 463, 0, 0, 0
61047, 478, 0, 0, 0
62048, 484, 0, 0, 0
63048, 472, 0, 0, 0
64049, 477, 0, 0, 0
65050, 472, 0, 0, 0
66051, 482, 0, 0, 0
67051, 481, 0, 0, 0
68052, 470, 0, 0, 0
69053, 490, 0, 0, 0
70054, 489, 0, 0, 0
71054, 483, 0, 0, 0
72055, 487, 0, 0, 0
73056, 469, 0, 0, 0
74057, 494, 0, 0, 0
75057, 487, 0, 0, 0
76058, 465, 0, 0, 0
77059, 470, 0, 0, 0
78060, 484, 0, 0, 0
79060, 478, 0, 0, 0
80061, 485, 0, 0, 0
81062, 473, 0, 0, 0
82063, 481, 0, 0, 0
83063, 480, 0, 0, 0
84064, 486, 0, 0, 0
85064, 474, 0, 0, 0
86064, 491, 0, 0, 0
87064, 472, 0, 0, 0
88064, 476, 0, 0, 0
89064, 482, 0, 0, 0
90064, 474, 0, 0, 0
91064, 482, 0, 0, 0
92063, 504, 0, 0, 0
93064, 478, 0, 0, 0
94064, 478, 0, 0, 0
95064, 460, 0, 0, 0
96064, 494, 0, 0, 0
97064, 480, 0, 0, 0
98064, 483, 0, 0, 0
99063, 482, 0, 0, 0
100064, 464, 0, 0, 0
101064, 490, 0, 0, 0
102064, 473, 0, 0, 0
103064, 491, 0, 0, 0
104064, 482, 0, 0, 0
105064, 469, 0, 0, 0
106064, 477, 0, 0, 0
107064, 488, 0, 0, 0
108064, 466, 0, 0, 0
109064, 486, 0, 0, 0
110064, 490, 0, 0, 0
111064, 462, 0, 0, 0
112064, 495, 0, 0, 0
113064, 461, 0, 0, 0
114064, 487, 0, 0, 0
115063, 463, 0, 0, 0
116064, 488, 0, 0, 0
117064, 489, 0, 0, 0
118064, 468, 0, 0, 0
119063, 496, 0, 0, 0
120064, 469, 0, 0, 0
121064, 491, 0, 0, 0
122063, 462, 0, 0, 0
123064, 469, 0, 0, 0
124064, 481, 0, 0, 0
125064, 472, 0, 0, 0
126064, 486, 0, 0, 0
127064, 476, 0, 0, 0
128064, 474, 0, 0, 0
129063, 464, 0, 0, 0
130064, 487, 0, 0, 0
131064, 480, 0, 0, 0
132063, 463, 0, 0, 0
133064, 478, 0, 0, 0
134064, 484, 0, 0, 0
135063, 470, 0, 0, 0
136064, 487, 0, 0, 0
137064, 484, 0, 0, 0
138064, 477, 0, 0, 0
139064, 482, 0, 0, 0
140064, 483, 0, 0, 0
141064, 464, 0, 0, 0
142064, 473, 0, 0, 0
143064, 490, 0, 0, 0
144064, 484, 0, 0, 0
145064, 457, 0, 0, 0
146065, 483, 0, 0, 0
147066, 487, 0, 0, 0
148066, 477, 0, 0, 0
149067, 503, 0, 0, 0
150068, 466, 0, 0, 0
151068, 477, 0, 0, 0
152069, 468, 0, 0, 0
153070, 481, 0, 0, 0
154070, 480, 0, 0, 0
155071, 479, 0, 0, 0
156072, 482, 0, 0, 0
157072, 467, 0, 0, 0
158073, 462, 0, 0, 0
159074, 488, 0, 0, 0
160074, 476, 0, 0, 0
161075, 484, 0, 0, 0
162075, 481, 0, 0, 0
163076, 487, 0, 0, 0
164077, 475, 0, 0, 0
165077, 474, 0, 0, 0
166078, 469, 0, 0, 0
167079, 484, 0, 0, 0
168080, 479, 0, 0, 0
169080, 474, 0, 0, 0
170081, 468, 0, 0, 0
171082, 466, 0, 0, 0
172082, 480, 0, 0, 0
173083, 481, 0, 0, 0
174084, 477, 0, 0, 0
175084, 485, 0, 0, 0
176085, 482, 0, 0, 0
177086, 487, 0, 0, 0
178086, 475, 0, 0, 0
179087, 482, 0, 0, 0
