1000, 2082999, 0, 0, 0
2000, 2069982, 0, 0, 0
3000, 2020725, 0, 0, 0
4000, 2051541, 0, 0, 0
5001, 2084013, 0, 0, 0
6000, 2099082, 0, 0, 0
7000, 2129396, 0, 0, 0
8000, 2083930, 0, 0, 0
9000, 2074351, 0, 0, 0
10000, 2064778, 0, 0, 0
11000, 2064686, 0, 0, 0
12000, 2082800, 0, 0, 0
13000, 2118162, 0, 0, 0
14000, 2093668, 0, 0, 0
15000, 2078212, 0, 0, 0
16000, 2119726, 0, 0, 0
17000, 2146167, 0, 0, 0
18000, 2098389, 0, 0, 0
19000, 2114645, 0, 0, 0
20001, 2113321, 0, 0, 0
21000, 2086555, 0, 0, 0
22000, 2048389, 0, 0, 0
23000, 2143655, 0, 0, 0
24000, 2114897, 0, 0, 0
25000, 2105670, 0, 0, 0
26001, 2081573, 0, 0, 0
27001, 2139377, 0, 0, 0
28000, 2137499, 0, 0, 0
29000, 2156760, 0, 0, 0
30001, 2248109, 0, 0, 0
31001, 2106914, 0, 0, 0
32000, 2118818, 0, 0, 0
33000, 2125274, 0, 0, 0
34001, 2153784, 0, 0, 0
35000, 2051303, 0, 0, 0
36001, 2056544, 0, 0, 0
37000, 2377892, 0, 0, 0
38001, 2115961, 0, 0, 0
39000, 2116362, 0, 0, 0
40000, 2067588, 0, 0, 0
41001, 2081586, 0, 0, 0
42000, 2056575, 0, 0, 0
43000, 2039583, 0, 0, 0
44001, 2049701, 0, 0, 0
45000, 2004291, 0, 0, 0
46000, 2081088, 0, 0, 0
47000, 2101730, 0, 0, 0
48000, 2190678, 0, 0, 0
49001, 2127009, 0, 0, 0
50000, 2077433, 0, 0, 0
51000, 2162427, 0, 0, 0
52000, 2110575, 0, 0, 0
53000, 2069009, 0, 0, 0
54000, 2209710, 0, 0, 0
55000, 2091588, 0, 0, 0
56001, 2075351, 0, 0, 0
57001, 2101874, 0, 0, 0
58000, 2062102, 0, 0, 0
59000, 2078103, 0, 0, 0
60000, 2104082, 0, 0, 0
61000, 2076747, 0, 0, 0
62001, 2107410, 0, 0, 0
63001, 2229179, 0, 0, 0
64000, 2157874, 0, 0, 0
65000, 2080411, 0, 0, 0
66000, 2048611, 0, 0, 0
67000, 2076473, 0, 0, 0
68000, 2111665, 0, 0, 0
69000, 2122330, 0, 0, 0
70000, 2083394, 0, 0, 0
71000, 2074225, 0, 0, 0
72000, 2106204, 0, 0, 0
73000, 2075226, 0, 0, 0
74000, 2147256, 0, 0, 0
75000, 2065742, 0, 0, 0
76000, 2105162, 0, 0, 0
77000, 2102429, 0, 0, 0
78000, 2088423, 0, 0, 0
79000, 2092346, 0, 0, 0
80000, 2075230, 0, 0, 0
81000, 2087107, 0, 0, 0
82000, 2040961, 0, 0, 0
83000, 2051752, 0, 0, 0
84000, 2180440, 0, 0, 0
85000, 2011123, 0, 0, 0
86000, 2082023, 0, 0, 0
87001, 2092841, 0, 0, 0
88000, 2118466, 0, 0, 0
89000, 2220455, 0, 0, 0
90001, 2153165, 0, 0, 0
91001, 2128309, 0, 0, 0
92000, 2158103, 0, 0, 0
93000, 2176694, 0, 0, 0
94000, 2127232, 0, 0, 0
95000, 2126759, 0, 0, 0
96000, 2129302, 0, 0, 0
97000, 2274041, 0, 0, 0
98001, 2174309, 0, 0, 0
99000, 2122679, 0, 0, 0
100000, 2118996, 0, 0, 0
101001, 2157820, 0, 0, 0
102000, 2165903, 0, 0, 0
103001, 2176955, 0, 0, 0
104000, 2177763, 0, 0, 0
105000, 2254293, 0, 0, 0
106001, 2141731, 0, 0, 0
107000, 2137126, 0, 0, 0
108000, 2157481, 0, 0, 0
109000, 2296227, 0, 0, 0
110000, 2237741, 0, 0, 0
111000, 2143297, 0, 0, 0
112000, 2145321, 0, 0, 0
113000, 2140625, 0, 0, 0
114000, 2173176, 0, 0, 0
115000, 2134981, 0, 0, 0
116000, 2137238, 0, 0, 0
117000, 2102045, 0, 0, 0
118001, 2188315, 0, 0, 0
119000, 2213454, 0, 0, 0
120000, 2153067, 0, 0, 0
121000, 2181721, 0, 0, 0
122000, 2156794, 0, 0, 0
123000, 2113405, 0, 0, 0
124000, 2094823, 0, 0, 0
125001, 2101061, 0, 0, 0
126000, 2120009, 0, 0, 0
127000, 2092886, 0, 0, 0
128000, 2082479, 0, 0, 0
129000, 2071582, 0, 0, 0
130000, 2095946, 0, 0, 0
131000, 2142082, 0, 0, 0
132000, 2158232, 0, 0, 0
133001, 2087192, 0, 0, 0
134001, 2125003, 0, 0, 0
135001, 2153245, 0, 0, 0
136000, 2101247, 0, 0, 0
137000, 2193417, 0, 0, 0
138001, 2150217, 0, 0, 0
139000, 2124979, 0, 0, 0
140002, 2116411, 0, 0, 0
141001, 2159809, 0, 0, 0
142000, 2147195, 0, 0, 0
143000, 2229251, 0, 0, 0
144000, 2174087, 0, 0, 0
145000, 2089775, 0, 0, 0
146000, 2121636, 0, 0, 0
147000, 2102506, 0, 0, 0
148000, 2133017, 0, 0, 0
149001, 2055301, 0, 0, 0
150000, 2159732, 0, 0, 0
151001, 2089776, 0, 0, 0
152000, 2138582, 0, 0, 0
153000, 2144571, 0, 0, 0
154000, 2090000, 0, 0, 0
155000, 2129076, 0, 0, 0
156001, 2107848, 0, 0, 0
157000, 2124199, 0, 0, 0
158001, 2121774, 0, 0, 0
159000, 2093684, 0, 0, 0
160000, 2340305, 0, 0, 0
161001, 2159205, 0, 0, 0
162000, 2208033, 0, 0, 0
163001, 2189154, 0, 0, 0
164000, 2175385, 0, 0, 0
165000, 2339043, 0, 0, 0
166000, 2235861, 0, 0, 0
167000, 2255950, 0, 0, 0
168001, 2299730, 0, 0, 0
169000, 2401090, 0, 0, 0
170000, 2164113, 0, 0, 0
171000, 2089375, 0, 0, 0
172000, 2099541, 0, 0, 0
173001, 2185111, 0, 0, 0
174001, 2195486, 0, 0, 0
175000, 2136853, 0, 0, 0
176000, 2135969, 0, 0, 0
177000, 2149812, 0, 0, 0
178000, 2184701, 0, 0, 0
179000, 2215288, 0, 0, 0
180001, 2114416, 0, 0, 0
180002, 2917223, 0, 0, 0
