1000, 1918980, 1, 0, 0
2000, 2036980, 1, 0, 0
3000, 2097734, 1, 0, 0
4000, 2115160, 1, 0, 0
5000, 2128001, 1, 0, 0
6000, 2093505, 1, 0, 0
7000, 2168058, 1, 0, 0
8000, 2063290, 1, 0, 0
9000, 2075357, 1, 0, 0
10000, 2046063, 1, 0, 0
11000, 2099368, 1, 0, 0
12000, 2188741, 1, 0, 0
13000, 2076934, 1, 0, 0
14000, 2112692, 1, 0, 0
15000, 2129428, 1, 0, 0
16000, 2106942, 1, 0, 0
17000, 2037480, 1, 0, 0
18000, 2095256, 1, 0, 0
19000, 2097553, 1, 0, 0
20000, 2106045, 1, 0, 0
21000, 2051408, 1, 0, 0
22000, 2147455, 1, 0, 0
23000, 2136909, 1, 0, 0
24000, 2096379, 1, 0, 0
25000, 2062058, 1, 0, 0
26001, 2073870, 1, 0, 0
27000, 2087562, 1, 0, 0
28000, 2015925, 1, 0, 0
29000, 2054719, 1, 0, 0
30000, 2092140, 1, 0, 0
31000, 2069979, 1, 0, 0
32000, 2099422, 1, 0, 0
33000, 2020629, 1, 0, 0
34000, 2060286, 1, 0, 0
35000, 2101153, 1, 0, 0
36000, 2018776, 1, 0, 0
37000, 2058146, 1, 0, 0
38000, 2087111, 1, 0, 0
39000, 2033031, 1, 0, 0
40000, 2102354, 1, 0, 0
41000, 2074552, 1, 0, 0
42000, 2173987, 1, 0, 0
43000, 2059115, 1, 0, 0
44000, 2101145, 1, 0, 0
45000, 2046780, 1, 0, 0
46000, 2065390, 1, 0, 0
47000, 2118320, 1, 0, 0
48000, 2055591, 1, 0, 0
49000, 2072509, 1, 0, 0
50000, 2117497, 1, 0, 0
51000, 2052521, 1, 0, 0
52000, 2086776, 1, 0, 0
53000, 2149896, 1, 0, 0
54000, 2065187, 1, 0, 0
55000, 2136511, 1, 0, 0
56000, 2091183, 1, 0, 0
57000, 2094426, 1, 0, 0
58000, 2163128, 1, 0, 0
59000, 2076856, 1, 0, 0
60000, 2109914, 1, 0, 0
61000, 2112401, 1, 0, 0
62000, 2101916, 1, 0, 0
63000, 2075135, 1, 0, 0
64000, 2148322, 1, 0, 0
65000, 2077631, 1, 0, 0
66000, 2053741, 1, 0, 0
67000, 2151162, 1, 0, 0
68000, 2067806, 1, 0, 0
69000, 2147639, 1, 0, 0
70000, 2026447, 1, 0, 0
71000, 2070735, 1, 0, 0
72000, 2147556, 1, 0, 0
73000, 2086929, 1, 0, 0
74000, 2095708, 1, 0, 0
75000, 2112086, 1, 0, 0
76000, 2056748, 1, 0, 0
77000, 2098012, 1, 0, 0
78000, 2082832, 1, 0, 0
79000, 2072134, 1, 0, 0
80000, 2126892, 1, 0, 0
81000, 2053235, 1, 0, 0
82000, 2137376, 1, 0, 0
83000, 2085796, 1, 0, 0
84000, 2043411, 1, 0, 0
85000, 2101391, 1, 0, 0
86000, 2057790, 1, 0, 0
87000, 2072077, 1, 0, 0
88000, 2107013, 1, 0, 0
89000, 2161364, 1, 0, 0
90000, 2084636, 1, 0, 0
91000, 2087989, 1, 0, 0
92000, 2059516, 1, 0, 0
93000, 2076779, 1, 0, 0
94000, 2000093, 1, 0, 0
95000, 2174743, 1, 0, 0
96000, 2091070, 1, 0, 0
97000, 2078085, 1, 0, 0
98000, 2096842, 1, 0, 0
99000, 2104228, 1, 0, 0
100000, 2075880, 1, 0, 0
101000, 2106889, 1, 0, 0
102000, 2115752, 1, 0, 0
103000, 2067975, 1, 0, 0
104000, 2094457, 1, 0, 0
105000, 2082061, 1, 0, 0
106000, 2066383, 1, 0, 0
107000, 2092313, 1, 0, 0
108000, 2099300, 1, 0, 0
109000, 2075728, 1, 0, 0
110000, 2105408, 1, 0, 0
111000, 2120995, 1, 0, 0
112000, 2000036, 1, 0, 0
113000, 2102289, 1, 0, 0
114000, 2094960, 1, 0, 0
115000, 2097370, 1, 0, 0
116000, 2083345, 1, 0, 0
117000, 2107109, 1, 0, 0
118000, 2052292, 1, 0, 0
119000, 2092815, 1, 0, 0
120000, 2121995, 1, 0, 0
121000, 2105638, 1, 0, 0
122000, 2127739, 1, 0, 0
123000, 2083685, 1, 0, 0
124000, 2054061, 1, 0, 0
125000, 2164074, 1, 0, 0
126000, 2105335, 1, 0, 0
127000, 2054931, 1, 0, 0
128000, 2087678, 1, 0, 0
129000, 2061134, 1, 0, 0
130000, 2124062, 1, 0, 0
131000, 2168869, 1, 0, 0
132000, 2118636, 1, 0, 0
133000, 2124051, 1, 0, 0
134000, 2059646, 1, 0, 0
135000, 2137317, 1, 0, 0
136000, 2055443, 1, 0, 0
137000, 2147260, 1, 0, 0
138000, 2044769, 1, 0, 0
139000, 2096822, 1, 0, 0
140000, 2039002, 1, 0, 0
141000, 2068964, 1, 0, 0
142000, 2060885, 1, 0, 0
143000, 2113525, 1, 0, 0
144000, 2083475, 1, 0, 0
145000, 2090148, 1, 0, 0
146000, 2153369, 1, 0, 0
147000, 2036242, 1, 0, 0
148000, 2016419, 1, 0, 0
149000, 2057545, 1, 0, 0
150000, 2097258, 1, 0, 0
151000, 2081148, 1, 0, 0
152000, 2139971, 1, 0, 0
153000, 2052004, 1, 0, 0
154000, 2135234, 1, 0, 0
155000, 2071224, 1, 0, 0
156000, 2078535, 1, 0, 0
157000, 2086253, 1, 0, 0
158000, 2130537, 1, 0, 0
159000, 2115511, 1, 0, 0
160000, 2047649, 1, 0, 0
161000, 2090003, 1, 0, 0
162000, 2034780, 1, 0, 0
163000, 2122598, 1, 0, 0
164000, 2056267, 1, 0, 0
165000, 2102695, 1, 0, 0
166000, 2108372, 1, 0, 0
167000, 2075382, 1, 0, 0
168000, 2113849, 1, 0, 0
169000, 2098892, 1, 0, 0
170000, 2075022, 1, 0, 0
171000, 2087843, 1, 0, 0
172000, 2068540, 1, 0, 0
173000, 2075584, 1, 0, 0
174000, 2050414, 1, 0, 0
175000, 2126100, 1, 0, 0
176000, 2057765, 1, 0, 0
177000, 2173882, 1, 0, 0
178000, 2167527, 1, 0, 0
179000, 2075646, 1, 0, 0
180000, 2084854, 1, 0, 0
180000, 1493977, 1, 0, 0
