1000, 1584, 0, 0, 0
2000, 1897, 0, 0, 0
3000, 1812, 0, 0, 0
4001, 1800, 0, 0, 0
5000, 1837, 0, 0, 0
6001, 1792, 0, 0, 0
7000, 1805, 0, 0, 0
8000, 1868, 0, 0, 0
9001, 1864, 0, 0, 0
10000, 1785, 0, 0, 0
11000, 1840, 0, 0, 0
12000, 1801, 0, 0, 0
13000, 1804, 0, 0, 0
14001, 1836, 0, 0, 0
15000, 1801, 0, 0, 0
16000, 1812, 0, 0, 0
17000, 1801, 0, 0, 0
18000, 1840, 0, 0, 0
19001, 1808, 0, 0, 0
20000, 1841, 0, 0, 0
21000, 1668, 0, 0, 0
22001, 1836, 0, 0, 0
23000, 1873, 0, 0, 0
24000, 1820, 0, 0, 0
25000, 1813, 0, 0, 0
26000, 1820, 0, 0, 0
27001, 1832, 0, 0, 0
28000, 1829, 0, 0, 0
29001, 1816, 0, 0, 0
30000, 1829, 0, 0, 0
31000, 1836, 0, 0, 0
32000, 1833, 0, 0, 0
33001, 1804, 0, 0, 0
34000, 1849, 0, 0, 0
35000, 1768, 0, 0, 0
36001, 1860, 0, 0, 0
37000, 1861, 0, 0, 0
38000, 1864, 0, 0, 0
39000, 1853, 0, 0, 0
40000, 1860, 0, 0, 0
41001, 1884, 0, 0, 0
42000, 1905, 0, 0, 0
43000, 1904, 0, 0, 0
44001, 1836, 0, 0, 0
45000, 1825, 0, 0, 0
46000, 1816, 0, 0, 0
47000, 1829, 0, 0, 0
48000, 1756, 0, 0, 0
49001, 1820, 0, 0, 0
50000, 1809, 0, 0, 0
51001, 1868, 0, 0, 0
52000, 1845, 0, 0, 0
53000, 1848, 0, 0, 0
54000, 1817, 0, 0, 0
55000, 1828, 0, 0, 0
56000, 1844, 0, 0, 0
57000, 1837, 0, 0, 0
58000, 1852, 0, 0, 0
59000, 1893, 0, 0, 0
60000, 1876, 0, 0, 0
61000, 1885, 0, 0, 0
62000, 1832, 0, 0, 0
63001, 1888, 0, 0, 0
64000, 1873, 0, 0, 0
65000, 1908, 0, 0, 0
66001, 1808, 0, 0, 0
67000, 1873, 0, 0, 0
68000, 1848, 0, 0, 0
69000, 1849, 0, 0, 0
70000, 1908, 0, 0, 0
71001, 1484, 0, 0, 0
72000, 1697, 0, 0, 0
73000, 1808, 0, 0, 0
74001, 1868, 0, 0, 0
75000, 1877, 0, 0, 0
76000, 1853, 0, 0, 0
77000, 1848, 0, 0, 0
78000, 1869, 0, 0, 0
79000, 1840, 0, 0, 0
80000, 1865, 0, 0, 0
81001, 1728, 0, 0, 0
82000, 1861, 0, 0, 0
83000, 1844, 0, 0, 0
84001, 1868, 0, 0, 0
85000, 1921, 0, 0, 0
86000, 1884, 0, 0, 0
87001, 1740, 0, 0, 0
88000, 1809, 0, 0, 0
89000, 1820, 0, 0, 0
90000, 1845, 0, 0, 0
91000, 1776, 0, 0, 0
92000, 1821, 0, 0, 0
93000, 1716, 0, 0, 0
94001, 1796, 0, 0, 0
95000, 1709, 0, 0, 0
96001, 1592, 0, 0, 0
97000, 1425, 0, 0, 0
98001, 1436, 0, 0, 0
99000, 1093, 0, 0, 0
100001, 1780, 0, 0, 0
101000, 1805, 0, 0, 0
102001, 1808, 0, 0, 0
103000, 1805, 0, 0, 0
104000, 1916, 0, 0, 0
105000, 1809, 0, 0, 0
106000, 1888, 0, 0, 0
107001, 1872, 0, 0, 0
108000, 1793, 0, 0, 0
109000, 1764, 0, 0, 0
110000, 1837, 0, 0, 0
111000, 1776, 0, 0, 0
112001, 1860, 0, 0, 0
113000, 1777, 0, 0, 0
114001, 1712, 0, 0, 0
115000, 1849, 0, 0, 0
116000, 1760, 0, 0, 0
117000, 1729, 0, 0, 0
118000, 1812, 0, 0, 0
119001, 1764, 0, 0, 0
120000, 1845, 0, 0, 0
121000, 1816, 0, 0, 0
122000, 1845, 0, 0, 0
123000, 1844, 0, 0, 0
124001, 1924, 0, 0, 0
125000, 1905, 0, 0, 0
126000, 1840, 0, 0, 0
127001, 1892, 0, 0, 0
128000, 1885, 0, 0, 0
129000, 1868, 0, 0, 0
130000, 1853, 0, 0, 0
131000, 1852, 0, 0, 0
132000, 1836, 0, 0, 0
133000, 1737, 0, 0, 0
134000, 1808, 0, 0, 0
135001, 1836, 0, 0, 0
136000, 1833, 0, 0, 0
137000, 1816, 0, 0, 0
138000, 1845, 0, 0, 0
139000, 1788, 0, 0, 0
140001, 1880, 0, 0, 0
141000, 1853, 0, 0, 0
142001, 1820, 0, 0, 0
143000, 1849, 0, 0, 0
144000, 1868, 0, 0, 0
145001, 1852, 0, 0, 0
146000, 1845, 0, 0, 0
147000, 1872, 0, 0, 0
148000, 1865, 0, 0, 0
149000, 1876, 0, 0, 0
150001, 1760, 0, 0, 0
151000, 1825, 0, 0, 0
152001, 1800, 0, 0, 0
153000, 1789, 0, 0, 0
154000, 1836, 0, 0, 0
155000, 1817, 0, 0, 0
156000, 1812, 0, 0, 0
157001, 1836, 0, 0, 0
158000, 1821, 0, 0, 0
159001, 1812, 0, 0, 0
160000, 1845, 0, 0, 0
161000, 1848, 0, 0, 0
162000, 1645, 0, 0, 0
163000, 1796, 0, 0, 0
164001, 1740, 0, 0, 0
165000, 1825, 0, 0, 0
166000, 1828, 0, 0, 0
167000, 1873, 0, 0, 0
168000, 1812, 0, 0, 0
169001, 1776, 0, 0, 0
170000, 1793, 0, 0, 0
171000, 1716, 0, 0, 0
172000, 1821, 0, 0, 0
173000, 1776, 0, 0, 0
174001, 1780, 0, 0, 0
175000, 1721, 0, 0, 0
176000, 1868, 0, 0, 0
177000, 1729, 0, 0, 0
178000, 1816, 0, 0, 0
179000, 1737, 0, 0, 0
180000, 1812, 0, 0, 0
