1000, 2126489, 0, 0, 0
2000, 2080829, 0, 0, 0
3000, 2068321, 0, 0, 0
4000, 2097785, 0, 0, 0
5000, 2052684, 0, 0, 0
6000, 2054473, 0, 0, 0
7000, 2085507, 0, 0, 0
8000, 2115004, 0, 0, 0
9000, 2071898, 0, 0, 0
10000, 2168258, 0, 0, 0
11000, 2175100, 0, 0, 0
12000, 2086268, 0, 0, 0
13000, 2135720, 0, 0, 0
14000, 2129091, 0, 0, 0
15000, 2136433, 0, 0, 0
16000, 2105601, 0, 0, 0
17000, 2103002, 0, 0, 0
18000, 2117954, 0, 0, 0
19000, 2103530, 0, 0, 0
20000, 2134037, 0, 0, 0
21000, 2143836, 0, 0, 0
22000, 2202098, 0, 0, 0
23000, 2070215, 0, 0, 0
24000, 2503452, 0, 0, 0
25000, 2239225, 0, 0, 0
26000, 2144333, 0, 0, 0
27000, 2107648, 0, 0, 0
28000, 2144622, 0, 0, 0
29000, 2147895, 0, 0, 0
30000, 2092789, 0, 0, 0
31000, 2155933, 0, 0, 0
32001, 2125211, 0, 0, 0
33000, 2138921, 0, 0, 0
34000, 2149181, 0, 0, 0
35000, 2141430, 0, 0, 0
36000, 2103305, 0, 0, 0
37000, 2091097, 0, 0, 0
38000, 2145581, 0, 0, 0
39000, 2112531, 0, 0, 0
40000, 2102597, 0, 0, 0
41000, 2115086, 0, 0, 0
42000, 2101018, 0, 0, 0
43000, 2092159, 0, 0, 0
44000, 2112497, 0, 0, 0
45000, 2094803, 0, 0, 0
46000, 2108178, 0, 0, 0
47000, 2100501, 0, 0, 0
48000, 2087736, 0, 0, 0
49000, 2069677, 0, 0, 0
50000, 2285982, 0, 0, 0
51000, 2105336, 0, 0, 0
52000, 2176838, 0, 0, 0
53001, 2146392, 0, 0, 0
54000, 2119313, 0, 0, 0
55000, 2151783, 0, 0, 0
56001, 2120081, 0, 0, 0
57000, 2126866, 0, 0, 0
58000, 2101010, 0, 0, 0
59000, 2137292, 0, 0, 0
60000, 2143686, 0, 0, 0
61001, 2176431, 0, 0, 0
62000, 2139970, 0, 0, 0
63000, 2136630, 0, 0, 0
64000, 2140461, 0, 0, 0
65000, 2108117, 0, 0, 0
66000, 2118367, 0, 0, 0
67000, 2147330, 0, 0, 0
68000, 2090784, 0, 0, 0
69000, 2091715, 0, 0, 0
70000, 2101957, 0, 0, 0
71000, 2084574, 0, 0, 0
72000, 2118237, 0, 0, 0
73000, 2131298, 0, 0, 0
74000, 2093019, 0, 0, 0
75000, 2088591, 0, 0, 0
76000, 2095070, 0, 0, 0
77000, 2106979, 0, 0, 0
78000, 2112990, 0, 0, 0
79000, 2105765, 0, 0, 0
80000, 2086343, 0, 0, 0
81000, 2109249, 0, 0, 0
82000, 2141314, 0, 0, 0
83000, 2093938, 0, 0, 0
84000, 2146913, 0, 0, 0
85000, 2112986, 0, 0, 0
86000, 2147979, 0, 0, 0
87000, 2125212, 0, 0, 0
88000, 2084652, 0, 0, 0
89000, 2124476, 0, 0, 0
90000, 2098188, 0, 0, 0
91000, 2099990, 0, 0, 0
92000, 2088734, 0, 0, 0
93000, 2117415, 0, 0, 0
94000, 2131068, 0, 0, 0
95000, 2161615, 0, 0, 0
96000, 2120522, 0, 0, 0
97000, 2106313, 0, 0, 0
98000, 2108371, 0, 0, 0
99145, 2264175, 0, 0, 0
100000, 2465333, 0, 0, 0
101000, 2113476, 0, 0, 0
102001, 2091881, 0, 0, 0
103000, 2117009, 0, 0, 0
104000, 2104972, 0, 0, 0
105000, 2091688, 0, 0, 0
106000, 2226734, 0, 0, 0
107000, 2062732, 0, 0, 0
108000, 2081950, 0, 0, 0
109000, 2123167, 0, 0, 0
110000, 2078662, 0, 0, 0
111000, 2090780, 0, 0, 0
112000, 2045294, 0, 0, 0
113000, 2024090, 0, 0, 0
114000, 2098701, 0, 0, 0
115000, 2137796, 0, 0, 0
116000, 2083380, 0, 0, 0
117000, 2164878, 0, 0, 0
118000, 2089028, 0, 0, 0
119033, 2152440, 0, 0, 0
120000, 2279666, 0, 0, 0
121000, 2126274, 0, 0, 0
122000, 2171372, 0, 0, 0
123000, 2151737, 0, 0, 0
124000, 2092519, 0, 0, 0
125000, 2096096, 0, 0, 0
126001, 2108129, 0, 0, 0
127000, 2162968, 0, 0, 0
128000, 2073589, 0, 0, 0
129000, 2067442, 0, 0, 0
130000, 2077609, 0, 0, 0
131000, 2097346, 0, 0, 0
132000, 2086216, 0, 0, 0
133000, 2088028, 0, 0, 0
134000, 2075909, 0, 0, 0
135000, 2117456, 0, 0, 0
136000, 2137116, 0, 0, 0
137000, 2131654, 0, 0, 0
138000, 2158603, 0, 0, 0
139000, 2104276, 0, 0, 0
140000, 2137806, 0, 0, 0
141000, 2117832, 0, 0, 0
142000, 2141310, 0, 0, 0
143001, 2109509, 0, 0, 0
144000, 2072458, 0, 0, 0
145000, 2126868, 0, 0, 0
146000, 2099696, 0, 0, 0
147000, 2108849, 0, 0, 0
148001, 2102379, 0, 0, 0
149000, 2088062, 0, 0, 0
150000, 2070047, 0, 0, 0
151000, 2167856, 0, 0, 0
152000, 2205559, 0, 0, 0
153000, 2094783, 0, 0, 0
154000, 2276910, 0, 0, 0
155000, 2050451, 0, 0, 0
156000, 2104377, 0, 0, 0
157000, 2171758, 0, 0, 0
158000, 2093487, 0, 0, 0
159000, 2096990, 0, 0, 0
160001, 2111355, 0, 0, 0
161000, 2093385, 0, 0, 0
162000, 2137780, 0, 0, 0
163000, 2136734, 0, 0, 0
164000, 2079702, 0, 0, 0
165000, 2122767, 0, 0, 0
166000, 2086573, 0, 0, 0
167000, 2258115, 0, 0, 0
168000, 2106798, 0, 0, 0
169000, 2107666, 0, 0, 0
170000, 2063526, 0, 0, 0
171000, 2101381, 0, 0, 0
172000, 2110697, 0, 0, 0
173000, 2086739, 0, 0, 0
174000, 2051301, 0, 0, 0
175000, 2057314, 0, 0, 0
176000, 2078363, 0, 0, 0
177000, 2123468, 0, 0, 0
178000, 2116285, 0, 0, 0
179000, 2100291, 0, 0, 0
180000, 2099612, 0, 0, 0
180001, 2483452, 0, 0, 0
