1000, 526, 1, 0, 0
2000, 468, 1, 0, 0
3000, 501, 1, 0, 0
4000, 474, 1, 0, 0
5000, 469, 1, 0, 0
6000, 472, 1, 0, 0
7000, 508, 1, 0, 0
8000, 464, 1, 0, 0
9001, 474, 1, 0, 0
10001, 475, 1, 0, 0
11000, 467, 1, 0, 0
12001, 487, 1, 0, 0
13001, 483, 1, 0, 0
14000, 470, 1, 0, 0
15000, 482, 1, 0, 0
16000, 464, 1, 0, 0
17001, 457, 1, 0, 0
18001, 508, 1, 0, 0
19000, 460, 1, 0, 0
20000, 445, 1, 0, 0
21000, 471, 1, 0, 0
22000, 483, 1, 0, 0
23000, 504, 1, 0, 0
24000, 491, 1, 0, 0
25000, 471, 1, 0, 0
26000, 502, 1, 0, 0
27000, 483, 1, 0, 0
28000, 497, 1, 0, 0
29000, 493, 1, 0, 0
30000, 475, 1, 0, 0
31001, 460, 1, 0, 0
32001, 510, 1, 0, 0
33000, 467, 1, 0, 0
34000, 477, 1, 0, 0
35000, 500, 1, 0, 0
36001, 458, 1, 0, 0
37001, 478, 1, 0, 0
38001, 479, 1, 0, 0
39000, 509, 1, 0, 0
40000, 444, 1, 0, 0
41000, 473, 1, 0, 0
42000, 480, 1, 0, 0
43001, 475, 1, 0, 0
44000, 475, 1, 0, 0
45000, 479, 1, 0, 0
46000, 469, 1, 0, 0
47000, 484, 1, 0, 0
48000, 505, 1, 0, 0
49001, 484, 1, 0, 0
50000, 486, 1, 0, 0
51000, 478, 1, 0, 0
52000, 471, 1, 0, 0
53000, 495, 1, 0, 0
54001, 498, 1, 0, 0
55000, 465, 1, 0, 0
56000, 479, 1, 0, 0
57000, 485, 1, 0, 0
58000, 456, 1, 0, 0
59001, 497, 1, 0, 0
60000, 465, 1, 0, 0
61000, 492, 1, 0, 0
62000, 487, 1, 0, 0
63000, 468, 1, 0, 0
64001, 469, 1, 0, 0
65001, 479, 1, 0, 0
66000, 491, 1, 0, 0
67000, 489, 1, 0, 0
68000, 507, 1, 0, 0
69000, 474, 1, 0, 0
70001, 470, 1, 0, 0
71000, 512, 1, 0, 0
72000, 502, 1, 0, 0
73000, 458, 1, 0, 0
74000, 474, 1, 0, 0
75001, 497, 1, 0, 0
76001, 476, 1, 0, 0
77000, 475, 1, 0, 0
78000, 479, 1, 0, 0
79000, 471, 1, 0, 0
80000, 503, 1, 0, 0
81000, 468, 1, 0, 0
82000, 485, 1, 0, 0
83001, 492, 1, 0, 0
84001, 471, 1, 0, 0
85000, 512, 1, 0, 0
86000, 481, 1, 0, 0
87000, 451, 1, 0, 0
88000, 497, 1, 0, 0
89000, 470, 1, 0, 0
90001, 492, 1, 0, 0
91001, 464, 1, 0, 0
92000, 493, 1, 0, 0
93000, 456, 1, 0, 0
94000, 470, 1, 0, 0
95001, 503, 1, 0, 0
96000, 475, 1, 0, 0
97001, 470, 1, 0, 0
98001, 474, 1, 0, 0
99000, 466, 1, 0, 0
100000, 448, 1, 0, 0
101000, 479, 1, 0, 0
102000, 477, 1, 0, 0
103001, 442, 1, 0, 0
104000, 487, 1, 0, 0
105000, 504, 1, 0, 0
106000, 497, 1, 0, 0
107000, 489, 1, 0, 0
108001, 507, 1, 0, 0
109001, 488, 1, 0, 0
110001, 485, 1, 0, 0
111001, 484, 1, 0, 0
112001, 492, 1, 0, 0
113001, 452, 1, 0, 0
114001, 478, 1, 0, 0
115000, 475, 1, 0, 0
116000, 462, 1, 0, 0
117000, 489, 1, 0, 0
118000, 450, 1, 0, 0
119001, 472, 1, 0, 0
120001, 503, 1, 0, 0
121000, 465, 1, 0, 0
122000, 489, 1, 0, 0
123000, 474, 1, 0, 0
124000, 472, 1, 0, 0
125000, 489, 1, 0, 0
126001, 481, 1, 0, 0
127000, 478, 1, 0, 0
128000, 476, 1, 0, 0
129000, 478, 1, 0, 0
130000, 472, 1, 0, 0
131000, 465, 1, 0, 0
132001, 500, 1, 0, 0
133001, 480, 1, 0, 0
134000, 480, 1, 0, 0
135000, 494, 1, 0, 0
136000, 479, 1, 0, 0
137000, 480, 1, 0, 0
138000, 466, 1, 0, 0
139001, 493, 1, 0, 0
140000, 483, 1, 0, 0
141000, 511, 1, 0, 0
142000, 487, 1, 0, 0
143000, 462, 1, 0, 0
144001, 465, 1, 0, 0
145000, 484, 1, 0, 0
146000, 462, 1, 0, 0
147000, 470, 1, 0, 0
148000, 461, 1, 0, 0
149000, 504, 1, 0, 0
150000, 501, 1, 0, 0
151000, 512, 1, 0, 0
152000, 454, 1, 0, 0
153000, 476, 1, 0, 0
154001, 453, 1, 0, 0
155000, 477, 1, 0, 0
156000, 474, 1, 0, 0
157000, 491, 1, 0, 0
158001, 476, 1, 0, 0
159000, 499, 1, 0, 0
160000, 452, 1, 0, 0
161000, 478, 1, 0, 0
162000, 509, 1, 0, 0
163001, 485, 1, 0, 0
164000, 482, 1, 0, 0
165000, 476, 1, 0, 0
166000, 478, 1, 0, 0
167001, 482, 1, 0, 0
168000, 472, 1, 0, 0
169000, 482, 1, 0, 0
170001, 449, 1, 0, 0
171001, 475, 1, 0, 0
172000, 459, 1, 0, 0
173000, 508, 1, 0, 0
174000, 451, 1, 0, 0
175001, 496, 1, 0, 0
176001, 466, 1, 0, 0
177000, 501, 1, 0, 0
178000, 485, 1, 0, 0
179000, 469, 1, 0, 0
180000, 502, 1, 0, 0
