1000, 2102957, 0, 0, 0
2000, 2102005, 0, 0, 0
3000, 2070609, 0, 0, 0
4000, 2105020, 0, 0, 0
5000, 2118504, 0, 0, 0
6000, 2100199, 0, 0, 0
7000, 2097611, 0, 0, 0
8000, 2096232, 0, 0, 0
9001, 2163074, 0, 0, 0
10000, 2050685, 0, 0, 0
11000, 2198667, 0, 0, 0
12000, 2168648, 0, 0, 0
13000, 2170466, 0, 0, 0
14001, 2183171, 0, 0, 0
15000, 2104077, 0, 0, 0
16000, 2150525, 0, 0, 0
17000, 2179824, 0, 0, 0
18000, 2171012, 0, 0, 0
19001, 2165239, 0, 0, 0
20000, 2167081, 0, 0, 0
21000, 2265577, 0, 0, 0
22000, 2191427, 0, 0, 0
23000, 2141270, 0, 0, 0
24000, 2223249, 0, 0, 0
25000, 2215012, 0, 0, 0
26000, 2232767, 0, 0, 0
27001, 2181410, 0, 0, 0
28000, 2162916, 0, 0, 0
29000, 2188945, 0, 0, 0
30000, 2184038, 0, 0, 0
31000, 2174095, 0, 0, 0
32000, 2187665, 0, 0, 0
33000, 2116623, 0, 0, 0
34000, 2102517, 0, 0, 0
35000, 2150847, 0, 0, 0
36000, 2137643, 0, 0, 0
37012, 2070622, 0, 0, 0
38000, 2162580, 0, 0, 0
39000, 2149110, 0, 0, 0
40000, 2196633, 0, 0, 0
41000, 2160002, 0, 0, 0
42000, 2166355, 0, 0, 0
43000, 2183272, 0, 0, 0
44000, 2165818, 0, 0, 0
45000, 2195566, 0, 0, 0
46000, 2142815, 0, 0, 0
47000, 2161600, 0, 0, 0
48000, 2168178, 0, 0, 0
49001, 2217183, 0, 0, 0
50000, 2172035, 0, 0, 0
51000, 2266451, 0, 0, 0
52000, 2142564, 0, 0, 0
53000, 2128799, 0, 0, 0
54000, 2133710, 0, 0, 0
55000, 2065224, 0, 0, 0
56000, 2142320, 0, 0, 0
57000, 2102139, 0, 0, 0
58000, 2105236, 0, 0, 0
59000, 2129704, 0, 0, 0
60000, 2165114, 0, 0, 0
61000, 2140899, 0, 0, 0
62000, 2119040, 0, 0, 0
63000, 2183858, 0, 0, 0
64000, 2166429, 0, 0, 0
65000, 2119983, 0, 0, 0
66000, 2100722, 0, 0, 0
67000, 2200213, 0, 0, 0
68000, 2167202, 0, 0, 0
69001, 2146694, 0, 0, 0
70000, 2180038, 0, 0, 0
71000, 2151317, 0, 0, 0
72000, 2125901, 0, 0, 0
73000, 2133507, 0, 0, 0
74000, 2176491, 0, 0, 0
75000, 2136199, 0, 0, 0
76000, 2136098, 0, 0, 0
77000, 2156932, 0, 0, 0
78001, 2091996, 0, 0, 0
79000, 2161495, 0, 0, 0
80000, 2114618, 0, 0, 0
81000, 2219372, 0, 0, 0
82000, 2112138, 0, 0, 0
83000, 2449631, 0, 0, 0
84000, 2145538, 0, 0, 0
85000, 2179521, 0, 0, 0
86000, 2208158, 0, 0, 0
87000, 2237312, 0, 0, 0
88000, 2183783, 0, 0, 0
89000, 2116648, 0, 0, 0
90001, 2223497, 0, 0, 0
91000, 2145191, 0, 0, 0
92000, 2132160, 0, 0, 0
93000, 2121637, 0, 0, 0
94000, 2160037, 0, 0, 0
95000, 2127942, 0, 0, 0
96000, 2150186, 0, 0, 0
97000, 2170374, 0, 0, 0
98000, 2091156, 0, 0, 0
99000, 2167721, 0, 0, 0
100000, 2093303, 0, 0, 0
101000, 2094486, 0, 0, 0
102000, 2203942, 0, 0, 0
103000, 2168531, 0, 0, 0
104000, 2258389, 0, 0, 0
105000, 2133335, 0, 0, 0
106000, 2200444, 0, 0, 0
107000, 2148780, 0, 0, 0
108000, 2175188, 0, 0, 0
109000, 2171052, 0, 0, 0
110000, 2166673, 0, 0, 0
111001, 2194026, 0, 0, 0
112000, 2184059, 0, 0, 0
113000, 2106842, 0, 0, 0
114001, 2115624, 0, 0, 0
115000, 2423201, 0, 0, 0
116000, 2143526, 0, 0, 0
117000, 2139009, 0, 0, 0
118000, 2148551, 0, 0, 0
119000, 2085546, 0, 0, 0
120000, 2116542, 0, 0, 0
121000, 2057437, 0, 0, 0
122000, 2135512, 0, 0, 0
123000, 2164258, 0, 0, 0
124000, 2137943, 0, 0, 0
125000, 2142042, 0, 0, 0
126000, 2111425, 0, 0, 0
127000, 2171384, 0, 0, 0
128000, 2168701, 0, 0, 0
129000, 2155923, 0, 0, 0
130000, 2122260, 0, 0, 0
131001, 2187310, 0, 0, 0
132000, 2125660, 0, 0, 0
133001, 2197909, 0, 0, 0
134000, 2173033, 0, 0, 0
135000, 2153692, 0, 0, 0
136000, 2134204, 0, 0, 0
137000, 2162623, 0, 0, 0
138000, 2134757, 0, 0, 0
139000, 2073592, 0, 0, 0
140000, 2101004, 0, 0, 0
141000, 2166726, 0, 0, 0
142000, 2199645, 0, 0, 0
143000, 2165263, 0, 0, 0
144000, 2811378, 0, 0, 0
145000, 2203543, 0, 0, 0
146000, 2210289, 0, 0, 0
147000, 2289923, 0, 0, 0
148001, 2178570, 0, 0, 0
149000, 2263069, 0, 0, 0
150000, 2237509, 0, 0, 0
151000, 2097693, 0, 0, 0
152000, 2134124, 0, 0, 0
153000, 2180263, 0, 0, 0
154000, 2141009, 0, 0, 0
155000, 2118324, 0, 0, 0
156000, 2090207, 0, 0, 0
157000, 2144449, 0, 0, 0
158000, 2155212, 0, 0, 0
159000, 2106035, 0, 0, 0
160000, 2127055, 0, 0, 0
161000, 2074650, 0, 0, 0
162000, 2083422, 0, 0, 0
163000, 2115095, 0, 0, 0
164000, 2215897, 0, 0, 0
165000, 2185037, 0, 0, 0
166000, 2177159, 0, 0, 0
167001, 2141021, 0, 0, 0
168000, 2228185, 0, 0, 0
169000, 2121316, 0, 0, 0
170000, 2143429, 0, 0, 0
171000, 2237730, 0, 0, 0
172000, 2160154, 0, 0, 0
173000, 2078010, 0, 0, 0
174000, 2102980, 0, 0, 0
175000, 2136066, 0, 0, 0
176000, 2102950, 0, 0, 0
177000, 2193161, 0, 0, 0
178000, 2137815, 0, 0, 0
179000, 2147245, 0, 0, 0
180000, 2147542, 0, 0, 0
180000, 2045763, 0, 0, 0
