1035, 59240468, 0, 0, 0
2038, 67048557, 0, 0, 0
3037, 66891638, 0, 0, 0
4032, 67284156, 0, 0, 0
5000, 66732543, 0, 0, 0
6000, 66786472, 0, 0, 0
7044, 66564488, 0, 0, 0
8000, 67832248, 0, 0, 0
9033, 66802057, 0, 0, 0
10000, 66804605, 0, 0, 0
11000, 67275046, 0, 0, 0
12031, 66297517, 0, 0, 0
13030, 66444414, 0, 0, 0
14035, 67945348, 0, 0, 0
15031, 66590848, 0, 0, 0
16000, 67584918, 0, 0, 0
17030, 66653054, 0, 0, 0
18033, 66738288, 0, 0, 0
19000, 67796336, 0, 0, 0
20030, 66553462, 0, 0, 0
21000, 67553071, 0, 0, 0
22031, 66515107, 0, 0, 0
23001, 67287649, 0, 0, 0
24031, 66400605, 0, 0, 0
25000, 67218822, 0, 0, 0
26001, 66774561, 0, 0, 0
27043, 66708632, 0, 0, 0
28000, 67823593, 0, 0, 0
29032, 66118284, 0, 0, 0
30045, 66703796, 0, 0, 0
31000, 67687880, 0, 0, 0
32035, 66683002, 0, 0, 0
33029, 66407288, 0, 0, 0
34037, 67069761, 0, 0, 0
35033, 66918638, 0, 0, 0
36001, 68088726, 0, 0, 0
37034, 66765524, 0, 0, 0
38030, 66794574, 0, 0, 0
39040, 66670604, 0, 0, 0
40033, 66962695, 0, 0, 0
41031, 67243631, 0, 0, 0
42044, 66606314, 0, 0, 0
43038, 67657040, 0, 0, 0
44000, 67062022, 0, 0, 0
45035, 66690498, 0, 0, 0
46032, 66742211, 0, 0, 0
47037, 67247113, 0, 0, 0
48031, 66737176, 0, 0, 0
49000, 67295444, 0, 0, 0
50030, 66489525, 0, 0, 0
51031, 103520227, 0, 0, 0
52000, 67323302, 0, 0, 0
53032, 66642875, 0, 0, 0
54044, 66528695, 0, 0, 0
55000, 67881079, 0, 0, 0
56032, 66406110, 0, 0, 0
57043, 66620856, 0, 0, 0
58032, 66752371, 0, 0, 0
59034, 66835366, 0, 0, 0
60043, 67227530, 0, 0, 0
61037, 67383538, 0, 0, 0
62030, 66759680, 0, 0, 0
63043, 66667394, 0, 0, 0
64000, 67660060, 0, 0, 0
65031, 66166277, 0, 0, 0
66000, 67422201, 0, 0, 0
67031, 66593925, 0, 0, 0
68030, 66608188, 0, 0, 0
69000, 67678229, 0, 0, 0
70033, 66632467, 0, 0, 0
71031, 66347672, 0, 0, 0
72000, 67356235, 0, 0, 0
73002, 67293978, 0, 0, 0
74031, 66089400, 0, 0, 0
75032, 67454827, 0, 0, 0
76000, 67510805, 0, 0, 0
77000, 66568062, 0, 0, 0
78030, 66621315, 0, 0, 0
79036, 66638945, 0, 0, 0
80000, 67609793, 0, 0, 0
81043, 66261314, 0, 0, 0
82001, 67277057, 0, 0, 0
83034, 66644158, 0, 0, 0
84000, 66935043, 0, 0, 0
85000, 66664690, 0, 0, 0
86030, 66753328, 0, 0, 0
87000, 67122496, 0, 0, 0
88032, 66518154, 0, 0, 0
89030, 67134990, 0, 0, 0
90000, 67504643, 0, 0, 0
91030, 66195590, 0, 0, 0
92043, 66731962, 0, 0, 0
93001, 67668941, 0, 0, 0
94033, 66936652, 0, 0, 0
95028, 66406680, 0, 0, 0
96000, 67085937, 0, 0, 0
97002, 66854352, 0, 0, 0
98029, 66718229, 0, 0, 0
99000, 66980683, 0, 0, 0
100031, 67019805, 0, 0, 0
101038, 66600944, 0, 0, 0
102000, 67328447, 0, 0, 0
103032, 66427292, 0, 0, 0
104042, 66779378, 0, 0, 0
105035, 67320596, 0, 0, 0
106033, 66587320, 0, 0, 0
107043, 66663383, 0, 0, 0
108000, 67474921, 0, 0, 0
109037, 66780616, 0, 0, 0
110032, 67001871, 0, 0, 0
111000, 67228708, 0, 0, 0
112035, 66116649, 0, 0, 0
113032, 67648833, 0, 0, 0
114035, 66740928, 0, 0, 0
115030, 66880604, 0, 0, 0
116032, 66865113, 0, 0, 0
117033, 67448694, 0, 0, 0
118041, 66183741, 0, 0, 0
119000, 67510670, 0, 0, 0
120029, 66798285, 0, 0, 0
121000, 67270354, 0, 0, 0
122036, 66787328, 0, 0, 0
123030, 66503424, 0, 0, 0
124001, 67185732, 0, 0, 0
125034, 66346617, 0, 0, 0
126033, 67360795, 0, 0, 0
127000, 67318189, 0, 0, 0
128033, 66457389, 0, 0, 0
129000, 67290722, 0, 0, 0
130033, 66840858, 0, 0, 0
131000, 67060173, 0, 0, 0
132032, 66981737, 0, 0, 0
133043, 66619098, 0, 0, 0
134037, 67023357, 0, 0, 0
135031, 66800000, 0, 0, 0
136001, 67390473, 0, 0, 0
137000, 66841683, 0, 0, 0
138033, 66745772, 0, 0, 0
139028, 66620373, 0, 0, 0
140000, 67688045, 0, 0, 0
141032, 66342167, 0, 0, 0
142044, 66497144, 0, 0, 0
143032, 66857366, 0, 0, 0
144031, 67224162, 0, 0, 0
145000, 67351331, 0, 0, 0
146031, 66791129, 0, 0, 0
147001, 67086418, 0, 0, 0
148000, 67047358, 0, 0, 0
149044, 66498643, 0, 0, 0
150000, 67488605, 0, 0, 0
151031, 66352281, 0, 0, 0
152028, 66833751, 0, 0, 0
153001, 67020523, 0, 0, 0
154032, 67197057, 0, 0, 0
155028, 66367656, 0, 0, 0
156000, 67523055, 0, 0, 0
157030, 66823617, 0, 0, 0
158029, 66684673, 0, 0, 0
159000, 67310938, 0, 0, 0
160031, 66686929, 0, 0, 0
161043, 66698239, 0, 0, 0
162000, 67267087, 0, 0, 0
163031, 66473969, 0, 0, 0
164000, 67756945, 0, 0, 0
165000, 67081892, 0, 0, 0
166031, 66462643, 0, 0, 0
167042, 66589515, 0, 0, 0
168038, 66797807, 0, 0, 0
169030, 67018965, 0, 0, 0
170001, 67307946, 0, 0, 0
171035, 66702568, 0, 0, 0
172043, 66412914, 0, 0, 0
173000, 67555274, 0, 0, 0
174028, 66257311, 0, 0, 0
175000, 67410544, 0, 0, 0
176034, 66988676, 0, 0, 0
177029, 66517414, 0, 0, 0
178000, 67172754, 0, 0, 0
179030, 66530994, 0, 0, 0
180041, 66480198, 0, 0, 0
180090, 119585454, 0, 0, 0
