1000, 1057, 0, 0, 0
2000, 978, 0, 0, 0
3000, 930, 0, 0, 0
4001, 966, 0, 0, 0
5001, 979, 0, 0, 0
6001, 957, 0, 0, 0
7001, 953, 0, 0, 0
8000, 927, 0, 0, 0
9001, 963, 0, 0, 0
10000, 964, 0, 0, 0
11001, 953, 0, 0, 0
12000, 952, 0, 0, 0
13000, 972, 0, 0, 0
14000, 922, 0, 0, 0
15001, 980, 0, 0, 0
16001, 925, 0, 0, 0
17000, 985, 0, 0, 0
18001, 951, 0, 0, 0
19000, 974, 0, 0, 0
20001, 941, 0, 0, 0
21001, 980, 0, 0, 0
22000, 928, 0, 0, 0
23000, 981, 0, 0, 0
24001, 927, 0, 0, 0
25000, 970, 0, 0, 0
26001, 973, 0, 0, 0
27000, 938, 0, 0, 0
28001, 962, 0, 0, 0
29001, 970, 0, 0, 0
30000, 970, 0, 0, 0
31001, 918, 0, 0, 0
32000, 969, 0, 0, 0
33001, 978, 0, 0, 0
34000, 926, 0, 0, 0
35001, 961, 0, 0, 0
36001, 938, 0, 0, 0
37001, 968, 0, 0, 0
38001, 994, 0, 0, 0
39001, 920, 0, 0, 0
40000, 965, 0, 0, 0
41001, 935, 0, 0, 0
42000, 996, 0, 0, 0
43000, 933, 0, 0, 0
44001, 983, 0, 0, 0
45001, 941, 0, 0, 0
46000, 955, 0, 0, 0
47001, 930, 0, 0, 0
48000, 966, 0, 0, 0
49001, 979, 0, 0, 0
50001, 935, 0, 0, 0
51001, 961, 0, 0, 0
52001, 939, 0, 0, 0
53001, 975, 0, 0, 0
54001, 982, 0, 0, 0
55001, 931, 0, 0, 0
56001, 978, 0, 0, 0
57001, 921, 0, 0, 0
58001, 950, 0, 0, 0
59000, 985, 0, 0, 0
60001, 926, 0, 0, 0
61001, 1001, 0, 0, 0
62000, 933, 0, 0, 0
63001, 975, 0, 0, 0
64000, 922, 0, 0, 0
65001, 964, 0, 0, 0
66001, 967, 0, 0, 0
67001, 943, 0, 0, 0
68000, 945, 0, 0, 0
69001, 928, 0, 0, 0
70000, 982, 0, 0, 0
71001, 930, 0, 0, 0
72001, 979, 0, 0, 0
73001, 955, 0, 0, 0
74000, 969, 0, 0, 0
75001, 922, 0, 0, 0
76001, 976, 0, 0, 0
77001, 968, 0, 0, 0
78001, 932, 0, 0, 0
79001, 968, 0, 0, 0
80001, 991, 0, 0, 0
81001, 943, 0, 0, 0
82001, 946, 0, 0, 0
83000, 960, 0, 0, 0
84000, 961, 0, 0, 0
85001, 943, 0, 0, 0
86001, 971, 0, 0, 0
87001, 956, 0, 0, 0
88001, 948, 0, 0, 0
89001, 961, 0, 0, 0
90001, 947, 0, 0, 0
91001, 945, 0, 0, 0
92000, 964, 0, 0, 0
93001, 961, 0, 0, 0
94001, 930, 0, 0, 0
95001, 971, 0, 0, 0
96001, 971, 0, 0, 0
97001, 922, 0, 0, 0
98000, 945, 0, 0, 0
99000, 968, 0, 0, 0
100000, 929, 0, 0, 0
101000, 972, 0, 0, 0
102001, 974, 0, 0, 0
103000, 944, 0, 0, 0
104000, 950, 0, 0, 0
105001, 979, 0, 0, 0
106000, 937, 0, 0, 0
107001, 961, 0, 0, 0
108001, 967, 0, 0, 0
109001, 975, 0, 0, 0
110000, 950, 0, 0, 0
111001, 983, 0, 0, 0
112001, 916, 0, 0, 0
113001, 952, 0, 0, 0
114001, 981, 0, 0, 0
115000, 965, 0, 0, 0
116001, 975, 0, 0, 0
117000, 925, 0, 0, 0
118001, 974, 0, 0, 0
119000, 950, 0, 0, 0
120000, 940, 0, 0, 0
121001, 976, 0, 0, 0
122001, 929, 0, 0, 0
123000, 977, 0, 0, 0
124000, 927, 0, 0, 0
125001, 985, 0, 0, 0
126001, 934, 0, 0, 0
127001, 992, 0, 0, 0
128000, 958, 0, 0, 0
129001, 926, 0, 0, 0
130001, 975, 0, 0, 0
131001, 981, 0, 0, 0
132001, 931, 0, 0, 0
133000, 962, 0, 0, 0
134001, 980, 0, 0, 0
135000, 934, 0, 0, 0
136001, 983, 0, 0, 0
137001, 965, 0, 0, 0
138001, 935, 0, 0, 0
139000, 971, 0, 0, 0
140001, 931, 0, 0, 0
141001, 971, 0, 0, 0
142001, 985, 0, 0, 0
143000, 923, 0, 0, 0
144000, 967, 0, 0, 0
145001, 992, 0, 0, 0
146001, 949, 0, 0, 0
147000, 944, 0, 0, 0
148001, 977, 0, 0, 0
149001, 936, 0, 0, 0
150001, 973, 0, 0, 0
151001, 966, 0, 0, 0
152001, 925, 0, 0, 0
153001, 966, 0, 0, 0
154001, 978, 0, 0, 0
155001, 923, 0, 0, 0
156001, 990, 0, 0, 0
157000, 961, 0, 0, 0
158001, 933, 0, 0, 0
159001, 977, 0, 0, 0
160000, 957, 0, 0, 0
161000, 920, 0, 0, 0
162001, 984, 0, 0, 0
163001, 956, 0, 0, 0
164000, 929, 0, 0, 0
165001, 965, 0, 0, 0
166001, 975, 0, 0, 0
167000, 915, 0, 0, 0
168001, 966, 0, 0, 0
169000, 930, 0, 0, 0
170001, 976, 0, 0, 0
171000, 953, 0, 0, 0
172001, 941, 0, 0, 0
173001, 976, 0, 0, 0
174000, 929, 0, 0, 0
175001, 972, 0, 0, 0
176000, 963, 0, 0, 0
177000, 949, 0, 0, 0
178001, 961, 0, 0, 0
179000, 958, 0, 0, 0
180000, 918, 0, 0, 0
