1000, 960122, 1, 0, 0
2000, 966115, 1, 0, 0
3000, 984446, 1, 0, 0
4000, 971366, 1, 0, 0
5000, 954033, 1, 0, 0
6000, 898532, 1, 0, 0
7000, 1004191, 1, 0, 0
8000, 935298, 1, 0, 0
9000, 964971, 1, 0, 0
10000, 992017, 1, 0, 0
11000, 944065, 1, 0, 0
12000, 1034926, 1, 0, 0
13000, 930925, 1, 0, 0
14000, 925220, 1, 0, 0
15000, 940449, 1, 0, 0
16000, 938060, 1, 0, 0
17000, 944734, 1, 0, 0
18000, 920045, 1, 0, 0
19000, 931148, 1, 0, 0
20007, 956583, 1, 0, 0
21000, 1042865, 1, 0, 0
22000, 964141, 1, 0, 0
23000, 933787, 1, 0, 0
24000, 1110314, 1, 0, 0
25000, 999543, 1, 0, 0
26000, 958695, 1, 0, 0
27000, 975683, 1, 0, 0
28002, 979158, 1, 0, 0
29000, 962199, 1, 0, 0
30000, 940155, 1, 0, 0
31000, 930933, 1, 0, 0
32000, 887113, 1, 0, 0
33003, 918115, 1, 0, 0
34000, 998645, 1, 0, 0
35000, 905865, 1, 0, 0
36000, 956089, 1, 0, 0
37000, 930831, 1, 0, 0
38003, 936716, 1, 0, 0
39000, 914917, 1, 0, 0
40000, 941041, 1, 0, 0
41000, 930966, 1, 0, 0
42000, 928992, 1, 0, 0
43000, 991896, 1, 0, 0
44000, 956379, 1, 0, 0
45000, 1012997, 1, 0, 0
46000, 944909, 1, 0, 0
47000, 943595, 1, 0, 0
48000, 922009, 1, 0, 0
49000, 954942, 1, 0, 0
50000, 950956, 1, 0, 0
51000, 925370, 1, 0, 0
52000, 939313, 1, 0, 0
53000, 941782, 1, 0, 0
54000, 961474, 1, 0, 0
55000, 956500, 1, 0, 0
56000, 950992, 1, 0, 0
57000, 986043, 1, 0, 0
58000, 986057, 1, 0, 0
59000, 935708, 1, 0, 0
60004, 919326, 1, 0, 0
61000, 954709, 1, 0, 0
62001, 939267, 1, 0, 0
63000, 963307, 1, 0, 0
64000, 974899, 1, 0, 0
65000, 954752, 1, 0, 0
66000, 958947, 1, 0, 0
67001, 981930, 1, 0, 0
68000, 927202, 1, 0, 0
69000, 941237, 1, 0, 0
70000, 944210, 1, 0, 0
71000, 955077, 1, 0, 0
72000, 983138, 1, 0, 0
73000, 944761, 1, 0, 0
74000, 953154, 1, 0, 0
75000, 959248, 1, 0, 0
76000, 974567, 1, 0, 0
77000, 936838, 1, 0, 0
78000, 935684, 1, 0, 0
79000, 952486, 1, 0, 0
80000, 941922, 1, 0, 0
81000, 1007747, 1, 0, 0
82000, 982669, 1, 0, 0
83000, 936498, 1, 0, 0
84000, 977150, 1, 0, 0
85000, 949972, 1, 0, 0
86000, 963050, 1, 0, 0
87000, 930566, 1, 0, 0
88000, 961824, 1, 0, 0
89000, 972189, 1, 0, 0
90000, 983821, 1, 0, 0
91000, 950192, 1, 0, 0
92000, 948162, 1, 0, 0
93000, 954463, 1, 0, 0
94000, 925333, 1, 0, 0
95000, 908442, 1, 0, 0
96000, 975276, 1, 0, 0
97000, 901063, 1, 0, 0
98000, 966552, 1, 0, 0
99000, 893358, 1, 0, 0
100000, 971312, 1, 0, 0
101000, 969382, 1, 0, 0
102000, 928941, 1, 0, 0
103000, 935255, 1, 0, 0
104000, 948621, 1, 0, 0
105000, 917374, 1, 0, 0
106001, 942964, 1, 0, 0
107000, 969364, 1, 0, 0
108000, 968842, 1, 0, 0
109000, 901885, 1, 0, 0
110000, 934811, 1, 0, 0
111000, 920097, 1, 0, 0
112000, 955335, 1, 0, 0
113000, 968796, 1, 0, 0
114006, 993750, 1, 0, 0
115000, 954383, 1, 0, 0
116000, 975575, 1, 0, 0
117000, 1002934, 1, 0, 0
118000, 949630, 1, 0, 0
119000, 898150, 1, 0, 0
120000, 957903, 1, 0, 0
121000, 1082999, 1, 0, 0
122000, 969439, 1, 0, 0
123000, 1126069, 1, 0, 0
124000, 953393, 1, 0, 0
125000, 942650, 1, 0, 0
126000, 938869, 1, 0, 0
127000, 943405, 1, 0, 0
128000, 936210, 1, 0, 0
129001, 948262, 1, 0, 0
130000, 1013936, 1, 0, 0
131000, 960683, 1, 0, 0
132000, 998262, 1, 0, 0
133000, 971761, 1, 0, 0
134000, 954255, 1, 0, 0
135000, 921330, 1, 0, 0
136000, 959833, 1, 0, 0
137002, 922422, 1, 0, 0
138000, 966616, 1, 0, 0
139000, 987370, 1, 0, 0
140001, 949537, 1, 0, 0
141000, 1086904, 1, 0, 0
142000, 957361, 1, 0, 0
143000, 935016, 1, 0, 0
144000, 964739, 1, 0, 0
145000, 968275, 1, 0, 0
146000, 931409, 1, 0, 0
147000, 939250, 1, 0, 0
148000, 991454, 1, 0, 0
149000, 921041, 1, 0, 0
150001, 957231, 1, 0, 0
151000, 949882, 1, 0, 0
152000, 947121, 1, 0, 0
153000, 1066004, 1, 0, 0
154000, 1014349, 1, 0, 0
155000, 926189, 1, 0, 0
156000, 948823, 1, 0, 0
157000, 963031, 1, 0, 0
158000, 953846, 1, 0, 0
159000, 983510, 1, 0, 0
160000, 977544, 1, 0, 0
161000, 1024318, 1, 0, 0
162000, 951154, 1, 0, 0
163000, 928308, 1, 0, 0
164001, 899524, 1, 0, 0
165000, 924411, 1, 0, 0
166000, 902044, 1, 0, 0
167000, 911055, 1, 0, 0
168000, 915458, 1, 0, 0
169000, 957759, 1, 0, 0
170000, 924948, 1, 0, 0
171000, 914190, 1, 0, 0
172000, 929131, 1, 0, 0
173000, 958554, 1, 0, 0
174000, 1007824, 1, 0, 0
175000, 933473, 1, 0, 0
176000, 948871, 1, 0, 0
177000, 940098, 1, 0, 0
178000, 914777, 1, 0, 0
179000, 969459, 1, 0, 0
180001, 933875, 1, 0, 0
