1007, 119509445, 1, 0, 0
2001, 133234234, 1, 0, 0
3005, 136553796, 1, 0, 0
4001, 140739727, 1, 0, 0
5008, 136815709, 1, 0, 0
6008, 140789975, 1, 0, 0
7013, 135665594, 1, 0, 0
8009, 134618588, 1, 0, 0
9004, 131324919, 1, 0, 0
10018, 131022236, 1, 0, 0
11011, 133745587, 1, 0, 0
12003, 131936875, 1, 0, 0
13000, 132427447, 1, 0, 0
14006, 136258757, 1, 0, 0
15008, 133604377, 1, 0, 0
16002, 139290929, 1, 0, 0
17011, 134816693, 1, 0, 0
18004, 132329418, 1, 0, 0
19004, 132269202, 1, 0, 0
20001, 134581508, 1, 0, 0
21011, 139358909, 1, 0, 0
22014, 141813405, 1, 0, 0
23007, 143504767, 1, 0, 0
24023, 153440416, 1, 0, 0
25007, 149578907, 1, 0, 0
26005, 156932731, 1, 0, 0
27013, 152749268, 1, 0, 0
28007, 146915307, 1, 0, 0
29003, 143116747, 1, 0, 0
30002, 146255213, 1, 0, 0
31005, 153941463, 1, 0, 0
32001, 140188500, 1, 0, 0
33009, 136205578, 1, 0, 0
34006, 132742526, 1, 0, 0
35001, 135273380, 1, 0, 0
36009, 134018207, 1, 0, 0
37002, 135223102, 1, 0, 0
38008, 142453292, 1, 0, 0
39002, 136677510, 1, 0, 0
40011, 143582734, 1, 0, 0
41004, 138531174, 1, 0, 0
42006, 136183815, 1, 0, 0
43008, 131792023, 1, 0, 0
44002, 134564271, 1, 0, 0
45006, 139177212, 1, 0, 0
46003, 133500899, 1, 0, 0
47012, 131664959, 1, 0, 0
48007, 134279458, 1, 0, 0
49005, 130656874, 1, 0, 0
50013, 129095998, 1, 0, 0
51010, 128916175, 1, 0, 0
52006, 130131350, 1, 0, 0
53000, 128780968, 1, 0, 0
54000, 127053372, 1, 0, 0
55006, 126773643, 1, 0, 0
56004, 127345392, 1, 0, 0
57001, 126747651, 1, 0, 0
58002, 127843220, 1, 0, 0
59007, 126145038, 1, 0, 0
60000, 127651600, 1, 0, 0
61011, 128080456, 1, 0, 0
62005, 128688764, 1, 0, 0
63001, 125131394, 1, 0, 0
64010, 125971675, 1, 0, 0
65002, 130167339, 1, 0, 0
66003, 128768078, 1, 0, 0
67005, 130602717, 1, 0, 0
68004, 131209999, 1, 0, 0
69000, 129528437, 1, 0, 0
70003, 128553527, 1, 0, 0
71005, 126209304, 1, 0, 0
72001, 126523501, 1, 0, 0
73012, 129741352, 1, 0, 0
74002, 130134280, 1, 0, 0
75013, 129634947, 1, 0, 0
76001, 130864721, 1, 0, 0
77001, 131274150, 1, 0, 0
78005, 130531821, 1, 0, 0
79007, 131560280, 1, 0, 0
80001, 136126382, 1, 0, 0
81002, 132973481, 1, 0, 0
82003, 136915785, 1, 0, 0
83004, 134302698, 1, 0, 0
84006, 136368750, 1, 0, 0
85001, 133884744, 1, 0, 0
86009, 128738322, 1, 0, 0
87000, 123185734, 1, 0, 0
88001, 123859130, 1, 0, 0
89011, 128361115, 1, 0, 0
90006, 133244056, 1, 0, 0
91012, 131475138, 1, 0, 0
92005, 133578971, 1, 0, 0
93005, 134277898, 1, 0, 0
94013, 132384223, 1, 0, 0
95006, 137421112, 1, 0, 0
96001, 137160009, 1, 0, 0
97010, 137537565, 1, 0, 0
98001, 135743240, 1, 0, 0
99001, 132462384, 1, 0, 0
100002, 134782314, 1, 0, 0
101007, 139182646, 1, 0, 0
102000, 134759734, 1, 0, 0
103013, 133384521, 1, 0, 0
104007, 133270594, 1, 0, 0
105002, 136169546, 1, 0, 0
106011, 135250400, 1, 0, 0
107004, 146231077, 1, 0, 0
108002, 138579123, 1, 0, 0
109001, 136906019, 1, 0, 0
110003, 144573264, 1, 0, 0
111005, 135853938, 1, 0, 0
112010, 139276423, 1, 0, 0
113005, 136012969, 1, 0, 0
114001, 142219220, 1, 0, 0
115008, 136441023, 1, 0, 0
116003, 141684625, 1, 0, 0
117015, 144110500, 1, 0, 0
118008, 138850990, 1, 0, 0
119005, 134441315, 1, 0, 0
120014, 137824212, 1, 0, 0
121005, 138346453, 1, 0, 0
122004, 127207200, 1, 0, 0
123011, 128221406, 1, 0, 0
124009, 146166247, 1, 0, 0
125000, 135355854, 1, 0, 0
126012, 134485709, 1, 0, 0
127012, 135449531, 1, 0, 0
128004, 138990207, 1, 0, 0
129013, 136018765, 1, 0, 0
130006, 134860134, 1, 0, 0
131001, 135083169, 1, 0, 0
132014, 134326113, 1, 0, 0
133000, 135177805, 1, 0, 0
134009, 136845916, 1, 0, 0
135003, 135300934, 1, 0, 0
136015, 134095484, 1, 0, 0
137002, 138930466, 1, 0, 0
138004, 135063586, 1, 0, 0
139013, 136357403, 1, 0, 0
140012, 139049839, 1, 0, 0
141003, 145381184, 1, 0, 0
142007, 138568156, 1, 0, 0
143006, 136478833, 1, 0, 0
144000, 132687705, 1, 0, 0
145011, 130537926, 1, 0, 0
146004, 137094002, 1, 0, 0
147001, 133312680, 1, 0, 0
148020, 131486379, 1, 0, 0
149005, 142007720, 1, 0, 0
150000, 130220882, 1, 0, 0
151006, 129053396, 1, 0, 0
152008, 131941043, 1, 0, 0
153003, 125122993, 1, 0, 0
154017, 146534616, 1, 0, 0
155009, 134254549, 1, 0, 0
156006, 155103879, 1, 0, 0
157002, 155963280, 1, 0, 0
158012, 154811132, 1, 0, 0
159006, 152656530, 1, 0, 0
160014, 146013647, 1, 0, 0
161009, 149348316, 1, 0, 0
162002, 142019066, 1, 0, 0
163000, 144621473, 1, 0, 0
164007, 152120830, 1, 0, 0
165002, 155660348, 1, 0, 0
166003, 143509203, 1, 0, 0
167019, 138878168, 1, 0, 0
168005, 156635826, 1, 0, 0
169003, 144282937, 1, 0, 0
170006, 133673953, 1, 0, 0
171001, 136228910, 1, 0, 0
172011, 133320763, 1, 0, 0
173004, 133537850, 1, 0, 0
174012, 132526429, 1, 0, 0
175011, 131069058, 1, 0, 0
176007, 133546895, 1, 0, 0
177010, 144788658, 1, 0, 0
178001, 133239980, 1, 0, 0
179002, 124187348, 1, 0, 0
180007, 124110395, 1, 0, 0
180116, 188597895, 1, 0, 0
