1002, 1918242, 1, 0, 0
2007, 2100689, 1, 0, 0
3003, 2153144, 1, 0, 0
4011, 2057007, 1, 0, 0
5007, 2073213, 1, 0, 0
6001, 2168443, 1, 0, 0
7005, 2111623, 1, 0, 0
8006, 2061315, 1, 0, 0
9003, 2054402, 1, 0, 0
10000, 2090467, 1, 0, 0
11003, 2010881, 1, 0, 0
12006, 2088957, 1, 0, 0
13001, 2064577, 1, 0, 0
14004, 2164511, 1, 0, 0
15005, 2099971, 1, 0, 0
16000, 2107063, 1, 0, 0
17007, 2074627, 1, 0, 0
18003, 2048531, 1, 0, 0
19000, 2107467, 1, 0, 0
20004, 2070206, 1, 0, 0
21002, 2087624, 1, 0, 0
22014, 2033760, 1, 0, 0
23008, 2083464, 1, 0, 0
24003, 2050823, 1, 0, 0
25003, 2086885, 1, 0, 0
26006, 2133306, 1, 0, 0
27007, 2059457, 1, 0, 0
28001, 2096192, 1, 0, 0
29006, 2157742, 1, 0, 0
30002, 2032043, 1, 0, 0
31012, 2087435, 1, 0, 0
32005, 2178119, 1, 0, 0
33000, 2003359, 1, 0, 0
34010, 2195188, 1, 0, 0
35004, 2062245, 1, 0, 0
36000, 2074729, 1, 0, 0
37001, 2140809, 1, 0, 0
38005, 2027699, 1, 0, 0
39002, 2144965, 1, 0, 0
40000, 2138023, 1, 0, 0
41011, 2073425, 1, 0, 0
42005, 2141894, 1, 0, 0
43000, 2077330, 1, 0, 0
44010, 2097636, 1, 0, 0
45004, 2097433, 1, 0, 0
46000, 2087677, 1, 0, 0
47009, 2123435, 1, 0, 0
48002, 2063071, 1, 0, 0
49003, 2119655, 1, 0, 0
50010, 2089511, 1, 0, 0
51006, 2054550, 1, 0, 0
52014, 2138119, 1, 0, 0
53010, 2078462, 1, 0, 0
54003, 2141740, 1, 0, 0
55015, 2093014, 1, 0, 0
56009, 2112443, 1, 0, 0
57000, 2116227, 1, 0, 0
58007, 2087683, 1, 0, 0
59006, 2090160, 1, 0, 0
60003, 2086732, 1, 0, 0
61006, 2121843, 1, 0, 0
62004, 2123147, 1, 0, 0
63000, 2135963, 1, 0, 0
64009, 2133781, 1, 0, 0
65002, 2160243, 1, 0, 0
66014, 2116999, 1, 0, 0
67012, 2154566, 1, 0, 0
68006, 2036044, 1, 0, 0
69000, 2079276, 1, 0, 0
70006, 2056194, 1, 0, 0
71027, 2217748, 1, 0, 0
72000, 1967663, 1, 0, 0
73004, 2055560, 1, 0, 0
74004, 2088960, 1, 0, 0
75000, 2044344, 1, 0, 0
76006, 2119422, 1, 0, 0
77001, 2071518, 1, 0, 0
78011, 2121710, 1, 0, 0
79004, 2084087, 1, 0, 0
80000, 2021979, 1, 0, 0
81001, 2166272, 1, 0, 0
82002, 2103592, 1, 0, 0
83005, 2145010, 1, 0, 0
84003, 2072726, 1, 0, 0
85014, 2120071, 1, 0, 0
86003, 2078994, 1, 0, 0
87003, 2052024, 1, 0, 0
88012, 2040075, 1, 0, 0
89000, 2171031, 1, 0, 0
90002, 2013972, 1, 0, 0
91009, 2083860, 1, 0, 0
92004, 2078963, 1, 0, 0
93013, 2079789, 1, 0, 0
94009, 2170338, 1, 0, 0
95003, 2077360, 1, 0, 0
96001, 2113650, 1, 0, 0
97013, 2163225, 1, 0, 0
98009, 2074431, 1, 0, 0
99002, 2030926, 1, 0, 0
100005, 2093012, 1, 0, 0
101007, 2149253, 1, 0, 0
102000, 2104500, 1, 0, 0
103003, 2038850, 1, 0, 0
104002, 2095312, 1, 0, 0
105009, 2114232, 1, 0, 0
106001, 2076977, 1, 0, 0
107002, 2034499, 1, 0, 0
108012, 2085440, 1, 0, 0
109006, 2078845, 1, 0, 0
110002, 2099307, 1, 0, 0
111014, 2117804, 1, 0, 0
112010, 2039707, 1, 0, 0
113006, 2056079, 1, 0, 0
114003, 2177858, 1, 0, 0
115000, 2034539, 1, 0, 0
116002, 2051884, 1, 0, 0
117005, 2024027, 1, 0, 0
118008, 2061599, 1, 0, 0
119000, 2087290, 1, 0, 0
120010, 2087724, 1, 0, 0
121004, 2059577, 1, 0, 0
122000, 2085057, 1, 0, 0
123013, 2098214, 1, 0, 0
124006, 2102226, 1, 0, 0
125003, 2147688, 1, 0, 0
126003, 2146356, 1, 0, 0
127007, 2129858, 1, 0, 0
128003, 2055864, 1, 0, 0
129014, 2079377, 1, 0, 0
130004, 2044643, 1, 0, 0
131004, 2112453, 1, 0, 0
132000, 2087541, 1, 0, 0
133003, 2060564, 1, 0, 0
134001, 2083021, 1, 0, 0
135000, 2146980, 1, 0, 0
136007, 2061391, 1, 0, 0
137000, 2063647, 1, 0, 0
138004, 2082558, 1, 0, 0
139002, 2067812, 1, 0, 0
140001, 2086530, 1, 0, 0
141007, 2121972, 1, 0, 0
142000, 2146391, 1, 0, 0
143010, 2067705, 1, 0, 0
144002, 2112684, 1, 0, 0
145006, 2033309, 1, 0, 0
146004, 2039134, 1, 0, 0
147001, 2084745, 1, 0, 0
148006, 2139259, 1, 0, 0
149014, 2135493, 1, 0, 0
150001, 2080634, 1, 0, 0
151005, 2108410, 1, 0, 0
152003, 2108650, 1, 0, 0
153014, 2075150, 1, 0, 0
154007, 2095991, 1, 0, 0
155003, 2079734, 1, 0, 0
156000, 2099608, 1, 0, 0
157010, 2143108, 1, 0, 0
158005, 2084164, 1, 0, 0
159000, 2098929, 1, 0, 0
160010, 2064846, 1, 0, 0
161004, 2119198, 1, 0, 0
162000, 2051393, 1, 0, 0
163000, 2087448, 1, 0, 0
164002, 2053557, 1, 0, 0
165011, 2101475, 1, 0, 0
166004, 2119150, 1, 0, 0
167014, 2151580, 1, 0, 0
168009, 2110088, 1, 0, 0
169002, 2099529, 1, 0, 0
170014, 2069780, 1, 0, 0
171001, 2078587, 1, 0, 0
172003, 2052485, 1, 0, 0
173000, 2096530, 1, 0, 0
174002, 2046962, 1, 0, 0
175002, 2144863, 1, 0, 0
176000, 2147251, 1, 0, 0
177001, 2087726, 1, 0, 0
178000, 2111605, 1, 0, 0
179004, 2047753, 1, 0, 0
180005, 2067168, 1, 0, 0
180005, 20353730, 1, 0, 0
