1001, 59799829, 1, 0, 0
2000, 67697846, 1, 0, 0
3000, 66569488, 1, 0, 0
4001, 67424043, 1, 0, 0
5001, 66209309, 1, 0, 0
6000, 67013216, 1, 0, 0
7000, 66740356, 1, 0, 0
8001, 66403148, 1, 0, 0
9004, 67426058, 1, 0, 0
10001, 66629792, 1, 0, 0
11001, 67056513, 1, 0, 0
12000, 66779137, 1, 0, 0
13000, 66697499, 1, 0, 0
14003, 66376305, 1, 0, 0
15000, 67470500, 1, 0, 0
16000, 66817909, 1, 0, 0
17000, 66931608, 1, 0, 0
18000, 66350715, 1, 0, 0
19000, 67351718, 1, 0, 0
20002, 66633037, 1, 0, 0
21000, 67537308, 1, 0, 0
22000, 66145302, 1, 0, 0
23001, 66300175, 1, 0, 0
24003, 68059511, 1, 0, 0
25000, 66897998, 1, 0, 0
26002, 66833639, 1, 0, 0
27000, 67323915, 1, 0, 0
28001, 66440187, 1, 0, 0
29001, 67930279, 1, 0, 0
30000, 66593060, 1, 0, 0
31000, 67083719, 1, 0, 0
32000, 66917481, 1, 0, 0
33000, 66046692, 1, 0, 0
34001, 67107946, 1, 0, 0
35000, 66827008, 1, 0, 0
36001, 66985500, 1, 0, 0
37000, 66808894, 1, 0, 0
38000, 67156782, 1, 0, 0
39000, 67541196, 1, 0, 0
40002, 66025130, 1, 0, 0
41001, 67622677, 1, 0, 0
42000, 66530816, 1, 0, 0
43004, 66967139, 1, 0, 0
44000, 65972712, 1, 0, 0
45000, 66603924, 1, 0, 0
46000, 67020590, 1, 0, 0
47002, 66513570, 1, 0, 0
48001, 66607383, 1, 0, 0
49000, 67988201, 1, 0, 0
50000, 66208489, 1, 0, 0
51002, 67528317, 1, 0, 0
52000, 66543971, 1, 0, 0
53002, 66581488, 1, 0, 0
54000, 67694361, 1, 0, 0
55001, 66560608, 1, 0, 0
56000, 67622273, 1, 0, 0
57001, 66027534, 1, 0, 0
58000, 66985631, 1, 0, 0
59000, 67385630, 1, 0, 0
60000, 66569389, 1, 0, 0
61001, 67913482, 1, 0, 0
62000, 66901343, 1, 0, 0
63001, 65926405, 1, 0, 0
64000, 68010424, 1, 0, 0
65000, 66309312, 1, 0, 0
66000, 66750721, 1, 0, 0
67002, 67358416, 1, 0, 0
68000, 66133716, 1, 0, 0
69001, 68051685, 1, 0, 0
70000, 65787915, 1, 0, 0
71002, 67460101, 1, 0, 0
72004, 66731767, 1, 0, 0
73001, 67273079, 1, 0, 0
74002, 67330211, 1, 0, 0
75003, 66525384, 1, 0, 0
76003, 67654073, 1, 0, 0
77000, 66394522, 1, 0, 0
78000, 66117717, 1, 0, 0
79001, 67854219, 1, 0, 0
80001, 66657664, 1, 0, 0
81003, 67859224, 1, 0, 0
82000, 65754573, 1, 0, 0
83001, 66438883, 1, 0, 0
84003, 67677868, 1, 0, 0
85000, 65930380, 1, 0, 0
86000, 67676415, 1, 0, 0
87000, 66741448, 1, 0, 0
88001, 67707497, 1, 0, 0
89000, 66916223, 1, 0, 0
90000, 67042935, 1, 0, 0
91000, 66343957, 1, 0, 0
92002, 67076698, 1, 0, 0
93002, 66766659, 1, 0, 0
94001, 66982323, 1, 0, 0
95000, 66398656, 1, 0, 0
96001, 66590228, 1, 0, 0
97000, 67069352, 1, 0, 0
98001, 66994120, 1, 0, 0
99000, 66753772, 1, 0, 0
100000, 66505651, 1, 0, 0
101000, 66578894, 1, 0, 0
102001, 66749279, 1, 0, 0
103000, 66745302, 1, 0, 0
104000, 67366801, 1, 0, 0
105000, 66723390, 1, 0, 0
106000, 67691211, 1, 0, 0
107000, 66276870, 1, 0, 0
108000, 66313769, 1, 0, 0
109001, 67899459, 1, 0, 0
110002, 66479225, 1, 0, 0
111000, 66786839, 1, 0, 0
112000, 66965223, 1, 0, 0
113000, 66290588, 1, 0, 0
114001, 66276229, 1, 0, 0
115000, 67042806, 1, 0, 0
116000, 66812550, 1, 0, 0
117000, 67481414, 1, 0, 0
118000, 66957705, 1, 0, 0
119001, 66034987, 1, 0, 0
120000, 67710846, 1, 0, 0
121000, 66839433, 1, 0, 0
122000, 66642638, 1, 0, 0
123001, 67261898, 1, 0, 0
124000, 66544930, 1, 0, 0
125000, 67255782, 1, 0, 0
126002, 67175957, 1, 0, 0
127000, 66976023, 1, 0, 0
128000, 67269095, 1, 0, 0
129000, 66736463, 1, 0, 0
130001, 66566048, 1, 0, 0
131000, 66841314, 1, 0, 0
132000, 66882336, 1, 0, 0
133000, 67759152, 1, 0, 0
134000, 65819221, 1, 0, 0
135002, 67531797, 1, 0, 0
136000, 66482032, 1, 0, 0
137000, 66280189, 1, 0, 0
138001, 68005630, 1, 0, 0
139000, 66940323, 1, 0, 0
140000, 66258940, 1, 0, 0
141000, 67128590, 1, 0, 0
142003, 67182345, 1, 0, 0
143001, 66130219, 1, 0, 0
144000, 67243440, 1, 0, 0
145000, 66651332, 1, 0, 0
146001, 67080153, 1, 0, 0
147000, 66607154, 1, 0, 0
148003, 66564623, 1, 0, 0
149000, 67143802, 1, 0, 0
150002, 67112595, 1, 0, 0
151000, 66315168, 1, 0, 0
152001, 67194184, 1, 0, 0
153000, 66636686, 1, 0, 0
154001, 67193187, 1, 0, 0
155001, 66389596, 1, 0, 0
156000, 67370160, 1, 0, 0
157000, 66434075, 1, 0, 0
158003, 66565434, 1, 0, 0
159001, 67010779, 1, 0, 0
160000, 66815201, 1, 0, 0
161002, 67489283, 1, 0, 0
162000, 66434542, 1, 0, 0
163000, 66410920, 1, 0, 0
164002, 67309044, 1, 0, 0
165000, 66432905, 1, 0, 0
166002, 67157473, 1, 0, 0
167000, 65970005, 1, 0, 0
168000, 67833819, 1, 0, 0
169000, 66775530, 1, 0, 0
170001, 66539489, 1, 0, 0
171001, 66766678, 1, 0, 0
172000, 66512051, 1, 0, 0
173000, 67300833, 1, 0, 0
174000, 67057734, 1, 0, 0
175002, 66628203, 1, 0, 0
176000, 66918827, 1, 0, 0
177002, 67363763, 1, 0, 0
178001, 66667232, 1, 0, 0
179001, 66949685, 1, 0, 0
180001, 66865910, 1, 0, 0
180055, 114788273, 1, 0, 0
