1003, 58042945, 0, 0, 0
2000, 66680828, 0, 0, 0
3010, 65556451, 0, 0, 0
4004, 67389799, 0, 0, 0
5000, 66591566, 0, 0, 0
6000, 66488549, 0, 0, 0
7008, 66571139, 0, 0, 0
8002, 66927880, 0, 0, 0
9000, 66965547, 0, 0, 0
10005, 66906031, 0, 0, 0
11000, 66708541, 0, 0, 0
12001, 66277504, 0, 0, 0
13003, 67565512, 0, 0, 0
14000, 66567780, 0, 0, 0
15001, 66351159, 0, 0, 0
16001, 67791663, 0, 0, 0
17000, 66039563, 0, 0, 0
18000, 66884474, 0, 0, 0
19006, 67110783, 0, 0, 0
20001, 66438466, 0, 0, 0
21000, 66868535, 0, 0, 0
22004, 67140626, 0, 0, 0
23001, 66854997, 0, 0, 0
24008, 66717810, 0, 0, 0
25003, 66815399, 0, 0, 0
26002, 66376666, 0, 0, 0
27000, 67642387, 0, 0, 0
28002, 67671185, 0, 0, 0
29005, 67558802, 0, 0, 0
30005, 66916487, 0, 0, 0
31001, 67088962, 0, 0, 0
32000, 66906888, 0, 0, 0
33005, 67036198, 0, 0, 0
34000, 66371659, 0, 0, 0
35010, 67349796, 0, 0, 0
36008, 67781080, 0, 0, 0
37003, 66553258, 0, 0, 0
38001, 66603531, 0, 0, 0
39000, 66566695, 0, 0, 0
40003, 67630851, 0, 0, 0
41000, 67262089, 0, 0, 0
42000, 67451696, 0, 0, 0
43000, 66617307, 0, 0, 0
44001, 66808614, 0, 0, 0
45006, 67098624, 0, 0, 0
46002, 66632944, 0, 0, 0
47000, 66997345, 0, 0, 0
48000, 66943237, 0, 0, 0
49008, 67254204, 0, 0, 0
50000, 67011986, 0, 0, 0
51000, 66232078, 0, 0, 0
52007, 66250199, 0, 0, 0
53004, 67050080, 0, 0, 0
54000, 66904516, 0, 0, 0
55007, 67522936, 0, 0, 0
56000, 66595709, 0, 0, 0
57008, 66566662, 0, 0, 0
58003, 67139569, 0, 0, 0
59001, 66996501, 0, 0, 0
60000, 66911474, 0, 0, 0
61006, 66903333, 0, 0, 0
62001, 66936634, 0, 0, 0
63000, 67008289, 0, 0, 0
64000, 67276321, 0, 0, 0
65000, 66400172, 0, 0, 0
66000, 67101531, 0, 0, 0
67002, 66847966, 0, 0, 0
68000, 66882865, 0, 0, 0
69005, 66778582, 0, 0, 0
70000, 66582781, 0, 0, 0
71000, 67378282, 0, 0, 0
72009, 66453311, 0, 0, 0
73000, 67679337, 0, 0, 0
74000, 66661545, 0, 0, 0
75010, 66411505, 0, 0, 0
76005, 68117348, 0, 0, 0
77001, 66974112, 0, 0, 0
78000, 67702000, 0, 0, 0
79000, 67252503, 0, 0, 0
80001, 66582178, 0, 0, 0
81000, 66877491, 0, 0, 0
82008, 67048691, 0, 0, 0
83001, 66879407, 0, 0, 0
84000, 66962892, 0, 0, 0
85007, 67054277, 0, 0, 0
86003, 66952810, 0, 0, 0
87000, 67143073, 0, 0, 0
88007, 66900233, 0, 0, 0
89001, 66585888, 0, 0, 0
90009, 66568459, 0, 0, 0
91003, 67523257, 0, 0, 0
92000, 67129994, 0, 0, 0
93009, 66357455, 0, 0, 0
94003, 67782411, 0, 0, 0
95000, 70725093, 0, 0, 0
96006, 67284417, 0, 0, 0
97000, 67143197, 0, 0, 0
98000, 66826214, 0, 0, 0
99005, 67660934, 0, 0, 0
100000, 67310607, 0, 0, 0
101000, 66688689, 0, 0, 0
102003, 67494370, 0, 0, 0
103000, 67150504, 0, 0, 0
104007, 67054276, 0, 0, 0
105001, 67261959, 0, 0, 0
106000, 67021997, 0, 0, 0
107006, 67210411, 0, 0, 0
108000, 66719906, 0, 0, 0
109008, 67164576, 0, 0, 0
110001, 66885757, 0, 0, 0
111000, 66658947, 0, 0, 0
112001, 66551773, 0, 0, 0
113001, 67276076, 0, 0, 0
114000, 66867756, 0, 0, 0
115008, 66539391, 0, 0, 0
116001, 67389745, 0, 0, 0
117000, 67119433, 0, 0, 0
118007, 66428560, 0, 0, 0
119000, 67334315, 0, 0, 0
120008, 66517797, 0, 0, 0
121000, 68273343, 0, 0, 0
122010, 66857068, 0, 0, 0
123003, 67250205, 0, 0, 0
124000, 66650602, 0, 0, 0
125006, 66996457, 0, 0, 0
126003, 66774099, 0, 0, 0
127000, 67239823, 0, 0, 0
128009, 66746117, 0, 0, 0
129002, 66870637, 0, 0, 0
130000, 67296237, 0, 0, 0
131000, 66969993, 0, 0, 0
132000, 67054834, 0, 0, 0
133005, 67256248, 0, 0, 0
134000, 66645799, 0, 0, 0
135011, 66531230, 0, 0, 0
136002, 67321109, 0, 0, 0
137000, 66628206, 0, 0, 0
138005, 67521142, 0, 0, 0
139000, 66454413, 0, 0, 0
140000, 67330142, 0, 0, 0
141006, 66845871, 0, 0, 0
142001, 66913295, 0, 0, 0
143000, 66632621, 0, 0, 0
144003, 66813526, 0, 0, 0
145004, 67120199, 0, 0, 0
146000, 66859032, 0, 0, 0
147004, 66834753, 0, 0, 0
148000, 66656500, 0, 0, 0
149007, 66798418, 0, 0, 0
150000, 67272540, 0, 0, 0
151000, 66735834, 0, 0, 0
152000, 66568297, 0, 0, 0
153004, 67538431, 0, 0, 0
154000, 66764726, 0, 0, 0
155000, 66929643, 0, 0, 0
156007, 66943102, 0, 0, 0
157001, 65983358, 0, 0, 0
158000, 67504191, 0, 0, 0
159010, 66793109, 0, 0, 0
160000, 66928358, 0, 0, 0
161000, 67194930, 0, 0, 0
162009, 66361785, 0, 0, 0
163003, 67495196, 0, 0, 0
164000, 66911011, 0, 0, 0
165004, 66916105, 0, 0, 0
166000, 66828046, 0, 0, 0
167000, 66892093, 0, 0, 0
168008, 66240008, 0, 0, 0
169002, 67242409, 0, 0, 0
170000, 66938648, 0, 0, 0
171000, 67148304, 0, 0, 0
172004, 67088608, 0, 0, 0
173000, 66942027, 0, 0, 0
174000, 66609320, 0, 0, 0
175007, 67214749, 0, 0, 0
176001, 66715314, 0, 0, 0
177000, 66591869, 0, 0, 0
178002, 66619512, 0, 0, 0
179001, 67276201, 0, 0, 0
180000, 76054304, 0, 0, 0
180054, 113517372, 0, 0, 0
