1001, 3827698, 0, 0, 0
2003, 4277771, 0, 0, 0
3000, 4193501, 0, 0, 0
4001, 4121875, 0, 0, 0
5000, 4135090, 0, 0, 0
6000, 4251630, 0, 0, 0
7006, 4170145, 0, 0, 0
8000, 4271461, 0, 0, 0
9000, 4215797, 0, 0, 0
10003, 4153885, 0, 0, 0
11000, 4274040, 0, 0, 0
12008, 4148127, 0, 0, 0
13004, 4269933, 0, 0, 0
14000, 4083997, 0, 0, 0
15007, 4124011, 0, 0, 0
16004, 4127054, 0, 0, 0
17001, 4092612, 0, 0, 0
18001, 4180952, 0, 0, 0
19003, 4234635, 0, 0, 0
20000, 4152777, 0, 0, 0
21006, 4169212, 0, 0, 0
22001, 4185979, 0, 0, 0
23000, 4129283, 0, 0, 0
24000, 4182034, 0, 0, 0
25001, 4045646, 0, 0, 0
26000, 4194875, 0, 0, 0
27001, 4096848, 0, 0, 0
28001, 4194877, 0, 0, 0
29000, 4207343, 0, 0, 0
30000, 4077436, 0, 0, 0
31000, 4181225, 0, 0, 0
32003, 4210248, 0, 0, 0
33001, 4080756, 0, 0, 0
34000, 4180203, 0, 0, 0
35001, 4130130, 0, 0, 0
36001, 4245037, 0, 0, 0
37005, 4277997, 0, 0, 0
38000, 4080749, 0, 0, 0
39000, 4219658, 0, 0, 0
40006, 4159544, 0, 0, 0
41001, 4184235, 0, 0, 0
42000, 4176341, 0, 0, 0
43001, 4147775, 0, 0, 0
44003, 4169961, 0, 0, 0
45001, 4151126, 0, 0, 0
46001, 4208272, 0, 0, 0
47005, 4164935, 0, 0, 0
48000, 4172756, 0, 0, 0
49001, 4197562, 0, 0, 0
50000, 4185185, 0, 0, 0
51003, 4172518, 0, 0, 0
52000, 4188227, 0, 0, 0
53006, 4137789, 0, 0, 0
54000, 4058869, 0, 0, 0
55000, 4132239, 0, 0, 0
56003, 4198532, 0, 0, 0
57000, 4174320, 0, 0, 0
58003, 4203933, 0, 0, 0
59000, 4141956, 0, 0, 0
60000, 4208763, 0, 0, 0
61002, 4010327, 0, 0, 0
62001, 4402826, 0, 0, 0
63007, 4189186, 0, 0, 0
64001, 4147682, 0, 0, 0
65001, 4180757, 0, 0, 0
66001, 4136665, 0, 0, 0
67001, 4192166, 0, 0, 0
68001, 4119912, 0, 0, 0
69001, 4226646, 0, 0, 0
70000, 4098521, 0, 0, 0
71000, 4148422, 0, 0, 0
72000, 4068495, 0, 0, 0
73000, 4146981, 0, 0, 0
74000, 4213291, 0, 0, 0
75000, 4240792, 0, 0, 0
76000, 4133434, 0, 0, 0
77000, 4183397, 0, 0, 0
78000, 4224291, 0, 0, 0
79001, 4262428, 0, 0, 0
80000, 4196824, 0, 0, 0
81003, 4095079, 0, 0, 0
82001, 4092946, 0, 0, 0
83000, 4241814, 0, 0, 0
84000, 4180752, 0, 0, 0
85000, 4197673, 0, 0, 0
86000, 4155004, 0, 0, 0
87008, 4242022, 0, 0, 0
88001, 4256697, 0, 0, 0
89000, 4171524, 0, 0, 0
90005, 4195703, 0, 0, 0
91001, 4232477, 0, 0, 0
92001, 4117824, 0, 0, 0
93000, 4232701, 0, 0, 0
94000, 4263645, 0, 0, 0
95000, 4135911, 0, 0, 0
96003, 4253868, 0, 0, 0
97002, 4217388, 0, 0, 0
98001, 4191395, 0, 0, 0
99000, 4136347, 0, 0, 0
100000, 4146560, 0, 0, 0
101000, 4259559, 0, 0, 0
102000, 4164892, 0, 0, 0
103001, 4253913, 0, 0, 0
104000, 4278518, 0, 0, 0
105000, 4129159, 0, 0, 0
106003, 4148331, 0, 0, 0
107000, 4092235, 0, 0, 0
108000, 4156015, 0, 0, 0
109000, 4188650, 0, 0, 0
110002, 4217672, 0, 0, 0
111002, 4252951, 0, 0, 0
112000, 4225050, 0, 0, 0
113000, 4330645, 0, 0, 0
114000, 4165382, 0, 0, 0
115001, 4197305, 0, 0, 0
116001, 4201546, 0, 0, 0
117002, 4226691, 0, 0, 0
118000, 4254549, 0, 0, 0
119003, 4229496, 0, 0, 0
120000, 4231354, 0, 0, 0
121006, 4366056, 0, 0, 0
122001, 4311358, 0, 0, 0
123001, 4207543, 0, 0, 0
124001, 4085897, 0, 0, 0
125001, 4154190, 0, 0, 0
126000, 4188613, 0, 0, 0
127007, 4150961, 0, 0, 0
128000, 4144493, 0, 0, 0
129001, 4182201, 0, 0, 0
130000, 4260862, 0, 0, 0
131000, 4128839, 0, 0, 0
132007, 4213113, 0, 0, 0
133000, 4236369, 0, 0, 0
134000, 4165881, 0, 0, 0
135003, 4116653, 0, 0, 0
136000, 4215231, 0, 0, 0
137007, 4123062, 0, 0, 0
138002, 4161255, 0, 0, 0
139000, 4073193, 0, 0, 0
140001, 4061978, 0, 0, 0
141002, 4177826, 0, 0, 0
142000, 4142041, 0, 0, 0
143003, 4458749, 0, 0, 0
144000, 4148381, 0, 0, 0
145007, 4176931, 0, 0, 0
146000, 4067690, 0, 0, 0
147001, 4156424, 0, 0, 0
148002, 4149741, 0, 0, 0
149000, 4329930, 0, 0, 0
150001, 4118221, 0, 0, 0
151002, 4162685, 0, 0, 0
152000, 4173128, 0, 0, 0
153000, 4147787, 0, 0, 0
154000, 4244102, 0, 0, 0
155006, 4203176, 0, 0, 0
156000, 4147410, 0, 0, 0
157000, 4206099, 0, 0, 0
158000, 4150167, 0, 0, 0
159001, 4177834, 0, 0, 0
160000, 4161933, 0, 0, 0
161001, 4229090, 0, 0, 0
162000, 4153283, 0, 0, 0
163000, 4154404, 0, 0, 0
164000, 4249446, 0, 0, 0
165000, 4198232, 0, 0, 0
166007, 4196352, 0, 0, 0
167000, 4236726, 0, 0, 0
168001, 4168451, 0, 0, 0
169004, 4184305, 0, 0, 0
170001, 4041050, 0, 0, 0
171001, 4299142, 0, 0, 0
172000, 4204931, 0, 0, 0
173000, 4477010, 0, 0, 0
174000, 4244486, 0, 0, 0
175000, 4199407, 0, 0, 0
176005, 4163369, 0, 0, 0
177001, 4107229, 0, 0, 0
178000, 4187441, 0, 0, 0
179004, 4254366, 0, 0, 0
180000, 4143857, 0, 0, 0
180000, 1742927, 0, 0, 0
