1002, 29141611, 1, 0, 0
2003, 33165833, 1, 0, 0
3000, 33255496, 1, 0, 0
4008, 34060926, 1, 0, 0
5001, 33403348, 1, 0, 0
6012, 33572185, 1, 0, 0
7001, 33970628, 1, 0, 0
8005, 33285887, 1, 0, 0
9000, 33474458, 1, 0, 0
10011, 33568271, 1, 0, 0
11006, 33527900, 1, 0, 0
12000, 32780901, 1, 0, 0
13027, 33828830, 1, 0, 0
14006, 33305198, 1, 0, 0
15000, 33248245, 1, 0, 0
16005, 33358508, 1, 0, 0
17004, 33674863, 1, 0, 0
18001, 33188113, 1, 0, 0
19005, 33341419, 1, 0, 0
20003, 33362767, 1, 0, 0
21011, 33351345, 1, 0, 0
22005, 33222570, 1, 0, 0
23000, 34234234, 1, 0, 0
24006, 33300665, 1, 0, 0
25001, 33187191, 1, 0, 0
26000, 33221010, 1, 0, 0
27008, 33758980, 1, 0, 0
28005, 32888883, 1, 0, 0
29013, 33085868, 1, 0, 0
30003, 33509879, 1, 0, 0
31000, 33685827, 1, 0, 0
32001, 33274761, 1, 0, 0
33000, 33527408, 1, 0, 0
34006, 32947921, 1, 0, 0
35010, 33139564, 1, 0, 0
36007, 33855171, 1, 0, 0
37001, 33649757, 1, 0, 0
38010, 32974910, 1, 0, 0
39005, 33265284, 1, 0, 0
40000, 32518974, 1, 0, 0
41008, 33790179, 1, 0, 0
42002, 32798077, 1, 0, 0
43000, 32917668, 1, 0, 0
44005, 33667318, 1, 0, 0
45001, 33303400, 1, 0, 0
46011, 33744537, 1, 0, 0
47005, 33389690, 1, 0, 0
48000, 33091834, 1, 0, 0
49002, 33494654, 1, 0, 0
50002, 33294461, 1, 0, 0
51000, 33426319, 1, 0, 0
52005, 33530535, 1, 0, 0
53002, 33167177, 1, 0, 0
54002, 32997498, 1, 0, 0
55009, 33688893, 1, 0, 0
56000, 33046645, 1, 0, 0
57014, 32939146, 1, 0, 0
58000, 33121725, 1, 0, 0
59001, 33742195, 1, 0, 0
60002, 33483452, 1, 0, 0
61001, 33116416, 1, 0, 0
62002, 33145680, 1, 0, 0
63000, 33147556, 1, 0, 0
64007, 33591061, 1, 0, 0
65002, 32483866, 1, 0, 0
66001, 32912955, 1, 0, 0
67007, 33947024, 1, 0, 0
68004, 33302600, 1, 0, 0
69001, 33878388, 1, 0, 0
70006, 33986818, 1, 0, 0
71003, 33915803, 1, 0, 0
72000, 33266023, 1, 0, 0
73006, 33372008, 1, 0, 0
74000, 33028143, 1, 0, 0
75002, 33085879, 1, 0, 0
76003, 34070144, 1, 0, 0
77010, 32681910, 1, 0, 0
78000, 32718203, 1, 0, 0
79000, 33792143, 1, 0, 0
80005, 33645631, 1, 0, 0
81003, 33326148, 1, 0, 0
82000, 33853957, 1, 0, 0
83005, 32945533, 1, 0, 0
84003, 34321299, 1, 0, 0
85000, 33346110, 1, 0, 0
86007, 34428256, 1, 0, 0
87000, 33006134, 1, 0, 0
88009, 33766694, 1, 0, 0
89003, 33204779, 1, 0, 0
90012, 33704050, 1, 0, 0
91008, 33199300, 1, 0, 0
92000, 32974219, 1, 0, 0
93007, 33106403, 1, 0, 0
94003, 33435450, 1, 0, 0
95000, 32964268, 1, 0, 0
96005, 34444814, 1, 0, 0
97000, 33371825, 1, 0, 0
98001, 33338894, 1, 0, 0
99000, 33019277, 1, 0, 0
100000, 33222608, 1, 0, 0
101007, 33524048, 1, 0, 0
102003, 33195473, 1, 0, 0
103000, 33467661, 1, 0, 0
104005, 33632881, 1, 0, 0
105000, 33324575, 1, 0, 0
106010, 33132649, 1, 0, 0
107000, 33056876, 1, 0, 0
108008, 32808675, 1, 0, 0
109001, 34845187, 1, 0, 0
110010, 33417845, 1, 0, 0
111006, 33602617, 1, 0, 0
112000, 33627789, 1, 0, 0
113009, 34201578, 1, 0, 0
114007, 33039063, 1, 0, 0
115001, 33271565, 1, 0, 0
116010, 34115799, 1, 0, 0
117001, 33984107, 1, 0, 0
118001, 32796958, 1, 0, 0
119010, 33197964, 1, 0, 0
120003, 33784285, 1, 0, 0
121012, 33189730, 1, 0, 0
122003, 33742134, 1, 0, 0
123000, 32875035, 1, 0, 0
124010, 33405861, 1, 0, 0
125000, 33172524, 1, 0, 0
126011, 33467704, 1, 0, 0
127004, 34297842, 1, 0, 0
128001, 33428244, 1, 0, 0
129000, 34241256, 1, 0, 0
130001, 33468883, 1, 0, 0
131000, 33738261, 1, 0, 0
132004, 33143670, 1, 0, 0
133008, 34125954, 1, 0, 0
134003, 32855438, 1, 0, 0
135001, 33686735, 1, 0, 0
136000, 33538178, 1, 0, 0
137007, 33639554, 1, 0, 0
138001, 33254661, 1, 0, 0
139000, 34410726, 1, 0, 0
140000, 33660012, 1, 0, 0
141009, 33229518, 1, 0, 0
142002, 32843124, 1, 0, 0
143000, 33581964, 1, 0, 0
144006, 33648869, 1, 0, 0
145000, 33613807, 1, 0, 0
146000, 33089667, 1, 0, 0
147008, 33773285, 1, 0, 0
148001, 33339949, 1, 0, 0
149010, 32984018, 1, 0, 0
150002, 33333316, 1, 0, 0
151000, 33742040, 1, 0, 0
152006, 33957569, 1, 0, 0
153000, 33475846, 1, 0, 0
154002, 32832663, 1, 0, 0
155001, 33659440, 1, 0, 0
156000, 33608114, 1, 0, 0
157006, 33918188, 1, 0, 0
158000, 33590425, 1, 0, 0
159009, 33369379, 1, 0, 0
160006, 33858691, 1, 0, 0
161002, 33665559, 1, 0, 0
162000, 33427491, 1, 0, 0
163010, 33687078, 1, 0, 0
164001, 33688975, 1, 0, 0
165009, 33061339, 1, 0, 0
166006, 33856165, 1, 0, 0
167000, 33130882, 1, 0, 0
168006, 34132676, 1, 0, 0
169002, 32800527, 1, 0, 0
170009, 33915672, 1, 0, 0
171004, 33480904, 1, 0, 0
172001, 33234596, 1, 0, 0
173000, 33541116, 1, 0, 0
174000, 34114890, 1, 0, 0
175005, 33606416, 1, 0, 0
176000, 33234284, 1, 0, 0
177000, 33429178, 1, 0, 0
178000, 33531766, 1, 0, 0
179000, 33408167, 1, 0, 0
180000, 33817830, 1, 0, 0
180022, 49201016, 1, 0, 0
