1000, 2124, 0, 0, 0
2000, 1876, 0, 0, 0
3000, 1881, 0, 0, 0
4001, 1848, 0, 0, 0
5000, 1909, 0, 0, 0
6000, 2026, 0, 0, 0
7000, 1917, 0, 0, 0
8000, 1872, 0, 0, 0
9000, 1921, 0, 0, 0
10000, 1888, 0, 0, 0
11000, 1913, 0, 0, 0
12000, 1905, 0, 0, 0
13000, 1905, 0, 0, 0
14000, 1961, 0, 0, 0
15000, 1964, 0, 0, 0
16000, 1941, 0, 0, 0
17000, 1901, 0, 0, 0
18000, 1924, 0, 0, 0
19000, 1912, 0, 0, 0
20000, 1929, 0, 0, 0
21001, 1872, 0, 0, 0
22002, 1926, 0, 0, 0
23002, 1920, 0, 0, 0
24003, 1888, 0, 0, 0
25004, 1904, 0, 0, 0
26004, 1916, 0, 0, 0
27005, 1904, 0, 0, 0
28006, 1892, 0, 0, 0
29006, 1960, 0, 0, 0
30007, 1892, 0, 0, 0
31008, 1912, 0, 0, 0
32009, 1908, 0, 0, 0
33010, 1920, 0, 0, 0
34011, 1904, 0, 0, 0
35012, 1952, 0, 0, 0
36013, 1880, 0, 0, 0
37013, 1892, 0, 0, 0
38014, 1878, 0, 0, 0
39014, 1860, 0, 0, 0
40015, 1908, 0, 0, 0
41016, 1880, 0, 0, 0
42016, 1872, 0, 0, 0
43017, 1996, 0, 0, 0
44018, 1884, 0, 0, 0
45018, 1836, 0, 0, 0
46019, 1988, 0, 0, 0
47020, 2024, 0, 0, 0
48021, 1900, 0, 0, 0
49022, 1858, 0, 0, 0
50022, 1908, 0, 0, 0
51023, 1924, 0, 0, 0
52024, 1948, 0, 0, 0
53024, 1924, 0, 0, 0
54025, 1940, 0, 0, 0
55026, 1920, 0, 0, 0
56027, 1928, 0, 0, 0
57027, 1904, 0, 0, 0
58028, 1892, 0, 0, 0
59028, 1860, 0, 0, 0
60029, 1988, 0, 0, 0
61029, 1940, 0, 0, 0
62030, 1916, 0, 0, 0
63030, 1928, 0, 0, 0
64031, 1920, 0, 0, 0
65032, 1952, 0, 0, 0
66033, 1924, 0, 0, 0
67034, 1922, 0, 0, 0
68035, 1896, 0, 0, 0
69036, 1914, 0, 0, 0
70037, 1924, 0, 0, 0
71038, 1908, 0, 0, 0
72039, 1904, 0, 0, 0
73040, 1950, 0, 0, 0
74041, 1864, 0, 0, 0
75041, 1932, 0, 0, 0
76042, 1928, 0, 0, 0
77042, 1908, 0, 0, 0
78043, 1920, 0, 0, 0
79044, 1910, 0, 0, 0
80044, 1961, 0, 0, 0
81045, 1954, 0, 0, 0
82046, 1870, 0, 0, 0
83047, 1936, 0, 0, 0
84048, 1928, 0, 0, 0
85049, 1934, 0, 0, 0
86050, 1904, 0, 0, 0
87051, 1912, 0, 0, 0
88052, 1912, 0, 0, 0
89053, 1904, 0, 0, 0
90053, 1972, 0, 0, 0
91054, 1912, 0, 0, 0
92055, 1916, 0, 0, 0
93056, 1932, 0, 0, 0
94057, 1880, 0, 0, 0
95057, 1872, 0, 0, 0
96058, 1904, 0, 0, 0
97059, 1912, 0, 0, 0
98060, 1926, 0, 0, 0
99061, 1886, 0, 0, 0
100062, 1992, 0, 0, 0
101062, 1889, 0, 0, 0
102063, 1888, 0, 0, 0
103063, 1961, 0, 0, 0
104062, 1925, 0, 0, 0
105062, 1877, 0, 0, 0
106062, 1933, 0, 0, 0
107063, 1848, 0, 0, 0
108063, 1917, 0, 0, 0
109063, 1949, 0, 0, 0
110062, 1913, 0, 0, 0
111062, 1953, 0, 0, 0
112063, 1896, 0, 0, 0
113063, 1937, 0, 0, 0
114063, 1924, 0, 0, 0
115063, 1908, 0, 0, 0
116063, 1873, 0, 0, 0
117063, 1965, 0, 0, 0
118063, 1877, 0, 0, 0
119062, 1885, 0, 0, 0
120062, 1972, 0, 0, 0
121063, 1828, 0, 0, 0
122062, 1913, 0, 0, 0
123062, 1900, 0, 0, 0
124062, 1901, 0, 0, 0
125062, 1964, 0, 0, 0
126062, 1877, 0, 0, 0
127062, 1841, 0, 0, 0
128063, 1944, 0, 0, 0
129063, 1860, 0, 0, 0
130063, 1937, 0, 0, 0
131062, 1925, 0, 0, 0
132062, 1901, 0, 0, 0
133063, 1932, 0, 0, 0
134063, 1949, 0, 0, 0
135063, 1849, 0, 0, 0
136063, 1961, 0, 0, 0
137063, 1844, 0, 0, 0
138063, 1936, 0, 0, 0
139063, 1921, 0, 0, 0
140063, 1881, 0, 0, 0
141063, 1981, 0, 0, 0
142062, 1917, 0, 0, 0
143062, 1897, 0, 0, 0
144062, 1901, 0, 0, 0
145063, 1968, 0, 0, 0
146062, 1953, 0, 0, 0
147062, 1933, 0, 0, 0
148063, 1904, 0, 0, 0
149062, 1925, 0, 0, 0
150063, 1980, 0, 0, 0
151063, 1924, 0, 0, 0
152063, 1885, 0, 0, 0
153062, 1905, 0, 0, 0
154062, 1909, 0, 0, 0
155062, 1969, 0, 0, 0
156063, 1900, 0, 0, 0
157063, 1945, 0, 0, 0
158063, 1977, 0, 0, 0
159063, 1865, 0, 0, 0
160063, 1909, 0, 0, 0
161062, 1845, 0, 0, 0
162063, 1836, 0, 0, 0
163063, 1948, 0, 0, 0
164063, 1973, 0, 0, 0
165062, 1873, 0, 0, 0
166062, 1933, 0, 0, 0
167063, 1872, 0, 0, 0
168063, 1933, 0, 0, 0
169063, 1948, 0, 0, 0
170063, 1857, 0, 0, 0
171063, 2006, 0, 0, 0
172063, 1896, 0, 0, 0
173063, 1940, 0, 0, 0
174063, 1940, 0, 0, 0
175063, 1913, 0, 0, 0
176063, 1957, 0, 0, 0
177063, 1873, 0, 0, 0
178063, 1928, 0, 0, 0
179063, 1949, 0, 0, 0
