999, 477, 0, 0, 0
1999, 492, 0, 0, 0
3000, 470, 0, 0, 0
4000, 501, 0, 0, 0
5000, 486, 0, 0, 0
6000, 463, 0, 0, 0
7000, 509, 0, 0, 0
8001, 495, 0, 0, 0
9000, 477, 0, 0, 0
10000, 475, 0, 0, 0
11000, 491, 0, 0, 0
12000, 484, 0, 0, 0
13000, 463, 0, 0, 0
14000, 495, 0, 0, 0
15000, 495, 0, 0, 0
16000, 470, 0, 0, 0
17000, 488, 0, 0, 0
18000, 496, 0, 0, 0
19000, 477, 0, 0, 0
20000, 486, 0, 0, 0
21000, 468, 0, 0, 0
22000, 489, 0, 0, 0
23000, 487, 0, 0, 0
24000, 490, 0, 0, 0
25000, 486, 0, 0, 0
26000, 496, 0, 0, 0
27000, 484, 0, 0, 0
28000, 488, 0, 0, 0
29000, 475, 0, 0, 0
30000, 497, 0, 0, 0
31000, 489, 0, 0, 0
32000, 455, 0, 0, 0
33000, 504, 0, 0, 0
34000, 475, 0, 0, 0
35000, 478, 0, 0, 0
36000, 445, 0, 0, 0
37000, 474, 0, 0, 0
38000, 478, 0, 0, 0
39000, 466, 0, 0, 0
40000, 476, 0, 0, 0
41000, 458, 0, 0, 0
42000, 465, 0, 0, 0
43000, 446, 0, 0, 0
44000, 468, 0, 0, 0
45000, 483, 0, 0, 0
46000, 472, 0, 0, 0
47000, 449, 0, 0, 0
48000, 468, 0, 0, 0
49000, 475, 0, 0, 0
50000, 452, 0, 0, 0
51001, 484, 0, 0, 0
52001, 463, 0, 0, 0
53000, 472, 0, 0, 0
54000, 510, 0, 0, 0
55000, 451, 0, 0, 0
56000, 465, 0, 0, 0
57001, 463, 0, 0, 0
58000, 454, 0, 0, 0
59000, 444, 0, 0, 0
60000, 463, 0, 0, 0
61000, 429, 0, 0, 0
62000, 508, 0, 0, 0
63000, 450, 0, 0, 0
64000, 447, 0, 0, 0
65000, 438, 0, 0, 0
66000, 466, 0, 0, 0
67000, 471, 0, 0, 0
68000, 413, 0, 0, 0
69000, 428, 0, 0, 0
70000, 458, 0, 0, 0
71000, 454, 0, 0, 0
72000, 478, 0, 0, 0
73000, 477, 0, 0, 0
74000, 475, 0, 0, 0
75000, 474, 0, 0, 0
76000, 488, 0, 0, 0
77000, 483, 0, 0, 0
78000, 478, 0, 0, 0
79001, 481, 0, 0, 0
80000, 493, 0, 0, 0
81000, 494, 0, 0, 0
82000, 496, 0, 0, 0
83000, 485, 0, 0, 0
84000, 500, 0, 0, 0
85000, 469, 0, 0, 0
86000, 470, 0, 0, 0
87000, 486, 0, 0, 0
88001, 483, 0, 0, 0
89000, 466, 0, 0, 0
90000, 493, 0, 0, 0
91000, 486, 0, 0, 0
92000, 476, 0, 0, 0
93000, 498, 0, 0, 0
94000, 488, 0, 0, 0
95000, 467, 0, 0, 0
96000, 465, 0, 0, 0
97000, 458, 0, 0, 0
98000, 473, 0, 0, 0
99000, 482, 0, 0, 0
100000, 462, 0, 0, 0
101000, 448, 0, 0, 0
102000, 451, 0, 0, 0
103000, 485, 0, 0, 0
104000, 466, 0, 0, 0
105000, 481, 0, 0, 0
106000, 485, 0, 0, 0
107000, 467, 0, 0, 0
108000, 461, 0, 0, 0
109000, 460, 0, 0, 0
110000, 501, 0, 0, 0
111000, 503, 0, 0, 0
112000, 491, 0, 0, 0
113000, 461, 0, 0, 0
114000, 468, 0, 0, 0
115000, 421, 0, 0, 0
116000, 468, 0, 0, 0
117000, 445, 0, 0, 0
118000, 466, 0, 0, 0
119000, 448, 0, 0, 0
120000, 446, 0, 0, 0
121000, 411, 0, 0, 0
122001, 475, 0, 0, 0
123001, 443, 0, 0, 0
124000, 466, 0, 0, 0
125000, 463, 0, 0, 0
126000, 509, 0, 0, 0
127000, 481, 0, 0, 0
128000, 477, 0, 0, 0
129001, 485, 0, 0, 0
130001, 448, 0, 0, 0
131000, 460, 0, 0, 0
132000, 480, 0, 0, 0
133000, 454, 0, 0, 0
134000, 448, 0, 0, 0
135000, 472, 0, 0, 0
136000, 468, 0, 0, 0
137000, 477, 0, 0, 0
138001, 476, 0, 0, 0
139000, 474, 0, 0, 0
140000, 483, 0, 0, 0
141001, 478, 0, 0, 0
142000, 460, 0, 0, 0
143000, 477, 0, 0, 0
144000, 490, 0, 0, 0
145000, 478, 0, 0, 0
146000, 467, 0, 0, 0
147001, 466, 0, 0, 0
148000, 464, 0, 0, 0
149000, 443, 0, 0, 0
150000, 443, 0, 0, 0
151000, 461, 0, 0, 0
152000, 463, 0, 0, 0
153000, 467, 0, 0, 0
154000, 481, 0, 0, 0
155000, 450, 0, 0, 0
156000, 470, 0, 0, 0
157000, 487, 0, 0, 0
158000, 462, 0, 0, 0
159000, 470, 0, 0, 0
160000, 454, 0, 0, 0
161000, 445, 0, 0, 0
162000, 447, 0, 0, 0
163000, 477, 0, 0, 0
164000, 508, 0, 0, 0
165000, 505, 0, 0, 0
166001, 492, 0, 0, 0
167000, 500, 0, 0, 0
168000, 509, 0, 0, 0
169000, 498, 0, 0, 0
170000, 522, 0, 0, 0
171000, 530, 0, 0, 0
172000, 510, 0, 0, 0
173000, 491, 0, 0, 0
174000, 493, 0, 0, 0
175000, 487, 0, 0, 0
176000, 491, 0, 0, 0
177000, 499, 0, 0, 0
178000, 497, 0, 0, 0
179000, 516, 0, 0, 0
180000, 409, 0, 0, 0
