1032, 14573202, 0, 0, 0
2026, 16860863, 0, 0, 0
3035, 16930810, 0, 0, 0
4030, 16620356, 0, 0, 0
5033, 16770769, 0, 0, 0
6036, 16845790, 0, 0, 0
7031, 16756936, 0, 0, 0
8026, 16608310, 0, 0, 0
9000, 16720261, 0, 0, 0
10029, 16617126, 0, 0, 0
11027, 16446832, 0, 0, 0
12032, 16813054, 0, 0, 0
13030, 16688688, 0, 0, 0
14040, 16692478, 0, 0, 0
15032, 16523788, 0, 0, 0
16028, 16508372, 0, 0, 0
17038, 16678990, 0, 0, 0
18031, 16849683, 0, 0, 0
19026, 16961843, 0, 0, 0
20034, 16812183, 0, 0, 0
21028, 16669811, 0, 0, 0
22000, 16830169, 0, 0, 0
23031, 16755288, 0, 0, 0
24000, 16818697, 0, 0, 0
25025, 16519810, 0, 0, 0
26028, 16585786, 0, 0, 0
27000, 17034165, 0, 0, 0
28026, 16391877, 0, 0, 0
29030, 16911486, 0, 0, 0
30027, 16712616, 0, 0, 0
31031, 16782403, 0, 0, 0
32025, 16875472, 0, 0, 0
33040, 16766477, 0, 0, 0
34026, 17101617, 0, 0, 0
35028, 16572700, 0, 0, 0
36041, 16604427, 0, 0, 0
37028, 16892074, 0, 0, 0
38032, 16885437, 0, 0, 0
39000, 16801997, 0, 0, 0
40031, 16419889, 0, 0, 0
41042, 16784335, 0, 0, 0
42000, 16846710, 0, 0, 0
43029, 16816079, 0, 0, 0
44041, 16978495, 0, 0, 0
45029, 16806125, 0, 0, 0
46031, 16806588, 0, 0, 0
47026, 16326771, 0, 0, 0
48000, 16957056, 0, 0, 0
49030, 16639468, 0, 0, 0
50039, 16810853, 0, 0, 0
51000, 16581381, 0, 0, 0
52026, 16530759, 0, 0, 0
53039, 16562749, 0, 0, 0
54033, 16570266, 0, 0, 0
55026, 16818476, 0, 0, 0
56000, 17101681, 0, 0, 0
57029, 16502442, 0, 0, 0
58040, 16799659, 0, 0, 0
59027, 16649713, 0, 0, 0
60029, 16719264, 0, 0, 0
61028, 16522536, 0, 0, 0
62038, 16967450, 0, 0, 0
63028, 16738579, 0, 0, 0
64029, 16554734, 0, 0, 0
65038, 16458177, 0, 0, 0
66032, 16753177, 0, 0, 0
67025, 16393573, 0, 0, 0
68035, 16909089, 0, 0, 0
69000, 16732683, 0, 0, 0
70028, 16605092, 0, 0, 0
71033, 16842446, 0, 0, 0
72027, 16839654, 0, 0, 0
73030, 16625041, 0, 0, 0
74035, 16664928, 0, 0, 0
75028, 16792557, 0, 0, 0
76000, 17016556, 0, 0, 0
77029, 16520076, 0, 0, 0
78028, 16660271, 0, 0, 0
79000, 16784394, 0, 0, 0
80030, 16204992, 0, 0, 0
81026, 16954057, 0, 0, 0
82034, 16883035, 0, 0, 0
83029, 16563124, 0, 0, 0
84038, 16757587, 0, 0, 0
85033, 16852263, 0, 0, 0
86026, 16820837, 0, 0, 0
87037, 16708005, 0, 0, 0
88030, 16839046, 0, 0, 0
89040, 16700395, 0, 0, 0
90000, 16861688, 0, 0, 0
91028, 16569759, 0, 0, 0
92026, 16968734, 0, 0, 0
93036, 16700578, 0, 0, 0
94029, 16066720, 0, 0, 0
95039, 16653998, 0, 0, 0
96031, 16528389, 0, 0, 0
97039, 16487942, 0, 0, 0
98035, 16759746, 0, 0, 0
99030, 16823687, 0, 0, 0
100041, 16672969, 0, 0, 0
101036, 16824186, 0, 0, 0
102027, 16680252, 0, 0, 0
103027, 16526981, 0, 0, 0
104000, 17254207, 0, 0, 0
105028, 16456311, 0, 0, 0
106030, 16788601, 0, 0, 0
107026, 16564319, 0, 0, 0
108037, 17050317, 0, 0, 0
109027, 16847634, 0, 0, 0
110035, 16809361, 0, 0, 0
111030, 16968155, 0, 0, 0
112035, 16442593, 0, 0, 0
113000, 16997160, 0, 0, 0
114032, 16635591, 0, 0, 0
115029, 17185237, 0, 0, 0
116028, 16671848, 0, 0, 0
117036, 16753181, 0, 0, 0
118031, 16967320, 0, 0, 0
119025, 16469125, 0, 0, 0
120034, 16623824, 0, 0, 0
121027, 16576651, 0, 0, 0
122034, 16523711, 0, 0, 0
123030, 16416187, 0, 0, 0
124037, 16718295, 0, 0, 0
125031, 16926603, 0, 0, 0
126026, 16491041, 0, 0, 0
127030, 16657578, 0, 0, 0
128026, 16546520, 0, 0, 0
129026, 17199134, 0, 0, 0
130037, 16747001, 0, 0, 0
131027, 16576462, 0, 0, 0
132026, 16805963, 0, 0, 0
133028, 16773425, 0, 0, 0
134029, 16815586, 0, 0, 0
135039, 16893003, 0, 0, 0
136032, 16591274, 0, 0, 0
137027, 16788018, 0, 0, 0
138032, 16522896, 0, 0, 0
139026, 16829948, 0, 0, 0
140031, 16739035, 0, 0, 0
141025, 16476297, 0, 0, 0
142030, 16908309, 0, 0, 0
143027, 16446208, 0, 0, 0
144032, 16964987, 0, 0, 0
145029, 16840343, 0, 0, 0
146039, 16475403, 0, 0, 0
147032, 17028470, 0, 0, 0
148028, 16577350, 0, 0, 0
149032, 16616579, 0, 0, 0
150034, 16769319, 0, 0, 0
151027, 16619823, 0, 0, 0
152040, 16624053, 0, 0, 0
153025, 16879944, 0, 0, 0
154029, 16832434, 0, 0, 0
155040, 16758996, 0, 0, 0
156029, 16801463, 0, 0, 0
157029, 16713998, 0, 0, 0
158027, 16577613, 0, 0, 0
159036, 16644449, 0, 0, 0
160029, 16594308, 0, 0, 0
161026, 16430894, 0, 0, 0
162005, 16700095, 0, 0, 0
163003, 16786649, 0, 0, 0
164040, 16741406, 0, 0, 0
165001, 17002041, 0, 0, 0
166028, 16443038, 0, 0, 0
167033, 16795970, 0, 0, 0
168004, 16859803, 0, 0, 0
169030, 16576213, 0, 0, 0
170028, 16509674, 0, 0, 0
171036, 16553804, 0, 0, 0
172031, 17061693, 0, 0, 0
173026, 16796670, 0, 0, 0
174000, 17036766, 0, 0, 0
175029, 16548368, 0, 0, 0
176032, 16798515, 0, 0, 0
177026, 16803656, 0, 0, 0
178028, 16633167, 0, 0, 0
179000, 16768309, 0, 0, 0
180030, 16689851, 0, 0, 0
180032, 39398520, 0, 0, 0
