1003, 59289823, 0, 0, 0
2000, 67573057, 0, 0, 0
3010, 66102815, 0, 0, 0
4003, 67499782, 0, 0, 0
5000, 66690617, 0, 0, 0
6000, 66770877, 0, 0, 0
7007, 66846859, 0, 0, 0
8002, 67108989, 0, 0, 0
9000, 66710738, 0, 0, 0
10005, 67283269, 0, 0, 0
11000, 66869131, 0, 0, 0
12001, 66791979, 0, 0, 0
13003, 67179145, 0, 0, 0
14000, 66858547, 0, 0, 0
15002, 66621771, 0, 0, 0
16000, 68030729, 0, 0, 0
17000, 66003930, 0, 0, 0
18000, 66528151, 0, 0, 0
19006, 67019110, 0, 0, 0
20001, 66982781, 0, 0, 0
21000, 67102281, 0, 0, 0
22004, 67213705, 0, 0, 0
23000, 67258295, 0, 0, 0
24008, 66312000, 0, 0, 0
25003, 66481923, 0, 0, 0
26002, 66593471, 0, 0, 0
27000, 67415513, 0, 0, 0
28001, 66702274, 0, 0, 0
29004, 66325030, 0, 0, 0
30005, 67338527, 0, 0, 0
31001, 67118855, 0, 0, 0
32000, 66444043, 0, 0, 0
33005, 67004868, 0, 0, 0
34000, 66561923, 0, 0, 0
35010, 66971519, 0, 0, 0
36009, 67386406, 0, 0, 0
37003, 66751540, 0, 0, 0
38001, 67774949, 0, 0, 0
39000, 66525790, 0, 0, 0
40002, 67212303, 0, 0, 0
41000, 66709414, 0, 0, 0
42000, 67411263, 0, 0, 0
43000, 66459432, 0, 0, 0
44000, 66952713, 0, 0, 0
45006, 66949085, 0, 0, 0
46002, 66828707, 0, 0, 0
47000, 66988499, 0, 0, 0
48000, 66906895, 0, 0, 0
49008, 67476081, 0, 0, 0
50000, 67222558, 0, 0, 0
51000, 66529415, 0, 0, 0
52007, 66448546, 0, 0, 0
53004, 67176761, 0, 0, 0
54000, 66655055, 0, 0, 0
55007, 67610212, 0, 0, 0
56000, 66624752, 0, 0, 0
57008, 66293546, 0, 0, 0
58003, 67327169, 0, 0, 0
59001, 66860981, 0, 0, 0
60000, 66750268, 0, 0, 0
61006, 67197106, 0, 0, 0
62001, 66347569, 0, 0, 0
63000, 66532698, 0, 0, 0
64001, 67404135, 0, 0, 0
65000, 66569118, 0, 0, 0
66000, 67175934, 0, 0, 0
67001, 66574003, 0, 0, 0
68000, 66622916, 0, 0, 0
69005, 66792923, 0, 0, 0
70000, 66709910, 0, 0, 0
71000, 67291011, 0, 0, 0
72009, 66878700, 0, 0, 0
73000, 67896322, 0, 0, 0
74000, 66392819, 0, 0, 0
75010, 66584284, 0, 0, 0
76000, 67638400, 0, 0, 0
77000, 66644263, 0, 0, 0
78000, 66999858, 0, 0, 0
79000, 67535820, 0, 0, 0
80001, 66291727, 0, 0, 0
81000, 67025088, 0, 0, 0
82008, 67020697, 0, 0, 0
83001, 66841958, 0, 0, 0
84000, 66813340, 0, 0, 0
85006, 66678430, 0, 0, 0
86003, 67109526, 0, 0, 0
87000, 67271677, 0, 0, 0
88007, 67099617, 0, 0, 0
89001, 66735872, 0, 0, 0
90009, 66574687, 0, 0, 0
91002, 67470178, 0, 0, 0
92000, 66586651, 0, 0, 0
93009, 66429910, 0, 0, 0
94004, 68003022, 0, 0, 0
95000, 70703184, 0, 0, 0
96006, 66996153, 0, 0, 0
97000, 66833311, 0, 0, 0
98000, 66289922, 0, 0, 0
99004, 67812949, 0, 0, 0
100000, 66487146, 0, 0, 0
101000, 66520001, 0, 0, 0
102003, 67465904, 0, 0, 0
103000, 66839903, 0, 0, 0
104006, 67704713, 0, 0, 0
105000, 66781868, 0, 0, 0
106000, 66610938, 0, 0, 0
107007, 67116023, 0, 0, 0
108000, 66678963, 0, 0, 0
109008, 67106513, 0, 0, 0
110001, 66776385, 0, 0, 0
111001, 66874398, 0, 0, 0
112001, 66642661, 0, 0, 0
113002, 67340739, 0, 0, 0
114000, 67004858, 0, 0, 0
115008, 66532294, 0, 0, 0
116001, 67443322, 0, 0, 0
117000, 66938003, 0, 0, 0
118007, 66512994, 0, 0, 0
119000, 67330423, 0, 0, 0
120008, 66288370, 0, 0, 0
121000, 67869416, 0, 0, 0
122009, 66596932, 0, 0, 0
123004, 67174353, 0, 0, 0
124000, 66000932, 0, 0, 0
125007, 66875939, 0, 0, 0
126002, 66768333, 0, 0, 0
127000, 67399909, 0, 0, 0
128009, 66691695, 0, 0, 0
129002, 66975266, 0, 0, 0
130000, 67219535, 0, 0, 0
131000, 66673948, 0, 0, 0
132001, 67085092, 0, 0, 0
133005, 67041999, 0, 0, 0
134000, 66962806, 0, 0, 0
135010, 66462714, 0, 0, 0
136002, 67306536, 0, 0, 0
137000, 67003944, 0, 0, 0
138005, 66971987, 0, 0, 0
139001, 66687750, 0, 0, 0
140000, 66876303, 0, 0, 0
141005, 67349411, 0, 0, 0
142001, 66637240, 0, 0, 0
143000, 66561325, 0, 0, 0
144003, 66506258, 0, 0, 0
145004, 67442073, 0, 0, 0
146000, 66980985, 0, 0, 0
147004, 66898885, 0, 0, 0
148000, 66745638, 0, 0, 0
149007, 67621162, 0, 0, 0
150000, 66823055, 0, 0, 0
151000, 66678240, 0, 0, 0
152000, 67085999, 0, 0, 0
153004, 67404665, 0, 0, 0
154000, 66713153, 0, 0, 0
155000, 66796724, 0, 0, 0
156006, 66690396, 0, 0, 0
157001, 66165966, 0, 0, 0
158000, 67295291, 0, 0, 0
159010, 66567956, 0, 0, 0
160000, 67274563, 0, 0, 0
161000, 66939892, 0, 0, 0
162009, 66320342, 0, 0, 0
163003, 67369321, 0, 0, 0
164000, 66883421, 0, 0, 0
165004, 66967917, 0, 0, 0
166000, 66527262, 0, 0, 0
167000, 67126349, 0, 0, 0
168009, 66232984, 0, 0, 0
169002, 67309586, 0, 0, 0
170000, 67064338, 0, 0, 0
171000, 66604986, 0, 0, 0
172004, 67049684, 0, 0, 0
173000, 66886694, 0, 0, 0
174000, 67554567, 0, 0, 0
175007, 67480195, 0, 0, 0
176001, 66820490, 0, 0, 0
177000, 67001705, 0, 0, 0
178001, 66502751, 0, 0, 0
179001, 67104377, 0, 0, 0
180000, 76504451, 0, 0, 0
180057, 111792047, 0, 0, 0
