1000, 1936313, 1, 0, 0
2000, 2031537, 1, 0, 0
3000, 2059684, 1, 0, 0
4000, 2087738, 1, 0, 0
5000, 2030973, 1, 0, 0
6000, 2037569, 1, 0, 0
7001, 2141898, 1, 0, 0
8004, 2145666, 1, 0, 0
9000, 2194829, 1, 0, 0
10000, 2158456, 1, 0, 0
11001, 2045455, 1, 0, 0
12000, 2085631, 1, 0, 0
13000, 2205155, 1, 0, 0
14000, 2083173, 1, 0, 0
15000, 2011542, 1, 0, 0
16000, 2136005, 1, 0, 0
17000, 2186546, 1, 0, 0
18000, 2066198, 1, 0, 0
19000, 2121160, 1, 0, 0
20002, 2154430, 1, 0, 0
21000, 2095670, 1, 0, 0
22000, 2112776, 1, 0, 0
23001, 2064115, 1, 0, 0
24000, 2194056, 1, 0, 0
25000, 2132222, 1, 0, 0
26000, 2053206, 1, 0, 0
27000, 2090786, 1, 0, 0
28000, 2100088, 1, 0, 0
29002, 2046953, 1, 0, 0
30000, 2070308, 1, 0, 0
31000, 2112408, 1, 0, 0
32000, 2020923, 1, 0, 0
33002, 2130173, 1, 0, 0
34000, 2122695, 1, 0, 0
35000, 2069307, 1, 0, 0
36038, 2190335, 1, 0, 0
37000, 2024479, 1, 0, 0
38000, 2064741, 1, 0, 0
39000, 2022932, 1, 0, 0
40000, 2091901, 1, 0, 0
41000, 2023087, 1, 0, 0
42000, 2153768, 1, 0, 0
43000, 2053264, 1, 0, 0
44000, 2113993, 1, 0, 0
45000, 2077888, 1, 0, 0
46000, 2108267, 1, 0, 0
47000, 2035360, 1, 0, 0
48005, 2228467, 1, 0, 0
49001, 2324763, 1, 0, 0
50000, 1978268, 1, 0, 0
51001, 2110559, 1, 0, 0
52000, 2076477, 1, 0, 0
53000, 2168013, 1, 0, 0
54000, 2045229, 1, 0, 0
55000, 2175808, 1, 0, 0
56001, 2055322, 1, 0, 0
57000, 2156237, 1, 0, 0
58000, 2149625, 1, 0, 0
59000, 2141793, 1, 0, 0
60000, 2027965, 1, 0, 0
61005, 2052690, 1, 0, 0
62000, 2099372, 1, 0, 0
63014, 2068110, 1, 0, 0
64001, 1984487, 1, 0, 0
65000, 2067329, 1, 0, 0
66000, 2145563, 1, 0, 0
67000, 2091854, 1, 0, 0
68001, 2136352, 1, 0, 0
69002, 2170546, 1, 0, 0
70000, 2100808, 1, 0, 0
71001, 2045638, 1, 0, 0
72000, 1974161, 1, 0, 0
73000, 2149216, 1, 0, 0
74000, 2105424, 1, 0, 0
75000, 2187872, 1, 0, 0
76000, 2089773, 1, 0, 0
77010, 2157316, 1, 0, 0
78001, 1989051, 1, 0, 0
79000, 2071762, 1, 0, 0
80000, 2192600, 1, 0, 0
81000, 2060014, 1, 0, 0
82000, 2024538, 1, 0, 0
83001, 2063619, 1, 0, 0
84000, 2110506, 1, 0, 0
85001, 2029591, 1, 0, 0
86000, 2037175, 1, 0, 0
87001, 2093440, 1, 0, 0
88000, 2110494, 1, 0, 0
89000, 2169237, 1, 0, 0
90000, 2007100, 1, 0, 0
91000, 2104182, 1, 0, 0
92000, 2019569, 1, 0, 0
93001, 2042451, 1, 0, 0
94000, 2146196, 1, 0, 0
95000, 2127589, 1, 0, 0
96000, 2060958, 1, 0, 0
97000, 2070290, 1, 0, 0
98000, 2055440, 1, 0, 0
99000, 2117274, 1, 0, 0
100000, 2035605, 1, 0, 0
101000, 2150477, 1, 0, 0
102000, 2098995, 1, 0, 0
103000, 2032561, 1, 0, 0
104000, 2074652, 1, 0, 0
105000, 1993809, 1, 0, 0
106000, 2048614, 1, 0, 0
107000, 2031961, 1, 0, 0
108002, 2108423, 1, 0, 0
109000, 2100944, 1, 0, 0
110001, 2009206, 1, 0, 0
111000, 2174183, 1, 0, 0
112006, 2078908, 1, 0, 0
113000, 2052430, 1, 0, 0
114000, 2048941, 1, 0, 0
115000, 2104618, 1, 0, 0
116000, 2046751, 1, 0, 0
117000, 2075311, 1, 0, 0
118000, 2026621, 1, 0, 0
119000, 2095635, 1, 0, 0
120001, 2170782, 1, 0, 0
121001, 2206140, 1, 0, 0
122000, 2089506, 1, 0, 0
123000, 2164064, 1, 0, 0
124000, 2082399, 1, 0, 0
125000, 2099811, 1, 0, 0
126000, 2028345, 1, 0, 0
127000, 2013974, 1, 0, 0
128000, 2054290, 1, 0, 0
129000, 2148827, 1, 0, 0
130007, 2083002, 1, 0, 0
131000, 2056313, 1, 0, 0
132000, 2028101, 1, 0, 0
133001, 2087380, 1, 0, 0
134001, 2069308, 1, 0, 0
135000, 2051294, 1, 0, 0
136000, 2140010, 1, 0, 0
137000, 2096829, 1, 0, 0
138000, 2162491, 1, 0, 0
139000, 2065417, 1, 0, 0
140000, 2164112, 1, 0, 0
141001, 2160989, 1, 0, 0
142001, 2003361, 1, 0, 0
143000, 2037088, 1, 0, 0
144000, 2101009, 1, 0, 0
145000, 2082293, 1, 0, 0
146000, 2056869, 1, 0, 0
147000, 2176611, 1, 0, 0
148000, 2110290, 1, 0, 0
149000, 2006486, 1, 0, 0
150000, 2083159, 1, 0, 0
151001, 2156836, 1, 0, 0
152002, 1961383, 1, 0, 0
153000, 2216089, 1, 0, 0
154000, 2052588, 1, 0, 0
155001, 2111786, 1, 0, 0
156000, 2180895, 1, 0, 0
157000, 2116653, 1, 0, 0
158000, 2023854, 1, 0, 0
159000, 2061157, 1, 0, 0
160000, 2095961, 1, 0, 0
161001, 2174215, 1, 0, 0
162000, 2093792, 1, 0, 0
163000, 2141230, 1, 0, 0
164000, 2103746, 1, 0, 0
165000, 2109651, 1, 0, 0
166000, 2094093, 1, 0, 0
167001, 2090266, 1, 0, 0
168000, 2074936, 1, 0, 0
169000, 2002850, 1, 0, 0
170001, 2137901, 1, 0, 0
171000, 2034637, 1, 0, 0
172000, 2297994, 1, 0, 0
173001, 2258894, 1, 0, 0
174000, 1985750, 1, 0, 0
175000, 2149513, 1, 0, 0
176000, 2148786, 1, 0, 0
177000, 2039889, 1, 0, 0
178000, 2095349, 1, 0, 0
179000, 2015977, 1, 0, 0
180000, 2104119, 1, 0, 0
