1000, 7640, 0, 0, 0
2000, 7715, 0, 0, 0
3000, 7592, 0, 0, 0
4000, 7535, 0, 0, 0
5000, 7632, 0, 0, 0
6000, 7555, 0, 0, 0
7000, 7636, 0, 0, 0
8001, 7588, 0, 0, 0
9000, 7495, 0, 0, 0
10000, 7588, 0, 0, 0
11000, 7403, 0, 0, 0
12000, 7432, 0, 0, 0
13000, 7515, 0, 0, 0
14000, 7315, 0, 0, 0
15000, 7603, 0, 0, 0
16000, 7475, 0, 0, 0
17000, 7284, 0, 0, 0
18000, 7327, 0, 0, 0
19000, 7411, 0, 0, 0
20000, 7415, 0, 0, 0
21000, 7176, 0, 0, 0
22000, 7327, 0, 0, 0
23000, 7300, 0, 0, 0
24000, 7331, 0, 0, 0
25000, 7335, 0, 0, 0
26000, 7104, 0, 0, 0
27000, 7231, 0, 0, 0
28000, 7375, 0, 0, 0
29000, 7339, 0, 0, 0
30000, 7255, 0, 0, 0
31001, 7428, 0, 0, 0
32001, 7215, 0, 0, 0
33000, 7499, 0, 0, 0
34000, 7591, 0, 0, 0
35000, 7364, 0, 0, 0
36000, 7499, 0, 0, 0
37000, 7655, 0, 0, 0
38001, 7460, 0, 0, 0
39000, 7431, 0, 0, 0
40000, 7435, 0, 0, 0
41000, 7396, 0, 0, 0
42000, 7419, 0, 0, 0
43000, 7356, 0, 0, 0
44001, 7304, 0, 0, 0
45000, 7287, 0, 0, 0
46000, 7387, 0, 0, 0
47000, 7419, 0, 0, 0
48000, 7380, 0, 0, 0
49000, 7299, 0, 0, 0
50000, 7467, 0, 0, 0
51000, 7320, 0, 0, 0
52000, 7515, 0, 0, 0
53001, 7504, 0, 0, 0
54000, 7559, 0, 0, 0
55000, 7671, 0, 0, 0
56000, 7439, 0, 0, 0
57001, 7604, 0, 0, 0
58000, 7583, 0, 0, 0
59000, 7475, 0, 0, 0
60000, 7363, 0, 0, 0
61000, 7411, 0, 0, 0
62000, 7519, 0, 0, 0
63000, 7411, 0, 0, 0
64000, 7452, 0, 0, 0
65000, 7611, 0, 0, 0
66000, 7516, 0, 0, 0
67000, 7395, 0, 0, 0
68001, 7300, 0, 0, 0
69000, 7331, 0, 0, 0
70001, 7376, 0, 0, 0
71000, 7419, 0, 0, 0
72000, 7420, 0, 0, 0
73000, 7463, 0, 0, 0
74000, 7368, 0, 0, 0
75000, 7547, 0, 0, 0
76000, 7624, 0, 0, 0
77000, 7451, 0, 0, 0
78000, 7672, 0, 0, 0
79000, 7419, 0, 0, 0
80000, 7492, 0, 0, 0
81001, 7300, 0, 0, 0
82000, 7607, 0, 0, 0
83000, 6562, 0, 0, 0
84000, 7472, 0, 0, 0
85000, 7367, 0, 0, 0
86000, 7276, 0, 0, 0
87001, 7116, 0, 0, 0
88000, 7347, 0, 0, 0
89000, 7644, 0, 0, 0
90000, 7243, 0, 0, 0
91000, 7464, 0, 0, 0
92000, 7439, 0, 0, 0
93000, 7584, 0, 0, 0
94000, 7255, 0, 0, 0
95000, 7604, 0, 0, 0
96001, 7516, 0, 0, 0
97000, 7411, 0, 0, 0
98000, 7688, 0, 0, 0
99000, 7523, 0, 0, 0
100000, 7688, 0, 0, 0
101000, 7627, 0, 0, 0
102000, 7240, 0, 0, 0
103000, 7435, 0, 0, 0
104000, 7332, 0, 0, 0
105000, 7419, 0, 0, 0
106000, 7472, 0, 0, 0
107000, 7391, 0, 0, 0
108000, 7416, 0, 0, 0
109000, 7379, 0, 0, 0
110000, 7508, 0, 0, 0
111000, 7256, 0, 0, 0
112000, 7391, 0, 0, 0
113000, 7584, 0, 0, 0
114000, 7615, 0, 0, 0
115000, 6684, 0, 0, 0
116000, 7543, 0, 0, 0
117000, 7516, 0, 0, 0
118000, 7543, 0, 0, 0
119000, 7644, 0, 0, 0
120000, 7491, 0, 0, 0
121000, 7628, 0, 0, 0
122000, 7511, 0, 0, 0
123000, 7408, 0, 0, 0
124000, 7556, 0, 0, 0
125000, 7443, 0, 0, 0
126000, 7552, 0, 0, 0
127000, 7391, 0, 0, 0
128000, 7392, 0, 0, 0
129000, 7384, 0, 0, 0
130000, 7539, 0, 0, 0
131000, 7276, 0, 0, 0
132000, 7439, 0, 0, 0
133000, 7228, 0, 0, 0
134000, 7447, 0, 0, 0
135000, 7460, 0, 0, 0
136000, 7531, 0, 0, 0
137000, 7436, 0, 0, 0
138000, 7511, 0, 0, 0
139000, 7592, 0, 0, 0
140001, 7716, 0, 0, 0
141000, 7451, 0, 0, 0
142000, 7332, 0, 0, 0
143000, 7443, 0, 0, 0
144000, 5540, 0, 0, 0
145000, 7307, 0, 0, 0
146000, 7344, 0, 0, 0
147000, 6910, 0, 0, 0
148000, 7276, 0, 0, 0
149000, 7071, 0, 0, 0
150000, 7188, 0, 0, 0
151000, 7535, 0, 0, 0
152000, 7420, 0, 0, 0
153000, 7272, 0, 0, 0
154000, 7519, 0, 0, 0
155000, 7636, 0, 0, 0
156000, 7695, 0, 0, 0
157000, 7492, 0, 0, 0
158000, 7423, 0, 0, 0
159000, 7543, 0, 0, 0
160000, 7599, 0, 0, 0
161000, 7736, 0, 0, 0
162000, 7683, 0, 0, 0
163000, 7652, 0, 0, 0
164001, 7308, 0, 0, 0
165000, 7403, 0, 0, 0
166001, 7360, 0, 0, 0
167000, 7435, 0, 0, 0
168000, 7104, 0, 0, 0
169000, 7519, 0, 0, 0
170000, 7444, 0, 0, 0
171000, 7187, 0, 0, 0
172000, 7496, 0, 0, 0
173000, 7683, 0, 0, 0
174000, 7604, 0, 0, 0
175000, 7667, 0, 0, 0
176000, 7568, 0, 0, 0
177000, 7416, 0, 0, 0
178000, 7375, 0, 0, 0
179000, 7436, 0, 0, 0
180000, 7383, 0, 0, 0
