1002, 1843959, 1, 0, 0
2007, 2072529, 1, 0, 0
3003, 2095036, 1, 0, 0
4012, 2071563, 1, 0, 0
5007, 2029206, 1, 0, 0
6001, 2114974, 1, 0, 0
7006, 2040727, 1, 0, 0
8006, 2073795, 1, 0, 0
9003, 2032057, 1, 0, 0
10000, 2057633, 1, 0, 0
11004, 2080319, 1, 0, 0
12007, 2115774, 1, 0, 0
13001, 2059034, 1, 0, 0
14003, 2080020, 1, 0, 0
15005, 2077447, 1, 0, 0
16000, 2057771, 1, 0, 0
17007, 2093154, 1, 0, 0
18003, 2106912, 1, 0, 0
19000, 2093629, 1, 0, 0
20004, 2132745, 1, 0, 0
21002, 2104654, 1, 0, 0
22014, 2141592, 1, 0, 0
23008, 2123179, 1, 0, 0
24002, 2095172, 1, 0, 0
25004, 2108554, 1, 0, 0
26006, 2071276, 1, 0, 0
27007, 2086580, 1, 0, 0
28001, 2091883, 1, 0, 0
29006, 2068226, 1, 0, 0
30002, 2109282, 1, 0, 0
31013, 2094707, 1, 0, 0
32005, 2094074, 1, 0, 0
33001, 2076779, 1, 0, 0
34010, 2131945, 1, 0, 0
35005, 2110104, 1, 0, 0
36000, 2083630, 1, 0, 0
37000, 2196095, 1, 0, 0
38005, 2102558, 1, 0, 0
39003, 2108792, 1, 0, 0
40001, 2048120, 1, 0, 0
41011, 2150054, 1, 0, 0
42005, 2084158, 1, 0, 0
43001, 2154354, 1, 0, 0
44011, 2081865, 1, 0, 0
45005, 2104598, 1, 0, 0
46000, 2144294, 1, 0, 0
47008, 2120662, 1, 0, 0
48002, 2125322, 1, 0, 0
49003, 2109184, 1, 0, 0
50011, 2037366, 1, 0, 0
51007, 2062782, 1, 0, 0
52014, 2051844, 1, 0, 0
53011, 2147336, 1, 0, 0
54003, 2088173, 1, 0, 0
55015, 2025561, 1, 0, 0
56009, 2096004, 1, 0, 0
57000, 2114582, 1, 0, 0
58007, 2090711, 1, 0, 0
59006, 2049915, 1, 0, 0
60003, 2050715, 1, 0, 0
61006, 2156058, 1, 0, 0
62004, 2126764, 1, 0, 0
63000, 2076684, 1, 0, 0
64009, 2056416, 1, 0, 0
65002, 2030887, 1, 0, 0
66015, 2086443, 1, 0, 0
67012, 2097193, 1, 0, 0
68006, 2043342, 1, 0, 0
69000, 2070456, 1, 0, 0
70006, 2082541, 1, 0, 0
71026, 2287854, 1, 0, 0
72000, 1974723, 1, 0, 0
73004, 2039684, 1, 0, 0
74004, 2102844, 1, 0, 0
75000, 2118863, 1, 0, 0
76006, 2078353, 1, 0, 0
77001, 2105677, 1, 0, 0
78012, 2133945, 1, 0, 0
79005, 2118452, 1, 0, 0
80000, 2062755, 1, 0, 0
81001, 2111774, 1, 0, 0
82002, 2085224, 1, 0, 0
83004, 2064289, 1, 0, 0
84004, 2095600, 1, 0, 0
85014, 2090408, 1, 0, 0
86003, 2082948, 1, 0, 0
87004, 2058244, 1, 0, 0
88012, 2097338, 1, 0, 0
89000, 2083240, 1, 0, 0
90002, 2055299, 1, 0, 0
91010, 2123098, 1, 0, 0
92007, 2165044, 1, 0, 0
93014, 2154951, 1, 0, 0
94009, 2071615, 1, 0, 0
95002, 2185352, 1, 0, 0
96003, 2081269, 1, 0, 0
97014, 2103389, 1, 0, 0
98009, 2047020, 1, 0, 0
99002, 2054104, 1, 0, 0
100005, 2101468, 1, 0, 0
101007, 2083159, 1, 0, 0
102000, 2078135, 1, 0, 0
103003, 2126085, 1, 0, 0
104003, 2141598, 1, 0, 0
105008, 2081290, 1, 0, 0
106002, 1997222, 1, 0, 0
107002, 2115272, 1, 0, 0
108012, 2049906, 1, 0, 0
109006, 2160256, 1, 0, 0
110003, 2102808, 1, 0, 0
111014, 2066886, 1, 0, 0
112010, 2073287, 1, 0, 0
113007, 2068757, 1, 0, 0
114000, 2123066, 1, 0, 0
115000, 2053771, 1, 0, 0
116003, 2133096, 1, 0, 0
117006, 2093717, 1, 0, 0
118009, 2084912, 1, 0, 0
119000, 2084180, 1, 0, 0
120010, 2150373, 1, 0, 0
121004, 2039795, 1, 0, 0
122000, 2006608, 1, 0, 0
123012, 2122496, 1, 0, 0
124007, 2107955, 1, 0, 0
125003, 2083126, 1, 0, 0
126003, 2106489, 1, 0, 0
127005, 2124619, 1, 0, 0
128003, 2062112, 1, 0, 0
129014, 2052572, 1, 0, 0
130004, 2120647, 1, 0, 0
131004, 2081838, 1, 0, 0
132000, 2124496, 1, 0, 0
133003, 2122861, 1, 0, 0
134001, 2110377, 1, 0, 0
135000, 2121166, 1, 0, 0
136007, 2020894, 1, 0, 0
137000, 2115749, 1, 0, 0
138004, 2131646, 1, 0, 0
139003, 2086811, 1, 0, 0
140001, 2103670, 1, 0, 0
141006, 2167292, 1, 0, 0
142000, 2149423, 1, 0, 0
143010, 2113782, 1, 0, 0
144003, 2070441, 1, 0, 0
145006, 2114114, 1, 0, 0
146005, 2112752, 1, 0, 0
147001, 1989494, 1, 0, 0
148006, 2111741, 1, 0, 0
149015, 2105318, 1, 0, 0
150000, 2118990, 1, 0, 0
151005, 2044859, 1, 0, 0
152000, 2129758, 1, 0, 0
153014, 2097631, 1, 0, 0
154007, 2180004, 1, 0, 0
155004, 2128713, 1, 0, 0
156000, 2150434, 1, 0, 0
157011, 2079381, 1, 0, 0
158005, 2080593, 1, 0, 0
159000, 2043671, 1, 0, 0
160010, 2141127, 1, 0, 0
161005, 2099656, 1, 0, 0
162000, 2199370, 1, 0, 0
163000, 2070184, 1, 0, 0
164003, 2050291, 1, 0, 0
165011, 2145800, 1, 0, 0
166004, 2102133, 1, 0, 0
167014, 2074148, 1, 0, 0
168009, 2059634, 1, 0, 0
169003, 2115082, 1, 0, 0
170014, 2088263, 1, 0, 0
171001, 2082526, 1, 0, 0
172003, 2099827, 1, 0, 0
173000, 2085244, 1, 0, 0
174003, 2040963, 1, 0, 0
175002, 2085535, 1, 0, 0
176000, 2207164, 1, 0, 0
177001, 2030102, 1, 0, 0
178000, 2112890, 1, 0, 0
179005, 2080673, 1, 0, 0
180005, 2069325, 1, 0, 0
180006, 21368563, 1, 0, 0
