1001, 58605516, 1, 0, 0
2000, 67835039, 1, 0, 0
3002, 66604603, 1, 0, 0
4002, 67359495, 1, 0, 0
5002, 65761658, 1, 0, 0
6000, 67836400, 1, 0, 0
7000, 66893752, 1, 0, 0
8002, 66633536, 1, 0, 0
9001, 68042089, 1, 0, 0
10002, 65750290, 1, 0, 0
11000, 67475945, 1, 0, 0
12001, 66952976, 1, 0, 0
13002, 66722161, 1, 0, 0
14002, 66553496, 1, 0, 0
15000, 67603104, 1, 0, 0
16001, 66013608, 1, 0, 0
17000, 67830943, 1, 0, 0
18001, 66752440, 1, 0, 0
19002, 67081553, 1, 0, 0
20002, 66652067, 1, 0, 0
21000, 67439300, 1, 0, 0
22003, 66486782, 1, 0, 0
23001, 67007330, 1, 0, 0
24004, 67519229, 1, 0, 0
25001, 66055020, 1, 0, 0
26000, 67262698, 1, 0, 0
27000, 67138898, 1, 0, 0
28001, 66636854, 1, 0, 0
29000, 67808070, 1, 0, 0
30000, 67079502, 1, 0, 0
31001, 67140634, 1, 0, 0
32001, 67841460, 1, 0, 0
33001, 66485940, 1, 0, 0
34002, 67510539, 1, 0, 0
35000, 66513342, 1, 0, 0
36002, 66223064, 1, 0, 0
37001, 67400183, 1, 0, 0
38000, 66762715, 1, 0, 0
39000, 67366262, 1, 0, 0
40000, 66099483, 1, 0, 0
41000, 67408388, 1, 0, 0
42001, 66542490, 1, 0, 0
43000, 67219769, 1, 0, 0
44000, 65995238, 1, 0, 0
45001, 66978587, 1, 0, 0
46000, 67861515, 1, 0, 0
47000, 66827858, 1, 0, 0
48002, 66621285, 1, 0, 0
49000, 67451856, 1, 0, 0
50000, 66414879, 1, 0, 0
51000, 67496259, 1, 0, 0
52002, 67480009, 1, 0, 0
53002, 66689575, 1, 0, 0
54001, 67180242, 1, 0, 0
55001, 66547866, 1, 0, 0
56000, 67631802, 1, 0, 0
57000, 66081720, 1, 0, 0
58000, 67124003, 1, 0, 0
59001, 66713324, 1, 0, 0
60001, 66552811, 1, 0, 0
61000, 67280675, 1, 0, 0
62000, 66789965, 1, 0, 0
63003, 66105023, 1, 0, 0
64002, 68010083, 1, 0, 0
65000, 66949593, 1, 0, 0
66002, 66362828, 1, 0, 0
67000, 67784271, 1, 0, 0
68001, 66370525, 1, 0, 0
69000, 67840551, 1, 0, 0
70000, 66885430, 1, 0, 0
71000, 67370267, 1, 0, 0
72000, 66648066, 1, 0, 0
73000, 67332404, 1, 0, 0
74000, 67400180, 1, 0, 0
75001, 66965600, 1, 0, 0
76000, 67727027, 1, 0, 0
77000, 66402363, 1, 0, 0
78000, 66552300, 1, 0, 0
79001, 67310362, 1, 0, 0
80001, 66587566, 1, 0, 0
81000, 67590506, 1, 0, 0
82002, 66128330, 1, 0, 0
83001, 66764460, 1, 0, 0
84000, 67465740, 1, 0, 0
85002, 66681715, 1, 0, 0
86003, 67390235, 1, 0, 0
87000, 67312115, 1, 0, 0
88001, 67384008, 1, 0, 0
89003, 66716890, 1, 0, 0
90000, 67248940, 1, 0, 0
91001, 66724104, 1, 0, 0
92001, 67516578, 1, 0, 0
93002, 66852662, 1, 0, 0
94000, 67393034, 1, 0, 0
95000, 67210531, 1, 0, 0
96000, 66795490, 1, 0, 0
97004, 66964002, 1, 0, 0
98000, 67199195, 1, 0, 0
99000, 67030010, 1, 0, 0
100000, 66342422, 1, 0, 0
101000, 66965366, 1, 0, 0
102000, 66628913, 1, 0, 0
103001, 67086712, 1, 0, 0
104000, 67129682, 1, 0, 0
105000, 66718257, 1, 0, 0
106001, 67794145, 1, 0, 0
107000, 66772802, 1, 0, 0
108000, 66342184, 1, 0, 0
109000, 67057573, 1, 0, 0
110002, 67002214, 1, 0, 0
111001, 66583609, 1, 0, 0
112001, 67291005, 1, 0, 0
113000, 66584142, 1, 0, 0
114000, 66254407, 1, 0, 0
115000, 67330905, 1, 0, 0
116002, 67337652, 1, 0, 0
117002, 66878126, 1, 0, 0
118000, 67687584, 1, 0, 0
119000, 66751233, 1, 0, 0
120001, 67654941, 1, 0, 0
121000, 66752862, 1, 0, 0
122001, 66637235, 1, 0, 0
123002, 67642653, 1, 0, 0
124000, 66160271, 1, 0, 0
125000, 67185027, 1, 0, 0
126000, 66999330, 1, 0, 0
127001, 66836816, 1, 0, 0
128000, 67819532, 1, 0, 0
129000, 66632964, 1, 0, 0
130000, 66139304, 1, 0, 0
131000, 67200030, 1, 0, 0
132002, 65832971, 1, 0, 0
133000, 67437635, 1, 0, 0
134003, 67168194, 1, 0, 0
135000, 67737773, 1, 0, 0
136002, 66457817, 1, 0, 0
137000, 66977830, 1, 0, 0
138000, 68081359, 1, 0, 0
139002, 66655167, 1, 0, 0
140000, 66475688, 1, 0, 0
141001, 67520081, 1, 0, 0
142000, 67112653, 1, 0, 0
143000, 66576577, 1, 0, 0
144001, 67389352, 1, 0, 0
145000, 66405116, 1, 0, 0
146002, 67735837, 1, 0, 0
147001, 66262671, 1, 0, 0
148003, 67324051, 1, 0, 0
149001, 66725265, 1, 0, 0
150003, 66855690, 1, 0, 0
151000, 66306554, 1, 0, 0
152000, 67250742, 1, 0, 0
153000, 66291577, 1, 0, 0
154001, 67623442, 1, 0, 0
155000, 66614546, 1, 0, 0
156001, 67034193, 1, 0, 0
157000, 68060925, 1, 0, 0
158008, 66586540, 1, 0, 0
159001, 67462932, 1, 0, 0
160004, 66609047, 1, 0, 0
161000, 66852450, 1, 0, 0
162002, 66820426, 1, 0, 0
163002, 66396566, 1, 0, 0
164000, 67092133, 1, 0, 0
165002, 66429452, 1, 0, 0
166000, 67595450, 1, 0, 0
167001, 67030641, 1, 0, 0
168002, 67226628, 1, 0, 0
169002, 66187590, 1, 0, 0
170000, 66325768, 1, 0, 0
171001, 67176880, 1, 0, 0
172004, 66315761, 1, 0, 0
173000, 66697864, 1, 0, 0
174002, 67698959, 1, 0, 0
175001, 66065702, 1, 0, 0
176003, 66851106, 1, 0, 0
177002, 66934735, 1, 0, 0
178000, 66794861, 1, 0, 0
179002, 67369383, 1, 0, 0
180000, 66793291, 1, 0, 0
180055, 113267901, 1, 0, 0
