1000, 8348, 1, 0, 0
2000, 7788, 1, 0, 0
3000, 7419, 1, 0, 0
4000, 7800, 1, 0, 0
5000, 7643, 1, 0, 0
6000, 7772, 1, 0, 0
7000, 7575, 1, 0, 0
8000, 7752, 1, 0, 0
9000, 7587, 1, 0, 0
10000, 7752, 1, 0, 0
11000, 7663, 1, 0, 0
12001, 7668, 1, 0, 0
13001, 7536, 1, 0, 0
14001, 7792, 1, 0, 0
15001, 7735, 1, 0, 0
16000, 7507, 1, 0, 0
17001, 7796, 1, 0, 0
18001, 7624, 1, 0, 0
19001, 7860, 1, 0, 0
20000, 7507, 1, 0, 0
21000, 7651, 1, 0, 0
22001, 7780, 1, 0, 0
23000, 7675, 1, 0, 0
24001, 7692, 1, 0, 0
25001, 7675, 1, 0, 0
26001, 7516, 1, 0, 0
27000, 7719, 1, 0, 0
28001, 7792, 1, 0, 0
29001, 7512, 1, 0, 0
30001, 7864, 1, 0, 0
31000, 7519, 1, 0, 0
32000, 7720, 1, 0, 0
33000, 7827, 1, 0, 0
34000, 7396, 1, 0, 0
35000, 7864, 1, 0, 0
36000, 7475, 1, 0, 0
37001, 7868, 1, 0, 0
38000, 7471, 1, 0, 0
39000, 7896, 1, 0, 0
40000, 7576, 1, 0, 0
41001, 7572, 1, 0, 0
42000, 7731, 1, 0, 0
43000, 7639, 1, 0, 0
44000, 7655, 1, 0, 0
45000, 7520, 1, 0, 0
46000, 7731, 1, 0, 0
47000, 7755, 1, 0, 0
48000, 7371, 1, 0, 0
49000, 7776, 1, 0, 0
50000, 7711, 1, 0, 0
51000, 7656, 1, 0, 0
52000, 7611, 1, 0, 0
53000, 7535, 1, 0, 0
54000, 7640, 1, 0, 0
55000, 7588, 1, 0, 0
56000, 7724, 1, 0, 0
57000, 7468, 1, 0, 0
58000, 7859, 1, 0, 0
59000, 7743, 1, 0, 0
60000, 7496, 1, 0, 0
61000, 7703, 1, 0, 0
62000, 7799, 1, 0, 0
63001, 7412, 1, 0, 0
64000, 7695, 1, 0, 0
65000, 7603, 1, 0, 0
66000, 7787, 1, 0, 0
67000, 7667, 1, 0, 0
68001, 7544, 1, 0, 0
69000, 7695, 1, 0, 0
70001, 7540, 1, 0, 0
71001, 7696, 1, 0, 0
72000, 7683, 1, 0, 0
73000, 7616, 1, 0, 0
74000, 7523, 1, 0, 0
75000, 7635, 1, 0, 0
76000, 7587, 1, 0, 0
77000, 7728, 1, 0, 0
78000, 7735, 1, 0, 0
79000, 7584, 1, 0, 0
80001, 7736, 1, 0, 0
81000, 7675, 1, 0, 0
82000, 7591, 1, 0, 0
83000, 7463, 1, 0, 0
84000, 7651, 1, 0, 0
85000, 7612, 1, 0, 0
86000, 7483, 1, 0, 0
87000, 7711, 1, 0, 0
88000, 7775, 1, 0, 0
89000, 7491, 1, 0, 0
90001, 7900, 1, 0, 0
91001, 7624, 1, 0, 0
92000, 7755, 1, 0, 0
93001, 7680, 1, 0, 0
94000, 7615, 1, 0, 0
95000, 7595, 1, 0, 0
96000, 7475, 1, 0, 0
97000, 7780, 1, 0, 0
98000, 7727, 1, 0, 0
99000, 7631, 1, 0, 0
100000, 7735, 1, 0, 0
101000, 7552, 1, 0, 0
102000, 7735, 1, 0, 0
103000, 7504, 1, 0, 0
104000, 7839, 1, 0, 0
105000, 7559, 1, 0, 0
106000, 7723, 1, 0, 0
107000, 7751, 1, 0, 0
108001, 7520, 1, 0, 0
109000, 7759, 1, 0, 0
110000, 7608, 1, 0, 0
111000, 7323, 1, 0, 0
112000, 7812, 1, 0, 0
113000, 7595, 1, 0, 0
114000, 7536, 1, 0, 0
115001, 7780, 1, 0, 0
116001, 7516, 1, 0, 0
117001, 7795, 1, 0, 0
118001, 7476, 1, 0, 0
119000, 7635, 1, 0, 0
120000, 7707, 1, 0, 0
121000, 7516, 1, 0, 0
122000, 7544, 1, 0, 0
123000, 7748, 1, 0, 0
124000, 7699, 1, 0, 0
125000, 7584, 1, 0, 0
126000, 7611, 1, 0, 0
127000, 7843, 1, 0, 0
128000, 7651, 1, 0, 0
129000, 7783, 1, 0, 0
130000, 7444, 1, 0, 0
131000, 7719, 1, 0, 0
132001, 7508, 1, 0, 0
133000, 7503, 1, 0, 0
134000, 7771, 1, 0, 0
135000, 7823, 1, 0, 0
136000, 7656, 1, 0, 0
137000, 7492, 1, 0, 0
138000, 7699, 1, 0, 0
139000, 7535, 1, 0, 0
140000, 7827, 1, 0, 0
141000, 7515, 1, 0, 0
142000, 7828, 1, 0, 0
143000, 7587, 1, 0, 0
144000, 7496, 1, 0, 0
145000, 7856, 1, 0, 0
146000, 7591, 1, 0, 0
147000, 7612, 1, 0, 0
148000, 7867, 1, 0, 0
149000, 7695, 1, 0, 0
150000, 7535, 1, 0, 0
151000, 7856, 1, 0, 0
152000, 7671, 1, 0, 0
153000, 7572, 1, 0, 0
154000, 7659, 1, 0, 0
155000, 7748, 1, 0, 0
156000, 7611, 1, 0, 0
157001, 7716, 1, 0, 0
158000, 7595, 1, 0, 0
159000, 7555, 1, 0, 0
160000, 7535, 1, 0, 0
161000, 7884, 1, 0, 0
162000, 7595, 1, 0, 0
163000, 7548, 1, 0, 0
164000, 7823, 1, 0, 0
165000, 7579, 1, 0, 0
166000, 7659, 1, 0, 0
167000, 7436, 1, 0, 0
168000, 7808, 1, 0, 0
169000, 7623, 1, 0, 0
170000, 7524, 1, 0, 0
171000, 7576, 1, 0, 0
172000, 7819, 1, 0, 0
173001, 7704, 1, 0, 0
174000, 7583, 1, 0, 0
175001, 7768, 1, 0, 0
176001, 7591, 1, 0, 0
177000, 7835, 1, 0, 0
178000, 7779, 1, 0, 0
179000, 7559, 1, 0, 0
180000, 7603, 1, 0, 0
