1001, 29647633, 1, 0, 0
2000, 33051587, 1, 0, 0
3001, 33330281, 1, 0, 0
4006, 34261972, 1, 0, 0
5001, 33148924, 1, 0, 0
6008, 33562518, 1, 0, 0
7001, 33493751, 1, 0, 0
8005, 33431507, 1, 0, 0
9000, 34013571, 1, 0, 0
10013, 33368984, 1, 0, 0
11004, 33589259, 1, 0, 0
12001, 33225205, 1, 0, 0
13026, 33652039, 1, 0, 0
14005, 33319489, 1, 0, 0
15000, 33047043, 1, 0, 0
16006, 33429683, 1, 0, 0
17001, 33373271, 1, 0, 0
18001, 33158587, 1, 0, 0
19007, 33359228, 1, 0, 0
20002, 33334481, 1, 0, 0
21010, 33828469, 1, 0, 0
22003, 33405417, 1, 0, 0
23001, 33278608, 1, 0, 0
24003, 34165393, 1, 0, 0
25002, 33562935, 1, 0, 0
26000, 33290648, 1, 0, 0
27008, 33469652, 1, 0, 0
28002, 33717981, 1, 0, 0
29014, 33056127, 1, 0, 0
30001, 33615431, 1, 0, 0
31001, 33789642, 1, 0, 0
32000, 33398587, 1, 0, 0
33003, 33620967, 1, 0, 0
34003, 33295275, 1, 0, 0
35010, 33411488, 1, 0, 0
36007, 33617638, 1, 0, 0
37003, 34028889, 1, 0, 0
38011, 32771465, 1, 0, 0
39005, 33819390, 1, 0, 0
40001, 32793230, 1, 0, 0
41009, 33649130, 1, 0, 0
42001, 33162334, 1, 0, 0
43000, 33468419, 1, 0, 0
44005, 33363106, 1, 0, 0
45000, 33367768, 1, 0, 0
46010, 33345650, 1, 0, 0
47005, 34515263, 1, 0, 0
48000, 32951875, 1, 0, 0
49001, 33689338, 1, 0, 0
50002, 33187195, 1, 0, 0
51001, 33057019, 1, 0, 0
52006, 33777777, 1, 0, 0
53001, 33565542, 1, 0, 0
54003, 32486851, 1, 0, 0
55007, 33485026, 1, 0, 0
56001, 34038405, 1, 0, 0
57013, 33200658, 1, 0, 0
58000, 32886297, 1, 0, 0
59001, 33511409, 1, 0, 0
60001, 33969255, 1, 0, 0
61000, 34262260, 1, 0, 0
62001, 33914849, 1, 0, 0
63001, 34013755, 1, 0, 0
64006, 33084552, 1, 0, 0
65007, 33367922, 1, 0, 0
66001, 33441216, 1, 0, 0
67011, 34099716, 1, 0, 0
68002, 33456428, 1, 0, 0
69000, 33356490, 1, 0, 0
70006, 33397608, 1, 0, 0
71001, 33855772, 1, 0, 0
72001, 33679557, 1, 0, 0
73005, 33399151, 1, 0, 0
74000, 33214722, 1, 0, 0
75001, 33639689, 1, 0, 0
76004, 33144472, 1, 0, 0
77009, 33050289, 1, 0, 0
78000, 33935446, 1, 0, 0
79002, 33189552, 1, 0, 0
80003, 33230230, 1, 0, 0
81001, 33549434, 1, 0, 0
82000, 33946004, 1, 0, 0
83004, 33555608, 1, 0, 0
84002, 33397073, 1, 0, 0
85000, 32859269, 1, 0, 0
86004, 33835978, 1, 0, 0
87000, 33725974, 1, 0, 0
88008, 33849778, 1, 0, 0
89004, 33602307, 1, 0, 0
90011, 32532871, 1, 0, 0
91004, 33647333, 1, 0, 0
92000, 32863562, 1, 0, 0
93008, 33094137, 1, 0, 0
94000, 33481640, 1, 0, 0
95000, 33707481, 1, 0, 0
96006, 33926398, 1, 0, 0
97003, 33046030, 1, 0, 0
98001, 32973825, 1, 0, 0
99000, 32913254, 1, 0, 0
100000, 33432122, 1, 0, 0
101006, 33452689, 1, 0, 0
102003, 33199981, 1, 0, 0
103002, 33691121, 1, 0, 0
104003, 33354494, 1, 0, 0
105000, 33008412, 1, 0, 0
106008, 33259326, 1, 0, 0
107002, 33686922, 1, 0, 0
108004, 33112969, 1, 0, 0
109001, 34075400, 1, 0, 0
110010, 32900489, 1, 0, 0
111005, 33697766, 1, 0, 0
112000, 33708565, 1, 0, 0
113009, 33957232, 1, 0, 0
114004, 33428599, 1, 0, 0
115002, 32688311, 1, 0, 0
116012, 33526936, 1, 0, 0
117003, 33656345, 1, 0, 0
118000, 33412422, 1, 0, 0
119013, 33073746, 1, 0, 0
120000, 33564953, 1, 0, 0
121012, 33253574, 1, 0, 0
122003, 33950524, 1, 0, 0
123001, 33414491, 1, 0, 0
124006, 33623748, 1, 0, 0
125001, 33208655, 1, 0, 0
126019, 32486093, 1, 0, 0
127004, 33648024, 1, 0, 0
128002, 33335462, 1, 0, 0
129001, 33410006, 1, 0, 0
130000, 33971410, 1, 0, 0
131001, 33533918, 1, 0, 0
132000, 33660209, 1, 0, 0
133007, 34441359, 1, 0, 0
134003, 32349876, 1, 0, 0
135000, 34090722, 1, 0, 0
136000, 33646891, 1, 0, 0
137003, 33461827, 1, 0, 0
138000, 33793863, 1, 0, 0
139000, 34109878, 1, 0, 0
140000, 34346521, 1, 0, 0
141006, 33755916, 1, 0, 0
142003, 33485050, 1, 0, 0
143000, 33195169, 1, 0, 0
144005, 34047777, 1, 0, 0
145002, 33738711, 1, 0, 0
146002, 33315354, 1, 0, 0
147005, 33862125, 1, 0, 0
148000, 33249596, 1, 0, 0
149008, 33740432, 1, 0, 0
150001, 34076077, 1, 0, 0
151000, 33522988, 1, 0, 0
152007, 33921882, 1, 0, 0
153001, 32888767, 1, 0, 0
154005, 33853134, 1, 0, 0
155000, 33655770, 1, 0, 0
156000, 33485235, 1, 0, 0
157004, 32938651, 1, 0, 0
158000, 32974442, 1, 0, 0
159011, 33721659, 1, 0, 0
160006, 33396883, 1, 0, 0
161001, 33254481, 1, 0, 0
162000, 33158996, 1, 0, 0
163009, 33317521, 1, 0, 0
164003, 33460306, 1, 0, 0
165010, 32731328, 1, 0, 0
166007, 33973734, 1, 0, 0
167000, 32663545, 1, 0, 0
168005, 33700410, 1, 0, 0
169000, 33017960, 1, 0, 0
170010, 33809419, 1, 0, 0
171001, 33241761, 1, 0, 0
172000, 33621440, 1, 0, 0
173000, 33617029, 1, 0, 0
174000, 33645328, 1, 0, 0
175005, 33799563, 1, 0, 0
176001, 33163755, 1, 0, 0
177000, 33260777, 1, 0, 0
178001, 32950690, 1, 0, 0
179000, 33861736, 1, 0, 0
180000, 33920921, 1, 0, 0
180018, 47697934, 1, 0, 0
