1000, 511, 0, 0, 0
2000, 487, 0, 0, 0
3000, 464, 0, 0, 0
4001, 457, 0, 0, 0
5001, 505, 0, 0, 0
6000, 453, 0, 0, 0
7000, 481, 0, 0, 0
8001, 461, 0, 0, 0
9001, 471, 0, 0, 0
10001, 458, 0, 0, 0
11000, 493, 0, 0, 0
12000, 471, 0, 0, 0
13000, 459, 0, 0, 0
14000, 497, 0, 0, 0
15000, 484, 0, 0, 0
16000, 475, 0, 0, 0
17000, 461, 0, 0, 0
18001, 496, 0, 0, 0
19000, 475, 0, 0, 0
20000, 486, 0, 0, 0
21000, 458, 0, 0, 0
22001, 494, 0, 0, 0
23001, 472, 0, 0, 0
24001, 489, 0, 0, 0
25000, 463, 0, 0, 0
26001, 470, 0, 0, 0
27000, 484, 0, 0, 0
28000, 464, 0, 0, 0
29000, 459, 0, 0, 0
30000, 485, 0, 0, 0
31000, 491, 0, 0, 0
32000, 462, 0, 0, 0
33000, 492, 0, 0, 0
34001, 470, 0, 0, 0
35000, 485, 0, 0, 0
36000, 461, 0, 0, 0
37000, 502, 0, 0, 0
38000, 458, 0, 0, 0
39000, 487, 0, 0, 0
40001, 483, 0, 0, 0
41000, 480, 0, 0, 0
42001, 471, 0, 0, 0
43000, 444, 0, 0, 0
44001, 474, 0, 0, 0
45001, 475, 0, 0, 0
46000, 476, 0, 0, 0
47000, 460, 0, 0, 0
48000, 449, 0, 0, 0
49000, 481, 0, 0, 0
50000, 437, 0, 0, 0
51001, 470, 0, 0, 0
52001, 454, 0, 0, 0
53000, 479, 0, 0, 0
54000, 483, 0, 0, 0
55000, 469, 0, 0, 0
56001, 494, 0, 0, 0
57001, 486, 0, 0, 0
58001, 472, 0, 0, 0
59000, 463, 0, 0, 0
60001, 446, 0, 0, 0
61001, 453, 0, 0, 0
62000, 496, 0, 0, 0
63001, 520, 0, 0, 0
64000, 495, 0, 0, 0
65000, 515, 0, 0, 0
66000, 482, 0, 0, 0
67001, 506, 0, 0, 0
68000, 480, 0, 0, 0
69001, 537, 0, 0, 0
70001, 490, 0, 0, 0
71000, 494, 0, 0, 0
72000, 484, 0, 0, 0
73000, 481, 0, 0, 0
74001, 490, 0, 0, 0
75001, 471, 0, 0, 0
76001, 494, 0, 0, 0
77001, 476, 0, 0, 0
78000, 485, 0, 0, 0
79001, 486, 0, 0, 0
80001, 485, 0, 0, 0
81000, 495, 0, 0, 0
82000, 502, 0, 0, 0
83000, 492, 0, 0, 0
84000, 519, 0, 0, 0
85001, 489, 0, 0, 0
86000, 480, 0, 0, 0
87000, 512, 0, 0, 0
88001, 502, 0, 0, 0
89001, 474, 0, 0, 0
90001, 501, 0, 0, 0
91000, 504, 0, 0, 0
92000, 487, 0, 0, 0
93001, 499, 0, 0, 0
94001, 485, 0, 0, 0
95001, 482, 0, 0, 0
96000, 488, 0, 0, 0
97001, 466, 0, 0, 0
98000, 496, 0, 0, 0
99001, 489, 0, 0, 0
100000, 477, 0, 0, 0
101000, 492, 0, 0, 0
102000, 478, 0, 0, 0
103000, 490, 0, 0, 0
104001, 476, 0, 0, 0
105000, 482, 0, 0, 0
106000, 484, 0, 0, 0
107000, 463, 0, 0, 0
108001, 448, 0, 0, 0
109000, 465, 0, 0, 0
110001, 472, 0, 0, 0
111001, 457, 0, 0, 0
112000, 406, 0, 0, 0
113001, 469, 0, 0, 0
114001, 448, 0, 0, 0
115000, 477, 0, 0, 0
116001, 467, 0, 0, 0
117000, 413, 0, 0, 0
118000, 435, 0, 0, 0
119000, 436, 0, 0, 0
120000, 458, 0, 0, 0
121000, 388, 0, 0, 0
122001, 460, 0, 0, 0
123001, 445, 0, 0, 0
124000, 469, 0, 0, 0
125000, 450, 0, 0, 0
126000, 474, 0, 0, 0
127001, 470, 0, 0, 0
128000, 459, 0, 0, 0
129001, 471, 0, 0, 0
130001, 455, 0, 0, 0
131000, 460, 0, 0, 0
132000, 471, 0, 0, 0
133000, 467, 0, 0, 0
134001, 472, 0, 0, 0
135001, 478, 0, 0, 0
136000, 468, 0, 0, 0
137000, 477, 0, 0, 0
138001, 470, 0, 0, 0
139000, 478, 0, 0, 0
140000, 473, 0, 0, 0
141001, 487, 0, 0, 0
142000, 460, 0, 0, 0
143000, 486, 0, 0, 0
144000, 472, 0, 0, 0
145000, 497, 0, 0, 0
146000, 471, 0, 0, 0
147001, 469, 0, 0, 0
148000, 416, 0, 0, 0
149000, 471, 0, 0, 0
150001, 463, 0, 0, 0
151001, 436, 0, 0, 0
152000, 485, 0, 0, 0
153000, 463, 0, 0, 0
154000, 465, 0, 0, 0
155000, 456, 0, 0, 0
156000, 467, 0, 0, 0
157001, 467, 0, 0, 0
158000, 465, 0, 0, 0
159000, 450, 0, 0, 0
160000, 443, 0, 0, 0
161000, 453, 0, 0, 0
162001, 431, 0, 0, 0
163001, 437, 0, 0, 0
164000, 477, 0, 0, 0
165000, 461, 0, 0, 0
166001, 439, 0, 0, 0
167000, 439, 0, 0, 0
168001, 477, 0, 0, 0
169000, 477, 0, 0, 0
170000, 490, 0, 0, 0
171000, 440, 0, 0, 0
172000, 446, 0, 0, 0
173001, 452, 0, 0, 0
174001, 472, 0, 0, 0
175000, 472, 0, 0, 0
176001, 448, 0, 0, 0
177000, 469, 0, 0, 0
178000, 454, 0, 0, 0
179001, 414, 0, 0, 0
180000, 419, 0, 0, 0
