1000, 2266825, 0, 0, 0
2001, 2224831, 0, 0, 0
3001, 2205292, 0, 0, 0
4000, 2250150, 0, 0, 0
5001, 2325889, 0, 0, 0
6001, 2251988, 0, 0, 0
7000, 2223538, 0, 0, 0
8000, 2348260, 0, 0, 0
9000, 2576034, 0, 0, 0
10000, 2576371, 0, 0, 0
11001, 2310426, 0, 0, 0
12000, 2334520, 0, 0, 0
13000, 2275141, 0, 0, 0
14001, 2317955, 0, 0, 0
15001, 2234679, 0, 0, 0
16001, 2294136, 0, 0, 0
17001, 2225067, 0, 0, 0
18000, 2190477, 0, 0, 0
19000, 2350860, 0, 0, 0
20001, 2239172, 0, 0, 0
21000, 2243819, 0, 0, 0
22001, 2204819, 0, 0, 0
23001, 2163824, 0, 0, 0
24001, 2210778, 0, 0, 0
25001, 2379777, 0, 0, 0
26001, 2369812, 0, 0, 0
27000, 2194056, 0, 0, 0
28000, 2141093, 0, 0, 0
29003, 2165241, 0, 0, 0
30001, 2167612, 0, 0, 0
31001, 2213053, 0, 0, 0
32001, 2220247, 0, 0, 0
33000, 2355939, 0, 0, 0
34000, 2260602, 0, 0, 0
35000, 2266956, 0, 0, 0
36000, 2226321, 0, 0, 0
37000, 2282963, 0, 0, 0
38001, 2188553, 0, 0, 0
39001, 2273135, 0, 0, 0
40000, 2161252, 0, 0, 0
41001, 2326416, 0, 0, 0
42001, 2212939, 0, 0, 0
43001, 2250914, 0, 0, 0
44001, 2164087, 0, 0, 0
45002, 2325918, 0, 0, 0
46000, 2217455, 0, 0, 0
47003, 2234202, 0, 0, 0
48000, 2317147, 0, 0, 0
49001, 2257807, 0, 0, 0
50001, 2237368, 0, 0, 0
51001, 2246329, 0, 0, 0
52001, 2206957, 0, 0, 0
53001, 2277106, 0, 0, 0
54001, 2245155, 0, 0, 0
55001, 2262023, 0, 0, 0
56000, 2317548, 0, 0, 0
57000, 2292717, 0, 0, 0
58000, 2212735, 0, 0, 0
59001, 2262970, 0, 0, 0
60000, 2280053, 0, 0, 0
61001, 2204379, 0, 0, 0
62000, 2225189, 0, 0, 0
63000, 2143444, 0, 0, 0
64001, 2234599, 0, 0, 0
65000, 2290325, 0, 0, 0
66002, 2235431, 0, 0, 0
67001, 2194961, 0, 0, 0
68000, 2149002, 0, 0, 0
69001, 2238700, 0, 0, 0
70001, 2372565, 0, 0, 0
71000, 2215869, 0, 0, 0
72000, 2225643, 0, 0, 0
73000, 2257890, 0, 0, 0
74000, 2275521, 0, 0, 0
75001, 2200130, 0, 0, 0
76000, 2204492, 0, 0, 0
77002, 2286488, 0, 0, 0
78002, 2287154, 0, 0, 0
79003, 2356152, 0, 0, 0
80000, 2310719, 0, 0, 0
81002, 2236334, 0, 0, 0
82000, 2216952, 0, 0, 0
83001, 2243747, 0, 0, 0
84000, 2388667, 0, 0, 0
85001, 2249840, 0, 0, 0
86000, 2274651, 0, 0, 0
87002, 2255486, 0, 0, 0
88001, 2286931, 0, 0, 0
89000, 2232771, 0, 0, 0
90001, 2332689, 0, 0, 0
91001, 2277108, 0, 0, 0
92000, 2275672, 0, 0, 0
93001, 4928885, 0, 0, 0
94001, 2191514, 0, 0, 0
95001, 2268717, 0, 0, 0
96001, 2296682, 0, 0, 0
97001, 2197975, 0, 0, 0
98000, 2204725, 0, 0, 0
99000, 2220623, 0, 0, 0
100000, 2292976, 0, 0, 0
101003, 2341707, 0, 0, 0
102000, 2255348, 0, 0, 0
103000, 2250980, 0, 0, 0
104001, 2219465, 0, 0, 0
105000, 2258939, 0, 0, 0
106000, 2238071, 0, 0, 0
107001, 2252682, 0, 0, 0
108001, 2319232, 0, 0, 0
109000, 2384776, 0, 0, 0
110001, 2203069, 0, 0, 0
111013, 2348680, 0, 0, 0
112001, 2179190, 0, 0, 0
113000, 2243525, 0, 0, 0
114000, 2203510, 0, 0, 0
115001, 2118937, 0, 0, 0
116001, 2340876, 0, 0, 0
117000, 2240571, 0, 0, 0
118000, 2236379, 0, 0, 0
119001, 2369899, 0, 0, 0
120000, 2210021, 0, 0, 0
121001, 2242614, 0, 0, 0
122000, 2200906, 0, 0, 0
123000, 2150084, 0, 0, 0
124001, 2184408, 0, 0, 0
125001, 2196790, 0, 0, 0
126001, 2242051, 0, 0, 0
127001, 2281222, 0, 0, 0
128000, 2156622, 0, 0, 0
129000, 2256438, 0, 0, 0
130000, 2248084, 0, 0, 0
131001, 2264127, 0, 0, 0
132001, 2144728, 0, 0, 0
133000, 2174659, 0, 0, 0
134000, 2174782, 0, 0, 0
135001, 2169441, 0, 0, 0
136001, 2168720, 0, 0, 0
137000, 2213903, 0, 0, 0
138000, 2128043, 0, 0, 0
139001, 2272960, 0, 0, 0
140000, 2229790, 0, 0, 0
141001, 2160676, 0, 0, 0
142000, 2339264, 0, 0, 0
143000, 2169424, 0, 0, 0
144000, 2140694, 0, 0, 0
145001, 2538304, 0, 0, 0
146002, 2170104, 0, 0, 0
147001, 2264842, 0, 0, 0
148001, 2187751, 0, 0, 0
149000, 2305751, 0, 0, 0
150002, 2149781, 0, 0, 0
151001, 2130292, 0, 0, 0
152378, 3689862, 0, 0, 0
153001, 2105351, 0, 0, 0
154002, 2106141, 0, 0, 0
155000, 2198413, 0, 0, 0
156000, 2122775, 0, 0, 0
157000, 2211616, 0, 0, 0
158002, 2185101, 0, 0, 0
159000, 2154722, 0, 0, 0
160000, 2192855, 0, 0, 0
161000, 2092125, 0, 0, 0
162001, 2238812, 0, 0, 0
163001, 2215532, 0, 0, 0
164000, 2138575, 0, 0, 0
165000, 2131983, 0, 0, 0
166000, 2172056, 0, 0, 0
167001, 2152869, 0, 0, 0
168000, 2138166, 0, 0, 0
169001, 2129022, 0, 0, 0
170000, 2219001, 0, 0, 0
171001, 2101921, 0, 0, 0
172000, 2138115, 0, 0, 0
173002, 2177768, 0, 0, 0
174000, 2082179, 0, 0, 0
175000, 2071033, 0, 0, 0
176001, 2117873, 0, 0, 0
177000, 2102836, 0, 0, 0
178001, 2195034, 0, 0, 0
179002, 2156412, 0, 0, 0
180000, 2146014, 0, 0, 0
