1001, 14706783, 1, 0, 0
2002, 16605630, 1, 0, 0
3000, 16932276, 1, 0, 0
4000, 17494200, 1, 0, 0
5000, 16813398, 1, 0, 0
6000, 16380436, 1, 0, 0
7000, 16864994, 1, 0, 0
8000, 17218703, 1, 0, 0
9000, 16190433, 1, 0, 0
10000, 17245618, 1, 0, 0
11000, 16228712, 1, 0, 0
12000, 16922619, 1, 0, 0
13000, 16753981, 1, 0, 0
14000, 16914640, 1, 0, 0
15002, 16269856, 1, 0, 0
16000, 16531220, 1, 0, 0
17001, 16758074, 1, 0, 0
18000, 16943392, 1, 0, 0
19000, 16760171, 1, 0, 0
20000, 16601298, 1, 0, 0
21035, 16337554, 1, 0, 0
22001, 16958065, 1, 0, 0
23002, 16530055, 1, 0, 0
24000, 16645236, 1, 0, 0
25000, 16767852, 1, 0, 0
26000, 16798483, 1, 0, 0
27001, 16991939, 1, 0, 0
28030, 16692837, 1, 0, 0
29000, 16838901, 1, 0, 0
30037, 16906471, 1, 0, 0
31000, 16627066, 1, 0, 0
32039, 17120548, 1, 0, 0
33000, 17228023, 1, 0, 0
34002, 16678941, 1, 0, 0
35000, 16807747, 1, 0, 0
36002, 16926242, 1, 0, 0
37024, 16437521, 1, 0, 0
38002, 16621521, 1, 0, 0
39001, 16469813, 1, 0, 0
40034, 16901573, 1, 0, 0
41001, 17108223, 1, 0, 0
42024, 16533642, 1, 0, 0
43029, 16093841, 1, 0, 0
44000, 16825540, 1, 0, 0
45001, 17275363, 1, 0, 0
46000, 16377010, 1, 0, 0
47000, 16715193, 1, 0, 0
48027, 16386387, 1, 0, 0
49000, 17271723, 1, 0, 0
50000, 16671679, 1, 0, 0
51000, 16833703, 1, 0, 0
52002, 17227328, 1, 0, 0
53000, 16804947, 1, 0, 0
54002, 16644422, 1, 0, 0
55000, 16979516, 1, 0, 0
56000, 16750236, 1, 0, 0
57039, 16709206, 1, 0, 0
58000, 16761177, 1, 0, 0
59000, 16340513, 1, 0, 0
60000, 16710927, 1, 0, 0
61000, 17509184, 1, 0, 0
62000, 16353344, 1, 0, 0
63001, 16268833, 1, 0, 0
64027, 16818511, 1, 0, 0
65000, 16896753, 1, 0, 0
66000, 16545345, 1, 0, 0
67034, 16992773, 1, 0, 0
68000, 16579215, 1, 0, 0
69002, 16647295, 1, 0, 0
70002, 17272656, 1, 0, 0
71024, 16314612, 1, 0, 0
72001, 17153057, 1, 0, 0
73000, 16415365, 1, 0, 0
74002, 16822243, 1, 0, 0
75027, 16876040, 1, 0, 0
76005, 16952881, 1, 0, 0
77002, 16553541, 1, 0, 0
78024, 16580405, 1, 0, 0
79000, 17130341, 1, 0, 0
80000, 16590527, 1, 0, 0
81001, 17527148, 1, 0, 0
82003, 16794472, 1, 0, 0
83038, 16525385, 1, 0, 0
84000, 16996265, 1, 0, 0
85026, 16542543, 1, 0, 0
86000, 17241440, 1, 0, 0
87004, 16673006, 1, 0, 0
88005, 16721626, 1, 0, 0
89000, 16604938, 1, 0, 0
90000, 16886452, 1, 0, 0
91024, 16952525, 1, 0, 0
92001, 16906236, 1, 0, 0
93000, 17541455, 1, 0, 0
94000, 17118790, 1, 0, 0
95001, 16545224, 1, 0, 0
96000, 16358712, 1, 0, 0
97029, 16509399, 1, 0, 0
98030, 16486051, 1, 0, 0
99026, 16782999, 1, 0, 0
100000, 17084103, 1, 0, 0
101000, 16923409, 1, 0, 0
102000, 16988243, 1, 0, 0
103000, 16882965, 1, 0, 0
104001, 16330253, 1, 0, 0
105000, 17075158, 1, 0, 0
106001, 16531258, 1, 0, 0
107000, 17299238, 1, 0, 0
108000, 16488538, 1, 0, 0
109001, 16032889, 1, 0, 0
110000, 16957016, 1, 0, 0
111001, 16151254, 1, 0, 0
112000, 16731653, 1, 0, 0
113024, 16630568, 1, 0, 0
114000, 17175316, 1, 0, 0
115001, 16758679, 1, 0, 0
116001, 16215121, 1, 0, 0
117000, 16961333, 1, 0, 0
118000, 16595117, 1, 0, 0
119001, 16274774, 1, 0, 0
120032, 17035107, 1, 0, 0
121001, 16735985, 1, 0, 0
122000, 17094583, 1, 0, 0
123002, 16458478, 1, 0, 0
124000, 16745763, 1, 0, 0
125000, 16735585, 1, 0, 0
126000, 16913943, 1, 0, 0
127000, 16418065, 1, 0, 0
128008, 16581337, 1, 0, 0
129000, 17096081, 1, 0, 0
130001, 16206691, 1, 0, 0
131000, 16831989, 1, 0, 0
132001, 16779589, 1, 0, 0
133000, 16267189, 1, 0, 0
134001, 17405175, 1, 0, 0
135000, 16085157, 1, 0, 0
136000, 16740317, 1, 0, 0
137000, 17229368, 1, 0, 0
138002, 16791691, 1, 0, 0
139000, 17267007, 1, 0, 0
140000, 16347378, 1, 0, 0
141000, 16885268, 1, 0, 0
142001, 16257336, 1, 0, 0
143000, 16940049, 1, 0, 0
144000, 16189718, 1, 0, 0
145001, 16910343, 1, 0, 0
146001, 16723795, 1, 0, 0
147032, 16923875, 1, 0, 0
148000, 16709609, 1, 0, 0
149001, 16768309, 1, 0, 0
150000, 16877773, 1, 0, 0
151024, 16432373, 1, 0, 0
152000, 17083393, 1, 0, 0
153027, 16742881, 1, 0, 0
154038, 16478507, 1, 0, 0
155000, 16496228, 1, 0, 0
156000, 16518271, 1, 0, 0
157000, 16848594, 1, 0, 0
158003, 16665974, 1, 0, 0
159039, 16295673, 1, 0, 0
160002, 16691344, 1, 0, 0
161037, 16465978, 1, 0, 0
162000, 17141153, 1, 0, 0
163001, 16582954, 1, 0, 0
164002, 17002648, 1, 0, 0
165000, 16396765, 1, 0, 0
166037, 16418571, 1, 0, 0
167000, 16963153, 1, 0, 0
168000, 16622734, 1, 0, 0
169025, 16458791, 1, 0, 0
170000, 16834057, 1, 0, 0
171001, 16957994, 1, 0, 0
172000, 16297559, 1, 0, 0
173000, 17021184, 1, 0, 0
174024, 16327701, 1, 0, 0
175000, 16285345, 1, 0, 0
176027, 16550891, 1, 0, 0
177032, 16447636, 1, 0, 0
178001, 16381670, 1, 0, 0
179034, 16546661, 1, 0, 0
180000, 16378110, 1, 0, 0
180031, 34567819, 1, 0, 0
