1000, 1045, 1, 0, 0
2000, 941, 1, 0, 0
3001, 947, 1, 0, 0
4000, 942, 1, 0, 0
5000, 927, 1, 0, 0
6000, 971, 1, 0, 0
7001, 907, 1, 0, 0
8001, 936, 1, 0, 0
9001, 978, 1, 0, 0
10001, 971, 1, 0, 0
11001, 976, 1, 0, 0
12001, 943, 1, 0, 0
13001, 975, 1, 0, 0
14001, 1004, 1, 0, 0
15000, 941, 1, 0, 0
16001, 945, 1, 0, 0
17001, 934, 1, 0, 0
18000, 956, 1, 0, 0
19000, 948, 1, 0, 0
20000, 943, 1, 0, 0
21000, 963, 1, 0, 0
22000, 970, 1, 0, 0
23001, 979, 1, 0, 0
24001, 1004, 1, 0, 0
25000, 962, 1, 0, 0
26001, 947, 1, 0, 0
27000, 959, 1, 0, 0
28000, 937, 1, 0, 0
29001, 955, 1, 0, 0
30001, 980, 1, 0, 0
31001, 961, 1, 0, 0
32000, 966, 1, 0, 0
33001, 965, 1, 0, 0
34001, 966, 1, 0, 0
35001, 950, 1, 0, 0
36000, 950, 1, 0, 0
37001, 970, 1, 0, 0
38000, 936, 1, 0, 0
39001, 966, 1, 0, 0
40001, 947, 1, 0, 0
41001, 985, 1, 0, 0
42000, 943, 1, 0, 0
43001, 968, 1, 0, 0
44001, 1005, 1, 0, 0
45001, 948, 1, 0, 0
46001, 929, 1, 0, 0
47001, 952, 1, 0, 0
48001, 959, 1, 0, 0
49000, 920, 1, 0, 0
50000, 980, 1, 0, 0
51000, 919, 1, 0, 0
52000, 1000, 1, 0, 0
53000, 946, 1, 0, 0
54001, 996, 1, 0, 0
55000, 946, 1, 0, 0
56000, 967, 1, 0, 0
57000, 984, 1, 0, 0
58000, 987, 1, 0, 0
59000, 961, 1, 0, 0
60000, 958, 1, 0, 0
61000, 981, 1, 0, 0
62000, 943, 1, 0, 0
63000, 984, 1, 0, 0
64000, 961, 1, 0, 0
65000, 974, 1, 0, 0
66001, 958, 1, 0, 0
67001, 947, 1, 0, 0
68000, 957, 1, 0, 0
69000, 972, 1, 0, 0
70000, 951, 1, 0, 0
71000, 958, 1, 0, 0
72000, 955, 1, 0, 0
73000, 924, 1, 0, 0
74000, 929, 1, 0, 0
75001, 958, 1, 0, 0
76001, 914, 1, 0, 0
77001, 1004, 1, 0, 0
78001, 936, 1, 0, 0
79000, 965, 1, 0, 0
80000, 979, 1, 0, 0
81001, 986, 1, 0, 0
82001, 952, 1, 0, 0
83001, 947, 1, 0, 0
84000, 955, 1, 0, 0
85001, 958, 1, 0, 0
86000, 951, 1, 0, 0
87000, 975, 1, 0, 0
88001, 957, 1, 0, 0
89001, 974, 1, 0, 0
90000, 954, 1, 0, 0
91001, 964, 1, 0, 0
92001, 952, 1, 0, 0
93001, 959, 1, 0, 0
94001, 971, 1, 0, 0
95001, 979, 1, 0, 0
96000, 917, 1, 0, 0
97000, 946, 1, 0, 0
98000, 964, 1, 0, 0
99000, 953, 1, 0, 0
100000, 983, 1, 0, 0
101001, 893, 1, 0, 0
102000, 942, 1, 0, 0
103000, 967, 1, 0, 0
104001, 913, 1, 0, 0
105001, 899, 1, 0, 0
106001, 950, 1, 0, 0
107001, 965, 1, 0, 0
108001, 970, 1, 0, 0
109000, 934, 1, 0, 0
110000, 905, 1, 0, 0
111000, 979, 1, 0, 0
112000, 942, 1, 0, 0
113000, 914, 1, 0, 0
114001, 949, 1, 0, 0
115001, 941, 1, 0, 0
116001, 930, 1, 0, 0
117001, 909, 1, 0, 0
118001, 976, 1, 0, 0
119001, 943, 1, 0, 0
120001, 901, 1, 0, 0
121000, 943, 1, 0, 0
122001, 953, 1, 0, 0
123000, 959, 1, 0, 0
124001, 986, 1, 0, 0
125000, 903, 1, 0, 0
126000, 965, 1, 0, 0
127000, 945, 1, 0, 0
128001, 943, 1, 0, 0
129001, 949, 1, 0, 0
130001, 951, 1, 0, 0
131000, 956, 1, 0, 0
132001, 900, 1, 0, 0
133000, 958, 1, 0, 0
134001, 953, 1, 0, 0
135000, 948, 1, 0, 0
136000, 964, 1, 0, 0
137000, 979, 1, 0, 0
138000, 965, 1, 0, 0
139000, 958, 1, 0, 0
140000, 906, 1, 0, 0
141000, 981, 1, 0, 0
142001, 954, 1, 0, 0
143000, 965, 1, 0, 0
144001, 926, 1, 0, 0
145001, 916, 1, 0, 0
146000, 988, 1, 0, 0
147000, 959, 1, 0, 0
148001, 992, 1, 0, 0
149001, 931, 1, 0, 0
150001, 971, 1, 0, 0
151000, 957, 1, 0, 0
152001, 971, 1, 0, 0
153001, 981, 1, 0, 0
154000, 940, 1, 0, 0
155000, 970, 1, 0, 0
156001, 984, 1, 0, 0
157000, 958, 1, 0, 0
158000, 955, 1, 0, 0
159001, 954, 1, 0, 0
160001, 942, 1, 0, 0
161000, 1017, 1, 0, 0
162000, 992, 1, 0, 0
163000, 918, 1, 0, 0
164000, 986, 1, 0, 0
165000, 969, 1, 0, 0
166000, 931, 1, 0, 0
167000, 976, 1, 0, 0
168000, 951, 1, 0, 0
169000, 938, 1, 0, 0
170000, 981, 1, 0, 0
171001, 947, 1, 0, 0
172001, 945, 1, 0, 0
173001, 945, 1, 0, 0
174001, 959, 1, 0, 0
175001, 977, 1, 0, 0
176000, 971, 1, 0, 0
177000, 998, 1, 0, 0
178001, 940, 1, 0, 0
179000, 929, 1, 0, 0
180001, 975, 1, 0, 0
