1031, 1837, 0, 0, 0
2025, 2035, 0, 0, 0
3034, 1842, 0, 0, 0
4030, 1840, 0, 0, 0
5027, 1844, 0, 0, 0
6027, 1887, 0, 0, 0
7000, 1891, 0, 0, 0
8024, 1877, 0, 0, 0
9025, 1858, 0, 0, 0
10025, 1905, 0, 0, 0
11030, 1856, 0, 0, 0
12023, 1835, 0, 0, 0
13000, 1832, 0, 0, 0
14023, 1857, 0, 0, 0
15033, 1850, 0, 0, 0
16029, 1783, 0, 0, 0
17005, 1882, 0, 0, 0
18033, 1873, 0, 0, 0
19028, 1934, 0, 0, 0
20023, 1882, 0, 0, 0
21026, 1854, 0, 0, 0
22027, 1910, 0, 0, 0
23024, 1837, 0, 0, 0
24031, 1812, 0, 0, 0
25025, 1903, 0, 0, 0
26035, 1845, 0, 0, 0
27029, 1912, 0, 0, 0
28023, 1861, 0, 0, 0
29001, 1819, 0, 0, 0
30022, 1875, 0, 0, 0
31000, 1859, 0, 0, 0
32030, 1890, 0, 0, 0
33025, 1863, 0, 0, 0
34036, 1898, 0, 0, 0
35032, 1926, 0, 0, 0
36025, 1870, 0, 0, 0
37023, 1867, 0, 0, 0
38000, 1821, 0, 0, 0
39029, 1901, 0, 0, 0
40024, 1842, 0, 0, 0
41026, 1861, 0, 0, 0
42030, 1844, 0, 0, 0
43000, 1920, 0, 0, 0
44033, 1808, 0, 0, 0
45031, 1815, 0, 0, 0
46025, 1843, 0, 0, 0
47000, 1873, 0, 0, 0
48029, 1837, 0, 0, 0
49025, 1830, 0, 0, 0
50000, 1829, 0, 0, 0
51028, 1812, 0, 0, 0
52129, 1893, 0, 0, 0
53000, 1827, 0, 0, 0
54027, 1846, 0, 0, 0
55022, 1948, 0, 0, 0
56001, 1826, 0, 0, 0
57024, 1807, 0, 0, 0
58000, 1844, 0, 0, 0
59028, 1871, 0, 0, 0
60022, 1855, 0, 0, 0
61033, 1835, 0, 0, 0
62025, 1788, 0, 0, 0
63037, 1849, 0, 0, 0
64031, 1793, 0, 0, 0
65025, 1912, 0, 0, 0
66030, 1858, 0, 0, 0
67031, 1820, 0, 0, 0
68024, 1816, 0, 0, 0
69030, 1854, 0, 0, 0
70029, 1907, 0, 0, 0
71036, 1889, 0, 0, 0
72027, 1791, 0, 0, 0
73022, 1759, 0, 0, 0
74000, 1745, 0, 0, 0
75029, 1772, 0, 0, 0
76023, 1727, 0, 0, 0
77029, 1732, 0, 0, 0
78025, 1665, 0, 0, 0
79000, 1664, 0, 0, 0
80000, 1715, 0, 0, 0
81023, 1716, 0, 0, 0
82000, 1690, 0, 0, 0
83028, 1713, 0, 0, 0
84021, 1735, 0, 0, 0
85030, 1717, 0, 0, 0
86000, 1715, 0, 0, 0
87000, 1653, 0, 0, 0
88026, 1631, 0, 0, 0
89035, 1684, 0, 0, 0
90026, 1653, 0, 0, 0
91036, 1676, 0, 0, 0
92030, 1667, 0, 0, 0
93023, 1670, 0, 0, 0
94033, 1702, 0, 0, 0
95027, 1726, 0, 0, 0
96031, 1632, 0, 0, 0
97031, 1654, 0, 0, 0
98031, 1708, 0, 0, 0
99001, 1670, 0, 0, 0
100032, 1690, 0, 0, 0
101022, 1658, 0, 0, 0
102000, 1636, 0, 0, 0
103023, 1656, 0, 0, 0
104000, 1677, 0, 0, 0
105029, 1620, 0, 0, 0
106024, 1687, 0, 0, 0
107035, 1670, 0, 0, 0
108028, 1691, 0, 0, 0
109024, 1643, 0, 0, 0
110000, 1630, 0, 0, 0
111022, 1624, 0, 0, 0
112022, 1696, 0, 0, 0
113027, 1650, 0, 0, 0
114029, 1693, 0, 0, 0
115024, 1698, 0, 0, 0
116032, 1634, 0, 0, 0
117023, 1641, 0, 0, 0
118030, 1638, 0, 0, 0
119023, 1629, 0, 0, 0
120022, 1619, 0, 0, 0
121000, 1640, 0, 0, 0
122025, 1675, 0, 0, 0
123023, 1619, 0, 0, 0
124001, 1563, 0, 0, 0
125024, 1615, 0, 0, 0
126001, 1594, 0, 0, 0
127022, 1619, 0, 0, 0
128021, 1656, 0, 0, 0
129030, 1621, 0, 0, 0
130024, 1602, 0, 0, 0
131000, 1572, 0, 0, 0
132027, 1650, 0, 0, 0
133037, 1610, 0, 0, 0
134032, 1626, 0, 0, 0
135028, 1637, 0, 0, 0
136024, 1715, 0, 0, 0
137000, 1660, 0, 0, 0
138027, 1687, 0, 0, 0
139022, 1613, 0, 0, 0
140033, 1539, 0, 0, 0
141026, 1649, 0, 0, 0
142022, 1700, 0, 0, 0
143032, 1636, 0, 0, 0
144024, 1644, 0, 0, 0
145031, 1657, 0, 0, 0
146027, 1722, 0, 0, 0
147024, 1607, 0, 0, 0
148033, 1603, 0, 0, 0
149028, 1609, 0, 0, 0
150025, 1669, 0, 0, 0
151026, 1579, 0, 0, 0
152022, 1626, 0, 0, 0
153026, 1698, 0, 0, 0
154035, 1679, 0, 0, 0
155027, 1696, 0, 0, 0
156022, 1769, 0, 0, 0
157023, 1734, 0, 0, 0
158000, 1741, 0, 0, 0
159021, 1736, 0, 0, 0
160022, 1851, 0, 0, 0
161031, 1922, 0, 0, 0
162026, 1803, 0, 0, 0
163042, 1918, 0, 0, 0
164029, 1855, 0, 0, 0
165025, 1833, 0, 0, 0
166023, 1802, 0, 0, 0
167032, 1775, 0, 0, 0
168027, 1764, 0, 0, 0
169022, 1818, 0, 0, 0
170033, 1842, 0, 0, 0
171027, 1769, 0, 0, 0
172036, 1750, 0, 0, 0
173025, 1801, 0, 0, 0
174024, 1796, 0, 0, 0
175035, 1798, 0, 0, 0
176027, 1806, 0, 0, 0
177021, 1813, 0, 0, 0
178027, 1791, 0, 0, 0
179021, 1775, 0, 0, 0
180029, 1702, 0, 0, 0
