1000, 2081, 0, 0, 0
2003, 2090, 0, 0, 0
3000, 1974, 0, 0, 0
4001, 1956, 0, 0, 0
5000, 1990, 0, 0, 0
6000, 1997, 0, 0, 0
7006, 1956, 0, 0, 0
8001, 1943, 0, 0, 0
9000, 1923, 0, 0, 0
10003, 1874, 0, 0, 0
11000, 1932, 0, 0, 0
12008, 2059, 0, 0, 0
13003, 1966, 0, 0, 0
14001, 1901, 0, 0, 0
15008, 2014, 0, 0, 0
16004, 1899, 0, 0, 0
17001, 1878, 0, 0, 0
18000, 1890, 0, 0, 0
19003, 1878, 0, 0, 0
20000, 1979, 0, 0, 0
21007, 1995, 0, 0, 0
22001, 1902, 0, 0, 0
23000, 1958, 0, 0, 0
24000, 2002, 0, 0, 0
25001, 1953, 0, 0, 0
26000, 1990, 0, 0, 0
27002, 1954, 0, 0, 0
28001, 1810, 0, 0, 0
29001, 1922, 0, 0, 0
30001, 1935, 0, 0, 0
31000, 1928, 0, 0, 0
32004, 1953, 0, 0, 0
33000, 2014, 0, 0, 0
34000, 1930, 0, 0, 0
35001, 1887, 0, 0, 0
36000, 2107, 0, 0, 0
37005, 1989, 0, 0, 0
38001, 1851, 0, 0, 0
39000, 1861, 0, 0, 0
40006, 1871, 0, 0, 0
41000, 2008, 0, 0, 0
42000, 2031, 0, 0, 0
43000, 1957, 0, 0, 0
44004, 2029, 0, 0, 0
45001, 2018, 0, 0, 0
46000, 1865, 0, 0, 0
47005, 1997, 0, 0, 0
48001, 2019, 0, 0, 0
49000, 1995, 0, 0, 0
50001, 1944, 0, 0, 0
51004, 1905, 0, 0, 0
52002, 1999, 0, 0, 0
53006, 1990, 0, 0, 0
54001, 2095, 0, 0, 0
55000, 2235, 0, 0, 0
56002, 1997, 0, 0, 0
57000, 2018, 0, 0, 0
58003, 1978, 0, 0, 0
59000, 1987, 0, 0, 0
60001, 1964, 0, 0, 0
61002, 2000, 0, 0, 0
62000, 2119, 0, 0, 0
63007, 1869, 0, 0, 0
64001, 2007, 0, 0, 0
65000, 1932, 0, 0, 0
66001, 2034, 0, 0, 0
67001, 2093, 0, 0, 0
68000, 2093, 0, 0, 0
69000, 1911, 0, 0, 0
70001, 2024, 0, 0, 0
71000, 2080, 0, 0, 0
72000, 2005, 0, 0, 0
73000, 2121, 0, 0, 0
74000, 2026, 0, 0, 0
75000, 2135, 0, 0, 0
76000, 1932, 0, 0, 0
77000, 2006, 0, 0, 0
78000, 2025, 0, 0, 0
79001, 2080, 0, 0, 0
80000, 2193, 0, 0, 0
81004, 2103, 0, 0, 0
82000, 2121, 0, 0, 0
83000, 2054, 0, 0, 0
84000, 2152, 0, 0, 0
85001, 2026, 0, 0, 0
86001, 1930, 0, 0, 0
87008, 1980, 0, 0, 0
88001, 2138, 0, 0, 0
89000, 1997, 0, 0, 0
90006, 2034, 0, 0, 0
91001, 2111, 0, 0, 0
92001, 2233, 0, 0, 0
93001, 2036, 0, 0, 0
94000, 2167, 0, 0, 0
95000, 2037, 0, 0, 0
96004, 2124, 0, 0, 0
97000, 1951, 0, 0, 0
98000, 1935, 0, 0, 0
99000, 1913, 0, 0, 0
100000, 2008, 0, 0, 0
101000, 1906, 0, 0, 0
102000, 1908, 0, 0, 0
103000, 2036, 0, 0, 0
104002, 1948, 0, 0, 0
105000, 1972, 0, 0, 0
106003, 1853, 0, 0, 0
107000, 1955, 0, 0, 0
108000, 1978, 0, 0, 0
109001, 2027, 0, 0, 0
110002, 1997, 0, 0, 0
111002, 1932, 0, 0, 0
112001, 1940, 0, 0, 0
113003, 1980, 0, 0, 0
114000, 1824, 0, 0, 0
115000, 1936, 0, 0, 0
116001, 1958, 0, 0, 0
117000, 2004, 0, 0, 0
118000, 1992, 0, 0, 0
119004, 1921, 0, 0, 0
120000, 2022, 0, 0, 0
121006, 1956, 0, 0, 0
122001, 1977, 0, 0, 0
123000, 2040, 0, 0, 0
124001, 1894, 0, 0, 0
125001, 1847, 0, 0, 0
126000, 1800, 0, 0, 0
127007, 2116, 0, 0, 0
128001, 1870, 0, 0, 0
129000, 2041, 0, 0, 0
130000, 2116, 0, 0, 0
131000, 2067, 0, 0, 0
132008, 2061, 0, 0, 0
133000, 1958, 0, 0, 0
134001, 1997, 0, 0, 0
135003, 2046, 0, 0, 0
136000, 2043, 0, 0, 0
137007, 1945, 0, 0, 0
138002, 1946, 0, 0, 0
139001, 1940, 0, 0, 0
140000, 1934, 0, 0, 0
141000, 1880, 0, 0, 0
142001, 1900, 0, 0, 0
143004, 1851, 0, 0, 0
144000, 2202, 0, 0, 0
145007, 2012, 0, 0, 0
146000, 1944, 0, 0, 0
147000, 2186, 0, 0, 0
148000, 1979, 0, 0, 0
149000, 2060, 0, 0, 0
150000, 2087, 0, 0, 0
151002, 1886, 0, 0, 0
152000, 1899, 0, 0, 0
153000, 1920, 0, 0, 0
154000, 1980, 0, 0, 0
155006, 2052, 0, 0, 0
156000, 2083, 0, 0, 0
157000, 1982, 0, 0, 0
158000, 2073, 0, 0, 0
159001, 2071, 0, 0, 0
160002, 2012, 0, 0, 0
161001, 2022, 0, 0, 0
162001, 1993, 0, 0, 0
163000, 1943, 0, 0, 0
164001, 2053, 0, 0, 0
165002, 2046, 0, 0, 0
166007, 1935, 0, 0, 0
167001, 1953, 0, 0, 0
168000, 1853, 0, 0, 0
169004, 1725, 0, 0, 0
170000, 1977, 0, 0, 0
171000, 2033, 0, 0, 0
172000, 2188, 0, 0, 0
173001, 1927, 0, 0, 0
174000, 1976, 0, 0, 0
175000, 1920, 0, 0, 0
176005, 1894, 0, 0, 0
177001, 2012, 0, 0, 0
178000, 1950, 0, 0, 0
179004, 2007, 0, 0, 0
180002, 2101, 0, 0, 0
