1010, 120004213, 1, 0, 0
2001, 130887346, 1, 0, 0
3007, 131232226, 1, 0, 0
4000, 132287011, 1, 0, 0
5005, 130021379, 1, 0, 0
6002, 130865140, 1, 0, 0
7012, 128526403, 1, 0, 0
8008, 129584545, 1, 0, 0
9004, 127300036, 1, 0, 0
10016, 128167213, 1, 0, 0
11009, 130290789, 1, 0, 0
12003, 128559886, 1, 0, 0
13001, 129632624, 1, 0, 0
14001, 128619528, 1, 0, 0
15004, 128935687, 1, 0, 0
16004, 130747842, 1, 0, 0
17011, 132407431, 1, 0, 0
18002, 130464468, 1, 0, 0
19004, 131661194, 1, 0, 0
20001, 130692149, 1, 0, 0
21015, 131157159, 1, 0, 0
22007, 130852082, 1, 0, 0
23004, 129685717, 1, 0, 0
24020, 126480627, 1, 0, 0
25006, 125901040, 1, 0, 0
26002, 123556925, 1, 0, 0
27012, 123117795, 1, 0, 0
28004, 124971742, 1, 0, 0
29001, 124904897, 1, 0, 0
30000, 127272646, 1, 0, 0
31001, 123424774, 1, 0, 0
32000, 126566053, 1, 0, 0
33011, 128639358, 1, 0, 0
34004, 130592577, 1, 0, 0
35000, 131388987, 1, 0, 0
36007, 131382608, 1, 0, 0
37001, 130828775, 1, 0, 0
38007, 131930702, 1, 0, 0
39000, 130368966, 1, 0, 0
40010, 130472009, 1, 0, 0
41005, 130768357, 1, 0, 0
42003, 130732335, 1, 0, 0
43007, 130273922, 1, 0, 0
44000, 129725043, 1, 0, 0
45001, 130440423, 1, 0, 0
46001, 131495117, 1, 0, 0
47011, 131494093, 1, 0, 0
48006, 130346416, 1, 0, 0
49002, 129194342, 1, 0, 0
50013, 128405751, 1, 0, 0
51008, 129455607, 1, 0, 0
52005, 129908900, 1, 0, 0
53000, 128583555, 1, 0, 0
54001, 127380732, 1, 0, 0
55008, 126332182, 1, 0, 0
56003, 128338650, 1, 0, 0
57001, 127129372, 1, 0, 0
58001, 127838573, 1, 0, 0
59005, 138405173, 1, 0, 0
60001, 139501766, 1, 0, 0
61011, 135523847, 1, 0, 0
62003, 145519939, 1, 0, 0
63002, 129957005, 1, 0, 0
64008, 137963515, 1, 0, 0
65004, 140458612, 1, 0, 0
66001, 132710097, 1, 0, 0
67004, 134519212, 1, 0, 0
68003, 135177142, 1, 0, 0
69001, 138196636, 1, 0, 0
70000, 135262668, 1, 0, 0
71003, 134513364, 1, 0, 0
72000, 126459259, 1, 0, 0
73011, 130086903, 1, 0, 0
74002, 128916441, 1, 0, 0
75012, 129201796, 1, 0, 0
76001, 130975072, 1, 0, 0
77002, 130994497, 1, 0, 0
78005, 130684108, 1, 0, 0
79008, 131334841, 1, 0, 0
80001, 129511605, 1, 0, 0
81005, 129862405, 1, 0, 0
82002, 130178546, 1, 0, 0
83010, 130523639, 1, 0, 0
84008, 128223000, 1, 0, 0
85003, 125217323, 1, 0, 0
86010, 126070506, 1, 0, 0
87000, 122119022, 1, 0, 0
88000, 121223709, 1, 0, 0
89011, 127081171, 1, 0, 0
90003, 127029237, 1, 0, 0
91016, 127376685, 1, 0, 0
92000, 132607327, 1, 0, 0
93004, 131275578, 1, 0, 0
94011, 130827049, 1, 0, 0
95006, 132129131, 1, 0, 0
96000, 130615069, 1, 0, 0
97009, 130295166, 1, 0, 0
98002, 130372268, 1, 0, 0
99006, 130385913, 1, 0, 0
100000, 130323235, 1, 0, 0
101002, 129927333, 1, 0, 0
102000, 130899202, 1, 0, 0
103015, 128659445, 1, 0, 0
104007, 127273310, 1, 0, 0
105004, 127631485, 1, 0, 0
106012, 129570523, 1, 0, 0
107003, 127842142, 1, 0, 0
108002, 126245035, 1, 0, 0
109003, 127420395, 1, 0, 0
110004, 127834763, 1, 0, 0
111008, 127436730, 1, 0, 0
112007, 126731061, 1, 0, 0
113003, 126572049, 1, 0, 0
114005, 127766270, 1, 0, 0
115009, 131774223, 1, 0, 0
116001, 128686684, 1, 0, 0
117012, 130033396, 1, 0, 0
118008, 127316654, 1, 0, 0
119004, 128720182, 1, 0, 0
120014, 144167572, 1, 0, 0
121005, 150587341, 1, 0, 0
122005, 142690935, 1, 0, 0
123011, 136398986, 1, 0, 0
124004, 144765884, 1, 0, 0
125002, 137076255, 1, 0, 0
126015, 138528998, 1, 0, 0
127004, 134872979, 1, 0, 0
128000, 133566575, 1, 0, 0
129015, 133870201, 1, 0, 0
130007, 134069268, 1, 0, 0
131006, 136470876, 1, 0, 0
132015, 136839911, 1, 0, 0
133001, 135920706, 1, 0, 0
134009, 136197939, 1, 0, 0
135003, 142733715, 1, 0, 0
136010, 135932967, 1, 0, 0
137001, 137284422, 1, 0, 0
138005, 142572325, 1, 0, 0
139012, 137518609, 1, 0, 0
140010, 147703052, 1, 0, 0
141003, 139301576, 1, 0, 0
142003, 137250247, 1, 0, 0
143005, 144116241, 1, 0, 0
144008, 136633954, 1, 0, 0
145010, 132061938, 1, 0, 0
146011, 137184685, 1, 0, 0
147002, 131132031, 1, 0, 0
148010, 129817699, 1, 0, 0
149006, 137510732, 1, 0, 0
150000, 129573440, 1, 0, 0
151011, 128609763, 1, 0, 0
152011, 131496580, 1, 0, 0
153003, 123948811, 1, 0, 0
154015, 128901194, 1, 0, 0
155007, 128618825, 1, 0, 0
156003, 129537677, 1, 0, 0
157000, 126184797, 1, 0, 0
158009, 127155840, 1, 0, 0
159007, 124463346, 1, 0, 0
160015, 129146408, 1, 0, 0
161007, 124576113, 1, 0, 0
162001, 128341123, 1, 0, 0
163001, 127392694, 1, 0, 0
164010, 124501053, 1, 0, 0
165000, 127758938, 1, 0, 0
166005, 129232954, 1, 0, 0
167007, 136317449, 1, 0, 0
168006, 131027219, 1, 0, 0
169001, 129247995, 1, 0, 0
170008, 136025435, 1, 0, 0
171001, 131919316, 1, 0, 0
172011, 141538561, 1, 0, 0
173007, 136404762, 1, 0, 0
174014, 135506497, 1, 0, 0
175009, 135909795, 1, 0, 0
176000, 132917600, 1, 0, 0
177015, 139294399, 1, 0, 0
178002, 137202031, 1, 0, 0
179000, 165008571, 1, 0, 0
180007, 161876892, 1, 0, 0
180116, 216401600, 1, 0, 0
