999, 1793, 0, 0, 0
1999, 1880, 0, 0, 0
2999, 1860, 0, 0, 0
4000, 1868, 0, 0, 0
5000, 1836, 0, 0, 0
6000, 1789, 0, 0, 0
7000, 1844, 0, 0, 0
8000, 1769, 0, 0, 0
9000, 1708, 0, 0, 0
10000, 1553, 0, 0, 0
11000, 1836, 0, 0, 0
12000, 1761, 0, 0, 0
13001, 1824, 0, 0, 0
14000, 1761, 0, 0, 0
15001, 1848, 0, 0, 0
16000, 1813, 0, 0, 0
17001, 1776, 0, 0, 0
18000, 1845, 0, 0, 0
19000, 1825, 0, 0, 0
20000, 1804, 0, 0, 0
21000, 1901, 0, 0, 0
22000, 1828, 0, 0, 0
23000, 1881, 0, 0, 0
24000, 1928, 0, 0, 0
25000, 1629, 0, 0, 0
26000, 1840, 0, 0, 0
27000, 1905, 0, 0, 0
28000, 1904, 0, 0, 0
29000, 1893, 0, 0, 0
30001, 1872, 0, 0, 0
31000, 1841, 0, 0, 0
32001, 1864, 0, 0, 0
33000, 1837, 0, 0, 0
34001, 1816, 0, 0, 0
35000, 1845, 0, 0, 0
36001, 1800, 0, 0, 0
37000, 1817, 0, 0, 0
38001, 1848, 0, 0, 0
39000, 1797, 0, 0, 0
40001, 1868, 0, 0, 0
41000, 1841, 0, 0, 0
42001, 1920, 0, 0, 0
43000, 1785, 0, 0, 0
44001, 1908, 0, 0, 0
45000, 1773, 0, 0, 0
46000, 1821, 0, 0, 0
47000, 1896, 0, 0, 0
48000, 1845, 0, 0, 0
49000, 1828, 0, 0, 0
50000, 1845, 0, 0, 0
51000, 1844, 0, 0, 0
52000, 1861, 0, 0, 0
53000, 1812, 0, 0, 0
54000, 1801, 0, 0, 0
55000, 1820, 0, 0, 0
56000, 1665, 0, 0, 0
57000, 1760, 0, 0, 0
58000, 1805, 0, 0, 0
59001, 1788, 0, 0, 0
60000, 1761, 0, 0, 0
61001, 1860, 0, 0, 0
62000, 1865, 0, 0, 0
63001, 1856, 0, 0, 0
64000, 1833, 0, 0, 0
65001, 1824, 0, 0, 0
66000, 1825, 0, 0, 0
67000, 1809, 0, 0, 0
68000, 1824, 0, 0, 0
69000, 1813, 0, 0, 0
70000, 1772, 0, 0, 0
71000, 1873, 0, 0, 0
72000, 1840, 0, 0, 0
73000, 1797, 0, 0, 0
74000, 1764, 0, 0, 0
75000, 1829, 0, 0, 0
76000, 1836, 0, 0, 0
77000, 1773, 0, 0, 0
78001, 1824, 0, 0, 0
79000, 1793, 0, 0, 0
80001, 1788, 0, 0, 0
81000, 1777, 0, 0, 0
82001, 1800, 0, 0, 0
83000, 1801, 0, 0, 0
84001, 1776, 0, 0, 0
85000, 1805, 0, 0, 0
86001, 1812, 0, 0, 0
87000, 1789, 0, 0, 0
88000, 1817, 0, 0, 0
89000, 1832, 0, 0, 0
90000, 1741, 0, 0, 0
91000, 1796, 0, 0, 0
92000, 1793, 0, 0, 0
93001, 808, 0, 0, 0
94000, 1745, 0, 0, 0
95001, 1788, 0, 0, 0
96000, 1697, 0, 0, 0
97001, 1816, 0, 0, 0
98000, 1833, 0, 0, 0
99001, 1844, 0, 0, 0
100000, 1785, 0, 0, 0
101000, 1681, 0, 0, 0
102000, 1768, 0, 0, 0
103000, 1881, 0, 0, 0
104000, 1804, 0, 0, 0
105000, 1769, 0, 0, 0
106001, 1812, 0, 0, 0
107000, 1765, 0, 0, 0
108001, 1748, 0, 0, 0
109000, 1717, 0, 0, 0
110000, 1801, 0, 0, 0
111000, 1700, 0, 0, 0
112000, 1797, 0, 0, 0
113000, 1760, 0, 0, 0
114000, 1789, 0, 0, 0
115001, 1880, 0, 0, 0
116000, 1721, 0, 0, 0
117001, 1844, 0, 0, 0
118000, 1809, 0, 0, 0
119000, 1789, 0, 0, 0
120000, 1820, 0, 0, 0
121000, 1849, 0, 0, 0
122001, 1840, 0, 0, 0
123000, 1805, 0, 0, 0
124001, 1860, 0, 0, 0
125000, 1865, 0, 0, 0
126001, 1788, 0, 0, 0
127000, 1813, 0, 0, 0
128001, 1904, 0, 0, 0
129000, 1837, 0, 0, 0
130001, 1848, 0, 0, 0
131000, 1721, 0, 0, 0
132000, 1845, 0, 0, 0
133000, 1896, 0, 0, 0
134000, 1873, 0, 0, 0
135000, 1844, 0, 0, 0
136000, 1833, 0, 0, 0
137001, 1836, 0, 0, 0
138000, 1837, 0, 0, 0
139001, 1800, 0, 0, 0
140000, 1829, 0, 0, 0
141000, 1829, 0, 0, 0
142001, 1816, 0, 0, 0
143000, 1877, 0, 0, 0
144001, 1864, 0, 0, 0
145000, 1657, 0, 0, 0
146001, 1844, 0, 0, 0
147000, 1881, 0, 0, 0
148000, 1853, 0, 0, 0
149000, 1796, 0, 0, 0
150000, 1897, 0, 0, 0
151001, 1876, 0, 0, 0
152000, 1497, 0, 0, 0
153001, 1108, 0, 0, 0
154000, 1881, 0, 0, 0
155001, 1808, 0, 0, 0
156000, 1897, 0, 0, 0
157001, 1784, 0, 0, 0
158000, 1821, 0, 0, 0
159000, 1865, 0, 0, 0
160000, 1808, 0, 0, 0
161000, 1869, 0, 0, 0
162000, 1896, 0, 0, 0
163000, 1865, 0, 0, 0
164000, 1860, 0, 0, 0
165000, 1861, 0, 0, 0
166001, 1880, 0, 0, 0
167000, 1813, 0, 0, 0
168001, 1860, 0, 0, 0
169000, 1865, 0, 0, 0
170001, 1868, 0, 0, 0
171000, 1925, 0, 0, 0
172001, 1884, 0, 0, 0
173000, 1845, 0, 0, 0
174001, 1888, 0, 0, 0
175000, 1921, 0, 0, 0
176001, 1828, 0, 0, 0
177000, 1905, 0, 0, 0
178001, 1912, 0, 0, 0
179000, 1845, 0, 0, 0
180000, 1873, 0, 0, 0
