1000, 2413738, 0, 0, 0
2002, 2106292, 0, 0, 0
3002, 2189672, 0, 0, 0
4000, 2176331, 0, 0, 0
5000, 2177191, 0, 0, 0
6000, 2238958, 0, 0, 0
7000, 2186092, 0, 0, 0
8002, 2151356, 0, 0, 0
9000, 2319884, 0, 0, 0
10000, 2152238, 0, 0, 0
11001, 2172441, 0, 0, 0
12000, 2198681, 0, 0, 0
13002, 2203771, 0, 0, 0
14001, 2193004, 0, 0, 0
15002, 2227207, 0, 0, 0
16000, 2174993, 0, 0, 0
17001, 2151478, 0, 0, 0
18000, 2215831, 0, 0, 0
19000, 2171681, 0, 0, 0
20001, 2159961, 0, 0, 0
21002, 2357334, 0, 0, 0
22001, 2118623, 0, 0, 0
23002, 2140940, 0, 0, 0
24000, 2245839, 0, 0, 0
25001, 2191432, 0, 0, 0
26000, 2212363, 0, 0, 0
27000, 2211033, 0, 0, 0
28000, 2208816, 0, 0, 0
29002, 2228339, 0, 0, 0
30000, 2171381, 0, 0, 0
31003, 2192046, 0, 0, 0
32001, 2261568, 0, 0, 0
33003, 2238243, 0, 0, 0
34000, 2242705, 0, 0, 0
35001, 2169062, 0, 0, 0
36001, 2249038, 0, 0, 0
37000, 2193990, 0, 0, 0
38000, 2190626, 0, 0, 0
39003, 2185253, 0, 0, 0
40001, 2154394, 0, 0, 0
41000, 2159945, 0, 0, 0
42002, 2088045, 0, 0, 0
43000, 2158732, 0, 0, 0
44000, 2124518, 0, 0, 0
45000, 2209329, 0, 0, 0
46001, 2241457, 0, 0, 0
47003, 2224521, 0, 0, 0
48000, 2220657, 0, 0, 0
49002, 2214632, 0, 0, 0
50000, 2221374, 0, 0, 0
51000, 2175444, 0, 0, 0
52002, 2193905, 0, 0, 0
53000, 2147948, 0, 0, 0
54000, 2116851, 0, 0, 0
55000, 2249056, 0, 0, 0
56000, 2176571, 0, 0, 0
57000, 2239526, 0, 0, 0
58001, 2118567, 0, 0, 0
59001, 2195043, 0, 0, 0
60001, 2147791, 0, 0, 0
61001, 2141588, 0, 0, 0
62000, 2138126, 0, 0, 0
63001, 2140843, 0, 0, 0
64001, 2088860, 0, 0, 0
65001, 2120884, 0, 0, 0
66001, 2180851, 0, 0, 0
67000, 2094568, 0, 0, 0
68001, 2173436, 0, 0, 0
69000, 2155802, 0, 0, 0
70000, 2093525, 0, 0, 0
71257, 2719458, 0, 0, 0
72001, 2121640, 0, 0, 0
73000, 2155619, 0, 0, 0
74001, 2182283, 0, 0, 0
75005, 2115721, 0, 0, 0
76000, 2126869, 0, 0, 0
77000, 2201370, 0, 0, 0
78001, 2225154, 0, 0, 0
79000, 2150776, 0, 0, 0
80000, 2161693, 0, 0, 0
81001, 2313990, 0, 0, 0
82002, 2058355, 0, 0, 0
83000, 2157877, 0, 0, 0
84002, 2132041, 0, 0, 0
85001, 2091330, 0, 0, 0
86001, 2115978, 0, 0, 0
87000, 2306246, 0, 0, 0
88001, 2281534, 0, 0, 0
89000, 2253224, 0, 0, 0
90000, 2248861, 0, 0, 0
91000, 2323696, 0, 0, 0
92001, 2215829, 0, 0, 0
93001, 2339371, 0, 0, 0
94006, 2193122, 0, 0, 0
95001, 2585735, 0, 0, 0
96000, 2553781, 0, 0, 0
97001, 2536449, 0, 0, 0
98024, 2903738, 0, 0, 0
99022, 3834853, 0, 0, 0
100000, 2354181, 0, 0, 0
101000, 2195739, 0, 0, 0
102000, 2219668, 0, 0, 0
103001, 2182343, 0, 0, 0
104002, 2106018, 0, 0, 0
105000, 2143215, 0, 0, 0
106001, 2168954, 0, 0, 0
107001, 2175413, 0, 0, 0
108003, 2273904, 0, 0, 0
109000, 2269359, 0, 0, 0
110000, 2222814, 0, 0, 0
111000, 2158553, 0, 0, 0
112001, 2220973, 0, 0, 0
113001, 2176907, 0, 0, 0
114000, 2325574, 0, 0, 0
115000, 2161306, 0, 0, 0
116000, 2245416, 0, 0, 0
117000, 2180646, 0, 0, 0
118002, 2150057, 0, 0, 0
119000, 2210671, 0, 0, 0
120001, 2174325, 0, 0, 0
121001, 2184184, 0, 0, 0
122001, 2181972, 0, 0, 0
123005, 2195065, 0, 0, 0
124001, 2120735, 0, 0, 0
125000, 2145243, 0, 0, 0
126000, 2119170, 0, 0, 0
127001, 2122824, 0, 0, 0
128001, 2129982, 0, 0, 0
129001, 2143339, 0, 0, 0
130001, 2167838, 0, 0, 0
131001, 2134097, 0, 0, 0
132001, 2156965, 0, 0, 0
133001, 2344749, 0, 0, 0
134002, 2211683, 0, 0, 0
135001, 2192418, 0, 0, 0
136000, 2197295, 0, 0, 0
137000, 2153778, 0, 0, 0
138001, 2177283, 0, 0, 0
139000, 2183444, 0, 0, 0
140001, 2118778, 0, 0, 0
141000, 2145298, 0, 0, 0
142000, 2130234, 0, 0, 0
143000, 2165426, 0, 0, 0
144001, 2086649, 0, 0, 0
145000, 2146647, 0, 0, 0
146000, 2130341, 0, 0, 0
147002, 2207598, 0, 0, 0
148001, 2131538, 0, 0, 0
149001, 2120897, 0, 0, 0
150000, 2247916, 0, 0, 0
151001, 2221307, 0, 0, 0
152002, 2226618, 0, 0, 0
153001, 2208727, 0, 0, 0
154000, 2158790, 0, 0, 0
155001, 2187217, 0, 0, 0
156000, 2228389, 0, 0, 0
157001, 2162545, 0, 0, 0
158001, 2153635, 0, 0, 0
159001, 2210110, 0, 0, 0
160001, 2208972, 0, 0, 0
161000, 2252189, 0, 0, 0
162020, 2574191, 0, 0, 0
163001, 2235374, 0, 0, 0
164000, 2239122, 0, 0, 0
165000, 2214513, 0, 0, 0
166000, 2222964, 0, 0, 0
167001, 2169182, 0, 0, 0
168000, 2132779, 0, 0, 0
169001, 2153348, 0, 0, 0
170001, 2120868, 0, 0, 0
171002, 2299919, 0, 0, 0
172000, 2148501, 0, 0, 0
173000, 2175827, 0, 0, 0
174001, 2099694, 0, 0, 0
175001, 2296597, 0, 0, 0
176000, 2098898, 0, 0, 0
177000, 2231254, 0, 0, 0
178000, 2279443, 0, 0, 0
179001, 2207167, 0, 0, 0
180000, 2203397, 0, 0, 0
