1008, 109517913, 1, 0, 0
2001, 136334980, 1, 0, 0
3009, 133968224, 1, 0, 0
4007, 136219906, 1, 0, 0
5009, 132522535, 1, 0, 0
6002, 130775892, 1, 0, 0
7014, 131300082, 1, 0, 0
8011, 138131873, 1, 0, 0
9007, 135327448, 1, 0, 0
10016, 128316012, 1, 0, 0
11010, 130050021, 1, 0, 0
12006, 129705793, 1, 0, 0
13000, 132969630, 1, 0, 0
14001, 134133235, 1, 0, 0
15005, 133446525, 1, 0, 0
16002, 131053187, 1, 0, 0
17013, 132523724, 1, 0, 0
18002, 131118208, 1, 0, 0
19006, 131418893, 1, 0, 0
20001, 131269947, 1, 0, 0
21014, 130979017, 1, 0, 0
22005, 130438048, 1, 0, 0
23003, 130106912, 1, 0, 0
24024, 126459417, 1, 0, 0
25008, 126154323, 1, 0, 0
26002, 123859615, 1, 0, 0
27014, 123363802, 1, 0, 0
28005, 125240651, 1, 0, 0
29004, 124603550, 1, 0, 0
30003, 126559606, 1, 0, 0
31004, 123361143, 1, 0, 0
32002, 127480586, 1, 0, 0
33011, 128240287, 1, 0, 0
34006, 130903282, 1, 0, 0
35002, 131123481, 1, 0, 0
36008, 130744444, 1, 0, 0
37000, 131546593, 1, 0, 0
38007, 130015133, 1, 0, 0
39005, 130825594, 1, 0, 0
40011, 130453892, 1, 0, 0
41005, 131210444, 1, 0, 0
42003, 130286077, 1, 0, 0
43007, 129872471, 1, 0, 0
44004, 129936811, 1, 0, 0
45001, 130060775, 1, 0, 0
46004, 131313450, 1, 0, 0
47015, 131721766, 1, 0, 0
48008, 129839938, 1, 0, 0
49003, 128945044, 1, 0, 0
50016, 129082365, 1, 0, 0
51007, 128905501, 1, 0, 0
52005, 130021090, 1, 0, 0
53000, 129120878, 1, 0, 0
54003, 127330030, 1, 0, 0
55009, 127071201, 1, 0, 0
56004, 127425848, 1, 0, 0
57002, 127117929, 1, 0, 0
58005, 127724718, 1, 0, 0
59008, 126000462, 1, 0, 0
60002, 131968354, 1, 0, 0
61014, 136997402, 1, 0, 0
62009, 137301367, 1, 0, 0
63002, 143043468, 1, 0, 0
64012, 137238793, 1, 0, 0
65003, 130236754, 1, 0, 0
66006, 129530463, 1, 0, 0
67003, 133802942, 1, 0, 0
68001, 135339060, 1, 0, 0
69003, 131586281, 1, 0, 0
70002, 133836923, 1, 0, 0
71006, 137090218, 1, 0, 0
72004, 140657874, 1, 0, 0
73008, 136533890, 1, 0, 0
74004, 134550995, 1, 0, 0
75013, 136398120, 1, 0, 0
76001, 141982725, 1, 0, 0
77005, 137981873, 1, 0, 0
78008, 134628468, 1, 0, 0
79005, 136322847, 1, 0, 0
80002, 132129668, 1, 0, 0
81007, 136909582, 1, 0, 0
82003, 135203530, 1, 0, 0
83007, 130528712, 1, 0, 0
84008, 129301040, 1, 0, 0
85002, 124843508, 1, 0, 0
86014, 126002761, 1, 0, 0
87001, 122003213, 1, 0, 0
88001, 121084605, 1, 0, 0
89012, 126624255, 1, 0, 0
90007, 127245468, 1, 0, 0
91014, 128161745, 1, 0, 0
92003, 132294186, 1, 0, 0
93003, 131289786, 1, 0, 0
94012, 131242524, 1, 0, 0
95005, 132360549, 1, 0, 0
96006, 130796227, 1, 0, 0
97011, 132964767, 1, 0, 0
98000, 138096146, 1, 0, 0
99012, 134513868, 1, 0, 0
100000, 131202778, 1, 0, 0
101003, 133294987, 1, 0, 0
102001, 132984324, 1, 0, 0
103013, 135434212, 1, 0, 0
104011, 140584095, 1, 0, 0
105005, 135224932, 1, 0, 0
106010, 128563739, 1, 0, 0
107006, 128586054, 1, 0, 0
108001, 131330836, 1, 0, 0
109002, 129306069, 1, 0, 0
110003, 128216740, 1, 0, 0
111010, 128314779, 1, 0, 0
112010, 128803635, 1, 0, 0
113007, 127177248, 1, 0, 0
114007, 130518456, 1, 0, 0
115008, 132475834, 1, 0, 0
116002, 130625564, 1, 0, 0
117015, 138130919, 1, 0, 0
118007, 133903567, 1, 0, 0
119006, 140828673, 1, 0, 0
120016, 150633039, 1, 0, 0
121007, 145215732, 1, 0, 0
122005, 139012881, 1, 0, 0
123011, 140539858, 1, 0, 0
124010, 141233029, 1, 0, 0
125003, 138863928, 1, 0, 0
126014, 136342524, 1, 0, 0
127005, 137343330, 1, 0, 0
128001, 137230059, 1, 0, 0
129014, 138393090, 1, 0, 0
130011, 136913873, 1, 0, 0
131006, 135329392, 1, 0, 0
132018, 133183229, 1, 0, 0
133001, 134674630, 1, 0, 0
134009, 135172219, 1, 0, 0
135002, 138807907, 1, 0, 0
136011, 139886397, 1, 0, 0
137004, 139644777, 1, 0, 0
138003, 143955816, 1, 0, 0
139014, 138803906, 1, 0, 0
140009, 135900123, 1, 0, 0
141007, 134677339, 1, 0, 0
142009, 140111307, 1, 0, 0
143010, 137901324, 1, 0, 0
144000, 134955036, 1, 0, 0
145015, 136321159, 1, 0, 0
146009, 134905371, 1, 0, 0
147002, 130714919, 1, 0, 0
148010, 132240134, 1, 0, 0
149008, 138253439, 1, 0, 0
150002, 137951583, 1, 0, 0
151007, 136198653, 1, 0, 0
152009, 140737602, 1, 0, 0
153007, 140356655, 1, 0, 0
154017, 151233624, 1, 0, 0
155014, 135007249, 1, 0, 0
156004, 142345844, 1, 0, 0
157002, 154157158, 1, 0, 0
158012, 157451100, 1, 0, 0
159006, 141893277, 1, 0, 0
160019, 150395673, 1, 0, 0
161011, 158471713, 1, 0, 0
162001, 156834023, 1, 0, 0
163001, 157495193, 1, 0, 0
164012, 140399753, 1, 0, 0
165001, 142097921, 1, 0, 0
166006, 138336802, 1, 0, 0
167010, 136833979, 1, 0, 0
168007, 146830967, 1, 0, 0
169004, 148306315, 1, 0, 0
170005, 136996696, 1, 0, 0
171000, 137078138, 1, 0, 0
172011, 130230460, 1, 0, 0
173006, 133947860, 1, 0, 0
174013, 130883542, 1, 0, 0
175010, 128394985, 1, 0, 0
176000, 127304554, 1, 0, 0
177011, 125589497, 1, 0, 0
178004, 126583193, 1, 0, 0
179000, 124652649, 1, 0, 0
180007, 123689577, 1, 0, 0
180115, 186345057, 1, 0, 0
