1000, 917, 0, 0, 0
2000, 924, 0, 0, 0
3000, 953, 0, 0, 0
4000, 943, 0, 0, 0
5000, 930, 0, 0, 0
6000, 950, 0, 0, 0
7000, 941, 0, 0, 0
7999, 922, 0, 0, 0
9000, 947, 0, 0, 0
9999, 942, 0, 0, 0
11000, 959, 0, 0, 0
11999, 930, 0, 0, 0
13000, 925, 0, 0, 0
13999, 923, 0, 0, 0
15000, 926, 0, 0, 0
16000, 919, 0, 0, 0
17000, 923, 0, 0, 0
18000, 916, 0, 0, 0
19000, 941, 0, 0, 0
20000, 918, 0, 0, 0
20999, 913, 0, 0, 0
22000, 902, 0, 0, 0
22999, 928, 0, 0, 0
24000, 891, 0, 0, 0
25000, 941, 0, 0, 0
26000, 895, 0, 0, 0
27000, 857, 0, 0, 0
28000, 861, 0, 0, 0
29000, 927, 0, 0, 0
30000, 920, 0, 0, 0
31000, 924, 0, 0, 0
32000, 904, 0, 0, 0
33000, 900, 0, 0, 0
34000, 899, 0, 0, 0
35000, 913, 0, 0, 0
35999, 920, 0, 0, 0
37000, 894, 0, 0, 0
37999, 908, 0, 0, 0
39000, 920, 0, 0, 0
39999, 924, 0, 0, 0
41000, 914, 0, 0, 0
42000, 929, 0, 0, 0
43000, 886, 0, 0, 0
44000, 908, 0, 0, 0
45000, 929, 0, 0, 0
46000, 938, 0, 0, 0
47000, 902, 0, 0, 0
48000, 934, 0, 0, 0
49000, 936, 0, 0, 0
50000, 957, 0, 0, 0
50999, 933, 0, 0, 0
52000, 910, 0, 0, 0
53000, 944, 0, 0, 0
54000, 938, 0, 0, 0
55000, 922, 0, 0, 0
56000, 934, 0, 0, 0
57000, 935, 0, 0, 0
57999, 931, 0, 0, 0
59000, 937, 0, 0, 0
60000, 934, 0, 0, 0
61000, 918, 0, 0, 0
62000, 910, 0, 0, 0
62999, 911, 0, 0, 0
64000, 926, 0, 0, 0
65000, 917, 0, 0, 0
66000, 929, 0, 0, 0
67000, 906, 0, 0, 0
68000, 909, 0, 0, 0
69000, 933, 0, 0, 0
69999, 944, 0, 0, 0
71000, 951, 0, 0, 0
71999, 965, 0, 0, 0
73000, 922, 0, 0, 0
73999, 849, 0, 0, 0
75000, 947, 0, 0, 0
75999, 910, 0, 0, 0
77000, 941, 0, 0, 0
77999, 936, 0, 0, 0
79000, 925, 0, 0, 0
80000, 941, 0, 0, 0
81000, 927, 0, 0, 0
82000, 944, 0, 0, 0
83000, 948, 0, 0, 0
84000, 925, 0, 0, 0
84999, 934, 0, 0, 0
86000, 937, 0, 0, 0
87000, 949, 0, 0, 0
88000, 929, 0, 0, 0
89000, 920, 0, 0, 0
90000, 909, 0, 0, 0
91000, 935, 0, 0, 0
92000, 924, 0, 0, 0
93000, 928, 0, 0, 0
93999, 913, 0, 0, 0
95000, 911, 0, 0, 0
95999, 923, 0, 0, 0
97000, 922, 0, 0, 0
98000, 897, 0, 0, 0
99000, 933, 0, 0, 0
100000, 926, 0, 0, 0
100999, 940, 0, 0, 0
102000, 943, 0, 0, 0
102999, 921, 0, 0, 0
104000, 918, 0, 0, 0
104999, 903, 0, 0, 0
106000, 906, 0, 0, 0
107000, 917, 0, 0, 0
108000, 914, 0, 0, 0
109000, 865, 0, 0, 0
110000, 930, 0, 0, 0
111000, 894, 0, 0, 0
111999, 908, 0, 0, 0
113000, 942, 0, 0, 0
113999, 927, 0, 0, 0
115000, 919, 0, 0, 0
115999, 926, 0, 0, 0
117000, 940, 0, 0, 0
118000, 913, 0, 0, 0
119000, 887, 0, 0, 0
120000, 916, 0, 0, 0
121000, 846, 0, 0, 0
122000, 899, 0, 0, 0
123000, 922, 0, 0, 0
124000, 903, 0, 0, 0
125000, 912, 0, 0, 0
126000, 864, 0, 0, 0
127000, 899, 0, 0, 0
128000, 912, 0, 0, 0
129000, 908, 0, 0, 0
130000, 902, 0, 0, 0
130999, 908, 0, 0, 0
132000, 925, 0, 0, 0
132999, 921, 0, 0, 0
134000, 907, 0, 0, 0
135000, 919, 0, 0, 0
136000, 926, 0, 0, 0
137000, 935, 0, 0, 0
138000, 910, 0, 0, 0
139000, 888, 0, 0, 0
140000, 916, 0, 0, 0
141000, 918, 0, 0, 0
141999, 926, 0, 0, 0
143000, 916, 0, 0, 0
143999, 891, 0, 0, 0
145000, 912, 0, 0, 0
146000, 919, 0, 0, 0
147000, 895, 0, 0, 0
148000, 899, 0, 0, 0
148999, 899, 0, 0, 0
150000, 915, 0, 0, 0
150999, 905, 0, 0, 0
152000, 919, 0, 0, 0
152999, 884, 0, 0, 0
154000, 909, 0, 0, 0
155000, 940, 0, 0, 0
156000, 909, 0, 0, 0
157000, 900, 0, 0, 0
158000, 916, 0, 0, 0
159000, 917, 0, 0, 0
160000, 924, 0, 0, 0
161000, 920, 0, 0, 0
162000, 911, 0, 0, 0
163000, 915, 0, 0, 0
163999, 915, 0, 0, 0
165000, 919, 0, 0, 0
165999, 937, 0, 0, 0
167000, 923, 0, 0, 0
167999, 890, 0, 0, 0
169000, 891, 0, 0, 0
170000, 902, 0, 0, 0
171000, 894, 0, 0, 0
172000, 923, 0, 0, 0
173000, 938, 0, 0, 0
174000, 906, 0, 0, 0
174999, 832, 0, 0, 0
176000, 911, 0, 0, 0
176999, 919, 0, 0, 0
178000, 912, 0, 0, 0
178999, 916, 0, 0, 0
180000, 938, 0, 0, 0
