1000, 15109287, 0, 0, 0
2000, 16316296, 0, 0, 0
3001, 16849312, 0, 0, 0
4000, 17049878, 0, 0, 0
5000, 16432782, 0, 0, 0
6000, 16997934, 0, 0, 0
7000, 16603156, 0, 0, 0
8002, 16318683, 0, 0, 0
9000, 16895404, 0, 0, 0
10000, 16734455, 0, 0, 0
11000, 16942227, 0, 0, 0
12000, 16667537, 0, 0, 0
13000, 16318840, 0, 0, 0
14000, 16858263, 0, 0, 0
15000, 16785516, 0, 0, 0
16003, 16410088, 0, 0, 0
17000, 16924841, 0, 0, 0
18000, 16854126, 0, 0, 0
19000, 16368065, 0, 0, 0
20000, 17188817, 0, 0, 0
21000, 16230970, 0, 0, 0
22000, 16614735, 0, 0, 0
23000, 16726799, 0, 0, 0
24002, 16576648, 0, 0, 0
25000, 17265923, 0, 0, 0
26000, 16401829, 0, 0, 0
27000, 17038596, 0, 0, 0
28000, 16672753, 0, 0, 0
29000, 16600379, 0, 0, 0
30000, 16500288, 0, 0, 0
31000, 16871073, 0, 0, 0
32000, 16993112, 0, 0, 0
33000, 16492469, 0, 0, 0
34000, 16668964, 0, 0, 0
35000, 16814233, 0, 0, 0
36003, 16438536, 0, 0, 0
37000, 17234106, 0, 0, 0
38000, 16382335, 0, 0, 0
39000, 16785969, 0, 0, 0
40000, 16840948, 0, 0, 0
41003, 16405753, 0, 0, 0
42000, 17019656, 0, 0, 0
43000, 17192284, 0, 0, 0
44000, 16369069, 0, 0, 0
45000, 16891261, 0, 0, 0
46000, 16732395, 0, 0, 0
47003, 16162378, 0, 0, 0
48000, 17047186, 0, 0, 0
49000, 16582044, 0, 0, 0
50000, 16740448, 0, 0, 0
51000, 16822546, 0, 0, 0
52003, 16429475, 0, 0, 0
53000, 17166099, 0, 0, 0
54000, 16053474, 0, 0, 0
55000, 17102970, 0, 0, 0
56000, 16484239, 0, 0, 0
57000, 16871637, 0, 0, 0
58000, 16718356, 0, 0, 0
59000, 16740049, 0, 0, 0
60002, 16508769, 0, 0, 0
61001, 16899636, 0, 0, 0
62000, 16746169, 0, 0, 0
63000, 16443394, 0, 0, 0
64000, 17169679, 0, 0, 0
65000, 16580693, 0, 0, 0
66000, 16679342, 0, 0, 0
67000, 16757637, 0, 0, 0
68000, 16892154, 0, 0, 0
69000, 16561015, 0, 0, 0
70000, 16889991, 0, 0, 0
71001, 16411513, 0, 0, 0
72000, 17094266, 0, 0, 0
73000, 16756878, 0, 0, 0
74000, 16501044, 0, 0, 0
75002, 16467552, 0, 0, 0
76000, 17107291, 0, 0, 0
77000, 16621349, 0, 0, 0
78002, 16593448, 0, 0, 0
79000, 17072938, 0, 0, 0
80000, 16705197, 0, 0, 0
81000, 16798883, 0, 0, 0
82000, 17243000, 0, 0, 0
83000, 16551757, 0, 0, 0
84000, 16478365, 0, 0, 0
85000, 16860907, 0, 0, 0
86000, 16771430, 0, 0, 0
87000, 16595717, 0, 0, 0
88000, 16687387, 0, 0, 0
89000, 16781047, 0, 0, 0
90000, 16931063, 0, 0, 0
91000, 16703128, 0, 0, 0
92000, 16592749, 0, 0, 0
93000, 16437379, 0, 0, 0
94000, 16808202, 0, 0, 0
95000, 16731007, 0, 0, 0
96000, 16579325, 0, 0, 0
97001, 17052860, 0, 0, 0
98000, 16798882, 0, 0, 0
99000, 16588315, 0, 0, 0
100000, 17000153, 0, 0, 0
101000, 16697516, 0, 0, 0
102000, 16682514, 0, 0, 0
103000, 16588098, 0, 0, 0
104000, 16721908, 0, 0, 0
105000, 16553370, 0, 0, 0
106000, 17097607, 0, 0, 0
107000, 16828575, 0, 0, 0
108000, 16480562, 0, 0, 0
109001, 16397196, 0, 0, 0
110000, 16948834, 0, 0, 0
111000, 16351991, 0, 0, 0
112000, 17042521, 0, 0, 0
113003, 16544901, 0, 0, 0
114000, 17108936, 0, 0, 0
115000, 16654423, 0, 0, 0
116000, 16477002, 0, 0, 0
117000, 17251031, 0, 0, 0
118000, 16401877, 0, 0, 0
119000, 16635007, 0, 0, 0
120000, 16677786, 0, 0, 0
121000, 16692967, 0, 0, 0
122001, 16589834, 0, 0, 0
123000, 17115626, 0, 0, 0
124002, 16430057, 0, 0, 0
125000, 17032291, 0, 0, 0
126002, 16523670, 0, 0, 0
127000, 16998090, 0, 0, 0
128000, 16695274, 0, 0, 0
129001, 16742709, 0, 0, 0
130000, 17204485, 0, 0, 0
131000, 16340182, 0, 0, 0
132000, 17184903, 0, 0, 0
133000, 16931929, 0, 0, 0
134000, 16459636, 0, 0, 0
135000, 17056029, 0, 0, 0
136000, 16557981, 0, 0, 0
137000, 16952596, 0, 0, 0
138000, 17157817, 0, 0, 0
139000, 16473417, 0, 0, 0
140002, 16488137, 0, 0, 0
141000, 17210699, 0, 0, 0
142000, 16116730, 0, 0, 0
143000, 16648914, 0, 0, 0
144000, 17166630, 0, 0, 0
145000, 16340389, 0, 0, 0
146000, 16858870, 0, 0, 0
147000, 16879915, 0, 0, 0
148000, 16405585, 0, 0, 0
149001, 16646113, 0, 0, 0
150000, 16980410, 0, 0, 0
151001, 16486708, 0, 0, 0
152002, 16452592, 0, 0, 0
153000, 17005616, 0, 0, 0
154000, 16339803, 0, 0, 0
155000, 16893192, 0, 0, 0
156000, 16688539, 0, 0, 0
157000, 16695216, 0, 0, 0
158000, 17124671, 0, 0, 0
159000, 16638432, 0, 0, 0
160000, 16496969, 0, 0, 0
161000, 17115443, 0, 0, 0
162000, 16519916, 0, 0, 0
163000, 16459933, 0, 0, 0
164000, 17341055, 0, 0, 0
165000, 16688222, 0, 0, 0
166000, 16457620, 0, 0, 0
167000, 17022371, 0, 0, 0
168000, 16860158, 0, 0, 0
169002, 16381360, 0, 0, 0
170000, 16945494, 0, 0, 0
171000, 16636564, 0, 0, 0
172000, 16941106, 0, 0, 0
173000, 16280658, 0, 0, 0
174000, 17097628, 0, 0, 0
175000, 16755862, 0, 0, 0
176000, 16512516, 0, 0, 0
177001, 17038244, 0, 0, 0
178000, 16567065, 0, 0, 0
179000, 16854510, 0, 0, 0
180001, 16461775, 0, 0, 0
180005, 55833161, 0, 0, 0
