1000, 1819, 0, 0, 0
2000, 1836, 0, 0, 0
3001, 1822, 0, 0, 0
4000, 1815, 0, 0, 0
5001, 1825, 0, 0, 0
6001, 1778, 0, 0, 0
7000, 1788, 0, 0, 0
8000, 1840, 0, 0, 0
9000, 1842, 0, 0, 0
10000, 1824, 0, 0, 0
11000, 1775, 0, 0, 0
12000, 1856, 0, 0, 0
13000, 1788, 0, 0, 0
14000, 1830, 0, 0, 0
15000, 1789, 0, 0, 0
16000, 1821, 0, 0, 0
17000, 1780, 0, 0, 0
18000, 1829, 0, 0, 0
19000, 1782, 0, 0, 0
20001, 1709, 0, 0, 0
21000, 1781, 0, 0, 0
22002, 1777, 0, 0, 0
23000, 1830, 0, 0, 0
24001, 1833, 0, 0, 0
25001, 1809, 0, 0, 0
26001, 1848, 0, 0, 0
27000, 1905, 0, 0, 0
28001, 1887, 0, 0, 0
29000, 1856, 0, 0, 0
30001, 1768, 0, 0, 0
31001, 1756, 0, 0, 0
32000, 1759, 0, 0, 0
33000, 1808, 0, 0, 0
34002, 1757, 0, 0, 0
35001, 1773, 0, 0, 0
36000, 1699, 0, 0, 0
37000, 1737, 0, 0, 0
38001, 1766, 0, 0, 0
39000, 1817, 0, 0, 0
40000, 1797, 0, 0, 0
41000, 1758, 0, 0, 0
42000, 1824, 0, 0, 0
43000, 1904, 0, 0, 0
44001, 1852, 0, 0, 0
45001, 1767, 0, 0, 0
46001, 1733, 0, 0, 0
47000, 1745, 0, 0, 0
48000, 1791, 0, 0, 0
49001, 1799, 0, 0, 0
50000, 1757, 0, 0, 0
51000, 1712, 0, 0, 0
52000, 1795, 0, 0, 0
53000, 1771, 0, 0, 0
54002, 1770, 0, 0, 0
55000, 1696, 0, 0, 0
56000, 1755, 0, 0, 0
57000, 1786, 0, 0, 0
58000, 1719, 0, 0, 0
59001, 1787, 0, 0, 0
60000, 1732, 0, 0, 0
61000, 1707, 0, 0, 0
62001, 1775, 0, 0, 0
63000, 1753, 0, 0, 0
64000, 1724, 0, 0, 0
65000, 1719, 0, 0, 0
66000, 1767, 0, 0, 0
67001, 1760, 0, 0, 0
68000, 1744, 0, 0, 0
69000, 1700, 0, 0, 0
70001, 1635, 0, 0, 0
71000, 1720, 0, 0, 0
72001, 1657, 0, 0, 0
73001, 1745, 0, 0, 0
74000, 1817, 0, 0, 0
75002, 1739, 0, 0, 0
76000, 1840, 0, 0, 0
77000, 1770, 0, 0, 0
78000, 1788, 0, 0, 0
79000, 1846, 0, 0, 0
80001, 1811, 0, 0, 0
81000, 1796, 0, 0, 0
82000, 1801, 0, 0, 0
83000, 1842, 0, 0, 0
84001, 1743, 0, 0, 0
85000, 1703, 0, 0, 0
86000, 1736, 0, 0, 0
87000, 1721, 0, 0, 0
88001, 1796, 0, 0, 0
89000, 1893, 0, 0, 0
90001, 1790, 0, 0, 0
91000, 1792, 0, 0, 0
92001, 1700, 0, 0, 0
93000, 1739, 0, 0, 0
94000, 1690, 0, 0, 0
95001, 1725, 0, 0, 0
96000, 1697, 0, 0, 0
97001, 1694, 0, 0, 0
98001, 1774, 0, 0, 0
99000, 1755, 0, 0, 0
100000, 1776, 0, 0, 0
101000, 1841, 0, 0, 0
102000, 1817, 0, 0, 0
103001, 1736, 0, 0, 0
104001, 1790, 0, 0, 0
105000, 1713, 0, 0, 0
106000, 1769, 0, 0, 0
107000, 1724, 0, 0, 0
108000, 1686, 0, 0, 0
109000, 1711, 0, 0, 0
110000, 1695, 0, 0, 0
111000, 1653, 0, 0, 0
112000, 1718, 0, 0, 0
113001, 1650, 0, 0, 0
114001, 1672, 0, 0, 0
115001, 1661, 0, 0, 0
116000, 1728, 0, 0, 0
117000, 1841, 0, 0, 0
118000, 1722, 0, 0, 0
119000, 1885, 0, 0, 0
120000, 1780, 0, 0, 0
121000, 1823, 0, 0, 0
122001, 1778, 0, 0, 0
123000, 1615, 0, 0, 0
124000, 1740, 0, 0, 0
125000, 1701, 0, 0, 0
126000, 1761, 0, 0, 0
127000, 1715, 0, 0, 0
128000, 1715, 0, 0, 0
129000, 1685, 0, 0, 0
130000, 1728, 0, 0, 0
131000, 1735, 0, 0, 0
132000, 1681, 0, 0, 0
133000, 1803, 0, 0, 0
134001, 1751, 0, 0, 0
135000, 1739, 0, 0, 0
136001, 1784, 0, 0, 0
137000, 1808, 0, 0, 0
138000, 1800, 0, 0, 0
139001, 1804, 0, 0, 0
140001, 1751, 0, 0, 0
141000, 1730, 0, 0, 0
142001, 1768, 0, 0, 0
143000, 1663, 0, 0, 0
144000, 1659, 0, 0, 0
145000, 1631, 0, 0, 0
146001, 1737, 0, 0, 0
147000, 1745, 0, 0, 0
148000, 1766, 0, 0, 0
149001, 1894, 0, 0, 0
150000, 1722, 0, 0, 0
151000, 1810, 0, 0, 0
152000, 1740, 0, 0, 0
153000, 1693, 0, 0, 0
154000, 1802, 0, 0, 0
155001, 1755, 0, 0, 0
156000, 1729, 0, 0, 0
157000, 1664, 0, 0, 0
158001, 1720, 0, 0, 0
159001, 1770, 0, 0, 0
160001, 1759, 0, 0, 0
161000, 1790, 0, 0, 0
162000, 1715, 0, 0, 0
163000, 1718, 0, 0, 0
164000, 1766, 0, 0, 0
165001, 1705, 0, 0, 0
166000, 1693, 0, 0, 0
167000, 1669, 0, 0, 0
168000, 1744, 0, 0, 0
169001, 1801, 0, 0, 0
170000, 1736, 0, 0, 0
171000, 1798, 0, 0, 0
172000, 1736, 0, 0, 0
173000, 1707, 0, 0, 0
174001, 1712, 0, 0, 0
175000, 1709, 0, 0, 0
176000, 1690, 0, 0, 0
177001, 1774, 0, 0, 0
178000, 1775, 0, 0, 0
179000, 1822, 0, 0, 0
180001, 1798, 0, 0, 0
