1025, 14617027, 1, 0, 0
2000, 17063031, 1, 0, 0
3023, 16543559, 1, 0, 0
4024, 16461585, 1, 0, 0
5019, 16744793, 1, 0, 0
6019, 16913711, 1, 0, 0
7000, 16904471, 1, 0, 0
8015, 16412515, 1, 0, 0
9000, 17181350, 1, 0, 0
10004, 16404260, 1, 0, 0
11015, 16877311, 1, 0, 0
12000, 16720784, 1, 0, 0
13000, 16755459, 1, 0, 0
14021, 16642143, 1, 0, 0
15030, 16834072, 1, 0, 0
16025, 16676248, 1, 0, 0
17017, 16698476, 1, 0, 0
18029, 16654761, 1, 0, 0
19000, 16796259, 1, 0, 0
20029, 16804773, 1, 0, 0
21022, 16615545, 1, 0, 0
22016, 16918514, 1, 0, 0
23002, 16892160, 1, 0, 0
24019, 16679721, 1, 0, 0
25015, 16834957, 1, 0, 0
26018, 16624751, 1, 0, 0
27018, 16449782, 1, 0, 0
28025, 16937202, 1, 0, 0
29018, 16727235, 1, 0, 0
30016, 17057946, 1, 0, 0
31016, 16709098, 1, 0, 0
32019, 16704042, 1, 0, 0
33000, 17525577, 1, 0, 0
34017, 16119441, 1, 0, 0
35030, 17028330, 1, 0, 0
36000, 16999370, 1, 0, 0
37014, 16862143, 1, 0, 0
38023, 16667745, 1, 0, 0
39016, 16945767, 1, 0, 0
40000, 16920303, 1, 0, 0
41016, 16237015, 1, 0, 0
42001, 16493189, 1, 0, 0
43028, 16713212, 1, 0, 0
44000, 16630219, 1, 0, 0
45014, 16809808, 1, 0, 0
46027, 16740731, 1, 0, 0
47017, 16844630, 1, 0, 0
48029, 16574886, 1, 0, 0
49021, 17085480, 1, 0, 0
50022, 16592726, 1, 0, 0
51001, 16830914, 1, 0, 0
52017, 16698727, 1, 0, 0
53021, 17102708, 1, 0, 0
54018, 16755583, 1, 0, 0
55027, 16597469, 1, 0, 0
56023, 16998862, 1, 0, 0
57031, 16587181, 1, 0, 0
58023, 16822351, 1, 0, 0
59018, 16627975, 1, 0, 0
60028, 16548382, 1, 0, 0
61000, 16387229, 1, 0, 0
62030, 16337544, 1, 0, 0
63021, 16997833, 1, 0, 0
64000, 16720645, 1, 0, 0
65000, 16755966, 1, 0, 0
66018, 16492032, 1, 0, 0
67028, 16590332, 1, 0, 0
68003, 16939043, 1, 0, 0
69016, 16258441, 1, 0, 0
70027, 16782441, 1, 0, 0
71026, 16803658, 1, 0, 0
72000, 16847388, 1, 0, 0
73018, 16853482, 1, 0, 0
74000, 16804490, 1, 0, 0
75000, 16517785, 1, 0, 0
76016, 16505128, 1, 0, 0
77000, 16813765, 1, 0, 0
78000, 16793154, 1, 0, 0
79014, 16631288, 1, 0, 0
80023, 16852894, 1, 0, 0
81018, 16255311, 1, 0, 0
82000, 16872095, 1, 0, 0
83018, 16615223, 1, 0, 0
84001, 16802436, 1, 0, 0
85020, 16675787, 1, 0, 0
86028, 17070483, 1, 0, 0
87023, 16981606, 1, 0, 0
88013, 17254464, 1, 0, 0
89000, 16896693, 1, 0, 0
90022, 16348393, 1, 0, 0
91026, 16385096, 1, 0, 0
92017, 16671549, 1, 0, 0
93017, 16531271, 1, 0, 0
94000, 17212333, 1, 0, 0
95020, 16570987, 1, 0, 0
96031, 16539212, 1, 0, 0
97001, 16607410, 1, 0, 0
98030, 16798261, 1, 0, 0
99022, 16735248, 1, 0, 0
100016, 16825850, 1, 0, 0
101000, 16775545, 1, 0, 0
102020, 16792406, 1, 0, 0
103014, 16559907, 1, 0, 0
104017, 16669997, 1, 0, 0
105018, 16591320, 1, 0, 0
106015, 16746238, 1, 0, 0
107000, 16649085, 1, 0, 0
108018, 16824752, 1, 0, 0
109028, 16796108, 1, 0, 0
110015, 16433390, 1, 0, 0
111014, 16265579, 1, 0, 0
112000, 16781044, 1, 0, 0
113018, 16645342, 1, 0, 0
114029, 16506510, 1, 0, 0
115021, 16844772, 1, 0, 0
116029, 16457109, 1, 0, 0
117000, 16668638, 1, 0, 0
118016, 16476829, 1, 0, 0
119023, 16736750, 1, 0, 0
120017, 16539073, 1, 0, 0
121030, 16613656, 1, 0, 0
122002, 16818850, 1, 0, 0
123017, 16584244, 1, 0, 0
124019, 16513067, 1, 0, 0
125000, 17029250, 1, 0, 0
126015, 16865286, 1, 0, 0
127000, 17184155, 1, 0, 0
128021, 16820279, 1, 0, 0
129001, 17033285, 1, 0, 0
130018, 16856956, 1, 0, 0
131001, 17022880, 1, 0, 0
132014, 16594633, 1, 0, 0
133017, 16949368, 1, 0, 0
134000, 16734834, 1, 0, 0
135000, 20091217, 1, 0, 0
136002, 16467302, 1, 0, 0
137029, 16623413, 1, 0, 0
138014, 17019789, 1, 0, 0
139017, 16788424, 1, 0, 0
140000, 16825560, 1, 0, 0
141000, 16863002, 1, 0, 0
142029, 16545880, 1, 0, 0
143021, 17026754, 1, 0, 0
144015, 16878606, 1, 0, 0
145000, 16950604, 1, 0, 0
146018, 16691105, 1, 0, 0
147016, 16495626, 1, 0, 0
148001, 16861681, 1, 0, 0
149022, 16807882, 1, 0, 0
150000, 16467286, 1, 0, 0
151019, 16602621, 1, 0, 0
152015, 16620839, 1, 0, 0
153025, 16606274, 1, 0, 0
154017, 16639118, 1, 0, 0
155014, 16927276, 1, 0, 0
156023, 16696491, 1, 0, 0
157019, 16836444, 1, 0, 0
158027, 16393330, 1, 0, 0
159000, 16695395, 1, 0, 0
160031, 16462080, 1, 0, 0
161022, 17061977, 1, 0, 0
162015, 16367763, 1, 0, 0
163019, 16976375, 1, 0, 0
164000, 16496590, 1, 0, 0
165015, 16647063, 1, 0, 0
166000, 17091394, 1, 0, 0
167003, 16390079, 1, 0, 0
168023, 16461970, 1, 0, 0
169000, 16638986, 1, 0, 0
170028, 16672828, 1, 0, 0
171021, 16703104, 1, 0, 0
172014, 16273961, 1, 0, 0
173001, 17632871, 1, 0, 0
174020, 16681514, 1, 0, 0
175025, 16990502, 1, 0, 0
176018, 16424529, 1, 0, 0
177027, 16691484, 1, 0, 0
178019, 16885620, 1, 0, 0
179015, 16631484, 1, 0, 0
180015, 16943645, 1, 0, 0
180024, 35652148, 1, 0, 0
