1000, 1879, 0, 0, 0
2000, 1871, 0, 0, 0
3000, 1799, 0, 0, 0
4000, 1800, 0, 0, 0
5000, 1827, 0, 0, 0
6000, 1793, 0, 0, 0
7000, 1846, 0, 0, 0
8000, 1826, 0, 0, 0
9001, 1775, 0, 0, 0
10000, 1805, 0, 0, 0
11000, 1834, 0, 0, 0
12000, 1792, 0, 0, 0
13000, 1811, 0, 0, 0
14000, 1750, 0, 0, 0
15000, 1816, 0, 0, 0
16001, 1862, 0, 0, 0
17001, 1859, 0, 0, 0
18000, 1890, 0, 0, 0
19001, 1831, 0, 0, 0
20001, 1890, 0, 0, 0
21000, 1787, 0, 0, 0
22001, 1813, 0, 0, 0
23001, 1881, 0, 0, 0
24000, 1920, 0, 0, 0
25001, 1853, 0, 0, 0
26004, 1836, 0, 0, 0
27000, 1894, 0, 0, 0
28000, 1830, 0, 0, 0
29000, 1808, 0, 0, 0
30000, 1745, 0, 0, 0
31001, 1794, 0, 0, 0
32000, 1771, 0, 0, 0
33001, 1784, 0, 0, 0
34001, 1880, 0, 0, 0
35000, 1823, 0, 0, 0
36000, 1814, 0, 0, 0
37001, 1862, 0, 0, 0
38000, 1840, 0, 0, 0
39000, 1824, 0, 0, 0
40001, 1853, 0, 0, 0
41000, 1806, 0, 0, 0
42001, 1791, 0, 0, 0
43000, 1836, 0, 0, 0
44000, 1762, 0, 0, 0
45000, 1749, 0, 0, 0
46001, 1791, 0, 0, 0
47001, 1805, 0, 0, 0
48000, 1839, 0, 0, 0
49001, 1816, 0, 0, 0
50000, 1808, 0, 0, 0
51000, 1804, 0, 0, 0
52000, 1886, 0, 0, 0
53000, 1890, 0, 0, 0
54000, 1724, 0, 0, 0
55000, 1836, 0, 0, 0
56001, 1872, 0, 0, 0
57000, 1797, 0, 0, 0
58000, 1784, 0, 0, 0
59000, 1904, 0, 0, 0
60000, 1753, 0, 0, 0
61000, 1703, 0, 0, 0
62000, 1669, 0, 0, 0
63000, 1697, 0, 0, 0
64000, 1778, 0, 0, 0
65001, 1732, 0, 0, 0
66000, 1817, 0, 0, 0
67001, 1769, 0, 0, 0
68000, 1745, 0, 0, 0
69000, 1762, 0, 0, 0
70001, 1729, 0, 0, 0
71001, 1715, 0, 0, 0
72000, 1811, 0, 0, 0
73000, 1877, 0, 0, 0
74001, 1849, 0, 0, 0
75000, 1751, 0, 0, 0
76000, 1845, 0, 0, 0
77002, 1779, 0, 0, 0
78001, 1821, 0, 0, 0
79001, 1732, 0, 0, 0
80000, 1647, 0, 0, 0
81000, 1732, 0, 0, 0
82000, 1719, 0, 0, 0
83000, 1718, 0, 0, 0
84000, 1790, 0, 0, 0
85000, 1720, 0, 0, 0
86000, 1876, 0, 0, 0
87000, 1820, 0, 0, 0
88000, 1748, 0, 0, 0
89000, 1773, 0, 0, 0
90000, 1645, 0, 0, 0
91001, 1646, 0, 0, 0
92000, 1715, 0, 0, 0
93000, 1783, 0, 0, 0
94000, 1856, 0, 0, 0
95000, 1765, 0, 0, 0
96001, 1806, 0, 0, 0
97000, 1777, 0, 0, 0
98000, 1710, 0, 0, 0
99000, 1781, 0, 0, 0
100000, 1705, 0, 0, 0
101000, 1846, 0, 0, 0
102000, 1758, 0, 0, 0
103000, 1748, 0, 0, 0
104000, 1830, 0, 0, 0
105000, 1796, 0, 0, 0
106000, 1780, 0, 0, 0
107001, 1775, 0, 0, 0
108000, 1716, 0, 0, 0
109000, 1850, 0, 0, 0
110000, 1844, 0, 0, 0
111001, 1798, 0, 0, 0
112001, 1677, 0, 0, 0
113000, 1739, 0, 0, 0
114000, 1772, 0, 0, 0
115001, 1757, 0, 0, 0
116000, 1757, 0, 0, 0
117000, 1771, 0, 0, 0
118000, 1758, 0, 0, 0
119000, 1868, 0, 0, 0
120000, 1786, 0, 0, 0
121000, 1825, 0, 0, 0
122001, 1784, 0, 0, 0
123000, 1855, 0, 0, 0
124000, 1887, 0, 0, 0
125000, 1757, 0, 0, 0
126000, 1792, 0, 0, 0
127000, 1824, 0, 0, 0
128000, 1869, 0, 0, 0
129001, 1847, 0, 0, 0
130000, 1759, 0, 0, 0
131000, 1788, 0, 0, 0
132001, 1780, 0, 0, 0
133000, 1767, 0, 0, 0
134000, 1791, 0, 0, 0
135001, 1826, 0, 0, 0
136000, 1852, 0, 0, 0
137000, 1890, 0, 0, 0
138000, 1793, 0, 0, 0
139000, 1910, 0, 0, 0
140001, 1818, 0, 0, 0
141000, 1830, 0, 0, 0
142001, 1806, 0, 0, 0
143000, 1807, 0, 0, 0
144001, 1846, 0, 0, 0
145000, 1849, 0, 0, 0
146000, 1788, 0, 0, 0
147000, 1792, 0, 0, 0
148001, 1869, 0, 0, 0
149000, 1887, 0, 0, 0
150000, 1865, 0, 0, 0
151001, 1933, 0, 0, 0
152000, 1900, 0, 0, 0
153000, 1862, 0, 0, 0
154000, 1833, 0, 0, 0
155000, 1818, 0, 0, 0
156000, 1810, 0, 0, 0
157001, 1829, 0, 0, 0
158001, 1818, 0, 0, 0
159000, 1878, 0, 0, 0
160001, 1827, 0, 0, 0
161000, 1781, 0, 0, 0
162000, 1787, 0, 0, 0
163000, 1778, 0, 0, 0
164000, 1791, 0, 0, 0
165001, 1774, 0, 0, 0
166001, 1765, 0, 0, 0
167000, 1836, 0, 0, 0
168001, 1837, 0, 0, 0
169001, 1837, 0, 0, 0
170001, 1794, 0, 0, 0
171000, 1816, 0, 0, 0
172001, 1846, 0, 0, 0
173000, 1893, 0, 0, 0
174000, 1889, 0, 0, 0
175000, 1843, 0, 0, 0
176001, 1819, 0, 0, 0
177001, 1825, 0, 0, 0
178000, 1838, 0, 0, 0
179000, 1836, 0, 0, 0
180002, 1823, 0, 0, 0
