1002, 528, 1, 0, 0
2002, 484, 1, 0, 0
3003, 476, 1, 0, 0
4004, 485, 1, 0, 0
5005, 481, 1, 0, 0
6006, 467, 1, 0, 0
7006, 471, 1, 0, 0
8007, 479, 1, 0, 0
9008, 480, 1, 0, 0
10009, 487, 1, 0, 0
11009, 462, 1, 0, 0
12010, 479, 1, 0, 0
13010, 482, 1, 0, 0
14010, 473, 1, 0, 0
15011, 485, 1, 0, 0
16012, 477, 1, 0, 0
17013, 472, 1, 0, 0
18013, 488, 1, 0, 0
19014, 469, 1, 0, 0
20015, 475, 1, 0, 0
21015, 493, 1, 0, 0
22015, 485, 1, 0, 0
23016, 484, 1, 0, 0
24017, 481, 1, 0, 0
25018, 485, 1, 0, 0
26019, 471, 1, 0, 0
27019, 481, 1, 0, 0
28020, 473, 1, 0, 0
29021, 478, 1, 0, 0
30022, 476, 1, 0, 0
31022, 474, 1, 0, 0
32023, 473, 1, 0, 0
33024, 482, 1, 0, 0
34025, 479, 1, 0, 0
35026, 476, 1, 0, 0
36027, 483, 1, 0, 0
37027, 465, 1, 0, 0
38027, 480, 1, 0, 0
39027, 485, 1, 0, 0
40027, 469, 1, 0, 0
41028, 477, 1, 0, 0
42029, 476, 1, 0, 0
43029, 477, 1, 0, 0
44030, 477, 1, 0, 0
45030, 477, 1, 0, 0
46031, 476, 1, 0, 0
47031, 473, 1, 0, 0
48032, 463, 1, 0, 0
49032, 467, 1, 0, 0
50032, 487, 1, 0, 0
51033, 474, 1, 0, 0
52033, 470, 1, 0, 0
53034, 482, 1, 0, 0
54035, 485, 1, 0, 0
55035, 468, 1, 0, 0
56036, 489, 1, 0, 0
57036, 467, 1, 0, 0
58037, 486, 1, 0, 0
59037, 464, 1, 0, 0
60037, 495, 1, 0, 0
61038, 479, 1, 0, 0
62039, 480, 1, 0, 0
63040, 482, 1, 0, 0
64041, 473, 1, 0, 0
65041, 460, 1, 0, 0
66041, 481, 1, 0, 0
67042, 494, 1, 0, 0
68042, 501, 1, 0, 0
69043, 467, 1, 0, 0
70043, 479, 1, 0, 0
71044, 492, 1, 0, 0
72045, 464, 1, 0, 0
73045, 483, 1, 0, 0
74045, 483, 1, 0, 0
75045, 487, 1, 0, 0
76046, 461, 1, 0, 0
77047, 484, 1, 0, 0
78048, 480, 1, 0, 0
79049, 470, 1, 0, 0
80050, 481, 1, 0, 0
81050, 466, 1, 0, 0
82050, 467, 1, 0, 0
83051, 474, 1, 0, 0
84051, 491, 1, 0, 0
85052, 473, 1, 0, 0
86053, 470, 1, 0, 0
87053, 482, 1, 0, 0
88053, 475, 1, 0, 0
89053, 475, 1, 0, 0
90053, 465, 1, 0, 0
91053, 485, 1, 0, 0
92053, 461, 1, 0, 0
93053, 495, 1, 0, 0
94053, 472, 1, 0, 0
95053, 486, 1, 0, 0
96053, 477, 1, 0, 0
97053, 471, 1, 0, 0
98053, 481, 1, 0, 0
99053, 471, 1, 0, 0
100053, 478, 1, 0, 0
101053, 488, 1, 0, 0
102053, 478, 1, 0, 0
103053, 487, 1, 0, 0
104053, 478, 1, 0, 0
105053, 491, 1, 0, 0
106053, 471, 1, 0, 0
107053, 484, 1, 0, 0
108052, 496, 1, 0, 0
109053, 486, 1, 0, 0
110053, 472, 1, 0, 0
111053, 476, 1, 0, 0
112052, 490, 1, 0, 0
113053, 481, 1, 0, 0
114053, 477, 1, 0, 0
115052, 476, 1, 0, 0
116053, 482, 1, 0, 0
117052, 485, 1, 0, 0
118053, 481, 1, 0, 0
119053, 491, 1, 0, 0
120053, 480, 1, 0, 0
121052, 463, 1, 0, 0
122053, 481, 1, 0, 0
123053, 482, 1, 0, 0
124053, 479, 1, 0, 0
125053, 495, 1, 0, 0
126053, 479, 1, 0, 0
127053, 492, 1, 0, 0
128053, 472, 1, 0, 0
129053, 492, 1, 0, 0
130053, 471, 1, 0, 0
131053, 479, 1, 0, 0
132053, 498, 1, 0, 0
133052, 474, 1, 0, 0
134052, 469, 1, 0, 0
135054, 489, 1, 0, 0
136054, 475, 1, 0, 0
137055, 480, 1, 0, 0
138055, 483, 1, 0, 0
139056, 473, 1, 0, 0
140057, 478, 1, 0, 0
141058, 490, 1, 0, 0
142059, 484, 1, 0, 0
143060, 481, 1, 0, 0
144061, 470, 1, 0, 0
145062, 478, 1, 0, 0
146062, 479, 1, 0, 0
147063, 488, 1, 0, 0
148064, 480, 1, 0, 0
149064, 488, 1, 0, 0
150064, 472, 1, 0, 0
151065, 488, 1, 0, 0
152066, 477, 1, 0, 0
153067, 476, 1, 0, 0
154068, 472, 1, 0, 0
155068, 474, 1, 0, 0
156068, 468, 1, 0, 0
157069, 469, 1, 0, 0
158070, 479, 1, 0, 0
159071, 490, 1, 0, 0
160071, 483, 1, 0, 0
161072, 473, 1, 0, 0
162072, 470, 1, 0, 0
163073, 470, 1, 0, 0
164074, 474, 1, 0, 0
165075, 496, 1, 0, 0
166075, 467, 1, 0, 0
167076, 479, 1, 0, 0
168077, 497, 1, 0, 0
169078, 479, 1, 0, 0
170079, 475, 1, 0, 0
171080, 471, 1, 0, 0
172081, 482, 1, 0, 0
173082, 482, 1, 0, 0
174083, 493, 1, 0, 0
175084, 472, 1, 0, 0
176085, 485, 1, 0, 0
177086, 475, 1, 0, 0
178086, 470, 1, 0, 0
179087, 483, 1, 0, 0
