1000, 1033834, 1, 0, 0
2000, 1031557, 1, 0, 0
3000, 1000666, 1, 0, 0
4000, 1098082, 1, 0, 0
5000, 1068662, 1, 0, 0
6001, 997335, 1, 0, 0
7000, 1028660, 1, 0, 0
8000, 1044920, 1, 0, 0
9000, 1042953, 1, 0, 0
10000, 1018203, 1, 0, 0
11000, 1082190, 1, 0, 0
12000, 1030353, 1, 0, 0
13004, 1046962, 1, 0, 0
14000, 1041478, 1, 0, 0
15001, 1044810, 1, 0, 0
16000, 1054033, 1, 0, 0
17000, 1009010, 1, 0, 0
18000, 1044494, 1, 0, 0
19000, 1057180, 1, 0, 0
20000, 1085653, 1, 0, 0
21003, 1156459, 1, 0, 0
22000, 1071270, 1, 0, 0
23000, 1047907, 1, 0, 0
24000, 1032440, 1, 0, 0
25000, 1046260, 1, 0, 0
26000, 1052624, 1, 0, 0
27000, 1036669, 1, 0, 0
28000, 998309, 1, 0, 0
29000, 1053421, 1, 0, 0
30000, 1047145, 1, 0, 0
31000, 1050406, 1, 0, 0
32000, 1087146, 1, 0, 0
33000, 1062285, 1, 0, 0
34000, 1026452, 1, 0, 0
35000, 1041868, 1, 0, 0
36000, 1049468, 1, 0, 0
37001, 1043516, 1, 0, 0
38000, 1068266, 1, 0, 0
39001, 1129236, 1, 0, 0
40000, 1054682, 1, 0, 0
41000, 1011775, 1, 0, 0
42001, 1100197, 1, 0, 0
43000, 1078875, 1, 0, 0
44000, 1023208, 1, 0, 0
45000, 978989, 1, 0, 0
46000, 1005994, 1, 0, 0
47000, 1097132, 1, 0, 0
48000, 1057572, 1, 0, 0
49000, 1042246, 1, 0, 0
50000, 1013176, 1, 0, 0
51000, 1038574, 1, 0, 0
52020, 1353072, 1, 0, 0
53000, 1234841, 1, 0, 0
54000, 1106277, 1, 0, 0
55000, 1142679, 1, 0, 0
56000, 1161632, 1, 0, 0
57000, 1129280, 1, 0, 0
58012, 1154476, 1, 0, 0
59000, 1078079, 1, 0, 0
60001, 1030226, 1, 0, 0
61000, 1093329, 1, 0, 0
62001, 1044378, 1, 0, 0
63001, 1082472, 1, 0, 0
64000, 1049016, 1, 0, 0
65000, 1111940, 1, 0, 0
66000, 1050160, 1, 0, 0
67000, 1087692, 1, 0, 0
68001, 1043911, 1, 0, 0
69000, 1166421, 1, 0, 0
70000, 1053140, 1, 0, 0
71000, 1036613, 1, 0, 0
72000, 1014465, 1, 0, 0
73001, 1083003, 1, 0, 0
74000, 1080646, 1, 0, 0
75000, 1087269, 1, 0, 0
76000, 1069534, 1, 0, 0
77000, 1052515, 1, 0, 0
78000, 1097752, 1, 0, 0
79000, 1060228, 1, 0, 0
80002, 1093837, 1, 0, 0
81000, 1027279, 1, 0, 0
82000, 1044151, 1, 0, 0
83002, 1117449, 1, 0, 0
84000, 1040072, 1, 0, 0
85000, 1043738, 1, 0, 0
86000, 1017528, 1, 0, 0
87000, 1085055, 1, 0, 0
88000, 1040531, 1, 0, 0
89000, 1062329, 1, 0, 0
90000, 1019352, 1, 0, 0
91000, 1077258, 1, 0, 0
92000, 1021768, 1, 0, 0
93000, 1049881, 1, 0, 0
94001, 1090020, 1, 0, 0
95000, 1036235, 1, 0, 0
96000, 1091481, 1, 0, 0
97000, 1020341, 1, 0, 0
98002, 1118078, 1, 0, 0
99000, 1063382, 1, 0, 0
100000, 1028649, 1, 0, 0
101000, 1029383, 1, 0, 0
102000, 1045238, 1, 0, 0
103000, 1052026, 1, 0, 0
104000, 1025517, 1, 0, 0
105000, 1027375, 1, 0, 0
106000, 1034197, 1, 0, 0
107000, 1067961, 1, 0, 0
108000, 1057231, 1, 0, 0
109000, 1045938, 1, 0, 0
110000, 1100492, 1, 0, 0
111000, 1080607, 1, 0, 0
112000, 1041527, 1, 0, 0
113000, 1105439, 1, 0, 0
114000, 1044810, 1, 0, 0
115001, 1090862, 1, 0, 0
116000, 1076903, 1, 0, 0
117371, 6687058, 1, 0, 0
118000, 959881, 1, 0, 0
119000, 958025, 1, 0, 0
120000, 1062755, 1, 0, 0
121000, 1052490, 1, 0, 0
122007, 1036570, 1, 0, 0
123000, 1033024, 1, 0, 0
124000, 1017164, 1, 0, 0
125006, 1024757, 1, 0, 0
126007, 1056813, 1, 0, 0
127000, 1052465, 1, 0, 0
128000, 1031995, 1, 0, 0
129000, 1098236, 1, 0, 0
130000, 1040048, 1, 0, 0
131000, 1073241, 1, 0, 0
132000, 1030259, 1, 0, 0
133019, 1043347, 1, 0, 0
134000, 1048084, 1, 0, 0
135000, 1053403, 1, 0, 0
136000, 1052087, 1, 0, 0
137000, 1027589, 1, 0, 0
138000, 1056561, 1, 0, 0
139000, 1060762, 1, 0, 0
140013, 1012702, 1, 0, 0
141000, 1048357, 1, 0, 0
142000, 1048729, 1, 0, 0
143000, 1049699, 1, 0, 0
144000, 1087677, 1, 0, 0
145000, 1030868, 1, 0, 0
146000, 1021130, 1, 0, 0
147000, 1036954, 1, 0, 0
148000, 1029678, 1, 0, 0
149000, 1049064, 1, 0, 0
150000, 1022492, 1, 0, 0
151000, 1048595, 1, 0, 0
152000, 1044626, 1, 0, 0
153000, 1044028, 1, 0, 0
154006, 1054617, 1, 0, 0
155000, 1051835, 1, 0, 0
156000, 1057430, 1, 0, 0
157000, 974060, 1, 0, 0
158000, 1023261, 1, 0, 0
159000, 1019291, 1, 0, 0
160000, 1048979, 1, 0, 0
161002, 1095707, 1, 0, 0
162000, 1002399, 1, 0, 0
163002, 1042815, 1, 0, 0
164000, 1043284, 1, 0, 0
165000, 1141960, 1, 0, 0
166000, 983098, 1, 0, 0
167000, 1072061, 1, 0, 0
168000, 1024945, 1, 0, 0
169000, 1061567, 1, 0, 0
170000, 1038531, 1, 0, 0
171010, 1074819, 1, 0, 0
172000, 989562, 1, 0, 0
173000, 1077643, 1, 0, 0
174000, 1050932, 1, 0, 0
175000, 1052646, 1, 0, 0
176000, 1021653, 1, 0, 0
177002, 1047635, 1, 0, 0
178000, 1044989, 1, 0, 0
179000, 998742, 1, 0, 0
180000, 1003507, 1, 0, 0
