1000, 1868484, 1, 0, 0
2000, 2056798, 1, 0, 0
3000, 2117502, 1, 0, 0
4000, 2083518, 1, 0, 0
5000, 2073614, 1, 0, 0
6000, 2064697, 1, 0, 0
7000, 2112170, 1, 0, 0
8000, 2038045, 1, 0, 0
9000, 2141991, 1, 0, 0
10000, 2023027, 1, 0, 0
11000, 2094878, 1, 0, 0
12000, 2105346, 1, 0, 0
13000, 2063423, 1, 0, 0
14000, 2048628, 1, 0, 0
15000, 2169672, 1, 0, 0
16000, 2080219, 1, 0, 0
17000, 2082340, 1, 0, 0
18000, 2089484, 1, 0, 0
19000, 2139369, 1, 0, 0
20000, 2115611, 1, 0, 0
21000, 2008413, 1, 0, 0
22000, 2062546, 1, 0, 0
23000, 2066689, 1, 0, 0
24000, 2134860, 1, 0, 0
25000, 2045798, 1, 0, 0
26000, 2112137, 1, 0, 0
27000, 2098231, 1, 0, 0
28000, 2095586, 1, 0, 0
29000, 2073571, 1, 0, 0
30000, 2134307, 1, 0, 0
31000, 2093765, 1, 0, 0
32000, 2149987, 1, 0, 0
33000, 2010164, 1, 0, 0
34000, 2055569, 1, 0, 0
35000, 2166491, 1, 0, 0
36000, 2069001, 1, 0, 0
37000, 2043392, 1, 0, 0
38000, 2104231, 1, 0, 0
39000, 2084737, 1, 0, 0
40000, 2110650, 1, 0, 0
41000, 2078091, 1, 0, 0
42000, 2066283, 1, 0, 0
43000, 2059900, 1, 0, 0
44000, 2171480, 1, 0, 0
45000, 2070831, 1, 0, 0
46000, 2032315, 1, 0, 0
47000, 2099684, 1, 0, 0
48000, 2040009, 1, 0, 0
49000, 2039513, 1, 0, 0
50000, 2152196, 1, 0, 0
51000, 2111253, 1, 0, 0
52000, 2108558, 1, 0, 0
53000, 2136489, 1, 0, 0
54000, 2054312, 1, 0, 0
55000, 2175026, 1, 0, 0
56000, 2052216, 1, 0, 0
57000, 2096873, 1, 0, 0
58000, 2124724, 1, 0, 0
59000, 2101373, 1, 0, 0
60000, 2096389, 1, 0, 0
61000, 2060877, 1, 0, 0
62000, 2078902, 1, 0, 0
63000, 2143664, 1, 0, 0
64000, 2181948, 1, 0, 0
65000, 2105124, 1, 0, 0
66000, 2124337, 1, 0, 0
67000, 2129007, 1, 0, 0
68000, 2026549, 1, 0, 0
69000, 2120086, 1, 0, 0
70002, 2090630, 1, 0, 0
71000, 2083212, 1, 0, 0
72000, 2118109, 1, 0, 0
73000, 2148390, 1, 0, 0
74000, 2085092, 1, 0, 0
75000, 2058889, 1, 0, 0
76000, 2092913, 1, 0, 0
77000, 2144743, 1, 0, 0
78000, 2069837, 1, 0, 0
79000, 2105191, 1, 0, 0
80000, 2101626, 1, 0, 0
81000, 2061406, 1, 0, 0
82000, 2135615, 1, 0, 0
83000, 2055612, 1, 0, 0
84000, 2089592, 1, 0, 0
85000, 2065947, 1, 0, 0
86000, 2032591, 1, 0, 0
87000, 2094866, 1, 0, 0
88000, 2073658, 1, 0, 0
89000, 2094004, 1, 0, 0
90000, 2107101, 1, 0, 0
91000, 2043694, 1, 0, 0
92000, 2140314, 1, 0, 0
93000, 2077378, 1, 0, 0
94000, 2064304, 1, 0, 0
95000, 2148961, 1, 0, 0
96000, 2064231, 1, 0, 0
97000, 2013665, 1, 0, 0
98000, 2084726, 1, 0, 0
99000, 2088874, 1, 0, 0
100000, 2075545, 1, 0, 0
101000, 2081821, 1, 0, 0
102000, 2117067, 1, 0, 0
103000, 2076480, 1, 0, 0
104000, 2127282, 1, 0, 0
105000, 2108130, 1, 0, 0
106000, 2054565, 1, 0, 0
107000, 2032705, 1, 0, 0
108000, 2145324, 1, 0, 0
109000, 2093384, 1, 0, 0
110000, 2124312, 1, 0, 0
111000, 2026950, 1, 0, 0
112000, 2072893, 1, 0, 0
113000, 2120953, 1, 0, 0
114000, 2085388, 1, 0, 0
115000, 2085065, 1, 0, 0
116000, 2052873, 1, 0, 0
117000, 2162288, 1, 0, 0
118000, 2073268, 1, 0, 0
119000, 2046456, 1, 0, 0
120000, 2045173, 1, 0, 0
121000, 2079340, 1, 0, 0
122000, 2113783, 1, 0, 0
123000, 2138707, 1, 0, 0
124000, 2051902, 1, 0, 0
125000, 2098674, 1, 0, 0
126000, 2067424, 1, 0, 0
127000, 2073511, 1, 0, 0
128000, 2060387, 1, 0, 0
129000, 2125609, 1, 0, 0
130000, 2052180, 1, 0, 0
131000, 2188695, 1, 0, 0
132000, 2072675, 1, 0, 0
133000, 2087594, 1, 0, 0
134000, 2104792, 1, 0, 0
135000, 2115166, 1, 0, 0
136000, 2044750, 1, 0, 0
137000, 2152649, 1, 0, 0
138000, 2062161, 1, 0, 0
139000, 2094754, 1, 0, 0
140000, 2075786, 1, 0, 0
141000, 2085829, 1, 0, 0
142000, 2107501, 1, 0, 0
143000, 2075672, 1, 0, 0
144000, 2060902, 1, 0, 0
145000, 2134888, 1, 0, 0
146000, 2126956, 1, 0, 0
147000, 2049264, 1, 0, 0
148000, 2139732, 1, 0, 0
149000, 2073712, 1, 0, 0
150000, 2097732, 1, 0, 0
151000, 2115667, 1, 0, 0
152000, 2117714, 1, 0, 0
153000, 2060330, 1, 0, 0
154000, 2139503, 1, 0, 0
155000, 2066515, 1, 0, 0
156000, 2061535, 1, 0, 0
157000, 2111010, 1, 0, 0
158000, 2085115, 1, 0, 0
159000, 2170433, 1, 0, 0
160000, 2054876, 1, 0, 0
161000, 2079832, 1, 0, 0
162000, 2088438, 1, 0, 0
163000, 2123794, 1, 0, 0
164000, 2079264, 1, 0, 0
165000, 2127977, 1, 0, 0
166000, 2111842, 1, 0, 0
167000, 2044311, 1, 0, 0
168000, 2093076, 1, 0, 0
169000, 2047739, 1, 0, 0
170000, 2076533, 1, 0, 0
171000, 2117943, 1, 0, 0
172000, 2096290, 1, 0, 0
173000, 2138565, 1, 0, 0
174000, 2044550, 1, 0, 0
175000, 2108112, 1, 0, 0
176000, 2083289, 1, 0, 0
177003, 2103028, 1, 0, 0
178000, 2150029, 1, 0, 0
179000, 2096910, 1, 0, 0
180000, 2076665, 1, 0, 0
180000, 1840816, 1, 0, 0
