1000, 2168, 1, 0, 0
2000, 1920, 1, 0, 0
3001, 1920, 1, 0, 0
4001, 1872, 1, 0, 0
5001, 1960, 1, 0, 0
6001, 1885, 1, 0, 0
7001, 1900, 1, 0, 0
8001, 1924, 1, 0, 0
9001, 1921, 1, 0, 0
10001, 1900, 1, 0, 0
11001, 1908, 1, 0, 0
12001, 1893, 1, 0, 0
13001, 1892, 1, 0, 0
14001, 1888, 1, 0, 0
15001, 1949, 1, 0, 0
16001, 1928, 1, 0, 0
17001, 1884, 1, 0, 0
18001, 1917, 1, 0, 0
19001, 1900, 1, 0, 0
20001, 1912, 1, 0, 0
21001, 1912, 1, 0, 0
22001, 1925, 1, 0, 0
23001, 1960, 1, 0, 0
24001, 1872, 1, 0, 0
25001, 1925, 1, 0, 0
26001, 1920, 1, 0, 0
27001, 1888, 1, 0, 0
28001, 1936, 1, 0, 0
29001, 1929, 1, 0, 0
30001, 1924, 1, 0, 0
31001, 1908, 1, 0, 0
32001, 1960, 1, 0, 0
33001, 1920, 1, 0, 0
34001, 1889, 1, 0, 0
35001, 1904, 1, 0, 0
36001, 1892, 1, 0, 0
37001, 1909, 1, 0, 0
38001, 1924, 1, 0, 0
39001, 1884, 1, 0, 0
40001, 1936, 1, 0, 0
41001, 1908, 1, 0, 0
42001, 1885, 1, 0, 0
43001, 1916, 1, 0, 0
44001, 1900, 1, 0, 0
45000, 1937, 1, 0, 0
46001, 1884, 1, 0, 0
47001, 1920, 1, 0, 0
48001, 1921, 1, 0, 0
49001, 1964, 1, 0, 0
50001, 1884, 1, 0, 0
51001, 1940, 1, 0, 0
52001, 1885, 1, 0, 0
53001, 1944, 1, 0, 0
54001, 1968, 1, 0, 0
55001, 1896, 1, 0, 0
56001, 1905, 1, 0, 0
57001, 1908, 1, 0, 0
58001, 1917, 1, 0, 0
59001, 1920, 1, 0, 0
60001, 1932, 1, 0, 0
61001, 1920, 1, 0, 0
62001, 1929, 1, 0, 0
63001, 1908, 1, 0, 0
64001, 1896, 1, 0, 0
65001, 1909, 1, 0, 0
66001, 1924, 1, 0, 0
67001, 1912, 1, 0, 0
68000, 1885, 1, 0, 0
69001, 1900, 1, 0, 0
70001, 1896, 1, 0, 0
71001, 1921, 1, 0, 0
72001, 1960, 1, 0, 0
73001, 1880, 1, 0, 0
74001, 1905, 1, 0, 0
75001, 1896, 1, 0, 0
76001, 1912, 1, 0, 0
77001, 1916, 1, 0, 0
78001, 1897, 1, 0, 0
79001, 1924, 1, 0, 0
80001, 1868, 1, 0, 0
81000, 1969, 1, 0, 0
82001, 1944, 1, 0, 0
83001, 1884, 1, 0, 0
84001, 1896, 1, 0, 0
85001, 1908, 1, 0, 0
86001, 1897, 1, 0, 0
87001, 1944, 1, 0, 0
88001, 1900, 1, 0, 0
89001, 1928, 1, 0, 0
90001, 1933, 1, 0, 0
91001, 1968, 1, 0, 0
92001, 1916, 1, 0, 0
93001, 1909, 1, 0, 0
94001, 1928, 1, 0, 0
95001, 1944, 1, 0, 0
96001, 1877, 1, 0, 0
97001, 1884, 1, 0, 0
98001, 1896, 1, 0, 0
99001, 1896, 1, 0, 0
100001, 1897, 1, 0, 0
101001, 1920, 1, 0, 0
102001, 1908, 1, 0, 0
103001, 1912, 1, 0, 0
104001, 1901, 1, 0, 0
105001, 1940, 1, 0, 0
106001, 1888, 1, 0, 0
107001, 1913, 1, 0, 0
108001, 1940, 1, 0, 0
109001, 1872, 1, 0, 0
110001, 1929, 1, 0, 0
111001, 1908, 1, 0, 0
112001, 1952, 1, 0, 0
113001, 1897, 1, 0, 0
114001, 1944, 1, 0, 0
115001, 1932, 1, 0, 0
116001, 1897, 1, 0, 0
117001, 1940, 1, 0, 0
118001, 1936, 1, 0, 0
119001, 1909, 1, 0, 0
120001, 1924, 1, 0, 0
121001, 1917, 1, 0, 0
122001, 1908, 1, 0, 0
123001, 1920, 1, 0, 0
124001, 1933, 1, 0, 0
125001, 1924, 1, 0, 0
126000, 1901, 1, 0, 0
127001, 1932, 1, 0, 0
128001, 1936, 1, 0, 0
129001, 1952, 1, 0, 0
130001, 1933, 1, 0, 0
131001, 1928, 1, 0, 0
132001, 1920, 1, 0, 0
133001, 1893, 1, 0, 0
134001, 1924, 1, 0, 0
135001, 1901, 1, 0, 0
136001, 1928, 1, 0, 0
137001, 1908, 1, 0, 0
138000, 1945, 1, 0, 0
139001, 1912, 1, 0, 0
140001, 1948, 1, 0, 0
141001, 1865, 1, 0, 0
142001, 1908, 1, 0, 0
143000, 1941, 1, 0, 0
144001, 1896, 1, 0, 0
145001, 1884, 1, 0, 0
146001, 1925, 1, 0, 0
147001, 1888, 1, 0, 0
148001, 1900, 1, 0, 0
149001, 1909, 1, 0, 0
150001, 1916, 1, 0, 0
151001, 1920, 1, 0, 0
152001, 1917, 1, 0, 0
153001, 1884, 1, 0, 0
154001, 1881, 1, 0, 0
155001, 1944, 1, 0, 0
156001, 1920, 1, 0, 0
157001, 1893, 1, 0, 0
158000, 1941, 1, 0, 0
159001, 1924, 1, 0, 0
160001, 1912, 1, 0, 0
161001, 1928, 1, 0, 0
162000, 1933, 1, 0, 0
163001, 1888, 1, 0, 0
164001, 1912, 1, 0, 0
165001, 1908, 1, 0, 0
166001, 1905, 1, 0, 0
167001, 1936, 1, 0, 0
168001, 1885, 1, 0, 0
169001, 1948, 1, 0, 0
170001, 1880, 1, 0, 0
171001, 1912, 1, 0, 0
172001, 1929, 1, 0, 0
173001, 1912, 1, 0, 0
174001, 1917, 1, 0, 0
175001, 1901, 1, 0, 0
176001, 1912, 1, 0, 0
177001, 1937, 1, 0, 0
178001, 1889, 1, 0, 0
179001, 1912, 1, 0, 0
180001, 1905, 1, 0, 0
