1000, 2656031, 0, 0, 0
2000, 2259477, 0, 0, 0
3000, 2295928, 0, 0, 0
4000, 2222762, 0, 0, 0
5000, 2239733, 0, 0, 0
6000, 2227523, 0, 0, 0
7000, 2268403, 0, 0, 0
8000, 2291588, 0, 0, 0
9000, 2212946, 0, 0, 0
10000, 2277730, 0, 0, 0
11000, 2227948, 0, 0, 0
12000, 2215314, 0, 0, 0
13000, 2198830, 0, 0, 0
14000, 2212302, 0, 0, 0
15000, 2169433, 0, 0, 0
16001, 2317723, 0, 0, 0
17000, 2276160, 0, 0, 0
18000, 2277388, 0, 0, 0
19000, 2178041, 0, 0, 0
20000, 2436111, 0, 0, 0
21000, 2202568, 0, 0, 0
22000, 2211531, 0, 0, 0
23000, 2231631, 0, 0, 0
24000, 2238757, 0, 0, 0
25000, 2226690, 0, 0, 0
26000, 2251712, 0, 0, 0
27000, 2413582, 0, 0, 0
28001, 2184627, 0, 0, 0
29000, 2277981, 0, 0, 0
30000, 2224712, 0, 0, 0
31000, 2269259, 0, 0, 0
32000, 2244438, 0, 0, 0
33000, 2299936, 0, 0, 0
34000, 2228370, 0, 0, 0
35000, 2258348, 0, 0, 0
36000, 2219584, 0, 0, 0
37000, 2252981, 0, 0, 0
38000, 2300845, 0, 0, 0
39000, 2249719, 0, 0, 0
40000, 2212599, 0, 0, 0
41000, 2310365, 0, 0, 0
42000, 2291132, 0, 0, 0
43000, 2431003, 0, 0, 0
44000, 2319551, 0, 0, 0
45000, 2268614, 0, 0, 0
46000, 2218659, 0, 0, 0
47000, 2287123, 0, 0, 0
48000, 2227842, 0, 0, 0
49001, 2355260, 0, 0, 0
50000, 2269076, 0, 0, 0
51000, 2230106, 0, 0, 0
52000, 2193250, 0, 0, 0
53000, 2167243, 0, 0, 0
54000, 2239928, 0, 0, 0
55000, 2211708, 0, 0, 0
56000, 2162330, 0, 0, 0
57000, 2154438, 0, 0, 0
58000, 2187264, 0, 0, 0
59000, 2254662, 0, 0, 0
60000, 2255913, 0, 0, 0
61000, 2193033, 0, 0, 0
62000, 2278009, 0, 0, 0
63000, 2272060, 0, 0, 0
64000, 2311617, 0, 0, 0
65000, 2238569, 0, 0, 0
66000, 2302149, 0, 0, 0
67000, 2244450, 0, 0, 0
68000, 2246042, 0, 0, 0
69000, 2272044, 0, 0, 0
70000, 2317443, 0, 0, 0
71000, 2257858, 0, 0, 0
72000, 2366123, 0, 0, 0
73000, 2380186, 0, 0, 0
74000, 2214974, 0, 0, 0
75000, 2288105, 0, 0, 0
76000, 2377167, 0, 0, 0
77000, 2190516, 0, 0, 0
78000, 2257518, 0, 0, 0
79000, 2205257, 0, 0, 0
80000, 2258801, 0, 0, 0
81000, 2251265, 0, 0, 0
82000, 2178995, 0, 0, 0
83000, 2285772, 0, 0, 0
84000, 2275519, 0, 0, 0
85000, 2315171, 0, 0, 0
86000, 2238044, 0, 0, 0
87000, 2276422, 0, 0, 0
88000, 2327317, 0, 0, 0
89001, 2290437, 0, 0, 0
90000, 2200003, 0, 0, 0
91000, 2380761, 0, 0, 0
92000, 2225716, 0, 0, 0
93000, 2239374, 0, 0, 0
94000, 2264548, 0, 0, 0
95000, 2217568, 0, 0, 0
96000, 2175949, 0, 0, 0
97000, 2201034, 0, 0, 0
98000, 2186721, 0, 0, 0
99000, 2278284, 0, 0, 0
100000, 2514763, 0, 0, 0
101000, 2201030, 0, 0, 0
102000, 2343872, 0, 0, 0
103000, 2238191, 0, 0, 0
104000, 2432727, 0, 0, 0
105000, 2352155, 0, 0, 0
106001, 2346204, 0, 0, 0
107000, 2590402, 0, 0, 0
108000, 2301098, 0, 0, 0
109000, 2303240, 0, 0, 0
110000, 2341349, 0, 0, 0
111000, 2284692, 0, 0, 0
112000, 2433202, 0, 0, 0
113000, 2244602, 0, 0, 0
114000, 2248524, 0, 0, 0
115000, 2259417, 0, 0, 0
116000, 2231031, 0, 0, 0
117000, 2310113, 0, 0, 0
118000, 2215911, 0, 0, 0
119000, 2263529, 0, 0, 0
120000, 2305182, 0, 0, 0
121000, 2251140, 0, 0, 0
122000, 2268904, 0, 0, 0
123000, 2226659, 0, 0, 0
124000, 2223374, 0, 0, 0
125000, 2331773, 0, 0, 0
126000, 2312221, 0, 0, 0
127000, 2210108, 0, 0, 0
128000, 2277444, 0, 0, 0
129000, 2283349, 0, 0, 0
130000, 2246235, 0, 0, 0
131000, 2284355, 0, 0, 0
132000, 2290042, 0, 0, 0
133000, 2400387, 0, 0, 0
134000, 2246085, 0, 0, 0
135000, 2273375, 0, 0, 0
136000, 2265653, 0, 0, 0
137000, 2292203, 0, 0, 0
138000, 2366718, 0, 0, 0
139000, 2306387, 0, 0, 0
140000, 2344299, 0, 0, 0
141000, 2274112, 0, 0, 0
142000, 2222053, 0, 0, 0
143000, 2273791, 0, 0, 0
144000, 2338195, 0, 0, 0
145000, 2253338, 0, 0, 0
146000, 2253499, 0, 0, 0
147000, 2311287, 0, 0, 0
148000, 2331438, 0, 0, 0
149000, 2283474, 0, 0, 0
150000, 2274827, 0, 0, 0
151000, 2245216, 0, 0, 0
152000, 2297094, 0, 0, 0
153000, 2286847, 0, 0, 0
154000, 2308646, 0, 0, 0
155000, 2248902, 0, 0, 0
156000, 2215043, 0, 0, 0
157000, 2236955, 0, 0, 0
158000, 2266210, 0, 0, 0
159000, 2263943, 0, 0, 0
160000, 2242499, 0, 0, 0
161000, 2266020, 0, 0, 0
162000, 2272875, 0, 0, 0
163000, 2216107, 0, 0, 0
164000, 2364574, 0, 0, 0
165000, 2248159, 0, 0, 0
166000, 2299750, 0, 0, 0
167000, 2257916, 0, 0, 0
168000, 2264626, 0, 0, 0
169000, 2248512, 0, 0, 0
170000, 2340372, 0, 0, 0
171000, 2307894, 0, 0, 0
172000, 2262116, 0, 0, 0
173000, 2241549, 0, 0, 0
174000, 2351059, 0, 0, 0
175000, 2653548, 0, 0, 0
176000, 2264783, 0, 0, 0
177000, 2251436, 0, 0, 0
178000, 2265644, 0, 0, 0
179000, 2322292, 0, 0, 0
180000, 2284478, 0, 0, 0
180006, 12944069, 0, 0, 0
