999, 535, 1, 0, 0
1999, 453, 1, 0, 0
3000, 507, 1, 0, 0
4000, 489, 1, 0, 0
5000, 467, 1, 0, 0
6000, 459, 1, 0, 0
7000, 492, 1, 0, 0
7999, 473, 1, 0, 0
9000, 441, 1, 0, 0
10000, 470, 1, 0, 0
10999, 458, 1, 0, 0
12000, 491, 1, 0, 0
13000, 457, 1, 0, 0
14000, 458, 1, 0, 0
15000, 476, 1, 0, 0
15999, 472, 1, 0, 0
17000, 489, 1, 0, 0
18000, 448, 1, 0, 0
19000, 461, 1, 0, 0
20000, 465, 1, 0, 0
21000, 476, 1, 0, 0
22000, 457, 1, 0, 0
23000, 473, 1, 0, 0
24000, 457, 1, 0, 0
25000, 461, 1, 0, 0
26000, 488, 1, 0, 0
27000, 464, 1, 0, 0
28000, 468, 1, 0, 0
28999, 490, 1, 0, 0
29999, 465, 1, 0, 0
31000, 455, 1, 0, 0
32000, 506, 1, 0, 0
33000, 501, 1, 0, 0
34000, 469, 1, 0, 0
34999, 468, 1, 0, 0
36000, 470, 1, 0, 0
37000, 482, 1, 0, 0
38000, 464, 1, 0, 0
39000, 468, 1, 0, 0
40000, 455, 1, 0, 0
40999, 450, 1, 0, 0
41999, 484, 1, 0, 0
43000, 504, 1, 0, 0
44000, 488, 1, 0, 0
45000, 472, 1, 0, 0
46000, 458, 1, 0, 0
47000, 485, 1, 0, 0
47999, 497, 1, 0, 0
49000, 504, 1, 0, 0
50000, 467, 1, 0, 0
51000, 503, 1, 0, 0
51999, 493, 1, 0, 0
52999, 489, 1, 0, 0
54000, 540, 1, 0, 0
55000, 475, 1, 0, 0
56000, 483, 1, 0, 0
57000, 477, 1, 0, 0
57999, 489, 1, 0, 0
59000, 458, 1, 0, 0
60000, 465, 1, 0, 0
61000, 490, 1, 0, 0
62000, 488, 1, 0, 0
62999, 488, 1, 0, 0
64000, 451, 1, 0, 0
65000, 454, 1, 0, 0
66000, 477, 1, 0, 0
67000, 461, 1, 0, 0
68000, 506, 1, 0, 0
68999, 471, 1, 0, 0
70000, 482, 1, 0, 0
71000, 504, 1, 0, 0
72000, 498, 1, 0, 0
73000, 443, 1, 0, 0
73999, 488, 1, 0, 0
75000, 495, 1, 0, 0
76000, 478, 1, 0, 0
77000, 507, 1, 0, 0
78000, 477, 1, 0, 0
79000, 442, 1, 0, 0
80000, 478, 1, 0, 0
81000, 466, 1, 0, 0
81999, 484, 1, 0, 0
83000, 468, 1, 0, 0
84000, 450, 1, 0, 0
85000, 464, 1, 0, 0
86000, 509, 1, 0, 0
87000, 483, 1, 0, 0
88000, 477, 1, 0, 0
89000, 443, 1, 0, 0
90000, 478, 1, 0, 0
91000, 450, 1, 0, 0
92000, 472, 1, 0, 0
93000, 486, 1, 0, 0
93999, 477, 1, 0, 0
95000, 456, 1, 0, 0
95999, 460, 1, 0, 0
97000, 489, 1, 0, 0
98000, 504, 1, 0, 0
99000, 474, 1, 0, 0
100000, 487, 1, 0, 0
101000, 481, 1, 0, 0
101999, 491, 1, 0, 0
103000, 479, 1, 0, 0
104000, 484, 1, 0, 0
105000, 503, 1, 0, 0
106000, 463, 1, 0, 0
106999, 498, 1, 0, 0
108000, 459, 1, 0, 0
109000, 477, 1, 0, 0
110000, 491, 1, 0, 0
111000, 496, 1, 0, 0
112000, 455, 1, 0, 0
113000, 460, 1, 0, 0
114000, 492, 1, 0, 0
115000, 459, 1, 0, 0
116000, 468, 1, 0, 0
116999, 465, 1, 0, 0
117999, 480, 1, 0, 0
119000, 479, 1, 0, 0
120000, 482, 1, 0, 0
121000, 500, 1, 0, 0
122000, 476, 1, 0, 0
123000, 462, 1, 0, 0
124000, 495, 1, 0, 0
124999, 480, 1, 0, 0
126000, 470, 1, 0, 0
127000, 478, 1, 0, 0
128000, 470, 1, 0, 0
129000, 467, 1, 0, 0
129999, 481, 1, 0, 0
130999, 459, 1, 0, 0
132000, 503, 1, 0, 0
133000, 490, 1, 0, 0
134000, 482, 1, 0, 0
135000, 478, 1, 0, 0
136000, 471, 1, 0, 0
136999, 479, 1, 0, 0
137999, 483, 1, 0, 0
139000, 490, 1, 0, 0
140000, 472, 1, 0, 0
141000, 492, 1, 0, 0
142000, 481, 1, 0, 0
142999, 476, 1, 0, 0
144000, 494, 1, 0, 0
145000, 480, 1, 0, 0
146000, 467, 1, 0, 0
147000, 462, 1, 0, 0
148000, 493, 1, 0, 0
148999, 484, 1, 0, 0
150000, 486, 1, 0, 0
151000, 500, 1, 0, 0
152000, 504, 1, 0, 0
152999, 512, 1, 0, 0
154000, 470, 1, 0, 0
155000, 491, 1, 0, 0
156000, 475, 1, 0, 0
156999, 485, 1, 0, 0
158000, 466, 1, 0, 0
159000, 458, 1, 0, 0
160000, 473, 1, 0, 0
161000, 468, 1, 0, 0
161999, 498, 1, 0, 0
163000, 468, 1, 0, 0
164000, 503, 1, 0, 0
165000, 461, 1, 0, 0
165999, 477, 1, 0, 0
167000, 497, 1, 0, 0
168000, 463, 1, 0, 0
168999, 461, 1, 0, 0
170000, 488, 1, 0, 0
171000, 511, 1, 0, 0
172000, 480, 1, 0, 0
173000, 472, 1, 0, 0
173999, 456, 1, 0, 0
175000, 494, 1, 0, 0
176000, 443, 1, 0, 0
177000, 494, 1, 0, 0
178000, 467, 1, 0, 0
178999, 449, 1, 0, 0
180000, 473, 1, 0, 0
