1000, 2041, 0, 0, 0
2000, 2010, 0, 0, 0
3001, 2021, 0, 0, 0
4000, 1972, 0, 0, 0
5000, 1991, 0, 0, 0
6000, 2012, 0, 0, 0
7000, 1979, 0, 0, 0
8003, 2026, 0, 0, 0
9000, 1987, 0, 0, 0
10000, 2032, 0, 0, 0
11000, 1993, 0, 0, 0
12001, 2008, 0, 0, 0
13000, 2042, 0, 0, 0
14000, 1937, 0, 0, 0
15000, 1939, 0, 0, 0
16003, 2069, 0, 0, 0
17000, 1867, 0, 0, 0
18000, 1972, 0, 0, 0
19000, 2011, 0, 0, 0
20000, 1980, 0, 0, 0
21000, 1968, 0, 0, 0
22000, 1942, 0, 0, 0
23000, 1943, 0, 0, 0
24002, 1861, 0, 0, 0
25000, 1865, 0, 0, 0
26000, 1947, 0, 0, 0
27000, 1916, 0, 0, 0
28000, 1896, 0, 0, 0
29000, 1975, 0, 0, 0
30000, 1931, 0, 0, 0
31000, 1939, 0, 0, 0
32000, 1938, 0, 0, 0
33000, 1876, 0, 0, 0
34000, 1954, 0, 0, 0
35000, 2018, 0, 0, 0
36003, 1911, 0, 0, 0
37000, 1888, 0, 0, 0
38000, 1893, 0, 0, 0
39000, 1952, 0, 0, 0
40000, 2003, 0, 0, 0
41004, 1923, 0, 0, 0
42000, 1902, 0, 0, 0
43000, 2031, 0, 0, 0
44000, 1926, 0, 0, 0
45000, 1959, 0, 0, 0
46000, 1917, 0, 0, 0
47002, 1905, 0, 0, 0
48000, 1923, 0, 0, 0
49000, 1940, 0, 0, 0
50001, 1909, 0, 0, 0
51000, 1973, 0, 0, 0
52004, 1912, 0, 0, 0
53000, 1953, 0, 0, 0
54000, 1952, 0, 0, 0
55000, 1944, 0, 0, 0
56000, 1924, 0, 0, 0
57000, 1840, 0, 0, 0
58000, 1992, 0, 0, 0
59000, 2002, 0, 0, 0
60001, 1970, 0, 0, 0
61000, 2002, 0, 0, 0
62000, 1933, 0, 0, 0
63000, 1993, 0, 0, 0
64000, 1877, 0, 0, 0
65000, 1967, 0, 0, 0
66000, 1971, 0, 0, 0
67000, 1908, 0, 0, 0
68000, 1927, 0, 0, 0
69000, 1811, 0, 0, 0
70000, 1914, 0, 0, 0
71002, 1870, 0, 0, 0
72000, 1889, 0, 0, 0
73000, 1886, 0, 0, 0
74000, 1924, 0, 0, 0
75002, 1873, 0, 0, 0
76000, 1910, 0, 0, 0
77000, 1871, 0, 0, 0
78002, 1897, 0, 0, 0
79000, 1889, 0, 0, 0
80000, 1930, 0, 0, 0
81000, 1929, 0, 0, 0
82000, 2032, 0, 0, 0
83000, 1852, 0, 0, 0
84000, 1976, 0, 0, 0
85000, 1960, 0, 0, 0
86000, 1962, 0, 0, 0
87000, 1906, 0, 0, 0
88000, 1958, 0, 0, 0
89000, 1952, 0, 0, 0
90000, 1862, 0, 0, 0
91000, 1919, 0, 0, 0
92000, 1969, 0, 0, 0
93000, 1853, 0, 0, 0
94000, 1957, 0, 0, 0
95000, 1998, 0, 0, 0
96000, 1922, 0, 0, 0
97000, 1958, 0, 0, 0
98000, 1961, 0, 0, 0
99000, 1925, 0, 0, 0
100000, 1968, 0, 0, 0
101000, 1925, 0, 0, 0
102000, 1863, 0, 0, 0
103000, 1914, 0, 0, 0
104000, 1876, 0, 0, 0
105000, 1914, 0, 0, 0
106000, 1915, 0, 0, 0
107000, 1856, 0, 0, 0
108000, 1884, 0, 0, 0
109000, 1900, 0, 0, 0
110000, 1911, 0, 0, 0
111000, 1943, 0, 0, 0
112000, 1933, 0, 0, 0
113003, 1879, 0, 0, 0
114000, 1911, 0, 0, 0
115000, 1877, 0, 0, 0
116000, 1896, 0, 0, 0
117000, 1946, 0, 0, 0
118000, 1837, 0, 0, 0
119000, 2027, 0, 0, 0
120000, 1959, 0, 0, 0
121000, 1938, 0, 0, 0
122001, 1909, 0, 0, 0
123000, 1882, 0, 0, 0
124002, 1940, 0, 0, 0
125000, 2001, 0, 0, 0
126002, 1857, 0, 0, 0
127000, 1917, 0, 0, 0
128000, 1957, 0, 0, 0
129001, 1856, 0, 0, 0
130000, 1956, 0, 0, 0
131000, 1908, 0, 0, 0
132000, 1911, 0, 0, 0
133000, 1916, 0, 0, 0
134000, 1894, 0, 0, 0
135000, 1959, 0, 0, 0
136000, 1861, 0, 0, 0
137000, 1881, 0, 0, 0
138000, 1933, 0, 0, 0
139000, 2030, 0, 0, 0
140003, 1867, 0, 0, 0
141000, 1919, 0, 0, 0
142000, 1891, 0, 0, 0
143000, 2017, 0, 0, 0
144000, 2163, 0, 0, 0
145000, 1952, 0, 0, 0
146000, 1833, 0, 0, 0
147000, 1899, 0, 0, 0
148000, 1900, 0, 0, 0
149001, 1899, 0, 0, 0
150000, 1887, 0, 0, 0
151000, 1916, 0, 0, 0
152002, 2046, 0, 0, 0
153000, 1884, 0, 0, 0
154000, 1980, 0, 0, 0
155000, 1918, 0, 0, 0
156000, 1876, 0, 0, 0
157000, 1972, 0, 0, 0
158000, 1960, 0, 0, 0
159000, 1992, 0, 0, 0
160000, 1933, 0, 0, 0
161000, 1981, 0, 0, 0
162000, 1909, 0, 0, 0
163000, 1925, 0, 0, 0
164000, 1959, 0, 0, 0
165000, 1949, 0, 0, 0
166000, 1872, 0, 0, 0
167000, 1894, 0, 0, 0
168000, 1912, 0, 0, 0
169002, 1918, 0, 0, 0
170000, 1986, 0, 0, 0
171000, 1909, 0, 0, 0
172000, 1923, 0, 0, 0
173000, 1972, 0, 0, 0
174000, 1952, 0, 0, 0
175000, 2048, 0, 0, 0
176000, 1962, 0, 0, 0
177000, 2034, 0, 0, 0
178001, 1918, 0, 0, 0
179000, 1897, 0, 0, 0
180004, 1934, 0, 0, 0
