1001, 977718, 1, 0, 0
2000, 1043459, 1, 0, 0
3000, 1047311, 1, 0, 0
4000, 1041020, 1, 0, 0
5000, 1045276, 1, 0, 0
6000, 1062761, 1, 0, 0
7000, 1014005, 1, 0, 0
8000, 1052518, 1, 0, 0
9000, 1027651, 1, 0, 0
10000, 1035429, 1, 0, 0
11000, 1062204, 1, 0, 0
12000, 1031767, 1, 0, 0
13000, 1043135, 1, 0, 0
14000, 1025848, 1, 0, 0
15000, 1033142, 1, 0, 0
16000, 1080453, 1, 0, 0
17000, 1034800, 1, 0, 0
18000, 1018356, 1, 0, 0
19000, 1032339, 1, 0, 0
20015, 1056314, 1, 0, 0
21000, 1052316, 1, 0, 0
22000, 1042524, 1, 0, 0
23000, 1037251, 1, 0, 0
24000, 1055462, 1, 0, 0
25000, 1029395, 1, 0, 0
26000, 1051610, 1, 0, 0
27000, 1036476, 1, 0, 0
28000, 1055385, 1, 0, 0
29000, 1040233, 1, 0, 0
30000, 1072276, 1, 0, 0
31000, 1083160, 1, 0, 0
32000, 1008117, 1, 0, 0
33000, 1038675, 1, 0, 0
34000, 1029483, 1, 0, 0
35000, 1067941, 1, 0, 0
36000, 1041120, 1, 0, 0
37000, 1056148, 1, 0, 0
38001, 1031711, 1, 0, 0
39000, 1063061, 1, 0, 0
40000, 1012758, 1, 0, 0
41000, 1067932, 1, 0, 0
42000, 1115212, 1, 0, 0
43000, 1077931, 1, 0, 0
44000, 1022127, 1, 0, 0
45000, 1088762, 1, 0, 0
46000, 1027359, 1, 0, 0
47000, 1062835, 1, 0, 0
48000, 1056765, 1, 0, 0
49000, 1021546, 1, 0, 0
50000, 1079517, 1, 0, 0
51000, 1034956, 1, 0, 0
52000, 1201907, 1, 0, 0
53000, 1009141, 1, 0, 0
54000, 1041458, 1, 0, 0
55000, 1030869, 1, 0, 0
56000, 1055051, 1, 0, 0
57000, 1052073, 1, 0, 0
58000, 1026735, 1, 0, 0
59000, 1038224, 1, 0, 0
60000, 1053388, 1, 0, 0
61000, 1039097, 1, 0, 0
62000, 1060589, 1, 0, 0
63000, 1051144, 1, 0, 0
64000, 1017072, 1, 0, 0
65000, 1053508, 1, 0, 0
66000, 1043820, 1, 0, 0
67000, 1063583, 1, 0, 0
68000, 1030802, 1, 0, 0
69000, 1040426, 1, 0, 0
70000, 1053678, 1, 0, 0
71000, 977589, 1, 0, 0
72000, 1138173, 1, 0, 0
73000, 1000449, 1, 0, 0
74000, 1029703, 1, 0, 0
75000, 1016264, 1, 0, 0
76000, 1019743, 1, 0, 0
77000, 1036340, 1, 0, 0
78000, 1077150, 1, 0, 0
79000, 1060207, 1, 0, 0
80000, 1028044, 1, 0, 0
81000, 1032142, 1, 0, 0
82000, 1026210, 1, 0, 0
83000, 1111587, 1, 0, 0
84000, 1009728, 1, 0, 0
85000, 1017245, 1, 0, 0
86000, 1010574, 1, 0, 0
87001, 1042816, 1, 0, 0
88000, 1072122, 1, 0, 0
89000, 1027462, 1, 0, 0
90000, 1045962, 1, 0, 0
91001, 1033171, 1, 0, 0
92000, 1043399, 1, 0, 0
93000, 1021766, 1, 0, 0
94000, 1043452, 1, 0, 0
95000, 1052222, 1, 0, 0
96000, 1019153, 1, 0, 0
97000, 1027304, 1, 0, 0
98001, 1054495, 1, 0, 0
99000, 1037031, 1, 0, 0
100000, 1047399, 1, 0, 0
101000, 1081950, 1, 0, 0
102000, 1022994, 1, 0, 0
103000, 1009975, 1, 0, 0
104000, 1059117, 1, 0, 0
105000, 1034341, 1, 0, 0
106001, 1069059, 1, 0, 0
107000, 1030688, 1, 0, 0
108000, 1038859, 1, 0, 0
109000, 1043346, 1, 0, 0
110000, 1040819, 1, 0, 0
111000, 1048539, 1, 0, 0
112000, 1043632, 1, 0, 0
113000, 1058683, 1, 0, 0
114000, 1048055, 1, 0, 0
115000, 1009010, 1, 0, 0
116000, 1040208, 1, 0, 0
117000, 1040170, 1, 0, 0
118000, 1045912, 1, 0, 0
119000, 1061212, 1, 0, 0
120000, 1025256, 1, 0, 0
121000, 1051995, 1, 0, 0
122000, 1026491, 1, 0, 0
123000, 1069079, 1, 0, 0
124000, 1059306, 1, 0, 0
125000, 1029918, 1, 0, 0
126000, 1021203, 1, 0, 0
127000, 1039970, 1, 0, 0
128000, 1091690, 1, 0, 0
129000, 1035834, 1, 0, 0
130000, 1069666, 1, 0, 0
131000, 1097455, 1, 0, 0
132001, 1011042, 1, 0, 0
133000, 1018822, 1, 0, 0
134000, 1043834, 1, 0, 0
135001, 1040956, 1, 0, 0
136000, 1037605, 1, 0, 0
137000, 1028962, 1, 0, 0
138000, 1025412, 1, 0, 0
139001, 1054084, 1, 0, 0
140000, 1029593, 1, 0, 0
141000, 1031522, 1, 0, 0
142000, 1049079, 1, 0, 0
143000, 1041077, 1, 0, 0
144000, 1002913, 1, 0, 0
145000, 1038530, 1, 0, 0
146000, 1053689, 1, 0, 0
147000, 1061204, 1, 0, 0
148000, 1041575, 1, 0, 0
149000, 1055797, 1, 0, 0
150000, 1035521, 1, 0, 0
151000, 1058952, 1, 0, 0
152000, 1044567, 1, 0, 0
153000, 1025101, 1, 0, 0
154000, 1041814, 1, 0, 0
155000, 1023329, 1, 0, 0
156000, 1038053, 1, 0, 0
157000, 1064155, 1, 0, 0
158000, 1021991, 1, 0, 0
159000, 1049435, 1, 0, 0
160000, 1047595, 1, 0, 0
161000, 1041899, 1, 0, 0
162000, 1032993, 1, 0, 0
163000, 1048456, 1, 0, 0
164000, 1134934, 1, 0, 0
165000, 1105412, 1, 0, 0
166000, 1031233, 1, 0, 0
167000, 1018255, 1, 0, 0
168000, 1020046, 1, 0, 0
169000, 1021435, 1, 0, 0
170000, 1448938, 1, 0, 0
171000, 1004564, 1, 0, 0
172000, 1059684, 1, 0, 0
173000, 1023639, 1, 0, 0
174000, 1044245, 1, 0, 0
175000, 1060912, 1, 0, 0
176000, 1063055, 1, 0, 0
177000, 1033910, 1, 0, 0
178001, 1046993, 1, 0, 0
179000, 1038585, 1, 0, 0
180000, 1054994, 1, 0, 0
180001, 3642765, 1, 0, 0
