1003, 29724123, 0, 0, 0
2010, 33470251, 0, 0, 0
3005, 33200309, 0, 0, 0
4016, 33468081, 0, 0, 0
5012, 33676469, 0, 0, 0
6007, 33359116, 0, 0, 0
7017, 33188110, 0, 0, 0
8012, 33854532, 0, 0, 0
9009, 33102769, 0, 0, 0
10004, 33405156, 0, 0, 0
11007, 33831855, 0, 0, 0
12008, 33316040, 0, 0, 0
13003, 33268631, 0, 0, 0
14009, 33774211, 0, 0, 0
15004, 33083056, 0, 0, 0
16009, 33410927, 0, 0, 0
17017, 33392180, 0, 0, 0
18004, 33948549, 0, 0, 0
19008, 33269307, 0, 0, 0
20004, 33190087, 0, 0, 0
21013, 33444970, 0, 0, 0
22009, 33506589, 0, 0, 0
23005, 33344841, 0, 0, 0
24002, 33369157, 0, 0, 0
25011, 33765363, 0, 0, 0
26007, 33287605, 0, 0, 0
27004, 33375891, 0, 0, 0
28011, 33501776, 0, 0, 0
29005, 33466381, 0, 0, 0
30016, 33851572, 0, 0, 0
31009, 33211505, 0, 0, 0
32019, 33516949, 0, 0, 0
33014, 33945796, 0, 0, 0
34007, 33239747, 0, 0, 0
35003, 33192116, 0, 0, 0
36014, 33695737, 0, 0, 0
37007, 33389477, 0, 0, 0
38005, 33622964, 0, 0, 0
39004, 34001182, 0, 0, 0
40009, 32959137, 0, 0, 0
41005, 33731854, 0, 0, 0
42003, 33480526, 0, 0, 0
43008, 33415446, 0, 0, 0
44017, 33432967, 0, 0, 0
45009, 33569997, 0, 0, 0
46011, 33257075, 0, 0, 0
47011, 33880610, 0, 0, 0
48007, 33284387, 0, 0, 0
49013, 33227815, 0, 0, 0
50010, 33744496, 0, 0, 0
51006, 33181682, 0, 0, 0
52010, 33610609, 0, 0, 0
53011, 33620681, 0, 0, 0
54004, 33291346, 0, 0, 0
55015, 33268278, 0, 0, 0
56009, 33576659, 0, 0, 0
57002, 33216437, 0, 0, 0
58011, 33759390, 0, 0, 0
59005, 33246144, 0, 0, 0
60013, 33935669, 0, 0, 0
61007, 33200113, 0, 0, 0
62016, 33299258, 0, 0, 0
63008, 33792752, 0, 0, 0
64005, 33105751, 0, 0, 0
65016, 33333335, 0, 0, 0
66008, 33880091, 0, 0, 0
67004, 33139887, 0, 0, 0
68013, 33818341, 0, 0, 0
69008, 33383330, 0, 0, 0
70005, 33163514, 0, 0, 0
71011, 33609983, 0, 0, 0
72005, 33246271, 0, 0, 0
73015, 33353921, 0, 0, 0
74004, 33631343, 0, 0, 0
75018, 33298514, 0, 0, 0
76012, 33571247, 0, 0, 0
77007, 33344334, 0, 0, 0
78012, 33284622, 0, 0, 0
79009, 33718805, 0, 0, 0
80004, 33295651, 0, 0, 0
81014, 34079841, 0, 0, 0
82010, 33066365, 0, 0, 0
83008, 33315113, 0, 0, 0
84012, 33277285, 0, 0, 0
85013, 33741846, 0, 0, 0
86008, 33546052, 0, 0, 0
87003, 33084762, 0, 0, 0
88011, 33664397, 0, 0, 0
89004, 33139038, 0, 0, 0
90014, 33304074, 0, 0, 0
91006, 33505491, 0, 0, 0
92016, 33423107, 0, 0, 0
93011, 33359810, 0, 0, 0
94007, 33702445, 0, 0, 0
95018, 33235365, 0, 0, 0
96004, 33619440, 0, 0, 0
97010, 33325618, 0, 0, 0
98007, 33424145, 0, 0, 0
99017, 33421404, 0, 0, 0
100014, 33582193, 0, 0, 0
101005, 33615709, 0, 0, 0
102015, 33400151, 0, 0, 0
103011, 33703627, 0, 0, 0
104008, 33444179, 0, 0, 0
105004, 33426830, 0, 0, 0
106013, 33875652, 0, 0, 0
107008, 33161641, 0, 0, 0
108003, 33504304, 0, 0, 0
109012, 33761644, 0, 0, 0
110009, 32956878, 0, 0, 0
111004, 33692356, 0, 0, 0
112017, 33095803, 0, 0, 0
113012, 33769224, 0, 0, 0
114007, 33338719, 0, 0, 0
115003, 33354405, 0, 0, 0
116013, 33717740, 0, 0, 0
117002, 33578737, 0, 0, 0
118003, 33220934, 0, 0, 0
119012, 33833242, 0, 0, 0
120005, 33006876, 0, 0, 0
121007, 33429275, 0, 0, 0
122009, 33494169, 0, 0, 0
123004, 33488147, 0, 0, 0
124008, 33806915, 0, 0, 0
125008, 32997647, 0, 0, 0
126003, 33518205, 0, 0, 0
127013, 33588636, 0, 0, 0
128009, 33720687, 0, 0, 0
129003, 33338700, 0, 0, 0
130004, 33406859, 0, 0, 0
131005, 33664017, 0, 0, 0
132016, 33194490, 0, 0, 0
133012, 33795631, 0, 0, 0
134006, 33241648, 0, 0, 0
135018, 33336147, 0, 0, 0
136014, 34181354, 0, 0, 0
137008, 33304353, 0, 0, 0
138005, 33243375, 0, 0, 0
139016, 33328177, 0, 0, 0
140003, 33788485, 0, 0, 0
141008, 33323295, 0, 0, 0
142005, 33003374, 0, 0, 0
143004, 33522847, 0, 0, 0
144013, 33652437, 0, 0, 0
145009, 33258759, 0, 0, 0
146004, 33148219, 0, 0, 0
147013, 33816647, 0, 0, 0
148006, 33131246, 0, 0, 0
149016, 33301487, 0, 0, 0
150011, 33726604, 0, 0, 0
151002, 33413524, 0, 0, 0
152015, 33753344, 0, 0, 0
153010, 33548805, 0, 0, 0
154006, 33137025, 0, 0, 0
155009, 33408827, 0, 0, 0
156012, 33917479, 0, 0, 0
157011, 33106025, 0, 0, 0
158006, 33545751, 0, 0, 0
159017, 33358026, 0, 0, 0
160010, 33842778, 0, 0, 0
161003, 33389105, 0, 0, 0
162012, 33816929, 0, 0, 0
163002, 33320417, 0, 0, 0
164014, 33325050, 0, 0, 0
165006, 33539339, 0, 0, 0
166015, 34239702, 0, 0, 0
167005, 32636561, 0, 0, 0
168003, 33517618, 0, 0, 0
169012, 33904597, 0, 0, 0
170007, 33267805, 0, 0, 0
171003, 33408021, 0, 0, 0
172005, 33826821, 0, 0, 0
173007, 33154238, 0, 0, 0
174018, 33310226, 0, 0, 0
175008, 33558994, 0, 0, 0
176006, 33266631, 0, 0, 0
177013, 33491685, 0, 0, 0
178003, 33460823, 0, 0, 0
179013, 33837643, 0, 0, 0
180008, 33317340, 0, 0, 0
180016, 47902059, 0, 0, 0
