1000, 7724794, 1, 0, 0
2000, 8330458, 1, 0, 0
3000, 7926603, 1, 0, 0
4000, 8096497, 1, 0, 0
5003, 8862566, 1, 0, 0
6000, 7696629, 1, 0, 0
7000, 8157054, 1, 0, 0
8000, 8315975, 1, 0, 0
9001, 8610583, 1, 0, 0
10000, 8285359, 1, 0, 0
11000, 8537451, 1, 0, 0
12000, 8044997, 1, 0, 0
13001, 8752982, 1, 0, 0
14000, 8422989, 1, 0, 0
15034, 8801337, 1, 0, 0
16000, 8234026, 1, 0, 0
17001, 8581706, 1, 0, 0
18000, 8221501, 1, 0, 0
19028, 8473843, 1, 0, 0
20000, 8325821, 1, 0, 0
21001, 8435692, 1, 0, 0
22000, 8037365, 1, 0, 0
23001, 8427886, 1, 0, 0
24000, 8295511, 1, 0, 0
25001, 8489685, 1, 0, 0
26002, 8798218, 1, 0, 0
27000, 8166330, 1, 0, 0
28000, 8430971, 1, 0, 0
29005, 8239915, 1, 0, 0
30000, 8371141, 1, 0, 0
31000, 8536082, 1, 0, 0
32000, 8077698, 1, 0, 0
33000, 8215925, 1, 0, 0
34000, 8531928, 1, 0, 0
35001, 8254772, 1, 0, 0
36001, 8210973, 1, 0, 0
37000, 8383853, 1, 0, 0
38002, 8173366, 1, 0, 0
39028, 8392112, 1, 0, 0
40000, 8583044, 1, 0, 0
41001, 8778647, 1, 0, 0
42003, 8388714, 1, 0, 0
43000, 8787025, 1, 0, 0
44000, 8224123, 1, 0, 0
45000, 8884563, 1, 0, 0
46002, 8018908, 1, 0, 0
47000, 7788838, 1, 0, 0
48000, 8054652, 1, 0, 0
49000, 7736739, 1, 0, 0
50001, 8192537, 1, 0, 0
51004, 8439068, 1, 0, 0
52000, 8857823, 1, 0, 0
53000, 8408717, 1, 0, 0
54001, 8131174, 1, 0, 0
55000, 8716304, 1, 0, 0
56000, 8080956, 1, 0, 0
57041, 8081851, 1, 0, 0
58003, 9008127, 1, 0, 0
59000, 8158967, 1, 0, 0
60000, 8774004, 1, 0, 0
61000, 8012069, 1, 0, 0
62000, 8204985, 1, 0, 0
63003, 8274647, 1, 0, 0
64002, 8531031, 1, 0, 0
65000, 8467756, 1, 0, 0
66001, 8187371, 1, 0, 0
67003, 8659184, 1, 0, 0
68000, 8148605, 1, 0, 0
69000, 8178183, 1, 0, 0
70002, 8586869, 1, 0, 0
71002, 8172609, 1, 0, 0
72041, 8607021, 1, 0, 0
73000, 8373170, 1, 0, 0
74000, 7733692, 1, 0, 0
75000, 8517473, 1, 0, 0
76002, 8831292, 1, 0, 0
77028, 8066892, 1, 0, 0
78001, 8319197, 1, 0, 0
79002, 8211945, 1, 0, 0
80000, 8517701, 1, 0, 0
81005, 7794721, 1, 0, 0
82039, 8546745, 1, 0, 0
83001, 8026726, 1, 0, 0
84000, 8302957, 1, 0, 0
85001, 8739137, 1, 0, 0
86000, 8135280, 1, 0, 0
87000, 8745534, 1, 0, 0
88027, 8518148, 1, 0, 0
89000, 8344768, 1, 0, 0
90042, 8631548, 1, 0, 0
91001, 8531493, 1, 0, 0
92004, 8136638, 1, 0, 0
93000, 8525900, 1, 0, 0
94002, 8983700, 1, 0, 0
95000, 8607522, 1, 0, 0
96000, 8384873, 1, 0, 0
97000, 8798205, 1, 0, 0
98004, 8204615, 1, 0, 0
99005, 8466860, 1, 0, 0
100000, 8099855, 1, 0, 0
101001, 8215658, 1, 0, 0
102001, 8131637, 1, 0, 0
103001, 8313882, 1, 0, 0
104000, 8719776, 1, 0, 0
105001, 7832074, 1, 0, 0
106000, 9181834, 1, 0, 0
107001, 8315113, 1, 0, 0
108000, 8504714, 1, 0, 0
109000, 8446709, 1, 0, 0
110002, 8536731, 1, 0, 0
111000, 8848736, 1, 0, 0
112000, 8182526, 1, 0, 0
113003, 8546871, 1, 0, 0
114000, 8454375, 1, 0, 0
115000, 8133159, 1, 0, 0
116000, 8412829, 1, 0, 0
117001, 8389299, 1, 0, 0
118002, 8208074, 1, 0, 0
119000, 8249220, 1, 0, 0
120000, 8011519, 1, 0, 0
121004, 8565246, 1, 0, 0
122001, 8602555, 1, 0, 0
123005, 8438131, 1, 0, 0
124000, 9078331, 1, 0, 0
125000, 8035653, 1, 0, 0
126004, 8408066, 1, 0, 0
127000, 8246106, 1, 0, 0
128041, 8423451, 1, 0, 0
129001, 8304786, 1, 0, 0
130000, 8461201, 1, 0, 0
131000, 8388668, 1, 0, 0
132004, 8026884, 1, 0, 0
133000, 9100369, 1, 0, 0
134000, 8545512, 1, 0, 0
135000, 8307860, 1, 0, 0
136001, 8471440, 1, 0, 0
137029, 8320727, 1, 0, 0
138001, 8706083, 1, 0, 0
139000, 7950526, 1, 0, 0
140001, 8674560, 1, 0, 0
141023, 8155164, 1, 0, 0
142000, 8651215, 1, 0, 0
143002, 8415759, 1, 0, 0
144002, 8214951, 1, 0, 0
145000, 8987425, 1, 0, 0
146001, 8631334, 1, 0, 0
147001, 8440140, 1, 0, 0
148000, 8383192, 1, 0, 0
149001, 8461379, 1, 0, 0
150000, 8519585, 1, 0, 0
151001, 8378541, 1, 0, 0
152000, 8392051, 1, 0, 0
153001, 8245312, 1, 0, 0
154001, 8838412, 1, 0, 0
155000, 8333671, 1, 0, 0
156000, 8145078, 1, 0, 0
157000, 8106953, 1, 0, 0
158000, 9021658, 1, 0, 0
159000, 8589675, 1, 0, 0
160000, 8724144, 1, 0, 0
161000, 8175898, 1, 0, 0
162027, 8319220, 1, 0, 0
163000, 8561293, 1, 0, 0
164040, 8193217, 1, 0, 0
165000, 8913724, 1, 0, 0
166000, 8352278, 1, 0, 0
167000, 8144301, 1, 0, 0
168001, 8478345, 1, 0, 0
169000, 8181588, 1, 0, 0
170000, 8171208, 1, 0, 0
171000, 8532681, 1, 0, 0
172001, 8469467, 1, 0, 0
173042, 8545204, 1, 0, 0
174001, 8034371, 1, 0, 0
175001, 8286574, 1, 0, 0
176000, 8443974, 1, 0, 0
177000, 8850596, 1, 0, 0
178028, 7617795, 1, 0, 0
179001, 8192083, 1, 0, 0
180000, 8008793, 1, 0, 0
180002, 7613102, 1, 0, 0
