1035, 2315, 0, 0, 0
2039, 3448, 0, 0, 0
3039, 90648, 0, 0, 0
4000, 4785, 0, 0, 0
5000, 2217, 0, 0, 0
6000, 2243, 0, 0, 0
7044, 5260, 0, 0, 0
8000, 2308, 0, 0, 0
9000, 2360, 0, 0, 0
10000, 2171, 0, 0, 0
11000, 2219, 0, 0, 0
12033, 2158, 0, 0, 0
13032, 2231, 0, 0, 0
14036, 2119, 0, 0, 0
15032, 2352, 0, 0, 0
16000, 2143, 0, 0, 0
17000, 10592, 0, 0, 0
18034, 7004, 0, 0, 0
19000, 1976, 0, 0, 0
20032, 2136, 0, 0, 0
21000, 5400, 0, 0, 0
22032, 3573, 0, 0, 0
23001, 3110, 0, 0, 0
24033, 3188, 0, 0, 0
25000, 2216, 0, 0, 0
26000, 2123, 0, 0, 0
27045, 2255, 0, 0, 0
28000, 2241, 0, 0, 0
29034, 2174, 0, 0, 0
30047, 2527, 0, 0, 0
31000, 2145, 0, 0, 0
32035, 2009, 0, 0, 0
33030, 2076, 0, 0, 0
34038, 2149, 0, 0, 0
35000, 2181, 0, 0, 0
36000, 2343, 0, 0, 0
37000, 2188, 0, 0, 0
38030, 2831, 0, 0, 0
39041, 2091, 0, 0, 0
40034, 3070, 0, 0, 0
41032, 2075, 0, 0, 0
42045, 4490, 0, 0, 0
43038, 2082, 0, 0, 0
44000, 2023, 0, 0, 0
45000, 4850, 0, 0, 0
46033, 2030, 0, 0, 0
47038, 2100, 0, 0, 0
48033, 2100, 0, 0, 0
49000, 1961, 0, 0, 0
50030, 2067, 0, 0, 0
51032, 3826, 0, 0, 0
52000, 2077, 0, 0, 0
53000, 3553, 0, 0, 0
54045, 2664, 0, 0, 0
55000, 2075, 0, 0, 0
56001, 3042, 0, 0, 0
57044, 2010, 0, 0, 0
58033, 5519, 0, 0, 0
59035, 2035, 0, 0, 0
60044, 5499, 0, 0, 0
61037, 8383, 0, 0, 0
62032, 2357, 0, 0, 0
63043, 3827, 0, 0, 0
64001, 2314, 0, 0, 0
65032, 2898, 0, 0, 0
66000, 2394, 0, 0, 0
67031, 2530, 0, 0, 0
68030, 4727, 0, 0, 0
69000, 2338, 0, 0, 0
70034, 5300, 0, 0, 0
71032, 82028, 0, 0, 0
72001, 9154, 0, 0, 0
73000, 2298, 0, 0, 0
74031, 4339, 0, 0, 0
75031, 2128, 0, 0, 0
76000, 2048, 0, 0, 0
77000, 2091, 0, 0, 0
78031, 2123, 0, 0, 0
79036, 2146, 0, 0, 0
80000, 2139, 0, 0, 0
81044, 2199, 0, 0, 0
82000, 2090, 0, 0, 0
83034, 2014, 0, 0, 0
84002, 2066, 0, 0, 0
85000, 2214, 0, 0, 0
86031, 2068, 0, 0, 0
87000, 1975, 0, 0, 0
88033, 4476, 0, 0, 0
89029, 3374, 0, 0, 0
90000, 2193, 0, 0, 0
91032, 2196, 0, 0, 0
92043, 5605, 0, 0, 0
93001, 2071, 0, 0, 0
94033, 107041, 0, 0, 0
95029, 2045, 0, 0, 0
96000, 1992, 0, 0, 0
97004, 2112, 0, 0, 0
98031, 3839, 0, 0, 0
99000, 2188, 0, 0, 0
100032, 2053, 0, 0, 0
101039, 2017, 0, 0, 0
102001, 2049, 0, 0, 0
103032, 2202, 0, 0, 0
104044, 2144, 0, 0, 0
105036, 3083, 0, 0, 0
106034, 5179, 0, 0, 0
107044, 2084, 0, 0, 0
108000, 2977, 0, 0, 0
109038, 5428, 0, 0, 0
110033, 2313, 0, 0, 0
111000, 2285, 0, 0, 0
112035, 2325, 0, 0, 0
113033, 1932, 0, 0, 0
114035, 2248, 0, 0, 0
115031, 2228, 0, 0, 0
116033, 2183, 0, 0, 0
117034, 4806, 0, 0, 0
118042, 2422, 0, 0, 0
119035, 2785, 0, 0, 0
120031, 4243, 0, 0, 0
121000, 2012, 0, 0, 0
122000, 4697, 0, 0, 0
123031, 4810, 0, 0, 0
124001, 2336, 0, 0, 0
125000, 2151, 0, 0, 0
126033, 2152, 0, 0, 0
127001, 2145, 0, 0, 0
128034, 2071, 0, 0, 0
129000, 2137, 0, 0, 0
130034, 2086, 0, 0, 0
131001, 2184, 0, 0, 0
132034, 2218, 0, 0, 0
133044, 2048, 0, 0, 0
134002, 2104, 0, 0, 0
135032, 1989, 0, 0, 0
136000, 2047, 0, 0, 0
137000, 2020, 0, 0, 0
138034, 2040, 0, 0, 0
139029, 4439, 0, 0, 0
140000, 2165, 0, 0, 0
141033, 2211, 0, 0, 0
142045, 2263, 0, 0, 0
143031, 2194, 0, 0, 0
144031, 2084, 0, 0, 0
145000, 2132, 0, 0, 0
146031, 2124, 0, 0, 0
147001, 2016, 0, 0, 0
148000, 1966, 0, 0, 0
149046, 2084, 0, 0, 0
150000, 2322, 0, 0, 0
151032, 2147, 0, 0, 0
152030, 2223, 0, 0, 0
153039, 2062, 0, 0, 0
154034, 1995, 0, 0, 0
155030, 2300, 0, 0, 0
156002, 83872, 0, 0, 0
157032, 3017, 0, 0, 0
158029, 5765, 0, 0, 0
159002, 2085, 0, 0, 0
160032, 2020, 0, 0, 0
161030, 2097, 0, 0, 0
162000, 114497, 0, 0, 0
163031, 2005, 0, 0, 0
164000, 2021, 0, 0, 0
165000, 4379, 0, 0, 0
166032, 4166, 0, 0, 0
167043, 2208, 0, 0, 0
168037, 1996, 0, 0, 0
169031, 2556, 0, 0, 0
170000, 2065, 0, 0, 0
171034, 2005, 0, 0, 0
172044, 2130, 0, 0, 0
173001, 2120, 0, 0, 0
174030, 2331, 0, 0, 0
175001, 2261, 0, 0, 0
176034, 4132, 0, 0, 0
177029, 2363, 0, 0, 0
178001, 2098, 0, 0, 0
179031, 2161, 0, 0, 0
180092, 2168, 0, 0, 0
