1000, 7752782, 1, 0, 0
2004, 8339661, 1, 0, 0
3000, 8481245, 1, 0, 0
4008, 8114807, 1, 0, 0
5001, 8289583, 1, 0, 0
6000, 8529973, 1, 0, 0
7006, 8401327, 1, 0, 0
8001, 8365781, 1, 0, 0
9002, 8503630, 1, 0, 0
10007, 8524651, 1, 0, 0
11003, 8441201, 1, 0, 0
12000, 8345579, 1, 0, 0
13007, 8283964, 1, 0, 0
14002, 8629856, 1, 0, 0
15000, 8838356, 1, 0, 0
16000, 8152739, 1, 0, 0
17004, 8431888, 1, 0, 0
18000, 8309756, 1, 0, 0
19000, 8411438, 1, 0, 0
20000, 8203390, 1, 0, 0
21000, 8187702, 1, 0, 0
22000, 8562765, 1, 0, 0
23003, 8253708, 1, 0, 0
24000, 8386568, 1, 0, 0
25003, 8571722, 1, 0, 0
26000, 8482846, 1, 0, 0
27000, 8311379, 1, 0, 0
28000, 7998439, 1, 0, 0
29000, 8570682, 1, 0, 0
30003, 7963136, 1, 0, 0
31000, 8586582, 1, 0, 0
32000, 8689383, 1, 0, 0
33007, 8482429, 1, 0, 0
34000, 8414080, 1, 0, 0
35000, 8369004, 1, 0, 0
36000, 8479550, 1, 0, 0
37000, 8099669, 1, 0, 0
38000, 8345397, 1, 0, 0
39001, 8258001, 1, 0, 0
40000, 8663603, 1, 0, 0
41000, 8762403, 1, 0, 0
42007, 8164684, 1, 0, 0
43003, 8452960, 1, 0, 0
44000, 8499753, 1, 0, 0
45000, 7985335, 1, 0, 0
46000, 8358257, 1, 0, 0
47000, 8083608, 1, 0, 0
48000, 8733207, 1, 0, 0
49002, 8504494, 1, 0, 0
50000, 8245640, 1, 0, 0
51005, 8080246, 1, 0, 0
52000, 8386335, 1, 0, 0
53002, 8086188, 1, 0, 0
54000, 8350286, 1, 0, 0
55000, 8179574, 1, 0, 0
56000, 8547115, 1, 0, 0
57000, 8511212, 1, 0, 0
58007, 8077770, 1, 0, 0
59001, 8532684, 1, 0, 0
60000, 8564724, 1, 0, 0
61000, 8038980, 1, 0, 0
62001, 8339399, 1, 0, 0
63000, 8468653, 1, 0, 0
64000, 8060705, 1, 0, 0
65001, 8485584, 1, 0, 0
66000, 8714211, 1, 0, 0
67001, 8086178, 1, 0, 0
68000, 8423829, 1, 0, 0
69000, 8557796, 1, 0, 0
70019, 8551028, 1, 0, 0
71000, 8288145, 1, 0, 0
72000, 8558861, 1, 0, 0
73008, 8165297, 1, 0, 0
74000, 8115471, 1, 0, 0
75001, 8382634, 1, 0, 0
76000, 8154990, 1, 0, 0
77000, 8194692, 1, 0, 0
78000, 8076676, 1, 0, 0
79000, 8323496, 1, 0, 0
80000, 8088746, 1, 0, 0
81003, 8488852, 1, 0, 0
82000, 8168971, 1, 0, 0
83001, 7847783, 1, 0, 0
84000, 8372680, 1, 0, 0
85000, 8031435, 1, 0, 0
86000, 8569524, 1, 0, 0
87000, 8204397, 1, 0, 0
88000, 8224089, 1, 0, 0
89000, 8219209, 1, 0, 0
90000, 8295561, 1, 0, 0
91000, 7837465, 1, 0, 0
92000, 8375337, 1, 0, 0
93003, 8346636, 1, 0, 0
94000, 8241694, 1, 0, 0
95000, 8395694, 1, 0, 0
96000, 8011844, 1, 0, 0
97000, 8675710, 1, 0, 0
98002, 8072692, 1, 0, 0
99000, 8729886, 1, 0, 0
100000, 8337808, 1, 0, 0
101000, 8231949, 1, 0, 0
102000, 8682121, 1, 0, 0
103000, 8264041, 1, 0, 0
104000, 8228990, 1, 0, 0
105005, 8341329, 1, 0, 0
106000, 8580102, 1, 0, 0
107000, 8283474, 1, 0, 0
108000, 8183735, 1, 0, 0
109006, 8369004, 1, 0, 0
110000, 8415147, 1, 0, 0
111000, 8242211, 1, 0, 0
112000, 8595588, 1, 0, 0
113000, 8537555, 1, 0, 0
114002, 8124101, 1, 0, 0
115000, 8183635, 1, 0, 0
116000, 8545517, 1, 0, 0
117000, 8186506, 1, 0, 0
118000, 8423929, 1, 0, 0
119000, 8645629, 1, 0, 0
120000, 8556138, 1, 0, 0
121000, 8351745, 1, 0, 0
122000, 8278308, 1, 0, 0
123001, 8131572, 1, 0, 0
124000, 8552393, 1, 0, 0
125007, 8305549, 1, 0, 0
126000, 8458359, 1, 0, 0
127000, 8486954, 1, 0, 0
128009, 8675553, 1, 0, 0
129002, 8081575, 1, 0, 0
130000, 8447824, 1, 0, 0
131000, 8501247, 1, 0, 0
132001, 8266963, 1, 0, 0
133000, 8302543, 1, 0, 0
134006, 8143470, 1, 0, 0
135000, 8491689, 1, 0, 0
136000, 8440849, 1, 0, 0
137001, 8485548, 1, 0, 0
138001, 8373777, 1, 0, 0
139000, 8515379, 1, 0, 0
140000, 8178393, 1, 0, 0
141000, 8271456, 1, 0, 0
142000, 8140518, 1, 0, 0
143000, 8613823, 1, 0, 0
144000, 8098064, 1, 0, 0
145000, 8285700, 1, 0, 0
146000, 9076219, 1, 0, 0
147000, 8361028, 1, 0, 0
148000, 8490357, 1, 0, 0
149003, 8285252, 1, 0, 0
150000, 8221330, 1, 0, 0
151007, 8667071, 1, 0, 0
152000, 8643300, 1, 0, 0
153000, 8300805, 1, 0, 0
154002, 8189004, 1, 0, 0
155001, 8185719, 1, 0, 0
156001, 8281772, 1, 0, 0
157000, 8617135, 1, 0, 0
158000, 8844825, 1, 0, 0
159000, 8701114, 1, 0, 0
160007, 8385474, 1, 0, 0
161001, 8574729, 1, 0, 0
162001, 8213280, 1, 0, 0
163000, 8378751, 1, 0, 0
164000, 7806602, 1, 0, 0
165005, 8190697, 1, 0, 0
166000, 8570434, 1, 0, 0
167000, 8491396, 1, 0, 0
168001, 8244253, 1, 0, 0
169000, 8738120, 1, 0, 0
170006, 8394631, 1, 0, 0
171000, 8290618, 1, 0, 0
172000, 8567663, 1, 0, 0
173006, 8039224, 1, 0, 0
174000, 8382094, 1, 0, 0
175000, 8155805, 1, 0, 0
176006, 8156240, 1, 0, 0
177000, 8563163, 1, 0, 0
178000, 8437507, 1, 0, 0
179001, 8428327, 1, 0, 0
180000, 8337237, 1, 0, 0
180002, 4743651, 1, 0, 0
