999, 535, 1, 0, 0
2000, 477, 1, 0, 0
3000, 487, 1, 0, 0
4000, 475, 1, 0, 0
5001, 473, 1, 0, 0
6000, 470, 1, 0, 0
7000, 481, 1, 0, 0
8001, 481, 1, 0, 0
9000, 479, 1, 0, 0
10000, 481, 1, 0, 0
11001, 464, 1, 0, 0
12000, 473, 1, 0, 0
13000, 474, 1, 0, 0
14001, 476, 1, 0, 0
15000, 475, 1, 0, 0
16000, 472, 1, 0, 0
17001, 473, 1, 0, 0
18000, 476, 1, 0, 0
19000, 469, 1, 0, 0
20000, 493, 1, 0, 0
21001, 475, 1, 0, 0
22000, 471, 1, 0, 0
23000, 492, 1, 0, 0
24001, 471, 1, 0, 0
25000, 482, 1, 0, 0
26000, 474, 1, 0, 0
27001, 481, 1, 0, 0
28001, 486, 1, 0, 0
29000, 489, 1, 0, 0
30000, 479, 1, 0, 0
31000, 480, 1, 0, 0
32001, 481, 1, 0, 0
33001, 479, 1, 0, 0
34000, 474, 1, 0, 0
35000, 484, 1, 0, 0
36001, 487, 1, 0, 0
37000, 474, 1, 0, 0
38000, 478, 1, 0, 0
39000, 484, 1, 0, 0
40001, 487, 1, 0, 0
41001, 473, 1, 0, 0
42000, 483, 1, 0, 0
43000, 481, 1, 0, 0
44001, 472, 1, 0, 0
45000, 468, 1, 0, 0
46000, 483, 1, 0, 0
47001, 477, 1, 0, 0
48000, 475, 1, 0, 0
49000, 473, 1, 0, 0
50000, 479, 1, 0, 0
51001, 482, 1, 0, 0
52000, 481, 1, 0, 0
53000, 468, 1, 0, 0
54000, 478, 1, 0, 0
55001, 468, 1, 0, 0
56000, 480, 1, 0, 0
57000, 484, 1, 0, 0
58000, 476, 1, 0, 0
59000, 479, 1, 0, 0
60000, 480, 1, 0, 0
61001, 477, 1, 0, 0
62000, 476, 1, 0, 0
63000, 486, 1, 0, 0
64001, 477, 1, 0, 0
65000, 480, 1, 0, 0
66000, 486, 1, 0, 0
67001, 472, 1, 0, 0
68000, 478, 1, 0, 0
69000, 478, 1, 0, 0
70001, 481, 1, 0, 0
71000, 477, 1, 0, 0
72000, 484, 1, 0, 0
73001, 465, 1, 0, 0
74000, 492, 1, 0, 0
75000, 469, 1, 0, 0
76000, 470, 1, 0, 0
77001, 481, 1, 0, 0
78000, 481, 1, 0, 0
79000, 477, 1, 0, 0
80001, 469, 1, 0, 0
81000, 487, 1, 0, 0
82000, 481, 1, 0, 0
83000, 477, 1, 0, 0
84001, 476, 1, 0, 0
85001, 474, 1, 0, 0
86000, 476, 1, 0, 0
87000, 476, 1, 0, 0
88000, 485, 1, 0, 0
89001, 476, 1, 0, 0
90000, 477, 1, 0, 0
91000, 489, 1, 0, 0
92001, 482, 1, 0, 0
93000, 482, 1, 0, 0
94000, 476, 1, 0, 0
95001, 482, 1, 0, 0
96000, 468, 1, 0, 0
97000, 475, 1, 0, 0
98000, 475, 1, 0, 0
99001, 477, 1, 0, 0
100000, 474, 1, 0, 0
101000, 477, 1, 0, 0
102000, 484, 1, 0, 0
103001, 488, 1, 0, 0
104000, 478, 1, 0, 0
105000, 486, 1, 0, 0
106001, 471, 1, 0, 0
107000, 485, 1, 0, 0
108000, 480, 1, 0, 0
109001, 482, 1, 0, 0
110000, 480, 1, 0, 0
111000, 474, 1, 0, 0
112001, 483, 1, 0, 0
113000, 487, 1, 0, 0
114000, 474, 1, 0, 0
115001, 472, 1, 0, 0
116000, 480, 1, 0, 0
117000, 477, 1, 0, 0
118001, 482, 1, 0, 0
119000, 473, 1, 0, 0
120001, 477, 1, 0, 0
121000, 470, 1, 0, 0
122000, 478, 1, 0, 0
123001, 482, 1, 0, 0
124000, 479, 1, 0, 0
125001, 485, 1, 0, 0
126000, 477, 1, 0, 0
127000, 479, 1, 0, 0
128000, 478, 1, 0, 0
129001, 477, 1, 0, 0
130000, 477, 1, 0, 0
131000, 481, 1, 0, 0
132001, 475, 1, 0, 0
133000, 478, 1, 0, 0
134001, 472, 1, 0, 0
135000, 484, 1, 0, 0
136000, 479, 1, 0, 0
137001, 475, 1, 0, 0
138000, 476, 1, 0, 0
139000, 480, 1, 0, 0
140001, 477, 1, 0, 0
141000, 485, 1, 0, 0
142001, 477, 1, 0, 0
143000, 484, 1, 0, 0
144000, 469, 1, 0, 0
145001, 480, 1, 0, 0
146000, 480, 1, 0, 0
147000, 472, 1, 0, 0
148001, 475, 1, 0, 0
149000, 479, 1, 0, 0
150000, 478, 1, 0, 0
151001, 478, 1, 0, 0
152000, 463, 1, 0, 0
153001, 495, 1, 0, 0
154000, 481, 1, 0, 0
155000, 485, 1, 0, 0
156001, 477, 1, 0, 0
157000, 468, 1, 0, 0
158000, 481, 1, 0, 0
159000, 478, 1, 0, 0
160000, 474, 1, 0, 0
161001, 488, 1, 0, 0
162000, 474, 1, 0, 0
163000, 476, 1, 0, 0
164000, 484, 1, 0, 0
165001, 484, 1, 0, 0
166000, 480, 1, 0, 0
167000, 482, 1, 0, 0
168000, 471, 1, 0, 0
169000, 480, 1, 0, 0
170000, 475, 1, 0, 0
171001, 474, 1, 0, 0
172000, 476, 1, 0, 0
173000, 478, 1, 0, 0
174000, 476, 1, 0, 0
175000, 469, 1, 0, 0
176001, 484, 1, 0, 0
177000, 485, 1, 0, 0
178000, 474, 1, 0, 0
179000, 472, 1, 0, 0
180000, 478, 1, 0, 0
