1001, 901, 0, 0, 0
2000, 920, 0, 0, 0
3000, 945, 0, 0, 0
4000, 934, 0, 0, 0
5000, 953, 0, 0, 0
6000, 950, 0, 0, 0
7000, 943, 0, 0, 0
8000, 953, 0, 0, 0
9000, 963, 0, 0, 0
10000, 947, 0, 0, 0
11000, 975, 0, 0, 0
12000, 939, 0, 0, 0
13000, 918, 0, 0, 0
14000, 926, 0, 0, 0
15000, 951, 0, 0, 0
16001, 917, 0, 0, 0
17000, 926, 0, 0, 0
18000, 936, 0, 0, 0
19000, 926, 0, 0, 0
20000, 934, 0, 0, 0
21000, 903, 0, 0, 0
22000, 923, 0, 0, 0
23000, 895, 0, 0, 0
24000, 910, 0, 0, 0
25000, 935, 0, 0, 0
26000, 877, 0, 0, 0
27000, 841, 0, 0, 0
28000, 866, 0, 0, 0
29000, 935, 0, 0, 0
30000, 898, 0, 0, 0
31000, 911, 0, 0, 0
32000, 917, 0, 0, 0
33000, 896, 0, 0, 0
34000, 911, 0, 0, 0
35000, 916, 0, 0, 0
36000, 928, 0, 0, 0
37000, 916, 0, 0, 0
38000, 914, 0, 0, 0
39000, 923, 0, 0, 0
40000, 917, 0, 0, 0
41000, 911, 0, 0, 0
42001, 936, 0, 0, 0
43000, 887, 0, 0, 0
44001, 909, 0, 0, 0
45000, 920, 0, 0, 0
46000, 919, 0, 0, 0
47000, 923, 0, 0, 0
48000, 925, 0, 0, 0
49000, 921, 0, 0, 0
50000, 927, 0, 0, 0
51000, 913, 0, 0, 0
52000, 925, 0, 0, 0
53001, 948, 0, 0, 0
54000, 910, 0, 0, 0
55000, 909, 0, 0, 0
56000, 930, 0, 0, 0
57000, 944, 0, 0, 0
58000, 921, 0, 0, 0
59000, 949, 0, 0, 0
60000, 945, 0, 0, 0
61000, 919, 0, 0, 0
62000, 921, 0, 0, 0
63000, 916, 0, 0, 0
64000, 923, 0, 0, 0
65001, 933, 0, 0, 0
66000, 953, 0, 0, 0
67000, 919, 0, 0, 0
68000, 911, 0, 0, 0
69000, 886, 0, 0, 0
70000, 937, 0, 0, 0
71000, 964, 0, 0, 0
72000, 942, 0, 0, 0
73000, 934, 0, 0, 0
74000, 847, 0, 0, 0
75000, 956, 0, 0, 0
76000, 944, 0, 0, 0
77000, 949, 0, 0, 0
78000, 910, 0, 0, 0
79000, 931, 0, 0, 0
80000, 949, 0, 0, 0
81000, 957, 0, 0, 0
82000, 925, 0, 0, 0
83000, 952, 0, 0, 0
84000, 920, 0, 0, 0
85000, 932, 0, 0, 0
86000, 908, 0, 0, 0
87001, 940, 0, 0, 0
88000, 931, 0, 0, 0
89000, 908, 0, 0, 0
90000, 896, 0, 0, 0
91000, 940, 0, 0, 0
92000, 941, 0, 0, 0
93000, 933, 0, 0, 0
94000, 947, 0, 0, 0
95000, 928, 0, 0, 0
96000, 917, 0, 0, 0
97000, 901, 0, 0, 0
98000, 906, 0, 0, 0
99000, 929, 0, 0, 0
100000, 927, 0, 0, 0
101000, 946, 0, 0, 0
102000, 937, 0, 0, 0
103000, 925, 0, 0, 0
104000, 925, 0, 0, 0
105000, 924, 0, 0, 0
106000, 871, 0, 0, 0
107000, 928, 0, 0, 0
108000, 902, 0, 0, 0
109000, 864, 0, 0, 0
110000, 948, 0, 0, 0
111000, 899, 0, 0, 0
112000, 912, 0, 0, 0
113000, 942, 0, 0, 0
114000, 922, 0, 0, 0
115000, 952, 0, 0, 0
116000, 932, 0, 0, 0
117000, 923, 0, 0, 0
118001, 921, 0, 0, 0
119000, 882, 0, 0, 0
120001, 906, 0, 0, 0
121000, 844, 0, 0, 0
122001, 902, 0, 0, 0
123000, 877, 0, 0, 0
124001, 888, 0, 0, 0
125000, 904, 0, 0, 0
126000, 893, 0, 0, 0
127000, 900, 0, 0, 0
128000, 909, 0, 0, 0
129000, 918, 0, 0, 0
130000, 891, 0, 0, 0
131000, 911, 0, 0, 0
132000, 924, 0, 0, 0
133000, 904, 0, 0, 0
134000, 926, 0, 0, 0
135000, 913, 0, 0, 0
136000, 929, 0, 0, 0
137000, 919, 0, 0, 0
138000, 915, 0, 0, 0
139000, 904, 0, 0, 0
140000, 898, 0, 0, 0
141000, 908, 0, 0, 0
142000, 925, 0, 0, 0
143000, 909, 0, 0, 0
144000, 870, 0, 0, 0
145000, 890, 0, 0, 0
146000, 921, 0, 0, 0
147000, 896, 0, 0, 0
148000, 911, 0, 0, 0
149000, 920, 0, 0, 0
150000, 906, 0, 0, 0
151000, 880, 0, 0, 0
152000, 927, 0, 0, 0
153000, 860, 0, 0, 0
154000, 925, 0, 0, 0
155000, 933, 0, 0, 0
156000, 923, 0, 0, 0
157000, 920, 0, 0, 0
158000, 909, 0, 0, 0
159000, 923, 0, 0, 0
160000, 923, 0, 0, 0
161000, 893, 0, 0, 0
162000, 923, 0, 0, 0
163000, 907, 0, 0, 0
164000, 919, 0, 0, 0
165000, 915, 0, 0, 0
166000, 931, 0, 0, 0
167000, 924, 0, 0, 0
168000, 916, 0, 0, 0
169000, 913, 0, 0, 0
170000, 908, 0, 0, 0
171000, 890, 0, 0, 0
172000, 912, 0, 0, 0
173000, 951, 0, 0, 0
174000, 896, 0, 0, 0
175000, 823, 0, 0, 0
176000, 899, 0, 0, 0
177000, 921, 0, 0, 0
178000, 906, 0, 0, 0
179000, 936, 0, 0, 0
180000, 916, 0, 0, 0
