1000, 1990494, 1, 0, 0
2000, 2002008, 1, 0, 0
3000, 2081154, 1, 0, 0
4000, 2049698, 1, 0, 0
5000, 2073179, 1, 0, 0
6000, 2095783, 1, 0, 0
7000, 2113366, 1, 0, 0
8000, 2108562, 1, 0, 0
9000, 2074467, 1, 0, 0
10000, 2006373, 1, 0, 0
11000, 2039905, 1, 0, 0
12000, 2094865, 1, 0, 0
13000, 2256222, 1, 0, 0
14000, 2123134, 1, 0, 0
15000, 2090866, 1, 0, 0
16000, 2095264, 1, 0, 0
17000, 2095249, 1, 0, 0
18000, 2105236, 1, 0, 0
19000, 2060154, 1, 0, 0
20000, 1972607, 1, 0, 0
21000, 2053291, 1, 0, 0
22000, 2064638, 1, 0, 0
23001, 2050550, 1, 0, 0
24001, 2134861, 1, 0, 0
25000, 2097807, 1, 0, 0
26000, 2007187, 1, 0, 0
27000, 2092176, 1, 0, 0
28000, 2112813, 1, 0, 0
29001, 2029670, 1, 0, 0
30000, 2049971, 1, 0, 0
31000, 2099618, 1, 0, 0
32000, 2082967, 1, 0, 0
33001, 2084225, 1, 0, 0
34001, 2168364, 1, 0, 0
35000, 2138638, 1, 0, 0
36037, 2335212, 1, 0, 0
37000, 2000254, 1, 0, 0
38000, 2019323, 1, 0, 0
39000, 2040109, 1, 0, 0
40000, 2100327, 1, 0, 0
41000, 2074809, 1, 0, 0
42000, 2127299, 1, 0, 0
43001, 2049818, 1, 0, 0
44000, 2042386, 1, 0, 0
45000, 2027679, 1, 0, 0
46000, 2055614, 1, 0, 0
47002, 2069300, 1, 0, 0
48000, 2122062, 1, 0, 0
49000, 2262481, 1, 0, 0
50000, 1952627, 1, 0, 0
51000, 2078698, 1, 0, 0
52000, 2068987, 1, 0, 0
53001, 2227353, 1, 0, 0
54000, 2099503, 1, 0, 0
55000, 2153730, 1, 0, 0
56000, 2068925, 1, 0, 0
57000, 2100561, 1, 0, 0
58000, 2130655, 1, 0, 0
59000, 2091640, 1, 0, 0
60001, 2094307, 1, 0, 0
61000, 2233169, 1, 0, 0
62000, 2126279, 1, 0, 0
63012, 2186103, 1, 0, 0
64000, 1898678, 1, 0, 0
65001, 2147683, 1, 0, 0
66000, 2110434, 1, 0, 0
67000, 2023586, 1, 0, 0
68000, 2150911, 1, 0, 0
69000, 2027249, 1, 0, 0
70000, 2117307, 1, 0, 0
71001, 2138881, 1, 0, 0
72000, 2004153, 1, 0, 0
73000, 2186993, 1, 0, 0
74000, 2060563, 1, 0, 0
75000, 2198237, 1, 0, 0
76001, 2058267, 1, 0, 0
77009, 2225454, 1, 0, 0
78002, 2084688, 1, 0, 0
79000, 2109141, 1, 0, 0
80000, 2191121, 1, 0, 0
81000, 2073719, 1, 0, 0
82000, 2082169, 1, 0, 0
83000, 2088262, 1, 0, 0
84000, 2098177, 1, 0, 0
85002, 2096543, 1, 0, 0
86000, 2117530, 1, 0, 0
87000, 2068870, 1, 0, 0
88000, 2135912, 1, 0, 0
89000, 2182576, 1, 0, 0
90001, 2063743, 1, 0, 0
91000, 2107108, 1, 0, 0
92001, 2005302, 1, 0, 0
93000, 2051204, 1, 0, 0
94000, 2111900, 1, 0, 0
95000, 2178230, 1, 0, 0
96002, 2211731, 1, 0, 0
97000, 2148363, 1, 0, 0
98000, 2140483, 1, 0, 0
99000, 2028524, 1, 0, 0
100000, 2117859, 1, 0, 0
101000, 2082502, 1, 0, 0
102000, 2136409, 1, 0, 0
103000, 2043303, 1, 0, 0
104000, 2103893, 1, 0, 0
105000, 1957035, 1, 0, 0
106005, 2062279, 1, 0, 0
107000, 2018149, 1, 0, 0
108002, 2069225, 1, 0, 0
109000, 2031310, 1, 0, 0
110000, 2061249, 1, 0, 0
111000, 2053051, 1, 0, 0
112000, 2148799, 1, 0, 0
113000, 2024704, 1, 0, 0
114000, 2068758, 1, 0, 0
115000, 2206605, 1, 0, 0
116000, 2020189, 1, 0, 0
117000, 2042981, 1, 0, 0
118000, 2056952, 1, 0, 0
119000, 2075277, 1, 0, 0
120000, 2059002, 1, 0, 0
121000, 2096499, 1, 0, 0
122000, 2135252, 1, 0, 0
123000, 2045021, 1, 0, 0
124000, 2046845, 1, 0, 0
125006, 2109200, 1, 0, 0
126000, 2104172, 1, 0, 0
127000, 2113543, 1, 0, 0
128000, 2086926, 1, 0, 0
129000, 2135108, 1, 0, 0
130000, 2160029, 1, 0, 0
131000, 2153855, 1, 0, 0
132000, 2087099, 1, 0, 0
133000, 2082374, 1, 0, 0
134000, 2168367, 1, 0, 0
135000, 2044374, 1, 0, 0
136000, 2176538, 1, 0, 0
137000, 2057140, 1, 0, 0
138000, 2023916, 1, 0, 0
139000, 2099862, 1, 0, 0
140000, 2048383, 1, 0, 0
141000, 2103661, 1, 0, 0
142000, 2049662, 1, 0, 0
143002, 2022194, 1, 0, 0
144001, 2129398, 1, 0, 0
145000, 2067448, 1, 0, 0
146006, 2120878, 1, 0, 0
147000, 2151572, 1, 0, 0
148000, 2051629, 1, 0, 0
149000, 2168748, 1, 0, 0
150002, 2087174, 1, 0, 0
151001, 2115738, 1, 0, 0
152000, 2000034, 1, 0, 0
153000, 2110393, 1, 0, 0
154000, 2099789, 1, 0, 0
155002, 2107417, 1, 0, 0
156000, 2044086, 1, 0, 0
157000, 2012719, 1, 0, 0
158000, 2047247, 1, 0, 0
159000, 2155049, 1, 0, 0
160001, 2092071, 1, 0, 0
161000, 2143948, 1, 0, 0
162000, 2073367, 1, 0, 0
163000, 2105500, 1, 0, 0
164000, 2139147, 1, 0, 0
165000, 2132966, 1, 0, 0
166000, 2148891, 1, 0, 0
167006, 2126441, 1, 0, 0
168000, 2091981, 1, 0, 0
169000, 2013861, 1, 0, 0
170000, 2187883, 1, 0, 0
171000, 2144892, 1, 0, 0
172000, 2329758, 1, 0, 0
173003, 2194186, 1, 0, 0
174000, 2008765, 1, 0, 0
175000, 2132599, 1, 0, 0
176000, 2167713, 1, 0, 0
177000, 1995597, 1, 0, 0
178000, 2131562, 1, 0, 0
179000, 2026531, 1, 0, 0
180000, 2092683, 1, 0, 0
