1032, 2021, 0, 0, 0
2026, 1829, 0, 0, 0
3035, 2091, 0, 0, 0
4029, 2060, 0, 0, 0
5032, 2114, 0, 0, 0
6036, 1991, 0, 0, 0
7029, 1994, 0, 0, 0
8026, 1947, 0, 0, 0
9034, 2055, 0, 0, 0
10028, 2026, 0, 0, 0
11026, 2005, 0, 0, 0
12031, 2017, 0, 0, 0
13029, 2012, 0, 0, 0
14040, 2017, 0, 0, 0
15032, 1954, 0, 0, 0
16028, 2088, 0, 0, 0
17037, 1935, 0, 0, 0
18031, 1994, 0, 0, 0
19026, 2023, 0, 0, 0
20033, 2023, 0, 0, 0
21028, 1964, 0, 0, 0
22000, 2101, 0, 0, 0
23030, 2015, 0, 0, 0
24000, 2003, 0, 0, 0
25025, 1974, 0, 0, 0
26028, 1963, 0, 0, 0
27000, 2025, 0, 0, 0
28026, 1967, 0, 0, 0
29029, 2090, 0, 0, 0
30026, 1993, 0, 0, 0
31030, 2130, 0, 0, 0
32025, 2022, 0, 0, 0
33040, 1968, 0, 0, 0
34026, 2123, 0, 0, 0
35029, 1941, 0, 0, 0
36039, 1990, 0, 0, 0
37028, 1928, 0, 0, 0
38031, 2093, 0, 0, 0
39000, 1988, 0, 0, 0
40030, 1957, 0, 0, 0
41041, 2038, 0, 0, 0
42000, 1947, 0, 0, 0
43027, 2007, 0, 0, 0
44040, 2082, 0, 0, 0
45029, 1995, 0, 0, 0
46029, 1992, 0, 0, 0
47026, 1955, 0, 0, 0
48000, 2032, 0, 0, 0
49029, 2081, 0, 0, 0
50039, 2057, 0, 0, 0
51003, 2037, 0, 0, 0
52025, 1984, 0, 0, 0
53038, 1933, 0, 0, 0
54033, 1970, 0, 0, 0
55027, 2075, 0, 0, 0
56033, 2066, 0, 0, 0
57028, 1977, 0, 0, 0
58038, 2127, 0, 0, 0
59027, 2009, 0, 0, 0
60029, 2048, 0, 0, 0
61027, 1998, 0, 0, 0
62037, 2167, 0, 0, 0
63029, 2044, 0, 0, 0
64029, 2029, 0, 0, 0
65038, 2178, 0, 0, 0
66032, 2142, 0, 0, 0
67026, 2122, 0, 0, 0
68035, 2046, 0, 0, 0
69028, 2059, 0, 0, 0
70027, 2045, 0, 0, 0
71032, 1859, 0, 0, 0
72027, 2092, 0, 0, 0
73030, 1949, 0, 0, 0
74000, 1910, 0, 0, 0
75030, 2013, 0, 0, 0
76000, 2079, 0, 0, 0
77028, 1965, 0, 0, 0
78028, 2024, 0, 0, 0
79001, 2050, 0, 0, 0
80030, 1960, 0, 0, 0
81025, 1999, 0, 0, 0
82034, 1992, 0, 0, 0
83028, 2023, 0, 0, 0
84038, 2064, 0, 0, 0
85033, 2108, 0, 0, 0
86026, 2030, 0, 0, 0
87000, 2247, 0, 0, 0
88030, 2083, 0, 0, 0
89040, 2070, 0, 0, 0
90000, 1942, 0, 0, 0
91028, 2054, 0, 0, 0
92025, 1981, 0, 0, 0
93036, 2010, 0, 0, 0
94029, 2027, 0, 0, 0
95038, 2048, 0, 0, 0
96030, 2040, 0, 0, 0
97039, 2004, 0, 0, 0
98036, 1933, 0, 0, 0
99029, 1960, 0, 0, 0
100041, 2093, 0, 0, 0
101036, 2014, 0, 0, 0
102027, 2027, 0, 0, 0
103025, 2089, 0, 0, 0
104000, 2138, 0, 0, 0
105028, 2027, 0, 0, 0
106030, 1939, 0, 0, 0
107026, 2034, 0, 0, 0
108037, 2067, 0, 0, 0
109027, 1987, 0, 0, 0
110035, 2022, 0, 0, 0
111030, 1927, 0, 0, 0
112035, 1989, 0, 0, 0
113000, 2095, 0, 0, 0
114030, 1974, 0, 0, 0
115028, 2031, 0, 0, 0
116028, 2028, 0, 0, 0
117034, 2069, 0, 0, 0
118031, 2102, 0, 0, 0
119026, 1995, 0, 0, 0
120034, 1968, 0, 0, 0
121026, 2022, 0, 0, 0
122034, 2032, 0, 0, 0
123029, 1990, 0, 0, 0
124037, 1988, 0, 0, 0
125032, 1956, 0, 0, 0
126025, 1980, 0, 0, 0
127031, 2060, 0, 0, 0
128025, 1926, 0, 0, 0
129025, 1977, 0, 0, 0
130000, 2022, 0, 0, 0
131025, 2057, 0, 0, 0
132025, 2044, 0, 0, 0
133028, 2184, 0, 0, 0
134029, 2119, 0, 0, 0
135038, 1943, 0, 0, 0
136032, 1960, 0, 0, 0
137027, 1989, 0, 0, 0
138031, 1920, 0, 0, 0
139027, 2111, 0, 0, 0
140030, 2019, 0, 0, 0
141025, 2071, 0, 0, 0
142030, 2063, 0, 0, 0
143026, 2046, 0, 0, 0
144031, 2027, 0, 0, 0
145028, 1988, 0, 0, 0
146038, 1989, 0, 0, 0
147032, 2158, 0, 0, 0
148027, 2020, 0, 0, 0
149032, 2049, 0, 0, 0
150034, 2030, 0, 0, 0
151027, 2039, 0, 0, 0
152040, 2041, 0, 0, 0
153024, 1986, 0, 0, 0
154029, 2007, 0, 0, 0
155040, 1972, 0, 0, 0
156029, 1960, 0, 0, 0
157030, 2022, 0, 0, 0
158028, 2012, 0, 0, 0
159036, 2050, 0, 0, 0
160029, 2058, 0, 0, 0
161026, 2018, 0, 0, 0
162005, 2103, 0, 0, 0
163027, 2140, 0, 0, 0
164040, 1967, 0, 0, 0
165000, 1998, 0, 0, 0
166028, 1920, 0, 0, 0
167032, 1994, 0, 0, 0
168004, 1962, 0, 0, 0
169030, 1920, 0, 0, 0
170027, 2042, 0, 0, 0
171037, 1898, 0, 0, 0
172031, 1964, 0, 0, 0
173025, 2009, 0, 0, 0
174000, 1950, 0, 0, 0
175028, 2015, 0, 0, 0
176031, 1977, 0, 0, 0
177026, 1936, 0, 0, 0
178027, 2082, 0, 0, 0
179000, 2043, 0, 0, 0
180034, 2106, 0, 0, 0
