999, 2086, 1, 0, 0
1999, 1960, 1, 0, 0
2999, 1916, 1, 0, 0
4000, 1916, 1, 0, 0
4999, 1961, 1, 0, 0
6000, 1920, 1, 0, 0
7000, 2006, 1, 0, 0
8000, 1888, 1, 0, 0
9000, 1913, 1, 0, 0
10000, 1896, 1, 0, 0
11000, 1833, 1, 0, 0
11999, 1901, 1, 0, 0
13000, 1752, 1, 0, 0
14000, 1949, 1, 0, 0
15000, 1908, 1, 0, 0
16000, 1949, 1, 0, 0
16999, 1861, 1, 0, 0
18000, 1932, 1, 0, 0
19000, 1889, 1, 0, 0
20000, 1924, 1, 0, 0
21000, 1973, 1, 0, 0
21999, 1973, 1, 0, 0
23000, 1944, 1, 0, 0
23999, 1929, 1, 0, 0
25000, 1904, 1, 0, 0
26000, 1925, 1, 0, 0
26999, 1953, 1, 0, 0
28000, 1868, 1, 0, 0
29000, 1965, 1, 0, 0
29999, 1821, 1, 0, 0
31000, 1952, 1, 0, 0
32000, 1949, 1, 0, 0
33000, 1832, 1, 0, 0
34000, 1905, 1, 0, 0
34999, 1913, 1, 0, 0
36000, 1840, 1, 0, 0
37000, 1905, 1, 0, 0
37999, 1961, 1, 0, 0
39000, 1876, 1, 0, 0
40000, 1877, 1, 0, 0
40999, 1857, 1, 0, 0
42000, 1980, 1, 0, 0
43000, 1833, 1, 0, 0
43999, 2022, 1, 0, 0
45000, 1868, 1, 0, 0
46000, 1893, 1, 0, 0
47000, 1877, 1, 0, 0
47999, 1937, 1, 0, 0
49000, 1860, 1, 0, 0
50000, 2134, 1, 0, 0
51000, 1964, 1, 0, 0
52000, 1929, 1, 0, 0
52999, 1945, 1, 0, 0
54000, 1932, 1, 0, 0
55000, 1869, 1, 0, 0
56000, 1952, 1, 0, 0
57000, 1937, 1, 0, 0
57999, 2002, 1, 0, 0
59000, 1952, 1, 0, 0
60000, 1841, 1, 0, 0
61000, 1932, 1, 0, 0
62000, 2018, 1, 0, 0
62999, 1865, 1, 0, 0
64000, 1892, 1, 0, 0
65000, 1929, 1, 0, 0
65999, 1961, 1, 0, 0
67000, 1888, 1, 0, 0
67999, 1893, 1, 0, 0
69000, 1928, 1, 0, 0
70000, 1913, 1, 0, 0
70999, 1885, 1, 0, 0
72000, 1892, 1, 0, 0
73000, 1853, 1, 0, 0
73999, 1877, 1, 0, 0
75000, 1836, 1, 0, 0
75999, 1953, 1, 0, 0
77000, 1856, 1, 0, 0
78000, 2010, 1, 0, 0
79000, 1816, 1, 0, 0
80000, 1929, 1, 0, 0
80999, 1949, 1, 0, 0
82000, 1956, 1, 0, 0
82999, 1905, 1, 0, 0
84000, 1864, 1, 0, 0
85000, 1961, 1, 0, 0
86000, 1868, 1, 0, 0
87000, 1969, 1, 0, 0
87999, 2070, 1, 0, 0
89000, 1788, 1, 0, 0
90000, 1953, 1, 0, 0
91000, 1824, 1, 0, 0
92000, 1961, 1, 0, 0
92999, 1973, 1, 0, 0
94000, 1912, 1, 0, 0
95000, 1909, 1, 0, 0
96000, 1908, 1, 0, 0
97000, 1881, 1, 0, 0
97999, 1873, 1, 0, 0
99000, 1904, 1, 0, 0
100000, 1933, 1, 0, 0
101000, 1952, 1, 0, 0
102000, 1929, 1, 0, 0
102999, 2002, 1, 0, 0
104000, 1932, 1, 0, 0
105000, 1949, 1, 0, 0
106000, 1860, 1, 0, 0
107000, 1953, 1, 0, 0
107999, 1905, 1, 0, 0
109000, 1860, 1, 0, 0
109999, 1961, 1, 0, 0
111000, 1860, 1, 0, 0
112000, 1809, 1, 0, 0
113000, 1972, 1, 0, 0
114000, 1897, 1, 0, 0
114999, 1901, 1, 0, 0
116000, 1920, 1, 0, 0
116999, 1925, 1, 0, 0
118000, 1904, 1, 0, 0
119000, 1969, 1, 0, 0
120000, 2008, 1, 0, 0
121000, 1877, 1, 0, 0
121999, 1925, 1, 0, 0
123000, 2000, 1, 0, 0
123999, 1973, 1, 0, 0
125000, 1964, 1, 0, 0
126000, 1981, 1, 0, 0
127000, 1992, 1, 0, 0
128000, 1981, 1, 0, 0
128999, 1969, 1, 0, 0
130000, 1900, 1, 0, 0
131000, 1905, 1, 0, 0
132000, 1924, 1, 0, 0
133000, 1917, 1, 0, 0
133999, 1905, 1, 0, 0
135000, 1916, 1, 0, 0
136000, 1949, 1, 0, 0
137000, 1932, 1, 0, 0
138000, 2006, 1, 0, 0
138999, 1933, 1, 0, 0
140000, 1808, 1, 0, 0
140999, 1933, 1, 0, 0
142000, 1900, 1, 0, 0
143000, 1897, 1, 0, 0
143999, 1893, 1, 0, 0
145000, 1880, 1, 0, 0
146000, 1845, 1, 0, 0
147000, 1868, 1, 0, 0
148000, 1889, 1, 0, 0
148999, 1917, 1, 0, 0
150000, 1860, 1, 0, 0
150999, 1929, 1, 0, 0
152000, 1908, 1, 0, 0
153000, 1841, 1, 0, 0
153999, 1893, 1, 0, 0
155000, 1880, 1, 0, 0
155999, 1881, 1, 0, 0
157000, 1932, 1, 0, 0
158000, 1921, 1, 0, 0
159000, 2000, 1, 0, 0
160000, 1945, 1, 0, 0
160999, 1901, 1, 0, 0
162000, 1948, 1, 0, 0
163000, 1893, 1, 0, 0
164000, 1976, 1, 0, 0
165000, 1933, 1, 0, 0
165999, 1893, 1, 0, 0
167000, 1896, 1, 0, 0
168000, 1957, 1, 0, 0
169000, 1944, 1, 0, 0
170000, 1901, 1, 0, 0
170999, 1885, 1, 0, 0
172000, 1660, 1, 0, 0
173000, 1905, 1, 0, 0
173999, 1961, 1, 0, 0
175000, 1776, 1, 0, 0
175999, 1953, 1, 0, 0
177000, 2036, 1, 0, 0
178000, 1865, 1, 0, 0
178999, 1921, 1, 0, 0
180000, 1916, 1, 0, 0
