1019, 117233017, 1, 0, 0
2001, 132886351, 1, 0, 0
3015, 132914155, 1, 0, 0
4002, 132976979, 1, 0, 0
5006, 135361412, 1, 0, 0
6002, 138061276, 1, 0, 0
7013, 131469299, 1, 0, 0
8014, 132197327, 1, 0, 0
9006, 129758837, 1, 0, 0
10014, 129695567, 1, 0, 0
11007, 133405294, 1, 0, 0
12007, 147402798, 1, 0, 0
13006, 135595374, 1, 0, 0
14001, 132111352, 1, 0, 0
15005, 133922887, 1, 0, 0
16001, 133423251, 1, 0, 0
17012, 134987591, 1, 0, 0
18003, 137420101, 1, 0, 0
19002, 135617580, 1, 0, 0
20002, 140784250, 1, 0, 0
21016, 132316034, 1, 0, 0
22004, 134779214, 1, 0, 0
23004, 137087160, 1, 0, 0
24020, 134855653, 1, 0, 0
25006, 126113011, 1, 0, 0
26001, 123755110, 1, 0, 0
27009, 123311780, 1, 0, 0
28006, 125772055, 1, 0, 0
29003, 139287033, 1, 0, 0
30008, 167834785, 1, 0, 0
31002, 140809502, 1, 0, 0
32001, 126667663, 1, 0, 0
33009, 128187952, 1, 0, 0
34005, 130734356, 1, 0, 0
35001, 135274340, 1, 0, 0
36010, 132352613, 1, 0, 0
37000, 132161006, 1, 0, 0
38005, 131624349, 1, 0, 0
39002, 131367778, 1, 0, 0
40012, 132398828, 1, 0, 0
41006, 132088762, 1, 0, 0
42004, 131400322, 1, 0, 0
43008, 135611680, 1, 0, 0
44001, 132619479, 1, 0, 0
45000, 131084067, 1, 0, 0
46002, 132068014, 1, 0, 0
47012, 130960972, 1, 0, 0
48006, 129723392, 1, 0, 0
49002, 129397573, 1, 0, 0
50014, 128888738, 1, 0, 0
51007, 129205068, 1, 0, 0
52004, 129675150, 1, 0, 0
53005, 128735021, 1, 0, 0
54005, 128940339, 1, 0, 0
55008, 133821835, 1, 0, 0
56007, 136993973, 1, 0, 0
57000, 129845821, 1, 0, 0
58001, 129870726, 1, 0, 0
59005, 126814965, 1, 0, 0
60000, 130291228, 1, 0, 0
61008, 142886270, 1, 0, 0
62005, 131467269, 1, 0, 0
63003, 140480072, 1, 0, 0
64010, 140234758, 1, 0, 0
65004, 136067173, 1, 0, 0
66001, 131858462, 1, 0, 0
67004, 134751445, 1, 0, 0
68007, 137449281, 1, 0, 0
69001, 134871876, 1, 0, 0
70005, 131946315, 1, 0, 0
71006, 138174840, 1, 0, 0
72001, 149321031, 1, 0, 0
73012, 132539177, 1, 0, 0
74002, 136774888, 1, 0, 0
75011, 137733125, 1, 0, 0
76001, 136204460, 1, 0, 0
77001, 132850282, 1, 0, 0
78005, 137393342, 1, 0, 0
79007, 138104140, 1, 0, 0
80003, 132105570, 1, 0, 0
81002, 138356610, 1, 0, 0
82005, 134296568, 1, 0, 0
83011, 133243595, 1, 0, 0
84006, 132253220, 1, 0, 0
85000, 133842854, 1, 0, 0
86007, 144243644, 1, 0, 0
87002, 136279294, 1, 0, 0
88003, 143904013, 1, 0, 0
89008, 142324330, 1, 0, 0
90005, 135921456, 1, 0, 0
91017, 140006237, 1, 0, 0
92002, 137332446, 1, 0, 0
93003, 135130584, 1, 0, 0
94014, 133288293, 1, 0, 0
95004, 132245253, 1, 0, 0
96000, 131487342, 1, 0, 0
97013, 131063089, 1, 0, 0
98002, 134504877, 1, 0, 0
99002, 131252214, 1, 0, 0
100001, 131543041, 1, 0, 0
101005, 132369738, 1, 0, 0
102000, 139982937, 1, 0, 0
103013, 134194182, 1, 0, 0
104006, 136791080, 1, 0, 0
105003, 135433541, 1, 0, 0
106010, 133117727, 1, 0, 0
107004, 127586151, 1, 0, 0
108005, 128211179, 1, 0, 0
109003, 128428970, 1, 0, 0
110004, 129273208, 1, 0, 0
111006, 128139281, 1, 0, 0
112010, 127926877, 1, 0, 0
113006, 127415784, 1, 0, 0
114002, 129787802, 1, 0, 0
115009, 133507367, 1, 0, 0
116000, 132102358, 1, 0, 0
117014, 131199482, 1, 0, 0
118006, 127550509, 1, 0, 0
119003, 135500194, 1, 0, 0
120011, 126775903, 1, 0, 0
121004, 132222886, 1, 0, 0
122004, 133079628, 1, 0, 0
123012, 127877646, 1, 0, 0
124008, 133951277, 1, 0, 0
125003, 129901201, 1, 0, 0
126010, 134031989, 1, 0, 0
127004, 133562935, 1, 0, 0
128003, 132898531, 1, 0, 0
129013, 132736582, 1, 0, 0
130008, 135178198, 1, 0, 0
131001, 137177656, 1, 0, 0
132014, 131603961, 1, 0, 0
133002, 134020828, 1, 0, 0
134009, 132647074, 1, 0, 0
135004, 132316964, 1, 0, 0
136011, 131333158, 1, 0, 0
137002, 133347188, 1, 0, 0
138006, 131744434, 1, 0, 0
139013, 128891917, 1, 0, 0
140007, 130990195, 1, 0, 0
141003, 129540323, 1, 0, 0
142003, 130928407, 1, 0, 0
143009, 130049145, 1, 0, 0
144003, 129890649, 1, 0, 0
145011, 137060799, 1, 0, 0
146004, 133945582, 1, 0, 0
147002, 143910723, 1, 0, 0
148015, 149012575, 1, 0, 0
149003, 144849410, 1, 0, 0
150000, 135803579, 1, 0, 0
151005, 140980912, 1, 0, 0
152008, 151324892, 1, 0, 0
153006, 149363224, 1, 0, 0
154014, 136960766, 1, 0, 0
155007, 155669035, 1, 0, 0
156005, 142954092, 1, 0, 0
157001, 146494300, 1, 0, 0
158009, 145181011, 1, 0, 0
159004, 140451922, 1, 0, 0
160012, 141054557, 1, 0, 0
161007, 139579070, 1, 0, 0
162001, 143022890, 1, 0, 0
163000, 154857573, 1, 0, 0
164014, 153145778, 1, 0, 0
165001, 152032856, 1, 0, 0
166004, 153362131, 1, 0, 0
167009, 140675015, 1, 0, 0
168004, 142400101, 1, 0, 0
169003, 122691828, 1, 0, 0
170007, 124408388, 1, 0, 0
171002, 121945134, 1, 0, 0
172012, 127820683, 1, 0, 0
173005, 129170574, 1, 0, 0
174014, 126356621, 1, 0, 0
175009, 128444144, 1, 0, 0
176000, 127232219, 1, 0, 0
177018, 128128855, 1, 0, 0
178013, 133802070, 1, 0, 0
179006, 148731856, 1, 0, 0
180004, 164566469, 1, 0, 0
180116, 191494722, 1, 0, 0
