1000, 548, 0, 0, 0
2001, 490, 0, 0, 0
3001, 491, 0, 0, 0
4002, 505, 0, 0, 0
5002, 469, 0, 0, 0
6001, 463, 0, 0, 0
7001, 492, 0, 0, 0
8002, 482, 0, 0, 0
9002, 492, 0, 0, 0
10002, 466, 0, 0, 0
11001, 495, 0, 0, 0
12001, 475, 0, 0, 0
13001, 476, 0, 0, 0
14001, 487, 0, 0, 0
15001, 491, 0, 0, 0
16001, 478, 0, 0, 0
17001, 481, 0, 0, 0
18002, 494, 0, 0, 0
19001, 478, 0, 0, 0
20001, 485, 0, 0, 0
21001, 459, 0, 0, 0
22002, 495, 0, 0, 0
23002, 487, 0, 0, 0
24002, 484, 0, 0, 0
25001, 489, 0, 0, 0
26002, 483, 0, 0, 0
27001, 472, 0, 0, 0
28002, 486, 0, 0, 0
29001, 460, 0, 0, 0
30001, 481, 0, 0, 0
31001, 485, 0, 0, 0
32001, 460, 0, 0, 0
33001, 502, 0, 0, 0
34002, 468, 0, 0, 0
35001, 478, 0, 0, 0
36001, 469, 0, 0, 0
37001, 500, 0, 0, 0
38001, 471, 0, 0, 0
39001, 469, 0, 0, 0
40002, 495, 0, 0, 0
41001, 491, 0, 0, 0
42002, 479, 0, 0, 0
43001, 484, 0, 0, 0
44002, 501, 0, 0, 0
45002, 487, 0, 0, 0
46001, 504, 0, 0, 0
47001, 479, 0, 0, 0
48001, 499, 0, 0, 0
49001, 496, 0, 0, 0
50001, 479, 0, 0, 0
51002, 498, 0, 0, 0
52002, 476, 0, 0, 0
53001, 489, 0, 0, 0
54001, 483, 0, 0, 0
55001, 459, 0, 0, 0
56002, 503, 0, 0, 0
57002, 499, 0, 0, 0
58002, 475, 0, 0, 0
59001, 482, 0, 0, 0
60002, 497, 0, 0, 0
61002, 477, 0, 0, 0
62001, 503, 0, 0, 0
63002, 501, 0, 0, 0
64001, 502, 0, 0, 0
65001, 517, 0, 0, 0
66001, 473, 0, 0, 0
67002, 503, 0, 0, 0
68001, 480, 0, 0, 0
69002, 465, 0, 0, 0
70002, 464, 0, 0, 0
71001, 493, 0, 0, 0
72001, 478, 0, 0, 0
73001, 487, 0, 0, 0
74002, 480, 0, 0, 0
75002, 476, 0, 0, 0
76002, 464, 0, 0, 0
77002, 474, 0, 0, 0
78001, 467, 0, 0, 0
79002, 459, 0, 0, 0
80002, 450, 0, 0, 0
81001, 487, 0, 0, 0
82001, 463, 0, 0, 0
83001, 434, 0, 0, 0
84001, 464, 0, 0, 0
85002, 450, 0, 0, 0
86001, 475, 0, 0, 0
87001, 504, 0, 0, 0
88002, 486, 0, 0, 0
89002, 491, 0, 0, 0
90002, 497, 0, 0, 0
91001, 494, 0, 0, 0
92001, 489, 0, 0, 0
93002, 504, 0, 0, 0
94002, 476, 0, 0, 0
95002, 482, 0, 0, 0
96001, 494, 0, 0, 0
97002, 472, 0, 0, 0
98001, 496, 0, 0, 0
99002, 481, 0, 0, 0
100001, 486, 0, 0, 0
101001, 484, 0, 0, 0
102001, 486, 0, 0, 0
103001, 481, 0, 0, 0
104002, 488, 0, 0, 0
105001, 486, 0, 0, 0
106001, 482, 0, 0, 0
107001, 479, 0, 0, 0
108002, 486, 0, 0, 0
109001, 492, 0, 0, 0
110002, 494, 0, 0, 0
111002, 488, 0, 0, 0
112001, 504, 0, 0, 0
113002, 498, 0, 0, 0
114002, 510, 0, 0, 0
115001, 499, 0, 0, 0
116002, 489, 0, 0, 0
117001, 489, 0, 0, 0
118001, 473, 0, 0, 0
119001, 522, 0, 0, 0
120002, 506, 0, 0, 0
121001, 501, 0, 0, 0
122002, 516, 0, 0, 0
123002, 508, 0, 0, 0
124001, 512, 0, 0, 0
125001, 467, 0, 0, 0
126001, 509, 0, 0, 0
127002, 482, 0, 0, 0
128001, 479, 0, 0, 0
129002, 482, 0, 0, 0
130002, 489, 0, 0, 0
131001, 473, 0, 0, 0
132001, 509, 0, 0, 0
133001, 486, 0, 0, 0
134002, 488, 0, 0, 0
135002, 478, 0, 0, 0
136001, 487, 0, 0, 0
137001, 471, 0, 0, 0
138002, 471, 0, 0, 0
139001, 488, 0, 0, 0
140001, 469, 0, 0, 0
141002, 469, 0, 0, 0
142001, 469, 0, 0, 0
143001, 468, 0, 0, 0
144001, 496, 0, 0, 0
145001, 471, 0, 0, 0
146001, 492, 0, 0, 0
147002, 498, 0, 0, 0
148001, 493, 0, 0, 0
149001, 494, 0, 0, 0
150002, 476, 0, 0, 0
151002, 494, 0, 0, 0
152001, 490, 0, 0, 0
153001, 463, 0, 0, 0
154001, 499, 0, 0, 0
155001, 472, 0, 0, 0
156001, 499, 0, 0, 0
157002, 480, 0, 0, 0
158001, 468, 0, 0, 0
159001, 471, 0, 0, 0
160001, 448, 0, 0, 0
161001, 441, 0, 0, 0
162002, 441, 0, 0, 0
163002, 422, 0, 0, 0
164001, 487, 0, 0, 0
165001, 467, 0, 0, 0
166002, 434, 0, 0, 0
167001, 452, 0, 0, 0
168002, 497, 0, 0, 0
169001, 432, 0, 0, 0
170001, 430, 0, 0, 0
171001, 464, 0, 0, 0
172001, 459, 0, 0, 0
173002, 463, 0, 0, 0
174002, 453, 0, 0, 0
175001, 436, 0, 0, 0
176002, 446, 0, 0, 0
177001, 452, 0, 0, 0
178001, 414, 0, 0, 0
179002, 447, 0, 0, 0
180002, 419, 0, 0, 0
