1000, 29619689, 0, 0, 0
2000, 33323129, 0, 0, 0
3003, 33519984, 0, 0, 0
4000, 33438518, 0, 0, 0
5000, 33571985, 0, 0, 0
6000, 33530758, 0, 0, 0
7001, 33131009, 0, 0, 0
8000, 33553424, 0, 0, 0
9006, 33288083, 0, 0, 0
10001, 33598863, 0, 0, 0
11000, 33790435, 0, 0, 0
12000, 33248969, 0, 0, 0
13000, 33324531, 0, 0, 0
14000, 33552077, 0, 0, 0
15000, 33241370, 0, 0, 0
16000, 33908167, 0, 0, 0
17000, 33248847, 0, 0, 0
18002, 33424344, 0, 0, 0
19000, 33508770, 0, 0, 0
20008, 32786627, 0, 0, 0
21000, 33683204, 0, 0, 0
22000, 33267877, 0, 0, 0
23006, 33217639, 0, 0, 0
24000, 33766216, 0, 0, 0
25000, 33362362, 0, 0, 0
26007, 33132252, 0, 0, 0
27000, 33826992, 0, 0, 0
28000, 33578423, 0, 0, 0
29000, 33527049, 0, 0, 0
30004, 33492439, 0, 0, 0
31000, 33602994, 0, 0, 0
32000, 33287065, 0, 0, 0
33001, 33692177, 0, 0, 0
34000, 33376454, 0, 0, 0
35001, 33270078, 0, 0, 0
36001, 33461418, 0, 0, 0
37006, 33483619, 0, 0, 0
38001, 33468302, 0, 0, 0
39000, 33380699, 0, 0, 0
40005, 33084056, 0, 0, 0
41000, 33881748, 0, 0, 0
42000, 33505017, 0, 0, 0
43006, 32900608, 0, 0, 0
44000, 33732102, 0, 0, 0
45000, 33872941, 0, 0, 0
46008, 32950543, 0, 0, 0
47004, 34080053, 0, 0, 0
48000, 33382454, 0, 0, 0
49001, 33121485, 0, 0, 0
50000, 33925397, 0, 0, 0
51000, 33488989, 0, 0, 0
52006, 33115580, 0, 0, 0
53002, 33423386, 0, 0, 0
54000, 33418698, 0, 0, 0
55008, 33402222, 0, 0, 0
56000, 33723271, 0, 0, 0
57000, 33881266, 0, 0, 0
58000, 33518172, 0, 0, 0
59002, 33311580, 0, 0, 0
60000, 33372239, 0, 0, 0
61000, 33627987, 0, 0, 0
62003, 33694051, 0, 0, 0
63000, 33497965, 0, 0, 0
64000, 33474415, 0, 0, 0
65007, 33013259, 0, 0, 0
66001, 33693680, 0, 0, 0
67000, 33461116, 0, 0, 0
68007, 33152945, 0, 0, 0
69000, 33716075, 0, 0, 0
70000, 33553045, 0, 0, 0
71000, 33406563, 0, 0, 0
72004, 33659222, 0, 0, 0
73002, 33225180, 0, 0, 0
74000, 33451581, 0, 0, 0
75000, 33327413, 0, 0, 0
76002, 33055624, 0, 0, 0
77000, 33631881, 0, 0, 0
78007, 33307051, 0, 0, 0
79000, 33764627, 0, 0, 0
80000, 33381538, 0, 0, 0
81000, 33483211, 0, 0, 0
82000, 33392599, 0, 0, 0
83000, 33500729, 0, 0, 0
84000, 33669376, 0, 0, 0
85003, 33586429, 0, 0, 0
86000, 33131275, 0, 0, 0
87000, 33435183, 0, 0, 0
88004, 33600615, 0, 0, 0
89000, 32943950, 0, 0, 0
90000, 33651036, 0, 0, 0
91000, 33374298, 0, 0, 0
92003, 33586596, 0, 0, 0
93000, 33199380, 0, 0, 0
94000, 33439187, 0, 0, 0
95000, 33585641, 0, 0, 0
96001, 33588981, 0, 0, 0
97000, 33390807, 0, 0, 0
98003, 33466625, 0, 0, 0
99000, 33344293, 0, 0, 0
100000, 33665842, 0, 0, 0
101000, 32784764, 0, 0, 0
102001, 33972014, 0, 0, 0
103000, 33487954, 0, 0, 0
104003, 33364485, 0, 0, 0
105000, 33774404, 0, 0, 0
106006, 33263853, 0, 0, 0
107001, 33955467, 0, 0, 0
108000, 33679796, 0, 0, 0
109007, 32974128, 0, 0, 0
110001, 33648717, 0, 0, 0
111000, 33857093, 0, 0, 0
112004, 33238537, 0, 0, 0
113000, 33420788, 0, 0, 0
114007, 33160142, 0, 0, 0
115000, 33732078, 0, 0, 0
116000, 33592211, 0, 0, 0
117002, 33498556, 0, 0, 0
118000, 33650156, 0, 0, 0
119000, 33254055, 0, 0, 0
120000, 33764318, 0, 0, 0
121000, 33640031, 0, 0, 0
122006, 32763429, 0, 0, 0
123000, 33651036, 0, 0, 0
124000, 33377808, 0, 0, 0
125000, 33296192, 0, 0, 0
126000, 33345995, 0, 0, 0
127000, 33540711, 0, 0, 0
128000, 33498113, 0, 0, 0
129002, 33584130, 0, 0, 0
130000, 33179145, 0, 0, 0
131000, 33498929, 0, 0, 0
132000, 33523596, 0, 0, 0
133000, 33409629, 0, 0, 0
134006, 33426164, 0, 0, 0
135000, 33890478, 0, 0, 0
136000, 33378009, 0, 0, 0
137007, 33327366, 0, 0, 0
138000, 33758721, 0, 0, 0
139000, 33291429, 0, 0, 0
140000, 33582150, 0, 0, 0
141000, 33680567, 0, 0, 0
142000, 33231940, 0, 0, 0
143000, 33589691, 0, 0, 0
144000, 34052487, 0, 0, 0
145000, 33117067, 0, 0, 0
146002, 33502415, 0, 0, 0
147000, 33414995, 0, 0, 0
148007, 33181380, 0, 0, 0
149000, 33471883, 0, 0, 0
150000, 33400377, 0, 0, 0
151007, 33261891, 0, 0, 0
152006, 33459862, 0, 0, 0
153000, 33930592, 0, 0, 0
154000, 33557250, 0, 0, 0
155006, 33045944, 0, 0, 0
156001, 33978596, 0, 0, 0
157000, 33372069, 0, 0, 0
158000, 33507247, 0, 0, 0
159004, 33779856, 0, 0, 0
160001, 33378621, 0, 0, 0
161004, 33284125, 0, 0, 0
162000, 34043603, 0, 0, 0
163005, 33257845, 0, 0, 0
164000, 33650310, 0, 0, 0
165000, 33598468, 0, 0, 0
166000, 33300975, 0, 0, 0
167000, 33371936, 0, 0, 0
168000, 33898742, 0, 0, 0
169005, 33540939, 0, 0, 0
170000, 33727955, 0, 0, 0
171000, 33352447, 0, 0, 0
172000, 33425697, 0, 0, 0
173000, 33502286, 0, 0, 0
174000, 33177525, 0, 0, 0
175000, 33551115, 0, 0, 0
176000, 33159470, 0, 0, 0
177000, 33872169, 0, 0, 0
178005, 33345596, 0, 0, 0
179001, 34155323, 0, 0, 0
180000, 33326141, 0, 0, 0
180009, 28130458, 0, 0, 0
