1000, 2153294, 0, 0, 0
2000, 2067997, 0, 0, 0
3000, 2082428, 0, 0, 0
4000, 2075714, 0, 0, 0
5000, 2042723, 0, 0, 0
6000, 2057182, 0, 0, 0
7000, 2059154, 0, 0, 0
8001, 2095869, 0, 0, 0
9000, 2085704, 0, 0, 0
10000, 2154242, 0, 0, 0
11000, 2164315, 0, 0, 0
12000, 2098846, 0, 0, 0
13000, 2113127, 0, 0, 0
14000, 2133937, 0, 0, 0
15000, 2133380, 0, 0, 0
16000, 2141375, 0, 0, 0
17000, 2136508, 0, 0, 0
18000, 2074021, 0, 0, 0
19000, 2110715, 0, 0, 0
20000, 2128766, 0, 0, 0
21000, 2173414, 0, 0, 0
22000, 2159909, 0, 0, 0
23000, 2089343, 0, 0, 0
24001, 2537785, 0, 0, 0
25000, 2207652, 0, 0, 0
26000, 2142475, 0, 0, 0
27000, 2139607, 0, 0, 0
28000, 2147759, 0, 0, 0
29000, 2116120, 0, 0, 0
30000, 2062614, 0, 0, 0
31000, 2169977, 0, 0, 0
32000, 2115941, 0, 0, 0
33000, 2147888, 0, 0, 0
34000, 2132746, 0, 0, 0
35000, 2135108, 0, 0, 0
36000, 2089636, 0, 0, 0
37000, 2091271, 0, 0, 0
38000, 2121478, 0, 0, 0
39000, 2117661, 0, 0, 0
40000, 2076359, 0, 0, 0
41000, 2089036, 0, 0, 0
42000, 2093118, 0, 0, 0
43000, 2099684, 0, 0, 0
44001, 2089142, 0, 0, 0
45000, 2084491, 0, 0, 0
46000, 2086397, 0, 0, 0
47000, 2098435, 0, 0, 0
48000, 2117970, 0, 0, 0
49000, 2057236, 0, 0, 0
50000, 2232037, 0, 0, 0
51000, 2076621, 0, 0, 0
52000, 2214864, 0, 0, 0
53000, 2172513, 0, 0, 0
54000, 2085594, 0, 0, 0
55000, 2162834, 0, 0, 0
56000, 2120430, 0, 0, 0
57000, 2129097, 0, 0, 0
58000, 2104827, 0, 0, 0
59000, 2103043, 0, 0, 0
60000, 2127899, 0, 0, 0
61000, 2205591, 0, 0, 0
62000, 2143777, 0, 0, 0
63000, 2162976, 0, 0, 0
64000, 2137732, 0, 0, 0
65000, 2119000, 0, 0, 0
66000, 2108409, 0, 0, 0
67000, 2116478, 0, 0, 0
68000, 2094756, 0, 0, 0
69000, 2127147, 0, 0, 0
70000, 2089741, 0, 0, 0
71000, 2077732, 0, 0, 0
72000, 2137743, 0, 0, 0
73000, 2108742, 0, 0, 0
74000, 2106718, 0, 0, 0
75001, 2093938, 0, 0, 0
76000, 2103479, 0, 0, 0
77000, 2105519, 0, 0, 0
78000, 2130823, 0, 0, 0
79000, 2138099, 0, 0, 0
80000, 2105326, 0, 0, 0
81000, 2137111, 0, 0, 0
82000, 2160136, 0, 0, 0
83000, 2092966, 0, 0, 0
84000, 2163423, 0, 0, 0
85000, 2129138, 0, 0, 0
86000, 2162393, 0, 0, 0
87000, 2132986, 0, 0, 0
88000, 2136416, 0, 0, 0
89000, 2084150, 0, 0, 0
90000, 2097729, 0, 0, 0
91000, 2189248, 0, 0, 0
92001, 2078645, 0, 0, 0
93000, 2105449, 0, 0, 0
94000, 2156815, 0, 0, 0
95000, 2105352, 0, 0, 0
96001, 2115076, 0, 0, 0
97001, 2107927, 0, 0, 0
98000, 2073111, 0, 0, 0
99145, 2232142, 0, 0, 0
100000, 2434677, 0, 0, 0
101000, 2125423, 0, 0, 0
102000, 2092110, 0, 0, 0
103000, 2123357, 0, 0, 0
104000, 2102149, 0, 0, 0
105000, 2088976, 0, 0, 0
106000, 2214205, 0, 0, 0
107000, 2057732, 0, 0, 0
108000, 2084741, 0, 0, 0
109000, 2156431, 0, 0, 0
110000, 2072879, 0, 0, 0
111000, 2077824, 0, 0, 0
112000, 2093560, 0, 0, 0
113000, 2032567, 0, 0, 0
114000, 2135485, 0, 0, 0
115000, 2132983, 0, 0, 0
116000, 2079575, 0, 0, 0
117000, 2155164, 0, 0, 0
118001, 2075795, 0, 0, 0
119033, 2130031, 0, 0, 0
120000, 2244769, 0, 0, 0
121000, 2090810, 0, 0, 0
122000, 2146005, 0, 0, 0
123000, 2116144, 0, 0, 0
124000, 2037061, 0, 0, 0
125000, 2096470, 0, 0, 0
126000, 2130540, 0, 0, 0
127000, 2156079, 0, 0, 0
128000, 2052726, 0, 0, 0
129001, 2071856, 0, 0, 0
130000, 2076746, 0, 0, 0
131000, 2053790, 0, 0, 0
132000, 2099735, 0, 0, 0
133000, 2080601, 0, 0, 0
134000, 2076633, 0, 0, 0
135000, 2142119, 0, 0, 0
136000, 2157706, 0, 0, 0
137000, 2134409, 0, 0, 0
138000, 2123991, 0, 0, 0
139000, 2108896, 0, 0, 0
140000, 2122368, 0, 0, 0
141000, 2100503, 0, 0, 0
142000, 2215912, 0, 0, 0
143000, 2106450, 0, 0, 0
144000, 2089728, 0, 0, 0
145000, 2090347, 0, 0, 0
146001, 2055812, 0, 0, 0
147000, 2121371, 0, 0, 0
148000, 2108257, 0, 0, 0
149000, 2077010, 0, 0, 0
150000, 2072278, 0, 0, 0
151001, 2155632, 0, 0, 0
152001, 2234810, 0, 0, 0
153000, 2075464, 0, 0, 0
154000, 2252732, 0, 0, 0
155000, 2050385, 0, 0, 0
156000, 2119880, 0, 0, 0
157000, 2116197, 0, 0, 0
158000, 2080113, 0, 0, 0
159001, 2096541, 0, 0, 0
160000, 2124831, 0, 0, 0
161001, 2132726, 0, 0, 0
162000, 2126042, 0, 0, 0
163000, 2100030, 0, 0, 0
164000, 2099843, 0, 0, 0
165000, 2137441, 0, 0, 0
166000, 2069613, 0, 0, 0
167000, 2196964, 0, 0, 0
168000, 2088691, 0, 0, 0
169000, 2100484, 0, 0, 0
170000, 2066222, 0, 0, 0
171000, 2064361, 0, 0, 0
172000, 2095377, 0, 0, 0
173000, 2117363, 0, 0, 0
174000, 2058791, 0, 0, 0
175000, 2045289, 0, 0, 0
176000, 2066627, 0, 0, 0
177000, 2120540, 0, 0, 0
178000, 2088792, 0, 0, 0
179000, 2097843, 0, 0, 0
180000, 2109285, 0, 0, 0
180001, 2452069, 0, 0, 0
