1000, 4352, 0, 0, 0
2000, 3828, 0, 0, 0
3000, 3780, 0, 0, 0
4000, 3883, 0, 0, 0
5000, 3736, 0, 0, 0
6000, 3935, 0, 0, 0
7000, 3731, 0, 0, 0
8000, 3948, 0, 0, 0
9000, 3656, 0, 0, 0
10000, 3940, 0, 0, 0
11000, 3860, 0, 0, 0
12000, 3695, 0, 0, 0
13000, 3896, 0, 0, 0
14000, 3916, 0, 0, 0
15000, 3904, 0, 0, 0
16000, 3872, 0, 0, 0
17001, 3860, 0, 0, 0
18000, 3847, 0, 0, 0
19000, 3740, 0, 0, 0
20000, 3900, 0, 0, 0
21000, 3711, 0, 0, 0
22000, 3904, 0, 0, 0
23000, 3655, 0, 0, 0
24000, 3904, 0, 0, 0
25000, 3892, 0, 0, 0
26000, 3659, 0, 0, 0
27000, 3935, 0, 0, 0
28000, 3884, 0, 0, 0
29001, 3940, 0, 0, 0
30000, 3783, 0, 0, 0
31000, 3891, 0, 0, 0
32000, 3568, 0, 0, 0
33000, 3912, 0, 0, 0
34000, 3852, 0, 0, 0
35000, 3703, 0, 0, 0
36000, 3976, 0, 0, 0
37000, 3819, 0, 0, 0
38000, 3784, 0, 0, 0
39000, 3892, 0, 0, 0
40000, 3756, 0, 0, 0
41001, 3900, 0, 0, 0
42001, 3872, 0, 0, 0
43001, 3811, 0, 0, 0
44001, 3740, 0, 0, 0
45000, 3827, 0, 0, 0
46000, 3700, 0, 0, 0
47000, 3896, 0, 0, 0
48000, 4028, 0, 0, 0
49000, 3728, 0, 0, 0
50000, 3784, 0, 0, 0
51000, 3703, 0, 0, 0
52000, 3919, 0, 0, 0
53000, 3828, 0, 0, 0
54000, 3679, 0, 0, 0
55000, 3876, 0, 0, 0
56001, 3920, 0, 0, 0
57000, 3691, 0, 0, 0
58000, 3907, 0, 0, 0
59000, 3923, 0, 0, 0
60000, 3696, 0, 0, 0
61000, 3936, 0, 0, 0
62000, 3804, 0, 0, 0
63000, 3859, 0, 0, 0
64001, 3764, 0, 0, 0
65000, 3927, 0, 0, 0
66000, 3712, 0, 0, 0
67000, 3867, 0, 0, 0
68000, 3828, 0, 0, 0
69000, 3820, 0, 0, 0
70000, 3660, 0, 0, 0
71000, 3987, 0, 0, 0
72001, 3772, 0, 0, 0
73000, 3831, 0, 0, 0
74000, 3703, 0, 0, 0
75000, 3812, 0, 0, 0
76000, 3908, 0, 0, 0
77000, 3780, 0, 0, 0
78000, 3828, 0, 0, 0
79000, 3620, 0, 0, 0
80000, 3964, 0, 0, 0
81001, 3816, 0, 0, 0
82001, 3844, 0, 0, 0
83000, 3755, 0, 0, 0
84000, 3932, 0, 0, 0
85000, 3824, 0, 0, 0
86000, 3759, 0, 0, 0
87000, 3931, 0, 0, 0
88000, 3852, 0, 0, 0
89000, 3632, 0, 0, 0
90001, 3948, 0, 0, 0
91001, 3883, 0, 0, 0
92000, 3679, 0, 0, 0
93000, 3911, 0, 0, 0
94000, 3980, 0, 0, 0
95000, 3763, 0, 0, 0
96000, 3936, 0, 0, 0
97001, 3876, 0, 0, 0
98000, 3619, 0, 0, 0
99000, 3780, 0, 0, 0
100000, 3908, 0, 0, 0
101000, 3644, 0, 0, 0
102000, 3955, 0, 0, 0
103000, 3964, 0, 0, 0
104000, 3847, 0, 0, 0
105000, 3832, 0, 0, 0
106000, 3856, 0, 0, 0
107000, 3635, 0, 0, 0
108000, 3904, 0, 0, 0
109001, 3912, 0, 0, 0
110000, 3783, 0, 0, 0
111000, 3864, 0, 0, 0
112000, 3791, 0, 0, 0
113000, 3724, 0, 0, 0
114000, 3843, 0, 0, 0
115001, 3752, 0, 0, 0
116000, 3967, 0, 0, 0
117000, 3863, 0, 0, 0
118000, 3699, 0, 0, 0
119000, 3976, 0, 0, 0
120000, 3659, 0, 0, 0
121000, 4032, 0, 0, 0
122000, 3864, 0, 0, 0
123001, 3776, 0, 0, 0
124001, 3843, 0, 0, 0
125000, 3859, 0, 0, 0
126001, 3840, 0, 0, 0
127000, 3831, 0, 0, 0
128001, 3784, 0, 0, 0
129000, 3839, 0, 0, 0
130000, 3767, 0, 0, 0
131000, 3884, 0, 0, 0
132000, 3828, 0, 0, 0
133000, 3795, 0, 0, 0
134000, 3872, 0, 0, 0
135000, 3851, 0, 0, 0
136000, 3763, 0, 0, 0
137000, 3684, 0, 0, 0
138000, 3883, 0, 0, 0
139000, 3896, 0, 0, 0
140000, 3772, 0, 0, 0
141001, 3848, 0, 0, 0
142000, 3699, 0, 0, 0
143000, 3895, 0, 0, 0
144000, 3831, 0, 0, 0
145000, 3704, 0, 0, 0
146000, 3903, 0, 0, 0
147000, 3640, 0, 0, 0
148000, 3900, 0, 0, 0
149000, 3816, 0, 0, 0
150000, 3844, 0, 0, 0
151000, 3807, 0, 0, 0
152000, 3795, 0, 0, 0
153000, 3784, 0, 0, 0
154000, 3816, 0, 0, 0
155000, 3859, 0, 0, 0
156000, 3719, 0, 0, 0
157000, 3876, 0, 0, 0
158000, 3667, 0, 0, 0
159000, 3944, 0, 0, 0
160001, 3884, 0, 0, 0
161000, 3703, 0, 0, 0
162000, 4072, 0, 0, 0
163000, 3776, 0, 0, 0
164000, 3727, 0, 0, 0
165000, 3831, 0, 0, 0
166000, 3831, 0, 0, 0
167000, 3820, 0, 0, 0
168001, 3788, 0, 0, 0
169000, 3859, 0, 0, 0
170001, 3888, 0, 0, 0
171001, 3728, 0, 0, 0
172000, 3963, 0, 0, 0
173000, 3876, 0, 0, 0
174001, 3836, 0, 0, 0
175000, 3879, 0, 0, 0
176000, 3732, 0, 0, 0
177000, 3859, 0, 0, 0
178000, 3751, 0, 0, 0
179000, 3811, 0, 0, 0
180000, 3908, 0, 0, 0
