1022, 114867221, 1, 0, 0
2002, 132242178, 1, 0, 0
3010, 131050494, 1, 0, 0
4001, 132525073, 1, 0, 0
5005, 130148992, 1, 0, 0
6003, 130515882, 1, 0, 0
7013, 128742567, 1, 0, 0
8009, 129653219, 1, 0, 0
9005, 127367471, 1, 0, 0
10016, 127513484, 1, 0, 0
11008, 130168896, 1, 0, 0
12005, 129645653, 1, 0, 0
13002, 129668720, 1, 0, 0
14000, 129047505, 1, 0, 0
15005, 128749447, 1, 0, 0
16005, 131224323, 1, 0, 0
17011, 132462981, 1, 0, 0
18002, 130216116, 1, 0, 0
19005, 131890168, 1, 0, 0
20001, 131534261, 1, 0, 0
21016, 131409635, 1, 0, 0
22005, 130680642, 1, 0, 0
23003, 129786034, 1, 0, 0
24020, 126033029, 1, 0, 0
25006, 125599554, 1, 0, 0
26003, 123846608, 1, 0, 0
27011, 123512047, 1, 0, 0
28006, 125260098, 1, 0, 0
29002, 124907079, 1, 0, 0
30002, 126947581, 1, 0, 0
31005, 123720342, 1, 0, 0
32002, 126749159, 1, 0, 0
33012, 128616355, 1, 0, 0
34008, 130347263, 1, 0, 0
35003, 131463999, 1, 0, 0
36009, 130571590, 1, 0, 0
37002, 131833750, 1, 0, 0
38005, 130428417, 1, 0, 0
39002, 131056562, 1, 0, 0
40012, 130957210, 1, 0, 0
41007, 130842045, 1, 0, 0
42006, 130470178, 1, 0, 0
43007, 129844385, 1, 0, 0
44000, 130363066, 1, 0, 0
45002, 129685058, 1, 0, 0
46003, 131536466, 1, 0, 0
47011, 131468907, 1, 0, 0
48007, 129948690, 1, 0, 0
49001, 129062255, 1, 0, 0
50016, 128856007, 1, 0, 0
51009, 128885613, 1, 0, 0
52004, 130092186, 1, 0, 0
53002, 130443117, 1, 0, 0
54002, 133442211, 1, 0, 0
55006, 132079492, 1, 0, 0
56006, 133123375, 1, 0, 0
57003, 136495254, 1, 0, 0
58007, 136361084, 1, 0, 0
59003, 133709929, 1, 0, 0
60004, 138357310, 1, 0, 0
61010, 135137569, 1, 0, 0
62005, 138426261, 1, 0, 0
63001, 131564228, 1, 0, 0
64010, 135984835, 1, 0, 0
65003, 141515490, 1, 0, 0
66001, 129561284, 1, 0, 0
67002, 133233069, 1, 0, 0
68004, 132317515, 1, 0, 0
69000, 133038658, 1, 0, 0
70001, 135998707, 1, 0, 0
71004, 135767511, 1, 0, 0
72002, 128174369, 1, 0, 0
73009, 131129534, 1, 0, 0
74003, 134053772, 1, 0, 0
75013, 130660608, 1, 0, 0
76000, 130602546, 1, 0, 0
77001, 131795690, 1, 0, 0
78005, 132150066, 1, 0, 0
79006, 135544849, 1, 0, 0
80002, 136738420, 1, 0, 0
81002, 133049502, 1, 0, 0
82003, 131051462, 1, 0, 0
83011, 136002466, 1, 0, 0
84008, 133134626, 1, 0, 0
85002, 129993096, 1, 0, 0
86010, 130320697, 1, 0, 0
87002, 127584840, 1, 0, 0
88003, 122229650, 1, 0, 0
89014, 129828604, 1, 0, 0
90005, 130380895, 1, 0, 0
91016, 130928626, 1, 0, 0
92000, 135456644, 1, 0, 0
93002, 134543896, 1, 0, 0
94014, 131914088, 1, 0, 0
95003, 136973913, 1, 0, 0
96001, 134544845, 1, 0, 0
97010, 136989678, 1, 0, 0
98003, 135305168, 1, 0, 0
99004, 138067881, 1, 0, 0
100002, 137096357, 1, 0, 0
101007, 134595515, 1, 0, 0
102009, 133462898, 1, 0, 0
103014, 134194558, 1, 0, 0
104009, 137152704, 1, 0, 0
105003, 134297605, 1, 0, 0
106012, 135754184, 1, 0, 0
107003, 140758424, 1, 0, 0
108003, 141796102, 1, 0, 0
109002, 137171734, 1, 0, 0
110004, 138689660, 1, 0, 0
111006, 144064723, 1, 0, 0
112013, 135233513, 1, 0, 0
113004, 138192096, 1, 0, 0
114005, 132576044, 1, 0, 0
115008, 139194873, 1, 0, 0
116000, 134273210, 1, 0, 0
117016, 139987648, 1, 0, 0
118005, 142036998, 1, 0, 0
119003, 143531989, 1, 0, 0
120014, 151496699, 1, 0, 0
121005, 136110209, 1, 0, 0
122005, 136713424, 1, 0, 0
123011, 144776457, 1, 0, 0
124008, 135025207, 1, 0, 0
125001, 138293315, 1, 0, 0
126011, 132357480, 1, 0, 0
127005, 132652523, 1, 0, 0
128000, 132188859, 1, 0, 0
129015, 132380726, 1, 0, 0
130008, 133858612, 1, 0, 0
131002, 134294852, 1, 0, 0
132017, 133247969, 1, 0, 0
133004, 133477776, 1, 0, 0
134007, 133046103, 1, 0, 0
135003, 131471491, 1, 0, 0
136013, 130125771, 1, 0, 0
137001, 130924526, 1, 0, 0
138006, 128823074, 1, 0, 0
139015, 128457583, 1, 0, 0
140011, 130765954, 1, 0, 0
141002, 129033255, 1, 0, 0
142003, 128834569, 1, 0, 0
143008, 127722620, 1, 0, 0
144007, 127631937, 1, 0, 0
145010, 136546783, 1, 0, 0
146005, 139659729, 1, 0, 0
147001, 131617930, 1, 0, 0
148010, 130816823, 1, 0, 0
149004, 131434453, 1, 0, 0
150000, 138748939, 1, 0, 0
151006, 127280226, 1, 0, 0
152012, 133044090, 1, 0, 0
153004, 124029088, 1, 0, 0
154014, 124962254, 1, 0, 0
155009, 125223098, 1, 0, 0
156004, 121672579, 1, 0, 0
157000, 121698719, 1, 0, 0
158015, 128092345, 1, 0, 0
159005, 122774099, 1, 0, 0
160015, 126714108, 1, 0, 0
161006, 124436842, 1, 0, 0
162002, 125022952, 1, 0, 0
163000, 126607467, 1, 0, 0
164011, 125554402, 1, 0, 0
165003, 127681125, 1, 0, 0
166002, 127552173, 1, 0, 0
167009, 132575914, 1, 0, 0
168005, 126779209, 1, 0, 0
169007, 126214453, 1, 0, 0
170012, 131147793, 1, 0, 0
171003, 137625046, 1, 0, 0
172012, 139140675, 1, 0, 0
173004, 141404441, 1, 0, 0
174015, 136742655, 1, 0, 0
175010, 133239728, 1, 0, 0
176012, 139339795, 1, 0, 0
177011, 133461255, 1, 0, 0
178001, 129807582, 1, 0, 0
179002, 125355075, 1, 0, 0
180006, 147849140, 1, 0, 0
180115, 193808018, 1, 0, 0
