1000, 3776981, 0, 0, 0
2003, 4240207, 0, 0, 0
3000, 4230224, 0, 0, 0
4001, 4155871, 0, 0, 0
5001, 4129280, 0, 0, 0
6000, 4260151, 0, 0, 0
7006, 4033615, 0, 0, 0
8000, 4233351, 0, 0, 0
9000, 4173625, 0, 0, 0
10002, 4111453, 0, 0, 0
11001, 4220371, 0, 0, 0
12008, 4258091, 0, 0, 0
13003, 4358020, 0, 0, 0
14000, 4076356, 0, 0, 0
15007, 4200273, 0, 0, 0
16004, 4137395, 0, 0, 0
17000, 4188185, 0, 0, 0
18000, 4251565, 0, 0, 0
19003, 4144419, 0, 0, 0
20000, 4160728, 0, 0, 0
21006, 4160397, 0, 0, 0
22001, 4193272, 0, 0, 0
23000, 4163837, 0, 0, 0
24000, 4191051, 0, 0, 0
25001, 4181321, 0, 0, 0
26001, 4157349, 0, 0, 0
27093, 4326480, 0, 0, 0
28001, 3961494, 0, 0, 0
29000, 4104760, 0, 0, 0
30098, 4257421, 0, 0, 0
31001, 4036271, 0, 0, 0
32003, 4143318, 0, 0, 0
33000, 4057158, 0, 0, 0
34000, 4030214, 0, 0, 0
35000, 4272376, 0, 0, 0
36000, 4122849, 0, 0, 0
37004, 4241332, 0, 0, 0
38000, 4166016, 0, 0, 0
39000, 4094259, 0, 0, 0
40006, 4286784, 0, 0, 0
41000, 4092408, 0, 0, 0
42001, 4216066, 0, 0, 0
43000, 4121291, 0, 0, 0
44003, 4162771, 0, 0, 0
45001, 4148084, 0, 0, 0
46000, 4164546, 0, 0, 0
47005, 4108360, 0, 0, 0
48000, 4164098, 0, 0, 0
49000, 4156262, 0, 0, 0
50001, 4039234, 0, 0, 0
51004, 4127780, 0, 0, 0
52000, 4159930, 0, 0, 0
53005, 4182815, 0, 0, 0
54000, 4206096, 0, 0, 0
55000, 4172445, 0, 0, 0
56002, 4244154, 0, 0, 0
57000, 4182470, 0, 0, 0
58002, 4230657, 0, 0, 0
59000, 4067446, 0, 0, 0
60002, 4272581, 0, 0, 0
61001, 4050584, 0, 0, 0
62001, 4187435, 0, 0, 0
63006, 4065362, 0, 0, 0
64001, 4306566, 0, 0, 0
65001, 4139264, 0, 0, 0
66001, 4233417, 0, 0, 0
67000, 4134665, 0, 0, 0
68000, 4226632, 0, 0, 0
69000, 4146887, 0, 0, 0
70000, 4069316, 0, 0, 0
71000, 4191429, 0, 0, 0
72000, 4174952, 0, 0, 0
73000, 4051453, 0, 0, 0
74000, 4163595, 0, 0, 0
75001, 4158158, 0, 0, 0
76000, 4162948, 0, 0, 0
77001, 4155025, 0, 0, 0
78000, 4090817, 0, 0, 0
79001, 4179119, 0, 0, 0
80000, 4210629, 0, 0, 0
81003, 4335688, 0, 0, 0
82000, 4111335, 0, 0, 0
83001, 4268061, 0, 0, 0
84000, 4184230, 0, 0, 0
85000, 4158801, 0, 0, 0
86000, 4242100, 0, 0, 0
87008, 4226160, 0, 0, 0
88001, 4227807, 0, 0, 0
89000, 4109135, 0, 0, 0
90005, 4159939, 0, 0, 0
91000, 4153696, 0, 0, 0
92001, 4125539, 0, 0, 0
93000, 4192297, 0, 0, 0
94000, 4199204, 0, 0, 0
95000, 4223708, 0, 0, 0
96004, 4076194, 0, 0, 0
97000, 4389751, 0, 0, 0
98001, 4047928, 0, 0, 0
99000, 4150318, 0, 0, 0
100000, 4192867, 0, 0, 0
101001, 4139527, 0, 0, 0
102001, 4165593, 0, 0, 0
103000, 4285630, 0, 0, 0
104000, 4236382, 0, 0, 0
105001, 4138477, 0, 0, 0
106002, 4223032, 0, 0, 0
107000, 4146311, 0, 0, 0
108000, 4088247, 0, 0, 0
109000, 4240575, 0, 0, 0
110002, 4159061, 0, 0, 0
111002, 4242582, 0, 0, 0
112000, 4111113, 0, 0, 0
113000, 4275701, 0, 0, 0
114000, 4191285, 0, 0, 0
115000, 4193749, 0, 0, 0
116002, 4183084, 0, 0, 0
117001, 4112926, 0, 0, 0
118000, 4192728, 0, 0, 0
119004, 4225075, 0, 0, 0
120001, 4145079, 0, 0, 0
121006, 4093089, 0, 0, 0
122001, 4095062, 0, 0, 0
123000, 4181255, 0, 0, 0
124000, 4094823, 0, 0, 0
125002, 4120701, 0, 0, 0
126000, 4113552, 0, 0, 0
127007, 4375172, 0, 0, 0
128000, 4137801, 0, 0, 0
129001, 4207106, 0, 0, 0
130000, 4190878, 0, 0, 0
131000, 4216560, 0, 0, 0
132007, 4221186, 0, 0, 0
133000, 4100107, 0, 0, 0
134000, 4220743, 0, 0, 0
135002, 4199676, 0, 0, 0
136000, 4192041, 0, 0, 0
137007, 4136788, 0, 0, 0
138002, 4206399, 0, 0, 0
139000, 4114526, 0, 0, 0
140000, 4141649, 0, 0, 0
141001, 4195387, 0, 0, 0
142000, 4127750, 0, 0, 0
143004, 4336492, 0, 0, 0
144000, 4085562, 0, 0, 0
145007, 4166458, 0, 0, 0
146001, 4096941, 0, 0, 0
147000, 4293707, 0, 0, 0
148000, 4097205, 0, 0, 0
149001, 4310089, 0, 0, 0
150001, 4111892, 0, 0, 0
151002, 4184430, 0, 0, 0
152000, 4258786, 0, 0, 0
153000, 4142277, 0, 0, 0
154000, 4169545, 0, 0, 0
155006, 4132935, 0, 0, 0
156000, 4293553, 0, 0, 0
157000, 4153783, 0, 0, 0
158000, 4233038, 0, 0, 0
159001, 4146695, 0, 0, 0
160000, 4146610, 0, 0, 0
161001, 4175590, 0, 0, 0
162000, 4247624, 0, 0, 0
163000, 4347619, 0, 0, 0
164001, 4105479, 0, 0, 0
165000, 4240886, 0, 0, 0
166007, 4284893, 0, 0, 0
167001, 4151399, 0, 0, 0
168000, 4081625, 0, 0, 0
169004, 4091562, 0, 0, 0
170001, 4126306, 0, 0, 0
171000, 4050487, 0, 0, 0
172000, 4199704, 0, 0, 0
173000, 4044713, 0, 0, 0
174000, 4103021, 0, 0, 0
175000, 4077971, 0, 0, 0
176004, 4260334, 0, 0, 0
177000, 4123416, 0, 0, 0
178000, 4199720, 0, 0, 0
179004, 4108670, 0, 0, 0
180001, 4116653, 0, 0, 0
180001, 1874432, 0, 0, 0
