1000, 2073, 0, 0, 0
2001, 2137, 0, 0, 0
3000, 1970, 0, 0, 0
4000, 2069, 0, 0, 0
5000, 1929, 0, 0, 0
6000, 2009, 0, 0, 0
7000, 2008, 0, 0, 0
8001, 2103, 0, 0, 0
9002, 2014, 0, 0, 0
10001, 2065, 0, 0, 0
11004, 2012, 0, 0, 0
12001, 2001, 0, 0, 0
13000, 2080, 0, 0, 0
14000, 2020, 0, 0, 0
15001, 2048, 0, 0, 0
16000, 2058, 0, 0, 0
17002, 2007, 0, 0, 0
18001, 1985, 0, 0, 0
19001, 2074, 0, 0, 0
20001, 2035, 0, 0, 0
21001, 2037, 0, 0, 0
22000, 2032, 0, 0, 0
23001, 1983, 0, 0, 0
24002, 1977, 0, 0, 0
25000, 1993, 0, 0, 0
26001, 1931, 0, 0, 0
27000, 1876, 0, 0, 0
28001, 1900, 0, 0, 0
29000, 2052, 0, 0, 0
30000, 1964, 0, 0, 0
31000, 2005, 0, 0, 0
32000, 1987, 0, 0, 0
33002, 1992, 0, 0, 0
34001, 1986, 0, 0, 0
35002, 2006, 0, 0, 0
36000, 1955, 0, 0, 0
37000, 1912, 0, 0, 0
38000, 1943, 0, 0, 0
39001, 1879, 0, 0, 0
40000, 2015, 0, 0, 0
41000, 1924, 0, 0, 0
42000, 1975, 0, 0, 0
43002, 2027, 0, 0, 0
44000, 1979, 0, 0, 0
45001, 1984, 0, 0, 0
46000, 1914, 0, 0, 0
47004, 1878, 0, 0, 0
48000, 2020, 0, 0, 0
49000, 1942, 0, 0, 0
50001, 1977, 0, 0, 0
51001, 1928, 0, 0, 0
52000, 1981, 0, 0, 0
53000, 1985, 0, 0, 0
54001, 1909, 0, 0, 0
55001, 1952, 0, 0, 0
56000, 1913, 0, 0, 0
57001, 1980, 0, 0, 0
58002, 1985, 0, 0, 0
59002, 1994, 0, 0, 0
60000, 2029, 0, 0, 0
61002, 1946, 0, 0, 0
62000, 1945, 0, 0, 0
63000, 2028, 0, 0, 0
64000, 2066, 0, 0, 0
65000, 1978, 0, 0, 0
66001, 2011, 0, 0, 0
67001, 2047, 0, 0, 0
68001, 2003, 0, 0, 0
69000, 1979, 0, 0, 0
70000, 1980, 0, 0, 0
71000, 1928, 0, 0, 0
72000, 1950, 0, 0, 0
73000, 1965, 0, 0, 0
74001, 1987, 0, 0, 0
75001, 2001, 0, 0, 0
76001, 2018, 0, 0, 0
77000, 2001, 0, 0, 0
78000, 1873, 0, 0, 0
79000, 1966, 0, 0, 0
80000, 1988, 0, 0, 0
81001, 1935, 0, 0, 0
82000, 1887, 0, 0, 0
83001, 1897, 0, 0, 0
84000, 1946, 0, 0, 0
85000, 1994, 0, 0, 0
86002, 2024, 0, 0, 0
87001, 1890, 0, 0, 0
88001, 1962, 0, 0, 0
89002, 2005, 0, 0, 0
90000, 1881, 0, 0, 0
91000, 1963, 0, 0, 0
92000, 1945, 0, 0, 0
93001, 1919, 0, 0, 0
94000, 1982, 0, 0, 0
95002, 2032, 0, 0, 0
96002, 2019, 0, 0, 0
97000, 2007, 0, 0, 0
98000, 2008, 0, 0, 0
99000, 2002, 0, 0, 0
100000, 1982, 0, 0, 0
101001, 1958, 0, 0, 0
102000, 1989, 0, 0, 0
103000, 1967, 0, 0, 0
104000, 2013, 0, 0, 0
105000, 2110, 0, 0, 0
106001, 2018, 0, 0, 0
107000, 1960, 0, 0, 0
108000, 2035, 0, 0, 0
109002, 1975, 0, 0, 0
110000, 2002, 0, 0, 0
111000, 1971, 0, 0, 0
112001, 2035, 0, 0, 0
113001, 1945, 0, 0, 0
114001, 1991, 0, 0, 0
115001, 2008, 0, 0, 0
116001, 2029, 0, 0, 0
117000, 2145, 0, 0, 0
118002, 2225, 0, 0, 0
119000, 2147, 0, 0, 0
120001, 2183, 0, 0, 0
121001, 2190, 0, 0, 0
122001, 2065, 0, 0, 0
123000, 2118, 0, 0, 0
124001, 2048, 0, 0, 0
125001, 1973, 0, 0, 0
126001, 1931, 0, 0, 0
127001, 1933, 0, 0, 0
128001, 1889, 0, 0, 0
129001, 1930, 0, 0, 0
130000, 1951, 0, 0, 0
131000, 1946, 0, 0, 0
132001, 1924, 0, 0, 0
133003, 1999, 0, 0, 0
134001, 1998, 0, 0, 0
135001, 1958, 0, 0, 0
136000, 1972, 0, 0, 0
137002, 1967, 0, 0, 0
138001, 2060, 0, 0, 0
139001, 1981, 0, 0, 0
140000, 2007, 0, 0, 0
141000, 2006, 0, 0, 0
142002, 2030, 0, 0, 0
143001, 2003, 0, 0, 0
144001, 1877, 0, 0, 0
145000, 1969, 0, 0, 0
146000, 1863, 0, 0, 0
147000, 1942, 0, 0, 0
148003, 1797, 0, 0, 0
149002, 1991, 0, 0, 0
150000, 1976, 0, 0, 0
151001, 2033, 0, 0, 0
152695, 2000, 0, 0, 0
153001, 2106, 0, 0, 0
154000, 1946, 0, 0, 0
155002, 2019, 0, 0, 0
156002, 1958, 0, 0, 0
157001, 2003, 0, 0, 0
158001, 2110, 0, 0, 0
159002, 1980, 0, 0, 0
160000, 1958, 0, 0, 0
161001, 1969, 0, 0, 0
162001, 1968, 0, 0, 0
163001, 1938, 0, 0, 0
164000, 1965, 0, 0, 0
165000, 2014, 0, 0, 0
166000, 1903, 0, 0, 0
167000, 1954, 0, 0, 0
168000, 1956, 0, 0, 0
169001, 1975, 0, 0, 0
170000, 1916, 0, 0, 0
171002, 1962, 0, 0, 0
172001, 1909, 0, 0, 0
173001, 1968, 0, 0, 0
174000, 1907, 0, 0, 0
175002, 1948, 0, 0, 0
176001, 2012, 0, 0, 0
177001, 1984, 0, 0, 0
178001, 1897, 0, 0, 0
179000, 1881, 0, 0, 0
180000, 2030, 0, 0, 0
