1001, 129106102, 0, 0, 0
2034, 131614328, 0, 0, 0
3045, 131635630, 0, 0, 0
4038, 136753445, 0, 0, 0
5032, 135585209, 0, 0, 0
6002, 137965511, 0, 0, 0
7000, 134936251, 0, 0, 0
8000, 140057442, 0, 0, 0
9000, 134022514, 0, 0, 0
10000, 137431005, 0, 0, 0
11040, 133094764, 0, 0, 0
12033, 133723795, 0, 0, 0
13000, 136309905, 0, 0, 0
14000, 132231682, 0, 0, 0
15047, 133413704, 0, 0, 0
16000, 135135490, 0, 0, 0
17000, 135621420, 0, 0, 0
18047, 132292070, 0, 0, 0
19000, 135048130, 0, 0, 0
20035, 133726749, 0, 0, 0
21000, 135008180, 0, 0, 0
22000, 137137781, 0, 0, 0
23002, 135713979, 0, 0, 0
24044, 134385339, 0, 0, 0
25038, 135755660, 0, 0, 0
26047, 138316320, 0, 0, 0
27001, 138804583, 0, 0, 0
28000, 133333539, 0, 0, 0
29001, 134489381, 0, 0, 0
30001, 136207005, 0, 0, 0
31034, 131884484, 0, 0, 0
32000, 131852683, 0, 0, 0
33040, 132429704, 0, 0, 0
34000, 138197584, 0, 0, 0
35034, 134466038, 0, 0, 0
36000, 135103621, 0, 0, 0
37050, 139633232, 0, 0, 0
38000, 131872900, 0, 0, 0
39000, 132985778, 0, 0, 0
40033, 132901256, 0, 0, 0
41043, 132997547, 0, 0, 0
42035, 133599505, 0, 0, 0
43000, 130943357, 0, 0, 0
44000, 130894653, 0, 0, 0
45000, 131816967, 0, 0, 0
46035, 127632177, 0, 0, 0
47000, 128888397, 0, 0, 0
48000, 130577200, 0, 0, 0
49000, 131816272, 0, 0, 0
50000, 129624025, 0, 0, 0
51000, 131191078, 0, 0, 0
52000, 130271069, 0, 0, 0
53002, 133513367, 0, 0, 0
54034, 134095345, 0, 0, 0
55000, 141267328, 0, 0, 0
56001, 137849632, 0, 0, 0
57033, 132164730, 0, 0, 0
58045, 137411497, 0, 0, 0
59001, 133159605, 0, 0, 0
60033, 128382960, 0, 0, 0
61001, 130509324, 0, 0, 0
62000, 128578055, 0, 0, 0
63047, 128880086, 0, 0, 0
64000, 126050369, 0, 0, 0
65033, 125415026, 0, 0, 0
66000, 130651646, 0, 0, 0
67000, 129523265, 0, 0, 0
68000, 127534786, 0, 0, 0
69042, 126184953, 0, 0, 0
70000, 127592759, 0, 0, 0
71036, 130967307, 0, 0, 0
72000, 132730321, 0, 0, 0
73000, 132242568, 0, 0, 0
74047, 131920153, 0, 0, 0
75000, 133717555, 0, 0, 0
76036, 138908539, 0, 0, 0
77045, 132055472, 0, 0, 0
78001, 135698105, 0, 0, 0
79048, 133069022, 0, 0, 0
80000, 138534579, 0, 0, 0
81035, 138928142, 0, 0, 0
82032, 143734390, 0, 0, 0
83001, 138243034, 0, 0, 0
84001, 155582880, 0, 0, 0
85033, 138655561, 0, 0, 0
86001, 137341469, 0, 0, 0
87037, 142104451, 0, 0, 0
88042, 138158479, 0, 0, 0
89000, 139311192, 0, 0, 0
90000, 133041074, 0, 0, 0
91041, 133873969, 0, 0, 0
92001, 134076261, 0, 0, 0
93000, 132832298, 0, 0, 0
94044, 140086123, 0, 0, 0
95000, 135727741, 0, 0, 0
96034, 132746687, 0, 0, 0
97000, 133152830, 0, 0, 0
98000, 135404188, 0, 0, 0
99046, 133428817, 0, 0, 0
100042, 132138202, 0, 0, 0
101000, 134050047, 0, 0, 0
102046, 131229786, 0, 0, 0
103040, 134260663, 0, 0, 0
104000, 132645481, 0, 0, 0
105034, 131876410, 0, 0, 0
106040, 133042215, 0, 0, 0
107000, 131482935, 0, 0, 0
108043, 131542647, 0, 0, 0
109000, 130360349, 0, 0, 0
110045, 128936884, 0, 0, 0
111000, 129774396, 0, 0, 0
112045, 127162807, 0, 0, 0
113000, 126218561, 0, 0, 0
114000, 121395650, 0, 0, 0
115001, 127601664, 0, 0, 0
116040, 130809715, 0, 0, 0
117000, 129795900, 0, 0, 0
118000, 129010538, 0, 0, 0
119037, 128748178, 0, 0, 0
120047, 127392135, 0, 0, 0
121001, 128081864, 0, 0, 0
122033, 126443548, 0, 0, 0
123041, 129600959, 0, 0, 0
124033, 126264385, 0, 0, 0
125000, 131657008, 0, 0, 0
126035, 130744718, 0, 0, 0
127045, 133712674, 0, 0, 0
128008, 133417017, 0, 0, 0
129033, 134078947, 0, 0, 0
130045, 129309407, 0, 0, 0
131000, 132834623, 0, 0, 0
132036, 132657139, 0, 0, 0
133046, 138087475, 0, 0, 0
134042, 142967407, 0, 0, 0
135035, 132247512, 0, 0, 0
136042, 132473129, 0, 0, 0
137040, 135669843, 0, 0, 0
138000, 135835724, 0, 0, 0
139034, 132834265, 0, 0, 0
140041, 143737056, 0, 0, 0
141033, 136873550, 0, 0, 0
142000, 139306312, 0, 0, 0
143000, 133120108, 0, 0, 0
144033, 133571908, 0, 0, 0
145034, 135047572, 0, 0, 0
146001, 136373195, 0, 0, 0
147031, 140807289, 0, 0, 0
148036, 142893276, 0, 0, 0
149033, 135945823, 0, 0, 0
150042, 137844393, 0, 0, 0
151000, 135986258, 0, 0, 0
152048, 133608193, 0, 0, 0
153000, 134568707, 0, 0, 0
154035, 134502781, 0, 0, 0
155001, 136555982, 0, 0, 0
156000, 133643332, 0, 0, 0
157031, 130701015, 0, 0, 0
158000, 130643326, 0, 0, 0
159000, 131737246, 0, 0, 0
160003, 128818501, 0, 0, 0
161000, 129003327, 0, 0, 0
162034, 128020581, 0, 0, 0
163000, 127259689, 0, 0, 0
164001, 127361298, 0, 0, 0
165034, 129729840, 0, 0, 0
166045, 125345002, 0, 0, 0
167000, 127262197, 0, 0, 0
168034, 126942439, 0, 0, 0
169000, 126024907, 0, 0, 0
170001, 125369898, 0, 0, 0
171000, 121000666, 0, 0, 0
172040, 126664895, 0, 0, 0
173000, 130432686, 0, 0, 0
174036, 131644492, 0, 0, 0
175040, 130780503, 0, 0, 0
176000, 131711021, 0, 0, 0
177033, 128284703, 0, 0, 0
178001, 126739548, 0, 0, 0
179034, 135917457, 0, 0, 0
180040, 165665482, 0, 0, 0
180139, 198665987, 0, 0, 0
