1001, 4324, 0, 0, 0
2000, 3833, 0, 0, 0
3000, 3824, 0, 0, 0
4001, 3832, 0, 0, 0
5000, 3821, 0, 0, 0
6000, 3813, 0, 0, 0
7000, 3834, 0, 0, 0
8000, 3789, 0, 0, 0
9000, 3832, 0, 0, 0
10000, 3818, 0, 0, 0
11000, 3836, 0, 0, 0
12000, 3831, 0, 0, 0
13000, 3817, 0, 0, 0
14000, 3832, 0, 0, 0
15000, 3817, 0, 0, 0
16000, 3837, 0, 0, 0
17000, 3818, 0, 0, 0
18000, 3844, 0, 0, 0
19000, 3804, 0, 0, 0
20001, 3809, 0, 0, 0
21000, 3842, 0, 0, 0
22000, 3841, 0, 0, 0
23000, 3829, 0, 0, 0
24000, 3782, 0, 0, 0
25000, 3880, 0, 0, 0
26000, 3828, 0, 0, 0
27000, 3842, 0, 0, 0
28000, 3813, 0, 0, 0
29000, 3822, 0, 0, 0
30000, 3827, 0, 0, 0
31001, 3803, 0, 0, 0
32000, 3853, 0, 0, 0
33000, 3822, 0, 0, 0
34000, 3831, 0, 0, 0
35000, 3829, 0, 0, 0
36000, 3826, 0, 0, 0
37000, 3812, 0, 0, 0
38000, 3815, 0, 0, 0
39000, 3825, 0, 0, 0
40000, 3823, 0, 0, 0
41000, 3850, 0, 0, 0
42000, 3824, 0, 0, 0
43000, 3838, 0, 0, 0
44000, 3796, 0, 0, 0
45000, 3883, 0, 0, 0
46000, 3800, 0, 0, 0
47000, 3841, 0, 0, 0
48000, 3815, 0, 0, 0
49000, 3829, 0, 0, 0
50000, 3824, 0, 0, 0
51001, 3817, 0, 0, 0
52001, 3827, 0, 0, 0
53000, 3832, 0, 0, 0
54000, 3795, 0, 0, 0
55000, 3857, 0, 0, 0
56000, 3829, 0, 0, 0
57000, 3850, 0, 0, 0
58000, 3814, 0, 0, 0
59000, 3820, 0, 0, 0
60000, 3821, 0, 0, 0
61000, 3824, 0, 0, 0
62000, 3840, 0, 0, 0
63000, 3826, 0, 0, 0
64000, 3844, 0, 0, 0
65000, 3827, 0, 0, 0
66000, 3814, 0, 0, 0
67000, 3816, 0, 0, 0
68000, 3832, 0, 0, 0
69000, 3813, 0, 0, 0
70000, 3827, 0, 0, 0
71000, 3843, 0, 0, 0
72001, 3828, 0, 0, 0
73000, 3819, 0, 0, 0
74001, 3837, 0, 0, 0
75000, 3823, 0, 0, 0
76000, 3832, 0, 0, 0
77000, 3834, 0, 0, 0
78000, 3834, 0, 0, 0
79000, 3842, 0, 0, 0
80000, 3823, 0, 0, 0
81000, 3833, 0, 0, 0
82001, 3827, 0, 0, 0
83000, 3823, 0, 0, 0
84000, 3833, 0, 0, 0
85000, 3811, 0, 0, 0
86001, 3836, 0, 0, 0
87000, 3822, 0, 0, 0
88000, 3836, 0, 0, 0
89000, 3824, 0, 0, 0
90000, 3826, 0, 0, 0
91000, 3823, 0, 0, 0
92000, 3829, 0, 0, 0
93000, 3847, 0, 0, 0
94000, 3816, 0, 0, 0
95000, 3792, 0, 0, 0
96000, 3834, 0, 0, 0
97000, 3811, 0, 0, 0
98000, 3843, 0, 0, 0
99000, 3840, 0, 0, 0
100001, 3822, 0, 0, 0
101000, 3817, 0, 0, 0
102000, 3827, 0, 0, 0
103000, 3817, 0, 0, 0
104000, 3852, 0, 0, 0
105000, 3831, 0, 0, 0
106000, 3832, 0, 0, 0
107000, 3823, 0, 0, 0
108000, 3816, 0, 0, 0
109000, 3811, 0, 0, 0
110000, 3839, 0, 0, 0
111000, 3823, 0, 0, 0
112000, 3840, 0, 0, 0
113000, 3827, 0, 0, 0
114000, 3794, 0, 0, 0
115000, 3854, 0, 0, 0
116000, 3823, 0, 0, 0
117000, 3836, 0, 0, 0
118000, 3825, 0, 0, 0
119000, 3840, 0, 0, 0
120000, 3811, 0, 0, 0
121000, 3820, 0, 0, 0
122000, 3831, 0, 0, 0
123000, 3829, 0, 0, 0
124000, 3816, 0, 0, 0
125000, 3834, 0, 0, 0
126000, 3824, 0, 0, 0
127000, 3830, 0, 0, 0
128000, 3819, 0, 0, 0
129000, 3819, 0, 0, 0
130000, 3829, 0, 0, 0
131000, 3805, 0, 0, 0
132000, 3832, 0, 0, 0
133000, 3830, 0, 0, 0
134000, 3825, 0, 0, 0
135000, 3820, 0, 0, 0
136000, 3827, 0, 0, 0
137000, 3814, 0, 0, 0
138000, 3839, 0, 0, 0
139000, 3815, 0, 0, 0
140000, 3811, 0, 0, 0
141000, 3837, 0, 0, 0
142000, 3810, 0, 0, 0
143000, 3811, 0, 0, 0
144000, 3825, 0, 0, 0
145000, 3831, 0, 0, 0
146001, 3829, 0, 0, 0
147000, 3816, 0, 0, 0
148001, 3822, 0, 0, 0
149000, 3825, 0, 0, 0
150000, 3829, 0, 0, 0
151000, 3834, 0, 0, 0
152001, 3807, 0, 0, 0
153001, 3827, 0, 0, 0
154000, 3828, 0, 0, 0
155000, 3820, 0, 0, 0
156000, 3804, 0, 0, 0
157000, 3821, 0, 0, 0
158000, 3813, 0, 0, 0
159000, 3825, 0, 0, 0
160000, 3836, 0, 0, 0
161000, 3811, 0, 0, 0
162000, 3838, 0, 0, 0
163000, 3821, 0, 0, 0
164000, 3823, 0, 0, 0
165000, 3821, 0, 0, 0
166000, 3817, 0, 0, 0
167000, 3825, 0, 0, 0
168000, 3831, 0, 0, 0
169000, 3821, 0, 0, 0
170000, 3827, 0, 0, 0
171000, 3829, 0, 0, 0
172000, 3813, 0, 0, 0
173000, 3817, 0, 0, 0
174000, 3783, 0, 0, 0
175000, 3885, 0, 0, 0
176000, 3834, 0, 0, 0
177000, 3826, 0, 0, 0
178000, 3814, 0, 0, 0
179000, 3836, 0, 0, 0
180001, 3822, 0, 0, 0
