999, 546, 0, 0, 0
1999, 471, 0, 0, 0
3000, 475, 0, 0, 0
4000, 478, 0, 0, 0
5001, 475, 0, 0, 0
6001, 476, 0, 0, 0
7001, 478, 0, 0, 0
8001, 484, 0, 0, 0
9001, 476, 0, 0, 0
10001, 479, 0, 0, 0
11001, 474, 0, 0, 0
12001, 478, 0, 0, 0
13001, 485, 0, 0, 0
14001, 486, 0, 0, 0
15002, 478, 0, 0, 0
16001, 480, 0, 0, 0
17001, 477, 0, 0, 0
18001, 470, 0, 0, 0
19002, 481, 0, 0, 0
20001, 481, 0, 0, 0
21001, 477, 0, 0, 0
22001, 480, 0, 0, 0
23002, 480, 0, 0, 0
24002, 474, 0, 0, 0
25001, 478, 0, 0, 0
26001, 473, 0, 0, 0
27001, 472, 0, 0, 0
28001, 479, 0, 0, 0
29001, 473, 0, 0, 0
30001, 477, 0, 0, 0
31002, 476, 0, 0, 0
32002, 477, 0, 0, 0
33001, 482, 0, 0, 0
34001, 477, 0, 0, 0
35001, 478, 0, 0, 0
36001, 474, 0, 0, 0
37001, 477, 0, 0, 0
38001, 476, 0, 0, 0
39001, 479, 0, 0, 0
40001, 478, 0, 0, 0
41001, 476, 0, 0, 0
42001, 476, 0, 0, 0
43001, 481, 0, 0, 0
44001, 481, 0, 0, 0
45001, 473, 0, 0, 0
46001, 480, 0, 0, 0
47002, 479, 0, 0, 0
48001, 478, 0, 0, 0
49002, 474, 0, 0, 0
50002, 478, 0, 0, 0
51001, 486, 0, 0, 0
52001, 478, 0, 0, 0
53001, 478, 0, 0, 0
54001, 474, 0, 0, 0
55001, 478, 0, 0, 0
56002, 476, 0, 0, 0
57002, 472, 0, 0, 0
58002, 482, 0, 0, 0
59001, 480, 0, 0, 0
60001, 484, 0, 0, 0
61002, 477, 0, 0, 0
62001, 472, 0, 0, 0
63001, 474, 0, 0, 0
64001, 484, 0, 0, 0
65001, 481, 0, 0, 0
66001, 467, 0, 0, 0
67002, 484, 0, 0, 0
68001, 476, 0, 0, 0
69001, 475, 0, 0, 0
70001, 480, 0, 0, 0
71001, 476, 0, 0, 0
72001, 484, 0, 0, 0
73001, 479, 0, 0, 0
74001, 481, 0, 0, 0
75001, 479, 0, 0, 0
76001, 476, 0, 0, 0
77001, 483, 0, 0, 0
78001, 478, 0, 0, 0
79001, 476, 0, 0, 0
80001, 478, 0, 0, 0
81001, 475, 0, 0, 0
82001, 477, 0, 0, 0
83001, 480, 0, 0, 0
84001, 478, 0, 0, 0
85002, 477, 0, 0, 0
86002, 478, 0, 0, 0
87001, 473, 0, 0, 0
88001, 475, 0, 0, 0
89001, 477, 0, 0, 0
90002, 476, 0, 0, 0
91002, 478, 0, 0, 0
92002, 476, 0, 0, 0
93001, 480, 0, 0, 0
94001, 486, 0, 0, 0
95001, 477, 0, 0, 0
96001, 485, 0, 0, 0
97001, 482, 0, 0, 0
98001, 473, 0, 0, 0
99002, 476, 0, 0, 0
100001, 477, 0, 0, 0
101002, 477, 0, 0, 0
102001, 472, 0, 0, 0
103001, 481, 0, 0, 0
104001, 470, 0, 0, 0
105002, 479, 0, 0, 0
106001, 477, 0, 0, 0
107002, 480, 0, 0, 0
108001, 477, 0, 0, 0
109001, 483, 0, 0, 0
110001, 482, 0, 0, 0
111001, 477, 0, 0, 0
112001, 482, 0, 0, 0
113001, 477, 0, 0, 0
114001, 487, 0, 0, 0
115001, 477, 0, 0, 0
116001, 480, 0, 0, 0
117001, 483, 0, 0, 0
118001, 474, 0, 0, 0
119001, 476, 0, 0, 0
120001, 482, 0, 0, 0
121001, 476, 0, 0, 0
122001, 479, 0, 0, 0
123001, 473, 0, 0, 0
124001, 475, 0, 0, 0
125001, 476, 0, 0, 0
126001, 477, 0, 0, 0
127001, 482, 0, 0, 0
128001, 471, 0, 0, 0
129001, 484, 0, 0, 0
130002, 479, 0, 0, 0
131001, 483, 0, 0, 0
132001, 480, 0, 0, 0
133001, 478, 0, 0, 0
134001, 479, 0, 0, 0
135001, 474, 0, 0, 0
136002, 475, 0, 0, 0
137001, 475, 0, 0, 0
138001, 480, 0, 0, 0
139001, 478, 0, 0, 0
140002, 477, 0, 0, 0
141001, 484, 0, 0, 0
142001, 476, 0, 0, 0
143002, 473, 0, 0, 0
144002, 482, 0, 0, 0
145001, 477, 0, 0, 0
146001, 476, 0, 0, 0
147001, 472, 0, 0, 0
148001, 478, 0, 0, 0
149001, 486, 0, 0, 0
150002, 477, 0, 0, 0
151001, 481, 0, 0, 0
152001, 481, 0, 0, 0
153001, 477, 0, 0, 0
154001, 474, 0, 0, 0
155001, 478, 0, 0, 0
156001, 473, 0, 0, 0
157001, 481, 0, 0, 0
158001, 478, 0, 0, 0
159002, 479, 0, 0, 0
160001, 475, 0, 0, 0
161001, 474, 0, 0, 0
162001, 481, 0, 0, 0
163001, 477, 0, 0, 0
164002, 479, 0, 0, 0
165001, 478, 0, 0, 0
166001, 477, 0, 0, 0
167001, 481, 0, 0, 0
168001, 474, 0, 0, 0
169002, 478, 0, 0, 0
170001, 483, 0, 0, 0
171001, 484, 0, 0, 0
172001, 482, 0, 0, 0
173001, 475, 0, 0, 0
174001, 481, 0, 0, 0
175001, 480, 0, 0, 0
176001, 482, 0, 0, 0
177001, 471, 0, 0, 0
178001, 474, 0, 0, 0
179002, 476, 0, 0, 0
180001, 485, 0, 0, 0
