1012, 1639, 1, 0, 0
2005, 1691, 1, 0, 0
3015, 1650, 1, 0, 0
4007, 1584, 1, 0, 0
5011, 1677, 1, 0, 0
6006, 1559, 1, 0, 0
7005, 1583, 1, 0, 0
8003, 1523, 1, 0, 0
9010, 1518, 1, 0, 0
10005, 1557, 1, 0, 0
11015, 1601, 1, 0, 0
12011, 1655, 1, 0, 0
13003, 1578, 1, 0, 0
14003, 1547, 1, 0, 0
15012, 1553, 1, 0, 0
16008, 1635, 1, 0, 0
17012, 1534, 1, 0, 0
18010, 1571, 1, 0, 0
19005, 1592, 1, 0, 0
20014, 1562, 1, 0, 0
21004, 1526, 1, 0, 0
22007, 1566, 1, 0, 0
23009, 1566, 1, 0, 0
24003, 1547, 1, 0, 0
25005, 1597, 1, 0, 0
26004, 1522, 1, 0, 0
27002, 1515, 1, 0, 0
28004, 1527, 1, 0, 0
29003, 1600, 1, 0, 0
30009, 1677, 1, 0, 0
31008, 1547, 1, 0, 0
32005, 1591, 1, 0, 0
33015, 1539, 1, 0, 0
34008, 1552, 1, 0, 0
35004, 1552, 1, 0, 0
36008, 1537, 1, 0, 0
37005, 1578, 1, 0, 0
38004, 1568, 1, 0, 0
39008, 1545, 1, 0, 0
40017, 1569, 1, 0, 0
41011, 1547, 1, 0, 0
42003, 1599, 1, 0, 0
43010, 1680, 1, 0, 0
44000, 1686, 1, 0, 0
45005, 1621, 1, 0, 0
46005, 1711, 1, 0, 0
47011, 1668, 1, 0, 0
48009, 1600, 1, 0, 0
49002, 1655, 1, 0, 0
50006, 1555, 1, 0, 0
51002, 1590, 1, 0, 0
52006, 1549, 1, 0, 0
53006, 1611, 1, 0, 0
54003, 1663, 1, 0, 0
55010, 1614, 1, 0, 0
56005, 1599, 1, 0, 0
57003, 1543, 1, 0, 0
58002, 1639, 1, 0, 0
59003, 1700, 1, 0, 0
60028, 1694, 1, 0, 0
61007, 1629, 1, 0, 0
62017, 1650, 1, 0, 0
63004, 1581, 1, 0, 0
64008, 1560, 1, 0, 0
65008, 1606, 1, 0, 0
66016, 1536, 1, 0, 0
67009, 1564, 1, 0, 0
68003, 1536, 1, 0, 0
69014, 1554, 1, 0, 0
70005, 1595, 1, 0, 0
71002, 1615, 1, 0, 0
72008, 1586, 1, 0, 0
73002, 1533, 1, 0, 0
74006, 1569, 1, 0, 0
75003, 1534, 1, 0, 0
76012, 1608, 1, 0, 0
77005, 1606, 1, 0, 0
78017, 1605, 1, 0, 0
79003, 1563, 1, 0, 0
80002, 1729, 1, 0, 0
81009, 1683, 1, 0, 0
82004, 1704, 1, 0, 0
83012, 1637, 1, 0, 0
84005, 1732, 1, 0, 0
85016, 1634, 1, 0, 0
86009, 1546, 1, 0, 0
87004, 1545, 1, 0, 0
88033, 1528, 1, 0, 0
89010, 1606, 1, 0, 0
90003, 1683, 1, 0, 0
91004, 1701, 1, 0, 0
92007, 1667, 1, 0, 0
93016, 1637, 1, 0, 0
94004, 1576, 1, 0, 0
95002, 1527, 1, 0, 0
96007, 1592, 1, 0, 0
97002, 1533, 1, 0, 0
98001, 1544, 1, 0, 0
99006, 1524, 1, 0, 0
100010, 1563, 1, 0, 0
101002, 1556, 1, 0, 0
102008, 1623, 1, 0, 0
103003, 1665, 1, 0, 0
104011, 1580, 1, 0, 0
105004, 1555, 1, 0, 0
106001, 1581, 1, 0, 0
107008, 1570, 1, 0, 0
108007, 1542, 1, 0, 0
109002, 1576, 1, 0, 0
110007, 1633, 1, 0, 0
111008, 1660, 1, 0, 0
112001, 1635, 1, 0, 0
113011, 1595, 1, 0, 0
114006, 1691, 1, 0, 0
115002, 1691, 1, 0, 0
116009, 1788, 1, 0, 0
117003, 1721, 1, 0, 0
118010, 1701, 1, 0, 0
119006, 1695, 1, 0, 0
120002, 1673, 1, 0, 0
121009, 1697, 1, 0, 0
122003, 1570, 1, 0, 0
123004, 1693, 1, 0, 0
124008, 1629, 1, 0, 0
125003, 1572, 1, 0, 0
126013, 1568, 1, 0, 0
127008, 1576, 1, 0, 0
128002, 1575, 1, 0, 0
129011, 1668, 1, 0, 0
130007, 1646, 1, 0, 0
131002, 1689, 1, 0, 0
132006, 1672, 1, 0, 0
133005, 1593, 1, 0, 0
134002, 1574, 1, 0, 0
135007, 1565, 1, 0, 0
136004, 1673, 1, 0, 0
137015, 1681, 1, 0, 0
138011, 1604, 1, 0, 0
139001, 1675, 1, 0, 0
140009, 1739, 1, 0, 0
141016, 1714, 1, 0, 0
142008, 1663, 1, 0, 0
143002, 1688, 1, 0, 0
144012, 1715, 1, 0, 0
145005, 1667, 1, 0, 0
146017, 1565, 1, 0, 0
147011, 1614, 1, 0, 0
148007, 1595, 1, 0, 0
149003, 1569, 1, 0, 0
150005, 1656, 1, 0, 0
151007, 1664, 1, 0, 0
152003, 1659, 1, 0, 0
153012, 1705, 1, 0, 0
154005, 1710, 1, 0, 0
155011, 1704, 1, 0, 0
156005, 1650, 1, 0, 0
157011, 1595, 1, 0, 0
158004, 1586, 1, 0, 0
159005, 1641, 1, 0, 0
160007, 1581, 1, 0, 0
161014, 1563, 1, 0, 0
162004, 1563, 1, 0, 0
163005, 1639, 1, 0, 0
164003, 1672, 1, 0, 0
165000, 1719, 1, 0, 0
166006, 1706, 1, 0, 0
167016, 1736, 1, 0, 0
168009, 1639, 1, 0, 0
169004, 1677, 1, 0, 0
170006, 1674, 1, 0, 0
171003, 1595, 1, 0, 0
172004, 1861, 1, 0, 0
173003, 1626, 1, 0, 0
174012, 1638, 1, 0, 0
175006, 1689, 1, 0, 0
176009, 1669, 1, 0, 0
177009, 1701, 1, 0, 0
178018, 1631, 1, 0, 0
179005, 1662, 1, 0, 0
180015, 1633, 1, 0, 0
