1000, 8312, 0, 0, 0
2000, 7751, 0, 0, 0
3001, 7636, 0, 0, 0
4000, 7731, 0, 0, 0
5000, 7631, 0, 0, 0
6000, 7667, 0, 0, 0
7000, 7839, 0, 0, 0
7999, 7451, 0, 0, 0
9000, 7800, 0, 0, 0
10000, 7779, 0, 0, 0
11000, 7631, 0, 0, 0
12000, 7643, 0, 0, 0
13000, 7768, 0, 0, 0
14000, 7539, 0, 0, 0
15000, 7787, 0, 0, 0
15999, 7575, 0, 0, 0
17000, 7440, 0, 0, 0
18000, 7739, 0, 0, 0
19000, 7863, 0, 0, 0
20000, 7647, 0, 0, 0
20999, 7559, 0, 0, 0
22000, 7696, 0, 0, 0
23000, 7524, 0, 0, 0
24000, 1989, 0, 0, 0
25000, 8084, 0, 0, 0
26000, 7572, 0, 0, 0
27000, 7663, 0, 0, 0
28000, 7620, 0, 0, 0
29000, 7591, 0, 0, 0
29999, 7775, 0, 0, 0
31000, 7656, 0, 0, 0
32000, 7603, 0, 0, 0
33000, 7760, 0, 0, 0
34000, 7539, 0, 0, 0
35000, 7756, 0, 0, 0
36000, 7647, 0, 0, 0
37000, 7411, 0, 0, 0
38000, 7788, 0, 0, 0
39000, 7699, 0, 0, 0
40000, 7536, 0, 0, 0
41000, 7683, 0, 0, 0
42000, 7596, 0, 0, 0
43000, 7584, 0, 0, 0
44000, 7651, 0, 0, 0
45000, 7572, 0, 0, 0
46000, 7715, 0, 0, 0
47000, 7531, 0, 0, 0
48000, 7591, 0, 0, 0
49000, 7691, 0, 0, 0
50000, 7680, 0, 0, 0
51000, 7571, 0, 0, 0
52000, 7695, 0, 0, 0
53000, 7720, 0, 0, 0
54000, 7623, 0, 0, 0
55000, 7639, 0, 0, 0
56000, 7724, 0, 0, 0
57000, 7435, 0, 0, 0
58000, 7716, 0, 0, 0
59000, 7683, 0, 0, 0
60000, 7679, 0, 0, 0
61000, 7623, 0, 0, 0
62000, 7656, 0, 0, 0
63000, 7503, 0, 0, 0
63999, 7639, 0, 0, 0
65000, 7704, 0, 0, 0
66000, 7551, 0, 0, 0
67000, 7727, 0, 0, 0
68000, 7768, 0, 0, 0
69000, 7507, 0, 0, 0
70000, 7764, 0, 0, 0
71000, 7523, 0, 0, 0
71999, 8016, 0, 0, 0
73000, 7736, 0, 0, 0
74000, 7599, 0, 0, 0
75000, 7632, 0, 0, 0
76000, 7599, 0, 0, 0
77000, 7619, 0, 0, 0
78000, 7328, 0, 0, 0
79000, 7847, 0, 0, 0
80000, 7619, 0, 0, 0
81000, 7684, 0, 0, 0
82000, 7543, 0, 0, 0
83000, 7839, 0, 0, 0
83999, 7587, 0, 0, 0
85000, 7732, 0, 0, 0
86000, 7579, 0, 0, 0
86999, 7751, 0, 0, 0
88000, 7620, 0, 0, 0
89000, 7671, 0, 0, 0
89999, 7759, 0, 0, 0
91000, 7596, 0, 0, 0
92000, 7695, 0, 0, 0
93000, 7528, 0, 0, 0
94000, 7739, 0, 0, 0
95000, 7615, 0, 0, 0
96000, 7520, 0, 0, 0
97000, 7735, 0, 0, 0
97999, 7731, 0, 0, 0
99000, 7624, 0, 0, 0
100000, 7559, 0, 0, 0
100999, 7795, 0, 0, 0
102000, 7708, 0, 0, 0
103000, 7599, 0, 0, 0
103999, 7463, 0, 0, 0
105000, 7780, 0, 0, 0
106000, 7895, 0, 0, 0
107000, 7768, 0, 0, 0
108000, 7535, 0, 0, 0
109000, 7811, 0, 0, 0
110000, 7692, 0, 0, 0
111000, 7499, 0, 0, 0
112000, 7675, 0, 0, 0
113000, 7748, 0, 0, 0
114000, 7683, 0, 0, 0
114999, 7675, 0, 0, 0
116000, 7640, 0, 0, 0
117000, 7715, 0, 0, 0
117999, 7615, 0, 0, 0
119000, 7576, 0, 0, 0
120000, 7707, 0, 0, 0
121000, 7468, 0, 0, 0
122000, 7759, 0, 0, 0
123000, 7727, 0, 0, 0
124000, 7696, 0, 0, 0
125000, 7595, 0, 0, 0
126000, 7607, 0, 0, 0
127000, 7592, 0, 0, 0
128000, 7711, 0, 0, 0
129000, 7679, 0, 0, 0
130000, 7460, 0, 0, 0
131000, 7715, 0, 0, 0
132000, 7695, 0, 0, 0
133000, 7596, 0, 0, 0
134000, 7755, 0, 0, 0
135000, 7759, 0, 0, 0
136000, 7488, 0, 0, 0
137000, 7723, 0, 0, 0
137999, 7631, 0, 0, 0
139000, 7720, 0, 0, 0
140000, 7611, 0, 0, 0
140999, 7547, 0, 0, 0
142000, 7772, 0, 0, 0
143000, 7607, 0, 0, 0
144000, 7628, 0, 0, 0
145000, 7583, 0, 0, 0
146000, 7707, 0, 0, 0
147000, 7664, 0, 0, 0
148000, 7659, 0, 0, 0
149000, 7583, 0, 0, 0
150000, 7652, 0, 0, 0
151000, 7643, 0, 0, 0
152000, 7599, 0, 0, 0
153000, 7612, 0, 0, 0
154000, 7535, 0, 0, 0
154999, 7575, 0, 0, 0
156000, 7728, 0, 0, 0
157000, 7691, 0, 0, 0
158000, 7568, 0, 0, 0
159000, 7819, 0, 0, 0
160000, 7631, 0, 0, 0
161000, 7684, 0, 0, 0
162000, 7603, 0, 0, 0
162999, 7423, 0, 0, 0
164000, 7756, 0, 0, 0
165000, 7663, 0, 0, 0
166000, 7496, 0, 0, 0
167000, 7727, 0, 0, 0
168000, 7627, 0, 0, 0
168999, 6398, 0, 0, 0
170000, 8304, 0, 0, 0
171000, 7807, 0, 0, 0
172000, 7636, 0, 0, 0
173000, 7559, 0, 0, 0
174000, 7823, 0, 0, 0
175000, 7588, 0, 0, 0
176000, 7659, 0, 0, 0
177000, 7775, 0, 0, 0
178000, 7588, 0, 0, 0
179000, 7659, 0, 0, 0
180000, 7668, 0, 0, 0
