1007, 129724026, 1, 0, 0
2002, 136888420, 1, 0, 0
3008, 138629555, 1, 0, 0
4000, 136606966, 1, 0, 0
5003, 132001667, 1, 0, 0
6003, 135438724, 1, 0, 0
7011, 137270023, 1, 0, 0
8009, 133683605, 1, 0, 0
9007, 131123694, 1, 0, 0
10015, 129526883, 1, 0, 0
11010, 132915430, 1, 0, 0
12004, 132782792, 1, 0, 0
13000, 136009475, 1, 0, 0
14003, 137924341, 1, 0, 0
15001, 146021750, 1, 0, 0
16002, 132470761, 1, 0, 0
17011, 133541429, 1, 0, 0
18000, 132484889, 1, 0, 0
19004, 134094230, 1, 0, 0
20002, 141291280, 1, 0, 0
21015, 145488451, 1, 0, 0
22001, 135415158, 1, 0, 0
23005, 144099975, 1, 0, 0
24022, 146466043, 1, 0, 0
25011, 144783171, 1, 0, 0
26000, 150662170, 1, 0, 0
27010, 133874757, 1, 0, 0
28003, 139181988, 1, 0, 0
29000, 149149765, 1, 0, 0
30002, 145409094, 1, 0, 0
31003, 149388851, 1, 0, 0
32000, 155042225, 1, 0, 0
33015, 137763978, 1, 0, 0
34005, 135857478, 1, 0, 0
35000, 133793802, 1, 0, 0
36007, 134407652, 1, 0, 0
37001, 136087996, 1, 0, 0
38005, 140774399, 1, 0, 0
39002, 138268800, 1, 0, 0
40012, 134440452, 1, 0, 0
41003, 137390276, 1, 0, 0
42001, 139441623, 1, 0, 0
43006, 143115958, 1, 0, 0
44001, 138189243, 1, 0, 0
45002, 136620320, 1, 0, 0
46001, 135926435, 1, 0, 0
47013, 134057325, 1, 0, 0
48005, 134842153, 1, 0, 0
49001, 133880897, 1, 0, 0
50012, 132409950, 1, 0, 0
51006, 133157728, 1, 0, 0
52002, 131520360, 1, 0, 0
53000, 136311774, 1, 0, 0
54002, 134633189, 1, 0, 0
55005, 132889578, 1, 0, 0
56002, 139773025, 1, 0, 0
57007, 131289178, 1, 0, 0
58001, 137833943, 1, 0, 0
59005, 143625618, 1, 0, 0
60007, 140358267, 1, 0, 0
61012, 137901089, 1, 0, 0
62004, 139282233, 1, 0, 0
63000, 130480448, 1, 0, 0
64007, 133863450, 1, 0, 0
65002, 134410558, 1, 0, 0
66003, 132020866, 1, 0, 0
67005, 132563857, 1, 0, 0
68003, 138703628, 1, 0, 0
69001, 133225182, 1, 0, 0
70000, 133578208, 1, 0, 0
71005, 138767690, 1, 0, 0
72001, 139183831, 1, 0, 0
73008, 148687810, 1, 0, 0
74004, 137659196, 1, 0, 0
75013, 135181156, 1, 0, 0
76002, 135787379, 1, 0, 0
77001, 132901071, 1, 0, 0
78002, 136686437, 1, 0, 0
79006, 136234429, 1, 0, 0
80002, 134271611, 1, 0, 0
81002, 133581910, 1, 0, 0
82005, 132805934, 1, 0, 0
83007, 136706123, 1, 0, 0
84009, 141399463, 1, 0, 0
85002, 133197010, 1, 0, 0
86009, 147439663, 1, 0, 0
87002, 152205485, 1, 0, 0
88000, 146279867, 1, 0, 0
89009, 163733460, 1, 0, 0
90003, 151541282, 1, 0, 0
91015, 137907101, 1, 0, 0
92001, 132102886, 1, 0, 0
93002, 133742270, 1, 0, 0
94011, 133084273, 1, 0, 0
95006, 134152548, 1, 0, 0
96001, 132479467, 1, 0, 0
97012, 133416854, 1, 0, 0
98000, 132714789, 1, 0, 0
99002, 135138440, 1, 0, 0
100001, 133012680, 1, 0, 0
101002, 132816736, 1, 0, 0
102000, 137074898, 1, 0, 0
103018, 136112397, 1, 0, 0
104006, 136542874, 1, 0, 0
105002, 134311819, 1, 0, 0
106009, 131333860, 1, 0, 0
107002, 128571007, 1, 0, 0
108002, 129343468, 1, 0, 0
109002, 129942435, 1, 0, 0
110002, 128447914, 1, 0, 0
111007, 126465301, 1, 0, 0
112009, 128013537, 1, 0, 0
113004, 128294042, 1, 0, 0
114008, 130136268, 1, 0, 0
115005, 133434832, 1, 0, 0
116002, 132128300, 1, 0, 0
117013, 132321394, 1, 0, 0
118008, 129010104, 1, 0, 0
119004, 133525728, 1, 0, 0
120014, 129026528, 1, 0, 0
121003, 128353537, 1, 0, 0
122002, 128575078, 1, 0, 0
123010, 130531396, 1, 0, 0
124007, 132074968, 1, 0, 0
125001, 131143456, 1, 0, 0
126012, 131683104, 1, 0, 0
127004, 132659496, 1, 0, 0
128000, 132774610, 1, 0, 0
129011, 131663522, 1, 0, 0
130007, 132535849, 1, 0, 0
131001, 133673073, 1, 0, 0
132014, 132380356, 1, 0, 0
133002, 132801642, 1, 0, 0
134007, 132808009, 1, 0, 0
135002, 131198622, 1, 0, 0
136010, 129949463, 1, 0, 0
137001, 131484246, 1, 0, 0
138003, 130294481, 1, 0, 0
139013, 128654917, 1, 0, 0
140007, 130259118, 1, 0, 0
141004, 129435157, 1, 0, 0
142004, 128929629, 1, 0, 0
143004, 128191531, 1, 0, 0
144003, 133392267, 1, 0, 0
145011, 138671142, 1, 0, 0
146007, 138745750, 1, 0, 0
147002, 142265412, 1, 0, 0
148009, 135453958, 1, 0, 0
149002, 134137397, 1, 0, 0
150000, 137281413, 1, 0, 0
151007, 141428863, 1, 0, 0
152009, 150280385, 1, 0, 0
153002, 146570972, 1, 0, 0
154013, 128037930, 1, 0, 0
155007, 153649126, 1, 0, 0
156000, 155757590, 1, 0, 0
157003, 138643759, 1, 0, 0
158015, 145416995, 1, 0, 0
159004, 161804298, 1, 0, 0
160013, 135398947, 1, 0, 0
161008, 136737343, 1, 0, 0
162001, 157986499, 1, 0, 0
163001, 137360371, 1, 0, 0
164009, 143957299, 1, 0, 0
165001, 141327292, 1, 0, 0
166004, 141501360, 1, 0, 0
167006, 139565463, 1, 0, 0
168004, 141516411, 1, 0, 0
169000, 144514030, 1, 0, 0
170002, 144032761, 1, 0, 0
171000, 134294795, 1, 0, 0
172010, 130519094, 1, 0, 0
173004, 136388312, 1, 0, 0
174012, 139164737, 1, 0, 0
175006, 134024490, 1, 0, 0
176000, 129886987, 1, 0, 0
177012, 129324185, 1, 0, 0
178001, 128461154, 1, 0, 0
179000, 127620024, 1, 0, 0
180005, 131324127, 1, 0, 0
180111, 218327538, 1, 0, 0
