1001, 1076, 0, 0, 0
2001, 940, 0, 0, 0
3001, 953, 0, 0, 0
4001, 954, 0, 0, 0
5000, 980, 0, 0, 0
6001, 952, 0, 0, 0
7001, 937, 0, 0, 0
8000, 980, 0, 0, 0
9000, 929, 0, 0, 0
10001, 959, 0, 0, 0
11000, 968, 0, 0, 0
12000, 956, 0, 0, 0
13001, 948, 0, 0, 0
14001, 977, 0, 0, 0
15001, 938, 0, 0, 0
16000, 966, 0, 0, 0
17000, 976, 0, 0, 0
18000, 938, 0, 0, 0
19001, 969, 0, 0, 0
20001, 938, 0, 0, 0
21001, 977, 0, 0, 0
22001, 969, 0, 0, 0
23000, 929, 0, 0, 0
24001, 980, 0, 0, 0
25001, 950, 0, 0, 0
26001, 942, 0, 0, 0
27001, 954, 0, 0, 0
28001, 953, 0, 0, 0
29000, 988, 0, 0, 0
30000, 932, 0, 0, 0
31001, 972, 0, 0, 0
32000, 965, 0, 0, 0
33000, 946, 0, 0, 0
34000, 971, 0, 0, 0
35001, 917, 0, 0, 0
36000, 974, 0, 0, 0
37001, 942, 0, 0, 0
38000, 957, 0, 0, 0
39001, 989, 0, 0, 0
40001, 924, 0, 0, 0
41001, 968, 0, 0, 0
42000, 970, 0, 0, 0
43000, 934, 0, 0, 0
44001, 958, 0, 0, 0
45001, 968, 0, 0, 0
46000, 943, 0, 0, 0
47001, 952, 0, 0, 0
48001, 970, 0, 0, 0
49000, 949, 0, 0, 0
50000, 987, 0, 0, 0
51001, 957, 0, 0, 0
52000, 933, 0, 0, 0
53000, 963, 0, 0, 0
54000, 966, 0, 0, 0
55001, 949, 0, 0, 0
56001, 987, 0, 0, 0
57001, 938, 0, 0, 0
58000, 970, 0, 0, 0
59001, 929, 0, 0, 0
60001, 967, 0, 0, 0
61000, 968, 0, 0, 0
62000, 929, 0, 0, 0
63001, 985, 0, 0, 0
64001, 949, 0, 0, 0
65001, 932, 0, 0, 0
66000, 957, 0, 0, 0
67000, 970, 0, 0, 0
68001, 941, 0, 0, 0
69000, 960, 0, 0, 0
70001, 987, 0, 0, 0
71000, 960, 0, 0, 0
72000, 926, 0, 0, 0
73001, 960, 0, 0, 0
74000, 972, 0, 0, 0
75001, 976, 0, 0, 0
76000, 921, 0, 0, 0
77001, 964, 0, 0, 0
78000, 943, 0, 0, 0
79001, 982, 0, 0, 0
80001, 954, 0, 0, 0
81000, 966, 0, 0, 0
82001, 962, 0, 0, 0
83000, 948, 0, 0, 0
84001, 961, 0, 0, 0
85000, 927, 0, 0, 0
86001, 955, 0, 0, 0
87000, 975, 0, 0, 0
88001, 919, 0, 0, 0
89000, 957, 0, 0, 0
90000, 978, 0, 0, 0
91001, 970, 0, 0, 0
92000, 927, 0, 0, 0
93001, 969, 0, 0, 0
94001, 961, 0, 0, 0
95000, 953, 0, 0, 0
96000, 942, 0, 0, 0
97000, 968, 0, 0, 0
98000, 935, 0, 0, 0
99000, 961, 0, 0, 0
100001, 986, 0, 0, 0
101000, 943, 0, 0, 0
102000, 938, 0, 0, 0
103000, 985, 0, 0, 0
104001, 922, 0, 0, 0
105001, 985, 0, 0, 0
106001, 930, 0, 0, 0
107001, 940, 0, 0, 0
108000, 980, 0, 0, 0
109001, 937, 0, 0, 0
110001, 954, 0, 0, 0
111001, 973, 0, 0, 0
112001, 936, 0, 0, 0
113001, 969, 0, 0, 0
114001, 954, 0, 0, 0
115001, 969, 0, 0, 0
116001, 974, 0, 0, 0
117001, 918, 0, 0, 0
118001, 991, 0, 0, 0
119001, 938, 0, 0, 0
120000, 946, 0, 0, 0
121001, 979, 0, 0, 0
122000, 934, 0, 0, 0
123000, 975, 0, 0, 0
124000, 958, 0, 0, 0
125000, 978, 0, 0, 0
126001, 950, 0, 0, 0
127001, 936, 0, 0, 0
128001, 976, 0, 0, 0
129001, 915, 0, 0, 0
130000, 968, 0, 0, 0
131001, 963, 0, 0, 0
132000, 946, 0, 0, 0
133000, 966, 0, 0, 0
134000, 938, 0, 0, 0
135001, 981, 0, 0, 0
136000, 947, 0, 0, 0
137001, 936, 0, 0, 0
138000, 978, 0, 0, 0
139001, 942, 0, 0, 0
140000, 974, 0, 0, 0
141001, 947, 0, 0, 0
142000, 957, 0, 0, 0
143001, 950, 0, 0, 0
144001, 931, 0, 0, 0
145001, 994, 0, 0, 0
146001, 921, 0, 0, 0
147001, 967, 0, 0, 0
148000, 930, 0, 0, 0
149000, 958, 0, 0, 0
150000, 963, 0, 0, 0
151000, 939, 0, 0, 0
152001, 957, 0, 0, 0
153000, 961, 0, 0, 0
154000, 954, 0, 0, 0
155001, 941, 0, 0, 0
156001, 953, 0, 0, 0
157000, 970, 0, 0, 0
158000, 970, 0, 0, 0
159000, 916, 0, 0, 0
160000, 976, 0, 0, 0
161000, 941, 0, 0, 0
162000, 974, 0, 0, 0
163000, 941, 0, 0, 0
164000, 958, 0, 0, 0
165000, 993, 0, 0, 0
166000, 936, 0, 0, 0
167000, 951, 0, 0, 0
168000, 965, 0, 0, 0
169000, 928, 0, 0, 0
170001, 980, 0, 0, 0
171001, 946, 0, 0, 0
172000, 975, 0, 0, 0
173001, 939, 0, 0, 0
174000, 987, 0, 0, 0
175001, 943, 0, 0, 0
176001, 939, 0, 0, 0
177001, 980, 0, 0, 0
178000, 927, 0, 0, 0
179000, 964, 0, 0, 0
180000, 965, 0, 0, 0
