1032, 2037, 0, 0, 0
2026, 2108, 0, 0, 0
3034, 1976, 0, 0, 0
4029, 1999, 0, 0, 0
5031, 2044, 0, 0, 0
6036, 1991, 0, 0, 0
7029, 2022, 0, 0, 0
8025, 1987, 0, 0, 0
9033, 2032, 0, 0, 0
10028, 1988, 0, 0, 0
11025, 1896, 0, 0, 0
12030, 2121, 0, 0, 0
13028, 2173, 0, 0, 0
14039, 2062, 0, 0, 0
15031, 2131, 0, 0, 0
16027, 2012, 0, 0, 0
17036, 2028, 0, 0, 0
18031, 2077, 0, 0, 0
19025, 1974, 0, 0, 0
20032, 2063, 0, 0, 0
21028, 2006, 0, 0, 0
22000, 1938, 0, 0, 0
23029, 2009, 0, 0, 0
24000, 1937, 0, 0, 0
25024, 2056, 0, 0, 0
26027, 2091, 0, 0, 0
27034, 2016, 0, 0, 0
28025, 2067, 0, 0, 0
29029, 1953, 0, 0, 0
30025, 2046, 0, 0, 0
31030, 1919, 0, 0, 0
32025, 2003, 0, 0, 0
33039, 2072, 0, 0, 0
34025, 1984, 0, 0, 0
35028, 2042, 0, 0, 0
36038, 2044, 0, 0, 0
37027, 1963, 0, 0, 0
38031, 2041, 0, 0, 0
39000, 1886, 0, 0, 0
40029, 1927, 0, 0, 0
41040, 1992, 0, 0, 0
42001, 1969, 0, 0, 0
43003, 2039, 0, 0, 0
44040, 2107, 0, 0, 0
45027, 1939, 0, 0, 0
46029, 2121, 0, 0, 0
47025, 2086, 0, 0, 0
48000, 2025, 0, 0, 0
49029, 2048, 0, 0, 0
50038, 2058, 0, 0, 0
51002, 1933, 0, 0, 0
52024, 1987, 0, 0, 0
53038, 2055, 0, 0, 0
54031, 1911, 0, 0, 0
55026, 1963, 0, 0, 0
56032, 2027, 0, 0, 0
57028, 2070, 0, 0, 0
58038, 2054, 0, 0, 0
59026, 1858, 0, 0, 0
60028, 1894, 0, 0, 0
61026, 1895, 0, 0, 0
62036, 1982, 0, 0, 0
63028, 1991, 0, 0, 0
64028, 1951, 0, 0, 0
65038, 1858, 0, 0, 0
66031, 1884, 0, 0, 0
67025, 1898, 0, 0, 0
68034, 1868, 0, 0, 0
69027, 1957, 0, 0, 0
70026, 2023, 0, 0, 0
71031, 1965, 0, 0, 0
72027, 1968, 0, 0, 0
73028, 1903, 0, 0, 0
74033, 1955, 0, 0, 0
75027, 1911, 0, 0, 0
76001, 1888, 0, 0, 0
77028, 1940, 0, 0, 0
78027, 1890, 0, 0, 0
79000, 1917, 0, 0, 0
80028, 1900, 0, 0, 0
81025, 1936, 0, 0, 0
82033, 1939, 0, 0, 0
83028, 1897, 0, 0, 0
84037, 1923, 0, 0, 0
85032, 1983, 0, 0, 0
86025, 1938, 0, 0, 0
87035, 1978, 0, 0, 0
88029, 1905, 0, 0, 0
89039, 1987, 0, 0, 0
90030, 1876, 0, 0, 0
91027, 1904, 0, 0, 0
92025, 1999, 0, 0, 0
93036, 1917, 0, 0, 0
94028, 1894, 0, 0, 0
95038, 2063, 0, 0, 0
96029, 1903, 0, 0, 0
97038, 1966, 0, 0, 0
98035, 1918, 0, 0, 0
99028, 1962, 0, 0, 0
100039, 1953, 0, 0, 0
101035, 1819, 0, 0, 0
102026, 1909, 0, 0, 0
103025, 1930, 0, 0, 0
104000, 1891, 0, 0, 0
105027, 1854, 0, 0, 0
106028, 1944, 0, 0, 0
107025, 2061, 0, 0, 0
108035, 2155, 0, 0, 0
109027, 1999, 0, 0, 0
110034, 1950, 0, 0, 0
111029, 1892, 0, 0, 0
112034, 2018, 0, 0, 0
113000, 1941, 0, 0, 0
114031, 1982, 0, 0, 0
115027, 1968, 0, 0, 0
116027, 2033, 0, 0, 0
117033, 2025, 0, 0, 0
118030, 2032, 0, 0, 0
119023, 1931, 0, 0, 0
120034, 2068, 0, 0, 0
121025, 2026, 0, 0, 0
122033, 1967, 0, 0, 0
123029, 1939, 0, 0, 0
124037, 2060, 0, 0, 0
125030, 1973, 0, 0, 0
126023, 1964, 0, 0, 0
127030, 1958, 0, 0, 0
128026, 1922, 0, 0, 0
129025, 1966, 0, 0, 0
130000, 1997, 0, 0, 0
131025, 2018, 0, 0, 0
132023, 1990, 0, 0, 0
133027, 2076, 0, 0, 0
134027, 2101, 0, 0, 0
135039, 2021, 0, 0, 0
136032, 2038, 0, 0, 0
137026, 2113, 0, 0, 0
138030, 2028, 0, 0, 0
139025, 1957, 0, 0, 0
140030, 1843, 0, 0, 0
141024, 1939, 0, 0, 0
142029, 1944, 0, 0, 0
143026, 1934, 0, 0, 0
144031, 2022, 0, 0, 0
145027, 1965, 0, 0, 0
146038, 2031, 0, 0, 0
147031, 1929, 0, 0, 0
148027, 1964, 0, 0, 0
149030, 2061, 0, 0, 0
150034, 1983, 0, 0, 0
151026, 1915, 0, 0, 0
152039, 2014, 0, 0, 0
153023, 1909, 0, 0, 0
154028, 1896, 0, 0, 0
155040, 2016, 0, 0, 0
156028, 1902, 0, 0, 0
157029, 1967, 0, 0, 0
158027, 1961, 0, 0, 0
159035, 1932, 0, 0, 0
160029, 2085, 0, 0, 0
161025, 2082, 0, 0, 0
162004, 1998, 0, 0, 0
163026, 2062, 0, 0, 0
164040, 2078, 0, 0, 0
165000, 1962, 0, 0, 0
166027, 2067, 0, 0, 0
167032, 1981, 0, 0, 0
168003, 2047, 0, 0, 0
169029, 1952, 0, 0, 0
170027, 1985, 0, 0, 0
171036, 1979, 0, 0, 0
172029, 2012, 0, 0, 0
173025, 2020, 0, 0, 0
174033, 2019, 0, 0, 0
175027, 2005, 0, 0, 0
176030, 2047, 0, 0, 0
177024, 1991, 0, 0, 0
178028, 2041, 0, 0, 0
179000, 2004, 0, 0, 0
180032, 2087, 0, 0, 0
