1000, 996704, 1, 0, 0
2000, 955902, 1, 0, 0
3000, 964736, 1, 0, 0
4000, 954540, 1, 0, 0
5001, 950615, 1, 0, 0
6000, 968682, 1, 0, 0
7001, 979781, 1, 0, 0
8000, 960765, 1, 0, 0
9000, 959433, 1, 0, 0
10000, 980894, 1, 0, 0
11000, 963763, 1, 0, 0
12001, 998255, 1, 0, 0
13000, 955730, 1, 0, 0
14000, 931476, 1, 0, 0
15000, 928264, 1, 0, 0
16000, 945768, 1, 0, 0
17000, 956095, 1, 0, 0
18000, 935138, 1, 0, 0
19000, 931442, 1, 0, 0
20000, 931118, 1, 0, 0
21000, 1047102, 1, 0, 0
22000, 941607, 1, 0, 0
23002, 925779, 1, 0, 0
24001, 1107193, 1, 0, 0
25000, 993485, 1, 0, 0
26001, 929973, 1, 0, 0
27000, 947213, 1, 0, 0
28001, 988816, 1, 0, 0
29000, 970987, 1, 0, 0
30001, 946400, 1, 0, 0
31000, 951302, 1, 0, 0
32000, 903173, 1, 0, 0
33000, 945375, 1, 0, 0
34001, 957450, 1, 0, 0
35000, 907612, 1, 0, 0
36000, 958473, 1, 0, 0
37000, 910039, 1, 0, 0
38001, 932112, 1, 0, 0
39000, 921343, 1, 0, 0
40000, 931894, 1, 0, 0
41000, 939875, 1, 0, 0
42000, 917808, 1, 0, 0
43000, 981924, 1, 0, 0
44000, 981958, 1, 0, 0
45000, 1017990, 1, 0, 0
46000, 941978, 1, 0, 0
47000, 940123, 1, 0, 0
48000, 910477, 1, 0, 0
49000, 922185, 1, 0, 0
50001, 940734, 1, 0, 0
51000, 957865, 1, 0, 0
52000, 936339, 1, 0, 0
53000, 949855, 1, 0, 0
54000, 943639, 1, 0, 0
55000, 977411, 1, 0, 0
56000, 969189, 1, 0, 0
57000, 978700, 1, 0, 0
58000, 975371, 1, 0, 0
59000, 936179, 1, 0, 0
60004, 914034, 1, 0, 0
61000, 966083, 1, 0, 0
62000, 935783, 1, 0, 0
63000, 935812, 1, 0, 0
64000, 1015669, 1, 0, 0
65000, 982074, 1, 0, 0
66000, 947503, 1, 0, 0
67000, 977922, 1, 0, 0
68000, 927204, 1, 0, 0
69000, 948099, 1, 0, 0
70000, 958004, 1, 0, 0
71000, 983158, 1, 0, 0
72000, 970363, 1, 0, 0
73000, 937321, 1, 0, 0
74001, 948137, 1, 0, 0
75000, 936008, 1, 0, 0
76000, 936095, 1, 0, 0
77000, 941863, 1, 0, 0
78000, 912203, 1, 0, 0
79000, 986018, 1, 0, 0
80000, 941966, 1, 0, 0
81000, 1017020, 1, 0, 0
82000, 996310, 1, 0, 0
83000, 925272, 1, 0, 0
84000, 921522, 1, 0, 0
85000, 975085, 1, 0, 0
86000, 959958, 1, 0, 0
87000, 939466, 1, 0, 0
88000, 965660, 1, 0, 0
89000, 991255, 1, 0, 0
90000, 946715, 1, 0, 0
91000, 933860, 1, 0, 0
92001, 956674, 1, 0, 0
93000, 979547, 1, 0, 0
94000, 922593, 1, 0, 0
95000, 913374, 1, 0, 0
96000, 1012094, 1, 0, 0
97000, 909483, 1, 0, 0
98000, 949940, 1, 0, 0
99000, 910532, 1, 0, 0
100000, 930668, 1, 0, 0
101000, 949888, 1, 0, 0
102000, 921431, 1, 0, 0
103000, 970486, 1, 0, 0
104000, 958398, 1, 0, 0
105000, 950848, 1, 0, 0
106000, 947563, 1, 0, 0
107000, 951323, 1, 0, 0
108000, 950854, 1, 0, 0
109000, 926181, 1, 0, 0
110000, 960364, 1, 0, 0
111000, 956529, 1, 0, 0
112000, 954961, 1, 0, 0
113000, 960579, 1, 0, 0
114000, 947949, 1, 0, 0
115000, 949387, 1, 0, 0
116000, 967618, 1, 0, 0
117000, 996307, 1, 0, 0
118001, 959677, 1, 0, 0
119000, 936660, 1, 0, 0
120000, 971860, 1, 0, 0
121000, 1082928, 1, 0, 0
122000, 966668, 1, 0, 0
123000, 1099599, 1, 0, 0
124000, 967197, 1, 0, 0
125000, 941183, 1, 0, 0
126000, 934262, 1, 0, 0
127000, 926430, 1, 0, 0
128000, 941380, 1, 0, 0
129000, 949137, 1, 0, 0
130000, 963256, 1, 0, 0
131000, 971453, 1, 0, 0
132000, 996468, 1, 0, 0
133000, 985847, 1, 0, 0
134000, 925260, 1, 0, 0
135001, 914138, 1, 0, 0
136002, 958343, 1, 0, 0
137000, 956417, 1, 0, 0
138000, 952015, 1, 0, 0
139000, 953014, 1, 0, 0
140000, 942332, 1, 0, 0
141000, 1120376, 1, 0, 0
142000, 977826, 1, 0, 0
143000, 945580, 1, 0, 0
144000, 927840, 1, 0, 0
145000, 949913, 1, 0, 0
146000, 948724, 1, 0, 0
147000, 942790, 1, 0, 0
148000, 1002779, 1, 0, 0
149000, 929266, 1, 0, 0
150000, 961250, 1, 0, 0
151000, 959888, 1, 0, 0
152000, 979896, 1, 0, 0
153000, 1067359, 1, 0, 0
154000, 980629, 1, 0, 0
155000, 962665, 1, 0, 0
156000, 957856, 1, 0, 0
157000, 966908, 1, 0, 0
158000, 922470, 1, 0, 0
159000, 982052, 1, 0, 0
160000, 972466, 1, 0, 0
161000, 1015610, 1, 0, 0
162000, 957923, 1, 0, 0
163000, 949766, 1, 0, 0
164000, 904980, 1, 0, 0
165000, 964869, 1, 0, 0
166001, 911089, 1, 0, 0
167000, 927272, 1, 0, 0
168002, 905583, 1, 0, 0
169000, 974622, 1, 0, 0
170002, 916151, 1, 0, 0
171000, 913161, 1, 0, 0
172000, 950328, 1, 0, 0
173000, 944308, 1, 0, 0
174000, 978785, 1, 0, 0
175000, 928678, 1, 0, 0
176000, 932686, 1, 0, 0
177000, 972094, 1, 0, 0
178000, 934769, 1, 0, 0
179000, 1009087, 1, 0, 0
180000, 926819, 1, 0, 0
