1001, 2412911, 0, 0, 0
2000, 2336686, 0, 0, 0
3000, 2330369, 0, 0, 0
4002, 2373314, 0, 0, 0
5001, 2350394, 0, 0, 0
6002, 2314290, 0, 0, 0
7000, 2289724, 0, 0, 0
8000, 2275596, 0, 0, 0
9000, 2324147, 0, 0, 0
10001, 2383376, 0, 0, 0
11002, 2325550, 0, 0, 0
12000, 2293144, 0, 0, 0
13001, 2344276, 0, 0, 0
14000, 2305153, 0, 0, 0
15001, 2306795, 0, 0, 0
16001, 2318479, 0, 0, 0
17002, 2551825, 0, 0, 0
18000, 2303836, 0, 0, 0
19001, 2354709, 0, 0, 0
20001, 2374340, 0, 0, 0
21001, 2389825, 0, 0, 0
22000, 2413205, 0, 0, 0
23002, 2360425, 0, 0, 0
24004, 2402008, 0, 0, 0
25001, 2324209, 0, 0, 0
26000, 2366282, 0, 0, 0
27001, 2327613, 0, 0, 0
28001, 2345949, 0, 0, 0
29000, 2285917, 0, 0, 0
30000, 2351240, 0, 0, 0
31000, 3133604, 0, 0, 0
32004, 2454485, 0, 0, 0
33000, 2369078, 0, 0, 0
34000, 2375968, 0, 0, 0
35003, 2415089, 0, 0, 0
36000, 2382561, 0, 0, 0
37000, 2386276, 0, 0, 0
38001, 2416531, 0, 0, 0
39000, 2360304, 0, 0, 0
40001, 2338720, 0, 0, 0
41000, 2342532, 0, 0, 0
42002, 2351295, 0, 0, 0
43000, 2348821, 0, 0, 0
44000, 2328441, 0, 0, 0
45000, 2309848, 0, 0, 0
46002, 2349149, 0, 0, 0
47005, 2355012, 0, 0, 0
48001, 2347445, 0, 0, 0
49001, 2340225, 0, 0, 0
50001, 2357663, 0, 0, 0
51001, 2368108, 0, 0, 0
52000, 2316907, 0, 0, 0
53000, 2474146, 0, 0, 0
54002, 2361331, 0, 0, 0
55001, 2455250, 0, 0, 0
56002, 2427128, 0, 0, 0
57003, 2332367, 0, 0, 0
58000, 2306669, 0, 0, 0
59000, 2319414, 0, 0, 0
60002, 2318077, 0, 0, 0
61000, 2277316, 0, 0, 0
62001, 2360995, 0, 0, 0
63002, 2332573, 0, 0, 0
64001, 2440401, 0, 0, 0
65004, 2433447, 0, 0, 0
66000, 2416774, 0, 0, 0
67000, 2397369, 0, 0, 0
68000, 2334845, 0, 0, 0
69000, 2407532, 0, 0, 0
70000, 2340499, 0, 0, 0
71000, 2402211, 0, 0, 0
72001, 2354793, 0, 0, 0
73000, 2322676, 0, 0, 0
74001, 2380816, 0, 0, 0
75001, 2293843, 0, 0, 0
76000, 2305043, 0, 0, 0
77001, 2359606, 0, 0, 0
78000, 2294991, 0, 0, 0
79000, 2298268, 0, 0, 0
80000, 2364550, 0, 0, 0
81001, 2293704, 0, 0, 0
82001, 2358331, 0, 0, 0
83001, 2329218, 0, 0, 0
84001, 2352193, 0, 0, 0
85001, 2383789, 0, 0, 0
86001, 2379618, 0, 0, 0
87000, 2408317, 0, 0, 0
88002, 2477431, 0, 0, 0
89002, 2357813, 0, 0, 0
90001, 2430369, 0, 0, 0
91002, 2377443, 0, 0, 0
92001, 2412660, 0, 0, 0
93001, 2390732, 0, 0, 0
94001, 2379068, 0, 0, 0
95002, 2446004, 0, 0, 0
96000, 2353571, 0, 0, 0
97002, 2389561, 0, 0, 0
98002, 2351742, 0, 0, 0
99000, 2354368, 0, 0, 0
100001, 2326553, 0, 0, 0
101005, 2322665, 0, 0, 0
102001, 2347996, 0, 0, 0
103000, 2321548, 0, 0, 0
104001, 2452921, 0, 0, 0
105000, 2389725, 0, 0, 0
106001, 2507227, 0, 0, 0
107002, 2364639, 0, 0, 0
108000, 2320606, 0, 0, 0
109001, 2393797, 0, 0, 0
110002, 2405497, 0, 0, 0
111001, 2451995, 0, 0, 0
112000, 2372004, 0, 0, 0
113000, 2491940, 0, 0, 0
114001, 2400553, 0, 0, 0
115001, 2414549, 0, 0, 0
116000, 2406631, 0, 0, 0
117001, 2410153, 0, 0, 0
118002, 2445271, 0, 0, 0
119000, 2398564, 0, 0, 0
120001, 2336538, 0, 0, 0
121001, 2373992, 0, 0, 0
122001, 2315184, 0, 0, 0
123001, 2369026, 0, 0, 0
124000, 2349498, 0, 0, 0
125002, 2411539, 0, 0, 0
126001, 2412473, 0, 0, 0
127000, 2471506, 0, 0, 0
128001, 2353431, 0, 0, 0
129001, 2414514, 0, 0, 0
130000, 2383225, 0, 0, 0
131000, 2403099, 0, 0, 0
132002, 2361864, 0, 0, 0
133001, 2395543, 0, 0, 0
134000, 2332785, 0, 0, 0
135002, 2372031, 0, 0, 0
136000, 2289923, 0, 0, 0
137000, 2373985, 0, 0, 0
138001, 2398250, 0, 0, 0
139001, 2379437, 0, 0, 0
140001, 2314221, 0, 0, 0
141002, 2304711, 0, 0, 0
142000, 2468942, 0, 0, 0
143001, 2323121, 0, 0, 0
144000, 2252548, 0, 0, 0
145001, 2294999, 0, 0, 0
146000, 2258374, 0, 0, 0
147001, 2377187, 0, 0, 0
148000, 2383012, 0, 0, 0
149002, 2313951, 0, 0, 0
150000, 2351051, 0, 0, 0
151001, 2376739, 0, 0, 0
152000, 2356381, 0, 0, 0
153000, 2384622, 0, 0, 0
154001, 2344157, 0, 0, 0
155001, 2426091, 0, 0, 0
156001, 2397168, 0, 0, 0
157001, 2397935, 0, 0, 0
158000, 2343665, 0, 0, 0
159000, 2318320, 0, 0, 0
160000, 2374652, 0, 0, 0
161000, 2384930, 0, 0, 0
162000, 2308330, 0, 0, 0
163000, 2302854, 0, 0, 0
164001, 2253236, 0, 0, 0
165001, 2282598, 0, 0, 0
166001, 2286586, 0, 0, 0
167002, 2300471, 0, 0, 0
168001, 2411927, 0, 0, 0
169000, 2533649, 0, 0, 0
170000, 2543348, 0, 0, 0
171000, 2536443, 0, 0, 0
172002, 2536121, 0, 0, 0
173000, 2576748, 0, 0, 0
174001, 2527652, 0, 0, 0
175002, 2500879, 0, 0, 0
176001, 2540392, 0, 0, 0
177002, 2508789, 0, 0, 0
178000, 2512133, 0, 0, 0
179000, 2445686, 0, 0, 0
180000, 2437394, 0, 0, 0
