1000, 2349754, 0, 0, 0
2000, 2428366, 0, 0, 0
3001, 2379469, 0, 0, 0
4000, 2427200, 0, 0, 0
5000, 2417391, 0, 0, 0
6001, 2394414, 0, 0, 0
7001, 2435760, 0, 0, 0
8003, 2321763, 0, 0, 0
9001, 2406963, 0, 0, 0
10002, 2341808, 0, 0, 0
11000, 2388487, 0, 0, 0
12001, 2351335, 0, 0, 0
13001, 2333703, 0, 0, 0
14000, 2291720, 0, 0, 0
15000, 2267759, 0, 0, 0
16000, 2301744, 0, 0, 0
17000, 2298737, 0, 0, 0
18000, 2310507, 0, 0, 0
19000, 2335407, 0, 0, 0
20000, 2319231, 0, 0, 0
21002, 2361393, 0, 0, 0
22000, 2325782, 0, 0, 0
23000, 2302437, 0, 0, 0
24000, 2329640, 0, 0, 0
25000, 2398826, 0, 0, 0
26000, 2423396, 0, 0, 0
27000, 2340935, 0, 0, 0
28000, 2371768, 0, 0, 0
29001, 2379233, 0, 0, 0
30001, 2367580, 0, 0, 0
31001, 2364175, 0, 0, 0
32000, 2371778, 0, 0, 0
33000, 2410440, 0, 0, 0
34000, 2434154, 0, 0, 0
35000, 2407637, 0, 0, 0
36000, 2392702, 0, 0, 0
37000, 2375231, 0, 0, 0
38000, 2363323, 0, 0, 0
39000, 2352102, 0, 0, 0
40000, 2296825, 0, 0, 0
41000, 2327153, 0, 0, 0
42000, 2360019, 0, 0, 0
43000, 2303154, 0, 0, 0
44000, 2359762, 0, 0, 0
45000, 2392372, 0, 0, 0
46000, 2318843, 0, 0, 0
47000, 2383239, 0, 0, 0
48000, 2411448, 0, 0, 0
49000, 2357721, 0, 0, 0
50000, 2321578, 0, 0, 0
51000, 2328246, 0, 0, 0
52001, 2318080, 0, 0, 0
53000, 2335404, 0, 0, 0
54000, 2368283, 0, 0, 0
55001, 2350129, 0, 0, 0
56000, 2372002, 0, 0, 0
57000, 2358744, 0, 0, 0
58000, 2363041, 0, 0, 0
59000, 2335931, 0, 0, 0
60000, 2284240, 0, 0, 0
61000, 2250309, 0, 0, 0
62000, 2261450, 0, 0, 0
63001, 2521326, 0, 0, 0
64001, 2589607, 0, 0, 0
65000, 2237324, 0, 0, 0
66001, 2261245, 0, 0, 0
67000, 2251707, 0, 0, 0
68001, 2365551, 0, 0, 0
69001, 2344242, 0, 0, 0
70000, 2329870, 0, 0, 0
71001, 2329271, 0, 0, 0
72000, 2306216, 0, 0, 0
73001, 2334329, 0, 0, 0
74000, 2323459, 0, 0, 0
75001, 2363784, 0, 0, 0
76000, 2302507, 0, 0, 0
77000, 2310661, 0, 0, 0
78000, 2304842, 0, 0, 0
79000, 2356068, 0, 0, 0
80000, 2305748, 0, 0, 0
81000, 2292784, 0, 0, 0
82000, 2279380, 0, 0, 0
83000, 2267409, 0, 0, 0
84000, 2251966, 0, 0, 0
85000, 2197139, 0, 0, 0
86000, 2218901, 0, 0, 0
87000, 2250063, 0, 0, 0
88000, 2257733, 0, 0, 0
89001, 2396952, 0, 0, 0
90000, 2396279, 0, 0, 0
91000, 2346452, 0, 0, 0
92000, 2503560, 0, 0, 0
93001, 2341145, 0, 0, 0
94000, 2326405, 0, 0, 0
95001, 2358685, 0, 0, 0
96000, 2358570, 0, 0, 0
97001, 2293845, 0, 0, 0
98000, 2350832, 0, 0, 0
99000, 2360447, 0, 0, 0
100001, 2304280, 0, 0, 0
101001, 2309779, 0, 0, 0
102001, 2279520, 0, 0, 0
103000, 2346634, 0, 0, 0
104000, 2336177, 0, 0, 0
105000, 2263355, 0, 0, 0
106000, 2256912, 0, 0, 0
107000, 2306704, 0, 0, 0
108002, 2264020, 0, 0, 0
109001, 2265415, 0, 0, 0
110001, 2335634, 0, 0, 0
111001, 2363125, 0, 0, 0
112000, 2399800, 0, 0, 0
113000, 2305975, 0, 0, 0
114000, 2370072, 0, 0, 0
115000, 2372480, 0, 0, 0
116000, 2381668, 0, 0, 0
117001, 2410964, 0, 0, 0
118000, 2410794, 0, 0, 0
119000, 2379407, 0, 0, 0
120000, 2335372, 0, 0, 0
121001, 2349045, 0, 0, 0
122000, 2351236, 0, 0, 0
123000, 2323050, 0, 0, 0
124000, 2394156, 0, 0, 0
125000, 2353638, 0, 0, 0
126000, 2378053, 0, 0, 0
127000, 2346124, 0, 0, 0
128000, 2352670, 0, 0, 0
129001, 2305894, 0, 0, 0
130001, 2420955, 0, 0, 0
131000, 2418489, 0, 0, 0
132001, 2420979, 0, 0, 0
133001, 2424397, 0, 0, 0
134000, 2418515, 0, 0, 0
135000, 2404744, 0, 0, 0
136000, 2401325, 0, 0, 0
137001, 2383756, 0, 0, 0
138000, 2403708, 0, 0, 0
139001, 2406235, 0, 0, 0
140002, 2331146, 0, 0, 0
141000, 2386445, 0, 0, 0
142001, 2391803, 0, 0, 0
143002, 2358899, 0, 0, 0
144001, 2387122, 0, 0, 0
145001, 2376873, 0, 0, 0
146001, 2473119, 0, 0, 0
147000, 2366364, 0, 0, 0
148000, 2565091, 0, 0, 0
149000, 2419850, 0, 0, 0
150001, 2401622, 0, 0, 0
151000, 2409088, 0, 0, 0
152000, 2493044, 0, 0, 0
153000, 2521343, 0, 0, 0
154000, 2506053, 0, 0, 0
155001, 2399385, 0, 0, 0
156000, 2423690, 0, 0, 0
157000, 2495447, 0, 0, 0
158000, 2406961, 0, 0, 0
159001, 2397033, 0, 0, 0
160001, 2426028, 0, 0, 0
161000, 2355445, 0, 0, 0
162000, 2361713, 0, 0, 0
163001, 2381800, 0, 0, 0
164001, 2351642, 0, 0, 0
165001, 2364660, 0, 0, 0
166001, 2403935, 0, 0, 0
167001, 2352865, 0, 0, 0
168001, 2409099, 0, 0, 0
169000, 2453719, 0, 0, 0
170000, 2372138, 0, 0, 0
171000, 2352694, 0, 0, 0
172000, 2393817, 0, 0, 0
173001, 2383364, 0, 0, 0
174001, 2504141, 0, 0, 0
175000, 2472751, 0, 0, 0
176000, 2449483, 0, 0, 0
177001, 2350824, 0, 0, 0
178000, 2371350, 0, 0, 0
179001, 2396237, 0, 0, 0
180000, 2411432, 0, 0, 0
180002, 2269130, 0, 0, 0
