1000, 59351654, 1, 0, 0
2003, 67325185, 1, 0, 0
3001, 66554519, 1, 0, 0
4002, 67775849, 1, 0, 0
5000, 66134998, 1, 0, 0
6000, 67732711, 1, 0, 0
7000, 66443754, 1, 0, 0
8000, 66415882, 1, 0, 0
9000, 67255587, 1, 0, 0
10001, 66821973, 1, 0, 0
11000, 67051069, 1, 0, 0
12001, 66919495, 1, 0, 0
13000, 67074485, 1, 0, 0
14003, 66479593, 1, 0, 0
15001, 67409078, 1, 0, 0
16000, 66542633, 1, 0, 0
17001, 67377156, 1, 0, 0
18000, 66654708, 1, 0, 0
19001, 66923253, 1, 0, 0
20000, 66491172, 1, 0, 0
21002, 67902952, 1, 0, 0
22001, 66031858, 1, 0, 0
23001, 66655293, 1, 0, 0
24002, 67746471, 1, 0, 0
25001, 66298064, 1, 0, 0
26001, 67127888, 1, 0, 0
27001, 68128073, 1, 0, 0
28000, 66528001, 1, 0, 0
29000, 67797408, 1, 0, 0
30000, 66876772, 1, 0, 0
31000, 66766104, 1, 0, 0
32000, 67096483, 1, 0, 0
33001, 66591543, 1, 0, 0
34000, 67547467, 1, 0, 0
35000, 67047543, 1, 0, 0
36006, 66214184, 1, 0, 0
37001, 66866542, 1, 0, 0
38000, 66944841, 1, 0, 0
39000, 67479691, 1, 0, 0
40000, 66388566, 1, 0, 0
41001, 67660607, 1, 0, 0
42001, 66848232, 1, 0, 0
43001, 67582539, 1, 0, 0
44000, 66157984, 1, 0, 0
45001, 66945818, 1, 0, 0
46002, 67328231, 1, 0, 0
47001, 66148504, 1, 0, 0
48001, 65868715, 1, 0, 0
49000, 67531533, 1, 0, 0
50000, 66878845, 1, 0, 0
51000, 66740498, 1, 0, 0
52001, 66960251, 1, 0, 0
53002, 66599397, 1, 0, 0
54000, 67396256, 1, 0, 0
55000, 66383873, 1, 0, 0
56001, 67633853, 1, 0, 0
57000, 66358503, 1, 0, 0
58002, 67098866, 1, 0, 0
59000, 67068281, 1, 0, 0
60000, 66819385, 1, 0, 0
61000, 67529748, 1, 0, 0
62000, 66485472, 1, 0, 0
63001, 66723119, 1, 0, 0
64002, 68424944, 1, 0, 0
65000, 66363842, 1, 0, 0
66000, 66592862, 1, 0, 0
67002, 67538116, 1, 0, 0
68001, 65986628, 1, 0, 0
69000, 67533899, 1, 0, 0
70000, 66792391, 1, 0, 0
71000, 67012456, 1, 0, 0
72003, 66651795, 1, 0, 0
73000, 66635512, 1, 0, 0
74001, 67720331, 1, 0, 0
75001, 66353173, 1, 0, 0
76001, 67162197, 1, 0, 0
77001, 67190901, 1, 0, 0
78001, 65971870, 1, 0, 0
79000, 67722601, 1, 0, 0
80000, 67167936, 1, 0, 0
81001, 66929115, 1, 0, 0
82000, 67037518, 1, 0, 0
83001, 66816358, 1, 0, 0
84002, 67363050, 1, 0, 0
85002, 65586750, 1, 0, 0
86002, 67016151, 1, 0, 0
87001, 66673934, 1, 0, 0
88000, 67058357, 1, 0, 0
89000, 66826712, 1, 0, 0
90001, 68025884, 1, 0, 0
91002, 67146811, 1, 0, 0
92000, 66642589, 1, 0, 0
93001, 67000038, 1, 0, 0
94000, 67105782, 1, 0, 0
95001, 67094085, 1, 0, 0
96002, 67131587, 1, 0, 0
97001, 66644911, 1, 0, 0
98001, 66801498, 1, 0, 0
99000, 67070522, 1, 0, 0
100000, 66215172, 1, 0, 0
101000, 66919164, 1, 0, 0
102000, 66298425, 1, 0, 0
103001, 66605202, 1, 0, 0
104000, 67039441, 1, 0, 0
105001, 66509887, 1, 0, 0
106000, 67572507, 1, 0, 0
107000, 67412744, 1, 0, 0
108001, 66407215, 1, 0, 0
109000, 67691711, 1, 0, 0
110001, 66883367, 1, 0, 0
111002, 66366848, 1, 0, 0
112002, 67309838, 1, 0, 0
113002, 66197328, 1, 0, 0
114001, 66951528, 1, 0, 0
115000, 67054058, 1, 0, 0
116003, 67090172, 1, 0, 0
117001, 67632950, 1, 0, 0
118000, 67262214, 1, 0, 0
119000, 66329623, 1, 0, 0
120000, 67540820, 1, 0, 0
121000, 66876459, 1, 0, 0
122000, 66711671, 1, 0, 0
123000, 67625839, 1, 0, 0
124001, 66462458, 1, 0, 0
125001, 66949397, 1, 0, 0
126001, 67212027, 1, 0, 0
127000, 66702536, 1, 0, 0
128000, 67254446, 1, 0, 0
129000, 66828809, 1, 0, 0
130001, 66580845, 1, 0, 0
131002, 67490815, 1, 0, 0
132000, 66358707, 1, 0, 0
133000, 67485183, 1, 0, 0
134000, 66333152, 1, 0, 0
135000, 67275909, 1, 0, 0
136001, 66313359, 1, 0, 0
137000, 66567688, 1, 0, 0
138001, 67014829, 1, 0, 0
139000, 66722798, 1, 0, 0
140000, 66400294, 1, 0, 0
141000, 66933660, 1, 0, 0
142000, 67360938, 1, 0, 0
143003, 66494709, 1, 0, 0
144000, 67255467, 1, 0, 0
145001, 66815641, 1, 0, 0
146003, 67305290, 1, 0, 0
147000, 66838731, 1, 0, 0
148000, 67221798, 1, 0, 0
149000, 67065954, 1, 0, 0
150004, 67010452, 1, 0, 0
151000, 66341383, 1, 0, 0
152000, 67974451, 1, 0, 0
153000, 66910216, 1, 0, 0
154000, 67146311, 1, 0, 0
155000, 66246846, 1, 0, 0
156000, 67434167, 1, 0, 0
157000, 65735339, 1, 0, 0
158001, 66074478, 1, 0, 0
159002, 67326892, 1, 0, 0
160001, 66295801, 1, 0, 0
161006, 66880407, 1, 0, 0
162000, 66686814, 1, 0, 0
163000, 66358602, 1, 0, 0
164000, 67497937, 1, 0, 0
165000, 66994530, 1, 0, 0
166000, 67493339, 1, 0, 0
167000, 66409190, 1, 0, 0
168000, 67639499, 1, 0, 0
169000, 67322528, 1, 0, 0
170001, 66501601, 1, 0, 0
171003, 67338263, 1, 0, 0
172001, 66723937, 1, 0, 0
173000, 66538139, 1, 0, 0
174003, 67606779, 1, 0, 0
175001, 66489110, 1, 0, 0
176000, 67446311, 1, 0, 0
177001, 67105533, 1, 0, 0
178000, 66958751, 1, 0, 0
179001, 67447078, 1, 0, 0
180001, 67042584, 1, 0, 0
180056, 113278449, 1, 0, 0
