1032, 7295674, 0, 0, 0
2024, 8320417, 0, 0, 0
3035, 8293062, 0, 0, 0
4030, 8368548, 0, 0, 0
5027, 8354340, 0, 0, 0
6027, 8391292, 0, 0, 0
7000, 8399758, 0, 0, 0
8024, 8321874, 0, 0, 0
9024, 8275469, 0, 0, 0
10024, 8260563, 0, 0, 0
11031, 8345317, 0, 0, 0
12024, 8284281, 0, 0, 0
13000, 8488533, 0, 0, 0
14023, 8297423, 0, 0, 0
15034, 8276886, 0, 0, 0
16029, 8457804, 0, 0, 0
17000, 8288010, 0, 0, 0
18033, 8248390, 0, 0, 0
19028, 8426240, 0, 0, 0
20024, 8254926, 0, 0, 0
21027, 8401759, 0, 0, 0
22028, 8391160, 0, 0, 0
23025, 8382255, 0, 0, 0
24032, 8513365, 0, 0, 0
25025, 8364739, 0, 0, 0
26035, 8292234, 0, 0, 0
27029, 8438827, 0, 0, 0
28023, 8275152, 0, 0, 0
29001, 8474557, 0, 0, 0
30022, 8363683, 0, 0, 0
31000, 8459359, 0, 0, 0
32031, 8410281, 0, 0, 0
33025, 8338737, 0, 0, 0
34036, 8395421, 0, 0, 0
35032, 8322527, 0, 0, 0
36026, 8306061, 0, 0, 0
37023, 8332697, 0, 0, 0
38000, 8427085, 0, 0, 0
39029, 8391148, 0, 0, 0
40024, 8321550, 0, 0, 0
41026, 8344416, 0, 0, 0
42030, 8427012, 0, 0, 0
43002, 8344196, 0, 0, 0
44034, 8498745, 0, 0, 0
45031, 8457592, 0, 0, 0
46025, 8339908, 0, 0, 0
47000, 8584118, 0, 0, 0
48029, 8247833, 0, 0, 0
49026, 8418748, 0, 0, 0
50000, 8454162, 0, 0, 0
51000, 8389798, 0, 0, 0
52129, 9510767, 0, 0, 0
53000, 13740372, 0, 0, 0
54027, 8440048, 0, 0, 0
55022, 8386582, 0, 0, 0
56001, 8335855, 0, 0, 0
57024, 8407392, 0, 0, 0
58000, 8520514, 0, 0, 0
59028, 8291673, 0, 0, 0
60022, 8323367, 0, 0, 0
61033, 8343739, 0, 0, 0
62026, 8423110, 0, 0, 0
63037, 8348382, 0, 0, 0
64031, 8470760, 0, 0, 0
65026, 8399351, 0, 0, 0
66030, 8362238, 0, 0, 0
67032, 8425750, 0, 0, 0
68024, 8254581, 0, 0, 0
69030, 8412787, 0, 0, 0
70029, 8290950, 0, 0, 0
71037, 8339988, 0, 0, 0
72027, 8323755, 0, 0, 0
73022, 8367572, 0, 0, 0
74000, 8530582, 0, 0, 0
75029, 8418291, 0, 0, 0
76023, 8307530, 0, 0, 0
77028, 8418626, 0, 0, 0
78025, 8287180, 0, 0, 0
79000, 8452323, 0, 0, 0
80023, 8310291, 0, 0, 0
81023, 8325581, 0, 0, 0
82000, 8485505, 0, 0, 0
83029, 8304772, 0, 0, 0
84022, 8263304, 0, 0, 0
85001, 8433155, 0, 0, 0
86023, 8348383, 0, 0, 0
87000, 8500141, 0, 0, 0
88026, 8178920, 0, 0, 0
89036, 8314010, 0, 0, 0
90026, 8392946, 0, 0, 0
91037, 8306808, 0, 0, 0
92030, 8470197, 0, 0, 0
93024, 8348034, 0, 0, 0
94033, 8363751, 0, 0, 0
95028, 8454695, 0, 0, 0
96031, 8354877, 0, 0, 0
97030, 8412240, 0, 0, 0
98030, 8354036, 0, 0, 0
99023, 8368198, 0, 0, 0
100031, 8443417, 0, 0, 0
101022, 8297004, 0, 0, 0
102000, 8453637, 0, 0, 0
103023, 8379414, 0, 0, 0
104000, 8460726, 0, 0, 0
105029, 8379607, 0, 0, 0
106024, 8361906, 0, 0, 0
107035, 8378680, 0, 0, 0
108029, 8342704, 0, 0, 0
109023, 8279063, 0, 0, 0
110034, 8422427, 0, 0, 0
111022, 8326914, 0, 0, 0
112023, 8285698, 0, 0, 0
113028, 8363583, 0, 0, 0
114028, 8401206, 0, 0, 0
115023, 8360373, 0, 0, 0
116032, 8375688, 0, 0, 0
117023, 8370324, 0, 0, 0
118030, 8413097, 0, 0, 0
119023, 8351131, 0, 0, 0
120022, 8279300, 0, 0, 0
121000, 8507148, 0, 0, 0
122024, 8286721, 0, 0, 0
123023, 8301527, 0, 0, 0
124001, 8518910, 0, 0, 0
125024, 8367849, 0, 0, 0
126001, 8484346, 0, 0, 0
127022, 8253640, 0, 0, 0
128021, 8350582, 0, 0, 0
129002, 8325051, 0, 0, 0
130025, 8312366, 0, 0, 0
131000, 8482890, 0, 0, 0
132026, 8285859, 0, 0, 0
133036, 8314470, 0, 0, 0
134032, 8271295, 0, 0, 0
135028, 8322280, 0, 0, 0
136024, 8298497, 0, 0, 0
137000, 8387917, 0, 0, 0
138028, 8222566, 0, 0, 0
139022, 8333706, 0, 0, 0
140033, 8390289, 0, 0, 0
141026, 8298221, 0, 0, 0
142021, 8242733, 0, 0, 0
143032, 8376263, 0, 0, 0
144025, 8364102, 0, 0, 0
145031, 8397931, 0, 0, 0
146027, 8278265, 0, 0, 0
147024, 8311012, 0, 0, 0
148034, 8505681, 0, 0, 0
149028, 8354876, 0, 0, 0
150025, 8285960, 0, 0, 0
151026, 8365001, 0, 0, 0
152022, 8362198, 0, 0, 0
153025, 8282656, 0, 0, 0
154036, 8309430, 0, 0, 0
155026, 8284705, 0, 0, 0
156022, 8347964, 0, 0, 0
157023, 8317645, 0, 0, 0
158032, 8471536, 0, 0, 0
159021, 8417135, 0, 0, 0
160022, 8276246, 0, 0, 0
161031, 8439987, 0, 0, 0
162025, 8238442, 0, 0, 0
163043, 8505632, 0, 0, 0
164029, 8455983, 0, 0, 0
165026, 8438297, 0, 0, 0
166023, 8308338, 0, 0, 0
167000, 8565155, 0, 0, 0
168027, 8286406, 0, 0, 0
169023, 8327276, 0, 0, 0
170004, 8402013, 0, 0, 0
171027, 8235869, 0, 0, 0
172035, 8435985, 0, 0, 0
173025, 8466131, 0, 0, 0
174025, 8323876, 0, 0, 0
175035, 8436559, 0, 0, 0
176028, 8339349, 0, 0, 0
177021, 8380140, 0, 0, 0
178026, 8351015, 0, 0, 0
179021, 8268689, 0, 0, 0
180024, 8338383, 0, 0, 0
180029, 37415541, 0, 0, 0
