1002, 2151, 1, 0, 0
2002, 1956, 1, 0, 0
3003, 1924, 1, 0, 0
4004, 1884, 1, 0, 0
5005, 1888, 1, 0, 0
6006, 1936, 1, 0, 0
7006, 1956, 1, 0, 0
8007, 1976, 1, 0, 0
9008, 1900, 1, 0, 0
10009, 1920, 1, 0, 0
11009, 1920, 1, 0, 0
12010, 1968, 1, 0, 0
13010, 1992, 1, 0, 0
14010, 1860, 1, 0, 0
15011, 1984, 1, 0, 0
16012, 1944, 1, 0, 0
17013, 1982, 1, 0, 0
18014, 1896, 1, 0, 0
19014, 1844, 1, 0, 0
20015, 1898, 1, 0, 0
21015, 1920, 1, 0, 0
22015, 1880, 1, 0, 0
23016, 1920, 1, 0, 0
24017, 1920, 1, 0, 0
25018, 1866, 1, 0, 0
26019, 1916, 1, 0, 0
27019, 1936, 1, 0, 0
28020, 1884, 1, 0, 0
29021, 1924, 1, 0, 0
30022, 1888, 1, 0, 0
31022, 1896, 1, 0, 0
32023, 1900, 1, 0, 0
33024, 1928, 1, 0, 0
34025, 1892, 1, 0, 0
35026, 1862, 1, 0, 0
36027, 1904, 1, 0, 0
37027, 1936, 1, 0, 0
38027, 1944, 1, 0, 0
39027, 1900, 1, 0, 0
40027, 1948, 1, 0, 0
41028, 1936, 1, 0, 0
42029, 1920, 1, 0, 0
43029, 1908, 1, 0, 0
44030, 1880, 1, 0, 0
45030, 1900, 1, 0, 0
46031, 1916, 1, 0, 0
47031, 1976, 1, 0, 0
48032, 1924, 1, 0, 0
49032, 1876, 1, 0, 0
50032, 1924, 1, 0, 0
51033, 1944, 1, 0, 0
52033, 1884, 1, 0, 0
53034, 1888, 1, 0, 0
54035, 1932, 1, 0, 0
55035, 1892, 1, 0, 0
56036, 1944, 1, 0, 0
57036, 1900, 1, 0, 0
58037, 1908, 1, 0, 0
59037, 1872, 1, 0, 0
60037, 1924, 1, 0, 0
61038, 1916, 1, 0, 0
62039, 1996, 1, 0, 0
63040, 1892, 1, 0, 0
64041, 1924, 1, 0, 0
65041, 1912, 1, 0, 0
66041, 1856, 1, 0, 0
67042, 1932, 1, 0, 0
68042, 1944, 1, 0, 0
69043, 1856, 1, 0, 0
70043, 1928, 1, 0, 0
71044, 1922, 1, 0, 0
72045, 1872, 1, 0, 0
73045, 1956, 1, 0, 0
74045, 1864, 1, 0, 0
75045, 1936, 1, 0, 0
76046, 1884, 1, 0, 0
77047, 1888, 1, 0, 0
78048, 1948, 1, 0, 0
79049, 1894, 1, 0, 0
80050, 1888, 1, 0, 0
81050, 1896, 1, 0, 0
82050, 1952, 1, 0, 0
83051, 1848, 1, 0, 0
84051, 1948, 1, 0, 0
85053, 1870, 1, 0, 0
86053, 1888, 1, 0, 0
87053, 1905, 1, 0, 0
88053, 1873, 1, 0, 0
89053, 1901, 1, 0, 0
90053, 1865, 1, 0, 0
91053, 1868, 1, 0, 0
92053, 1857, 1, 0, 0
93053, 1973, 1, 0, 0
94053, 1885, 1, 0, 0
95053, 1905, 1, 0, 0
96053, 1893, 1, 0, 0
97053, 1904, 1, 0, 0
98053, 1964, 1, 0, 0
99053, 1952, 1, 0, 0
100053, 1909, 1, 0, 0
101053, 1877, 1, 0, 0
102053, 1913, 1, 0, 0
103053, 1888, 1, 0, 0
104053, 1929, 1, 0, 0
105053, 1937, 1, 0, 0
106053, 1924, 1, 0, 0
107053, 1897, 1, 0, 0
108053, 1921, 1, 0, 0
109053, 1872, 1, 0, 0
110053, 1957, 1, 0, 0
111053, 1845, 1, 0, 0
112053, 1925, 1, 0, 0
113054, 1936, 1, 0, 0
114053, 1945, 1, 0, 0
115053, 1873, 1, 0, 0
116053, 1916, 1, 0, 0
117052, 1897, 1, 0, 0
118053, 1888, 1, 0, 0
119053, 1881, 1, 0, 0
120053, 1897, 1, 0, 0
121052, 1937, 1, 0, 0
122053, 1928, 1, 0, 0
123053, 1836, 1, 0, 0
124053, 1981, 1, 0, 0
125053, 1885, 1, 0, 0
126053, 1861, 1, 0, 0
127053, 1969, 1, 0, 0
128053, 1857, 1, 0, 0
129053, 1965, 1, 0, 0
130053, 1957, 1, 0, 0
131053, 1853, 1, 0, 0
132053, 1925, 1, 0, 0
133053, 1865, 1, 0, 0
134052, 1825, 1, 0, 0
135054, 1906, 1, 0, 0
136055, 1928, 1, 0, 0
137055, 1856, 1, 0, 0
138056, 1920, 1, 0, 0
139057, 1888, 1, 0, 0
140057, 1956, 1, 0, 0
141058, 1900, 1, 0, 0
142059, 1936, 1, 0, 0
143060, 1892, 1, 0, 0
144061, 1930, 1, 0, 0
145062, 1900, 1, 0, 0
146063, 1924, 1, 0, 0
147063, 1932, 1, 0, 0
148064, 1916, 1, 0, 0
149064, 1964, 1, 0, 0
150065, 1952, 1, 0, 0
151065, 1908, 1, 0, 0
152066, 1932, 1, 0, 0
153067, 1888, 1, 0, 0
154068, 1950, 1, 0, 0
155068, 1884, 1, 0, 0
156068, 1880, 1, 0, 0
157069, 1916, 1, 0, 0
158070, 1904, 1, 0, 0
159071, 1832, 1, 0, 0
160071, 1892, 1, 0, 0
161072, 1940, 1, 0, 0
162073, 1896, 1, 0, 0
163073, 1916, 1, 0, 0
164074, 1968, 1, 0, 0
165075, 1952, 1, 0, 0
166076, 1920, 1, 0, 0
167076, 1948, 1, 0, 0
168077, 1884, 1, 0, 0
169078, 1912, 1, 0, 0
170079, 1936, 1, 0, 0
171080, 1952, 1, 0, 0
172081, 1856, 1, 0, 0
173082, 1892, 1, 0, 0
174083, 1912, 1, 0, 0
175084, 1964, 1, 0, 0
176085, 1860, 1, 0, 0
177086, 1952, 1, 0, 0
178087, 1900, 1, 0, 0
179087, 1948, 1, 0, 0
