1000, 1066, 0, 0, 0
2001, 987, 0, 0, 0
3001, 960, 0, 0, 0
4000, 961, 0, 0, 0
5001, 946, 0, 0, 0
6000, 969, 0, 0, 0
7001, 935, 0, 0, 0
8001, 982, 0, 0, 0
9001, 963, 0, 0, 0
10001, 937, 0, 0, 0
11000, 961, 0, 0, 0
12000, 968, 0, 0, 0
13001, 956, 0, 0, 0
14001, 934, 0, 0, 0
15000, 973, 0, 0, 0
16000, 954, 0, 0, 0
17001, 929, 0, 0, 0
18001, 972, 0, 0, 0
19001, 963, 0, 0, 0
20001, 953, 0, 0, 0
21001, 957, 0, 0, 0
22001, 965, 0, 0, 0
23000, 952, 0, 0, 0
24001, 554, 0, 0, 0
25001, 696, 0, 0, 0
26001, 955, 0, 0, 0
27001, 959, 0, 0, 0
28000, 955, 0, 0, 0
29001, 942, 0, 0, 0
30001, 969, 0, 0, 0
