1017, 14662742, 0, 0, 0
2020, 16538497, 0, 0, 0
3030, 16592790, 0, 0, 0
4022, 16759075, 0, 0, 0
5018, 16681936, 0, 0, 0
6028, 16806450, 0, 0, 0
7023, 16731977, 0, 0, 0
8019, 16476134, 0, 0, 0
9029, 16752158, 0, 0, 0
10022, 16837347, 0, 0, 0
11018, 16547380, 0, 0, 0
12024, 16745636, 0, 0, 0
13019, 16236932, 0, 0, 0
14033, 16624134, 0, 0, 0
15020, 16805601, 0, 0, 0
16023, 16794027, 0, 0, 0
17018, 16557170, 0, 0, 0
18030, 16960084, 0, 0, 0
19025, 16558994, 0, 0, 0
20019, 16526351, 0, 0, 0
21031, 16440364, 0, 0, 0
22024, 16817712, 0, 0, 0
23017, 16666480, 0, 0, 0
24017, 16847860, 0, 0, 0
25022, 16919640, 0, 0, 0
26016, 16603692, 0, 0, 0
27030, 16846206, 0, 0, 0
28023, 16491069, 0, 0, 0
29017, 16758923, 0, 0, 0
30028, 16618200, 0, 0, 0
30030, 48301986, 0, 0, 0
