1000, 2817, 0, 0, 0
2001, 2560, 0, 0, 0
3000, 2697, 0, 0, 0
4001, 2730, 0, 0, 0
5001, 2441, 0, 0, 0
6001, 2843, 0, 0, 0
7000, 2600, 0, 0, 0
8000, 2630, 0, 0, 0
9000, 2917, 0, 0, 0
10000, 2693, 0, 0, 0
11000, 2057, 0, 0, 0
12001, 2171, 0, 0, 0
13000, 2264, 0, 0, 0
14000, 2637, 0, 0, 0
15001, 2605, 0, 0, 0
16000, 2472, 0, 0, 0
17001, 2712, 0, 0, 0
18001, 2930, 0, 0, 0
19000, 2777, 0, 0, 0
20001, 2697, 0, 0, 0
21000, 2776, 0, 0, 0
22002, 2782, 0, 0, 0
23000, 2808, 0, 0, 0
24001, 2624, 0, 0, 0
25001, 2605, 0, 0, 0
26002, 2883, 0, 0, 0
27002, 2950, 0, 0, 0
28000, 2872, 0, 0, 0
29000, 2820, 0, 0, 0
30001, 2361, 0, 0, 0
