1001, 2271597, 0, 0, 0
2000, 2312409, 0, 0, 0
3000, 2319485, 0, 0, 0
4000, 2194895, 0, 0, 0
5000, 2275716, 0, 0, 0
6000, 2201868, 0, 0, 0
7001, 2190243, 0, 0, 0
8000, 2230096, 0, 0, 0
9000, 2281356, 0, 0, 0
10000, 2306961, 0, 0, 0
11000, 2336343, 0, 0, 0
12000, 2294134, 0, 0, 0
13000, 2299026, 0, 0, 0
14000, 2341115, 0, 0, 0
15000, 2328648, 0, 0, 0
16000, 2357723, 0, 0, 0
17000, 2415879, 0, 0, 0
18000, 2443618, 0, 0, 0
19000, 2421791, 0, 0, 0
20000, 2372089, 0, 0, 0
21000, 2393025, 0, 0, 0
22000, 2372408, 0, 0, 0
23000, 2335314, 0, 0, 0
24000, 2351826, 0, 0, 0
25000, 2417778, 0, 0, 0
26000, 2408520, 0, 0, 0
27000, 2383765, 0, 0, 0
28000, 2420272, 0, 0, 0
29000, 2360176, 0, 0, 0
30000, 2371176, 0, 0, 0
30003, 4206310, 0, 0, 0
