1000, 3740538, 0, 0, 0
2000, 4164676, 0, 0, 0
3000, 4202432, 0, 0, 0
4000, 4137901, 0, 0, 0
5000, 4261814, 0, 0, 0
6000, 4069319, 0, 0, 0
7000, 4170143, 0, 0, 0
8000, 4234748, 0, 0, 0
9000, 4080685, 0, 0, 0
10000, 4171537, 0, 0, 0
11000, 4201463, 0, 0, 0
12000, 4098377, 0, 0, 0
13000, 4154998, 0, 0, 0
14000, 4245829, 0, 0, 0
15024, 4076101, 0, 0, 0
16000, 4171893, 0, 0, 0
17000, 4245518, 0, 0, 0
18000, 4122875, 0, 0, 0
19000, 4121910, 0, 0, 0
20000, 4252564, 0, 0, 0
21000, 4050720, 0, 0, 0
22439, 4250812, 0, 0, 0
23000, 7093980, 0, 0, 0
24000, 4195972, 0, 0, 0
25000, 4176810, 0, 0, 0
26000, 4141210, 0, 0, 0
27000, 4226330, 0, 0, 0
28000, 4087542, 0, 0, 0
29000, 4092521, 0, 0, 0
30000, 4150286, 0, 0, 0
30032, 33646940, 0, 0, 0
