1015, 2463, 0, 0, 0
2018, 2486, 0, 0, 0
3014, 2422, 0, 0, 0
4010, 2457, 0, 0, 0
5010, 2365, 0, 0, 0
6012, 2510, 0, 0, 0
7014, 2548, 0, 0, 0
8015, 2357, 0, 0, 0
9014, 2312, 0, 0, 0
10016, 2458, 0, 0, 0
11010, 2378, 0, 0, 0
12021, 2255, 0, 0, 0
13014, 2315, 0, 0, 0
14023, 2386, 0, 0, 0
15013, 2251, 0, 0, 0
16017, 2214, 0, 0, 0
17011, 2206, 0, 0, 0
18009, 2200, 0, 0, 0
19015, 2208, 0, 0, 0
20012, 2293, 0, 0, 0
21022, 2363, 0, 0, 0
22011, 2239, 0, 0, 0
23010, 2185, 0, 0, 0
24010, 2134, 0, 0, 0
25015, 2201, 0, 0, 0
26012, 2100, 0, 0, 0
27019, 2310, 0, 0, 0
28014, 2140, 0, 0, 0
29010, 2199, 0, 0, 0
30019, 2072, 0, 0, 0
