1000, 539, 0, 0, 0
2001, 485, 0, 0, 0
3001, 458, 0, 0, 0
4002, 469, 0, 0, 0
5003, 474, 0, 0, 0
6003, 485, 0, 0, 0
7004, 465, 0, 0, 0
8004, 480, 0, 0, 0
9005, 477, 0, 0, 0
10006, 475, 0, 0, 0
11007, 467, 0, 0, 0
12007, 470, 0, 0, 0
13008, 471, 0, 0, 0
14009, 481, 0, 0, 0
15010, 480, 0, 0, 0
16011, 486, 0, 0, 0
17011, 467, 0, 0, 0
18012, 479, 0, 0, 0
19012, 478, 0, 0, 0
20013, 474, 0, 0, 0
21014, 481, 0, 0, 0
22014, 475, 0, 0, 0
23015, 480, 0, 0, 0
24016, 472, 0, 0, 0
25016, 482, 0, 0, 0
26016, 473, 0, 0, 0
27017, 489, 0, 0, 0
28017, 476, 0, 0, 0
29017, 471, 0, 0, 0
30018, 466, 0, 0, 0
