1001, 3745915, 0, 0, 0
2001, 4326451, 0, 0, 0
3000, 4072178, 0, 0, 0
4001, 4157691, 0, 0, 0
5000, 4087732, 0, 0, 0
6000, 4129337, 0, 0, 0
7000, 4185110, 0, 0, 0
9247, 6810597, 0, 0, 0
10000, 6821825, 0, 0, 0
11000, 4040556, 0, 0, 0
12000, 4212245, 0, 0, 0
13001, 4025870, 0, 0, 0
14023, 4108346, 0, 0, 0
15032, 4201322, 0, 0, 0
16000, 4196441, 0, 0, 0
17001, 4181654, 0, 0, 0
18001, 4169054, 0, 0, 0
19021, 4120031, 0, 0, 0
20001, 4135531, 0, 0, 0
21001, 4063307, 0, 0, 0
22001, 4115320, 0, 0, 0
23000, 4085736, 0, 0, 0
24000, 4038843, 0, 0, 0
25000, 4091308, 0, 0, 0
26000, 4102450, 0, 0, 0
27022, 4144348, 0, 0, 0
28000, 4207973, 0, 0, 0
29000, 3988205, 0, 0, 0
30000, 4220309, 0, 0, 0
30004, 5983593, 0, 0, 0
