1000, 1962, 0, 0, 0
2000, 2120, 0, 0, 0
3001, 1966, 0, 0, 0
4000, 1943, 0, 0, 0
5000, 1853, 0, 0, 0
6000, 2067, 0, 0, 0
7001, 1864, 0, 0, 0
8000, 1984, 0, 0, 0
9000, 1722, 0, 0, 0
10000, 1906, 0, 0, 0
11000, 1905, 0, 0, 0
12000, 1833, 0, 0, 0
13000, 2021, 0, 0, 0
14000, 2019, 0, 0, 0
15000, 2005, 0, 0, 0
16000, 1927, 0, 0, 0
17000, 2037, 0, 0, 0
18000, 2001, 0, 0, 0
19000, 2012, 0, 0, 0
20001, 2019, 0, 0, 0
21000, 2038, 0, 0, 0
22000, 1990, 0, 0, 0
23000, 1874, 0, 0, 0
24000, 1969, 0, 0, 0
25000, 1852, 0, 0, 0
26000, 1863, 0, 0, 0
27000, 1875, 0, 0, 0
28000, 1819, 0, 0, 0
29000, 1857, 0, 0, 0
30020, 1814, 0, 0, 0
