1000, 111044036, 0, 0, 0
2039, 133221133, 0, 0, 0
3000, 134007100, 0, 0, 0
4000, 134372978, 0, 0, 0
5000, 132752881, 0, 0, 0
6000, 133923227, 0, 0, 0
7002, 133101222, 0, 0, 0
8001, 133361635, 0, 0, 0
9000, 133435236, 0, 0, 0
10000, 135395982, 0, 0, 0
11000, 133006588, 0, 0, 0
12000, 134342401, 0, 0, 0
13000, 134451443, 0, 0, 0
14000, 133241291, 0, 0, 0
15002, 132735637, 0, 0, 0
16000, 133917044, 0, 0, 0
17000, 134646046, 0, 0, 0
18000, 134078966, 0, 0, 0
19000, 134129177, 0, 0, 0
20039, 133948174, 0, 0, 0
21001, 132941169, 0, 0, 0
22000, 134217200, 0, 0, 0
23000, 134098640, 0, 0, 0
24000, 133459363, 0, 0, 0
25001, 132941986, 0, 0, 0
26000, 135654891, 0, 0, 0
27000, 133328401, 0, 0, 0
28000, 132915258, 0, 0, 0
29000, 133649116, 0, 0, 0
30000, 134550287, 0, 0, 0
30153, 210284545, 0, 0, 0
