999, 543, 0, 0, 0
2000, 483, 0, 0, 0
3000, 491, 0, 0, 0
4000, 489, 0, 0, 0
5000, 480, 0, 0, 0
6000, 474, 0, 0, 0
7000, 475, 0, 0, 0
8000, 475, 0, 0, 0
9000, 484, 0, 0, 0
10000, 485, 0, 0, 0
11000, 490, 0, 0, 0
12000, 496, 0, 0, 0
13000, 467, 0, 0, 0
14001, 471, 0, 0, 0
15000, 481, 0, 0, 0
16000, 477, 0, 0, 0
17000, 477, 0, 0, 0
18000, 455, 0, 0, 0
19000, 501, 0, 0, 0
20000, 483, 0, 0, 0
21000, 477, 0, 0, 0
22000, 482, 0, 0, 0
23000, 480, 0, 0, 0
24000, 483, 0, 0, 0
25000, 475, 0, 0, 0
26000, 476, 0, 0, 0
27000, 486, 0, 0, 0
28000, 486, 0, 0, 0
29000, 482, 0, 0, 0
30000, 491, 0, 0, 0
