1016, 29205754, 0, 0, 0
2018, 33520456, 0, 0, 0
3013, 33520902, 0, 0, 0
4009, 33222738, 0, 0, 0
5009, 33593895, 0, 0, 0
6012, 33499190, 0, 0, 0
7014, 33272150, 0, 0, 0
8013, 33727831, 0, 0, 0
9012, 33176697, 0, 0, 0
10015, 33714332, 0, 0, 0
11008, 33257005, 0, 0, 0
12019, 33604146, 0, 0, 0
13012, 33349391, 0, 0, 0
14023, 33341053, 0, 0, 0
15012, 33438242, 0, 0, 0
16016, 33475291, 0, 0, 0
17010, 33536075, 0, 0, 0
18008, 33341871, 0, 0, 0
19013, 33460544, 0, 0, 0
20011, 33500616, 0, 0, 0
21020, 33252474, 0, 0, 0
22010, 33398663, 0, 0, 0
23009, 33340957, 0, 0, 0
24009, 33812045, 0, 0, 0
25013, 33354992, 0, 0, 0
26011, 33278069, 0, 0, 0
27018, 33544499, 0, 0, 0
28013, 33546582, 0, 0, 0
29008, 33531171, 0, 0, 0
30008, 33731734, 0, 0, 0
30016, 35028022, 0, 0, 0
