1015, 2319, 0, 0, 0
2018, 2386, 0, 0, 0
3014, 2406, 0, 0, 0
4009, 2306, 0, 0, 0
5009, 2378, 0, 0, 0
6014, 2427, 0, 0, 0
7014, 2370, 0, 0, 0
8014, 2435, 0, 0, 0
9013, 2346, 0, 0, 0
10015, 2354, 0, 0, 0
11009, 2189, 0, 0, 0
12020, 2389, 0, 0, 0
13012, 2241, 0, 0, 0
14023, 2232, 0, 0, 0
15013, 2152, 0, 0, 0
16016, 2259, 0, 0, 0
17011, 2234, 0, 0, 0
18008, 2162, 0, 0, 0
19013, 2167, 0, 0, 0
20012, 2294, 0, 0, 0
21022, 2181, 0, 0, 0
22009, 2258, 0, 0, 0
23010, 2284, 0, 0, 0
24010, 2154, 0, 0, 0
25014, 2289, 0, 0, 0
26011, 2222, 0, 0, 0
27019, 2262, 0, 0, 0
28014, 2205, 0, 0, 0
29008, 2234, 0, 0, 0
30016, 2187, 0, 0, 0
