1029, 56336509, 0, 0, 0
2038, 66822416, 0, 0, 0
3032, 67215233, 0, 0, 0
4026, 66843201, 0, 0, 0
5028, 67852237, 0, 0, 0
6031, 66661608, 0, 0, 0
7027, 66263445, 0, 0, 0
8032, 67530526, 0, 0, 0
9027, 66621752, 0, 0, 0
10029, 66682286, 0, 0, 0
11027, 66336749, 0, 0, 0
12029, 66461373, 0, 0, 0
13031, 67885920, 0, 0, 0
14025, 66302137, 0, 0, 0
15029, 66722655, 0, 0, 0
16031, 67899890, 0, 0, 0
17028, 66697115, 0, 0, 0
18038, 66419163, 0, 0, 0
19034, 66423496, 0, 0, 0
20028, 67721021, 0, 0, 0
21032, 65975912, 0, 0, 0
22031, 67430977, 0, 0, 0
23028, 66393827, 0, 0, 0
24025, 66836246, 0, 0, 0
25034, 66775223, 0, 0, 0
26001, 66585336, 0, 0, 0
27028, 67073443, 0, 0, 0
28000, 67700238, 0, 0, 0
29025, 66972971, 0, 0, 0
30030, 66305824, 0, 0, 0
30089, 112271486, 0, 0, 0
