1000, 1485, 0, 0, 0
2000, 1505, 0, 0, 0
3000, 1421, 0, 0, 0
4000, 1425, 0, 0, 0
5000, 1459, 0, 0, 0
6000, 1450, 0, 0, 0
7000, 1427, 0, 0, 0
8000, 1369, 0, 0, 0
9000, 1398, 0, 0, 0
10000, 1401, 0, 0, 0
11000, 1426, 0, 0, 0
12000, 1461, 0, 0, 0
13000, 1418, 0, 0, 0
14000, 1411, 0, 0, 0
15000, 1427, 0, 0, 0
16000, 1471, 0, 0, 0
17000, 1521, 0, 0, 0
18000, 1481, 0, 0, 0
19000, 1490, 0, 0, 0
20000, 1508, 0, 0, 0
21000, 1501, 0, 0, 0
22000, 1493, 0, 0, 0
23000, 1495, 0, 0, 0
24000, 1482, 0, 0, 0
25000, 1517, 0, 0, 0
26000, 1503, 0, 0, 0
27000, 1525, 0, 0, 0
28000, 1480, 0, 0, 0
29000, 1525, 0, 0, 0
30002, 1537, 0, 0, 0
