1000, 30107800, 0, 0, 0
2037, 33018285, 0, 0, 0
3033, 33586085, 0, 0, 0
4030, 33139816, 0, 0, 0
5000, 33911327, 0, 0, 0
6032, 32843595, 0, 0, 0
7000, 33839427, 0, 0, 0
8000, 33031215, 0, 0, 0
9002, 33169664, 0, 0, 0
10000, 34227455, 0, 0, 0
11000, 33206462, 0, 0, 0
12033, 33055769, 0, 0, 0
13043, 33479026, 0, 0, 0
14000, 34266608, 0, 0, 0
15000, 33179875, 0, 0, 0
16033, 33298348, 0, 0, 0
17000, 33938900, 0, 0, 0
18000, 33474318, 0, 0, 0
19031, 32759501, 0, 0, 0
20000, 33904795, 0, 0, 0
21000, 33358776, 0, 0, 0
22034, 33084681, 0, 0, 0
23000, 33581810, 0, 0, 0
24377, 35456049, 0, 0, 0
25036, 58176617, 0, 0, 0
26030, 33510819, 0, 0, 0
27031, 33268870, 0, 0, 0
28030, 33517963, 0, 0, 0
29000, 33848586, 0, 0, 0
30001, 33233057, 0, 0, 0
30043, 48434593, 0, 0, 0
