1001, 13594, 0, 0, 0
2001, 13937, 0, 0, 0
3000, 14366, 0, 0, 0
4000, 14156, 0, 0, 0
5000, 13617, 0, 0, 0
6000, 14068, 0, 0, 0
7000, 14590, 0, 0, 0
8000, 14624, 0, 0, 0
9001, 14472, 0, 0, 0
10000, 14286, 0, 0, 0
11001, 13812, 0, 0, 0
12000, 13793, 0, 0, 0
13001, 14184, 0, 0, 0
14000, 14462, 0, 0, 0
15000, 14348, 0, 0, 0
16001, 13996, 0, 0, 0
17000, 13661, 0, 0, 0
18000, 13560, 0, 0, 0
19001, 13704, 0, 0, 0
20000, 13529, 0, 0, 0
21000, 13836, 0, 0, 0
22000, 13605, 0, 0, 0
23000, 12932, 0, 0, 0
24000, 13616, 0, 0, 0
25000, 13020, 0, 0, 0
26000, 13665, 0, 0, 0
27000, 13556, 0, 0, 0
28001, 13876, 0, 0, 0
29000, 13457, 0, 0, 0
30000, 13512, 0, 0, 0
