1002, 7453511, 0, 0, 0
2000, 8452615, 0, 0, 0
3000, 8293714, 0, 0, 0
4000, 8410101, 0, 0, 0
5008, 8289624, 0, 0, 0
6002, 8254625, 0, 0, 0
7005, 8224603, 0, 0, 0
8000, 8465071, 0, 0, 0
9004, 8224694, 0, 0, 0
10000, 8542723, 0, 0, 0
11000, 8195226, 0, 0, 0
12000, 8443647, 0, 0, 0
13004, 8095485, 0, 0, 0
14000, 8302507, 0, 0, 0
15010, 8292892, 0, 0, 0
16002, 8391317, 0, 0, 0
17000, 8435119, 0, 0, 0
18003, 8174663, 0, 0, 0
19000, 8476701, 0, 0, 0
20002, 8233729, 0, 0, 0
21010, 8214013, 0, 0, 0
22001, 8320489, 0, 0, 0
23012, 8349919, 0, 0, 0
24000, 8500646, 0, 0, 0
25000, 8230222, 0, 0, 0
26008, 8472895, 0, 0, 0
27000, 8233440, 0, 0, 0
28000, 8452727, 0, 0, 0
29008, 8236898, 0, 0, 0
30001, 8423010, 0, 0, 0
30002, 35483411, 0, 0, 0
