1001, 4159, 0, 0, 0
2000, 3903, 0, 0, 0
3000, 3720, 0, 0, 0
4001, 3840, 0, 0, 0
5001, 3784, 0, 0, 0
6001, 3807, 0, 0, 0
7001, 3956, 0, 0, 0
8001, 3700, 0, 0, 0
9001, 3915, 0, 0, 0
10001, 3887, 0, 0, 0
11001, 3687, 0, 0, 0
12001, 3928, 0, 0, 0
13001, 3756, 0, 0, 0
14001, 3811, 0, 0, 0
15001, 3904, 0, 0, 0
16001, 3763, 0, 0, 0
17001, 3864, 0, 0, 0
18001, 3903, 0, 0, 0
19001, 3740, 0, 0, 0
20001, 3919, 0, 0, 0
21000, 3815, 0, 0, 0
22000, 3852, 0, 0, 0
23001, 3840, 0, 0, 0
24001, 3759, 0, 0, 0
25001, 3880, 0, 0, 0
26001, 3855, 0, 0, 0
27001, 3784, 0, 0, 0
28001, 3835, 0, 0, 0
29001, 3867, 0, 0, 0
30001, 3712, 0, 0, 0
