1028, 7529191, 0, 0, 0
2022, 8206133, 0, 0, 0
3032, 8277321, 0, 0, 0
4028, 8544356, 0, 0, 0
5036, 8405503, 0, 0, 0
6028, 8245028, 0, 0, 0
7024, 8272200, 0, 0, 0
8026, 8587765, 0, 0, 0
9023, 8319483, 0, 0, 0
10034, 8368530, 0, 0, 0
11025, 8547124, 0, 0, 0
12031, 8364013, 0, 0, 0
13031, 8446836, 0, 0, 0
14024, 8377798, 0, 0, 0
15033, 8533606, 0, 0, 0
16023, 8429377, 0, 0, 0
17036, 8527564, 0, 0, 0
18000, 8601157, 0, 0, 0
19024, 8236043, 0, 0, 0
20034, 8414254, 0, 0, 0
21027, 8376122, 0, 0, 0
22026, 8500645, 0, 0, 0
23033, 8242956, 0, 0, 0
24029, 8315804, 0, 0, 0
25023, 8372135, 0, 0, 0
26000, 8654608, 0, 0, 0
27028, 8339683, 0, 0, 0
28028, 8379165, 0, 0, 0
29029, 8374716, 0, 0, 0
30024, 8521016, 0, 0, 0
30025, 35452270, 0, 0, 0
