1029, 58296124, 0, 0, 0
2038, 66802125, 0, 0, 0
3032, 67224791, 0, 0, 0
4026, 67283314, 0, 0, 0
5000, 67255044, 0, 0, 0
6030, 66572340, 0, 0, 0
7024, 66689533, 0, 0, 0
8032, 67715927, 0, 0, 0
9026, 66967380, 0, 0, 0
10029, 67642234, 0, 0, 0
11026, 66637898, 0, 0, 0
12026, 66889174, 0, 0, 0
13030, 67122062, 0, 0, 0
14025, 66792112, 0, 0, 0
15027, 66861123, 0, 0, 0
16030, 67407001, 0, 0, 0
17027, 67004520, 0, 0, 0
18037, 66538526, 0, 0, 0
19032, 67069510, 0, 0, 0
20027, 67680528, 0, 0, 0
21031, 66296696, 0, 0, 0
22031, 67583870, 0, 0, 0
23027, 66852784, 0, 0, 0
24025, 66455728, 0, 0, 0
25033, 67570709, 0, 0, 0
26023, 66948039, 0, 0, 0
27027, 66526720, 0, 0, 0
28001, 67385118, 0, 0, 0
29025, 66805241, 0, 0, 0
30030, 66031410, 0, 0, 0
30089, 119310579, 0, 0, 0
