1012, 14739826, 0, 0, 0
2022, 16746292, 0, 0, 0
3016, 16870274, 0, 0, 0
4012, 16618296, 0, 0, 0
5007, 16545633, 0, 0, 0
6016, 16838561, 0, 0, 0
7010, 16827208, 0, 0, 0
8020, 16766790, 0, 0, 0
9014, 16717087, 0, 0, 0
10008, 16676844, 0, 0, 0
11014, 16931969, 0, 0, 0
12009, 16489294, 0, 0, 0
13017, 16950801, 0, 0, 0
14013, 16707805, 0, 0, 0
15014, 16666506, 0, 0, 0
16017, 16869415, 0, 0, 0
17012, 16643811, 0, 0, 0
18022, 16735389, 0, 0, 0
19017, 16947893, 0, 0, 0
20010, 16648701, 0, 0, 0
21021, 16638599, 0, 0, 0
22012, 16840545, 0, 0, 0
23011, 16768686, 0, 0, 0
24011, 16710067, 0, 0, 0
25015, 16814938, 0, 0, 0
26009, 16630119, 0, 0, 0
27021, 16674430, 0, 0, 0
28015, 16940536, 0, 0, 0
29007, 16608167, 0, 0, 0
30019, 16893396, 0, 0, 0
30022, 40836570, 0, 0, 0
