1001, 809, 0, 0, 0
2001, 841, 0, 0, 0
3000, 816, 0, 0, 0
4000, 831, 0, 0, 0
5000, 841, 0, 0, 0
6000, 843, 0, 0, 0
7000, 835, 0, 0, 0
8000, 856, 0, 0, 0
9000, 852, 0, 0, 0
10000, 844, 0, 0, 0
11000, 835, 0, 0, 0
12000, 851, 0, 0, 0
13000, 862, 0, 0, 0
14000, 866, 0, 0, 0
15000, 856, 0, 0, 0
16000, 848, 0, 0, 0
17000, 783, 0, 0, 0
18000, 818, 0, 0, 0
19000, 802, 0, 0, 0
20000, 818, 0, 0, 0
21000, 809, 0, 0, 0
22000, 809, 0, 0, 0
23000, 805, 0, 0, 0
24000, 764, 0, 0, 0
25000, 801, 0, 0, 0
26000, 812, 0, 0, 0
27000, 820, 0, 0, 0
28000, 777, 0, 0, 0
29000, 828, 0, 0, 0
30000, 816, 0, 0, 0
