1000, 858, 0, 0, 0
2000, 865, 0, 0, 0
3000, 870, 0, 0, 0
4000, 805, 0, 0, 0
5000, 863, 0, 0, 0
6000, 847, 0, 0, 0
7001, 878, 0, 0, 0
8000, 875, 0, 0, 0
9000, 897, 0, 0, 0
10000, 903, 0, 0, 0
11000, 888, 0, 0, 0
12000, 887, 0, 0, 0
13000, 878, 0, 0, 0
14000, 881, 0, 0, 0
15000, 893, 0, 0, 0
16000, 892, 0, 0, 0
17000, 844, 0, 0, 0
18000, 842, 0, 0, 0
19001, 836, 0, 0, 0
20000, 847, 0, 0, 0
21000, 849, 0, 0, 0
22000, 837, 0, 0, 0
23000, 836, 0, 0, 0
24000, 808, 0, 0, 0
25000, 838, 0, 0, 0
26000, 836, 0, 0, 0
27001, 829, 0, 0, 0
28000, 827, 0, 0, 0
29000, 828, 0, 0, 0
30001, 838, 0, 0, 0
