1000, 536, 0, 0, 0
2000, 477, 0, 0, 0
3000, 479, 0, 0, 0
4000, 481, 0, 0, 0
5000, 479, 0, 0, 0
6000, 477, 0, 0, 0
7000, 476, 0, 0, 0
8000, 479, 0, 0, 0
9000, 474, 0, 0, 0
10000, 469, 0, 0, 0
11000, 479, 0, 0, 0
12000, 476, 0, 0, 0
13000, 481, 0, 0, 0
14000, 477, 0, 0, 0
15000, 474, 0, 0, 0
16000, 471, 0, 0, 0
17001, 486, 0, 0, 0
18000, 479, 0, 0, 0
19000, 479, 0, 0, 0
20001, 481, 0, 0, 0
21000, 476, 0, 0, 0
22000, 478, 0, 0, 0
23000, 477, 0, 0, 0
24000, 473, 0, 0, 0
25001, 481, 0, 0, 0
26000, 477, 0, 0, 0
27000, 468, 0, 0, 0
28000, 477, 0, 0, 0
29000, 480, 0, 0, 0
30000, 481, 0, 0, 0
