1000, 2432, 0, 0, 0
2001, 2390, 0, 0, 0
3000, 2947, 0, 0, 0
4001, 2297, 0, 0, 0
5000, 2334, 0, 0, 0
6000, 2869, 0, 0, 0
7003, 2282, 0, 0, 0
8001, 2143, 0, 0, 0
9000, 2160, 0, 0, 0
10001, 2275, 0, 0, 0
11000, 3034, 0, 0, 0
12000, 2369, 0, 0, 0
13000, 3186, 0, 0, 0
14000, 2439, 0, 0, 0
15041, 3394, 0, 0, 0
16000, 2301, 0, 0, 0
17001, 18735, 0, 0, 0
18054, 283719, 0, 0, 0
19000, 95770, 0, 0, 0
20000, 2213, 0, 0, 0
21002, 2523, 0, 0, 0
22001, 2090, 0, 0, 0
23000, 2134, 0, 0, 0
24000, 2258, 0, 0, 0
25002, 2343, 0, 0, 0
26000, 2250, 0, 0, 0
27000, 2117, 0, 0, 0
28000, 2388, 0, 0, 0
29047, 2340, 0, 0, 0
30154, 2341, 0, 0, 0
