1028, 7303482, 0, 0, 0
2026, 8338969, 0, 0, 0
3026, 8413277, 0, 0, 0
4032, 8423948, 0, 0, 0
5025, 8265936, 0, 0, 0
6034, 8387679, 0, 0, 0
7027, 8473616, 0, 0, 0
8028, 8415597, 0, 0, 0
9031, 8350089, 0, 0, 0
10025, 8397706, 0, 0, 0
11034, 8441980, 0, 0, 0
12026, 8381552, 0, 0, 0
13003, 8444096, 0, 0, 0
14029, 8334140, 0, 0, 0
15025, 8412861, 0, 0, 0
16000, 8537606, 0, 0, 0
17029, 8293540, 0, 0, 0
18023, 8118907, 0, 0, 0
19032, 8543588, 0, 0, 0
20029, 8415185, 0, 0, 0
21023, 8143934, 0, 0, 0
22024, 8296077, 0, 0, 0
23025, 8495002, 0, 0, 0
24027, 8374178, 0, 0, 0
25028, 8357396, 0, 0, 0
26038, 8280635, 0, 0, 0
27001, 8496553, 0, 0, 0
28026, 8315966, 0, 0, 0
29023, 8397502, 0, 0, 0
30030, 8433451, 0, 0, 0
30031, 45767720, 0, 0, 0
