1000, 540, 0, 0, 0
2000, 478, 0, 0, 0
3000, 476, 0, 0, 0
4001, 473, 0, 0, 0
5001, 477, 0, 0, 0
6001, 474, 0, 0, 0
7001, 479, 0, 0, 0
8001, 480, 0, 0, 0
9001, 478, 0, 0, 0
10001, 480, 0, 0, 0
11001, 477, 0, 0, 0
12001, 481, 0, 0, 0
13001, 479, 0, 0, 0
14001, 477, 0, 0, 0
15001, 477, 0, 0, 0
16001, 479, 0, 0, 0
17001, 479, 0, 0, 0
18001, 479, 0, 0, 0
19001, 478, 0, 0, 0
20001, 480, 0, 0, 0
21001, 480, 0, 0, 0
22001, 478, 0, 0, 0
23001, 481, 0, 0, 0
24001, 478, 0, 0, 0
25001, 477, 0, 0, 0
26001, 478, 0, 0, 0
27001, 479, 0, 0, 0
28001, 478, 0, 0, 0
29001, 481, 0, 0, 0
30001, 475, 0, 0, 0
