1000, 29249751, 0, 0, 0
2037, 33149871, 0, 0, 0
3000, 33612177, 0, 0, 0
4031, 33173200, 0, 0, 0
5000, 34221616, 0, 0, 0
6002, 33010654, 0, 0, 0
7000, 33833721, 0, 0, 0
8000, 33507882, 0, 0, 0
9003, 33017857, 0, 0, 0
10000, 34014878, 0, 0, 0
11000, 33419799, 0, 0, 0
12000, 33167250, 0, 0, 0
13044, 32789886, 0, 0, 0
14000, 33981163, 0, 0, 0
15000, 33285512, 0, 0, 0
16033, 33067347, 0, 0, 0
17000, 34164867, 0, 0, 0
18000, 33650697, 0, 0, 0
19032, 32796979, 0, 0, 0
20000, 33788177, 0, 0, 0
21000, 33419897, 0, 0, 0
22035, 33083059, 0, 0, 0
23000, 33466277, 0, 0, 0
24374, 35557106, 0, 0, 0
25036, 59228863, 0, 0, 0
26000, 33614114, 0, 0, 0
27031, 33086607, 0, 0, 0
28031, 33300705, 0, 0, 0
29000, 34070170, 0, 0, 0
30000, 32978288, 0, 0, 0
30045, 50941369, 0, 0, 0
