1000, 544, 0, 0, 0
2000, 484, 0, 0, 0
3000, 475, 0, 0, 0
4000, 474, 0, 0, 0
5000, 482, 0, 0, 0
6000, 484, 0, 0, 0
7000, 473, 0, 0, 0
8000, 481, 0, 0, 0
9000, 479, 0, 0, 0
10000, 477, 0, 0, 0
11000, 495, 0, 0, 0
12000, 475, 0, 0, 0
13000, 464, 0, 0, 0
14001, 478, 0, 0, 0
15001, 474, 0, 0, 0
16000, 490, 0, 0, 0
17000, 485, 0, 0, 0
18000, 459, 0, 0, 0
19001, 510, 0, 0, 0
20000, 483, 0, 0, 0
21000, 480, 0, 0, 0
22000, 480, 0, 0, 0
23000, 478, 0, 0, 0
24000, 475, 0, 0, 0
25000, 477, 0, 0, 0
26001, 472, 0, 0, 0
27000, 475, 0, 0, 0
28000, 473, 0, 0, 0
29001, 494, 0, 0, 0
30001, 490, 0, 0, 0
