1015, 2500, 0, 0, 0
2018, 2446, 0, 0, 0
3014, 2465, 0, 0, 0
4010, 2334, 0, 0, 0
5009, 2391, 0, 0, 0
6013, 2398, 0, 0, 0
7014, 2235, 0, 0, 0
8013, 2382, 0, 0, 0
9013, 2312, 0, 0, 0
10015, 2350, 0, 0, 0
11009, 2374, 0, 0, 0
12020, 2375, 0, 0, 0
13013, 2352, 0, 0, 0
14024, 2462, 0, 0, 0
15012, 2245, 0, 0, 0
16016, 2271, 0, 0, 0
17010, 2366, 0, 0, 0
18008, 2265, 0, 0, 0
19015, 2217, 0, 0, 0
20011, 2322, 0, 0, 0
21021, 2168, 0, 0, 0
22010, 2288, 0, 0, 0
23009, 2204, 0, 0, 0
24009, 2241, 0, 0, 0
25014, 2201, 0, 0, 0
26012, 2308, 0, 0, 0
27019, 2274, 0, 0, 0
28014, 2397, 0, 0, 0
29009, 2307, 0, 0, 0
30015, 2198, 0, 0, 0
