1000, 113272746, 0, 0, 0
2043, 133278934, 0, 0, 0
3000, 134888872, 0, 0, 0
4000, 133849085, 0, 0, 0
5000, 134781058, 0, 0, 0
6000, 133365571, 0, 0, 0
7002, 133568322, 0, 0, 0
8000, 133379949, 0, 0, 0
9000, 133994527, 0, 0, 0
10000, 134948220, 0, 0, 0
11000, 133117626, 0, 0, 0
12000, 134320279, 0, 0, 0
13000, 134054211, 0, 0, 0
14000, 132861848, 0, 0, 0
15008, 133176959, 0, 0, 0
16000, 133128956, 0, 0, 0
17000, 134947230, 0, 0, 0
18000, 132962621, 0, 0, 0
19000, 134774687, 0, 0, 0
20000, 132955721, 0, 0, 0
21001, 133857090, 0, 0, 0
22000, 134192489, 0, 0, 0
23001, 134275912, 0, 0, 0
24000, 134416812, 0, 0, 0
25001, 133160721, 0, 0, 0
26001, 135548667, 0, 0, 0
27000, 133211930, 0, 0, 0
28041, 132860403, 0, 0, 0
29047, 134233767, 0, 0, 0
30000, 134006047, 0, 0, 0
30153, 215408856, 0, 0, 0
