1011, 14349269, 0, 0, 0
2014, 16759920, 0, 0, 0
3010, 16583906, 0, 0, 0
4024, 16649055, 0, 0, 0
5016, 16815907, 0, 0, 0
6010, 16477984, 0, 0, 0
7019, 16853818, 0, 0, 0
8012, 16475323, 0, 0, 0
9022, 16992919, 0, 0, 0
10017, 16623375, 0, 0, 0
11011, 16804331, 0, 0, 0
12018, 17062387, 0, 0, 0
13011, 16711194, 0, 0, 0
14022, 16677963, 0, 0, 0
15013, 16747466, 0, 0, 0
16010, 16963538, 0, 0, 0
17021, 16574628, 0, 0, 0
18013, 16749529, 0, 0, 0
19023, 16692241, 0, 0, 0
20018, 16976379, 0, 0, 0
21013, 16717217, 0, 0, 0
22022, 16705024, 0, 0, 0
23013, 16783666, 0, 0, 0
24010, 16612662, 0, 0, 0
25020, 17001380, 0, 0, 0
26014, 16694802, 0, 0, 0
27021, 16684320, 0, 0, 0
28014, 16738522, 0, 0, 0
29000, 17099823, 0, 0, 0
30021, 16263606, 0, 0, 0
30023, 38340060, 0, 0, 0
