1000, 2321926, 0, 0, 0
2000, 2252068, 0, 0, 0
3000, 2588555, 0, 0, 0
4001, 2287339, 0, 0, 0
5000, 2310411, 0, 0, 0
6000, 2393485, 0, 0, 0
7000, 2309862, 0, 0, 0
8000, 2259168, 0, 0, 0
9000, 2340627, 0, 0, 0
10000, 2337192, 0, 0, 0
11001, 2324878, 0, 0, 0
12000, 2482297, 0, 0, 0
13000, 2334613, 0, 0, 0
14001, 2372511, 0, 0, 0
15001, 2351887, 0, 0, 0
16000, 2470093, 0, 0, 0
17000, 2482651, 0, 0, 0
18000, 2401885, 0, 0, 0
19000, 2466903, 0, 0, 0
20000, 2406033, 0, 0, 0
21000, 2407911, 0, 0, 0
22000, 2353254, 0, 0, 0
23001, 2410688, 0, 0, 0
24001, 2378806, 0, 0, 0
25000, 2317079, 0, 0, 0
26000, 2341933, 0, 0, 0
27001, 2414683, 0, 0, 0
28000, 2379022, 0, 0, 0
29000, 2358727, 0, 0, 0
30000, 2326241, 0, 0, 0
30001, 2274881, 0, 0, 0
