1000, 2137, 0, 0, 0
2037, 2109, 0, 0, 0
3034, 2123, 0, 0, 0
4031, 1914, 0, 0, 0
5000, 1974, 0, 0, 0
6032, 1955, 0, 0, 0
7000, 2029, 0, 0, 0
8000, 2009, 0, 0, 0
9030, 1979, 0, 0, 0
10000, 1956, 0, 0, 0
11000, 1926, 0, 0, 0
12034, 2000, 0, 0, 0
13044, 1971, 0, 0, 0
14000, 2070, 0, 0, 0
15000, 1984, 0, 0, 0
16033, 2050, 0, 0, 0
17000, 2095, 0, 0, 0
18000, 2055, 0, 0, 0
19032, 2125, 0, 0, 0
20000, 2087, 0, 0, 0
21000, 2025, 0, 0, 0
22035, 2005, 0, 0, 0
23038, 1954, 0, 0, 0
24376, 2039, 0, 0, 0
25000, 1825, 0, 0, 0
26000, 1959, 0, 0, 0
27031, 1943, 0, 0, 0
28030, 2003, 0, 0, 0
29000, 1953, 0, 0, 0
30042, 2000, 0, 0, 0
