1000, 553, 0, 0, 0
2000, 471, 0, 0, 0
3000, 483, 0, 0, 0
4000, 465, 0, 0, 0
5000, 476, 0, 0, 0
6000, 460, 0, 0, 0
7000, 463, 0, 0, 0
8000, 478, 0, 0, 0
9000, 478, 0, 0, 0
10000, 480, 0, 0, 0
11000, 476, 0, 0, 0
12000, 483, 0, 0, 0
13000, 467, 0, 0, 0
14001, 476, 0, 0, 0
15000, 479, 0, 0, 0
16000, 475, 0, 0, 0
17000, 476, 0, 0, 0
18000, 447, 0, 0, 0
19001, 496, 0, 0, 0
20000, 475, 0, 0, 0
21000, 487, 0, 0, 0
22000, 475, 0, 0, 0
23000, 479, 0, 0, 0
24000, 470, 0, 0, 0
25000, 490, 0, 0, 0
26000, 475, 0, 0, 0
27000, 478, 0, 0, 0
28000, 480, 0, 0, 0
29000, 479, 0, 0, 0
30000, 454, 0, 0, 0
