1001, 57928648, 0, 0, 0
2000, 66892784, 0, 0, 0
3001, 67001038, 0, 0, 0
4000, 66868549, 0, 0, 0
5001, 66053115, 0, 0, 0
6001, 67513761, 0, 0, 0
7001, 66418327, 0, 0, 0
8003, 67113566, 0, 0, 0
9000, 66563788, 0, 0, 0
10000, 66516928, 0, 0, 0
11004, 67263516, 0, 0, 0
12000, 66842959, 0, 0, 0
13000, 66840786, 0, 0, 0
14006, 66447630, 0, 0, 0
15000, 67579370, 0, 0, 0
16009, 66588327, 0, 0, 0
17001, 67194430, 0, 0, 0
18000, 66965276, 0, 0, 0
19005, 66825616, 0, 0, 0
20000, 66862077, 0, 0, 0
21000, 66879566, 0, 0, 0
22000, 66902794, 0, 0, 0
23000, 67265546, 0, 0, 0
24000, 66949951, 0, 0, 0
25000, 67271403, 0, 0, 0
26000, 66446668, 0, 0, 0
27000, 66783942, 0, 0, 0
28000, 67008989, 0, 0, 0
29000, 66045907, 0, 0, 0
30004, 67557311, 0, 0, 0
30053, 101911294, 0, 0, 0
