1000, 109042827, 0, 0, 0
2000, 133419489, 0, 0, 0
3000, 135042660, 0, 0, 0
4001, 134107859, 0, 0, 0
5000, 133717901, 0, 0, 0
6001, 134132154, 0, 0, 0
7003, 133704250, 0, 0, 0
8002, 133415323, 0, 0, 0
9000, 134113359, 0, 0, 0
10000, 134484617, 0, 0, 0
11000, 133362431, 0, 0, 0
12000, 133849943, 0, 0, 0
13000, 134212864, 0, 0, 0
14000, 133651640, 0, 0, 0
15010, 132689526, 0, 0, 0
16000, 133928172, 0, 0, 0
17001, 134407958, 0, 0, 0
18000, 133195368, 0, 0, 0
19000, 134593637, 0, 0, 0
20000, 133760119, 0, 0, 0
21002, 133337151, 0, 0, 0
22002, 133901123, 0, 0, 0
23000, 134205420, 0, 0, 0
24000, 134698974, 0, 0, 0
25002, 133663629, 0, 0, 0
26000, 135699821, 0, 0, 0
27000, 133438759, 0, 0, 0
28000, 133131114, 0, 0, 0
29000, 134482425, 0, 0, 0
30000, 133812841, 0, 0, 0
30154, 223022858, 0, 0, 0
