1001, 535, 0, 0, 0
2001, 480, 0, 0, 0
3001, 476, 0, 0, 0
4001, 479, 0, 0, 0
5001, 480, 0, 0, 0
6001, 477, 0, 0, 0
7001, 478, 0, 0, 0
8001, 479, 0, 0, 0
9001, 480, 0, 0, 0
10001, 480, 0, 0, 0
11001, 482, 0, 0, 0
12001, 476, 0, 0, 0
13002, 478, 0, 0, 0
14001, 481, 0, 0, 0
15002, 476, 0, 0, 0
16001, 475, 0, 0, 0
17001, 477, 0, 0, 0
18001, 477, 0, 0, 0
19002, 481, 0, 0, 0
20001, 475, 0, 0, 0
21001, 476, 0, 0, 0
22001, 477, 0, 0, 0
23001, 476, 0, 0, 0
24001, 477, 0, 0, 0
25001, 482, 0, 0, 0
26001, 476, 0, 0, 0
27001, 476, 0, 0, 0
28002, 476, 0, 0, 0
29001, 481, 0, 0, 0
30001, 478, 0, 0, 0
