1003, 116520582, 0, 0, 0
2037, 134162869, 0, 0, 0
3000, 134286291, 0, 0, 0
4000, 134164442, 0, 0, 0
5001, 134382175, 0, 0, 0
6000, 134039816, 0, 0, 0
7002, 133209457, 0, 0, 0
8000, 134103163, 0, 0, 0
9000, 133564467, 0, 0, 0
10001, 134397909, 0, 0, 0
11001, 133580441, 0, 0, 0
12000, 134398580, 0, 0, 0
13000, 134064371, 0, 0, 0
14000, 133622956, 0, 0, 0
15039, 132803308, 0, 0, 0
16001, 134077329, 0, 0, 0
17001, 135008732, 0, 0, 0
18050, 132755880, 0, 0, 0
19000, 135681644, 0, 0, 0
20000, 132796040, 0, 0, 0
21001, 134178639, 0, 0, 0
22000, 133247809, 0, 0, 0
23002, 134242977, 0, 0, 0
24000, 133107396, 0, 0, 0
25000, 133520270, 0, 0, 0
26000, 135245119, 0, 0, 0
27002, 134004969, 0, 0, 0
28001, 132637954, 0, 0, 0
29046, 134256221, 0, 0, 0
30001, 134250861, 0, 0, 0
30153, 212692542, 0, 0, 0
