1001, 2356444, 0, 0, 0
2001, 2348545, 0, 0, 0
3000, 2369041, 0, 0, 0
4001, 2341028, 0, 0, 0
5000, 2369354, 0, 0, 0
6000, 2255130, 0, 0, 0
7001, 2371761, 0, 0, 0
8000, 2300445, 0, 0, 0
9001, 2367628, 0, 0, 0
10000, 2300482, 0, 0, 0
11000, 2285783, 0, 0, 0
12000, 2300880, 0, 0, 0
13001, 2238134, 0, 0, 0
14001, 2363551, 0, 0, 0
15000, 2247115, 0, 0, 0
16000, 2317658, 0, 0, 0
17000, 2360644, 0, 0, 0
18000, 2316124, 0, 0, 0
19000, 2318520, 0, 0, 0
20000, 2323197, 0, 0, 0
21000, 2374717, 0, 0, 0
22000, 2339185, 0, 0, 0
23000, 2420807, 0, 0, 0
24000, 2449806, 0, 0, 0
25000, 2396740, 0, 0, 0
26000, 2347477, 0, 0, 0
27001, 2307731, 0, 0, 0
28000, 2453884, 0, 0, 0
29000, 2411764, 0, 0, 0
30000, 2448695, 0, 0, 0
30002, 2156486, 0, 0, 0
