999, 532, 0, 0, 0
2000, 479, 0, 0, 0
3000, 474, 0, 0, 0
4000, 479, 0, 0, 0
5000, 481, 0, 0, 0
6000, 482, 0, 0, 0
7000, 483, 0, 0, 0
8000, 479, 0, 0, 0
9000, 482, 0, 0, 0
10000, 481, 0, 0, 0
11000, 475, 0, 0, 0
12000, 479, 0, 0, 0
13001, 477, 0, 0, 0
14000, 478, 0, 0, 0
15000, 475, 0, 0, 0
16000, 477, 0, 0, 0
17000, 478, 0, 0, 0
18000, 483, 0, 0, 0
19001, 478, 0, 0, 0
20000, 478, 0, 0, 0
21000, 475, 0, 0, 0
22000, 480, 0, 0, 0
23000, 478, 0, 0, 0
24000, 478, 0, 0, 0
25000, 475, 0, 0, 0
26000, 477, 0, 0, 0
27000, 478, 0, 0, 0
28001, 485, 0, 0, 0
29000, 479, 0, 0, 0
30000, 477, 0, 0, 0
