1000, 521, 0, 0, 0
1999, 473, 0, 0, 0
2999, 480, 0, 0, 0
3999, 470, 0, 0, 0
5000, 481, 0, 0, 0
5999, 476, 0, 0, 0
6999, 456, 0, 0, 0
7999, 466, 0, 0, 0
9999, 435, 0, 0, 0
11000, 480, 0, 0, 0
12000, 459, 0, 0, 0
12999, 480, 0, 0, 0
13999, 467, 0, 0, 0
15000, 478, 0, 0, 0
15999, 471, 0, 0, 0
16999, 455, 0, 0, 0
18000, 469, 0, 0, 0
18999, 459, 0, 0, 0
19999, 455, 0, 0, 0
20999, 475, 0, 0, 0
22000, 468, 0, 0, 0
22999, 470, 0, 0, 0
23999, 478, 0, 0, 0
25000, 465, 0, 0, 0
25999, 475, 0, 0, 0
26999, 474, 0, 0, 0
27999, 477, 0, 0, 0
29000, 477, 0, 0, 0
30000, 456, 0, 0, 0
