1028, 58325305, 0, 0, 0
2037, 66632443, 0, 0, 0
3031, 67351168, 0, 0, 0
4026, 67346142, 0, 0, 0
5001, 67372091, 0, 0, 0
6029, 66857339, 0, 0, 0
7024, 66774955, 0, 0, 0
8031, 66276032, 0, 0, 0
9026, 67169560, 0, 0, 0
10028, 67543263, 0, 0, 0
11026, 67254355, 0, 0, 0
12026, 66918401, 0, 0, 0
13031, 67283338, 0, 0, 0
14024, 66529648, 0, 0, 0
15027, 66468754, 0, 0, 0
16030, 67419782, 0, 0, 0
17026, 66812191, 0, 0, 0
18037, 65453647, 0, 0, 0
19032, 67770796, 0, 0, 0
20027, 66749284, 0, 0, 0
21031, 66584284, 0, 0, 0
22031, 67904967, 0, 0, 0
23027, 66284067, 0, 0, 0
24024, 66716955, 0, 0, 0
25033, 67366945, 0, 0, 0
26024, 67468235, 0, 0, 0
27026, 66145421, 0, 0, 0
28000, 67370999, 0, 0, 0
29024, 67031733, 0, 0, 0
30029, 66367533, 0, 0, 0
30082, 107135236, 0, 0, 0
