1000, 2350, 0, 0, 0
2042, 2281, 0, 0, 0
3000, 22871, 0, 0, 0
4000, 6758, 0, 0, 0
5000, 2430, 0, 0, 0
6038, 2401, 0, 0, 0
7003, 2442, 0, 0, 0
8000, 2576, 0, 0, 0
9000, 2338, 0, 0, 0
10002, 2510, 0, 0, 0
11000, 2301, 0, 0, 0
12000, 2459, 0, 0, 0
13000, 2515, 0, 0, 0
14000, 2477, 0, 0, 0
15009, 2397, 0, 0, 0
16047, 2356, 0, 0, 0
17000, 2410, 0, 0, 0
18006, 2391, 0, 0, 0
19000, 2466, 0, 0, 0
20000, 2466, 0, 0, 0
21001, 2503, 0, 0, 0
22000, 2328, 0, 0, 0
23002, 2399, 0, 0, 0
24000, 2441, 0, 0, 0
25002, 2459, 0, 0, 0
26000, 2349, 0, 0, 0
27000, 2466, 0, 0, 0
28000, 2538, 0, 0, 0
29001, 2408, 0, 0, 0
30153, 2348, 0, 0, 0
