1000, 112053486, 0, 0, 0
2042, 133030529, 0, 0, 0
3001, 135098519, 0, 0, 0
4000, 134268570, 0, 0, 0
5000, 132200216, 0, 0, 0
6000, 133591139, 0, 0, 0
7002, 133763795, 0, 0, 0
8000, 133880355, 0, 0, 0
9039, 133270918, 0, 0, 0
10000, 135035931, 0, 0, 0
11000, 133115915, 0, 0, 0
12000, 133913215, 0, 0, 0
13001, 134143921, 0, 0, 0
14001, 133697900, 0, 0, 0
15040, 132446110, 0, 0, 0
16001, 133945890, 0, 0, 0
17000, 134361567, 0, 0, 0
18051, 133266478, 0, 0, 0
19000, 134213157, 0, 0, 0
20039, 133406640, 0, 0, 0
21002, 133828245, 0, 0, 0
22000, 134018702, 0, 0, 0
23000, 134037638, 0, 0, 0
24000, 134348643, 0, 0, 0
25001, 132950092, 0, 0, 0
26000, 134905624, 0, 0, 0
27000, 133459009, 0, 0, 0
28000, 133017541, 0, 0, 0
29047, 134288054, 0, 0, 0
30000, 135020195, 0, 0, 0
30153, 212518292, 0, 0, 0
