1001, 545, 0, 0, 0
2001, 477, 0, 0, 0
3001, 486, 0, 0, 0
4000, 483, 0, 0, 0
5001, 492, 0, 0, 0
6000, 495, 0, 0, 0
7000, 476, 0, 0, 0
8001, 481, 0, 0, 0
10000, 433, 0, 0, 0
11001, 486, 0, 0, 0
12001, 456, 0, 0, 0
13001, 498, 0, 0, 0
14000, 485, 0, 0, 0
15001, 487, 0, 0, 0
16001, 484, 0, 0, 0
17000, 479, 0, 0, 0
18001, 490, 0, 0, 0
19001, 487, 0, 0, 0
20001, 477, 0, 0, 0
21000, 484, 0, 0, 0
22001, 480, 0, 0, 0
23001, 476, 0, 0, 0
24000, 485, 0, 0, 0
25001, 466, 0, 0, 0
26001, 487, 0, 0, 0
27000, 492, 0, 0, 0
28000, 476, 0, 0, 0
29001, 497, 0, 0, 0
30001, 474, 0, 0, 0
