1000, 3923272, 0, 0, 0
2000, 4196589, 0, 0, 0
3000, 4269360, 0, 0, 0
4001, 4197548, 0, 0, 0
5000, 4252463, 0, 0, 0
6000, 4245549, 0, 0, 0
7000, 4146924, 0, 0, 0
8000, 4349297, 0, 0, 0
9000, 4097942, 0, 0, 0
10000, 4062475, 0, 0, 0
11000, 4287402, 0, 0, 0
12000, 4066063, 0, 0, 0
13000, 4300277, 0, 0, 0
14000, 4180109, 0, 0, 0
15000, 4117375, 0, 0, 0
16001, 4313130, 0, 0, 0
17000, 4192841, 0, 0, 0
18000, 4224037, 0, 0, 0
19000, 4331466, 0, 0, 0
20000, 4164457, 0, 0, 0
21000, 4297521, 0, 0, 0
22000, 4280135, 0, 0, 0
23000, 4188464, 0, 0, 0
24001, 4320994, 0, 0, 0
25000, 4178287, 0, 0, 0
26001, 4432005, 0, 0, 0
27000, 4032427, 0, 0, 0
28001, 4181642, 0, 0, 0
29000, 4369000, 0, 0, 0
30000, 4197552, 0, 0, 0
30020, 22841832, 0, 0, 0
