1018, 2006, 0, 0, 0
2020, 1915, 0, 0, 0
3030, 1937, 0, 0, 0
4023, 2045, 0, 0, 0
5018, 1899, 0, 0, 0
6028, 1955, 0, 0, 0
7023, 1993, 0, 0, 0
8019, 1941, 0, 0, 0
9030, 1902, 0, 0, 0
10022, 1879, 0, 0, 0
11018, 1956, 0, 0, 0
12025, 1935, 0, 0, 0
13020, 1917, 0, 0, 0
14032, 1964, 0, 0, 0
15021, 1939, 0, 0, 0
16024, 1949, 0, 0, 0
17018, 1950, 0, 0, 0
18030, 1934, 0, 0, 0
19025, 1976, 0, 0, 0
20020, 1877, 0, 0, 0
21032, 1844, 0, 0, 0
22024, 1915, 0, 0, 0
23018, 1925, 0, 0, 0
24017, 1902, 0, 0, 0
25022, 1977, 0, 0, 0
26017, 1921, 0, 0, 0
27030, 1960, 0, 0, 0
28023, 1936, 0, 0, 0
29017, 1918, 0, 0, 0
30031, 1932, 0, 0, 0
