1000, 2172, 0, 0, 0
2001, 1888, 0, 0, 0
3000, 1949, 0, 0, 0
4000, 1877, 0, 0, 0
5001, 1956, 0, 0, 0
6000, 1989, 0, 0, 0
7000, 1897, 0, 0, 0
8000, 2020, 0, 0, 0
9000, 16, 0, 0, 0
10000, 1681, 0, 0, 0
11001, 2000, 0, 0, 0
12001, 1869, 0, 0, 0
13000, 1929, 0, 0, 0
14000, 1921, 0, 0, 0
15001, 1892, 0, 0, 0
16000, 1921, 0, 0, 0
17000, 1925, 0, 0, 0
18001, 1936, 0, 0, 0
19001, 1941, 0, 0, 0
20000, 1913, 0, 0, 0
21000, 1957, 0, 0, 0
22001, 1956, 0, 0, 0
23000, 1945, 0, 0, 0
24000, 1945, 0, 0, 0
25001, 1880, 0, 0, 0
26000, 1913, 0, 0, 0
27000, 1901, 0, 0, 0
28000, 1865, 0, 0, 0
29001, 1952, 0, 0, 0
30001, 1968, 0, 0, 0
