1000, 542, 0, 0, 0
2000, 477, 0, 0, 0
3000, 488, 0, 0, 0
4000, 471, 0, 0, 0
5000, 485, 0, 0, 0
6000, 476, 0, 0, 0
7000, 475, 0, 0, 0
8000, 488, 0, 0, 0
10000, 365, 0, 0, 0
11000, 488, 0, 0, 0
12000, 473, 0, 0, 0
13000, 487, 0, 0, 0
14000, 485, 0, 0, 0
15000, 483, 0, 0, 0
16000, 480, 0, 0, 0
17000, 481, 0, 0, 0
18000, 487, 0, 0, 0
19000, 479, 0, 0, 0
20000, 466, 0, 0, 0
21000, 480, 0, 0, 0
22000, 477, 0, 0, 0
23000, 474, 0, 0, 0
24000, 497, 0, 0, 0
25000, 472, 0, 0, 0
26000, 488, 0, 0, 0
27000, 484, 0, 0, 0
28000, 469, 0, 0, 0
29000, 499, 0, 0, 0
30000, 473, 0, 0, 0
