1000, 3660162, 0, 0, 0
2001, 4182358, 0, 0, 0
3001, 4113080, 0, 0, 0
4001, 4136597, 0, 0, 0
5002, 4063647, 0, 0, 0
6000, 4042364, 0, 0, 0
7000, 4195834, 0, 0, 0
9240, 6688245, 0, 0, 0
10001, 6412780, 0, 0, 0
11001, 4119980, 0, 0, 0
12000, 4382380, 0, 0, 0
13001, 4006691, 0, 0, 0
14000, 4121679, 0, 0, 0
15032, 4163477, 0, 0, 0
16001, 4074423, 0, 0, 0
17001, 4165537, 0, 0, 0
18001, 4086084, 0, 0, 0
19021, 4137092, 0, 0, 0
20000, 4162738, 0, 0, 0
21000, 4122549, 0, 0, 0
22000, 4171595, 0, 0, 0
23000, 4189814, 0, 0, 0
24036, 4187067, 0, 0, 0
25000, 4226076, 0, 0, 0
26001, 4091509, 0, 0, 0
27022, 4103744, 0, 0, 0
28001, 4155397, 0, 0, 0
29000, 4034381, 0, 0, 0
30000, 4216173, 0, 0, 0
30000, 1942278, 0, 0, 0
