1000, 1019, 0, 0, 0
2000, 953, 0, 0, 0
3000, 936, 0, 0, 0
4000, 951, 0, 0, 0
5000, 940, 0, 0, 0
6000, 941, 0, 0, 0
7000, 965, 0, 0, 0
8000, 918, 0, 0, 0
9000, 976, 0, 0, 0
10000, 985, 0, 0, 0
11000, 931, 0, 0, 0
12000, 986, 0, 0, 0
13000, 928, 0, 0, 0
14000, 955, 0, 0, 0
15000, 972, 0, 0, 0
16000, 926, 0, 0, 0
17000, 953, 0, 0, 0
18000, 948, 0, 0, 0
19000, 921, 0, 0, 0
20000, 960, 0, 0, 0
21000, 930, 0, 0, 0
22000, 937, 0, 0, 0
23000, 952, 0, 0, 0
24000, 925, 0, 0, 0
25000, 956, 0, 0, 0
26000, 903, 0, 0, 0
27000, 991, 0, 0, 0
28000, 956, 0, 0, 0
29000, 915, 0, 0, 0
30000, 952, 0, 0, 0
