1000, 2116, 0, 0, 0
2000, 2024, 0, 0, 0
3000, 2117, 0, 0, 0
4000, 2179, 0, 0, 0
5000, 2085, 0, 0, 0
6000, 2026, 0, 0, 0
7000, 2076, 0, 0, 0
8002, 2071, 0, 0, 0
9000, 2056, 0, 0, 0
10000, 2045, 0, 0, 0
11003, 2180, 0, 0, 0
12000, 2047, 0, 0, 0
13000, 2202, 0, 0, 0
14005, 2070, 0, 0, 0
15000, 2129, 0, 0, 0
16008, 2120, 0, 0, 0
17000, 2124, 0, 0, 0
18000, 2130, 0, 0, 0
19004, 2117, 0, 0, 0
20000, 2102, 0, 0, 0
21001, 2160, 0, 0, 0
22000, 2099, 0, 0, 0
23001, 2142, 0, 0, 0
24000, 2032, 0, 0, 0
25000, 2084, 0, 0, 0
26000, 2090, 0, 0, 0
27000, 2036, 0, 0, 0
28000, 2159, 0, 0, 0
29000, 2211, 0, 0, 0
30052, 2088, 0, 0, 0
