1000, 873, 0, 0, 0
2000, 864, 0, 0, 0
3001, 895, 0, 0, 0
4001, 863, 0, 0, 0
5000, 891, 0, 0, 0
6001, 870, 0, 0, 0
7000, 846, 0, 0, 0
8001, 873, 0, 0, 0
9001, 667, 0, 0, 0
10000, 855, 0, 0, 0
11001, 846, 0, 0, 0
12001, 883, 0, 0, 0
13000, 845, 0, 0, 0
14001, 858, 0, 0, 0
15000, 876, 0, 0, 0
16001, 878, 0, 0, 0
17000, 881, 0, 0, 0
18000, 899, 0, 0, 0
19001, 876, 0, 0, 0
20000, 893, 0, 0, 0
21001, 890, 0, 0, 0
22000, 899, 0, 0, 0
23001, 805, 0, 0, 0
24000, 892, 0, 0, 0
25001, 896, 0, 0, 0
26000, 896, 0, 0, 0
27001, 920, 0, 0, 0
28001, 881, 0, 0, 0
29000, 897, 0, 0, 0
30001, 894, 0, 0, 0
