1000, 549, 0, 0, 0
2000, 480, 0, 0, 0
3000, 478, 0, 0, 0
4001, 476, 0, 0, 0
5001, 484, 0, 0, 0
6001, 474, 0, 0, 0
7001, 479, 0, 0, 0
8001, 480, 0, 0, 0
9001, 479, 0, 0, 0
10001, 481, 0, 0, 0
11000, 478, 0, 0, 0
12001, 480, 0, 0, 0
13001, 479, 0, 0, 0
14001, 479, 0, 0, 0
15001, 481, 0, 0, 0
16001, 480, 0, 0, 0
17001, 476, 0, 0, 0
18001, 475, 0, 0, 0
19001, 479, 0, 0, 0
20001, 477, 0, 0, 0
21001, 475, 0, 0, 0
22001, 479, 0, 0, 0
23001, 476, 0, 0, 0
24001, 480, 0, 0, 0
25001, 479, 0, 0, 0
26001, 480, 0, 0, 0
27001, 480, 0, 0, 0
28001, 480, 0, 0, 0
29001, 476, 0, 0, 0
30001, 480, 0, 0, 0
