1000, 3714652, 0, 0, 0
2000, 4142196, 0, 0, 0
3001, 4133986, 0, 0, 0
4000, 4187015, 0, 0, 0
5000, 4100508, 0, 0, 0
6000, 4103930, 0, 0, 0
7000, 4191337, 0, 0, 0
9242, 6619254, 0, 0, 0
10001, 6303208, 0, 0, 0
11002, 4080177, 0, 0, 0
12000, 4312538, 0, 0, 0
13001, 4148100, 0, 0, 0
14000, 4096940, 0, 0, 0
15003, 4091220, 0, 0, 0
16000, 4203542, 0, 0, 0
17000, 4119568, 0, 0, 0
18000, 4081475, 0, 0, 0
19021, 4172630, 0, 0, 0
20001, 4138660, 0, 0, 0
21001, 4119655, 0, 0, 0
22001, 4130233, 0, 0, 0
23000, 4107433, 0, 0, 0
24036, 4129734, 0, 0, 0
25000, 4047166, 0, 0, 0
26000, 4035871, 0, 0, 0
27022, 4096429, 0, 0, 0
28001, 4332245, 0, 0, 0
29002, 4048476, 0, 0, 0
30000, 4114981, 0, 0, 0
30001, 1907541, 0, 0, 0
