1016, 29424180, 0, 0, 0
2017, 33916071, 0, 0, 0
3014, 33317902, 0, 0, 0
4009, 33182237, 0, 0, 0
5009, 33623401, 0, 0, 0
6012, 33397948, 0, 0, 0
7013, 33292263, 0, 0, 0
8013, 34057736, 0, 0, 0
9012, 33272627, 0, 0, 0
10016, 33653901, 0, 0, 0
11008, 33375540, 0, 0, 0
12019, 33718014, 0, 0, 0
13012, 33282117, 0, 0, 0
14023, 33287984, 0, 0, 0
15012, 33621184, 0, 0, 0
16016, 33706831, 0, 0, 0
17010, 33509945, 0, 0, 0
18008, 33555403, 0, 0, 0
19013, 32978712, 0, 0, 0
20010, 33504998, 0, 0, 0
21021, 33258008, 0, 0, 0
22010, 33409640, 0, 0, 0
23009, 33628512, 0, 0, 0
24009, 33698982, 0, 0, 0
25014, 33403428, 0, 0, 0
26011, 33383235, 0, 0, 0
27018, 33550759, 0, 0, 0
28014, 33128870, 0, 0, 0
29008, 33439087, 0, 0, 0
30009, 33713116, 0, 0, 0
30016, 36067832, 0, 0, 0
