1000, 3808914, 0, 0, 0
2000, 4184887, 0, 0, 0
3000, 4316797, 0, 0, 0
4000, 4128230, 0, 0, 0
5000, 4289771, 0, 0, 0
6001, 4178806, 0, 0, 0
7000, 4173196, 0, 0, 0
8000, 4245927, 0, 0, 0
9000, 4141946, 0, 0, 0
10000, 4061735, 0, 0, 0
11000, 4269654, 0, 0, 0
12000, 4165528, 0, 0, 0
13000, 4325919, 0, 0, 0
14000, 4109184, 0, 0, 0
15000, 4207853, 0, 0, 0
16000, 4254208, 0, 0, 0
17000, 4139173, 0, 0, 0
18000, 4125477, 0, 0, 0
19000, 4245924, 0, 0, 0
20000, 4199379, 0, 0, 0
21000, 4164465, 0, 0, 0
22000, 4253016, 0, 0, 0
23000, 4125071, 0, 0, 0
24000, 4370118, 0, 0, 0
25000, 4162588, 0, 0, 0
26000, 4442060, 0, 0, 0
27001, 4055568, 0, 0, 0
28000, 4189571, 0, 0, 0
29000, 4411735, 0, 0, 0
30000, 4145275, 0, 0, 0
30001, 3358782, 0, 0, 0
