1001, 27544, 0, 0, 0
2000, 28444, 0, 0, 0
3000, 28520, 0, 0, 0
4000, 28420, 0, 0, 0
5000, 28160, 0, 0, 0
6000, 27059, 0, 0, 0
7000, 29024, 0, 0, 0
8000, 28548, 0, 0, 0
9000, 28496, 0, 0, 0
10000, 28544, 0, 0, 0
11000, 28280, 0, 0, 0
12000, 28616, 0, 0, 0
13000, 28720, 0, 0, 0
14000, 28436, 0, 0, 0
15000, 29569, 0, 0, 0
16000, 28856, 0, 0, 0
17000, 27819, 0, 0, 0
18000, 28788, 0, 0, 0
19000, 28728, 0, 0, 0
20000, 28436, 0, 0, 0
21000, 28768, 0, 0, 0
22000, 26968, 0, 0, 0
23000, 28708, 0, 0, 0
24001, 28764, 0, 0, 0
25000, 28760, 0, 0, 0
26000, 25893, 0, 0, 0
27000, 28600, 0, 0, 0
28000, 28296, 0, 0, 0
29000, 28796, 0, 0, 0
30000, 28588, 0, 0, 0
