1031, 2107, 0, 0, 0
2024, 2055, 0, 0, 0
3034, 2081, 0, 0, 0
4028, 1967, 0, 0, 0
5038, 2087, 0, 0, 0
6029, 2052, 0, 0, 0
7025, 2011, 0, 0, 0
8028, 1963, 0, 0, 0
9025, 2004, 0, 0, 0
10036, 2059, 0, 0, 0
11027, 2112, 0, 0, 0
12033, 2217, 0, 0, 0
13033, 2228, 0, 0, 0
14025, 2078, 0, 0, 0
15000, 2049, 0, 0, 0
16025, 2022, 0, 0, 0
17037, 2023, 0, 0, 0
18001, 2240, 0, 0, 0
19026, 1984, 0, 0, 0
20000, 2025, 0, 0, 0
21028, 2093, 0, 0, 0
22028, 2042, 0, 0, 0
23035, 2065, 0, 0, 0
24031, 2482, 0, 0, 0
25025, 1945, 0, 0, 0
26000, 2061, 0, 0, 0
27030, 2163, 0, 0, 0
28030, 2298, 0, 0, 0
29031, 1933, 0, 0, 0
30026, 2199, 0, 0, 0
