1027, 29144824, 0, 0, 0
2023, 33358889, 0, 0, 0
3032, 34239581, 0, 0, 0
4028, 33427590, 0, 0, 0
5000, 33927308, 0, 0, 0
6027, 32984289, 0, 0, 0
7032, 33426622, 0, 0, 0
8027, 33995671, 0, 0, 0
9026, 33315171, 0, 0, 0
10000, 33883495, 0, 0, 0
11030, 33157854, 0, 0, 0
12000, 33347921, 0, 0, 0
13000, 33642147, 0, 0, 0
14027, 33366922, 0, 0, 0
15037, 33339199, 0, 0, 0
16031, 33511315, 0, 0, 0
17026, 33285084, 0, 0, 0
18022, 33667407, 0, 0, 0
19025, 33458825, 0, 0, 0
20023, 33423081, 0, 0, 0
21033, 33635533, 0, 0, 0
22029, 33772054, 0, 0, 0
23037, 33317823, 0, 0, 0
24031, 33760419, 0, 0, 0
25026, 33305473, 0, 0, 0
26036, 33500270, 0, 0, 0
27032, 33847930, 0, 0, 0
28030, 33355993, 0, 0, 0
29026, 33551289, 0, 0, 0
30022, 33404950, 0, 0, 0
30031, 47750347, 0, 0, 0
