1031, 7373936, 0, 0, 0
2024, 8209894, 0, 0, 0
3000, 8433087, 0, 0, 0
4029, 8451320, 0, 0, 0
5038, 8288560, 0, 0, 0
6030, 8263708, 0, 0, 0
7025, 8408218, 0, 0, 0
8028, 8354079, 0, 0, 0
9025, 8336396, 0, 0, 0
10036, 8400578, 0, 0, 0
11027, 8077737, 0, 0, 0
12032, 8388711, 0, 0, 0
13032, 8617316, 0, 0, 0
14025, 8366153, 0, 0, 0
15000, 8476702, 0, 0, 0
16024, 8156057, 0, 0, 0
17037, 8218750, 0, 0, 0
18000, 8398879, 0, 0, 0
19027, 8126703, 0, 0, 0
20000, 8271393, 0, 0, 0
21027, 8359186, 0, 0, 0
22027, 8292379, 0, 0, 0
23036, 8437739, 0, 0, 0
24030, 8397260, 0, 0, 0
25025, 8333686, 0, 0, 0
26000, 8519211, 0, 0, 0
27030, 8362328, 0, 0, 0
28029, 8466523, 0, 0, 0
29031, 8145896, 0, 0, 0
30025, 8111633, 0, 0, 0
30026, 35556398, 0, 0, 0
