1014, 29207933, 0, 0, 0
2018, 33522619, 0, 0, 0
3013, 33523054, 0, 0, 0
4009, 33225000, 0, 0, 0
5009, 33596052, 0, 0, 0
6012, 33501318, 0, 0, 0
7014, 33274275, 0, 0, 0
8013, 33729868, 0, 0, 0
9012, 33178727, 0, 0, 0
10015, 33716489, 0, 0, 0
11008, 33259091, 0, 0, 0
12019, 33606273, 0, 0, 0
13012, 33351405, 0, 0, 0
14023, 33343164, 0, 0, 0
15012, 33440260, 0, 0, 0
16016, 33477319, 0, 0, 0
17010, 33538016, 0, 0, 0
18008, 33343945, 0, 0, 0
19013, 33462588, 0, 0, 0
20011, 33502733, 0, 0, 0
21020, 33254683, 0, 0, 0
22010, 33400829, 0, 0, 0
23009, 33343183, 0, 0, 0
24009, 33814220, 0, 0, 0
25013, 33357330, 0, 0, 0
26011, 33280246, 0, 0, 0
27018, 33546870, 0, 0, 0
28013, 33548820, 0, 0, 0
29008, 33533438, 0, 0, 0
30008, 33734032, 0, 0, 0
30016, 35029818, 0, 0, 0
