1000, 2290253, 0, 0, 0
2001, 2210673, 0, 0, 0
3000, 2290488, 0, 0, 0
4007, 2346254, 0, 0, 0
5000, 2256860, 0, 0, 0
6000, 2336119, 0, 0, 0
7001, 2231372, 0, 0, 0
8001, 2235865, 0, 0, 0
9000, 2181099, 0, 0, 0
10001, 2207098, 0, 0, 0
11001, 2226034, 0, 0, 0
12000, 2220822, 0, 0, 0
13000, 2239322, 0, 0, 0
14001, 2181081, 0, 0, 0
15001, 2188074, 0, 0, 0
16000, 2220897, 0, 0, 0
17000, 2261774, 0, 0, 0
18000, 2294896, 0, 0, 0
19000, 2275483, 0, 0, 0
20001, 2262875, 0, 0, 0
21001, 2264207, 0, 0, 0
22001, 2257084, 0, 0, 0
23000, 2269633, 0, 0, 0
24000, 2345449, 0, 0, 0
25001, 2265489, 0, 0, 0
26000, 2253268, 0, 0, 0
27000, 2264558, 0, 0, 0
28000, 2231734, 0, 0, 0
29000, 2367444, 0, 0, 0
30000, 2365002, 0, 0, 0
30000, 2080032, 0, 0, 0
