1000, 1781, 0, 0, 0
2000, 1659, 0, 0, 0
3000, 1716, 0, 0, 0
4000, 1694, 0, 0, 0
5000, 1733, 0, 0, 0
6000, 1771, 0, 0, 0
7000, 1703, 0, 0, 0
8000, 1726, 0, 0, 0
9000, 1740, 0, 0, 0
10000, 1732, 0, 0, 0
11001, 1711, 0, 0, 0
12001, 1742, 0, 0, 0
13000, 1655, 0, 0, 0
14001, 1714, 0, 0, 0
15000, 1701, 0, 0, 0
16000, 1732, 0, 0, 0
17000, 1698, 0, 0, 0
18000, 1733, 0, 0, 0
19000, 1714, 0, 0, 0
20000, 1716, 0, 0, 0
21000, 1730, 0, 0, 0
22000, 1758, 0, 0, 0
23000, 1711, 0, 0, 0
24000, 1644, 0, 0, 0
25000, 1726, 0, 0, 0
26000, 1727, 0, 0, 0
27000, 1686, 0, 0, 0
28001, 1663, 0, 0, 0
29000, 1678, 0, 0, 0
30002, 1614, 0, 0, 0
