1000, 2289561, 0, 0, 0
2001, 2244267, 0, 0, 0
3000, 2247503, 0, 0, 0
4001, 2337169, 0, 0, 0
5000, 2249890, 0, 0, 0
6001, 2311272, 0, 0, 0
7000, 2224934, 0, 0, 0
8001, 2250945, 0, 0, 0
9000, 2240203, 0, 0, 0
10000, 2189476, 0, 0, 0
11000, 2228506, 0, 0, 0
12001, 2228513, 0, 0, 0
13000, 2221283, 0, 0, 0
14000, 2162446, 0, 0, 0
15000, 2203715, 0, 0, 0
16000, 2187773, 0, 0, 0
17000, 2277560, 0, 0, 0
18000, 2285628, 0, 0, 0
19000, 2301673, 0, 0, 0
20000, 2207891, 0, 0, 0
21000, 2286418, 0, 0, 0
22000, 2294301, 0, 0, 0
23000, 2264619, 0, 0, 0
24000, 2290896, 0, 0, 0
25001, 2240533, 0, 0, 0
26000, 2299238, 0, 0, 0
27000, 2261143, 0, 0, 0
28000, 2233300, 0, 0, 0
29001, 2286549, 0, 0, 0
30002, 2372600, 0, 0, 0
30002, 2444449, 0, 0, 0
