1000, 118098402, 0, 0, 0
2037, 133425551, 0, 0, 0
3000, 134763618, 0, 0, 0
4000, 133850409, 0, 0, 0
5000, 135125239, 0, 0, 0
6000, 134366212, 0, 0, 0
7002, 133283071, 0, 0, 0
8000, 134427291, 0, 0, 0
9038, 133644669, 0, 0, 0
10000, 135103821, 0, 0, 0
11000, 132631102, 0, 0, 0
12000, 134798367, 0, 0, 0
13001, 133978567, 0, 0, 0
14000, 133928978, 0, 0, 0
15039, 132473250, 0, 0, 0
16047, 134208201, 0, 0, 0
17000, 138556244, 0, 0, 0
18004, 132238012, 0, 0, 0
19000, 135290693, 0, 0, 0
20038, 132743564, 0, 0, 0
21001, 134022327, 0, 0, 0
22000, 133739319, 0, 0, 0
23000, 134185707, 0, 0, 0
24000, 135271296, 0, 0, 0
25000, 133006105, 0, 0, 0
26001, 135987287, 0, 0, 0
27000, 133091375, 0, 0, 0
28041, 133863590, 0, 0, 0
29046, 133907119, 0, 0, 0
30000, 133964078, 0, 0, 0
30152, 214683341, 0, 0, 0
