1028, 7416339, 0, 0, 0
2025, 8403797, 0, 0, 0
3026, 8234926, 0, 0, 0
4031, 8333384, 0, 0, 0
5025, 8387833, 0, 0, 0
6034, 8310852, 0, 0, 0
7027, 8377272, 0, 0, 0
8027, 8502314, 0, 0, 0
9031, 8559591, 0, 0, 0
10025, 8223345, 0, 0, 0
11033, 8422074, 0, 0, 0
12025, 8393202, 0, 0, 0
13034, 8431067, 0, 0, 0
14029, 8180223, 0, 0, 0
15025, 8228839, 0, 0, 0
16000, 8423700, 0, 0, 0
17029, 8311314, 0, 0, 0
18023, 8350450, 0, 0, 0
19031, 8551823, 0, 0, 0
20028, 8320898, 0, 0, 0
21023, 8498314, 0, 0, 0
22023, 8665843, 0, 0, 0
23026, 8372789, 0, 0, 0
24000, 8373799, 0, 0, 0
25027, 8331184, 0, 0, 0
26038, 8502110, 0, 0, 0
27000, 8315872, 0, 0, 0
28025, 8366520, 0, 0, 0
29023, 8347993, 0, 0, 0
30029, 8360504, 0, 0, 0
30031, 45646050, 0, 0, 0
