1000, 3718564, 0, 0, 0
2000, 4140157, 0, 0, 0
3001, 4319612, 0, 0, 0
4000, 4209592, 0, 0, 0
5000, 4249701, 0, 0, 0
6000, 4162170, 0, 0, 0
7001, 4082157, 0, 0, 0
8000, 4265939, 0, 0, 0
9000, 4157317, 0, 0, 0
10000, 4151138, 0, 0, 0
11000, 4231889, 0, 0, 0
12000, 4106595, 0, 0, 0
13000, 4300629, 0, 0, 0
14000, 3983640, 0, 0, 0
15000, 4131266, 0, 0, 0
16000, 4232752, 0, 0, 0
17000, 4209492, 0, 0, 0
18000, 4213942, 0, 0, 0
19000, 4160543, 0, 0, 0
20001, 4180295, 0, 0, 0
21000, 4221862, 0, 0, 0
22000, 4210443, 0, 0, 0
23000, 4088869, 0, 0, 0
24000, 4356646, 0, 0, 0
25000, 4085259, 0, 0, 0
26000, 4415890, 0, 0, 0
27000, 4103020, 0, 0, 0
28000, 4233279, 0, 0, 0
29000, 4370332, 0, 0, 0
30001, 4317765, 0, 0, 0
30020, 21876233, 0, 0, 0
