1000, 3552, 0, 0, 0
2000, 3592, 0, 0, 0
3000, 3548, 0, 0, 0
4000, 3315, 0, 0, 0
5000, 3616, 0, 0, 0
6000, 3376, 0, 0, 0
7001, 3560, 0, 0, 0
8000, 3591, 0, 0, 0
9000, 3619, 0, 0, 0
10000, 3636, 0, 0, 0
11000, 3627, 0, 0, 0
12000, 3620, 0, 0, 0
13000, 3600, 0, 0, 0
14000, 3719, 0, 0, 0
15000, 3652, 0, 0, 0
16000, 3624, 0, 0, 0
17000, 3547, 0, 0, 0
18000, 3508, 0, 0, 0
19001, 3552, 0, 0, 0
20000, 3475, 0, 0, 0
21000, 3504, 0, 0, 0
22000, 3464, 0, 0, 0
23000, 3468, 0, 0, 0
24000, 3415, 0, 0, 0
25000, 3508, 0, 0, 0
26000, 3500, 0, 0, 0
27001, 3512, 0, 0, 0
28000, 3563, 0, 0, 0
29000, 3580, 0, 0, 0
30001, 3436, 0, 0, 0
