1001, 2267290, 0, 0, 0
2000, 2266352, 0, 0, 0
3000, 2263603, 0, 0, 0
4001, 2225172, 0, 0, 0
5000, 2252376, 0, 0, 0
6000, 2351171, 0, 0, 0
7001, 2279021, 0, 0, 0
8000, 2388997, 0, 0, 0
9001, 2319019, 0, 0, 0
10001, 2293791, 0, 0, 0
11001, 2371378, 0, 0, 0
12000, 2309908, 0, 0, 0
13001, 2290918, 0, 0, 0
14000, 2409994, 0, 0, 0
15001, 2348113, 0, 0, 0
16000, 2315686, 0, 0, 0
17000, 2310413, 0, 0, 0
18000, 2270244, 0, 0, 0
19000, 2293009, 0, 0, 0
20000, 2244911, 0, 0, 0
21000, 2279955, 0, 0, 0
22000, 2243538, 0, 0, 0
23001, 2262583, 0, 0, 0
24000, 2255858, 0, 0, 0
25001, 2264533, 0, 0, 0
26001, 2267407, 0, 0, 0
27000, 2251397, 0, 0, 0
28000, 2313027, 0, 0, 0
29000, 2370728, 0, 0, 0
30000, 2388201, 0, 0, 0
30002, 3062517, 0, 0, 0
