1028, 58423594, 0, 0, 0
2036, 66455502, 0, 0, 0
3032, 66778808, 0, 0, 0
4025, 66797526, 0, 0, 0
5026, 66886854, 0, 0, 0
6030, 67165335, 0, 0, 0
7024, 65755396, 0, 0, 0
8031, 67811196, 0, 0, 0
9025, 66086392, 0, 0, 0
10002, 66689747, 0, 0, 0
11025, 66902804, 0, 0, 0
12026, 67197792, 0, 0, 0
13030, 67471571, 0, 0, 0
14024, 66459656, 0, 0, 0
15027, 67190371, 0, 0, 0
16030, 66887052, 0, 0, 0
17027, 67047024, 0, 0, 0
18036, 66604771, 0, 0, 0
19033, 66848851, 0, 0, 0
20028, 67330154, 0, 0, 0
21029, 66501420, 0, 0, 0
22032, 67492335, 0, 0, 0
23027, 65941524, 0, 0, 0
24024, 66895147, 0, 0, 0
25033, 66450474, 0, 0, 0
26024, 67768124, 0, 0, 0
27026, 66577227, 0, 0, 0
28000, 67532952, 0, 0, 0
29025, 67043233, 0, 0, 0
30029, 66323010, 0, 0, 0
30088, 113675590, 0, 0, 0
