1000, 2002, 0, 0, 0
2000, 1845, 0, 0, 0
3000, 1929, 0, 0, 0
4006, 1869, 0, 0, 0
5000, 2040, 0, 0, 0
6000, 2088, 0, 0, 0
7001, 2089, 0, 0, 0
8001, 2051, 0, 0, 0
9000, 2013, 0, 0, 0
10000, 2002, 0, 0, 0
11000, 2125, 0, 0, 0
12000, 2001, 0, 0, 0
13000, 2130, 0, 0, 0
14000, 1999, 0, 0, 0
15000, 2085, 0, 0, 0
16000, 1947, 0, 0, 0
17001, 2218, 0, 0, 0
18000, 2194, 0, 0, 0
19000, 2118, 0, 0, 0
20000, 2215, 0, 0, 0
21000, 2174, 0, 0, 0
22000, 2015, 0, 0, 0
23001, 2110, 0, 0, 0
24000, 2018, 0, 0, 0
25000, 2000, 0, 0, 0
26000, 1947, 0, 0, 0
27000, 2188, 0, 0, 0
28000, 2008, 0, 0, 0
29013, 1841, 0, 0, 0
30001, 2213, 0, 0, 0
