1000, 14977309, 0, 0, 0
2005, 16434517, 0, 0, 0
3002, 16721903, 0, 0, 0
4000, 16696018, 0, 0, 0
5010, 16489341, 0, 0, 0
6002, 16786283, 0, 0, 0
7000, 16742123, 0, 0, 0
8007, 16681625, 0, 0, 0
9000, 16622437, 0, 0, 0
10000, 16650770, 0, 0, 0
11005, 16877840, 0, 0, 0
12000, 16608341, 0, 0, 0
13003, 16604967, 0, 0, 0
14006, 16838971, 0, 0, 0
15000, 16674452, 0, 0, 0
16009, 16779474, 0, 0, 0
17005, 16545740, 0, 0, 0
18000, 16630823, 0, 0, 0
19008, 16723707, 0, 0, 0
20004, 16601015, 0, 0, 0
21000, 16534779, 0, 0, 0
22011, 16601042, 0, 0, 0
23005, 16815569, 0, 0, 0
24000, 16590710, 0, 0, 0
25000, 16833282, 0, 0, 0
26002, 16611017, 0, 0, 0
27012, 16511205, 0, 0, 0
28004, 16882065, 0, 0, 0
29000, 16793368, 0, 0, 0
30000, 16422135, 0, 0, 0
30004, 36304671, 0, 0, 0
