1000, 2464875, 0, 0, 0
2000, 2374120, 0, 0, 0
3001, 2445523, 0, 0, 0
4000, 2405543, 0, 0, 0
5000, 2369987, 0, 0, 0
6000, 2371934, 0, 0, 0
7000, 2388126, 0, 0, 0
8001, 2332577, 0, 0, 0
9000, 2345450, 0, 0, 0
10000, 2366545, 0, 0, 0
11000, 2387849, 0, 0, 0
12000, 2348697, 0, 0, 0
13000, 2313371, 0, 0, 0
14000, 2306346, 0, 0, 0
15000, 2333209, 0, 0, 0
16001, 2354647, 0, 0, 0
17000, 2546542, 0, 0, 0
18001, 2443521, 0, 0, 0
19000, 2490439, 0, 0, 0
20000, 2441455, 0, 0, 0
21000, 2464445, 0, 0, 0
22000, 2467847, 0, 0, 0
23000, 2482677, 0, 0, 0
24000, 2613758, 0, 0, 0
25000, 2492614, 0, 0, 0
26001, 2459367, 0, 0, 0
27000, 2433797, 0, 0, 0
28000, 2573795, 0, 0, 0
29000, 2409386, 0, 0, 0
30001, 2448015, 0, 0, 0
30002, 2381261, 0, 0, 0
