1028, 58092724, 0, 0, 0
2037, 66335246, 0, 0, 0
3031, 67523139, 0, 0, 0
4025, 66446911, 0, 0, 0
5000, 67332863, 0, 0, 0
6030, 67061704, 0, 0, 0
7024, 66674764, 0, 0, 0
8032, 67513084, 0, 0, 0
9026, 66770554, 0, 0, 0
10029, 67415544, 0, 0, 0
11026, 66430287, 0, 0, 0
12026, 66628999, 0, 0, 0
13031, 67517031, 0, 0, 0
14024, 66509983, 0, 0, 0
15027, 67228951, 0, 0, 0
16030, 67212273, 0, 0, 0
17027, 67285000, 0, 0, 0
18037, 66414298, 0, 0, 0
19032, 67242143, 0, 0, 0
20028, 67429918, 0, 0, 0
21030, 66167809, 0, 0, 0
22031, 67964492, 0, 0, 0
23027, 66955198, 0, 0, 0
24024, 66637735, 0, 0, 0
25033, 67428571, 0, 0, 0
26023, 67392356, 0, 0, 0
27026, 66103846, 0, 0, 0
28000, 67317322, 0, 0, 0
29024, 66917124, 0, 0, 0
30029, 66601626, 0, 0, 0
30082, 112592231, 0, 0, 0
