1027, 1801, 0, 0, 0
2022, 1740, 0, 0, 0
3033, 1771, 0, 0, 0
4028, 1795, 0, 0, 0
5000, 1775, 0, 0, 0
6027, 1732, 0, 0, 0
7032, 1744, 0, 0, 0
8027, 1714, 0, 0, 0
9027, 1729, 0, 0, 0
10000, 1678, 0, 0, 0
11030, 1632, 0, 0, 0
12000, 1610, 0, 0, 0
13034, 1666, 0, 0, 0
14027, 1746, 0, 0, 0
15036, 1764, 0, 0, 0
16031, 1719, 0, 0, 0
17026, 1767, 0, 0, 0
18023, 1767, 0, 0, 0
19025, 1722, 0, 0, 0
20023, 1745, 0, 0, 0
21033, 1765, 0, 0, 0
22028, 1750, 0, 0, 0
23037, 1692, 0, 0, 0
24031, 1732, 0, 0, 0
25026, 1785, 0, 0, 0
26036, 1743, 0, 0, 0
27032, 1707, 0, 0, 0
28030, 1745, 0, 0, 0
29026, 1838, 0, 0, 0
30030, 1784, 0, 0, 0
