1001, 565, 0, 0, 0
2000, 465, 0, 0, 0
3001, 486, 0, 0, 0
4000, 457, 0, 0, 0
5000, 500, 0, 0, 0
6001, 473, 0, 0, 0
7000, 461, 0, 0, 0
8000, 482, 0, 0, 0
9001, 501, 0, 0, 0
10001, 472, 0, 0, 0
11000, 484, 0, 0, 0
12001, 472, 0, 0, 0
13001, 472, 0, 0, 0
14000, 483, 0, 0, 0
15000, 489, 0, 0, 0
16000, 473, 0, 0, 0
17001, 466, 0, 0, 0
18001, 497, 0, 0, 0
19000, 459, 0, 0, 0
20000, 495, 0, 0, 0
21001, 456, 0, 0, 0
22000, 476, 0, 0, 0
23001, 492, 0, 0, 0
24000, 488, 0, 0, 0
25000, 460, 0, 0, 0
26001, 487, 0, 0, 0
27000, 481, 0, 0, 0
28000, 487, 0, 0, 0
29000, 477, 0, 0, 0
30000, 472, 0, 0, 0
