1001, 2020, 0, 0, 0
2000, 2170, 0, 0, 0
3000, 2037, 0, 0, 0
4000, 2142, 0, 0, 0
5000, 2085, 0, 0, 0
6022, 2247, 0, 0, 0
7000, 2649, 0, 0, 0
8001, 2638, 0, 0, 0
9239, 6237, 0, 0, 0
10000, 2523, 0, 0, 0
11000, 2450, 0, 0, 0
12000, 2498, 0, 0, 0
13001, 2496, 0, 0, 0
14000, 2451, 0, 0, 0
15032, 2487, 0, 0, 0
16000, 2281, 0, 0, 0
17000, 2433, 0, 0, 0
18001, 2563, 0, 0, 0
19021, 2551, 0, 0, 0
20000, 2499, 0, 0, 0
21000, 2564, 0, 0, 0
22000, 2362, 0, 0, 0
23000, 2234, 0, 0, 0
24036, 2074, 0, 0, 0
25000, 1945, 0, 0, 0
26002, 2080, 0, 0, 0
27021, 2066, 0, 0, 0
28000, 2138, 0, 0, 0
29000, 2253, 0, 0, 0
30001, 2237, 0, 0, 0
