1000, 59462609, 0, 0, 0
2001, 67203451, 0, 0, 0
3000, 67189379, 0, 0, 0
4000, 66662506, 0, 0, 0
5000, 66601490, 0, 0, 0
6000, 67457984, 0, 0, 0
7000, 66625334, 0, 0, 0
8002, 67904618, 0, 0, 0
9000, 66570293, 0, 0, 0
10000, 66847290, 0, 0, 0
11003, 67058091, 0, 0, 0
12000, 67496272, 0, 0, 0
13000, 66973620, 0, 0, 0
14006, 66700525, 0, 0, 0
15000, 67520897, 0, 0, 0
16008, 66331792, 0, 0, 0
17000, 67562885, 0, 0, 0
18000, 66971223, 0, 0, 0
19005, 66849779, 0, 0, 0
20000, 67174304, 0, 0, 0
21000, 67421774, 0, 0, 0
22000, 66540383, 0, 0, 0
23000, 67113881, 0, 0, 0
24001, 67128344, 0, 0, 0
25000, 67329295, 0, 0, 0
26000, 66844350, 0, 0, 0
27000, 67525695, 0, 0, 0
28000, 67133717, 0, 0, 0
29000, 66764856, 0, 0, 0
30003, 66916755, 0, 0, 0
30052, 105284212, 0, 0, 0
