1000, 3780000, 0, 0, 0
2000, 4213006, 0, 0, 0
3000, 4224288, 0, 0, 0
4000, 4136816, 0, 0, 0
5000, 4202192, 0, 0, 0
6000, 4216702, 0, 0, 0
7000, 4224811, 0, 0, 0
8000, 4156075, 0, 0, 0
9005, 4117447, 0, 0, 0
10001, 4237180, 0, 0, 0
11000, 4230294, 0, 0, 0
12000, 4141206, 0, 0, 0
13002, 4167868, 0, 0, 0
14000, 4238799, 0, 0, 0
15000, 4187782, 0, 0, 0
16002, 4156393, 0, 0, 0
17000, 4269554, 0, 0, 0
18000, 4167521, 0, 0, 0
19004, 4094200, 0, 0, 0
20000, 4266393, 0, 0, 0
21000, 4171121, 0, 0, 0
22000, 4154359, 0, 0, 0
23000, 4227968, 0, 0, 0
24000, 4169661, 0, 0, 0
25000, 4229098, 0, 0, 0
26000, 4217184, 0, 0, 0
27000, 4189116, 0, 0, 0
28000, 4200281, 0, 0, 0
29000, 4243292, 0, 0, 0
30000, 4274303, 0, 0, 0
30002, 4613311, 0, 0, 0
