1017, 29101790, 0, 0, 0
2018, 33606027, 0, 0, 0
3014, 33453813, 0, 0, 0
4010, 33104052, 0, 0, 0
5010, 33678564, 0, 0, 0
6012, 33550375, 0, 0, 0
7014, 33322826, 0, 0, 0
8015, 33540151, 0, 0, 0
9013, 33296873, 0, 0, 0
10016, 33324842, 0, 0, 0
11009, 33076590, 0, 0, 0
12020, 33594278, 0, 0, 0
13013, 33265526, 0, 0, 0
14024, 33077515, 0, 0, 0
15013, 33665481, 0, 0, 0
16016, 33745048, 0, 0, 0
17012, 33241622, 0, 0, 0
18009, 33752410, 0, 0, 0
19014, 33283073, 0, 0, 0
20012, 33588636, 0, 0, 0
21021, 33338917, 0, 0, 0
22011, 33390206, 0, 0, 0
23009, 33477570, 0, 0, 0
24009, 33597861, 0, 0, 0
25014, 33236624, 0, 0, 0
26012, 33578559, 0, 0, 0
27020, 33804383, 0, 0, 0
28015, 33163707, 0, 0, 0
29010, 33353861, 0, 0, 0
30009, 33662597, 0, 0, 0
30016, 36014271, 0, 0, 0
