1001, 2113, 0, 0, 0
2000, 1849, 0, 0, 0
3000, 1909, 0, 0, 0
4000, 1829, 0, 0, 0
5000, 1936, 0, 0, 0
6000, 1909, 0, 0, 0
7000, 1881, 0, 0, 0
8000, 1880, 0, 0, 0
10000, 1397, 0, 0, 0
11001, 1932, 0, 0, 0
12000, 1877, 0, 0, 0
13000, 1929, 0, 0, 0
14000, 1921, 0, 0, 0
15001, 1940, 0, 0, 0
16000, 1881, 0, 0, 0
17000, 1873, 0, 0, 0
18000, 1876, 0, 0, 0
19000, 1957, 0, 0, 0
20000, 1889, 0, 0, 0
21000, 1897, 0, 0, 0
22001, 1864, 0, 0, 0
23000, 1837, 0, 0, 0
24000, 1905, 0, 0, 0
25001, 1848, 0, 0, 0
26000, 1917, 0, 0, 0
27000, 1917, 0, 0, 0
28000, 1869, 0, 0, 0
29001, 1884, 0, 0, 0
30001, 1868, 0, 0, 0
