999, 514, 0, 0, 0
1999, 461, 0, 0, 0
2999, 475, 0, 0, 0
3999, 459, 0, 0, 0
4999, 482, 0, 0, 0
5999, 477, 0, 0, 0
6999, 465, 0, 0, 0
7999, 482, 0, 0, 0
9999, 435, 0, 0, 0
11000, 483, 0, 0, 0
11999, 473, 0, 0, 0
12999, 484, 0, 0, 0
13999, 480, 0, 0, 0
15000, 468, 0, 0, 0
15999, 463, 0, 0, 0
16999, 476, 0, 0, 0
17999, 473, 0, 0, 0
18999, 473, 0, 0, 0
19999, 453, 0, 0, 0
20999, 472, 0, 0, 0
21999, 466, 0, 0, 0
22999, 475, 0, 0, 0
23999, 474, 0, 0, 0
24999, 469, 0, 0, 0
25999, 476, 0, 0, 0
26999, 483, 0, 0, 0
27999, 460, 0, 0, 0
28999, 468, 0, 0, 0
29999, 464, 0, 0, 0
