1018, 14613723, 0, 0, 0
2020, 16490173, 0, 0, 0
3030, 16694369, 0, 0, 0
4023, 16649833, 0, 0, 0
5017, 16698085, 0, 0, 0
6027, 16827218, 0, 0, 0
7023, 16759590, 0, 0, 0
8019, 16625044, 0, 0, 0
9029, 16796387, 0, 0, 0
10022, 16924817, 0, 0, 0
11018, 16713510, 0, 0, 0
12024, 16742251, 0, 0, 0
13019, 16685723, 0, 0, 0
14032, 16606158, 0, 0, 0
15020, 16549445, 0, 0, 0
16023, 16824290, 0, 0, 0
17017, 16604945, 0, 0, 0
18030, 16925254, 0, 0, 0
19025, 16655196, 0, 0, 0
20018, 16763205, 0, 0, 0
21031, 16696455, 0, 0, 0
22024, 16928962, 0, 0, 0
23017, 16560030, 0, 0, 0
24017, 16859104, 0, 0, 0
25021, 16772818, 0, 0, 0
26017, 16737473, 0, 0, 0
27030, 16813295, 0, 0, 0
28023, 16625200, 0, 0, 0
29017, 16824448, 0, 0, 0
30028, 16730753, 0, 0, 0
30030, 48092301, 0, 0, 0
