1027, 58671456, 0, 0, 0
2036, 66595050, 0, 0, 0
3031, 67066281, 0, 0, 0
4025, 67387643, 0, 0, 0
5000, 67269059, 0, 0, 0
6029, 66874320, 0, 0, 0
7024, 66558951, 0, 0, 0
8032, 67424142, 0, 0, 0
9025, 66313523, 0, 0, 0
10028, 68002960, 0, 0, 0
11025, 66380661, 0, 0, 0
12026, 66698566, 0, 0, 0
13030, 67196901, 0, 0, 0
14024, 66067887, 0, 0, 0
15027, 67078256, 0, 0, 0
16029, 67574223, 0, 0, 0
17027, 67077679, 0, 0, 0
18036, 66325183, 0, 0, 0
19032, 66825841, 0, 0, 0
20027, 67599129, 0, 0, 0
21031, 66296882, 0, 0, 0
22032, 67385401, 0, 0, 0
23028, 66522456, 0, 0, 0
24024, 66752635, 0, 0, 0
25033, 67075250, 0, 0, 0
26024, 67310726, 0, 0, 0
27026, 67339372, 0, 0, 0
28034, 67297824, 0, 0, 0
29024, 66232124, 0, 0, 0
30029, 67244044, 0, 0, 0
30084, 114961438, 0, 0, 0
