1000, 1484, 0, 0, 0
2004, 1443, 0, 0, 0
3002, 1455, 0, 0, 0
4000, 1474, 0, 0, 0
5010, 1445, 0, 0, 0
6002, 1444, 0, 0, 0
7000, 1463, 0, 0, 0
8007, 1437, 0, 0, 0
9001, 1455, 0, 0, 0
10000, 1450, 0, 0, 0
11005, 1466, 0, 0, 0
12000, 1445, 0, 0, 0
13003, 1462, 0, 0, 0
14006, 1445, 0, 0, 0
15000, 1440, 0, 0, 0
16009, 1448, 0, 0, 0
17005, 1447, 0, 0, 0
18000, 1432, 0, 0, 0
19008, 1481, 0, 0, 0
20004, 1483, 0, 0, 0
21000, 1449, 0, 0, 0
22011, 1454, 0, 0, 0
23006, 1453, 0, 0, 0
24000, 1462, 0, 0, 0
25000, 1482, 0, 0, 0
26002, 1478, 0, 0, 0
27011, 1446, 0, 0, 0
28005, 1467, 0, 0, 0
29000, 1519, 0, 0, 0
30003, 1461, 0, 0, 0
