1005, 106798477, 0, 0, 0
2000, 133369472, 0, 0, 0
3000, 134191224, 0, 0, 0
4001, 133870793, 0, 0, 0
5001, 134529195, 0, 0, 0
6000, 134191150, 0, 0, 0
7004, 133070608, 0, 0, 0
8002, 133503823, 0, 0, 0
9000, 133942334, 0, 0, 0
10000, 135265662, 0, 0, 0
11003, 132492517, 0, 0, 0
12000, 134413271, 0, 0, 0
13000, 134415049, 0, 0, 0
14000, 133332917, 0, 0, 0
15041, 132406827, 0, 0, 0
16000, 133910780, 0, 0, 0
17000, 134576106, 0, 0, 0
18007, 133527553, 0, 0, 0
19000, 133592327, 0, 0, 0
20000, 133756262, 0, 0, 0
21003, 133847667, 0, 0, 0
22001, 134034834, 0, 0, 0
23001, 133577679, 0, 0, 0
24001, 134885616, 0, 0, 0
25003, 133294574, 0, 0, 0
26000, 134855370, 0, 0, 0
27000, 134236378, 0, 0, 0
28002, 132758202, 0, 0, 0
29000, 133808727, 0, 0, 0
30000, 134671752, 0, 0, 0
30154, 217686424, 0, 0, 0
