1000, 1783, 0, 0, 0
2000, 1811, 0, 0, 0
3001, 1721, 0, 0, 0
4001, 1701, 0, 0, 0
5001, 1746, 0, 0, 0
6000, 1727, 0, 0, 0
7000, 1747, 0, 0, 0
8000, 1670, 0, 0, 0
9001, 1839, 0, 0, 0
10000, 1674, 0, 0, 0
11001, 1798, 0, 0, 0
12001, 1741, 0, 0, 0
13000, 1739, 0, 0, 0
14000, 1730, 0, 0, 0
15001, 1735, 0, 0, 0
16001, 1778, 0, 0, 0
17000, 1708, 0, 0, 0
18001, 1746, 0, 0, 0
19000, 1791, 0, 0, 0
20000, 1785, 0, 0, 0
21000, 1752, 0, 0, 0
22000, 1757, 0, 0, 0
23000, 1712, 0, 0, 0
24000, 1768, 0, 0, 0
25000, 1770, 0, 0, 0
26000, 1719, 0, 0, 0
27000, 1749, 0, 0, 0
28001, 1728, 0, 0, 0
29001, 1788, 0, 0, 0
30001, 1807, 0, 0, 0
