1001, 57165310, 0, 0, 0
2000, 67569211, 0, 0, 0
3001, 66646450, 0, 0, 0
4000, 66817561, 0, 0, 0
5001, 66442442, 0, 0, 0
6001, 67632292, 0, 0, 0
7000, 66577334, 0, 0, 0
8003, 67482779, 0, 0, 0
9000, 66663215, 0, 0, 0
10000, 66511191, 0, 0, 0
11005, 67010118, 0, 0, 0
12000, 67048671, 0, 0, 0
13000, 66736455, 0, 0, 0
14007, 66530457, 0, 0, 0
15000, 67324691, 0, 0, 0
16009, 66447663, 0, 0, 0
17000, 67360751, 0, 0, 0
18000, 66758161, 0, 0, 0
19005, 66599990, 0, 0, 0
20000, 66986962, 0, 0, 0
21000, 67039830, 0, 0, 0
22000, 66918220, 0, 0, 0
23000, 66896666, 0, 0, 0
24000, 67086055, 0, 0, 0
25000, 66966683, 0, 0, 0
26001, 67019565, 0, 0, 0
27000, 66782814, 0, 0, 0
28000, 67381001, 0, 0, 0
29000, 66811750, 0, 0, 0
30004, 67294104, 0, 0, 0
30054, 103897428, 0, 0, 0
