1000, 1314, 0, 0, 0
1000, 1320, 1, 0, 0
2006, 1330, 0, 0, 0
2006, 1352, 1, 0, 0
3003, 1330, 1, 0, 0
3003, 1325, 0, 0, 0
4000, 1314, 0, 0, 0
4000, 1325, 1, 0, 0
5009, 1339, 0, 0, 0
5009, 1348, 1, 0, 0
6000, 1321, 0, 0, 0
6000, 1337, 1, 0, 0
7000, 1326, 0, 0, 0
7000, 1327, 1, 0, 0
8000, 1312, 0, 0, 0
8000, 1313, 1, 0, 0
9000, 1306, 0, 0, 0
9003, 1314, 1, 0, 0
10000, 1333, 1, 0, 0
10000, 1324, 0, 0, 0
11001, 1317, 0, 0, 0
11001, 1332, 1, 0, 0
12000, 1330, 0, 0, 0
12000, 1354, 1, 0, 0
13000, 1349, 1, 0, 0
13000, 1340, 0, 0, 0
14001, 1337, 0, 0, 0
14001, 1346, 1, 0, 0
15000, 1345, 1, 0, 0
15000, 1329, 0, 0, 0
16000, 1354, 0, 0, 0
16000, 1367, 1, 0, 0
17006, 1332, 0, 0, 0
17006, 1344, 1, 0, 0
18000, 1342, 0, 0, 0
18000, 1351, 1, 0, 0
19000, 1347, 1, 0, 0
19000, 1330, 0, 0, 0
20004, 1363, 1, 0, 0
20004, 1357, 0, 0, 0
21001, 1354, 0, 0, 0
21001, 1377, 1, 0, 0
22000, 1351, 0, 0, 0
22000, 1370, 1, 0, 0
23000, 1337, 0, 0, 0
23000, 1356, 1, 0, 0
24003, 1332, 0, 0, 0
24003, 1348, 1, 0, 0
25000, 1348, 0, 0, 0
25000, 1365, 1, 0, 0
26000, 1347, 1, 0, 0
26000, 1336, 0, 0, 0
27000, 1355, 0, 0, 0
27000, 1368, 1, 0, 0
28001, 1331, 0, 0, 0
28001, 1346, 1, 0, 0
29000, 1355, 1, 0, 0
29000, 1347, 0, 0, 0
30000, 1328, 0, 0, 0
30000, 1350, 1, 0, 0
31005, 1349, 1, 0, 0
31005, 1338, 0, 0, 0
32000, 1345, 0, 0, 0
32000, 1374, 1, 0, 0
33000, 1323, 0, 0, 0
33000, 1338, 1, 0, 0
34000, 1326, 0, 0, 0
34000, 1345, 1, 0, 0
35002, 1337, 1, 0, 0
35002, 1326, 0, 0, 0
36000, 1332, 0, 0, 0
36000, 1356, 1, 0, 0
37000, 1332, 0, 0, 0
37000, 1342, 1, 0, 0
38004, 1332, 0, 0, 0
38004, 1345, 1, 0, 0
39000, 1343, 0, 0, 0
39000, 1359, 1, 0, 0
40000, 1356, 0, 0, 0
40000, 1377, 1, 0, 0
41005, 1342, 0, 0, 0
41005, 1357, 1, 0, 0
42000, 1351, 1, 0, 0
42000, 1336, 0, 0, 0
43000, 1345, 0, 0, 0
43000, 1356, 1, 0, 0
44000, 1367, 0, 0, 0
44000, 1386, 1, 0, 0
45001, 1330, 0, 0, 0
45001, 1339, 1, 0, 0
46000, 1354, 0, 0, 0
46000, 1359, 1, 0, 0
47006, 1363, 0, 0, 0
47006, 1366, 1, 0, 0
48002, 1358, 0, 0, 0
48002, 1365, 1, 0, 0
49000, 1342, 1, 0, 0
49000, 1321, 0, 0, 0
50000, 1363, 0, 0, 0
50000, 1363, 1, 0, 0
51003, 1353, 0, 0, 0
51003, 1361, 1, 0, 0
52000, 1335, 0, 0, 0
52000, 1358, 1, 0, 0
53000, 1342, 0, 0, 0
53000, 1342, 1, 0, 0
54006, 1350, 0, 0, 0
54006, 1360, 1, 0, 0
55002, 1344, 0, 0, 0
55002, 1353, 1, 0, 0
56043, 1365, 0, 0, 0
56043, 1386, 1, 0, 0
57000, 1341, 0, 0, 0
57000, 1357, 1, 0, 0
58002, 1379, 1, 0, 0
58003, 1352, 0, 0, 0
59000, 1340, 0, 0, 0
59000, 1366, 1, 0, 0
60000, 1365, 1, 0, 0
60000, 1353, 0, 0, 0
61000, 1332, 0, 0, 0
61000, 1341, 1, 0, 0
62000, 1341, 0, 0, 0
62000, 1368, 1, 0, 0
63000, 1363, 0, 0, 0
63000, 1368, 1, 0, 0
64005, 1358, 1, 0, 0
64005, 1345, 0, 0, 0
65000, 1370, 1, 0, 0
65000, 1344, 0, 0, 0
66000, 1352, 1, 0, 0
66000, 1348, 0, 0, 0
67005, 1336, 0, 0, 0
67006, 1353, 1, 0, 0
68000, 1342, 0, 0, 0
68000, 1349, 1, 0, 0
69000, 1343, 0, 0, 0
69000, 1348, 1, 0, 0
70000, 1358, 1, 0, 0
70000, 1345, 0, 0, 0
71000, 1346, 1, 0, 0
71000, 1335, 0, 0, 0
72000, 1359, 0, 0, 0
72000, 1355, 1, 0, 0
73000, 1383, 1, 0, 0
73000, 1361, 0, 0, 0
74007, 1354, 0, 0, 0
74007, 1360, 1, 0, 0
75000, 1373, 1, 0, 0
75000, 1360, 0, 0, 0
76000, 1359, 0, 0, 0
76000, 1392, 1, 0, 0
77000, 1375, 0, 0, 0
77000, 1363, 1, 0, 0
78007, 1377, 0, 0, 0
78007, 1373, 1, 0, 0
79000, 1362, 0, 0, 0
79000, 1373, 1, 0, 0
80000, 1356, 0, 0, 0
80000, 1363, 1, 0, 0
81001, 1382, 1, 0, 0
81001, 1356, 0, 0, 0
82000, 1383, 0, 0, 0
82000, 1391, 1, 0, 0
83000, 1361, 1, 0, 0
83000, 1361, 0, 0, 0
84000, 1384, 0, 0, 0
84000, 1400, 1, 0, 0
85000, 1347, 0, 0, 0
85000, 1367, 1, 0, 0
86000, 1350, 0, 0, 0
86000, 1364, 1, 0, 0
87000, 1367, 0, 0, 0
87000, 1381, 1, 0, 0
88006, 1366, 0, 0, 0
88006, 1365, 1, 0, 0
89003, 1353, 0, 0, 0
89003, 1372, 1, 0, 0
90000, 1367, 0, 0, 0
90000, 1398, 1, 0, 0
91000, 1364, 0, 0, 0
91000, 1388, 1, 0, 0
92007, 1352, 0, 0, 0
92007, 1379, 1, 0, 0
93000, 1354, 0, 0, 0
93000, 1375, 1, 0, 0
94000, 1345, 0, 0, 0
94000, 1351, 1, 0, 0
95000, 1366, 1, 0, 0
95000, 1346, 0, 0, 0
96000, 1397, 1, 0, 0
96000, 1370, 0, 0, 0
97005, 1368, 0, 0, 0
97005, 1397, 1, 0, 0
98000, 1333, 0, 0, 0
98000, 1354, 1, 0, 0
99000, 1464, 0, 0, 0
99001, 1498, 1, 0, 0
100005, 1354, 1, 0, 0
100005, 1339, 0, 0, 0
101000, 1361, 1, 0, 0
101000, 1327, 0, 0, 0
102000, 1342, 0, 0, 0
102000, 1356, 1, 0, 0
103000, 1359, 1, 0, 0
103000, 1336, 0, 0, 0
104006, 1345, 0, 0, 0
104007, 1349, 1, 0, 0
105002, 1334, 0, 0, 0
105002, 1342, 1, 0, 0
106000, 1331, 0, 0, 0
106000, 1351, 1, 0, 0
107000, 1343, 0, 0, 0
107000, 1367, 1, 0, 0
108000, 1352, 1, 0, 0
108000, 1333, 0, 0, 0
109000, 1333, 0, 0, 0
109000, 1357, 1, 0, 0
110000, 1333, 0, 0, 0
110000, 1355, 1, 0, 0
111005, 1351, 1, 0, 0
111006, 1331, 0, 0, 0
112000, 1334, 0, 0, 0
112000, 1354, 1, 0, 0
113000, 1322, 0, 0, 0
113000, 1331, 1, 0, 0
114000, 1329, 0, 0, 0
114000, 1355, 1, 0, 0
115000, 1357, 0, 0, 0
115000, 1374, 1, 0, 0
116002, 1341, 1, 0, 0
116002, 1335, 0, 0, 0
117000, 1332, 0, 0, 0
117000, 1345, 1, 0, 0
118007, 1318, 0, 0, 0
118007, 1336, 1, 0, 0
119003, 1343, 0, 0, 0
119003, 1391, 1, 0, 0
120000, 1345, 0, 0, 0
120000, 1364, 1, 0, 0
121008, 1346, 1, 0, 0
121008, 1321, 0, 0, 0
122002, 1344, 0, 0, 0
122002, 1363, 1, 0, 0
123000, 1360, 1, 0, 0
123000, 1327, 0, 0, 0
124000, 1329, 0, 0, 0
124000, 1349, 1, 0, 0
125000, 1332, 0, 0, 0
125000, 1343, 1, 0, 0
126001, 1342, 1, 0, 0
126001, 1329, 0, 0, 0
127000, 1380, 1, 0, 0
127000, 1354, 0, 0, 0
128000, 1339, 0, 0, 0
128000, 1375, 1, 0, 0
129005, 1314, 0, 0, 0
129005, 1332, 1, 0, 0
130000, 1330, 0, 0, 0
130000, 1366, 1, 0, 0
131000, 1329, 0, 0, 0
131000, 1343, 1, 0, 0
132007, 1328, 0, 0, 0
132007, 1352, 1, 0, 0
133001, 1340, 1, 0, 0
133002, 1320, 0, 0, 0
134000, 1351, 1, 0, 0
134000, 1330, 0, 0, 0
135000, 1338, 0, 0, 0
135000, 1354, 1, 0, 0
136005, 1333, 0, 0, 0
136005, 1375, 1, 0, 0
137000, 1330, 0, 0, 0
137000, 1366, 1, 0, 0
138000, 1326, 0, 0, 0
138000, 1352, 1, 0, 0
139007, 1331, 0, 0, 0
139007, 1358, 1, 0, 0
140002, 1333, 1, 0, 0
140003, 1327, 0, 0, 0
141001, 1331, 0, 0, 0
141001, 1345, 1, 0, 0
142000, 1370, 1, 0, 0
142000, 1341, 0, 0, 0
143000, 1330, 0, 0, 0
143000, 1345, 1, 0, 0
144006, 1342, 0, 0, 0
144006, 1363, 1, 0, 0
145000, 1378, 1, 0, 0
145000, 1362, 0, 0, 0
146000, 1342, 0, 0, 0
146000, 1364, 1, 0, 0
147000, 1349, 1, 0, 0
147000, 1330, 0, 0, 0
148000, 1350, 0, 0, 0
148000, 1366, 1, 0, 0
149000, 1336, 0, 0, 0
149000, 1345, 1, 0, 0
150000, 1352, 1, 0, 0
150000, 1328, 0, 0, 0
151000, 1328, 0, 0, 0
151000, 1347, 1, 0, 0
152006, 1338, 0, 0, 0
152006, 1357, 1, 0, 0
153000, 1337, 0, 0, 0
153000, 1355, 1, 0, 0
154000, 1355, 1, 0, 0
154000, 1346, 0, 0, 0
155000, 1361, 0, 0, 0
155000, 1370, 1, 0, 0
156007, 1349, 1, 0, 0
156007, 1325, 0, 0, 0
157003, 1358, 0, 0, 0
157003, 1363, 1, 0, 0
158000, 1333, 0, 0, 0
158000, 1349, 1, 0, 0
159000, 1331, 0, 0, 0
159000, 1342, 1, 0, 0
160035, 1331, 0, 0, 0
160035, 1355, 1, 0, 0
161000, 1317, 0, 0, 0
161000, 1334, 1, 0, 0
162000, 1337, 0, 0, 0
162000, 1354, 1, 0, 0
163000, 1370, 1, 0, 0
163000, 1346, 0, 0, 0
164006, 1340, 0, 0, 0
164006, 1348, 1, 0, 0
165003, 1357, 1, 0, 0
165003, 1340, 0, 0, 0
166000, 1339, 0, 0, 0
166000, 1352, 1, 0, 0
167000, 1355, 1, 0, 0
167000, 1327, 0, 0, 0
168006, 1343, 0, 0, 0
168006, 1355, 1, 0, 0
169000, 1362, 0, 0, 0
169000, 1379, 1, 0, 0
170000, 1333, 0, 0, 0
170000, 1344, 1, 0, 0
171007, 1331, 0, 0, 0
171007, 1349, 1, 0, 0
172000, 1331, 0, 0, 0
172000, 1355, 1, 0, 0
173000, 1351, 0, 0, 0
173000, 1361, 1, 0, 0
174000, 1340, 0, 0, 0
174000, 1356, 1, 0, 0
175000, 1338, 0, 0, 0
175000, 1364, 1, 0, 0
176000, 1353, 1, 0, 0
176000, 1337, 0, 0, 0
177000, 1348, 1, 0, 0
177000, 1342, 0, 0, 0
178000, 1342, 0, 0, 0
178000, 1343, 1, 0, 0
179000, 1365, 1, 0, 0
179000, 1335, 0, 0, 0
180000, 1348, 0, 0, 0
180000, 1352, 1, 0, 0
181000, 1354, 1, 0, 0
181000, 1337, 0, 0, 0
182007, 1365, 1, 0, 0
182007, 1354, 0, 0, 0
183000, 1355, 1, 0, 0
183000, 1329, 0, 0, 0
184000, 1335, 0, 0, 0
184000, 1355, 1, 0, 0
185007, 1346, 0, 0, 0
185007, 1359, 1, 0, 0
186003, 1336, 0, 0, 0
186003, 1352, 1, 0, 0
187000, 1358, 0, 0, 0
187000, 1385, 1, 0, 0
188000, 1376, 1, 0, 0
188000, 1347, 0, 0, 0
189000, 1342, 1, 0, 0
189000, 1350, 0, 0, 0
190000, 1336, 0, 0, 0
190000, 1351, 1, 0, 0
191000, 1342, 1, 0, 0
191000, 1330, 0, 0, 0
192000, 1331, 1, 0, 0
192000, 1318, 0, 0, 0
193005, 1337, 0, 0, 0
193005, 1355, 1, 0, 0
194002, 1344, 0, 0, 0
194002, 1346, 1, 0, 0
195000, 1334, 0, 0, 0
195000, 1347, 1, 0, 0
196000, 1333, 0, 0, 0
196000, 1360, 1, 0, 0
197007, 1339, 0, 0, 0
197007, 1367, 1, 0, 0
198003, 1341, 1, 0, 0
198003, 1320, 0, 0, 0
199000, 1350, 1, 0, 0
199000, 1334, 0, 0, 0
200000, 1340, 0, 0, 0
200000, 1358, 1, 0, 0
201000, 1341, 0, 0, 0
201000, 1370, 1, 0, 0
202001, 1375, 1, 0, 0
202001, 1348, 0, 0, 0
203000, 1336, 0, 0, 0
203000, 1350, 1, 0, 0
204000, 1356, 1, 0, 0
204000, 1342, 0, 0, 0
205000, 1336, 0, 0, 0
205000, 1362, 1, 0, 0
206000, 1331, 0, 0, 0
206000, 1347, 1, 0, 0
207000, 1372, 1, 0, 0
207000, 1331, 0, 0, 0
208007, 1331, 0, 0, 0
208007, 1342, 1, 0, 0
209003, 1325, 0, 0, 0
209004, 1331, 1, 0, 0
210000, 1330, 0, 0, 0
210000, 1358, 1, 0, 0
211000, 1317, 0, 0, 0
211000, 1333, 1, 0, 0
212000, 1351, 0, 0, 0
212000, 1371, 1, 0, 0
213000, 1345, 0, 0, 0
213000, 1368, 1, 0, 0
214000, 1346, 0, 0, 0
214000, 1368, 1, 0, 0
215000, 1336, 0, 0, 0
215000, 1359, 1, 0, 0
216000, 1339, 0, 0, 0
216000, 1367, 1, 0, 0
217000, 1355, 0, 0, 0
217000, 1372, 1, 0, 0
218000, 1357, 1, 0, 0
218000, 1334, 0, 0, 0
219000, 1352, 0, 0, 0
219000, 1365, 1, 0, 0
220000, 1326, 0, 0, 0
220000, 1330, 1, 0, 0
221000, 1331, 0, 0, 0
221000, 1341, 1, 0, 0
222005, 1319, 0, 0, 0
222005, 1338, 1, 0, 0
223000, 1347, 1, 0, 0
223003, 1327, 0, 0, 0
224000, 1338, 0, 0, 0
224000, 1358, 1, 0, 0
225000, 1339, 0, 0, 0
225000, 1365, 1, 0, 0
226000, 1342, 0, 0, 0
226064, 1364, 1, 0, 0
227000, 1339, 0, 0, 0
227000, 1363, 1, 0, 0
228000, 1380, 1, 0, 0
228000, 1356, 0, 0, 0
229006, 1376, 1, 0, 0
229006, 1352, 0, 0, 0
230003, 1333, 0, 0, 0
230003, 1341, 1, 0, 0
231000, 1348, 0, 0, 0
231000, 1366, 1, 0, 0
232000, 1342, 0, 0, 0
232000, 1354, 1, 0, 0
233000, 1342, 1, 0, 0
233000, 1330, 0, 0, 0
234001, 1338, 0, 0, 0
234001, 1361, 1, 0, 0
235000, 1331, 0, 0, 0
235000, 1360, 1, 0, 0
236000, 1362, 1, 0, 0
236000, 1337, 0, 0, 0
237004, 1319, 0, 0, 0
237004, 1332, 1, 0, 0
238000, 1323, 0, 0, 0
238000, 1349, 1, 0, 0
239000, 1335, 0, 0, 0
239000, 1341, 1, 0, 0
240000, 1343, 1, 0, 0
240000, 1328, 0, 0, 0
241000, 1338, 0, 0, 0
241000, 1359, 1, 0, 0
242006, 1344, 0, 0, 0
242006, 1344, 1, 0, 0
243000, 1353, 0, 0, 0
243000, 1387, 1, 0, 0
244000, 1346, 0, 0, 0
244000, 1359, 1, 0, 0
245000, 1330, 0, 0, 0
245000, 1334, 1, 0, 0
246006, 1330, 0, 0, 0
246006, 1336, 1, 0, 0
247001, 1341, 0, 0, 0
247001, 1367, 1, 0, 0
248000, 1341, 1, 0, 0
248000, 1327, 0, 0, 0
249000, 1343, 0, 0, 0
249000, 1377, 1, 0, 0
250004, 1327, 0, 0, 0
250004, 1340, 1, 0, 0
251000, 1361, 1, 0, 0
251000, 1343, 0, 0, 0
252000, 1336, 1, 0, 0
252000, 1320, 0, 0, 0
253000, 1348, 1, 0, 0
253000, 1333, 0, 0, 0
254006, 1351, 1, 0, 0
254006, 1324, 0, 0, 0
255001, 1334, 0, 0, 0
255001, 1344, 1, 0, 0
256000, 1337, 0, 0, 0
256000, 1348, 1, 0, 0
257006, 1346, 0, 0, 0
257006, 1341, 1, 0, 0
258004, 1337, 0, 0, 0
258004, 1337, 1, 0, 0
259000, 1352, 1, 0, 0
259000, 1333, 0, 0, 0
260000, 1324, 0, 0, 0
260000, 1346, 1, 0, 0
261006, 1330, 0, 0, 0
261006, 1341, 1, 0, 0
262001, 1324, 0, 0, 0
262001, 1342, 1, 0, 0
263000, 1333, 0, 0, 0
263000, 1341, 1, 0, 0
264000, 1332, 0, 0, 0
264000, 1354, 1, 0, 0
265000, 1317, 0, 0, 0
265000, 1337, 1, 0, 0
266000, 1331, 0, 0, 0
266000, 1334, 1, 0, 0
267000, 1351, 1, 0, 0
267000, 1328, 0, 0, 0
268000, 1346, 1, 0, 0
268000, 1341, 0, 0, 0
269000, 1321, 0, 0, 0
269000, 1333, 1, 0, 0
270000, 1335, 1, 0, 0
270000, 1325, 0, 0, 0
271000, 1320, 0, 0, 0
271000, 1338, 1, 0, 0
272004, 1343, 0, 0, 0
272004, 1364, 1, 0, 0
273000, 1347, 0, 0, 0
273001, 1347, 1, 0, 0
274000, 1323, 0, 0, 0
274000, 1334, 1, 0, 0
275000, 1315, 0, 0, 0
275000, 1316, 1, 0, 0
276000, 1345, 1, 0, 0
276000, 1335, 0, 0, 0
277000, 1386, 1, 0, 0
277000, 1367, 0, 0, 0
278000, 1372, 0, 0, 0
278000, 1382, 1, 0, 0
279000, 1342, 0, 0, 0
279000, 1359, 1, 0, 0
280002, 1335, 0, 0, 0
280002, 1351, 1, 0, 0
281000, 1350, 0, 0, 0
281000, 1365, 1, 0, 0
282000, 1377, 1, 0, 0
282000, 1361, 0, 0, 0
283005, 1343, 0, 0, 0
283005, 1360, 1, 0, 0
284002, 1344, 0, 0, 0
284002, 1348, 1, 0, 0
285000, 1355, 0, 0, 0
285000, 1370, 1, 0, 0
286000, 1351, 0, 0, 0
286000, 1368, 1, 0, 0
287003, 1367, 1, 0, 0
287004, 1350, 0, 0, 0
288000, 1350, 1, 0, 0
288000, 1338, 0, 0, 0
289000, 1351, 0, 0, 0
289000, 1363, 1, 0, 0
290000, 1363, 0, 0, 0
290000, 1365, 1, 0, 0
291000, 1362, 1, 0, 0
291000, 1340, 0, 0, 0
292000, 1356, 0, 0, 0
292000, 1370, 1, 0, 0
293000, 1365, 1, 0, 0
293000, 1352, 0, 0, 0
294005, 1366, 1, 0, 0
294005, 1345, 0, 0, 0
295000, 1359, 0, 0, 0
295000, 1365, 1, 0, 0
296000, 1349, 0, 0, 0
296000, 1372, 1, 0, 0
297000, 1398, 1, 0, 0
297000, 1358, 0, 0, 0
298002, 1364, 0, 0, 0
298002, 1400, 1, 0, 0
299000, 1350, 0, 0, 0
299000, 1375, 1, 0, 0
300000, 1363, 0, 0, 0
300000, 1371, 1, 0, 0
301002, 1344, 0, 0, 0
301002, 1358, 1, 0, 0
302000, 1353, 0, 0, 0
302000, 1367, 1, 0, 0
303000, 1362, 0, 0, 0
303000, 1374, 1, 0, 0
304000, 1358, 0, 0, 0
304000, 1373, 1, 0, 0
305000, 1359, 0, 0, 0
305004, 1386, 1, 0, 0
306000, 1372, 1, 0, 0
306000, 1360, 0, 0, 0
307000, 1366, 0, 0, 0
307000, 1394, 1, 0, 0
308000, 1348, 0, 0, 0
308000, 1362, 1, 0, 0
309002, 1357, 1, 0, 0
309002, 1338, 0, 0, 0
310000, 1359, 1, 0, 0
310000, 1337, 0, 0, 0
311000, 1353, 1, 0, 0
311000, 1325, 0, 0, 0
312004, 1361, 1, 0, 0
312004, 1335, 0, 0, 0
313000, 1334, 0, 0, 0
313000, 1347, 1, 0, 0
314000, 1329, 0, 0, 0
314000, 1351, 1, 0, 0
315000, 1357, 1, 0, 0
315000, 1341, 0, 0, 0
316003, 1343, 0, 0, 0
316003, 1357, 1, 0, 0
317000, 1369, 1, 0, 0
317000, 1349, 0, 0, 0
318000, 1359, 1, 0, 0
318000, 1330, 0, 0, 0
319005, 1349, 0, 0, 0
319005, 1366, 1, 0, 0
320002, 1374, 1, 0, 0
320002, 1357, 0, 0, 0
321000, 1349, 0, 0, 0
321000, 1378, 1, 0, 0
322000, 1332, 0, 0, 0
322000, 1354, 1, 0, 0
323003, 1340, 0, 0, 0
323003, 1371, 1, 0, 0
324000, 1344, 0, 0, 0
324000, 1351, 1, 0, 0
325000, 1338, 0, 0, 0
325000, 1345, 1, 0, 0
326005, 1337, 0, 0, 0
326005, 1353, 1, 0, 0
327000, 1364, 0, 0, 0
327000, 1367, 1, 0, 0
328000, 1325, 0, 0, 0
328000, 1336, 1, 0, 0
329000, 1353, 1, 0, 0
329000, 1329, 0, 0, 0
330000, 1352, 1, 0, 0
330000, 1334, 0, 0, 0
331002, 1335, 0, 0, 0
331002, 1341, 1, 0, 0
332000, 1344, 0, 0, 0
332000, 1348, 1, 0, 0
333000, 1322, 0, 0, 0
333000, 1338, 1, 0, 0
334000, 1342, 1, 0, 0
334000, 1329, 0, 0, 0
335000, 1325, 0, 0, 0
335000, 1342, 1, 0, 0
336006, 1334, 0, 0, 0
336006, 1348, 1, 0, 0
337000, 1348, 0, 0, 0
337000, 1375, 1, 0, 0
338000, 1385, 1, 0, 0
338000, 1343, 0, 0, 0
339000, 1327, 0, 0, 0
339000, 1349, 1, 0, 0
340005, 1335, 0, 0, 0
340005, 1346, 1, 0, 0
341001, 1347, 0, 0, 0
341001, 1357, 1, 0, 0
342000, 1345, 0, 0, 0
342000, 1364, 1, 0, 0
343000, 1336, 0, 0, 0
343000, 1354, 1, 0, 0
344005, 1328, 0, 0, 0
344005, 1349, 1, 0, 0
345000, 1357, 1, 0, 0
345000, 1340, 0, 0, 0
346000, 1357, 1, 0, 0
346000, 1336, 0, 0, 0
347000, 1330, 0, 0, 0
347000, 1337, 1, 0, 0
348003, 1334, 0, 0, 0
348003, 1344, 1, 0, 0
349000, 1335, 0, 0, 0
349000, 1351, 1, 0, 0
350000, 1345, 0, 0, 0
350000, 1361, 1, 0, 0
351000, 1347, 0, 0, 0
351000, 1357, 1, 0, 0
352000, 1342, 0, 0, 0
352000, 1357, 1, 0, 0
353000, 1334, 0, 0, 0
353000, 1359, 1, 0, 0
354003, 1347, 1, 0, 0
354003, 1334, 0, 0, 0
355000, 1357, 1, 0, 0
355000, 1339, 0, 0, 0
356000, 1324, 0, 0, 0
356000, 1338, 1, 0, 0
357005, 1337, 0, 0, 0
357005, 1346, 1, 0, 0
358000, 1345, 0, 0, 0
358000, 1358, 1, 0, 0
359000, 1335, 0, 0, 0
359000, 1344, 1, 0, 0
360000, 1336, 0, 0, 0
360000, 1346, 1, 0, 0
361000, 1328, 0, 0, 0
361000, 1348, 1, 0, 0
362000, 1352, 1, 0, 0
362000, 1333, 0, 0, 0
363000, 1339, 0, 0, 0
363000, 1356, 1, 0, 0
364000, 1468, 0, 0, 0
364000, 1415, 1, 0, 0
365000, 1302, 0, 0, 0
365000, 1311, 1, 0, 0
366000, 1309, 0, 0, 0
366000, 1312, 1, 0, 0
367000, 1331, 0, 0, 0
367000, 1343, 1, 0, 0
368003, 1357, 0, 0, 0
368003, 1381, 1, 0, 0
369000, 1327, 0, 0, 0
369000, 1333, 1, 0, 0
370000, 1316, 0, 0, 0
370000, 1336, 1, 0, 0
371000, 1341, 1, 0, 0
371000, 1333, 0, 0, 0
372000, 1369, 0, 0, 0
372000, 1369, 1, 0, 0
373000, 1324, 0, 0, 0
373000, 1327, 1, 0, 0
374000, 1335, 0, 0, 0
374000, 1352, 1, 0, 0
375000, 1319, 0, 0, 0
375000, 1330, 1, 0, 0
376000, 1347, 0, 0, 0
376000, 1356, 1, 0, 0
377000, 1326, 0, 0, 0
377000, 1348, 1, 0, 0
378004, 1335, 1, 0, 0
378004, 1328, 0, 0, 0
379000, 1351, 1, 0, 0
379000, 1332, 0, 0, 0
380000, 1342, 1, 0, 0
380000, 1332, 0, 0, 0
381000, 1340, 1, 0, 0
381000, 1319, 0, 0, 0
382003, 1342, 1, 0, 0
382003, 1328, 0, 0, 0
383001, 1349, 0, 0, 0
383001, 1362, 1, 0, 0
384000, 1355, 1, 0, 0
384000, 1338, 0, 0, 0
385000, 1351, 1, 0, 0
385000, 1335, 0, 0, 0
386000, 1332, 0, 0, 0
386000, 1350, 1, 0, 0
387000, 1350, 0, 0, 0
387000, 1351, 1, 0, 0
388000, 1333, 0, 0, 0
388000, 1345, 1, 0, 0
389003, 1318, 0, 0, 0
389003, 1347, 1, 0, 0
390000, 1318, 0, 0, 0
390000, 1335, 1, 0, 0
391000, 1341, 1, 0, 0
391000, 1327, 0, 0, 0
392000, 1344, 0, 0, 0
392000, 1350, 1, 0, 0
393000, 1334, 0, 0, 0
393000, 1337, 1, 0, 0
394000, 1312, 0, 0, 0
394000, 1335, 1, 0, 0
395000, 1318, 0, 0, 0
395000, 1333, 1, 0, 0
396000, 1342, 0, 0, 0
396000, 1342, 1, 0, 0
397000, 1366, 1, 0, 0
397000, 1338, 0, 0, 0
398000, 1352, 0, 0, 0
398000, 1367, 1, 0, 0
399000, 1351, 0, 0, 0
399000, 1371, 1, 0, 0
400000, 1319, 0, 0, 0
400000, 1324, 1, 0, 0
401000, 1318, 0, 0, 0
401000, 1330, 1, 0, 0
402004, 1336, 0, 0, 0
402004, 1341, 1, 0, 0
403002, 1322, 0, 0, 0
403002, 1344, 1, 0, 0
404000, 1320, 0, 0, 0
404000, 1336, 1, 0, 0
405000, 1319, 0, 0, 0
405000, 1320, 1, 0, 0
406002, 1318, 0, 0, 0
406002, 1339, 1, 0, 0
407000, 1325, 0, 0, 0
407000, 1337, 1, 0, 0
408000, 1333, 0, 0, 0
408000, 1357, 1, 0, 0
409000, 1328, 0, 0, 0
409000, 1335, 1, 0, 0
410000, 1358, 0, 0, 0
410000, 1363, 1, 0, 0
411000, 1329, 0, 0, 0
411000, 1351, 1, 0, 0
412000, 1330, 0, 0, 0
412000, 1342, 1, 0, 0
413005, 1333, 0, 0, 0
413005, 1344, 1, 0, 0
414000, 1327, 0, 0, 0
414000, 1344, 1, 0, 0
415000, 1334, 0, 0, 0
415000, 1353, 1, 0, 0
416000, 1342, 1, 0, 0
416000, 1336, 0, 0, 0
417000, 1326, 1, 0, 0
417002, 1321, 0, 0, 0
418000, 1342, 1, 0, 0
418000, 1328, 0, 0, 0
419000, 1327, 1, 0, 0
419000, 1333, 0, 0, 0
420000, 1332, 0, 0, 0
420000, 1338, 1, 0, 0
421000, 1354, 1, 0, 0
421000, 1321, 0, 0, 0
422000, 1331, 0, 0, 0
422000, 1349, 1, 0, 0
423000, 1350, 1, 0, 0
423000, 1340, 0, 0, 0
424000, 1334, 1, 0, 0
424000, 1324, 0, 0, 0
425000, 1331, 0, 0, 0
425000, 1341, 1, 0, 0
426000, 1349, 0, 0, 0
426000, 1358, 1, 0, 0
427000, 1349, 1, 0, 0
427000, 1341, 0, 0, 0
428000, 1366, 1, 0, 0
428000, 1346, 0, 0, 0
429000, 1343, 1, 0, 0
429000, 1332, 0, 0, 0
430003, 1347, 1, 0, 0
430003, 1332, 0, 0, 0
431000, 1333, 0, 0, 0
431000, 1334, 1, 0, 0
432000, 1354, 1, 0, 0
432000, 1337, 0, 0, 0
433005, 1334, 0, 0, 0
433005, 1350, 1, 0, 0
434002, 1329, 0, 0, 0
434002, 1336, 1, 0, 0
435000, 1364, 1, 0, 0
435000, 1340, 0, 0, 0
436000, 1331, 0, 0, 0
436000, 1361, 1, 0, 0
437000, 1320, 0, 0, 0
437000, 1339, 1, 0, 0
438000, 1337, 0, 0, 0
438000, 1361, 1, 0, 0
439000, 1331, 0, 0, 0
439000, 1335, 1, 0, 0
440000, 1338, 0, 0, 0
440000, 1358, 1, 0, 0
441005, 1335, 0, 0, 0
441005, 1351, 1, 0, 0
442003, 1348, 0, 0, 0
442003, 1375, 1, 0, 0
443000, 1348, 0, 0, 0
443000, 1355, 1, 0, 0
444000, 1364, 1, 0, 0
444000, 1346, 0, 0, 0
445000, 1368, 1, 0, 0
445000, 1346, 0, 0, 0
446003, 1340, 0, 0, 0
446003, 1364, 1, 0, 0
447000, 1449, 0, 0, 0
447000, 1470, 1, 0, 0
448000, 1418, 1, 0, 0
448000, 1400, 0, 0, 0
449000, 1345, 0, 0, 0
449000, 1361, 1, 0, 0
450000, 1337, 0, 0, 0
450000, 1356, 1, 0, 0
451000, 1328, 0, 0, 0
451000, 1347, 1, 0, 0
452000, 1377, 0, 0, 0
452000, 1400, 1, 0, 0
453004, 1343, 0, 0, 0
453004, 1361, 1, 0, 0
454000, 1339, 0, 0, 0
454000, 1352, 1, 0, 0
455000, 1345, 0, 0, 0
455000, 1375, 1, 0, 0
456000, 1381, 1, 0, 0
456000, 1365, 0, 0, 0
457000, 1352, 0, 0, 0
457000, 1362, 1, 0, 0
458001, 1361, 0, 0, 0
458001, 1392, 1, 0, 0
459000, 1385, 1, 0, 0
459000, 1359, 0, 0, 0
460000, 1365, 1, 0, 0
460000, 1346, 0, 0, 0
461000, 1365, 0, 0, 0
461000, 1394, 1, 0, 0
462000, 1364, 1, 0, 0
462000, 1353, 0, 0, 0
463000, 1368, 0, 0, 0
463000, 1395, 1, 0, 0
464000, 1365, 1, 0, 0
464000, 1347, 0, 0, 0
465000, 1364, 1, 0, 0
465000, 1343, 0, 0, 0
466000, 1355, 0, 0, 0
466000, 1372, 1, 0, 0
467000, 1364, 1, 0, 0
467000, 1353, 0, 0, 0
468005, 1354, 0, 0, 0
468005, 1357, 1, 0, 0
469000, 1335, 0, 0, 0
469000, 1355, 1, 0, 0
470000, 1336, 0, 0, 0
470000, 1351, 1, 0, 0
471000, 1349, 0, 0, 0
471000, 1373, 1, 0, 0
472000, 1342, 0, 0, 0
472000, 1356, 1, 0, 0
473000, 1360, 0, 0, 0
473000, 1381, 1, 0, 0
474000, 1363, 1, 0, 0
474000, 1351, 0, 0, 0
475000, 1344, 0, 0, 0
475000, 1374, 1, 0, 0
476000, 1352, 0, 0, 0
476000, 1371, 1, 0, 0
477000, 1343, 0, 0, 0
477000, 1362, 1, 0, 0
478004, 1363, 1, 0, 0
478004, 1330, 0, 0, 0
479000, 1340, 0, 0, 0
479000, 1363, 1, 0, 0
480000, 1359, 1, 0, 0
480000, 1359, 0, 0, 0
481000, 1320, 0, 0, 0
481000, 1345, 1, 0, 0
482001, 1319, 0, 0, 0
482001, 1341, 1, 0, 0
483000, 1326, 0, 0, 0
483000, 1337, 1, 0, 0
484000, 1337, 1, 0, 0
484000, 1326, 0, 0, 0
485000, 1336, 1, 0, 0
485000, 1320, 0, 0, 0
486000, 1314, 1, 0, 0
486000, 1310, 0, 0, 0
487000, 1313, 0, 0, 0
487000, 1328, 1, 0, 0
488001, 1361, 1, 0, 0
488001, 1347, 0, 0, 0
489000, 1331, 0, 0, 0
489000, 1345, 1, 0, 0
490000, 1328, 0, 0, 0
490000, 1344, 1, 0, 0
491000, 1317, 0, 0, 0
491000, 1341, 1, 0, 0
492000, 1331, 0, 0, 0
492000, 1343, 1, 0, 0
493000, 1328, 0, 0, 0
493000, 1335, 1, 0, 0
494000, 1352, 1, 0, 0
494000, 1324, 0, 0, 0
495000, 1320, 0, 0, 0
495000, 1340, 1, 0, 0
496000, 1319, 0, 0, 0
496000, 1342, 1, 0, 0
497000, 1314, 0, 0, 0
497000, 1339, 1, 0, 0
498000, 1311, 0, 0, 0
498000, 1331, 1, 0, 0
499000, 1314, 0, 0, 0
499000, 1330, 1, 0, 0
500000, 1328, 1, 0, 0
500000, 1320, 0, 0, 0
501000, 1324, 0, 0, 0
501000, 1332, 1, 0, 0
502000, 1322, 0, 0, 0
502000, 1338, 1, 0, 0
503000, 1319, 0, 0, 0
503000, 1326, 1, 0, 0
504000, 1313, 0, 0, 0
504000, 1329, 1, 0, 0
505000, 1322, 0, 0, 0
505000, 1337, 1, 0, 0
506000, 1322, 0, 0, 0
506000, 1343, 1, 0, 0
507000, 1325, 0, 0, 0
507000, 1336, 1, 0, 0
508000, 1315, 0, 0, 0
508000, 1333, 1, 0, 0
509000, 1325, 0, 0, 0
509000, 1341, 1, 0, 0
510000, 1323, 0, 0, 0
510000, 1333, 1, 0, 0
511000, 1309, 0, 0, 0
511000, 1331, 1, 0, 0
512000, 1335, 0, 0, 0
512000, 1356, 1, 0, 0
513000, 1319, 0, 0, 0
513000, 1346, 1, 0, 0
514000, 1333, 1, 0, 0
514000, 1327, 0, 0, 0
515003, 1337, 0, 0, 0
515003, 1350, 1, 0, 0
516000, 1318, 0, 0, 0
516000, 1341, 1, 0, 0
517000, 1322, 0, 0, 0
517000, 1339, 1, 0, 0
518000, 1347, 0, 0, 0
518000, 1367, 1, 0, 0
519002, 1324, 0, 0, 0
519002, 1340, 1, 0, 0
520000, 1334, 0, 0, 0
520000, 1356, 1, 0, 0
521000, 1355, 0, 0, 0
521000, 1368, 1, 0, 0
522000, 1358, 1, 0, 0
522000, 1352, 0, 0, 0
523000, 1342, 1, 0, 0
523000, 1335, 0, 0, 0
524000, 1347, 1, 0, 0
524000, 1330, 0, 0, 0
525000, 1324, 0, 0, 0
525000, 1346, 1, 0, 0
526005, 1340, 1, 0, 0
526005, 1332, 0, 0, 0
527000, 1316, 0, 0, 0
527000, 1333, 1, 0, 0
528000, 1346, 1, 0, 0
528000, 1341, 0, 0, 0
529000, 1329, 0, 0, 0
529000, 1359, 1, 0, 0
530000, 1361, 1, 0, 0
530000, 1344, 0, 0, 0
531000, 1321, 0, 0, 0
531000, 1330, 1, 0, 0
532004, 1328, 0, 0, 0
532004, 1347, 1, 0, 0
533000, 1333, 0, 0, 0
533000, 1356, 1, 0, 0
534000, 1340, 1, 0, 0
534000, 1316, 0, 0, 0
535000, 1319, 0, 0, 0
535000, 1335, 1, 0, 0
536000, 1321, 0, 0, 0
536000, 1349, 1, 0, 0
537000, 1322, 0, 0, 0
537000, 1333, 1, 0, 0
538000, 1335, 1, 0, 0
538000, 1317, 0, 0, 0
539000, 1325, 0, 0, 0
539000, 1344, 1, 0, 0
540000, 1328, 0, 0, 0
540000, 1338, 1, 0, 0
541000, 1340, 1, 0, 0
541000, 1326, 0, 0, 0
542001, 1335, 0, 0, 0
542001, 1354, 1, 0, 0
543000, 1318, 0, 0, 0
543000, 1339, 1, 0, 0
544000, 1318, 0, 0, 0
544000, 1328, 1, 0, 0
545000, 1317, 0, 0, 0
545000, 1332, 1, 0, 0
546000, 1329, 0, 0, 0
546000, 1355, 1, 0, 0
547000, 1343, 1, 0, 0
547000, 1325, 0, 0, 0
548000, 1348, 0, 0, 0
548000, 1380, 1, 0, 0
549000, 1327, 0, 0, 0
549000, 1358, 1, 0, 0
550003, 1323, 0, 0, 0
550003, 1338, 1, 0, 0
551000, 1337, 1, 0, 0
551000, 1327, 0, 0, 0
552000, 1324, 0, 0, 0
552000, 1355, 1, 0, 0
553003, 1330, 0, 0, 0
553004, 1353, 1, 0, 0
554000, 1330, 0, 0, 0
554000, 1339, 1, 0, 0
555000, 1326, 0, 0, 0
555000, 1342, 1, 0, 0
556005, 1323, 0, 0, 0
556005, 1336, 1, 0, 0
557000, 1336, 0, 0, 0
557000, 1355, 1, 0, 0
558000, 1349, 1, 0, 0
558000, 1326, 0, 0, 0
559000, 1336, 0, 0, 0
559000, 1358, 1, 0, 0
560001, 1333, 0, 0, 0
560002, 1358, 1, 0, 0
561000, 1331, 0, 0, 0
561000, 1341, 1, 0, 0
562000, 1316, 0, 0, 0
562000, 1338, 1, 0, 0
563000, 1328, 0, 0, 0
563000, 1341, 1, 0, 0
564000, 1342, 0, 0, 0
564000, 1349, 1, 0, 0
565001, 1331, 0, 0, 0
565001, 1342, 1, 0, 0
566000, 1348, 0, 0, 0
566000, 1350, 1, 0, 0
567000, 1365, 1, 0, 0
567000, 1337, 0, 0, 0
568003, 1351, 1, 0, 0
568003, 1334, 0, 0, 0
569000, 1340, 0, 0, 0
569000, 1368, 1, 0, 0
570000, 1343, 0, 0, 0
570000, 1354, 1, 0, 0
571000, 1355, 1, 0, 0
571000, 1342, 0, 0, 0
572000, 1321, 0, 0, 0
572000, 1341, 1, 0, 0
573000, 1314, 0, 0, 0
573000, 1325, 1, 0, 0
574000, 1320, 0, 0, 0
574000, 1339, 1, 0, 0
575000, 1347, 1, 0, 0
575000, 1322, 0, 0, 0
576000, 1326, 0, 0, 0
576000, 1364, 1, 0, 0
577000, 1351, 1, 0, 0
577000, 1324, 0, 0, 0
578000, 1386, 1, 0, 0
578000, 1363, 0, 0, 0
579001, 1367, 1, 0, 0
579001, 1339, 0, 0, 0
580000, 1317, 0, 0, 0
580000, 1347, 1, 0, 0
581000, 1338, 1, 0, 0
581000, 1321, 0, 0, 0
582000, 1322, 0, 0, 0
582000, 1344, 1, 0, 0
583000, 1375, 1, 0, 0
583000, 1365, 0, 0, 0
584000, 1337, 0, 0, 0
584000, 1358, 1, 0, 0
585000, 1359, 1, 0, 0
585000, 1336, 0, 0, 0
586000, 1340, 0, 0, 0
586000, 1354, 1, 0, 0
587000, 1341, 0, 0, 0
587000, 1359, 1, 0, 0
588000, 1377, 1, 0, 0
588000, 1359, 0, 0, 0
589002, 1349, 0, 0, 0
589002, 1368, 1, 0, 0
590000, 1320, 0, 0, 0
590000, 1331, 1, 0, 0
591000, 1345, 1, 0, 0
591000, 1329, 0, 0, 0
592000, 1369, 1, 0, 0
592000, 1344, 0, 0, 0
593002, 1332, 0, 0, 0
593002, 1349, 1, 0, 0
594000, 1346, 1, 0, 0
594000, 1326, 0, 0, 0
595000, 1340, 1, 0, 0
595000, 1330, 0, 0, 0
596000, 1366, 1, 0, 0
596000, 1336, 0, 0, 0
597003, 1323, 0, 0, 0
597003, 1349, 1, 0, 0
598000, 1327, 0, 0, 0
598000, 1349, 1, 0, 0
599000, 1353, 1, 0, 0
599000, 1328, 0, 0, 0
600002, 1360, 1, 0, 0
600002, 1346, 0, 0, 0
601000, 1355, 1, 0, 0
601000, 1344, 0, 0, 0
602000, 1354, 1, 0, 0
602000, 1342, 0, 0, 0
603084, 1353, 1, 0, 0
603084, 1338, 0, 0, 0
604000, 1316, 0, 0, 0
604000, 1332, 1, 0, 0
605000, 1362, 1, 0, 0
605000, 1328, 0, 0, 0
606000, 1351, 1, 0, 0
606000, 1332, 0, 0, 0
607000, 1342, 0, 0, 0
607000, 1366, 1, 0, 0
608000, 1357, 0, 0, 0
608000, 1390, 1, 0, 0
609000, 1355, 1, 0, 0
609000, 1333, 0, 0, 0
610000, 1324, 0, 0, 0
610000, 1349, 1, 0, 0
611000, 1327, 0, 0, 0
611000, 1339, 1, 0, 0
612000, 1336, 0, 0, 0
612000, 1367, 1, 0, 0
613000, 1331, 0, 0, 0
613000, 1330, 1, 0, 0
614000, 1346, 0, 0, 0
614000, 1367, 1, 0, 0
615000, 1329, 0, 0, 0
615000, 1343, 1, 0, 0
616000, 1336, 0, 0, 0
616000, 1346, 1, 0, 0
617000, 1345, 1, 0, 0
617000, 1339, 0, 0, 0
618000, 1322, 0, 0, 0
618000, 1339, 1, 0, 0
619000, 1331, 0, 0, 0
619000, 1357, 1, 0, 0
620000, 1331, 0, 0, 0
620000, 1351, 1, 0, 0
621000, 1342, 1, 0, 0
621000, 1335, 0, 0, 0
622000, 1322, 0, 0, 0
622000, 1350, 1, 0, 0
623000, 1324, 0, 0, 0
623000, 1332, 1, 0, 0
624004, 1333, 0, 0, 0
624004, 1344, 1, 0, 0
625000, 1339, 0, 0, 0
625000, 1362, 1, 0, 0
626000, 1344, 0, 0, 0
626000, 1365, 1, 0, 0
627000, 1334, 0, 0, 0
627000, 1362, 1, 0, 0
628002, 1329, 0, 0, 0
628002, 1355, 1, 0, 0
629000, 1365, 1, 0, 0
629000, 1345, 0, 0, 0
630000, 1373, 1, 0, 0
630000, 1341, 0, 0, 0
631000, 1334, 0, 0, 0
631000, 1342, 1, 0, 0
632000, 1343, 0, 0, 0
632000, 1360, 1, 0, 0
633000, 1324, 1, 0, 0
633000, 1321, 0, 0, 0
634000, 1339, 1, 0, 0
634000, 1322, 0, 0, 0
635000, 1334, 0, 0, 0
635000, 1369, 1, 0, 0
636000, 1330, 0, 0, 0
636000, 1342, 1, 0, 0
637000, 1318, 0, 0, 0
637000, 1337, 1, 0, 0
638001, 1339, 0, 0, 0
638001, 1357, 1, 0, 0
639000, 1354, 1, 0, 0
639000, 1323, 0, 0, 0
640000, 1357, 1, 0, 0
640000, 1337, 0, 0, 0
641000, 1344, 1, 0, 0
641000, 1325, 0, 0, 0
642000, 1328, 0, 0, 0
642000, 1336, 1, 0, 0
643000, 1324, 0, 0, 0
643000, 1339, 1, 0, 0
644000, 1312, 0, 0, 0
644000, 1325, 1, 0, 0
645000, 1317, 0, 0, 0
645000, 1334, 1, 0, 0
646000, 1338, 0, 0, 0
646000, 1359, 1, 0, 0
647000, 1318, 0, 0, 0
647000, 1339, 1, 0, 0
648000, 1345, 0, 0, 0
648000, 1364, 1, 0, 0
649000, 1329, 0, 0, 0
649000, 1345, 1, 0, 0
650000, 1355, 0, 0, 0
650000, 1350, 1, 0, 0
651000, 1347, 0, 0, 0
651000, 1351, 1, 0, 0
652000, 1367, 1, 0, 0
652000, 1337, 0, 0, 0
653000, 1335, 0, 0, 0
653000, 1356, 1, 0, 0
654000, 1335, 0, 0, 0
654000, 1353, 1, 0, 0
655000, 1326, 0, 0, 0
655000, 1359, 1, 0, 0
656000, 1333, 0, 0, 0
656000, 1347, 1, 0, 0
657001, 1329, 0, 0, 0
657001, 1337, 1, 0, 0
658000, 1355, 1, 0, 0
658000, 1337, 0, 0, 0
659000, 1333, 0, 0, 0
659000, 1350, 1, 0, 0
660000, 1338, 0, 0, 0
660000, 1345, 1, 0, 0
661000, 1344, 0, 0, 0
661000, 1344, 1, 0, 0
662000, 1331, 0, 0, 0
662000, 1352, 1, 0, 0
663000, 1340, 0, 0, 0
663000, 1351, 1, 0, 0
664004, 1327, 0, 0, 0
664004, 1342, 1, 0, 0
665000, 1350, 1, 0, 0
665000, 1338, 0, 0, 0
666000, 1349, 0, 0, 0
666000, 1361, 1, 0, 0
667000, 1370, 1, 0, 0
667000, 1350, 0, 0, 0
668000, 1370, 1, 0, 0
668000, 1357, 0, 0, 0
669000, 1354, 0, 0, 0
669000, 1373, 1, 0, 0
670000, 1352, 1, 0, 0
670000, 1329, 0, 0, 0
671000, 1339, 0, 0, 0
671000, 1355, 1, 0, 0
672000, 1347, 0, 0, 0
672000, 1348, 1, 0, 0
673000, 1325, 0, 0, 0
673000, 1349, 1, 0, 0
674000, 1348, 1, 0, 0
674000, 1335, 0, 0, 0
675001, 1344, 1, 0, 0
675001, 1338, 0, 0, 0
676000, 1344, 0, 0, 0
676000, 1346, 1, 0, 0
677000, 1337, 0, 0, 0
677000, 1352, 1, 0, 0
678000, 1337, 0, 0, 0
678000, 1355, 1, 0, 0
679000, 1331, 0, 0, 0
679000, 1353, 1, 0, 0
680000, 1343, 1, 0, 0
680000, 1332, 0, 0, 0
681000, 1340, 0, 0, 0
681000, 1361, 1, 0, 0
682000, 1337, 0, 0, 0
682000, 1361, 1, 0, 0
683000, 1352, 0, 0, 0
683000, 1362, 1, 0, 0
684003, 1331, 0, 0, 0
684003, 1343, 1, 0, 0
685000, 1337, 0, 0, 0
685000, 1343, 1, 0, 0
686000, 1333, 0, 0, 0
686000, 1352, 1, 0, 0
687000, 1351, 0, 0, 0
687000, 1370, 1, 0, 0
688000, 1339, 0, 0, 0
688000, 1363, 1, 0, 0
689000, 1344, 0, 0, 0
689000, 1353, 1, 0, 0
690000, 1347, 1, 0, 0
690000, 1338, 0, 0, 0
691000, 1325, 0, 0, 0
691000, 1325, 1, 0, 0
692000, 1326, 0, 0, 0
692000, 1331, 1, 0, 0
693000, 1373, 1, 0, 0
693000, 1348, 0, 0, 0
694003, 1350, 0, 0, 0
694003, 1354, 1, 0, 0
695000, 1346, 1, 0, 0
695000, 1335, 0, 0, 0
696000, 1348, 1, 0, 0
696000, 1330, 0, 0, 0
697000, 1329, 0, 0, 0
697000, 1353, 1, 0, 0
698003, 1342, 0, 0, 0
698004, 1367, 1, 0, 0
699000, 1354, 1, 0, 0
699000, 1331, 0, 0, 0
700000, 1324, 0, 0, 0
700000, 1353, 1, 0, 0
701000, 1322, 0, 0, 0
701000, 1334, 1, 0, 0
702000, 1335, 1, 0, 0
702000, 1325, 0, 0, 0
703000, 1326, 0, 0, 0
703000, 1339, 1, 0, 0
704000, 1348, 1, 0, 0
704000, 1333, 0, 0, 0
705002, 1358, 1, 0, 0
705002, 1330, 0, 0, 0
706000, 1342, 1, 0, 0
706000, 1339, 0, 0, 0
707000, 1341, 1, 0, 0
707000, 1331, 0, 0, 0
708000, 1317, 0, 0, 0
708000, 1324, 1, 0, 0
709000, 1324, 1, 0, 0
709000, 1331, 0, 0, 0
710000, 1332, 0, 0, 0
710000, 1347, 1, 0, 0
711000, 1338, 0, 0, 0
711000, 1345, 1, 0, 0
712000, 1353, 0, 0, 0
712000, 1362, 1, 0, 0
713000, 1343, 0, 0, 0
713000, 1353, 1, 0, 0
714002, 1332, 0, 0, 0
714002, 1350, 1, 0, 0
715000, 1327, 0, 0, 0
715000, 1348, 1, 0, 0
716000, 1341, 1, 0, 0
716000, 1325, 0, 0, 0
717000, 1345, 0, 0, 0
717000, 1356, 1, 0, 0
718000, 1327, 0, 0, 0
718000, 1346, 1, 0, 0
719000, 1338, 0, 0, 0
719000, 1343, 1, 0, 0
720000, 1334, 0, 0, 0
720000, 1341, 1, 0, 0
721000, 1327, 0, 0, 0
721000, 1334, 1, 0, 0
722000, 1352, 1, 0, 0
722000, 1338, 0, 0, 0
723000, 1336, 0, 0, 0
723000, 1342, 1, 0, 0
724000, 1332, 0, 0, 0
724000, 1336, 1, 0, 0
725000, 1327, 0, 0, 0
725000, 1338, 1, 0, 0
726000, 1336, 0, 0, 0
726000, 1360, 1, 0, 0
727000, 1354, 1, 0, 0
727000, 1342, 0, 0, 0
728000, 1344, 0, 0, 0
728000, 1361, 1, 0, 0
729000, 1342, 0, 0, 0
729000, 1353, 1, 0, 0
730000, 1343, 1, 0, 0
730000, 1326, 0, 0, 0
731000, 1337, 0, 0, 0
731000, 1349, 1, 0, 0
732000, 1341, 0, 0, 0
732000, 1357, 1, 0, 0
733000, 1349, 0, 0, 0
733000, 1354, 1, 0, 0
734000, 1329, 0, 0, 0
734000, 1356, 1, 0, 0
735000, 1352, 0, 0, 0
735000, 1370, 1, 0, 0
736000, 1359, 1, 0, 0
736000, 1333, 0, 0, 0
737000, 1354, 0, 0, 0
737000, 1368, 1, 0, 0
738000, 1335, 0, 0, 0
738000, 1364, 1, 0, 0
739001, 1340, 0, 0, 0
739032, 1344, 1, 0, 0
740000, 1316, 0, 0, 0
740000, 1332, 1, 0, 0
741000, 1317, 0, 0, 0
741000, 1334, 1, 0, 0
742000, 1343, 1, 0, 0
742000, 1329, 0, 0, 0
743000, 1328, 0, 0, 0
743000, 1350, 1, 0, 0
744002, 1329, 0, 0, 0
744002, 1346, 1, 0, 0
745000, 1348, 1, 0, 0
745000, 1333, 0, 0, 0
746000, 1338, 0, 0, 0
746000, 1363, 1, 0, 0
747000, 1339, 0, 0, 0
747000, 1355, 1, 0, 0
748001, 1600, 0, 0, 0
748001, 1630, 1, 0, 0
749000, 1451, 0, 0, 0
749000, 1453, 1, 0, 0
750000, 1327, 0, 0, 0
750000, 1337, 1, 0, 0
751000, 1339, 0, 0, 0
751000, 1350, 1, 0, 0
752000, 1336, 0, 0, 0
752000, 1352, 1, 0, 0
753000, 1328, 0, 0, 0
753000, 1342, 1, 0, 0
754000, 1330, 0, 0, 0
754000, 1355, 1, 0, 0
755000, 1335, 0, 0, 0
755000, 1343, 1, 0, 0
756000, 1343, 0, 0, 0
756000, 1366, 1, 0, 0
757001, 1327, 0, 0, 0
757001, 1346, 1, 0, 0
758000, 1374, 1, 0, 0
758000, 1348, 0, 0, 0
759000, 1337, 0, 0, 0
759000, 1355, 1, 0, 0
760000, 1333, 0, 0, 0
760000, 1345, 1, 0, 0
761000, 1350, 0, 0, 0
761000, 1366, 1, 0, 0
762000, 1355, 0, 0, 0
762000, 1391, 1, 0, 0
763000, 1345, 0, 0, 0
763000, 1363, 1, 0, 0
764000, 1348, 1, 0, 0
764000, 1330, 0, 0, 0
765000, 1351, 0, 0, 0
765000, 1364, 1, 0, 0
766000, 1346, 0, 0, 0
766000, 1371, 1, 0, 0
767000, 1345, 0, 0, 0
767000, 1370, 1, 0, 0
768000, 1353, 1, 0, 0
768000, 1349, 0, 0, 0
769000, 1340, 0, 0, 0
769000, 1361, 1, 0, 0
770002, 1360, 1, 0, 0
770002, 1355, 0, 0, 0
771000, 1361, 1, 0, 0
771000, 1352, 0, 0, 0
772000, 1352, 0, 0, 0
772000, 1369, 1, 0, 0
773000, 1368, 1, 0, 0
773000, 1360, 0, 0, 0
774000, 1366, 1, 0, 0
774000, 1348, 0, 0, 0
775000, 1360, 0, 0, 0
775000, 1386, 1, 0, 0
776000, 1366, 1, 0, 0
776000, 1343, 0, 0, 0
777000, 1361, 1, 0, 0
777000, 1363, 0, 0, 0
778000, 1346, 0, 0, 0
778000, 1373, 1, 0, 0
779000, 1344, 0, 0, 0
779000, 1350, 1, 0, 0
780000, 1362, 0, 0, 0
780000, 1380, 1, 0, 0
781000, 1343, 0, 0, 0
781000, 1373, 1, 0, 0
782000, 1347, 0, 0, 0
782000, 1356, 1, 0, 0
783000, 1389, 1, 0, 0
783000, 1355, 0, 0, 0
784000, 1366, 1, 0, 0
784000, 1348, 0, 0, 0
785000, 1354, 0, 0, 0
785000, 1368, 1, 0, 0
786000, 1348, 0, 0, 0
786000, 1357, 1, 0, 0
787000, 1367, 1, 0, 0
787000, 1346, 0, 0, 0
788000, 1358, 0, 0, 0
788000, 1384, 1, 0, 0
789000, 1390, 1, 0, 0
789000, 1368, 0, 0, 0
790000, 1357, 0, 0, 0
790000, 1383, 1, 0, 0
791000, 1363, 1, 0, 0
791000, 1342, 0, 0, 0
792003, 1357, 1, 0, 0
792003, 1351, 0, 0, 0
793000, 1344, 0, 0, 0
793000, 1367, 1, 0, 0
794000, 1333, 0, 0, 0
794000, 1353, 1, 0, 0
795000, 1341, 0, 0, 0
795000, 1351, 1, 0, 0
796000, 1340, 0, 0, 0
796000, 1363, 1, 0, 0
797000, 1332, 0, 0, 0
797000, 1353, 1, 0, 0
798000, 1372, 1, 0, 0
798000, 1345, 0, 0, 0
799000, 1356, 1, 0, 0
799000, 1340, 0, 0, 0
800000, 1348, 1, 0, 0
800000, 1328, 0, 0, 0
801000, 1345, 0, 0, 0
801000, 1367, 1, 0, 0
802000, 1333, 0, 0, 0
802000, 1347, 1, 0, 0
803000, 1340, 0, 0, 0
803000, 1368, 1, 0, 0
804000, 1318, 0, 0, 0
804000, 1337, 1, 0, 0
805000, 1357, 1, 0, 0
805000, 1326, 0, 0, 0
806000, 1338, 0, 0, 0
806000, 1341, 1, 0, 0
807000, 1345, 0, 0, 0
807000, 1353, 1, 0, 0
808000, 1363, 1, 0, 0
808000, 1349, 0, 0, 0
809000, 1358, 0, 0, 0
809000, 1375, 1, 0, 0
810000, 1329, 0, 0, 0
810000, 1345, 1, 0, 0
811000, 1359, 0, 0, 0
811000, 1380, 1, 0, 0
812000, 1343, 0, 0, 0
812000, 1373, 1, 0, 0
813000, 1349, 1, 0, 0
813000, 1333, 0, 0, 0
814000, 1347, 0, 0, 0
814000, 1361, 1, 0, 0
815000, 1346, 1, 0, 0
815000, 1341, 0, 0, 0
816000, 1373, 1, 0, 0
816000, 1357, 0, 0, 0
817001, 1361, 0, 0, 0
817001, 1393, 1, 0, 0
818000, 1339, 0, 0, 0
818000, 1351, 1, 0, 0
819000, 1364, 1, 0, 0
819000, 1341, 0, 0, 0
820000, 1335, 0, 0, 0
820000, 1340, 1, 0, 0
821000, 1339, 0, 0, 0
821000, 1365, 1, 0, 0
822000, 1342, 0, 0, 0
822000, 1367, 1, 0, 0
823000, 1345, 0, 0, 0
823000, 1360, 1, 0, 0
824000, 1322, 0, 0, 0
824000, 1337, 1, 0, 0
825002, 1371, 1, 0, 0
825002, 1340, 0, 0, 0
826000, 1345, 0, 0, 0
826000, 1354, 1, 0, 0
827000, 1339, 0, 0, 0
827000, 1371, 1, 0, 0
828000, 1363, 0, 0, 0
828000, 1368, 1, 0, 0
829000, 1326, 0, 0, 0
829000, 1346, 1, 0, 0
830000, 1354, 0, 0, 0
830000, 1368, 1, 0, 0
831000, 1360, 0, 0, 0
831000, 1378, 1, 0, 0
832000, 1363, 0, 0, 0
832000, 1375, 1, 0, 0
833000, 1345, 0, 0, 0
833000, 1358, 1, 0, 0
834000, 1358, 1, 0, 0
834000, 1343, 0, 0, 0
835000, 1332, 0, 0, 0
835000, 1341, 1, 0, 0
836000, 1337, 0, 0, 0
836000, 1336, 1, 0, 0
837000, 1338, 0, 0, 0
837000, 1345, 1, 0, 0
838000, 1352, 1, 0, 0
838000, 1341, 0, 0, 0
839000, 1339, 0, 0, 0
839000, 1340, 1, 0, 0
840000, 1340, 0, 0, 0
840000, 1349, 1, 0, 0
841001, 1335, 0, 0, 0
841001, 1341, 1, 0, 0
842000, 1343, 0, 0, 0
842000, 1353, 1, 0, 0
843000, 1362, 1, 0, 0
843000, 1355, 0, 0, 0
844000, 1373, 1, 0, 0
844000, 1348, 0, 0, 0
845000, 1352, 1, 0, 0
845000, 1337, 0, 0, 0
846000, 1387, 1, 0, 0
846000, 1361, 0, 0, 0
847000, 1373, 1, 0, 0
847000, 1346, 0, 0, 0
848000, 1359, 0, 0, 0
848000, 1378, 1, 0, 0
849000, 1361, 0, 0, 0
849000, 1375, 1, 0, 0
850000, 1377, 1, 0, 0
850000, 1346, 0, 0, 0
851000, 1324, 0, 0, 0
851000, 1356, 1, 0, 0
852000, 1360, 1, 0, 0
852000, 1354, 0, 0, 0
853000, 1329, 0, 0, 0
853000, 1349, 1, 0, 0
854000, 1356, 1, 0, 0
854000, 1341, 0, 0, 0
855000, 1339, 0, 0, 0
855000, 1354, 1, 0, 0
856000, 1341, 0, 0, 0
856000, 1363, 1, 0, 0
857000, 1369, 0, 0, 0
857000, 1369, 1, 0, 0
858001, 1338, 0, 0, 0
858001, 1359, 1, 0, 0
859000, 1351, 0, 0, 0
859000, 1373, 1, 0, 0
860000, 1346, 0, 0, 0
860000, 1369, 1, 0, 0
861000, 1361, 1, 0, 0
861000, 1336, 0, 0, 0
862001, 1334, 1, 0, 0
862001, 1323, 0, 0, 0
863000, 1347, 0, 0, 0
863000, 1363, 1, 0, 0
864000, 1340, 0, 0, 0
864000, 1352, 1, 0, 0
865000, 1337, 0, 0, 0
865000, 1367, 1, 0, 0
866000, 1343, 1, 0, 0
866000, 1334, 0, 0, 0
867000, 1360, 1, 0, 0
867000, 1343, 0, 0, 0
868000, 1350, 0, 0, 0
868000, 1352, 1, 0, 0
869001, 1348, 0, 0, 0
869002, 1365, 1, 0, 0
870000, 1326, 0, 0, 0
870000, 1335, 1, 0, 0
871000, 1340, 0, 0, 0
871000, 1353, 1, 0, 0
872002, 1329, 0, 0, 0
872002, 1349, 1, 0, 0
873000, 1329, 0, 0, 0
873000, 1336, 1, 0, 0
874000, 1339, 0, 0, 0
874000, 1356, 1, 0, 0
875000, 1364, 1, 0, 0
875000, 1342, 0, 0, 0
876000, 1353, 1, 0, 0
876000, 1331, 0, 0, 0
877000, 1327, 0, 0, 0
877000, 1336, 1, 0, 0
878000, 1344, 0, 0, 0
878000, 1353, 1, 0, 0
879000, 1370, 1, 0, 0
879000, 1349, 0, 0, 0
880000, 1355, 1, 0, 0
880000, 1335, 0, 0, 0
881000, 1323, 0, 0, 0
881000, 1336, 1, 0, 0
882002, 1338, 0, 0, 0
882002, 1344, 1, 0, 0
883000, 1360, 1, 0, 0
883000, 1334, 0, 0, 0
884000, 1336, 0, 0, 0
884000, 1347, 1, 0, 0
885000, 1336, 1, 0, 0
885000, 1327, 0, 0, 0
886000, 1355, 0, 0, 0
886000, 1370, 1, 0, 0
887000, 1328, 1, 0, 0
887000, 1326, 0, 0, 0
888000, 1351, 1, 0, 0
888000, 1339, 0, 0, 0
889000, 1354, 0, 0, 0
889000, 1375, 1, 0, 0
890000, 1328, 0, 0, 0
890000, 1356, 1, 0, 0
891000, 1347, 0, 0, 0
891000, 1370, 1, 0, 0
892000, 1320, 0, 0, 0
892000, 1331, 1, 0, 0
893000, 1331, 0, 0, 0
893000, 1346, 1, 0, 0
894000, 1321, 0, 0, 0
894000, 1342, 1, 0, 0
895000, 1324, 0, 0, 0
895000, 1332, 1, 0, 0
896000, 1319, 0, 0, 0
896000, 1338, 1, 0, 0
897000, 1325, 0, 0, 0
897000, 1333, 1, 0, 0
898000, 1337, 1, 0, 0
898000, 1330, 0, 0, 0
899000, 1340, 1, 0, 0
899000, 1335, 0, 0, 0
900000, 1363, 1, 0, 0
900000, 1341, 0, 0, 0
901000, 1329, 0, 0, 0
901000, 1325, 1, 0, 0
902000, 1328, 0, 0, 0
902000, 1347, 1, 0, 0
903000, 1324, 0, 0, 0
903000, 1352, 1, 0, 0
904001, 1327, 0, 0, 0
904001, 1333, 1, 0, 0
905000, 1345, 1, 0, 0
905000, 1342, 0, 0, 0
906000, 1332, 0, 0, 0
906000, 1337, 1, 0, 0
907000, 1325, 0, 0, 0
907000, 1335, 1, 0, 0
908000, 1326, 0, 0, 0
908000, 1348, 1, 0, 0
909000, 1345, 0, 0, 0
909000, 1367, 1, 0, 0
910000, 1348, 1, 0, 0
910000, 1325, 0, 0, 0
911000, 1334, 0, 0, 0
911000, 1349, 1, 0, 0
912000, 1337, 0, 0, 0
912000, 1343, 1, 0, 0
913000, 1343, 0, 0, 0
913000, 1367, 1, 0, 0
914000, 1331, 0, 0, 0
914000, 1350, 1, 0, 0
915000, 1359, 1, 0, 0
915000, 1346, 0, 0, 0
916000, 1358, 0, 0, 0
916000, 1368, 1, 0, 0
917000, 1360, 0, 0, 0
917000, 1392, 1, 0, 0
918000, 1354, 0, 0, 0
918000, 1357, 1, 0, 0
919000, 1366, 1, 0, 0
919000, 1346, 0, 0, 0
920000, 1352, 0, 0, 0
920000, 1366, 1, 0, 0
921000, 1359, 1, 0, 0
921000, 1353, 0, 0, 0
922000, 1340, 0, 0, 0
922000, 1360, 1, 0, 0
923001, 1348, 0, 0, 0
923001, 1343, 1, 0, 0
924000, 1336, 0, 0, 0
924000, 1346, 1, 0, 0
925000, 1324, 0, 0, 0
925000, 1342, 1, 0, 0
926000, 1338, 0, 0, 0
926000, 1362, 1, 0, 0
927000, 1330, 0, 0, 0
927000, 1349, 1, 0, 0
928000, 1340, 0, 0, 0
928000, 1346, 1, 0, 0
929000, 1344, 0, 0, 0
929000, 1366, 1, 0, 0
930000, 1346, 0, 0, 0
930000, 1368, 1, 0, 0
931000, 1335, 1, 0, 0
931000, 1320, 0, 0, 0
932000, 1328, 0, 0, 0
932000, 1341, 1, 0, 0
933000, 1346, 1, 0, 0
933000, 1330, 0, 0, 0
934000, 1329, 0, 0, 0
934000, 1348, 1, 0, 0
935000, 1332, 0, 0, 0
935000, 1340, 1, 0, 0
936000, 1365, 1, 0, 0
936000, 1349, 0, 0, 0
937000, 1346, 0, 0, 0
937000, 1367, 1, 0, 0
938000, 1343, 0, 0, 0
938000, 1342, 1, 0, 0
939000, 1351, 0, 0, 0
939000, 1361, 1, 0, 0
940000, 1345, 1, 0, 0
940000, 1332, 0, 0, 0
941000, 1347, 1, 0, 0
941000, 1336, 0, 0, 0
942000, 1321, 0, 0, 0
942000, 1338, 1, 0, 0
943000, 1320, 0, 0, 0
943000, 1331, 1, 0, 0
944000, 1341, 1, 0, 0
944000, 1322, 0, 0, 0
945000, 1329, 0, 0, 0
945000, 1340, 1, 0, 0
946000, 1343, 1, 0, 0
946000, 1341, 0, 0, 0
947000, 1334, 0, 0, 0
947000, 1360, 1, 0, 0
948000, 1347, 1, 0, 0
948000, 1332, 0, 0, 0
949000, 1350, 0, 0, 0
949000, 1355, 1, 0, 0
950000, 1351, 0, 0, 0
950000, 1381, 1, 0, 0
951000, 1339, 0, 0, 0
951000, 1361, 1, 0, 0
952000, 1344, 0, 0, 0
952000, 1367, 1, 0, 0
953000, 1347, 0, 0, 0
953000, 1369, 1, 0, 0
954000, 1351, 0, 0, 0
954000, 1372, 1, 0, 0
955000, 1357, 1, 0, 0
955000, 1336, 0, 0, 0
956000, 1347, 0, 0, 0
956000, 1369, 1, 0, 0
957000, 1336, 0, 0, 0
957000, 1347, 1, 0, 0
958000, 1357, 0, 0, 0
958000, 1367, 1, 0, 0
959000, 1359, 0, 0, 0
959000, 1380, 1, 0, 0
960000, 1353, 0, 0, 0
960000, 1377, 1, 0, 0
961001, 1346, 0, 0, 0
961001, 1367, 1, 0, 0
962000, 1368, 0, 0, 0
962000, 1389, 1, 0, 0
963000, 1374, 1, 0, 0
963000, 1347, 0, 0, 0
964000, 1341, 0, 0, 0
964000, 1363, 1, 0, 0
965001, 1368, 1, 0, 0
965001, 1356, 0, 0, 0
966000, 1352, 0, 0, 0
966000, 1370, 1, 0, 0
967000, 1354, 0, 0, 0
967000, 1371, 1, 0, 0
968000, 1361, 0, 0, 0
968000, 1370, 1, 0, 0
969000, 1354, 0, 0, 0
969000, 1374, 1, 0, 0
970000, 1319, 0, 0, 0
970000, 1345, 1, 0, 0
971000, 1330, 0, 0, 0
971000, 1337, 1, 0, 0
972000, 1350, 1, 0, 0
972000, 1332, 0, 0, 0
973000, 1348, 1, 0, 0
973000, 1339, 0, 0, 0
974000, 1342, 0, 0, 0
974000, 1361, 1, 0, 0
975000, 1327, 0, 0, 0
975000, 1351, 1, 0, 0
976000, 1335, 1, 0, 0
976000, 1332, 0, 0, 0
977000, 1337, 0, 0, 0
977000, 1339, 1, 0, 0
978000, 1349, 1, 0, 0
978000, 1342, 0, 0, 0
979000, 1328, 0, 0, 0
979000, 1348, 1, 0, 0
980000, 1351, 0, 0, 0
980000, 1374, 1, 0, 0
981000, 1331, 0, 0, 0
981000, 1356, 1, 0, 0
982001, 1363, 0, 0, 0
982001, 1380, 1, 0, 0
983000, 1370, 1, 0, 0
983000, 1357, 0, 0, 0
984000, 1348, 0, 0, 0
984000, 1370, 1, 0, 0
985000, 1331, 0, 0, 0
985000, 1347, 1, 0, 0
986000, 1337, 0, 0, 0
986000, 1352, 1, 0, 0
987000, 1357, 1, 0, 0
987000, 1339, 0, 0, 0
988000, 1345, 0, 0, 0
988000, 1367, 1, 0, 0
989000, 1362, 1, 0, 0
989000, 1342, 0, 0, 0
990000, 1420, 1, 0, 0
990000, 1366, 0, 0, 0
991000, 1359, 0, 0, 0
991000, 1377, 1, 0, 0
992000, 1368, 1, 0, 0
992000, 1345, 0, 0, 0
993000, 1388, 1, 0, 0
993000, 1369, 0, 0, 0
994000, 1356, 0, 0, 0
994000, 1373, 1, 0, 0
995000, 1364, 0, 0, 0
995000, 1394, 1, 0, 0
996000, 1358, 0, 0, 0
996000, 1378, 1, 0, 0
997000, 1338, 0, 0, 0
997000, 1353, 1, 0, 0
998000, 1362, 0, 0, 0
998000, 1367, 1, 0, 0
999000, 1368, 0, 0, 0
999000, 1393, 1, 0, 0
1000000, 1387, 1, 0, 0
1000000, 1350, 0, 0, 0
1001000, 1354, 0, 0, 0
1001000, 1356, 1, 0, 0
1002000, 1363, 1, 0, 0
1002000, 1332, 0, 0, 0
1003070, 1352, 0, 0, 0
1003070, 1366, 1, 0, 0
1004000, 1354, 1, 0, 0
1004000, 1331, 0, 0, 0
1005000, 1342, 0, 0, 0
1005000, 1359, 1, 0, 0
1006000, 1337, 0, 0, 0
1006000, 1382, 1, 0, 0
1007000, 1367, 1, 0, 0
1007000, 1346, 0, 0, 0
1008000, 1363, 1, 0, 0
1008000, 1347, 0, 0, 0
1009000, 1353, 0, 0, 0
1009000, 1362, 1, 0, 0
1010000, 1364, 1, 0, 0
1010000, 1345, 0, 0, 0
1011000, 1348, 0, 0, 0
1011000, 1378, 1, 0, 0
1012000, 1345, 0, 0, 0
1012000, 1346, 1, 0, 0
1013000, 1351, 0, 0, 0
1013000, 1357, 1, 0, 0
1014000, 1349, 0, 0, 0
1014000, 1368, 1, 0, 0
1015000, 1356, 0, 0, 0
1015000, 1364, 1, 0, 0
1016000, 1362, 1, 0, 0
1016000, 1346, 0, 0, 0
1017000, 1353, 0, 0, 0
1017000, 1370, 1, 0, 0
1018000, 1337, 0, 0, 0
1018000, 1364, 1, 0, 0
1019000, 1375, 1, 0, 0
1019000, 1359, 0, 0, 0
1020000, 1366, 1, 0, 0
1020000, 1351, 0, 0, 0
1021000, 1398, 1, 0, 0
1021000, 1375, 0, 0, 0
1022000, 1345, 0, 0, 0
1022000, 1377, 1, 0, 0
1023000, 1383, 1, 0, 0
1023000, 1356, 0, 0, 0
1024000, 1363, 0, 0, 0
1024000, 1369, 1, 0, 0
1025000, 1339, 0, 0, 0
1025000, 1357, 1, 0, 0
1026000, 1373, 1, 0, 0
1026000, 1352, 0, 0, 0
1027000, 1352, 0, 0, 0
1027000, 1363, 1, 0, 0
1028000, 1378, 1, 0, 0
1028000, 1367, 0, 0, 0
1029000, 1382, 0, 0, 0
1029000, 1405, 1, 0, 0
1030000, 1337, 0, 0, 0
1030000, 1353, 1, 0, 0
1031000, 1338, 0, 0, 0
1031000, 1351, 1, 0, 0
1032000, 1338, 0, 0, 0
1032000, 1368, 1, 0, 0
1033000, 1349, 0, 0, 0
1033000, 1374, 1, 0, 0
1034000, 1332, 0, 0, 0
1034000, 1344, 1, 0, 0
1035000, 1340, 0, 0, 0
1035000, 1361, 1, 0, 0
1036000, 1367, 1, 0, 0
1036000, 1360, 0, 0, 0
1037000, 1382, 1, 0, 0
1037000, 1376, 0, 0, 0
1038000, 1351, 0, 0, 0
1038000, 1371, 1, 0, 0
1039000, 1386, 0, 0, 0
1039000, 1406, 1, 0, 0
1040000, 1355, 0, 0, 0
1040000, 1368, 1, 0, 0
1041000, 1365, 0, 0, 0
1041000, 1378, 1, 0, 0
1042001, 1377, 0, 0, 0
1042001, 1383, 1, 0, 0
1043000, 1361, 0, 0, 0
1043002, 1389, 1, 0, 0
1044000, 1348, 0, 0, 0
1044000, 1372, 1, 0, 0
1045000, 1385, 1, 0, 0
1045000, 1362, 0, 0, 0
1046000, 1366, 0, 0, 0
1046000, 1387, 1, 0, 0
1047000, 1366, 0, 0, 0
1047000, 1377, 1, 0, 0
1048000, 1339, 0, 0, 0
1048000, 1364, 1, 0, 0
1049000, 1324, 0, 0, 0
1049000, 1355, 1, 0, 0
1050000, 1343, 0, 0, 0
1050000, 1362, 1, 0, 0
1051000, 1357, 0, 0, 0
1051000, 1367, 1, 0, 0
1052000, 1337, 1, 0, 0
1052000, 1327, 0, 0, 0
1053000, 1318, 0, 0, 0
1053000, 1338, 1, 0, 0
1054000, 1321, 0, 0, 0
1054000, 1339, 1, 0, 0
1055000, 1337, 0, 0, 0
1055000, 1359, 1, 0, 0
1056000, 1344, 1, 0, 0
1056000, 1334, 0, 0, 0
1057000, 1340, 1, 0, 0
1057000, 1335, 0, 0, 0
1058000, 1325, 0, 0, 0
1058000, 1342, 1, 0, 0
1059000, 1348, 0, 0, 0
1059000, 1364, 1, 0, 0
1060000, 1323, 0, 0, 0
1060000, 1335, 1, 0, 0
1061000, 1327, 0, 0, 0
1061000, 1339, 1, 0, 0
1062000, 1318, 0, 0, 0
1062000, 1357, 1, 0, 0
1063000, 1349, 1, 0, 0
1063000, 1332, 0, 0, 0
1064000, 1319, 0, 0, 0
1064000, 1335, 1, 0, 0
1065000, 1316, 0, 0, 0
1065000, 1332, 1, 0, 0
1066000, 1334, 0, 0, 0
1066000, 1355, 1, 0, 0
1067000, 1349, 1, 0, 0
1067000, 1343, 0, 0, 0
1068000, 1329, 0, 0, 0
1068000, 1340, 1, 0, 0
1069000, 1333, 0, 0, 0
1069000, 1354, 1, 0, 0
1070000, 1355, 1, 0, 0
1070000, 1340, 0, 0, 0
1071000, 1330, 0, 0, 0
1071000, 1334, 1, 0, 0
1072000, 1331, 0, 0, 0
1072000, 1339, 1, 0, 0
1073000, 1582, 1, 0, 0
1073000, 1570, 0, 0, 0
1074000, 1909, 0, 0, 0
1074000, 1970, 1, 0, 0
1075000, 1943, 1, 0, 0
1075000, 1909, 0, 0, 0
1076000, 1481, 0, 0, 0
1076000, 1499, 1, 0, 0
1077000, 1734, 1, 0, 0
1077000, 1691, 0, 0, 0
1078000, 1834, 1, 0, 0
1078000, 1771, 0, 0, 0
1079000, 1670, 0, 0, 0
1079000, 1715, 1, 0, 0
1080000, 1330, 0, 0, 0
1080000, 1344, 1, 0, 0
1081000, 1331, 0, 0, 0
1081000, 1352, 1, 0, 0
1082000, 1610, 1, 0, 0
1082000, 1599, 0, 0, 0
1083000, 1769, 1, 0, 0
1083000, 1729, 0, 0, 0
1084000, 1869, 0, 0, 0
1084000, 1930, 1, 0, 0
1085000, 1495, 1, 0, 0
1085000, 1472, 0, 0, 0
1086000, 1941, 1, 0, 0
1086000, 1896, 0, 0, 0
1087000, 1542, 0, 0, 0
1087000, 1610, 1, 0, 0
1088000, 1326, 0, 0, 0
1088000, 1352, 1, 0, 0
1089000, 1359, 0, 0, 0
1089000, 1393, 1, 0, 0
1090000, 1342, 0, 0, 0
1090000, 1355, 1, 0, 0
1091000, 1362, 1, 0, 0
1091000, 1347, 0, 0, 0
1092000, 1332, 0, 0, 0
1092000, 1346, 1, 0, 0
1093000, 1339, 0, 0, 0
1093000, 1364, 1, 0, 0
1094000, 1356, 1, 0, 0
1094000, 1340, 0, 0, 0
1095000, 1349, 1, 0, 0
1095000, 1349, 0, 0, 0
1096000, 1332, 0, 0, 0
1096000, 1347, 1, 0, 0
1097000, 1332, 0, 0, 0
1097000, 1340, 1, 0, 0
1098000, 1328, 0, 0, 0
1098000, 1341, 1, 0, 0
1099000, 1349, 1, 0, 0
1099000, 1331, 0, 0, 0
1100000, 1360, 1, 0, 0
1100000, 1329, 0, 0, 0
1101000, 1327, 0, 0, 0
1101000, 1323, 1, 0, 0
1102000, 1323, 0, 0, 0
1102000, 1337, 1, 0, 0
1103000, 1341, 0, 0, 0
1103000, 1358, 1, 0, 0
1104000, 1333, 0, 0, 0
1104000, 1344, 1, 0, 0
1105000, 1318, 0, 0, 0
1105000, 1334, 1, 0, 0
1106000, 1328, 0, 0, 0
1106000, 1337, 1, 0, 0
1107000, 1318, 0, 0, 0
1107000, 1322, 1, 0, 0
1108000, 1312, 0, 0, 0
1108000, 1332, 1, 0, 0
1109000, 1325, 0, 0, 0
1109000, 1351, 1, 0, 0
1110000, 1330, 1, 0, 0
1110000, 1315, 0, 0, 0
1111000, 1332, 0, 0, 0
1111000, 1351, 1, 0, 0
1112000, 1328, 0, 0, 0
1112000, 1327, 1, 0, 0
1113000, 1330, 0, 0, 0
1113000, 1342, 1, 0, 0
1114000, 1356, 1, 0, 0
1114000, 1331, 0, 0, 0
1115000, 1323, 0, 0, 0
1115000, 1339, 1, 0, 0
1116000, 1349, 1, 0, 0
1116000, 1327, 0, 0, 0
1117000, 1325, 0, 0, 0
1117000, 1336, 1, 0, 0
1118000, 1331, 0, 0, 0
1118000, 1351, 1, 0, 0
1119000, 1376, 1, 0, 0
1119000, 1353, 0, 0, 0
1120000, 1333, 1, 0, 0
1120000, 1320, 0, 0, 0
1121000, 1336, 1, 0, 0
1121000, 1329, 0, 0, 0
1122000, 1352, 1, 0, 0
1122000, 1331, 0, 0, 0
1123000, 1325, 0, 0, 0
1123000, 1338, 1, 0, 0
1124000, 1328, 1, 0, 0
1124000, 1327, 0, 0, 0
1125000, 1332, 0, 0, 0
1125000, 1349, 1, 0, 0
1126000, 1345, 1, 0, 0
1126000, 1329, 0, 0, 0
1127000, 1360, 1, 0, 0
1127000, 1335, 0, 0, 0
1128000, 1343, 1, 0, 0
1128000, 1329, 0, 0, 0
1129000, 1325, 0, 0, 0
1129000, 1337, 1, 0, 0
1130000, 1332, 1, 0, 0
1130000, 1324, 0, 0, 0
1131000, 1336, 0, 0, 0
1131000, 1362, 1, 0, 0
1132000, 1335, 0, 0, 0
1132000, 1356, 1, 0, 0
1133000, 1326, 0, 0, 0
1133000, 1357, 1, 0, 0
1134000, 1335, 0, 0, 0
1134000, 1348, 1, 0, 0
1135000, 1324, 0, 0, 0
1135000, 1347, 1, 0, 0
1136000, 1342, 1, 0, 0
1136000, 1334, 0, 0, 0
1137000, 1309, 0, 0, 0
1137000, 1336, 1, 0, 0
1138000, 1333, 0, 0, 0
1138000, 1339, 1, 0, 0
1139000, 1326, 0, 0, 0
1139000, 1350, 1, 0, 0
1140000, 1335, 0, 0, 0
1140000, 1344, 1, 0, 0
1141000, 1340, 1, 0, 0
1141000, 1330, 0, 0, 0
1142000, 1371, 1, 0, 0
1142000, 1341, 0, 0, 0
1143001, 1329, 0, 0, 0
1143001, 1347, 1, 0, 0
1144000, 1348, 1, 0, 0
1144000, 1336, 0, 0, 0
1145000, 1328, 0, 0, 0
1145000, 1345, 1, 0, 0
1146000, 1336, 1, 0, 0
1146000, 1328, 0, 0, 0
1147000, 1357, 1, 0, 0
1147000, 1333, 0, 0, 0
1148000, 1336, 0, 0, 0
1148000, 1356, 1, 0, 0
1149000, 1349, 0, 0, 0
1149000, 1365, 1, 0, 0
1150000, 1305, 0, 0, 0
1150000, 1316, 1, 0, 0
1151000, 1321, 0, 0, 0
1151000, 1341, 1, 0, 0
1152000, 1299, 0, 0, 0
1152000, 1302, 1, 0, 0
1153000, 1314, 0, 0, 0
1153000, 1325, 1, 0, 0
1154000, 1337, 0, 0, 0
1154000, 1353, 1, 0, 0
1155000, 1348, 0, 0, 0
1155000, 1362, 1, 0, 0
1156000, 1324, 0, 0, 0
1156000, 1335, 1, 0, 0
1157000, 1342, 0, 0, 0
1157000, 1367, 1, 0, 0
1158000, 1343, 0, 0, 0
1158000, 1361, 1, 0, 0
1159001, 1342, 1, 0, 0
1159001, 1334, 0, 0, 0
1160000, 1335, 0, 0, 0
1160000, 1346, 1, 0, 0
1161000, 1351, 1, 0, 0
1161000, 1342, 0, 0, 0
1162000, 1325, 0, 0, 0
1162000, 1351, 1, 0, 0
1163000, 1335, 0, 0, 0
1163000, 1347, 1, 0, 0
1164000, 1335, 1, 0, 0
1164000, 1324, 0, 0, 0
1165000, 1355, 1, 0, 0
1165000, 1338, 0, 0, 0
1166000, 1342, 0, 0, 0
1166000, 1362, 1, 0, 0
1167000, 1335, 0, 0, 0
1167000, 1354, 1, 0, 0
1168000, 1340, 0, 0, 0
1168000, 1353, 1, 0, 0
1169000, 1358, 1, 0, 0
1169000, 1340, 0, 0, 0
1170000, 1349, 1, 0, 0
1170000, 1349, 0, 0, 0
1171000, 1358, 0, 0, 0
1171000, 1378, 1, 0, 0
1172000, 1351, 0, 0, 0
1172000, 1374, 1, 0, 0
1173000, 1323, 0, 0, 0
1173000, 1349, 1, 0, 0
1174000, 1313, 0, 0, 0
1174000, 1329, 1, 0, 0
1175000, 1348, 0, 0, 0
1175000, 1371, 1, 0, 0
1176000, 1356, 1, 0, 0
1176000, 1338, 0, 0, 0
1177000, 1364, 1, 0, 0
1177000, 1356, 0, 0, 0
1178000, 1371, 1, 0, 0
1178000, 1350, 0, 0, 0
1179000, 1349, 0, 0, 0
1179000, 1375, 1, 0, 0
1180000, 1349, 1, 0, 0
1180000, 1350, 0, 0, 0
1181000, 1333, 1, 0, 0
1181000, 1324, 0, 0, 0
1182000, 1331, 0, 0, 0
1182000, 1347, 1, 0, 0
1183000, 1359, 0, 0, 0
1183000, 1376, 1, 0, 0
1184000, 1345, 0, 0, 0
1184000, 1358, 1, 0, 0
1185000, 1344, 0, 0, 0
1185000, 1356, 1, 0, 0
1186000, 1379, 1, 0, 0
1186000, 1345, 0, 0, 0
1187000, 1365, 1, 0, 0
1187000, 1342, 0, 0, 0
1188000, 1323, 0, 0, 0
1188000, 1332, 1, 0, 0
1189000, 1340, 0, 0, 0
1189000, 1354, 1, 0, 0
1190000, 1363, 1, 0, 0
1190000, 1347, 0, 0, 0
1191000, 1366, 1, 0, 0
1191000, 1345, 0, 0, 0
1192000, 1343, 0, 0, 0
1192000, 1363, 1, 0, 0
1193000, 1342, 0, 0, 0
1193000, 1355, 1, 0, 0
1194000, 1350, 1, 0, 0
1194000, 1339, 0, 0, 0
1195000, 1347, 0, 0, 0
1195000, 1377, 1, 0, 0
1196000, 1345, 0, 0, 0
1196000, 1354, 1, 0, 0
1197000, 1337, 0, 0, 0
1197000, 1353, 1, 0, 0
1198000, 1338, 0, 0, 0
1198000, 1352, 1, 0, 0
1199000, 1352, 0, 0, 0
1199000, 1365, 1, 0, 0
1200000, 1350, 0, 0, 0
1200000, 1358, 1, 0, 0
1201000, 1359, 0, 0, 0
1201000, 1363, 1, 0, 0
1202000, 1381, 1, 0, 0
1202000, 1355, 0, 0, 0
1203000, 1334, 0, 0, 0
1203000, 1365, 1, 0, 0
1204000, 1340, 0, 0, 0
1204000, 1357, 1, 0, 0
1205000, 1356, 0, 0, 0
1205000, 1378, 1, 0, 0
1206000, 1336, 0, 0, 0
1206000, 1360, 1, 0, 0
1207000, 1358, 0, 0, 0
1207000, 1375, 1, 0, 0
1208000, 1339, 0, 0, 0
1208000, 1353, 1, 0, 0
1209000, 1359, 0, 0, 0
1209000, 1383, 1, 0, 0
1210000, 1344, 1, 0, 0
1210000, 1336, 0, 0, 0
1211000, 1349, 0, 0, 0
1211000, 1363, 1, 0, 0
1212000, 1348, 0, 0, 0
1212000, 1360, 1, 0, 0
1213000, 1337, 0, 0, 0
1213000, 1353, 1, 0, 0
1214000, 1345, 0, 0, 0
1214000, 1350, 1, 0, 0
1215000, 1340, 0, 0, 0
1215000, 1359, 1, 0, 0
1216000, 1343, 0, 0, 0
1216000, 1346, 1, 0, 0
1217000, 1341, 0, 0, 0
1217000, 1352, 1, 0, 0
1218000, 1359, 1, 0, 0
1218000, 1347, 0, 0, 0
1219000, 1367, 1, 0, 0
1219000, 1362, 0, 0, 0
1220000, 1329, 0, 0, 0
1220000, 1343, 1, 0, 0
1221000, 1352, 1, 0, 0
1221000, 1329, 0, 0, 0
1222000, 1339, 0, 0, 0
1222000, 1351, 1, 0, 0
1223000, 1367, 1, 0, 0
1223000, 1343, 0, 0, 0
1224000, 1353, 1, 0, 0
1224000, 1334, 0, 0, 0
1225000, 1346, 0, 0, 0
1225000, 1363, 1, 0, 0
1226000, 1352, 0, 0, 0
1226000, 1372, 1, 0, 0
1227000, 1324, 0, 0, 0
1227000, 1342, 1, 0, 0
1228000, 1372, 1, 0, 0
1228000, 1357, 0, 0, 0
1229000, 1368, 1, 0, 0
1229000, 1352, 0, 0, 0
1230000, 1329, 0, 0, 0
1230000, 1347, 1, 0, 0
1231000, 1341, 0, 0, 0
1231000, 1364, 1, 0, 0
1232000, 1355, 1, 0, 0
1232000, 1339, 0, 0, 0
1233000, 1328, 0, 0, 0
1233000, 1344, 1, 0, 0
1234000, 1337, 1, 0, 0
1234000, 1323, 0, 0, 0
1235000, 1342, 0, 0, 0
1235000, 1377, 1, 0, 0
1236000, 1358, 0, 0, 0
1236000, 1381, 1, 0, 0
1237000, 1351, 0, 0, 0
1237000, 1381, 1, 0, 0
1238000, 1352, 0, 0, 0
1238000, 1383, 1, 0, 0
1239000, 1391, 1, 0, 0
1239000, 1365, 0, 0, 0
1240000, 1333, 0, 0, 0
1240000, 1362, 1, 0, 0
1241000, 1358, 0, 0, 0
1241000, 1380, 1, 0, 0
1242000, 1364, 1, 0, 0
1242000, 1342, 0, 0, 0
1243000, 1343, 0, 0, 0
1243000, 1369, 1, 0, 0
1244000, 1341, 0, 0, 0
1244000, 1345, 1, 0, 0
1245000, 1339, 0, 0, 0
1245000, 1353, 1, 0, 0
1246000, 1340, 0, 0, 0
1246000, 1362, 1, 0, 0
1247000, 1350, 0, 0, 0
1247000, 1364, 1, 0, 0
1248000, 1351, 0, 0, 0
1248000, 1364, 1, 0, 0
1249000, 1332, 0, 0, 0
1249000, 1363, 1, 0, 0
1250000, 1324, 0, 0, 0
1250000, 1342, 1, 0, 0
1251000, 1339, 0, 0, 0
1251000, 1350, 1, 0, 0
1252000, 1373, 1, 0, 0
1252000, 1354, 0, 0, 0
1253000, 1344, 0, 0, 0
1253000, 1352, 1, 0, 0
1254000, 1332, 0, 0, 0
1254000, 1344, 1, 0, 0
1255000, 1345, 0, 0, 0
1255000, 1365, 1, 0, 0
1256000, 1349, 1, 0, 0
1256000, 1339, 0, 0, 0
1257000, 1338, 0, 0, 0
1257000, 1355, 1, 0, 0
1258000, 1329, 0, 0, 0
1258000, 1337, 1, 0, 0
1259000, 1347, 0, 0, 0
1259000, 1358, 1, 0, 0
1260000, 1349, 0, 0, 0
1260000, 1372, 1, 0, 0
1261000, 1340, 0, 0, 0
1261000, 1361, 1, 0, 0
1262000, 1332, 0, 0, 0
1262000, 1344, 1, 0, 0
1263000, 1345, 0, 0, 0
1263000, 1352, 1, 0, 0
1264000, 1344, 1, 0, 0
1264000, 1326, 0, 0, 0
1265000, 1342, 0, 0, 0
1265000, 1354, 1, 0, 0
1266000, 1342, 0, 0, 0
1266000, 1368, 1, 0, 0
1267000, 1373, 1, 0, 0
1267000, 1347, 0, 0, 0
1268000, 1341, 0, 0, 0
1268000, 1367, 1, 0, 0
1269000, 1396, 1, 0, 0
1269000, 1360, 0, 0, 0
1270000, 1358, 1, 0, 0
1270000, 1334, 0, 0, 0
1271000, 1337, 0, 0, 0
1271000, 1355, 1, 0, 0
1272000, 1345, 0, 0, 0
1272000, 1359, 1, 0, 0
1273000, 1348, 0, 0, 0
1273000, 1371, 1, 0, 0
1274000, 1346, 0, 0, 0
1274000, 1355, 1, 0, 0
1275000, 1350, 0, 0, 0
1275000, 1366, 1, 0, 0
1276000, 1339, 0, 0, 0
1276000, 1357, 1, 0, 0
1277000, 1354, 1, 0, 0
1277000, 1345, 0, 0, 0
1278000, 1331, 0, 0, 0
1278000, 1340, 1, 0, 0
1279000, 1358, 1, 0, 0
1279000, 1330, 0, 0, 0
1280000, 1340, 0, 0, 0
1280000, 1350, 1, 0, 0
1281000, 1326, 0, 0, 0
1281000, 1329, 1, 0, 0
1282000, 1373, 1, 0, 0
1282000, 1348, 0, 0, 0
1283000, 1349, 0, 0, 0
1283000, 1367, 1, 0, 0
1284000, 1347, 0, 0, 0
1284000, 1364, 1, 0, 0
1285000, 1354, 1, 0, 0
1285000, 1339, 0, 0, 0
1286000, 1337, 0, 0, 0
1286000, 1352, 1, 0, 0
1287000, 1332, 0, 0, 0
1287000, 1341, 1, 0, 0
1288000, 1361, 1, 0, 0
1288000, 1346, 0, 0, 0
1289000, 1333, 0, 0, 0
1289000, 1351, 1, 0, 0
1290000, 1323, 0, 0, 0
1290000, 1334, 1, 0, 0
1291000, 1376, 1, 0, 0
1291000, 1355, 0, 0, 0
1292000, 1356, 1, 0, 0
1292000, 1353, 0, 0, 0
1293000, 1344, 0, 0, 0
1293000, 1351, 1, 0, 0
1294000, 1321, 0, 0, 0
1294000, 1347, 1, 0, 0
1295000, 1336, 0, 0, 0
1295000, 1348, 1, 0, 0
1296000, 1323, 0, 0, 0
1296000, 1337, 1, 0, 0
1297000, 1330, 0, 0, 0
1297000, 1352, 1, 0, 0
1298000, 1343, 1, 0, 0
1298000, 1331, 0, 0, 0
1299000, 1345, 0, 0, 0
1299000, 1372, 1, 0, 0
1300000, 1367, 1, 0, 0
1300000, 1345, 0, 0, 0
1301000, 1383, 1, 0, 0
1301000, 1354, 0, 0, 0
1302000, 1352, 1, 0, 0
1302000, 1329, 0, 0, 0
1303000, 1328, 0, 0, 0
1303000, 1348, 1, 0, 0
1304000, 1338, 0, 0, 0
1304000, 1350, 1, 0, 0
1305000, 1337, 0, 0, 0
1305000, 1349, 1, 0, 0
1306000, 1346, 1, 0, 0
1306000, 1332, 0, 0, 0
1307000, 1339, 1, 0, 0
1307000, 1329, 0, 0, 0
1308000, 1320, 0, 0, 0
1308000, 1337, 1, 0, 0
1309000, 1317, 0, 0, 0
1309000, 1329, 1, 0, 0
1310000, 1311, 0, 0, 0
1310000, 1324, 1, 0, 0
1311000, 1344, 1, 0, 0
1311000, 1322, 0, 0, 0
1312000, 1337, 0, 0, 0
1312000, 1364, 1, 0, 0
1313000, 1330, 0, 0, 0
1313000, 1352, 1, 0, 0
1314000, 1368, 1, 0, 0
1314000, 1336, 0, 0, 0
1315000, 1362, 1, 0, 0
1315000, 1358, 0, 0, 0
1316000, 1339, 0, 0, 0
1316000, 1350, 1, 0, 0
1317000, 1330, 0, 0, 0
1317000, 1357, 1, 0, 0
1318000, 1324, 0, 0, 0
1318000, 1352, 1, 0, 0
1319000, 1332, 0, 0, 0
1319000, 1339, 1, 0, 0
1320000, 1338, 1, 0, 0
1320000, 1325, 0, 0, 0
1321000, 1326, 0, 0, 0
1321000, 1355, 1, 0, 0
1322000, 1320, 0, 0, 0
1322000, 1343, 1, 0, 0
1323000, 1329, 0, 0, 0
1323000, 1352, 1, 0, 0
1324000, 1310, 0, 0, 0
1324000, 1331, 1, 0, 0
1325000, 1326, 0, 0, 0
1325000, 1330, 1, 0, 0
1326000, 1328, 0, 0, 0
1326000, 1343, 1, 0, 0
1327000, 1360, 1, 0, 0
1327000, 1340, 0, 0, 0
1328000, 1343, 1, 0, 0
1328000, 1332, 0, 0, 0
1329000, 1349, 0, 0, 0
1329000, 1378, 1, 0, 0
1330000, 1354, 0, 0, 0
1330000, 1388, 1, 0, 0
1331000, 1369, 1, 0, 0
1331000, 1357, 0, 0, 0
1332000, 1357, 1, 0, 0
1332000, 1343, 0, 0, 0
1333000, 1380, 0, 0, 0
1333000, 1391, 1, 0, 0
1334000, 1369, 1, 0, 0
1334000, 1347, 0, 0, 0
1335000, 1328, 0, 0, 0
1335000, 1346, 1, 0, 0
1336000, 1338, 0, 0, 0
1336000, 1353, 1, 0, 0
1337000, 1347, 0, 0, 0
1337000, 1365, 1, 0, 0
1338000, 1327, 0, 0, 0
1338000, 1355, 1, 0, 0
1339000, 1335, 0, 0, 0
1339000, 1339, 1, 0, 0
1340000, 1357, 1, 0, 0
1340000, 1333, 0, 0, 0
1341000, 1353, 1, 0, 0
1341000, 1337, 0, 0, 0
1342000, 1356, 1, 0, 0
1342000, 1344, 0, 0, 0
1343028, 1377, 1, 0, 0
1343028, 1356, 0, 0, 0
1344000, 1335, 0, 0, 0
1344000, 1339, 1, 0, 0
1345000, 1358, 1, 0, 0
1345000, 1352, 0, 0, 0
1346000, 1337, 0, 0, 0
1346000, 1354, 1, 0, 0
1347000, 1336, 0, 0, 0
1347000, 1350, 1, 0, 0
1348000, 1329, 0, 0, 0
1348000, 1351, 1, 0, 0
1349000, 1346, 1, 0, 0
1349000, 1338, 0, 0, 0
1350000, 1353, 0, 0, 0
1350000, 1361, 1, 0, 0
1351000, 1345, 0, 0, 0
1351000, 1354, 1, 0, 0
1352000, 1342, 0, 0, 0
1352000, 1351, 1, 0, 0
1353000, 1325, 0, 0, 0
1353000, 1325, 1, 0, 0
1354000, 1330, 0, 0, 0
1354000, 1340, 1, 0, 0
1355000, 1362, 1, 0, 0
1355000, 1341, 0, 0, 0
1356000, 1343, 0, 0, 0
1356000, 1368, 1, 0, 0
1357000, 1348, 0, 0, 0
1357000, 1357, 1, 0, 0
1358000, 1334, 0, 0, 0
1358000, 1366, 1, 0, 0
1359000, 1366, 1, 0, 0
1359000, 1346, 0, 0, 0
1360000, 1377, 1, 0, 0
1360000, 1363, 0, 0, 0
1361000, 1347, 0, 0, 0
1361000, 1369, 1, 0, 0
1362000, 1318, 0, 0, 0
1362000, 1344, 1, 0, 0
1363000, 1335, 1, 0, 0
1363000, 1316, 0, 0, 0
1364000, 1345, 1, 0, 0
1364000, 1330, 0, 0, 0
1365000, 1383, 1, 0, 0
1365000, 1360, 0, 0, 0
1366000, 1332, 0, 0, 0
1366000, 1334, 1, 0, 0
1367000, 1328, 0, 0, 0
1367000, 1359, 1, 0, 0
1368000, 1367, 1, 0, 0
1368000, 1342, 0, 0, 0
1369000, 1346, 0, 0, 0
1369000, 1365, 1, 0, 0
1370000, 1325, 0, 0, 0
1370000, 1344, 1, 0, 0
1371000, 1329, 0, 0, 0
1371000, 1347, 1, 0, 0
1372000, 1366, 1, 0, 0
1372000, 1349, 0, 0, 0
1373000, 1327, 0, 0, 0
1373000, 1341, 1, 0, 0
1374000, 1352, 1, 0, 0
1374000, 1335, 0, 0, 0
1375000, 1322, 0, 0, 0
1375000, 1341, 1, 0, 0
1376000, 1366, 1, 0, 0
1376000, 1350, 0, 0, 0
1377000, 1352, 0, 0, 0
1377000, 1379, 1, 0, 0
1378000, 1358, 0, 0, 0
1378000, 1373, 1, 0, 0
1379000, 1325, 0, 0, 0
1379000, 1349, 1, 0, 0
1380000, 1341, 0, 0, 0
1380000, 1348, 1, 0, 0
1381000, 1336, 1, 0, 0
1381000, 1324, 0, 0, 0
1382000, 1334, 0, 0, 0
1382000, 1342, 1, 0, 0
1383000, 1323, 0, 0, 0
1383000, 1337, 1, 0, 0
1384000, 1335, 0, 0, 0
1384000, 1355, 1, 0, 0
1385000, 1336, 1, 0, 0
1385000, 1331, 0, 0, 0
1386000, 1319, 0, 0, 0
1386000, 1336, 1, 0, 0
1387000, 1330, 0, 0, 0
1387000, 1345, 1, 0, 0
1388000, 1322, 0, 0, 0
1388000, 1334, 1, 0, 0
1389000, 1338, 0, 0, 0
1389000, 1367, 1, 0, 0
1390000, 1361, 0, 0, 0
1390000, 1394, 1, 0, 0
1391000, 1348, 0, 0, 0
1391000, 1363, 1, 0, 0
1392000, 1348, 0, 0, 0
1392000, 1356, 1, 0, 0
1393000, 1331, 0, 0, 0
1393000, 1329, 1, 0, 0
1394000, 1322, 0, 0, 0
1394000, 1331, 1, 0, 0
1395000, 1346, 0, 0, 0
1395000, 1369, 1, 0, 0
1396000, 1335, 0, 0, 0
1396000, 1357, 1, 0, 0
1397000, 1360, 0, 0, 0
1397000, 1367, 1, 0, 0
1398000, 1366, 0, 0, 0
1398000, 1379, 1, 0, 0
1399000, 1354, 0, 0, 0
1399000, 1381, 1, 0, 0
1400000, 1349, 0, 0, 0
1400000, 1380, 1, 0, 0
1401000, 1325, 1, 0, 0
1401000, 1311, 0, 0, 0
1402000, 1329, 0, 0, 0
1402000, 1343, 1, 0, 0
1403000, 1324, 0, 0, 0
1403000, 1334, 1, 0, 0
1404000, 1331, 0, 0, 0
1404000, 1351, 1, 0, 0
1405000, 1352, 1, 0, 0
1405000, 1334, 0, 0, 0
1406000, 1325, 0, 0, 0
1406000, 1345, 1, 0, 0
1407000, 1354, 1, 0, 0
1407000, 1330, 0, 0, 0
1408000, 1343, 0, 0, 0
1408000, 1345, 1, 0, 0
1409000, 1336, 0, 0, 0
1409000, 1336, 1, 0, 0
1410000, 1365, 0, 0, 0
1410000, 1366, 1, 0, 0
1411000, 1358, 0, 0, 0
1411000, 1376, 1, 0, 0
1412000, 1361, 1, 0, 0
1412000, 1348, 0, 0, 0
1413000, 1363, 1, 0, 0
1413000, 1357, 0, 0, 0
1414000, 1354, 0, 0, 0
1414000, 1358, 1, 0, 0
1415000, 1355, 0, 0, 0
1415000, 1370, 1, 0, 0
1416000, 1387, 1, 0, 0
1416000, 1360, 0, 0, 0
1417000, 1378, 1, 0, 0
1417000, 1353, 0, 0, 0
1418000, 1364, 1, 0, 0
1418000, 1357, 0, 0, 0
1419000, 1376, 0, 0, 0
1419000, 1417, 1, 0, 0
1420000, 1371, 0, 0, 0
1420000, 1382, 1, 0, 0
1421000, 1368, 0, 0, 0
1421000, 1371, 1, 0, 0
1422000, 1366, 1, 0, 0
1422000, 1340, 0, 0, 0
1423000, 1372, 0, 0, 0
1423000, 1378, 1, 0, 0
1424000, 1361, 0, 0, 0
1424000, 1369, 1, 0, 0
1425000, 1347, 0, 0, 0
1425000, 1359, 1, 0, 0
1426000, 1345, 0, 0, 0
1426000, 1362, 1, 0, 0
1427000, 1351, 1, 0, 0
1427000, 1344, 0, 0, 0
1428000, 1351, 1, 0, 0
1428000, 1337, 0, 0, 0
1429000, 1354, 0, 0, 0
1429000, 1374, 1, 0, 0
1430000, 1368, 0, 0, 0
1430000, 1377, 1, 0, 0
1431000, 1370, 1, 0, 0
1431000, 1362, 0, 0, 0
1432000, 1388, 1, 0, 0
1432000, 1366, 0, 0, 0
1433000, 1371, 1, 0, 0
1433000, 1370, 0, 0, 0
1434000, 1345, 0, 0, 0
1434000, 1366, 1, 0, 0
1435000, 1372, 1, 0, 0
1435000, 1362, 0, 0, 0
1436000, 1368, 0, 0, 0
1436000, 1377, 1, 0, 0
1437000, 1342, 0, 0, 0
1437000, 1354, 1, 0, 0
1438000, 1350, 0, 0, 0
1438000, 1358, 1, 0, 0
1439000, 1345, 1, 0, 0
1439000, 1329, 0, 0, 0
1440000, 1318, 0, 0, 0
1440000, 1337, 1, 0, 0
1441000, 1337, 0, 0, 0
1441000, 1356, 1, 0, 0
1442000, 1333, 0, 0, 0
1442000, 1347, 1, 0, 0
1443000, 1330, 0, 0, 0
1443000, 1343, 1, 0, 0
1444000, 1344, 1, 0, 0
1444000, 1330, 0, 0, 0
1445000, 1346, 0, 0, 0
1445000, 1361, 1, 0, 0
1446000, 1372, 1, 0, 0
1446000, 1351, 0, 0, 0
1447000, 1348, 0, 0, 0
1447000, 1366, 1, 0, 0
1448000, 1352, 0, 0, 0
1448000, 1365, 1, 0, 0
1449000, 1365, 0, 0, 0
1449000, 1384, 1, 0, 0
1450000, 1349, 0, 0, 0
1450000, 1357, 1, 0, 0
1451000, 1337, 1, 0, 0
1451000, 1318, 0, 0, 0
1452000, 1347, 1, 0, 0
1452000, 1320, 0, 0, 0
1453000, 1347, 0, 0, 0
1453000, 1364, 1, 0, 0
1454000, 1322, 0, 0, 0
1454000, 1331, 1, 0, 0
1455000, 1362, 0, 0, 0
1455000, 1388, 1, 0, 0
1456000, 1354, 0, 0, 0
1456000, 1378, 1, 0, 0
1457000, 1351, 0, 0, 0
1457000, 1375, 1, 0, 0
1458000, 1350, 0, 0, 0
1458000, 1363, 1, 0, 0
1459000, 1363, 0, 0, 0
1459000, 1371, 1, 0, 0
1460000, 1356, 0, 0, 0
1460000, 1377, 1, 0, 0
1461000, 1372, 1, 0, 0
1461000, 1349, 0, 0, 0
1462000, 1343, 0, 0, 0
1462000, 1355, 1, 0, 0
1463000, 1358, 0, 0, 0
1463000, 1370, 1, 0, 0
1464000, 1356, 1, 0, 0
1464000, 1340, 0, 0, 0
1465000, 1320, 0, 0, 0
1465000, 1351, 1, 0, 0
1466000, 1340, 0, 0, 0
1466000, 1342, 1, 0, 0
1467000, 1370, 1, 0, 0
1467000, 1361, 0, 0, 0
1468000, 1373, 1, 0, 0
1468000, 1350, 0, 0, 0
1469000, 1329, 0, 0, 0
1469000, 1348, 1, 0, 0
1470000, 1326, 0, 0, 0
1470000, 1342, 1, 0, 0
1471000, 1336, 0, 0, 0
1471000, 1351, 1, 0, 0
1472000, 1333, 0, 0, 0
1472000, 1339, 1, 0, 0
1473000, 1322, 0, 0, 0
1473000, 1347, 1, 0, 0
1474000, 1363, 1, 0, 0
1474000, 1360, 0, 0, 0
1475000, 1358, 1, 0, 0
1475000, 1343, 0, 0, 0
1476000, 1354, 0, 0, 0
1476000, 1362, 1, 0, 0
1477000, 1364, 0, 0, 0
1477000, 1387, 1, 0, 0
1478000, 1353, 0, 0, 0
1478000, 1364, 1, 0, 0
1479000, 1340, 0, 0, 0
1479000, 1360, 1, 0, 0
1480000, 1374, 1, 0, 0
1480000, 1352, 0, 0, 0
1481000, 1332, 0, 0, 0
1481000, 1364, 1, 0, 0
1482000, 1328, 0, 0, 0
1482000, 1339, 1, 0, 0
1483000, 1327, 0, 0, 0
1483000, 1336, 1, 0, 0
1484000, 1359, 0, 0, 0
1484000, 1374, 1, 0, 0
1485000, 1346, 0, 0, 0
1485000, 1358, 1, 0, 0
1486000, 1350, 1, 0, 0
1486000, 1323, 0, 0, 0
1487000, 1347, 1, 0, 0
1487000, 1329, 0, 0, 0
1488000, 1353, 1, 0, 0
1488000, 1346, 0, 0, 0
1489000, 1350, 0, 0, 0
1489000, 1360, 1, 0, 0
1490000, 1357, 1, 0, 0
1490000, 1348, 0, 0, 0
1491000, 1351, 0, 0, 0
1491000, 1361, 1, 0, 0
1492000, 1338, 0, 0, 0
1492000, 1363, 1, 0, 0
1493000, 1378, 1, 0, 0
1493000, 1354, 0, 0, 0
1494000, 1321, 0, 0, 0
1494000, 1337, 1, 0, 0
1495000, 1341, 1, 0, 0
1495000, 1324, 0, 0, 0
1496000, 1334, 0, 0, 0
1496000, 1333, 1, 0, 0
1497000, 1353, 1, 0, 0
1497000, 1320, 0, 0, 0
1498000, 1320, 0, 0, 0
1498000, 1347, 1, 0, 0
1499000, 1366, 1, 0, 0
1499000, 1361, 0, 0, 0
1500000, 1352, 1, 0, 0
1500000, 1339, 0, 0, 0
1501000, 1333, 0, 0, 0
1501000, 1348, 1, 0, 0
1502000, 1347, 0, 0, 0
1502000, 1352, 1, 0, 0
1503000, 1348, 0, 0, 0
1503000, 1362, 1, 0, 0
1504000, 1350, 0, 0, 0
1504000, 1358, 1, 0, 0
1505000, 1352, 0, 0, 0
1505000, 1362, 1, 0, 0
1506000, 1354, 0, 0, 0
1506000, 1360, 1, 0, 0
1507000, 1364, 1, 0, 0
1507000, 1346, 0, 0, 0
1508000, 1322, 0, 0, 0
1508000, 1341, 1, 0, 0
1509000, 1336, 1, 0, 0
1509000, 1311, 0, 0, 0
1510000, 1369, 0, 0, 0
1510000, 1378, 1, 0, 0
1511000, 1350, 1, 0, 0
1511000, 1326, 0, 0, 0
1512000, 1331, 0, 0, 0
1512000, 1340, 1, 0, 0
1513000, 1347, 0, 0, 0
1513000, 1367, 1, 0, 0
1514000, 1322, 0, 0, 0
1514000, 1340, 1, 0, 0
1515000, 1326, 0, 0, 0
1515000, 1334, 1, 0, 0
1516000, 1346, 0, 0, 0
1516000, 1354, 1, 0, 0
1517000, 1348, 1, 0, 0
1517000, 1333, 0, 0, 0
1518000, 1335, 1, 0, 0
1518000, 1329, 0, 0, 0
1519000, 1341, 1, 0, 0
1519000, 1325, 0, 0, 0
1520000, 1337, 0, 0, 0
1520000, 1351, 1, 0, 0
1521000, 1370, 1, 0, 0
1521000, 1343, 0, 0, 0
1522000, 1339, 0, 0, 0
1522000, 1361, 1, 0, 0
1523000, 1346, 1, 0, 0
1523000, 1325, 0, 0, 0
1524000, 1338, 0, 0, 0
1524000, 1348, 1, 0, 0
1525000, 1329, 0, 0, 0
1525000, 1331, 1, 0, 0
1526000, 1328, 0, 0, 0
1526000, 1352, 1, 0, 0
1527000, 1349, 0, 0, 0
1527000, 1361, 1, 0, 0
1528000, 1340, 0, 0, 0
1528000, 1354, 1, 0, 0
1529000, 1338, 1, 0, 0
1529000, 1318, 0, 0, 0
1530000, 1321, 0, 0, 0
1530000, 1333, 1, 0, 0
1531000, 1354, 1, 0, 0
1531000, 1335, 0, 0, 0
1532000, 1323, 0, 0, 0
1532000, 1335, 1, 0, 0
1533000, 1312, 0, 0, 0
1533000, 1340, 1, 0, 0
1534000, 1343, 1, 0, 0
1534000, 1327, 0, 0, 0
1535000, 1315, 0, 0, 0
1535000, 1337, 1, 0, 0
1536000, 1319, 0, 0, 0
1536000, 1328, 1, 0, 0
1537000, 1349, 0, 0, 0
1537000, 1356, 1, 0, 0
1538000, 1338, 0, 0, 0
1538000, 1355, 1, 0, 0
1539000, 1342, 0, 0, 0
1539000, 1370, 1, 0, 0
1540000, 1368, 0, 0, 0
1540000, 1396, 1, 0, 0
1541000, 1355, 1, 0, 0
1541000, 1348, 0, 0, 0
1542000, 1346, 0, 0, 0
1542000, 1369, 1, 0, 0
1543000, 1359, 0, 0, 0
1543000, 1364, 1, 0, 0
1544000, 1328, 0, 0, 0
1544000, 1348, 1, 0, 0
1545000, 1322, 0, 0, 0
1545000, 1334, 1, 0, 0
1546000, 1330, 0, 0, 0
1546000, 1347, 1, 0, 0
1547000, 1337, 0, 0, 0
1547000, 1360, 1, 0, 0
1548000, 1326, 0, 0, 0
1548000, 1347, 1, 0, 0
1549000, 1333, 0, 0, 0
1549000, 1352, 1, 0, 0
1550000, 1330, 0, 0, 0
1550000, 1348, 1, 0, 0
1551000, 1342, 0, 0, 0
1551000, 1360, 1, 0, 0
1552000, 1355, 0, 0, 0
1552000, 1377, 1, 0, 0
1553000, 1354, 0, 0, 0
1553000, 1376, 1, 0, 0
1554000, 1364, 1, 0, 0
1554000, 1350, 0, 0, 0
1555000, 1374, 1, 0, 0
1555000, 1355, 0, 0, 0
1556000, 1357, 1, 0, 0
1556000, 1338, 0, 0, 0
1557000, 1333, 0, 0, 0
1557000, 1342, 1, 0, 0
1558000, 1356, 1, 0, 0
1558000, 1332, 0, 0, 0
1559000, 1332, 0, 0, 0
1559000, 1349, 1, 0, 0
1560000, 1354, 0, 0, 0
1560000, 1372, 1, 0, 0
1561000, 1335, 0, 0, 0
1561000, 1344, 1, 0, 0
1562000, 1351, 0, 0, 0
1562000, 1376, 1, 0, 0
1563000, 1347, 0, 0, 0
1563000, 1377, 1, 0, 0
1564000, 1326, 0, 0, 0
1564000, 1337, 1, 0, 0
1565000, 1328, 1, 0, 0
1565000, 1321, 0, 0, 0
1566000, 1330, 0, 0, 0
1566000, 1350, 1, 0, 0
1567000, 1354, 1, 0, 0
1567000, 1318, 0, 0, 0
1568000, 1348, 0, 0, 0
1568000, 1371, 1, 0, 0
1569000, 1341, 1, 0, 0
1569000, 1338, 0, 0, 0
1570000, 1379, 1, 0, 0
1570000, 1360, 0, 0, 0
1571000, 1328, 0, 0, 0
1571000, 1346, 1, 0, 0
1572000, 1319, 0, 0, 0
1572000, 1334, 1, 0, 0
1573000, 1331, 0, 0, 0
1573000, 1338, 1, 0, 0
1574000, 1340, 0, 0, 0
1574000, 1353, 1, 0, 0
1575000, 1336, 0, 0, 0
1575000, 1352, 1, 0, 0
1576000, 1345, 0, 0, 0
1576000, 1367, 1, 0, 0
1577000, 1333, 0, 0, 0
1577000, 1344, 1, 0, 0
1578000, 1321, 0, 0, 0
1578000, 1338, 1, 0, 0
1579000, 1341, 0, 0, 0
1579000, 1362, 1, 0, 0
1580000, 1329, 0, 0, 0
1580000, 1340, 1, 0, 0
1581000, 1349, 0, 0, 0
1581000, 1363, 1, 0, 0
1582000, 1350, 0, 0, 0
1582000, 1359, 1, 0, 0
1583000, 1331, 0, 0, 0
1583000, 1343, 1, 0, 0
1584000, 1375, 1, 0, 0
1584000, 1342, 0, 0, 0
1585000, 1340, 0, 0, 0
1585000, 1350, 1, 0, 0
1586000, 1359, 0, 0, 0
1586000, 1363, 1, 0, 0
1587000, 1338, 0, 0, 0
1587000, 1355, 1, 0, 0
1588000, 1342, 0, 0, 0
1588000, 1361, 1, 0, 0
1589000, 1334, 0, 0, 0
1589000, 1352, 1, 0, 0
1590000, 1326, 0, 0, 0
1590000, 1347, 1, 0, 0
1591000, 1345, 0, 0, 0
1591000, 1346, 1, 0, 0
1592000, 1326, 0, 0, 0
1592000, 1339, 1, 0, 0
1593000, 1350, 1, 0, 0
1593000, 1332, 0, 0, 0
1594000, 1365, 1, 0, 0
1594000, 1345, 0, 0, 0
1595000, 1350, 0, 0, 0
1595000, 1363, 1, 0, 0
1596000, 1374, 1, 0, 0
1596000, 1358, 0, 0, 0
1597000, 1354, 1, 0, 0
1597000, 1340, 0, 0, 0
1598000, 1353, 0, 0, 0
1598000, 1378, 1, 0, 0
1599000, 1345, 0, 0, 0
1599000, 1366, 1, 0, 0
1600000, 1380, 0, 0, 0
1600000, 1398, 1, 0, 0
1601000, 1374, 0, 0, 0
1601000, 1401, 1, 0, 0
1602000, 1343, 0, 0, 0
1602000, 1361, 1, 0, 0
1603000, 1367, 0, 0, 0
1603000, 1384, 1, 0, 0
1604000, 1347, 0, 0, 0
1604000, 1364, 1, 0, 0
1605000, 1340, 0, 0, 0
1605000, 1341, 1, 0, 0
1606000, 1368, 1, 0, 0
1606000, 1349, 0, 0, 0
1607000, 1358, 0, 0, 0
1607000, 1370, 1, 0, 0
1608000, 1345, 1, 0, 0
1608000, 1340, 0, 0, 0
1609000, 1348, 1, 0, 0
1609000, 1339, 0, 0, 0
1610000, 1344, 0, 0, 0
1610000, 1367, 1, 0, 0
1611000, 1351, 0, 0, 0
1611000, 1366, 1, 0, 0
1612000, 1382, 1, 0, 0
1612000, 1358, 0, 0, 0
1613000, 1356, 0, 0, 0
1613000, 1370, 1, 0, 0
1614000, 1342, 0, 0, 0
1614000, 1366, 1, 0, 0
1615000, 1379, 1, 0, 0
1615000, 1348, 0, 0, 0
1616000, 1342, 0, 0, 0
1616000, 1358, 1, 0, 0
1617000, 1357, 1, 0, 0
1617000, 1356, 0, 0, 0
1618000, 1356, 0, 0, 0
1618000, 1368, 1, 0, 0
1619000, 1347, 0, 0, 0
1619000, 1381, 1, 0, 0
1620000, 1349, 0, 0, 0
1620000, 1372, 1, 0, 0
1621000, 1363, 1, 0, 0
1621000, 1339, 0, 0, 0
1622000, 1373, 1, 0, 0
1622000, 1348, 0, 0, 0
1623000, 1332, 0, 0, 0
1623000, 1349, 1, 0, 0
1624000, 1343, 0, 0, 0
1624000, 1366, 1, 0, 0
1625000, 1353, 0, 0, 0
1625000, 1364, 1, 0, 0
1626000, 1331, 0, 0, 0
1626000, 1358, 1, 0, 0
1627000, 1331, 0, 0, 0
1627000, 1354, 1, 0, 0
1628000, 1340, 0, 0, 0
1628000, 1347, 1, 0, 0
1629000, 1352, 0, 0, 0
1629000, 1384, 1, 0, 0
1630000, 1394, 1, 0, 0
1630000, 1377, 0, 0, 0
1631000, 1330, 0, 0, 0
1631000, 1343, 1, 0, 0
1632000, 1327, 0, 0, 0
1632000, 1345, 1, 0, 0
1633000, 1372, 1, 0, 0
1633000, 1348, 0, 0, 0
1634000, 1350, 0, 0, 0
1634000, 1367, 1, 0, 0
1635000, 1341, 0, 0, 0
1635000, 1356, 1, 0, 0
1636000, 1357, 0, 0, 0
1636000, 1387, 1, 0, 0
1637000, 1341, 0, 0, 0
1637000, 1354, 1, 0, 0
1638000, 1384, 1, 0, 0
1638000, 1348, 0, 0, 0
1639000, 1348, 0, 0, 0
1639000, 1370, 1, 0, 0
1640000, 1357, 0, 0, 0
1640000, 1374, 1, 0, 0
1641000, 1354, 0, 0, 0
1641000, 1372, 1, 0, 0
1642000, 1380, 1, 0, 0
1642000, 1363, 0, 0, 0
1643000, 1372, 0, 0, 0
1643000, 1386, 1, 0, 0
1644000, 1366, 0, 0, 0
1644000, 1375, 1, 0, 0
1645000, 1358, 0, 0, 0
1645000, 1379, 1, 0, 0
1646000, 1336, 0, 0, 0
1646000, 1363, 1, 0, 0
1647000, 1350, 0, 0, 0
1647000, 1360, 1, 0, 0
1648000, 1365, 0, 0, 0
1648000, 1373, 1, 0, 0
1649000, 1386, 1, 0, 0
1649000, 1367, 0, 0, 0
1650000, 1356, 0, 0, 0
1650000, 1371, 1, 0, 0
1651000, 1383, 1, 0, 0
1651000, 1369, 0, 0, 0
1652000, 1356, 0, 0, 0
1652000, 1373, 1, 0, 0
1653000, 1363, 1, 0, 0
1653000, 1340, 0, 0, 0
1654000, 1369, 1, 0, 0
1654000, 1349, 0, 0, 0
1655000, 1357, 1, 0, 0
1655000, 1336, 0, 0, 0
1656000, 1366, 1, 0, 0
1656000, 1348, 0, 0, 0
1657000, 1371, 0, 0, 0
1657000, 1384, 1, 0, 0
1658000, 1345, 0, 0, 0
1658000, 1369, 1, 0, 0
1659000, 1340, 0, 0, 0
1659000, 1366, 1, 0, 0
1660000, 1375, 0, 0, 0
1660000, 1404, 1, 0, 0
1661000, 1347, 0, 0, 0
1661000, 1367, 1, 0, 0
1662000, 1364, 1, 0, 0
1662000, 1347, 0, 0, 0
1663000, 1378, 1, 0, 0
1663000, 1360, 0, 0, 0
1664000, 1344, 0, 0, 0
1664000, 1355, 1, 0, 0
1665000, 1349, 0, 0, 0
1665000, 1382, 1, 0, 0
1666000, 1366, 1, 0, 0
1666000, 1353, 0, 0, 0
1667000, 1342, 0, 0, 0
1667000, 1363, 1, 0, 0
1668000, 1342, 0, 0, 0
1668000, 1351, 1, 0, 0
1669000, 1360, 0, 0, 0
1669000, 1387, 1, 0, 0
1670000, 1360, 1, 0, 0
1670000, 1346, 0, 0, 0
1671000, 1350, 0, 0, 0
1671000, 1365, 1, 0, 0
1672000, 1361, 0, 0, 0
1672000, 1380, 1, 0, 0
1673000, 1347, 0, 0, 0
1673000, 1368, 1, 0, 0
1674000, 1356, 0, 0, 0
1674000, 1370, 1, 0, 0
1675000, 1341, 0, 0, 0
1675000, 1354, 1, 0, 0
1676000, 1365, 1, 0, 0
1676000, 1352, 0, 0, 0
1677000, 1352, 0, 0, 0
1677000, 1368, 1, 0, 0
1678000, 1335, 0, 0, 0
1678000, 1363, 1, 0, 0
1679000, 1368, 1, 0, 0
1679000, 1354, 0, 0, 0
1680000, 1362, 0, 0, 0
1680000, 1381, 1, 0, 0
1681000, 1372, 1, 0, 0
1681000, 1354, 0, 0, 0
1682000, 1367, 1, 0, 0
1682000, 1349, 0, 0, 0
1683000, 1339, 0, 0, 0
1683000, 1351, 1, 0, 0
1684000, 1366, 0, 0, 0
1684000, 1391, 1, 0, 0
1685000, 1362, 0, 0, 0
1685000, 1375, 1, 0, 0
1686000, 1341, 0, 0, 0
1686000, 1363, 1, 0, 0
1687000, 1391, 1, 0, 0
1687000, 1376, 0, 0, 0
1688000, 1368, 0, 0, 0
1688000, 1381, 1, 0, 0
1689000, 1378, 0, 0, 0
1689000, 1395, 1, 0, 0
1690000, 1382, 0, 0, 0
1690000, 1412, 1, 0, 0
1691000, 1371, 0, 0, 0
1691000, 1375, 1, 0, 0
1692000, 1364, 0, 0, 0
1692000, 1382, 1, 0, 0
1693000, 1371, 0, 0, 0
1693000, 1390, 1, 0, 0
1694000, 1372, 0, 0, 0
1694000, 1391, 1, 0, 0
1695000, 1366, 0, 0, 0
1695000, 1384, 1, 0, 0
1696000, 1373, 1, 0, 0
1696000, 1340, 0, 0, 0
1697000, 1378, 1, 0, 0
1697000, 1366, 0, 0, 0
1698000, 1372, 0, 0, 0
1698000, 1385, 1, 0, 0
1699000, 1369, 0, 0, 0
1699000, 1381, 1, 0, 0
1700000, 1369, 0, 0, 0
1700000, 1395, 1, 0, 0
1701000, 1373, 1, 0, 0
1701000, 1356, 0, 0, 0
1702000, 1342, 0, 0, 0
1702000, 1358, 1, 0, 0
1703000, 1340, 0, 0, 0
1703000, 1360, 1, 0, 0
1704000, 1355, 0, 0, 0
1704000, 1394, 1, 0, 0
1705000, 1354, 0, 0, 0
1705000, 1365, 1, 0, 0
1706000, 1349, 0, 0, 0
1706000, 1369, 1, 0, 0
1707000, 1359, 0, 0, 0
1707000, 1377, 1, 0, 0
1708000, 1420, 1, 0, 0
1708000, 1402, 0, 0, 0
1709000, 1359, 0, 0, 0
1709000, 1366, 1, 0, 0
1710000, 1354, 0, 0, 0
1710000, 1379, 1, 0, 0
1711000, 1364, 1, 0, 0
1711000, 1345, 0, 0, 0
1712000, 1365, 1, 0, 0
1712000, 1352, 0, 0, 0
1713000, 1361, 1, 0, 0
1713000, 1340, 0, 0, 0
1714000, 1349, 0, 0, 0
1714000, 1375, 1, 0, 0
1715000, 1352, 0, 0, 0
1715000, 1379, 1, 0, 0
1716000, 1356, 0, 0, 0
1716000, 1371, 1, 0, 0
1717000, 1362, 1, 0, 0
1717000, 1361, 0, 0, 0
1718000, 1352, 0, 0, 0
1718000, 1361, 1, 0, 0
1719000, 1354, 0, 0, 0
1719000, 1368, 1, 0, 0
1720000, 1381, 0, 0, 0
1720000, 1403, 1, 0, 0
1721000, 1374, 1, 0, 0
1721000, 1355, 0, 0, 0
1722000, 1358, 0, 0, 0
1722000, 1387, 1, 0, 0
1723000, 1368, 0, 0, 0
1723000, 1380, 1, 0, 0
1724000, 1379, 1, 0, 0
1724000, 1369, 0, 0, 0
1725000, 1384, 1, 0, 0
1725000, 1367, 0, 0, 0
1726000, 1357, 1, 0, 0
1726000, 1352, 0, 0, 0
1727000, 1349, 0, 0, 0
1727000, 1368, 1, 0, 0
1728000, 1396, 1, 0, 0
1728000, 1381, 0, 0, 0
1729000, 1378, 1, 0, 0
1729000, 1377, 0, 0, 0
1730000, 1367, 0, 0, 0
1730000, 1378, 1, 0, 0
1731000, 1354, 0, 0, 0
1731000, 1375, 1, 0, 0
1732000, 1371, 1, 0, 0
1732000, 1349, 0, 0, 0
1733000, 1355, 0, 0, 0
1733000, 1358, 1, 0, 0
1734000, 1360, 0, 0, 0
1734000, 1371, 1, 0, 0
1735000, 1370, 0, 0, 0
1735000, 1385, 1, 0, 0
1736000, 1353, 0, 0, 0
1736000, 1371, 1, 0, 0
1737000, 1359, 0, 0, 0
1737000, 1380, 1, 0, 0
1738000, 1378, 0, 0, 0
1738000, 1388, 1, 0, 0
1739000, 1376, 1, 0, 0
1739000, 1374, 0, 0, 0
1740000, 1381, 0, 0, 0
1740000, 1385, 1, 0, 0
1741000, 1373, 1, 0, 0
1741000, 1355, 0, 0, 0
1742000, 1369, 0, 0, 0
1742000, 1394, 1, 0, 0
1743000, 1367, 0, 0, 0
1743000, 1387, 1, 0, 0
1744000, 1368, 0, 0, 0
1744000, 1376, 1, 0, 0
1745000, 1370, 0, 0, 0
1745000, 1399, 1, 0, 0
1746000, 1386, 0, 0, 0
1746000, 1402, 1, 0, 0
1747000, 1356, 0, 0, 0
1747000, 1367, 1, 0, 0
1748000, 1348, 0, 0, 0
1748000, 1372, 1, 0, 0
1749000, 1369, 1, 0, 0
1749000, 1342, 0, 0, 0
1750000, 1370, 0, 0, 0
1750000, 1395, 1, 0, 0
1751000, 1347, 0, 0, 0
1751000, 1363, 1, 0, 0
1752000, 1372, 0, 0, 0
1752000, 1383, 1, 0, 0
1753000, 1357, 0, 0, 0
1753000, 1370, 1, 0, 0
1754000, 1360, 0, 0, 0
1754000, 1382, 1, 0, 0
1755000, 1369, 0, 0, 0
1755000, 1386, 1, 0, 0
1756000, 1377, 1, 0, 0
1756000, 1365, 0, 0, 0
1757000, 1345, 0, 0, 0
1757000, 1351, 1, 0, 0
1758000, 1384, 1, 0, 0
1758000, 1368, 0, 0, 0
1759000, 1360, 0, 0, 0
1759000, 1382, 1, 0, 0
1760000, 1388, 0, 0, 0
1760000, 1413, 1, 0, 0
1761000, 1358, 0, 0, 0
1761000, 1374, 1, 0, 0
1762000, 1336, 0, 0, 0
1762000, 1350, 1, 0, 0
1763000, 1388, 0, 0, 0
1763000, 1404, 1, 0, 0
1764000, 1400, 1, 0, 0
1764000, 1380, 0, 0, 0
1765000, 1356, 0, 0, 0
1765002, 1368, 1, 0, 0
1766000, 1367, 0, 0, 0
1766000, 1387, 1, 0, 0
1767000, 1378, 0, 0, 0
1767000, 1386, 1, 0, 0
1768000, 1365, 0, 0, 0
1768000, 1392, 1, 0, 0
1769000, 1366, 0, 0, 0
1769000, 1376, 1, 0, 0
1770000, 1347, 0, 0, 0
1770000, 1366, 1, 0, 0
1771000, 1356, 0, 0, 0
1771000, 1365, 1, 0, 0
1772000, 1364, 0, 0, 0
1772000, 1377, 1, 0, 0
1773000, 1373, 1, 0, 0
1773000, 1359, 0, 0, 0
1774000, 1368, 0, 0, 0
1774000, 1387, 1, 0, 0
1775000, 1375, 0, 0, 0
1775000, 1388, 1, 0, 0
1776000, 1377, 0, 0, 0
1776000, 1381, 1, 0, 0
1777000, 1380, 1, 0, 0
1777000, 1374, 0, 0, 0
1778000, 1354, 1, 0, 0
1778000, 1347, 0, 0, 0
1779000, 1342, 0, 0, 0
1779000, 1354, 1, 0, 0
1780000, 1379, 0, 0, 0
1780000, 1409, 1, 0, 0
1781000, 1372, 0, 0, 0
1781000, 1390, 1, 0, 0
1782000, 1354, 0, 0, 0
1782000, 1376, 1, 0, 0
1783000, 1359, 0, 0, 0
1783000, 1382, 1, 0, 0
1784000, 1364, 0, 0, 0
1784000, 1388, 1, 0, 0
1785000, 1385, 1, 0, 0
1785000, 1368, 0, 0, 0
1786000, 1373, 0, 0, 0
1786000, 1399, 1, 0, 0
1787000, 1383, 1, 0, 0
1787000, 1360, 0, 0, 0
1788000, 1350, 0, 0, 0
1788000, 1362, 1, 0, 0
1789000, 1354, 0, 0, 0
1789000, 1374, 1, 0, 0
1790000, 1392, 0, 0, 0
1790000, 1405, 1, 0, 0
1791000, 1386, 1, 0, 0
1791000, 1373, 0, 0, 0
1792000, 1366, 0, 0, 0
1792000, 1372, 1, 0, 0
1793000, 1377, 0, 0, 0
1793000, 1408, 1, 0, 0
1794000, 1346, 0, 0, 0
1794000, 1362, 1, 0, 0
1795000, 1386, 1, 0, 0
1795000, 1365, 0, 0, 0
1796000, 1375, 0, 0, 0
1796000, 1402, 1, 0, 0
1797000, 1357, 0, 0, 0
1797000, 1375, 1, 0, 0
1798000, 1376, 1, 0, 0
1798000, 1359, 0, 0, 0
1799000, 1390, 1, 0, 0
1799000, 1365, 0, 0, 0
1800013, 1367, 0, 0, 0
1800013, 1388, 1, 0, 0
