1000, 2163457, 0, 0, 0
2000, 2154871, 0, 0, 0
3000, 2187531, 0, 0, 0
4000, 2222811, 0, 0, 0
5000, 2152064, 0, 0, 0
6000, 2173419, 0, 0, 0
7000, 2167408, 0, 0, 0
8000, 2141170, 0, 0, 0
9000, 2141963, 0, 0, 0
10000, 2123529, 0, 0, 0
11000, 2178163, 0, 0, 0
12000, 2120131, 0, 0, 0
13000, 2140504, 0, 0, 0
14000, 2135561, 0, 0, 0
15000, 2116687, 0, 0, 0
16000, 2106137, 0, 0, 0
17000, 2151137, 0, 0, 0
18000, 2186889, 0, 0, 0
19000, 2182865, 0, 0, 0
20000, 2140187, 0, 0, 0
21000, 2190185, 0, 0, 0
22000, 2265201, 0, 0, 0
23000, 2198312, 0, 0, 0
24000, 2217555, 0, 0, 0
25000, 2207574, 0, 0, 0
26000, 2243514, 0, 0, 0
27000, 2246850, 0, 0, 0
28000, 2181806, 0, 0, 0
29000, 2225564, 0, 0, 0
30000, 2154837, 0, 0, 0
31000, 2199494, 0, 0, 0
32000, 2223184, 0, 0, 0
33000, 2235328, 0, 0, 0
34000, 2132850, 0, 0, 0
35000, 2168592, 0, 0, 0
36000, 2181710, 0, 0, 0
37000, 2092391, 0, 0, 0
38000, 2135742, 0, 0, 0
39000, 2218879, 0, 0, 0
40000, 2184393, 0, 0, 0
41000, 2223009, 0, 0, 0
42000, 2175192, 0, 0, 0
43000, 2185590, 0, 0, 0
44000, 2256496, 0, 0, 0
45000, 2254912, 0, 0, 0
46000, 2212109, 0, 0, 0
47000, 2231627, 0, 0, 0
48000, 2155867, 0, 0, 0
49000, 2195892, 0, 0, 0
50000, 2157739, 0, 0, 0
51000, 2267127, 0, 0, 0
52000, 2280702, 0, 0, 0
53000, 2149031, 0, 0, 0
54000, 2180547, 0, 0, 0
55000, 2141818, 0, 0, 0
56000, 2201884, 0, 0, 0
57000, 2140043, 0, 0, 0
58000, 2150746, 0, 0, 0
59000, 2126755, 0, 0, 0
60000, 2124822, 0, 0, 0
61000, 2133740, 0, 0, 0
62000, 2178487, 0, 0, 0
63000, 2154218, 0, 0, 0
64000, 2180292, 0, 0, 0
65000, 2164357, 0, 0, 0
66000, 2189648, 0, 0, 0
67000, 2162152, 0, 0, 0
68000, 2236938, 0, 0, 0
69000, 2197044, 0, 0, 0
70000, 2197601, 0, 0, 0
71000, 2138418, 0, 0, 0
72000, 2161126, 0, 0, 0
73000, 2216909, 0, 0, 0
74000, 2178103, 0, 0, 0
75000, 2166946, 0, 0, 0
76000, 2136923, 0, 0, 0
77000, 2180256, 0, 0, 0
78001, 2166501, 0, 0, 0
79000, 2162869, 0, 0, 0
80000, 2171593, 0, 0, 0
81000, 2222190, 0, 0, 0
82000, 2222168, 0, 0, 0
83000, 2449119, 0, 0, 0
84000, 2197820, 0, 0, 0
85001, 2199628, 0, 0, 0
86000, 2189185, 0, 0, 0
87000, 2248810, 0, 0, 0
88000, 2181342, 0, 0, 0
89000, 2119092, 0, 0, 0
90000, 2171427, 0, 0, 0
91000, 2197637, 0, 0, 0
92000, 2174175, 0, 0, 0
93000, 2163970, 0, 0, 0
94000, 2165854, 0, 0, 0
95000, 2201691, 0, 0, 0
96000, 2152248, 0, 0, 0
97000, 2150377, 0, 0, 0
98001, 2131967, 0, 0, 0
99000, 2194549, 0, 0, 0
100000, 2214381, 0, 0, 0
101000, 2212337, 0, 0, 0
102000, 2248993, 0, 0, 0
103000, 2198349, 0, 0, 0
104000, 2281150, 0, 0, 0
105000, 2271368, 0, 0, 0
106000, 2398762, 0, 0, 0
107001, 2306720, 0, 0, 0
108000, 2200868, 0, 0, 0
109000, 2221117, 0, 0, 0
110000, 2230849, 0, 0, 0
111000, 2377168, 0, 0, 0
112000, 2273853, 0, 0, 0
113000, 2172386, 0, 0, 0
114000, 2230927, 0, 0, 0
115000, 2447427, 0, 0, 0
116000, 2223549, 0, 0, 0
117000, 2198063, 0, 0, 0
118000, 2175817, 0, 0, 0
119000, 2115768, 0, 0, 0
120000, 2176366, 0, 0, 0
121000, 2165923, 0, 0, 0
122000, 2213105, 0, 0, 0
123000, 2244921, 0, 0, 0
124000, 2206457, 0, 0, 0
125000, 2231489, 0, 0, 0
126000, 2223450, 0, 0, 0
127000, 2184373, 0, 0, 0
128000, 2173780, 0, 0, 0
129000, 2175677, 0, 0, 0
130000, 2165869, 0, 0, 0
131000, 2215176, 0, 0, 0
132000, 2173878, 0, 0, 0
133001, 2206466, 0, 0, 0
134000, 2252823, 0, 0, 0
135000, 2254696, 0, 0, 0
136001, 2204260, 0, 0, 0
137000, 2158192, 0, 0, 0
138000, 2212955, 0, 0, 0
139000, 2181719, 0, 0, 0
140000, 2160935, 0, 0, 0
141000, 2179462, 0, 0, 0
142000, 2147197, 0, 0, 0
143000, 2209154, 0, 0, 0
144001, 2970628, 0, 0, 0
145000, 2339602, 0, 0, 0
146000, 2311953, 0, 0, 0
147000, 2278249, 0, 0, 0
148000, 2314271, 0, 0, 0
149000, 2306890, 0, 0, 0
150000, 2272253, 0, 0, 0
151001, 2208874, 0, 0, 0
152000, 2210176, 0, 0, 0
153000, 2199992, 0, 0, 0
154000, 2178287, 0, 0, 0
155000, 2197285, 0, 0, 0
156000, 2199620, 0, 0, 0
157000, 2170097, 0, 0, 0
158000, 2193056, 0, 0, 0
159000, 2222763, 0, 0, 0
160000, 2172661, 0, 0, 0
161000, 2235278, 0, 0, 0
162000, 2258875, 0, 0, 0
163000, 2234086, 0, 0, 0
164002, 2284556, 0, 0, 0
165000, 2281179, 0, 0, 0
166000, 2372591, 0, 0, 0
167001, 2258778, 0, 0, 0
168000, 2237235, 0, 0, 0
169000, 2230777, 0, 0, 0
170001, 2235974, 0, 0, 0
171000, 2270929, 0, 0, 0
172000, 2229531, 0, 0, 0
173001, 2196952, 0, 0, 0
174000, 2214831, 0, 0, 0
175000, 2226049, 0, 0, 0
176000, 2181119, 0, 0, 0
177000, 2197454, 0, 0, 0
178000, 2234064, 0, 0, 0
179000, 2214407, 0, 0, 0
180000, 2185245, 0, 0, 0
180001, 2271937, 0, 0, 0
