1019, 2265, 0, 0, 0
2020, 2277, 0, 0, 0
3014, 2342, 0, 0, 0
4025, 2259, 0, 0, 0
5021, 2306, 0, 0, 0
6017, 2376, 0, 0, 0
7026, 2347, 0, 0, 0
8021, 2502, 0, 0, 0
9015, 2485, 0, 0, 0
10019, 2394, 0, 0, 0
11020, 2344, 0, 0, 0
12016, 4403, 0, 0, 0
13019, 2315, 0, 0, 0
14016, 2481, 0, 0, 0
15028, 2470, 0, 0, 0
16018, 2459, 0, 0, 0
17015, 2358, 0, 0, 0
18023, 2240, 0, 0, 0
19017, 2363, 0, 0, 0
20027, 2525, 0, 0, 0
21021, 2419, 0, 0, 0
22017, 2368, 0, 0, 0
23027, 2405, 0, 0, 0
24019, 2460, 0, 0, 0
25014, 2502, 0, 0, 0
26024, 2994, 0, 0, 0
27017, 2548, 0, 0, 0
28024, 2643, 0, 0, 0
29016, 2488, 0, 0, 0
30023, 2401, 0, 0, 0
31017, 3417, 0, 0, 0
32017, 3345, 0, 0, 0
33021, 2613, 0, 0, 0
34016, 2450, 0, 0, 0
35026, 2679, 0, 0, 0
36022, 2311, 0, 0, 0
37017, 2266, 0, 0, 0
38016, 2762, 0, 0, 0
39023, 7096, 0, 0, 0
40016, 2522, 0, 0, 0
41027, 2358, 0, 0, 0
42019, 2476, 0, 0, 0
43019, 2492, 0, 0, 0
44022, 2448, 0, 0, 0
45016, 2460, 0, 0, 0
46023, 2385, 0, 0, 0
47023, 2579, 0, 0, 0
48021, 2599, 0, 0, 0
49017, 2479, 0, 0, 0
50015, 2426, 0, 0, 0
51026, 2377, 0, 0, 0
52016, 2543, 0, 0, 0
53018, 2483, 0, 0, 0
54024, 2384, 0, 0, 0
55017, 2517, 0, 0, 0
56028, 2410, 0, 0, 0
57023, 2236, 0, 0, 0
58017, 2318, 0, 0, 0
59017, 2514, 0, 0, 0
60021, 3615, 0, 0, 0
61016, 3109, 0, 0, 0
62025, 2335, 0, 0, 0
63019, 2640, 0, 0, 0
64016, 3010, 0, 0, 0
65026, 2578, 0, 0, 0
66015, 2470, 0, 0, 0
67015, 2559, 0, 0, 0
68026, 2598, 0, 0, 0
69017, 2431, 0, 0, 0
70030, 2678, 0, 0, 0
71024, 2432, 0, 0, 0
72019, 2518, 0, 0, 0
73028, 2407, 0, 0, 0
74018, 2526, 0, 0, 0
75015, 2569, 0, 0, 0
76016, 3632, 0, 0, 0
77023, 2539, 0, 0, 0
78014, 2326, 0, 0, 0
79014, 4089, 0, 0, 0
80026, 2408, 0, 0, 0
81019, 2526, 0, 0, 0
82018, 3624, 0, 0, 0
83019, 4733, 0, 0, 0
84024, 2436, 0, 0, 0
85017, 2399, 0, 0, 0
86022, 5501, 0, 0, 0
87021, 9005, 0, 0, 0
88017, 9901, 0, 0, 0
89026, 6443, 0, 0, 0
90019, 4975, 0, 0, 0
91028, 11727, 0, 0, 0
92016, 4641, 0, 0, 0
93018, 2582, 0, 0, 0
94015, 2778, 0, 0, 0
95023, 2767, 0, 0, 0
96014, 8838, 0, 0, 0
97024, 2541, 0, 0, 0
98019, 2547, 0, 0, 0
99016, 5381, 0, 0, 0
100027, 3802, 0, 0, 0
101020, 3444, 0, 0, 0
102018, 2251, 0, 0, 0
103028, 12013, 0, 0, 0
104022, 77152, 0, 0, 0
105015, 76942, 0, 0, 0
106017, 7097, 0, 0, 0
107019, 2383, 0, 0, 0
108016, 2458, 0, 0, 0
109024, 2856, 0, 0, 0
110020, 7288, 0, 0, 0
111029, 2152, 0, 0, 0
112025, 79471, 0, 0, 0
113021, 3030, 0, 0, 0
114016, 4639, 0, 0, 0
115029, 3967, 0, 0, 0
116026, 2326, 0, 0, 0
117022, 2331, 0, 0, 0
118030, 2908, 0, 0, 0
119025, 2328, 0, 0, 0
120017, 2359, 0, 0, 0
121023, 2984, 0, 0, 0
122017, 2357, 0, 0, 0
123025, 2591, 0, 0, 0
124018, 2216, 0, 0, 0
125027, 5079, 0, 0, 0
126022, 2609, 0, 0, 0
127015, 2551, 0, 0, 0
128028, 5833, 0, 0, 0
129014, 3338, 0, 0, 0
130016, 2458, 0, 0, 0
131014, 2307, 0, 0, 0
132021, 2221, 0, 0, 0
133015, 3267, 0, 0, 0
134017, 2363, 0, 0, 0
135018, 2473, 0, 0, 0
136027, 2276, 0, 0, 0
137018, 2370, 0, 0, 0
138025, 2517, 0, 0, 0
139020, 2432, 0, 0, 0
140015, 4453, 0, 0, 0
141024, 5858, 0, 0, 0
142019, 2763, 0, 0, 0
143022, 2426, 0, 0, 0
144017, 5053, 0, 0, 0
145021, 2347, 0, 0, 0
146017, 4353, 0, 0, 0
147024, 2277, 0, 0, 0
148019, 2287, 0, 0, 0
149014, 3919, 0, 0, 0
150024, 2907, 0, 0, 0
151018, 2222, 0, 0, 0
152024, 3552, 0, 0, 0
153016, 3499, 0, 0, 0
154018, 8607, 0, 0, 0
155020, 4523, 0, 0, 0
156016, 2559, 0, 0, 0
157029, 4237, 0, 0, 0
158022, 3457, 0, 0, 0
159000, 2288, 0, 0, 0
160017, 4390, 0, 0, 0
161022, 6886, 0, 0, 0
162018, 2334, 0, 0, 0
163024, 7656, 0, 0, 0
164023, 2400, 0, 0, 0
165016, 2355, 0, 0, 0
166025, 2312, 0, 0, 0
167020, 2423, 0, 0, 0
168013, 2400, 0, 0, 0
169023, 2264, 0, 0, 0
170017, 2391, 0, 0, 0
171029, 2384, 0, 0, 0
172023, 4256, 0, 0, 0
173019, 5060, 0, 0, 0
174015, 7653, 0, 0, 0
175019, 4910, 0, 0, 0
176018, 2178, 0, 0, 0
177026, 2243, 0, 0, 0
178020, 9667, 0, 0, 0
179015, 2445, 0, 0, 0
180073, 2555, 0, 0, 0
