1000, 1937, 0, 0, 0
2032, 2070, 0, 0, 0
3000, 2020, 0, 0, 0
4000, 2066, 0, 0, 0
5017, 2082, 0, 0, 0
6000, 2126, 0, 0, 0
7020, 2099, 0, 0, 0
8025, 1942, 0, 0, 0
9001, 2076, 0, 0, 0
10032, 2117, 0, 0, 0
11000, 1952, 0, 0, 0
12000, 1969, 0, 0, 0
13019, 2036, 0, 0, 0
14027, 2177, 0, 0, 0
15021, 2019, 0, 0, 0
16018, 2168, 0, 0, 0
17000, 2058, 0, 0, 0
18001, 1870, 0, 0, 0
19017, 2029, 0, 0, 0
20000, 2093, 0, 0, 0
21019, 2148, 0, 0, 0
22030, 2049, 0, 0, 0
23018, 2093, 0, 0, 0
24021, 2084, 0, 0, 0
25001, 2236, 0, 0, 0
26001, 2064, 0, 0, 0
27001, 2084, 0, 0, 0
28031, 1894, 0, 0, 0
29005, 2138, 0, 0, 0
30000, 2107, 0, 0, 0
31021, 2024, 0, 0, 0
32017, 2023, 0, 0, 0
33000, 2070, 0, 0, 0
34020, 2131, 0, 0, 0
35030, 2063, 0, 0, 0
36025, 2126, 0, 0, 0
37019, 2183, 0, 0, 0
38029, 2059, 0, 0, 0
39000, 1955, 0, 0, 0
40001, 2089, 0, 0, 0
41030, 2088, 0, 0, 0
42000, 2417, 0, 0, 0
43021, 2199, 0, 0, 0
44017, 2049, 0, 0, 0
45000, 2026, 0, 0, 0
46000, 2170, 0, 0, 0
47017, 2147, 0, 0, 0
48000, 2136, 0, 0, 0
49001, 2193, 0, 0, 0
50017, 2114, 0, 0, 0
51017, 2135, 0, 0, 0
52001, 2107, 0, 0, 0
53019, 2229, 0, 0, 0
54030, 2202, 0, 0, 0
55023, 2183, 0, 0, 0
56020, 2175, 0, 0, 0
57000, 2045, 0, 0, 0
58017, 2139, 0, 0, 0
59000, 2055, 0, 0, 0
60020, 2347, 0, 0, 0
61017, 2256, 0, 0, 0
62000, 2160, 0, 0, 0
63001, 2170, 0, 0, 0
64000, 2045, 0, 0, 0
65001, 1912, 0, 0, 0
66017, 2119, 0, 0, 0
67000, 2042, 0, 0, 0
68020, 2216, 0, 0, 0
69031, 2050, 0, 0, 0
70002, 1977, 0, 0, 0
71019, 2147, 0, 0, 0
72000, 2195, 0, 0, 0
73001, 2019, 0, 0, 0
74030, 2158, 0, 0, 0
75000, 2129, 0, 0, 0
76017, 2035, 0, 0, 0
77028, 2186, 0, 0, 0
78022, 2076, 0, 0, 0
79031, 2237, 0, 0, 0
80018, 2195, 0, 0, 0
81018, 2195, 0, 0, 0
82001, 2229, 0, 0, 0
83019, 2229, 0, 0, 0
84001, 2161, 0, 0, 0
85001, 2206, 0, 0, 0
86029, 1989, 0, 0, 0
87001, 2178, 0, 0, 0
88031, 2102, 0, 0, 0
89000, 2127, 0, 0, 0
90020, 2195, 0, 0, 0
91001, 2126, 0, 0, 0
92026, 2261, 0, 0, 0
93018, 2262, 0, 0, 0
94000, 2134, 0, 0, 0
95022, 2298, 0, 0, 0
96018, 2327, 0, 0, 0
97000, 2185, 0, 0, 0
98017, 2051, 0, 0, 0
99000, 2302, 0, 0, 0
100000, 2048, 0, 0, 0
101019, 2189, 0, 0, 0
102000, 2382, 0, 0, 0
103018, 2262, 0, 0, 0
104027, 2634, 0, 0, 0
105001, 2349, 0, 0, 0
106019, 2465, 0, 0, 0
107000, 2060, 0, 0, 0
108018, 2169, 0, 0, 0
109029, 2469, 0, 0, 0
110000, 2238, 0, 0, 0
111032, 2233, 0, 0, 0
112001, 2206, 0, 0, 0
113020, 2204, 0, 0, 0
114030, 2110, 0, 0, 0
115025, 2241, 0, 0, 0
116018, 2186, 0, 0, 0
117002, 2167, 0, 0, 0
118021, 2154, 0, 0, 0
119018, 2073, 0, 0, 0
120000, 2013, 0, 0, 0
121000, 2328, 0, 0, 0
122019, 2222, 0, 0, 0
123000, 2073, 0, 0, 0
124017, 2168, 0, 0, 0
125022, 2219, 0, 0, 0
126001, 2158, 0, 0, 0
127000, 2280, 0, 0, 0
128030, 2238, 0, 0, 0
129018, 1933, 0, 0, 0
130018, 1965, 0, 0, 0
131000, 2029, 0, 0, 0
132020, 2023, 0, 0, 0
133023, 2122, 0, 0, 0
134002, 2135, 0, 0, 0
135016, 2177, 0, 0, 0
136023, 1949, 0, 0, 0
137017, 2007, 0, 0, 0
138023, 2118, 0, 0, 0
139001, 2049, 0, 0, 0
140020, 2078, 0, 0, 0
141019, 1965, 0, 0, 0
142023, 1925, 0, 0, 0
143017, 2058, 0, 0, 0
144021, 1987, 0, 0, 0
145021, 2150, 0, 0, 0
146017, 2013, 0, 0, 0
147000, 2148, 0, 0, 0
148019, 2016, 0, 0, 0
149000, 2260, 0, 0, 0
150019, 2275, 0, 0, 0
151019, 2479, 0, 0, 0
152000, 2312, 0, 0, 0
153020, 2105, 0, 0, 0
154000, 2145, 0, 0, 0
155020, 2138, 0, 0, 0
156021, 2228, 0, 0, 0
157000, 2028, 0, 0, 0
158019, 2143, 0, 0, 0
159030, 2060, 0, 0, 0
160000, 2001, 0, 0, 0
161018, 2046, 0, 0, 0
162000, 2163, 0, 0, 0
163000, 2118, 0, 0, 0
164030, 2354, 0, 0, 0
165000, 2119, 0, 0, 0
166017, 2055, 0, 0, 0
167021, 2058, 0, 0, 0
168000, 2096, 0, 0, 0
169017, 1973, 0, 0, 0
170030, 2157, 0, 0, 0
171000, 2227, 0, 0, 0
172020, 2230, 0, 0, 0
173000, 1947, 0, 0, 0
174030, 2186, 0, 0, 0
175001, 2265, 0, 0, 0
176019, 2178, 0, 0, 0
177001, 2452, 0, 0, 0
178000, 2322, 0, 0, 0
179016, 2181, 0, 0, 0
180000, 2427, 0, 0, 0
