1014, 1936589, 1, 0, 0
2000, 2069215, 1, 0, 0
3000, 2147504, 1, 0, 0
4004, 2062576, 1, 0, 0
5003, 2183738, 1, 0, 0
6001, 2141738, 1, 0, 0
7007, 2102191, 1, 0, 0
8002, 2045244, 1, 0, 0
9010, 2128041, 1, 0, 0
10003, 1998323, 1, 0, 0
11000, 2112715, 1, 0, 0
12000, 2068274, 1, 0, 0
13001, 2091877, 1, 0, 0
14000, 2103179, 1, 0, 0
15001, 2048068, 1, 0, 0
16001, 2102022, 1, 0, 0
17000, 2079786, 1, 0, 0
18001, 2051595, 1, 0, 0
19001, 2093704, 1, 0, 0
20013, 2140181, 1, 0, 0
21005, 2140734, 1, 0, 0
22000, 1998593, 1, 0, 0
23003, 2056187, 1, 0, 0
24000, 2018295, 1, 0, 0
25001, 2100031, 1, 0, 0
26006, 2159522, 1, 0, 0
27000, 1945523, 1, 0, 0
28002, 1927231, 1, 0, 0
29008, 2162126, 1, 0, 0
30003, 2035972, 1, 0, 0
31000, 2068231, 1, 0, 0
32008, 2079501, 1, 0, 0
33002, 2076085, 1, 0, 0
34007, 2136380, 1, 0, 0
35002, 2009572, 1, 0, 0
36000, 2067657, 1, 0, 0
37005, 2094999, 1, 0, 0
38005, 2084217, 1, 0, 0
39001, 2094074, 1, 0, 0
40001, 2139943, 1, 0, 0
41005, 2011975, 1, 0, 0
42000, 2104168, 1, 0, 0
43002, 2068449, 1, 0, 0
44005, 2046866, 1, 0, 0
45000, 2033337, 1, 0, 0
46001, 2148495, 1, 0, 0
47000, 2060699, 1, 0, 0
48008, 2115175, 1, 0, 0
49002, 2025277, 1, 0, 0
50013, 2068010, 1, 0, 0
51005, 2059663, 1, 0, 0
52002, 2070193, 1, 0, 0
53000, 2157992, 1, 0, 0
54000, 2020554, 1, 0, 0
55007, 2069742, 1, 0, 0
56005, 2036415, 1, 0, 0
57000, 2029148, 1, 0, 0
58010, 2104770, 1, 0, 0
59005, 2064794, 1, 0, 0
60000, 2024390, 1, 0, 0
61002, 2097921, 1, 0, 0
62006, 2028091, 1, 0, 0
63000, 2122613, 1, 0, 0
64003, 2151743, 1, 0, 0
65001, 2102990, 1, 0, 0
66001, 2092994, 1, 0, 0
67010, 2060410, 1, 0, 0
68000, 1993348, 1, 0, 0
69005, 2112814, 1, 0, 0
70001, 2119944, 1, 0, 0
71000, 2040505, 1, 0, 0
72005, 2162411, 1, 0, 0
73000, 2069194, 1, 0, 0
74006, 2125742, 1, 0, 0
75000, 2088171, 1, 0, 0
76012, 2110230, 1, 0, 0
77004, 2103331, 1, 0, 0
78000, 1984772, 1, 0, 0
79006, 2089088, 1, 0, 0
80000, 2090197, 1, 0, 0
81010, 2118491, 1, 0, 0
82006, 2134189, 1, 0, 0
83003, 2104556, 1, 0, 0
84009, 2102127, 1, 0, 0
85004, 2087285, 1, 0, 0
86000, 2025534, 1, 0, 0
87004, 2155046, 1, 0, 0
88000, 2090580, 1, 0, 0
89000, 2050538, 1, 0, 0
90004, 2029476, 1, 0, 0
91004, 2041609, 1, 0, 0
92000, 2176363, 1, 0, 0
93005, 2065882, 1, 0, 0
94000, 2069566, 1, 0, 0
95004, 2079430, 1, 0, 0
96000, 2134760, 1, 0, 0
97012, 2182198, 1, 0, 0
98008, 2046366, 1, 0, 0
99004, 2092717, 1, 0, 0
100002, 2073517, 1, 0, 0
101000, 2071397, 1, 0, 0
102000, 2111298, 1, 0, 0
103002, 2114507, 1, 0, 0
104001, 2099193, 1, 0, 0
105012, 2112336, 1, 0, 0
106003, 2079965, 1, 0, 0
107000, 2091175, 1, 0, 0
108007, 2264080, 1, 0, 0
109000, 2008002, 1, 0, 0
110011, 2175906, 1, 0, 0
111000, 2031959, 1, 0, 0
112000, 2138373, 1, 0, 0
113004, 1988339, 1, 0, 0
114005, 2092287, 1, 0, 0
115002, 2043817, 1, 0, 0
116002, 2224946, 1, 0, 0
117002, 1997066, 1, 0, 0
118011, 2077050, 1, 0, 0
119001, 2054643, 1, 0, 0
120000, 2130692, 1, 0, 0
121007, 2073081, 1, 0, 0
122004, 2056686, 1, 0, 0
123001, 2123039, 1, 0, 0
124005, 2195156, 1, 0, 0
125003, 2084210, 1, 0, 0
126000, 2035609, 1, 0, 0
127009, 2138419, 1, 0, 0
128000, 2040385, 1, 0, 0
129000, 2068458, 1, 0, 0
130009, 2025871, 1, 0, 0
131002, 2012497, 1, 0, 0
132012, 2065898, 1, 0, 0
133005, 2065263, 1, 0, 0
134000, 2057731, 1, 0, 0
135000, 2040363, 1, 0, 0
136003, 1957172, 1, 0, 0
137011, 2115137, 1, 0, 0
138000, 2090712, 1, 0, 0
139001, 2078291, 1, 0, 0
140002, 2140998, 1, 0, 0
141008, 2127490, 1, 0, 0
142003, 2109530, 1, 0, 0
143001, 2063860, 1, 0, 0
144003, 2115129, 1, 0, 0
145000, 2091489, 1, 0, 0
146001, 2141067, 1, 0, 0
147001, 2125789, 1, 0, 0
148005, 2128123, 1, 0, 0
149000, 2061547, 1, 0, 0
150000, 2057748, 1, 0, 0
151010, 2115720, 1, 0, 0
152000, 2045626, 1, 0, 0
153000, 2064802, 1, 0, 0
154003, 2108159, 1, 0, 0
155008, 2068761, 1, 0, 0
156001, 2074719, 1, 0, 0
157011, 2187990, 1, 0, 0
158006, 2074135, 1, 0, 0
159000, 2102032, 1, 0, 0
160000, 2102023, 1, 0, 0
161004, 2110589, 1, 0, 0
162004, 2094144, 1, 0, 0
163000, 2054619, 1, 0, 0
164001, 2168920, 1, 0, 0
165002, 2023957, 1, 0, 0
166001, 2157630, 1, 0, 0
167000, 2040950, 1, 0, 0
168000, 2071047, 1, 0, 0
169000, 2093330, 1, 0, 0
170001, 2119088, 1, 0, 0
171000, 2018541, 1, 0, 0
172000, 2170339, 1, 0, 0
173013, 2176560, 1, 0, 0
174001, 2428795, 1, 0, 0
175000, 2056497, 1, 0, 0
176006, 2055049, 1, 0, 0
177001, 2031477, 1, 0, 0
178000, 2035388, 1, 0, 0
179008, 2106097, 1, 0, 0
180001, 2027453, 1, 0, 0
