1000, 17116, 1, 0, 0
2000, 14932, 1, 0, 0
3000, 16000, 1, 0, 0
4000, 15536, 1, 0, 0
5000, 15484, 1, 0, 0
6000, 15588, 1, 0, 0
7000, 15299, 1, 0, 0
8001, 15296, 1, 0, 0
9000, 15227, 1, 0, 0
10000, 14880, 1, 0, 0
11000, 15515, 1, 0, 0
12000, 15387, 1, 0, 0
13000, 15507, 1, 0, 0
14000, 15148, 1, 0, 0
15000, 15499, 1, 0, 0
16000, 15372, 1, 0, 0
17000, 15679, 1, 0, 0
18000, 15224, 1, 0, 0
19000, 15107, 1, 0, 0
20000, 15287, 1, 0, 0
21000, 15443, 1, 0, 0
22000, 15103, 1, 0, 0
23000, 15500, 1, 0, 0
24000, 15031, 1, 0, 0
25000, 15431, 1, 0, 0
26000, 15128, 1, 0, 0
27000, 14746, 1, 0, 0
28000, 15104, 1, 0, 0
29000, 15587, 1, 0, 0
30000, 15583, 1, 0, 0
31000, 15296, 1, 0, 0
32001, 15216, 1, 0, 0
33000, 15703, 1, 0, 0
34000, 15279, 1, 0, 0
35000, 15175, 1, 0, 0
36000, 15439, 1, 0, 0
37000, 15187, 1, 0, 0
38001, 15092, 1, 0, 0
39000, 15055, 1, 0, 0
40000, 15587, 1, 0, 0
41000, 15376, 1, 0, 0
42000, 15268, 1, 0, 0
43000, 15643, 1, 0, 0
44000, 14858, 1, 0, 0
45000, 14704, 1, 0, 0
46000, 14952, 1, 0, 0
47000, 15475, 1, 0, 0
48000, 15240, 1, 0, 0
49000, 15271, 1, 0, 0
50000, 15311, 1, 0, 0
51000, 15839, 1, 0, 0
52000, 15348, 1, 0, 0
53000, 15495, 1, 0, 0
54000, 15263, 1, 0, 0
55000, 15776, 1, 0, 0
56001, 15188, 1, 0, 0
57000, 15479, 1, 0, 0
58000, 15639, 1, 0, 0
59000, 15127, 1, 0, 0
60000, 15260, 1, 0, 0
61000, 15271, 1, 0, 0
62000, 15420, 1, 0, 0
63000, 15607, 1, 0, 0
64000, 15020, 1, 0, 0
65000, 15383, 1, 0, 0
66000, 15123, 1, 0, 0
67000, 15296, 1, 0, 0
68000, 15547, 1, 0, 0
69000, 14586, 1, 0, 0
70000, 15532, 1, 0, 0
71000, 15151, 1, 0, 0
72000, 15111, 1, 0, 0
73000, 15268, 1, 0, 0
74000, 15339, 1, 0, 0
75000, 15288, 1, 0, 0
76000, 15111, 1, 0, 0
77000, 14860, 1, 0, 0
78000, 15283, 1, 0, 0
79000, 15403, 1, 0, 0
80000, 15260, 1, 0, 0
81000, 15443, 1, 0, 0
82000, 15435, 1, 0, 0
83000, 15103, 1, 0, 0
84000, 15583, 1, 0, 0
85000, 15224, 1, 0, 0
86000, 15640, 1, 0, 0
87000, 14880, 1, 0, 0
88000, 15587, 1, 0, 0
89000, 15712, 1, 0, 0
90000, 15111, 1, 0, 0
91000, 15439, 1, 0, 0
92000, 15163, 1, 0, 0
93000, 15427, 1, 0, 0
94000, 14880, 1, 0, 0
95000, 15524, 1, 0, 0
96000, 15683, 1, 0, 0
97000, 14366, 1, 0, 0
98000, 16020, 1, 0, 0
99000, 15496, 1, 0, 0
100000, 15103, 1, 0, 0
101000, 15371, 1, 0, 0
102000, 15344, 1, 0, 0
103000, 15383, 1, 0, 0
104000, 15176, 1, 0, 0
105000, 14980, 1, 0, 0
106000, 15623, 1, 0, 0
107000, 15432, 1, 0, 0
108000, 15443, 1, 0, 0
109000, 15104, 1, 0, 0
110000, 15316, 1, 0, 0
111000, 15255, 1, 0, 0
112000, 15768, 1, 0, 0
113000, 15228, 1, 0, 0
114000, 15939, 1, 0, 0
115000, 15508, 1, 0, 0
116000, 15155, 1, 0, 0
117000, 15228, 1, 0, 0
118000, 15351, 1, 0, 0
119000, 14896, 1, 0, 0
120000, 15256, 1, 0, 0
121000, 15159, 1, 0, 0
122000, 15548, 1, 0, 0
123000, 14954, 1, 0, 0
124000, 15772, 1, 0, 0
125000, 15083, 1, 0, 0
126000, 15779, 1, 0, 0
127000, 15356, 1, 0, 0
128000, 15443, 1, 0, 0
129001, 15572, 1, 0, 0
130000, 15871, 1, 0, 0
131000, 14922, 1, 0, 0
132000, 15519, 1, 0, 0
133000, 15244, 1, 0, 0
134000, 15707, 1, 0, 0
135000, 15479, 1, 0, 0
136000, 16052, 1, 0, 0
137000, 15447, 1, 0, 0
138001, 15096, 1, 0, 0
139000, 15675, 1, 0, 0
140000, 15547, 1, 0, 0
141000, 15095, 1, 0, 0
142000, 15704, 1, 0, 0
143000, 15527, 1, 0, 0
144000, 15279, 1, 0, 0
145000, 15484, 1, 0, 0
146000, 15115, 1, 0, 0
147000, 15535, 1, 0, 0
148000, 15119, 1, 0, 0
149000, 15120, 1, 0, 0
150000, 14986, 1, 0, 0
151000, 15315, 1, 0, 0
152000, 15412, 1, 0, 0
153000, 15259, 1, 0, 0
154000, 15355, 1, 0, 0
155000, 15291, 1, 0, 0
156001, 15476, 1, 0, 0
157000, 15411, 1, 0, 0
158000, 15720, 1, 0, 0
159000, 15627, 1, 0, 0
160000, 15395, 1, 0, 0
161000, 15563, 1, 0, 0
162000, 15376, 1, 0, 0
163000, 15295, 1, 0, 0
164000, 15220, 1, 0, 0
165000, 15575, 1, 0, 0
166000, 15460, 1, 0, 0
167000, 15528, 1, 0, 0
168000, 15315, 1, 0, 0
169001, 15332, 1, 0, 0
170000, 15163, 1, 0, 0
171000, 15220, 1, 0, 0
172000, 15283, 1, 0, 0
173000, 15239, 1, 0, 0
174000, 15235, 1, 0, 0
175000, 15855, 1, 0, 0
176000, 15715, 1, 0, 0
177000, 15632, 1, 0, 0
178000, 15596, 1, 0, 0
179000, 15007, 1, 0, 0
180000, 15499, 1, 0, 0
