1000, 7166336, 1, 0, 0
2024, 8631063, 1, 0, 0
3004, 9385520, 1, 0, 0
4000, 8365029, 1, 0, 0
5001, 9236057, 1, 0, 0
6001, 8573326, 1, 0, 0
7000, 8059681, 1, 0, 0
8037, 8328761, 1, 0, 0
9000, 8340868, 1, 0, 0
10025, 8653930, 1, 0, 0
11000, 8029325, 1, 0, 0
12027, 7938206, 1, 0, 0
13000, 8583750, 1, 0, 0
14001, 8579687, 1, 0, 0
15025, 8435107, 1, 0, 0
16035, 8260859, 1, 0, 0
17001, 8327724, 1, 0, 0
18000, 8257106, 1, 0, 0
19037, 8565273, 1, 0, 0
20000, 7910301, 1, 0, 0
21027, 8404279, 1, 0, 0
22000, 8176417, 1, 0, 0
23025, 8823137, 1, 0, 0
24002, 8579991, 1, 0, 0
25000, 8859037, 1, 0, 0
26001, 8035529, 1, 0, 0
27000, 8505950, 1, 0, 0
28000, 8466980, 1, 0, 0
29025, 8230882, 1, 0, 0
30027, 8430546, 1, 0, 0
31002, 7623052, 1, 0, 0
32028, 8474178, 1, 0, 0
33027, 8233282, 1, 0, 0
34000, 8127421, 1, 0, 0
35000, 8739175, 1, 0, 0
36003, 8173964, 1, 0, 0
37026, 7927871, 1, 0, 0
38000, 8638748, 1, 0, 0
39024, 8402219, 1, 0, 0
40000, 8884508, 1, 0, 0
41028, 8505349, 1, 0, 0
42031, 8491574, 1, 0, 0
43000, 8717454, 1, 0, 0
44002, 8286915, 1, 0, 0
45000, 8317009, 1, 0, 0
46000, 8368511, 1, 0, 0
47003, 8361427, 1, 0, 0
48001, 8624029, 1, 0, 0
49001, 8434790, 1, 0, 0
50000, 8645872, 1, 0, 0
51001, 8094476, 1, 0, 0
52001, 8183866, 1, 0, 0
53000, 8742403, 1, 0, 0
54028, 8360166, 1, 0, 0
55037, 8419382, 1, 0, 0
56000, 8791904, 1, 0, 0
57025, 8257220, 1, 0, 0
58038, 8669890, 1, 0, 0
59028, 8291652, 1, 0, 0
60029, 8414013, 1, 0, 0
61000, 8896086, 1, 0, 0
62000, 8474606, 1, 0, 0
63023, 8349564, 1, 0, 0
64000, 7974534, 1, 0, 0
65002, 8355520, 1, 0, 0
66000, 8328352, 1, 0, 0
67004, 7873918, 1, 0, 0
68000, 8231417, 1, 0, 0
69001, 8532585, 1, 0, 0
70037, 8061095, 1, 0, 0
71000, 8157252, 1, 0, 0
72000, 8196616, 1, 0, 0
73000, 8508421, 1, 0, 0
74000, 8602142, 1, 0, 0
75000, 8235748, 1, 0, 0
76037, 8544434, 1, 0, 0
77000, 8460595, 1, 0, 0
78002, 8042316, 1, 0, 0
79006, 7880367, 1, 0, 0
80000, 8542841, 1, 0, 0
81000, 7388784, 1, 0, 0
82037, 8115578, 1, 0, 0
83000, 8116485, 1, 0, 0
84005, 8455702, 1, 0, 0
85001, 8626769, 1, 0, 0
86000, 8604806, 1, 0, 0
87000, 8021474, 1, 0, 0
88000, 8769973, 1, 0, 0
89000, 8524006, 1, 0, 0
90028, 9001468, 1, 0, 0
91000, 8058061, 1, 0, 0
92001, 8700575, 1, 0, 0
93038, 8185708, 1, 0, 0
94002, 8264976, 1, 0, 0
95000, 7864925, 1, 0, 0
96036, 8217011, 1, 0, 0
97000, 8877540, 1, 0, 0
98001, 8281173, 1, 0, 0
99024, 8557019, 1, 0, 0
100035, 8349913, 1, 0, 0
101000, 8106228, 1, 0, 0
102000, 7827817, 1, 0, 0
103025, 8298546, 1, 0, 0
104002, 8451701, 1, 0, 0
105024, 8280139, 1, 0, 0
106036, 8509498, 1, 0, 0
107004, 8502752, 1, 0, 0
108024, 8633106, 1, 0, 0
109003, 8194668, 1, 0, 0
110029, 8283887, 1, 0, 0
111039, 8187907, 1, 0, 0
112000, 8232491, 1, 0, 0
113000, 9031501, 1, 0, 0
114001, 8551847, 1, 0, 0
115000, 8581693, 1, 0, 0
116003, 8052546, 1, 0, 0
117000, 7496819, 1, 0, 0
118000, 8512303, 1, 0, 0
119000, 8209465, 1, 0, 0
120008, 7672687, 1, 0, 0
121002, 9233988, 1, 0, 0
122010, 8074255, 1, 0, 0
123000, 8453764, 1, 0, 0
124000, 8174489, 1, 0, 0
125001, 8580826, 1, 0, 0
126028, 8726593, 1, 0, 0
127000, 8359929, 1, 0, 0
128001, 8918381, 1, 0, 0
129003, 8877498, 1, 0, 0
130000, 7964089, 1, 0, 0
131002, 8114740, 1, 0, 0
132048, 8642351, 1, 0, 0
133000, 8312466, 1, 0, 0
134000, 8402493, 1, 0, 0
135024, 8804356, 1, 0, 0
136002, 8448603, 1, 0, 0
137001, 8402281, 1, 0, 0
138000, 8474942, 1, 0, 0
139028, 8182011, 1, 0, 0
140001, 7963849, 1, 0, 0
141000, 8503920, 1, 0, 0
142001, 8572867, 1, 0, 0
143024, 7906583, 1, 0, 0
144000, 7918690, 1, 0, 0
145024, 8118572, 1, 0, 0
146038, 9226267, 1, 0, 0
147003, 7784102, 1, 0, 0
148023, 8232557, 1, 0, 0
149005, 8236577, 1, 0, 0
150000, 8702875, 1, 0, 0
151039, 8249852, 1, 0, 0
152000, 7857883, 1, 0, 0
153002, 8302611, 1, 0, 0
154001, 7992594, 1, 0, 0
155001, 8484378, 1, 0, 0
156001, 8469943, 1, 0, 0
157024, 8802302, 1, 0, 0
158000, 8654788, 1, 0, 0
159000, 8102489, 1, 0, 0
160024, 8395456, 1, 0, 0
161002, 8325525, 1, 0, 0
162000, 8509765, 1, 0, 0
163000, 8570741, 1, 0, 0
164028, 8050673, 1, 0, 0
165036, 9100646, 1, 0, 0
166001, 8817442, 1, 0, 0
167024, 8117850, 1, 0, 0
168000, 7675311, 1, 0, 0
169000, 7714243, 1, 0, 0
170002, 8647888, 1, 0, 0
171001, 8197509, 1, 0, 0
172027, 8406899, 1, 0, 0
173002, 8026832, 1, 0, 0
174004, 8109301, 1, 0, 0
175003, 8007171, 1, 0, 0
176024, 8388824, 1, 0, 0
177000, 8561409, 1, 0, 0
178000, 8300192, 1, 0, 0
179023, 8849700, 1, 0, 0
180026, 9023753, 1, 0, 0
180027, 33055170, 1, 0, 0
