1008, 3801518, 1, 0, 0
2000, 4035646, 1, 0, 0
3003, 4116608, 1, 0, 0
4006, 4170214, 1, 0, 0
5000, 4016816, 1, 0, 0
6005, 4122085, 1, 0, 0
7005, 4027100, 1, 0, 0
8000, 4081726, 1, 0, 0
9008, 4120925, 1, 0, 0
10001, 4276339, 1, 0, 0
11011, 4252853, 1, 0, 0
12005, 4204247, 1, 0, 0
13014, 4161742, 1, 0, 0
14005, 4320059, 1, 0, 0
15004, 4129911, 1, 0, 0
16006, 4122157, 1, 0, 0
17007, 4204885, 1, 0, 0
18002, 4086058, 1, 0, 0
19013, 4289905, 1, 0, 0
20007, 3994303, 1, 0, 0
21000, 4189796, 1, 0, 0
22003, 4247297, 1, 0, 0
23005, 4300564, 1, 0, 0
24000, 4258135, 1, 0, 0
25012, 4233888, 1, 0, 0
26009, 4159064, 1, 0, 0
27002, 4159581, 1, 0, 0
28006, 4172015, 1, 0, 0
29000, 4163245, 1, 0, 0
30006, 4186814, 1, 0, 0
31002, 4180501, 1, 0, 0
32003, 4258269, 1, 0, 0
33006, 4230683, 1, 0, 0
34000, 4138586, 1, 0, 0
35012, 4298966, 1, 0, 0
36000, 4131676, 1, 0, 0
37002, 4198250, 1, 0, 0
38006, 4153822, 1, 0, 0
39000, 4190287, 1, 0, 0
40010, 4152408, 1, 0, 0
41006, 4262176, 1, 0, 0
42001, 4396836, 1, 0, 0
43001, 4207898, 1, 0, 0
44006, 4007898, 1, 0, 0
45002, 4074337, 1, 0, 0
46005, 4192302, 1, 0, 0
47000, 4167790, 1, 0, 0
48002, 4181519, 1, 0, 0
49008, 4246679, 1, 0, 0
50006, 4300888, 1, 0, 0
51000, 4047608, 1, 0, 0
52008, 4143596, 1, 0, 0
53004, 4269583, 1, 0, 0
54006, 4237540, 1, 0, 0
55008, 4223383, 1, 0, 0
56003, 4207432, 1, 0, 0
57000, 4284691, 1, 0, 0
58009, 4195113, 1, 0, 0
59005, 4226899, 1, 0, 0
60000, 4230377, 1, 0, 0
61010, 4251143, 1, 0, 0
62004, 4067512, 1, 0, 0
63014, 4130003, 1, 0, 0
64000, 4226130, 1, 0, 0
65003, 4077616, 1, 0, 0
66014, 4099751, 1, 0, 0
67009, 4285521, 1, 0, 0
68000, 4295858, 1, 0, 0
69004, 4153237, 1, 0, 0
70006, 4174406, 1, 0, 0
71002, 4256744, 1, 0, 0
72006, 4164097, 1, 0, 0
73008, 4130738, 1, 0, 0
74003, 4169256, 1, 0, 0
75000, 4106768, 1, 0, 0
76008, 4257395, 1, 0, 0
77005, 4165993, 1, 0, 0
78005, 4240782, 1, 0, 0
79009, 4165418, 1, 0, 0
80005, 4321024, 1, 0, 0
81001, 4364517, 1, 0, 0
82005, 4263729, 1, 0, 0
83001, 4098129, 1, 0, 0
84014, 4048042, 1, 0, 0
85011, 4221392, 1, 0, 0
86006, 4243434, 1, 0, 0
87001, 4243296, 1, 0, 0
88000, 4229404, 1, 0, 0
89000, 4186744, 1, 0, 0
90004, 4085033, 1, 0, 0
91001, 4228688, 1, 0, 0
92005, 4104664, 1, 0, 0
93004, 4026695, 1, 0, 0
94014, 4303532, 1, 0, 0
95005, 4186671, 1, 0, 0
96001, 4313213, 1, 0, 0
97008, 4213739, 1, 0, 0
98005, 4275830, 1, 0, 0
99005, 4234763, 1, 0, 0
100008, 4361464, 1, 0, 0
101002, 4182488, 1, 0, 0
102007, 4097775, 1, 0, 0
103002, 4222888, 1, 0, 0
104002, 4194360, 1, 0, 0
105003, 4192900, 1, 0, 0
106008, 4126264, 1, 0, 0
107001, 4131968, 1, 0, 0
108011, 4116925, 1, 0, 0
109003, 4193576, 1, 0, 0
110012, 4163238, 1, 0, 0
111004, 4122622, 1, 0, 0
112001, 4197887, 1, 0, 0
113012, 4217070, 1, 0, 0
114008, 4216718, 1, 0, 0
115002, 4158134, 1, 0, 0
116001, 4188990, 1, 0, 0
117009, 4111863, 1, 0, 0
118004, 4185894, 1, 0, 0
119014, 4140970, 1, 0, 0
120004, 4117744, 1, 0, 0
121003, 4110199, 1, 0, 0
122004, 4327136, 1, 0, 0
123005, 4245366, 1, 0, 0
124000, 4181109, 1, 0, 0
125011, 4338486, 1, 0, 0
126007, 4137415, 1, 0, 0
127003, 4181427, 1, 0, 0
128012, 4237698, 1, 0, 0
129008, 4280692, 1, 0, 0
130002, 4211212, 1, 0, 0
131002, 4059512, 1, 0, 0
132007, 4119484, 1, 0, 0
133001, 4112516, 1, 0, 0
134011, 4263494, 1, 0, 0
135006, 4190582, 1, 0, 0
136000, 4295986, 1, 0, 0
137003, 4157334, 1, 0, 0
138004, 4118249, 1, 0, 0
139002, 4167130, 1, 0, 0
140014, 4123443, 1, 0, 0
141009, 4275240, 1, 0, 0
142003, 4030842, 1, 0, 0
143000, 4163892, 1, 0, 0
144011, 4232020, 1, 0, 0
145003, 4195893, 1, 0, 0
146000, 4078091, 1, 0, 0
147008, 4312464, 1, 0, 0
148002, 4160521, 1, 0, 0
149011, 4233683, 1, 0, 0
150007, 4126033, 1, 0, 0
151001, 4194057, 1, 0, 0
152013, 4153877, 1, 0, 0
153005, 4161588, 1, 0, 0
154014, 4132426, 1, 0, 0
155011, 4265722, 1, 0, 0
156006, 4239927, 1, 0, 0
157000, 4185737, 1, 0, 0
158013, 4082276, 1, 0, 0
159009, 4250136, 1, 0, 0
160000, 4270376, 1, 0, 0
161000, 4186099, 1, 0, 0
162007, 4212910, 1, 0, 0
163002, 4152551, 1, 0, 0
164004, 4107873, 1, 0, 0
165005, 4226527, 1, 0, 0
166014, 4064651, 1, 0, 0
167008, 4192905, 1, 0, 0
168001, 4126834, 1, 0, 0
169011, 4195188, 1, 0, 0
170004, 4093667, 1, 0, 0
171000, 4109057, 1, 0, 0
172009, 4024559, 1, 0, 0
173004, 4123615, 1, 0, 0
174000, 4229714, 1, 0, 0
175005, 4072155, 1, 0, 0
176006, 4217378, 1, 0, 0
177002, 4069639, 1, 0, 0
178011, 4139770, 1, 0, 0
179006, 4195303, 1, 0, 0
180001, 4171131, 1, 0, 0
180003, 29727529, 1, 0, 0
