1003, 3662802, 1, 0, 0
2000, 4240403, 1, 0, 0
3000, 4208385, 1, 0, 0
4000, 3999807, 1, 0, 0
5000, 4340534, 1, 0, 0
6000, 4216224, 1, 0, 0
7000, 3975472, 1, 0, 0
8000, 4149374, 1, 0, 0
9000, 4165204, 1, 0, 0
10000, 4226363, 1, 0, 0
11001, 4257227, 1, 0, 0
12000, 4083546, 1, 0, 0
13000, 4172970, 1, 0, 0
14000, 4264553, 1, 0, 0
15000, 4354345, 1, 0, 0
16000, 4185596, 1, 0, 0
17004, 4111430, 1, 0, 0
18000, 4184625, 1, 0, 0
19000, 4275051, 1, 0, 0
20000, 4080542, 1, 0, 0
21000, 4378066, 1, 0, 0
22000, 4198999, 1, 0, 0
23001, 4311331, 1, 0, 0
24000, 4235157, 1, 0, 0
25000, 4113514, 1, 0, 0
26000, 4115972, 1, 0, 0
27000, 4202323, 1, 0, 0
28000, 4038565, 1, 0, 0
29000, 4309211, 1, 0, 0
30000, 4100826, 1, 0, 0
31000, 4149421, 1, 0, 0
32002, 4578076, 1, 0, 0
33000, 4072906, 1, 0, 0
34000, 4193011, 1, 0, 0
35000, 4137332, 1, 0, 0
36000, 4245390, 1, 0, 0
37000, 4255125, 1, 0, 0
38000, 4326889, 1, 0, 0
39000, 4339908, 1, 0, 0
40000, 4123995, 1, 0, 0
41000, 3998208, 1, 0, 0
42000, 4184361, 1, 0, 0
43000, 4191764, 1, 0, 0
44000, 4136899, 1, 0, 0
45000, 4385820, 1, 0, 0
46000, 4005925, 1, 0, 0
47002, 4046542, 1, 0, 0
48000, 4083657, 1, 0, 0
49000, 4353849, 1, 0, 0
50002, 3963312, 1, 0, 0
51001, 4111912, 1, 0, 0
52000, 3800183, 1, 0, 0
53002, 4023899, 1, 0, 0
54002, 4337350, 1, 0, 0
55000, 4151577, 1, 0, 0
56000, 4086203, 1, 0, 0
57000, 4117860, 1, 0, 0
58000, 4334628, 1, 0, 0
59000, 4452944, 1, 0, 0
60000, 4284625, 1, 0, 0
61000, 4265701, 1, 0, 0
62001, 4173094, 1, 0, 0
63000, 4104114, 1, 0, 0
64000, 4045665, 1, 0, 0
65001, 4239013, 1, 0, 0
66001, 3918313, 1, 0, 0
67001, 4112094, 1, 0, 0
68000, 4244090, 1, 0, 0
69000, 4196421, 1, 0, 0
70000, 4121033, 1, 0, 0
71000, 4350551, 1, 0, 0
72000, 4174685, 1, 0, 0
73002, 4310033, 1, 0, 0
74000, 4091393, 1, 0, 0
75000, 4308472, 1, 0, 0
76000, 4124214, 1, 0, 0
77000, 3995721, 1, 0, 0
78003, 4216312, 1, 0, 0
79000, 4233603, 1, 0, 0
80000, 4291202, 1, 0, 0
81000, 4470888, 1, 0, 0
82000, 4246014, 1, 0, 0
83000, 3968291, 1, 0, 0
84000, 4185212, 1, 0, 0
85000, 4213135, 1, 0, 0
86000, 4094120, 1, 0, 0
87001, 4159453, 1, 0, 0
88003, 4211974, 1, 0, 0
89000, 4232229, 1, 0, 0
90002, 4118574, 1, 0, 0
91000, 4058952, 1, 0, 0
92000, 4114544, 1, 0, 0
93001, 4203238, 1, 0, 0
94000, 4085308, 1, 0, 0
95000, 4192718, 1, 0, 0
96000, 4114511, 1, 0, 0
97000, 4319906, 1, 0, 0
98000, 4080589, 1, 0, 0
99000, 4214470, 1, 0, 0
100000, 4319905, 1, 0, 0
101000, 4264456, 1, 0, 0
102002, 4058919, 1, 0, 0
103002, 4390743, 1, 0, 0
104000, 4151936, 1, 0, 0
105001, 4258483, 1, 0, 0
106000, 4129259, 1, 0, 0
107000, 4015637, 1, 0, 0
108001, 4221275, 1, 0, 0
109002, 4040489, 1, 0, 0
110000, 4296442, 1, 0, 0
111001, 5588564, 1, 0, 0
112001, 4147028, 1, 0, 0
113078, 4522621, 1, 0, 0
114003, 3924320, 1, 0, 0
115000, 4119182, 1, 0, 0
116000, 4292455, 1, 0, 0
117000, 3975289, 1, 0, 0
118002, 4397874, 1, 0, 0
119000, 4226577, 1, 0, 0
120000, 4116521, 1, 0, 0
121003, 4164683, 1, 0, 0
122001, 4018160, 1, 0, 0
123000, 4347223, 1, 0, 0
124000, 4072516, 1, 0, 0
125000, 4031519, 1, 0, 0
126000, 4207614, 1, 0, 0
127000, 4118074, 1, 0, 0
128000, 4055625, 1, 0, 0
129000, 4340218, 1, 0, 0
130000, 4314574, 1, 0, 0
131003, 4389712, 1, 0, 0
132000, 4334917, 1, 0, 0
133000, 3976521, 1, 0, 0
134003, 4181086, 1, 0, 0
135001, 4169984, 1, 0, 0
136000, 4098493, 1, 0, 0
137006, 4165772, 1, 0, 0
138001, 4171206, 1, 0, 0
139000, 4253192, 1, 0, 0
140000, 4339178, 1, 0, 0
141000, 4461685, 1, 0, 0
142000, 4065193, 1, 0, 0
143000, 4385908, 1, 0, 0
144000, 3988740, 1, 0, 0
145000, 4073944, 1, 0, 0
146001, 4160628, 1, 0, 0
147000, 4410182, 1, 0, 0
148000, 4049243, 1, 0, 0
149000, 4009451, 1, 0, 0
150000, 4219910, 1, 0, 0
151000, 4115335, 1, 0, 0
152000, 4335984, 1, 0, 0
153000, 4083589, 1, 0, 0
154003, 4199799, 1, 0, 0
155000, 4282842, 1, 0, 0
156000, 3919436, 1, 0, 0
157001, 4397562, 1, 0, 0
158000, 4085048, 1, 0, 0
159000, 4117083, 1, 0, 0
160000, 4096906, 1, 0, 0
161000, 4086653, 1, 0, 0
162000, 4205542, 1, 0, 0
163000, 4219017, 1, 0, 0
164000, 4298782, 1, 0, 0
165001, 4058375, 1, 0, 0
166000, 4182663, 1, 0, 0
167001, 4239671, 1, 0, 0
168000, 4276085, 1, 0, 0
169000, 3929658, 1, 0, 0
170001, 4282610, 1, 0, 0
171000, 4159983, 1, 0, 0
172003, 3954267, 1, 0, 0
173000, 4358565, 1, 0, 0
174000, 4182678, 1, 0, 0
175001, 4269561, 1, 0, 0
176000, 4395455, 1, 0, 0
177000, 4206943, 1, 0, 0
178000, 4036568, 1, 0, 0
179000, 4135189, 1, 0, 0
180000, 4131278, 1, 0, 0
180001, 2279848, 1, 0, 0
