1001, 2200, 0, 0, 0
2001, 2128, 0, 0, 0
3000, 2230, 0, 0, 0
4005, 2252, 0, 0, 0
5001, 2268, 0, 0, 0
6000, 2301, 0, 0, 0
7005, 2236, 0, 0, 0
8000, 2365, 0, 0, 0
9001, 2215, 0, 0, 0
10000, 2203, 0, 0, 0
11001, 2297, 0, 0, 0
12008, 2096, 0, 0, 0
13000, 2159, 0, 0, 0
14000, 2068, 0, 0, 0
15000, 2159, 0, 0, 0
16004, 2123, 0, 0, 0
17000, 2170, 0, 0, 0
18000, 2113, 0, 0, 0
19000, 2101, 0, 0, 0
20000, 2274, 0, 0, 0
21004, 2251, 0, 0, 0
22000, 2188, 0, 0, 0
23005, 2073, 0, 0, 0
24000, 2047, 0, 0, 0
25006, 2170, 0, 0, 0
26000, 2228, 0, 0, 0
27000, 2224, 0, 0, 0
28004, 2151, 0, 0, 0
29001, 2109, 0, 0, 0
30001, 2158, 0, 0, 0
31001, 2147, 0, 0, 0
32004, 2219, 0, 0, 0
33000, 2069, 0, 0, 0
34000, 2053, 0, 0, 0
35002, 2120, 0, 0, 0
36000, 2108, 0, 0, 0
37006, 2130, 0, 0, 0
38000, 2105, 0, 0, 0
39000, 2052, 0, 0, 0
40006, 2167, 0, 0, 0
41000, 2041, 0, 0, 0
42000, 2088, 0, 0, 0
43007, 2089, 0, 0, 0
44001, 2116, 0, 0, 0
45000, 2125, 0, 0, 0
46001, 2162, 0, 0, 0
47000, 2137, 0, 0, 0
48000, 2102, 0, 0, 0
49007, 2152, 0, 0, 0
50000, 2042, 0, 0, 0
51000, 2126, 0, 0, 0
52002, 2205, 0, 0, 0
53000, 2180, 0, 0, 0
54000, 2153, 0, 0, 0
55002, 2114, 0, 0, 0
56000, 2252, 0, 0, 0
57004, 2130, 0, 0, 0
58000, 2089, 0, 0, 0
59000, 2168, 0, 0, 0
60005, 2093, 0, 0, 0
61000, 2106, 0, 0, 0
62000, 2218, 0, 0, 0
63000, 2119, 0, 0, 0
64004, 2249, 0, 0, 0
65000, 2249, 0, 0, 0
66000, 2151, 0, 0, 0
67001, 2138, 0, 0, 0
68000, 2144, 0, 0, 0
69003, 2167, 0, 0, 0
70000, 2091, 0, 0, 0
71000, 2241, 0, 0, 0
72002, 2210, 0, 0, 0
73000, 2238, 0, 0, 0
74000, 2120, 0, 0, 0
75000, 2034, 0, 0, 0
76001, 2109, 0, 0, 0
77000, 2241, 0, 0, 0
78002, 2149, 0, 0, 0
79000, 2188, 0, 0, 0
80005, 2136, 0, 0, 0
81000, 2212, 0, 0, 0
82000, 2093, 0, 0, 0
83000, 2074, 0, 0, 0
84000, 2101, 0, 0, 0
85007, 2141, 0, 0, 0
86001, 2172, 0, 0, 0
87000, 2024, 0, 0, 0
88000, 2015, 0, 0, 0
89000, 2070, 0, 0, 0
90000, 2116, 0, 0, 0
91005, 2042, 0, 0, 0
92000, 2081, 0, 0, 0
93000, 2199, 0, 0, 0
94006, 2101, 0, 0, 0
95001, 2204, 0, 0, 0
96007, 2126, 0, 0, 0
97001, 2144, 0, 0, 0
98000, 2106, 0, 0, 0
99000, 2089, 0, 0, 0
100000, 2103, 0, 0, 0
101000, 2082, 0, 0, 0
102000, 2087, 0, 0, 0
103002, 2036, 0, 0, 0
104000, 2139, 0, 0, 0
105000, 2156, 0, 0, 0
106005, 2091, 0, 0, 0
107000, 2262, 0, 0, 0
108000, 2190, 0, 0, 0
109001, 2090, 0, 0, 0
110000, 2188, 0, 0, 0
111003, 2147, 0, 0, 0
112000, 2340, 0, 0, 0
113000, 2213, 0, 0, 0
114000, 2263, 0, 0, 0
115002, 2208, 0, 0, 0
116000, 2070, 0, 0, 0
117000, 2314, 0, 0, 0
118006, 2032, 0, 0, 0
119000, 2185, 0, 0, 0
120000, 1907, 0, 0, 0
121000, 2003, 0, 0, 0
122000, 2039, 0, 0, 0
123005, 1987, 0, 0, 0
124001, 2136, 0, 0, 0
125001, 2131, 0, 0, 0
126000, 2072, 0, 0, 0
127000, 2117, 0, 0, 0
128000, 2036, 0, 0, 0
129000, 2078, 0, 0, 0
130000, 2195, 0, 0, 0
131000, 2123, 0, 0, 0
132001, 2065, 0, 0, 0
133000, 2114, 0, 0, 0
134004, 2143, 0, 0, 0
135000, 2233, 0, 0, 0
136000, 2247, 0, 0, 0
137000, 2110, 0, 0, 0
138000, 2131, 0, 0, 0
139001, 2072, 0, 0, 0
140000, 2049, 0, 0, 0
141000, 2175, 0, 0, 0
142001, 1986, 0, 0, 0
143001, 2005, 0, 0, 0
144000, 2323, 0, 0, 0
145003, 2054, 0, 0, 0
146000, 2075, 0, 0, 0
147000, 2294, 0, 0, 0
148000, 2039, 0, 0, 0
149001, 2038, 0, 0, 0
150000, 2085, 0, 0, 0
151005, 2161, 0, 0, 0
152000, 2213, 0, 0, 0
153000, 2183, 0, 0, 0
154004, 2006, 0, 0, 0
155000, 2071, 0, 0, 0
156001, 2100, 0, 0, 0
157004, 2012, 0, 0, 0
158001, 2184, 0, 0, 0
159000, 2150, 0, 0, 0
160005, 2200, 0, 0, 0
161000, 2045, 0, 0, 0
162000, 2157, 0, 0, 0
163006, 2255, 0, 0, 0
164000, 2117, 0, 0, 0
165000, 2224, 0, 0, 0
166004, 2149, 0, 0, 0
167000, 2333, 0, 0, 0
168000, 2050, 0, 0, 0
169004, 2178, 0, 0, 0
170000, 2216, 0, 0, 0
171000, 2127, 0, 0, 0
172000, 2111, 0, 0, 0
173001, 2313, 0, 0, 0
174000, 2251, 0, 0, 0
175005, 2032, 0, 0, 0
176001, 2053, 0, 0, 0
177000, 2273, 0, 0, 0
178002, 2131, 0, 0, 0
179000, 2133, 0, 0, 0
180008, 2335, 0, 0, 0
