1001, 3689512, 0, 0, 0
2033, 4190613, 0, 0, 0
3001, 4134760, 0, 0, 0
4000, 4101789, 0, 0, 0
5018, 4123641, 0, 0, 0
6000, 4286396, 0, 0, 0
7000, 4044834, 0, 0, 0
8025, 4165541, 0, 0, 0
9001, 4173245, 0, 0, 0
10032, 4093305, 0, 0, 0
11001, 4167764, 0, 0, 0
12000, 4093536, 0, 0, 0
13019, 4063201, 0, 0, 0
14027, 4144370, 0, 0, 0
15021, 4273700, 0, 0, 0
16018, 4170496, 0, 0, 0
17000, 4143874, 0, 0, 0
18001, 4065485, 0, 0, 0
19018, 4122425, 0, 0, 0
20000, 4189694, 0, 0, 0
21019, 4211578, 0, 0, 0
22030, 4138031, 0, 0, 0
23018, 4065040, 0, 0, 0
24021, 4062624, 0, 0, 0
25000, 4168244, 0, 0, 0
26001, 4082529, 0, 0, 0
27018, 4174862, 0, 0, 0
28031, 4209613, 0, 0, 0
29012, 4493938, 0, 0, 0
30001, 4077164, 0, 0, 0
31000, 4205044, 0, 0, 0
32018, 4202451, 0, 0, 0
33000, 4295013, 0, 0, 0
34019, 4225392, 0, 0, 0
35031, 4196090, 0, 0, 0
36025, 4151942, 0, 0, 0
37019, 4238080, 0, 0, 0
38029, 4155731, 0, 0, 0
39000, 4085905, 0, 0, 0
40020, 4170594, 0, 0, 0
41030, 4142211, 0, 0, 0
42000, 4091831, 0, 0, 0
43021, 4297056, 0, 0, 0
44018, 4046366, 0, 0, 0
45001, 4170755, 0, 0, 0
46001, 4164572, 0, 0, 0
47018, 4174695, 0, 0, 0
48000, 4231273, 0, 0, 0
49000, 4230651, 0, 0, 0
50018, 4162900, 0, 0, 0
51018, 4246115, 0, 0, 0
52000, 4327271, 0, 0, 0
53019, 4117946, 0, 0, 0
54030, 4232587, 0, 0, 0
55023, 4160114, 0, 0, 0
56020, 4171342, 0, 0, 0
57000, 4217238, 0, 0, 0
58017, 4147154, 0, 0, 0
59001, 4226959, 0, 0, 0
60021, 4177358, 0, 0, 0
61017, 4186267, 0, 0, 0
62000, 4286888, 0, 0, 0
63000, 4144483, 0, 0, 0
64000, 4190071, 0, 0, 0
65000, 4161925, 0, 0, 0
66017, 4164184, 0, 0, 0
67000, 4147383, 0, 0, 0
68020, 4078779, 0, 0, 0
69031, 4165492, 0, 0, 0
70001, 4226148, 0, 0, 0
71020, 4147807, 0, 0, 0
72001, 4204921, 0, 0, 0
73000, 4251932, 0, 0, 0
74030, 4157255, 0, 0, 0
75000, 4106937, 0, 0, 0
76018, 4188415, 0, 0, 0
77028, 4180239, 0, 0, 0
78023, 4147026, 0, 0, 0
79032, 4172747, 0, 0, 0
80019, 4161063, 0, 0, 0
81018, 4186627, 0, 0, 0
82001, 4129544, 0, 0, 0
83019, 4117029, 0, 0, 0
84000, 4120734, 0, 0, 0
85000, 4074925, 0, 0, 0
86029, 4183733, 0, 0, 0
87000, 4165469, 0, 0, 0
88032, 4241732, 0, 0, 0
89000, 4198234, 0, 0, 0
90020, 4132746, 0, 0, 0
91001, 4166815, 0, 0, 0
92025, 4186714, 0, 0, 0
93018, 4212924, 0, 0, 0
94001, 4080093, 0, 0, 0
95022, 4206978, 0, 0, 0
96018, 3924981, 0, 0, 0
97000, 4141009, 0, 0, 0
98018, 4240667, 0, 0, 0
99000, 4213689, 0, 0, 0
100022, 4183464, 0, 0, 0
101019, 4180203, 0, 0, 0
102000, 4142808, 0, 0, 0
103019, 4232836, 0, 0, 0
104028, 4237738, 0, 0, 0
105000, 4214522, 0, 0, 0
106020, 4158733, 0, 0, 0
107000, 4148660, 0, 0, 0
108018, 4263395, 0, 0, 0
109028, 4191079, 0, 0, 0
110000, 4186755, 0, 0, 0
111032, 4147536, 0, 0, 0
112001, 4108463, 0, 0, 0
113020, 4089829, 0, 0, 0
114030, 4258143, 0, 0, 0
115025, 4181503, 0, 0, 0
116019, 4169080, 0, 0, 0
117000, 4198154, 0, 0, 0
118022, 4171831, 0, 0, 0
119018, 4133726, 0, 0, 0
120000, 4170146, 0, 0, 0
121020, 4199621, 0, 0, 0
122019, 4068112, 0, 0, 0
123001, 4192106, 0, 0, 0
124018, 4160551, 0, 0, 0
125002, 4193301, 0, 0, 0
126000, 4277886, 0, 0, 0
127000, 4207324, 0, 0, 0
128031, 4339244, 0, 0, 0
129000, 4198153, 0, 0, 0
130017, 4252076, 0, 0, 0
131001, 4151053, 0, 0, 0
132020, 4228940, 0, 0, 0
133024, 4140861, 0, 0, 0
134000, 4213241, 0, 0, 0
135017, 4181522, 0, 0, 0
136024, 4201815, 0, 0, 0
137018, 4182212, 0, 0, 0
138023, 4214296, 0, 0, 0
139001, 4192484, 0, 0, 0
140021, 4184942, 0, 0, 0
141019, 4139670, 0, 0, 0
142024, 4132323, 0, 0, 0
143018, 4022251, 0, 0, 0
144021, 3987988, 0, 0, 0
145021, 4056486, 0, 0, 0
146018, 4103207, 0, 0, 0
147001, 4221551, 0, 0, 0
148019, 4213292, 0, 0, 0
149001, 4139952, 0, 0, 0
150019, 4233381, 0, 0, 0
151018, 4195706, 0, 0, 0
152000, 4146557, 0, 0, 0
153020, 4156362, 0, 0, 0
154000, 4270950, 0, 0, 0
155021, 4271191, 0, 0, 0
156021, 4186758, 0, 0, 0
157000, 4198550, 0, 0, 0
158019, 4278892, 0, 0, 0
159030, 4166431, 0, 0, 0
160001, 4083603, 0, 0, 0
161019, 4204536, 0, 0, 0
162001, 4183970, 0, 0, 0
163000, 4068089, 0, 0, 0
164031, 4223423, 0, 0, 0
165000, 4181542, 0, 0, 0
166017, 4164784, 0, 0, 0
167022, 4355291, 0, 0, 0
168000, 4214342, 0, 0, 0
169018, 4243200, 0, 0, 0
170030, 4134220, 0, 0, 0
171000, 4132761, 0, 0, 0
172020, 4169697, 0, 0, 0
173009, 4193420, 0, 0, 0
174030, 4135397, 0, 0, 0
175000, 4122600, 0, 0, 0
176019, 4277186, 0, 0, 0
177000, 4155007, 0, 0, 0
178000, 4129044, 0, 0, 0
179016, 4223451, 0, 0, 0
180002, 4230066, 0, 0, 0
180002, 2984256, 0, 0, 0
