1000, 8444, 1, 0, 0
2000, 8186, 1, 0, 0
3000, 8464, 1, 0, 0
4000, 8908, 1, 0, 0
5000, 8673, 1, 0, 0
6000, 8675, 1, 0, 0
7000, 8603, 1, 0, 0
8000, 8835, 1, 0, 0
9000, 9066, 1, 0, 0
10000, 8782, 1, 0, 0
11000, 8680, 1, 0, 0
12000, 8601, 1, 0, 0
13001, 8739, 1, 0, 0
14000, 8383, 1, 0, 0
15000, 8544, 1, 0, 0
16000, 8985, 1, 0, 0
17000, 8655, 1, 0, 0
18000, 8582, 1, 0, 0
19000, 8725, 1, 0, 0
20000, 8895, 1, 0, 0
21000, 8974, 1, 0, 0
22000, 8768, 1, 0, 0
23000, 9039, 1, 0, 0
24000, 8627, 1, 0, 0
25000, 8604, 1, 0, 0
26000, 8400, 1, 0, 0
27000, 8858, 1, 0, 0
28000, 8880, 1, 0, 0
29000, 8563, 1, 0, 0
30000, 8630, 1, 0, 0
31000, 8654, 1, 0, 0
32000, 8882, 1, 0, 0
33000, 8904, 1, 0, 0
34000, 8443, 1, 0, 0
35000, 8403, 1, 0, 0
36000, 8336, 1, 0, 0
37000, 8688, 1, 0, 0
38000, 8601, 1, 0, 0
39000, 9003, 1, 0, 0
40000, 8444, 1, 0, 0
41000, 8421, 1, 0, 0
42000, 8861, 1, 0, 0
43001, 9133, 1, 0, 0
44000, 8361, 1, 0, 0
45000, 8722, 1, 0, 0
46000, 8488, 1, 0, 0
47000, 8759, 1, 0, 0
48000, 8883, 1, 0, 0
49000, 8719, 1, 0, 0
50000, 8554, 1, 0, 0
51000, 8667, 1, 0, 0
52001, 8448, 1, 0, 0
53000, 8989, 1, 0, 0
54000, 8736, 1, 0, 0
55000, 8580, 1, 0, 0
56000, 8426, 1, 0, 0
57000, 8237, 1, 0, 0
58000, 8753, 1, 0, 0
59000, 8792, 1, 0, 0
60000, 8662, 1, 0, 0
61001, 8451, 1, 0, 0
62000, 8538, 1, 0, 0
63000, 8576, 1, 0, 0
64000, 9129, 1, 0, 0
65000, 8683, 1, 0, 0
66000, 8898, 1, 0, 0
67000, 8673, 1, 0, 0
68000, 8196, 1, 0, 0
69000, 8810, 1, 0, 0
70000, 8618, 1, 0, 0
71000, 8443, 1, 0, 0
72000, 8648, 1, 0, 0
73000, 8748, 1, 0, 0
74000, 8927, 1, 0, 0
75000, 8980, 1, 0, 0
76000, 8687, 1, 0, 0
77000, 8743, 1, 0, 0
78000, 9049, 1, 0, 0
79000, 8719, 1, 0, 0
80000, 8907, 1, 0, 0
81000, 8803, 1, 0, 0
82000, 9006, 1, 0, 0
83000, 8751, 1, 0, 0
84000, 8541, 1, 0, 0
85000, 8862, 1, 0, 0
86000, 9172, 1, 0, 0
87000, 9050, 1, 0, 0
88000, 8810, 1, 0, 0
89000, 8994, 1, 0, 0
90000, 9080, 1, 0, 0
91000, 8942, 1, 0, 0
92000, 9016, 1, 0, 0
93000, 9028, 1, 0, 0
94000, 9115, 1, 0, 0
95000, 9049, 1, 0, 0
96000, 9083, 1, 0, 0
97000, 8611, 1, 0, 0
98000, 8888, 1, 0, 0
99000, 8963, 1, 0, 0
100000, 8742, 1, 0, 0
101000, 9118, 1, 0, 0
102000, 9225, 1, 0, 0
103000, 8693, 1, 0, 0
104000, 9143, 1, 0, 0
105000, 8830, 1, 0, 0
106000, 9072, 1, 0, 0
107000, 8761, 1, 0, 0
108000, 8640, 1, 0, 0
109000, 8827, 1, 0, 0
110000, 9059, 1, 0, 0
111000, 8933, 1, 0, 0
112000, 8941, 1, 0, 0
113000, 9076, 1, 0, 0
114000, 9051, 1, 0, 0
115000, 8759, 1, 0, 0
116000, 8909, 1, 0, 0
117000, 8653, 1, 0, 0
118000, 8873, 1, 0, 0
119000, 8751, 1, 0, 0
120001, 8872, 1, 0, 0
121000, 8602, 1, 0, 0
122000, 8643, 1, 0, 0
123000, 8764, 1, 0, 0
124000, 8732, 1, 0, 0
125000, 8950, 1, 0, 0
126000, 9172, 1, 0, 0
127000, 8936, 1, 0, 0
128000, 9109, 1, 0, 0
129000, 8973, 1, 0, 0
130000, 8939, 1, 0, 0
131000, 8642, 1, 0, 0
132000, 8648, 1, 0, 0
133000, 8771, 1, 0, 0
134000, 8953, 1, 0, 0
135000, 9191, 1, 0, 0
136000, 9026, 1, 0, 0
137000, 8925, 1, 0, 0
138000, 9075, 1, 0, 0
139000, 8895, 1, 0, 0
140000, 8749, 1, 0, 0
141000, 9014, 1, 0, 0
142000, 9056, 1, 0, 0
143000, 8998, 1, 0, 0
144000, 8762, 1, 0, 0
145000, 8854, 1, 0, 0
146000, 9175, 1, 0, 0
147000, 8967, 1, 0, 0
148000, 9174, 1, 0, 0
149000, 9064, 1, 0, 0
150000, 8950, 1, 0, 0
151000, 9030, 1, 0, 0
152000, 8969, 1, 0, 0
153000, 8922, 1, 0, 0
154000, 8998, 1, 0, 0
155000, 8823, 1, 0, 0
156000, 8735, 1, 0, 0
157000, 8960, 1, 0, 0
158000, 9013, 1, 0, 0
159000, 9069, 1, 0, 0
160000, 8607, 1, 0, 0
161000, 8796, 1, 0, 0
162000, 8799, 1, 0, 0
163000, 8790, 1, 0, 0
164000, 8636, 1, 0, 0
165000, 8775, 1, 0, 0
166000, 9161, 1, 0, 0
167000, 7533, 1, 0, 0
168000, 8799, 1, 0, 0
169000, 7757, 1, 0, 0
170000, 8463, 1, 0, 0
171000, 8691, 1, 0, 0
172000, 8811, 1, 0, 0
173000, 7908, 1, 0, 0
174000, 8680, 1, 0, 0
175000, 8948, 1, 0, 0
176000, 9030, 1, 0, 0
177000, 8843, 1, 0, 0
178000, 8736, 1, 0, 0
179000, 8686, 1, 0, 0
180000, 8426, 1, 0, 0
