1022, 14546341, 0, 0, 0
2018, 16480000, 0, 0, 0
3030, 17063012, 0, 0, 0
4017, 16609045, 0, 0, 0
5020, 16665563, 0, 0, 0
6022, 16647299, 0, 0, 0
7021, 16730948, 0, 0, 0
8032, 16581629, 0, 0, 0
9027, 16963961, 0, 0, 0
10022, 16646485, 0, 0, 0
11031, 16664873, 0, 0, 0
12021, 16790241, 0, 0, 0
13021, 16775381, 0, 0, 0
14018, 16902197, 0, 0, 0
15018, 16750406, 0, 0, 0
16022, 16894716, 0, 0, 0
17018, 16634060, 0, 0, 0
18030, 16861403, 0, 0, 0
19026, 16685607, 0, 0, 0
20020, 16697525, 0, 0, 0
21032, 16622683, 0, 0, 0
22016, 16794413, 0, 0, 0
23023, 16631792, 0, 0, 0
24018, 16658252, 0, 0, 0
25019, 16704229, 0, 0, 0
26028, 16849000, 0, 0, 0
27025, 16620013, 0, 0, 0
28018, 16692325, 0, 0, 0
29028, 16725733, 0, 0, 0
30022, 16942866, 0, 0, 0
31018, 16628472, 0, 0, 0
32023, 16719521, 0, 0, 0
33022, 16925409, 0, 0, 0
34019, 16736167, 0, 0, 0
35028, 16925608, 0, 0, 0
36020, 16669496, 0, 0, 0
37031, 16600543, 0, 0, 0
38025, 16875661, 0, 0, 0
39017, 16684918, 0, 0, 0
40028, 16867289, 0, 0, 0
41023, 16862229, 0, 0, 0
42018, 16765254, 0, 0, 0
43030, 16556156, 0, 0, 0
44018, 16733573, 0, 0, 0
45018, 16874330, 0, 0, 0
46017, 16948988, 0, 0, 0
47021, 16604222, 0, 0, 0
48018, 16524197, 0, 0, 0
49017, 16655347, 0, 0, 0
50024, 16405028, 0, 0, 0
51018, 16594454, 0, 0, 0
52026, 16683567, 0, 0, 0
53023, 16398258, 0, 0, 0
54032, 16953562, 0, 0, 0
55026, 16986235, 0, 0, 0
56018, 16661909, 0, 0, 0
57030, 16847611, 0, 0, 0
58024, 16967770, 0, 0, 0
59018, 16587108, 0, 0, 0
60025, 16764330, 0, 0, 0
61023, 16905603, 0, 0, 0
62017, 16568201, 0, 0, 0
63027, 16846213, 0, 0, 0
64020, 16658872, 0, 0, 0
65029, 16871313, 0, 0, 0
66018, 16506919, 0, 0, 0
67018, 16740103, 0, 0, 0
68026, 16908824, 0, 0, 0
69021, 16426611, 0, 0, 0
70016, 16550216, 0, 0, 0
71019, 16775652, 0, 0, 0
72023, 16543493, 0, 0, 0
73018, 16602341, 0, 0, 0
74028, 16843465, 0, 0, 0
75024, 16615254, 0, 0, 0
76017, 16637398, 0, 0, 0
77028, 16698048, 0, 0, 0
78023, 16638208, 0, 0, 0
79019, 16728734, 0, 0, 0
80024, 16844266, 0, 0, 0
81018, 16705474, 0, 0, 0
82017, 16630306, 0, 0, 0
83028, 16847113, 0, 0, 0
84022, 16921151, 0, 0, 0
85017, 16578726, 0, 0, 0
86029, 16833323, 0, 0, 0
87026, 16701785, 0, 0, 0
88022, 16685900, 0, 0, 0
89016, 16612291, 0, 0, 0
90022, 16852869, 0, 0, 0
91021, 16690270, 0, 0, 0
92020, 16650414, 0, 0, 0
93022, 16866926, 0, 0, 0
94031, 16593432, 0, 0, 0
95022, 16863951, 0, 0, 0
96018, 16701595, 0, 0, 0
97019, 16883428, 0, 0, 0
98023, 16617361, 0, 0, 0
99018, 16527149, 0, 0, 0
100029, 16925215, 0, 0, 0
101022, 16682654, 0, 0, 0
102019, 16420107, 0, 0, 0
103029, 16828421, 0, 0, 0
104018, 16654112, 0, 0, 0
105018, 16741862, 0, 0, 0
106028, 16979061, 0, 0, 0
107019, 16474471, 0, 0, 0
108018, 16803802, 0, 0, 0
109018, 16610202, 0, 0, 0
110023, 16914428, 0, 0, 0
111018, 16761822, 0, 0, 0
112024, 16681617, 0, 0, 0
113026, 16731023, 0, 0, 0
114020, 16351705, 0, 0, 0
115016, 16663257, 0, 0, 0
116017, 17011567, 0, 0, 0
117021, 16520201, 0, 0, 0
118019, 16648981, 0, 0, 0
119021, 16763196, 0, 0, 0
120030, 16537992, 0, 0, 0
121022, 17006279, 0, 0, 0
122032, 16582389, 0, 0, 0
123022, 16933429, 0, 0, 0
124017, 16806515, 0, 0, 0
125029, 16577496, 0, 0, 0
126023, 16725950, 0, 0, 0
127017, 16803721, 0, 0, 0
128029, 17046788, 0, 0, 0
129026, 16613072, 0, 0, 0
130018, 16844983, 0, 0, 0
131030, 16645277, 0, 0, 0
132024, 16600878, 0, 0, 0
133020, 16923114, 0, 0, 0
134025, 16622026, 0, 0, 0
135025, 16827060, 0, 0, 0
136019, 16638779, 0, 0, 0
137028, 16777660, 0, 0, 0
138020, 16683635, 0, 0, 0
139028, 16819182, 0, 0, 0
140024, 16622644, 0, 0, 0
141017, 16529106, 0, 0, 0
142028, 16887774, 0, 0, 0
143022, 16696187, 0, 0, 0
144017, 16461274, 0, 0, 0
145028, 16977137, 0, 0, 0
146023, 16611369, 0, 0, 0
147021, 16520504, 0, 0, 0
148025, 16880614, 0, 0, 0
149019, 16550462, 0, 0, 0
150030, 16613463, 0, 0, 0
151022, 16225172, 0, 0, 0
152017, 16567750, 0, 0, 0
153026, 16832547, 0, 0, 0
154020, 16466059, 0, 0, 0
155021, 16782086, 0, 0, 0
156025, 16888626, 0, 0, 0
157025, 16514459, 0, 0, 0
158020, 16764378, 0, 0, 0
159030, 16646077, 0, 0, 0
160026, 16769107, 0, 0, 0
161021, 16832519, 0, 0, 0
162031, 16735404, 0, 0, 0
163018, 16898469, 0, 0, 0
164020, 16694261, 0, 0, 0
165025, 16545480, 0, 0, 0
166023, 16784085, 0, 0, 0
167016, 16514698, 0, 0, 0
168019, 16739426, 0, 0, 0
169020, 16829028, 0, 0, 0
170028, 16596297, 0, 0, 0
171023, 16864392, 0, 0, 0
172023, 16809907, 0, 0, 0
173018, 16644899, 0, 0, 0
174029, 16666525, 0, 0, 0
175024, 16769108, 0, 0, 0
176017, 16626436, 0, 0, 0
177025, 16901018, 0, 0, 0
178018, 16620330, 0, 0, 0
179016, 16776816, 0, 0, 0
180021, 16530200, 0, 0, 0
180025, 39078739, 0, 0, 0
