1030, 59275347, 0, 0, 0
2024, 67411764, 0, 0, 0
3016, 66721389, 0, 0, 0
4027, 66938786, 0, 0, 0
5023, 66868800, 0, 0, 0
6018, 66567183, 0, 0, 0
7024, 66370018, 0, 0, 0
8019, 66960772, 0, 0, 0
9020, 67403409, 0, 0, 0
10016, 66685694, 0, 0, 0
11018, 67348847, 0, 0, 0
12019, 67037647, 0, 0, 0
13028, 66531803, 0, 0, 0
14022, 67768605, 0, 0, 0
15018, 66517084, 0, 0, 0
16028, 67524901, 0, 0, 0
17023, 66266364, 0, 0, 0
18016, 67411702, 0, 0, 0
19030, 66686071, 0, 0, 0
20025, 67518257, 0, 0, 0
21021, 66835794, 0, 0, 0
22030, 66655562, 0, 0, 0
23020, 67498526, 0, 0, 0
24018, 66754435, 0, 0, 0
25028, 67029463, 0, 0, 0
26022, 68351534, 0, 0, 0
27016, 67163827, 0, 0, 0
28023, 67140878, 0, 0, 0
29021, 66675311, 0, 0, 0
30015, 66611964, 0, 0, 0
31024, 67699042, 0, 0, 0
32018, 66543494, 0, 0, 0
33014, 66682529, 0, 0, 0
34015, 67390757, 0, 0, 0
35020, 66717024, 0, 0, 0
36030, 66515035, 0, 0, 0
37025, 67022303, 0, 0, 0
38022, 67345376, 0, 0, 0
39017, 66523480, 0, 0, 0
40030, 66544062, 0, 0, 0
41022, 67413416, 0, 0, 0
42015, 66381907, 0, 0, 0
43020, 67592343, 0, 0, 0
44018, 66320396, 0, 0, 0
45029, 66864921, 0, 0, 0
46019, 67553996, 0, 0, 0
47020, 66866412, 0, 0, 0
48016, 66736610, 0, 0, 0
49030, 67301467, 0, 0, 0
50025, 67061852, 0, 0, 0
51023, 66605285, 0, 0, 0
52017, 66573274, 0, 0, 0
53022, 67473428, 0, 0, 0
54021, 67301738, 0, 0, 0
55017, 66265272, 0, 0, 0
56028, 66683251, 0, 0, 0
57020, 67520906, 0, 0, 0
58019, 66564776, 0, 0, 0
59022, 66906577, 0, 0, 0
60018, 66071804, 0, 0, 0
61030, 67039137, 0, 0, 0
62025, 67419765, 0, 0, 0
63015, 66547913, 0, 0, 0
64015, 66641981, 0, 0, 0
65024, 67518359, 0, 0, 0
66014, 66552118, 0, 0, 0
67016, 66580776, 0, 0, 0
68022, 67604442, 0, 0, 0
69015, 66504861, 0, 0, 0
70026, 66811376, 0, 0, 0
71023, 67425429, 0, 0, 0
72018, 66873529, 0, 0, 0
73017, 66568306, 0, 0, 0
74022, 66859245, 0, 0, 0
75017, 66891960, 0, 0, 0
76028, 66792686, 0, 0, 0
77024, 67311723, 0, 0, 0
78019, 67038201, 0, 0, 0
79015, 66847523, 0, 0, 0
80025, 67339260, 0, 0, 0
81020, 66901513, 0, 0, 0
82015, 66472569, 0, 0, 0
83017, 66809051, 0, 0, 0
84021, 67487567, 0, 0, 0
85015, 66734313, 0, 0, 0
86022, 66915076, 0, 0, 0
87017, 67187678, 0, 0, 0
88016, 66738757, 0, 0, 0
89016, 66514062, 0, 0, 0
90020, 67308092, 0, 0, 0
91024, 66723464, 0, 0, 0
92023, 67732873, 0, 0, 0
93017, 66415671, 0, 0, 0
94015, 66784212, 0, 0, 0
95017, 67749301, 0, 0, 0
96017, 65800511, 0, 0, 0
97025, 67406611, 0, 0, 0
98019, 66786476, 0, 0, 0
99021, 66528180, 0, 0, 0
100023, 67949416, 0, 0, 0
101020, 66215586, 0, 0, 0
102020, 66652734, 0, 0, 0
103023, 67336157, 0, 0, 0
104016, 66492778, 0, 0, 0
105015, 66866869, 0, 0, 0
106019, 66861600, 0, 0, 0
107040, 70230080, 0, 0, 0
108022, 71671190, 0, 0, 0
109020, 66414598, 0, 0, 0
110017, 66376169, 0, 0, 0
111021, 67600779, 0, 0, 0
112014, 66589999, 0, 0, 0
113025, 66693760, 0, 0, 0
114020, 66833945, 0, 0, 0
115014, 66996076, 0, 0, 0
116017, 66774233, 0, 0, 0
117022, 67946118, 0, 0, 0
118016, 66617470, 0, 0, 0
119027, 67363217, 0, 0, 0
120022, 66443187, 0, 0, 0
121030, 66564540, 0, 0, 0
122003, 67629645, 0, 0, 0
123016, 66640094, 0, 0, 0
124003, 67557705, 0, 0, 0
125017, 66210224, 0, 0, 0
126027, 66862274, 0, 0, 0
127021, 67329086, 0, 0, 0
128015, 66617155, 0, 0, 0
129027, 66768175, 0, 0, 0
130022, 67048314, 0, 0, 0
131016, 66945110, 0, 0, 0
132026, 67171961, 0, 0, 0
133017, 66904827, 0, 0, 0
134015, 67556738, 0, 0, 0
135018, 66169967, 0, 0, 0
136022, 66950176, 0, 0, 0
137023, 66833819, 0, 0, 0
138016, 66992510, 0, 0, 0
139026, 67121417, 0, 0, 0
140019, 66510799, 0, 0, 0
141014, 66628647, 0, 0, 0
142013, 67504673, 0, 0, 0
143019, 66780513, 0, 0, 0
144016, 66528972, 0, 0, 0
145026, 67393369, 0, 0, 0
146023, 67081589, 0, 0, 0
147016, 66347146, 0, 0, 0
148025, 66739813, 0, 0, 0
149018, 67312921, 0, 0, 0
150029, 66446844, 0, 0, 0
151020, 67070143, 0, 0, 0
152017, 67183036, 0, 0, 0
153027, 66486917, 0, 0, 0
154021, 67256770, 0, 0, 0
155017, 66865463, 0, 0, 0
156015, 66723226, 0, 0, 0
157026, 67600070, 0, 0, 0
158021, 66457477, 0, 0, 0
159015, 66701777, 0, 0, 0
160028, 66839587, 0, 0, 0
161024, 67634070, 0, 0, 0
162016, 66359831, 0, 0, 0
163017, 66860690, 0, 0, 0
164020, 67524952, 0, 0, 0
165015, 66925624, 0, 0, 0
166016, 66678570, 0, 0, 0
167019, 67532847, 0, 0, 0
168030, 66750136, 0, 0, 0
169000, 67639908, 0, 0, 0
170022, 66623781, 0, 0, 0
171016, 66814564, 0, 0, 0
172027, 66648233, 0, 0, 0
173021, 66983402, 0, 0, 0
174019, 66605270, 0, 0, 0
175015, 67066305, 0, 0, 0
176026, 67581278, 0, 0, 0
177016, 66315983, 0, 0, 0
178014, 66901324, 0, 0, 0
179027, 66742322, 0, 0, 0
180016, 67757288, 0, 0, 0
180072, 103740247, 0, 0, 0
