1000, 1744, 1, 0, 0
2000, 1815, 1, 0, 0
3000, 1920, 1, 0, 0
4000, 1945, 1, 0, 0
5000, 1959, 1, 0, 0
6000, 1901, 1, 0, 0
7000, 1814, 1, 0, 0
8000, 1847, 1, 0, 0
9000, 1836, 1, 0, 0
10000, 1879, 1, 0, 0
11000, 1840, 1, 0, 0
12000, 1871, 1, 0, 0
13000, 1889, 1, 0, 0
14000, 1901, 1, 0, 0
15000, 1859, 1, 0, 0
16001, 1939, 1, 0, 0
17001, 1843, 1, 0, 0
18000, 1839, 1, 0, 0
19000, 1848, 1, 0, 0
20000, 1857, 1, 0, 0
21000, 1846, 1, 0, 0
22000, 1923, 1, 0, 0
23000, 1882, 1, 0, 0
24000, 1866, 1, 0, 0
25000, 1923, 1, 0, 0
26000, 1915, 1, 0, 0
27000, 1860, 1, 0, 0
28000, 1881, 1, 0, 0
29000, 1881, 1, 0, 0
30000, 1817, 1, 0, 0
31000, 1843, 1, 0, 0
32000, 1832, 1, 0, 0
33002, 1913, 1, 0, 0
34000, 1854, 1, 0, 0
35003, 1792, 1, 0, 0
36000, 1817, 1, 0, 0
37000, 1850, 1, 0, 0
38000, 1863, 1, 0, 0
39000, 1843, 1, 0, 0
40000, 1826, 1, 0, 0
41001, 1790, 1, 0, 0
42000, 1794, 1, 0, 0
43002, 1737, 1, 0, 0
44001, 1831, 1, 0, 0
45000, 1808, 1, 0, 0
46000, 1761, 1, 0, 0
47000, 1773, 1, 0, 0
48000, 1806, 1, 0, 0
49000, 1793, 1, 0, 0
50000, 1825, 1, 0, 0
51000, 1774, 1, 0, 0
52000, 1798, 1, 0, 0
53000, 1824, 1, 0, 0
54000, 1793, 1, 0, 0
55000, 1824, 1, 0, 0
56000, 1801, 1, 0, 0
57000, 1803, 1, 0, 0
58000, 1850, 1, 0, 0
59000, 1807, 1, 0, 0
60000, 1854, 1, 0, 0
61001, 1781, 1, 0, 0
62000, 1790, 1, 0, 0
63000, 1810, 1, 0, 0
64000, 1749, 1, 0, 0
65000, 1731, 1, 0, 0
66000, 1771, 1, 0, 0
67000, 1835, 1, 0, 0
68000, 1837, 1, 0, 0
69000, 1765, 1, 0, 0
70001, 1812, 1, 0, 0
71000, 1801, 1, 0, 0
72000, 1809, 1, 0, 0
73000, 1823, 1, 0, 0
74000, 1813, 1, 0, 0
75000, 1820, 1, 0, 0
76000, 1859, 1, 0, 0
77000, 1890, 1, 0, 0
78000, 1822, 1, 0, 0
79000, 1809, 1, 0, 0
80000, 1782, 1, 0, 0
81000, 1863, 1, 0, 0
82003, 1823, 1, 0, 0
83000, 1832, 1, 0, 0
84000, 1855, 1, 0, 0
85000, 1808, 1, 0, 0
86000, 1836, 1, 0, 0
87000, 1845, 1, 0, 0
88000, 1753, 1, 0, 0
89000, 1760, 1, 0, 0
90000, 1789, 1, 0, 0
91000, 1810, 1, 0, 0
92000, 1798, 1, 0, 0
93000, 1782, 1, 0, 0
94000, 1818, 1, 0, 0
95003, 1775, 1, 0, 0
96000, 1779, 1, 0, 0
97000, 1755, 1, 0, 0
98001, 1760, 1, 0, 0
99000, 1715, 1, 0, 0
100000, 1752, 1, 0, 0
101004, 1729, 1, 0, 0
102000, 1755, 1, 0, 0
103000, 1775, 1, 0, 0
104000, 1870, 1, 0, 0
105000, 1861, 1, 0, 0
106000, 1804, 1, 0, 0
107000, 1792, 1, 0, 0
108000, 1805, 1, 0, 0
109000, 1824, 1, 0, 0
110000, 1774, 1, 0, 0
111000, 1761, 1, 0, 0
112002, 1760, 1, 0, 0
113000, 1827, 1, 0, 0
114000, 1871, 1, 0, 0
115000, 1842, 1, 0, 0
116000, 1789, 1, 0, 0
117004, 1797, 1, 0, 0
118000, 1777, 1, 0, 0
119000, 1837, 1, 0, 0
120000, 1796, 1, 0, 0
121000, 1775, 1, 0, 0
122000, 1757, 1, 0, 0
123000, 1864, 1, 0, 0
124000, 1800, 1, 0, 0
125000, 1851, 1, 0, 0
126000, 1796, 1, 0, 0
127000, 1799, 1, 0, 0
128000, 1814, 1, 0, 0
129000, 1785, 1, 0, 0
130000, 1748, 1, 0, 0
131000, 2017, 1, 0, 0
132000, 1813, 1, 0, 0
133000, 1838, 1, 0, 0
134000, 1846, 1, 0, 0
135000, 1874, 1, 0, 0
136000, 1787, 1, 0, 0
137000, 1768, 1, 0, 0
138000, 1821, 1, 0, 0
139000, 1836, 1, 0, 0
140000, 1762, 1, 0, 0
141000, 1746, 1, 0, 0
142063, 1737, 1, 0, 0
143000, 1828, 1, 0, 0
144001, 1769, 1, 0, 0
145001, 1783, 1, 0, 0
146000, 1788, 1, 0, 0
147000, 1807, 1, 0, 0
148000, 1840, 1, 0, 0
149001, 1801, 1, 0, 0
150000, 1792, 1, 0, 0
151000, 1771, 1, 0, 0
152001, 1793, 1, 0, 0
153000, 1837, 1, 0, 0
154000, 1865, 1, 0, 0
155000, 1844, 1, 0, 0
156000, 1836, 1, 0, 0
157000, 1844, 1, 0, 0
158000, 1906, 1, 0, 0
159005, 1813, 1, 0, 0
160000, 1799, 1, 0, 0
161004, 1791, 1, 0, 0
162000, 1809, 1, 0, 0
163000, 1860, 1, 0, 0
164000, 1811, 1, 0, 0
165000, 1798, 1, 0, 0
166002, 1727, 1, 0, 0
167000, 1813, 1, 0, 0
168000, 1786, 1, 0, 0
169000, 1780, 1, 0, 0
170000, 1774, 1, 0, 0
171002, 1806, 1, 0, 0
172000, 1804, 1, 0, 0
173000, 1736, 1, 0, 0
174000, 1751, 1, 0, 0
175000, 1790, 1, 0, 0
176000, 1801, 1, 0, 0
177000, 1806, 1, 0, 0
178000, 1796, 1, 0, 0
179000, 1784, 1, 0, 0
180000, 1809, 1, 0, 0
