1006, 60506934, 1, 0, 0
2000, 65551150, 1, 0, 0
3000, 66427575, 1, 0, 0
4001, 66298021, 1, 0, 0
5005, 66611790, 1, 0, 0
6002, 66534183, 1, 0, 0
7009, 66982619, 1, 0, 0
8002, 65954535, 1, 0, 0
9003, 66434201, 1, 0, 0
10005, 67811677, 1, 0, 0
11001, 66282627, 1, 0, 0
12000, 66801305, 1, 0, 0
13000, 67225528, 1, 0, 0
14000, 68003070, 1, 0, 0
15000, 66647353, 1, 0, 0
16007, 67120812, 1, 0, 0
17002, 67384025, 1, 0, 0
18000, 65533172, 1, 0, 0
19000, 67169125, 1, 0, 0
20002, 67031613, 1, 0, 0
21000, 66180628, 1, 0, 0
22000, 66622473, 1, 0, 0
23003, 67477535, 1, 0, 0
24001, 67585870, 1, 0, 0
25001, 67288018, 1, 0, 0
26001, 67409308, 1, 0, 0
27002, 67030998, 1, 0, 0
28002, 66701267, 1, 0, 0
29005, 66461064, 1, 0, 0
30001, 66604726, 1, 0, 0
31002, 66849855, 1, 0, 0
32004, 67716395, 1, 0, 0
33000, 66418554, 1, 0, 0
34000, 66006669, 1, 0, 0
35006, 66936047, 1, 0, 0
36003, 67688986, 1, 0, 0
37000, 65846067, 1, 0, 0
38001, 68606993, 1, 0, 0
39003, 66583106, 1, 0, 0
40000, 68439156, 1, 0, 0
41000, 66534645, 1, 0, 0
42004, 66889266, 1, 0, 0
43000, 67357345, 1, 0, 0
44000, 66732512, 1, 0, 0
45003, 67209583, 1, 0, 0
46000, 66613034, 1, 0, 0
47001, 66390181, 1, 0, 0
48001, 66737691, 1, 0, 0
49005, 68153780, 1, 0, 0
50000, 67635885, 1, 0, 0
51006, 65992492, 1, 0, 0
52000, 67006768, 1, 0, 0
53000, 67334683, 1, 0, 0
54003, 67183504, 1, 0, 0
55000, 67429331, 1, 0, 0
56001, 67348867, 1, 0, 0
57003, 67266218, 1, 0, 0
58000, 66796720, 1, 0, 0
59005, 67236370, 1, 0, 0
60004, 66022199, 1, 0, 0
61000, 66201981, 1, 0, 0
62001, 67059906, 1, 0, 0
63003, 66708106, 1, 0, 0
64002, 67834499, 1, 0, 0
65000, 66507817, 1, 0, 0
66008, 67098575, 1, 0, 0
67000, 67633720, 1, 0, 0
68003, 66924860, 1, 0, 0
69003, 66736303, 1, 0, 0
70002, 66459298, 1, 0, 0
71000, 67007407, 1, 0, 0
72002, 67097636, 1, 0, 0
73001, 66567090, 1, 0, 0
74006, 66665576, 1, 0, 0
75003, 67174012, 1, 0, 0
76000, 67305349, 1, 0, 0
77000, 67150152, 1, 0, 0
78000, 66678417, 1, 0, 0
79007, 67349765, 1, 0, 0
80000, 66478041, 1, 0, 0
81000, 66682549, 1, 0, 0
82003, 67640979, 1, 0, 0
83000, 66845358, 1, 0, 0
84000, 67201128, 1, 0, 0
85000, 67260866, 1, 0, 0
86001, 66417139, 1, 0, 0
87003, 67483199, 1, 0, 0
88000, 66085397, 1, 0, 0
89008, 65724477, 1, 0, 0
90001, 68199127, 1, 0, 0
91000, 66559168, 1, 0, 0
92000, 67873642, 1, 0, 0
93000, 66803916, 1, 0, 0
94000, 67418257, 1, 0, 0
95000, 67020185, 1, 0, 0
96003, 66765963, 1, 0, 0
97001, 67654460, 1, 0, 0
98000, 66117396, 1, 0, 0
99000, 66639457, 1, 0, 0
100000, 67576693, 1, 0, 0
101001, 66622782, 1, 0, 0
102002, 67430507, 1, 0, 0
103000, 66130438, 1, 0, 0
104000, 67043293, 1, 0, 0
105001, 66892971, 1, 0, 0
106000, 66887412, 1, 0, 0
107000, 67614751, 1, 0, 0
108002, 66885194, 1, 0, 0
109005, 66966906, 1, 0, 0
110000, 66648079, 1, 0, 0
111000, 66033191, 1, 0, 0
112000, 67439639, 1, 0, 0
113002, 66185074, 1, 0, 0
114000, 66874653, 1, 0, 0
115000, 67699225, 1, 0, 0
116001, 66708129, 1, 0, 0
117003, 66646135, 1, 0, 0
118000, 67645665, 1, 0, 0
119001, 66634437, 1, 0, 0
120005, 67474334, 1, 0, 0
121000, 66053105, 1, 0, 0
122000, 67418365, 1, 0, 0
123005, 67751251, 1, 0, 0
124000, 66497647, 1, 0, 0
125002, 66694401, 1, 0, 0
126000, 67067120, 1, 0, 0
127000, 66100403, 1, 0, 0
128003, 67989030, 1, 0, 0
129000, 66631545, 1, 0, 0
130003, 66382644, 1, 0, 0
131000, 67499997, 1, 0, 0
132001, 67111292, 1, 0, 0
133001, 67673386, 1, 0, 0
134002, 66722611, 1, 0, 0
135000, 66141842, 1, 0, 0
136003, 67289943, 1, 0, 0
137000, 67089955, 1, 0, 0
138000, 66619619, 1, 0, 0
139000, 66826666, 1, 0, 0
140000, 66636075, 1, 0, 0
141004, 67499972, 1, 0, 0
142000, 66868355, 1, 0, 0
143001, 67413301, 1, 0, 0
144000, 66664148, 1, 0, 0
145000, 67257524, 1, 0, 0
146004, 67075091, 1, 0, 0
147001, 67435209, 1, 0, 0
148001, 67022920, 1, 0, 0
149007, 66298083, 1, 0, 0
150000, 66828346, 1, 0, 0
151009, 66577065, 1, 0, 0
152001, 67645896, 1, 0, 0
153001, 66640692, 1, 0, 0
154004, 66024634, 1, 0, 0
155000, 68098611, 1, 0, 0
156007, 66510723, 1, 0, 0
157000, 66949481, 1, 0, 0
158000, 67056525, 1, 0, 0
159002, 67576510, 1, 0, 0
160001, 67167616, 1, 0, 0
161007, 66893943, 1, 0, 0
162002, 66810916, 1, 0, 0
163000, 66678095, 1, 0, 0
164005, 66695288, 1, 0, 0
165000, 67753605, 1, 0, 0
166000, 66916940, 1, 0, 0
167000, 66982084, 1, 0, 0
168001, 66485444, 1, 0, 0
169008, 66325028, 1, 0, 0
170000, 67047754, 1, 0, 0
171000, 66586141, 1, 0, 0
172001, 67324685, 1, 0, 0
173001, 66550151, 1, 0, 0
174000, 66760092, 1, 0, 0
175000, 67406988, 1, 0, 0
176000, 66436299, 1, 0, 0
177000, 66929535, 1, 0, 0
178000, 66357301, 1, 0, 0
179006, 66604436, 1, 0, 0
180001, 67379142, 1, 0, 0
180058, 92331180, 1, 0, 0
