1009, 3802760, 1, 0, 0
2000, 4015065, 1, 0, 0
3004, 4108493, 1, 0, 0
4006, 4183577, 1, 0, 0
5001, 4211886, 1, 0, 0
6006, 4221809, 1, 0, 0
7005, 4066697, 1, 0, 0
8000, 4216681, 1, 0, 0
9008, 4228789, 1, 0, 0
10002, 4221006, 1, 0, 0
11011, 4141009, 1, 0, 0
12005, 4044741, 1, 0, 0
13014, 4201536, 1, 0, 0
14005, 4211578, 1, 0, 0
15004, 4044997, 1, 0, 0
16007, 4247125, 1, 0, 0
17008, 4194460, 1, 0, 0
18003, 4135469, 1, 0, 0
19014, 4237053, 1, 0, 0
20008, 4139438, 1, 0, 0
21001, 4186408, 1, 0, 0
22004, 4110285, 1, 0, 0
23007, 4252462, 1, 0, 0
24001, 4113053, 1, 0, 0
25012, 4182065, 1, 0, 0
26008, 4088741, 1, 0, 0
27002, 4197917, 1, 0, 0
28007, 4002659, 1, 0, 0
29000, 4297990, 1, 0, 0
30006, 4104003, 1, 0, 0
31003, 4204133, 1, 0, 0
32003, 4116939, 1, 0, 0
33006, 4182707, 1, 0, 0
34001, 4154558, 1, 0, 0
35012, 4254027, 1, 0, 0
36000, 4209120, 1, 0, 0
37003, 4236830, 1, 0, 0
38007, 4265801, 1, 0, 0
39000, 4154873, 1, 0, 0
40011, 4133158, 1, 0, 0
41006, 4148268, 1, 0, 0
42001, 4257115, 1, 0, 0
43001, 4061871, 1, 0, 0
44007, 4216713, 1, 0, 0
45003, 4137219, 1, 0, 0
46006, 4427834, 1, 0, 0
47000, 4182159, 1, 0, 0
48002, 4239276, 1, 0, 0
49008, 4157607, 1, 0, 0
50006, 4176284, 1, 0, 0
51000, 4136828, 1, 0, 0
52009, 4161040, 1, 0, 0
53004, 4172123, 1, 0, 0
54006, 4057342, 1, 0, 0
55008, 4255555, 1, 0, 0
56003, 4254596, 1, 0, 0
57001, 4172266, 1, 0, 0
58009, 4207868, 1, 0, 0
59006, 4155150, 1, 0, 0
60000, 4147221, 1, 0, 0
61011, 4130764, 1, 0, 0
62005, 4129749, 1, 0, 0
63014, 4217810, 1, 0, 0
64000, 4173963, 1, 0, 0
65004, 4059005, 1, 0, 0
66014, 4231738, 1, 0, 0
67008, 4323009, 1, 0, 0
68000, 4229040, 1, 0, 0
69004, 4160551, 1, 0, 0
70006, 4333010, 1, 0, 0
71003, 4042329, 1, 0, 0
72006, 4211496, 1, 0, 0
73009, 4302924, 1, 0, 0
74003, 4143366, 1, 0, 0
75000, 4147547, 1, 0, 0
76008, 4072042, 1, 0, 0
77006, 4114028, 1, 0, 0
78006, 4128437, 1, 0, 0
79009, 4216094, 1, 0, 0
80006, 4255850, 1, 0, 0
81001, 4213227, 1, 0, 0
82006, 4270913, 1, 0, 0
83002, 4117383, 1, 0, 0
84014, 4340728, 1, 0, 0
85011, 4099400, 1, 0, 0
86006, 4163300, 1, 0, 0
87002, 4171549, 1, 0, 0
88000, 4281627, 1, 0, 0
89001, 4190725, 1, 0, 0
90004, 4188045, 1, 0, 0
91002, 4204027, 1, 0, 0
92006, 4260558, 1, 0, 0
93004, 4121140, 1, 0, 0
94014, 4091380, 1, 0, 0
95006, 4153195, 1, 0, 0
96001, 4058902, 1, 0, 0
97008, 4222302, 1, 0, 0
98006, 4239801, 1, 0, 0
99006, 4162257, 1, 0, 0
100008, 4285234, 1, 0, 0
101002, 4288987, 1, 0, 0
102008, 4262402, 1, 0, 0
103002, 4212194, 1, 0, 0
104003, 4051089, 1, 0, 0
105004, 4113879, 1, 0, 0
106008, 4227028, 1, 0, 0
107001, 4333423, 1, 0, 0
108011, 4271908, 1, 0, 0
109004, 4240904, 1, 0, 0
110012, 4194713, 1, 0, 0
111005, 4183729, 1, 0, 0
112001, 4208145, 1, 0, 0
113012, 4144687, 1, 0, 0
114008, 4278314, 1, 0, 0
115003, 4246622, 1, 0, 0
116001, 4158246, 1, 0, 0
117010, 4134777, 1, 0, 0
118005, 4256699, 1, 0, 0
119014, 4142013, 1, 0, 0
120005, 4155019, 1, 0, 0
121003, 4212990, 1, 0, 0
122004, 4153360, 1, 0, 0
123006, 4235708, 1, 0, 0
124001, 4210881, 1, 0, 0
125012, 4241951, 1, 0, 0
126007, 4218388, 1, 0, 0
127003, 4268729, 1, 0, 0
128013, 4116950, 1, 0, 0
129009, 4202883, 1, 0, 0
130002, 4115791, 1, 0, 0
131003, 4143434, 1, 0, 0
132008, 4047907, 1, 0, 0
133001, 4184135, 1, 0, 0
134012, 4111118, 1, 0, 0
135006, 4201310, 1, 0, 0
136000, 4271430, 1, 0, 0
137003, 4312409, 1, 0, 0
138005, 4162400, 1, 0, 0
139002, 4206451, 1, 0, 0
140014, 4168624, 1, 0, 0
141009, 4293493, 1, 0, 0
142003, 4176114, 1, 0, 0
143000, 4159627, 1, 0, 0
144011, 4183441, 1, 0, 0
145004, 4082075, 1, 0, 0
146000, 4293162, 1, 0, 0
147009, 4110982, 1, 0, 0
148002, 4178575, 1, 0, 0
149011, 4215259, 1, 0, 0
150007, 4145946, 1, 0, 0
151002, 4147095, 1, 0, 0
152013, 4108887, 1, 0, 0
153005, 4198350, 1, 0, 0
154015, 4243828, 1, 0, 0
155012, 4061018, 1, 0, 0
156006, 4266796, 1, 0, 0
157000, 4128964, 1, 0, 0
158014, 4108019, 1, 0, 0
159010, 4204379, 1, 0, 0
160000, 4216301, 1, 0, 0
161000, 4356729, 1, 0, 0
162008, 4235365, 1, 0, 0
163003, 4225018, 1, 0, 0
164005, 4138579, 1, 0, 0
165006, 4125434, 1, 0, 0
166014, 4219987, 1, 0, 0
167008, 4215562, 1, 0, 0
168001, 4165607, 1, 0, 0
169012, 4215293, 1, 0, 0
170005, 4079298, 1, 0, 0
171001, 4127183, 1, 0, 0
172009, 4202081, 1, 0, 0
173004, 4170568, 1, 0, 0
174000, 4173295, 1, 0, 0
175005, 4145798, 1, 0, 0
176006, 4017494, 1, 0, 0
177002, 4202500, 1, 0, 0
178012, 4131841, 1, 0, 0
179006, 3990306, 1, 0, 0
180002, 4094095, 1, 0, 0
180003, 29568648, 1, 0, 0
