999, 1061, 0, 0, 0
1999, 951, 0, 0, 0
3000, 958, 0, 0, 0
4000, 954, 0, 0, 0
5000, 959, 0, 0, 0
6000, 957, 0, 0, 0
7000, 957, 0, 0, 0
7999, 959, 0, 0, 0
8999, 954, 0, 0, 0
10000, 961, 0, 0, 0
11000, 962, 0, 0, 0
12000, 955, 0, 0, 0
13000, 957, 0, 0, 0
13999, 954, 0, 0, 0
15000, 957, 0, 0, 0
16000, 952, 0, 0, 0
17000, 958, 0, 0, 0
18000, 956, 0, 0, 0
19000, 958, 0, 0, 0
20000, 953, 0, 0, 0
21000, 963, 0, 0, 0
21999, 952, 0, 0, 0
23000, 961, 0, 0, 0
23999, 959, 0, 0, 0
25000, 947, 0, 0, 0
25999, 958, 0, 0, 0
26999, 962, 0, 0, 0
27999, 949, 0, 0, 0
28999, 956, 0, 0, 0
30000, 957, 0, 0, 0
31000, 958, 0, 0, 0
32000, 960, 0, 0, 0
33000, 956, 0, 0, 0
34000, 957, 0, 0, 0
35000, 956, 0, 0, 0
35999, 956, 0, 0, 0
37000, 954, 0, 0, 0
38000, 957, 0, 0, 0
39000, 955, 0, 0, 0
39999, 958, 0, 0, 0
41000, 960, 0, 0, 0
41999, 957, 0, 0, 0
43000, 955, 0, 0, 0
44000, 953, 0, 0, 0
45000, 955, 0, 0, 0
45999, 957, 0, 0, 0
46999, 958, 0, 0, 0
47999, 959, 0, 0, 0
49000, 953, 0, 0, 0
50000, 958, 0, 0, 0
51000, 956, 0, 0, 0
52000, 953, 0, 0, 0
52999, 955, 0, 0, 0
54000, 951, 0, 0, 0
55000, 954, 0, 0, 0
55999, 954, 0, 0, 0
57000, 961, 0, 0, 0
58000, 950, 0, 0, 0
58999, 950, 0, 0, 0
59999, 960, 0, 0, 0
61000, 954, 0, 0, 0
62000, 958, 0, 0, 0
62999, 954, 0, 0, 0
64000, 958, 0, 0, 0
65000, 953, 0, 0, 0
66000, 957, 0, 0, 0
67000, 956, 0, 0, 0
68000, 951, 0, 0, 0
69000, 955, 0, 0, 0
70000, 962, 0, 0, 0
70999, 957, 0, 0, 0
71999, 951, 0, 0, 0
72999, 956, 0, 0, 0
73999, 961, 0, 0, 0
75000, 958, 0, 0, 0
76000, 954, 0, 0, 0
76999, 963, 0, 0, 0
77999, 955, 0, 0, 0
79000, 957, 0, 0, 0
79999, 956, 0, 0, 0
81000, 962, 0, 0, 0
81999, 953, 0, 0, 0
83000, 958, 0, 0, 0
84000, 960, 0, 0, 0
84999, 944, 0, 0, 0
86000, 956, 0, 0, 0
87000, 961, 0, 0, 0
88000, 955, 0, 0, 0
88999, 959, 0, 0, 0
90000, 957, 0, 0, 0
90999, 953, 0, 0, 0
91999, 951, 0, 0, 0
93000, 956, 0, 0, 0
94000, 953, 0, 0, 0
95000, 961, 0, 0, 0
96000, 952, 0, 0, 0
96999, 955, 0, 0, 0
98000, 957, 0, 0, 0
99000, 953, 0, 0, 0
100000, 960, 0, 0, 0
100999, 960, 0, 0, 0
102000, 953, 0, 0, 0
103000, 953, 0, 0, 0
103999, 957, 0, 0, 0
105000, 962, 0, 0, 0
105999, 956, 0, 0, 0
107000, 761, 0, 0, 0
107999, 1054, 0, 0, 0
109000, 956, 0, 0, 0
110000, 951, 0, 0, 0
110999, 961, 0, 0, 0
111999, 957, 0, 0, 0
112999, 951, 0, 0, 0
113999, 961, 0, 0, 0
115000, 955, 0, 0, 0
115999, 959, 0, 0, 0
117000, 955, 0, 0, 0
118000, 954, 0, 0, 0
118999, 959, 0, 0, 0
120000, 954, 0, 0, 0
120999, 956, 0, 0, 0
121999, 956, 0, 0, 0
123000, 956, 0, 0, 0
124000, 950, 0, 0, 0
124999, 962, 0, 0, 0
126000, 954, 0, 0, 0
126999, 962, 0, 0, 0
128000, 955, 0, 0, 0
128999, 955, 0, 0, 0
129999, 953, 0, 0, 0
131000, 956, 0, 0, 0
131999, 961, 0, 0, 0
133000, 953, 0, 0, 0
133999, 958, 0, 0, 0
135000, 953, 0, 0, 0
136000, 959, 0, 0, 0
136999, 955, 0, 0, 0
138000, 961, 0, 0, 0
139000, 953, 0, 0, 0
140000, 959, 0, 0, 0
141000, 954, 0, 0, 0
142000, 958, 0, 0, 0
143000, 954, 0, 0, 0
144000, 960, 0, 0, 0
144999, 953, 0, 0, 0
145999, 955, 0, 0, 0
146999, 959, 0, 0, 0
147999, 961, 0, 0, 0
149000, 955, 0, 0, 0
150000, 955, 0, 0, 0
150999, 951, 0, 0, 0
152000, 956, 0, 0, 0
153000, 959, 0, 0, 0
154000, 953, 0, 0, 0
155000, 960, 0, 0, 0
155999, 960, 0, 0, 0
157000, 954, 0, 0, 0
157999, 958, 0, 0, 0
158999, 957, 0, 0, 0
160000, 955, 0, 0, 0
160999, 952, 0, 0, 0
162000, 958, 0, 0, 0
162999, 950, 0, 0, 0
164000, 961, 0, 0, 0
164999, 956, 0, 0, 0
166000, 954, 0, 0, 0
166999, 962, 0, 0, 0
168000, 955, 0, 0, 0
169000, 957, 0, 0, 0
170000, 958, 0, 0, 0
171000, 959, 0, 0, 0
171999, 954, 0, 0, 0
173000, 957, 0, 0, 0
174000, 958, 0, 0, 0
174999, 955, 0, 0, 0
175999, 956, 0, 0, 0
177000, 962, 0, 0, 0
177999, 956, 0, 0, 0
179000, 960, 0, 0, 0
180000, 960, 0, 0, 0
