1000, 2065, 0, 0, 0
2032, 2007, 0, 0, 0
3001, 1918, 0, 0, 0
4000, 1995, 0, 0, 0
5018, 2251, 0, 0, 0
6001, 2027, 0, 0, 0
7001, 2034, 0, 0, 0
8025, 2117, 0, 0, 0
9001, 2043, 0, 0, 0
10033, 2188, 0, 0, 0
11000, 2017, 0, 0, 0
12000, 2161, 0, 0, 0
13019, 2182, 0, 0, 0
14028, 1917, 0, 0, 0
15000, 2069, 0, 0, 0
16018, 2066, 0, 0, 0
17001, 1963, 0, 0, 0
18000, 2038, 0, 0, 0
19017, 2081, 0, 0, 0
20011, 2114, 0, 0, 0
21019, 2124, 0, 0, 0
22030, 2196, 0, 0, 0
23018, 2481, 0, 0, 0
24021, 2183, 0, 0, 0
25000, 2100, 0, 0, 0
26000, 2072, 0, 0, 0
27019, 2100, 0, 0, 0
28031, 1965, 0, 0, 0
29005, 2077, 0, 0, 0
30000, 2101, 0, 0, 0
31003, 2003, 0, 0, 0
32018, 2091, 0, 0, 0
33000, 2200, 0, 0, 0
34020, 2169, 0, 0, 0
35031, 2125, 0, 0, 0
36025, 2225, 0, 0, 0
37019, 2050, 0, 0, 0
38029, 1989, 0, 0, 0
39000, 2006, 0, 0, 0
40000, 2049, 0, 0, 0
41030, 2274, 0, 0, 0
42000, 2316, 0, 0, 0
43022, 2021, 0, 0, 0
44018, 2101, 0, 0, 0
45000, 2129, 0, 0, 0
46022, 2164, 0, 0, 0
47018, 2080, 0, 0, 0
48000, 2126, 0, 0, 0
49000, 2030, 0, 0, 0
50018, 2102, 0, 0, 0
51017, 2079, 0, 0, 0
52000, 2068, 0, 0, 0
53019, 1987, 0, 0, 0
54030, 2192, 0, 0, 0
55022, 2024, 0, 0, 0
56020, 2107, 0, 0, 0
57001, 2179, 0, 0, 0
58017, 2200, 0, 0, 0
59000, 2146, 0, 0, 0
60020, 2165, 0, 0, 0
61016, 2202, 0, 0, 0
62001, 2135, 0, 0, 0
63001, 2365, 0, 0, 0
64000, 2158, 0, 0, 0
65000, 1912, 0, 0, 0
66017, 1936, 0, 0, 0
67000, 2026, 0, 0, 0
68020, 2331, 0, 0, 0
69031, 2104, 0, 0, 0
70000, 2201, 0, 0, 0
71020, 2245, 0, 0, 0
72000, 2080, 0, 0, 0
73000, 2018, 0, 0, 0
74030, 1955, 0, 0, 0
75001, 2337, 0, 0, 0
76018, 2196, 0, 0, 0
77028, 2180, 0, 0, 0
78023, 2105, 0, 0, 0
79031, 2273, 0, 0, 0
80019, 2520, 0, 0, 0
81018, 2173, 0, 0, 0
82000, 2068, 0, 0, 0
83019, 2092, 0, 0, 0
84001, 2165, 0, 0, 0
85001, 1982, 0, 0, 0
86000, 2029, 0, 0, 0
87001, 2327, 0, 0, 0
88032, 2152, 0, 0, 0
89000, 2264, 0, 0, 0
90019, 2318, 0, 0, 0
91000, 2199, 0, 0, 0
92025, 2369, 0, 0, 0
93018, 2239, 0, 0, 0
94001, 2228, 0, 0, 0
95022, 2274, 0, 0, 0
96017, 2195, 0, 0, 0
97001, 2182, 0, 0, 0
98018, 2188, 0, 0, 0
99001, 2074, 0, 0, 0
100022, 2037, 0, 0, 0
101018, 2055, 0, 0, 0
102001, 2191, 0, 0, 0
103018, 1973, 0, 0, 0
104028, 2053, 0, 0, 0
105000, 2082, 0, 0, 0
106020, 2291, 0, 0, 0
107000, 2149, 0, 0, 0
108018, 2032, 0, 0, 0
109028, 2131, 0, 0, 0
110000, 2103, 0, 0, 0
111032, 2149, 0, 0, 0
112000, 2126, 0, 0, 0
113021, 2054, 0, 0, 0
114030, 2117, 0, 0, 0
115024, 2149, 0, 0, 0
116019, 2074, 0, 0, 0
117000, 2148, 0, 0, 0
118023, 2184, 0, 0, 0
119018, 2194, 0, 0, 0
120000, 2201, 0, 0, 0
121020, 2146, 0, 0, 0
122018, 2104, 0, 0, 0
123000, 2061, 0, 0, 0
124017, 2223, 0, 0, 0
125022, 2066, 0, 0, 0
126000, 2119, 0, 0, 0
127000, 2024, 0, 0, 0
128030, 2079, 0, 0, 0
129000, 1932, 0, 0, 0
130017, 2011, 0, 0, 0
131000, 2190, 0, 0, 0
132020, 2157, 0, 0, 0
133023, 2147, 0, 0, 0
134000, 2176, 0, 0, 0
135017, 2088, 0, 0, 0
136024, 2017, 0, 0, 0
137017, 2062, 0, 0, 0
138024, 2089, 0, 0, 0
139000, 1942, 0, 0, 0
140021, 2038, 0, 0, 0
141019, 2087, 0, 0, 0
142024, 2016, 0, 0, 0
143017, 1896, 0, 0, 0
144020, 2186, 0, 0, 0
145021, 2205, 0, 0, 0
146018, 2084, 0, 0, 0
147000, 2237, 0, 0, 0
148020, 2212, 0, 0, 0
149001, 2141, 0, 0, 0
150019, 2294, 0, 0, 0
151018, 2079, 0, 0, 0
152000, 2179, 0, 0, 0
153020, 2283, 0, 0, 0
154000, 2019, 0, 0, 0
155020, 2022, 0, 0, 0
156021, 2052, 0, 0, 0
157000, 2032, 0, 0, 0
158002, 2099, 0, 0, 0
159031, 1927, 0, 0, 0
160000, 1952, 0, 0, 0
161018, 1962, 0, 0, 0
162001, 2103, 0, 0, 0
163000, 2030, 0, 0, 0
164031, 1960, 0, 0, 0
165000, 2222, 0, 0, 0
166018, 1897, 0, 0, 0
167021, 2229, 0, 0, 0
168000, 2305, 0, 0, 0
169018, 2303, 0, 0, 0
170030, 2395, 0, 0, 0
171000, 2225, 0, 0, 0
172020, 2193, 0, 0, 0
173000, 1884, 0, 0, 0
174030, 2086, 0, 0, 0
175000, 2276, 0, 0, 0
176019, 2088, 0, 0, 0
177000, 2198, 0, 0, 0
178000, 2241, 0, 0, 0
179017, 2289, 0, 0, 0
180001, 2232, 0, 0, 0
