1000, 415, 0, 0, 0
2000, 417, 0, 0, 0
3000, 431, 0, 0, 0
4000, 436, 0, 0, 0
5000, 442, 0, 0, 0
6000, 418, 0, 0, 0
7000, 438, 0, 0, 0
8000, 428, 0, 0, 0
9000, 438, 0, 0, 0
10000, 410, 0, 0, 0
11000, 437, 0, 0, 0
12000, 427, 0, 0, 0
13000, 454, 0, 0, 0
14000, 447, 0, 0, 0
15001, 448, 0, 0, 0
16000, 432, 0, 0, 0
17000, 430, 0, 0, 0
18000, 441, 0, 0, 0
19000, 436, 0, 0, 0
20000, 423, 0, 0, 0
21000, 433, 0, 0, 0
22000, 433, 0, 0, 0
23000, 435, 0, 0, 0
24000, 443, 0, 0, 0
25000, 429, 0, 0, 0
26000, 435, 0, 0, 0
27000, 425, 0, 0, 0
28000, 452, 0, 0, 0
29000, 441, 0, 0, 0
30000, 430, 0, 0, 0
31000, 437, 0, 0, 0
32000, 436, 0, 0, 0
33000, 442, 0, 0, 0
34000, 436, 0, 0, 0
35000, 445, 0, 0, 0
36000, 450, 0, 0, 0
37000, 439, 0, 0, 0
38000, 426, 0, 0, 0
39001, 432, 0, 0, 0
40000, 435, 0, 0, 0
41000, 452, 0, 0, 0
42000, 439, 0, 0, 0
43000, 432, 0, 0, 0
44000, 413, 0, 0, 0
45000, 431, 0, 0, 0
46000, 365, 0, 0, 0
47000, 430, 0, 0, 0
48000, 441, 0, 0, 0
49000, 440, 0, 0, 0
50000, 443, 0, 0, 0
51000, 446, 0, 0, 0
52001, 423, 0, 0, 0
53000, 448, 0, 0, 0
54000, 440, 0, 0, 0
55000, 433, 0, 0, 0
56000, 410, 0, 0, 0
57000, 418, 0, 0, 0
58000, 409, 0, 0, 0
59000, 444, 0, 0, 0
60000, 444, 0, 0, 0
61000, 425, 0, 0, 0
62000, 418, 0, 0, 0
63001, 438, 0, 0, 0
64000, 433, 0, 0, 0
65000, 416, 0, 0, 0
66000, 417, 0, 0, 0
67000, 430, 0, 0, 0
68000, 416, 0, 0, 0
69000, 445, 0, 0, 0
70001, 445, 0, 0, 0
71000, 435, 0, 0, 0
72000, 440, 0, 0, 0
73000, 440, 0, 0, 0
74000, 435, 0, 0, 0
75000, 441, 0, 0, 0
76000, 441, 0, 0, 0
77000, 437, 0, 0, 0
78000, 450, 0, 0, 0
79000, 428, 0, 0, 0
80000, 422, 0, 0, 0
81000, 433, 0, 0, 0
82001, 429, 0, 0, 0
83000, 439, 0, 0, 0
84000, 434, 0, 0, 0
85000, 432, 0, 0, 0
86000, 433, 0, 0, 0
87000, 419, 0, 0, 0
88000, 426, 0, 0, 0
89000, 440, 0, 0, 0
90000, 445, 0, 0, 0
91000, 419, 0, 0, 0
92000, 451, 0, 0, 0
93000, 432, 0, 0, 0
94000, 445, 0, 0, 0
95000, 434, 0, 0, 0
96000, 450, 0, 0, 0
97000, 440, 0, 0, 0
98000, 453, 0, 0, 0
99000, 451, 0, 0, 0
100001, 438, 0, 0, 0
101000, 449, 0, 0, 0
102000, 445, 0, 0, 0
103000, 422, 0, 0, 0
104000, 441, 0, 0, 0
105001, 432, 0, 0, 0
106000, 437, 0, 0, 0
107000, 441, 0, 0, 0
108001, 445, 0, 0, 0
109000, 428, 0, 0, 0
110000, 439, 0, 0, 0
111000, 445, 0, 0, 0
112000, 429, 0, 0, 0
113001, 439, 0, 0, 0
114000, 442, 0, 0, 0
115000, 408, 0, 0, 0
116000, 425, 0, 0, 0
117000, 426, 0, 0, 0
118000, 441, 0, 0, 0
119000, 447, 0, 0, 0
120000, 452, 0, 0, 0
121000, 438, 0, 0, 0
122000, 427, 0, 0, 0
123000, 412, 0, 0, 0
124000, 406, 0, 0, 0
125000, 442, 0, 0, 0
126000, 438, 0, 0, 0
127000, 439, 0, 0, 0
128000, 429, 0, 0, 0
129000, 436, 0, 0, 0
130000, 434, 0, 0, 0
131001, 423, 0, 0, 0
132000, 452, 0, 0, 0
133000, 431, 0, 0, 0
134000, 405, 0, 0, 0
135000, 434, 0, 0, 0
136001, 424, 0, 0, 0
137000, 437, 0, 0, 0
138000, 436, 0, 0, 0
139000, 449, 0, 0, 0
140000, 445, 0, 0, 0
141001, 442, 0, 0, 0
142000, 434, 0, 0, 0
143000, 424, 0, 0, 0
144000, 447, 0, 0, 0
145000, 430, 0, 0, 0
146000, 428, 0, 0, 0
147000, 425, 0, 0, 0
148000, 426, 0, 0, 0
149000, 444, 0, 0, 0
150000, 418, 0, 0, 0
151000, 428, 0, 0, 0
152000, 414, 0, 0, 0
153000, 431, 0, 0, 0
154000, 431, 0, 0, 0
155000, 434, 0, 0, 0
156001, 426, 0, 0, 0
157000, 421, 0, 0, 0
158001, 425, 0, 0, 0
159000, 447, 0, 0, 0
160000, 442, 0, 0, 0
161000, 438, 0, 0, 0
162000, 431, 0, 0, 0
163000, 434, 0, 0, 0
164000, 431, 0, 0, 0
165000, 438, 0, 0, 0
166000, 421, 0, 0, 0
167000, 434, 0, 0, 0
168001, 426, 0, 0, 0
169000, 420, 0, 0, 0
170000, 434, 0, 0, 0
171000, 428, 0, 0, 0
172000, 421, 0, 0, 0
173001, 429, 0, 0, 0
174000, 427, 0, 0, 0
175000, 408, 0, 0, 0
176000, 426, 0, 0, 0
177000, 398, 0, 0, 0
178000, 433, 0, 0, 0
179000, 436, 0, 0, 0
180000, 446, 0, 0, 0
