1033, 29512632, 0, 0, 0
2000, 34096522, 0, 0, 0
3000, 32913816, 0, 0, 0
4031, 33537221, 0, 0, 0
5034, 33915873, 0, 0, 0
6033, 33431338, 0, 0, 0
7031, 33491661, 0, 0, 0
8004, 33807455, 0, 0, 0
9031, 33495524, 0, 0, 0
10000, 33748370, 0, 0, 0
11036, 33095156, 0, 0, 0
12045, 33431265, 0, 0, 0
13040, 33411096, 0, 0, 0
14000, 34010845, 0, 0, 0
15032, 33181830, 0, 0, 0
16034, 33258618, 0, 0, 0
17000, 33621802, 0, 0, 0
18000, 34335597, 0, 0, 0
19000, 33431094, 0, 0, 0
20031, 32868395, 0, 0, 0
21000, 33753949, 0, 0, 0
22000, 33020103, 0, 0, 0
23040, 33362302, 0, 0, 0
24000, 33839450, 0, 0, 0
25034, 33163941, 0, 0, 0
26046, 33710436, 0, 0, 0
27041, 33561735, 0, 0, 0
28000, 33890289, 0, 0, 0
29032, 33581835, 0, 0, 0
30001, 34103416, 0, 0, 0
31000, 33415292, 0, 0, 0
32032, 32819941, 0, 0, 0
33000, 33578652, 0, 0, 0
34034, 33068921, 0, 0, 0
35039, 33400693, 0, 0, 0
36034, 33789813, 0, 0, 0
37030, 33404318, 0, 0, 0
38000, 33982539, 0, 0, 0
39000, 32824955, 0, 0, 0
40033, 33050391, 0, 0, 0
41039, 33540716, 0, 0, 0
42002, 33653008, 0, 0, 0
43036, 33319461, 0, 0, 0
44034, 33219979, 0, 0, 0
45000, 34184000, 0, 0, 0
46036, 32905562, 0, 0, 0
47030, 33456974, 0, 0, 0
48000, 34118314, 0, 0, 0
49000, 33170997, 0, 0, 0
50041, 33517254, 0, 0, 0
51000, 33714231, 0, 0, 0
52031, 32976271, 0, 0, 0
53000, 34070216, 0, 0, 0
54000, 33208957, 0, 0, 0
55033, 32928251, 0, 0, 0
56035, 33069378, 0, 0, 0
57000, 33859955, 0, 0, 0
58032, 32901419, 0, 0, 0
59045, 33754043, 0, 0, 0
60000, 33853367, 0, 0, 0
61000, 32959637, 0, 0, 0
62044, 33236181, 0, 0, 0
63000, 33610075, 0, 0, 0
64034, 33057496, 0, 0, 0
65037, 33196888, 0, 0, 0
66032, 33701432, 0, 0, 0
67045, 33776174, 0, 0, 0
68000, 33712352, 0, 0, 0
69032, 32970583, 0, 0, 0
70000, 33978635, 0, 0, 0
71001, 33514186, 0, 0, 0
72034, 33010781, 0, 0, 0
73045, 33676420, 0, 0, 0
74000, 34057331, 0, 0, 0
75035, 32935049, 0, 0, 0
76031, 33181274, 0, 0, 0
77045, 33240143, 0, 0, 0
78036, 33686816, 0, 0, 0
79029, 33344828, 0, 0, 0
80036, 33557365, 0, 0, 0
81029, 33453769, 0, 0, 0
82000, 34274438, 0, 0, 0
83031, 32692724, 0, 0, 0
84035, 33476700, 0, 0, 0
85001, 33948778, 0, 0, 0
86031, 33454762, 0, 0, 0
87038, 33436199, 0, 0, 0
88000, 33700270, 0, 0, 0
89032, 33030621, 0, 0, 0
90032, 33500291, 0, 0, 0
91000, 34031142, 0, 0, 0
92033, 32888597, 0, 0, 0
93035, 32981611, 0, 0, 0
94000, 34252336, 0, 0, 0
95038, 32951172, 0, 0, 0
96000, 33719194, 0, 0, 0
97035, 33123687, 0, 0, 0
98030, 32950201, 0, 0, 0
99000, 34881207, 0, 0, 0
100032, 33113746, 0, 0, 0
101042, 33491127, 0, 0, 0
102000, 33526150, 0, 0, 0
103034, 33223827, 0, 0, 0
104037, 33576321, 0, 0, 0
105039, 33456656, 0, 0, 0
106033, 33744524, 0, 0, 0
107037, 33750508, 0, 0, 0
108038, 33550168, 0, 0, 0
109032, 33550392, 0, 0, 0
110034, 33386223, 0, 0, 0
111002, 33461239, 0, 0, 0
112000, 34569835, 0, 0, 0
113035, 32782527, 0, 0, 0
114031, 33372813, 0, 0, 0
115000, 34067808, 0, 0, 0
116000, 33900832, 0, 0, 0
117033, 32667633, 0, 0, 0
118029, 32996473, 0, 0, 0
119000, 34207470, 0, 0, 0
120033, 33016910, 0, 0, 0
121042, 33024738, 0, 0, 0
122031, 33227225, 0, 0, 0
123029, 33245339, 0, 0, 0
124040, 33810671, 0, 0, 0
125032, 33575029, 0, 0, 0
126000, 33604836, 0, 0, 0
127000, 33605818, 0, 0, 0
128031, 33411418, 0, 0, 0
129041, 33178726, 0, 0, 0
130035, 33632424, 0, 0, 0
131031, 33107163, 0, 0, 0
132000, 34398673, 0, 0, 0
133000, 33236877, 0, 0, 0
134033, 33168376, 0, 0, 0
135045, 33199050, 0, 0, 0
136000, 34470149, 0, 0, 0
137035, 33056515, 0, 0, 0
138030, 33327158, 0, 0, 0
139000, 34290307, 0, 0, 0
140031, 32444106, 0, 0, 0
141043, 33381976, 0, 0, 0
142000, 34073569, 0, 0, 0
143032, 32735272, 0, 0, 0
144000, 34183342, 0, 0, 0
145000, 33579881, 0, 0, 0
146031, 33041945, 0, 0, 0
147000, 34151329, 0, 0, 0
148000, 33094938, 0, 0, 0
149033, 33462818, 0, 0, 0
150044, 33960952, 0, 0, 0
151000, 34435808, 0, 0, 0
152035, 33121623, 0, 0, 0
153032, 33286266, 0, 0, 0
154000, 34533846, 0, 0, 0
155032, 33168095, 0, 0, 0
156000, 33971716, 0, 0, 0
157031, 32569647, 0, 0, 0
158044, 33531020, 0, 0, 0
159000, 33534463, 0, 0, 0
160030, 33404826, 0, 0, 0
161041, 33367084, 0, 0, 0
162000, 33894451, 0, 0, 0
163031, 33373622, 0, 0, 0
164001, 34107066, 0, 0, 0
165000, 33198494, 0, 0, 0
166032, 32977746, 0, 0, 0
167001, 33879737, 0, 0, 0
168000, 33568970, 0, 0, 0
169032, 32894918, 0, 0, 0
170042, 33161965, 0, 0, 0
171036, 33479028, 0, 0, 0
172035, 33407609, 0, 0, 0
173029, 33766164, 0, 0, 0
174033, 33498137, 0, 0, 0
175000, 34005652, 0, 0, 0
176034, 32947152, 0, 0, 0
177037, 33335028, 0, 0, 0
178039, 33400808, 0, 0, 0
179033, 33727609, 0, 0, 0
180029, 33206029, 0, 0, 0
180039, 49982743, 0, 0, 0
