1006, 59778235, 1, 0, 0
2000, 65713183, 1, 0, 0
3000, 66435198, 1, 0, 0
4000, 65453494, 1, 0, 0
5004, 66452280, 1, 0, 0
6002, 67122876, 1, 0, 0
7009, 67198566, 1, 0, 0
8001, 65823928, 1, 0, 0
9000, 67651953, 1, 0, 0
10005, 66736836, 1, 0, 0
11001, 66124937, 1, 0, 0
12000, 66274657, 1, 0, 0
13000, 67344845, 1, 0, 0
14000, 67012601, 1, 0, 0
15001, 66798484, 1, 0, 0
16006, 66218905, 1, 0, 0
17001, 68141759, 1, 0, 0
18000, 67174054, 1, 0, 0
19000, 66246637, 1, 0, 0
20001, 66901896, 1, 0, 0
21000, 67074007, 1, 0, 0
22001, 66925007, 1, 0, 0
23003, 66901679, 1, 0, 0
24000, 66200647, 1, 0, 0
25000, 67601304, 1, 0, 0
26000, 66523604, 1, 0, 0
27003, 66672203, 1, 0, 0
28000, 67324459, 1, 0, 0
29005, 67494753, 1, 0, 0
30000, 66818475, 1, 0, 0
31000, 66540026, 1, 0, 0
32005, 67818758, 1, 0, 0
33000, 67723051, 1, 0, 0
34000, 66895799, 1, 0, 0
35008, 67691784, 1, 0, 0
36000, 68034024, 1, 0, 0
37002, 65610914, 1, 0, 0
38002, 67930178, 1, 0, 0
39000, 66410081, 1, 0, 0
40000, 67790999, 1, 0, 0
41001, 66611670, 1, 0, 0
42005, 67341528, 1, 0, 0
43001, 66825889, 1, 0, 0
44003, 65940831, 1, 0, 0
45003, 67667798, 1, 0, 0
46000, 66821522, 1, 0, 0
47000, 66982864, 1, 0, 0
48000, 66873247, 1, 0, 0
49006, 67086341, 1, 0, 0
50000, 66080394, 1, 0, 0
51006, 66590285, 1, 0, 0
52000, 67291319, 1, 0, 0
53000, 66472538, 1, 0, 0
54004, 66686011, 1, 0, 0
55001, 67168959, 1, 0, 0
56001, 66968360, 1, 0, 0
57002, 67755737, 1, 0, 0
58000, 67386844, 1, 0, 0
59007, 67884969, 1, 0, 0
60000, 65989744, 1, 0, 0
61000, 66766593, 1, 0, 0
62000, 66988290, 1, 0, 0
63000, 67166770, 1, 0, 0
64004, 66976280, 1, 0, 0
65000, 67240076, 1, 0, 0
66007, 66090001, 1, 0, 0
67002, 67804993, 1, 0, 0
68000, 66355916, 1, 0, 0
69003, 66684147, 1, 0, 0
70000, 67157559, 1, 0, 0
71000, 66309633, 1, 0, 0
72000, 67370250, 1, 0, 0
73000, 66576950, 1, 0, 0
74008, 66678456, 1, 0, 0
75005, 67016661, 1, 0, 0
76000, 67301426, 1, 0, 0
77001, 67194032, 1, 0, 0
78000, 66818967, 1, 0, 0
79005, 67333955, 1, 0, 0
80000, 66319523, 1, 0, 0
81001, 66455107, 1, 0, 0
82004, 67286558, 1, 0, 0
83000, 66791841, 1, 0, 0
84000, 67263415, 1, 0, 0
85000, 66551616, 1, 0, 0
86001, 65871941, 1, 0, 0
87003, 67558798, 1, 0, 0
88000, 66383035, 1, 0, 0
89008, 66355243, 1, 0, 0
90000, 68067849, 1, 0, 0
91000, 66375267, 1, 0, 0
92001, 67526060, 1, 0, 0
93002, 66177538, 1, 0, 0
94001, 66801042, 1, 0, 0
95000, 66704638, 1, 0, 0
96000, 67252021, 1, 0, 0
97000, 67454189, 1, 0, 0
98001, 66718646, 1, 0, 0
99000, 67453880, 1, 0, 0
100000, 66944259, 1, 0, 0
101003, 67599023, 1, 0, 0
102000, 66179357, 1, 0, 0
103000, 66396243, 1, 0, 0
104000, 67302599, 1, 0, 0
105000, 66796643, 1, 0, 0
106000, 66595839, 1, 0, 0
107000, 67212803, 1, 0, 0
108001, 65986015, 1, 0, 0
109005, 67871565, 1, 0, 0
110000, 66363955, 1, 0, 0
111000, 66291393, 1, 0, 0
112000, 67804139, 1, 0, 0
113001, 66428798, 1, 0, 0
114000, 66135883, 1, 0, 0
115000, 67877877, 1, 0, 0
116000, 66952351, 1, 0, 0
117004, 66380379, 1, 0, 0
118002, 68190795, 1, 0, 0
119000, 66957656, 1, 0, 0
120006, 67341550, 1, 0, 0
121000, 66414333, 1, 0, 0
122001, 68076021, 1, 0, 0
123008, 67926090, 1, 0, 0
124000, 66583734, 1, 0, 0
125000, 66297844, 1, 0, 0
126002, 67319108, 1, 0, 0
127001, 66075093, 1, 0, 0
128003, 67100513, 1, 0, 0
129000, 66344522, 1, 0, 0
130003, 66527806, 1, 0, 0
131000, 66853541, 1, 0, 0
132000, 67166906, 1, 0, 0
133001, 67686748, 1, 0, 0
134000, 67530666, 1, 0, 0
135000, 66535686, 1, 0, 0
136003, 67306380, 1, 0, 0
137001, 66206514, 1, 0, 0
138002, 66842429, 1, 0, 0
139001, 67393566, 1, 0, 0
140000, 67642364, 1, 0, 0
141004, 67231844, 1, 0, 0
142000, 66222805, 1, 0, 0
143002, 67463889, 1, 0, 0
144000, 67109310, 1, 0, 0
145001, 66356035, 1, 0, 0
146006, 67104353, 1, 0, 0
147000, 67165090, 1, 0, 0
148000, 67022560, 1, 0, 0
149008, 66333024, 1, 0, 0
150002, 67014877, 1, 0, 0
151009, 67063455, 1, 0, 0
152001, 67333777, 1, 0, 0
153001, 66762748, 1, 0, 0
154004, 66235956, 1, 0, 0
155000, 67126200, 1, 0, 0
156008, 66515814, 1, 0, 0
157001, 67155277, 1, 0, 0
158001, 66764416, 1, 0, 0
159004, 67178268, 1, 0, 0
160000, 66161880, 1, 0, 0
161007, 66557857, 1, 0, 0
162001, 67239640, 1, 0, 0
163003, 66441854, 1, 0, 0
164005, 66134912, 1, 0, 0
165000, 67598296, 1, 0, 0
166000, 66872612, 1, 0, 0
167000, 67110541, 1, 0, 0
168000, 66580459, 1, 0, 0
169007, 66075920, 1, 0, 0
170000, 68483859, 1, 0, 0
171002, 66812113, 1, 0, 0
172001, 67518451, 1, 0, 0
173000, 67318005, 1, 0, 0
174001, 67582989, 1, 0, 0
175000, 66563923, 1, 0, 0
176000, 67114832, 1, 0, 0
177000, 67172811, 1, 0, 0
178000, 66792553, 1, 0, 0
179005, 66235366, 1, 0, 0
180000, 67572259, 1, 0, 0
180058, 95888431, 1, 0, 0
