1000, 8636, 1, 0, 0
2000, 7620, 1, 0, 0
3000, 7780, 1, 0, 0
4000, 7439, 1, 0, 0
5000, 7415, 1, 0, 0
6000, 7692, 1, 0, 0
7000, 7839, 1, 0, 0
8000, 7403, 1, 0, 0
9000, 7751, 1, 0, 0
10000, 7592, 1, 0, 0
11000, 7707, 1, 0, 0
12000, 7803, 1, 0, 0
13000, 7707, 1, 0, 0
14000, 7727, 1, 0, 0
15000, 7716, 1, 0, 0
16000, 7783, 1, 0, 0
17000, 7616, 1, 0, 0
18000, 7535, 1, 0, 0
19000, 7856, 1, 0, 0
20000, 7747, 1, 0, 0
21000, 7599, 1, 0, 0
22000, 7432, 1, 0, 0
23000, 7051, 1, 0, 0
24000, 7643, 1, 0, 0
25000, 7543, 1, 0, 0
26000, 7783, 1, 0, 0
27000, 7603, 1, 0, 0
28000, 7612, 1, 0, 0
29000, 7515, 1, 0, 0
30000, 7640, 1, 0, 0
31000, 7627, 1, 0, 0
32000, 7392, 1, 0, 0
33000, 7667, 1, 0, 0
34000, 7643, 1, 0, 0
35000, 7927, 1, 0, 0
36000, 7792, 1, 0, 0
37000, 7663, 1, 0, 0
38000, 7499, 1, 0, 0
39000, 7747, 1, 0, 0
40000, 7479, 1, 0, 0
41001, 7848, 1, 0, 0
42000, 7411, 1, 0, 0
43000, 7719, 1, 0, 0
44000, 7751, 1, 0, 0
45000, 7915, 1, 0, 0
46000, 7639, 1, 0, 0
47000, 7740, 1, 0, 0
48000, 7499, 1, 0, 0
49000, 7811, 1, 0, 0
50000, 7599, 1, 0, 0
51000, 7595, 1, 0, 0
52000, 7743, 1, 0, 0
53000, 7508, 1, 0, 0
54000, 7607, 1, 0, 0
55000, 7775, 1, 0, 0
56000, 7635, 1, 0, 0
57000, 7836, 1, 0, 0
58000, 7627, 1, 0, 0
59000, 7643, 1, 0, 0
60000, 7619, 1, 0, 0
61000, 7703, 1, 0, 0
62000, 7492, 1, 0, 0
63000, 7771, 1, 0, 0
64000, 7755, 1, 0, 0
65000, 7903, 1, 0, 0
66000, 7752, 1, 0, 0
67000, 7495, 1, 0, 0
68000, 7539, 1, 0, 0
69000, 7711, 1, 0, 0
70000, 7420, 1, 0, 0
71000, 7543, 1, 0, 0
72000, 7504, 1, 0, 0
73000, 7583, 1, 0, 0
74000, 7776, 1, 0, 0
75000, 7679, 1, 0, 0
76000, 7299, 1, 0, 0
77000, 7551, 1, 0, 0
78000, 7192, 1, 0, 0
79000, 7563, 1, 0, 0
80000, 7899, 1, 0, 0
81000, 7640, 1, 0, 0
82000, 7791, 1, 0, 0
83000, 7627, 1, 0, 0
84000, 7355, 1, 0, 0
85000, 7719, 1, 0, 0
86000, 7620, 1, 0, 0
87000, 7755, 1, 0, 0
88000, 7719, 1, 0, 0
89000, 7552, 1, 0, 0
90000, 7583, 1, 0, 0
91000, 7851, 1, 0, 0
92000, 8240, 1, 0, 0
93000, 7747, 1, 0, 0
94000, 7747, 1, 0, 0
95000, 7803, 1, 0, 0
96000, 7863, 1, 0, 0
97000, 7516, 1, 0, 0
98000, 7891, 1, 0, 0
99000, 7747, 1, 0, 0
100000, 7539, 1, 0, 0
101000, 7455, 1, 0, 0
102000, 7707, 1, 0, 0
103000, 7643, 1, 0, 0
104000, 7772, 1, 0, 0
105000, 7503, 1, 0, 0
106000, 7459, 1, 0, 0
107000, 7776, 1, 0, 0
108000, 7691, 1, 0, 0
109000, 7591, 1, 0, 0
110000, 7367, 1, 0, 0
111000, 7480, 1, 0, 0
112000, 7747, 1, 0, 0
113000, 7711, 1, 0, 0
114000, 7783, 1, 0, 0
115000, 7543, 1, 0, 0
116000, 7988, 1, 0, 0
117000, 7592, 1, 0, 0
118000, 7823, 1, 0, 0
119000, 7824, 1, 0, 0
120000, 7715, 1, 0, 0
121000, 7647, 1, 0, 0
122000, 7628, 1, 0, 0
123000, 7611, 1, 0, 0
124000, 7571, 1, 0, 0
125000, 7903, 1, 0, 0
126000, 7691, 1, 0, 0
127000, 7628, 1, 0, 0
128000, 7463, 1, 0, 0
129000, 7555, 1, 0, 0
130000, 7712, 1, 0, 0
131000, 7727, 1, 0, 0
132000, 7683, 1, 0, 0
133000, 7691, 1, 0, 0
134000, 7456, 1, 0, 0
135000, 7723, 1, 0, 0
136000, 7831, 1, 0, 0
137000, 7860, 1, 0, 0
138000, 7443, 1, 0, 0
139000, 7735, 1, 0, 0
140000, 7899, 1, 0, 0
141000, 7803, 1, 0, 0
142000, 7771, 1, 0, 0
143000, 7751, 1, 0, 0
144000, 7880, 1, 0, 0
145000, 7567, 1, 0, 0
146000, 7916, 1, 0, 0
147000, 7799, 1, 0, 0
148001, 7708, 1, 0, 0
149000, 7531, 1, 0, 0
150000, 7828, 1, 0, 0
151000, 7727, 1, 0, 0
152000, 7555, 1, 0, 0
153000, 7695, 1, 0, 0
154000, 7607, 1, 0, 0
155000, 7835, 1, 0, 0
156000, 7656, 1, 0, 0
157000, 7687, 1, 0, 0
158000, 7591, 1, 0, 0
159000, 7740, 1, 0, 0
160001, 7452, 1, 0, 0
161000, 7679, 1, 0, 0
162000, 7639, 1, 0, 0
163000, 7767, 1, 0, 0
164000, 7767, 1, 0, 0
165000, 7435, 1, 0, 0
166000, 7663, 1, 0, 0
167000, 7739, 1, 0, 0
168000, 7483, 1, 0, 0
169000, 7836, 1, 0, 0
170000, 7603, 1, 0, 0
171000, 7712, 1, 0, 0
172000, 7879, 1, 0, 0
173000, 7743, 1, 0, 0
174000, 7895, 1, 0, 0
175000, 7743, 1, 0, 0
176000, 7767, 1, 0, 0
177000, 7656, 1, 0, 0
178000, 7807, 1, 0, 0
179000, 7543, 1, 0, 0
180000, 7843, 1, 0, 0
