1001, 491, 1, 0, 0
2000, 460, 1, 0, 0
3001, 479, 1, 0, 0
4001, 479, 1, 0, 0
5000, 475, 1, 0, 0
6001, 480, 1, 0, 0
7001, 447, 1, 0, 0
8000, 487, 1, 0, 0
9000, 494, 1, 0, 0
10001, 479, 1, 0, 0
11001, 493, 1, 0, 0
12000, 475, 1, 0, 0
13000, 460, 1, 0, 0
14001, 496, 1, 0, 0
15001, 469, 1, 0, 0
16001, 456, 1, 0, 0
17000, 508, 1, 0, 0
18000, 479, 1, 0, 0
19001, 471, 1, 0, 0
20001, 472, 1, 0, 0
21000, 464, 1, 0, 0
22000, 470, 1, 0, 0
23000, 483, 1, 0, 0
24001, 501, 1, 0, 0
25000, 489, 1, 0, 0
26000, 489, 1, 0, 0
27001, 439, 1, 0, 0
28000, 487, 1, 0, 0
29001, 483, 1, 0, 0
30001, 473, 1, 0, 0
31000, 488, 1, 0, 0
32000, 474, 1, 0, 0
33001, 463, 1, 0, 0
34000, 474, 1, 0, 0
35000, 481, 1, 0, 0
36001, 467, 1, 0, 0
37000, 474, 1, 0, 0
38000, 490, 1, 0, 0
39001, 462, 1, 0, 0
40000, 468, 1, 0, 0
41001, 488, 1, 0, 0
42001, 480, 1, 0, 0
43000, 474, 1, 0, 0
44001, 497, 1, 0, 0
45001, 495, 1, 0, 0
46000, 485, 1, 0, 0
47001, 485, 1, 0, 0
48001, 483, 1, 0, 0
49000, 464, 1, 0, 0
50001, 479, 1, 0, 0
51000, 479, 1, 0, 0
52000, 503, 1, 0, 0
53001, 498, 1, 0, 0
54001, 495, 1, 0, 0
55000, 492, 1, 0, 0
56000, 487, 1, 0, 0
57001, 444, 1, 0, 0
58001, 476, 1, 0, 0
59000, 477, 1, 0, 0
60000, 470, 1, 0, 0
61001, 459, 1, 0, 0
62001, 466, 1, 0, 0
63000, 494, 1, 0, 0
64000, 474, 1, 0, 0
65001, 480, 1, 0, 0
66001, 479, 1, 0, 0
67000, 472, 1, 0, 0
68000, 479, 1, 0, 0
69000, 487, 1, 0, 0
70001, 482, 1, 0, 0
71001, 479, 1, 0, 0
72001, 447, 1, 0, 0
73000, 464, 1, 0, 0
74000, 483, 1, 0, 0
75001, 476, 1, 0, 0
76001, 490, 1, 0, 0
77000, 482, 1, 0, 0
78000, 467, 1, 0, 0
79001, 479, 1, 0, 0
80001, 474, 1, 0, 0
81000, 483, 1, 0, 0
82000, 478, 1, 0, 0
83001, 481, 1, 0, 0
84000, 496, 1, 0, 0
85000, 497, 1, 0, 0
86001, 459, 1, 0, 0
87000, 482, 1, 0, 0
88000, 490, 1, 0, 0
89001, 487, 1, 0, 0
90000, 475, 1, 0, 0
91000, 460, 1, 0, 0
92001, 484, 1, 0, 0
93000, 482, 1, 0, 0
94000, 492, 1, 0, 0
95001, 480, 1, 0, 0
96000, 458, 1, 0, 0
97000, 468, 1, 0, 0
98001, 486, 1, 0, 0
99001, 470, 1, 0, 0
100000, 490, 1, 0, 0
101001, 468, 1, 0, 0
102000, 474, 1, 0, 0
103000, 477, 1, 0, 0
104001, 480, 1, 0, 0
105001, 468, 1, 0, 0
106000, 466, 1, 0, 0
107001, 469, 1, 0, 0
108001, 466, 1, 0, 0
109000, 479, 1, 0, 0
110000, 470, 1, 0, 0
111001, 493, 1, 0, 0
112000, 461, 1, 0, 0
113000, 474, 1, 0, 0
114001, 465, 1, 0, 0
115000, 499, 1, 0, 0
116000, 481, 1, 0, 0
117001, 491, 1, 0, 0
118000, 464, 1, 0, 0
119000, 478, 1, 0, 0
120001, 471, 1, 0, 0
121000, 494, 1, 0, 0
122000, 468, 1, 0, 0
123001, 484, 1, 0, 0
124001, 497, 1, 0, 0
125000, 470, 1, 0, 0
126001, 488, 1, 0, 0
127001, 468, 1, 0, 0
128000, 498, 1, 0, 0
129000, 472, 1, 0, 0
130001, 482, 1, 0, 0
131000, 475, 1, 0, 0
132000, 463, 1, 0, 0
133001, 466, 1, 0, 0
134000, 483, 1, 0, 0
135001, 492, 1, 0, 0
136000, 472, 1, 0, 0
137000, 487, 1, 0, 0
138001, 487, 1, 0, 0
139000, 484, 1, 0, 0
140000, 483, 1, 0, 0
141001, 478, 1, 0, 0
142000, 483, 1, 0, 0
143000, 475, 1, 0, 0
144001, 472, 1, 0, 0
145000, 485, 1, 0, 0
146001, 483, 1, 0, 0
147000, 469, 1, 0, 0
148000, 486, 1, 0, 0
149001, 469, 1, 0, 0
150001, 476, 1, 0, 0
151000, 502, 1, 0, 0
152000, 452, 1, 0, 0
153001, 482, 1, 0, 0
154001, 470, 1, 0, 0
155000, 494, 1, 0, 0
156001, 484, 1, 0, 0
157000, 493, 1, 0, 0
158000, 474, 1, 0, 0
159001, 482, 1, 0, 0
160000, 460, 1, 0, 0
161000, 482, 1, 0, 0
162001, 468, 1, 0, 0
163000, 501, 1, 0, 0
164000, 463, 1, 0, 0
165001, 464, 1, 0, 0
166001, 475, 1, 0, 0
167000, 454, 1, 0, 0
168001, 468, 1, 0, 0
169001, 469, 1, 0, 0
170000, 477, 1, 0, 0
171000, 471, 1, 0, 0
172001, 470, 1, 0, 0
173001, 501, 1, 0, 0
174000, 393, 1, 0, 0
175000, 475, 1, 0, 0
176001, 462, 1, 0, 0
177001, 478, 1, 0, 0
178000, 488, 1, 0, 0
179001, 486, 1, 0, 0
180001, 481, 1, 0, 0
