1002, 3761, 0, 0, 0
2003, 3380, 0, 0, 0
3002, 3693, 0, 0, 0
4000, 3032, 0, 0, 0
5005, 3618, 0, 0, 0
6001, 3595, 0, 0, 0
7003, 3361, 0, 0, 0
8000, 3798, 0, 0, 0
9003, 4004, 0, 0, 0
10002, 3799, 0, 0, 0
11001, 4384, 0, 0, 0
12002, 4610, 0, 0, 0
13002, 4280, 0, 0, 0
14000, 4620, 0, 0, 0
15002, 5134, 0, 0, 0
16001, 4567, 0, 0, 0
17000, 4237, 0, 0, 0
18002, 4223, 0, 0, 0
19001, 4361, 0, 0, 0
20002, 3815, 0, 0, 0
21002, 4133, 0, 0, 0
22002, 3995, 0, 0, 0
23002, 4743, 0, 0, 0
24002, 4413, 0, 0, 0
25003, 4627, 0, 0, 0
26004, 4312, 0, 0, 0
27003, 4754, 0, 0, 0
28003, 4258, 0, 0, 0
29000, 4381, 0, 0, 0
30000, 4109, 0, 0, 0
31000, 3585, 0, 0, 0
32000, 4081, 0, 0, 0
33003, 4524, 0, 0, 0
34003, 4052, 0, 0, 0
35000, 3781, 0, 0, 0
36002, 4430, 0, 0, 0
37002, 4686, 0, 0, 0
38001, 4321, 0, 0, 0
39003, 4255, 0, 0, 0
40002, 3776, 0, 0, 0
41002, 4920, 0, 0, 0
42001, 4750, 0, 0, 0
43001, 4044, 0, 0, 0
44001, 3753, 0, 0, 0
45000, 3233, 0, 0, 0
46001, 3234, 0, 0, 0
47001, 3700, 0, 0, 0
48002, 3160, 0, 0, 0
49001, 3573, 0, 0, 0
50002, 4352, 0, 0, 0
51001, 4943, 0, 0, 0
52002, 4326, 0, 0, 0
53002, 3856, 0, 0, 0
54001, 4343, 0, 0, 0
55000, 4103, 0, 0, 0
56003, 2143, 0, 0, 0
57000, 4309, 0, 0, 0
58001, 4292, 0, 0, 0
59000, 3912, 0, 0, 0
60003, 4091, 0, 0, 0
61002, 4158, 0, 0, 0
62001, 4300, 0, 0, 0
63011, 4071, 0, 0, 0
64000, 3460, 0, 0, 0
65000, 2547, 0, 0, 0
66000, 3302, 0, 0, 0
67000, 3285, 0, 0, 0
68000, 3954, 0, 0, 0
69001, 3590, 0, 0, 0
70000, 3545, 0, 0, 0
71001, 3674, 0, 0, 0
72001, 3591, 0, 0, 0
73001, 3341, 0, 0, 0
74001, 3543, 0, 0, 0
75000, 3851, 0, 0, 0
76000, 4666, 0, 0, 0
77003, 4789, 0, 0, 0
78001, 3119, 0, 0, 0
79003, 3239, 0, 0, 0
80005, 3172, 0, 0, 0
81001, 3115, 0, 0, 0
82000, 2709, 0, 0, 0
83000, 2560, 0, 0, 0
84001, 3012, 0, 0, 0
85010, 3186, 0, 0, 0
86001, 3499, 0, 0, 0
87001, 3987, 0, 0, 0
88000, 3896, 0, 0, 0
89001, 3271, 0, 0, 0
90002, 3200, 0, 0, 0
91003, 3877, 0, 0, 0
92003, 4433, 0, 0, 0
93002, 4009, 0, 0, 0
94000, 4330, 0, 0, 0
95000, 4409, 0, 0, 0
96002, 4599, 0, 0, 0
97002, 3404, 0, 0, 0
98005, 3940, 0, 0, 0
99000, 4040, 0, 0, 0
100000, 3996, 0, 0, 0
101002, 4165, 0, 0, 0
102002, 4357, 0, 0, 0
103000, 3949, 0, 0, 0
104006, 4463, 0, 0, 0
105001, 3602, 0, 0, 0
106000, 4468, 0, 0, 0
107003, 4241, 0, 0, 0
108002, 4151, 0, 0, 0
109001, 4248, 0, 0, 0
110000, 4392, 0, 0, 0
111001, 3644, 0, 0, 0
112000, 3275, 0, 0, 0
113002, 2520, 0, 0, 0
114001, 4002, 0, 0, 0
115001, 4263, 0, 0, 0
116004, 4726, 0, 0, 0
117000, 4222, 0, 0, 0
118001, 4533, 0, 0, 0
119001, 4152, 0, 0, 0
120005, 2670, 0, 0, 0
121001, 4102, 0, 0, 0
122000, 4124, 0, 0, 0
123000, 4503, 0, 0, 0
124000, 4105, 0, 0, 0
125000, 4275, 0, 0, 0
126003, 3929, 0, 0, 0
127001, 4350, 0, 0, 0
128001, 4177, 0, 0, 0
129001, 4220, 0, 0, 0
130000, 4471, 0, 0, 0
131001, 4317, 0, 0, 0
132000, 4288, 0, 0, 0
133000, 4357, 0, 0, 0
134001, 4191, 0, 0, 0
135001, 4695, 0, 0, 0
136000, 4364, 0, 0, 0
137003, 4335, 0, 0, 0
138001, 3969, 0, 0, 0
139001, 4088, 0, 0, 0
140000, 4648, 0, 0, 0
141001, 3826, 0, 0, 0
142000, 3888, 0, 0, 0
143001, 4322, 0, 0, 0
144001, 4421, 0, 0, 0
145001, 4281, 0, 0, 0
146000, 4101, 0, 0, 0
147002, 4879, 0, 0, 0
148004, 4716, 0, 0, 0
149002, 4358, 0, 0, 0
150000, 4027, 0, 0, 0
151000, 4063, 0, 0, 0
152001, 4372, 0, 0, 0
153001, 4209, 0, 0, 0
154000, 4127, 0, 0, 0
155001, 4339, 0, 0, 0
156000, 3483, 0, 0, 0
157001, 4402, 0, 0, 0
158001, 3769, 0, 0, 0
159000, 4091, 0, 0, 0
160002, 4043, 0, 0, 0
161002, 4293, 0, 0, 0
162000, 4382, 0, 0, 0
163001, 3693, 0, 0, 0
164002, 3645, 0, 0, 0
165000, 3510, 0, 0, 0
166000, 3895, 0, 0, 0
167000, 4182, 0, 0, 0
168041, 3535, 0, 0, 0
169001, 4060, 0, 0, 0
170001, 3742, 0, 0, 0
171002, 3697, 0, 0, 0
172001, 3843, 0, 0, 0
173006, 3545, 0, 0, 0
174002, 4505, 0, 0, 0
175000, 4524, 0, 0, 0
176000, 4010, 0, 0, 0
177001, 3873, 0, 0, 0
178001, 4248, 0, 0, 0
179001, 3384, 0, 0, 0
180000, 3990, 0, 0, 0
