999, 395, 0, 0, 0
2000, 435, 0, 0, 0
3000, 442, 0, 0, 0
4000, 436, 0, 0, 0
4999, 451, 0, 0, 0
6000, 434, 0, 0, 0
6999, 448, 0, 0, 0
8000, 453, 0, 0, 0
8999, 450, 0, 0, 0
10000, 448, 0, 0, 0
11000, 438, 0, 0, 0
11999, 453, 0, 0, 0
13000, 442, 0, 0, 0
14000, 450, 0, 0, 0
15000, 458, 0, 0, 0
16000, 449, 0, 0, 0
16999, 453, 0, 0, 0
18000, 453, 0, 0, 0
18999, 446, 0, 0, 0
20000, 461, 0, 0, 0
21000, 446, 0, 0, 0
21999, 463, 0, 0, 0
23000, 461, 0, 0, 0
24000, 439, 0, 0, 0
25000, 445, 0, 0, 0
26000, 435, 0, 0, 0
26999, 438, 0, 0, 0
28000, 446, 0, 0, 0
28999, 410, 0, 0, 0
30000, 451, 0, 0, 0
31000, 453, 0, 0, 0
31999, 453, 0, 0, 0
33000, 438, 0, 0, 0
34000, 442, 0, 0, 0
34999, 449, 0, 0, 0
36000, 453, 0, 0, 0
37000, 451, 0, 0, 0
38000, 452, 0, 0, 0
39000, 438, 0, 0, 0
39999, 433, 0, 0, 0
41000, 463, 0, 0, 0
42000, 451, 0, 0, 0
42999, 463, 0, 0, 0
44000, 467, 0, 0, 0
45000, 440, 0, 0, 0
45999, 437, 0, 0, 0
47000, 422, 0, 0, 0
47999, 425, 0, 0, 0
49000, 438, 0, 0, 0
50000, 447, 0, 0, 0
50999, 440, 0, 0, 0
52000, 453, 0, 0, 0
53000, 463, 0, 0, 0
53999, 450, 0, 0, 0
55000, 447, 0, 0, 0
56000, 460, 0, 0, 0
56999, 461, 0, 0, 0
58000, 456, 0, 0, 0
58999, 454, 0, 0, 0
60000, 461, 0, 0, 0
61000, 459, 0, 0, 0
61999, 462, 0, 0, 0
63000, 458, 0, 0, 0
64000, 464, 0, 0, 0
64999, 465, 0, 0, 0
66000, 456, 0, 0, 0
67000, 453, 0, 0, 0
67999, 451, 0, 0, 0
69000, 462, 0, 0, 0
70000, 448, 0, 0, 0
70999, 447, 0, 0, 0
72000, 460, 0, 0, 0
72999, 448, 0, 0, 0
74000, 456, 0, 0, 0
75000, 454, 0, 0, 0
75999, 464, 0, 0, 0
77000, 455, 0, 0, 0
78000, 453, 0, 0, 0
78999, 465, 0, 0, 0
80000, 452, 0, 0, 0
81000, 452, 0, 0, 0
81999, 448, 0, 0, 0
83000, 457, 0, 0, 0
83999, 452, 0, 0, 0
85000, 462, 0, 0, 0
86000, 448, 0, 0, 0
86999, 443, 0, 0, 0
88000, 438, 0, 0, 0
89000, 446, 0, 0, 0
89999, 428, 0, 0, 0
91000, 429, 0, 0, 0
92000, 444, 0, 0, 0
92999, 419, 0, 0, 0
94000, 449, 0, 0, 0
94999, 396, 0, 0, 0
96000, 387, 0, 0, 0
97000, 366, 0, 0, 0
97999, 358, 0, 0, 0
99000, 289, 0, 0, 0
100000, 411, 0, 0, 0
100999, 441, 0, 0, 0
102000, 427, 0, 0, 0
103000, 439, 0, 0, 0
104000, 451, 0, 0, 0
105000, 445, 0, 0, 0
105999, 428, 0, 0, 0
107000, 457, 0, 0, 0
108000, 427, 0, 0, 0
108999, 445, 0, 0, 0
110000, 440, 0, 0, 0
111000, 443, 0, 0, 0
111999, 428, 0, 0, 0
113000, 450, 0, 0, 0
113999, 429, 0, 0, 0
115000, 436, 0, 0, 0
116000, 410, 0, 0, 0
116999, 428, 0, 0, 0
118000, 451, 0, 0, 0
119000, 446, 0, 0, 0
119999, 444, 0, 0, 0
121000, 411, 0, 0, 0
121999, 450, 0, 0, 0
123000, 454, 0, 0, 0
124000, 453, 0, 0, 0
124999, 449, 0, 0, 0
126000, 453, 0, 0, 0
127000, 456, 0, 0, 0
127999, 467, 0, 0, 0
129000, 446, 0, 0, 0
129999, 449, 0, 0, 0
131000, 457, 0, 0, 0
132000, 457, 0, 0, 0
132999, 433, 0, 0, 0
134000, 443, 0, 0, 0
134999, 452, 0, 0, 0
136000, 450, 0, 0, 0
137000, 442, 0, 0, 0
137999, 444, 0, 0, 0
139000, 439, 0, 0, 0
140000, 462, 0, 0, 0
140999, 459, 0, 0, 0
142000, 462, 0, 0, 0
143000, 449, 0, 0, 0
143999, 443, 0, 0, 0
145000, 460, 0, 0, 0
146000, 462, 0, 0, 0
146999, 459, 0, 0, 0
148000, 477, 0, 0, 0
149000, 470, 0, 0, 0
149999, 428, 0, 0, 0
151000, 429, 0, 0, 0
151999, 448, 0, 0, 0
152999, 460, 0, 0, 0
154000, 436, 0, 0, 0
154999, 448, 0, 0, 0
156000, 442, 0, 0, 0
157000, 444, 0, 0, 0
157999, 443, 0, 0, 0
159000, 441, 0, 0, 0
160000, 453, 0, 0, 0
160999, 444, 0, 0, 0
162000, 430, 0, 0, 0
162999, 411, 0, 0, 0
164000, 461, 0, 0, 0
165000, 441, 0, 0, 0
165999, 446, 0, 0, 0
167000, 450, 0, 0, 0
168000, 436, 0, 0, 0
168999, 460, 0, 0, 0
170000, 451, 0, 0, 0
170999, 445, 0, 0, 0
172000, 432, 0, 0, 0
173000, 430, 0, 0, 0
173999, 448, 0, 0, 0
175000, 424, 0, 0, 0
175999, 445, 0, 0, 0
177000, 408, 0, 0, 0
178000, 415, 0, 0, 0
178999, 438, 0, 0, 0
179999, 434, 0, 0, 0
