1000, 3657330, 0, 0, 0
2033, 4211304, 0, 0, 0
3001, 4066974, 0, 0, 0
4000, 4111604, 0, 0, 0
5018, 4195486, 0, 0, 0
6001, 4090373, 0, 0, 0
7000, 4078077, 0, 0, 0
8025, 4217341, 0, 0, 0
9000, 4176932, 0, 0, 0
10032, 4244429, 0, 0, 0
11000, 4120978, 0, 0, 0
12000, 4229853, 0, 0, 0
13018, 4180805, 0, 0, 0
14028, 4178646, 0, 0, 0
15021, 4160254, 0, 0, 0
16018, 4203173, 0, 0, 0
17001, 4233064, 0, 0, 0
18000, 4108661, 0, 0, 0
19017, 4233447, 0, 0, 0
20001, 4173081, 0, 0, 0
21019, 4109013, 0, 0, 0
22030, 4288538, 0, 0, 0
23018, 4066789, 0, 0, 0
24021, 4180422, 0, 0, 0
25001, 4241702, 0, 0, 0
26000, 4155727, 0, 0, 0
27019, 4211396, 0, 0, 0
28031, 4189771, 0, 0, 0
29013, 4383043, 0, 0, 0
30000, 4007826, 0, 0, 0
31021, 4130485, 0, 0, 0
32017, 4161709, 0, 0, 0
33000, 4216154, 0, 0, 0
34020, 4228951, 0, 0, 0
35031, 4193874, 0, 0, 0
36025, 4197406, 0, 0, 0
37019, 4138113, 0, 0, 0
38029, 4186798, 0, 0, 0
39000, 4105468, 0, 0, 0
40021, 4226943, 0, 0, 0
41030, 4212095, 0, 0, 0
42000, 4174203, 0, 0, 0
43000, 4226649, 0, 0, 0
44018, 4167900, 0, 0, 0
45001, 4259930, 0, 0, 0
46022, 4200574, 0, 0, 0
47019, 4164688, 0, 0, 0
48001, 4276630, 0, 0, 0
49000, 4094752, 0, 0, 0
50018, 4132471, 0, 0, 0
51018, 4165904, 0, 0, 0
52000, 4227767, 0, 0, 0
53019, 4082506, 0, 0, 0
54031, 4134155, 0, 0, 0
55024, 4211190, 0, 0, 0
56020, 4211052, 0, 0, 0
57001, 4158465, 0, 0, 0
58017, 4143694, 0, 0, 0
59001, 4192873, 0, 0, 0
60000, 4178482, 0, 0, 0
61017, 4244301, 0, 0, 0
62000, 4176236, 0, 0, 0
63001, 4134122, 0, 0, 0
64000, 4059209, 0, 0, 0
65001, 4149963, 0, 0, 0
66017, 4098247, 0, 0, 0
67000, 4142399, 0, 0, 0
68020, 4246005, 0, 0, 0
69032, 4145901, 0, 0, 0
70000, 4087819, 0, 0, 0
71020, 4203034, 0, 0, 0
72001, 4189444, 0, 0, 0
73000, 4185986, 0, 0, 0
74030, 4222701, 0, 0, 0
75000, 4142626, 0, 0, 0
76018, 4158500, 0, 0, 0
77028, 4181214, 0, 0, 0
78022, 4199891, 0, 0, 0
79032, 4219669, 0, 0, 0
80018, 4176199, 0, 0, 0
81018, 4161266, 0, 0, 0
82001, 4111644, 0, 0, 0
83019, 4296394, 0, 0, 0
84000, 4180755, 0, 0, 0
85000, 4152712, 0, 0, 0
86000, 4148052, 0, 0, 0
87001, 4184355, 0, 0, 0
88032, 4297768, 0, 0, 0
89001, 4091764, 0, 0, 0
90020, 4150096, 0, 0, 0
91000, 4228848, 0, 0, 0
92025, 4134411, 0, 0, 0
93018, 4141173, 0, 0, 0
94001, 4104483, 0, 0, 0
95022, 4261919, 0, 0, 0
96018, 4333239, 0, 0, 0
97000, 4231691, 0, 0, 0
98018, 4378939, 0, 0, 0
99001, 4125132, 0, 0, 0
100022, 4207792, 0, 0, 0
101019, 4093479, 0, 0, 0
102000, 4219917, 0, 0, 0
103018, 4094461, 0, 0, 0
104028, 4228631, 0, 0, 0
105000, 4077371, 0, 0, 0
106020, 4210016, 0, 0, 0
107000, 4177244, 0, 0, 0
108018, 4185926, 0, 0, 0
109029, 4128722, 0, 0, 0
110000, 4185957, 0, 0, 0
111032, 4194699, 0, 0, 0
112000, 4106034, 0, 0, 0
113021, 4179833, 0, 0, 0
114030, 4141364, 0, 0, 0
115024, 4261159, 0, 0, 0
116019, 4242151, 0, 0, 0
117000, 4154989, 0, 0, 0
118023, 4230174, 0, 0, 0
119017, 4111078, 0, 0, 0
120000, 4235180, 0, 0, 0
121019, 4165735, 0, 0, 0
122019, 4046689, 0, 0, 0
123000, 4143763, 0, 0, 0
124017, 4177797, 0, 0, 0
125022, 4220147, 0, 0, 0
126000, 4119794, 0, 0, 0
127001, 4189489, 0, 0, 0
128030, 4205660, 0, 0, 0
129019, 4194619, 0, 0, 0
130017, 4120476, 0, 0, 0
131000, 4055110, 0, 0, 0
132021, 4207628, 0, 0, 0
133023, 4127795, 0, 0, 0
134000, 4246247, 0, 0, 0
135017, 4213561, 0, 0, 0
136023, 4199612, 0, 0, 0
137018, 4227241, 0, 0, 0
138024, 4155550, 0, 0, 0
139001, 4086088, 0, 0, 0
140021, 4161197, 0, 0, 0
141020, 4175915, 0, 0, 0
142023, 4248178, 0, 0, 0
143017, 4076871, 0, 0, 0
144020, 4065531, 0, 0, 0
145021, 4159749, 0, 0, 0
146018, 4107158, 0, 0, 0
147000, 4187620, 0, 0, 0
148019, 4104989, 0, 0, 0
149001, 4282128, 0, 0, 0
150019, 4163106, 0, 0, 0
151019, 4209624, 0, 0, 0
152001, 4173829, 0, 0, 0
153020, 4145124, 0, 0, 0
154000, 4144306, 0, 0, 0
155020, 4168274, 0, 0, 0
156000, 4187274, 0, 0, 0
157000, 4244363, 0, 0, 0
158001, 4285502, 0, 0, 0
159030, 4247311, 0, 0, 0
160000, 4076321, 0, 0, 0
161018, 4153668, 0, 0, 0
162001, 4194194, 0, 0, 0
163000, 4185223, 0, 0, 0
164030, 4153823, 0, 0, 0
165001, 4295015, 0, 0, 0
166018, 4165152, 0, 0, 0
167021, 4269629, 0, 0, 0
168001, 4281420, 0, 0, 0
169019, 4085230, 0, 0, 0
170030, 4194346, 0, 0, 0
171001, 4127231, 0, 0, 0
172020, 4122422, 0, 0, 0
173001, 4259380, 0, 0, 0
174031, 4183878, 0, 0, 0
175000, 4225321, 0, 0, 0
176019, 4227214, 0, 0, 0
177000, 4263437, 0, 0, 0
178000, 4171783, 0, 0, 0
179016, 4224843, 0, 0, 0
180000, 4171493, 0, 0, 0
180001, 3704076, 0, 0, 0
