1019, 57561431, 0, 0, 0
2021, 68168608, 0, 0, 0
3015, 65835898, 0, 0, 0
4024, 67086149, 0, 0, 0
5022, 66426610, 0, 0, 0
6017, 67095581, 0, 0, 0
7028, 67015760, 0, 0, 0
8021, 67300097, 0, 0, 0
9015, 66965561, 0, 0, 0
10019, 67685240, 0, 0, 0
11020, 66900426, 0, 0, 0
12017, 66177712, 0, 0, 0
13020, 67848592, 0, 0, 0
14015, 66300882, 0, 0, 0
15027, 67582866, 0, 0, 0
16019, 66308247, 0, 0, 0
17016, 66514605, 0, 0, 0
18024, 66837383, 0, 0, 0
19018, 67005875, 0, 0, 0
20028, 66343684, 0, 0, 0
21021, 67072968, 0, 0, 0
22018, 66838665, 0, 0, 0
23026, 66799832, 0, 0, 0
24019, 67098645, 0, 0, 0
25014, 66430938, 0, 0, 0
26024, 67524780, 0, 0, 0
27016, 66219931, 0, 0, 0
28024, 67376466, 0, 0, 0
29016, 66360385, 0, 0, 0
30024, 67389160, 0, 0, 0
31018, 66491256, 0, 0, 0
32018, 66902363, 0, 0, 0
33021, 67513434, 0, 0, 0
34016, 66924929, 0, 0, 0
35027, 67266536, 0, 0, 0
36022, 67054336, 0, 0, 0
37017, 66635032, 0, 0, 0
38017, 67043086, 0, 0, 0
39023, 68172499, 0, 0, 0
40016, 66234605, 0, 0, 0
41028, 67886749, 0, 0, 0
42020, 66454691, 0, 0, 0
43020, 66472465, 0, 0, 0
44023, 67540834, 0, 0, 0
45017, 66628139, 0, 0, 0
46024, 67522459, 0, 0, 0
47025, 66826365, 0, 0, 0
48021, 66287022, 0, 0, 0
49017, 67120576, 0, 0, 0
50015, 66542498, 0, 0, 0
51026, 67510667, 0, 0, 0
52016, 66847427, 0, 0, 0
53015, 66846047, 0, 0, 0
54025, 67314242, 0, 0, 0
55018, 66839558, 0, 0, 0
56030, 66841025, 0, 0, 0
57025, 113894713, 0, 0, 0
58018, 66862728, 0, 0, 0
59017, 66992647, 0, 0, 0
60021, 66994890, 0, 0, 0
61017, 66408177, 0, 0, 0
62026, 66914739, 0, 0, 0
63020, 67128315, 0, 0, 0
64017, 67250554, 0, 0, 0
65027, 67454740, 0, 0, 0
66016, 66150575, 0, 0, 0
67016, 67035078, 0, 0, 0
68027, 67041312, 0, 0, 0
69018, 66328870, 0, 0, 0
70030, 66838097, 0, 0, 0
71025, 67349416, 0, 0, 0
72019, 66631712, 0, 0, 0
73029, 67011729, 0, 0, 0
74019, 67855763, 0, 0, 0
75016, 66558119, 0, 0, 0
76015, 66788065, 0, 0, 0
77025, 67699535, 0, 0, 0
78016, 66314750, 0, 0, 0
79015, 66851077, 0, 0, 0
80026, 67031349, 0, 0, 0
81020, 67825727, 0, 0, 0
82019, 66568065, 0, 0, 0
83018, 66507081, 0, 0, 0
84023, 67465367, 0, 0, 0
85018, 66803881, 0, 0, 0
86022, 66826685, 0, 0, 0
87021, 67533448, 0, 0, 0
88017, 66811352, 0, 0, 0
89026, 67254432, 0, 0, 0
90019, 66161200, 0, 0, 0
91029, 67153398, 0, 0, 0
92017, 67460910, 0, 0, 0
93019, 66542377, 0, 0, 0
94015, 66670954, 0, 0, 0
95023, 67812033, 0, 0, 0
96015, 66617570, 0, 0, 0
97025, 67005972, 0, 0, 0
98019, 66758786, 0, 0, 0
99016, 66705802, 0, 0, 0
100028, 66796968, 0, 0, 0
101021, 66693560, 0, 0, 0
102019, 67401148, 0, 0, 0
103028, 66269153, 0, 0, 0
104023, 67627692, 0, 0, 0
105016, 66804246, 0, 0, 0
106018, 66416757, 0, 0, 0
107020, 67105429, 0, 0, 0
108015, 66349845, 0, 0, 0
109026, 66961045, 0, 0, 0
110021, 67389002, 0, 0, 0
111029, 66198514, 0, 0, 0
112026, 67565644, 0, 0, 0
113022, 67050824, 0, 0, 0
114016, 66765033, 0, 0, 0
115029, 66763398, 0, 0, 0
116026, 67292630, 0, 0, 0
117019, 66698996, 0, 0, 0
118030, 66392762, 0, 0, 0
119025, 67580576, 0, 0, 0
120017, 66610763, 0, 0, 0
121023, 67775073, 0, 0, 0
122017, 65957306, 0, 0, 0
123026, 67356349, 0, 0, 0
124020, 66638871, 0, 0, 0
125028, 66893885, 0, 0, 0
126023, 66815360, 0, 0, 0
127016, 66308687, 0, 0, 0
128029, 67144472, 0, 0, 0
129015, 66757661, 0, 0, 0
130017, 67041462, 0, 0, 0
131014, 66299479, 0, 0, 0
132022, 67889553, 0, 0, 0
133016, 66458767, 0, 0, 0
134017, 67799214, 0, 0, 0
135020, 66601229, 0, 0, 0
136028, 67411599, 0, 0, 0
137019, 66445727, 0, 0, 0
138027, 66637733, 0, 0, 0
139021, 66539416, 0, 0, 0
140016, 66954147, 0, 0, 0
141025, 67356121, 0, 0, 0
142020, 66830528, 0, 0, 0
143023, 66197070, 0, 0, 0
144018, 67092640, 0, 0, 0
145022, 67075381, 0, 0, 0
146016, 66467430, 0, 0, 0
147028, 67761004, 0, 0, 0
148019, 67119848, 0, 0, 0
149016, 66506081, 0, 0, 0
150024, 67272597, 0, 0, 0
151018, 66754285, 0, 0, 0
152024, 67125245, 0, 0, 0
153017, 66798427, 0, 0, 0
154021, 66442385, 0, 0, 0
155021, 67302182, 0, 0, 0
156016, 66610892, 0, 0, 0
157028, 66549451, 0, 0, 0
158022, 67079583, 0, 0, 0
159016, 66751355, 0, 0, 0
160017, 66811470, 0, 0, 0
161022, 67213022, 0, 0, 0
162017, 66270593, 0, 0, 0
163024, 66705121, 0, 0, 0
164023, 67116440, 0, 0, 0
165016, 66837444, 0, 0, 0
166025, 66873190, 0, 0, 0
167021, 66588203, 0, 0, 0
168015, 66777534, 0, 0, 0
169023, 67497951, 0, 0, 0
170017, 66295997, 0, 0, 0
171029, 66946044, 0, 0, 0
172024, 67573390, 0, 0, 0
173019, 66871471, 0, 0, 0
174015, 66487260, 0, 0, 0
175019, 67597389, 0, 0, 0
176019, 66457238, 0, 0, 0
177027, 66739034, 0, 0, 0
178021, 67499709, 0, 0, 0
179015, 66658041, 0, 0, 0
180026, 66835884, 0, 0, 0
180075, 106132104, 0, 0, 0
