1034, 2282, 0, 0, 0
2002, 2322, 0, 0, 0
3000, 2285, 0, 0, 0
4032, 2179, 0, 0, 0
5036, 2215, 0, 0, 0
6034, 2294, 0, 0, 0
7032, 2230, 0, 0, 0
8038, 2224, 0, 0, 0
9031, 2397, 0, 0, 0
10001, 2206, 0, 0, 0
11001, 2288, 0, 0, 0
12046, 2280, 0, 0, 0
13042, 2393, 0, 0, 0
14000, 2321, 0, 0, 0
15033, 2188, 0, 0, 0
16034, 2272, 0, 0, 0
17000, 2275, 0, 0, 0
18000, 2235, 0, 0, 0
19000, 2200, 0, 0, 0
20033, 2334, 0, 0, 0
21000, 2309, 0, 0, 0
22000, 2193, 0, 0, 0
23041, 2305, 0, 0, 0
24000, 2274, 0, 0, 0
25036, 2232, 0, 0, 0
26047, 2249, 0, 0, 0
27042, 2227, 0, 0, 0
28000, 2308, 0, 0, 0
29033, 2226, 0, 0, 0
30000, 2141, 0, 0, 0
31000, 2313, 0, 0, 0
32033, 2307, 0, 0, 0
33001, 2350, 0, 0, 0
34000, 2325, 0, 0, 0
35041, 2235, 0, 0, 0
36035, 2288, 0, 0, 0
37033, 2295, 0, 0, 0
38000, 2239, 0, 0, 0
39001, 2198, 0, 0, 0
40035, 2181, 0, 0, 0
41041, 2203, 0, 0, 0
42000, 2188, 0, 0, 0
43000, 2262, 0, 0, 0
44036, 2098, 0, 0, 0
45000, 2137, 0, 0, 0
46038, 2171, 0, 0, 0
47033, 2185, 0, 0, 0
48000, 2080, 0, 0, 0
49000, 2257, 0, 0, 0
50041, 2263, 0, 0, 0
51000, 2244, 0, 0, 0
52032, 2221, 0, 0, 0
53001, 2218, 0, 0, 0
54000, 2101, 0, 0, 0
55000, 2384, 0, 0, 0
56034, 2159, 0, 0, 0
57000, 2141, 0, 0, 0
58033, 2149, 0, 0, 0
59046, 2260, 0, 0, 0
60000, 2204, 0, 0, 0
61000, 2153, 0, 0, 0
62045, 2264, 0, 0, 0
63001, 2269, 0, 0, 0
64036, 2285, 0, 0, 0
65038, 2249, 0, 0, 0
66033, 2190, 0, 0, 0
67046, 2248, 0, 0, 0
68000, 2209, 0, 0, 0
69032, 2308, 0, 0, 0
70001, 2360, 0, 0, 0
71000, 2179, 0, 0, 0
72036, 2216, 0, 0, 0
73048, 2246, 0, 0, 0
74000, 2257, 0, 0, 0
75037, 2274, 0, 0, 0
76032, 2175, 0, 0, 0
77044, 2276, 0, 0, 0
78000, 2237, 0, 0, 0
79031, 2349, 0, 0, 0
80002, 2159, 0, 0, 0
81031, 2273, 0, 0, 0
82000, 2389, 0, 0, 0
83001, 2252, 0, 0, 0
84037, 2248, 0, 0, 0
85000, 2391, 0, 0, 0
86033, 2484, 0, 0, 0
87039, 2176, 0, 0, 0
88000, 2193, 0, 0, 0
89033, 2122, 0, 0, 0
90034, 2156, 0, 0, 0
91000, 2182, 0, 0, 0
92034, 2257, 0, 0, 0
93036, 2127, 0, 0, 0
94000, 2343, 0, 0, 0
95039, 2534, 0, 0, 0
96001, 2265, 0, 0, 0
97000, 2145, 0, 0, 0
98031, 2219, 0, 0, 0
99000, 2208, 0, 0, 0
100034, 2256, 0, 0, 0
101043, 2193, 0, 0, 0
102001, 2190, 0, 0, 0
103000, 2225, 0, 0, 0
104039, 2224, 0, 0, 0
105040, 2253, 0, 0, 0
106034, 2246, 0, 0, 0
107038, 2277, 0, 0, 0
108039, 2246, 0, 0, 0
109032, 2220, 0, 0, 0
110007, 2291, 0, 0, 0
111034, 2257, 0, 0, 0
112000, 2283, 0, 0, 0
113037, 2275, 0, 0, 0
114032, 2325, 0, 0, 0
115001, 2337, 0, 0, 0
116000, 2211, 0, 0, 0
117000, 2292, 0, 0, 0
118031, 2285, 0, 0, 0
119002, 2194, 0, 0, 0
120034, 2262, 0, 0, 0
121045, 2359, 0, 0, 0
122032, 2336, 0, 0, 0
123031, 2298, 0, 0, 0
124040, 2292, 0, 0, 0
125034, 2193, 0, 0, 0
126000, 2063, 0, 0, 0
127000, 2287, 0, 0, 0
128033, 2266, 0, 0, 0
129043, 2178, 0, 0, 0
130000, 2184, 0, 0, 0
131007, 2267, 0, 0, 0
132000, 2351, 0, 0, 0
133000, 2195, 0, 0, 0
134034, 2273, 0, 0, 0
135046, 2360, 0, 0, 0
136000, 2222, 0, 0, 0
137001, 2355, 0, 0, 0
138031, 2266, 0, 0, 0
139000, 2292, 0, 0, 0
140033, 2171, 0, 0, 0
141045, 2349, 0, 0, 0
142000, 2244, 0, 0, 0
143033, 2364, 0, 0, 0
144000, 2321, 0, 0, 0
145000, 2265, 0, 0, 0
146033, 2287, 0, 0, 0
147000, 2203, 0, 0, 0
148037, 2225, 0, 0, 0
149034, 2299, 0, 0, 0
150045, 2142, 0, 0, 0
151000, 2202, 0, 0, 0
152000, 2259, 0, 0, 0
153034, 2179, 0, 0, 0
154000, 2199, 0, 0, 0
155033, 2216, 0, 0, 0
156000, 2374, 0, 0, 0
157031, 2233, 0, 0, 0
158046, 2348, 0, 0, 0
159001, 2277, 0, 0, 0
160031, 2282, 0, 0, 0
161042, 2322, 0, 0, 0
162000, 2218, 0, 0, 0
163032, 2248, 0, 0, 0
164000, 2202, 0, 0, 0
165000, 2172, 0, 0, 0
166034, 2345, 0, 0, 0
167000, 2214, 0, 0, 0
168001, 2365, 0, 0, 0
169034, 2361, 0, 0, 0
170044, 2369, 0, 0, 0
171038, 2373, 0, 0, 0
172035, 2346, 0, 0, 0
173000, 2305, 0, 0, 0
174034, 2398, 0, 0, 0
175000, 2339, 0, 0, 0
176000, 2143, 0, 0, 0
177038, 2390, 0, 0, 0
178041, 2412, 0, 0, 0
179034, 2217, 0, 0, 0
180039, 2139, 0, 0, 0
