1003, 3746111, 1, 0, 0
2000, 4212826, 1, 0, 0
3000, 4194676, 1, 0, 0
4000, 4170643, 1, 0, 0
5000, 4203896, 1, 0, 0
6000, 4157902, 1, 0, 0
7000, 4039671, 1, 0, 0
8000, 4286581, 1, 0, 0
9000, 4134968, 1, 0, 0
10000, 4053524, 1, 0, 0
11001, 4170347, 1, 0, 0
12000, 4174181, 1, 0, 0
13000, 4130905, 1, 0, 0
14000, 4451965, 1, 0, 0
15001, 3757404, 1, 0, 0
16000, 4051655, 1, 0, 0
17000, 4215138, 1, 0, 0
18001, 4305191, 1, 0, 0
19000, 4104702, 1, 0, 0
20000, 4048204, 1, 0, 0
21000, 3957202, 1, 0, 0
22000, 4159347, 1, 0, 0
23000, 4180501, 1, 0, 0
24000, 4230466, 1, 0, 0
25000, 4087701, 1, 0, 0
26000, 4329168, 1, 0, 0
27000, 4281819, 1, 0, 0
28000, 4105588, 1, 0, 0
29001, 4388617, 1, 0, 0
30002, 4297121, 1, 0, 0
31000, 4123947, 1, 0, 0
32001, 4212028, 1, 0, 0
33000, 4129168, 1, 0, 0
34002, 4384895, 1, 0, 0
35000, 4096903, 1, 0, 0
36000, 4106971, 1, 0, 0
37000, 4345647, 1, 0, 0
38000, 4244658, 1, 0, 0
39000, 4065929, 1, 0, 0
40000, 4169788, 1, 0, 0
41000, 4401796, 1, 0, 0
42005, 4103219, 1, 0, 0
43000, 4198473, 1, 0, 0
44000, 4363404, 1, 0, 0
45000, 4193764, 1, 0, 0
46000, 4080237, 1, 0, 0
47002, 4119304, 1, 0, 0
48000, 4263485, 1, 0, 0
49000, 4101355, 1, 0, 0
50001, 4203510, 1, 0, 0
51047, 4183454, 1, 0, 0
52000, 3903099, 1, 0, 0
53000, 4326446, 1, 0, 0
54002, 4264795, 1, 0, 0
55000, 4095497, 1, 0, 0
56000, 4169188, 1, 0, 0
57000, 4010500, 1, 0, 0
58000, 4129557, 1, 0, 0
59000, 4236328, 1, 0, 0
60000, 4211905, 1, 0, 0
61000, 4275323, 1, 0, 0
62000, 4153276, 1, 0, 0
63000, 4154556, 1, 0, 0
64000, 4237545, 1, 0, 0
65000, 4291873, 1, 0, 0
66000, 4194275, 1, 0, 0
67000, 4029381, 1, 0, 0
68000, 4463296, 1, 0, 0
69000, 4218797, 1, 0, 0
70001, 4081358, 1, 0, 0
71000, 4176370, 1, 0, 0
72000, 4223952, 1, 0, 0
73002, 4188949, 1, 0, 0
74000, 4086368, 1, 0, 0
75001, 4238261, 1, 0, 0
76000, 4345569, 1, 0, 0
77001, 4056928, 1, 0, 0
78000, 4036805, 1, 0, 0
79000, 4340183, 1, 0, 0
80000, 3997092, 1, 0, 0
81000, 4534231, 1, 0, 0
82000, 4210993, 1, 0, 0
83001, 4175558, 1, 0, 0
84000, 4173122, 1, 0, 0
85000, 4154648, 1, 0, 0
86000, 4280974, 1, 0, 0
87000, 4143353, 1, 0, 0
88003, 4037747, 1, 0, 0
89000, 4271141, 1, 0, 0
90004, 4109610, 1, 0, 0
91000, 4438490, 1, 0, 0
92000, 4276873, 1, 0, 0
93000, 4093623, 1, 0, 0
94000, 4254150, 1, 0, 0
95000, 4422689, 1, 0, 0
96001, 3932720, 1, 0, 0
97000, 4361250, 1, 0, 0
98000, 4225080, 1, 0, 0
99000, 4457161, 1, 0, 0
100000, 4040079, 1, 0, 0
101000, 4129651, 1, 0, 0
102002, 4351237, 1, 0, 0
103000, 4248568, 1, 0, 0
104002, 4054554, 1, 0, 0
105001, 4122816, 1, 0, 0
106000, 4146199, 1, 0, 0
107000, 4139523, 1, 0, 0
108000, 4226219, 1, 0, 0
109000, 4080380, 1, 0, 0
110001, 4119445, 1, 0, 0
111000, 5709651, 1, 0, 0
112000, 4087354, 1, 0, 0
113000, 4082634, 1, 0, 0
114003, 4239300, 1, 0, 0
115000, 4172443, 1, 0, 0
116000, 4227662, 1, 0, 0
117000, 4038215, 1, 0, 0
118002, 4208166, 1, 0, 0
119000, 4282945, 1, 0, 0
120000, 4502570, 1, 0, 0
121003, 4257352, 1, 0, 0
122001, 4225632, 1, 0, 0
123000, 4314766, 1, 0, 0
124000, 4203734, 1, 0, 0
125003, 4225597, 1, 0, 0
126001, 4381412, 1, 0, 0
127000, 4197585, 1, 0, 0
128001, 3938939, 1, 0, 0
129000, 4304047, 1, 0, 0
130000, 4117567, 1, 0, 0
131003, 4309718, 1, 0, 0
132001, 4270855, 1, 0, 0
133001, 4189204, 1, 0, 0
134003, 4352899, 1, 0, 0
135001, 4207168, 1, 0, 0
136000, 4088047, 1, 0, 0
137000, 4219923, 1, 0, 0
138000, 4105381, 1, 0, 0
139000, 3980663, 1, 0, 0
140000, 4134598, 1, 0, 0
141000, 4013223, 1, 0, 0
142001, 4108615, 1, 0, 0
143000, 4241264, 1, 0, 0
144000, 4040796, 1, 0, 0
145000, 4181948, 1, 0, 0
146000, 4165275, 1, 0, 0
147000, 4088654, 1, 0, 0
148000, 4200735, 1, 0, 0
149001, 4176867, 1, 0, 0
150000, 4124578, 1, 0, 0
151000, 3974429, 1, 0, 0
152000, 4363026, 1, 0, 0
153000, 4162450, 1, 0, 0
154001, 4111837, 1, 0, 0
155000, 4286030, 1, 0, 0
156000, 3872017, 1, 0, 0
157001, 4205721, 1, 0, 0
158000, 4196355, 1, 0, 0
159000, 4358024, 1, 0, 0
160000, 4191172, 1, 0, 0
161000, 4093988, 1, 0, 0
162000, 4241309, 1, 0, 0
163000, 4165302, 1, 0, 0
164000, 4139000, 1, 0, 0
165000, 4368258, 1, 0, 0
166000, 4013787, 1, 0, 0
167000, 4500318, 1, 0, 0
168000, 4156768, 1, 0, 0
169001, 4060088, 1, 0, 0
170000, 4153276, 1, 0, 0
171000, 4176097, 1, 0, 0
172003, 4109665, 1, 0, 0
173000, 3965775, 1, 0, 0
174000, 4108208, 1, 0, 0
175001, 4178037, 1, 0, 0
176000, 4364489, 1, 0, 0
177000, 4203568, 1, 0, 0
178000, 4107727, 1, 0, 0
179001, 4033081, 1, 0, 0
180000, 4307743, 1, 0, 0
180000, 814298, 1, 0, 0
