1012, 2228, 1, 0, 0
2008, 2157, 1, 0, 0
3016, 2226, 1, 0, 0
4021, 2153, 1, 0, 0
5015, 2266, 1, 0, 0
6011, 2232, 1, 0, 0
7009, 2185, 1, 0, 0
8011, 7892, 1, 0, 0
9008, 2143, 1, 0, 0
10018, 2204, 1, 0, 0
11012, 2233, 1, 0, 0
12022, 2213, 1, 0, 0
13014, 2181, 1, 0, 0
14008, 2251, 1, 0, 0
15016, 2330, 1, 0, 0
16010, 2202, 1, 0, 0
17017, 2195, 1, 0, 0
18011, 2122, 1, 0, 0
19021, 2218, 1, 0, 0
20017, 2198, 1, 0, 0
21012, 2172, 1, 0, 0
22012, 2267, 1, 0, 0
23015, 2300, 1, 0, 0
24011, 2302, 1, 0, 0
25011, 2339, 1, 0, 0
26014, 2424, 1, 0, 0
27025, 2498, 1, 0, 0
28016, 2394, 1, 0, 0
29009, 2485, 1, 0, 0
30014, 2503, 1, 0, 0
31016, 2413, 1, 0, 0
32010, 2414, 1, 0, 0
33007, 2445, 1, 0, 0
34010, 2465, 1, 0, 0
35009, 2535, 1, 0, 0
36006, 2459, 1, 0, 0
37010, 2368, 1, 0, 0
38007, 2497, 1, 0, 0
39018, 2497, 1, 0, 0
40013, 2389, 1, 0, 0
41009, 2431, 1, 0, 0
42016, 2372, 1, 0, 0
43012, 2377, 1, 0, 0
44025, 2283, 1, 0, 0
45016, 2390, 1, 0, 0
46010, 2293, 1, 0, 0
47014, 2285, 1, 0, 0
48013, 2350, 1, 0, 0
49008, 2497, 1, 0, 0
50016, 2369, 1, 0, 0
51011, 2332, 1, 0, 0
52015, 2320, 1, 0, 0
53017, 2371, 1, 0, 0
54010, 2373, 1, 0, 0
55021, 2412, 1, 0, 0
56015, 2319, 1, 0, 0
57009, 2239, 1, 0, 0
58019, 2295, 1, 0, 0
59013, 2365, 1, 0, 0
60008, 2342, 1, 0, 0
61007, 2387, 1, 0, 0
62009, 2337, 1, 0, 0
63012, 2317, 1, 0, 0
64017, 2283, 1, 0, 0
65010, 2337, 1, 0, 0
66010, 2328, 1, 0, 0
67015, 2267, 1, 0, 0
68009, 2356, 1, 0, 0
69021, 2411, 1, 0, 0
70018, 2349, 1, 0, 0
71013, 2350, 1, 0, 0
72022, 2355, 1, 0, 0
73020, 2319, 1, 0, 0
74016, 2390, 1, 0, 0
75008, 2335, 1, 0, 0
76018, 2290, 1, 0, 0
77012, 2372, 1, 0, 0
78008, 2406, 1, 0, 0
79017, 2291, 1, 0, 0
80011, 2257, 1, 0, 0
81000, 2357, 1, 0, 0
82008, 2427, 1, 0, 0
83011, 2372, 1, 0, 0
84014, 2299, 1, 0, 0
85010, 2247, 1, 0, 0
86011, 2415, 1, 0, 0
87016, 2562, 1, 0, 0
88011, 2458, 1, 0, 0
89019, 2485, 1, 0, 0
90015, 2455, 1, 0, 0
91011, 2418, 1, 0, 0
92010, 2417, 1, 0, 0
93011, 2403, 1, 0, 0
94014, 2465, 1, 0, 0
95014, 2507, 1, 0, 0
96011, 2462, 1, 0, 0
97012, 2371, 1, 0, 0
98012, 2370, 1, 0, 0
99001, 2373, 1, 0, 0
100013, 2433, 1, 0, 0
101023, 2382, 1, 0, 0
102015, 2475, 1, 0, 0
103011, 2434, 1, 0, 0
104007, 2480, 1, 0, 0
105016, 2425, 1, 0, 0
106009, 2510, 1, 0, 0
107008, 2453, 1, 0, 0
108012, 2610, 1, 0, 0
109009, 2431, 1, 0, 0
110018, 2351, 1, 0, 0
111011, 2345, 1, 0, 0
112014, 2459, 1, 0, 0
113013, 2226, 1, 0, 0
114007, 2244, 1, 0, 0
115013, 2174, 1, 0, 0
116015, 2213, 1, 0, 0
117010, 2204, 1, 0, 0
118010, 2209, 1, 0, 0
119016, 2272, 1, 0, 0
120009, 2198, 1, 0, 0
121014, 2230, 1, 0, 0
122006, 2169, 1, 0, 0
123016, 2080, 1, 0, 0
124008, 2213, 1, 0, 0
125013, 2140, 1, 0, 0
126016, 2302, 1, 0, 0
127008, 2230, 1, 0, 0
128016, 2179, 1, 0, 0
129008, 2279, 1, 0, 0
130012, 2259, 1, 0, 0
131011, 2240, 1, 0, 0
132021, 2207, 1, 0, 0
133018, 2132, 1, 0, 0
134010, 2230, 1, 0, 0
135014, 2224, 1, 0, 0
136014, 2156, 1, 0, 0
137008, 2202, 1, 0, 0
138008, 2123, 1, 0, 0
139019, 2147, 1, 0, 0
140011, 2261, 1, 0, 0
141008, 2160, 1, 0, 0
142018, 2282, 1, 0, 0
143013, 2079, 1, 0, 0
144011, 2217, 1, 0, 0
145013, 2134, 1, 0, 0
146000, 2124, 1, 0, 0
147020, 2214, 1, 0, 0
148012, 2287, 1, 0, 0
149006, 2188, 1, 0, 0
150017, 2052, 1, 0, 0
151009, 2149, 1, 0, 0
152013, 2193, 1, 0, 0
153014, 2299, 1, 0, 0
154014, 2224, 1, 0, 0
155021, 2173, 1, 0, 0
156016, 2131, 1, 0, 0
157008, 2228, 1, 0, 0
158019, 2063, 1, 0, 0
159013, 2132, 1, 0, 0
160020, 2282, 1, 0, 0
161013, 2164, 1, 0, 0
162021, 2130, 1, 0, 0
163007, 2230, 1, 0, 0
164009, 2297, 1, 0, 0
165022, 2207, 1, 0, 0
166016, 2136, 1, 0, 0
167011, 2138, 1, 0, 0
168021, 2415, 1, 0, 0
169016, 2206, 1, 0, 0
170013, 2253, 1, 0, 0
171010, 2145, 1, 0, 0
172013, 2167, 1, 0, 0
173014, 2324, 1, 0, 0
174018, 2150, 1, 0, 0
175012, 2158, 1, 0, 0
176020, 2401, 1, 0, 0
177007, 2191, 1, 0, 0
178007, 2130, 1, 0, 0
179014, 2161, 1, 0, 0
180026, 2240, 1, 0, 0
