1000, 1010631, 1, 0, 0
2000, 1011084, 1, 0, 0
3000, 1044906, 1, 0, 0
4000, 1051067, 1, 0, 0
5000, 1038942, 1, 0, 0
6000, 1042549, 1, 0, 0
7000, 1042243, 1, 0, 0
8000, 1062572, 1, 0, 0
9000, 1025241, 1, 0, 0
10000, 1060015, 1, 0, 0
11000, 1038374, 1, 0, 0
12000, 1032932, 1, 0, 0
13000, 1063725, 1, 0, 0
14000, 1034387, 1, 0, 0
15000, 1057980, 1, 0, 0
16000, 1021026, 1, 0, 0
17000, 1054295, 1, 0, 0
18000, 1036282, 1, 0, 0
19000, 1047674, 1, 0, 0
20000, 1050786, 1, 0, 0
21000, 1034975, 1, 0, 0
22000, 1052142, 1, 0, 0
23000, 1252692, 1, 0, 0
24000, 972600, 1, 0, 0
25000, 1042032, 1, 0, 0
26000, 1040540, 1, 0, 0
27000, 1043827, 1, 0, 0
28000, 1039413, 1, 0, 0
29000, 1045893, 1, 0, 0
30000, 1055341, 1, 0, 0
31000, 1040890, 1, 0, 0
32000, 1044406, 1, 0, 0
33000, 1064959, 1, 0, 0
34000, 1023935, 1, 0, 0
35000, 1039437, 1, 0, 0
36000, 1053843, 1, 0, 0
37000, 1038001, 1, 0, 0
38000, 1053240, 1, 0, 0
39000, 1033203, 1, 0, 0
40000, 1051037, 1, 0, 0
41000, 1034885, 1, 0, 0
42000, 1044971, 1, 0, 0
43000, 1050187, 1, 0, 0
44000, 1043758, 1, 0, 0
45000, 1065194, 1, 0, 0
46000, 1029360, 1, 0, 0
47000, 1040598, 1, 0, 0
48000, 1044045, 1, 0, 0
49000, 1059607, 1, 0, 0
50000, 1036316, 1, 0, 0
51000, 1041618, 1, 0, 0
52000, 1040718, 1, 0, 0
53000, 1034285, 1, 0, 0
54000, 1047953, 1, 0, 0
55000, 1046640, 1, 0, 0
56000, 1040238, 1, 0, 0
57000, 1047830, 1, 0, 0
58000, 1050724, 1, 0, 0
59000, 1064339, 1, 0, 0
60000, 1024622, 1, 0, 0
61000, 1045472, 1, 0, 0
62000, 1033130, 1, 0, 0
63000, 1039189, 1, 0, 0
64000, 1058349, 1, 0, 0
65000, 1037982, 1, 0, 0
66000, 1039075, 1, 0, 0
67000, 1047038, 1, 0, 0
68000, 1035142, 1, 0, 0
69000, 1038768, 1, 0, 0
70000, 1040448, 1, 0, 0
71000, 1044920, 1, 0, 0
72000, 1059378, 1, 0, 0
73000, 1024492, 1, 0, 0
74000, 1042901, 1, 0, 0
75000, 1043929, 1, 0, 0
76000, 1049658, 1, 0, 0
77000, 1048542, 1, 0, 0
78000, 1036021, 1, 0, 0
79000, 1051481, 1, 0, 0
80000, 1032406, 1, 0, 0
81000, 1040380, 1, 0, 0
82000, 1052049, 1, 0, 0
83000, 1043214, 1, 0, 0
84000, 1057313, 1, 0, 0
85000, 1047321, 1, 0, 0
86000, 1030869, 1, 0, 0
87000, 1066346, 1, 0, 0
88000, 1021418, 1, 0, 0
89000, 1052473, 1, 0, 0
90000, 1050219, 1, 0, 0
91000, 1036912, 1, 0, 0
92000, 1035821, 1, 0, 0
93000, 1064534, 1, 0, 0
94000, 1033673, 1, 0, 0
95000, 1045398, 1, 0, 0
96000, 1045153, 1, 0, 0
97000, 1054999, 1, 0, 0
98000, 1043039, 1, 0, 0
99000, 1039500, 1, 0, 0
100000, 1057376, 1, 0, 0
101000, 1035619, 1, 0, 0
102000, 1035946, 1, 0, 0
103000, 1066534, 1, 0, 0
104000, 1023766, 1, 0, 0
105000, 1072482, 1, 0, 0
106000, 1022301, 1, 0, 0
107000, 1030468, 1, 0, 0
108000, 1049875, 1, 0, 0
109000, 1061029, 1, 0, 0
110000, 1015470, 1, 0, 0
111000, 1052947, 1, 0, 0
112000, 1042240, 1, 0, 0
113000, 1070240, 1, 0, 0
114000, 1024397, 1, 0, 0
115000, 1041636, 1, 0, 0
116000, 1045772, 1, 0, 0
117000, 1039007, 1, 0, 0
118000, 1032546, 1, 0, 0
119000, 1079024, 1, 0, 0
120000, 1011777, 1, 0, 0
121000, 1093282, 1, 0, 0
122000, 1006026, 1, 0, 0
123000, 1045377, 1, 0, 0
124000, 1049890, 1, 0, 0
125000, 1033977, 1, 0, 0
126000, 1065851, 1, 0, 0
127000, 1054985, 1, 0, 0
128000, 1029650, 1, 0, 0
129000, 1040071, 1, 0, 0
130000, 1046685, 1, 0, 0
131000, 1026843, 1, 0, 0
132000, 1054766, 1, 0, 0
133000, 1042690, 1, 0, 0
134000, 1053164, 1, 0, 0
135000, 1054224, 1, 0, 0
136000, 1031498, 1, 0, 0
137000, 1067345, 1, 0, 0
138000, 1021857, 1, 0, 0
139000, 1048316, 1, 0, 0
140000, 1030674, 1, 0, 0
141000, 1063176, 1, 0, 0
142000, 1029269, 1, 0, 0
143000, 1042531, 1, 0, 0
144000, 1050372, 1, 0, 0
145000, 1026184, 1, 0, 0
146000, 1049296, 1, 0, 0
147000, 1070486, 1, 0, 0
148000, 1028974, 1, 0, 0
149000, 1061996, 1, 0, 0
150000, 1021863, 1, 0, 0
151000, 1049773, 1, 0, 0
152000, 1049216, 1, 0, 0
153000, 1062840, 1, 0, 0
154000, 1013709, 1, 0, 0
155000, 1056286, 1, 0, 0
156000, 1038934, 1, 0, 0
157000, 1049550, 1, 0, 0
158000, 1064043, 1, 0, 0
159000, 1019851, 1, 0, 0
160000, 1034813, 1, 0, 0
161000, 1067620, 1, 0, 0
162000, 1019637, 1, 0, 0
163000, 1048111, 1, 0, 0
164000, 1028995, 1, 0, 0
165000, 1053326, 1, 0, 0
166000, 1041386, 1, 0, 0
167000, 1036105, 1, 0, 0
168000, 1057098, 1, 0, 0
169000, 1031757, 1, 0, 0
170000, 1050283, 1, 0, 0
171014, 1046870, 1, 0, 0
171381, 1090315, 1, 0, 0
