1000, 941, 0, 0, 0
2000, 947, 0, 0, 0
3000, 985, 0, 0, 0
4001, 975, 0, 0, 0
5000, 970, 0, 0, 0
6000, 952, 0, 0, 0
7000, 936, 0, 0, 0
8000, 946, 0, 0, 0
9000, 966, 0, 0, 0
10001, 935, 0, 0, 0
11000, 960, 0, 0, 0
12000, 945, 0, 0, 0
13000, 933, 0, 0, 0
14000, 955, 0, 0, 0
15000, 962, 0, 0, 0
16000, 940, 0, 0, 0
17000, 941, 0, 0, 0
18001, 962, 0, 0, 0
19000, 949, 0, 0, 0
20000, 952, 0, 0, 0
21001, 962, 0, 0, 0
22000, 955, 0, 0, 0
23000, 977, 0, 0, 0
24001, 915, 0, 0, 0
25000, 962, 0, 0, 0
26000, 943, 0, 0, 0
27001, 940, 0, 0, 0
28000, 934, 0, 0, 0
29000, 939, 0, 0, 0
30000, 918, 0, 0, 0
31000, 933, 0, 0, 0
32001, 946, 0, 0, 0
33000, 957, 0, 0, 0
34000, 933, 0, 0, 0
35001, 946, 0, 0, 0
36000, 953, 0, 0, 0
37000, 924, 0, 0, 0
38001, 863, 0, 0, 0
39000, 929, 0, 0, 0
40000, 931, 0, 0, 0
41000, 954, 0, 0, 0
42000, 951, 0, 0, 0
43000, 972, 0, 0, 0
44000, 947, 0, 0, 0
45000, 964, 0, 0, 0
46000, 954, 0, 0, 0
47000, 923, 0, 0, 0
48001, 917, 0, 0, 0
49000, 913, 0, 0, 0
50000, 952, 0, 0, 0
51001, 922, 0, 0, 0
52000, 925, 0, 0, 0
53001, 921, 0, 0, 0
54000, 906, 0, 0, 0
55000, 931, 0, 0, 0
56000, 938, 0, 0, 0
57001, 928, 0, 0, 0
58000, 933, 0, 0, 0
59001, 949, 0, 0, 0
60000, 938, 0, 0, 0
61000, 939, 0, 0, 0
62001, 940, 0, 0, 0
63000, 902, 0, 0, 0
64001, 947, 0, 0, 0
65000, 944, 0, 0, 0
66000, 969, 0, 0, 0
67001, 959, 0, 0, 0
68000, 919, 0, 0, 0
69001, 937, 0, 0, 0
70000, 928, 0, 0, 0
71000, 926, 0, 0, 0
72001, 931, 0, 0, 0
73000, 930, 0, 0, 0
74000, 927, 0, 0, 0
75000, 921, 0, 0, 0
76000, 927, 0, 0, 0
77001, 945, 0, 0, 0
78000, 950, 0, 0, 0
79000, 909, 0, 0, 0
80000, 930, 0, 0, 0
81000, 929, 0, 0, 0
82000, 935, 0, 0, 0
83000, 943, 0, 0, 0
84001, 880, 0, 0, 0
85000, 937, 0, 0, 0
86000, 962, 0, 0, 0
87001, 961, 0, 0, 0
88000, 935, 0, 0, 0
89001, 893, 0, 0, 0
90000, 930, 0, 0, 0
91000, 942, 0, 0, 0
92001, 962, 0, 0, 0
93000, 921, 0, 0, 0
94000, 974, 0, 0, 0
95000, 956, 0, 0, 0
96000, 937, 0, 0, 0
97001, 925, 0, 0, 0
98000, 935, 0, 0, 0
99000, 924, 0, 0, 0
100001, 935, 0, 0, 0
101000, 938, 0, 0, 0
102000, 930, 0, 0, 0
103001, 904, 0, 0, 0
104000, 932, 0, 0, 0
105000, 946, 0, 0, 0
106000, 939, 0, 0, 0
107000, 944, 0, 0, 0
108001, 950, 0, 0, 0
109000, 958, 0, 0, 0
110001, 925, 0, 0, 0
111000, 923, 0, 0, 0
112000, 922, 0, 0, 0
113001, 933, 0, 0, 0
114000, 921, 0, 0, 0
115000, 910, 0, 0, 0
116000, 935, 0, 0, 0
117000, 915, 0, 0, 0
118001, 919, 0, 0, 0
119000, 922, 0, 0, 0
120000, 914, 0, 0, 0
121001, 914, 0, 0, 0
122000, 938, 0, 0, 0
123000, 955, 0, 0, 0
124000, 951, 0, 0, 0
125000, 939, 0, 0, 0
126001, 934, 0, 0, 0
127000, 975, 0, 0, 0
128000, 942, 0, 0, 0
129001, 956, 0, 0, 0
130000, 975, 0, 0, 0
131001, 932, 0, 0, 0
132000, 939, 0, 0, 0
133000, 942, 0, 0, 0
134001, 951, 0, 0, 0
135000, 943, 0, 0, 0
136000, 921, 0, 0, 0
137000, 940, 0, 0, 0
138000, 928, 0, 0, 0
139001, 934, 0, 0, 0
140000, 935, 0, 0, 0
141000, 939, 0, 0, 0
142001, 935, 0, 0, 0
143000, 919, 0, 0, 0
144000, 919, 0, 0, 0
145001, 953, 0, 0, 0
146000, 957, 0, 0, 0
147000, 940, 0, 0, 0
148000, 944, 0, 0, 0
149000, 952, 0, 0, 0
150001, 949, 0, 0, 0
151000, 957, 0, 0, 0
152000, 936, 0, 0, 0
153000, 941, 0, 0, 0
154000, 944, 0, 0, 0
155001, 967, 0, 0, 0
156000, 949, 0, 0, 0
157000, 936, 0, 0, 0
158000, 924, 0, 0, 0
159000, 935, 0, 0, 0
160001, 941, 0, 0, 0
161000, 932, 0, 0, 0
162001, 911, 0, 0, 0
163000, 924, 0, 0, 0
164001, 943, 0, 0, 0
165000, 942, 0, 0, 0
166001, 931, 0, 0, 0
167000, 933, 0, 0, 0
168001, 960, 0, 0, 0
169000, 949, 0, 0, 0
170000, 932, 0, 0, 0
171001, 953, 0, 0, 0
172000, 927, 0, 0, 0
173001, 925, 0, 0, 0
174000, 885, 0, 0, 0
175000, 924, 0, 0, 0
176000, 927, 0, 0, 0
177000, 900, 0, 0, 0
178001, 902, 0, 0, 0
179000, 902, 0, 0, 0
180000, 928, 0, 0, 0
