1001, 2239041, 0, 0, 0
2001, 2237213, 0, 0, 0
3001, 2345618, 0, 0, 0
4000, 2180624, 0, 0, 0
5001, 2184316, 0, 0, 0
6000, 2322990, 0, 0, 0
7002, 2311377, 0, 0, 0
8004, 2381169, 0, 0, 0
9001, 2459892, 0, 0, 0
10001, 2544050, 0, 0, 0
11000, 2238031, 0, 0, 0
12000, 2309203, 0, 0, 0
13001, 2279114, 0, 0, 0
14001, 2281440, 0, 0, 0
15000, 2239810, 0, 0, 0
16001, 2299556, 0, 0, 0
17000, 2349126, 0, 0, 0
18001, 2238282, 0, 0, 0
19001, 2277780, 0, 0, 0
20001, 2346071, 0, 0, 0
21001, 2212092, 0, 0, 0
22002, 2293793, 0, 0, 0
23000, 2192600, 0, 0, 0
24000, 2242925, 0, 0, 0
25000, 2190650, 0, 0, 0
26003, 2416006, 0, 0, 0
27000, 2226019, 0, 0, 0
28000, 2161751, 0, 0, 0
29000, 2283624, 0, 0, 0
30003, 2242005, 0, 0, 0
31001, 2165074, 0, 0, 0
32002, 2272883, 0, 0, 0
33000, 2248089, 0, 0, 0
34001, 2202439, 0, 0, 0
35001, 2325217, 0, 0, 0
36000, 2269120, 0, 0, 0
37000, 2191620, 0, 0, 0
38000, 2184082, 0, 0, 0
39000, 2180746, 0, 0, 0
40000, 2187440, 0, 0, 0
41000, 2174278, 0, 0, 0
42001, 2248894, 0, 0, 0
43000, 2293761, 0, 0, 0
44003, 2285332, 0, 0, 0
45000, 2199686, 0, 0, 0
46002, 2220017, 0, 0, 0
47001, 2165938, 0, 0, 0
48000, 2271104, 0, 0, 0
49000, 2186110, 0, 0, 0
50000, 2168214, 0, 0, 0
51001, 2189048, 0, 0, 0
52000, 2211042, 0, 0, 0
53002, 2285548, 0, 0, 0
54001, 2394105, 0, 0, 0
55001, 2329755, 0, 0, 0
56002, 2349109, 0, 0, 0
57002, 2256393, 0, 0, 0
58001, 2195214, 0, 0, 0
59000, 2250028, 0, 0, 0
60001, 2264033, 0, 0, 0
61001, 2270586, 0, 0, 0
62000, 2233371, 0, 0, 0
63001, 2162852, 0, 0, 0
64000, 2193717, 0, 0, 0
65000, 2201455, 0, 0, 0
66000, 2188363, 0, 0, 0
67000, 2190853, 0, 0, 0
68000, 2191501, 0, 0, 0
69001, 2166591, 0, 0, 0
70002, 2342644, 0, 0, 0
71000, 2182987, 0, 0, 0
72000, 2230700, 0, 0, 0
73001, 2185430, 0, 0, 0
74000, 2343345, 0, 0, 0
75001, 2291507, 0, 0, 0
76000, 2193921, 0, 0, 0
77001, 2263129, 0, 0, 0
78001, 2221960, 0, 0, 0
79001, 2242193, 0, 0, 0
80002, 2352239, 0, 0, 0
81000, 2322139, 0, 0, 0
82002, 2290678, 0, 0, 0
83001, 2219869, 0, 0, 0
84001, 2288031, 0, 0, 0
85001, 2290676, 0, 0, 0
86001, 2386414, 0, 0, 0
87001, 2307922, 0, 0, 0
88001, 2310254, 0, 0, 0
89000, 2228916, 0, 0, 0
90000, 2241472, 0, 0, 0
91001, 2208037, 0, 0, 0
92000, 2219284, 0, 0, 0
93001, 2371049, 0, 0, 0
94000, 2204654, 0, 0, 0
95001, 2247190, 0, 0, 0
96001, 2237346, 0, 0, 0
97001, 2240088, 0, 0, 0
98000, 2260217, 0, 0, 0
99000, 2224989, 0, 0, 0
100001, 2275411, 0, 0, 0
101001, 2200742, 0, 0, 0
102001, 2286866, 0, 0, 0
103000, 2185063, 0, 0, 0
104001, 2306099, 0, 0, 0
105001, 2283605, 0, 0, 0
106004, 2330574, 0, 0, 0
107001, 2255377, 0, 0, 0
108001, 2281100, 0, 0, 0
109000, 2276095, 0, 0, 0
110000, 2195823, 0, 0, 0
111000, 2266020, 0, 0, 0
112002, 2245359, 0, 0, 0
113000, 2257167, 0, 0, 0
114004, 2193084, 0, 0, 0
115000, 2187869, 0, 0, 0
116000, 2385382, 0, 0, 0
117000, 2251838, 0, 0, 0
118001, 2331026, 0, 0, 0
119001, 2226925, 0, 0, 0
120004, 2232425, 0, 0, 0
121000, 2183620, 0, 0, 0
122000, 2196770, 0, 0, 0
123001, 2203836, 0, 0, 0
124000, 2284186, 0, 0, 0
125001, 2120594, 0, 0, 0
126003, 2180465, 0, 0, 0
127002, 2106671, 0, 0, 0
128000, 2237510, 0, 0, 0
129000, 2226905, 0, 0, 0
130001, 2227715, 0, 0, 0
131000, 2250335, 0, 0, 0
132000, 2163395, 0, 0, 0
133000, 2225121, 0, 0, 0
134001, 2156868, 0, 0, 0
135000, 2155740, 0, 0, 0
136001, 2161997, 0, 0, 0
137000, 2332133, 0, 0, 0
138001, 2175401, 0, 0, 0
139002, 2258632, 0, 0, 0
140001, 2240438, 0, 0, 0
141000, 2212592, 0, 0, 0
142002, 2281405, 0, 0, 0
143001, 2302154, 0, 0, 0
144002, 2218337, 0, 0, 0
145000, 2320015, 0, 0, 0
146002, 2301322, 0, 0, 0
147002, 2187547, 0, 0, 0
148001, 2234984, 0, 0, 0
149001, 2220576, 0, 0, 0
150000, 2194375, 0, 0, 0
151001, 2233179, 0, 0, 0
152401, 3527613, 0, 0, 0
153000, 2200897, 0, 0, 0
154000, 2219835, 0, 0, 0
155000, 2231495, 0, 0, 0
156001, 2194692, 0, 0, 0
157000, 2233468, 0, 0, 0
158000, 2267112, 0, 0, 0
159000, 2247396, 0, 0, 0
160000, 2260906, 0, 0, 0
161000, 2163634, 0, 0, 0
162000, 2177333, 0, 0, 0
163002, 2244950, 0, 0, 0
164001, 2255809, 0, 0, 0
165001, 2191006, 0, 0, 0
166001, 2231253, 0, 0, 0
167001, 2186588, 0, 0, 0
168001, 2262536, 0, 0, 0
169000, 2214215, 0, 0, 0
170001, 2164778, 0, 0, 0
171001, 2182553, 0, 0, 0
172001, 2183913, 0, 0, 0
173001, 2205698, 0, 0, 0
174001, 2117144, 0, 0, 0
175000, 2094715, 0, 0, 0
176001, 2262113, 0, 0, 0
177001, 2173159, 0, 0, 0
178000, 2189709, 0, 0, 0
179000, 2197235, 0, 0, 0
180001, 2181223, 0, 0, 0
