1012, 1840333, 1, 0, 0
2000, 2109190, 1, 0, 0
3001, 2050705, 1, 0, 0
4005, 2157107, 1, 0, 0
5006, 2033241, 1, 0, 0
6000, 2096058, 1, 0, 0
7008, 2125761, 1, 0, 0
8002, 2093084, 1, 0, 0
9012, 2174084, 1, 0, 0
10004, 2151557, 1, 0, 0
11001, 2080541, 1, 0, 0
12000, 2089880, 1, 0, 0
13002, 2026459, 1, 0, 0
14000, 2119040, 1, 0, 0
15001, 2075231, 1, 0, 0
16000, 2189813, 1, 0, 0
17000, 1944116, 1, 0, 0
18000, 2045399, 1, 0, 0
19001, 2061775, 1, 0, 0
20013, 2089476, 1, 0, 0
21006, 2108080, 1, 0, 0
22000, 2122666, 1, 0, 0
23004, 2103424, 1, 0, 0
24002, 2023701, 1, 0, 0
25001, 2081599, 1, 0, 0
26005, 2111611, 1, 0, 0
27000, 2099446, 1, 0, 0
28000, 2113285, 1, 0, 0
29009, 2177719, 1, 0, 0
30004, 2045537, 1, 0, 0
31000, 2040054, 1, 0, 0
32007, 2147451, 1, 0, 0
33000, 2132996, 1, 0, 0
34008, 2086210, 1, 0, 0
35001, 2108561, 1, 0, 0
36000, 2134218, 1, 0, 0
37005, 2073982, 1, 0, 0
38005, 2155780, 1, 0, 0
39000, 2102027, 1, 0, 0
40000, 2019074, 1, 0, 0
41006, 2023139, 1, 0, 0
42001, 2191054, 1, 0, 0
43002, 2106926, 1, 0, 0
44005, 2118726, 1, 0, 0
45000, 1981724, 1, 0, 0
46001, 2016198, 1, 0, 0
47000, 1997848, 1, 0, 0
48008, 2061056, 1, 0, 0
49002, 2010700, 1, 0, 0
50013, 2052682, 1, 0, 0
51006, 2153551, 1, 0, 0
52002, 2062278, 1, 0, 0
53000, 1994739, 1, 0, 0
54000, 2010482, 1, 0, 0
55008, 2108995, 1, 0, 0
56006, 2085453, 1, 0, 0
57000, 2146960, 1, 0, 0
58010, 2125991, 1, 0, 0
59005, 2089702, 1, 0, 0
60000, 2111041, 1, 0, 0
61003, 2087495, 1, 0, 0
62006, 2103219, 1, 0, 0
63000, 2090643, 1, 0, 0
64003, 2124625, 1, 0, 0
65001, 2145307, 1, 0, 0
66000, 2041241, 1, 0, 0
67010, 2061931, 1, 0, 0
68000, 1982011, 1, 0, 0
69005, 2058928, 1, 0, 0
70000, 2062028, 1, 0, 0
71001, 2089246, 1, 0, 0
72005, 2109230, 1, 0, 0
73000, 2093398, 1, 0, 0
74007, 2169473, 1, 0, 0
75000, 2029921, 1, 0, 0
76012, 2157679, 1, 0, 0
77004, 2061397, 1, 0, 0
78000, 2135734, 1, 0, 0
79007, 2087547, 1, 0, 0
80000, 2039309, 1, 0, 0
81011, 2086400, 1, 0, 0
82006, 2140449, 1, 0, 0
83000, 2086307, 1, 0, 0
84010, 2032311, 1, 0, 0
85004, 2031987, 1, 0, 0
86000, 2073599, 1, 0, 0
87004, 2031298, 1, 0, 0
88000, 2040356, 1, 0, 0
89012, 2155841, 1, 0, 0
90005, 2125414, 1, 0, 0
91005, 2149012, 1, 0, 0
92000, 2095053, 1, 0, 0
93007, 2108990, 1, 0, 0
94009, 2131957, 1, 0, 0
95005, 2095304, 1, 0, 0
96001, 2092911, 1, 0, 0
97012, 2122092, 1, 0, 0
98008, 2108830, 1, 0, 0
99004, 2032397, 1, 0, 0
100000, 2105326, 1, 0, 0
101000, 2107266, 1, 0, 0
102000, 2101485, 1, 0, 0
103002, 2059263, 1, 0, 0
104000, 2109228, 1, 0, 0
105009, 2042369, 1, 0, 0
106004, 2080256, 1, 0, 0
107000, 2117316, 1, 0, 0
108007, 2124452, 1, 0, 0
109001, 2014446, 1, 0, 0
110011, 2091798, 1, 0, 0
111000, 2157953, 1, 0, 0
112000, 2056191, 1, 0, 0
113004, 2108010, 1, 0, 0
114005, 2054971, 1, 0, 0
115001, 2047379, 1, 0, 0
116003, 2007652, 1, 0, 0
117003, 2022502, 1, 0, 0
118012, 2093771, 1, 0, 0
119001, 2081241, 1, 0, 0
120000, 2013166, 1, 0, 0
121006, 2125979, 1, 0, 0
122004, 2022590, 1, 0, 0
123000, 2023878, 1, 0, 0
124006, 2063571, 1, 0, 0
125002, 2091654, 1, 0, 0
126000, 2043969, 1, 0, 0
127010, 2107848, 1, 0, 0
128000, 2020212, 1, 0, 0
129000, 2113270, 1, 0, 0
130009, 2159512, 1, 0, 0
131003, 2068431, 1, 0, 0
132012, 2076578, 1, 0, 0
133005, 2030477, 1, 0, 0
134000, 2053314, 1, 0, 0
135000, 2155254, 1, 0, 0
136003, 2054412, 1, 0, 0
137012, 2177348, 1, 0, 0
138000, 2050412, 1, 0, 0
139002, 2050851, 1, 0, 0
140000, 2146804, 1, 0, 0
141008, 2175260, 1, 0, 0
142003, 1981044, 1, 0, 0
143000, 2089281, 1, 0, 0
144003, 2102480, 1, 0, 0
145000, 2058285, 1, 0, 0
146000, 2104416, 1, 0, 0
147002, 2099374, 1, 0, 0
148005, 2098906, 1, 0, 0
149000, 2012515, 1, 0, 0
150000, 2061676, 1, 0, 0
151011, 2048918, 1, 0, 0
152002, 2013231, 1, 0, 0
153000, 2135879, 1, 0, 0
154003, 2098864, 1, 0, 0
155009, 2193785, 1, 0, 0
156001, 2063226, 1, 0, 0
157012, 2181538, 1, 0, 0
158007, 1972582, 1, 0, 0
159000, 2002492, 1, 0, 0
160000, 2026750, 1, 0, 0
161004, 2091434, 1, 0, 0
162004, 2140068, 1, 0, 0
163000, 2140456, 1, 0, 0
164002, 2149232, 1, 0, 0
165003, 2189843, 1, 0, 0
166000, 2138315, 1, 0, 0
167000, 2160146, 1, 0, 0
168000, 2099811, 1, 0, 0
169000, 2099022, 1, 0, 0
170002, 2162768, 1, 0, 0
171000, 1987202, 1, 0, 0
172000, 1988447, 1, 0, 0
173034, 2109438, 1, 0, 0
174001, 2346209, 1, 0, 0
175001, 1995025, 1, 0, 0
176007, 2089583, 1, 0, 0
177002, 2054786, 1, 0, 0
178002, 2031365, 1, 0, 0
179008, 2127419, 1, 0, 0
180002, 2094452, 1, 0, 0
