1003, 14737418, 0, 0, 0
2000, 17036618, 0, 0, 0
3008, 16511626, 0, 0, 0
4000, 16967466, 0, 0, 0
5000, 16953852, 0, 0, 0
6000, 16258494, 0, 0, 0
7000, 16991643, 0, 0, 0
8000, 16897031, 0, 0, 0
9004, 16279177, 0, 0, 0
10000, 16927332, 0, 0, 0
11000, 16534463, 0, 0, 0
12005, 16378872, 0, 0, 0
13000, 16938521, 0, 0, 0
14006, 16217417, 0, 0, 0
15000, 17356239, 0, 0, 0
16000, 16700631, 0, 0, 0
17000, 16924777, 0, 0, 0
18001, 16583127, 0, 0, 0
19000, 16981835, 0, 0, 0
20002, 16381910, 0, 0, 0
21001, 16796860, 0, 0, 0
22008, 16562553, 0, 0, 0
23002, 16797222, 0, 0, 0
24000, 16929381, 0, 0, 0
25000, 16404029, 0, 0, 0
26000, 16960178, 0, 0, 0
27006, 16318081, 0, 0, 0
28002, 16969078, 0, 0, 0
29000, 16808929, 0, 0, 0
30000, 16559613, 0, 0, 0
31006, 16358030, 0, 0, 0
32002, 16930892, 0, 0, 0
33000, 17017256, 0, 0, 0
34006, 16394334, 0, 0, 0
35001, 16739030, 0, 0, 0
36000, 16931096, 0, 0, 0
37004, 16595361, 0, 0, 0
38000, 17021297, 0, 0, 0
39006, 16352747, 0, 0, 0
40001, 16897223, 0, 0, 0
41000, 16752895, 0, 0, 0
42005, 16431170, 0, 0, 0
43001, 16668318, 0, 0, 0
44000, 16919988, 0, 0, 0
45008, 16576022, 0, 0, 0
46002, 17020126, 0, 0, 0
47000, 16823612, 0, 0, 0
48000, 16687350, 0, 0, 0
49000, 16712094, 0, 0, 0
50009, 16649543, 0, 0, 0
51002, 16905307, 0, 0, 0
52000, 16866195, 0, 0, 0
53001, 16427763, 0, 0, 0
54000, 17107657, 0, 0, 0
55039, 16397717, 0, 0, 0
56000, 17022889, 0, 0, 0
57002, 16306627, 0, 0, 0
58004, 16942160, 0, 0, 0
59000, 16708995, 0, 0, 0
60000, 16804087, 0, 0, 0
61000, 16772154, 0, 0, 0
62000, 16659712, 0, 0, 0
63000, 16657293, 0, 0, 0
64005, 16594520, 0, 0, 0
65000, 16750958, 0, 0, 0
66000, 16942724, 0, 0, 0
67006, 16370752, 0, 0, 0
68000, 16985547, 0, 0, 0
69000, 16522471, 0, 0, 0
70000, 16911761, 0, 0, 0
71000, 16699591, 0, 0, 0
72000, 16611606, 0, 0, 0
73000, 17115889, 0, 0, 0
74000, 16616733, 0, 0, 0
75000, 16307840, 0, 0, 0
76000, 16929353, 0, 0, 0
77000, 16514575, 0, 0, 0
78000, 16907558, 0, 0, 0
79006, 16785614, 0, 0, 0
80001, 16578521, 0, 0, 0
81000, 17084065, 0, 0, 0
82002, 16334274, 0, 0, 0
83000, 16847878, 0, 0, 0
84000, 16988084, 0, 0, 0
85000, 16453347, 0, 0, 0
86001, 16887037, 0, 0, 0
87000, 16885195, 0, 0, 0
88000, 16811745, 0, 0, 0
89000, 16851699, 0, 0, 0
90000, 16564971, 0, 0, 0
91005, 16662730, 0, 0, 0
92000, 16686685, 0, 0, 0
93000, 17188603, 0, 0, 0
94000, 16651261, 0, 0, 0
95001, 16780869, 0, 0, 0
96000, 16850407, 0, 0, 0
97007, 16416459, 0, 0, 0
98003, 17050747, 0, 0, 0
99000, 16758953, 0, 0, 0
100007, 16660674, 0, 0, 0
101000, 16721327, 0, 0, 0
102000, 17093334, 0, 0, 0
103000, 16556274, 0, 0, 0
104000, 16640564, 0, 0, 0
105000, 16883237, 0, 0, 0
106007, 16408834, 0, 0, 0
107000, 16985561, 0, 0, 0
108000, 16909839, 0, 0, 0
109000, 16618396, 0, 0, 0
110002, 16699746, 0, 0, 0
111000, 16854175, 0, 0, 0
112000, 16613845, 0, 0, 0
113000, 16648779, 0, 0, 0
114004, 16708028, 0, 0, 0
115000, 16630063, 0, 0, 0
116000, 16832516, 0, 0, 0
117000, 16585192, 0, 0, 0
118000, 16859880, 0, 0, 0
119000, 16754833, 0, 0, 0
120003, 16339282, 0, 0, 0
121000, 17170173, 0, 0, 0
122000, 16698928, 0, 0, 0
123003, 16564788, 0, 0, 0
124000, 17022317, 0, 0, 0
125002, 16764804, 0, 0, 0
126000, 16740542, 0, 0, 0
127005, 16615166, 0, 0, 0
128000, 16902282, 0, 0, 0
129000, 16722627, 0, 0, 0
130000, 16745311, 0, 0, 0
131000, 17048376, 0, 0, 0
132006, 16351490, 0, 0, 0
133002, 16892594, 0, 0, 0
134000, 16664077, 0, 0, 0
135005, 16407708, 0, 0, 0
136000, 16917900, 0, 0, 0
137000, 16889495, 0, 0, 0
138005, 16736691, 0, 0, 0
139000, 16793845, 0, 0, 0
140000, 16808220, 0, 0, 0
141005, 16716391, 0, 0, 0
142000, 16849258, 0, 0, 0
143000, 16402992, 0, 0, 0
144003, 16499643, 0, 0, 0
145000, 17258121, 0, 0, 0
146008, 16436047, 0, 0, 0
147001, 16759096, 0, 0, 0
148000, 16920582, 0, 0, 0
149008, 16395871, 0, 0, 0
150000, 17144972, 0, 0, 0
151000, 16722544, 0, 0, 0
152000, 16620426, 0, 0, 0
153000, 17019399, 0, 0, 0
154000, 16690037, 0, 0, 0
155000, 16900441, 0, 0, 0
156001, 16433665, 0, 0, 0
157000, 16948400, 0, 0, 0
158003, 16610227, 0, 0, 0
159000, 16984601, 0, 0, 0
160000, 16896537, 0, 0, 0
161005, 16518805, 0, 0, 0
162000, 17262118, 0, 0, 0
163000, 16557522, 0, 0, 0
164004, 16512248, 0, 0, 0
165000, 17002481, 0, 0, 0
166000, 16711884, 0, 0, 0
167000, 16289358, 0, 0, 0
168000, 16968190, 0, 0, 0
169000, 16742698, 0, 0, 0
170003, 16572913, 0, 0, 0
171000, 16886843, 0, 0, 0
172004, 16733603, 0, 0, 0
173000, 16979493, 0, 0, 0
174007, 16201298, 0, 0, 0
175000, 16987192, 0, 0, 0
176000, 16799469, 0, 0, 0
177000, 16912781, 0, 0, 0
178000, 16607825, 0, 0, 0
179000, 16679038, 0, 0, 0
180001, 16605387, 0, 0, 0
180057, 58683784, 0, 0, 0
