1015, 1982, 1, 0, 0
2000, 2125, 1, 0, 0
3000, 1960, 1, 0, 0
4005, 2072, 1, 0, 0
5005, 1910, 1, 0, 0
6000, 2068, 1, 0, 0
7009, 2215, 1, 0, 0
8003, 2052, 1, 0, 0
9011, 2084, 1, 0, 0
10004, 2028, 1, 0, 0
11000, 2108, 1, 0, 0
12001, 2166, 1, 0, 0
13002, 2237, 1, 0, 0
14000, 2069, 1, 0, 0
15001, 2070, 1, 0, 0
16000, 2194, 1, 0, 0
17000, 2215, 1, 0, 0
18001, 2087, 1, 0, 0
19001, 2303, 1, 0, 0
20013, 2196, 1, 0, 0
21006, 2072, 1, 0, 0
22000, 2199, 1, 0, 0
23004, 2084, 1, 0, 0
24001, 2121, 1, 0, 0
25001, 2290, 1, 0, 0
26005, 2288, 1, 0, 0
27001, 2065, 1, 0, 0
28001, 1941, 1, 0, 0
29009, 1954, 1, 0, 0
30004, 2091, 1, 0, 0
31000, 2076, 1, 0, 0
32007, 1911, 1, 0, 0
33000, 2190, 1, 0, 0
34009, 2042, 1, 0, 0
35002, 1874, 1, 0, 0
36001, 2019, 1, 0, 0
37004, 1971, 1, 0, 0
38005, 2115, 1, 0, 0
39000, 2129, 1, 0, 0
40000, 1821, 1, 0, 0
41006, 1874, 1, 0, 0
42000, 2237, 1, 0, 0
43002, 2207, 1, 0, 0
44005, 1924, 1, 0, 0
45000, 1999, 1, 0, 0
46000, 1896, 1, 0, 0
47000, 1960, 1, 0, 0
48008, 2010, 1, 0, 0
49002, 2094, 1, 0, 0
50012, 2012, 1, 0, 0
51006, 1926, 1, 0, 0
52003, 2056, 1, 0, 0
53000, 1916, 1, 0, 0
54000, 1983, 1, 0, 0
55008, 1973, 1, 0, 0
56006, 2094, 1, 0, 0
57000, 2077, 1, 0, 0
58010, 2025, 1, 0, 0
59007, 2244, 1, 0, 0
60000, 2072, 1, 0, 0
61003, 2142, 1, 0, 0
62006, 2114, 1, 0, 0
63000, 2215, 1, 0, 0
64004, 1978, 1, 0, 0
65001, 2153, 1, 0, 0
66000, 2084, 1, 0, 0
67010, 2041, 1, 0, 0
68000, 2117, 1, 0, 0
69006, 2021, 1, 0, 0
70001, 1953, 1, 0, 0
71001, 1869, 1, 0, 0
72006, 1945, 1, 0, 0
73000, 1980, 1, 0, 0
74007, 2074, 1, 0, 0
75000, 2013, 1, 0, 0
76011, 2130, 1, 0, 0
77004, 2071, 1, 0, 0
78000, 2053, 1, 0, 0
79007, 2078, 1, 0, 0
80000, 1979, 1, 0, 0
81011, 2015, 1, 0, 0
82006, 2098, 1, 0, 0
83000, 2212, 1, 0, 0
84010, 2175, 1, 0, 0
85004, 2193, 1, 0, 0
86000, 2157, 1, 0, 0
87005, 1970, 1, 0, 0
88000, 2165, 1, 0, 0
89011, 2008, 1, 0, 0
90004, 2114, 1, 0, 0
91004, 2034, 1, 0, 0
92001, 2113, 1, 0, 0
93006, 2074, 1, 0, 0
94000, 2160, 1, 0, 0
95005, 2154, 1, 0, 0
96000, 1911, 1, 0, 0
97012, 2147, 1, 0, 0
98008, 2042, 1, 0, 0
99005, 2104, 1, 0, 0
100000, 2075, 1, 0, 0
101000, 2141, 1, 0, 0
102000, 2165, 1, 0, 0
103002, 2135, 1, 0, 0
104001, 2078, 1, 0, 0
105009, 2061, 1, 0, 0
106004, 2178, 1, 0, 0
107000, 2080, 1, 0, 0
108007, 2023, 1, 0, 0
109001, 2083, 1, 0, 0
110011, 2112, 1, 0, 0
111000, 2032, 1, 0, 0
112000, 2251, 1, 0, 0
113005, 1968, 1, 0, 0
114006, 1985, 1, 0, 0
115000, 2087, 1, 0, 0
116003, 2076, 1, 0, 0
117003, 2149, 1, 0, 0
118012, 2044, 1, 0, 0
119001, 2138, 1, 0, 0
120001, 2266, 1, 0, 0
121007, 2346, 1, 0, 0
122004, 2082, 1, 0, 0
123000, 2319, 1, 0, 0
124005, 2251, 1, 0, 0
125003, 2117, 1, 0, 0
126000, 2125, 1, 0, 0
127009, 2297, 1, 0, 0
128000, 2307, 1, 0, 0
129000, 2245, 1, 0, 0
130009, 2278, 1, 0, 0
131002, 2018, 1, 0, 0
132012, 2036, 1, 0, 0
133006, 2170, 1, 0, 0
134000, 1979, 1, 0, 0
135000, 1998, 1, 0, 0
136005, 2219, 1, 0, 0
137012, 2099, 1, 0, 0
138000, 2147, 1, 0, 0
139003, 2203, 1, 0, 0
140000, 2054, 1, 0, 0
141008, 2131, 1, 0, 0
142002, 2135, 1, 0, 0
143000, 2075, 1, 0, 0
144003, 2122, 1, 0, 0
145000, 2234, 1, 0, 0
146000, 2155, 1, 0, 0
147001, 2114, 1, 0, 0
148006, 2075, 1, 0, 0
149000, 2146, 1, 0, 0
150000, 2223, 1, 0, 0
151011, 2024, 1, 0, 0
152001, 1979, 1, 0, 0
153000, 1923, 1, 0, 0
154004, 2033, 1, 0, 0
155008, 2062, 1, 0, 0
156002, 1995, 1, 0, 0
157012, 1949, 1, 0, 0
158007, 2085, 1, 0, 0
159002, 2140, 1, 0, 0
160000, 2137, 1, 0, 0
161005, 1967, 1, 0, 0
162004, 2129, 1, 0, 0
163000, 2008, 1, 0, 0
164001, 2078, 1, 0, 0
165003, 2055, 1, 0, 0
166004, 1970, 1, 0, 0
167000, 2102, 1, 0, 0
168000, 2183, 1, 0, 0
169000, 2066, 1, 0, 0
170001, 2059, 1, 0, 0
171000, 1986, 1, 0, 0
172000, 2313, 1, 0, 0
173034, 2064, 1, 0, 0
174002, 2067, 1, 0, 0
175001, 2228, 1, 0, 0
176007, 2163, 1, 0, 0
177001, 2101, 1, 0, 0
178001, 2127, 1, 0, 0
179009, 2111, 1, 0, 0
180002, 2010, 1, 0, 0
