1008, 2022, 0, 0, 0
2018, 2038, 0, 0, 0
3011, 2203, 0, 0, 0
4005, 2158, 0, 0, 0
5014, 2106, 0, 0, 0
6008, 2013, 0, 0, 0
7004, 2061, 0, 0, 0
8016, 2153, 0, 0, 0
9008, 2016, 0, 0, 0
10017, 1955, 0, 0, 0
11012, 1903, 0, 0, 0
12007, 2021, 0, 0, 0
13016, 2210, 0, 0, 0
14011, 2112, 0, 0, 0
15005, 2071, 0, 0, 0
16015, 2002, 0, 0, 0
17011, 1979, 0, 0, 0
18007, 1917, 0, 0, 0
19016, 2050, 0, 0, 0
20011, 2012, 0, 0, 0
21004, 2042, 0, 0, 0
22013, 2003, 0, 0, 0
23007, 2009, 0, 0, 0
24011, 2041, 0, 0, 0
25005, 2190, 0, 0, 0
26017, 2305, 0, 0, 0
27011, 2246, 0, 0, 0
28018, 2194, 0, 0, 0
29012, 2165, 0, 0, 0
30007, 2200, 0, 0, 0
31016, 2137, 0, 0, 0
32011, 2197, 0, 0, 0
33006, 2219, 0, 0, 0
34018, 2002, 0, 0, 0
35006, 2039, 0, 0, 0
36006, 2195, 0, 0, 0
37004, 2052, 0, 0, 0
38009, 2082, 0, 0, 0
39041, 2037, 0, 0, 0
40017, 2158, 0, 0, 0
41009, 2044, 0, 0, 0
42007, 2051, 0, 0, 0
43003, 1933, 0, 0, 0
44015, 2049, 0, 0, 0
45009, 2112, 0, 0, 0
46019, 2044, 0, 0, 0
47014, 2124, 0, 0, 0
48010, 2054, 0, 0, 0
49004, 1966, 0, 0, 0
50004, 2100, 0, 0, 0
51009, 2166, 0, 0, 0
52018, 2007, 0, 0, 0
53013, 2062, 0, 0, 0
54006, 1949, 0, 0, 0
55015, 1852, 0, 0, 0
56010, 2050, 0, 0, 0
57020, 2086, 0, 0, 0
58008, 2092, 0, 0, 0
59010, 1956, 0, 0, 0
60006, 2094, 0, 0, 0
61015, 2088, 0, 0, 0
62010, 2163, 0, 0, 0
63004, 2062, 0, 0, 0
64015, 1979, 0, 0, 0
65010, 2007, 0, 0, 0
66003, 2019, 0, 0, 0
67012, 2102, 0, 0, 0
68008, 2042, 0, 0, 0
69005, 2207, 0, 0, 0
70013, 2038, 0, 0, 0
71007, 2182, 0, 0, 0
72004, 2140, 0, 0, 0
73006, 2058, 0, 0, 0
74009, 2176, 0, 0, 0
75019, 2263, 0, 0, 0
76013, 2053, 0, 0, 0
77009, 2186, 0, 0, 0
78019, 2144, 0, 0, 0
79014, 2159, 0, 0, 0
80009, 2139, 0, 0, 0
81004, 2067, 0, 0, 0
82013, 2100, 0, 0, 0
83006, 2145, 0, 0, 0
84004, 2200, 0, 0, 0
85012, 2189, 0, 0, 0
86005, 2199, 0, 0, 0
87016, 2181, 0, 0, 0
88013, 2104, 0, 0, 0
89007, 2182, 0, 0, 0
90003, 2089, 0, 0, 0
91014, 2152, 0, 0, 0
92010, 2159, 0, 0, 0
93017, 2092, 0, 0, 0
94011, 2063, 0, 0, 0
95018, 2126, 0, 0, 0
96012, 1993, 0, 0, 0
97005, 2160, 0, 0, 0
98015, 2068, 0, 0, 0
99008, 2012, 0, 0, 0
100018, 2112, 0, 0, 0
101006, 2061, 0, 0, 0
102009, 2122, 0, 0, 0
103019, 2084, 0, 0, 0
104013, 2127, 0, 0, 0
105006, 2000, 0, 0, 0
106017, 2035, 0, 0, 0
107013, 2106, 0, 0, 0
108008, 2222, 0, 0, 0
109008, 2149, 0, 0, 0
110009, 2280, 0, 0, 0
111006, 2125, 0, 0, 0
112009, 2132, 0, 0, 0
113006, 2026, 0, 0, 0
114015, 2032, 0, 0, 0
115010, 1984, 0, 0, 0
116007, 2116, 0, 0, 0
117017, 2072, 0, 0, 0
118012, 2083, 0, 0, 0
119006, 2184, 0, 0, 0
120012, 1997, 0, 0, 0
121010, 2092, 0, 0, 0
122006, 2111, 0, 0, 0
123015, 2133, 0, 0, 0
124009, 1970, 0, 0, 0
125011, 2026, 0, 0, 0
126012, 1999, 0, 0, 0
127006, 2014, 0, 0, 0
128017, 1954, 0, 0, 0
129011, 1997, 0, 0, 0
130006, 2021, 0, 0, 0
131015, 1922, 0, 0, 0
132009, 2034, 0, 0, 0
133020, 2068, 0, 0, 0
134015, 2039, 0, 0, 0
135008, 2032, 0, 0, 0
136017, 2134, 0, 0, 0
137012, 1908, 0, 0, 0
138007, 2129, 0, 0, 0
139018, 2103, 0, 0, 0
140012, 2105, 0, 0, 0
141004, 2016, 0, 0, 0
142015, 2066, 0, 0, 0
143010, 2217, 0, 0, 0
144006, 2040, 0, 0, 0
145015, 2094, 0, 0, 0
146010, 1948, 0, 0, 0
147004, 2037, 0, 0, 0
148015, 2099, 0, 0, 0
149007, 2081, 0, 0, 0
150004, 2116, 0, 0, 0
151013, 1988, 0, 0, 0
152005, 2146, 0, 0, 0
153015, 2087, 0, 0, 0
154010, 1977, 0, 0, 0
155020, 1976, 0, 0, 0
156013, 2031, 0, 0, 0
157006, 2046, 0, 0, 0
158017, 2036, 0, 0, 0
159012, 2125, 0, 0, 0
160005, 2052, 0, 0, 0
161016, 2076, 0, 0, 0
162012, 1911, 0, 0, 0
163005, 2152, 0, 0, 0
164014, 2072, 0, 0, 0
165006, 1941, 0, 0, 0
166018, 2020, 0, 0, 0
167011, 2078, 0, 0, 0
168006, 2095, 0, 0, 0
169005, 2023, 0, 0, 0
170007, 2064, 0, 0, 0
171018, 2186, 0, 0, 0
172010, 2053, 0, 0, 0
173005, 2149, 0, 0, 0
174014, 2127, 0, 0, 0
175008, 2040, 0, 0, 0
176017, 2004, 0, 0, 0
177010, 2161, 0, 0, 0
178006, 2096, 0, 0, 0
179005, 2054, 0, 0, 0
180012, 2082, 0, 0, 0
