1016, 56772455, 1, 0, 0
2000, 66737744, 1, 0, 0
3020, 65328931, 1, 0, 0
4031, 65758732, 1, 0, 0
5001, 64274497, 1, 0, 0
6021, 65856277, 1, 0, 0
7019, 68057817, 1, 0, 0
8030, 68129246, 1, 0, 0
9028, 68223746, 1, 0, 0
10005, 67683304, 1, 0, 0
11019, 65639288, 1, 0, 0
12022, 67441985, 1, 0, 0
13001, 67498389, 1, 0, 0
14000, 66848109, 1, 0, 0
15017, 67264640, 1, 0, 0
16001, 67236939, 1, 0, 0
17000, 67246193, 1, 0, 0
18018, 66029517, 1, 0, 0
19000, 67760438, 1, 0, 0
20001, 67667357, 1, 0, 0
21018, 66635120, 1, 0, 0
22000, 67782742, 1, 0, 0
23024, 67024986, 1, 0, 0
24021, 66615372, 1, 0, 0
25024, 67546845, 1, 0, 0
26000, 67498654, 1, 0, 0
27020, 67611992, 1, 0, 0
28015, 67596828, 1, 0, 0
29026, 67499537, 1, 0, 0
30000, 66425258, 1, 0, 0
31017, 67495634, 1, 0, 0
32031, 67346866, 1, 0, 0
33018, 66688451, 1, 0, 0
34018, 70062810, 1, 0, 0
35028, 65807273, 1, 0, 0
36001, 66778005, 1, 0, 0
37020, 66465997, 1, 0, 0
38031, 66349441, 1, 0, 0
39019, 66410858, 1, 0, 0
40000, 67411616, 1, 0, 0
41017, 66030449, 1, 0, 0
42001, 66220486, 1, 0, 0
43022, 67134832, 1, 0, 0
44024, 66371573, 1, 0, 0
45001, 67483697, 1, 0, 0
46020, 66603529, 1, 0, 0
47030, 66276890, 1, 0, 0
48000, 67380648, 1, 0, 0
49018, 66461235, 1, 0, 0
50031, 66447101, 1, 0, 0
51031, 67256274, 1, 0, 0
52024, 67341110, 1, 0, 0
53020, 67166079, 1, 0, 0
54016, 67173248, 1, 0, 0
55026, 67159504, 1, 0, 0
56000, 67049034, 1, 0, 0
57016, 66719338, 1, 0, 0
58023, 67583548, 1, 0, 0
59017, 66840147, 1, 0, 0
60029, 66633593, 1, 0, 0
61015, 68258292, 1, 0, 0
62017, 66779627, 1, 0, 0
63029, 66475628, 1, 0, 0
64000, 66539019, 1, 0, 0
65016, 65551436, 1, 0, 0
66028, 67536244, 1, 0, 0
67021, 66541878, 1, 0, 0
68018, 66617720, 1, 0, 0
69017, 66813985, 1, 0, 0
70026, 66822793, 1, 0, 0
71019, 67403432, 1, 0, 0
72017, 66694868, 1, 0, 0
73018, 66541064, 1, 0, 0
74022, 67436550, 1, 0, 0
75018, 67179565, 1, 0, 0
76000, 67133084, 1, 0, 0
77015, 66742761, 1, 0, 0
78016, 66944207, 1, 0, 0
79024, 67479834, 1, 0, 0
80020, 67335524, 1, 0, 0
81024, 66216532, 1, 0, 0
82000, 67702892, 1, 0, 0
83000, 66240747, 1, 0, 0
84021, 67034387, 1, 0, 0
85000, 67754512, 1, 0, 0
86003, 66210269, 1, 0, 0
87000, 67695365, 1, 0, 0
88022, 66304449, 1, 0, 0
89017, 67151376, 1, 0, 0
90000, 67151523, 1, 0, 0
91021, 66475216, 1, 0, 0
92017, 66622405, 1, 0, 0
93000, 67278559, 1, 0, 0
94021, 66722583, 1, 0, 0
95015, 66749153, 1, 0, 0
96018, 67402797, 1, 0, 0
97000, 67039270, 1, 0, 0
98022, 66650143, 1, 0, 0
99000, 67301506, 1, 0, 0
100016, 66632514, 1, 0, 0
101014, 66733337, 1, 0, 0
102027, 67185342, 1, 0, 0
103023, 67138841, 1, 0, 0
104021, 66938456, 1, 0, 0
105016, 66670278, 1, 0, 0
106024, 66831310, 1, 0, 0
107020, 66583879, 1, 0, 0
108015, 67090387, 1, 0, 0
109027, 66229638, 1, 0, 0
110021, 67359329, 1, 0, 0
111017, 66670082, 1, 0, 0
112000, 67310335, 1, 0, 0
113015, 66501079, 1, 0, 0
114027, 67162899, 1, 0, 0
115020, 67415668, 1, 0, 0
116016, 66288071, 1, 0, 0
117000, 67596153, 1, 0, 0
118018, 66768340, 1, 0, 0
119019, 66656372, 1, 0, 0
120014, 66898180, 1, 0, 0
121016, 66262089, 1, 0, 0
122000, 67067489, 1, 0, 0
123016, 66732340, 1, 0, 0
124025, 67140301, 1, 0, 0
125021, 66952220, 1, 0, 0
126015, 66435625, 1, 0, 0
127020, 67514164, 1, 0, 0
128028, 66742376, 1, 0, 0
129000, 67781366, 1, 0, 0
130018, 65934730, 1, 0, 0
131016, 66197205, 1, 0, 0
132001, 67621932, 1, 0, 0
133022, 66618867, 1, 0, 0
134015, 67045690, 1, 0, 0
135016, 66923184, 1, 0, 0
136022, 67041123, 1, 0, 0
137020, 66299925, 1, 0, 0
138030, 66283721, 1, 0, 0
139001, 67173784, 1, 0, 0
140019, 67356424, 1, 0, 0
141018, 66633044, 1, 0, 0
142023, 66667148, 1, 0, 0
143017, 67178682, 1, 0, 0
144028, 66801813, 1, 0, 0
145024, 67225445, 1, 0, 0
146019, 66725154, 1, 0, 0
147014, 66351398, 1, 0, 0
148000, 67819105, 1, 0, 0
149017, 66324374, 1, 0, 0
150018, 66620888, 1, 0, 0
151023, 67768612, 1, 0, 0
152020, 66728403, 1, 0, 0
153014, 66537796, 1, 0, 0
154021, 67283445, 1, 0, 0
155001, 67678758, 1, 0, 0
156028, 66377372, 1, 0, 0
157000, 67031323, 1, 0, 0
158016, 67011377, 1, 0, 0
159018, 67100819, 1, 0, 0
160020, 67532485, 1, 0, 0
161014, 67052453, 1, 0, 0
162000, 67115070, 1, 0, 0
163005, 67013119, 1, 0, 0
164017, 66889632, 1, 0, 0
165028, 66859882, 1, 0, 0
166000, 67260212, 1, 0, 0
167001, 67396769, 1, 0, 0
168015, 66426516, 1, 0, 0
169018, 67052660, 1, 0, 0
170000, 66938185, 1, 0, 0
171030, 66423275, 1, 0, 0
172022, 67853309, 1, 0, 0
173018, 65800824, 1, 0, 0
174029, 67290101, 1, 0, 0
175024, 67807949, 1, 0, 0
176017, 66523930, 1, 0, 0
177014, 66046062, 1, 0, 0
178001, 67230371, 1, 0, 0
179023, 66811525, 1, 0, 0
180018, 66770105, 1, 0, 0
180072, 105465900, 1, 0, 0
