1000, 14490359, 1, 0, 0
2001, 16455793, 1, 0, 0
3002, 16736678, 1, 0, 0
4011, 16713897, 1, 0, 0
5005, 16572661, 1, 0, 0
6014, 16775560, 1, 0, 0
7008, 16918794, 1, 0, 0
8004, 16972601, 1, 0, 0
9000, 16578193, 1, 0, 0
10011, 16991180, 1, 0, 0
11003, 16590570, 1, 0, 0
12009, 17090998, 1, 0, 0
13001, 16695812, 1, 0, 0
14009, 16761431, 1, 0, 0
15002, 16609763, 1, 0, 0
16011, 16811188, 1, 0, 0
17003, 16485883, 1, 0, 0
18011, 16650265, 1, 0, 0
19006, 16491062, 1, 0, 0
20000, 16505378, 1, 0, 0
21013, 16453404, 1, 0, 0
22002, 16863091, 1, 0, 0
23004, 16529965, 1, 0, 0
24013, 16506204, 1, 0, 0
25006, 16954367, 1, 0, 0
26000, 16678761, 1, 0, 0
27000, 16699848, 1, 0, 0
28003, 16854395, 1, 0, 0
29012, 16903081, 1, 0, 0
30003, 16633285, 1, 0, 0
31010, 16526103, 1, 0, 0
32002, 16312779, 1, 0, 0
33008, 16696386, 1, 0, 0
34004, 16688777, 1, 0, 0
35010, 17090436, 1, 0, 0
36004, 16515700, 1, 0, 0
37004, 16556635, 1, 0, 0
38006, 17017035, 1, 0, 0
39000, 16756616, 1, 0, 0
40008, 16870010, 1, 0, 0
41002, 16774750, 1, 0, 0
42012, 16616720, 1, 0, 0
43008, 16845483, 1, 0, 0
44006, 16520257, 1, 0, 0
45006, 16803687, 1, 0, 0
46013, 16551011, 1, 0, 0
47007, 16730133, 1, 0, 0
48009, 16589728, 1, 0, 0
49009, 16801804, 1, 0, 0
50001, 16612542, 1, 0, 0
51009, 17024488, 1, 0, 0
52004, 16914228, 1, 0, 0
53000, 16551982, 1, 0, 0
54004, 16918201, 1, 0, 0
55006, 16635914, 1, 0, 0
56000, 16532247, 1, 0, 0
57009, 16739100, 1, 0, 0
58005, 16805858, 1, 0, 0
59007, 16827509, 1, 0, 0
60000, 16708578, 1, 0, 0
61000, 16929154, 1, 0, 0
62003, 16781185, 1, 0, 0
63000, 16692731, 1, 0, 0
64008, 17048304, 1, 0, 0
65001, 16679462, 1, 0, 0
66010, 16975515, 1, 0, 0
67003, 16492121, 1, 0, 0
68014, 16853678, 1, 0, 0
69009, 16785234, 1, 0, 0
70003, 16473189, 1, 0, 0
71014, 16691921, 1, 0, 0
72001, 17047919, 1, 0, 0
73002, 16871945, 1, 0, 0
74011, 16901236, 1, 0, 0
75004, 16846357, 1, 0, 0
76006, 16640852, 1, 0, 0
77005, 17023328, 1, 0, 0
78000, 16644692, 1, 0, 0
79007, 16643360, 1, 0, 0
80000, 16629714, 1, 0, 0
81001, 16668820, 1, 0, 0
82004, 16772324, 1, 0, 0
83000, 16535254, 1, 0, 0
84009, 16697742, 1, 0, 0
85004, 16908822, 1, 0, 0
86013, 16462447, 1, 0, 0
87007, 16884281, 1, 0, 0
88000, 16495920, 1, 0, 0
89007, 17009763, 1, 0, 0
90006, 16772485, 1, 0, 0
91003, 16867885, 1, 0, 0
92007, 17059772, 1, 0, 0
93013, 16569469, 1, 0, 0
94004, 16693866, 1, 0, 0
95011, 16927686, 1, 0, 0
96004, 16658609, 1, 0, 0
97008, 16738552, 1, 0, 0
98006, 16992191, 1, 0, 0
99006, 16513255, 1, 0, 0
100001, 16730614, 1, 0, 0
101002, 16546983, 1, 0, 0
102012, 16644173, 1, 0, 0
103008, 16902195, 1, 0, 0
104001, 16943696, 1, 0, 0
105011, 16733833, 1, 0, 0
106003, 16492398, 1, 0, 0
107008, 16533254, 1, 0, 0
108004, 16869934, 1, 0, 0
109013, 16564620, 1, 0, 0
110004, 16726571, 1, 0, 0
111012, 16532156, 1, 0, 0
112005, 16733432, 1, 0, 0
113014, 16888900, 1, 0, 0
114000, 17073501, 1, 0, 0
115002, 16269338, 1, 0, 0
116003, 16910383, 1, 0, 0
117009, 16735196, 1, 0, 0
118004, 16834113, 1, 0, 0
119000, 17104325, 1, 0, 0
120011, 16814038, 1, 0, 0
121003, 16532035, 1, 0, 0
122000, 16644184, 1, 0, 0
123007, 17187441, 1, 0, 0
124000, 16468818, 1, 0, 0
125006, 16972482, 1, 0, 0
126001, 16683126, 1, 0, 0
127005, 16787241, 1, 0, 0
128011, 16725521, 1, 0, 0
129001, 16696733, 1, 0, 0
130000, 16897876, 1, 0, 0
131008, 16718060, 1, 0, 0
132002, 16319266, 1, 0, 0
133004, 16667607, 1, 0, 0
134007, 16586769, 1, 0, 0
135000, 16883620, 1, 0, 0
136000, 16968116, 1, 0, 0
137003, 16488307, 1, 0, 0
138012, 16704752, 1, 0, 0
139003, 16726287, 1, 0, 0
140012, 16622180, 1, 0, 0
141004, 16872502, 1, 0, 0
142002, 16935378, 1, 0, 0
143004, 16684036, 1, 0, 0
144015, 16544649, 1, 0, 0
145010, 17058724, 1, 0, 0
146001, 16663482, 1, 0, 0
147000, 16561667, 1, 0, 0
148006, 17151866, 1, 0, 0
149000, 16393833, 1, 0, 0
150010, 16894579, 1, 0, 0
151002, 16677319, 1, 0, 0
152011, 16699891, 1, 0, 0
153007, 16655334, 1, 0, 0
154001, 16324659, 1, 0, 0
155010, 16704906, 1, 0, 0
156004, 16558413, 1, 0, 0
157012, 16721965, 1, 0, 0
158003, 17315468, 1, 0, 0
159011, 16958573, 1, 0, 0
160004, 16547393, 1, 0, 0
161003, 16797434, 1, 0, 0
162006, 16643734, 1, 0, 0
163000, 17003049, 1, 0, 0
164010, 16936915, 1, 0, 0
165004, 16905821, 1, 0, 0
166000, 16419397, 1, 0, 0
167007, 16815822, 1, 0, 0
168000, 16551268, 1, 0, 0
169000, 16874836, 1, 0, 0
170000, 16377633, 1, 0, 0
171001, 16722981, 1, 0, 0
172002, 16723317, 1, 0, 0
173012, 16439786, 1, 0, 0
174002, 17158108, 1, 0, 0
175000, 16719304, 1, 0, 0
176007, 16667797, 1, 0, 0
177005, 16702188, 1, 0, 0
178014, 16558359, 1, 0, 0
179008, 16970007, 1, 0, 0
180000, 16512618, 1, 0, 0
180009, 27612994, 1, 0, 0
