1000, 1902557, 1, 0, 0
2000, 2106482, 1, 0, 0
3000, 2083941, 1, 0, 0
4000, 2108571, 1, 0, 0
5000, 2096704, 1, 0, 0
6000, 2106923, 1, 0, 0
7000, 2104836, 1, 0, 0
8000, 2069124, 1, 0, 0
9000, 2110333, 1, 0, 0
10000, 2045168, 1, 0, 0
11000, 2090571, 1, 0, 0
12000, 2135478, 1, 0, 0
13000, 2056275, 1, 0, 0
14000, 2104692, 1, 0, 0
15000, 2103993, 1, 0, 0
16000, 2047472, 1, 0, 0
17000, 2106856, 1, 0, 0
18000, 2115060, 1, 0, 0
19000, 2059646, 1, 0, 0
20000, 2149862, 1, 0, 0
21000, 2044220, 1, 0, 0
22000, 2115448, 1, 0, 0
23000, 2057641, 1, 0, 0
24000, 2141827, 1, 0, 0
25000, 2087521, 1, 0, 0
26000, 2024874, 1, 0, 0
27000, 2064313, 1, 0, 0
28000, 2109589, 1, 0, 0
29000, 2108683, 1, 0, 0
30000, 2084422, 1, 0, 0
31000, 2087723, 1, 0, 0
32000, 2126075, 1, 0, 0
33000, 2048408, 1, 0, 0
34000, 2040178, 1, 0, 0
35000, 2118995, 1, 0, 0
36000, 2129634, 1, 0, 0
37000, 2058363, 1, 0, 0
38000, 2068477, 1, 0, 0
39000, 2098682, 1, 0, 0
40000, 2154173, 1, 0, 0
41000, 2108720, 1, 0, 0
42000, 2076678, 1, 0, 0
43000, 2109848, 1, 0, 0
44000, 2150795, 1, 0, 0
45000, 2082163, 1, 0, 0
46000, 2087684, 1, 0, 0
47000, 2089690, 1, 0, 0
48000, 2182684, 1, 0, 0
49000, 2064870, 1, 0, 0
50000, 2075589, 1, 0, 0
51000, 2125261, 1, 0, 0
52000, 2069861, 1, 0, 0
53000, 2137095, 1, 0, 0
54000, 2049924, 1, 0, 0
55000, 2059340, 1, 0, 0
56000, 2081349, 1, 0, 0
57000, 2153219, 1, 0, 0
58000, 2078510, 1, 0, 0
59000, 2085714, 1, 0, 0
60000, 2120269, 1, 0, 0
61000, 2067749, 1, 0, 0
62000, 2069899, 1, 0, 0
63000, 2100520, 1, 0, 0
64000, 2094969, 1, 0, 0
65000, 2067745, 1, 0, 0
66000, 2136058, 1, 0, 0
67000, 2095130, 1, 0, 0
68000, 2119752, 1, 0, 0
69000, 2102298, 1, 0, 0
70000, 2075478, 1, 0, 0
71000, 2056895, 1, 0, 0
72000, 2135024, 1, 0, 0
73000, 2060881, 1, 0, 0
74000, 2105040, 1, 0, 0
75000, 2096084, 1, 0, 0
76000, 2086665, 1, 0, 0
77006, 2091688, 1, 0, 0
78000, 2124863, 1, 0, 0
79000, 2075879, 1, 0, 0
80000, 2091398, 1, 0, 0
81000, 2092132, 1, 0, 0
82000, 2068043, 1, 0, 0
83000, 2118952, 1, 0, 0
84000, 2078028, 1, 0, 0
85000, 2083388, 1, 0, 0
86000, 2150176, 1, 0, 0
87000, 2063607, 1, 0, 0
88000, 2095070, 1, 0, 0
89000, 2121774, 1, 0, 0
90000, 2039437, 1, 0, 0
91000, 2093952, 1, 0, 0
92000, 2134060, 1, 0, 0
93000, 2055479, 1, 0, 0
94000, 2062416, 1, 0, 0
95000, 2130904, 1, 0, 0
96000, 2071016, 1, 0, 0
97000, 2145389, 1, 0, 0
98000, 2076511, 1, 0, 0
99000, 2047161, 1, 0, 0
100000, 2097377, 1, 0, 0
101000, 2106019, 1, 0, 0
102000, 2074858, 1, 0, 0
103000, 2154636, 1, 0, 0
104000, 2041562, 1, 0, 0
105000, 2072897, 1, 0, 0
106000, 2116669, 1, 0, 0
107000, 2094209, 1, 0, 0
108000, 2068364, 1, 0, 0
109000, 2135089, 1, 0, 0
110000, 2083890, 1, 0, 0
111000, 2084222, 1, 0, 0
112000, 2122366, 1, 0, 0
113000, 2050670, 1, 0, 0
114000, 2072757, 1, 0, 0
115000, 2153571, 1, 0, 0
116000, 2062617, 1, 0, 0
117000, 2088428, 1, 0, 0
118000, 2051785, 1, 0, 0
119000, 2108937, 1, 0, 0
120000, 2140092, 1, 0, 0
121000, 2071836, 1, 0, 0
122000, 2169176, 1, 0, 0
123000, 2083317, 1, 0, 0
124000, 2089768, 1, 0, 0
125000, 2130971, 1, 0, 0
126000, 2031410, 1, 0, 0
127000, 2103324, 1, 0, 0
128000, 2134089, 1, 0, 0
129000, 2090974, 1, 0, 0
130000, 2037415, 1, 0, 0
131000, 2096103, 1, 0, 0
132000, 2107281, 1, 0, 0
133000, 2109040, 1, 0, 0
134000, 2148283, 1, 0, 0
135000, 2062820, 1, 0, 0
136000, 2150117, 1, 0, 0
137000, 2013702, 1, 0, 0
138000, 2099962, 1, 0, 0
139000, 2080472, 1, 0, 0
140000, 2025559, 1, 0, 0
141000, 2097011, 1, 0, 0
142000, 2091857, 1, 0, 0
143000, 2082699, 1, 0, 0
144000, 2096555, 1, 0, 0
145000, 2105608, 1, 0, 0
146000, 2066166, 1, 0, 0
147000, 2153800, 1, 0, 0
148000, 2133628, 1, 0, 0
149000, 2094876, 1, 0, 0
150000, 2138602, 1, 0, 0
151000, 2067945, 1, 0, 0
152000, 2087281, 1, 0, 0
153000, 2073998, 1, 0, 0
154000, 2079248, 1, 0, 0
155000, 2102077, 1, 0, 0
156000, 2028820, 1, 0, 0
157000, 2120891, 1, 0, 0
158000, 2089679, 1, 0, 0
159000, 2092375, 1, 0, 0
160000, 2083490, 1, 0, 0
161000, 2114607, 1, 0, 0
162000, 2068506, 1, 0, 0
163000, 2095029, 1, 0, 0
164000, 2134736, 1, 0, 0
165000, 2045598, 1, 0, 0
166000, 2062017, 1, 0, 0
167000, 2114310, 1, 0, 0
168000, 2083776, 1, 0, 0
169000, 2069122, 1, 0, 0
170000, 2101911, 1, 0, 0
171000, 2135786, 1, 0, 0
172000, 2064169, 1, 0, 0
173000, 2159148, 1, 0, 0
174000, 2056342, 1, 0, 0
175000, 2091157, 1, 0, 0
176000, 2110819, 1, 0, 0
177000, 2127909, 1, 0, 0
178000, 2084445, 1, 0, 0
179000, 2110850, 1, 0, 0
180000, 2052461, 1, 0, 0
180000, 1605665, 1, 0, 0
