1033, 58927292, 1, 0, 0
2000, 1098598, 1, 0, 0
3000, 1163845, 1, 0, 0
4000, 1077757, 1, 0, 0
5005, 1154946, 1, 0, 0
6000, 1060465, 1, 0, 0
7000, 1071502, 1, 0, 0
8000, 1046512, 1, 0, 0
9000, 1044161, 1, 0, 0
10000, 1095403, 1, 0, 0
11000, 1083151, 1, 0, 0
12000, 1131191, 1, 0, 0
13000, 1116009, 1, 0, 0
14000, 1086308, 1, 0, 0
15000, 1141991, 1, 0, 0
16000, 1101551, 1, 0, 0
17000, 1097513, 1, 0, 0
18000, 1096306, 1, 0, 0
19000, 1094720, 1, 0, 0
20000, 1137525, 1, 0, 0
21000, 1087964, 1, 0, 0
22000, 1121221, 1, 0, 0
23000, 1176054, 1, 0, 0
24000, 1113608, 1, 0, 0
25000, 1106748, 1, 0, 0
26000, 1149942, 1, 0, 0
27000, 1109981, 1, 0, 0
28000, 1097733, 1, 0, 0
29000, 1061121, 1, 0, 0
30000, 1037466, 1, 0, 0
31000, 1055992, 1, 0, 0
32003, 1059559, 1, 0, 0
33000, 1082141, 1, 0, 0
34000, 1068304, 1, 0, 0
35004, 1098971, 1, 0, 0
36000, 1114927, 1, 0, 0
37000, 1080454, 1, 0, 0
38001, 1087811, 1, 0, 0
39001, 1099770, 1, 0, 0
40000, 1064718, 1, 0, 0
41000, 1075863, 1, 0, 0
42000, 1079956, 1, 0, 0
43000, 1064302, 1, 0, 0
44000, 1059279, 1, 0, 0
45000, 1055491, 1, 0, 0
46000, 1076241, 1, 0, 0
47000, 1053326, 1, 0, 0
48000, 1073755, 1, 0, 0
49000, 1043435, 1, 0, 0
50000, 1066756, 1, 0, 0
51000, 1096955, 1, 0, 0
52000, 1098710, 1, 0, 0
53000, 1057991, 1, 0, 0
54000, 1132838, 1, 0, 0
55000, 1116420, 1, 0, 0
56000, 1306761, 1, 0, 0
57000, 1201878, 1, 0, 0
58001, 1104276, 1, 0, 0
59000, 1103571, 1, 0, 0
60000, 1122896, 1, 0, 0
61000, 1141231, 1, 0, 0
62000, 1136860, 1, 0, 0
63000, 1118993, 1, 0, 0
64000, 1104233, 1, 0, 0
65000, 1127711, 1, 0, 0
66000, 1118393, 1, 0, 0
67000, 1078880, 1, 0, 0
68002, 1108532, 1, 0, 0
69000, 1125580, 1, 0, 0
70000, 1110474, 1, 0, 0
71000, 1105691, 1, 0, 0
72001, 1129924, 1, 0, 0
73000, 1081426, 1, 0, 0
74001, 1113973, 1, 0, 0
75000, 1137981, 1, 0, 0
76000, 1116369, 1, 0, 0
77000, 1188970, 1, 0, 0
78000, 1078522, 1, 0, 0
79000, 1103394, 1, 0, 0
80000, 1096934, 1, 0, 0
81000, 1099412, 1, 0, 0
82000, 1116955, 1, 0, 0
83002, 1142985, 1, 0, 0
84000, 1095365, 1, 0, 0
85000, 1126792, 1, 0, 0
86000, 1102899, 1, 0, 0
87001, 1106690, 1, 0, 0
88000, 1161105, 1, 0, 0
89000, 1101514, 1, 0, 0
90001, 1091664, 1, 0, 0
91002, 1058886, 1, 0, 0
92000, 1054239, 1, 0, 0
93000, 1022659, 1, 0, 0
94000, 1109078, 1, 0, 0
95000, 1088731, 1, 0, 0
96000, 1172417, 1, 0, 0
97000, 1061463, 1, 0, 0
98000, 1098495, 1, 0, 0
99000, 1167054, 1, 0, 0
100000, 1116493, 1, 0, 0
101000, 1119935, 1, 0, 0
102000, 1103170, 1, 0, 0
103001, 1117084, 1, 0, 0
104007, 1114372, 1, 0, 0
105000, 1076442, 1, 0, 0
106001, 1047032, 1, 0, 0
107000, 1057874, 1, 0, 0
108000, 1069614, 1, 0, 0
109000, 1149039, 1, 0, 0
110000, 1070303, 1, 0, 0
111000, 1064967, 1, 0, 0
112009, 1169716, 1, 0, 0
113000, 1084166, 1, 0, 0
114000, 1041123, 1, 0, 0
115000, 1098074, 1, 0, 0
116000, 1098409, 1, 0, 0
117000, 1030713, 1, 0, 0
118000, 1232122, 1, 0, 0
119000, 1087102, 1, 0, 0
120000, 1064813, 1, 0, 0
121002, 1101728, 1, 0, 0
122000, 1107404, 1, 0, 0
123000, 1104267, 1, 0, 0
124000, 1062128, 1, 0, 0
125001, 1063258, 1, 0, 0
126003, 1105434, 1, 0, 0
127000, 1130328, 1, 0, 0
128000, 1121238, 1, 0, 0
129000, 1125526, 1, 0, 0
130000, 1069946, 1, 0, 0
131000, 1060433, 1, 0, 0
132000, 1078566, 1, 0, 0
133000, 1077930, 1, 0, 0
134000, 1065212, 1, 0, 0
135000, 1096189, 1, 0, 0
136000, 1087105, 1, 0, 0
137000, 1091572, 1, 0, 0
138000, 1099410, 1, 0, 0
139000, 1054309, 1, 0, 0
140000, 1081252, 1, 0, 0
141000, 1081374, 1, 0, 0
142000, 1070793, 1, 0, 0
143000, 1070100, 1, 0, 0
144000, 1069214, 1, 0, 0
145000, 1080381, 1, 0, 0
146000, 1049734, 1, 0, 0
147000, 1076903, 1, 0, 0
148000, 1081168, 1, 0, 0
149000, 1079678, 1, 0, 0
150000, 1077178, 1, 0, 0
151000, 1071810, 1, 0, 0
152000, 1073481, 1, 0, 0
153000, 1068468, 1, 0, 0
154000, 1063882, 1, 0, 0
155001, 1122566, 1, 0, 0
156000, 1074019, 1, 0, 0
157000, 1095829, 1, 0, 0
158000, 1087613, 1, 0, 0
159000, 1060833, 1, 0, 0
160000, 1077037, 1, 0, 0
161000, 1092129, 1, 0, 0
162001, 1078823, 1, 0, 0
163000, 1182651, 1, 0, 0
164003, 1108047, 1, 0, 0
165000, 1203677, 1, 0, 0
166000, 1260476, 1, 0, 0
167000, 1176640, 1, 0, 0
168003, 1138833, 1, 0, 0
169000, 1155480, 1, 0, 0
170000, 1110303, 1, 0, 0
171000, 1233370, 1, 0, 0
172000, 1174222, 1, 0, 0
173000, 1060127, 1, 0, 0
174000, 1227884, 1, 0, 0
175000, 1179275, 1, 0, 0
176000, 1138421, 1, 0, 0
177000, 1079647, 1, 0, 0
178000, 1094535, 1, 0, 0
179000, 1101066, 1, 0, 0
180004, 1071299, 1, 0, 0
