1001, 550, 0, 0, 0
2001, 496, 0, 0, 0
3001, 485, 0, 0, 0
4001, 438, 0, 0, 0
5001, 481, 0, 0, 0
6001, 452, 0, 0, 0
7001, 386, 0, 0, 0
8001, 443, 0, 0, 0
9001, 444, 0, 0, 0
10001, 458, 0, 0, 0
11001, 456, 0, 0, 0
12001, 466, 0, 0, 0
13002, 422, 0, 0, 0
14001, 474, 0, 0, 0
15001, 393, 0, 0, 0
16001, 488, 0, 0, 0
17001, 453, 0, 0, 0
18001, 452, 0, 0, 0
19001, 406, 0, 0, 0
20001, 404, 0, 0, 0
21002, 442, 0, 0, 0
22001, 399, 0, 0, 0
23001, 446, 0, 0, 0
24001, 431, 0, 0, 0
25002, 510, 0, 0, 0
26001, 507, 0, 0, 0
27001, 501, 0, 0, 0
28002, 479, 0, 0, 0
29003, 501, 0, 0, 0
30004, 508, 0, 0, 0
31004, 485, 0, 0, 0
32005, 527, 0, 0, 0
33006, 497, 0, 0, 0
34007, 502, 0, 0, 0
35008, 505, 0, 0, 0
36009, 458, 0, 0, 0
37009, 407, 0, 0, 0
38010, 450, 0, 0, 0
39011, 461, 0, 0, 0
40011, 436, 0, 0, 0
41012, 413, 0, 0, 0
42012, 453, 0, 0, 0
43012, 491, 0, 0, 0
44013, 505, 0, 0, 0
45014, 498, 0, 0, 0
46014, 515, 0, 0, 0
47015, 502, 0, 0, 0
48016, 499, 0, 0, 0
49017, 508, 0, 0, 0
50018, 514, 0, 0, 0
51018, 505, 0, 0, 0
52019, 488, 0, 0, 0
53020, 519, 0, 0, 0
54020, 523, 0, 0, 0
55020, 500, 0, 0, 0
56021, 481, 0, 0, 0
57021, 504, 0, 0, 0
58022, 478, 0, 0, 0
59023, 490, 0, 0, 0
60023, 501, 0, 0, 0
61024, 490, 0, 0, 0
62025, 498, 0, 0, 0
63025, 525, 0, 0, 0
64026, 530, 0, 0, 0
65026, 468, 0, 0, 0
66026, 415, 0, 0, 0
67027, 474, 0, 0, 0
68027, 465, 0, 0, 0
69028, 392, 0, 0, 0
70028, 463, 0, 0, 0
71029, 457, 0, 0, 0
72029, 392, 0, 0, 0
73030, 437, 0, 0, 0
74031, 418, 0, 0, 0
75031, 438, 0, 0, 0
76032, 430, 0, 0, 0
77033, 445, 0, 0, 0
78033, 474, 0, 0, 0
79034, 477, 0, 0, 0
80035, 479, 0, 0, 0
81036, 484, 0, 0, 0
82036, 505, 0, 0, 0
83037, 492, 0, 0, 0
84037, 511, 0, 0, 0
85038, 488, 0, 0, 0
86039, 463, 0, 0, 0
87039, 480, 0, 0, 0
88040, 485, 0, 0, 0
89040, 487, 0, 0, 0
90041, 476, 0, 0, 0
91042, 473, 0, 0, 0
92043, 480, 0, 0, 0
93043, 469, 0, 0, 0
94044, 484, 0, 0, 0
95044, 456, 0, 0, 0
96045, 491, 0, 0, 0
97045, 484, 0, 0, 0
98046, 489, 0, 0, 0
99047, 487, 0, 0, 0
100048, 451, 0, 0, 0
101048, 420, 0, 0, 0
102049, 444, 0, 0, 0
103049, 428, 0, 0, 0
104050, 432, 0, 0, 0
105051, 392, 0, 0, 0
106052, 427, 0, 0, 0
107052, 513, 0, 0, 0
108053, 560, 0, 0, 0
109054, 513, 0, 0, 0
110054, 469, 0, 0, 0
111055, 382, 0, 0, 0
112055, 423, 0, 0, 0
113055, 483, 0, 0, 0
114056, 398, 0, 0, 0
115056, 519, 0, 0, 0
116057, 479, 0, 0, 0
117058, 463, 0, 0, 0
118058, 418, 0, 0, 0
119059, 472, 0, 0, 0
120060, 373, 0, 0, 0
121060, 365, 0, 0, 0
122061, 490, 0, 0, 0
123061, 458, 0, 0, 0
124062, 370, 0, 0, 0
125062, 463, 0, 0, 0
126063, 429, 0, 0, 0
127064, 419, 0, 0, 0
128064, 482, 0, 0, 0
129064, 444, 0, 0, 0
130065, 412, 0, 0, 0
131066, 408, 0, 0, 0
132066, 460, 0, 0, 0
133067, 449, 0, 0, 0
134067, 441, 0, 0, 0
135067, 413, 0, 0, 0
136068, 423, 0, 0, 0
137068, 472, 0, 0, 0
138069, 448, 0, 0, 0
139069, 448, 0, 0, 0
140070, 475, 0, 0, 0
141070, 459, 0, 0, 0
142071, 437, 0, 0, 0
143071, 481, 0, 0, 0
144072, 473, 0, 0, 0
145072, 504, 0, 0, 0
146073, 447, 0, 0, 0
147073, 503, 0, 0, 0
148074, 507, 0, 0, 0
149075, 485, 0, 0, 0
150075, 447, 0, 0, 0
151076, 449, 0, 0, 0
152076, 431, 0, 0, 0
153077, 431, 0, 0, 0
154078, 510, 0, 0, 0
155078, 506, 0, 0, 0
156079, 455, 0, 0, 0
157080, 466, 0, 0, 0
158080, 444, 0, 0, 0
159081, 469, 0, 0, 0
160081, 395, 0, 0, 0
161082, 472, 0, 0, 0
162082, 434, 0, 0, 0
163082, 395, 0, 0, 0
164083, 458, 0, 0, 0
165083, 460, 0, 0, 0
166084, 445, 0, 0, 0
167084, 431, 0, 0, 0
168084, 414, 0, 0, 0
169085, 438, 0, 0, 0
170086, 418, 0, 0, 0
171087, 432, 0, 0, 0
172087, 460, 0, 0, 0
173087, 428, 0, 0, 0
174088, 403, 0, 0, 0
175088, 420, 0, 0, 0
176089, 481, 0, 0, 0
177089, 463, 0, 0, 0
178090, 431, 0, 0, 0
179091, 459, 0, 0, 0
180091, 424, 0, 0, 0
