1002, 111762286, 1, 0, 0
2000, 126208596, 1, 0, 0
3005, 118992007, 1, 0, 0
4007, 148599338, 1, 0, 0
5004, 150674044, 1, 0, 0
6004, 164233248, 1, 0, 0
7003, 141166432, 1, 0, 0
8025, 159309879, 1, 0, 0
9002, 158558223, 1, 0, 0
10000, 139419010, 1, 0, 0
11002, 124293686, 1, 0, 0
12000, 128329441, 1, 0, 0
13001, 127413942, 1, 0, 0
14000, 129264049, 1, 0, 0
15004, 129169587, 1, 0, 0
16000, 129933410, 1, 0, 0
17002, 124450826, 1, 0, 0
18000, 125742833, 1, 0, 0
19034, 130268914, 1, 0, 0
20001, 145578211, 1, 0, 0
21003, 139239757, 1, 0, 0
22000, 155736518, 1, 0, 0
23003, 137035108, 1, 0, 0
24000, 150661256, 1, 0, 0
25000, 159526445, 1, 0, 0
26002, 138955065, 1, 0, 0
27034, 138813683, 1, 0, 0
28000, 157358163, 1, 0, 0
29004, 149580389, 1, 0, 0
30000, 146195710, 1, 0, 0
31030, 149986970, 1, 0, 0
32040, 150005099, 1, 0, 0
33000, 159648729, 1, 0, 0
34000, 152245564, 1, 0, 0
35042, 141206438, 1, 0, 0
36001, 144681800, 1, 0, 0
37001, 134091568, 1, 0, 0
38003, 152738860, 1, 0, 0
39000, 144913070, 1, 0, 0
40000, 144057856, 1, 0, 0
41000, 152317830, 1, 0, 0
42034, 144214674, 1, 0, 0
43004, 142991323, 1, 0, 0
44003, 143732670, 1, 0, 0
45001, 139634575, 1, 0, 0
46000, 142970942, 1, 0, 0
47004, 152948256, 1, 0, 0
48000, 134518120, 1, 0, 0
49005, 137037173, 1, 0, 0
50001, 156899927, 1, 0, 0
51000, 131570039, 1, 0, 0
52041, 136053607, 1, 0, 0
53000, 138449375, 1, 0, 0
54000, 130468075, 1, 0, 0
55002, 131863417, 1, 0, 0
56002, 141843554, 1, 0, 0
57002, 141086335, 1, 0, 0
58000, 144977134, 1, 0, 0
59042, 137883387, 1, 0, 0
60003, 133606261, 1, 0, 0
61003, 135102702, 1, 0, 0
62001, 140878572, 1, 0, 0
63041, 143815186, 1, 0, 0
64002, 149931278, 1, 0, 0
65002, 142861821, 1, 0, 0
66001, 126940564, 1, 0, 0
67000, 130299904, 1, 0, 0
68002, 142543407, 1, 0, 0
69000, 139231889, 1, 0, 0
70000, 136406640, 1, 0, 0
71000, 132910597, 1, 0, 0
72000, 132222142, 1, 0, 0
73002, 133117203, 1, 0, 0
74005, 142062731, 1, 0, 0
75001, 130956759, 1, 0, 0
76001, 130489038, 1, 0, 0
77001, 131680238, 1, 0, 0
78000, 127006120, 1, 0, 0
79000, 128991386, 1, 0, 0
80001, 126414293, 1, 0, 0
81000, 127035948, 1, 0, 0
82001, 124487602, 1, 0, 0
83000, 123629407, 1, 0, 0
84000, 127684152, 1, 0, 0
85000, 126093715, 1, 0, 0
86000, 126359615, 1, 0, 0
87000, 128077977, 1, 0, 0
88001, 125871281, 1, 0, 0
89000, 130003543, 1, 0, 0
90002, 135301456, 1, 0, 0
91001, 133533341, 1, 0, 0
92000, 133428345, 1, 0, 0
93031, 133119942, 1, 0, 0
94000, 137759840, 1, 0, 0
95000, 130355324, 1, 0, 0
96000, 125339554, 1, 0, 0
97000, 127081973, 1, 0, 0
98002, 124075556, 1, 0, 0
99000, 119843203, 1, 0, 0
100001, 126550569, 1, 0, 0
101000, 126698588, 1, 0, 0
102000, 123330530, 1, 0, 0
103001, 128103701, 1, 0, 0
104008, 131505926, 1, 0, 0
105000, 136243952, 1, 0, 0
106000, 132073200, 1, 0, 0
107003, 133145208, 1, 0, 0
108003, 130609990, 1, 0, 0
109002, 130762119, 1, 0, 0
110001, 130097280, 1, 0, 0
111003, 129913433, 1, 0, 0
112001, 129956444, 1, 0, 0
113000, 125843649, 1, 0, 0
114000, 122963034, 1, 0, 0
115001, 121345119, 1, 0, 0
116000, 118287822, 1, 0, 0
117002, 117333173, 1, 0, 0
118003, 118802689, 1, 0, 0
119000, 119278988, 1, 0, 0
120000, 122515625, 1, 0, 0
121000, 123707981, 1, 0, 0
122000, 124666402, 1, 0, 0
123001, 127107091, 1, 0, 0
124000, 125842007, 1, 0, 0
125000, 126850264, 1, 0, 0
126001, 125359649, 1, 0, 0
127000, 126055813, 1, 0, 0
128004, 140164647, 1, 0, 0
129004, 154619051, 1, 0, 0
130001, 135695660, 1, 0, 0
131001, 126679126, 1, 0, 0
132000, 126226100, 1, 0, 0
133029, 125330842, 1, 0, 0
134001, 126452534, 1, 0, 0
135000, 123030344, 1, 0, 0
136036, 130905642, 1, 0, 0
137000, 145780036, 1, 0, 0
138000, 178237104, 1, 0, 0
139005, 144195209, 1, 0, 0
140002, 140979565, 1, 0, 0
141000, 143958974, 1, 0, 0
142002, 133850800, 1, 0, 0
143000, 142513082, 1, 0, 0
144001, 146030098, 1, 0, 0
145003, 143492589, 1, 0, 0
146001, 146755722, 1, 0, 0
147003, 147057856, 1, 0, 0
148001, 145288587, 1, 0, 0
149000, 137150379, 1, 0, 0
150003, 137535112, 1, 0, 0
151000, 143912919, 1, 0, 0
152003, 145740053, 1, 0, 0
153000, 135663492, 1, 0, 0
154004, 134949813, 1, 0, 0
155001, 137518503, 1, 0, 0
156002, 132913011, 1, 0, 0
157003, 132572332, 1, 0, 0
158001, 135888309, 1, 0, 0
159006, 131666634, 1, 0, 0
160001, 131410758, 1, 0, 0
161000, 131874191, 1, 0, 0
162003, 130974913, 1, 0, 0
163003, 129335623, 1, 0, 0
164002, 131341578, 1, 0, 0
165000, 128080750, 1, 0, 0
166000, 129237788, 1, 0, 0
167001, 128805208, 1, 0, 0
168000, 128630429, 1, 0, 0
169000, 128514064, 1, 0, 0
170000, 126494465, 1, 0, 0
171000, 130540190, 1, 0, 0
172000, 128151620, 1, 0, 0
173000, 137777988, 1, 0, 0
174000, 133782575, 1, 0, 0
175000, 135064841, 1, 0, 0
176000, 137471963, 1, 0, 0
177000, 134847694, 1, 0, 0
178000, 138720808, 1, 0, 0
179000, 140482277, 1, 0, 0
180000, 142264886, 1, 0, 0
180111, 185845834, 1, 0, 0
