1000, 7607058, 1, 0, 0
2001, 8162067, 1, 0, 0
3001, 8629281, 1, 0, 0
4000, 8733773, 1, 0, 0
5001, 8846410, 1, 0, 0
6000, 8397886, 1, 0, 0
7000, 8582276, 1, 0, 0
8037, 8893628, 1, 0, 0
9000, 8432232, 1, 0, 0
10000, 8135831, 1, 0, 0
11001, 8605753, 1, 0, 0
12001, 8169551, 1, 0, 0
13000, 8404416, 1, 0, 0
14000, 8509446, 1, 0, 0
15000, 8303871, 1, 0, 0
16036, 8497158, 1, 0, 0
17001, 8361455, 1, 0, 0
18025, 9458543, 1, 0, 0
19000, 7926091, 1, 0, 0
20000, 8067702, 1, 0, 0
21000, 8081425, 1, 0, 0
22004, 8216089, 1, 0, 0
23026, 8249379, 1, 0, 0
24001, 8496634, 1, 0, 0
25000, 8724970, 1, 0, 0
26001, 8140325, 1, 0, 0
27000, 8983959, 1, 0, 0
28000, 7973357, 1, 0, 0
29025, 8301752, 1, 0, 0
30025, 8282869, 1, 0, 0
31029, 7815625, 1, 0, 0
32028, 8383891, 1, 0, 0
33027, 8674720, 1, 0, 0
34000, 8388946, 1, 0, 0
35001, 8507023, 1, 0, 0
36000, 7991518, 1, 0, 0
37001, 8190620, 1, 0, 0
38000, 8642597, 1, 0, 0
39025, 7752646, 1, 0, 0
40000, 9190675, 1, 0, 0
41027, 8890766, 1, 0, 0
42000, 7992733, 1, 0, 0
43000, 7857105, 1, 0, 0
44000, 9170814, 1, 0, 0
45000, 8286315, 1, 0, 0
46000, 8537104, 1, 0, 0
47001, 8185684, 1, 0, 0
48005, 9485553, 1, 0, 0
49000, 8048478, 1, 0, 0
50000, 8626573, 1, 0, 0
51000, 8202881, 1, 0, 0
52026, 7788278, 1, 0, 0
53000, 8261893, 1, 0, 0
54000, 8689580, 1, 0, 0
55001, 8652687, 1, 0, 0
56000, 8673742, 1, 0, 0
57000, 7984590, 1, 0, 0
58038, 8278907, 1, 0, 0
59000, 8400090, 1, 0, 0
60029, 8539848, 1, 0, 0
61000, 8749405, 1, 0, 0
62000, 8942428, 1, 0, 0
63000, 8610445, 1, 0, 0
64000, 8207218, 1, 0, 0
65000, 8498750, 1, 0, 0
66000, 8035551, 1, 0, 0
67004, 8347898, 1, 0, 0
68000, 8591183, 1, 0, 0
69000, 8035296, 1, 0, 0
70036, 8147647, 1, 0, 0
71005, 8580689, 1, 0, 0
72001, 8528652, 1, 0, 0
73000, 8571277, 1, 0, 0
74001, 8303703, 1, 0, 0
75003, 8144521, 1, 0, 0
76037, 8323434, 1, 0, 0
77000, 8341986, 1, 0, 0
78000, 8189900, 1, 0, 0
79000, 8420099, 1, 0, 0
80000, 8267371, 1, 0, 0
81000, 8716877, 1, 0, 0
82036, 9058174, 1, 0, 0
83000, 8118802, 1, 0, 0
84000, 8343727, 1, 0, 0
85000, 8563983, 1, 0, 0
86000, 8480464, 1, 0, 0
87001, 7547780, 1, 0, 0
88000, 8233169, 1, 0, 0
89001, 8787736, 1, 0, 0
90027, 8322374, 1, 0, 0
91002, 8324062, 1, 0, 0
92001, 8106249, 1, 0, 0
93039, 7959522, 1, 0, 0
94002, 8490139, 1, 0, 0
95000, 7994796, 1, 0, 0
96037, 7813937, 1, 0, 0
97001, 8466401, 1, 0, 0
98000, 8388688, 1, 0, 0
99023, 7913461, 1, 0, 0
100036, 8281228, 1, 0, 0
101000, 7882762, 1, 0, 0
102002, 8380148, 1, 0, 0
103025, 8216702, 1, 0, 0
104001, 8599431, 1, 0, 0
105025, 8736042, 1, 0, 0
106037, 9492101, 1, 0, 0
107002, 7757251, 1, 0, 0
108025, 8604447, 1, 0, 0
109001, 8475422, 1, 0, 0
110028, 8222986, 1, 0, 0
111039, 8602232, 1, 0, 0
112000, 8655911, 1, 0, 0
113000, 8195529, 1, 0, 0
114037, 8659797, 1, 0, 0
115003, 8754365, 1, 0, 0
116000, 8305820, 1, 0, 0
117000, 8141114, 1, 0, 0
118008, 8085722, 1, 0, 0
119003, 8500386, 1, 0, 0
120025, 8181571, 1, 0, 0
121000, 8651375, 1, 0, 0
122007, 8742338, 1, 0, 0
123024, 8191943, 1, 0, 0
124002, 8726604, 1, 0, 0
125002, 8121854, 1, 0, 0
126027, 8275210, 1, 0, 0
127000, 8615720, 1, 0, 0
128005, 8005298, 1, 0, 0
129000, 8591047, 1, 0, 0
130000, 8540705, 1, 0, 0
131001, 8318033, 1, 0, 0
132050, 9329623, 1, 0, 0
133000, 8470067, 1, 0, 0
134000, 8585755, 1, 0, 0
135025, 7902786, 1, 0, 0
136000, 8541764, 1, 0, 0
137001, 8313376, 1, 0, 0
138001, 8521596, 1, 0, 0
139001, 8309440, 1, 0, 0
140038, 8964071, 1, 0, 0
141000, 8002218, 1, 0, 0
142002, 8005936, 1, 0, 0
143024, 8326185, 1, 0, 0
144003, 8124193, 1, 0, 0
145024, 8150358, 1, 0, 0
146000, 8100960, 1, 0, 0
147000, 8098515, 1, 0, 0
148023, 8506140, 1, 0, 0
149001, 7906420, 1, 0, 0
150000, 8292994, 1, 0, 0
151039, 8450346, 1, 0, 0
152000, 8567569, 1, 0, 0
153003, 8817998, 1, 0, 0
154002, 8515596, 1, 0, 0
155001, 8772575, 1, 0, 0
156000, 8536953, 1, 0, 0
157025, 8180585, 1, 0, 0
158001, 8543894, 1, 0, 0
159027, 8655007, 1, 0, 0
160023, 8240025, 1, 0, 0
161001, 8211270, 1, 0, 0
162000, 8692586, 1, 0, 0
163003, 7976330, 1, 0, 0
164000, 7865601, 1, 0, 0
165000, 8740233, 1, 0, 0
166000, 8649653, 1, 0, 0
167025, 7827452, 1, 0, 0
168000, 8438927, 1, 0, 0
169001, 7805021, 1, 0, 0
170023, 8153902, 1, 0, 0
171004, 8165739, 1, 0, 0
172027, 8461999, 1, 0, 0
173004, 8497013, 1, 0, 0
174001, 8242917, 1, 0, 0
175000, 8568031, 1, 0, 0
176024, 8376965, 1, 0, 0
177000, 8389372, 1, 0, 0
178001, 7927380, 1, 0, 0
179023, 7988891, 1, 0, 0
180000, 8201148, 1, 0, 0
180029, 34090302, 1, 0, 0
