1018, 91330, 1, 0, 0
2000, 78602, 1, 0, 0
3020, 208355, 1, 0, 0
4031, 126594, 1, 0, 0
5002, 596465, 1, 0, 0
6023, 823992, 1, 0, 0
7019, 45069, 1, 0, 0
8031, 449632, 1, 0, 0
9026, 131085, 1, 0, 0
10000, 2435, 1, 0, 0
11019, 2401, 1, 0, 0
12022, 2400, 1, 0, 0
13000, 18681, 1, 0, 0
14024, 101426, 1, 0, 0
15017, 141099, 1, 0, 0
16000, 52758, 1, 0, 0
17001, 277667, 1, 0, 0
18017, 228509, 1, 0, 0
19002, 172042, 1, 0, 0
20001, 167483, 1, 0, 0
21019, 124124, 1, 0, 0
22016, 88279, 1, 0, 0
23025, 58753, 1, 0, 0
24019, 350648, 1, 0, 0
25023, 263691, 1, 0, 0
26000, 230326, 1, 0, 0
27021, 449555, 1, 0, 0
28019, 592518, 1, 0, 0
29027, 999345, 1, 0, 0
30001, 633151, 1, 0, 0
31018, 621053, 1, 0, 0
32031, 377776, 1, 0, 0
33018, 281680, 1, 0, 0
34018, 441180, 1, 0, 0
35029, 134716, 1, 0, 0
36025, 96311, 1, 0, 0
37020, 317122, 1, 0, 0
38031, 56626, 1, 0, 0
39020, 130057, 1, 0, 0
40001, 138252, 1, 0, 0
41017, 112142, 1, 0, 0
42003, 62760, 1, 0, 0
43022, 8817, 1, 0, 0
44025, 85897, 1, 0, 0
45000, 28126, 1, 0, 0
46020, 38923, 1, 0, 0
47030, 98238, 1, 0, 0
48000, 21736, 1, 0, 0
49000, 87375, 1, 0, 0
50031, 122601, 1, 0, 0
51031, 75529, 1, 0, 0
52000, 32168, 1, 0, 0
53021, 6272, 1, 0, 0
54016, 15739, 1, 0, 0
55026, 52266, 1, 0, 0
56000, 4184, 1, 0, 0
57016, 28093, 1, 0, 0
58023, 47257, 1, 0, 0
59018, 30841, 1, 0, 0
60029, 46454, 1, 0, 0
61005, 2219, 1, 0, 0
62000, 67710, 1, 0, 0
63030, 178914, 1, 0, 0
64001, 20301, 1, 0, 0
65016, 68518, 1, 0, 0
66000, 8843, 1, 0, 0
67023, 14724, 1, 0, 0
68017, 7601, 1, 0, 0
69018, 55782, 1, 0, 0
70026, 82429, 1, 0, 0
71019, 9768, 1, 0, 0
72018, 2348, 1, 0, 0
73018, 37271, 1, 0, 0
74022, 19034, 1, 0, 0
75018, 2313, 1, 0, 0
76001, 31638, 1, 0, 0
77000, 2262, 1, 0, 0
78015, 4676, 1, 0, 0
79024, 20877, 1, 0, 0
80019, 40966, 1, 0, 0
81025, 3486, 1, 0, 0
82001, 4855, 1, 0, 0
83000, 3353, 1, 0, 0
84022, 2228, 1, 0, 0
85000, 2349, 1, 0, 0
86010, 21123, 1, 0, 0
87000, 49484, 1, 0, 0
88000, 2246, 1, 0, 0
89018, 2236, 1, 0, 0
90000, 5007, 1, 0, 0
91022, 2351, 1, 0, 0
92016, 2383, 1, 0, 0
93000, 36486, 1, 0, 0
94023, 2367, 1, 0, 0
95017, 2641, 1, 0, 0
96019, 52390, 1, 0, 0
97001, 2346, 1, 0, 0
98022, 6291, 1, 0, 0
99001, 6032, 1, 0, 0
100001, 7515, 1, 0, 0
101015, 6651, 1, 0, 0
102027, 9639, 1, 0, 0
103024, 78977, 1, 0, 0
104021, 57743, 1, 0, 0
105016, 15451, 1, 0, 0
106025, 8146, 1, 0, 0
107021, 17421, 1, 0, 0
108015, 13941, 1, 0, 0
109028, 56666, 1, 0, 0
110021, 8817, 1, 0, 0
111016, 50829, 1, 0, 0
112000, 2454, 1, 0, 0
113017, 2386, 1, 0, 0
114027, 3879, 1, 0, 0
115020, 6567, 1, 0, 0
116016, 9193, 1, 0, 0
117001, 3787, 1, 0, 0
118018, 38480, 1, 0, 0
119020, 63486, 1, 0, 0
120016, 6526, 1, 0, 0
121017, 5197, 1, 0, 0
122001, 2440, 1, 0, 0
123016, 38570, 1, 0, 0
124025, 4338, 1, 0, 0
125021, 2314, 1, 0, 0
126015, 2995, 1, 0, 0
127022, 16591, 1, 0, 0
128028, 4957, 1, 0, 0
129001, 61469, 1, 0, 0
130019, 36937, 1, 0, 0
131016, 41182, 1, 0, 0
132000, 121489, 1, 0, 0
133001, 9400, 1, 0, 0
134016, 4943, 1, 0, 0
135000, 19631, 1, 0, 0
136026, 8585, 1, 0, 0
137021, 19008, 1, 0, 0
138029, 2320, 1, 0, 0
139000, 2331, 1, 0, 0
140019, 2311, 1, 0, 0
141018, 2236, 1, 0, 0
142000, 40458, 1, 0, 0
143018, 7806, 1, 0, 0
144028, 2271, 1, 0, 0
145001, 2286, 1, 0, 0
146012, 5505, 1, 0, 0
147016, 2237, 1, 0, 0
148000, 3115, 1, 0, 0
149018, 9910, 1, 0, 0
150018, 7516, 1, 0, 0
151022, 15158, 1, 0, 0
152021, 2397, 1, 0, 0
153016, 2307, 1, 0, 0
154021, 8994, 1, 0, 0
155000, 2339, 1, 0, 0
156028, 18517, 1, 0, 0
157000, 14326, 1, 0, 0
158016, 3203, 1, 0, 0
159020, 4305, 1, 0, 0
160021, 34337, 1, 0, 0
161015, 73363, 1, 0, 0
162002, 16603, 1, 0, 0
163002, 6665, 1, 0, 0
164017, 2447, 1, 0, 0
165028, 12427, 1, 0, 0
166000, 7008, 1, 0, 0
167001, 43401, 1, 0, 0
168016, 7234, 1, 0, 0
169018, 10079, 1, 0, 0
170019, 3361, 1, 0, 0
171031, 51645, 1, 0, 0
172023, 34390, 1, 0, 0
173018, 26197, 1, 0, 0
174030, 78848, 1, 0, 0
175023, 24911, 1, 0, 0
176018, 26728, 1, 0, 0
177014, 2412, 1, 0, 0
178001, 6135, 1, 0, 0
179023, 2356, 1, 0, 0
180071, 2335, 1, 0, 0
