1000, 2167328, 0, 0, 0
2000, 2143868, 0, 0, 0
3000, 2150824, 0, 0, 0
4000, 2206245, 0, 0, 0
5000, 2178060, 0, 0, 0
6000, 2207628, 0, 0, 0
7000, 2195506, 0, 0, 0
8000, 2146257, 0, 0, 0
9000, 2171483, 0, 0, 0
10000, 2100013, 0, 0, 0
11000, 2198848, 0, 0, 0
12000, 2141307, 0, 0, 0
13000, 2149420, 0, 0, 0
14000, 2125125, 0, 0, 0
15000, 2090169, 0, 0, 0
16000, 2110774, 0, 0, 0
17000, 2129622, 0, 0, 0
18000, 2200566, 0, 0, 0
19000, 2202600, 0, 0, 0
20000, 2138068, 0, 0, 0
21000, 2225424, 0, 0, 0
22000, 2256933, 0, 0, 0
23000, 2208542, 0, 0, 0
24000, 2180171, 0, 0, 0
25000, 2203071, 0, 0, 0
26000, 2262487, 0, 0, 0
27000, 2205105, 0, 0, 0
28000, 2225848, 0, 0, 0
29000, 2235142, 0, 0, 0
30000, 2173187, 0, 0, 0
31000, 2190933, 0, 0, 0
32000, 2205550, 0, 0, 0
33000, 2219229, 0, 0, 0
34000, 2150314, 0, 0, 0
35000, 2181553, 0, 0, 0
36000, 2179305, 0, 0, 0
37000, 2112026, 0, 0, 0
38000, 2123937, 0, 0, 0
39000, 2209003, 0, 0, 0
40000, 2206464, 0, 0, 0
41000, 2242744, 0, 0, 0
42000, 2169069, 0, 0, 0
43000, 2185915, 0, 0, 0
44000, 2227120, 0, 0, 0
45000, 2233787, 0, 0, 0
46000, 2189486, 0, 0, 0
47000, 2204993, 0, 0, 0
48000, 2150650, 0, 0, 0
49000, 2198464, 0, 0, 0
50000, 2186459, 0, 0, 0
51000, 2277033, 0, 0, 0
52000, 2222999, 0, 0, 0
53000, 2149462, 0, 0, 0
54000, 2193857, 0, 0, 0
55000, 2128068, 0, 0, 0
56000, 2149651, 0, 0, 0
57000, 2164750, 0, 0, 0
58000, 2133358, 0, 0, 0
59000, 2103341, 0, 0, 0
60000, 2142081, 0, 0, 0
61000, 2119155, 0, 0, 0
62000, 2151492, 0, 0, 0
63000, 2166538, 0, 0, 0
64000, 2198606, 0, 0, 0
65000, 2173602, 0, 0, 0
66000, 2149326, 0, 0, 0
67000, 2202902, 0, 0, 0
68000, 2233148, 0, 0, 0
69000, 2181672, 0, 0, 0
70001, 2170719, 0, 0, 0
71000, 2110199, 0, 0, 0
72000, 2163421, 0, 0, 0
73000, 2235359, 0, 0, 0
74000, 2185438, 0, 0, 0
75000, 2175684, 0, 0, 0
76000, 2131895, 0, 0, 0
77000, 2179877, 0, 0, 0
78000, 2150958, 0, 0, 0
79000, 2162494, 0, 0, 0
80000, 2197985, 0, 0, 0
81000, 2237957, 0, 0, 0
82000, 2179021, 0, 0, 0
83001, 2473348, 0, 0, 0
84000, 2176046, 0, 0, 0
85000, 2198521, 0, 0, 0
86000, 2171351, 0, 0, 0
87000, 2322402, 0, 0, 0
88000, 2181391, 0, 0, 0
89000, 2122538, 0, 0, 0
90000, 2181194, 0, 0, 0
91000, 2203989, 0, 0, 0
92000, 2175854, 0, 0, 0
93000, 2160920, 0, 0, 0
94001, 2190814, 0, 0, 0
95000, 2229521, 0, 0, 0
96001, 2147246, 0, 0, 0
97000, 2170502, 0, 0, 0
98000, 2153722, 0, 0, 0
99000, 2215343, 0, 0, 0
100000, 2225898, 0, 0, 0
101000, 2229782, 0, 0, 0
102000, 2274573, 0, 0, 0
103000, 2249402, 0, 0, 0
104000, 2254571, 0, 0, 0
105000, 2265283, 0, 0, 0
106000, 2402181, 0, 0, 0
107000, 2288133, 0, 0, 0
108000, 2154576, 0, 0, 0
109001, 2196933, 0, 0, 0
110000, 2208789, 0, 0, 0
111000, 2335843, 0, 0, 0
112000, 2251585, 0, 0, 0
113000, 2180625, 0, 0, 0
114001, 2210789, 0, 0, 0
115000, 2484141, 0, 0, 0
116000, 2232200, 0, 0, 0
117001, 2193121, 0, 0, 0
118000, 2220928, 0, 0, 0
119000, 2116611, 0, 0, 0
120000, 2155900, 0, 0, 0
121000, 2157745, 0, 0, 0
122000, 2221828, 0, 0, 0
123000, 2200400, 0, 0, 0
124000, 2218134, 0, 0, 0
125000, 2236950, 0, 0, 0
126000, 2260730, 0, 0, 0
127000, 2207445, 0, 0, 0
128000, 2162060, 0, 0, 0
129000, 2215994, 0, 0, 0
130001, 2173930, 0, 0, 0
131001, 2206123, 0, 0, 0
132001, 2174149, 0, 0, 0
133000, 2206591, 0, 0, 0
134000, 2248302, 0, 0, 0
135000, 2262533, 0, 0, 0
136000, 2191079, 0, 0, 0
137000, 2203723, 0, 0, 0
138000, 2181322, 0, 0, 0
139000, 2201861, 0, 0, 0
140000, 2185346, 0, 0, 0
141000, 2163814, 0, 0, 0
142000, 2146685, 0, 0, 0
143000, 2189149, 0, 0, 0
144000, 2966585, 0, 0, 0
145001, 2308810, 0, 0, 0
146000, 2303942, 0, 0, 0
147000, 2251449, 0, 0, 0
148000, 2301190, 0, 0, 0
149000, 2288932, 0, 0, 0
150000, 2265155, 0, 0, 0
151001, 2219675, 0, 0, 0
152000, 2228289, 0, 0, 0
153000, 2210649, 0, 0, 0
154000, 2166172, 0, 0, 0
155000, 2185208, 0, 0, 0
156000, 2191049, 0, 0, 0
157000, 2197011, 0, 0, 0
158000, 2215955, 0, 0, 0
159000, 2224463, 0, 0, 0
160000, 2187891, 0, 0, 0
161000, 2260915, 0, 0, 0
162000, 2254635, 0, 0, 0
163000, 2208907, 0, 0, 0
164000, 2218838, 0, 0, 0
165000, 2302610, 0, 0, 0
166000, 2378414, 0, 0, 0
167001, 2258141, 0, 0, 0
168001, 2250325, 0, 0, 0
169000, 2223847, 0, 0, 0
170000, 2197528, 0, 0, 0
171001, 2258946, 0, 0, 0
172000, 2235905, 0, 0, 0
173000, 2239934, 0, 0, 0
174000, 2181771, 0, 0, 0
175001, 2226406, 0, 0, 0
176000, 2200065, 0, 0, 0
177000, 2202311, 0, 0, 0
178000, 2207546, 0, 0, 0
179000, 2211408, 0, 0, 0
180000, 2183677, 0, 0, 0
180002, 2770020, 0, 0, 0
