1007, 29949264, 1, 0, 0
2004, 33475417, 1, 0, 0
3001, 31973829, 1, 0, 0
4003, 33818978, 1, 0, 0
5000, 33144421, 1, 0, 0
6013, 33732067, 1, 0, 0
7007, 34160314, 1, 0, 0
8001, 33265001, 1, 0, 0
9011, 33655740, 1, 0, 0
10001, 33270688, 1, 0, 0
11002, 33499481, 1, 0, 0
12012, 33556066, 1, 0, 0
13005, 33345772, 1, 0, 0
14000, 33344699, 1, 0, 0
15003, 33348316, 1, 0, 0
16008, 33613907, 1, 0, 0
17004, 33682723, 1, 0, 0
18000, 33124108, 1, 0, 0
19009, 33850658, 1, 0, 0
20001, 32994486, 1, 0, 0
21010, 33881630, 1, 0, 0
22001, 32867812, 1, 0, 0
23012, 33649121, 1, 0, 0
24006, 33308983, 1, 0, 0
25001, 33523230, 1, 0, 0
26010, 33178483, 1, 0, 0
27004, 33413780, 1, 0, 0
28006, 33317034, 1, 0, 0
29006, 33586221, 1, 0, 0
30001, 33360519, 1, 0, 0
31004, 33710336, 1, 0, 0
32007, 33084647, 1, 0, 0
33003, 33011784, 1, 0, 0
34014, 33500795, 1, 0, 0
35006, 33515798, 1, 0, 0
36003, 33654554, 1, 0, 0
37009, 33670507, 1, 0, 0
38006, 32958393, 1, 0, 0
39001, 33612044, 1, 0, 0
40009, 33911900, 1, 0, 0
41001, 33561358, 1, 0, 0
42010, 33500754, 1, 0, 0
43002, 33087653, 1, 0, 0
44007, 33564943, 1, 0, 0
45008, 33547976, 1, 0, 0
46004, 33669796, 1, 0, 0
47014, 33330332, 1, 0, 0
48009, 34044751, 1, 0, 0
49003, 33201918, 1, 0, 0
50004, 33748169, 1, 0, 0
51008, 32963490, 1, 0, 0
52000, 33462926, 1, 0, 0
53002, 33002833, 1, 0, 0
54005, 33503407, 1, 0, 0
55007, 33401927, 1, 0, 0
56000, 33304796, 1, 0, 0
57011, 34025424, 1, 0, 0
58005, 33464962, 1, 0, 0
59008, 33155389, 1, 0, 0
60010, 33167642, 1, 0, 0
61005, 33830264, 1, 0, 0
62000, 33417188, 1, 0, 0
63006, 33626075, 1, 0, 0
64008, 33512953, 1, 0, 0
65002, 33296505, 1, 0, 0
66003, 33036920, 1, 0, 0
67011, 33848458, 1, 0, 0
68463, 34263083, 1, 0, 0
69014, 63901138, 1, 0, 0
70000, 35170012, 1, 0, 0
71004, 33193041, 1, 0, 0
72000, 33556749, 1, 0, 0
73005, 33227333, 1, 0, 0
74014, 33065720, 1, 0, 0
75008, 33896159, 1, 0, 0
76001, 33215235, 1, 0, 0
77012, 34030128, 1, 0, 0
78007, 33242701, 1, 0, 0
79004, 33272570, 1, 0, 0
80000, 33421344, 1, 0, 0
81003, 33859205, 1, 0, 0
82005, 33553461, 1, 0, 0
83001, 33214311, 1, 0, 0
84009, 33795695, 1, 0, 0
85000, 33410490, 1, 0, 0
86000, 33711005, 1, 0, 0
87001, 33900753, 1, 0, 0
88003, 33312395, 1, 0, 0
89013, 33089115, 1, 0, 0
90002, 33371745, 1, 0, 0
91002, 33529488, 1, 0, 0
92005, 33172627, 1, 0, 0
93009, 33834208, 1, 0, 0
94004, 33227330, 1, 0, 0
95000, 33684116, 1, 0, 0
96000, 34338502, 1, 0, 0
97007, 33321390, 1, 0, 0
98001, 33454345, 1, 0, 0
99011, 33855545, 1, 0, 0
100000, 33003037, 1, 0, 0
101011, 33428079, 1, 0, 0
102005, 33608050, 1, 0, 0
103014, 33297396, 1, 0, 0
104000, 33679242, 1, 0, 0
105004, 32959398, 1, 0, 0
106014, 33535187, 1, 0, 0
107008, 34056693, 1, 0, 0
108005, 33352492, 1, 0, 0
109000, 33104713, 1, 0, 0
110006, 33549641, 1, 0, 0
111005, 33719761, 1, 0, 0
112001, 33090083, 1, 0, 0
113004, 33822634, 1, 0, 0
114005, 33218544, 1, 0, 0
115014, 32915368, 1, 0, 0
116002, 33490657, 1, 0, 0
117002, 33819573, 1, 0, 0
118000, 33771068, 1, 0, 0
119009, 33970632, 1, 0, 0
120004, 32897448, 1, 0, 0
121000, 33465253, 1, 0, 0
122010, 34198291, 1, 0, 0
123004, 33213205, 1, 0, 0
124000, 33760665, 1, 0, 0
125010, 33321747, 1, 0, 0
126007, 33697879, 1, 0, 0
127001, 33154764, 1, 0, 0
128013, 33405440, 1, 0, 0
129000, 33713982, 1, 0, 0
130002, 33292234, 1, 0, 0
131006, 33516578, 1, 0, 0
132008, 33912197, 1, 0, 0
133001, 33412604, 1, 0, 0
134005, 32932922, 1, 0, 0
135007, 33814768, 1, 0, 0
136001, 33495739, 1, 0, 0
137011, 33705783, 1, 0, 0
138004, 33103821, 1, 0, 0
139015, 33688623, 1, 0, 0
140009, 33590432, 1, 0, 0
141000, 33124510, 1, 0, 0
142012, 33670062, 1, 0, 0
143005, 33404182, 1, 0, 0
144002, 33354783, 1, 0, 0
145014, 33379693, 1, 0, 0
146010, 33768920, 1, 0, 0
147006, 33224120, 1, 0, 0
148000, 33138439, 1, 0, 0
149007, 33544509, 1, 0, 0
150004, 33303957, 1, 0, 0
151014, 33403685, 1, 0, 0
152010, 32994033, 1, 0, 0
153003, 33289073, 1, 0, 0
154012, 33355719, 1, 0, 0
155008, 33181939, 1, 0, 0
156005, 33489357, 1, 0, 0
157008, 33937003, 1, 0, 0
158001, 33381435, 1, 0, 0
159013, 33753559, 1, 0, 0
160011, 34031922, 1, 0, 0
161000, 32797876, 1, 0, 0
162001, 33804698, 1, 0, 0
163011, 33735261, 1, 0, 0
164007, 33216741, 1, 0, 0
165002, 33249780, 1, 0, 0
166011, 33568586, 1, 0, 0
167000, 33252434, 1, 0, 0
168003, 33238858, 1, 0, 0
169001, 32986462, 1, 0, 0
170012, 33924684, 1, 0, 0
171008, 32884647, 1, 0, 0
172001, 33714590, 1, 0, 0
173013, 33208937, 1, 0, 0
174007, 33660340, 1, 0, 0
175004, 33265327, 1, 0, 0
176000, 33523127, 1, 0, 0
177008, 33484518, 1, 0, 0
178003, 33219938, 1, 0, 0
179002, 33626879, 1, 0, 0
180011, 33650254, 1, 0, 0
180027, 62094552, 1, 0, 0
