1007, 29770382, 0, 0, 0
2009, 33240554, 0, 0, 0
3019, 33852641, 0, 0, 0
4012, 33146725, 0, 0, 0
5006, 33227812, 0, 0, 0
6006, 33650791, 0, 0, 0
7011, 33375213, 0, 0, 0
8007, 33458398, 0, 0, 0
9018, 33769390, 0, 0, 0
10014, 33347347, 0, 0, 0
11005, 33390824, 0, 0, 0
12009, 33265331, 0, 0, 0
13013, 33616858, 0, 0, 0
14009, 33180366, 0, 0, 0
15017, 33881480, 0, 0, 0
16011, 32935424, 0, 0, 0
17017, 33771495, 0, 0, 0
18009, 33226333, 0, 0, 0
19017, 33171369, 0, 0, 0
20013, 33495785, 0, 0, 0
21008, 33489426, 0, 0, 0
22013, 33353857, 0, 0, 0
23013, 33868069, 0, 0, 0
24010, 33377044, 0, 0, 0
25021, 33417927, 0, 0, 0
26011, 33795376, 0, 0, 0
27014, 32945572, 0, 0, 0
28007, 33429140, 0, 0, 0
29015, 33737167, 0, 0, 0
30011, 33402016, 0, 0, 0
31008, 33257828, 0, 0, 0
32015, 33853212, 0, 0, 0
33009, 33191987, 0, 0, 0
34018, 33732318, 0, 0, 0
35014, 33546961, 0, 0, 0
36008, 33285570, 0, 0, 0
37012, 33211319, 0, 0, 0
38015, 33887828, 0, 0, 0
39008, 33220454, 0, 0, 0
40020, 33531089, 0, 0, 0
41015, 33774988, 0, 0, 0
42010, 33129411, 0, 0, 0
43020, 33394211, 0, 0, 0
44015, 33847749, 0, 0, 0
45006, 33327509, 0, 0, 0
46016, 33653989, 0, 0, 0
47008, 33166818, 0, 0, 0
48018, 33350550, 0, 0, 0
49009, 33890817, 0, 0, 0
50008, 33137065, 0, 0, 0
51015, 33636890, 0, 0, 0
52008, 33436190, 0, 0, 0
53018, 33949450, 0, 0, 0
54015, 33382124, 0, 0, 0
55010, 33275189, 0, 0, 0
56020, 33199649, 0, 0, 0
57013, 34085503, 0, 0, 0
58009, 33506021, 0, 0, 0
59019, 33266733, 0, 0, 0
60009, 33575221, 0, 0, 0
61019, 33318749, 0, 0, 0
62012, 33951761, 0, 0, 0
63008, 33298609, 0, 0, 0
64015, 33743485, 0, 0, 0
65010, 33165443, 0, 0, 0
66005, 33577207, 0, 0, 0
67016, 33695336, 0, 0, 0
68009, 33271472, 0, 0, 0
69019, 33178723, 0, 0, 0
70014, 33795999, 0, 0, 0
71007, 33221576, 0, 0, 0
72009, 33715594, 0, 0, 0
73009, 33252344, 0, 0, 0
74006, 33566560, 0, 0, 0
75015, 33760016, 0, 0, 0
76010, 33197374, 0, 0, 0
77005, 33250222, 0, 0, 0
78012, 33759356, 0, 0, 0
79006, 33291833, 0, 0, 0
80016, 33784980, 0, 0, 0
81009, 33071792, 0, 0, 0
82011, 33238407, 0, 0, 0
83014, 33498733, 0, 0, 0
84011, 33755824, 0, 0, 0
85008, 33517191, 0, 0, 0
86018, 33734255, 0, 0, 0
87014, 33356650, 0, 0, 0
88007, 33157367, 0, 0, 0
89016, 33510882, 0, 0, 0
90006, 33494493, 0, 0, 0
91004, 33058022, 0, 0, 0
92013, 33871686, 0, 0, 0
93006, 33402397, 0, 0, 0
94016, 33740873, 0, 0, 0
95010, 33410605, 0, 0, 0
96008, 33355183, 0, 0, 0
97008, 33366599, 0, 0, 0
98014, 33522216, 0, 0, 0
99012, 33515613, 0, 0, 0
100006, 33231227, 0, 0, 0
101017, 33922244, 0, 0, 0
102004, 33303084, 0, 0, 0
103006, 33317163, 0, 0, 0
104006, 33261235, 0, 0, 0
105012, 33755066, 0, 0, 0
106007, 33369862, 0, 0, 0
107008, 33267933, 0, 0, 0
108011, 33713765, 0, 0, 0
109008, 33263440, 0, 0, 0
110018, 34033055, 0, 0, 0
111006, 33298236, 0, 0, 0
112009, 33255480, 0, 0, 0
113006, 33443675, 0, 0, 0
114017, 33638576, 0, 0, 0
115013, 33086796, 0, 0, 0
116007, 33572296, 0, 0, 0
117009, 33405493, 0, 0, 0
118014, 33558654, 0, 0, 0
119007, 33149394, 0, 0, 0
120012, 33535259, 0, 0, 0
121001, 33736734, 0, 0, 0
122005, 33203511, 0, 0, 0
123014, 33545526, 0, 0, 0
124009, 33250472, 0, 0, 0
125019, 33388698, 0, 0, 0
126008, 33877159, 0, 0, 0
127009, 33269075, 0, 0, 0
128019, 33004450, 0, 0, 0
129013, 33911981, 0, 0, 0
130008, 33283374, 0, 0, 0
131019, 33210743, 0, 0, 0
132011, 33517000, 0, 0, 0
133005, 33600502, 0, 0, 0
134007, 33594374, 0, 0, 0
135012, 33118222, 0, 0, 0
136006, 33612011, 0, 0, 0
137018, 33236498, 0, 0, 0
138013, 33561174, 0, 0, 0
139009, 33727984, 0, 0, 0
140020, 33470098, 0, 0, 0
141007, 33496900, 0, 0, 0
142012, 33730241, 0, 0, 0
143010, 33385177, 0, 0, 0
144006, 33219822, 0, 0, 0
145019, 33406211, 0, 0, 0
146013, 33729765, 0, 0, 0
147008, 33292086, 0, 0, 0
148018, 33501987, 0, 0, 0
149008, 33437517, 0, 0, 0
150006, 33472800, 0, 0, 0
151016, 33941017, 0, 0, 0
152010, 33160705, 0, 0, 0
153018, 33425598, 0, 0, 0
154007, 33909276, 0, 0, 0
155011, 33184334, 0, 0, 0
156006, 33287384, 0, 0, 0
157018, 33410402, 0, 0, 0
158015, 33965643, 0, 0, 0
159009, 33062642, 0, 0, 0
160006, 33456257, 0, 0, 0
161015, 33673538, 0, 0, 0
162010, 33236819, 0, 0, 0
163011, 33295543, 0, 0, 0
164012, 33720086, 0, 0, 0
165018, 33580396, 0, 0, 0
166013, 33054372, 0, 0, 0
167005, 33185798, 0, 0, 0
168016, 33520603, 0, 0, 0
169008, 33544979, 0, 0, 0
170008, 33199969, 0, 0, 0
171012, 33718764, 0, 0, 0
172008, 33318692, 0, 0, 0
173011, 33226554, 0, 0, 0
174012, 33836631, 0, 0, 0
175007, 33398149, 0, 0, 0
176012, 33470548, 0, 0, 0
177012, 33308821, 0, 0, 0
178020, 33435288, 0, 0, 0
179012, 33801305, 0, 0, 0
180019, 33127103, 0, 0, 0
180032, 66314417, 0, 0, 0
