999, 1071, 1, 0, 0
1999, 950, 1, 0, 0
2999, 956, 1, 0, 0
4000, 957, 1, 0, 0
4999, 955, 1, 0, 0
6000, 963, 1, 0, 0
6999, 963, 1, 0, 0
7999, 952, 1, 0, 0
8999, 946, 1, 0, 0
9999, 977, 1, 0, 0
11000, 948, 1, 0, 0
11999, 952, 1, 0, 0
13000, 959, 1, 0, 0
14000, 945, 1, 0, 0
15000, 940, 1, 0, 0
15999, 953, 1, 0, 0
17000, 970, 1, 0, 0
18000, 937, 1, 0, 0
19000, 936, 1, 0, 0
19999, 944, 1, 0, 0
20999, 951, 1, 0, 0
21999, 961, 1, 0, 0
23000, 952, 1, 0, 0
24000, 952, 1, 0, 0
24999, 952, 1, 0, 0
26000, 962, 1, 0, 0
27000, 984, 1, 0, 0
28000, 949, 1, 0, 0
29000, 960, 1, 0, 0
30000, 949, 1, 0, 0
30999, 948, 1, 0, 0
31999, 965, 1, 0, 0
32999, 958, 1, 0, 0
34000, 957, 1, 0, 0
34999, 945, 1, 0, 0
35999, 958, 1, 0, 0
37000, 945, 1, 0, 0
37999, 962, 1, 0, 0
38999, 953, 1, 0, 0
39999, 960, 1, 0, 0
41000, 951, 1, 0, 0
41999, 945, 1, 0, 0
43000, 951, 1, 0, 0
43999, 944, 1, 0, 0
44999, 960, 1, 0, 0
45999, 974, 1, 0, 0
46999, 953, 1, 0, 0
47999, 955, 1, 0, 0
48999, 948, 1, 0, 0
49999, 960, 1, 0, 0
51000, 946, 1, 0, 0
52000, 958, 1, 0, 0
52999, 953, 1, 0, 0
54000, 945, 1, 0, 0
55000, 967, 1, 0, 0
55999, 971, 1, 0, 0
56999, 960, 1, 0, 0
58000, 957, 1, 0, 0
58999, 938, 1, 0, 0
60000, 974, 1, 0, 0
60999, 961, 1, 0, 0
61999, 962, 1, 0, 0
62999, 947, 1, 0, 0
63999, 955, 1, 0, 0
65000, 943, 1, 0, 0
66000, 958, 1, 0, 0
67000, 963, 1, 0, 0
68000, 947, 1, 0, 0
69000, 959, 1, 0, 0
69999, 957, 1, 0, 0
70999, 960, 1, 0, 0
71999, 958, 1, 0, 0
73000, 943, 1, 0, 0
73999, 945, 1, 0, 0
75000, 964, 1, 0, 0
75999, 953, 1, 0, 0
77000, 961, 1, 0, 0
78000, 945, 1, 0, 0
79000, 955, 1, 0, 0
80000, 958, 1, 0, 0
81000, 949, 1, 0, 0
82000, 966, 1, 0, 0
82999, 964, 1, 0, 0
83999, 952, 1, 0, 0
84999, 948, 1, 0, 0
85999, 955, 1, 0, 0
87000, 954, 1, 0, 0
88000, 957, 1, 0, 0
89000, 974, 1, 0, 0
90000, 945, 1, 0, 0
91000, 951, 1, 0, 0
92000, 955, 1, 0, 0
93000, 952, 1, 0, 0
93999, 963, 1, 0, 0
94999, 967, 1, 0, 0
95999, 964, 1, 0, 0
96999, 954, 1, 0, 0
97999, 958, 1, 0, 0
99000, 950, 1, 0, 0
99999, 965, 1, 0, 0
100999, 973, 1, 0, 0
101999, 954, 1, 0, 0
103000, 967, 1, 0, 0
104000, 964, 1, 0, 0
105000, 957, 1, 0, 0
106000, 952, 1, 0, 0
106999, 948, 1, 0, 0
108000, 946, 1, 0, 0
109000, 968, 1, 0, 0
109999, 951, 1, 0, 0
111000, 963, 1, 0, 0
112000, 951, 1, 0, 0
112999, 967, 1, 0, 0
114000, 950, 1, 0, 0
114999, 960, 1, 0, 0
115999, 946, 1, 0, 0
117000, 955, 1, 0, 0
118000, 966, 1, 0, 0
118999, 948, 1, 0, 0
120000, 955, 1, 0, 0
120999, 957, 1, 0, 0
121999, 965, 1, 0, 0
123000, 965, 1, 0, 0
124000, 954, 1, 0, 0
125000, 972, 1, 0, 0
125999, 970, 1, 0, 0
126999, 966, 1, 0, 0
128000, 953, 1, 0, 0
128999, 952, 1, 0, 0
130000, 956, 1, 0, 0
130999, 951, 1, 0, 0
132000, 972, 1, 0, 0
133000, 970, 1, 0, 0
134000, 939, 1, 0, 0
135000, 954, 1, 0, 0
136000, 947, 1, 0, 0
136999, 948, 1, 0, 0
138000, 943, 1, 0, 0
138999, 969, 1, 0, 0
140000, 949, 1, 0, 0
140999, 968, 1, 0, 0
142000, 950, 1, 0, 0
142999, 959, 1, 0, 0
143999, 955, 1, 0, 0
144999, 952, 1, 0, 0
146000, 941, 1, 0, 0
146999, 953, 1, 0, 0
148000, 952, 1, 0, 0
149000, 976, 1, 0, 0
150000, 959, 1, 0, 0
151000, 964, 1, 0, 0
152000, 949, 1, 0, 0
153000, 962, 1, 0, 0
153999, 944, 1, 0, 0
154999, 955, 1, 0, 0
156000, 954, 1, 0, 0
156999, 939, 1, 0, 0
158000, 954, 1, 0, 0
158999, 948, 1, 0, 0
159999, 946, 1, 0, 0
161000, 949, 1, 0, 0
161999, 954, 1, 0, 0
163000, 946, 1, 0, 0
163999, 955, 1, 0, 0
165000, 951, 1, 0, 0
166000, 959, 1, 0, 0
167000, 955, 1, 0, 0
168000, 969, 1, 0, 0
169000, 966, 1, 0, 0
170000, 944, 1, 0, 0
171000, 949, 1, 0, 0
171999, 959, 1, 0, 0
173000, 968, 1, 0, 0
173999, 939, 1, 0, 0
175000, 957, 1, 0, 0
175999, 962, 1, 0, 0
177000, 963, 1, 0, 0
177999, 949, 1, 0, 0
179000, 944, 1, 0, 0
179999, 909, 1, 0, 0
