1000, 2324, 1, 0, 0
2000, 2058, 1, 0, 0
3000, 2164, 1, 0, 0
4000, 2178, 1, 0, 0
5000, 2210, 1, 0, 0
6000, 2134, 1, 0, 0
7000, 2144, 1, 0, 0
8000, 2088, 1, 0, 0
9000, 2170, 1, 0, 0
10000, 2184, 1, 0, 0
11001, 2080, 1, 0, 0
12000, 1977, 1, 0, 0
13000, 1960, 1, 0, 0
14000, 2016, 1, 0, 0
15000, 1984, 1, 0, 0
16000, 1956, 1, 0, 0
17000, 2084, 1, 0, 0
18001, 2036, 1, 0, 0
19001, 2030, 1, 0, 0
20001, 2020, 1, 0, 0
21000, 2114, 1, 0, 0
22000, 2120, 1, 0, 0
23000, 2006, 1, 0, 0
24000, 2140, 1, 0, 0
25000, 2140, 1, 0, 0
26000, 2100, 1, 0, 0
27000, 2128, 1, 0, 0
28001, 2072, 1, 0, 0
29000, 2134, 1, 0, 0
30000, 2060, 1, 0, 0
31000, 2140, 1, 0, 0
32000, 2108, 1, 0, 0
33000, 2138, 1, 0, 0
34000, 2124, 1, 0, 0
35000, 2144, 1, 0, 0
36000, 1964, 1, 0, 0
37000, 2038, 1, 0, 0
38000, 1937, 1, 0, 0
39000, 2056, 1, 0, 0
40000, 1924, 1, 0, 0
41000, 2020, 1, 0, 0
42001, 2016, 1, 0, 0
43001, 2008, 1, 0, 0
44000, 2066, 1, 0, 0
45000, 2064, 1, 0, 0
46000, 1956, 1, 0, 0
47001, 1988, 1, 0, 0
48000, 1965, 1, 0, 0
49000, 2080, 1, 0, 0
50001, 2096, 1, 0, 0
51000, 1925, 1, 0, 0
52000, 1916, 1, 0, 0
53000, 1912, 1, 0, 0
54001, 1752, 1, 0, 0
55000, 1917, 1, 0, 0
56000, 1916, 1, 0, 0
57000, 1973, 1, 0, 0
58000, 2004, 1, 0, 0
59000, 1917, 1, 0, 0
60000, 1936, 1, 0, 0
61001, 1844, 1, 0, 0
62000, 1537, 1, 0, 0
63000, 1892, 1, 0, 0
64000, 1720, 1, 0, 0
65001, 1728, 1, 0, 0
66000, 1865, 1, 0, 0
67001, 1920, 1, 0, 0
68001, 2022, 1, 0, 0
69000, 1985, 1, 0, 0
70000, 1968, 1, 0, 0
71000, 1852, 1, 0, 0
72000, 1889, 1, 0, 0
73000, 1944, 1, 0, 0
74000, 1837, 1, 0, 0
75000, 1857, 1, 0, 0
76000, 1964, 1, 0, 0
77000, 1965, 1, 0, 0
78000, 2018, 1, 0, 0
79000, 1892, 1, 0, 0
80000, 2006, 1, 0, 0
81000, 1792, 1, 0, 0
82000, 1785, 1, 0, 0
83001, 1940, 1, 0, 0
84000, 1841, 1, 0, 0
85000, 1892, 1, 0, 0
86000, 1628, 1, 0, 0
87001, 1888, 1, 0, 0
88000, 1749, 1, 0, 0
89000, 1877, 1, 0, 0
90000, 1817, 1, 0, 0
91000, 1900, 1, 0, 0
92001, 1868, 1, 0, 0
93000, 2002, 1, 0, 0
94001, 1748, 1, 0, 0
95000, 1789, 1, 0, 0
96001, 1756, 1, 0, 0
97001, 1589, 1, 0, 0
98001, 1640, 1, 0, 0
99000, 1841, 1, 0, 0
100000, 1812, 1, 0, 0
101000, 1809, 1, 0, 0
102000, 1841, 1, 0, 0
103001, 1944, 1, 0, 0
104000, 2070, 1, 0, 0
105000, 1969, 1, 0, 0
106000, 1984, 1, 0, 0
107000, 1941, 1, 0, 0
108000, 1964, 1, 0, 0
109000, 1957, 1, 0, 0
110000, 1972, 1, 0, 0
111000, 1972, 1, 0, 0
112000, 1925, 1, 0, 0
113000, 2060, 1, 0, 0
114001, 2088, 1, 0, 0
115000, 1733, 1, 0, 0
116001, 1768, 1, 0, 0
117000, 1677, 1, 0, 0
118000, 1709, 1, 0, 0
119000, 1780, 1, 0, 0
120000, 1681, 1, 0, 0
121000, 1737, 1, 0, 0
122000, 1856, 1, 0, 0
123000, 1840, 1, 0, 0
124001, 2096, 1, 0, 0
125001, 2012, 1, 0, 0
126000, 2002, 1, 0, 0
127000, 2074, 1, 0, 0
128000, 1820, 1, 0, 0
129000, 1520, 1, 0, 0
130000, 1709, 1, 0, 0
131000, 1577, 1, 0, 0
132000, 1912, 1, 0, 0
133000, 1793, 1, 0, 0
134001, 1688, 1, 0, 0
135000, 1629, 1, 0, 0
136001, 1776, 1, 0, 0
137000, 1633, 1, 0, 0
138000, 1581, 1, 0, 0
139000, 1725, 1, 0, 0
140000, 1808, 1, 0, 0
141000, 1701, 1, 0, 0
142000, 1796, 1, 0, 0
143001, 1644, 1, 0, 0
144000, 1749, 1, 0, 0
145000, 1733, 1, 0, 0
146000, 1676, 1, 0, 0
147000, 1705, 1, 0, 0
148001, 1624, 1, 0, 0
149000, 1921, 1, 0, 0
150001, 1868, 1, 0, 0
151000, 1689, 1, 0, 0
152001, 1836, 1, 0, 0
153000, 1817, 1, 0, 0
154000, 1797, 1, 0, 0
155000, 1964, 1, 0, 0
156001, 1824, 1, 0, 0
157000, 1921, 1, 0, 0
158000, 1857, 1, 0, 0
159000, 1876, 1, 0, 0
160000, 1865, 1, 0, 0
161001, 1872, 1, 0, 0
162000, 1917, 1, 0, 0
163001, 1868, 1, 0, 0
164000, 1937, 1, 0, 0
165000, 1685, 1, 0, 0
166001, 1880, 1, 0, 0
167000, 2002, 1, 0, 0
168000, 1989, 1, 0, 0
169001, 2004, 1, 0, 0
170000, 1993, 1, 0, 0
171000, 2026, 1, 0, 0
172000, 2024, 1, 0, 0
173000, 1949, 1, 0, 0
174000, 1972, 1, 0, 0
175000, 1949, 1, 0, 0
176000, 1933, 1, 0, 0
177000, 2000, 1, 0, 0
178000, 1937, 1, 0, 0
179000, 2028, 1, 0, 0
180000, 1953, 1, 0, 0
