1000, 1861, 1, 0, 0
2000, 1910, 1, 0, 0
3000, 1806, 1, 0, 0
4000, 1826, 1, 0, 0
5000, 1813, 1, 0, 0
6000, 1855, 1, 0, 0
7000, 1796, 1, 0, 0
8000, 1769, 1, 0, 0
9000, 1876, 1, 0, 0
10001, 1793, 1, 0, 0
11000, 1778, 1, 0, 0
12000, 1765, 1, 0, 0
13000, 1789, 1, 0, 0
14000, 1781, 1, 0, 0
15000, 1802, 1, 0, 0
16000, 1785, 1, 0, 0
17000, 1810, 1, 0, 0
18000, 1786, 1, 0, 0
19000, 1811, 1, 0, 0
20000, 1801, 1, 0, 0
21000, 1840, 1, 0, 0
22000, 1831, 1, 0, 0
23000, 1813, 1, 0, 0
24000, 1769, 1, 0, 0
25000, 1741, 1, 0, 0
26000, 1773, 1, 0, 0
27000, 1741, 1, 0, 0
28001, 1844, 1, 0, 0
29000, 1764, 1, 0, 0
30000, 1818, 1, 0, 0
31001, 1818, 1, 0, 0
32000, 1908, 1, 0, 0
33000, 1817, 1, 0, 0
34000, 1775, 1, 0, 0
35001, 1793, 1, 0, 0
36000, 1736, 1, 0, 0
37000, 1821, 1, 0, 0
38000, 1799, 1, 0, 0
39001, 1778, 1, 0, 0
40000, 1832, 1, 0, 0
41000, 1824, 1, 0, 0
42000, 1793, 1, 0, 0
43000, 1806, 1, 0, 0
44000, 1812, 1, 0, 0
45002, 1834, 1, 0, 0
46000, 1771, 1, 0, 0
47000, 1795, 1, 0, 0
48000, 1816, 1, 0, 0
49000, 1783, 1, 0, 0
50000, 1809, 1, 0, 0
51000, 1823, 1, 0, 0
52001, 1775, 1, 0, 0
53000, 1867, 1, 0, 0
54000, 1892, 1, 0, 0
55000, 1820, 1, 0, 0
56000, 1800, 1, 0, 0
57000, 1779, 1, 0, 0
58000, 1798, 1, 0, 0
59556, 1810, 1, 0, 0
60000, 1817, 1, 0, 0
61000, 1736, 1, 0, 0
62000, 1796, 1, 0, 0
63000, 1823, 1, 0, 0
64000, 1815, 1, 0, 0
65000, 1842, 1, 0, 0
66000, 1787, 1, 0, 0
67000, 1791, 1, 0, 0
68000, 1797, 1, 0, 0
69000, 1802, 1, 0, 0
70000, 1773, 1, 0, 0
71000, 1748, 1, 0, 0
72000, 1790, 1, 0, 0
73000, 1812, 1, 0, 0
74000, 1855, 1, 0, 0
75000, 1778, 1, 0, 0
76000, 1800, 1, 0, 0
77000, 1770, 1, 0, 0
78000, 1784, 1, 0, 0
79000, 1840, 1, 0, 0
80000, 1775, 1, 0, 0
81001, 1762, 1, 0, 0
82001, 1823, 1, 0, 0
83002, 1779, 1, 0, 0
84000, 1771, 1, 0, 0
85000, 1816, 1, 0, 0
86000, 1758, 1, 0, 0
87000, 1795, 1, 0, 0
88000, 1817, 1, 0, 0
89000, 1833, 1, 0, 0
90000, 1797, 1, 0, 0
91000, 1802, 1, 0, 0
92000, 1800, 1, 0, 0
93000, 1835, 1, 0, 0
94000, 1749, 1, 0, 0
95000, 1834, 1, 0, 0
96000, 1764, 1, 0, 0
97000, 1813, 1, 0, 0
98000, 1788, 1, 0, 0
99000, 1796, 1, 0, 0
100001, 1796, 1, 0, 0
101000, 1783, 1, 0, 0
102000, 1810, 1, 0, 0
103000, 1748, 1, 0, 0
104000, 1840, 1, 0, 0
105000, 1804, 1, 0, 0
106000, 1773, 1, 0, 0
107004, 1851, 1, 0, 0
108003, 1767, 1, 0, 0
109002, 1831, 1, 0, 0
110000, 1807, 1, 0, 0
111000, 1759, 1, 0, 0
112000, 1791, 1, 0, 0
113000, 1785, 1, 0, 0
114000, 1833, 1, 0, 0
115000, 1742, 1, 0, 0
116000, 1813, 1, 0, 0
117002, 1823, 1, 0, 0
118000, 1772, 1, 0, 0
119000, 1854, 1, 0, 0
120000, 1753, 1, 0, 0
121000, 1748, 1, 0, 0
122000, 1843, 1, 0, 0
123000, 1839, 1, 0, 0
124000, 1804, 1, 0, 0
125000, 1814, 1, 0, 0
126000, 1790, 1, 0, 0
127000, 1804, 1, 0, 0
128000, 1879, 1, 0, 0
129001, 1865, 1, 0, 0
130002, 1830, 1, 0, 0
131000, 1854, 1, 0, 0
132000, 1786, 1, 0, 0
133000, 1903, 1, 0, 0
134000, 1792, 1, 0, 0
135000, 1912, 1, 0, 0
136000, 1851, 1, 0, 0
137000, 1895, 1, 0, 0
138000, 1833, 1, 0, 0
139000, 1858, 1, 0, 0
140002, 1794, 1, 0, 0
141003, 1788, 1, 0, 0
142000, 1884, 1, 0, 0
143000, 1932, 1, 0, 0
144000, 1884, 1, 0, 0
145000, 1822, 1, 0, 0
146000, 1796, 1, 0, 0
147000, 1780, 1, 0, 0
148000, 1823, 1, 0, 0
149000, 1811, 1, 0, 0
150000, 1877, 1, 0, 0
151000, 1800, 1, 0, 0
152000, 1865, 1, 0, 0
153000, 1843, 1, 0, 0
154000, 1892, 1, 0, 0
155000, 1811, 1, 0, 0
156000, 1793, 1, 0, 0
157000, 1799, 1, 0, 0
158000, 1847, 1, 0, 0
159000, 1837, 1, 0, 0
160000, 1786, 1, 0, 0
161000, 1779, 1, 0, 0
162000, 1885, 1, 0, 0
163000, 1838, 1, 0, 0
164000, 1860, 1, 0, 0
165000, 1854, 1, 0, 0
166000, 1858, 1, 0, 0
167000, 1812, 1, 0, 0
168000, 1902, 1, 0, 0
169000, 1821, 1, 0, 0
170000, 1902, 1, 0, 0
171000, 1901, 1, 0, 0
172000, 1805, 1, 0, 0
173000, 1863, 1, 0, 0
174003, 1924, 1, 0, 0
175000, 1850, 1, 0, 0
176000, 1831, 1, 0, 0
177000, 1856, 1, 0, 0
178000, 1792, 1, 0, 0
179000, 1835, 1, 0, 0
180000, 1868, 1, 0, 0
