1013, 31292623, 1, 0, 0
2008, 33307004, 1, 0, 0
3017, 33347445, 1, 0, 0
4022, 31103862, 1, 0, 0
5016, 33554054, 1, 0, 0
6012, 33062839, 1, 0, 0
7011, 34369113, 1, 0, 0
8013, 32780215, 1, 0, 0
9010, 33155443, 1, 0, 0
10018, 33540388, 1, 0, 0
11013, 33675994, 1, 0, 0
12023, 32925282, 1, 0, 0
13016, 33585413, 1, 0, 0
14009, 33258676, 1, 0, 0
15018, 33736426, 1, 0, 0
16010, 33594048, 1, 0, 0
17000, 33753576, 1, 0, 0
18012, 33525444, 1, 0, 0
19023, 33862105, 1, 0, 0
20019, 33800475, 1, 0, 0
21011, 33080465, 1, 0, 0
22013, 33304989, 1, 0, 0
23016, 33277294, 1, 0, 0
24012, 33429128, 1, 0, 0
25011, 33223942, 1, 0, 0
26013, 33106412, 1, 0, 0
27024, 33627765, 1, 0, 0
28017, 33832097, 1, 0, 0
29011, 33266539, 1, 0, 0
30003, 34094014, 1, 0, 0
31016, 32550663, 1, 0, 0
32010, 32980593, 1, 0, 0
33008, 33184343, 1, 0, 0
34011, 33171736, 1, 0, 0
35009, 32957214, 1, 0, 0
36007, 33745760, 1, 0, 0
37013, 33438663, 1, 0, 0
38010, 33675841, 1, 0, 0
39020, 33849517, 1, 0, 0
40014, 33639339, 1, 0, 0
41009, 32668285, 1, 0, 0
42016, 33924292, 1, 0, 0
43015, 33292894, 1, 0, 0
44023, 33265555, 1, 0, 0
45017, 33212953, 1, 0, 0
46012, 33574946, 1, 0, 0
47016, 33537874, 1, 0, 0
48015, 32592234, 1, 0, 0
49011, 32600827, 1, 0, 0
50017, 34083981, 1, 0, 0
51015, 32805414, 1, 0, 0
52017, 33602787, 1, 0, 0
53018, 33475251, 1, 0, 0
54011, 33428038, 1, 0, 0
55021, 34067441, 1, 0, 0
56016, 33704628, 1, 0, 0
57009, 33769698, 1, 0, 0
58018, 33469820, 1, 0, 0
59015, 33224580, 1, 0, 0
60009, 33251240, 1, 0, 0
61010, 33932508, 1, 0, 0
62011, 34012044, 1, 0, 0
63014, 34255741, 1, 0, 0
64019, 33922309, 1, 0, 0
65011, 33581771, 1, 0, 0
66012, 33448224, 1, 0, 0
67018, 33622214, 1, 0, 0
68009, 34110655, 1, 0, 0
69023, 32976817, 1, 0, 0
70020, 33332763, 1, 0, 0
71016, 33438482, 1, 0, 0
72023, 33241455, 1, 0, 0
73019, 33982681, 1, 0, 0
74016, 33472978, 1, 0, 0
75008, 33355870, 1, 0, 0
76021, 33324028, 1, 0, 0
77014, 33138363, 1, 0, 0
78009, 33161192, 1, 0, 0
79019, 33612044, 1, 0, 0
80013, 33061169, 1, 0, 0
81001, 33803876, 1, 0, 0
82010, 33339651, 1, 0, 0
83012, 33418076, 1, 0, 0
84016, 34170581, 1, 0, 0
85013, 33888022, 1, 0, 0
86010, 32835230, 1, 0, 0
87017, 33514079, 1, 0, 0
88011, 33695920, 1, 0, 0
89021, 34051345, 1, 0, 0
90014, 33258677, 1, 0, 0
91010, 33353618, 1, 0, 0
92011, 33632850, 1, 0, 0
93012, 33585161, 1, 0, 0
94017, 33911914, 1, 0, 0
95017, 33618570, 1, 0, 0
96010, 33528160, 1, 0, 0
97013, 33386764, 1, 0, 0
98011, 33338673, 1, 0, 0
99001, 34210545, 1, 0, 0
100013, 32581779, 1, 0, 0
101023, 33720486, 1, 0, 0
102016, 33465918, 1, 0, 0
103013, 33046965, 1, 0, 0
104008, 33048642, 1, 0, 0
105016, 33581199, 1, 0, 0
106010, 34301486, 1, 0, 0
107011, 33476246, 1, 0, 0
108013, 33332342, 1, 0, 0
109012, 33087271, 1, 0, 0
110019, 32822566, 1, 0, 0
111011, 33892802, 1, 0, 0
112019, 33459948, 1, 0, 0
113015, 33063190, 1, 0, 0
114008, 33552257, 1, 0, 0
115014, 33543156, 1, 0, 0
116017, 32661470, 1, 0, 0
117010, 33062632, 1, 0, 0
118013, 33105016, 1, 0, 0
119017, 33966599, 1, 0, 0
120011, 32945065, 1, 0, 0
121013, 33581206, 1, 0, 0
122008, 33531733, 1, 0, 0
123019, 33232647, 1, 0, 0
124010, 34554963, 1, 0, 0
125015, 33550956, 1, 0, 0
126016, 32900951, 1, 0, 0
127010, 32644944, 1, 0, 0
128020, 33371800, 1, 0, 0
129010, 32735762, 1, 0, 0
130014, 33070106, 1, 0, 0
131014, 33283311, 1, 0, 0
132021, 33316247, 1, 0, 0
133016, 33421234, 1, 0, 0
134011, 33338115, 1, 0, 0
135015, 33610364, 1, 0, 0
136016, 33406311, 1, 0, 0
137009, 33740120, 1, 0, 0
138008, 33196135, 1, 0, 0
139017, 33618013, 1, 0, 0
140013, 33251460, 1, 0, 0
141008, 33300210, 1, 0, 0
142020, 33475654, 1, 0, 0
143015, 34384218, 1, 0, 0
144012, 33471606, 1, 0, 0
145014, 33796184, 1, 0, 0
146002, 33320454, 1, 0, 0
147021, 32637981, 1, 0, 0
148017, 33636266, 1, 0, 0
149007, 33021527, 1, 0, 0
150017, 34141791, 1, 0, 0
151011, 33785918, 1, 0, 0
152014, 33935942, 1, 0, 0
153016, 34267373, 1, 0, 0
154013, 33599326, 1, 0, 0
155023, 33516761, 1, 0, 0
156019, 33510052, 1, 0, 0
157009, 32988918, 1, 0, 0
158021, 33461643, 1, 0, 0
159013, 33012067, 1, 0, 0
160022, 33389441, 1, 0, 0
161013, 34413116, 1, 0, 0
162022, 33498942, 1, 0, 0
163007, 33491890, 1, 0, 0
164010, 33074381, 1, 0, 0
165022, 33083848, 1, 0, 0
166017, 33132275, 1, 0, 0
167011, 33974594, 1, 0, 0
168021, 33889286, 1, 0, 0
169018, 33580120, 1, 0, 0
170014, 33412616, 1, 0, 0
171011, 33445912, 1, 0, 0
172015, 33540036, 1, 0, 0
173014, 33911648, 1, 0, 0
174020, 33104999, 1, 0, 0
175014, 33853090, 1, 0, 0
176021, 33448120, 1, 0, 0
177008, 33958712, 1, 0, 0
178009, 33858144, 1, 0, 0
179016, 33084707, 1, 0, 0
180008, 33704701, 1, 0, 0
180029, 47619469, 1, 0, 0
