1000, 7130381, 1, 0, 0
2001, 8274662, 1, 0, 0
3002, 9032295, 1, 0, 0
4003, 8398529, 1, 0, 0
5000, 8903617, 1, 0, 0
6000, 8190425, 1, 0, 0
7000, 8064574, 1, 0, 0
8037, 8114034, 1, 0, 0
9000, 8268803, 1, 0, 0
10025, 8369861, 1, 0, 0
11000, 7969127, 1, 0, 0
12000, 8577342, 1, 0, 0
13000, 8616394, 1, 0, 0
14001, 7777385, 1, 0, 0
15024, 8429073, 1, 0, 0
16037, 8470198, 1, 0, 0
17004, 8272455, 1, 0, 0
18000, 8653750, 1, 0, 0
19038, 8696500, 1, 0, 0
20000, 8254678, 1, 0, 0
21000, 8657483, 1, 0, 0
22003, 8803349, 1, 0, 0
23026, 8400729, 1, 0, 0
24001, 8418331, 1, 0, 0
25000, 8419819, 1, 0, 0
26002, 8192451, 1, 0, 0
27002, 7800497, 1, 0, 0
28000, 8112103, 1, 0, 0
29025, 8385723, 1, 0, 0
30027, 9097212, 1, 0, 0
31000, 8300244, 1, 0, 0
32000, 8327253, 1, 0, 0
33027, 8474260, 1, 0, 0
34000, 9356512, 1, 0, 0
35000, 8610192, 1, 0, 0
36003, 8282263, 1, 0, 0
37000, 7936638, 1, 0, 0
38002, 8466031, 1, 0, 0
39024, 8389767, 1, 0, 0
40000, 8743510, 1, 0, 0
41027, 8597104, 1, 0, 0
42000, 8242453, 1, 0, 0
43002, 8702146, 1, 0, 0
44000, 8465752, 1, 0, 0
45000, 8370255, 1, 0, 0
46000, 8059327, 1, 0, 0
47038, 8162348, 1, 0, 0
48000, 8404815, 1, 0, 0
49003, 8927351, 1, 0, 0
50002, 8569085, 1, 0, 0
51000, 8036228, 1, 0, 0
52026, 8814025, 1, 0, 0
53035, 8761907, 1, 0, 0
54030, 7520692, 1, 0, 0
55002, 8440667, 1, 0, 0
56000, 8136404, 1, 0, 0
57001, 8350970, 1, 0, 0
58038, 8703233, 1, 0, 0
59003, 8456298, 1, 0, 0
60029, 8064439, 1, 0, 0
61000, 8597193, 1, 0, 0
62029, 8308605, 1, 0, 0
63023, 8460346, 1, 0, 0
64000, 7862732, 1, 0, 0
65000, 8516558, 1, 0, 0
66028, 8423210, 1, 0, 0
67000, 8458368, 1, 0, 0
68000, 8392887, 1, 0, 0
69000, 8262595, 1, 0, 0
70038, 8498648, 1, 0, 0
71000, 8587578, 1, 0, 0
72002, 8425401, 1, 0, 0
73001, 8586381, 1, 0, 0
74003, 8473169, 1, 0, 0
75001, 8571726, 1, 0, 0
76000, 8739857, 1, 0, 0
77005, 7885727, 1, 0, 0
78001, 8371725, 1, 0, 0
79000, 8285716, 1, 0, 0
80002, 8407814, 1, 0, 0
81001, 8427145, 1, 0, 0
82037, 8647464, 1, 0, 0
83000, 8580224, 1, 0, 0
84005, 8024939, 1, 0, 0
85002, 8477142, 1, 0, 0
86000, 8396891, 1, 0, 0
87001, 8078555, 1, 0, 0
88001, 8168453, 1, 0, 0
89000, 8492687, 1, 0, 0
90028, 9178078, 1, 0, 0
91001, 8360360, 1, 0, 0
92000, 8288171, 1, 0, 0
93000, 8605654, 1, 0, 0
94003, 8466135, 1, 0, 0
95000, 7882841, 1, 0, 0
96000, 8664640, 1, 0, 0
97002, 8322205, 1, 0, 0
98000, 8286365, 1, 0, 0
99024, 8303166, 1, 0, 0
100036, 8482472, 1, 0, 0
101001, 8485407, 1, 0, 0
102003, 8503641, 1, 0, 0
103000, 8457447, 1, 0, 0
104000, 8695528, 1, 0, 0
105025, 8065003, 1, 0, 0
106037, 8123457, 1, 0, 0
107002, 7821525, 1, 0, 0
108024, 8357682, 1, 0, 0
109000, 8456113, 1, 0, 0
110001, 8649105, 1, 0, 0
111039, 7596007, 1, 0, 0
112000, 7909085, 1, 0, 0
113001, 8181903, 1, 0, 0
114000, 8341092, 1, 0, 0
115000, 8480490, 1, 0, 0
116004, 8370834, 1, 0, 0
117025, 8303889, 1, 0, 0
118003, 8707273, 1, 0, 0
119000, 8193603, 1, 0, 0
120008, 8289665, 1, 0, 0
121000, 8569840, 1, 0, 0
122004, 7943400, 1, 0, 0
123024, 8271789, 1, 0, 0
124000, 8060227, 1, 0, 0
125026, 8341716, 1, 0, 0
126030, 8082984, 1, 0, 0
127000, 8681251, 1, 0, 0
128000, 8453648, 1, 0, 0
129000, 8554598, 1, 0, 0
130000, 8241760, 1, 0, 0
131026, 8279249, 1, 0, 0
132050, 8137452, 1, 0, 0
133000, 8316352, 1, 0, 0
134001, 8422859, 1, 0, 0
135024, 7824887, 1, 0, 0
136006, 9035348, 1, 0, 0
137001, 8713269, 1, 0, 0
138000, 8894912, 1, 0, 0
139002, 7781202, 1, 0, 0
140000, 8311358, 1, 0, 0
141001, 8194490, 1, 0, 0
142000, 9186281, 1, 0, 0
143024, 8830639, 1, 0, 0
144004, 8126555, 1, 0, 0
145025, 8038157, 1, 0, 0
146038, 8321251, 1, 0, 0
147000, 7929163, 1, 0, 0
148023, 8731712, 1, 0, 0
149000, 8537806, 1, 0, 0
150001, 8108813, 1, 0, 0
151039, 8739227, 1, 0, 0
152000, 7922641, 1, 0, 0
153000, 8405534, 1, 0, 0
154000, 8265480, 1, 0, 0
155001, 8921296, 1, 0, 0
156003, 8701181, 1, 0, 0
157001, 7888032, 1, 0, 0
158000, 8022199, 1, 0, 0
159000, 7988620, 1, 0, 0
160024, 8796367, 1, 0, 0
161000, 8399828, 1, 0, 0
162000, 8263264, 1, 0, 0
163000, 8235010, 1, 0, 0
164028, 8716449, 1, 0, 0
165037, 8616915, 1, 0, 0
166000, 7955199, 1, 0, 0
167000, 8324538, 1, 0, 0
168001, 8487076, 1, 0, 0
169000, 8184863, 1, 0, 0
170000, 8459334, 1, 0, 0
171005, 8310650, 1, 0, 0
172028, 8582071, 1, 0, 0
173000, 8824259, 1, 0, 0
174004, 8529330, 1, 0, 0
175002, 8420142, 1, 0, 0
176024, 8405124, 1, 0, 0
177003, 8507900, 1, 0, 0
178002, 8265426, 1, 0, 0
179023, 8326928, 1, 0, 0
180027, 7656573, 1, 0, 0
180029, 30478722, 1, 0, 0
