1001, 2512225, 0, 0, 0
2001, 2355500, 0, 0, 0
3000, 2360046, 0, 0, 0
4000, 2316513, 0, 0, 0
5000, 2281678, 0, 0, 0
6000, 2316549, 0, 0, 0
7001, 2303090, 0, 0, 0
8001, 2291162, 0, 0, 0
9000, 2299193, 0, 0, 0
10001, 2315069, 0, 0, 0
11002, 2267380, 0, 0, 0
12001, 2281862, 0, 0, 0
13002, 2267374, 0, 0, 0
14000, 2280406, 0, 0, 0
15000, 2255799, 0, 0, 0
16000, 2289945, 0, 0, 0
17000, 2306252, 0, 0, 0
18000, 2333945, 0, 0, 0
19002, 2305918, 0, 0, 0
20001, 2248068, 0, 0, 0
21001, 2371540, 0, 0, 0
22002, 2292952, 0, 0, 0
23002, 2215375, 0, 0, 0
24002, 2350540, 0, 0, 0
25001, 2318908, 0, 0, 0
26001, 2378402, 0, 0, 0
27000, 2299990, 0, 0, 0
28002, 2348533, 0, 0, 0
29001, 2380849, 0, 0, 0
30001, 2323776, 0, 0, 0
31001, 2383462, 0, 0, 0
32001, 2312647, 0, 0, 0
33001, 2321493, 0, 0, 0
34001, 2362845, 0, 0, 0
35001, 2323300, 0, 0, 0
36002, 2226266, 0, 0, 0
37002, 2284776, 0, 0, 0
38001, 2253041, 0, 0, 0
39002, 2329639, 0, 0, 0
40002, 2258833, 0, 0, 0
41001, 2184765, 0, 0, 0
42001, 2258520, 0, 0, 0
43001, 2210922, 0, 0, 0
44001, 2222713, 0, 0, 0
45000, 2320903, 0, 0, 0
46001, 2325082, 0, 0, 0
47001, 2345169, 0, 0, 0
48000, 2365312, 0, 0, 0
49001, 2296419, 0, 0, 0
50000, 2377046, 0, 0, 0
51005, 2329309, 0, 0, 0
52001, 2328610, 0, 0, 0
53001, 2248680, 0, 0, 0
54001, 2296783, 0, 0, 0
55000, 2325595, 0, 0, 0
56002, 2228593, 0, 0, 0
57000, 2368083, 0, 0, 0
58002, 2240356, 0, 0, 0
59000, 2244307, 0, 0, 0
60001, 2261426, 0, 0, 0
61001, 2204466, 0, 0, 0
62001, 2279628, 0, 0, 0
63000, 2214089, 0, 0, 0
64000, 2189381, 0, 0, 0
65000, 2312936, 0, 0, 0
66007, 2333362, 0, 0, 0
67001, 2277300, 0, 0, 0
68001, 2360078, 0, 0, 0
69001, 2269903, 0, 0, 0
70000, 2227473, 0, 0, 0
71000, 2232894, 0, 0, 0
72001, 2237957, 0, 0, 0
73000, 2271876, 0, 0, 0
74000, 2224311, 0, 0, 0
75000, 2260238, 0, 0, 0
76000, 2274646, 0, 0, 0
77006, 2262555, 0, 0, 0
78000, 2226903, 0, 0, 0
79000, 2268364, 0, 0, 0
80000, 2291777, 0, 0, 0
81000, 2289807, 0, 0, 0
82000, 2260730, 0, 0, 0
83001, 2281064, 0, 0, 0
84000, 2283464, 0, 0, 0
85000, 2292136, 0, 0, 0
86001, 2236097, 0, 0, 0
87001, 2370994, 0, 0, 0
88000, 2410413, 0, 0, 0
89000, 2372257, 0, 0, 0
90001, 2410369, 0, 0, 0
91001, 2435245, 0, 0, 0
92000, 2305388, 0, 0, 0
93001, 2480026, 0, 0, 0
94001, 2361139, 0, 0, 0
95000, 2633749, 0, 0, 0
96002, 2654935, 0, 0, 0
97001, 2698439, 0, 0, 0
98024, 3194113, 0, 0, 0
99015, 3806682, 0, 0, 0
100000, 2564126, 0, 0, 0
101001, 2362661, 0, 0, 0
102003, 2348244, 0, 0, 0
103000, 2285665, 0, 0, 0
104001, 2340617, 0, 0, 0
105002, 2364239, 0, 0, 0
106001, 2352038, 0, 0, 0
107000, 2258173, 0, 0, 0
108000, 2355118, 0, 0, 0
109001, 2375285, 0, 0, 0
110001, 2327717, 0, 0, 0
111000, 2347701, 0, 0, 0
112002, 2328061, 0, 0, 0
113001, 2330764, 0, 0, 0
114001, 2340548, 0, 0, 0
115001, 2393522, 0, 0, 0
116001, 2431354, 0, 0, 0
117001, 2355085, 0, 0, 0
118000, 2315875, 0, 0, 0
119002, 2272406, 0, 0, 0
120001, 2288564, 0, 0, 0
121018, 2632858, 0, 0, 0
122000, 2345685, 0, 0, 0
123000, 2260869, 0, 0, 0
124001, 2210108, 0, 0, 0
125001, 2270788, 0, 0, 0
126000, 2241991, 0, 0, 0
127000, 2317554, 0, 0, 0
128000, 2194139, 0, 0, 0
129000, 2301316, 0, 0, 0
130001, 2336993, 0, 0, 0
131001, 2199209, 0, 0, 0
132000, 2252332, 0, 0, 0
133002, 2290647, 0, 0, 0
134001, 2226272, 0, 0, 0
135001, 2303350, 0, 0, 0
136001, 2249273, 0, 0, 0
137001, 2290929, 0, 0, 0
138000, 2237127, 0, 0, 0
139001, 2335268, 0, 0, 0
140001, 2228804, 0, 0, 0
141000, 2222967, 0, 0, 0
142002, 2184402, 0, 0, 0
143000, 2221008, 0, 0, 0
144001, 2272339, 0, 0, 0
145000, 2207046, 0, 0, 0
146000, 2200371, 0, 0, 0
147001, 2265953, 0, 0, 0
148000, 2201928, 0, 0, 0
149000, 2234640, 0, 0, 0
150000, 2372382, 0, 0, 0
151000, 2327916, 0, 0, 0
152001, 2309208, 0, 0, 0
153002, 2266441, 0, 0, 0
154000, 2363106, 0, 0, 0
155002, 2288308, 0, 0, 0
156000, 2340276, 0, 0, 0
157000, 2355591, 0, 0, 0
158001, 2326484, 0, 0, 0
159000, 2250705, 0, 0, 0
160000, 2243805, 0, 0, 0
161001, 2293238, 0, 0, 0
162001, 2413617, 0, 0, 0
163001, 2510261, 0, 0, 0
164002, 2341633, 0, 0, 0
165000, 2285780, 0, 0, 0
166000, 2248723, 0, 0, 0
167000, 2239277, 0, 0, 0
168000, 2249792, 0, 0, 0
169000, 2290971, 0, 0, 0
170000, 2233852, 0, 0, 0
171030, 2437924, 0, 0, 0
172001, 2271831, 0, 0, 0
173001, 2326976, 0, 0, 0
174000, 2290083, 0, 0, 0
175000, 2459518, 0, 0, 0
176000, 2379091, 0, 0, 0
177000, 2310828, 0, 0, 0
178003, 2363379, 0, 0, 0
179001, 2291048, 0, 0, 0
180001, 2286177, 0, 0, 0
