1012, 1960, 1, 0, 0
2000, 2045, 1, 0, 0
3001, 1954, 1, 0, 0
4005, 2008, 1, 0, 0
5005, 1930, 1, 0, 0
6000, 1908, 1, 0, 0
7008, 2155, 1, 0, 0
8003, 2073, 1, 0, 0
9011, 2112, 1, 0, 0
10004, 1926, 1, 0, 0
11000, 1984, 1, 0, 0
12000, 1961, 1, 0, 0
13003, 2111, 1, 0, 0
14000, 2125, 1, 0, 0
15001, 2281, 1, 0, 0
16001, 2277, 1, 0, 0
17000, 2282, 1, 0, 0
18002, 2223, 1, 0, 0
19002, 2367, 1, 0, 0
20013, 2280, 1, 0, 0
21006, 2201, 1, 0, 0
22000, 2201, 1, 0, 0
23004, 1979, 1, 0, 0
24000, 2072, 1, 0, 0
25001, 1932, 1, 0, 0
26005, 1974, 1, 0, 0
27034, 1990, 1, 0, 0
28000, 2073, 1, 0, 0
29009, 1930, 1, 0, 0
30004, 2148, 1, 0, 0
31000, 1924, 1, 0, 0
32008, 2003, 1, 0, 0
33000, 2057, 1, 0, 0
34008, 1987, 1, 0, 0
35002, 2006, 1, 0, 0
36000, 2214, 1, 0, 0
37004, 2026, 1, 0, 0
38006, 2000, 1, 0, 0
39000, 2034, 1, 0, 0
40000, 2281, 1, 0, 0
41006, 2069, 1, 0, 0
42000, 2354, 1, 0, 0
43002, 2281, 1, 0, 0
44004, 2171, 1, 0, 0
45002, 2123, 1, 0, 0
46001, 2160, 1, 0, 0
47000, 2190, 1, 0, 0
48008, 2101, 1, 0, 0
49002, 2068, 1, 0, 0
50013, 2081, 1, 0, 0
51006, 2056, 1, 0, 0
52003, 2184, 1, 0, 0
53000, 1980, 1, 0, 0
54000, 2099, 1, 0, 0
55008, 2230, 1, 0, 0
56006, 2121, 1, 0, 0
57000, 2040, 1, 0, 0
58010, 2123, 1, 0, 0
59005, 2086, 1, 0, 0
60001, 1892, 1, 0, 0
61004, 2013, 1, 0, 0
62006, 2011, 1, 0, 0
63000, 1999, 1, 0, 0
64004, 2074, 1, 0, 0
65001, 2022, 1, 0, 0
66000, 1971, 1, 0, 0
67010, 2123, 1, 0, 0
68000, 2179, 1, 0, 0
69006, 2097, 1, 0, 0
70002, 1935, 1, 0, 0
71000, 1950, 1, 0, 0
72006, 1956, 1, 0, 0
73000, 2133, 1, 0, 0
74007, 2247, 1, 0, 0
75006, 2350, 1, 0, 0
76011, 2136, 1, 0, 0
77005, 2019, 1, 0, 0
78000, 1958, 1, 0, 0
79007, 1936, 1, 0, 0
80000, 1971, 1, 0, 0
81011, 2004, 1, 0, 0
82006, 1951, 1, 0, 0
83000, 1899, 1, 0, 0
84011, 2005, 1, 0, 0
85005, 1991, 1, 0, 0
86000, 2051, 1, 0, 0
87004, 2041, 1, 0, 0
88000, 2100, 1, 0, 0
89000, 1998, 1, 0, 0
90005, 2023, 1, 0, 0
91005, 2084, 1, 0, 0
92000, 1874, 1, 0, 0
93008, 1994, 1, 0, 0
94001, 1890, 1, 0, 0
95004, 1974, 1, 0, 0
96000, 1923, 1, 0, 0
97012, 1892, 1, 0, 0
98008, 2120, 1, 0, 0
99005, 1873, 1, 0, 0
100006, 2042, 1, 0, 0
101000, 2087, 1, 0, 0
102000, 1955, 1, 0, 0
103002, 2134, 1, 0, 0
104000, 2150, 1, 0, 0
105009, 2042, 1, 0, 0
106004, 2021, 1, 0, 0
107001, 2062, 1, 0, 0
108007, 2220, 1, 0, 0
109001, 1962, 1, 0, 0
110012, 2149, 1, 0, 0
111000, 2093, 1, 0, 0
112000, 2232, 1, 0, 0
113005, 2252, 1, 0, 0
114005, 2218, 1, 0, 0
115001, 2126, 1, 0, 0
116003, 2113, 1, 0, 0
117005, 2157, 1, 0, 0
118013, 2130, 1, 0, 0
119001, 2002, 1, 0, 0
120001, 2323, 1, 0, 0
121007, 2292, 1, 0, 0
122004, 2152, 1, 0, 0
123000, 2063, 1, 0, 0
124005, 2244, 1, 0, 0
125003, 2276, 1, 0, 0
126000, 2051, 1, 0, 0
127009, 2177, 1, 0, 0
128000, 2078, 1, 0, 0
129000, 2154, 1, 0, 0
130009, 2313, 1, 0, 0
131002, 2224, 1, 0, 0
132013, 2049, 1, 0, 0
133006, 2139, 1, 0, 0
134000, 2161, 1, 0, 0
135000, 1975, 1, 0, 0
136004, 2228, 1, 0, 0
137012, 2128, 1, 0, 0
138001, 2207, 1, 0, 0
139002, 2173, 1, 0, 0
140001, 2107, 1, 0, 0
141008, 2216, 1, 0, 0
142003, 2101, 1, 0, 0
143000, 2125, 1, 0, 0
144003, 2197, 1, 0, 0
145000, 2085, 1, 0, 0
146000, 2085, 1, 0, 0
147002, 2073, 1, 0, 0
148006, 2090, 1, 0, 0
149000, 2006, 1, 0, 0
150000, 2041, 1, 0, 0
151011, 2185, 1, 0, 0
152000, 1988, 1, 0, 0
153001, 1997, 1, 0, 0
154003, 2109, 1, 0, 0
155009, 2094, 1, 0, 0
156002, 1947, 1, 0, 0
157012, 1922, 1, 0, 0
158007, 2087, 1, 0, 0
159000, 2091, 1, 0, 0
160000, 2146, 1, 0, 0
161004, 2213, 1, 0, 0
162004, 2110, 1, 0, 0
163000, 2260, 1, 0, 0
164002, 2070, 1, 0, 0
165003, 2443, 1, 0, 0
166003, 2156, 1, 0, 0
167000, 2050, 1, 0, 0
168001, 2093, 1, 0, 0
169000, 2279, 1, 0, 0
170001, 2191, 1, 0, 0
171000, 2116, 1, 0, 0
172001, 2132, 1, 0, 0
173007, 2260, 1, 0, 0
174002, 2209, 1, 0, 0
175001, 2172, 1, 0, 0
176007, 2040, 1, 0, 0
177002, 2163, 1, 0, 0
178002, 2118, 1, 0, 0
179008, 2079, 1, 0, 0
180002, 2300, 1, 0, 0
