1039, 117419554, 1, 0, 0
2008, 147970678, 1, 0, 0
3037, 148342632, 1, 0, 0
4000, 137901749, 1, 0, 0
5000, 150918515, 1, 0, 0
6003, 146022871, 1, 0, 0
7001, 154921490, 1, 0, 0
8007, 153708047, 1, 0, 0
9001, 149074945, 1, 0, 0
10004, 156768353, 1, 0, 0
11001, 151876300, 1, 0, 0
12000, 131360139, 1, 0, 0
13000, 128451643, 1, 0, 0
14000, 129903476, 1, 0, 0
15001, 128982467, 1, 0, 0
16000, 129449144, 1, 0, 0
17001, 124410115, 1, 0, 0
18002, 125899194, 1, 0, 0
19002, 126090680, 1, 0, 0
20000, 123779634, 1, 0, 0
21001, 127965135, 1, 0, 0
22027, 148680887, 1, 0, 0
23000, 149618441, 1, 0, 0
24002, 154789129, 1, 0, 0
25004, 150984862, 1, 0, 0
26002, 163880479, 1, 0, 0
27004, 179922182, 1, 0, 0
28000, 149675401, 1, 0, 0
29000, 121872452, 1, 0, 0
30000, 141228790, 1, 0, 0
31031, 154504181, 1, 0, 0
32000, 152476602, 1, 0, 0
33008, 136919520, 1, 0, 0
34001, 159525893, 1, 0, 0
35001, 148587799, 1, 0, 0
36000, 161767589, 1, 0, 0
37000, 138306690, 1, 0, 0
38004, 147909838, 1, 0, 0
39002, 151942044, 1, 0, 0
40006, 144943978, 1, 0, 0
41032, 139762176, 1, 0, 0
42000, 140655280, 1, 0, 0
43000, 143144437, 1, 0, 0
44033, 152763510, 1, 0, 0
45006, 158898343, 1, 0, 0
46000, 129466402, 1, 0, 0
47007, 123859505, 1, 0, 0
48000, 125437055, 1, 0, 0
49000, 122581482, 1, 0, 0
50039, 119905700, 1, 0, 0
51000, 130850434, 1, 0, 0
52041, 130192791, 1, 0, 0
53001, 131486063, 1, 0, 0
54000, 130731983, 1, 0, 0
55005, 129697095, 1, 0, 0
56001, 130406352, 1, 0, 0
57000, 129622419, 1, 0, 0
58000, 129194997, 1, 0, 0
59000, 127893707, 1, 0, 0
60001, 130926597, 1, 0, 0
61000, 131698505, 1, 0, 0
62000, 126226810, 1, 0, 0
63000, 124722696, 1, 0, 0
64000, 127486280, 1, 0, 0
65001, 124740299, 1, 0, 0
66000, 126455170, 1, 0, 0
67000, 130157251, 1, 0, 0
68030, 137398690, 1, 0, 0
69000, 127326201, 1, 0, 0
70001, 128916807, 1, 0, 0
71001, 127866729, 1, 0, 0
72000, 131101568, 1, 0, 0
73004, 132715726, 1, 0, 0
74001, 138301136, 1, 0, 0
75003, 133536404, 1, 0, 0
76000, 134551875, 1, 0, 0
77002, 134084650, 1, 0, 0
78004, 133341048, 1, 0, 0
79003, 139939284, 1, 0, 0
80003, 129353785, 1, 0, 0
81000, 136669898, 1, 0, 0
82001, 134681261, 1, 0, 0
83034, 139847262, 1, 0, 0
84000, 141758567, 1, 0, 0
85007, 138137237, 1, 0, 0
86000, 133975236, 1, 0, 0
87000, 137298008, 1, 0, 0
88001, 152029162, 1, 0, 0
89001, 132056253, 1, 0, 0
90000, 135792789, 1, 0, 0
91002, 133241851, 1, 0, 0
92000, 137494895, 1, 0, 0
93000, 133269784, 1, 0, 0
94002, 134045412, 1, 0, 0
95001, 125017042, 1, 0, 0
96003, 121928355, 1, 0, 0
97003, 127060440, 1, 0, 0
98000, 169378828, 1, 0, 0
99033, 152883514, 1, 0, 0
100001, 149102438, 1, 0, 0
101002, 141723159, 1, 0, 0
102043, 167369221, 1, 0, 0
103000, 142042837, 1, 0, 0
104002, 138691373, 1, 0, 0
105000, 133960381, 1, 0, 0
106001, 134950619, 1, 0, 0
107003, 136972828, 1, 0, 0
108001, 136709301, 1, 0, 0
109002, 139463286, 1, 0, 0
110000, 143695897, 1, 0, 0
111000, 137290012, 1, 0, 0
112000, 142396052, 1, 0, 0
113001, 147296701, 1, 0, 0
114000, 140971396, 1, 0, 0
115001, 157382013, 1, 0, 0
116001, 157167871, 1, 0, 0
117002, 146357095, 1, 0, 0
118000, 158710263, 1, 0, 0
119001, 145038272, 1, 0, 0
120000, 146633780, 1, 0, 0
121001, 152547030, 1, 0, 0
122001, 145243549, 1, 0, 0
123004, 143845667, 1, 0, 0
124040, 144387664, 1, 0, 0
125029, 147196102, 1, 0, 0
126002, 152734682, 1, 0, 0
127000, 159508029, 1, 0, 0
128009, 139742517, 1, 0, 0
129002, 135525932, 1, 0, 0
130003, 123544076, 1, 0, 0
131001, 126678575, 1, 0, 0
132000, 126711322, 1, 0, 0
133001, 125997105, 1, 0, 0
134002, 126356936, 1, 0, 0
135000, 127661940, 1, 0, 0
136001, 158499736, 1, 0, 0
137000, 146806770, 1, 0, 0
138003, 157758918, 1, 0, 0
139000, 154283359, 1, 0, 0
140000, 147367004, 1, 0, 0
141000, 124393420, 1, 0, 0
142004, 126483916, 1, 0, 0
143003, 124076895, 1, 0, 0
144000, 119027098, 1, 0, 0
145000, 120088373, 1, 0, 0
146000, 125071767, 1, 0, 0
147000, 125695785, 1, 0, 0
148000, 127134045, 1, 0, 0
149000, 130632176, 1, 0, 0
150003, 129727305, 1, 0, 0
151000, 131512307, 1, 0, 0
152002, 131181211, 1, 0, 0
153000, 130105698, 1, 0, 0
154002, 131276724, 1, 0, 0
155000, 133244878, 1, 0, 0
156000, 133543586, 1, 0, 0
157034, 132384255, 1, 0, 0
158003, 133790079, 1, 0, 0
159000, 134862525, 1, 0, 0
160000, 132058353, 1, 0, 0
161000, 131837462, 1, 0, 0
162000, 131509014, 1, 0, 0
163001, 128346444, 1, 0, 0
164000, 131289644, 1, 0, 0
165000, 128713494, 1, 0, 0
166000, 129257502, 1, 0, 0
167002, 130001814, 1, 0, 0
168001, 128937383, 1, 0, 0
169000, 128404566, 1, 0, 0
170001, 127477938, 1, 0, 0
171003, 129368491, 1, 0, 0
172001, 128599781, 1, 0, 0
173000, 131003291, 1, 0, 0
174001, 132534267, 1, 0, 0
175000, 134688982, 1, 0, 0
176001, 135307242, 1, 0, 0
177000, 139360629, 1, 0, 0
178000, 145210177, 1, 0, 0
179007, 144978181, 1, 0, 0
180001, 147887895, 1, 0, 0
180111, 171298471, 1, 0, 0
