1007, 7303899, 0, 0, 0
2018, 8230436, 0, 0, 0
3011, 8182739, 0, 0, 0
4006, 8429271, 0, 0, 0
5015, 8501180, 0, 0, 0
6009, 8815769, 0, 0, 0
7005, 8262714, 0, 0, 0
8016, 8313766, 0, 0, 0
9009, 8286474, 0, 0, 0
10018, 8110149, 0, 0, 0
11013, 8241225, 0, 0, 0
12008, 8315084, 0, 0, 0
13017, 8311737, 0, 0, 0
14012, 8221163, 0, 0, 0
15007, 8278194, 0, 0, 0
16017, 8417281, 0, 0, 0
17012, 8414568, 0, 0, 0
18008, 8238868, 0, 0, 0
19017, 8243731, 0, 0, 0
20011, 8333258, 0, 0, 0
21005, 7821246, 0, 0, 0
22013, 8362411, 0, 0, 0
23007, 8174923, 0, 0, 0
24012, 8363486, 0, 0, 0
25006, 8206253, 0, 0, 0
26018, 8318949, 0, 0, 0
27012, 8672249, 0, 0, 0
28019, 8376517, 0, 0, 0
29013, 8638807, 0, 0, 0
30009, 8331205, 0, 0, 0
31017, 8291535, 0, 0, 0
32012, 8242332, 0, 0, 0
33007, 8275678, 0, 0, 0
34018, 8336298, 0, 0, 0
35006, 8185377, 0, 0, 0
36007, 8366911, 0, 0, 0
37004, 8387789, 0, 0, 0
38011, 8423329, 0, 0, 0
39043, 8548772, 0, 0, 0
40017, 8103261, 0, 0, 0
41010, 8615135, 0, 0, 0
42008, 8590660, 0, 0, 0
43004, 8305638, 0, 0, 0
44016, 8325487, 0, 0, 0
45010, 8377620, 0, 0, 0
46020, 8456164, 0, 0, 0
47014, 8653591, 0, 0, 0
48010, 8362944, 0, 0, 0
49005, 8314001, 0, 0, 0
50005, 8467622, 0, 0, 0
51009, 8018796, 0, 0, 0
52019, 8198879, 0, 0, 0
53012, 8335640, 0, 0, 0
54006, 8385861, 0, 0, 0
55016, 23330048, 0, 0, 0
56011, 8428998, 0, 0, 0
57019, 8469560, 0, 0, 0
58009, 8293760, 0, 0, 0
59011, 8366685, 0, 0, 0
60006, 8248566, 0, 0, 0
61016, 8502415, 0, 0, 0
62011, 8450128, 0, 0, 0
63005, 8225708, 0, 0, 0
64015, 8336939, 0, 0, 0
65010, 8430488, 0, 0, 0
66005, 8143571, 0, 0, 0
67013, 8735388, 0, 0, 0
68008, 8217858, 0, 0, 0
69005, 8462680, 0, 0, 0
70013, 8369992, 0, 0, 0
71008, 8264016, 0, 0, 0
72005, 8364830, 0, 0, 0
73006, 8326234, 0, 0, 0
74010, 8726116, 0, 0, 0
75019, 8184987, 0, 0, 0
76014, 8591887, 0, 0, 0
77010, 8311314, 0, 0, 0
78019, 8422006, 0, 0, 0
79015, 8589776, 0, 0, 0
80009, 8269366, 0, 0, 0
81005, 8194112, 0, 0, 0
82014, 8467327, 0, 0, 0
83007, 8549404, 0, 0, 0
84005, 8090096, 0, 0, 0
85013, 8522173, 0, 0, 0
86006, 8185639, 0, 0, 0
87017, 8032456, 0, 0, 0
88013, 8364953, 0, 0, 0
89008, 8226543, 0, 0, 0
90004, 8398798, 0, 0, 0
91016, 8457772, 0, 0, 0
92011, 8402790, 0, 0, 0
93019, 8568578, 0, 0, 0
94011, 8526563, 0, 0, 0
95019, 8370709, 0, 0, 0
96014, 8368809, 0, 0, 0
97006, 8403979, 0, 0, 0
98016, 8364008, 0, 0, 0
99009, 8485023, 0, 0, 0
100018, 8354984, 0, 0, 0
101006, 8444165, 0, 0, 0
102011, 8478302, 0, 0, 0
103019, 8177237, 0, 0, 0
104014, 8363018, 0, 0, 0
105007, 8358602, 0, 0, 0
106018, 8308447, 0, 0, 0
107014, 8171370, 0, 0, 0
108008, 8382936, 0, 0, 0
109009, 8422436, 0, 0, 0
110009, 8300680, 0, 0, 0
111006, 8432962, 0, 0, 0
112010, 8382023, 0, 0, 0
113007, 8217180, 0, 0, 0
114016, 8337857, 0, 0, 0
115011, 8418960, 0, 0, 0
116008, 8250746, 0, 0, 0
117017, 8679680, 0, 0, 0
118013, 8263194, 0, 0, 0
119006, 8380932, 0, 0, 0
120013, 8713596, 0, 0, 0
121011, 8187846, 0, 0, 0
122007, 8613413, 0, 0, 0
123016, 8649985, 0, 0, 0
124010, 8309978, 0, 0, 0
125012, 8257150, 0, 0, 0
126014, 8477681, 0, 0, 0
127007, 8510469, 0, 0, 0
128017, 8500412, 0, 0, 0
129013, 8427213, 0, 0, 0
130007, 8033452, 0, 0, 0
131016, 8339057, 0, 0, 0
132010, 8124417, 0, 0, 0
133020, 8022052, 0, 0, 0
134016, 8480969, 0, 0, 0
135009, 8324870, 0, 0, 0
136018, 8604822, 0, 0, 0
137013, 8221075, 0, 0, 0
138008, 8411936, 0, 0, 0
139019, 8376763, 0, 0, 0
140013, 8419074, 0, 0, 0
141005, 8337365, 0, 0, 0
142016, 8438296, 0, 0, 0
143011, 8267953, 0, 0, 0
144007, 8328046, 0, 0, 0
145016, 8388601, 0, 0, 0
146011, 8136438, 0, 0, 0
147005, 8273463, 0, 0, 0
148016, 8329363, 0, 0, 0
149007, 8452690, 0, 0, 0
150004, 8389817, 0, 0, 0
151014, 8382676, 0, 0, 0
152006, 8422884, 0, 0, 0
153016, 8567539, 0, 0, 0
154010, 8314674, 0, 0, 0
155021, 7918741, 0, 0, 0
156013, 8232832, 0, 0, 0
157007, 8357249, 0, 0, 0
158017, 8317530, 0, 0, 0
159012, 8359519, 0, 0, 0
160008, 8562042, 0, 0, 0
161017, 8516006, 0, 0, 0
162013, 8287478, 0, 0, 0
163007, 8578798, 0, 0, 0
164014, 8455266, 0, 0, 0
165007, 8373587, 0, 0, 0
166019, 8345316, 0, 0, 0
167012, 8370738, 0, 0, 0
168006, 8363422, 0, 0, 0
169006, 8240149, 0, 0, 0
170008, 8668739, 0, 0, 0
171018, 8127939, 0, 0, 0
172011, 8453498, 0, 0, 0
173006, 8492609, 0, 0, 0
174014, 8096523, 0, 0, 0
175008, 8363056, 0, 0, 0
176018, 8261580, 0, 0, 0
177011, 8568960, 0, 0, 0
178008, 8805238, 0, 0, 0
179005, 8362029, 0, 0, 0
180012, 8458538, 0, 0, 0
180013, 35133422, 0, 0, 0
