1001, 3742885, 0, 0, 0
2032, 4284410, 0, 0, 0
3001, 4124115, 0, 0, 0
4001, 4215299, 0, 0, 0
5018, 4145468, 0, 0, 0
6000, 4315336, 0, 0, 0
7000, 4164390, 0, 0, 0
8026, 4183357, 0, 0, 0
9000, 4215570, 0, 0, 0
10032, 4310367, 0, 0, 0
11001, 4230524, 0, 0, 0
12001, 4236545, 0, 0, 0
13019, 4158424, 0, 0, 0
14028, 4225591, 0, 0, 0
15021, 4250717, 0, 0, 0
16017, 4163738, 0, 0, 0
17000, 4234435, 0, 0, 0
18005, 4227085, 0, 0, 0
19017, 4123157, 0, 0, 0
20011, 4143397, 0, 0, 0
21019, 4087461, 0, 0, 0
22030, 4259183, 0, 0, 0
23017, 4167398, 0, 0, 0
24021, 4200739, 0, 0, 0
25001, 4216288, 0, 0, 0
26000, 4225285, 0, 0, 0
27018, 4239912, 0, 0, 0
28030, 4310439, 0, 0, 0
29011, 4363794, 0, 0, 0
30001, 4031672, 0, 0, 0
31002, 4191205, 0, 0, 0
32017, 4214809, 0, 0, 0
33001, 4129479, 0, 0, 0
34020, 4128189, 0, 0, 0
35030, 4166977, 0, 0, 0
36025, 4223862, 0, 0, 0
37019, 4017869, 0, 0, 0
38028, 4182125, 0, 0, 0
39000, 4118724, 0, 0, 0
40020, 4251535, 0, 0, 0
41030, 4184088, 0, 0, 0
42000, 4188624, 0, 0, 0
43022, 4061361, 0, 0, 0
44017, 4156225, 0, 0, 0
45001, 4163647, 0, 0, 0
46022, 4089725, 0, 0, 0
47016, 4154248, 0, 0, 0
48000, 4242271, 0, 0, 0
49000, 4154429, 0, 0, 0
50018, 4202676, 0, 0, 0
51017, 4175809, 0, 0, 0
52000, 4210503, 0, 0, 0
53019, 4190915, 0, 0, 0
54030, 4329826, 0, 0, 0
55023, 4123443, 0, 0, 0
56020, 4205377, 0, 0, 0
57000, 4228122, 0, 0, 0
58017, 4146008, 0, 0, 0
59001, 4292874, 0, 0, 0
60020, 4072500, 0, 0, 0
61016, 4082780, 0, 0, 0
62000, 4146884, 0, 0, 0
63000, 4154506, 0, 0, 0
64000, 4179145, 0, 0, 0
65001, 4213641, 0, 0, 0
66016, 4215843, 0, 0, 0
67002, 4128642, 0, 0, 0
68019, 4124343, 0, 0, 0
69030, 4168447, 0, 0, 0
70000, 4130467, 0, 0, 0
71019, 4084994, 0, 0, 0
72000, 4194215, 0, 0, 0
73001, 4122647, 0, 0, 0
74029, 4214844, 0, 0, 0
75001, 4149230, 0, 0, 0
76017, 4224921, 0, 0, 0
77028, 4190614, 0, 0, 0
78022, 4075486, 0, 0, 0
79031, 4117698, 0, 0, 0
80018, 4246409, 0, 0, 0
81018, 4140063, 0, 0, 0
82001, 4170145, 0, 0, 0
83018, 4127989, 0, 0, 0
84000, 4008386, 0, 0, 0
85019, 4180504, 0, 0, 0
86000, 4048132, 0, 0, 0
87018, 4219609, 0, 0, 0
88032, 4075977, 0, 0, 0
89000, 4244080, 0, 0, 0
90020, 4121488, 0, 0, 0
91001, 4122458, 0, 0, 0
92025, 4206960, 0, 0, 0
93017, 4124820, 0, 0, 0
94000, 4131177, 0, 0, 0
95022, 4280669, 0, 0, 0
96018, 4000914, 0, 0, 0
97000, 4036804, 0, 0, 0
98017, 4236594, 0, 0, 0
99000, 4250093, 0, 0, 0
100000, 4129912, 0, 0, 0
101018, 4187119, 0, 0, 0
102000, 4252137, 0, 0, 0
103018, 4126590, 0, 0, 0
104027, 4320713, 0, 0, 0
105000, 4143286, 0, 0, 0
106019, 4177649, 0, 0, 0
107000, 4119009, 0, 0, 0
108017, 4270954, 0, 0, 0
109028, 4220185, 0, 0, 0
110021, 4185261, 0, 0, 0
111031, 4175359, 0, 0, 0
112001, 4171181, 0, 0, 0
113020, 4227318, 0, 0, 0
114029, 4057499, 0, 0, 0
115024, 4156993, 0, 0, 0
116018, 4202570, 0, 0, 0
117000, 4123184, 0, 0, 0
118021, 4238467, 0, 0, 0
119017, 4089080, 0, 0, 0
120000, 4154588, 0, 0, 0
121020, 4201730, 0, 0, 0
122018, 4097780, 0, 0, 0
123000, 4228367, 0, 0, 0
124017, 4082421, 0, 0, 0
125021, 4159976, 0, 0, 0
126001, 4037956, 0, 0, 0
127000, 4160853, 0, 0, 0
128030, 4204646, 0, 0, 0
129018, 4143242, 0, 0, 0
130016, 4130707, 0, 0, 0
131000, 4234569, 0, 0, 0
132020, 4238685, 0, 0, 0
133023, 4045058, 0, 0, 0
134001, 4202942, 0, 0, 0
135016, 4236258, 0, 0, 0
136023, 4299296, 0, 0, 0
137017, 4181391, 0, 0, 0
138022, 4226930, 0, 0, 0
139001, 4167194, 0, 0, 0
140021, 4124530, 0, 0, 0
141019, 4194065, 0, 0, 0
142023, 4161721, 0, 0, 0
143017, 4202481, 0, 0, 0
144020, 4090583, 0, 0, 0
145020, 4154659, 0, 0, 0
146017, 4071746, 0, 0, 0
147000, 4271142, 0, 0, 0
148019, 4171808, 0, 0, 0
149000, 4155116, 0, 0, 0
150019, 4108874, 0, 0, 0
151017, 4137813, 0, 0, 0
152001, 4214678, 0, 0, 0
153019, 4156362, 0, 0, 0
154000, 4143252, 0, 0, 0
155019, 4092300, 0, 0, 0
156021, 4130893, 0, 0, 0
157000, 4146077, 0, 0, 0
158019, 4145089, 0, 0, 0
159030, 4167657, 0, 0, 0
160000, 4215006, 0, 0, 0
161018, 4228891, 0, 0, 0
162001, 4179651, 0, 0, 0
163021, 4140555, 0, 0, 0
164031, 4248818, 0, 0, 0
165001, 4128541, 0, 0, 0
166017, 4232076, 0, 0, 0
167021, 4231177, 0, 0, 0
168000, 4122373, 0, 0, 0
169018, 4178925, 0, 0, 0
170029, 4142558, 0, 0, 0
171000, 4083733, 0, 0, 0
172020, 4211891, 0, 0, 0
173000, 4180049, 0, 0, 0
174030, 4355514, 0, 0, 0
175001, 4229780, 0, 0, 0
176018, 4170077, 0, 0, 0
177000, 4212290, 0, 0, 0
178031, 4102304, 0, 0, 0
179015, 4155583, 0, 0, 0
180001, 4060373, 0, 0, 0
180001, 1958581, 0, 0, 0
