1012, 15032204, 1, 0, 0
2000, 17083756, 1, 0, 0
3013, 16352310, 1, 0, 0
4023, 16553299, 1, 0, 0
5018, 16928215, 1, 0, 0
6013, 16645155, 1, 0, 0
7011, 16827735, 1, 0, 0
8020, 16594926, 1, 0, 0
9013, 16754650, 1, 0, 0
10024, 17067326, 1, 0, 0
11018, 17404153, 1, 0, 0
12029, 16435459, 1, 0, 0
13020, 17052975, 1, 0, 0
14013, 15941090, 1, 0, 0
15000, 16485510, 1, 0, 0
16013, 16355413, 1, 0, 0
17000, 16976777, 1, 0, 0
18016, 17240040, 1, 0, 0
19000, 17040503, 1, 0, 0
20020, 16537139, 1, 0, 0
21013, 17175982, 1, 0, 0
22022, 16614391, 1, 0, 0
23014, 16759048, 1, 0, 0
24000, 16436664, 1, 0, 0
25016, 16967287, 1, 0, 0
26012, 16780116, 1, 0, 0
27023, 16807940, 1, 0, 0
28015, 16106002, 1, 0, 0
29017, 16753744, 1, 0, 0
30018, 16548926, 1, 0, 0
31025, 17490690, 1, 0, 0
32013, 16926029, 1, 0, 0
33021, 16848259, 1, 0, 0
34018, 16584334, 1, 0, 0
35020, 16930236, 1, 0, 0
36020, 16810828, 1, 0, 0
37012, 16404637, 1, 0, 0
38016, 16356676, 1, 0, 0
39014, 16672624, 1, 0, 0
40013, 16223842, 1, 0, 0
41021, 17426875, 1, 0, 0
42014, 17284376, 1, 0, 0
43025, 17369013, 1, 0, 0
44015, 17043855, 1, 0, 0
45000, 16793071, 1, 0, 0
46019, 16742033, 1, 0, 0
47000, 16918129, 1, 0, 0
48000, 16189379, 1, 0, 0
49002, 16956076, 1, 0, 0
50019, 16173459, 1, 0, 0
51014, 16457862, 1, 0, 0
52025, 16774450, 1, 0, 0
53015, 17033320, 1, 0, 0
54016, 16565138, 1, 0, 0
55011, 16549992, 1, 0, 0
56000, 17040864, 1, 0, 0
57015, 16384629, 1, 0, 0
58025, 16170729, 1, 0, 0
59012, 17015150, 1, 0, 0
60010, 17172319, 1, 0, 0
61018, 16702944, 1, 0, 0
62015, 16382833, 1, 0, 0
63015, 16992731, 1, 0, 0
64019, 16946660, 1, 0, 0
65012, 16929948, 1, 0, 0
66013, 17126236, 1, 0, 0
67020, 16943203, 1, 0, 0
68013, 16226432, 1, 0, 0
69014, 16313557, 1, 0, 0
70002, 16713061, 1, 0, 0
71016, 16443125, 1, 0, 0
72012, 17242103, 1, 0, 0
73020, 16406420, 1, 0, 0
74013, 16670815, 1, 0, 0
75020, 16742409, 1, 0, 0
76015, 15985110, 1, 0, 0
77022, 17892579, 1, 0, 0
78014, 16645773, 1, 0, 0
79024, 16823610, 1, 0, 0
80014, 16492097, 1, 0, 0
81012, 16572115, 1, 0, 0
82020, 16365824, 1, 0, 0
83015, 17057568, 1, 0, 0
84000, 16840950, 1, 0, 0
85017, 16443188, 1, 0, 0
86012, 16863021, 1, 0, 0
87019, 16535197, 1, 0, 0
88011, 16736577, 1, 0, 0
89019, 17253081, 1, 0, 0
90012, 16050939, 1, 0, 0
91001, 16623684, 1, 0, 0
92012, 16606642, 1, 0, 0
93025, 16217376, 1, 0, 0
94015, 16483365, 1, 0, 0
95015, 16597575, 1, 0, 0
96000, 17331272, 1, 0, 0
97012, 16322629, 1, 0, 0
98013, 17099947, 1, 0, 0
99017, 16487855, 1, 0, 0
100016, 16314416, 1, 0, 0
101026, 16718093, 1, 0, 0
102020, 16662997, 1, 0, 0
103015, 16777186, 1, 0, 0
104026, 16750732, 1, 0, 0
105020, 16028340, 1, 0, 0
106017, 16684261, 1, 0, 0
107026, 16701414, 1, 0, 0
108021, 16418353, 1, 0, 0
109017, 17058180, 1, 0, 0
110025, 16918662, 1, 0, 0
111018, 18150468, 1, 0, 0
112020, 17104188, 1, 0, 0
113017, 16462065, 1, 0, 0
114025, 17369915, 1, 0, 0
115019, 17292624, 1, 0, 0
116011, 16668082, 1, 0, 0
117000, 17163956, 1, 0, 0
118000, 16921432, 1, 0, 0
119000, 17335419, 1, 0, 0
120015, 16504817, 1, 0, 0
121001, 17348726, 1, 0, 0
122018, 16923183, 1, 0, 0
123012, 16084950, 1, 0, 0
124017, 17018849, 1, 0, 0
125016, 15942193, 1, 0, 0
126014, 15779685, 1, 0, 0
127018, 16389698, 1, 0, 0
128013, 16938900, 1, 0, 0
129021, 16660173, 1, 0, 0
130017, 16958998, 1, 0, 0
131017, 16610668, 1, 0, 0
132022, 16661707, 1, 0, 0
133014, 16557824, 1, 0, 0
134010, 17536269, 1, 0, 0
135016, 17408774, 1, 0, 0
136013, 16981720, 1, 0, 0
137014, 16799763, 1, 0, 0
138019, 16901933, 1, 0, 0
139014, 16457949, 1, 0, 0
140015, 17217697, 1, 0, 0
141012, 16467561, 1, 0, 0
142010, 15977572, 1, 0, 0
143015, 16887960, 1, 0, 0
144023, 16817518, 1, 0, 0
145015, 17075717, 1, 0, 0
146011, 17206768, 1, 0, 0
147021, 17055840, 1, 0, 0
148014, 16794830, 1, 0, 0
149013, 16836662, 1, 0, 0
150022, 16300382, 1, 0, 0
151017, 17083874, 1, 0, 0
152011, 17003620, 1, 0, 0
153000, 16808380, 1, 0, 0
154015, 16070385, 1, 0, 0
155024, 16918178, 1, 0, 0
156017, 16994748, 1, 0, 0
157000, 16486283, 1, 0, 0
158000, 16470041, 1, 0, 0
159014, 17004850, 1, 0, 0
160023, 16864819, 1, 0, 0
161016, 16882133, 1, 0, 0
162010, 16143930, 1, 0, 0
163011, 17180782, 1, 0, 0
164010, 16813472, 1, 0, 0
165015, 16701562, 1, 0, 0
166015, 16680528, 1, 0, 0
167010, 15881051, 1, 0, 0
168016, 16715021, 1, 0, 0
169011, 16847420, 1, 0, 0
170021, 16556968, 1, 0, 0
171019, 16242417, 1, 0, 0
172016, 16955904, 1, 0, 0
173011, 16945433, 1, 0, 0
174020, 16604424, 1, 0, 0
175013, 17193606, 1, 0, 0
176001, 17005090, 1, 0, 0
177021, 16760076, 1, 0, 0
178017, 16733867, 1, 0, 0
179010, 17008534, 1, 0, 0
180035, 17239342, 1, 0, 0
180042, 59402356, 1, 0, 0
