1010, 99719, 0, 0, 0
2003, 527764, 0, 0, 0
3004, 884246, 0, 0, 0
4012, 932027, 0, 0, 0
5007, 411375, 0, 0, 0
6001, 2138800, 0, 0, 0
7010, 1970987, 0, 0, 0
8005, 76135, 0, 0, 0
9002, 89696, 0, 0, 0
10002, 107711, 0, 0, 0
11006, 92356, 0, 0, 0
12006, 84543, 0, 0, 0
13001, 93114, 0, 0, 0
14000, 538415, 0, 0, 0
15006, 207498, 0, 0, 0
16000, 320405, 0, 0, 0
17011, 89409, 0, 0, 0
18001, 64299, 0, 0, 0
19002, 21123, 0, 0, 0
20005, 160812, 0, 0, 0
21000, 304359, 0, 0, 0
22000, 246721, 0, 0, 0
23007, 207385, 0, 0, 0
24000, 54699, 0, 0, 0
25011, 188933, 0, 0, 0
26000, 2672, 0, 0, 0
27003, 1049471, 0, 0, 0
28006, 789653, 0, 0, 0
29002, 23467, 0, 0, 0
30002, 14227, 0, 0, 0
31003, 8457, 0, 0, 0
32000, 484037, 0, 0, 0
33010, 1869879, 0, 0, 0
34006, 1421806, 0, 0, 0
35003, 298392, 0, 0, 0
36000, 2517, 0, 0, 0
37006, 519100, 0, 0, 0
38001, 1644421, 0, 0, 0
39008, 1483722, 0, 0, 0
40007, 1536853, 0, 0, 0
41000, 1412110, 0, 0, 0
42000, 1366158, 0, 0, 0
43002, 1454094, 0, 0, 0
44001, 2163366, 0, 0, 0
45006, 1585313, 0, 0, 0
46006, 1078755, 0, 0, 0
47000, 14726, 0, 0, 0
48000, 8497, 0, 0, 0
49000, 13232, 0, 0, 0
50001, 93551, 0, 0, 0
51004, 9803, 0, 0, 0
52004, 12547, 0, 0, 0
53000, 7008, 0, 0, 0
54005, 333196, 0, 0, 0
55001, 52009, 0, 0, 0
56000, 200890, 0, 0, 0
57002, 133526, 0, 0, 0
58000, 13787, 0, 0, 0
59009, 12473, 0, 0, 0
60005, 7190, 0, 0, 0
61000, 148219, 0, 0, 0
62008, 11071, 0, 0, 0
63001, 9793, 0, 0, 0
64000, 12797, 0, 0, 0
65002, 106332, 0, 0, 0
66001, 99201, 0, 0, 0
67000, 6063, 0, 0, 0
68003, 3315, 0, 0, 0
69000, 12586, 0, 0, 0
70006, 101212, 0, 0, 0
71002, 38827, 0, 0, 0
72000, 202338, 0, 0, 0
73008, 102726, 0, 0, 0
74002, 327248, 0, 0, 0
75001, 1179291, 0, 0, 0
76004, 850717, 0, 0, 0
77000, 956240, 0, 0, 0
78010, 1501845, 0, 0, 0
79006, 1809552, 0, 0, 0
80002, 1544945, 0, 0, 0
81006, 1363667, 0, 0, 0
82000, 1387352, 0, 0, 0
83000, 1503861, 0, 0, 0
84007, 1857242, 0, 0, 0
85003, 1021791, 0, 0, 0
86000, 181060, 0, 0, 0
87009, 399651, 0, 0, 0
88004, 401417, 0, 0, 0
89000, 79221, 0, 0, 0
90008, 481698, 0, 0, 0
91002, 508795, 0, 0, 0
92000, 236054, 0, 0, 0
93007, 11702, 0, 0, 0
94002, 124890, 0, 0, 0
95000, 311902, 0, 0, 0
96008, 303283, 0, 0, 0
97000, 300424, 0, 0, 0
98003, 242556, 0, 0, 0
99002, 324545, 0, 0, 0
100000, 638610, 0, 0, 0
101007, 398452, 0, 0, 0
102003, 1873881, 0, 0, 0
103004, 1054725, 0, 0, 0
104002, 2520579, 0, 0, 0
105000, 2163823, 0, 0, 0
106000, 2029999, 0, 0, 0
107006, 1919919, 0, 0, 0
108002, 2222766, 0, 0, 0
109009, 2043601, 0, 0, 0
110005, 2082781, 0, 0, 0
111010, 2260209, 0, 0, 0
112004, 2124000, 0, 0, 0
113000, 1992782, 0, 0, 0
114005, 1480593, 0, 0, 0
115000, 1200828, 0, 0, 0
116011, 1178551, 0, 0, 0
117005, 1551525, 0, 0, 0
118002, 1818182, 0, 0, 0
119000, 1969969, 0, 0, 0
120005, 2330458, 0, 0, 0
121003, 1952859, 0, 0, 0
122008, 1133051, 0, 0, 0
123000, 2328, 0, 0, 0
124008, 2339, 0, 0, 0
125002, 2381, 0, 0, 0
126008, 25278, 0, 0, 0
127000, 7339, 0, 0, 0
128003, 14807, 0, 0, 0
129006, 17672, 0, 0, 0
130001, 456607, 0, 0, 0
131000, 2069504, 0, 0, 0
132000, 2260240, 0, 0, 0
133000, 1997844, 0, 0, 0
134000, 1921974, 0, 0, 0
135006, 1662217, 0, 0, 0
136001, 1662911, 0, 0, 0
137000, 905292, 0, 0, 0
138001, 1543340, 0, 0, 0
139002, 2044242, 0, 0, 0
140005, 1919562, 0, 0, 0
141005, 1743694, 0, 0, 0
142001, 1470929, 0, 0, 0
143000, 2090485, 0, 0, 0
144004, 1200151, 0, 0, 0
145001, 1464037, 0, 0, 0
146001, 1388841, 0, 0, 0
147007, 15718, 0, 0, 0
148000, 28091, 0, 0, 0
149000, 18428, 0, 0, 0
150001, 936369, 0, 0, 0
151000, 1609787, 0, 0, 0
152002, 2238799, 0, 0, 0
153000, 2035241, 0, 0, 0
154008, 1719758, 0, 0, 0
155002, 863183, 0, 0, 0
156011, 1796682, 0, 0, 0
157002, 1388066, 0, 0, 0
158001, 1646629, 0, 0, 0
159004, 1457784, 0, 0, 0
160000, 1848566, 0, 0, 0
161000, 2277303, 0, 0, 0
162000, 2262446, 0, 0, 0
163002, 2339368, 0, 0, 0
164011, 2517865, 0, 0, 0
165001, 1734134, 0, 0, 0
166000, 1379372, 0, 0, 0
167012, 1363649, 0, 0, 0
168005, 1968062, 0, 0, 0
169001, 1490466, 0, 0, 0
170010, 2086918, 0, 0, 0
171000, 1694663, 0, 0, 0
172003, 1979415, 0, 0, 0
173000, 2104640, 0, 0, 0
174008, 2102093, 0, 0, 0
175002, 2454362, 0, 0, 0
176000, 2387616, 0, 0, 0
177007, 2040507, 0, 0, 0
178000, 2220781, 0, 0, 0
179011, 1881406, 0, 0, 0
180004, 1592172, 0, 0, 0
