1000, 7575907, 1, 0, 0
2000, 9018639, 1, 0, 0
3001, 8354572, 1, 0, 0
4000, 8258035, 1, 0, 0
5000, 8541019, 1, 0, 0
6000, 8167733, 1, 0, 0
7000, 8485237, 1, 0, 0
8000, 8494743, 1, 0, 0
9000, 8848452, 1, 0, 0
10000, 8543096, 1, 0, 0
11001, 8554146, 1, 0, 0
12000, 8273013, 1, 0, 0
13000, 8570146, 1, 0, 0
14000, 8325788, 1, 0, 0
15000, 8379606, 1, 0, 0
16000, 8170462, 1, 0, 0
17000, 8383041, 1, 0, 0
18000, 8359314, 1, 0, 0
19000, 8548323, 1, 0, 0
20000, 8406505, 1, 0, 0
21000, 8033442, 1, 0, 0
22000, 8428323, 1, 0, 0
23000, 8434143, 1, 0, 0
24000, 8816155, 1, 0, 0
25043, 8087547, 1, 0, 0
26001, 8552098, 1, 0, 0
27000, 8185089, 1, 0, 0
28001, 8589944, 1, 0, 0
29002, 8164042, 1, 0, 0
30001, 8588222, 1, 0, 0
31000, 8455660, 1, 0, 0
32000, 7905802, 1, 0, 0
33000, 8173013, 1, 0, 0
34000, 8118820, 1, 0, 0
35000, 8292017, 1, 0, 0
36000, 8121678, 1, 0, 0
37000, 8607694, 1, 0, 0
38000, 7975395, 1, 0, 0
39000, 8357771, 1, 0, 0
40000, 8866457, 1, 0, 0
41000, 8319378, 1, 0, 0
42000, 8228638, 1, 0, 0
43001, 8347413, 1, 0, 0
44000, 8680360, 1, 0, 0
45000, 8546149, 1, 0, 0
46004, 7997413, 1, 0, 0
47000, 8329000, 1, 0, 0
48000, 8303569, 1, 0, 0
49000, 8013450, 1, 0, 0
50000, 8478943, 1, 0, 0
51000, 8043518, 1, 0, 0
52000, 8701134, 1, 0, 0
53000, 8543291, 1, 0, 0
54000, 8645158, 1, 0, 0
55001, 8079100, 1, 0, 0
56000, 8337689, 1, 0, 0
57000, 8315354, 1, 0, 0
58000, 8332277, 1, 0, 0
59000, 8105415, 1, 0, 0
60000, 8681182, 1, 0, 0
61000, 8110063, 1, 0, 0
62007, 8508877, 1, 0, 0
63000, 8271321, 1, 0, 0
64000, 8260554, 1, 0, 0
65000, 8694198, 1, 0, 0
66000, 8249035, 1, 0, 0
67000, 8560192, 1, 0, 0
68001, 8477242, 1, 0, 0
69000, 8347690, 1, 0, 0
70000, 8461294, 1, 0, 0
71000, 8580349, 1, 0, 0
72000, 8264558, 1, 0, 0
73000, 8450005, 1, 0, 0
74000, 8467861, 1, 0, 0
75000, 8309465, 1, 0, 0
76035, 8605526, 1, 0, 0
77000, 8443412, 1, 0, 0
78000, 8602132, 1, 0, 0
79000, 7932881, 1, 0, 0
80000, 8759711, 1, 0, 0
81000, 8583591, 1, 0, 0
82000, 8349869, 1, 0, 0
83000, 8506689, 1, 0, 0
84003, 8185402, 1, 0, 0
85020, 7723761, 1, 0, 0
86002, 8341618, 1, 0, 0
87001, 8480485, 1, 0, 0
88000, 8431104, 1, 0, 0
89001, 7982454, 1, 0, 0
90000, 8248324, 1, 0, 0
91001, 8375199, 1, 0, 0
92000, 8255666, 1, 0, 0
93000, 8491103, 1, 0, 0
94000, 8080633, 1, 0, 0
95000, 8111795, 1, 0, 0
96000, 8239644, 1, 0, 0
97000, 7827914, 1, 0, 0
98000, 8189168, 1, 0, 0
99000, 8713148, 1, 0, 0
100000, 7862436, 1, 0, 0
101000, 8261766, 1, 0, 0
102000, 8696990, 1, 0, 0
103000, 8632368, 1, 0, 0
104000, 8560589, 1, 0, 0
105000, 7903132, 1, 0, 0
106000, 8335954, 1, 0, 0
107001, 8462831, 1, 0, 0
108000, 8691624, 1, 0, 0
109000, 8230505, 1, 0, 0
110000, 8294333, 1, 0, 0
111001, 8727897, 1, 0, 0
112000, 8597450, 1, 0, 0
113002, 8162961, 1, 0, 0
114000, 8238869, 1, 0, 0
115000, 8112224, 1, 0, 0
116000, 8126302, 1, 0, 0
117001, 8463837, 1, 0, 0
118000, 8482978, 1, 0, 0
119000, 8539669, 1, 0, 0
120000, 8261952, 1, 0, 0
121000, 8320904, 1, 0, 0
122000, 8366126, 1, 0, 0
123002, 8121391, 1, 0, 0
124000, 8456587, 1, 0, 0
125002, 7965796, 1, 0, 0
126039, 7961930, 1, 0, 0
127000, 8387119, 1, 0, 0
128000, 8333115, 1, 0, 0
129000, 8494331, 1, 0, 0
130000, 8130963, 1, 0, 0
131000, 8233433, 1, 0, 0
132001, 8182611, 1, 0, 0
133000, 8341924, 1, 0, 0
134000, 8280650, 1, 0, 0
135000, 8624295, 1, 0, 0
136000, 8676490, 1, 0, 0
137000, 8645102, 1, 0, 0
138000, 8430170, 1, 0, 0
139000, 7861193, 1, 0, 0
140003, 8183541, 1, 0, 0
141002, 8529017, 1, 0, 0
142000, 8762148, 1, 0, 0
143001, 8238167, 1, 0, 0
144000, 8242220, 1, 0, 0
145000, 8485752, 1, 0, 0
146000, 8121487, 1, 0, 0
147000, 8740005, 1, 0, 0
148000, 8482304, 1, 0, 0
149000, 8229161, 1, 0, 0
150000, 8525833, 1, 0, 0
151000, 7901103, 1, 0, 0
152000, 8676064, 1, 0, 0
153001, 8636292, 1, 0, 0
154000, 8180795, 1, 0, 0
155000, 8416480, 1, 0, 0
156000, 8683641, 1, 0, 0
157000, 8177239, 1, 0, 0
158000, 8286286, 1, 0, 0
159005, 8263178, 1, 0, 0
160000, 8051759, 1, 0, 0
161000, 8093420, 1, 0, 0
162000, 8599294, 1, 0, 0
163000, 8527841, 1, 0, 0
164000, 8409703, 1, 0, 0
165001, 7800600, 1, 0, 0
166001, 8430415, 1, 0, 0
167000, 8467406, 1, 0, 0
168000, 8525463, 1, 0, 0
169000, 8260006, 1, 0, 0
170000, 8038319, 1, 0, 0
171000, 8513302, 1, 0, 0
172000, 8815732, 1, 0, 0
173000, 8157450, 1, 0, 0
174000, 8713517, 1, 0, 0
175000, 8348981, 1, 0, 0
176000, 8394832, 1, 0, 0
177000, 8676313, 1, 0, 0
178001, 8927990, 1, 0, 0
179000, 8405232, 1, 0, 0
180000, 8384790, 1, 0, 0
180005, 9855410, 1, 0, 0
