1000, 1054721, 1, 0, 0
2000, 1014832, 1, 0, 0
3000, 1004063, 1, 0, 0
4000, 1026644, 1, 0, 0
5000, 1042616, 1, 0, 0
6000, 1012998, 1, 0, 0
7000, 1005563, 1, 0, 0
8000, 1026024, 1, 0, 0
9000, 1012511, 1, 0, 0
10000, 1001276, 1, 0, 0
11000, 1014606, 1, 0, 0
12000, 1061434, 1, 0, 0
13000, 1027699, 1, 0, 0
14000, 1008795, 1, 0, 0
15000, 1005568, 1, 0, 0
16000, 1026542, 1, 0, 0
17000, 1025826, 1, 0, 0
18000, 1039855, 1, 0, 0
19000, 1030937, 1, 0, 0
20000, 1068167, 1, 0, 0
21004, 1052705, 1, 0, 0
22000, 1069131, 1, 0, 0
23000, 1054052, 1, 0, 0
24000, 1011830, 1, 0, 0
25000, 1073834, 1, 0, 0
26000, 1071540, 1, 0, 0
27000, 1065219, 1, 0, 0
28000, 1040644, 1, 0, 0
29013, 1149214, 1, 0, 0
30000, 1032321, 1, 0, 0
31000, 1036237, 1, 0, 0
32000, 1000198, 1, 0, 0
33000, 1059538, 1, 0, 0
34000, 985158, 1, 0, 0
35000, 1072117, 1, 0, 0
36000, 1107991, 1, 0, 0
37000, 1067652, 1, 0, 0
38000, 1010049, 1, 0, 0
39015, 1043940, 1, 0, 0
40000, 1064599, 1, 0, 0
41000, 1104784, 1, 0, 0
42000, 1087957, 1, 0, 0
43000, 1056649, 1, 0, 0
44000, 1061216, 1, 0, 0
45000, 1041290, 1, 0, 0
46000, 1099268, 1, 0, 0
47000, 1093634, 1, 0, 0
48001, 1037355, 1, 0, 0
49000, 1059641, 1, 0, 0
50000, 1022139, 1, 0, 0
51000, 1051072, 1, 0, 0
52000, 1015659, 1, 0, 0
53000, 1008397, 1, 0, 0
54000, 1028629, 1, 0, 0
55000, 1025669, 1, 0, 0
56000, 1046819, 1, 0, 0
57000, 1027838, 1, 0, 0
58000, 1059110, 1, 0, 0
59000, 1007888, 1, 0, 0
60000, 1032430, 1, 0, 0
61000, 1075066, 1, 0, 0
62000, 1075595, 1, 0, 0
63000, 1060294, 1, 0, 0
64000, 1109940, 1, 0, 0
65000, 1076283, 1, 0, 0
66000, 1075130, 1, 0, 0
67000, 1086245, 1, 0, 0
68000, 1066432, 1, 0, 0
69000, 1032720, 1, 0, 0
70002, 1095188, 1, 0, 0
71000, 1059012, 1, 0, 0
72000, 1086476, 1, 0, 0
73000, 1032511, 1, 0, 0
74000, 1118442, 1, 0, 0
75000, 1091628, 1, 0, 0
76000, 1084199, 1, 0, 0
77000, 1114081, 1, 0, 0
78001, 1087156, 1, 0, 0
79001, 1085412, 1, 0, 0
80000, 1068129, 1, 0, 0
81000, 1041209, 1, 0, 0
82000, 1108842, 1, 0, 0
83001, 1043055, 1, 0, 0
84000, 1076896, 1, 0, 0
85000, 1056252, 1, 0, 0
86000, 1041363, 1, 0, 0
87000, 1075466, 1, 0, 0
88002, 1074317, 1, 0, 0
89000, 1073647, 1, 0, 0
90000, 1060020, 1, 0, 0
91000, 1094257, 1, 0, 0
92000, 1084169, 1, 0, 0
93000, 1063499, 1, 0, 0
94000, 1053250, 1, 0, 0
95000, 1050290, 1, 0, 0
96001, 1059057, 1, 0, 0
97001, 1065337, 1, 0, 0
98000, 1006082, 1, 0, 0
99000, 1075407, 1, 0, 0
100000, 1078415, 1, 0, 0
101000, 1177626, 1, 0, 0
102000, 1090556, 1, 0, 0
103000, 1096861, 1, 0, 0
104000, 1116245, 1, 0, 0
105000, 1107172, 1, 0, 0
106000, 1099387, 1, 0, 0
107000, 1109138, 1, 0, 0
108000, 1053850, 1, 0, 0
109000, 1082195, 1, 0, 0
110001, 1072211, 1, 0, 0
111000, 1084603, 1, 0, 0
112000, 1084595, 1, 0, 0
113000, 1045569, 1, 0, 0
114000, 1123184, 1, 0, 0
115000, 1034327, 1, 0, 0
116000, 1131573, 1, 0, 0
117000, 1074990, 1, 0, 0
118000, 1054435, 1, 0, 0
119000, 1073677, 1, 0, 0
120000, 1057311, 1, 0, 0
121000, 1086428, 1, 0, 0
122000, 1089509, 1, 0, 0
123000, 1078229, 1, 0, 0
124000, 1062456, 1, 0, 0
125000, 1080972, 1, 0, 0
126000, 1067370, 1, 0, 0
127000, 1058104, 1, 0, 0
128001, 1073827, 1, 0, 0
129000, 1087406, 1, 0, 0
130000, 1060003, 1, 0, 0
131000, 1035438, 1, 0, 0
132000, 1007496, 1, 0, 0
133000, 1006632, 1, 0, 0
134000, 1039641, 1, 0, 0
135000, 1037000, 1, 0, 0
136000, 1039223, 1, 0, 0
137000, 1042121, 1, 0, 0
138002, 1046053, 1, 0, 0
139000, 1037507, 1, 0, 0
140000, 1073103, 1, 0, 0
141000, 1022827, 1, 0, 0
142000, 1040897, 1, 0, 0
143000, 1084987, 1, 0, 0
144000, 1037405, 1, 0, 0
145000, 1098171, 1, 0, 0
146000, 1070434, 1, 0, 0
147000, 1054441, 1, 0, 0
148000, 1027493, 1, 0, 0
149000, 1039153, 1, 0, 0
150000, 1019947, 1, 0, 0
151000, 1031308, 1, 0, 0
152000, 1022287, 1, 0, 0
153002, 1036737, 1, 0, 0
154000, 1031746, 1, 0, 0
155000, 1059315, 1, 0, 0
156000, 1093482, 1, 0, 0
157000, 1032886, 1, 0, 0
158000, 1032249, 1, 0, 0
159000, 1021156, 1, 0, 0
160000, 1058316, 1, 0, 0
161001, 1072334, 1, 0, 0
162000, 995637, 1, 0, 0
163000, 993057, 1, 0, 0
164000, 1013722, 1, 0, 0
165000, 1029443, 1, 0, 0
166000, 1044847, 1, 0, 0
167000, 1038550, 1, 0, 0
168001, 1047288, 1, 0, 0
169001, 1052180, 1, 0, 0
170000, 1041757, 1, 0, 0
171000, 1075227, 1, 0, 0
172000, 1081044, 1, 0, 0
173000, 1091292, 1, 0, 0
174000, 1040613, 1, 0, 0
175000, 1065491, 1, 0, 0
176000, 1314233, 1, 0, 0
177000, 1091732, 1, 0, 0
178000, 1114465, 1, 0, 0
179000, 1077113, 1, 0, 0
180000, 1052114, 1, 0, 0
