1001, 2042, 0, 0, 0
2032, 2072, 0, 0, 0
3001, 1889, 0, 0, 0
4000, 2171, 0, 0, 0
5018, 1945, 0, 0, 0
6000, 2031, 0, 0, 0
7000, 2312, 0, 0, 0
8025, 2095, 0, 0, 0
9000, 2195, 0, 0, 0
10032, 2201, 0, 0, 0
11000, 2049, 0, 0, 0
12001, 2209, 0, 0, 0
13018, 2167, 0, 0, 0
14028, 2159, 0, 0, 0
15021, 2119, 0, 0, 0
16017, 2252, 0, 0, 0
17000, 2053, 0, 0, 0
18001, 2009, 0, 0, 0
19017, 1966, 0, 0, 0
20001, 2067, 0, 0, 0
21019, 2104, 0, 0, 0
22029, 2048, 0, 0, 0
23017, 2113, 0, 0, 0
24020, 2014, 0, 0, 0
25000, 1949, 0, 0, 0
26000, 2077, 0, 0, 0
27019, 2128, 0, 0, 0
28030, 1869, 0, 0, 0
29011, 2060, 0, 0, 0
30000, 1982, 0, 0, 0
31020, 1978, 0, 0, 0
32017, 2190, 0, 0, 0
33000, 2141, 0, 0, 0
34020, 2356, 0, 0, 0
35030, 2080, 0, 0, 0
36025, 1982, 0, 0, 0
37019, 1894, 0, 0, 0
38029, 1867, 0, 0, 0
39023, 1989, 0, 0, 0
40020, 2098, 0, 0, 0
41030, 2075, 0, 0, 0
42000, 2115, 0, 0, 0
43021, 1959, 0, 0, 0
44017, 2032, 0, 0, 0
45000, 2039, 0, 0, 0
46022, 1952, 0, 0, 0
47017, 2043, 0, 0, 0
48000, 2083, 0, 0, 0
49000, 2080, 0, 0, 0
50017, 2135, 0, 0, 0
51017, 1943, 0, 0, 0
52000, 2043, 0, 0, 0
53019, 1929, 0, 0, 0
54030, 2075, 0, 0, 0
55022, 2212, 0, 0, 0
56019, 2222, 0, 0, 0
57000, 2146, 0, 0, 0
58016, 2051, 0, 0, 0
59000, 2165, 0, 0, 0
60020, 2073, 0, 0, 0
61016, 2173, 0, 0, 0
62001, 2145, 0, 0, 0
63021, 2248, 0, 0, 0
64000, 2145, 0, 0, 0
65001, 2125, 0, 0, 0
66016, 2086, 0, 0, 0
67001, 2087, 0, 0, 0
68019, 2388, 0, 0, 0
69030, 2148, 0, 0, 0
70000, 2256, 0, 0, 0
71019, 2190, 0, 0, 0
72001, 2093, 0, 0, 0
73001, 2233, 0, 0, 0
74029, 2294, 0, 0, 0
75000, 2251, 0, 0, 0
76017, 2242, 0, 0, 0
77028, 2241, 0, 0, 0
78021, 2258, 0, 0, 0
79031, 2220, 0, 0, 0
80018, 2305, 0, 0, 0
81018, 2230, 0, 0, 0
82000, 2034, 0, 0, 0
83019, 2004, 0, 0, 0
84001, 2066, 0, 0, 0
85000, 2053, 0, 0, 0
86029, 1967, 0, 0, 0
87000, 2020, 0, 0, 0
88031, 2000, 0, 0, 0
89000, 2193, 0, 0, 0
90001, 2210, 0, 0, 0
91000, 2220, 0, 0, 0
92024, 2360, 0, 0, 0
93017, 2117, 0, 0, 0
94000, 2136, 0, 0, 0
95021, 2207, 0, 0, 0
96017, 2289, 0, 0, 0
97000, 2383, 0, 0, 0
98017, 2212, 0, 0, 0
99000, 2273, 0, 0, 0
100022, 2091, 0, 0, 0
101019, 2055, 0, 0, 0
102000, 2158, 0, 0, 0
103017, 2160, 0, 0, 0
104027, 2090, 0, 0, 0
105000, 1975, 0, 0, 0
106019, 2136, 0, 0, 0
107000, 2143, 0, 0, 0
108016, 1980, 0, 0, 0
109028, 2104, 0, 0, 0
110022, 2278, 0, 0, 0
111032, 2097, 0, 0, 0
112000, 2232, 0, 0, 0
113020, 2151, 0, 0, 0
114030, 1977, 0, 0, 0
115024, 2011, 0, 0, 0
116018, 1941, 0, 0, 0
117000, 1998, 0, 0, 0
118022, 2010, 0, 0, 0
119017, 2085, 0, 0, 0
120000, 1943, 0, 0, 0
121019, 2072, 0, 0, 0
122018, 2300, 0, 0, 0
123000, 2054, 0, 0, 0
124017, 2214, 0, 0, 0
125001, 2313, 0, 0, 0
126001, 2211, 0, 0, 0
127009, 2143, 0, 0, 0
128030, 2340, 0, 0, 0
129018, 2144, 0, 0, 0
130017, 2165, 0, 0, 0
131000, 2140, 0, 0, 0
132020, 2234, 0, 0, 0
133023, 2197, 0, 0, 0
134001, 2167, 0, 0, 0
135016, 2260, 0, 0, 0
136024, 2217, 0, 0, 0
137017, 2170, 0, 0, 0
138023, 2034, 0, 0, 0
139001, 1991, 0, 0, 0
140020, 2178, 0, 0, 0
141019, 2084, 0, 0, 0
142023, 2011, 0, 0, 0
143017, 2086, 0, 0, 0
144020, 2037, 0, 0, 0
145020, 2127, 0, 0, 0
146018, 1939, 0, 0, 0
147000, 1951, 0, 0, 0
148019, 1949, 0, 0, 0
149001, 1893, 0, 0, 0
150000, 2086, 0, 0, 0
151018, 2202, 0, 0, 0
152000, 2178, 0, 0, 0
153019, 2176, 0, 0, 0
154000, 2164, 0, 0, 0
155019, 2389, 0, 0, 0
156000, 2414, 0, 0, 0
157000, 2055, 0, 0, 0
158001, 2146, 0, 0, 0
159029, 2133, 0, 0, 0
160000, 2001, 0, 0, 0
161018, 1949, 0, 0, 0
162001, 1968, 0, 0, 0
163000, 2020, 0, 0, 0
164030, 1989, 0, 0, 0
165001, 2184, 0, 0, 0
166017, 2064, 0, 0, 0
167021, 2085, 0, 0, 0
168001, 2264, 0, 0, 0
169018, 2329, 0, 0, 0
170030, 2320, 0, 0, 0
171001, 2145, 0, 0, 0
172020, 2046, 0, 0, 0
173000, 1932, 0, 0, 0
174030, 2112, 0, 0, 0
175000, 2204, 0, 0, 0
176018, 2143, 0, 0, 0
177000, 2148, 0, 0, 0
178000, 2201, 0, 0, 0
179016, 2078, 0, 0, 0
180001, 2229, 0, 0, 0
