1001, 1030, 1, 0, 0
2002, 975, 1, 0, 0
3002, 957, 1, 0, 0
4003, 973, 1, 0, 0
5004, 995, 1, 0, 0
6005, 952, 1, 0, 0
7006, 959, 1, 0, 0
8007, 951, 1, 0, 0
9008, 964, 1, 0, 0
10008, 927, 1, 0, 0
11009, 954, 1, 0, 0
12010, 931, 1, 0, 0
13011, 968, 1, 0, 0
14012, 954, 1, 0, 0
15013, 965, 1, 0, 0
16014, 938, 1, 0, 0
17015, 965, 1, 0, 0
18015, 959, 1, 0, 0
19016, 971, 1, 0, 0
20017, 965, 1, 0, 0
21018, 926, 1, 0, 0
22019, 952, 1, 0, 0
23020, 941, 1, 0, 0
24021, 958, 1, 0, 0
25022, 960, 1, 0, 0
26023, 927, 1, 0, 0
27023, 940, 1, 0, 0
28024, 959, 1, 0, 0
29025, 953, 1, 0, 0
30026, 944, 1, 0, 0
31027, 965, 1, 0, 0
32028, 956, 1, 0, 0
33028, 964, 1, 0, 0
34029, 947, 1, 0, 0
35030, 957, 1, 0, 0
36031, 960, 1, 0, 0
37031, 961, 1, 0, 0
38032, 965, 1, 0, 0
39033, 982, 1, 0, 0
40034, 957, 1, 0, 0
41035, 937, 1, 0, 0
42036, 975, 1, 0, 0
43037, 1003, 1, 0, 0
44038, 939, 1, 0, 0
45039, 957, 1, 0, 0
46040, 905, 1, 0, 0
47041, 976, 1, 0, 0
48042, 960, 1, 0, 0
49042, 954, 1, 0, 0
50043, 954, 1, 0, 0
51044, 975, 1, 0, 0
52045, 949, 1, 0, 0
53046, 999, 1, 0, 0
54047, 955, 1, 0, 0
55048, 905, 1, 0, 0
56049, 970, 1, 0, 0
57049, 942, 1, 0, 0
58049, 966, 1, 0, 0
59050, 971, 1, 0, 0
60051, 948, 1, 0, 0
61052, 979, 1, 0, 0
62053, 1001, 1, 0, 0
63054, 950, 1, 0, 0
64054, 982, 1, 0, 0
65055, 942, 1, 0, 0
66055, 947, 1, 0, 0
67056, 969, 1, 0, 0
68057, 978, 1, 0, 0
69058, 951, 1, 0, 0
70059, 963, 1, 0, 0
71059, 981, 1, 0, 0
72060, 962, 1, 0, 0
73060, 963, 1, 0, 0
74061, 974, 1, 0, 0
75062, 924, 1, 0, 0
76063, 973, 1, 0, 0
77064, 951, 1, 0, 0
78065, 949, 1, 0, 0
79066, 939, 1, 0, 0
80067, 950, 1, 0, 0
81068, 946, 1, 0, 0
82068, 959, 1, 0, 0
83069, 958, 1, 0, 0
84070, 962, 1, 0, 0
85071, 944, 1, 0, 0
86071, 954, 1, 0, 0
87072, 967, 1, 0, 0
88073, 987, 1, 0, 0
89074, 965, 1, 0, 0
90075, 936, 1, 0, 0
91075, 975, 1, 0, 0
92076, 941, 1, 0, 0
93077, 966, 1, 0, 0
94078, 943, 1, 0, 0
95079, 940, 1, 0, 0
96080, 951, 1, 0, 0
97081, 971, 1, 0, 0
98082, 946, 1, 0, 0
99082, 962, 1, 0, 0
100083, 952, 1, 0, 0
101084, 941, 1, 0, 0
102085, 949, 1, 0, 0
103086, 989, 1, 0, 0
104087, 1007, 1, 0, 0
105087, 947, 1, 0, 0
106088, 975, 1, 0, 0
107089, 956, 1, 0, 0
108090, 957, 1, 0, 0
109091, 943, 1, 0, 0
110092, 965, 1, 0, 0
111093, 950, 1, 0, 0
112093, 926, 1, 0, 0
113094, 938, 1, 0, 0
114095, 973, 1, 0, 0
115096, 937, 1, 0, 0
116096, 988, 1, 0, 0
117097, 958, 1, 0, 0
118098, 950, 1, 0, 0
119098, 959, 1, 0, 0
120099, 923, 1, 0, 0
121100, 967, 1, 0, 0
122101, 931, 1, 0, 0
123102, 982, 1, 0, 0
124103, 995, 1, 0, 0
125103, 939, 1, 0, 0
126104, 956, 1, 0, 0
127105, 938, 1, 0, 0
128106, 955, 1, 0, 0
129107, 958, 1, 0, 0
130108, 963, 1, 0, 0
131108, 959, 1, 0, 0
132108, 939, 1, 0, 0
133109, 971, 1, 0, 0
134109, 968, 1, 0, 0
135109, 980, 1, 0, 0
136109, 953, 1, 0, 0
137108, 963, 1, 0, 0
138109, 941, 1, 0, 0
139109, 969, 1, 0, 0
140109, 935, 1, 0, 0
141109, 960, 1, 0, 0
142109, 683, 1, 0, 0
143108, 952, 1, 0, 0
144108, 959, 1, 0, 0
145109, 958, 1, 0, 0
146109, 951, 1, 0, 0
147109, 1034, 1, 0, 0
148109, 938, 1, 0, 0
149108, 958, 1, 0, 0
150108, 951, 1, 0, 0
151108, 937, 1, 0, 0
152109, 952, 1, 0, 0
153109, 962, 1, 0, 0
154109, 962, 1, 0, 0
155109, 938, 1, 0, 0
156109, 970, 1, 0, 0
157109, 968, 1, 0, 0
158109, 926, 1, 0, 0
159108, 960, 1, 0, 0
160108, 952, 1, 0, 0
161109, 945, 1, 0, 0
162109, 979, 1, 0, 0
163109, 961, 1, 0, 0
164109, 928, 1, 0, 0
165109, 981, 1, 0, 0
166109, 956, 1, 0, 0
167109, 976, 1, 0, 0
168109, 962, 1, 0, 0
169109, 938, 1, 0, 0
170108, 946, 1, 0, 0
171108, 938, 1, 0, 0
172109, 956, 1, 0, 0
173109, 953, 1, 0, 0
174109, 955, 1, 0, 0
175109, 949, 1, 0, 0
176109, 925, 1, 0, 0
177109, 978, 1, 0, 0
178109, 954, 1, 0, 0
179108, 915, 1, 0, 0
