1001, 2307244, 0, 0, 0
2001, 2235105, 0, 0, 0
3000, 2286268, 0, 0, 0
4000, 2176900, 0, 0, 0
5001, 2191039, 0, 0, 0
6000, 2238210, 0, 0, 0
7000, 2267416, 0, 0, 0
8000, 2266518, 0, 0, 0
9000, 2421500, 0, 0, 0
10001, 2552121, 0, 0, 0
11001, 2296800, 0, 0, 0
12000, 2276162, 0, 0, 0
13001, 2293414, 0, 0, 0
14001, 2287903, 0, 0, 0
15002, 2258354, 0, 0, 0
16002, 2246466, 0, 0, 0
17000, 2251832, 0, 0, 0
18000, 2273433, 0, 0, 0
19001, 2232423, 0, 0, 0
20000, 2395287, 0, 0, 0
21002, 2272257, 0, 0, 0
22000, 2241799, 0, 0, 0
23000, 2240595, 0, 0, 0
24002, 2329620, 0, 0, 0
25001, 2265088, 0, 0, 0
26000, 2360725, 0, 0, 0
27001, 2188565, 0, 0, 0
28001, 2137339, 0, 0, 0
29000, 2239485, 0, 0, 0
30000, 2241501, 0, 0, 0
31001, 2242372, 0, 0, 0
32001, 2250562, 0, 0, 0
33000, 2328286, 0, 0, 0
34002, 2236231, 0, 0, 0
35002, 2226557, 0, 0, 0
36002, 2240641, 0, 0, 0
37001, 2224758, 0, 0, 0
38001, 2207370, 0, 0, 0
39002, 2222161, 0, 0, 0
40002, 2277478, 0, 0, 0
41002, 2216975, 0, 0, 0
42002, 2191939, 0, 0, 0
43002, 2167689, 0, 0, 0
44000, 2217523, 0, 0, 0
45000, 2242139, 0, 0, 0
46002, 2270828, 0, 0, 0
47000, 2213238, 0, 0, 0
48002, 2214338, 0, 0, 0
49001, 2250606, 0, 0, 0
50001, 2200487, 0, 0, 0
51000, 2224827, 0, 0, 0
52000, 2145833, 0, 0, 0
53000, 2265800, 0, 0, 0
54000, 2247527, 0, 0, 0
55000, 2308567, 0, 0, 0
56001, 2294679, 0, 0, 0
57001, 2256216, 0, 0, 0
58000, 2179326, 0, 0, 0
59001, 2224530, 0, 0, 0
60001, 2296981, 0, 0, 0
61000, 2356528, 0, 0, 0
62000, 2169083, 0, 0, 0
63000, 2292540, 0, 0, 0
64000, 2196513, 0, 0, 0
65000, 2217005, 0, 0, 0
66001, 2234023, 0, 0, 0
67000, 2142392, 0, 0, 0
68001, 2213095, 0, 0, 0
69000, 2103471, 0, 0, 0
70002, 2286960, 0, 0, 0
71000, 2288627, 0, 0, 0
72000, 2206316, 0, 0, 0
73001, 2222785, 0, 0, 0
74001, 2319197, 0, 0, 0
75003, 2217234, 0, 0, 0
76001, 2206075, 0, 0, 0
77000, 2245966, 0, 0, 0
78001, 2233419, 0, 0, 0
79001, 2210229, 0, 0, 0
80004, 2306403, 0, 0, 0
81001, 2365858, 0, 0, 0
82000, 2276508, 0, 0, 0
83000, 2181353, 0, 0, 0
84001, 2255260, 0, 0, 0
85000, 2258332, 0, 0, 0
86000, 2363355, 0, 0, 0
87000, 2410498, 0, 0, 0
88001, 2277632, 0, 0, 0
89001, 2266677, 0, 0, 0
90001, 2222694, 0, 0, 0
91001, 2265930, 0, 0, 0
92001, 2256214, 0, 0, 0
93000, 2307523, 0, 0, 0
94001, 2214299, 0, 0, 0
95001, 2307375, 0, 0, 0
96001, 2173626, 0, 0, 0
97000, 2259200, 0, 0, 0
98001, 2210177, 0, 0, 0
99001, 2221316, 0, 0, 0
100002, 2258261, 0, 0, 0
101002, 2212000, 0, 0, 0
102000, 2242431, 0, 0, 0
103000, 2246746, 0, 0, 0
104000, 2255224, 0, 0, 0
105001, 2240549, 0, 0, 0
106001, 2231161, 0, 0, 0
107000, 2218372, 0, 0, 0
108001, 2300118, 0, 0, 0
109001, 2294240, 0, 0, 0
110001, 2255646, 0, 0, 0
111001, 2206506, 0, 0, 0
112000, 2201254, 0, 0, 0
113000, 2157876, 0, 0, 0
114002, 2240378, 0, 0, 0
115000, 2227643, 0, 0, 0
116000, 2291966, 0, 0, 0
117001, 2239996, 0, 0, 0
118001, 2368662, 0, 0, 0
119002, 2393233, 0, 0, 0
120000, 2293884, 0, 0, 0
121001, 2217804, 0, 0, 0
122000, 2259901, 0, 0, 0
123002, 2286852, 0, 0, 0
124001, 2355233, 0, 0, 0
125000, 2226007, 0, 0, 0
126003, 2155165, 0, 0, 0
127000, 2176912, 0, 0, 0
128000, 2231729, 0, 0, 0
129001, 2141755, 0, 0, 0
130001, 2154955, 0, 0, 0
131001, 2173644, 0, 0, 0
132001, 2163141, 0, 0, 0
133001, 2202255, 0, 0, 0
134002, 2198253, 0, 0, 0
135001, 2124982, 0, 0, 0
136001, 2179296, 0, 0, 0
137000, 2327773, 0, 0, 0
138002, 2171210, 0, 0, 0
139001, 2234706, 0, 0, 0
140002, 2223682, 0, 0, 0
141001, 2200812, 0, 0, 0
142003, 2256323, 0, 0, 0
143002, 2263536, 0, 0, 0
144001, 2174762, 0, 0, 0
145001, 2393160, 0, 0, 0
146000, 2227709, 0, 0, 0
147000, 2159607, 0, 0, 0
148001, 2213667, 0, 0, 0
149002, 2321617, 0, 0, 0
150001, 2219906, 0, 0, 0
151000, 2258754, 0, 0, 0
152395, 3444967, 0, 0, 0
153000, 2207023, 0, 0, 0
154003, 2248069, 0, 0, 0
155001, 2198690, 0, 0, 0
156001, 2256292, 0, 0, 0
157000, 2188786, 0, 0, 0
158001, 2338634, 0, 0, 0
159000, 2279591, 0, 0, 0
160000, 2263156, 0, 0, 0
161000, 2244485, 0, 0, 0
162000, 2202514, 0, 0, 0
163000, 2160204, 0, 0, 0
164003, 2173588, 0, 0, 0
165000, 2156996, 0, 0, 0
166003, 2228777, 0, 0, 0
167000, 2245218, 0, 0, 0
168000, 2202386, 0, 0, 0
169001, 2262736, 0, 0, 0
170000, 2254840, 0, 0, 0
171000, 2206463, 0, 0, 0
172001, 2214578, 0, 0, 0
173000, 2263538, 0, 0, 0
174000, 2061353, 0, 0, 0
175001, 2147366, 0, 0, 0
176001, 2342493, 0, 0, 0
177000, 2179452, 0, 0, 0
178001, 2181498, 0, 0, 0
179001, 2182200, 0, 0, 0
180000, 2176608, 0, 0, 0
