1012, 1970753, 1, 0, 0
2000, 2062722, 1, 0, 0
3000, 2050737, 1, 0, 0
4005, 2102842, 1, 0, 0
5004, 2019580, 1, 0, 0
6000, 2063607, 1, 0, 0
7008, 2074252, 1, 0, 0
8003, 2132602, 1, 0, 0
9011, 2071922, 1, 0, 0
10004, 1962451, 1, 0, 0
11000, 2171346, 1, 0, 0
12000, 2081784, 1, 0, 0
13002, 2100900, 1, 0, 0
14000, 2079865, 1, 0, 0
15001, 2036659, 1, 0, 0
16000, 2158144, 1, 0, 0
17000, 2001960, 1, 0, 0
18001, 2090184, 1, 0, 0
19001, 2081179, 1, 0, 0
20012, 2039269, 1, 0, 0
21006, 2057327, 1, 0, 0
22000, 2051180, 1, 0, 0
23003, 2082972, 1, 0, 0
24000, 2078454, 1, 0, 0
25003, 2157496, 1, 0, 0
26005, 2088532, 1, 0, 0
27000, 2048203, 1, 0, 0
28000, 2097804, 1, 0, 0
29009, 2068913, 1, 0, 0
30004, 2078330, 1, 0, 0
31002, 2147196, 1, 0, 0
32008, 2070525, 1, 0, 0
33000, 2063676, 1, 0, 0
34008, 2066883, 1, 0, 0
35002, 2063319, 1, 0, 0
36000, 2067964, 1, 0, 0
37003, 2122743, 1, 0, 0
38006, 2033836, 1, 0, 0
39000, 2112472, 1, 0, 0
40001, 2018591, 1, 0, 0
41005, 2166918, 1, 0, 0
42000, 2081395, 1, 0, 0
43002, 2114719, 1, 0, 0
44005, 2057533, 1, 0, 0
45000, 2057197, 1, 0, 0
46000, 2166313, 1, 0, 0
47000, 2146324, 1, 0, 0
48009, 2056006, 1, 0, 0
49002, 2100436, 1, 0, 0
50013, 2085624, 1, 0, 0
51005, 2263843, 1, 0, 0
52002, 2006844, 1, 0, 0
53000, 2066306, 1, 0, 0
54000, 2106784, 1, 0, 0
55008, 2114634, 1, 0, 0
56006, 2045551, 1, 0, 0
57000, 1957986, 1, 0, 0
58010, 2105783, 1, 0, 0
59005, 2137421, 1, 0, 0
60001, 2070023, 1, 0, 0
61003, 2058988, 1, 0, 0
62006, 2122930, 1, 0, 0
63000, 2028947, 1, 0, 0
64003, 2040741, 1, 0, 0
65001, 2024578, 1, 0, 0
66000, 2118108, 1, 0, 0
67010, 2115279, 1, 0, 0
68000, 2067244, 1, 0, 0
69005, 2135874, 1, 0, 0
70000, 2095641, 1, 0, 0
71001, 2081547, 1, 0, 0
72005, 2103458, 1, 0, 0
73000, 2027268, 1, 0, 0
74007, 2093784, 1, 0, 0
75006, 2074389, 1, 0, 0
76011, 2108185, 1, 0, 0
77004, 2053560, 1, 0, 0
78000, 2021160, 1, 0, 0
79007, 2084940, 1, 0, 0
80000, 2003876, 1, 0, 0
81010, 2124019, 1, 0, 0
82007, 2103542, 1, 0, 0
83000, 2105860, 1, 0, 0
84011, 2125681, 1, 0, 0
85004, 1967556, 1, 0, 0
86000, 1989307, 1, 0, 0
87004, 2096564, 1, 0, 0
88000, 2058673, 1, 0, 0
89000, 2097136, 1, 0, 0
90004, 2027032, 1, 0, 0
91005, 2094349, 1, 0, 0
92001, 2017794, 1, 0, 0
93006, 2162003, 1, 0, 0
94000, 2055151, 1, 0, 0
95004, 2067766, 1, 0, 0
96000, 2020993, 1, 0, 0
97012, 2140751, 1, 0, 0
98007, 2114446, 1, 0, 0
99004, 2103900, 1, 0, 0
100000, 2138764, 1, 0, 0
101000, 2081518, 1, 0, 0
102000, 2057388, 1, 0, 0
103002, 2050395, 1, 0, 0
104000, 2093765, 1, 0, 0
105009, 2134450, 1, 0, 0
106004, 2133478, 1, 0, 0
107000, 2084171, 1, 0, 0
108006, 2111376, 1, 0, 0
109001, 2117215, 1, 0, 0
110013, 2191601, 1, 0, 0
111000, 2008590, 1, 0, 0
112000, 2155436, 1, 0, 0
113004, 2193870, 1, 0, 0
114005, 2082891, 1, 0, 0
115000, 2127672, 1, 0, 0
116003, 2082580, 1, 0, 0
117003, 2137271, 1, 0, 0
118012, 2158808, 1, 0, 0
119001, 2092227, 1, 0, 0
120000, 2091607, 1, 0, 0
121007, 2085961, 1, 0, 0
122004, 2011189, 1, 0, 0
123000, 2058792, 1, 0, 0
124006, 2057846, 1, 0, 0
125002, 2080956, 1, 0, 0
126000, 2161531, 1, 0, 0
127012, 2145000, 1, 0, 0
128000, 2077385, 1, 0, 0
129000, 2148483, 1, 0, 0
130009, 2111280, 1, 0, 0
131002, 2000071, 1, 0, 0
132012, 2049984, 1, 0, 0
133005, 2141388, 1, 0, 0
134000, 2031312, 1, 0, 0
135000, 2120382, 1, 0, 0
136003, 2159116, 1, 0, 0
137011, 2106249, 1, 0, 0
138000, 2105406, 1, 0, 0
139001, 2145464, 1, 0, 0
140000, 2140531, 1, 0, 0
141008, 2105978, 1, 0, 0
142003, 2051409, 1, 0, 0
143000, 1995676, 1, 0, 0
144003, 2163264, 1, 0, 0
145000, 2007110, 1, 0, 0
146001, 2112111, 1, 0, 0
147002, 2057312, 1, 0, 0
148005, 2045116, 1, 0, 0
149001, 2045753, 1, 0, 0
150000, 2136656, 1, 0, 0
151011, 2142197, 1, 0, 0
152000, 2106980, 1, 0, 0
153000, 2111391, 1, 0, 0
154003, 2136471, 1, 0, 0
155008, 2034235, 1, 0, 0
156002, 2046317, 1, 0, 0
157012, 2138051, 1, 0, 0
158006, 1988671, 1, 0, 0
159000, 2042481, 1, 0, 0
160000, 2146669, 1, 0, 0
161004, 2102231, 1, 0, 0
162003, 2066123, 1, 0, 0
163001, 2054351, 1, 0, 0
164001, 2008231, 1, 0, 0
165002, 2123260, 1, 0, 0
166003, 2089310, 1, 0, 0
167000, 2109398, 1, 0, 0
168000, 2046437, 1, 0, 0
169000, 2076630, 1, 0, 0
170002, 2057147, 1, 0, 0
171002, 2134809, 1, 0, 0
172000, 2029264, 1, 0, 0
173019, 2102141, 1, 0, 0
174001, 2410567, 1, 0, 0
175001, 2150541, 1, 0, 0
176006, 2096618, 1, 0, 0
177001, 2117883, 1, 0, 0
178000, 2117147, 1, 0, 0
179008, 2041960, 1, 0, 0
180002, 2058216, 1, 0, 0
