999, 1093, 1, 0, 0
1999, 946, 1, 0, 0
2999, 957, 1, 0, 0
4000, 950, 1, 0, 0
4999, 955, 1, 0, 0
6000, 963, 1, 0, 0
6999, 968, 1, 0, 0
7999, 962, 1, 0, 0
8999, 971, 1, 0, 0
9999, 967, 1, 0, 0
10999, 966, 1, 0, 0
11999, 953, 1, 0, 0
13000, 961, 1, 0, 0
14000, 954, 1, 0, 0
14999, 965, 1, 0, 0
15999, 971, 1, 0, 0
17000, 959, 1, 0, 0
17999, 956, 1, 0, 0
18999, 944, 1, 0, 0
19999, 957, 1, 0, 0
20999, 950, 1, 0, 0
21999, 968, 1, 0, 0
22999, 954, 1, 0, 0
23999, 961, 1, 0, 0
24999, 952, 1, 0, 0
25999, 956, 1, 0, 0
26999, 938, 1, 0, 0
27999, 964, 1, 0, 0
28999, 959, 1, 0, 0
29999, 966, 1, 0, 0
30999, 963, 1, 0, 0
31999, 964, 1, 0, 0
32999, 952, 1, 0, 0
34000, 963, 1, 0, 0
34999, 957, 1, 0, 0
35999, 968, 1, 0, 0
36999, 950, 1, 0, 0
37999, 939, 1, 0, 0
38999, 959, 1, 0, 0
39999, 947, 1, 0, 0
41000, 955, 1, 0, 0
41999, 963, 1, 0, 0
42999, 953, 1, 0, 0
43999, 960, 1, 0, 0
44999, 956, 1, 0, 0
45999, 962, 1, 0, 0
46999, 946, 1, 0, 0
47999, 946, 1, 0, 0
48999, 963, 1, 0, 0
49999, 960, 1, 0, 0
50999, 943, 1, 0, 0
51999, 960, 1, 0, 0
52999, 964, 1, 0, 0
53999, 945, 1, 0, 0
55000, 956, 1, 0, 0
55999, 951, 1, 0, 0
56999, 954, 1, 0, 0
57999, 957, 1, 0, 0
58999, 946, 1, 0, 0
59999, 990, 1, 0, 0
60999, 956, 1, 0, 0
61999, 964, 1, 0, 0
62999, 969, 1, 0, 0
63999, 962, 1, 0, 0
65000, 952, 1, 0, 0
65999, 962, 1, 0, 0
66999, 953, 1, 0, 0
67999, 950, 1, 0, 0
68999, 960, 1, 0, 0
69999, 940, 1, 0, 0
70999, 956, 1, 0, 0
71999, 952, 1, 0, 0
73000, 946, 1, 0, 0
73999, 955, 1, 0, 0
74999, 960, 1, 0, 0
75999, 956, 1, 0, 0
76999, 955, 1, 0, 0
77999, 953, 1, 0, 0
78999, 963, 1, 0, 0
80000, 973, 1, 0, 0
81000, 966, 1, 0, 0
82000, 958, 1, 0, 0
82999, 964, 1, 0, 0
83999, 963, 1, 0, 0
84999, 951, 1, 0, 0
85999, 939, 1, 0, 0
87000, 946, 1, 0, 0
88000, 964, 1, 0, 0
88999, 952, 1, 0, 0
90000, 974, 1, 0, 0
90999, 968, 1, 0, 0
91999, 937, 1, 0, 0
93000, 948, 1, 0, 0
93999, 961, 1, 0, 0
94999, 955, 1, 0, 0
95999, 961, 1, 0, 0
96999, 949, 1, 0, 0
97999, 952, 1, 0, 0
98999, 951, 1, 0, 0
99999, 957, 1, 0, 0
100999, 970, 1, 0, 0
101999, 955, 1, 0, 0
103000, 953, 1, 0, 0
104000, 950, 1, 0, 0
105000, 958, 1, 0, 0
105999, 936, 1, 0, 0
106999, 960, 1, 0, 0
107999, 945, 1, 0, 0
108999, 968, 1, 0, 0
109999, 952, 1, 0, 0
110999, 957, 1, 0, 0
112000, 950, 1, 0, 0
112999, 950, 1, 0, 0
114000, 941, 1, 0, 0
114999, 947, 1, 0, 0
115999, 956, 1, 0, 0
116999, 956, 1, 0, 0
117999, 954, 1, 0, 0
118999, 953, 1, 0, 0
120000, 969, 1, 0, 0
120999, 951, 1, 0, 0
121999, 960, 1, 0, 0
123000, 965, 1, 0, 0
124000, 962, 1, 0, 0
124999, 968, 1, 0, 0
125999, 954, 1, 0, 0
126999, 953, 1, 0, 0
128000, 947, 1, 0, 0
128999, 954, 1, 0, 0
130000, 947, 1, 0, 0
130999, 960, 1, 0, 0
131999, 940, 1, 0, 0
133000, 955, 1, 0, 0
133999, 956, 1, 0, 0
134999, 966, 1, 0, 0
135999, 960, 1, 0, 0
136999, 952, 1, 0, 0
137999, 954, 1, 0, 0
138999, 961, 1, 0, 0
139999, 958, 1, 0, 0
140999, 946, 1, 0, 0
142000, 970, 1, 0, 0
142999, 942, 1, 0, 0
143999, 952, 1, 0, 0
144999, 961, 1, 0, 0
146000, 961, 1, 0, 0
146999, 959, 1, 0, 0
147999, 958, 1, 0, 0
148999, 950, 1, 0, 0
150000, 957, 1, 0, 0
151000, 948, 1, 0, 0
152000, 949, 1, 0, 0
152999, 940, 1, 0, 0
153999, 960, 1, 0, 0
154999, 962, 1, 0, 0
155999, 951, 1, 0, 0
156999, 942, 1, 0, 0
158000, 953, 1, 0, 0
158999, 955, 1, 0, 0
159999, 955, 1, 0, 0
161000, 941, 1, 0, 0
161999, 955, 1, 0, 0
163000, 958, 1, 0, 0
163999, 960, 1, 0, 0
164999, 948, 1, 0, 0
165999, 948, 1, 0, 0
166999, 955, 1, 0, 0
168000, 965, 1, 0, 0
168999, 955, 1, 0, 0
169999, 971, 1, 0, 0
171000, 958, 1, 0, 0
171999, 956, 1, 0, 0
172999, 953, 1, 0, 0
173999, 982, 1, 0, 0
175000, 946, 1, 0, 0
175999, 950, 1, 0, 0
177000, 943, 1, 0, 0
177999, 954, 1, 0, 0
178999, 959, 1, 0, 0
179999, 915, 1, 0, 0
