999, 2158, 0, 0, 0
1999, 1841, 0, 0, 0
2999, 1952, 0, 0, 0
4000, 1928, 0, 0, 0
5001, 1908, 0, 0, 0
6000, 1893, 0, 0, 0
7000, 1921, 0, 0, 0
8000, 1904, 0, 0, 0
9001, 1900, 0, 0, 0
10000, 1877, 0, 0, 0
11001, 1976, 0, 0, 0
12001, 1932, 0, 0, 0
13001, 1889, 0, 0, 0
14000, 1897, 0, 0, 0
15001, 1936, 0, 0, 0
16000, 1913, 0, 0, 0
17001, 1924, 0, 0, 0
18000, 1877, 0, 0, 0
19001, 1924, 0, 0, 0
20000, 1941, 0, 0, 0
21001, 1848, 0, 0, 0
22000, 1953, 0, 0, 0
23001, 1912, 0, 0, 0
24000, 1865, 0, 0, 0
25001, 1936, 0, 0, 0
26000, 1929, 0, 0, 0
27001, 1880, 0, 0, 0
28000, 1913, 0, 0, 0
29000, 1933, 0, 0, 0
30001, 1888, 0, 0, 0
31000, 1925, 0, 0, 0
32000, 1944, 0, 0, 0
33000, 1865, 0, 0, 0
34001, 1936, 0, 0, 0
35000, 1913, 0, 0, 0
36001, 1908, 0, 0, 0
37000, 1897, 0, 0, 0
38001, 1860, 0, 0, 0
39000, 1961, 0, 0, 0
40001, 1952, 0, 0, 0
41000, 1893, 0, 0, 0
42000, 1892, 0, 0, 0
43001, 1948, 0, 0, 0
44000, 1929, 0, 0, 0
45000, 1853, 0, 0, 0
46000, 1980, 0, 0, 0
47000, 1917, 0, 0, 0
48000, 1852, 0, 0, 0
49001, 1956, 0, 0, 0
50001, 1916, 0, 0, 0
51001, 1905, 0, 0, 0
52001, 1924, 0, 0, 0
53001, 1865, 0, 0, 0
54000, 1945, 0, 0, 0
55001, 1936, 0, 0, 0
56001, 1884, 0, 0, 0
57000, 1901, 0, 0, 0
58000, 1956, 0, 0, 0
59001, 1908, 0, 0, 0
60000, 1869, 0, 0, 0
61001, 1916, 0, 0, 0
62000, 1929, 0, 0, 0
63001, 1908, 0, 0, 0
64001, 1928, 0, 0, 0
65000, 1913, 0, 0, 0
66001, 1920, 0, 0, 0
67000, 1909, 0, 0, 0
68000, 1865, 0, 0, 0
69000, 1916, 0, 0, 0
70000, 1841, 0, 0, 0
71001, 1924, 0, 0, 0
72001, 1924, 0, 0, 0
73001, 1949, 0, 0, 0
74000, 1901, 0, 0, 0
75001, 1932, 0, 0, 0
76001, 1929, 0, 0, 0
77000, 1909, 0, 0, 0
78001, 1904, 0, 0, 0
79000, 1917, 0, 0, 0
80000, 1917, 0, 0, 0
81001, 1912, 0, 0, 0
82000, 1865, 0, 0, 0
83000, 1933, 0, 0, 0
84001, 1912, 0, 0, 0
85001, 1896, 0, 0, 0
86000, 1941, 0, 0, 0
87001, 1896, 0, 0, 0
88000, 1909, 0, 0, 0
89001, 1924, 0, 0, 0
90000, 1913, 0, 0, 0
91001, 1896, 0, 0, 0
92001, 1941, 0, 0, 0
93001, 1876, 0, 0, 0
94000, 1893, 0, 0, 0
95001, 1936, 0, 0, 0
96000, 1897, 0, 0, 0
97001, 1952, 0, 0, 0
98000, 1913, 0, 0, 0
99001, 1892, 0, 0, 0
100001, 1936, 0, 0, 0
101000, 1925, 0, 0, 0
102001, 1876, 0, 0, 0
103000, 1913, 0, 0, 0
104001, 1932, 0, 0, 0
105000, 1901, 0, 0, 0
106001, 1912, 0, 0, 0
107000, 1933, 0, 0, 0
108001, 1892, 0, 0, 0
109000, 1925, 0, 0, 0
110001, 1912, 0, 0, 0
111001, 1941, 0, 0, 0
112001, 1880, 0, 0, 0
113001, 1933, 0, 0, 0
114000, 1913, 0, 0, 0
115000, 1908, 0, 0, 0
116001, 1908, 0, 0, 0
117000, 1937, 0, 0, 0
118000, 1913, 0, 0, 0
119001, 1884, 0, 0, 0
120001, 1956, 0, 0, 0
121000, 1901, 0, 0, 0
122001, 1916, 0, 0, 0
123001, 1912, 0, 0, 0
124000, 1929, 0, 0, 0
125000, 1905, 0, 0, 0
126000, 1884, 0, 0, 0
127001, 1908, 0, 0, 0
128001, 1924, 0, 0, 0
129001, 1901, 0, 0, 0
130000, 1905, 0, 0, 0
131001, 1928, 0, 0, 0
132000, 1841, 0, 0, 0
133001, 1944, 0, 0, 0
134000, 1945, 0, 0, 0
135001, 1908, 0, 0, 0
136000, 1873, 0, 0, 0
137000, 1968, 0, 0, 0
138001, 1896, 0, 0, 0
139000, 1889, 0, 0, 0
140000, 1937, 0, 0, 0
141001, 1924, 0, 0, 0
142000, 1905, 0, 0, 0
143001, 1928, 0, 0, 0
144001, 1884, 0, 0, 0
145000, 1909, 0, 0, 0
146001, 1940, 0, 0, 0
147000, 1853, 0, 0, 0
148001, 1952, 0, 0, 0
149001, 1924, 0, 0, 0
150000, 1917, 0, 0, 0
151000, 1853, 0, 0, 0
152001, 1960, 0, 0, 0
153000, 1933, 0, 0, 0
154001, 1888, 0, 0, 0
155001, 1932, 0, 0, 0
156000, 1873, 0, 0, 0
157001, 1944, 0, 0, 0
158000, 1901, 0, 0, 0
159000, 1924, 0, 0, 0
160001, 1904, 0, 0, 0
161000, 1929, 0, 0, 0
162001, 1932, 0, 0, 0
163000, 1913, 0, 0, 0
164001, 1868, 0, 0, 0
165001, 1949, 0, 0, 0
166001, 1920, 0, 0, 0
167000, 1857, 0, 0, 0
168001, 1936, 0, 0, 0
169001, 1936, 0, 0, 0
170001, 1901, 0, 0, 0
171001, 1904, 0, 0, 0
172000, 1909, 0, 0, 0
173001, 1916, 0, 0, 0
174000, 1933, 0, 0, 0
175000, 1885, 0, 0, 0
176000, 1944, 0, 0, 0
177001, 1900, 0, 0, 0
178001, 1917, 0, 0, 0
179000, 1913, 0, 0, 0
180001, 1904, 0, 0, 0
