1000, 7388, 0, 0, 0
2000, 7332, 0, 0, 0
3000, 7465, 0, 0, 0
4000, 7491, 0, 0, 0
5000, 7482, 0, 0, 0
6000, 7346, 0, 0, 0
7000, 7131, 0, 0, 0
8000, 7424, 0, 0, 0
9000, 7330, 0, 0, 0
10000, 7489, 0, 0, 0
11000, 7455, 0, 0, 0
12000, 7384, 0, 0, 0
13000, 7502, 0, 0, 0
14000, 7551, 0, 0, 0
15000, 7304, 0, 0, 0
16000, 6631, 0, 0, 0
17000, 7153, 0, 0, 0
18001, 7419, 0, 0, 0
19000, 7438, 0, 0, 0
20000, 7400, 0, 0, 0
21000, 7452, 0, 0, 0
22000, 7237, 0, 0, 0
23001, 7226, 0, 0, 0
24000, 7452, 0, 0, 0
25000, 7440, 0, 0, 0
26000, 7436, 0, 0, 0
27000, 7420, 0, 0, 0
28000, 7505, 0, 0, 0
29000, 7238, 0, 0, 0
30000, 7414, 0, 0, 0
31000, 7387, 0, 0, 0
32000, 7441, 0, 0, 0
33000, 7541, 0, 0, 0
34000, 7421, 0, 0, 0
35000, 7587, 0, 0, 0
36000, 7464, 0, 0, 0
37000, 7534, 0, 0, 0
38000, 7527, 0, 0, 0
39000, 7501, 0, 0, 0
40000, 7479, 0, 0, 0
41000, 7553, 0, 0, 0
42000, 7280, 0, 0, 0
43000, 7501, 0, 0, 0
44000, 7470, 0, 0, 0
45000, 7170, 0, 0, 0
46000, 7512, 0, 0, 0
47000, 7211, 0, 0, 0
48000, 7362, 0, 0, 0
49001, 7552, 0, 0, 0
50000, 7475, 0, 0, 0
51000, 7458, 0, 0, 0
52000, 7583, 0, 0, 0
53000, 7627, 0, 0, 0
54000, 7549, 0, 0, 0
55000, 7587, 0, 0, 0
56000, 7542, 0, 0, 0
57000, 7524, 0, 0, 0
58000, 7490, 0, 0, 0
59000, 7615, 0, 0, 0
60000, 7645, 0, 0, 0
61000, 7709, 0, 0, 0
62000, 7669, 0, 0, 0
63000, 7574, 0, 0, 0
64000, 7453, 0, 0, 0
65000, 7502, 0, 0, 0
66000, 7692, 0, 0, 0
67000, 7522, 0, 0, 0
68000, 7635, 0, 0, 0
69000, 7496, 0, 0, 0
70000, 7483, 0, 0, 0
71000, 7580, 0, 0, 0
72000, 7615, 0, 0, 0
73000, 7489, 0, 0, 0
74000, 7585, 0, 0, 0
75000, 7303, 0, 0, 0
76000, 7580, 0, 0, 0
77000, 7386, 0, 0, 0
78000, 7504, 0, 0, 0
79000, 7645, 0, 0, 0
80000, 7499, 0, 0, 0
81000, 7663, 0, 0, 0
82000, 7641, 0, 0, 0
83000, 7593, 0, 0, 0
84000, 7389, 0, 0, 0
85000, 7442, 0, 0, 0
86000, 7446, 0, 0, 0
87000, 7436, 0, 0, 0
88000, 7504, 0, 0, 0
89000, 7365, 0, 0, 0
90000, 7554, 0, 0, 0
91000, 7587, 0, 0, 0
92000, 7684, 0, 0, 0
93000, 7601, 0, 0, 0
94000, 7630, 0, 0, 0
95000, 7466, 0, 0, 0
96000, 7497, 0, 0, 0
97000, 7523, 0, 0, 0
98000, 7662, 0, 0, 0
99000, 7656, 0, 0, 0
100000, 7672, 0, 0, 0
101000, 7695, 0, 0, 0
102000, 7710, 0, 0, 0
103000, 7760, 0, 0, 0
104000, 7748, 0, 0, 0
105000, 6933, 0, 0, 0
106000, 7561, 0, 0, 0
107000, 7327, 0, 0, 0
108000, 7495, 0, 0, 0
109000, 7504, 0, 0, 0
110000, 7491, 0, 0, 0
111000, 7634, 0, 0, 0
112000, 7699, 0, 0, 0
113000, 7444, 0, 0, 0
114001, 7644, 0, 0, 0
115000, 7521, 0, 0, 0
116000, 7659, 0, 0, 0
117000, 7676, 0, 0, 0
118000, 7609, 0, 0, 0
119000, 7571, 0, 0, 0
120001, 7604, 0, 0, 0
121000, 7604, 0, 0, 0
122000, 7750, 0, 0, 0
123000, 7738, 0, 0, 0
124000, 7611, 0, 0, 0
125000, 7627, 0, 0, 0
126000, 7487, 0, 0, 0
127000, 7523, 0, 0, 0
128001, 7492, 0, 0, 0
129000, 7554, 0, 0, 0
130000, 7594, 0, 0, 0
131000, 7544, 0, 0, 0
132000, 7581, 0, 0, 0
133000, 7541, 0, 0, 0
134000, 7300, 0, 0, 0
135000, 7588, 0, 0, 0
136000, 7626, 0, 0, 0
137000, 7336, 0, 0, 0
138000, 7576, 0, 0, 0
139000, 7633, 0, 0, 0
140000, 7496, 0, 0, 0
141000, 7609, 0, 0, 0
142000, 7752, 0, 0, 0
143000, 7659, 0, 0, 0
144001, 7681, 0, 0, 0
145000, 7727, 0, 0, 0
146000, 7575, 0, 0, 0
147000, 7467, 0, 0, 0
148000, 7600, 0, 0, 0
149000, 7590, 0, 0, 0
150000, 7705, 0, 0, 0
151000, 7672, 0, 0, 0
152000, 7580, 0, 0, 0
153000, 7455, 0, 0, 0
154000, 7702, 0, 0, 0
155001, 7597, 0, 0, 0
156000, 7641, 0, 0, 0
157000, 7624, 0, 0, 0
158000, 7579, 0, 0, 0
159000, 7558, 0, 0, 0
160000, 7662, 0, 0, 0
161000, 7761, 0, 0, 0
162000, 7523, 0, 0, 0
163000, 7522, 0, 0, 0
164000, 7648, 0, 0, 0
165000, 7788, 0, 0, 0
166001, 7622, 0, 0, 0
167000, 7069, 0, 0, 0
168000, 7575, 0, 0, 0
169000, 7527, 0, 0, 0
170000, 7651, 0, 0, 0
171000, 7664, 0, 0, 0
172000, 7790, 0, 0, 0
173000, 7645, 0, 0, 0
174000, 7640, 0, 0, 0
175000, 7650, 0, 0, 0
176000, 7650, 0, 0, 0
177000, 7758, 0, 0, 0
178000, 7839, 0, 0, 0
179000, 7712, 0, 0, 0
180000, 7735, 0, 0, 0
