1000, 915, 0, 0, 0
1999, 894, 0, 0, 0
3000, 929, 0, 0, 0
4000, 905, 0, 0, 0
5000, 912, 0, 0, 0
6000, 926, 0, 0, 0
7000, 910, 0, 0, 0
8000, 908, 0, 0, 0
9000, 941, 0, 0, 0
10000, 913, 0, 0, 0
11000, 881, 0, 0, 0
12000, 914, 0, 0, 0
13000, 881, 0, 0, 0
14000, 899, 0, 0, 0
15000, 924, 0, 0, 0
16000, 905, 0, 0, 0
17000, 897, 0, 0, 0
18000, 929, 0, 0, 0
19000, 878, 0, 0, 0
20000, 908, 0, 0, 0
21000, 931, 0, 0, 0
22000, 915, 0, 0, 0
23000, 903, 0, 0, 0
24000, 889, 0, 0, 0
25000, 910, 0, 0, 0
26000, 938, 0, 0, 0
27000, 803, 0, 0, 0
28000, 840, 0, 0, 0
29000, 907, 0, 0, 0
30000, 912, 0, 0, 0
31000, 925, 0, 0, 0
32000, 929, 0, 0, 0
33000, 900, 0, 0, 0
34000, 865, 0, 0, 0
35000, 891, 0, 0, 0
36000, 900, 0, 0, 0
37000, 895, 0, 0, 0
38000, 894, 0, 0, 0
39000, 906, 0, 0, 0
40000, 905, 0, 0, 0
41000, 900, 0, 0, 0
42000, 901, 0, 0, 0
43000, 884, 0, 0, 0
44000, 911, 0, 0, 0
45000, 903, 0, 0, 0
46000, 917, 0, 0, 0
47000, 906, 0, 0, 0
48000, 895, 0, 0, 0
49000, 872, 0, 0, 0
50000, 893, 0, 0, 0
51000, 908, 0, 0, 0
52000, 888, 0, 0, 0
53000, 902, 0, 0, 0
54000, 908, 0, 0, 0
55000, 917, 0, 0, 0
56000, 914, 0, 0, 0
57000, 910, 0, 0, 0
58000, 896, 0, 0, 0
59000, 929, 0, 0, 0
60000, 902, 0, 0, 0
61000, 902, 0, 0, 0
62000, 932, 0, 0, 0
63000, 941, 0, 0, 0
64000, 914, 0, 0, 0
65000, 900, 0, 0, 0
66000, 939, 0, 0, 0
67000, 909, 0, 0, 0
68000, 918, 0, 0, 0
69000, 900, 0, 0, 0
70000, 933, 0, 0, 0
71000, 923, 0, 0, 0
72000, 913, 0, 0, 0
73000, 920, 0, 0, 0
74000, 926, 0, 0, 0
75000, 862, 0, 0, 0
76000, 887, 0, 0, 0
77000, 884, 0, 0, 0
78000, 903, 0, 0, 0
78999, 927, 0, 0, 0
80000, 921, 0, 0, 0
81000, 923, 0, 0, 0
82000, 924, 0, 0, 0
83000, 927, 0, 0, 0
84000, 881, 0, 0, 0
85000, 904, 0, 0, 0
86000, 901, 0, 0, 0
87000, 883, 0, 0, 0
88000, 875, 0, 0, 0
89000, 890, 0, 0, 0
90000, 897, 0, 0, 0
91000, 887, 0, 0, 0
92000, 921, 0, 0, 0
93000, 928, 0, 0, 0
94000, 904, 0, 0, 0
95000, 897, 0, 0, 0
96000, 925, 0, 0, 0
97000, 909, 0, 0, 0
98000, 886, 0, 0, 0
99000, 894, 0, 0, 0
100000, 921, 0, 0, 0
101000, 909, 0, 0, 0
102000, 899, 0, 0, 0
103000, 887, 0, 0, 0
104000, 928, 0, 0, 0
105000, 899, 0, 0, 0
106000, 893, 0, 0, 0
107000, 877, 0, 0, 0
108000, 917, 0, 0, 0
109000, 919, 0, 0, 0
110000, 903, 0, 0, 0
111000, 901, 0, 0, 0
112000, 896, 0, 0, 0
113000, 937, 0, 0, 0
114000, 898, 0, 0, 0
115000, 922, 0, 0, 0
116000, 893, 0, 0, 0
117000, 920, 0, 0, 0
118000, 896, 0, 0, 0
119000, 901, 0, 0, 0
120000, 882, 0, 0, 0
121000, 820, 0, 0, 0
122000, 906, 0, 0, 0
123000, 880, 0, 0, 0
124000, 923, 0, 0, 0
125000, 907, 0, 0, 0
126000, 907, 0, 0, 0
127000, 886, 0, 0, 0
128000, 906, 0, 0, 0
129000, 922, 0, 0, 0
130000, 897, 0, 0, 0
131000, 906, 0, 0, 0
132000, 917, 0, 0, 0
133000, 911, 0, 0, 0
134000, 895, 0, 0, 0
135000, 918, 0, 0, 0
136000, 900, 0, 0, 0
137000, 898, 0, 0, 0
138000, 902, 0, 0, 0
139000, 889, 0, 0, 0
140000, 868, 0, 0, 0
141000, 910, 0, 0, 0
142000, 915, 0, 0, 0
143000, 893, 0, 0, 0
144000, 839, 0, 0, 0
145000, 886, 0, 0, 0
146000, 877, 0, 0, 0
147000, 875, 0, 0, 0
148000, 860, 0, 0, 0
149000, 870, 0, 0, 0
150000, 883, 0, 0, 0
151000, 870, 0, 0, 0
152000, 874, 0, 0, 0
153000, 893, 0, 0, 0
154000, 876, 0, 0, 0
155000, 890, 0, 0, 0
156000, 885, 0, 0, 0
157000, 889, 0, 0, 0
158000, 879, 0, 0, 0
159000, 893, 0, 0, 0
160000, 894, 0, 0, 0
161000, 867, 0, 0, 0
162000, 863, 0, 0, 0
163000, 892, 0, 0, 0
164000, 886, 0, 0, 0
165000, 894, 0, 0, 0
166000, 915, 0, 0, 0
167000, 871, 0, 0, 0
168000, 863, 0, 0, 0
169000, 888, 0, 0, 0
170000, 895, 0, 0, 0
171000, 903, 0, 0, 0
172000, 885, 0, 0, 0
173000, 872, 0, 0, 0
174000, 831, 0, 0, 0
175000, 834, 0, 0, 0
176000, 860, 0, 0, 0
177000, 923, 0, 0, 0
177999, 909, 0, 0, 0
179000, 903, 0, 0, 0
179999, 918, 0, 0, 0
