1009, 421677, 0, 0, 0
2007, 259682, 0, 0, 0
3000, 2385, 0, 0, 0
4010, 2463, 0, 0, 0
5006, 2449, 0, 0, 0
6000, 2580, 0, 0, 0
7011, 2525, 0, 0, 0
8005, 2510, 0, 0, 0
9001, 10882, 0, 0, 0
10000, 30617, 0, 0, 0
11006, 281728, 0, 0, 0
12004, 39018, 0, 0, 0
13001, 116597, 0, 0, 0
14000, 133906, 0, 0, 0
15007, 109732, 0, 0, 0
16000, 46975, 0, 0, 0
17008, 281365, 0, 0, 0
18001, 101537, 0, 0, 0
19009, 189954, 0, 0, 0
20007, 107203, 0, 0, 0
21003, 102017, 0, 0, 0
22000, 351723, 0, 0, 0
23005, 25110, 0, 0, 0
24000, 230783, 0, 0, 0
25010, 15698, 0, 0, 0
26000, 55755, 0, 0, 0
27000, 217013, 0, 0, 0
28006, 86716, 0, 0, 0
29000, 138271, 0, 0, 0
30000, 541278, 0, 0, 0
31004, 175902, 0, 0, 0
32000, 24825, 0, 0, 0
33010, 81188, 0, 0, 0
34006, 9687, 0, 0, 0
35002, 19059, 0, 0, 0
36000, 85496, 0, 0, 0
37006, 16111, 0, 0, 0
38001, 260463, 0, 0, 0
39008, 10095, 0, 0, 0
40002, 7089, 0, 0, 0
41001, 2594, 0, 0, 0
42000, 2508, 0, 0, 0
43003, 2572, 0, 0, 0
44000, 2579, 0, 0, 0
45005, 2659, 0, 0, 0
46002, 2596, 0, 0, 0
47000, 2570, 0, 0, 0
48000, 2602, 0, 0, 0
49000, 6648, 0, 0, 0
50001, 135386, 0, 0, 0
51005, 239194, 0, 0, 0
52005, 211089, 0, 0, 0
53000, 2432, 0, 0, 0
54006, 77849, 0, 0, 0
55000, 94010, 0, 0, 0
56000, 9059, 0, 0, 0
57002, 2547, 0, 0, 0
58000, 2527, 0, 0, 0
59009, 2526, 0, 0, 0
60004, 2598, 0, 0, 0
61001, 2641, 0, 0, 0
62007, 2556, 0, 0, 0
63000, 2549, 0, 0, 0
64001, 2831, 0, 0, 0
65002, 2678, 0, 0, 0
66000, 10272, 0, 0, 0
67000, 13217, 0, 0, 0
68003, 237125, 0, 0, 0
69001, 125964, 0, 0, 0
70006, 11701, 0, 0, 0
71001, 140734, 0, 0, 0
72000, 39638, 0, 0, 0
73009, 97837, 0, 0, 0
74002, 490508, 0, 0, 0
75000, 313934, 0, 0, 0
76004, 1076654, 0, 0, 0
77000, 483033, 0, 0, 0
78011, 1954783, 0, 0, 0
79005, 1572421, 0, 0, 0
80001, 1509854, 0, 0, 0
81006, 1426592, 0, 0, 0
82000, 1637751, 0, 0, 0
83000, 1869928, 0, 0, 0
84006, 1533024, 0, 0, 0
85003, 1138037, 0, 0, 0
86006, 655059, 0, 0, 0
87007, 631997, 0, 0, 0
88005, 472882, 0, 0, 0
89000, 317728, 0, 0, 0
90007, 281996, 0, 0, 0
91002, 65215, 0, 0, 0
92001, 682681, 0, 0, 0
93007, 554388, 0, 0, 0
94005, 285191, 0, 0, 0
95001, 218269, 0, 0, 0
96003, 310841, 0, 0, 0
97000, 128953, 0, 0, 0
98002, 141382, 0, 0, 0
99003, 137562, 0, 0, 0
100000, 146694, 0, 0, 0
101007, 478443, 0, 0, 0
102005, 522921, 0, 0, 0
103000, 191463, 0, 0, 0
104003, 523053, 0, 0, 0
105000, 8882, 0, 0, 0
106000, 2589, 0, 0, 0
107005, 2541, 0, 0, 0
108000, 83546, 0, 0, 0
109009, 20960, 0, 0, 0
110001, 116808, 0, 0, 0
111009, 94829, 0, 0, 0
112002, 108766, 0, 0, 0
113000, 6000, 0, 0, 0
114005, 204949, 0, 0, 0
115000, 18384, 0, 0, 0
116010, 34873, 0, 0, 0
117004, 132958, 0, 0, 0
118002, 2506, 0, 0, 0
119000, 4554, 0, 0, 0
120004, 190653, 0, 0, 0
121000, 117123, 0, 0, 0
122007, 21864, 0, 0, 0
123000, 134306, 0, 0, 0
124011, 188428, 0, 0, 0
125001, 38850, 0, 0, 0
126009, 34446, 0, 0, 0
127000, 81448, 0, 0, 0
128000, 496568, 0, 0, 0
129005, 284598, 0, 0, 0
130000, 47966, 0, 0, 0
131000, 130866, 0, 0, 0
132000, 92468, 0, 0, 0
133000, 231642, 0, 0, 0
134002, 111426, 0, 0, 0
135006, 367724, 0, 0, 0
136002, 917913, 0, 0, 0
137000, 1519326, 0, 0, 0
138000, 1239901, 0, 0, 0
139002, 1250629, 0, 0, 0
140000, 921608, 0, 0, 0
141005, 843056, 0, 0, 0
142000, 1646127, 0, 0, 0
143000, 1587137, 0, 0, 0
144005, 920832, 0, 0, 0
145000, 698359, 0, 0, 0
146000, 435711, 0, 0, 0
147009, 1236795, 0, 0, 0
148002, 1834906, 0, 0, 0
149002, 1320628, 0, 0, 0
150000, 2061152, 0, 0, 0
151000, 1103908, 0, 0, 0
152001, 2232845, 0, 0, 0
153002, 1912651, 0, 0, 0
154009, 2338992, 0, 0, 0
155001, 1529306, 0, 0, 0
156010, 1002217, 0, 0, 0
157002, 343471, 0, 0, 0
158001, 169281, 0, 0, 0
159004, 129969, 0, 0, 0
160000, 16663, 0, 0, 0
161000, 1171670, 0, 0, 0
162000, 2029846, 0, 0, 0
163001, 2079685, 0, 0, 0
164010, 1185147, 0, 0, 0
165001, 1660601, 0, 0, 0
166000, 1412497, 0, 0, 0
167010, 1755358, 0, 0, 0
168007, 2175523, 0, 0, 0
169000, 1965691, 0, 0, 0
170011, 2314307, 0, 0, 0
171001, 1723247, 0, 0, 0
172001, 2232319, 0, 0, 0
173001, 2122172, 0, 0, 0
174007, 2080271, 0, 0, 0
175002, 2171281, 0, 0, 0
176000, 2533745, 0, 0, 0
177007, 2516818, 0, 0, 0
178000, 1353584, 0, 0, 0
179008, 259595, 0, 0, 0
180103, 2134062, 0, 0, 0
