1003, 14645232, 0, 0, 0
2000, 17102233, 0, 0, 0
3008, 16178920, 0, 0, 0
4000, 17098209, 0, 0, 0
5000, 16874059, 0, 0, 0
6000, 16375560, 0, 0, 0
7000, 17041172, 0, 0, 0
8000, 16905337, 0, 0, 0
9003, 16628752, 0, 0, 0
10000, 17083394, 0, 0, 0
11000, 16664515, 0, 0, 0
12005, 16360452, 0, 0, 0
13000, 17099988, 0, 0, 0
14006, 16240620, 0, 0, 0
15000, 17079622, 0, 0, 0
16000, 16550384, 0, 0, 0
17000, 16820126, 0, 0, 0
18001, 16517875, 0, 0, 0
19000, 16715564, 0, 0, 0
20001, 16398023, 0, 0, 0
21002, 16987602, 0, 0, 0
22008, 16576297, 0, 0, 0
23002, 17046938, 0, 0, 0
24000, 16857745, 0, 0, 0
25000, 16674303, 0, 0, 0
26000, 16952338, 0, 0, 0
27006, 16404963, 0, 0, 0
28002, 16937341, 0, 0, 0
29000, 16877292, 0, 0, 0
30000, 16700216, 0, 0, 0
31006, 16420235, 0, 0, 0
32001, 16988063, 0, 0, 0
33001, 16927906, 0, 0, 0
34006, 16364266, 0, 0, 0
35001, 16958363, 0, 0, 0
36000, 16833295, 0, 0, 0
37004, 16714707, 0, 0, 0
38000, 16965287, 0, 0, 0
39006, 16376297, 0, 0, 0
40001, 16890582, 0, 0, 0
41000, 16984406, 0, 0, 0
42006, 16379699, 0, 0, 0
43002, 16832997, 0, 0, 0
44000, 16904653, 0, 0, 0
45008, 16396592, 0, 0, 0
46002, 16944977, 0, 0, 0
47000, 16885415, 0, 0, 0
48000, 16577712, 0, 0, 0
49000, 16500550, 0, 0, 0
50008, 16516365, 0, 0, 0
51002, 16737290, 0, 0, 0
52000, 17106314, 0, 0, 0
53001, 16488418, 0, 0, 0
54000, 16838255, 0, 0, 0
55039, 16263162, 0, 0, 0
56000, 17002721, 0, 0, 0
57001, 16352466, 0, 0, 0
58004, 16877762, 0, 0, 0
59000, 16601753, 0, 0, 0
60000, 16949042, 0, 0, 0
61000, 16789727, 0, 0, 0
62000, 16737420, 0, 0, 0
63000, 16700720, 0, 0, 0
64005, 16642740, 0, 0, 0
65000, 16668647, 0, 0, 0
66000, 16951678, 0, 0, 0
67006, 16250801, 0, 0, 0
68000, 16927842, 0, 0, 0
69000, 16580542, 0, 0, 0
70000, 16735521, 0, 0, 0
71000, 16788041, 0, 0, 0
72000, 16834463, 0, 0, 0
73000, 16810778, 0, 0, 0
74000, 16550255, 0, 0, 0
75000, 16593827, 0, 0, 0
76000, 16892773, 0, 0, 0
77000, 16734998, 0, 0, 0
78000, 16750556, 0, 0, 0
79005, 16743490, 0, 0, 0
80000, 16614542, 0, 0, 0
81000, 16881120, 0, 0, 0
82003, 16402454, 0, 0, 0
83001, 17127768, 0, 0, 0
84000, 16944614, 0, 0, 0
85000, 16164293, 0, 0, 0
86001, 17005565, 0, 0, 0
87000, 16927218, 0, 0, 0
88000, 16821102, 0, 0, 0
89000, 16923985, 0, 0, 0
90000, 16662103, 0, 0, 0
91006, 16731000, 0, 0, 0
92000, 16546067, 0, 0, 0
93000, 16987649, 0, 0, 0
94000, 16584934, 0, 0, 0
95001, 16633624, 0, 0, 0
96000, 17094285, 0, 0, 0
97008, 16465413, 0, 0, 0
98003, 16976749, 0, 0, 0
99000, 16694776, 0, 0, 0
100007, 16327230, 0, 0, 0
101001, 16984711, 0, 0, 0
102000, 16933218, 0, 0, 0
103000, 16575204, 0, 0, 0
104000, 16704317, 0, 0, 0
105000, 16853221, 0, 0, 0
106007, 16326916, 0, 0, 0
107001, 16932777, 0, 0, 0
108000, 16595144, 0, 0, 0
109000, 16442549, 0, 0, 0
110001, 16623128, 0, 0, 0
111000, 16660958, 0, 0, 0
112000, 16597121, 0, 0, 0
113000, 16747201, 0, 0, 0
114004, 16776483, 0, 0, 0
115000, 16817095, 0, 0, 0
116000, 16796773, 0, 0, 0
117000, 16827076, 0, 0, 0
118000, 17006387, 0, 0, 0
119000, 16591660, 0, 0, 0
120003, 16348152, 0, 0, 0
121000, 16897809, 0, 0, 0
122000, 16773234, 0, 0, 0
123003, 16478726, 0, 0, 0
124000, 17009511, 0, 0, 0
125003, 16350890, 0, 0, 0
126000, 16773368, 0, 0, 0
127005, 16647396, 0, 0, 0
128000, 16837019, 0, 0, 0
129000, 16860506, 0, 0, 0
130000, 16690408, 0, 0, 0
131001, 16902448, 0, 0, 0
132007, 16406069, 0, 0, 0
133002, 17006470, 0, 0, 0
134000, 16835798, 0, 0, 0
135005, 16526940, 0, 0, 0
136000, 16829781, 0, 0, 0
137000, 16848504, 0, 0, 0
138004, 16514123, 0, 0, 0
139000, 16676611, 0, 0, 0
140000, 16673941, 0, 0, 0
141005, 16659883, 0, 0, 0
142000, 16849859, 0, 0, 0
143000, 16500025, 0, 0, 0
144003, 16685954, 0, 0, 0
145000, 17113315, 0, 0, 0
146008, 16342653, 0, 0, 0
147001, 16824487, 0, 0, 0
148000, 17046808, 0, 0, 0
149008, 16287594, 0, 0, 0
150000, 17025980, 0, 0, 0
151000, 16524183, 0, 0, 0
152000, 16640096, 0, 0, 0
153000, 16989117, 0, 0, 0
154000, 16792081, 0, 0, 0
155000, 16727530, 0, 0, 0
156000, 16313135, 0, 0, 0
157000, 16845497, 0, 0, 0
158004, 16555710, 0, 0, 0
159000, 16874406, 0, 0, 0
160000, 16801803, 0, 0, 0
161006, 16457526, 0, 0, 0
162000, 17068393, 0, 0, 0
163000, 16787316, 0, 0, 0
164003, 16518980, 0, 0, 0
165000, 16695764, 0, 0, 0
166000, 16947228, 0, 0, 0
167000, 16257667, 0, 0, 0
168000, 17167026, 0, 0, 0
169000, 16685987, 0, 0, 0
170003, 16742625, 0, 0, 0
171000, 16729367, 0, 0, 0
172004, 16709037, 0, 0, 0
173000, 16863880, 0, 0, 0
174007, 16191956, 0, 0, 0
175000, 17027837, 0, 0, 0
176000, 16523841, 0, 0, 0
177000, 16825872, 0, 0, 0
178000, 16668050, 0, 0, 0
179000, 16771391, 0, 0, 0
180000, 16585500, 0, 0, 0
180004, 6284795, 0, 0, 0
