1000, 3837763, 0, 0, 0
2032, 4316624, 0, 0, 0
3001, 4248067, 0, 0, 0
4000, 4249884, 0, 0, 0
5017, 4168566, 0, 0, 0
6000, 4180481, 0, 0, 0
7000, 4106352, 0, 0, 0
8024, 4320296, 0, 0, 0
9000, 4209677, 0, 0, 0
10032, 4206287, 0, 0, 0
11000, 4332785, 0, 0, 0
12000, 4039270, 0, 0, 0
13018, 4310710, 0, 0, 0
14027, 4263467, 0, 0, 0
15021, 4170163, 0, 0, 0
16017, 4213641, 0, 0, 0
17000, 4306699, 0, 0, 0
18000, 4132551, 0, 0, 0
19016, 4128738, 0, 0, 0
20000, 4220844, 0, 0, 0
21018, 4153738, 0, 0, 0
22029, 4211100, 0, 0, 0
23017, 4100036, 0, 0, 0
24020, 4162095, 0, 0, 0
25000, 4224162, 0, 0, 0
26001, 4157367, 0, 0, 0
27019, 4143237, 0, 0, 0
28030, 4351464, 0, 0, 0
29001, 4356465, 0, 0, 0
30000, 4081207, 0, 0, 0
31020, 4086115, 0, 0, 0
32017, 4279783, 0, 0, 0
33001, 4147544, 0, 0, 0
34020, 4172542, 0, 0, 0
35030, 4217321, 0, 0, 0
36024, 4192241, 0, 0, 0
37021, 4158734, 0, 0, 0
38028, 4188750, 0, 0, 0
39001, 4126721, 0, 0, 0
40019, 4217799, 0, 0, 0
41029, 4110795, 0, 0, 0
42001, 4229317, 0, 0, 0
43021, 4187361, 0, 0, 0
44017, 4193905, 0, 0, 0
45000, 4311743, 0, 0, 0
46021, 3992351, 0, 0, 0
47017, 4201666, 0, 0, 0
48000, 4251206, 0, 0, 0
49001, 4161710, 0, 0, 0
50017, 4173741, 0, 0, 0
51016, 4150560, 0, 0, 0
52024, 4195579, 0, 0, 0
53018, 4275602, 0, 0, 0
54030, 4045725, 0, 0, 0
55022, 4234256, 0, 0, 0
56019, 4252731, 0, 0, 0
57000, 4298300, 0, 0, 0
58016, 4138045, 0, 0, 0
59001, 4199546, 0, 0, 0
60000, 4282135, 0, 0, 0
61016, 4150107, 0, 0, 0
62000, 4178445, 0, 0, 0
63020, 4212758, 0, 0, 0
64000, 4257068, 0, 0, 0
65000, 4089263, 0, 0, 0
66016, 4135981, 0, 0, 0
67000, 4133745, 0, 0, 0
68019, 4236238, 0, 0, 0
69031, 4218620, 0, 0, 0
70001, 4194719, 0, 0, 0
71018, 4323742, 0, 0, 0
72000, 4208678, 0, 0, 0
73000, 4310104, 0, 0, 0
74029, 4148507, 0, 0, 0
75000, 4088407, 0, 0, 0
76017, 4173242, 0, 0, 0
77027, 4259812, 0, 0, 0
78022, 4245111, 0, 0, 0
79031, 4178073, 0, 0, 0
80017, 4214012, 0, 0, 0
81018, 4106364, 0, 0, 0
82001, 4174994, 0, 0, 0
83019, 4240873, 0, 0, 0
84001, 4371923, 0, 0, 0
85000, 4070112, 0, 0, 0
86029, 4172576, 0, 0, 0
87017, 4199258, 0, 0, 0
88031, 4309260, 0, 0, 0
89000, 4256005, 0, 0, 0
90019, 4114479, 0, 0, 0
91000, 4212359, 0, 0, 0
92024, 4048429, 0, 0, 0
93018, 4138604, 0, 0, 0
94001, 4132749, 0, 0, 0
95021, 4182863, 0, 0, 0
96017, 4181544, 0, 0, 0
97001, 4221381, 0, 0, 0
98017, 4234367, 0, 0, 0
99000, 4242433, 0, 0, 0
100021, 4144230, 0, 0, 0
101018, 4118008, 0, 0, 0
102001, 4154288, 0, 0, 0
103018, 4181964, 0, 0, 0
104027, 4241871, 0, 0, 0
105000, 4128871, 0, 0, 0
106019, 4222582, 0, 0, 0
107002, 4279749, 0, 0, 0
108017, 4395102, 0, 0, 0
109028, 4171751, 0, 0, 0
110021, 4108350, 0, 0, 0
111030, 4121823, 0, 0, 0
112000, 4167245, 0, 0, 0
113020, 4486633, 0, 0, 0
114029, 4388516, 0, 0, 0
115024, 4130384, 0, 0, 0
116018, 4214308, 0, 0, 0
117000, 4194886, 0, 0, 0
118022, 4213652, 0, 0, 0
119017, 4107468, 0, 0, 0
120000, 4202765, 0, 0, 0
121017, 4269054, 0, 0, 0
122018, 4157831, 0, 0, 0
123000, 4160529, 0, 0, 0
124017, 4177020, 0, 0, 0
125021, 4156726, 0, 0, 0
126000, 4117962, 0, 0, 0
127000, 4156021, 0, 0, 0
128029, 4213664, 0, 0, 0
129017, 4291101, 0, 0, 0
130016, 4277137, 0, 0, 0
131000, 4185680, 0, 0, 0
132020, 4241654, 0, 0, 0
133023, 4202839, 0, 0, 0
134002, 4297498, 0, 0, 0
135016, 4243504, 0, 0, 0
136023, 4177153, 0, 0, 0
137017, 4114870, 0, 0, 0
138024, 4315737, 0, 0, 0
139000, 4231636, 0, 0, 0
140020, 4180665, 0, 0, 0
141019, 4174318, 0, 0, 0
142023, 4221618, 0, 0, 0
143017, 3988264, 0, 0, 0
144020, 4296511, 0, 0, 0
145020, 4245307, 0, 0, 0
146017, 4208434, 0, 0, 0
147000, 4225756, 0, 0, 0
148018, 4284401, 0, 0, 0
149001, 4271741, 0, 0, 0
150018, 4105222, 0, 0, 0
151017, 4188461, 0, 0, 0
152001, 4225887, 0, 0, 0
153019, 4264175, 0, 0, 0
154000, 4148955, 0, 0, 0
155019, 4066645, 0, 0, 0
156020, 4164602, 0, 0, 0
157000, 4056203, 0, 0, 0
158000, 4134700, 0, 0, 0
159030, 4166377, 0, 0, 0
160000, 4252872, 0, 0, 0
161017, 4126150, 0, 0, 0
162000, 4153639, 0, 0, 0
163021, 4215658, 0, 0, 0
164030, 4126795, 0, 0, 0
165000, 4146543, 0, 0, 0
166017, 4242473, 0, 0, 0
167021, 4181830, 0, 0, 0
168000, 4064418, 0, 0, 0
169018, 4252117, 0, 0, 0
170029, 4233322, 0, 0, 0
171001, 4226612, 0, 0, 0
172020, 4256882, 0, 0, 0
173004, 4267407, 0, 0, 0
174030, 4209074, 0, 0, 0
175000, 4276674, 0, 0, 0
176018, 4158777, 0, 0, 0
177001, 4098012, 0, 0, 0
178002, 4099067, 0, 0, 0
179015, 4271835, 0, 0, 0
180001, 4226294, 0, 0, 0
180001, 1943567, 0, 0, 0
