1000, 9180, 1, 0, 0
2000, 9065, 1, 0, 0
3000, 8700, 1, 0, 0
4000, 8880, 1, 0, 0
5000, 7328, 1, 0, 0
6000, 9217, 1, 0, 0
7001, 9292, 1, 0, 0
8000, 8756, 1, 0, 0
9001, 9148, 1, 0, 0
10000, 9053, 1, 0, 0
11000, 9101, 1, 0, 0
12001, 8972, 1, 0, 0
13000, 8976, 1, 0, 0
14000, 9145, 1, 0, 0
15000, 9264, 1, 0, 0
16000, 9045, 1, 0, 0
17000, 9228, 1, 0, 0
18000, 9013, 1, 0, 0
19000, 8972, 1, 0, 0
20000, 8708, 1, 0, 0
21001, 9128, 1, 0, 0
22000, 9401, 1, 0, 0
23000, 8500, 1, 0, 0
24000, 8724, 1, 0, 0
25000, 9029, 1, 0, 0
26000, 9000, 1, 0, 0
27000, 8692, 1, 0, 0
28001, 9168, 1, 0, 0
29000, 8760, 1, 0, 0
30000, 9013, 1, 0, 0
31001, 9324, 1, 0, 0
32000, 8900, 1, 0, 0
33000, 9249, 1, 0, 0
34000, 9356, 1, 0, 0
35000, 9457, 1, 0, 0
36000, 9464, 1, 0, 0
37000, 9165, 1, 0, 0
38000, 9089, 1, 0, 0
39000, 9196, 1, 0, 0
40000, 9297, 1, 0, 0
41000, 9216, 1, 0, 0
42000, 9341, 1, 0, 0
43000, 9253, 1, 0, 0
44000, 9088, 1, 0, 0
45000, 9397, 1, 0, 0
46000, 9292, 1, 0, 0
47000, 9181, 1, 0, 0
48000, 9344, 1, 0, 0
49000, 9025, 1, 0, 0
50001, 9036, 1, 0, 0
51000, 9277, 1, 0, 0
52000, 9369, 1, 0, 0
53000, 8984, 1, 0, 0
54000, 9057, 1, 0, 0
55000, 9180, 1, 0, 0
56000, 9221, 1, 0, 0
57001, 9128, 1, 0, 0
58000, 9245, 1, 0, 0
59000, 9273, 1, 0, 0
60000, 9520, 1, 0, 0
61000, 9121, 1, 0, 0
62001, 9364, 1, 0, 0
63000, 8952, 1, 0, 0
64000, 9297, 1, 0, 0
65000, 9108, 1, 0, 0
66000, 9081, 1, 0, 0
67001, 9240, 1, 0, 0
68000, 8800, 1, 0, 0
69000, 9325, 1, 0, 0
70000, 8832, 1, 0, 0
71000, 9021, 1, 0, 0
72001, 9068, 1, 0, 0
73000, 8980, 1, 0, 0
74000, 8980, 1, 0, 0
75000, 8704, 1, 0, 0
76000, 9165, 1, 0, 0
77001, 9144, 1, 0, 0
78000, 9149, 1, 0, 0
79001, 8908, 1, 0, 0
80000, 9257, 1, 0, 0
81000, 9457, 1, 0, 0
82000, 9288, 1, 0, 0
83000, 9117, 1, 0, 0
84000, 8904, 1, 0, 0
85000, 8952, 1, 0, 0
86000, 9068, 1, 0, 0
87000, 9029, 1, 0, 0
88000, 8864, 1, 0, 0
89000, 9357, 1, 0, 0
90000, 9233, 1, 0, 0
91001, 9208, 1, 0, 0
92000, 9053, 1, 0, 0
93000, 9021, 1, 0, 0
94000, 9292, 1, 0, 0
95000, 9301, 1, 0, 0
96000, 9088, 1, 0, 0
97000, 9193, 1, 0, 0
98000, 9269, 1, 0, 0
99000, 9076, 1, 0, 0
100000, 9077, 1, 0, 0
101000, 9312, 1, 0, 0
102000, 9009, 1, 0, 0
103000, 9348, 1, 0, 0
104000, 9409, 1, 0, 0
105000, 9272, 1, 0, 0
106000, 9409, 1, 0, 0
107000, 8744, 1, 0, 0
108000, 9085, 1, 0, 0
109001, 8940, 1, 0, 0
110000, 9025, 1, 0, 0
111001, 9312, 1, 0, 0
112000, 9121, 1, 0, 0
113000, 8672, 1, 0, 0
114000, 8852, 1, 0, 0
115000, 9093, 1, 0, 0
116001, 9044, 1, 0, 0
117000, 9269, 1, 0, 0
118000, 9125, 1, 0, 0
119001, 8820, 1, 0, 0
120000, 9097, 1, 0, 0
121000, 8776, 1, 0, 0
122000, 8956, 1, 0, 0
123000, 9069, 1, 0, 0
124000, 9020, 1, 0, 0
125000, 9049, 1, 0, 0
126000, 9272, 1, 0, 0
127000, 9329, 1, 0, 0
128000, 9061, 1, 0, 0
129000, 8788, 1, 0, 0
130000, 9113, 1, 0, 0
131000, 9192, 1, 0, 0
132000, 8756, 1, 0, 0
133001, 8916, 1, 0, 0
134000, 8660, 1, 0, 0
135000, 8996, 1, 0, 0
136000, 9052, 1, 0, 0
137000, 9001, 1, 0, 0
138000, 8912, 1, 0, 0
139000, 9116, 1, 0, 0
140000, 8996, 1, 0, 0
141001, 9252, 1, 0, 0
142000, 9025, 1, 0, 0
143000, 8912, 1, 0, 0
144000, 9040, 1, 0, 0
145000, 9101, 1, 0, 0
146000, 9244, 1, 0, 0
147000, 8924, 1, 0, 0
148000, 8972, 1, 0, 0
149000, 8700, 1, 0, 0
150000, 9080, 1, 0, 0
151000, 9041, 1, 0, 0
152001, 8992, 1, 0, 0
153000, 9145, 1, 0, 0
154000, 9069, 1, 0, 0
155000, 9144, 1, 0, 0
156000, 8828, 1, 0, 0
157000, 8972, 1, 0, 0
158000, 9113, 1, 0, 0
159001, 9192, 1, 0, 0
160000, 9049, 1, 0, 0
161000, 9153, 1, 0, 0
162000, 8724, 1, 0, 0
163000, 8604, 1, 0, 0
164000, 8860, 1, 0, 0
165000, 8916, 1, 0, 0
166000, 8824, 1, 0, 0
167000, 8880, 1, 0, 0
168000, 9049, 1, 0, 0
169000, 8680, 1, 0, 0
170000, 8864, 1, 0, 0
171000, 9088, 1, 0, 0
172000, 8692, 1, 0, 0
173001, 9060, 1, 0, 0
174000, 8788, 1, 0, 0
175000, 9089, 1, 0, 0
176000, 9116, 1, 0, 0
177000, 8904, 1, 0, 0
178000, 8816, 1, 0, 0
179000, 9009, 1, 0, 0
180000, 8888, 1, 0, 0
