1034, 2406, 0, 0, 0
2001, 2194, 0, 0, 0
3000, 2185, 0, 0, 0
4031, 2271, 0, 0, 0
5036, 2163, 0, 0, 0
6034, 2116, 0, 0, 0
7032, 2355, 0, 0, 0
8005, 2190, 0, 0, 0
9032, 2184, 0, 0, 0
10000, 2168, 0, 0, 0
11001, 2240, 0, 0, 0
12046, 2078, 0, 0, 0
13042, 2097, 0, 0, 0
14000, 2073, 0, 0, 0
15033, 2048, 0, 0, 0
16034, 2111, 0, 0, 0
17000, 2127, 0, 0, 0
18000, 2178, 0, 0, 0
19000, 2264, 0, 0, 0
20032, 2089, 0, 0, 0
21003, 2135, 0, 0, 0
22001, 2226, 0, 0, 0
23041, 2198, 0, 0, 0
24000, 2080, 0, 0, 0
25000, 2276, 0, 0, 0
26047, 2235, 0, 0, 0
27042, 2228, 0, 0, 0
28001, 75737, 0, 0, 0
29033, 2170, 0, 0, 0
30000, 2136, 0, 0, 0
31000, 2093, 0, 0, 0
32033, 2158, 0, 0, 0
33000, 2090, 0, 0, 0
34035, 2158, 0, 0, 0
35040, 2270, 0, 0, 0
36035, 2182, 0, 0, 0
37032, 2060, 0, 0, 0
38001, 2015, 0, 0, 0
39000, 2171, 0, 0, 0
40035, 2169, 0, 0, 0
41041, 2018, 0, 0, 0
42000, 2050, 0, 0, 0
43000, 2208, 0, 0, 0
44036, 2244, 0, 0, 0
45000, 2168, 0, 0, 0
46039, 2238, 0, 0, 0
47031, 2238, 0, 0, 0
48000, 2325, 0, 0, 0
49000, 2235, 0, 0, 0
50042, 2286, 0, 0, 0
51001, 2296, 0, 0, 0
52032, 2266, 0, 0, 0
53000, 2193, 0, 0, 0
54001, 2273, 0, 0, 0
55000, 2357, 0, 0, 0
56034, 2153, 0, 0, 0
57000, 2233, 0, 0, 0
58032, 2218, 0, 0, 0
59045, 2260, 0, 0, 0
60001, 2312, 0, 0, 0
61001, 2336, 0, 0, 0
62045, 2225, 0, 0, 0
63000, 2112, 0, 0, 0
64036, 2202, 0, 0, 0
65039, 2107, 0, 0, 0
66033, 2071, 0, 0, 0
67005, 2067, 0, 0, 0
68000, 2252, 0, 0, 0
69032, 2151, 0, 0, 0
70000, 2169, 0, 0, 0
71000, 2294, 0, 0, 0
72035, 2310, 0, 0, 0
73047, 2177, 0, 0, 0
74000, 2224, 0, 0, 0
75036, 2145, 0, 0, 0
76032, 2276, 0, 0, 0
77044, 2219, 0, 0, 0
78000, 2086, 0, 0, 0
79032, 2227, 0, 0, 0
80036, 2335, 0, 0, 0
81031, 2244, 0, 0, 0
82000, 2229, 0, 0, 0
83032, 2250, 0, 0, 0
84037, 2171, 0, 0, 0
85000, 2235, 0, 0, 0
86033, 2261, 0, 0, 0
87039, 2170, 0, 0, 0
88000, 2223, 0, 0, 0
89032, 2202, 0, 0, 0
90033, 2096, 0, 0, 0
91001, 2306, 0, 0, 0
92003, 2259, 0, 0, 0
93036, 2046, 0, 0, 0
94000, 2152, 0, 0, 0
95039, 2135, 0, 0, 0
96000, 2208, 0, 0, 0
97000, 2142, 0, 0, 0
98031, 2288, 0, 0, 0
99000, 2172, 0, 0, 0
100034, 2230, 0, 0, 0
101043, 2270, 0, 0, 0
102000, 2239, 0, 0, 0
103000, 2234, 0, 0, 0
104039, 2202, 0, 0, 0
105040, 2256, 0, 0, 0
106001, 2205, 0, 0, 0
107038, 2233, 0, 0, 0
108040, 2294, 0, 0, 0
109033, 2219, 0, 0, 0
110035, 2164, 0, 0, 0
111034, 2239, 0, 0, 0
112000, 2240, 0, 0, 0
113036, 2242, 0, 0, 0
114033, 2275, 0, 0, 0
115000, 2230, 0, 0, 0
116000, 2192, 0, 0, 0
117000, 2286, 0, 0, 0
118030, 2191, 0, 0, 0
119000, 2161, 0, 0, 0
120034, 2412, 0, 0, 0
121044, 2254, 0, 0, 0
122032, 2237, 0, 0, 0
123031, 2314, 0, 0, 0
124040, 2163, 0, 0, 0
125032, 2196, 0, 0, 0
126000, 2183, 0, 0, 0
127000, 2164, 0, 0, 0
128032, 2305, 0, 0, 0
129043, 2197, 0, 0, 0
130000, 2214, 0, 0, 0
131032, 2164, 0, 0, 0
132000, 2153, 0, 0, 0
133000, 2123, 0, 0, 0
134035, 2193, 0, 0, 0
135046, 2065, 0, 0, 0
136000, 2237, 0, 0, 0
137000, 2170, 0, 0, 0
138031, 2153, 0, 0, 0
139000, 2183, 0, 0, 0
140033, 2066, 0, 0, 0
141045, 2121, 0, 0, 0
142000, 2131, 0, 0, 0
143034, 2103, 0, 0, 0
144000, 2208, 0, 0, 0
145001, 2192, 0, 0, 0
146032, 2244, 0, 0, 0
147001, 2093, 0, 0, 0
148000, 2222, 0, 0, 0
149034, 2216, 0, 0, 0
150045, 2191, 0, 0, 0
151000, 2327, 0, 0, 0
152034, 2286, 0, 0, 0
153033, 2007, 0, 0, 0
154000, 2112, 0, 0, 0
155033, 2354, 0, 0, 0
156000, 2166, 0, 0, 0
157033, 2353, 0, 0, 0
158046, 2106, 0, 0, 0
159000, 2185, 0, 0, 0
160032, 2140, 0, 0, 0
161042, 2204, 0, 0, 0
162000, 2235, 0, 0, 0
163031, 2231, 0, 0, 0
164000, 2246, 0, 0, 0
165000, 2281, 0, 0, 0
166034, 2152, 0, 0, 0
167000, 2173, 0, 0, 0
168001, 2200, 0, 0, 0
169034, 2172, 0, 0, 0
170044, 2302, 0, 0, 0
171038, 2185, 0, 0, 0
172035, 2246, 0, 0, 0
173000, 2225, 0, 0, 0
174033, 2308, 0, 0, 0
175000, 2224, 0, 0, 0
176034, 2246, 0, 0, 0
177037, 2341, 0, 0, 0
178040, 2227, 0, 0, 0
179034, 2224, 0, 0, 0
180039, 2139, 0, 0, 0
