1001, 2122849, 0, 0, 0
2001, 2111962, 0, 0, 0
3001, 2030546, 0, 0, 0
4000, 2050852, 0, 0, 0
5000, 2060957, 0, 0, 0
6001, 2098306, 0, 0, 0
7000, 2136568, 0, 0, 0
8000, 2113854, 0, 0, 0
9000, 2071382, 0, 0, 0
10000, 2138762, 0, 0, 0
11000, 2080576, 0, 0, 0
12001, 2116878, 0, 0, 0
13000, 2141964, 0, 0, 0
14000, 2095479, 0, 0, 0
15000, 2080486, 0, 0, 0
16000, 2123927, 0, 0, 0
17001, 2125515, 0, 0, 0
18000, 2075661, 0, 0, 0
19000, 2107928, 0, 0, 0
20000, 2103160, 0, 0, 0
21000, 2078228, 0, 0, 0
22000, 2094402, 0, 0, 0
23000, 2046079, 0, 0, 0
24000, 2184891, 0, 0, 0
25001, 2077445, 0, 0, 0
26000, 2121383, 0, 0, 0
27001, 2125429, 0, 0, 0
28000, 2140108, 0, 0, 0
29001, 2129974, 0, 0, 0
30000, 2179799, 0, 0, 0
31000, 2141287, 0, 0, 0
32000, 2116794, 0, 0, 0
33001, 2085377, 0, 0, 0
34000, 2145669, 0, 0, 0
35000, 2114780, 0, 0, 0
36000, 2097108, 0, 0, 0
37069, 2220509, 0, 0, 0
38000, 2255859, 0, 0, 0
39000, 2150631, 0, 0, 0
40000, 2149132, 0, 0, 0
41001, 2095459, 0, 0, 0
42000, 2102233, 0, 0, 0
43000, 2059378, 0, 0, 0
44000, 2107728, 0, 0, 0
45001, 2074859, 0, 0, 0
46001, 2093614, 0, 0, 0
47001, 2168603, 0, 0, 0
48001, 2180811, 0, 0, 0
49000, 2188354, 0, 0, 0
50000, 2101756, 0, 0, 0
51009, 2170311, 0, 0, 0
52000, 2158576, 0, 0, 0
53000, 2173834, 0, 0, 0
54008, 2209673, 0, 0, 0
55000, 2141895, 0, 0, 0
56000, 2131659, 0, 0, 0
57001, 2156359, 0, 0, 0
58000, 2141395, 0, 0, 0
59000, 2110493, 0, 0, 0
60000, 2129449, 0, 0, 0
61000, 2130417, 0, 0, 0
62001, 2125642, 0, 0, 0
63000, 2217565, 0, 0, 0
64000, 2111493, 0, 0, 0
65002, 2118084, 0, 0, 0
66000, 2063443, 0, 0, 0
67001, 2084489, 0, 0, 0
68000, 2173026, 0, 0, 0
69000, 2137788, 0, 0, 0
70000, 2148784, 0, 0, 0
71000, 2161754, 0, 0, 0
72001, 2149164, 0, 0, 0
73000, 2150781, 0, 0, 0
74000, 2156612, 0, 0, 0
75001, 2169639, 0, 0, 0
76000, 2157044, 0, 0, 0
77000, 2117963, 0, 0, 0
78001, 2102564, 0, 0, 0
79001, 2200352, 0, 0, 0
80000, 2147856, 0, 0, 0
81000, 2154818, 0, 0, 0
82001, 2138345, 0, 0, 0
83000, 2122479, 0, 0, 0
84001, 2234730, 0, 0, 0
85000, 2165385, 0, 0, 0
86001, 2079072, 0, 0, 0
87000, 2083327, 0, 0, 0
88001, 2135179, 0, 0, 0
89000, 2242480, 0, 0, 0
90000, 2146205, 0, 0, 0
91000, 2125652, 0, 0, 0
92000, 2078801, 0, 0, 0
93000, 2169311, 0, 0, 0
94000, 2054000, 0, 0, 0
95000, 2088767, 0, 0, 0
96000, 2136654, 0, 0, 0
97000, 2160248, 0, 0, 0
98000, 2137257, 0, 0, 0
99000, 2164693, 0, 0, 0
100000, 2141258, 0, 0, 0
101000, 2129330, 0, 0, 0
102000, 2151297, 0, 0, 0
103000, 2211664, 0, 0, 0
104000, 2142474, 0, 0, 0
105001, 2114118, 0, 0, 0
106000, 2129667, 0, 0, 0
107000, 2119993, 0, 0, 0
108000, 2104684, 0, 0, 0
109000, 2087265, 0, 0, 0
110000, 2161470, 0, 0, 0
111000, 2165811, 0, 0, 0
112000, 2170863, 0, 0, 0
113001, 2140236, 0, 0, 0
114000, 2169740, 0, 0, 0
115000, 2199607, 0, 0, 0
116005, 2141476, 0, 0, 0
117000, 2183267, 0, 0, 0
118000, 2174793, 0, 0, 0
119001, 2166096, 0, 0, 0
120000, 2190465, 0, 0, 0
121000, 2187583, 0, 0, 0
122001, 2129657, 0, 0, 0
123001, 2094390, 0, 0, 0
124001, 2101078, 0, 0, 0
125000, 2131512, 0, 0, 0
126000, 2140273, 0, 0, 0
127000, 2051237, 0, 0, 0
128000, 2123640, 0, 0, 0
129000, 2091715, 0, 0, 0
130001, 2048881, 0, 0, 0
131000, 2148028, 0, 0, 0
132001, 2126815, 0, 0, 0
133001, 2122978, 0, 0, 0
134001, 2102398, 0, 0, 0
135000, 2119631, 0, 0, 0
136000, 2170253, 0, 0, 0
137000, 2126962, 0, 0, 0
138000, 2157025, 0, 0, 0
139001, 2141598, 0, 0, 0
140000, 2137283, 0, 0, 0
141001, 2123471, 0, 0, 0
142000, 2146202, 0, 0, 0
143000, 2173656, 0, 0, 0
144000, 2176852, 0, 0, 0
145000, 2097460, 0, 0, 0
146001, 2088505, 0, 0, 0
147000, 2129737, 0, 0, 0
148001, 2114211, 0, 0, 0
149000, 2101750, 0, 0, 0
150001, 2106484, 0, 0, 0
151001, 2089165, 0, 0, 0
152000, 2135637, 0, 0, 0
153000, 2126823, 0, 0, 0
154000, 2117703, 0, 0, 0
155000, 2068671, 0, 0, 0
156000, 2105933, 0, 0, 0
157001, 2131520, 0, 0, 0
158001, 2167646, 0, 0, 0
159001, 2137900, 0, 0, 0
160001, 2125322, 0, 0, 0
161000, 2146276, 0, 0, 0
162000, 2195896, 0, 0, 0
163000, 2164590, 0, 0, 0
164000, 2119301, 0, 0, 0
165000, 2114185, 0, 0, 0
166000, 2155234, 0, 0, 0
167000, 2142162, 0, 0, 0
168000, 2085434, 0, 0, 0
169000, 2103968, 0, 0, 0
170001, 2146839, 0, 0, 0
171000, 2099786, 0, 0, 0
172000, 2155221, 0, 0, 0
173000, 2162220, 0, 0, 0
174000, 2258779, 0, 0, 0
175000, 2164266, 0, 0, 0
176001, 2156269, 0, 0, 0
177000, 2223381, 0, 0, 0
178000, 2215524, 0, 0, 0
179001, 2212920, 0, 0, 0
180001, 2157015, 0, 0, 0
180001, 2778195, 0, 0, 0
