1003, 14702039, 0, 0, 0
2000, 17063754, 0, 0, 0
3008, 16352760, 0, 0, 0
4000, 16825084, 0, 0, 0
5000, 16775518, 0, 0, 0
6000, 16304766, 0, 0, 0
7000, 16810486, 0, 0, 0
8000, 16837819, 0, 0, 0
9003, 16343087, 0, 0, 0
10000, 16971534, 0, 0, 0
11000, 16595231, 0, 0, 0
12004, 16485748, 0, 0, 0
13000, 17011647, 0, 0, 0
14005, 16377167, 0, 0, 0
15000, 17196588, 0, 0, 0
16000, 16545971, 0, 0, 0
17000, 16695546, 0, 0, 0
18000, 16535270, 0, 0, 0
19000, 16982802, 0, 0, 0
20001, 16328399, 0, 0, 0
21002, 16879918, 0, 0, 0
22008, 16725521, 0, 0, 0
23002, 16901967, 0, 0, 0
24000, 16935749, 0, 0, 0
25000, 16551824, 0, 0, 0
26000, 16986723, 0, 0, 0
27006, 16381007, 0, 0, 0
28002, 17112824, 0, 0, 0
29000, 17027819, 0, 0, 0
30000, 16739852, 0, 0, 0
31006, 16337984, 0, 0, 0
32001, 16836015, 0, 0, 0
33000, 16821656, 0, 0, 0
34006, 16333088, 0, 0, 0
35000, 16848270, 0, 0, 0
36000, 16918574, 0, 0, 0
37004, 16750801, 0, 0, 0
38000, 16953785, 0, 0, 0
39005, 16127294, 0, 0, 0
40001, 16792779, 0, 0, 0
41000, 16749114, 0, 0, 0
42006, 16533212, 0, 0, 0
43001, 16812387, 0, 0, 0
44000, 16793289, 0, 0, 0
45007, 16445291, 0, 0, 0
46000, 16969654, 0, 0, 0
47000, 16792071, 0, 0, 0
48000, 16688859, 0, 0, 0
49000, 16714527, 0, 0, 0
50008, 16595342, 0, 0, 0
51002, 16771293, 0, 0, 0
52000, 16887548, 0, 0, 0
53000, 16278508, 0, 0, 0
54000, 17189172, 0, 0, 0
55039, 16399609, 0, 0, 0
56000, 17053698, 0, 0, 0
57001, 16405165, 0, 0, 0
58004, 16984654, 0, 0, 0
59000, 16884068, 0, 0, 0
60000, 16757999, 0, 0, 0
61000, 16592814, 0, 0, 0
62000, 16811888, 0, 0, 0
63000, 16587739, 0, 0, 0
64005, 16632411, 0, 0, 0
65000, 16690396, 0, 0, 0
66000, 16937960, 0, 0, 0
67005, 16306706, 0, 0, 0
68000, 17139564, 0, 0, 0
69000, 16506807, 0, 0, 0
70000, 16907429, 0, 0, 0
71000, 16870476, 0, 0, 0
72000, 16555638, 0, 0, 0
73000, 17049536, 0, 0, 0
74001, 16773758, 0, 0, 0
75000, 16512642, 0, 0, 0
76000, 16913679, 0, 0, 0
77000, 16826706, 0, 0, 0
78000, 16485132, 0, 0, 0
79005, 16843577, 0, 0, 0
80000, 16515744, 0, 0, 0
81000, 17162847, 0, 0, 0
82002, 16472987, 0, 0, 0
83000, 16919615, 0, 0, 0
84000, 16850811, 0, 0, 0
85000, 16534481, 0, 0, 0
86000, 16869627, 0, 0, 0
87000, 16783552, 0, 0, 0
88000, 16852931, 0, 0, 0
89000, 16591669, 0, 0, 0
90000, 16796689, 0, 0, 0
91005, 16785756, 0, 0, 0
92000, 16732602, 0, 0, 0
93000, 16913479, 0, 0, 0
94000, 16840836, 0, 0, 0
95001, 16656310, 0, 0, 0
96000, 16837115, 0, 0, 0
97008, 16286143, 0, 0, 0
98003, 16851377, 0, 0, 0
99000, 16929180, 0, 0, 0
100006, 16543517, 0, 0, 0
101000, 16896270, 0, 0, 0
102000, 16990011, 0, 0, 0
103001, 16489449, 0, 0, 0
104000, 16615162, 0, 0, 0
105000, 16924923, 0, 0, 0
106007, 16269139, 0, 0, 0
107000, 17006913, 0, 0, 0
108000, 16928879, 0, 0, 0
109000, 16579608, 0, 0, 0
110002, 16771856, 0, 0, 0
111000, 16606831, 0, 0, 0
112000, 16799791, 0, 0, 0
113000, 16698757, 0, 0, 0
114004, 16622246, 0, 0, 0
115000, 16882850, 0, 0, 0
116000, 16617611, 0, 0, 0
117000, 16540320, 0, 0, 0
118000, 16808869, 0, 0, 0
119000, 16670402, 0, 0, 0
120003, 16403587, 0, 0, 0
121000, 16839145, 0, 0, 0
122000, 16893656, 0, 0, 0
123003, 16626736, 0, 0, 0
124000, 17051662, 0, 0, 0
125002, 16453527, 0, 0, 0
126000, 16733865, 0, 0, 0
127005, 16722683, 0, 0, 0
128000, 16562623, 0, 0, 0
129000, 16550312, 0, 0, 0
130000, 16733533, 0, 0, 0
131000, 16973027, 0, 0, 0
132006, 16397359, 0, 0, 0
133001, 16982207, 0, 0, 0
134000, 16786966, 0, 0, 0
135005, 16610620, 0, 0, 0
136000, 16911205, 0, 0, 0
137000, 16935809, 0, 0, 0
138004, 16821798, 0, 0, 0
139000, 16775488, 0, 0, 0
140000, 16855242, 0, 0, 0
141005, 16740146, 0, 0, 0
142000, 16884892, 0, 0, 0
143000, 16321712, 0, 0, 0
144002, 16793609, 0, 0, 0
145000, 16891837, 0, 0, 0
146007, 16335160, 0, 0, 0
147000, 16936032, 0, 0, 0
148000, 17038021, 0, 0, 0
149008, 16458193, 0, 0, 0
150000, 17143619, 0, 0, 0
151000, 16652998, 0, 0, 0
152000, 16538606, 0, 0, 0
153000, 16951561, 0, 0, 0
154000, 16717988, 0, 0, 0
155000, 16705341, 0, 0, 0
156000, 16529658, 0, 0, 0
157000, 16834951, 0, 0, 0
158003, 16427637, 0, 0, 0
159000, 16847638, 0, 0, 0
160000, 16891931, 0, 0, 0
161005, 16419418, 0, 0, 0
162000, 17137994, 0, 0, 0
163000, 16484828, 0, 0, 0
164003, 16752557, 0, 0, 0
165000, 16881158, 0, 0, 0
166000, 16861260, 0, 0, 0
167000, 16498788, 0, 0, 0
168000, 17013469, 0, 0, 0
169000, 16789653, 0, 0, 0
170002, 16618869, 0, 0, 0
171000, 16761738, 0, 0, 0
172003, 16666383, 0, 0, 0
173000, 17119582, 0, 0, 0
174007, 16363215, 0, 0, 0
175000, 17030622, 0, 0, 0
176000, 16852549, 0, 0, 0
177000, 17043990, 0, 0, 0
178000, 16552179, 0, 0, 0
179000, 16599752, 0, 0, 0
180000, 16523185, 0, 0, 0
180056, 58489020, 0, 0, 0
