1000, 7332, 0, 0, 0
2000, 7372, 0, 0, 0
3000, 7243, 0, 0, 0
4000, 7244, 0, 0, 0
5000, 7471, 0, 0, 0
6000, 7284, 0, 0, 0
7001, 7436, 0, 0, 0
8000, 7439, 0, 0, 0
9000, 7456, 0, 0, 0
10000, 7411, 0, 0, 0
11000, 7324, 0, 0, 0
12001, 7376, 0, 0, 0
13000, 7555, 0, 0, 0
14000, 7572, 0, 0, 0
15000, 7575, 0, 0, 0
16000, 7648, 0, 0, 0
17000, 7407, 0, 0, 0
18000, 7252, 0, 0, 0
19000, 7256, 0, 0, 0
20000, 7347, 0, 0, 0
21000, 7336, 0, 0, 0
22001, 7156, 0, 0, 0
23000, 7275, 0, 0, 0
24000, 7324, 0, 0, 0
25000, 7187, 0, 0, 0
26000, 7024, 0, 0, 0
27001, 7204, 0, 0, 0
28000, 7059, 0, 0, 0
29001, 7136, 0, 0, 0
30000, 7471, 0, 0, 0
31000, 7288, 0, 0, 0
32000, 7275, 0, 0, 0
33000, 7284, 0, 0, 0
34001, 7368, 0, 0, 0
35000, 7403, 0, 0, 0
36000, 7428, 0, 0, 0
37000, 7639, 0, 0, 0
38000, 7496, 0, 0, 0
39001, 7284, 0, 0, 0
40000, 7275, 0, 0, 0
41000, 7304, 0, 0, 0
42000, 7455, 0, 0, 0
43000, 7420, 0, 0, 0
44000, 7243, 0, 0, 0
45000, 7268, 0, 0, 0
46000, 7208, 0, 0, 0
47000, 7307, 0, 0, 0
48000, 7476, 0, 0, 0
49000, 7275, 0, 0, 0
50000, 7364, 0, 0, 0
51000, 7156, 0, 0, 0
52000, 7231, 0, 0, 0
53000, 7540, 0, 0, 0
54000, 7347, 0, 0, 0
55000, 7556, 0, 0, 0
56000, 7419, 0, 0, 0
57000, 7468, 0, 0, 0
58000, 7487, 0, 0, 0
59000, 7516, 0, 0, 0
60000, 7479, 0, 0, 0
61000, 7416, 0, 0, 0
62000, 7331, 0, 0, 0
63000, 7404, 0, 0, 0
64000, 7327, 0, 0, 0
65000, 7396, 0, 0, 0
66000, 7487, 0, 0, 0
67000, 7372, 0, 0, 0
68000, 7147, 0, 0, 0
69000, 7332, 0, 0, 0
70000, 7311, 0, 0, 0
71000, 7472, 0, 0, 0
72001, 7380, 0, 0, 0
73000, 7163, 0, 0, 0
74000, 7344, 0, 0, 0
75000, 7359, 0, 0, 0
76000, 7420, 0, 0, 0
77000, 7407, 0, 0, 0
78000, 7380, 0, 0, 0
79000, 7376, 0, 0, 0
80000, 7351, 0, 0, 0
81000, 7304, 0, 0, 0
82000, 7235, 0, 0, 0
83000, 6300, 0, 0, 0
84000, 7352, 0, 0, 0
85000, 7339, 0, 0, 0
86000, 7380, 0, 0, 0
87000, 6954, 0, 0, 0
88000, 7368, 0, 0, 0
89001, 7460, 0, 0, 0
90000, 7259, 0, 0, 0
91000, 7316, 0, 0, 0
92000, 7243, 0, 0, 0
93000, 7336, 0, 0, 0
94000, 7335, 0, 0, 0
95000, 7264, 0, 0, 0
96000, 7368, 0, 0, 0
97000, 7391, 0, 0, 0
98000, 7388, 0, 0, 0
99000, 7260, 0, 0, 0
100000, 7299, 0, 0, 0
101000, 7068, 0, 0, 0
102000, 7043, 0, 0, 0
103000, 7228, 0, 0, 0
104000, 7096, 0, 0, 0
105000, 7115, 0, 0, 0
106000, 6524, 0, 0, 0
107000, 6998, 0, 0, 0
108000, 7236, 0, 0, 0
109000, 7252, 0, 0, 0
110000, 7119, 0, 0, 0
111000, 6680, 0, 0, 0
112000, 7151, 0, 0, 0
113000, 7384, 0, 0, 0
114000, 7332, 0, 0, 0
115000, 6478, 0, 0, 0
116000, 7320, 0, 0, 0
117000, 7343, 0, 0, 0
118000, 7164, 0, 0, 0
119000, 7548, 0, 0, 0
120000, 7367, 0, 0, 0
121000, 7264, 0, 0, 0
122001, 7228, 0, 0, 0
123000, 7215, 0, 0, 0
124000, 7260, 0, 0, 0
125000, 7247, 0, 0, 0
126000, 7196, 0, 0, 0
127000, 7364, 0, 0, 0
128000, 7355, 0, 0, 0
129000, 7276, 0, 0, 0
130001, 7384, 0, 0, 0
131000, 7255, 0, 0, 0
132000, 7344, 0, 0, 0
133000, 7319, 0, 0, 0
134000, 7008, 0, 0, 0
135000, 7171, 0, 0, 0
136000, 7216, 0, 0, 0
137000, 7316, 0, 0, 0
138000, 7199, 0, 0, 0
139000, 7248, 0, 0, 0
140001, 7192, 0, 0, 0
141000, 7343, 0, 0, 0
142000, 7436, 0, 0, 0
143000, 7331, 0, 0, 0
144000, 5400, 0, 0, 0
145001, 6964, 0, 0, 0
146000, 7051, 0, 0, 0
147000, 7044, 0, 0, 0
148000, 6998, 0, 0, 0
149000, 6848, 0, 0, 0
150000, 7047, 0, 0, 0
151000, 7176, 0, 0, 0
152001, 7180, 0, 0, 0
153000, 7287, 0, 0, 0
154000, 7340, 0, 0, 0
155000, 7375, 0, 0, 0
156000, 7340, 0, 0, 0
157001, 7264, 0, 0, 0
158000, 7279, 0, 0, 0
159000, 7236, 0, 0, 0
160001, 7244, 0, 0, 0
161000, 7099, 0, 0, 0
162000, 7112, 0, 0, 0
163000, 7227, 0, 0, 0
164000, 7028, 0, 0, 0
165000, 7099, 0, 0, 0
166000, 6700, 0, 0, 0
167000, 7068, 0, 0, 0
168000, 7067, 0, 0, 0
169000, 7196, 0, 0, 0
170000, 7203, 0, 0, 0
171000, 7144, 0, 0, 0
172000, 7071, 0, 0, 0
173000, 7292, 0, 0, 0
174001, 7232, 0, 0, 0
175000, 7235, 0, 0, 0
176000, 7392, 0, 0, 0
177000, 7527, 0, 0, 0
178000, 7300, 0, 0, 0
179001, 7236, 0, 0, 0
180000, 7311, 0, 0, 0
