1000, 2344604, 0, 0, 0
2000, 2338332, 0, 0, 0
3000, 2334880, 0, 0, 0
4001, 2216977, 0, 0, 0
5000, 2225515, 0, 0, 0
6000, 2306897, 0, 0, 0
7001, 2267652, 0, 0, 0
8000, 2456186, 0, 0, 0
9000, 2504382, 0, 0, 0
10001, 2569694, 0, 0, 0
11002, 2308398, 0, 0, 0
12000, 2285699, 0, 0, 0
13001, 2309914, 0, 0, 0
14000, 2282514, 0, 0, 0
15001, 2329647, 0, 0, 0
16001, 2280010, 0, 0, 0
17000, 2303964, 0, 0, 0
18000, 2297235, 0, 0, 0
19000, 2388811, 0, 0, 0
20002, 2440096, 0, 0, 0
21000, 2356533, 0, 0, 0
22000, 2290575, 0, 0, 0
23000, 2181028, 0, 0, 0
24001, 2297924, 0, 0, 0
25000, 2232566, 0, 0, 0
26001, 2403774, 0, 0, 0
27001, 2229401, 0, 0, 0
28001, 2252656, 0, 0, 0
29000, 2221689, 0, 0, 0
30000, 2255659, 0, 0, 0
31001, 2240621, 0, 0, 0
32001, 2264637, 0, 0, 0
33000, 2433473, 0, 0, 0
34001, 2324637, 0, 0, 0
35000, 2288061, 0, 0, 0
36000, 2271120, 0, 0, 0
37001, 2367969, 0, 0, 0
38000, 2303788, 0, 0, 0
39000, 2282033, 0, 0, 0
40000, 2249125, 0, 0, 0
41001, 2235428, 0, 0, 0
42001, 2264853, 0, 0, 0
43001, 2171147, 0, 0, 0
44001, 2279260, 0, 0, 0
45001, 2280230, 0, 0, 0
46002, 2187274, 0, 0, 0
47001, 2194241, 0, 0, 0
48000, 2275821, 0, 0, 0
49002, 2295426, 0, 0, 0
50002, 2248972, 0, 0, 0
51000, 2239850, 0, 0, 0
52000, 2239862, 0, 0, 0
53001, 2277290, 0, 0, 0
54001, 2290503, 0, 0, 0
55001, 2285267, 0, 0, 0
56000, 2336199, 0, 0, 0
57000, 2317859, 0, 0, 0
58001, 2363238, 0, 0, 0
59000, 2289060, 0, 0, 0
60001, 2341426, 0, 0, 0
61000, 2364203, 0, 0, 0
62000, 2242749, 0, 0, 0
63001, 2206960, 0, 0, 0
64002, 2272708, 0, 0, 0
65001, 2283320, 0, 0, 0
66000, 2213185, 0, 0, 0
67000, 2169729, 0, 0, 0
68000, 2214424, 0, 0, 0
69000, 2175411, 0, 0, 0
70001, 2426896, 0, 0, 0
71002, 2346040, 0, 0, 0
72002, 2219350, 0, 0, 0
73000, 2202079, 0, 0, 0
74000, 2311283, 0, 0, 0
75001, 2286994, 0, 0, 0
76002, 2282268, 0, 0, 0
77001, 2365238, 0, 0, 0
78003, 2343230, 0, 0, 0
79000, 2262631, 0, 0, 0
80001, 2319043, 0, 0, 0
81001, 2423755, 0, 0, 0
82001, 2290889, 0, 0, 0
83000, 2237722, 0, 0, 0
84001, 2362890, 0, 0, 0
85001, 2334137, 0, 0, 0
86001, 2514737, 0, 0, 0
87000, 2435210, 0, 0, 0
88002, 2342182, 0, 0, 0
89000, 2205987, 0, 0, 0
90000, 2219741, 0, 0, 0
91001, 2302402, 0, 0, 0
92001, 2324307, 0, 0, 0
93002, 2403210, 0, 0, 0
94002, 2219292, 0, 0, 0
95002, 2304768, 0, 0, 0
96001, 2237570, 0, 0, 0
97001, 2249182, 0, 0, 0
98001, 2224795, 0, 0, 0
99000, 2319353, 0, 0, 0
100001, 2364472, 0, 0, 0
101002, 2230572, 0, 0, 0
102000, 2277730, 0, 0, 0
103001, 2234981, 0, 0, 0
104004, 2303923, 0, 0, 0
105000, 2276478, 0, 0, 0
106000, 2279108, 0, 0, 0
107001, 2325716, 0, 0, 0
108000, 2368680, 0, 0, 0
109001, 2370193, 0, 0, 0
110001, 2248836, 0, 0, 0
111000, 2304821, 0, 0, 0
112000, 2185523, 0, 0, 0
113001, 2220313, 0, 0, 0
114000, 2227832, 0, 0, 0
115000, 2199543, 0, 0, 0
116000, 2224020, 0, 0, 0
117001, 2302358, 0, 0, 0
118000, 2303339, 0, 0, 0
119000, 2312801, 0, 0, 0
120001, 2256133, 0, 0, 0
121000, 2221526, 0, 0, 0
122001, 2292487, 0, 0, 0
123000, 2284328, 0, 0, 0
124000, 2376325, 0, 0, 0
125000, 2194972, 0, 0, 0
126002, 2189405, 0, 0, 0
127000, 2296892, 0, 0, 0
128001, 2230564, 0, 0, 0
129000, 2257526, 0, 0, 0
130001, 2246982, 0, 0, 0
131001, 2270677, 0, 0, 0
132001, 2193555, 0, 0, 0
133001, 2265829, 0, 0, 0
134000, 2217522, 0, 0, 0
135000, 2234657, 0, 0, 0
136002, 2248035, 0, 0, 0
137001, 2404468, 0, 0, 0
138002, 2297894, 0, 0, 0
139001, 2252722, 0, 0, 0
140000, 2281999, 0, 0, 0
141000, 2240321, 0, 0, 0
142001, 2308352, 0, 0, 0
143006, 2334913, 0, 0, 0
144001, 2236897, 0, 0, 0
145000, 2440055, 0, 0, 0
146000, 2259715, 0, 0, 0
147001, 2211996, 0, 0, 0
148000, 2183134, 0, 0, 0
149001, 2474986, 0, 0, 0
150001, 2223641, 0, 0, 0
151000, 2304594, 0, 0, 0
152402, 3483509, 0, 0, 0
153001, 2217616, 0, 0, 0
154000, 2256358, 0, 0, 0
155002, 2224814, 0, 0, 0
156000, 2233413, 0, 0, 0
157000, 2271213, 0, 0, 0
158002, 2253534, 0, 0, 0
159000, 2260641, 0, 0, 0
160002, 2254258, 0, 0, 0
161000, 2233137, 0, 0, 0
162001, 2217139, 0, 0, 0
163002, 2196411, 0, 0, 0
164001, 2217684, 0, 0, 0
165003, 2176284, 0, 0, 0
166001, 2208356, 0, 0, 0
167001, 2234985, 0, 0, 0
168001, 2213563, 0, 0, 0
169000, 2279520, 0, 0, 0
170000, 2229066, 0, 0, 0
171001, 2226007, 0, 0, 0
172002, 2230446, 0, 0, 0
173001, 2217063, 0, 0, 0
174001, 2158200, 0, 0, 0
175000, 2130124, 0, 0, 0
176000, 2437461, 0, 0, 0
177000, 2165955, 0, 0, 0
178000, 2220120, 0, 0, 0
179000, 2259757, 0, 0, 0
180001, 2201282, 0, 0, 0
