1002, 2158, 0, 0, 0
2000, 2047, 0, 0, 0
3007, 2122, 0, 0, 0
4000, 2206, 0, 0, 0
5002, 2163, 0, 0, 0
6000, 2125, 0, 0, 0
7000, 2113, 0, 0, 0
8001, 2182, 0, 0, 0
9000, 2107, 0, 0, 0
10001, 2096, 0, 0, 0
11001, 2095, 0, 0, 0
12002, 2249, 0, 0, 0
13000, 2136, 0, 0, 0
14001, 2164, 0, 0, 0
15000, 2192, 0, 0, 0
16000, 2141, 0, 0, 0
17001, 2127, 0, 0, 0
18000, 2072, 0, 0, 0
19000, 2121, 0, 0, 0
20000, 2178, 0, 0, 0
21000, 2186, 0, 0, 0
22000, 2118, 0, 0, 0
23001, 2109, 0, 0, 0
24001, 2073, 0, 0, 0
25000, 2099, 0, 0, 0
26001, 2220, 0, 0, 0
27000, 2046, 0, 0, 0
28000, 2030, 0, 0, 0
29000, 2031, 0, 0, 0
30002, 2078, 0, 0, 0
31001, 1994, 0, 0, 0
32002, 2056, 0, 0, 0
33000, 2183, 0, 0, 0
34001, 2004, 0, 0, 0
35000, 2059, 0, 0, 0
36000, 2031, 0, 0, 0
37006, 1985, 0, 0, 0
38000, 2031, 0, 0, 0
39001, 1940, 0, 0, 0
40000, 2123, 0, 0, 0
41000, 1954, 0, 0, 0
42004, 1982, 0, 0, 0
43001, 2097, 0, 0, 0
44000, 1978, 0, 0, 0
45001, 2112, 0, 0, 0
46000, 2088, 0, 0, 0
47001, 2132, 0, 0, 0
48004, 2119, 0, 0, 0
49001, 2103, 0, 0, 0
50000, 2081, 0, 0, 0
51001, 2092, 0, 0, 0
52000, 2159, 0, 0, 0
53002, 2027, 0, 0, 0
54002, 1978, 0, 0, 0
55000, 2017, 0, 0, 0
56004, 2112, 0, 0, 0
57000, 2043, 0, 0, 0
58001, 2164, 0, 0, 0
59001, 2116, 0, 0, 0
60000, 2123, 0, 0, 0
61000, 2059, 0, 0, 0
62001, 2044, 0, 0, 0
63000, 2206, 0, 0, 0
64001, 2067, 0, 0, 0
65000, 2077, 0, 0, 0
66001, 2071, 0, 0, 0
67001, 2077, 0, 0, 0
68002, 2110, 0, 0, 0
69000, 2042, 0, 0, 0
70002, 2110, 0, 0, 0
71001, 1993, 0, 0, 0
72002, 1983, 0, 0, 0
73001, 1993, 0, 0, 0
74001, 2060, 0, 0, 0
75000, 2036, 0, 0, 0
76000, 2063, 0, 0, 0
77001, 2047, 0, 0, 0
78001, 2024, 0, 0, 0
79000, 1999, 0, 0, 0
80000, 1920, 0, 0, 0
81000, 1915, 0, 0, 0
82000, 1923, 0, 0, 0
83002, 1992, 0, 0, 0
84000, 2049, 0, 0, 0
85000, 1982, 0, 0, 0
86000, 2056, 0, 0, 0
87000, 2057, 0, 0, 0
88001, 2005, 0, 0, 0
89000, 2041, 0, 0, 0
90000, 1948, 0, 0, 0
91000, 2083, 0, 0, 0
92000, 2116, 0, 0, 0
93000, 1965, 0, 0, 0
94001, 2089, 0, 0, 0
95000, 2085, 0, 0, 0
96000, 2052, 0, 0, 0
97002, 2008, 0, 0, 0
98000, 2023, 0, 0, 0
99000, 2091, 0, 0, 0
100002, 2130, 0, 0, 0
101001, 2056, 0, 0, 0
102002, 2055, 0, 0, 0
103000, 2066, 0, 0, 0
104000, 1982, 0, 0, 0
105001, 2069, 0, 0, 0
106000, 2058, 0, 0, 0
107001, 2040, 0, 0, 0
108001, 2074, 0, 0, 0
109000, 2079, 0, 0, 0
110001, 2057, 0, 0, 0
111000, 2174, 0, 0, 0
112001, 2174, 0, 0, 0
113000, 2182, 0, 0, 0
114001, 2118, 0, 0, 0
115005, 2137, 0, 0, 0
116000, 2107, 0, 0, 0
117003, 2152, 0, 0, 0
118001, 2222, 0, 0, 0
119000, 2226, 0, 0, 0
120000, 2150, 0, 0, 0
121001, 2161, 0, 0, 0
122002, 2266, 0, 0, 0
123001, 2148, 0, 0, 0
124002, 2156, 0, 0, 0
125002, 2098, 0, 0, 0
126001, 2097, 0, 0, 0
127000, 2087, 0, 0, 0
128001, 2068, 0, 0, 0
129000, 2096, 0, 0, 0
130001, 2102, 0, 0, 0
131000, 2018, 0, 0, 0
132001, 2013, 0, 0, 0
133001, 2095, 0, 0, 0
134002, 2038, 0, 0, 0
135000, 1921, 0, 0, 0
136000, 1926, 0, 0, 0
137001, 1987, 0, 0, 0
138000, 2036, 0, 0, 0
139000, 2166, 0, 0, 0
140000, 2011, 0, 0, 0
141001, 2060, 0, 0, 0
142000, 2103, 0, 0, 0
143000, 2096, 0, 0, 0
144001, 2194, 0, 0, 0
145000, 2000, 0, 0, 0
146000, 2047, 0, 0, 0
147001, 2044, 0, 0, 0
148000, 1926, 0, 0, 0
149001, 2122, 0, 0, 0
150000, 2106, 0, 0, 0
151002, 2153, 0, 0, 0
152403, 2036, 0, 0, 0
153000, 2000, 0, 0, 0
154002, 2036, 0, 0, 0
155001, 2076, 0, 0, 0
156001, 2057, 0, 0, 0
157001, 2177, 0, 0, 0
158000, 2100, 0, 0, 0
159000, 2106, 0, 0, 0
160001, 2068, 0, 0, 0
161001, 2045, 0, 0, 0
162000, 2116, 0, 0, 0
163003, 2044, 0, 0, 0
164002, 1998, 0, 0, 0
165000, 2046, 0, 0, 0
166002, 2060, 0, 0, 0
167000, 2046, 0, 0, 0
168001, 2083, 0, 0, 0
169001, 2063, 0, 0, 0
170000, 2079, 0, 0, 0
171000, 1959, 0, 0, 0
172001, 2075, 0, 0, 0
173000, 2020, 0, 0, 0
174000, 1993, 0, 0, 0
175001, 1975, 0, 0, 0
176001, 2050, 0, 0, 0
177001, 2000, 0, 0, 0
178000, 1970, 0, 0, 0
179002, 1859, 0, 0, 0
180000, 1988, 0, 0, 0
