1001, 14797599, 0, 0, 0
2001, 17138724, 0, 0, 0
3000, 16839863, 0, 0, 0
4005, 16861613, 0, 0, 0
5000, 16820964, 0, 0, 0
6000, 16790989, 0, 0, 0
7005, 16284042, 0, 0, 0
8000, 16782863, 0, 0, 0
9000, 16645382, 0, 0, 0
10000, 16892430, 0, 0, 0
11000, 16516881, 0, 0, 0
12009, 16841403, 0, 0, 0
13000, 16877942, 0, 0, 0
14000, 16531248, 0, 0, 0
15000, 16718756, 0, 0, 0
16004, 16703852, 0, 0, 0
17000, 16900749, 0, 0, 0
18001, 16691705, 0, 0, 0
19000, 16511048, 0, 0, 0
20000, 17138711, 0, 0, 0
21003, 16533076, 0, 0, 0
22000, 17002373, 0, 0, 0
23006, 16426794, 0, 0, 0
24000, 16999367, 0, 0, 0
25006, 16584659, 0, 0, 0
26000, 16833167, 0, 0, 0
27000, 17036705, 0, 0, 0
28004, 16699063, 0, 0, 0
29002, 16672203, 0, 0, 0
30000, 16868431, 0, 0, 0
31000, 16697945, 0, 0, 0
32004, 16612597, 0, 0, 0
33000, 16557829, 0, 0, 0
34000, 16861379, 0, 0, 0
35002, 16656313, 0, 0, 0
36001, 16922277, 0, 0, 0
37006, 16494088, 0, 0, 0
38000, 16869381, 0, 0, 0
39001, 16973285, 0, 0, 0
40006, 16399068, 0, 0, 0
41000, 17009650, 0, 0, 0
42000, 17084227, 0, 0, 0
43007, 16203465, 0, 0, 0
44000, 16648730, 0, 0, 0
45000, 16805913, 0, 0, 0
46000, 16834909, 0, 0, 0
47000, 16850554, 0, 0, 0
48000, 16879264, 0, 0, 0
49006, 16567271, 0, 0, 0
50000, 16759981, 0, 0, 0
51000, 17070687, 0, 0, 0
52003, 16891845, 0, 0, 0
53000, 16713436, 0, 0, 0
54000, 16740909, 0, 0, 0
55003, 16704810, 0, 0, 0
56000, 16847421, 0, 0, 0
57004, 16593724, 0, 0, 0
58000, 16907572, 0, 0, 0
59000, 16523812, 0, 0, 0
60005, 16423785, 0, 0, 0
61000, 16801219, 0, 0, 0
62000, 16992971, 0, 0, 0
63000, 16380622, 0, 0, 0
64005, 16482036, 0, 0, 0
65000, 17060068, 0, 0, 0
66000, 16689388, 0, 0, 0
67001, 16513497, 0, 0, 0
68000, 16798406, 0, 0, 0
69004, 16742701, 0, 0, 0
70001, 16811951, 0, 0, 0
71000, 16728039, 0, 0, 0
72002, 16583757, 0, 0, 0
73000, 16650359, 0, 0, 0
74000, 16765809, 0, 0, 0
75000, 16661118, 0, 0, 0
76000, 17099129, 0, 0, 0
77000, 16354006, 0, 0, 0
78002, 16722451, 0, 0, 0
79000, 16839150, 0, 0, 0
80005, 16504892, 0, 0, 0
81000, 16586650, 0, 0, 0
82000, 16940710, 0, 0, 0
83001, 16694947, 0, 0, 0
84000, 16991954, 0, 0, 0
85007, 16487906, 0, 0, 0
86001, 16394428, 0, 0, 0
87000, 16858276, 0, 0, 0
88000, 16756241, 0, 0, 0
89000, 16887338, 0, 0, 0
90000, 16615452, 0, 0, 0
91005, 16385539, 0, 0, 0
92000, 16753767, 0, 0, 0
93000, 16880930, 0, 0, 0
94006, 15940097, 0, 0, 0
95000, 17196505, 0, 0, 0
96007, 16165390, 0, 0, 0
97000, 17030754, 0, 0, 0
98001, 16665174, 0, 0, 0
99000, 16742453, 0, 0, 0
100000, 16726436, 0, 0, 0
101000, 16744011, 0, 0, 0
102000, 16645090, 0, 0, 0
103003, 17002545, 0, 0, 0
104000, 16993320, 0, 0, 0
105000, 16634569, 0, 0, 0
106005, 16657314, 0, 0, 0
107000, 16813092, 0, 0, 0
108000, 16587555, 0, 0, 0
109001, 16695002, 0, 0, 0
110000, 16711472, 0, 0, 0
111004, 16565621, 0, 0, 0
112001, 16998590, 0, 0, 0
113000, 16669422, 0, 0, 0
114000, 16479269, 0, 0, 0
115003, 16710292, 0, 0, 0
116000, 18630506, 0, 0, 0
117000, 16310078, 0, 0, 0
118006, 16681389, 0, 0, 0
119001, 16926133, 0, 0, 0
120000, 16873521, 0, 0, 0
121000, 16861190, 0, 0, 0
122001, 16729651, 0, 0, 0
123004, 16869670, 0, 0, 0
124000, 16771689, 0, 0, 0
125000, 16492410, 0, 0, 0
126000, 17002755, 0, 0, 0
127000, 16913154, 0, 0, 0
128000, 16857786, 0, 0, 0
129000, 16485593, 0, 0, 0
130000, 16861348, 0, 0, 0
131000, 16495095, 0, 0, 0
132002, 16647409, 0, 0, 0
133001, 16816436, 0, 0, 0
134004, 16576299, 0, 0, 0
135000, 16703325, 0, 0, 0
136001, 16613939, 0, 0, 0
137000, 16766482, 0, 0, 0
138000, 16846682, 0, 0, 0
139000, 16740079, 0, 0, 0
140000, 16714752, 0, 0, 0
141000, 16664802, 0, 0, 0
142001, 16779830, 0, 0, 0
143000, 16902859, 0, 0, 0
144000, 16545680, 0, 0, 0
145003, 16779507, 0, 0, 0
146000, 17072575, 0, 0, 0
147000, 16521048, 0, 0, 0
148000, 16737795, 0, 0, 0
149000, 16774411, 0, 0, 0
150001, 16944904, 0, 0, 0
151005, 16472909, 0, 0, 0
152000, 16932950, 0, 0, 0
153000, 16499087, 0, 0, 0
154004, 16544603, 0, 0, 0
155000, 16770889, 0, 0, 0
156000, 16709258, 0, 0, 0
157005, 16407465, 0, 0, 0
158002, 16968897, 0, 0, 0
159000, 16912660, 0, 0, 0
160005, 16513153, 0, 0, 0
161000, 16957713, 0, 0, 0
162000, 17024141, 0, 0, 0
163007, 16582017, 0, 0, 0
164000, 16965062, 0, 0, 0
165000, 16956171, 0, 0, 0
166006, 16449397, 0, 0, 0
167000, 17168569, 0, 0, 0
168000, 16656395, 0, 0, 0
169005, 16315050, 0, 0, 0
170000, 17014798, 0, 0, 0
171000, 16717704, 0, 0, 0
172000, 16580741, 0, 0, 0
173001, 16454008, 0, 0, 0
174000, 16826411, 0, 0, 0
175005, 16917869, 0, 0, 0
176000, 16692473, 0, 0, 0
177000, 16702489, 0, 0, 0
178002, 16765859, 0, 0, 0
179000, 16847680, 0, 0, 0
180006, 16249001, 0, 0, 0
180008, 56420220, 0, 0, 0
