1017, 2192, 1, 0, 0
2011, 2327, 1, 0, 0
3021, 2283, 1, 0, 0
4014, 2275, 1, 0, 0
5023, 2336, 1, 0, 0
6019, 2365, 1, 0, 0
7011, 2430, 1, 0, 0
8019, 2402, 1, 0, 0
9011, 2520, 1, 0, 0
10022, 2480, 1, 0, 0
11016, 10643, 1, 0, 0
12011, 2354, 1, 0, 0
13022, 3835, 1, 0, 0
14011, 2356, 1, 0, 0
15010, 2323, 1, 0, 0
16009, 3379, 1, 0, 0
17013, 2420, 1, 0, 0
18017, 2385, 1, 0, 0
19019, 4369, 1, 0, 0
20011, 2374, 1, 0, 0
21020, 2352, 1, 0, 0
22015, 2299, 1, 0, 0
23024, 2308, 1, 0, 0
24015, 2353, 1, 0, 0
25023, 2438, 1, 0, 0
26015, 2338, 1, 0, 0
27009, 2964, 1, 0, 0
28021, 2297, 1, 0, 0
29016, 2335, 1, 0, 0
30009, 2353, 1, 0, 0
31020, 2336, 1, 0, 0
32000, 3372, 1, 0, 0
33008, 2259, 1, 0, 0
34021, 2378, 1, 0, 0
35012, 2307, 1, 0, 0
36011, 2251, 1, 0, 0
37015, 3366, 1, 0, 0
38023, 6872, 1, 0, 0
39016, 2308, 1, 0, 0
40009, 2416, 1, 0, 0
41002, 2419, 1, 0, 0
42012, 4625, 1, 0, 0
43011, 2500, 1, 0, 0
44018, 2332, 1, 0, 0
45002, 2270, 1, 0, 0
46019, 2375, 1, 0, 0
47013, 2322, 1, 0, 0
48008, 2342, 1, 0, 0
49018, 2321, 1, 0, 0
50012, 2388, 1, 0, 0
51000, 2385, 1, 0, 0
52014, 2295, 1, 0, 0
53008, 2355, 1, 0, 0
54014, 2339, 1, 0, 0
55024, 2497, 1, 0, 0
56018, 2379, 1, 0, 0
57012, 2435, 1, 0, 0
58000, 2329, 1, 0, 0
59000, 2251, 1, 0, 0
60009, 2345, 1, 0, 0
61018, 2356, 1, 0, 0
62014, 2422, 1, 0, 0
63009, 2390, 1, 0, 0
64017, 2312, 1, 0, 0
65010, 2429, 1, 0, 0
66019, 2421, 1, 0, 0
67009, 2460, 1, 0, 0
68011, 2360, 1, 0, 0
69031, 2352, 1, 0, 0
70010, 2416, 1, 0, 0
71018, 2264, 1, 0, 0
72011, 5257, 1, 0, 0
73020, 2387, 1, 0, 0
74014, 2408, 1, 0, 0
75025, 2346, 1, 0, 0
76013, 2342, 1, 0, 0
77015, 2335, 1, 0, 0
78010, 2364, 1, 0, 0
79018, 2302, 1, 0, 0
80012, 2384, 1, 0, 0
81022, 2340, 1, 0, 0
82015, 2247, 1, 0, 0
83009, 2338, 1, 0, 0
84009, 2355, 1, 0, 0
85008, 2434, 1, 0, 0
86018, 2384, 1, 0, 0
87011, 2357, 1, 0, 0
88021, 2358, 1, 0, 0
89014, 2426, 1, 0, 0
90009, 2391, 1, 0, 0
91019, 2403, 1, 0, 0
92016, 2405, 1, 0, 0
93013, 2354, 1, 0, 0
94012, 2327, 1, 0, 0
95016, 2393, 1, 0, 0
96010, 2457, 1, 0, 0
97014, 2432, 1, 0, 0
98011, 2431, 1, 0, 0
99009, 2500, 1, 0, 0
100015, 2453, 1, 0, 0
101008, 2398, 1, 0, 0
102000, 2499, 1, 0, 0
103001, 2520, 1, 0, 0
104012, 2473, 1, 0, 0
105017, 2338, 1, 0, 0
106010, 2468, 1, 0, 0
107023, 2443, 1, 0, 0
108002, 2293, 1, 0, 0
109012, 2361, 1, 0, 0
110020, 2374, 1, 0, 0
111016, 2299, 1, 0, 0
112013, 2356, 1, 0, 0
113008, 2399, 1, 0, 0
114013, 2323, 1, 0, 0
115010, 2402, 1, 0, 0
116016, 2351, 1, 0, 0
117010, 2390, 1, 0, 0
118000, 2344, 1, 0, 0
119013, 2349, 1, 0, 0
120021, 2418, 1, 0, 0
121015, 2253, 1, 0, 0
122011, 2326, 1, 0, 0
123000, 2339, 1, 0, 0
124018, 2439, 1, 0, 0
125011, 2380, 1, 0, 0
126009, 2401, 1, 0, 0
127017, 2399, 1, 0, 0
128009, 2393, 1, 0, 0
129018, 2338, 1, 0, 0
130011, 2558, 1, 0, 0
131022, 2356, 1, 0, 0
132010, 2359, 1, 0, 0
133009, 2326, 1, 0, 0
134017, 2426, 1, 0, 0
135009, 2312, 1, 0, 0
136019, 2313, 1, 0, 0
137011, 2370, 1, 0, 0
138015, 2305, 1, 0, 0
139016, 2311, 1, 0, 0
140010, 2350, 1, 0, 0
141019, 2354, 1, 0, 0
142001, 2302, 1, 0, 0
143011, 2376, 1, 0, 0
144011, 2272, 1, 0, 0
145013, 2333, 1, 0, 0
146021, 2407, 1, 0, 0
147010, 2318, 1, 0, 0
148000, 2414, 1, 0, 0
149014, 2306, 1, 0, 0
150023, 2470, 1, 0, 0
151015, 2388, 1, 0, 0
152008, 2442, 1, 0, 0
153018, 2330, 1, 0, 0
154005, 2322, 1, 0, 0
155009, 2301, 1, 0, 0
156014, 2284, 1, 0, 0
157015, 2357, 1, 0, 0
158023, 2421, 1, 0, 0
159014, 2352, 1, 0, 0
160022, 2401, 1, 0, 0
161015, 2334, 1, 0, 0
162025, 2360, 1, 0, 0
163023, 2390, 1, 0, 0
164009, 2349, 1, 0, 0
165023, 2274, 1, 0, 0
166014, 2329, 1, 0, 0
167023, 2359, 1, 0, 0
168001, 2332, 1, 0, 0
169011, 2473, 1, 0, 0
170000, 2389, 1, 0, 0
171015, 2373, 1, 0, 0
172011, 2396, 1, 0, 0
173002, 2381, 1, 0, 0
174013, 2353, 1, 0, 0
175022, 2465, 1, 0, 0
176007, 2380, 1, 0, 0
177008, 2379, 1, 0, 0
178013, 2370, 1, 0, 0
179008, 2406, 1, 0, 0
180045, 2470, 1, 0, 0
