1031, 13678, 0, 0, 0
2024, 50075, 0, 0, 0
3017, 73305, 0, 0, 0
4028, 59995, 0, 0, 0
5025, 12514, 0, 0, 0
6019, 4647, 0, 0, 0
7025, 108080, 0, 0, 0
8019, 4431, 0, 0, 0
9021, 5523, 0, 0, 0
10017, 100412, 0, 0, 0
11020, 2155, 0, 0, 0
12019, 2135, 0, 0, 0
13029, 39669, 0, 0, 0
14023, 2150, 0, 0, 0
15019, 2180, 0, 0, 0
16004, 2250, 0, 0, 0
17023, 4593, 0, 0, 0
18017, 2203, 0, 0, 0
19030, 2216, 0, 0, 0
20026, 2146, 0, 0, 0
21022, 2158, 0, 0, 0
22031, 2953, 0, 0, 0
23021, 16292, 0, 0, 0
24019, 3647, 0, 0, 0
25029, 2248, 0, 0, 0
26023, 15491, 0, 0, 0
27016, 3154, 0, 0, 0
28025, 6703, 0, 0, 0
29022, 45742, 0, 0, 0
30015, 2188, 0, 0, 0
31025, 53108, 0, 0, 0
32018, 3949, 0, 0, 0
33015, 4072, 0, 0, 0
34015, 2114, 0, 0, 0
35021, 2269, 0, 0, 0
36031, 2154, 0, 0, 0
37026, 4007, 0, 0, 0
38023, 2299, 0, 0, 0
39018, 3531, 0, 0, 0
40030, 3595, 0, 0, 0
41023, 2550, 0, 0, 0
42015, 2425, 0, 0, 0
43021, 2214, 0, 0, 0
44019, 2308, 0, 0, 0
45030, 52081, 0, 0, 0
46020, 2499, 0, 0, 0
47022, 12167, 0, 0, 0
48017, 6552, 0, 0, 0
49030, 2808, 0, 0, 0
50026, 3028, 0, 0, 0
51023, 4184, 0, 0, 0
52017, 6527, 0, 0, 0
53022, 4606, 0, 0, 0
54021, 3602, 0, 0, 0
55018, 2202, 0, 0, 0
56029, 3087, 0, 0, 0
57020, 3088, 0, 0, 0
58019, 2343, 0, 0, 0
59023, 2783, 0, 0, 0
60019, 2640, 0, 0, 0
61030, 2731, 0, 0, 0
62026, 2146, 0, 0, 0
63020, 2418, 0, 0, 0
64016, 2229, 0, 0, 0
65024, 4810, 0, 0, 0
66015, 5170, 0, 0, 0
67016, 7971, 0, 0, 0
68023, 3082, 0, 0, 0
69015, 2227, 0, 0, 0
70026, 6690, 0, 0, 0
71023, 2316, 0, 0, 0
72018, 3951, 0, 0, 0
73017, 51799, 0, 0, 0
74023, 8167, 0, 0, 0
75018, 2932, 0, 0, 0
76029, 2975, 0, 0, 0
77024, 2989, 0, 0, 0
78020, 44724, 0, 0, 0
79015, 55595, 0, 0, 0
80026, 3173, 0, 0, 0
81020, 45701, 0, 0, 0
82016, 3814, 0, 0, 0
83018, 2155, 0, 0, 0
84022, 2270, 0, 0, 0
85017, 2221, 0, 0, 0
86023, 2265, 0, 0, 0
87017, 5367, 0, 0, 0
88017, 8026, 0, 0, 0
89016, 2141, 0, 0, 0
90021, 2884, 0, 0, 0
91024, 2617, 0, 0, 0
92023, 2219, 0, 0, 0
93018, 42996, 0, 0, 0
94015, 2381, 0, 0, 0
95018, 3049, 0, 0, 0
96017, 42408, 0, 0, 0
97025, 3735, 0, 0, 0
98020, 8445, 0, 0, 0
99022, 6952, 0, 0, 0
100024, 2267, 0, 0, 0
101020, 4217, 0, 0, 0
102021, 9806, 0, 0, 0
103023, 2989, 0, 0, 0
104017, 2139, 0, 0, 0
105016, 2134, 0, 0, 0
106019, 2274, 0, 0, 0
107024, 7717, 0, 0, 0
108022, 2086, 0, 0, 0
109020, 2130, 0, 0, 0
110018, 2380, 0, 0, 0
111021, 2037, 0, 0, 0
112015, 2246, 0, 0, 0
113025, 2250, 0, 0, 0
114021, 2227, 0, 0, 0
115015, 2235, 0, 0, 0
116018, 2214, 0, 0, 0
117021, 2177, 0, 0, 0
118017, 2246, 0, 0, 0
119028, 2258, 0, 0, 0
120022, 2209, 0, 0, 0
121031, 2239, 0, 0, 0
122001, 2233, 0, 0, 0
123016, 2183, 0, 0, 0
124000, 2209, 0, 0, 0
125018, 2197, 0, 0, 0
126028, 2200, 0, 0, 0
127021, 2171, 0, 0, 0
128016, 2329, 0, 0, 0
129027, 2224, 0, 0, 0
130022, 2354, 0, 0, 0
131016, 2252, 0, 0, 0
132026, 2474, 0, 0, 0
133018, 2215, 0, 0, 0
134015, 2180, 0, 0, 0
135004, 2287, 0, 0, 0
136022, 2254, 0, 0, 0
137023, 2214, 0, 0, 0
138016, 2273, 0, 0, 0
139025, 2217, 0, 0, 0
140019, 2220, 0, 0, 0
141015, 2202, 0, 0, 0
142026, 2267, 0, 0, 0
143019, 2195, 0, 0, 0
144017, 3874, 0, 0, 0
145028, 2234, 0, 0, 0
146023, 2182, 0, 0, 0
147017, 2180, 0, 0, 0
148026, 2140, 0, 0, 0
149018, 2688, 0, 0, 0
150030, 5108, 0, 0, 0
151022, 44195, 0, 0, 0
152018, 7094, 0, 0, 0
153028, 2218, 0, 0, 0
154021, 2123, 0, 0, 0
155017, 2141, 0, 0, 0
156015, 2149, 0, 0, 0
157027, 37538, 0, 0, 0
158021, 2208, 0, 0, 0
159016, 2136, 0, 0, 0
160028, 2262, 0, 0, 0
161024, 2198, 0, 0, 0
162017, 2138, 0, 0, 0
163017, 3414, 0, 0, 0
164021, 2146, 0, 0, 0
165015, 2198, 0, 0, 0
166016, 2227, 0, 0, 0
167019, 3426, 0, 0, 0
168030, 4800, 0, 0, 0
169001, 3664, 0, 0, 0
170022, 2362, 0, 0, 0
171017, 2247, 0, 0, 0
172027, 2177, 0, 0, 0
173022, 2067, 0, 0, 0
174019, 2077, 0, 0, 0
175015, 2122, 0, 0, 0
176027, 2175, 0, 0, 0
177017, 2161, 0, 0, 0
178014, 2104, 0, 0, 0
179027, 3992, 0, 0, 0
180071, 2240, 0, 0, 0
