1000, 29671090, 0, 0, 0
2033, 32844614, 0, 0, 0
3032, 33394508, 0, 0, 0
4000, 33982644, 0, 0, 0
5031, 33043421, 0, 0, 0
6030, 33264318, 0, 0, 0
7000, 34447413, 0, 0, 0
8034, 32975843, 0, 0, 0
9031, 33655562, 0, 0, 0
10000, 33728327, 0, 0, 0
11000, 33494875, 0, 0, 0
12032, 32934245, 0, 0, 0
13043, 33223604, 0, 0, 0
14000, 33872337, 0, 0, 0
15033, 33039204, 0, 0, 0
16031, 33010998, 0, 0, 0
17000, 34042018, 0, 0, 0
18032, 32909614, 0, 0, 0
19036, 33358261, 0, 0, 0
20000, 34021199, 0, 0, 0
21033, 32943450, 0, 0, 0
22000, 33518314, 0, 0, 0
23000, 33418796, 0, 0, 0
24045, 32955604, 0, 0, 0
25039, 33627658, 0, 0, 0
26000, 33398281, 0, 0, 0
27035, 33523186, 0, 0, 0
28000, 33798700, 0, 0, 0
29033, 32955001, 0, 0, 0
30044, 33708541, 0, 0, 0
31000, 34097635, 0, 0, 0
32033, 33033713, 0, 0, 0
33044, 33326310, 0, 0, 0
34041, 33846197, 0, 0, 0
35032, 33312001, 0, 0, 0
36031, 33373141, 0, 0, 0
37039, 33801504, 0, 0, 0
38001, 33584391, 0, 0, 0
39041, 33425717, 0, 0, 0
40000, 33616691, 0, 0, 0
41033, 33264274, 0, 0, 0
42000, 34144049, 0, 0, 0
43031, 33174323, 0, 0, 0
44044, 33432807, 0, 0, 0
45000, 33606086, 0, 0, 0
46032, 33202535, 0, 0, 0
47043, 33246743, 0, 0, 0
48000, 34241734, 0, 0, 0
49032, 33016975, 0, 0, 0
50031, 33334823, 0, 0, 0
51038, 33577693, 0, 0, 0
52033, 33745591, 0, 0, 0
53003, 33779375, 0, 0, 0
54035, 34078250, 0, 0, 0
55033, 33420993, 0, 0, 0
56040, 33375220, 0, 0, 0
57037, 33445438, 0, 0, 0
58032, 33639510, 0, 0, 0
59006, 33290305, 0, 0, 0
60000, 34033529, 0, 0, 0
61000, 33289541, 0, 0, 0
62046, 33054279, 0, 0, 0
63000, 34222310, 0, 0, 0
64000, 33159721, 0, 0, 0
65034, 33537261, 0, 0, 0
66041, 33246946, 0, 0, 0
67030, 33636414, 0, 0, 0
68031, 33241422, 0, 0, 0
69000, 34053254, 0, 0, 0
70037, 32633716, 0, 0, 0
71033, 33521912, 0, 0, 0
72043, 33446476, 0, 0, 0
73000, 34433875, 0, 0, 0
74035, 32981764, 0, 0, 0
75031, 33536679, 0, 0, 0
76000, 33961060, 0, 0, 0
77035, 33077272, 0, 0, 0
78031, 33388122, 0, 0, 0
79032, 33359997, 0, 0, 0
80000, 34082217, 0, 0, 0
81000, 33061081, 0, 0, 0
82033, 32958092, 0, 0, 0
83040, 33597609, 0, 0, 0
84000, 33551858, 0, 0, 0
85045, 33422220, 0, 0, 0
86041, 33301689, 0, 0, 0
87000, 33912859, 0, 0, 0
88030, 33151595, 0, 0, 0
89030, 33553966, 0, 0, 0
90032, 33300892, 0, 0, 0
91030, 33392009, 0, 0, 0
92041, 33449157, 0, 0, 0
93034, 33480353, 0, 0, 0
94031, 33321915, 0, 0, 0
95043, 33380375, 0, 0, 0
96030, 33493327, 0, 0, 0
97034, 33626042, 0, 0, 0
98030, 33375884, 0, 0, 0
99000, 34027905, 0, 0, 0
100038, 33089869, 0, 0, 0
101032, 33309927, 0, 0, 0
102044, 33436335, 0, 0, 0
103030, 33421903, 0, 0, 0
104031, 33447729, 0, 0, 0
105000, 34161034, 0, 0, 0
106030, 32908977, 0, 0, 0
107033, 33785832, 0, 0, 0
108043, 33542192, 0, 0, 0
109000, 33840471, 0, 0, 0
110029, 33185335, 0, 0, 0
111000, 34056997, 0, 0, 0
112032, 33081618, 0, 0, 0
113035, 33274098, 0, 0, 0
114000, 34241922, 0, 0, 0
115033, 33251257, 0, 0, 0
116044, 33113808, 0, 0, 0
117000, 33980694, 0, 0, 0
118031, 33020748, 0, 0, 0
119000, 34296140, 0, 0, 0
120001, 32765448, 0, 0, 0
121032, 33283423, 0, 0, 0
122035, 33719057, 0, 0, 0
123029, 33287781, 0, 0, 0
124037, 33420742, 0, 0, 0
125032, 33118142, 0, 0, 0
126035, 33374783, 0, 0, 0
127030, 33309347, 0, 0, 0
128032, 33699099, 0, 0, 0
129032, 33461045, 0, 0, 0
130000, 34149773, 0, 0, 0
131034, 32936543, 0, 0, 0
132029, 33645646, 0, 0, 0
133040, 33414814, 0, 0, 0
134034, 33650921, 0, 0, 0
135030, 33170295, 0, 0, 0
136036, 33679743, 0, 0, 0
137031, 33441410, 0, 0, 0
138042, 33064935, 0, 0, 0
139030, 32938886, 0, 0, 0
140034, 33434291, 0, 0, 0
141044, 33256075, 0, 0, 0
142000, 34443523, 0, 0, 0
143033, 33042029, 0, 0, 0
144043, 33457932, 0, 0, 0
145000, 34416152, 0, 0, 0
146000, 32830845, 0, 0, 0
147043, 33192600, 0, 0, 0
148000, 33958525, 0, 0, 0
149030, 32914421, 0, 0, 0
150000, 34217800, 0, 0, 0
151000, 33226451, 0, 0, 0
152030, 33221057, 0, 0, 0
153000, 34030331, 0, 0, 0
154000, 32781205, 0, 0, 0
155000, 33767245, 0, 0, 0
156038, 33735876, 0, 0, 0
157029, 33450698, 0, 0, 0
158033, 33314472, 0, 0, 0
159029, 33153861, 0, 0, 0
160000, 34027730, 0, 0, 0
161033, 33064791, 0, 0, 0
162044, 33402128, 0, 0, 0
163030, 33457252, 0, 0, 0
164034, 33555637, 0, 0, 0
165029, 33339398, 0, 0, 0
166000, 34051301, 0, 0, 0
167032, 32548965, 0, 0, 0
168000, 33965540, 0, 0, 0
169032, 32643985, 0, 0, 0
170000, 33698232, 0, 0, 0
171000, 33097919, 0, 0, 0
172031, 33245482, 0, 0, 0
173041, 33759391, 0, 0, 0
174000, 33670216, 0, 0, 0
175032, 33044481, 0, 0, 0
176043, 33509563, 0, 0, 0
177000, 34034528, 0, 0, 0
178033, 32832293, 0, 0, 0
179000, 34245772, 0, 0, 0
180036, 32929093, 0, 0, 0
180043, 48358001, 0, 0, 0
