1001, 2624262, 0, 0, 0
2001, 2560332, 0, 0, 0
3000, 2491818, 0, 0, 0
4000, 2566507, 0, 0, 0
5000, 2553858, 0, 0, 0
6000, 2489650, 0, 0, 0
7000, 2501639, 0, 0, 0
8002, 2449909, 0, 0, 0
9000, 2603029, 0, 0, 0
10001, 2484813, 0, 0, 0
11000, 2497804, 0, 0, 0
12000, 2446252, 0, 0, 0
13002, 2525357, 0, 0, 0
14000, 2589382, 0, 0, 0
15000, 2480716, 0, 0, 0
16001, 2462241, 0, 0, 0
17000, 2486323, 0, 0, 0
18000, 2489418, 0, 0, 0
19002, 2580176, 0, 0, 0
20003, 2497011, 0, 0, 0
21000, 2584160, 0, 0, 0
22000, 2629129, 0, 0, 0
23001, 2587429, 0, 0, 0
24002, 2553866, 0, 0, 0
25001, 2590133, 0, 0, 0
26000, 2563560, 0, 0, 0
27000, 2496328, 0, 0, 0
28002, 2544913, 0, 0, 0
29001, 2557174, 0, 0, 0
30001, 2447173, 0, 0, 0
31000, 3956847, 0, 0, 0
32003, 2663963, 0, 0, 0
33001, 2700730, 0, 0, 0
34001, 2579308, 0, 0, 0
35001, 2580860, 0, 0, 0
36001, 2553084, 0, 0, 0
37000, 2562446, 0, 0, 0
38002, 2605223, 0, 0, 0
39000, 2561012, 0, 0, 0
40000, 2654996, 0, 0, 0
41001, 2517823, 0, 0, 0
42000, 2538439, 0, 0, 0
43000, 2626854, 0, 0, 0
44000, 2488217, 0, 0, 0
45000, 2667443, 0, 0, 0
46001, 2552017, 0, 0, 0
47000, 2456074, 0, 0, 0
48001, 2488095, 0, 0, 0
49001, 2520191, 0, 0, 0
50000, 2498709, 0, 0, 0
51001, 2543381, 0, 0, 0
52001, 2528881, 0, 0, 0
53000, 2530344, 0, 0, 0
54000, 2577746, 0, 0, 0
55001, 2492760, 0, 0, 0
56005, 2656582, 0, 0, 0
57000, 2471020, 0, 0, 0
58001, 2590626, 0, 0, 0
59000, 2500359, 0, 0, 0
60001, 2466747, 0, 0, 0
61000, 2524525, 0, 0, 0
62000, 2482114, 0, 0, 0
63000, 2514490, 0, 0, 0
64001, 2597206, 0, 0, 0
65001, 2483174, 0, 0, 0
66001, 2552916, 0, 0, 0
67000, 2525409, 0, 0, 0
68001, 2596349, 0, 0, 0
69001, 2578658, 0, 0, 0
70001, 2508337, 0, 0, 0
71000, 2563136, 0, 0, 0
72000, 2559274, 0, 0, 0
73000, 2592600, 0, 0, 0
74002, 2637486, 0, 0, 0
75002, 2509059, 0, 0, 0
76000, 2527963, 0, 0, 0
77003, 2533890, 0, 0, 0
78000, 2540670, 0, 0, 0
79001, 2430833, 0, 0, 0
80002, 2471697, 0, 0, 0
81001, 2493871, 0, 0, 0
82001, 2579757, 0, 0, 0
83002, 2540457, 0, 0, 0
84001, 2517052, 0, 0, 0
85001, 2541078, 0, 0, 0
86000, 2524130, 0, 0, 0
87000, 2532775, 0, 0, 0
88003, 2684200, 0, 0, 0
89002, 2578420, 0, 0, 0
90000, 2560907, 0, 0, 0
91001, 2568455, 0, 0, 0
92000, 2658835, 0, 0, 0
93002, 2617877, 0, 0, 0
94001, 2674326, 0, 0, 0
95001, 2627114, 0, 0, 0
96002, 2594555, 0, 0, 0
97004, 2550829, 0, 0, 0
98001, 2551722, 0, 0, 0
99001, 2502372, 0, 0, 0
100000, 2530580, 0, 0, 0
101000, 2527308, 0, 0, 0
102001, 2540442, 0, 0, 0
103001, 2465244, 0, 0, 0
104001, 2586160, 0, 0, 0
105001, 2667045, 0, 0, 0
106000, 2611048, 0, 0, 0
107001, 2594940, 0, 0, 0
108002, 2581190, 0, 0, 0
109000, 2574919, 0, 0, 0
110002, 2624384, 0, 0, 0
111003, 2582878, 0, 0, 0
112001, 2679189, 0, 0, 0
113000, 2652029, 0, 0, 0
114000, 2594116, 0, 0, 0
115001, 2560569, 0, 0, 0
116001, 2580128, 0, 0, 0
117001, 2548220, 0, 0, 0
118000, 2800262, 0, 0, 0
119001, 2618288, 0, 0, 0
120000, 2555596, 0, 0, 0
121002, 2532329, 0, 0, 0
122001, 2604657, 0, 0, 0
123000, 2531999, 0, 0, 0
124001, 2635209, 0, 0, 0
125001, 2613768, 0, 0, 0
126000, 2610557, 0, 0, 0
127002, 2674269, 0, 0, 0
128000, 2568988, 0, 0, 0
129000, 2598332, 0, 0, 0
130001, 2631011, 0, 0, 0
131000, 2625718, 0, 0, 0
132002, 2577710, 0, 0, 0
133001, 2637804, 0, 0, 0
134000, 2640579, 0, 0, 0
135000, 2593629, 0, 0, 0
136001, 2586807, 0, 0, 0
137001, 2599301, 0, 0, 0
138001, 2585639, 0, 0, 0
139002, 2708306, 0, 0, 0
140000, 2624422, 0, 0, 0
141000, 2565138, 0, 0, 0
142020, 2715985, 0, 0, 0
143000, 2508635, 0, 0, 0
144001, 2503186, 0, 0, 0
145000, 2660974, 0, 0, 0
146001, 2562104, 0, 0, 0
147000, 2716425, 0, 0, 0
148002, 2505746, 0, 0, 0
149001, 2591377, 0, 0, 0
150000, 2590632, 0, 0, 0
151001, 2589740, 0, 0, 0
152001, 2641323, 0, 0, 0
153000, 2623838, 0, 0, 0
154002, 2537095, 0, 0, 0
155001, 2702656, 0, 0, 0
156001, 2629996, 0, 0, 0
157001, 2612202, 0, 0, 0
158003, 2505377, 0, 0, 0
159000, 2513335, 0, 0, 0
160000, 2539898, 0, 0, 0
161000, 2653817, 0, 0, 0
162001, 2549017, 0, 0, 0
163002, 2567860, 0, 0, 0
164002, 2546115, 0, 0, 0
165000, 2516273, 0, 0, 0
166002, 2432947, 0, 0, 0
167000, 2497636, 0, 0, 0
168001, 2635057, 0, 0, 0
169002, 2629995, 0, 0, 0
170000, 2510858, 0, 0, 0
171002, 2569859, 0, 0, 0
172002, 2565965, 0, 0, 0
173000, 2679971, 0, 0, 0
174000, 2570121, 0, 0, 0
175001, 2537115, 0, 0, 0
176001, 2682240, 0, 0, 0
177000, 2512508, 0, 0, 0
178001, 2630478, 0, 0, 0
179001, 2592358, 0, 0, 0
180000, 2543105, 0, 0, 0
