1000, 2085, 0, 0, 0
2033, 2040, 0, 0, 0
3002, 2056, 0, 0, 0
4000, 2278, 0, 0, 0
5018, 2268, 0, 0, 0
6000, 2335, 0, 0, 0
7000, 2195, 0, 0, 0
8026, 2129, 0, 0, 0
9000, 2123, 0, 0, 0
10033, 2076, 0, 0, 0
11000, 2103, 0, 0, 0
12001, 2136, 0, 0, 0
13018, 1951, 0, 0, 0
14028, 2111, 0, 0, 0
15021, 2112, 0, 0, 0
16018, 2024, 0, 0, 0
17000, 2199, 0, 0, 0
18000, 2087, 0, 0, 0
19017, 1915, 0, 0, 0
20001, 2187, 0, 0, 0
21020, 2015, 0, 0, 0
22031, 2006, 0, 0, 0
23018, 2252, 0, 0, 0
24021, 2221, 0, 0, 0
25000, 2368, 0, 0, 0
26001, 1930, 0, 0, 0
27020, 2034, 0, 0, 0
28031, 1874, 0, 0, 0
29013, 1994, 0, 0, 0
30000, 1977, 0, 0, 0
31021, 2093, 0, 0, 0
32017, 2106, 0, 0, 0
33001, 2265, 0, 0, 0
34020, 2181, 0, 0, 0
35031, 2289, 0, 0, 0
36025, 2150, 0, 0, 0
37019, 2091, 0, 0, 0
38029, 2123, 0, 0, 0
39000, 1999, 0, 0, 0
40000, 2172, 0, 0, 0
41030, 2046, 0, 0, 0
42000, 2109, 0, 0, 0
43000, 1953, 0, 0, 0
44018, 2105, 0, 0, 0
45001, 2082, 0, 0, 0
46000, 2204, 0, 0, 0
47018, 2232, 0, 0, 0
48001, 2375, 0, 0, 0
49000, 2425, 0, 0, 0
50018, 2180, 0, 0, 0
51018, 2179, 0, 0, 0
52000, 2261, 0, 0, 0
53019, 2457, 0, 0, 0
54030, 2083, 0, 0, 0
55022, 2170, 0, 0, 0
56020, 2209, 0, 0, 0
57000, 2225, 0, 0, 0
58017, 2303, 0, 0, 0
59001, 2249, 0, 0, 0
60021, 2186, 0, 0, 0
61017, 2281, 0, 0, 0
62000, 2225, 0, 0, 0
63001, 2152, 0, 0, 0
64000, 2102, 0, 0, 0
65000, 2213, 0, 0, 0
66017, 2333, 0, 0, 0
67000, 2106, 0, 0, 0
68020, 2310, 0, 0, 0
69031, 2152, 0, 0, 0
70000, 2193, 0, 0, 0
71020, 2070, 0, 0, 0
72000, 1967, 0, 0, 0
73001, 2029, 0, 0, 0
74029, 1936, 0, 0, 0
75000, 2107, 0, 0, 0
76018, 2146, 0, 0, 0
77028, 2011, 0, 0, 0
78023, 2156, 0, 0, 0
79032, 2072, 0, 0, 0
80000, 2225, 0, 0, 0
81018, 2157, 0, 0, 0
82000, 2091, 0, 0, 0
83019, 2110, 0, 0, 0
84000, 2191, 0, 0, 0
85000, 2196, 0, 0, 0
86000, 2115, 0, 0, 0
87000, 2090, 0, 0, 0
88031, 2267, 0, 0, 0
89000, 2145, 0, 0, 0
90020, 2249, 0, 0, 0
91001, 2058, 0, 0, 0
92025, 2346, 0, 0, 0
93000, 2265, 0, 0, 0
94000, 2206, 0, 0, 0
95022, 2080, 0, 0, 0
96017, 2195, 0, 0, 0
97001, 1923, 0, 0, 0
98018, 2110, 0, 0, 0
99000, 2051, 0, 0, 0
100001, 2154, 0, 0, 0
101019, 2347, 0, 0, 0
102000, 2406, 0, 0, 0
103019, 2317, 0, 0, 0
104027, 2050, 0, 0, 0
105000, 2078, 0, 0, 0
106020, 2112, 0, 0, 0
107000, 2269, 0, 0, 0
108017, 2017, 0, 0, 0
109029, 2313, 0, 0, 0
110000, 2004, 0, 0, 0
111032, 1907, 0, 0, 0
112000, 2145, 0, 0, 0
113021, 2059, 0, 0, 0
114030, 1977, 0, 0, 0
115025, 2065, 0, 0, 0
116001, 2083, 0, 0, 0
117001, 1914, 0, 0, 0
118023, 1894, 0, 0, 0
119018, 2050, 0, 0, 0
120001, 1942, 0, 0, 0
121019, 2245, 0, 0, 0
122019, 2128, 0, 0, 0
123001, 2114, 0, 0, 0
124017, 2000, 0, 0, 0
125022, 2343, 0, 0, 0
126000, 2168, 0, 0, 0
127000, 2368, 0, 0, 0
128031, 2142, 0, 0, 0
129000, 2267, 0, 0, 0
130017, 2043, 0, 0, 0
131000, 2142, 0, 0, 0
132000, 2265, 0, 0, 0
133023, 2275, 0, 0, 0
134000, 2355, 0, 0, 0
135017, 2382, 0, 0, 0
136024, 2137, 0, 0, 0
137007, 2240, 0, 0, 0
138024, 2236, 0, 0, 0
139000, 2327, 0, 0, 0
140021, 2447, 0, 0, 0
141020, 2150, 0, 0, 0
142024, 2222, 0, 0, 0
143018, 2479, 0, 0, 0
144020, 2236, 0, 0, 0
145021, 2400, 0, 0, 0
146018, 2252, 0, 0, 0
147001, 2076, 0, 0, 0
148019, 2084, 0, 0, 0
149000, 2005, 0, 0, 0
150019, 1989, 0, 0, 0
151019, 2029, 0, 0, 0
152002, 2140, 0, 0, 0
153021, 2250, 0, 0, 0
154000, 2190, 0, 0, 0
155020, 2302, 0, 0, 0
156021, 2135, 0, 0, 0
157001, 2211, 0, 0, 0
158019, 2220, 0, 0, 0
159031, 2213, 0, 0, 0
160001, 2101, 0, 0, 0
161019, 2116, 0, 0, 0
162000, 2272, 0, 0, 0
163002, 2146, 0, 0, 0
164031, 2186, 0, 0, 0
165000, 2383, 0, 0, 0
166018, 2232, 0, 0, 0
167022, 2220, 0, 0, 0
168001, 2072, 0, 0, 0
169018, 2176, 0, 0, 0
170030, 2022, 0, 0, 0
171001, 1961, 0, 0, 0
172020, 2114, 0, 0, 0
173000, 1981, 0, 0, 0
174030, 1866, 0, 0, 0
175000, 2071, 0, 0, 0
176019, 2069, 0, 0, 0
177000, 1962, 0, 0, 0
178000, 2049, 0, 0, 0
179016, 2148, 0, 0, 0
180000, 2420, 0, 0, 0
