1001, 2113, 1, 0, 0
2000, 1909, 1, 0, 0
2999, 1921, 1, 0, 0
4000, 1898, 1, 0, 0
5000, 1904, 1, 0, 0
6000, 1820, 1, 0, 0
7000, 1932, 1, 0, 0
8000, 1892, 1, 0, 0
9000, 1872, 1, 0, 0
10000, 1868, 1, 0, 0
11000, 1896, 1, 0, 0
12000, 1872, 1, 0, 0
13000, 1912, 1, 0, 0
14000, 1988, 1, 0, 0
15000, 1888, 1, 0, 0
16000, 1940, 1, 0, 0
17000, 1904, 1, 0, 0
18000, 1928, 1, 0, 0
19000, 1925, 1, 0, 0
20000, 1945, 1, 0, 0
21001, 1852, 1, 0, 0
22001, 1916, 1, 0, 0
23001, 1892, 1, 0, 0
24001, 1880, 1, 0, 0
25000, 1913, 1, 0, 0
26000, 1924, 1, 0, 0
27000, 1932, 1, 0, 0
28000, 1932, 1, 0, 0
29000, 1944, 1, 0, 0
30000, 1940, 1, 0, 0
31000, 1944, 1, 0, 0
32000, 1936, 1, 0, 0
33000, 1908, 1, 0, 0
34000, 1908, 1, 0, 0
35000, 1884, 1, 0, 0
36001, 1844, 1, 0, 0
37001, 1888, 1, 0, 0
38001, 1941, 1, 0, 0
39001, 1928, 1, 0, 0
40001, 1909, 1, 0, 0
41001, 1877, 1, 0, 0
42001, 1896, 1, 0, 0
43001, 1957, 1, 0, 0
44001, 1832, 1, 0, 0
45001, 1937, 1, 0, 0
46001, 1913, 1, 0, 0
47000, 1945, 1, 0, 0
48000, 1945, 1, 0, 0
49000, 1917, 1, 0, 0
50000, 1933, 1, 0, 0
51000, 1829, 1, 0, 0
52000, 1920, 1, 0, 0
53000, 1941, 1, 0, 0
54000, 2050, 1, 0, 0
55000, 1993, 1, 0, 0
56000, 1956, 1, 0, 0
57000, 1936, 1, 0, 0
58000, 1896, 1, 0, 0
59000, 1909, 1, 0, 0
60000, 1904, 1, 0, 0
61000, 1864, 1, 0, 0
62000, 1892, 1, 0, 0
63000, 1868, 1, 0, 0
64000, 1968, 1, 0, 0
65000, 1960, 1, 0, 0
66000, 1948, 1, 0, 0
67001, 1940, 1, 0, 0
68001, 1956, 1, 0, 0
69001, 1900, 1, 0, 0
70001, 1893, 1, 0, 0
71001, 1872, 1, 0, 0
72001, 1852, 1, 0, 0
73000, 1901, 1, 0, 0
74000, 1972, 1, 0, 0
75000, 1949, 1, 0, 0
76000, 1921, 1, 0, 0
77000, 1912, 1, 0, 0
78000, 1876, 1, 0, 0
79000, 1932, 1, 0, 0
80000, 1936, 1, 0, 0
81000, 1872, 1, 0, 0
82000, 1868, 1, 0, 0
83000, 1964, 1, 0, 0
84000, 1913, 1, 0, 0
85000, 1892, 1, 0, 0
86000, 1945, 1, 0, 0
87000, 1909, 1, 0, 0
88000, 1941, 1, 0, 0
89000, 1880, 1, 0, 0
90000, 1941, 1, 0, 0
91000, 1924, 1, 0, 0
92000, 1932, 1, 0, 0
93000, 1889, 1, 0, 0
94000, 1865, 1, 0, 0
95000, 1917, 1, 0, 0
96000, 1953, 1, 0, 0
97000, 2012, 1, 0, 0
98000, 1849, 1, 0, 0
99000, 1921, 1, 0, 0
100000, 1941, 1, 0, 0
101000, 1944, 1, 0, 0
102000, 1917, 1, 0, 0
103000, 1992, 1, 0, 0
104000, 1920, 1, 0, 0
105000, 1916, 1, 0, 0
106000, 1972, 1, 0, 0
107000, 1824, 1, 0, 0
108000, 2020, 1, 0, 0
109000, 1944, 1, 0, 0
110000, 1921, 1, 0, 0
111000, 1913, 1, 0, 0
112000, 1924, 1, 0, 0
113000, 1960, 1, 0, 0
114000, 1889, 1, 0, 0
115000, 1901, 1, 0, 0
116000, 1916, 1, 0, 0
117000, 1864, 1, 0, 0
118000, 1933, 1, 0, 0
119000, 1861, 1, 0, 0
120000, 1912, 1, 0, 0
121000, 1921, 1, 0, 0
122000, 1913, 1, 0, 0
123000, 1913, 1, 0, 0
124000, 1861, 1, 0, 0
125000, 1965, 1, 0, 0
126000, 1908, 1, 0, 0
127000, 1925, 1, 0, 0
128000, 1952, 1, 0, 0
129000, 1861, 1, 0, 0
130000, 1960, 1, 0, 0
131000, 1921, 1, 0, 0
132000, 1925, 1, 0, 0
133000, 1896, 1, 0, 0
134000, 1884, 1, 0, 0
135000, 1920, 1, 0, 0
136000, 1893, 1, 0, 0
137000, 1893, 1, 0, 0
138000, 1913, 1, 0, 0
139000, 1905, 1, 0, 0
140000, 1880, 1, 0, 0
141000, 1928, 1, 0, 0
142000, 1952, 1, 0, 0
143000, 1920, 1, 0, 0
144000, 1897, 1, 0, 0
145000, 1924, 1, 0, 0
146000, 1968, 1, 0, 0
147000, 1845, 1, 0, 0
148000, 1877, 1, 0, 0
149000, 1928, 1, 0, 0
150000, 1905, 1, 0, 0
151000, 1888, 1, 0, 0
152000, 1968, 1, 0, 0
153000, 1944, 1, 0, 0
154001, 1848, 1, 0, 0
155001, 1976, 1, 0, 0
156000, 1893, 1, 0, 0
157000, 1960, 1, 0, 0
158000, 1921, 1, 0, 0
159000, 1980, 1, 0, 0
160000, 1797, 1, 0, 0
161000, 1901, 1, 0, 0
162000, 1864, 1, 0, 0
163000, 1848, 1, 0, 0
164000, 1953, 1, 0, 0
165000, 1945, 1, 0, 0
166000, 1929, 1, 0, 0
167000, 1933, 1, 0, 0
168000, 1849, 1, 0, 0
169000, 1857, 1, 0, 0
170000, 1869, 1, 0, 0
171000, 1952, 1, 0, 0
172000, 1953, 1, 0, 0
173000, 1941, 1, 0, 0
174000, 1929, 1, 0, 0
175000, 1869, 1, 0, 0
176000, 1893, 1, 0, 0
177000, 1973, 1, 0, 0
178001, 1900, 1, 0, 0
179001, 1873, 1, 0, 0
180001, 1893, 1, 0, 0
