1000, 15466236, 1, 0, 0
2000, 16704872, 1, 0, 0
3003, 16558100, 1, 0, 0
4010, 16741059, 1, 0, 0
5005, 16480333, 1, 0, 0
6014, 16629878, 1, 0, 0
7008, 17084284, 1, 0, 0
8004, 16734226, 1, 0, 0
9000, 16580483, 1, 0, 0
10010, 16882483, 1, 0, 0
11003, 16635051, 1, 0, 0
12010, 16881718, 1, 0, 0
13001, 16273239, 1, 0, 0
14009, 16592594, 1, 0, 0
15002, 16762714, 1, 0, 0
16011, 17003231, 1, 0, 0
17003, 16687741, 1, 0, 0
18011, 16820266, 1, 0, 0
19005, 16443072, 1, 0, 0
20000, 16640091, 1, 0, 0
21013, 16685909, 1, 0, 0
22002, 16985629, 1, 0, 0
23004, 16619617, 1, 0, 0
24013, 16602421, 1, 0, 0
25006, 17043013, 1, 0, 0
26000, 16800334, 1, 0, 0
27000, 16864172, 1, 0, 0
28003, 16970751, 1, 0, 0
29011, 16718901, 1, 0, 0
30003, 16609144, 1, 0, 0
31010, 17055907, 1, 0, 0
32001, 16791088, 1, 0, 0
33008, 16864046, 1, 0, 0
34004, 17043306, 1, 0, 0
35009, 17172055, 1, 0, 0
36003, 16745406, 1, 0, 0
37003, 16845688, 1, 0, 0
38006, 16822883, 1, 0, 0
39000, 16528404, 1, 0, 0
40009, 16864454, 1, 0, 0
41002, 16708988, 1, 0, 0
42012, 16508185, 1, 0, 0
43008, 16986936, 1, 0, 0
44006, 16691897, 1, 0, 0
45006, 16860084, 1, 0, 0
46013, 16566748, 1, 0, 0
47008, 16862946, 1, 0, 0
48008, 16327288, 1, 0, 0
49008, 16686416, 1, 0, 0
50001, 16635227, 1, 0, 0
51009, 16898107, 1, 0, 0
52003, 16416175, 1, 0, 0
53000, 17030414, 1, 0, 0
54004, 16903105, 1, 0, 0
55005, 16688100, 1, 0, 0
56000, 16545085, 1, 0, 0
57008, 17084275, 1, 0, 0
58005, 16412859, 1, 0, 0
59007, 16768534, 1, 0, 0
60000, 16691749, 1, 0, 0
61000, 16917294, 1, 0, 0
62003, 16805473, 1, 0, 0
63000, 16606215, 1, 0, 0
64008, 16829246, 1, 0, 0
65001, 16539510, 1, 0, 0
66010, 16936560, 1, 0, 0
67003, 16585706, 1, 0, 0
68014, 16741104, 1, 0, 0
69008, 16926124, 1, 0, 0
70003, 16346938, 1, 0, 0
71013, 16620176, 1, 0, 0
72001, 16897169, 1, 0, 0
73002, 16420201, 1, 0, 0
74011, 16823013, 1, 0, 0
75004, 16693308, 1, 0, 0
76005, 17036291, 1, 0, 0
77005, 16862069, 1, 0, 0
78000, 16973007, 1, 0, 0
79007, 16816914, 1, 0, 0
80000, 16752292, 1, 0, 0
81001, 16483584, 1, 0, 0
82004, 16626543, 1, 0, 0
83000, 17146237, 1, 0, 0
84010, 16524016, 1, 0, 0
85003, 16634919, 1, 0, 0
86013, 16672525, 1, 0, 0
87006, 16890799, 1, 0, 0
88000, 16653906, 1, 0, 0
89007, 16466756, 1, 0, 0
90007, 16552804, 1, 0, 0
91003, 16699339, 1, 0, 0
92006, 16769209, 1, 0, 0
93012, 16606064, 1, 0, 0
94004, 16772023, 1, 0, 0
95012, 16826903, 1, 0, 0
96004, 16534694, 1, 0, 0
97008, 16663830, 1, 0, 0
98007, 16965586, 1, 0, 0
99005, 16581927, 1, 0, 0
100000, 16537188, 1, 0, 0
101002, 16549779, 1, 0, 0
102013, 16642591, 1, 0, 0
103007, 16697414, 1, 0, 0
104001, 17073801, 1, 0, 0
105012, 16958848, 1, 0, 0
106004, 16611768, 1, 0, 0
107008, 16650998, 1, 0, 0
108004, 16763625, 1, 0, 0
109013, 16937370, 1, 0, 0
110004, 16847707, 1, 0, 0
111011, 16510124, 1, 0, 0
112005, 16865256, 1, 0, 0
113013, 16755914, 1, 0, 0
114001, 17029995, 1, 0, 0
115002, 16425004, 1, 0, 0
116001, 16659518, 1, 0, 0
117009, 17038339, 1, 0, 0
118003, 16587124, 1, 0, 0
119000, 16567179, 1, 0, 0
120010, 16918929, 1, 0, 0
121003, 16825518, 1, 0, 0
122001, 16781856, 1, 0, 0
123006, 16827890, 1, 0, 0
124000, 16500456, 1, 0, 0
125005, 16735161, 1, 0, 0
126001, 16771553, 1, 0, 0
127004, 16841840, 1, 0, 0
128010, 16524822, 1, 0, 0
129000, 16544017, 1, 0, 0
130000, 17059168, 1, 0, 0
131009, 17065398, 1, 0, 0
132001, 16757946, 1, 0, 0
133004, 16472963, 1, 0, 0
134006, 16637335, 1, 0, 0
135000, 16821158, 1, 0, 0
136000, 16876350, 1, 0, 0
137003, 16491781, 1, 0, 0
138011, 16432268, 1, 0, 0
139003, 17355766, 1, 0, 0
140012, 16557380, 1, 0, 0
141004, 16951645, 1, 0, 0
142002, 16675014, 1, 0, 0
143003, 16735784, 1, 0, 0
144014, 16700767, 1, 0, 0
145010, 16499371, 1, 0, 0
146002, 16611650, 1, 0, 0
147000, 16708408, 1, 0, 0
148005, 17008051, 1, 0, 0
149000, 16375052, 1, 0, 0
150009, 16990405, 1, 0, 0
151002, 16516925, 1, 0, 0
152011, 16998263, 1, 0, 0
153007, 16629009, 1, 0, 0
154000, 16498905, 1, 0, 0
155010, 16646134, 1, 0, 0
156004, 16654391, 1, 0, 0
157012, 16927766, 1, 0, 0
158003, 16506894, 1, 0, 0
159011, 16770274, 1, 0, 0
160004, 16397748, 1, 0, 0
161004, 16368828, 1, 0, 0
162006, 16639901, 1, 0, 0
163000, 16771863, 1, 0, 0
164011, 16786063, 1, 0, 0
165004, 16911956, 1, 0, 0
166000, 16564796, 1, 0, 0
167007, 16616337, 1, 0, 0
168000, 16899711, 1, 0, 0
169000, 16986124, 1, 0, 0
170000, 16226066, 1, 0, 0
171001, 16928886, 1, 0, 0
172001, 17013410, 1, 0, 0
173012, 16604465, 1, 0, 0
174003, 16994370, 1, 0, 0
175000, 16777778, 1, 0, 0
176007, 16810919, 1, 0, 0
177005, 16675307, 1, 0, 0
178014, 16815178, 1, 0, 0
179007, 16701208, 1, 0, 0
180000, 16522193, 1, 0, 0
180009, 25746607, 1, 0, 0
