1000, 3654446, 0, 0, 0
2032, 4303300, 0, 0, 0
3000, 4159269, 0, 0, 0
4000, 4191661, 0, 0, 0
5017, 4153443, 0, 0, 0
6001, 4132413, 0, 0, 0
7001, 4080607, 0, 0, 0
8024, 4135189, 0, 0, 0
9000, 4140718, 0, 0, 0
10032, 4091855, 0, 0, 0
11000, 4218653, 0, 0, 0
12001, 4070413, 0, 0, 0
13018, 4107880, 0, 0, 0
14028, 4138444, 0, 0, 0
15001, 4132064, 0, 0, 0
16017, 4136531, 0, 0, 0
17001, 4152456, 0, 0, 0
18000, 4175599, 0, 0, 0
19017, 4221510, 0, 0, 0
20011, 4254983, 0, 0, 0
21019, 4233060, 0, 0, 0
22030, 4197603, 0, 0, 0
23018, 4087397, 0, 0, 0
24021, 4222382, 0, 0, 0
25000, 4250249, 0, 0, 0
26001, 4166332, 0, 0, 0
27019, 4117496, 0, 0, 0
28030, 4304699, 0, 0, 0
29001, 4546838, 0, 0, 0
30000, 3948247, 0, 0, 0
31020, 4214497, 0, 0, 0
32016, 4073361, 0, 0, 0
33001, 4232903, 0, 0, 0
34020, 4245755, 0, 0, 0
35030, 4244683, 0, 0, 0
36024, 4176493, 0, 0, 0
37019, 4268441, 0, 0, 0
38028, 4181720, 0, 0, 0
39023, 4170201, 0, 0, 0
40020, 4160663, 0, 0, 0
41029, 4158146, 0, 0, 0
42000, 4209112, 0, 0, 0
43021, 4146293, 0, 0, 0
44017, 4225178, 0, 0, 0
45001, 4236517, 0, 0, 0
46022, 4132444, 0, 0, 0
47018, 4120323, 0, 0, 0
48001, 4325640, 0, 0, 0
49000, 4277932, 0, 0, 0
50018, 4114659, 0, 0, 0
51017, 4185299, 0, 0, 0
52025, 4271328, 0, 0, 0
53018, 4127746, 0, 0, 0
54030, 4048006, 0, 0, 0
55022, 4179313, 0, 0, 0
56020, 4141977, 0, 0, 0
57000, 4141268, 0, 0, 0
58016, 4118712, 0, 0, 0
59000, 4198560, 0, 0, 0
60020, 4177346, 0, 0, 0
61017, 4205411, 0, 0, 0
62000, 4207968, 0, 0, 0
63000, 4038938, 0, 0, 0
64000, 4233813, 0, 0, 0
65000, 4183008, 0, 0, 0
66016, 4175955, 0, 0, 0
67001, 4125404, 0, 0, 0
68021, 4171883, 0, 0, 0
69031, 4211431, 0, 0, 0
70000, 4147179, 0, 0, 0
71019, 3997340, 0, 0, 0
72000, 4237081, 0, 0, 0
73000, 4052943, 0, 0, 0
74029, 4267297, 0, 0, 0
75000, 4206774, 0, 0, 0
76017, 4189994, 0, 0, 0
77027, 4239623, 0, 0, 0
78022, 4147954, 0, 0, 0
79030, 4172213, 0, 0, 0
80018, 4087924, 0, 0, 0
81018, 4187591, 0, 0, 0
82000, 4184919, 0, 0, 0
83018, 4187571, 0, 0, 0
84001, 4144076, 0, 0, 0
85018, 4146835, 0, 0, 0
86028, 4134287, 0, 0, 0
87000, 4182874, 0, 0, 0
88031, 4207147, 0, 0, 0
89001, 4191962, 0, 0, 0
90019, 4239763, 0, 0, 0
91001, 4253186, 0, 0, 0
92024, 4219259, 0, 0, 0
93017, 4064931, 0, 0, 0
94000, 4290355, 0, 0, 0
95021, 4115902, 0, 0, 0
96018, 4136859, 0, 0, 0
97001, 4181777, 0, 0, 0
98017, 4264663, 0, 0, 0
99000, 4219582, 0, 0, 0
100021, 4078666, 0, 0, 0
101018, 4114418, 0, 0, 0
102000, 4243765, 0, 0, 0
103018, 4131788, 0, 0, 0
104028, 4203666, 0, 0, 0
105001, 4062219, 0, 0, 0
106019, 4153006, 0, 0, 0
107000, 4160768, 0, 0, 0
108017, 4213970, 0, 0, 0
109028, 4228268, 0, 0, 0
110000, 4045434, 0, 0, 0
111031, 4318707, 0, 0, 0
112001, 4128842, 0, 0, 0
113020, 4222471, 0, 0, 0
114029, 4215777, 0, 0, 0
115024, 4354179, 0, 0, 0
116018, 4221257, 0, 0, 0
117000, 4139934, 0, 0, 0
118022, 4177186, 0, 0, 0
119017, 4176903, 0, 0, 0
120000, 4147403, 0, 0, 0
121018, 4190014, 0, 0, 0
122017, 4131734, 0, 0, 0
123000, 4159605, 0, 0, 0
124017, 4143378, 0, 0, 0
125022, 4320120, 0, 0, 0
126001, 4097295, 0, 0, 0
127000, 4204971, 0, 0, 0
128030, 4261948, 0, 0, 0
129018, 4071615, 0, 0, 0
130017, 4149692, 0, 0, 0
131000, 4200871, 0, 0, 0
132020, 4239167, 0, 0, 0
133023, 4147613, 0, 0, 0
134000, 4096951, 0, 0, 0
135016, 4115386, 0, 0, 0
136023, 4229798, 0, 0, 0
137018, 4154318, 0, 0, 0
138023, 4180134, 0, 0, 0
139000, 4153780, 0, 0, 0
140020, 4213905, 0, 0, 0
141019, 4086707, 0, 0, 0
142023, 4221796, 0, 0, 0
143017, 4138578, 0, 0, 0
144020, 4013356, 0, 0, 0
145020, 4219383, 0, 0, 0
146017, 4156377, 0, 0, 0
147001, 4151923, 0, 0, 0
148020, 4184893, 0, 0, 0
149000, 4165204, 0, 0, 0
150019, 4206871, 0, 0, 0
151017, 4175008, 0, 0, 0
152000, 4082364, 0, 0, 0
153019, 4145872, 0, 0, 0
154000, 4249284, 0, 0, 0
155019, 4149158, 0, 0, 0
156020, 4204645, 0, 0, 0
157000, 4206846, 0, 0, 0
158018, 4261328, 0, 0, 0
159029, 4283866, 0, 0, 0
160001, 4166354, 0, 0, 0
161018, 4219403, 0, 0, 0
162001, 4234096, 0, 0, 0
163021, 4122692, 0, 0, 0
164030, 4275899, 0, 0, 0
165001, 4189650, 0, 0, 0
166017, 4211353, 0, 0, 0
167021, 4094645, 0, 0, 0
168000, 4127850, 0, 0, 0
169018, 4185230, 0, 0, 0
170029, 4188803, 0, 0, 0
171000, 4304621, 0, 0, 0
172020, 4168650, 0, 0, 0
173000, 4158742, 0, 0, 0
174030, 4394150, 0, 0, 0
175000, 4051069, 0, 0, 0
176019, 4255105, 0, 0, 0
177001, 4170080, 0, 0, 0
178001, 4096144, 0, 0, 0
179016, 4159790, 0, 0, 0
180000, 4206577, 0, 0, 0
180001, 3387605, 0, 0, 0
