1000, 14849655, 0, 0, 0
2000, 16583728, 0, 0, 0
3001, 16842044, 0, 0, 0
4005, 16318518, 0, 0, 0
5000, 16770408, 0, 0, 0
6001, 16895682, 0, 0, 0
7004, 16656900, 0, 0, 0
8000, 16948637, 0, 0, 0
9000, 16625914, 0, 0, 0
10002, 16580278, 0, 0, 0
11002, 17388129, 0, 0, 0
12008, 16570494, 0, 0, 0
13000, 16984242, 0, 0, 0
14000, 16799164, 0, 0, 0
15001, 16696532, 0, 0, 0
16003, 16785741, 0, 0, 0
17000, 16900900, 0, 0, 0
18000, 17076737, 0, 0, 0
19000, 16561766, 0, 0, 0
20000, 17088416, 0, 0, 0
21004, 16309368, 0, 0, 0
22000, 16923024, 0, 0, 0
23005, 16151309, 0, 0, 0
24000, 17135323, 0, 0, 0
25005, 16442090, 0, 0, 0
26000, 17211887, 0, 0, 0
27000, 16788443, 0, 0, 0
28003, 16670339, 0, 0, 0
29001, 16585959, 0, 0, 0
30000, 16764398, 0, 0, 0
31001, 16515171, 0, 0, 0
32003, 17026043, 0, 0, 0
33000, 16499456, 0, 0, 0
34000, 16462028, 0, 0, 0
35001, 16536520, 0, 0, 0
36000, 16921573, 0, 0, 0
37005, 16450343, 0, 0, 0
38000, 16873057, 0, 0, 0
39000, 16841898, 0, 0, 0
40005, 16710221, 0, 0, 0
41000, 16798746, 0, 0, 0
42000, 16943444, 0, 0, 0
43006, 16372848, 0, 0, 0
44000, 17010976, 0, 0, 0
45000, 16895589, 0, 0, 0
46000, 16751791, 0, 0, 0
47000, 16428850, 0, 0, 0
48001, 16510624, 0, 0, 0
49005, 16244788, 0, 0, 0
50000, 16934986, 0, 0, 0
51000, 16625127, 0, 0, 0
52003, 16692138, 0, 0, 0
53000, 16566253, 0, 0, 0
54000, 16705273, 0, 0, 0
55001, 16990236, 0, 0, 0
56000, 16834491, 0, 0, 0
57003, 16492505, 0, 0, 0
58001, 16818633, 0, 0, 0
59000, 16739398, 0, 0, 0
60004, 16707827, 0, 0, 0
61000, 16839395, 0, 0, 0
62000, 16861453, 0, 0, 0
63000, 16752966, 0, 0, 0
64003, 16724361, 0, 0, 0
65000, 17076920, 0, 0, 0
66000, 16616518, 0, 0, 0
67001, 16677945, 0, 0, 0
68001, 16967784, 0, 0, 0
69003, 16650176, 0, 0, 0
70000, 16996803, 0, 0, 0
71000, 16470100, 0, 0, 0
72001, 16816302, 0, 0, 0
73000, 16502063, 0, 0, 0
74001, 16849768, 0, 0, 0
75000, 16678218, 0, 0, 0
76000, 17032250, 0, 0, 0
77000, 16260365, 0, 0, 0
78002, 16671032, 0, 0, 0
79000, 17095612, 0, 0, 0
80005, 16307158, 0, 0, 0
81000, 16736750, 0, 0, 0
82000, 16916140, 0, 0, 0
83000, 16811237, 0, 0, 0
84000, 16723455, 0, 0, 0
85007, 16192785, 0, 0, 0
86001, 16751115, 0, 0, 0
87000, 16983443, 0, 0, 0
88000, 16702775, 0, 0, 0
89000, 16957248, 0, 0, 0
90000, 16901751, 0, 0, 0
91005, 16423330, 0, 0, 0
92000, 17123904, 0, 0, 0
93000, 16894753, 0, 0, 0
94006, 16866861, 0, 0, 0
95000, 17204535, 0, 0, 0
96007, 16323513, 0, 0, 0
97000, 16935707, 0, 0, 0
98000, 16521010, 0, 0, 0
99000, 16703004, 0, 0, 0
100000, 16700133, 0, 0, 0
101000, 16624047, 0, 0, 0
102000, 16607302, 0, 0, 0
103001, 16473556, 0, 0, 0
104000, 16880953, 0, 0, 0
105000, 16634233, 0, 0, 0
106005, 16783395, 0, 0, 0
107000, 16491163, 0, 0, 0
108000, 16807246, 0, 0, 0
109001, 16667377, 0, 0, 0
110001, 17087519, 0, 0, 0
111003, 16621907, 0, 0, 0
112000, 16628282, 0, 0, 0
113000, 16781613, 0, 0, 0
114000, 16707630, 0, 0, 0
115002, 16603535, 0, 0, 0
116000, 17146055, 0, 0, 0
117000, 16630087, 0, 0, 0
118006, 16238493, 0, 0, 0
119000, 16919634, 0, 0, 0
120000, 16757495, 0, 0, 0
121000, 16735947, 0, 0, 0
122000, 16943745, 0, 0, 0
123004, 16756700, 0, 0, 0
124000, 16613398, 0, 0, 0
125000, 16649632, 0, 0, 0
126000, 16816674, 0, 0, 0
127000, 16840635, 0, 0, 0
128000, 16917185, 0, 0, 0
129000, 16709020, 0, 0, 0
130000, 16790056, 0, 0, 0
131000, 16362173, 0, 0, 0
132000, 16480268, 0, 0, 0
133000, 16900373, 0, 0, 0
134003, 16920214, 0, 0, 0
135000, 17222151, 0, 0, 0
136000, 16999774, 0, 0, 0
137000, 16779345, 0, 0, 0
138000, 16730983, 0, 0, 0
139000, 16767833, 0, 0, 0
140000, 16696463, 0, 0, 0
141000, 16301873, 0, 0, 0
142000, 16669137, 0, 0, 0
143000, 17025330, 0, 0, 0
144000, 16442369, 0, 0, 0
145003, 16912895, 0, 0, 0
146000, 17022492, 0, 0, 0
147000, 16407478, 0, 0, 0
148000, 16998609, 0, 0, 0
149000, 16414274, 0, 0, 0
150000, 16956772, 0, 0, 0
151006, 16506171, 0, 0, 0
152000, 16828561, 0, 0, 0
153000, 16572620, 0, 0, 0
154003, 16587689, 0, 0, 0
155000, 16540405, 0, 0, 0
156000, 16801770, 0, 0, 0
157004, 16378292, 0, 0, 0
158001, 16995204, 0, 0, 0
159000, 16854750, 0, 0, 0
160005, 16370579, 0, 0, 0
161000, 17099542, 0, 0, 0
162000, 16806809, 0, 0, 0
163006, 16471048, 0, 0, 0
164000, 16905074, 0, 0, 0
165000, 16706552, 0, 0, 0
166004, 16315983, 0, 0, 0
167001, 17099624, 0, 0, 0
168000, 16496987, 0, 0, 0
169004, 16254144, 0, 0, 0
170000, 17118866, 0, 0, 0
171001, 16347578, 0, 0, 0
172000, 16610746, 0, 0, 0
173000, 16941648, 0, 0, 0
174000, 16511236, 0, 0, 0
175005, 16774597, 0, 0, 0
176000, 16627428, 0, 0, 0
177000, 17860285, 0, 0, 0
178002, 16499189, 0, 0, 0
179000, 16760732, 0, 0, 0
180005, 16301470, 0, 0, 0
180008, 56083448, 0, 0, 0
