1001, 2087, 0, 0, 0
2002, 1902, 0, 0, 0
3001, 1948, 0, 0, 0
4000, 2024, 0, 0, 0
5002, 1996, 0, 0, 0
6000, 1990, 0, 0, 0
7000, 1894, 0, 0, 0
8000, 1986, 0, 0, 0
9000, 2081, 0, 0, 0
10002, 1988, 0, 0, 0
11000, 1900, 0, 0, 0
12000, 1909, 0, 0, 0
13001, 1964, 0, 0, 0
14002, 1956, 0, 0, 0
15000, 1951, 0, 0, 0
16001, 1950, 0, 0, 0
17001, 1985, 0, 0, 0
18001, 1992, 0, 0, 0
19001, 1950, 0, 0, 0
20000, 2054, 0, 0, 0
21002, 1933, 0, 0, 0
22001, 1905, 0, 0, 0
23001, 1946, 0, 0, 0
24001, 2008, 0, 0, 0
25001, 1985, 0, 0, 0
26001, 1993, 0, 0, 0
27000, 2031, 0, 0, 0
28002, 1947, 0, 0, 0
29000, 1960, 0, 0, 0
30000, 2010, 0, 0, 0
31001, 1957, 0, 0, 0
32002, 2028, 0, 0, 0
33000, 2013, 0, 0, 0
34002, 1991, 0, 0, 0
35000, 1961, 0, 0, 0
36001, 1957, 0, 0, 0
37001, 2001, 0, 0, 0
38001, 2042, 0, 0, 0
39000, 1975, 0, 0, 0
40000, 1919, 0, 0, 0
41000, 2017, 0, 0, 0
42002, 1967, 0, 0, 0
43001, 2016, 0, 0, 0
44002, 1945, 0, 0, 0
45000, 2025, 0, 0, 0
46000, 2099, 0, 0, 0
47001, 2077, 0, 0, 0
48000, 1952, 0, 0, 0
49000, 2019, 0, 0, 0
50001, 2000, 0, 0, 0
51000, 2131, 0, 0, 0
52000, 2041, 0, 0, 0
53000, 2087, 0, 0, 0
54001, 2046, 0, 0, 0
55001, 2050, 0, 0, 0
56000, 2044, 0, 0, 0
57001, 2071, 0, 0, 0
58000, 2063, 0, 0, 0
59000, 2054, 0, 0, 0
60000, 1956, 0, 0, 0
61000, 1944, 0, 0, 0
62000, 2004, 0, 0, 0
63000, 1961, 0, 0, 0
64002, 1983, 0, 0, 0
65000, 2106, 0, 0, 0
66001, 2031, 0, 0, 0
67000, 2015, 0, 0, 0
68000, 2049, 0, 0, 0
69001, 2017, 0, 0, 0
70001, 2014, 0, 0, 0
71000, 2004, 0, 0, 0
72000, 2041, 0, 0, 0
73000, 1993, 0, 0, 0
74001, 2014, 0, 0, 0
75000, 2009, 0, 0, 0
76001, 2046, 0, 0, 0
77001, 1960, 0, 0, 0
78001, 2061, 0, 0, 0
79001, 2048, 0, 0, 0
80000, 2050, 0, 0, 0
81001, 2064, 0, 0, 0
82000, 2098, 0, 0, 0
83001, 1958, 0, 0, 0
84001, 2028, 0, 0, 0
85000, 2052, 0, 0, 0
86001, 1925, 0, 0, 0
87004, 2002, 0, 0, 0
88001, 1998, 0, 0, 0
89009, 1966, 0, 0, 0
90001, 2031, 0, 0, 0
91001, 2026, 0, 0, 0
92004, 2086, 0, 0, 0
93001, 2012, 0, 0, 0
94001, 2006, 0, 0, 0
95007, 1960, 0, 0, 0
96000, 1912, 0, 0, 0
97000, 1983, 0, 0, 0
98024, 2022, 0, 0, 0
99009, 2225, 0, 0, 0
100001, 2052, 0, 0, 0
101002, 2029, 0, 0, 0
102003, 1949, 0, 0, 0
103000, 2028, 0, 0, 0
104001, 1976, 0, 0, 0
105000, 2021, 0, 0, 0
106000, 1952, 0, 0, 0
107000, 1999, 0, 0, 0
108001, 2061, 0, 0, 0
109001, 2027, 0, 0, 0
110002, 2060, 0, 0, 0
111000, 2051, 0, 0, 0
112001, 2122, 0, 0, 0
113001, 2019, 0, 0, 0
114001, 2035, 0, 0, 0
115001, 2068, 0, 0, 0
116000, 2091, 0, 0, 0
117002, 1966, 0, 0, 0
118001, 1994, 0, 0, 0
119001, 1960, 0, 0, 0
120000, 2067, 0, 0, 0
121019, 1959, 0, 0, 0
122000, 1976, 0, 0, 0
123001, 1997, 0, 0, 0
124000, 2039, 0, 0, 0
125000, 1945, 0, 0, 0
126001, 1959, 0, 0, 0
127000, 1979, 0, 0, 0
128001, 2118, 0, 0, 0
129001, 1970, 0, 0, 0
130001, 2010, 0, 0, 0
131000, 2075, 0, 0, 0
132001, 2079, 0, 0, 0
133000, 1980, 0, 0, 0
134001, 1993, 0, 0, 0
135001, 2026, 0, 0, 0
136001, 2002, 0, 0, 0
137000, 2065, 0, 0, 0
138000, 2017, 0, 0, 0
139001, 2069, 0, 0, 0
140001, 2018, 0, 0, 0
141001, 2076, 0, 0, 0
142001, 2003, 0, 0, 0
143002, 1956, 0, 0, 0
144001, 2173, 0, 0, 0
145000, 2044, 0, 0, 0
146000, 2005, 0, 0, 0
147000, 2106, 0, 0, 0
148000, 2040, 0, 0, 0
149000, 2071, 0, 0, 0
150000, 2045, 0, 0, 0
151001, 2140, 0, 0, 0
152000, 2176, 0, 0, 0
153001, 2096, 0, 0, 0
154001, 2065, 0, 0, 0
155001, 2018, 0, 0, 0
156000, 1962, 0, 0, 0
157001, 2083, 0, 0, 0
158000, 2045, 0, 0, 0
159000, 2034, 0, 0, 0
160001, 2019, 0, 0, 0
161001, 1951, 0, 0, 0
162013, 1949, 0, 0, 0
163000, 1945, 0, 0, 0
164000, 1968, 0, 0, 0
165001, 2023, 0, 0, 0
166000, 1875, 0, 0, 0
167001, 1932, 0, 0, 0
168001, 1866, 0, 0, 0
169000, 1874, 0, 0, 0
170002, 1906, 0, 0, 0
171000, 1951, 0, 0, 0
172003, 1982, 0, 0, 0
173000, 1895, 0, 0, 0
174001, 1980, 0, 0, 0
175001, 1972, 0, 0, 0
176006, 1931, 0, 0, 0
177000, 1968, 0, 0, 0
178000, 2003, 0, 0, 0
179001, 1943, 0, 0, 0
180000, 1909, 0, 0, 0
