1000, 1944431, 1, 0, 0
2000, 2075709, 1, 0, 0
3000, 2047185, 1, 0, 0
4000, 2088523, 1, 0, 0
5000, 2039293, 1, 0, 0
6000, 2054648, 1, 0, 0
7000, 2118246, 1, 0, 0
8000, 2118972, 1, 0, 0
9000, 2054756, 1, 0, 0
10000, 2112375, 1, 0, 0
11000, 2100634, 1, 0, 0
12000, 2079252, 1, 0, 0
13000, 2101744, 1, 0, 0
14000, 2134804, 1, 0, 0
15000, 2077033, 1, 0, 0
16000, 2103141, 1, 0, 0
17000, 2082623, 1, 0, 0
18000, 2082405, 1, 0, 0
19000, 2101608, 1, 0, 0
20000, 2101955, 1, 0, 0
21000, 2147299, 1, 0, 0
22000, 2067842, 1, 0, 0
23000, 2103931, 1, 0, 0
24000, 2052938, 1, 0, 0
25000, 2079355, 1, 0, 0
26000, 2109136, 1, 0, 0
27000, 2105803, 1, 0, 0
28000, 2040628, 1, 0, 0
29000, 2052036, 1, 0, 0
30000, 2092129, 1, 0, 0
31000, 2104528, 1, 0, 0
32000, 2062473, 1, 0, 0
33000, 2090935, 1, 0, 0
34000, 2077429, 1, 0, 0
35000, 2089870, 1, 0, 0
36000, 2125172, 1, 0, 0
37000, 2069835, 1, 0, 0
38000, 2133433, 1, 0, 0
39000, 2049913, 1, 0, 0
40000, 2069663, 1, 0, 0
41000, 2168292, 1, 0, 0
42000, 2060610, 1, 0, 0
43000, 2079606, 1, 0, 0
44000, 2108428, 1, 0, 0
45000, 2021967, 1, 0, 0
46000, 2080619, 1, 0, 0
47000, 2125808, 1, 0, 0
48000, 2048379, 1, 0, 0
49000, 2091682, 1, 0, 0
50000, 2122915, 1, 0, 0
51000, 2068933, 1, 0, 0
52000, 2052405, 1, 0, 0
53000, 2126786, 1, 0, 0
54000, 2023916, 1, 0, 0
55000, 2136903, 1, 0, 0
56000, 2028036, 1, 0, 0
57000, 2052529, 1, 0, 0
58000, 2114333, 1, 0, 0
59000, 2123245, 1, 0, 0
60000, 2048810, 1, 0, 0
61000, 2166539, 1, 0, 0
62000, 2110373, 1, 0, 0
63000, 2049759, 1, 0, 0
64000, 2102521, 1, 0, 0
65000, 2098128, 1, 0, 0
66000, 2069997, 1, 0, 0
67000, 2145741, 1, 0, 0
68000, 2053910, 1, 0, 0
69000, 2056782, 1, 0, 0
70000, 2113631, 1, 0, 0
71000, 2081942, 1, 0, 0
72000, 2095173, 1, 0, 0
73000, 2142352, 1, 0, 0
74000, 2114610, 1, 0, 0
75000, 2042562, 1, 0, 0
76000, 2104304, 1, 0, 0
77000, 2102104, 1, 0, 0
78000, 2101403, 1, 0, 0
79000, 2071564, 1, 0, 0
80000, 2071565, 1, 0, 0
81000, 2107269, 1, 0, 0
82000, 2035131, 1, 0, 0
83000, 2158957, 1, 0, 0
84000, 2079949, 1, 0, 0
85000, 2070742, 1, 0, 0
86000, 2107867, 1, 0, 0
87000, 2071793, 1, 0, 0
88000, 2049525, 1, 0, 0
89000, 2073433, 1, 0, 0
90000, 2142509, 1, 0, 0
91000, 2045214, 1, 0, 0
92000, 2137624, 1, 0, 0
93000, 2034674, 1, 0, 0
94000, 2092332, 1, 0, 0
95000, 2025742, 1, 0, 0
96000, 2190332, 1, 0, 0
97000, 2044306, 1, 0, 0
98000, 2094388, 1, 0, 0
99000, 2064051, 1, 0, 0
100000, 2115834, 1, 0, 0
101000, 2142725, 1, 0, 0
102000, 2089917, 1, 0, 0
103000, 2104225, 1, 0, 0
104000, 2044288, 1, 0, 0
105000, 2114346, 1, 0, 0
106000, 2067989, 1, 0, 0
107000, 2106200, 1, 0, 0
108000, 2178212, 1, 0, 0
109001, 2091623, 1, 0, 0
110000, 2129478, 1, 0, 0
111000, 2090715, 1, 0, 0
112000, 2093125, 1, 0, 0
113000, 2123002, 1, 0, 0
114000, 2047626, 1, 0, 0
115000, 2078764, 1, 0, 0
116000, 2115053, 1, 0, 0
117000, 2052831, 1, 0, 0
118000, 2116126, 1, 0, 0
119000, 2079947, 1, 0, 0
120000, 2044080, 1, 0, 0
121000, 2084894, 1, 0, 0
122000, 2048842, 1, 0, 0
123000, 2096606, 1, 0, 0
124000, 2102187, 1, 0, 0
125000, 2075964, 1, 0, 0
126000, 2086272, 1, 0, 0
127000, 2048748, 1, 0, 0
128000, 2120084, 1, 0, 0
129000, 2130038, 1, 0, 0
130000, 2050092, 1, 0, 0
131000, 2065159, 1, 0, 0
132000, 2085730, 1, 0, 0
133000, 2069869, 1, 0, 0
134000, 2111721, 1, 0, 0
135000, 2079975, 1, 0, 0
136000, 2085705, 1, 0, 0
137000, 2079531, 1, 0, 0
138000, 2134709, 1, 0, 0
139000, 2074960, 1, 0, 0
140000, 2060674, 1, 0, 0
141000, 2128400, 1, 0, 0
142000, 2017656, 1, 0, 0
143000, 2112858, 1, 0, 0
144000, 2072411, 1, 0, 0
145000, 2046756, 1, 0, 0
146000, 2054020, 1, 0, 0
147000, 2150957, 1, 0, 0
148000, 2079641, 1, 0, 0
149000, 2119472, 1, 0, 0
150000, 2044275, 1, 0, 0
151000, 2061736, 1, 0, 0
152000, 2079375, 1, 0, 0
153000, 2099340, 1, 0, 0
154000, 2047359, 1, 0, 0
155000, 2055284, 1, 0, 0
156000, 2079992, 1, 0, 0
157000, 2158388, 1, 0, 0
158000, 2068746, 1, 0, 0
159000, 2094518, 1, 0, 0
160000, 2115444, 1, 0, 0
161000, 2068102, 1, 0, 0
162000, 2077330, 1, 0, 0
163000, 2135336, 1, 0, 0
164000, 2081278, 1, 0, 0
165000, 2068888, 1, 0, 0
166000, 2072931, 1, 0, 0
167000, 2139397, 1, 0, 0
168000, 2075106, 1, 0, 0
169000, 2056790, 1, 0, 0
170000, 2072635, 1, 0, 0
171000, 2085141, 1, 0, 0
172000, 2034250, 1, 0, 0
173000, 2131977, 1, 0, 0
174042, 2098816, 1, 0, 0
175000, 2105556, 1, 0, 0
176000, 2100350, 1, 0, 0
177000, 2041727, 1, 0, 0
178051, 2190575, 1, 0, 0
179000, 2057723, 1, 0, 0
180000, 2072430, 1, 0, 0
180000, 1215250, 1, 0, 0
