1000, 7179246, 1, 0, 0
2002, 8543568, 1, 0, 0
3000, 8711577, 1, 0, 0
4000, 8487761, 1, 0, 0
5000, 8337872, 1, 0, 0
6001, 8082372, 1, 0, 0
7000, 7997677, 1, 0, 0
8037, 8376388, 1, 0, 0
9000, 8123854, 1, 0, 0
10001, 8203176, 1, 0, 0
11000, 8282285, 1, 0, 0
12000, 8680823, 1, 0, 0
13000, 9107777, 1, 0, 0
14003, 8284682, 1, 0, 0
15024, 8403730, 1, 0, 0
16037, 8483266, 1, 0, 0
17000, 8085497, 1, 0, 0
18025, 8771837, 1, 0, 0
19038, 8155042, 1, 0, 0
20001, 8001469, 1, 0, 0
21001, 7962578, 1, 0, 0
22002, 8402314, 1, 0, 0
23025, 8280781, 1, 0, 0
24000, 8577488, 1, 0, 0
25000, 8411391, 1, 0, 0
26001, 8314042, 1, 0, 0
27000, 8349085, 1, 0, 0
28000, 8400292, 1, 0, 0
29025, 8580939, 1, 0, 0
30027, 9235220, 1, 0, 0
31003, 7854780, 1, 0, 0
32000, 8453239, 1, 0, 0
33027, 8188841, 1, 0, 0
34000, 8497547, 1, 0, 0
35003, 8457120, 1, 0, 0
36003, 8147760, 1, 0, 0
37000, 8644371, 1, 0, 0
38003, 7959563, 1, 0, 0
39024, 8357953, 1, 0, 0
40000, 8091793, 1, 0, 0
41027, 8577994, 1, 0, 0
42001, 8431827, 1, 0, 0
43001, 8555199, 1, 0, 0
44000, 8058183, 1, 0, 0
45000, 8428897, 1, 0, 0
46000, 8674993, 1, 0, 0
47000, 8388363, 1, 0, 0
48001, 8206094, 1, 0, 0
49000, 8037428, 1, 0, 0
50000, 8638298, 1, 0, 0
51030, 8465175, 1, 0, 0
52001, 8821903, 1, 0, 0
53036, 8666182, 1, 0, 0
54000, 7957222, 1, 0, 0
55037, 8463782, 1, 0, 0
56000, 8552220, 1, 0, 0
57025, 8220905, 1, 0, 0
58038, 8946578, 1, 0, 0
59028, 8171270, 1, 0, 0
60029, 7908676, 1, 0, 0
61000, 8508590, 1, 0, 0
62028, 8431729, 1, 0, 0
63023, 8316959, 1, 0, 0
64002, 8194193, 1, 0, 0
65000, 8667246, 1, 0, 0
66002, 8340053, 1, 0, 0
67002, 8256006, 1, 0, 0
68000, 8122615, 1, 0, 0
69000, 8472785, 1, 0, 0
70037, 8606967, 1, 0, 0
71001, 8271901, 1, 0, 0
72001, 7814371, 1, 0, 0
73000, 8568849, 1, 0, 0
74001, 8249046, 1, 0, 0
75002, 8590183, 1, 0, 0
76000, 7639054, 1, 0, 0
77000, 8147340, 1, 0, 0
78003, 8360734, 1, 0, 0
79001, 8972515, 1, 0, 0
80000, 8268793, 1, 0, 0
81001, 8224355, 1, 0, 0
82036, 8462635, 1, 0, 0
83000, 8602171, 1, 0, 0
84004, 8142099, 1, 0, 0
85023, 8313901, 1, 0, 0
86000, 8502315, 1, 0, 0
87002, 8135593, 1, 0, 0
88024, 8449119, 1, 0, 0
89000, 8556334, 1, 0, 0
90027, 8710603, 1, 0, 0
91030, 7996458, 1, 0, 0
92000, 8615775, 1, 0, 0
93000, 8266934, 1, 0, 0
94001, 8038015, 1, 0, 0
95000, 8255358, 1, 0, 0
96001, 8111821, 1, 0, 0
97001, 8444557, 1, 0, 0
98004, 8254498, 1, 0, 0
99025, 8178922, 1, 0, 0
100035, 8429102, 1, 0, 0
101000, 8132306, 1, 0, 0
102026, 7748055, 1, 0, 0
103025, 8271680, 1, 0, 0
104001, 8330821, 1, 0, 0
105025, 7985377, 1, 0, 0
106038, 7931935, 1, 0, 0
107004, 8792636, 1, 0, 0
108024, 8182370, 1, 0, 0
109000, 8817676, 1, 0, 0
110002, 8318235, 1, 0, 0
111039, 8235881, 1, 0, 0
112000, 8774556, 1, 0, 0
113002, 7978042, 1, 0, 0
114037, 8675352, 1, 0, 0
115000, 8359373, 1, 0, 0
116000, 8449384, 1, 0, 0
117025, 8770688, 1, 0, 0
118000, 8342745, 1, 0, 0
119000, 8940460, 1, 0, 0
120025, 8332492, 1, 0, 0
121000, 7919659, 1, 0, 0
122004, 8207428, 1, 0, 0
123024, 8259111, 1, 0, 0
124000, 8602884, 1, 0, 0
125001, 7843619, 1, 0, 0
126028, 7935930, 1, 0, 0
127001, 8296186, 1, 0, 0
128000, 8821664, 1, 0, 0
129000, 8355198, 1, 0, 0
130003, 8969029, 1, 0, 0
131026, 8473958, 1, 0, 0
132049, 8688960, 1, 0, 0
133000, 8093677, 1, 0, 0
134000, 8220420, 1, 0, 0
135024, 8457349, 1, 0, 0
136001, 7818517, 1, 0, 0
137001, 8423826, 1, 0, 0
138000, 8719843, 1, 0, 0
139000, 8401891, 1, 0, 0
140038, 8487061, 1, 0, 0
141000, 8516220, 1, 0, 0
142000, 7692177, 1, 0, 0
143024, 8182010, 1, 0, 0
144001, 8396584, 1, 0, 0
145024, 8868670, 1, 0, 0
146000, 8609883, 1, 0, 0
147000, 8448600, 1, 0, 0
148023, 8117579, 1, 0, 0
149000, 9045279, 1, 0, 0
150000, 8088396, 1, 0, 0
151038, 8127501, 1, 0, 0
152003, 8182930, 1, 0, 0
153000, 8413923, 1, 0, 0
154000, 8137713, 1, 0, 0
155001, 8405707, 1, 0, 0
156000, 8541973, 1, 0, 0
157001, 8679382, 1, 0, 0
158000, 8811407, 1, 0, 0
159000, 8349915, 1, 0, 0
160024, 8498234, 1, 0, 0
161000, 8824740, 1, 0, 0
162000, 8302311, 1, 0, 0
163000, 8618526, 1, 0, 0
164003, 7605961, 1, 0, 0
165000, 8281945, 1, 0, 0
166000, 8162595, 1, 0, 0
167002, 8049956, 1, 0, 0
168000, 8752644, 1, 0, 0
169007, 8199437, 1, 0, 0
170002, 8216694, 1, 0, 0
171000, 8567892, 1, 0, 0
172027, 8706008, 1, 0, 0
173023, 8193867, 1, 0, 0
174004, 8330693, 1, 0, 0
175000, 7998860, 1, 0, 0
176024, 8531965, 1, 0, 0
177000, 8518486, 1, 0, 0
178003, 8273137, 1, 0, 0
179024, 7971846, 1, 0, 0
180026, 8667034, 1, 0, 0
180029, 32688113, 1, 0, 0
