1015, 59650762, 1, 0, 0
2001, 67956050, 1, 0, 0
3019, 68177757, 1, 0, 0
4029, 66219473, 1, 0, 0
5002, 64092361, 1, 0, 0
6021, 59989221, 1, 0, 0
7018, 64158119, 1, 0, 0
8031, 64499032, 1, 0, 0
9025, 66656704, 1, 0, 0
10000, 64786534, 1, 0, 0
11019, 65180276, 1, 0, 0
12021, 66050693, 1, 0, 0
13001, 66955505, 1, 0, 0
14021, 66490249, 1, 0, 0
15016, 65766389, 1, 0, 0
16001, 66932795, 1, 0, 0
17000, 66683339, 1, 0, 0
18017, 65156283, 1, 0, 0
19003, 67014137, 1, 0, 0
20019, 66513168, 1, 0, 0
21016, 66430800, 1, 0, 0
22015, 66967441, 1, 0, 0
23024, 66812716, 1, 0, 0
24019, 66379202, 1, 0, 0
25022, 66695104, 1, 0, 0
26001, 67827125, 1, 0, 0
27001, 67506974, 1, 0, 0
28017, 67444819, 1, 0, 0
29025, 66488145, 1, 0, 0
30024, 68668549, 1, 0, 0
31016, 69327951, 1, 0, 0
32030, 67172694, 1, 0, 0
33016, 66779870, 1, 0, 0
34017, 72003186, 1, 0, 0
35028, 66948490, 1, 0, 0
36000, 66921236, 1, 0, 0
37020, 67102891, 1, 0, 0
38031, 66356513, 1, 0, 0
39020, 66946471, 1, 0, 0
40002, 67447530, 1, 0, 0
41016, 66297248, 1, 0, 0
42001, 67391514, 1, 0, 0
43021, 67064715, 1, 0, 0
44025, 66799606, 1, 0, 0
45002, 67292642, 1, 0, 0
46020, 67023680, 1, 0, 0
47028, 66673367, 1, 0, 0
48000, 67107670, 1, 0, 0
49000, 66718054, 1, 0, 0
50030, 67527962, 1, 0, 0
51030, 67048825, 1, 0, 0
52024, 67367627, 1, 0, 0
53019, 66850484, 1, 0, 0
54015, 66382819, 1, 0, 0
55026, 67276152, 1, 0, 0
56019, 67645074, 1, 0, 0
57015, 66648992, 1, 0, 0
58022, 67652288, 1, 0, 0
59017, 66846779, 1, 0, 0
60028, 66750590, 1, 0, 0
61001, 66809273, 1, 0, 0
62017, 66247784, 1, 0, 0
63029, 66465292, 1, 0, 0
64000, 66720157, 1, 0, 0
65015, 66540849, 1, 0, 0
66002, 67950814, 1, 0, 0
67020, 66986000, 1, 0, 0
68017, 66691955, 1, 0, 0
69017, 67031846, 1, 0, 0
70025, 67083087, 1, 0, 0
71017, 66871327, 1, 0, 0
72016, 66692091, 1, 0, 0
73016, 67107504, 1, 0, 0
74022, 67311052, 1, 0, 0
75017, 66908780, 1, 0, 0
76001, 67132592, 1, 0, 0
77016, 66657042, 1, 0, 0
78014, 67700595, 1, 0, 0
79023, 67880826, 1, 0, 0
80020, 66532736, 1, 0, 0
81024, 66611824, 1, 0, 0
82000, 67830042, 1, 0, 0
83018, 66655144, 1, 0, 0
84020, 66555031, 1, 0, 0
85000, 67593808, 1, 0, 0
86000, 66434725, 1, 0, 0
87000, 67368844, 1, 0, 0
88023, 66911577, 1, 0, 0
89016, 66472562, 1, 0, 0
90002, 67567984, 1, 0, 0
91021, 66504016, 1, 0, 0
92015, 66629137, 1, 0, 0
93000, 67156966, 1, 0, 0
94021, 66946234, 1, 0, 0
95015, 66443977, 1, 0, 0
96017, 67834708, 1, 0, 0
97001, 67330031, 1, 0, 0
98022, 66601282, 1, 0, 0
99000, 67257854, 1, 0, 0
100001, 66867248, 1, 0, 0
101014, 67289838, 1, 0, 0
102027, 67146164, 1, 0, 0
103022, 67298976, 1, 0, 0
104019, 67072568, 1, 0, 0
105015, 67178894, 1, 0, 0
106023, 66943554, 1, 0, 0
107020, 66944754, 1, 0, 0
108014, 66837768, 1, 0, 0
109029, 66671597, 1, 0, 0
110020, 67240797, 1, 0, 0
111016, 66629040, 1, 0, 0
112022, 67517967, 1, 0, 0
113016, 66173404, 1, 0, 0
114025, 66214438, 1, 0, 0
115020, 67628744, 1, 0, 0
116015, 66926442, 1, 0, 0
117000, 67628264, 1, 0, 0
118017, 67025305, 1, 0, 0
119018, 66586522, 1, 0, 0
120014, 66746674, 1, 0, 0
121015, 66667447, 1, 0, 0
122000, 67223366, 1, 0, 0
123015, 67220693, 1, 0, 0
124024, 66712678, 1, 0, 0
125021, 67550069, 1, 0, 0
126014, 66124079, 1, 0, 0
127019, 67524199, 1, 0, 0
128027, 66522616, 1, 0, 0
129022, 67459160, 1, 0, 0
130017, 66745847, 1, 0, 0
131014, 66696053, 1, 0, 0
132001, 67253392, 1, 0, 0
133000, 66356238, 1, 0, 0
134016, 66663677, 1, 0, 0
135016, 67062235, 1, 0, 0
136021, 67224516, 1, 0, 0
137020, 66888244, 1, 0, 0
138029, 66617756, 1, 0, 0
139002, 67090456, 1, 0, 0
140019, 66695510, 1, 0, 0
141016, 66843885, 1, 0, 0
142023, 67649536, 1, 0, 0
143017, 66830045, 1, 0, 0
144027, 66510717, 1, 0, 0
145002, 67653414, 1, 0, 0
146018, 67255674, 1, 0, 0
147013, 66575071, 1, 0, 0
148002, 67412367, 1, 0, 0
149015, 66611905, 1, 0, 0
150017, 67106372, 1, 0, 0
151021, 67338833, 1, 0, 0
152019, 66318605, 1, 0, 0
153013, 66873452, 1, 0, 0
154020, 67557000, 1, 0, 0
155018, 67382657, 1, 0, 0
156028, 66509055, 1, 0, 0
157000, 67111020, 1, 0, 0
158014, 66970883, 1, 0, 0
159018, 66621651, 1, 0, 0
160020, 67523992, 1, 0, 0
161014, 67094795, 1, 0, 0
162000, 67018950, 1, 0, 0
163001, 66763719, 1, 0, 0
164015, 67078494, 1, 0, 0
165027, 66620426, 1, 0, 0
166000, 67508750, 1, 0, 0
167000, 67014215, 1, 0, 0
168015, 65894825, 1, 0, 0
169017, 67482022, 1, 0, 0
170017, 67226274, 1, 0, 0
171028, 66684193, 1, 0, 0
172021, 67096674, 1, 0, 0
173018, 66595237, 1, 0, 0
174028, 66969022, 1, 0, 0
175023, 67241659, 1, 0, 0
176017, 66647546, 1, 0, 0
177013, 66779141, 1, 0, 0
178001, 67725791, 1, 0, 0
179024, 66860136, 1, 0, 0
180017, 66771501, 1, 0, 0
180077, 113780737, 1, 0, 0
