1000, 34372, 1, 0, 0
2000, 29325, 1, 0, 0
3000, 30900, 1, 0, 0
4000, 30570, 1, 0, 0
5000, 31439, 1, 0, 0
6000, 30214, 1, 0, 0
7000, 30586, 1, 0, 0
8000, 31352, 1, 0, 0
9000, 29644, 1, 0, 0
10000, 30710, 1, 0, 0
11000, 30876, 1, 0, 0
12000, 30258, 1, 0, 0
13000, 31232, 1, 0, 0
14000, 31080, 1, 0, 0
15000, 29913, 1, 0, 0
16000, 30654, 1, 0, 0
17000, 31531, 1, 0, 0
18000, 29965, 1, 0, 0
19000, 31359, 1, 0, 0
20000, 30850, 1, 0, 0
21000, 30528, 1, 0, 0
22000, 31067, 1, 0, 0
23000, 31519, 1, 0, 0
24000, 30042, 1, 0, 0
25000, 30358, 1, 0, 0
26000, 31127, 1, 0, 0
26999, 29553, 1, 0, 0
28000, 31140, 1, 0, 0
29000, 30602, 1, 0, 0
30000, 30138, 1, 0, 0
31000, 30858, 1, 0, 0
31999, 30558, 1, 0, 0
33000, 30324, 1, 0, 0
34000, 31019, 1, 0, 0
35000, 30728, 1, 0, 0
36000, 29937, 1, 0, 0
37000, 30874, 1, 0, 0
38000, 30520, 1, 0, 0
39000, 31195, 1, 0, 0
40000, 30500, 1, 0, 0
41000, 30012, 1, 0, 0
42000, 31224, 1, 0, 0
43000, 29429, 1, 0, 0
44000, 31431, 1, 0, 0
45000, 30958, 1, 0, 0
46000, 30126, 1, 0, 0
47000, 30630, 1, 0, 0
48000, 30150, 1, 0, 0
49000, 31211, 1, 0, 0
50000, 30108, 1, 0, 0
51000, 30652, 1, 0, 0
52000, 29977, 1, 0, 0
53000, 30686, 1, 0, 0
54000, 31128, 1, 0, 0
55000, 30120, 1, 0, 0
56000, 30334, 1, 0, 0
57000, 30574, 1, 0, 0
58000, 29892, 1, 0, 0
59000, 31280, 1, 0, 0
60000, 30774, 1, 0, 0
61000, 30708, 1, 0, 0
62000, 30878, 1, 0, 0
63000, 30648, 1, 0, 0
64000, 30780, 1, 0, 0
65000, 29817, 1, 0, 0
66000, 30448, 1, 0, 0
67000, 30540, 1, 0, 0
68000, 30738, 1, 0, 0
69000, 30678, 1, 0, 0
70000, 30132, 1, 0, 0
71000, 31515, 1, 0, 0
72000, 30644, 1, 0, 0
73000, 30332, 1, 0, 0
74000, 30934, 1, 0, 0
75000, 30972, 1, 0, 0
76000, 29940, 1, 0, 0
77000, 30428, 1, 0, 0
78000, 30980, 1, 0, 0
79000, 29393, 1, 0, 0
80000, 30868, 1, 0, 0
81000, 30966, 1, 0, 0
81999, 29769, 1, 0, 0
83000, 31040, 1, 0, 0
84000, 31243, 1, 0, 0
85000, 30356, 1, 0, 0
86000, 30924, 1, 0, 0
87000, 30132, 1, 0, 0
88000, 30766, 1, 0, 0
89000, 29245, 1, 0, 0
90000, 30674, 1, 0, 0
91000, 30632, 1, 0, 0
92000, 29917, 1, 0, 0
93000, 30320, 1, 0, 0
94000, 30886, 1, 0, 0
95000, 30410, 1, 0, 0
96000, 29653, 1, 0, 0
97000, 31184, 1, 0, 0
98000, 30966, 1, 0, 0
98999, 30354, 1, 0, 0
100000, 30464, 1, 0, 0
101000, 29872, 1, 0, 0
102000, 30816, 1, 0, 0
103000, 31076, 1, 0, 0
104000, 29313, 1, 0, 0
105000, 31135, 1, 0, 0
106000, 30996, 1, 0, 0
107000, 30802, 1, 0, 0
108000, 30616, 1, 0, 0
109000, 30710, 1, 0, 0
110000, 30554, 1, 0, 0
111000, 30120, 1, 0, 0
112000, 30734, 1, 0, 0
113000, 30718, 1, 0, 0
114000, 29769, 1, 0, 0
115000, 30390, 1, 0, 0
116000, 31036, 1, 0, 0
117000, 30306, 1, 0, 0
118000, 30250, 1, 0, 0
119000, 31028, 1, 0, 0
120000, 30718, 1, 0, 0
121000, 30626, 1, 0, 0
122000, 30630, 1, 0, 0
123000, 30438, 1, 0, 0
124000, 30228, 1, 0, 0
125000, 30524, 1, 0, 0
126000, 30258, 1, 0, 0
127000, 30466, 1, 0, 0
128000, 30164, 1, 0, 0
129000, 29816, 1, 0, 0
130000, 30436, 1, 0, 0
131000, 30272, 1, 0, 0
132000, 31967, 1, 0, 0
133000, 31035, 1, 0, 0
134000, 30496, 1, 0, 0
135000, 30730, 1, 0, 0
136000, 30428, 1, 0, 0
137000, 30256, 1, 0, 0
138000, 30272, 1, 0, 0
139000, 31411, 1, 0, 0
140000, 30302, 1, 0, 0
141000, 30410, 1, 0, 0
142000, 31235, 1, 0, 0
143000, 30624, 1, 0, 0
144000, 30326, 1, 0, 0
145000, 30312, 1, 0, 0
146000, 31199, 1, 0, 0
147000, 29445, 1, 0, 0
148000, 30754, 1, 0, 0
149000, 30474, 1, 0, 0
150000, 31524, 1, 0, 0
151000, 30670, 1, 0, 0
152000, 30214, 1, 0, 0
153000, 30628, 1, 0, 0
154000, 30080, 1, 0, 0
155000, 30998, 1, 0, 0
156000, 30470, 1, 0, 0
157000, 31027, 1, 0, 0
158000, 30488, 1, 0, 0
159000, 30818, 1, 0, 0
160000, 30968, 1, 0, 0
161000, 30386, 1, 0, 0
162000, 30542, 1, 0, 0
163000, 29677, 1, 0, 0
164000, 31151, 1, 0, 0
165000, 30838, 1, 0, 0
166000, 29981, 1, 0, 0
167000, 31020, 1, 0, 0
168000, 30904, 1, 0, 0
169000, 30350, 1, 0, 0
170000, 30634, 1, 0, 0
171000, 30902, 1, 0, 0
172000, 30176, 1, 0, 0
173000, 30306, 1, 0, 0
174000, 30772, 1, 0, 0
175000, 30422, 1, 0, 0
176000, 31095, 1, 0, 0
177000, 30712, 1, 0, 0
178000, 31207, 1, 0, 0
179000, 30048, 1, 0, 0
180000, 30592, 1, 0, 0
