999, 2206, 0, 0, 0
1999, 1925, 0, 0, 0
2999, 1896, 0, 0, 0
4000, 1936, 0, 0, 0
5000, 1893, 0, 0, 0
5999, 1897, 0, 0, 0
7000, 1928, 0, 0, 0
8000, 1921, 0, 0, 0
8999, 1885, 0, 0, 0
10000, 1948, 0, 0, 0
11000, 1897, 0, 0, 0
11999, 1913, 0, 0, 0
12999, 1949, 0, 0, 0
14000, 1932, 0, 0, 0
15000, 1905, 0, 0, 0
15999, 1953, 0, 0, 0
16999, 1881, 0, 0, 0
18000, 1936, 0, 0, 0
19000, 1945, 0, 0, 0
19999, 1841, 0, 0, 0
21000, 1984, 0, 0, 0
22000, 1925, 0, 0, 0
22999, 1897, 0, 0, 0
23999, 1985, 0, 0, 0
25000, 1848, 0, 0, 0
26000, 1885, 0, 0, 0
27000, 1957, 0, 0, 0
27999, 1949, 0, 0, 0
29000, 1760, 0, 0, 0
30000, 2122, 0, 0, 0
30999, 1917, 0, 0, 0
32000, 1884, 0, 0, 0
33000, 1861, 0, 0, 0
34000, 1957, 0, 0, 0
34999, 1889, 0, 0, 0
36000, 1904, 0, 0, 0
37000, 1969, 0, 0, 0
37999, 1949, 0, 0, 0
39000, 1916, 0, 0, 0
40000, 1869, 0, 0, 0
40999, 1905, 0, 0, 0
42000, 1872, 0, 0, 0
43000, 1921, 0, 0, 0
43999, 1929, 0, 0, 0
45000, 1924, 0, 0, 0
46000, 1941, 0, 0, 0
46999, 1945, 0, 0, 0
48000, 1860, 0, 0, 0
49000, 1921, 0, 0, 0
49999, 1901, 0, 0, 0
51000, 1924, 0, 0, 0
52000, 1909, 0, 0, 0
52999, 1917, 0, 0, 0
53999, 1897, 0, 0, 0
55000, 1936, 0, 0, 0
56000, 1869, 0, 0, 0
56999, 1937, 0, 0, 0
58000, 1952, 0, 0, 0
59000, 1869, 0, 0, 0
60000, 1949, 0, 0, 0
60999, 1917, 0, 0, 0
61999, 1917, 0, 0, 0
63000, 1904, 0, 0, 0
64000, 1901, 0, 0, 0
64999, 1949, 0, 0, 0
66000, 1924, 0, 0, 0
67000, 1901, 0, 0, 0
67999, 1869, 0, 0, 0
69000, 1896, 0, 0, 0
70000, 1885, 0, 0, 0
70999, 1933, 0, 0, 0
72000, 1880, 0, 0, 0
73000, 1909, 0, 0, 0
73999, 1913, 0, 0, 0
75000, 1924, 0, 0, 0
76000, 1909, 0, 0, 0
76999, 1901, 0, 0, 0
77999, 1885, 0, 0, 0
79000, 1896, 0, 0, 0
80000, 1917, 0, 0, 0
80999, 1933, 0, 0, 0
81999, 1905, 0, 0, 0
83000, 1920, 0, 0, 0
84000, 1905, 0, 0, 0
84999, 1897, 0, 0, 0
85999, 1917, 0, 0, 0
87000, 1932, 0, 0, 0
88000, 1897, 0, 0, 0
88999, 1893, 0, 0, 0
89999, 1897, 0, 0, 0
91000, 1924, 0, 0, 0
92000, 1897, 0, 0, 0
92999, 1953, 0, 0, 0
94000, 1916, 0, 0, 0
95000, 1849, 0, 0, 0
96000, 1921, 0, 0, 0
96999, 1929, 0, 0, 0
98000, 1960, 0, 0, 0
99000, 1905, 0, 0, 0
99999, 1929, 0, 0, 0
101000, 1932, 0, 0, 0
102000, 1893, 0, 0, 0
102999, 1921, 0, 0, 0
104000, 1908, 0, 0, 0
105000, 1917, 0, 0, 0
105999, 1905, 0, 0, 0
107000, 1876, 0, 0, 0
108000, 1893, 0, 0, 0
109000, 1897, 0, 0, 0
109999, 1897, 0, 0, 0
111000, 1904, 0, 0, 0
112000, 1913, 0, 0, 0
112999, 1909, 0, 0, 0
114000, 2024, 0, 0, 0
115000, 1905, 0, 0, 0
115999, 1897, 0, 0, 0
117000, 1916, 0, 0, 0
118000, 1917, 0, 0, 0
118999, 1881, 0, 0, 0
120000, 1856, 0, 0, 0
121000, 1917, 0, 0, 0
121999, 1901, 0, 0, 0
123000, 1904, 0, 0, 0
124000, 1933, 0, 0, 0
124999, 1917, 0, 0, 0
126000, 1884, 0, 0, 0
127000, 1949, 0, 0, 0
128000, 1896, 0, 0, 0
129000, 1921, 0, 0, 0
129999, 1873, 0, 0, 0
131000, 1864, 0, 0, 0
132000, 1921, 0, 0, 0
132999, 1901, 0, 0, 0
134000, 1960, 0, 0, 0
135000, 1901, 0, 0, 0
135999, 1889, 0, 0, 0
137000, 1920, 0, 0, 0
138000, 1885, 0, 0, 0
138999, 1873, 0, 0, 0
140000, 1956, 0, 0, 0
141000, 1929, 0, 0, 0
141999, 1881, 0, 0, 0
143000, 1972, 0, 0, 0
144000, 1849, 0, 0, 0
144999, 1945, 0, 0, 0
146000, 1876, 0, 0, 0
147000, 1933, 0, 0, 0
147999, 1865, 0, 0, 0
149000, 1888, 0, 0, 0
150000, 1917, 0, 0, 0
150999, 1981, 0, 0, 0
152000, 1884, 0, 0, 0
153000, 1929, 0, 0, 0
153999, 1917, 0, 0, 0
155000, 1904, 0, 0, 0
156000, 1949, 0, 0, 0
157000, 1844, 0, 0, 0
158000, 1897, 0, 0, 0
158999, 1909, 0, 0, 0
160000, 1884, 0, 0, 0
161000, 1973, 0, 0, 0
161999, 1885, 0, 0, 0
163000, 1940, 0, 0, 0
164000, 1897, 0, 0, 0
164999, 1889, 0, 0, 0
166000, 1944, 0, 0, 0
167000, 1929, 0, 0, 0
167999, 2002, 0, 0, 0
169000, 1924, 0, 0, 0
170000, 1869, 0, 0, 0
170999, 1873, 0, 0, 0
172000, 1924, 0, 0, 0
172999, 1877, 0, 0, 0
174000, 1936, 0, 0, 0
175000, 1917, 0, 0, 0
175999, 1933, 0, 0, 0
177000, 1912, 0, 0, 0
178000, 1941, 0, 0, 0
178999, 1929, 0, 0, 0
180000, 1880, 0, 0, 0
