999, 552, 0, 0, 0
1999, 482, 0, 0, 0
2999, 469, 0, 0, 0
3999, 471, 0, 0, 0
4999, 490, 0, 0, 0
6000, 497, 0, 0, 0
7000, 473, 0, 0, 0
8000, 474, 0, 0, 0
9000, 480, 0, 0, 0
10000, 471, 0, 0, 0
11000, 471, 0, 0, 0
12000, 470, 0, 0, 0
13000, 488, 0, 0, 0
14000, 466, 0, 0, 0
15000, 486, 0, 0, 0
16000, 479, 0, 0, 0
17000, 485, 0, 0, 0
18000, 486, 0, 0, 0
19001, 482, 0, 0, 0
20000, 490, 0, 0, 0
21000, 490, 0, 0, 0
22001, 474, 0, 0, 0
23000, 467, 0, 0, 0
24000, 479, 0, 0, 0
25000, 471, 0, 0, 0
26000, 470, 0, 0, 0
27000, 489, 0, 0, 0
28001, 470, 0, 0, 0
29000, 484, 0, 0, 0
30000, 489, 0, 0, 0
31000, 479, 0, 0, 0
32000, 480, 0, 0, 0
33000, 477, 0, 0, 0
34000, 471, 0, 0, 0
35000, 486, 0, 0, 0
36000, 482, 0, 0, 0
37000, 473, 0, 0, 0
38000, 467, 0, 0, 0
39000, 437, 0, 0, 0
40000, 503, 0, 0, 0
41000, 481, 0, 0, 0
42001, 460, 0, 0, 0
43000, 469, 0, 0, 0
44000, 473, 0, 0, 0
45000, 465, 0, 0, 0
46000, 484, 0, 0, 0
47000, 476, 0, 0, 0
48000, 478, 0, 0, 0
49000, 484, 0, 0, 0
50001, 464, 0, 0, 0
51000, 470, 0, 0, 0
52001, 483, 0, 0, 0
53000, 482, 0, 0, 0
54000, 487, 0, 0, 0
55000, 169, 0, 0, 0
56000, 485, 0, 0, 0
57000, 464, 0, 0, 0
58000, 475, 0, 0, 0
59000, 475, 0, 0, 0
60000, 483, 0, 0, 0
61001, 468, 0, 0, 0
62001, 471, 0, 0, 0
63000, 474, 0, 0, 0
64000, 482, 0, 0, 0
65001, 470, 0, 0, 0
66000, 463, 0, 0, 0
67000, 483, 0, 0, 0
68000, 481, 0, 0, 0
69000, 479, 0, 0, 0
70000, 481, 0, 0, 0
71000, 462, 0, 0, 0
72000, 477, 0, 0, 0
73000, 494, 0, 0, 0
74000, 497, 0, 0, 0
75000, 480, 0, 0, 0
76001, 477, 0, 0, 0
77000, 482, 0, 0, 0
78000, 480, 0, 0, 0
79000, 474, 0, 0, 0
80000, 476, 0, 0, 0
81000, 476, 0, 0, 0
82000, 490, 0, 0, 0
83000, 474, 0, 0, 0
84000, 464, 0, 0, 0
85000, 472, 0, 0, 0
86001, 467, 0, 0, 0
87000, 480, 0, 0, 0
88000, 479, 0, 0, 0
89000, 480, 0, 0, 0
90001, 477, 0, 0, 0
91000, 478, 0, 0, 0
92000, 465, 0, 0, 0
93000, 489, 0, 0, 0
94001, 476, 0, 0, 0
95000, 485, 0, 0, 0
96000, 490, 0, 0, 0
97000, 464, 0, 0, 0
98000, 479, 0, 0, 0
99000, 490, 0, 0, 0
100000, 478, 0, 0, 0
101000, 480, 0, 0, 0
102000, 487, 0, 0, 0
103000, 484, 0, 0, 0
104000, 474, 0, 0, 0
105000, 483, 0, 0, 0
106000, 478, 0, 0, 0
107000, 474, 0, 0, 0
108001, 471, 0, 0, 0
109000, 467, 0, 0, 0
110000, 477, 0, 0, 0
111000, 481, 0, 0, 0
112000, 473, 0, 0, 0
113000, 476, 0, 0, 0
114000, 477, 0, 0, 0
115000, 472, 0, 0, 0
116000, 479, 0, 0, 0
117000, 482, 0, 0, 0
118001, 482, 0, 0, 0
119000, 476, 0, 0, 0
120000, 475, 0, 0, 0
121000, 475, 0, 0, 0
122000, 476, 0, 0, 0
123000, 486, 0, 0, 0
124000, 489, 0, 0, 0
125000, 483, 0, 0, 0
126000, 493, 0, 0, 0
127000, 489, 0, 0, 0
128000, 480, 0, 0, 0
129000, 476, 0, 0, 0
130000, 482, 0, 0, 0
131000, 487, 0, 0, 0
132000, 475, 0, 0, 0
133000, 470, 0, 0, 0
134000, 480, 0, 0, 0
135000, 479, 0, 0, 0
136000, 484, 0, 0, 0
137000, 486, 0, 0, 0
138000, 484, 0, 0, 0
139001, 476, 0, 0, 0
140000, 475, 0, 0, 0
141000, 481, 0, 0, 0
142000, 476, 0, 0, 0
143000, 477, 0, 0, 0
144000, 472, 0, 0, 0
145000, 480, 0, 0, 0
146000, 474, 0, 0, 0
147000, 474, 0, 0, 0
148001, 478, 0, 0, 0
149000, 484, 0, 0, 0
150000, 480, 0, 0, 0
151000, 479, 0, 0, 0
152000, 489, 0, 0, 0
153000, 458, 0, 0, 0
154000, 475, 0, 0, 0
155000, 469, 0, 0, 0
156000, 486, 0, 0, 0
157000, 476, 0, 0, 0
158000, 484, 0, 0, 0
159000, 496, 0, 0, 0
160000, 472, 0, 0, 0
161000, 485, 0, 0, 0
162000, 480, 0, 0, 0
163000, 477, 0, 0, 0
164000, 472, 0, 0, 0
165001, 482, 0, 0, 0
166000, 479, 0, 0, 0
167000, 481, 0, 0, 0
168000, 483, 0, 0, 0
169000, 478, 0, 0, 0
170000, 467, 0, 0, 0
171000, 478, 0, 0, 0
172001, 476, 0, 0, 0
173001, 476, 0, 0, 0
174000, 458, 0, 0, 0
175001, 477, 0, 0, 0
176000, 482, 0, 0, 0
177000, 490, 0, 0, 0
178000, 456, 0, 0, 0
179000, 486, 0, 0, 0
180001, 470, 0, 0, 0
