1000, 987961, 1, 0, 0
2000, 1016678, 1, 0, 0
3000, 1043978, 1, 0, 0
4000, 1066609, 1, 0, 0
5000, 1044995, 1, 0, 0
6000, 1039798, 1, 0, 0
7000, 1032512, 1, 0, 0
8000, 1067446, 1, 0, 0
9000, 1026644, 1, 0, 0
10000, 1038579, 1, 0, 0
11001, 1058873, 1, 0, 0
12000, 1098100, 1, 0, 0
13000, 1017753, 1, 0, 0
14000, 1040766, 1, 0, 0
15000, 1046184, 1, 0, 0
16000, 1091393, 1, 0, 0
17000, 1086799, 1, 0, 0
18000, 1097481, 1, 0, 0
19000, 1010063, 1, 0, 0
20000, 1041524, 1, 0, 0
21000, 1070212, 1, 0, 0
22000, 1037746, 1, 0, 0
23000, 1052058, 1, 0, 0
24000, 1090193, 1, 0, 0
25000, 1093987, 1, 0, 0
26000, 1111007, 1, 0, 0
27000, 1037731, 1, 0, 0
28000, 1066208, 1, 0, 0
29000, 1037176, 1, 0, 0
30000, 1087211, 1, 0, 0
31000, 1143051, 1, 0, 0
32000, 1168290, 1, 0, 0
33000, 1069061, 1, 0, 0
34000, 1070133, 1, 0, 0
35003, 1105083, 1, 0, 0
36000, 1135898, 1, 0, 0
37000, 1030385, 1, 0, 0
38000, 1078434, 1, 0, 0
39003, 1073584, 1, 0, 0
40000, 1040700, 1, 0, 0
41000, 1064492, 1, 0, 0
42003, 1047499, 1, 0, 0
43000, 1064282, 1, 0, 0
44000, 1066430, 1, 0, 0
45000, 1093560, 1, 0, 0
46000, 1060415, 1, 0, 0
47000, 1044523, 1, 0, 0
48000, 1049429, 1, 0, 0
49000, 1134575, 1, 0, 0
50000, 1031827, 1, 0, 0
51000, 1035125, 1, 0, 0
52000, 1032947, 1, 0, 0
53000, 1038044, 1, 0, 0
54000, 1052162, 1, 0, 0
55000, 1074529, 1, 0, 0
56000, 1012980, 1, 0, 0
57000, 1056167, 1, 0, 0
58000, 1035834, 1, 0, 0
59000, 1095403, 1, 0, 0
60000, 1021744, 1, 0, 0
61000, 1019398, 1, 0, 0
62000, 1084582, 1, 0, 0
63000, 1051322, 1, 0, 0
64000, 1033696, 1, 0, 0
65000, 1038563, 1, 0, 0
66000, 1013513, 1, 0, 0
67000, 1066413, 1, 0, 0
68000, 1041204, 1, 0, 0
69000, 1035052, 1, 0, 0
70000, 1026538, 1, 0, 0
71000, 1044597, 1, 0, 0
72000, 1048802, 1, 0, 0
73000, 1076159, 1, 0, 0
74000, 1057608, 1, 0, 0
75000, 1092014, 1, 0, 0
76000, 1037446, 1, 0, 0
77000, 1067566, 1, 0, 0
78012, 982789, 1, 0, 0
79000, 1032560, 1, 0, 0
80000, 1105025, 1, 0, 0
81000, 1039148, 1, 0, 0
82000, 1010988, 1, 0, 0
83001, 1036308, 1, 0, 0
84000, 1051683, 1, 0, 0
85000, 1044614, 1, 0, 0
86000, 1056622, 1, 0, 0
87000, 1042209, 1, 0, 0
88000, 1073179, 1, 0, 0
89000, 1023125, 1, 0, 0
90000, 1048809, 1, 0, 0
91000, 1111501, 1, 0, 0
92000, 1009834, 1, 0, 0
93000, 1036878, 1, 0, 0
94000, 1036878, 1, 0, 0
95000, 1076207, 1, 0, 0
96000, 1031362, 1, 0, 0
97000, 1058224, 1, 0, 0
98000, 1040165, 1, 0, 0
99000, 1059356, 1, 0, 0
100000, 1042620, 1, 0, 0
101000, 1067195, 1, 0, 0
102005, 1015931, 1, 0, 0
103000, 1063864, 1, 0, 0
104000, 1045959, 1, 0, 0
105000, 1024085, 1, 0, 0
106000, 1035837, 1, 0, 0
107000, 1057886, 1, 0, 0
108000, 1017876, 1, 0, 0
109003, 1063394, 1, 0, 0
110000, 1056803, 1, 0, 0
111000, 1057256, 1, 0, 0
112009, 1032728, 1, 0, 0
113000, 1064714, 1, 0, 0
114000, 1053167, 1, 0, 0
115000, 1055236, 1, 0, 0
116000, 1019716, 1, 0, 0
117003, 1013595, 1, 0, 0
118000, 1055803, 1, 0, 0
119000, 1041185, 1, 0, 0
120000, 1039845, 1, 0, 0
121000, 1063062, 1, 0, 0
122014, 1017531, 1, 0, 0
123000, 1060590, 1, 0, 0
124003, 1046325, 1, 0, 0
125012, 1031229, 1, 0, 0
126000, 1070082, 1, 0, 0
127003, 1046022, 1, 0, 0
128000, 1025604, 1, 0, 0
129000, 1048969, 1, 0, 0
130000, 1050607, 1, 0, 0
131000, 1078377, 1, 0, 0
132000, 1016176, 1, 0, 0
133000, 1023648, 1, 0, 0
134000, 1048314, 1, 0, 0
135000, 1042097, 1, 0, 0
136000, 1037178, 1, 0, 0
137000, 1111551, 1, 0, 0
138000, 1111836, 1, 0, 0
139000, 1079185, 1, 0, 0
140000, 1059796, 1, 0, 0
141000, 1053188, 1, 0, 0
142000, 1022990, 1, 0, 0
143000, 992228, 1, 0, 0
144000, 1052078, 1, 0, 0
145000, 1043094, 1, 0, 0
146000, 1022036, 1, 0, 0
147000, 1057415, 1, 0, 0
148000, 1053480, 1, 0, 0
149000, 1044608, 1, 0, 0
150000, 1043600, 1, 0, 0
151000, 1099603, 1, 0, 0
152000, 1034047, 1, 0, 0
153000, 1041707, 1, 0, 0
154000, 1038035, 1, 0, 0
155000, 1026593, 1, 0, 0
156000, 1028540, 1, 0, 0
157000, 1059595, 1, 0, 0
158000, 1036754, 1, 0, 0
159000, 989539, 1, 0, 0
160000, 1033886, 1, 0, 0
161000, 1072102, 1, 0, 0
162000, 1047845, 1, 0, 0
163000, 1036027, 1, 0, 0
164000, 1038412, 1, 0, 0
165000, 1050717, 1, 0, 0
166002, 1037592, 1, 0, 0
167000, 1040456, 1, 0, 0
168000, 1053813, 1, 0, 0
169000, 1035980, 1, 0, 0
170001, 1019481, 1, 0, 0
171000, 1069843, 1, 0, 0
172000, 1037939, 1, 0, 0
173000, 1042433, 1, 0, 0
174000, 1031911, 1, 0, 0
175000, 1047722, 1, 0, 0
176000, 1055121, 1, 0, 0
177000, 1036528, 1, 0, 0
178000, 1035812, 1, 0, 0
179000, 1032895, 1, 0, 0
180000, 1044535, 1, 0, 0
180000, 860612, 1, 0, 0
