1000, 524, 0, 0, 0
2000, 484, 0, 0, 0
3000, 489, 0, 0, 0
4001, 467, 0, 0, 0
5001, 477, 0, 0, 0
6001, 484, 0, 0, 0
7000, 471, 0, 0, 0
8000, 480, 0, 0, 0
9001, 489, 0, 0, 0
10001, 480, 0, 0, 0
11000, 465, 0, 0, 0
12000, 478, 0, 0, 0
13001, 492, 0, 0, 0
14001, 469, 0, 0, 0
15001, 489, 0, 0, 0
16001, 465, 0, 0, 0
17000, 484, 0, 0, 0
18001, 471, 0, 0, 0
19000, 464, 0, 0, 0
20001, 489, 0, 0, 0
21000, 467, 0, 0, 0
22000, 485, 0, 0, 0
23001, 476, 0, 0, 0
24000, 486, 0, 0, 0
25001, 477, 0, 0, 0
26000, 484, 0, 0, 0
27001, 489, 0, 0, 0
28000, 467, 0, 0, 0
29001, 476, 0, 0, 0
30000, 489, 0, 0, 0
31000, 480, 0, 0, 0
32001, 468, 0, 0, 0
33000, 485, 0, 0, 0
34001, 494, 0, 0, 0
35000, 459, 0, 0, 0
36000, 484, 0, 0, 0
37000, 465, 0, 0, 0
38001, 479, 0, 0, 0
39000, 485, 0, 0, 0
40001, 466, 0, 0, 0
41001, 496, 0, 0, 0
42000, 480, 0, 0, 0
43001, 455, 0, 0, 0
44001, 486, 0, 0, 0
45001, 475, 0, 0, 0
46001, 479, 0, 0, 0
47000, 473, 0, 0, 0
48000, 474, 0, 0, 0
49000, 469, 0, 0, 0
50000, 491, 0, 0, 0
51001, 489, 0, 0, 0
52000, 458, 0, 0, 0
53001, 488, 0, 0, 0
54001, 490, 0, 0, 0
55000, 454, 0, 0, 0
56001, 484, 0, 0, 0
57001, 461, 0, 0, 0
58000, 483, 0, 0, 0
59001, 485, 0, 0, 0
60001, 458, 0, 0, 0
61001, 481, 0, 0, 0
62001, 481, 0, 0, 0
63000, 483, 0, 0, 0
64001, 460, 0, 0, 0
65000, 486, 0, 0, 0
66001, 479, 0, 0, 0
67001, 468, 0, 0, 0
68001, 490, 0, 0, 0
69001, 466, 0, 0, 0
70001, 478, 0, 0, 0
71001, 482, 0, 0, 0
72000, 456, 0, 0, 0
73001, 493, 0, 0, 0
74001, 486, 0, 0, 0
75000, 477, 0, 0, 0
76001, 465, 0, 0, 0
77000, 490, 0, 0, 0
78001, 456, 0, 0, 0
79000, 488, 0, 0, 0
80001, 465, 0, 0, 0
81001, 486, 0, 0, 0
82000, 487, 0, 0, 0
83001, 481, 0, 0, 0
84000, 468, 0, 0, 0
85001, 468, 0, 0, 0
86001, 484, 0, 0, 0
87000, 493, 0, 0, 0
88000, 482, 0, 0, 0
89000, 472, 0, 0, 0
90000, 483, 0, 0, 0
91001, 466, 0, 0, 0
92001, 482, 0, 0, 0
93000, 486, 0, 0, 0
94001, 502, 0, 0, 0
95001, 480, 0, 0, 0
96001, 473, 0, 0, 0
97001, 490, 0, 0, 0
98001, 485, 0, 0, 0
99000, 478, 0, 0, 0
100001, 475, 0, 0, 0
101000, 488, 0, 0, 0
102001, 472, 0, 0, 0
103000, 469, 0, 0, 0
104001, 489, 0, 0, 0
105000, 484, 0, 0, 0
106000, 465, 0, 0, 0
107001, 481, 0, 0, 0
108001, 493, 0, 0, 0
109000, 481, 0, 0, 0
110000, 479, 0, 0, 0
111001, 466, 0, 0, 0
112000, 481, 0, 0, 0
113000, 481, 0, 0, 0
114001, 474, 0, 0, 0
115001, 467, 0, 0, 0
116001, 477, 0, 0, 0
117000, 479, 0, 0, 0
118000, 469, 0, 0, 0
119001, 486, 0, 0, 0
120000, 481, 0, 0, 0
121000, 466, 0, 0, 0
122001, 497, 0, 0, 0
123000, 463, 0, 0, 0
124000, 494, 0, 0, 0
125001, 468, 0, 0, 0
126001, 485, 0, 0, 0
127001, 479, 0, 0, 0
128001, 477, 0, 0, 0
129000, 477, 0, 0, 0
130000, 485, 0, 0, 0
131001, 482, 0, 0, 0
132000, 460, 0, 0, 0
133001, 494, 0, 0, 0
134001, 462, 0, 0, 0
135000, 492, 0, 0, 0
136001, 493, 0, 0, 0
137000, 471, 0, 0, 0
138001, 479, 0, 0, 0
139000, 477, 0, 0, 0
140001, 477, 0, 0, 0
141000, 484, 0, 0, 0
142001, 460, 0, 0, 0
143000, 489, 0, 0, 0
144001, 481, 0, 0, 0
145001, 461, 0, 0, 0
146000, 486, 0, 0, 0
147000, 490, 0, 0, 0
148000, 467, 0, 0, 0
149001, 480, 0, 0, 0
150000, 477, 0, 0, 0
151000, 468, 0, 0, 0
152001, 490, 0, 0, 0
153000, 489, 0, 0, 0
154001, 471, 0, 0, 0
155000, 485, 0, 0, 0
156000, 489, 0, 0, 0
157001, 460, 0, 0, 0
158001, 476, 0, 0, 0
159001, 487, 0, 0, 0
160000, 468, 0, 0, 0
161001, 486, 0, 0, 0
162001, 476, 0, 0, 0
163001, 465, 0, 0, 0
164001, 476, 0, 0, 0
165001, 482, 0, 0, 0
166001, 473, 0, 0, 0
167001, 487, 0, 0, 0
168001, 482, 0, 0, 0
169000, 465, 0, 0, 0
170001, 486, 0, 0, 0
171000, 485, 0, 0, 0
172001, 474, 0, 0, 0
173000, 459, 0, 0, 0
174000, 495, 0, 0, 0
175001, 456, 0, 0, 0
176000, 495, 0, 0, 0
177001, 481, 0, 0, 0
178000, 460, 0, 0, 0
179001, 495, 0, 0, 0
180000, 461, 0, 0, 0
