1000, 2194252, 0, 0, 0
2000, 2265547, 0, 0, 0
3001, 2208540, 0, 0, 0
4000, 2249270, 0, 0, 0
5000, 2132134, 0, 0, 0
6000, 2161346, 0, 0, 0
7000, 2207708, 0, 0, 0
8001, 2180172, 0, 0, 0
9001, 2134663, 0, 0, 0
10001, 2143672, 0, 0, 0
11000, 2204586, 0, 0, 0
12000, 2181841, 0, 0, 0
13001, 2229335, 0, 0, 0
14001, 2218281, 0, 0, 0
15000, 2189374, 0, 0, 0
16000, 2220988, 0, 0, 0
17000, 2264194, 0, 0, 0
18001, 2170275, 0, 0, 0
19000, 2278426, 0, 0, 0
20000, 2189078, 0, 0, 0
21000, 2208243, 0, 0, 0
22001, 2242642, 0, 0, 0
23001, 2186195, 0, 0, 0
24001, 2214523, 0, 0, 0
25000, 2194226, 0, 0, 0
26002, 2110352, 0, 0, 0
27001, 2454770, 0, 0, 0
28001, 2312977, 0, 0, 0
29001, 2223966, 0, 0, 0
30000, 2190535, 0, 0, 0
31000, 2184845, 0, 0, 0
32001, 2156132, 0, 0, 0
33001, 2166911, 0, 0, 0
34001, 2295627, 0, 0, 0
35000, 2215639, 0, 0, 0
36000, 2185816, 0, 0, 0
37000, 2198245, 0, 0, 0
38000, 2214712, 0, 0, 0
39000, 2278252, 0, 0, 0
40001, 2231398, 0, 0, 0
41001, 2202179, 0, 0, 0
42000, 2217400, 0, 0, 0
43000, 2256165, 0, 0, 0
44000, 2184748, 0, 0, 0
45001, 2197771, 0, 0, 0
46000, 2259833, 0, 0, 0
47000, 2169987, 0, 0, 0
48000, 2227327, 0, 0, 0
49000, 2314874, 0, 0, 0
50000, 2234188, 0, 0, 0
51002, 2187836, 0, 0, 0
52000, 2264505, 0, 0, 0
53000, 2213077, 0, 0, 0
54001, 2278723, 0, 0, 0
55000, 2186843, 0, 0, 0
56001, 2214658, 0, 0, 0
57000, 2167653, 0, 0, 0
58000, 2231921, 0, 0, 0
59001, 2128498, 0, 0, 0
60000, 2160037, 0, 0, 0
61001, 2194527, 0, 0, 0
62001, 2192182, 0, 0, 0
63000, 2177498, 0, 0, 0
64000, 2170354, 0, 0, 0
65000, 2192887, 0, 0, 0
66000, 2147566, 0, 0, 0
67002, 2193996, 0, 0, 0
68001, 2200473, 0, 0, 0
69000, 2179168, 0, 0, 0
70000, 2132514, 0, 0, 0
71000, 2185690, 0, 0, 0
72000, 2187894, 0, 0, 0
73000, 2201036, 0, 0, 0
74071, 2256054, 0, 0, 0
75001, 2225799, 0, 0, 0
76001, 2258348, 0, 0, 0
77001, 2224416, 0, 0, 0
78001, 2197842, 0, 0, 0
79000, 2187262, 0, 0, 0
80001, 2179540, 0, 0, 0
81001, 2159346, 0, 0, 0
82000, 2135937, 0, 0, 0
83001, 2154204, 0, 0, 0
84000, 2315908, 0, 0, 0
85001, 2175748, 0, 0, 0
86001, 2229009, 0, 0, 0
87000, 2256155, 0, 0, 0
88000, 2279912, 0, 0, 0
89000, 2154754, 0, 0, 0
90000, 2220505, 0, 0, 0
91001, 2243514, 0, 0, 0
92000, 2200873, 0, 0, 0
93001, 2201112, 0, 0, 0
94000, 2223886, 0, 0, 0
95001, 2209820, 0, 0, 0
96001, 2161235, 0, 0, 0
97000, 2230137, 0, 0, 0
98002, 2222732, 0, 0, 0
99000, 2228388, 0, 0, 0
100000, 2267049, 0, 0, 0
101000, 2274989, 0, 0, 0
102000, 2180340, 0, 0, 0
103000, 2206442, 0, 0, 0
104001, 2146147, 0, 0, 0
105000, 2204765, 0, 0, 0
106000, 2199786, 0, 0, 0
107000, 2220953, 0, 0, 0
108000, 2188511, 0, 0, 0
109000, 2175673, 0, 0, 0
110000, 2197473, 0, 0, 0
111002, 2239710, 0, 0, 0
112000, 2259305, 0, 0, 0
113001, 2193079, 0, 0, 0
114000, 2258494, 0, 0, 0
115002, 2171608, 0, 0, 0
116000, 2178570, 0, 0, 0
117000, 2200894, 0, 0, 0
118001, 2208506, 0, 0, 0
119000, 2202000, 0, 0, 0
120001, 2247996, 0, 0, 0
121000, 2425383, 0, 0, 0
122001, 2240010, 0, 0, 0
123000, 2231915, 0, 0, 0
124001, 2198092, 0, 0, 0
125000, 2198664, 0, 0, 0
126001, 2269272, 0, 0, 0
127002, 2231210, 0, 0, 0
128001, 2187033, 0, 0, 0
129000, 2199077, 0, 0, 0
130000, 2260368, 0, 0, 0
131001, 2210910, 0, 0, 0
132000, 2198712, 0, 0, 0
133000, 2240465, 0, 0, 0
134000, 2249880, 0, 0, 0
135001, 2154847, 0, 0, 0
136000, 2217115, 0, 0, 0
137007, 2250376, 0, 0, 0
138001, 2197972, 0, 0, 0
139001, 2258967, 0, 0, 0
140000, 2240108, 0, 0, 0
141000, 2184634, 0, 0, 0
142000, 2221308, 0, 0, 0
143001, 2214673, 0, 0, 0
144001, 2319902, 0, 0, 0
145000, 2252536, 0, 0, 0
146001, 2281543, 0, 0, 0
147001, 2341569, 0, 0, 0
148000, 2335128, 0, 0, 0
149000, 2293787, 0, 0, 0
150001, 2225332, 0, 0, 0
151000, 2237241, 0, 0, 0
152000, 2361969, 0, 0, 0
153001, 2239750, 0, 0, 0
154001, 2265961, 0, 0, 0
155000, 2240594, 0, 0, 0
156001, 2269023, 0, 0, 0
157002, 2292668, 0, 0, 0
158000, 2254438, 0, 0, 0
159000, 2207721, 0, 0, 0
160001, 2254864, 0, 0, 0
161000, 2247659, 0, 0, 0
162000, 2244478, 0, 0, 0
163000, 2231987, 0, 0, 0
164000, 2294010, 0, 0, 0
165000, 2269877, 0, 0, 0
166001, 2180290, 0, 0, 0
167000, 2263847, 0, 0, 0
168000, 2266953, 0, 0, 0
169001, 2249850, 0, 0, 0
170000, 2225197, 0, 0, 0
171000, 2214841, 0, 0, 0
172000, 2249141, 0, 0, 0
173000, 2266591, 0, 0, 0
174000, 2256956, 0, 0, 0
175000, 2413896, 0, 0, 0
176000, 2342281, 0, 0, 0
177001, 2174493, 0, 0, 0
178000, 2214500, 0, 0, 0
179000, 2205841, 0, 0, 0
180000, 2246979, 0, 0, 0
180001, 3290845, 0, 0, 0
