1000, 2119872, 0, 0, 0
2003, 2101996, 0, 0, 0
3000, 2069618, 0, 0, 0
4001, 2091326, 0, 0, 0
5000, 2078909, 0, 0, 0
6001, 2087431, 0, 0, 0
7001, 2086792, 0, 0, 0
8001, 2119460, 0, 0, 0
9000, 2090415, 0, 0, 0
10000, 2108451, 0, 0, 0
11000, 2123549, 0, 0, 0
12001, 2095868, 0, 0, 0
13000, 2140738, 0, 0, 0
14000, 2079925, 0, 0, 0
15000, 2094848, 0, 0, 0
16001, 2089993, 0, 0, 0
17002, 2093216, 0, 0, 0
18000, 2057411, 0, 0, 0
19000, 2054964, 0, 0, 0
20000, 2086546, 0, 0, 0
21001, 2076488, 0, 0, 0
22000, 2048821, 0, 0, 0
23000, 2031569, 0, 0, 0
24001, 2126820, 0, 0, 0
25000, 2095469, 0, 0, 0
26001, 2106934, 0, 0, 0
27001, 2131131, 0, 0, 0
28000, 2130896, 0, 0, 0
29000, 2115227, 0, 0, 0
30001, 2135048, 0, 0, 0
31000, 2114253, 0, 0, 0
32000, 2081552, 0, 0, 0
33000, 2118242, 0, 0, 0
34000, 2160793, 0, 0, 0
35001, 2090503, 0, 0, 0
36000, 2045497, 0, 0, 0
37001, 2155317, 0, 0, 0
38000, 2270142, 0, 0, 0
39000, 2108727, 0, 0, 0
40000, 2122665, 0, 0, 0
41000, 2055120, 0, 0, 0
42000, 2072414, 0, 0, 0
43000, 2031756, 0, 0, 0
44000, 2090292, 0, 0, 0
45000, 2061994, 0, 0, 0
46001, 2097676, 0, 0, 0
47000, 2157909, 0, 0, 0
48000, 2168711, 0, 0, 0
49001, 2171172, 0, 0, 0
50000, 2160017, 0, 0, 0
51001, 2140934, 0, 0, 0
52000, 2194547, 0, 0, 0
53000, 2155493, 0, 0, 0
54009, 2216040, 0, 0, 0
55001, 2129855, 0, 0, 0
56000, 2109498, 0, 0, 0
57001, 2162977, 0, 0, 0
58001, 2143353, 0, 0, 0
59000, 2158625, 0, 0, 0
60000, 2123734, 0, 0, 0
61000, 2126393, 0, 0, 0
62000, 2111297, 0, 0, 0
63000, 2214454, 0, 0, 0
64001, 2101150, 0, 0, 0
65000, 2102768, 0, 0, 0
66001, 2036442, 0, 0, 0
67000, 2055106, 0, 0, 0
68000, 2151148, 0, 0, 0
69000, 2126089, 0, 0, 0
70000, 2162056, 0, 0, 0
71000, 2146741, 0, 0, 0
72001, 2178839, 0, 0, 0
73000, 2138433, 0, 0, 0
74000, 2113058, 0, 0, 0
75000, 2132616, 0, 0, 0
76000, 2175168, 0, 0, 0
77000, 2126033, 0, 0, 0
78000, 2171412, 0, 0, 0
79000, 2290251, 0, 0, 0
80000, 2146075, 0, 0, 0
81001, 2162790, 0, 0, 0
82000, 2151027, 0, 0, 0
83000, 2113380, 0, 0, 0
84000, 2243084, 0, 0, 0
85000, 2129484, 0, 0, 0
86001, 2056616, 0, 0, 0
87000, 2115329, 0, 0, 0
88000, 2148326, 0, 0, 0
89000, 2202722, 0, 0, 0
90001, 2133213, 0, 0, 0
91000, 2221257, 0, 0, 0
92000, 2074436, 0, 0, 0
93000, 2168340, 0, 0, 0
94000, 2135745, 0, 0, 0
95000, 2111049, 0, 0, 0
96001, 2152421, 0, 0, 0
97000, 2121935, 0, 0, 0
98001, 2188593, 0, 0, 0
99000, 2138057, 0, 0, 0
100000, 2131263, 0, 0, 0
101000, 2121858, 0, 0, 0
102000, 2156668, 0, 0, 0
103000, 2137340, 0, 0, 0
104000, 2162178, 0, 0, 0
105001, 2088565, 0, 0, 0
106001, 2121673, 0, 0, 0
107000, 2087778, 0, 0, 0
108000, 2112790, 0, 0, 0
109000, 2166397, 0, 0, 0
110000, 2130370, 0, 0, 0
111001, 2131307, 0, 0, 0
112000, 2163032, 0, 0, 0
113000, 2150773, 0, 0, 0
114000, 2206509, 0, 0, 0
115000, 2202473, 0, 0, 0
116005, 2146011, 0, 0, 0
117000, 2160588, 0, 0, 0
118001, 2205282, 0, 0, 0
119000, 2151473, 0, 0, 0
120000, 2182765, 0, 0, 0
121000, 2165083, 0, 0, 0
122000, 2184212, 0, 0, 0
123000, 2090535, 0, 0, 0
124000, 2128929, 0, 0, 0
125000, 2122663, 0, 0, 0
126000, 2157260, 0, 0, 0
127001, 2087328, 0, 0, 0
128000, 2096218, 0, 0, 0
129000, 2082554, 0, 0, 0
130000, 2051071, 0, 0, 0
131002, 2143985, 0, 0, 0
132000, 2163631, 0, 0, 0
133000, 2109521, 0, 0, 0
134001, 2115402, 0, 0, 0
135000, 2146331, 0, 0, 0
136000, 2114479, 0, 0, 0
137000, 2152226, 0, 0, 0
138000, 2165020, 0, 0, 0
139000, 2132853, 0, 0, 0
140000, 2125395, 0, 0, 0
141000, 2152501, 0, 0, 0
142001, 2186250, 0, 0, 0
143001, 2119474, 0, 0, 0
144000, 2196840, 0, 0, 0
145000, 2067488, 0, 0, 0
146000, 2123809, 0, 0, 0
147001, 2084465, 0, 0, 0
148000, 2107863, 0, 0, 0
149000, 2103352, 0, 0, 0
150000, 2109129, 0, 0, 0
151001, 2118015, 0, 0, 0
152000, 2170281, 0, 0, 0
153000, 2090310, 0, 0, 0
154000, 2148754, 0, 0, 0
155000, 2145191, 0, 0, 0
156001, 2078063, 0, 0, 0
157001, 2173960, 0, 0, 0
158000, 2134573, 0, 0, 0
159000, 2127645, 0, 0, 0
160000, 2119298, 0, 0, 0
161000, 2136860, 0, 0, 0
162000, 2157206, 0, 0, 0
163000, 2212939, 0, 0, 0
164001, 2172177, 0, 0, 0
165000, 2109137, 0, 0, 0
166000, 2165072, 0, 0, 0
167000, 2138558, 0, 0, 0
168001, 2138090, 0, 0, 0
169001, 2125210, 0, 0, 0
170001, 2142454, 0, 0, 0
171001, 2090702, 0, 0, 0
172000, 2101032, 0, 0, 0
173001, 2198086, 0, 0, 0
174000, 2294644, 0, 0, 0
175000, 2166223, 0, 0, 0
176001, 2157223, 0, 0, 0
177000, 2208303, 0, 0, 0
178002, 2208991, 0, 0, 0
179000, 2195324, 0, 0, 0
180000, 2197859, 0, 0, 0
180001, 2230588, 0, 0, 0
