1015, 1912, 1, 0, 0
2000, 2125, 1, 0, 0
3002, 2029, 1, 0, 0
4005, 2101, 1, 0, 0
5006, 2017, 1, 0, 0
6000, 1970, 1, 0, 0
7008, 2102, 1, 0, 0
8003, 2208, 1, 0, 0
9012, 1877, 1, 0, 0
10004, 1985, 1, 0, 0
11000, 1966, 1, 0, 0
12001, 1944, 1, 0, 0
13003, 2047, 1, 0, 0
14000, 2279, 1, 0, 0
15002, 2004, 1, 0, 0
16000, 2093, 1, 0, 0
17000, 2084, 1, 0, 0
18002, 2027, 1, 0, 0
19002, 2063, 1, 0, 0
20013, 2201, 1, 0, 0
21006, 2128, 1, 0, 0
22000, 2267, 1, 0, 0
23004, 2132, 1, 0, 0
24002, 2114, 1, 0, 0
25002, 2167, 1, 0, 0
26006, 2109, 1, 0, 0
27000, 2199, 1, 0, 0
28000, 2180, 1, 0, 0
29010, 2125, 1, 0, 0
30004, 2299, 1, 0, 0
31001, 2418, 1, 0, 0
32008, 2230, 1, 0, 0
33000, 2175, 1, 0, 0
34009, 2161, 1, 0, 0
35002, 2164, 1, 0, 0
36000, 2124, 1, 0, 0
37005, 2025, 1, 0, 0
38006, 2132, 1, 0, 0
39000, 2047, 1, 0, 0
40000, 2113, 1, 0, 0
41006, 1991, 1, 0, 0
42001, 2322, 1, 0, 0
43003, 1959, 1, 0, 0
44006, 2044, 1, 0, 0
45000, 2090, 1, 0, 0
46001, 2174, 1, 0, 0
47000, 2282, 1, 0, 0
48009, 2238, 1, 0, 0
49003, 2139, 1, 0, 0
50013, 2176, 1, 0, 0
51006, 1879, 1, 0, 0
52004, 1970, 1, 0, 0
53000, 1992, 1, 0, 0
54000, 2100, 1, 0, 0
55008, 1957, 1, 0, 0
56006, 2155, 1, 0, 0
57001, 2000, 1, 0, 0
58011, 2125, 1, 0, 0
59007, 2089, 1, 0, 0
60001, 2031, 1, 0, 0
61004, 2154, 1, 0, 0
62007, 2148, 1, 0, 0
63000, 2325, 1, 0, 0
64004, 2203, 1, 0, 0
65002, 2009, 1, 0, 0
66000, 1993, 1, 0, 0
67011, 1987, 1, 0, 0
68001, 2128, 1, 0, 0
69007, 1984, 1, 0, 0
70000, 1984, 1, 0, 0
71001, 1849, 1, 0, 0
72006, 2015, 1, 0, 0
73000, 2051, 1, 0, 0
74008, 1891, 1, 0, 0
75001, 2209, 1, 0, 0
76011, 2242, 1, 0, 0
77005, 2263, 1, 0, 0
78000, 2209, 1, 0, 0
79007, 2249, 1, 0, 0
80000, 2207, 1, 0, 0
81011, 2138, 1, 0, 0
82008, 2100, 1, 0, 0
83000, 2435, 1, 0, 0
84011, 2282, 1, 0, 0
85006, 2237, 1, 0, 0
86000, 2242, 1, 0, 0
87005, 2212, 1, 0, 0
88000, 2438, 1, 0, 0
89000, 2079, 1, 0, 0
90005, 2180, 1, 0, 0
91006, 2051, 1, 0, 0
92002, 2040, 1, 0, 0
93007, 2087, 1, 0, 0
94001, 2168, 1, 0, 0
95006, 2151, 1, 0, 0
96000, 2032, 1, 0, 0
97012, 2199, 1, 0, 0
98009, 2225, 1, 0, 0
99005, 2193, 1, 0, 0
100000, 2078, 1, 0, 0
101001, 2217, 1, 0, 0
102000, 2156, 1, 0, 0
103003, 2330, 1, 0, 0
104000, 2304, 1, 0, 0
105010, 2179, 1, 0, 0
106005, 2024, 1, 0, 0
107004, 2123, 1, 0, 0
108008, 2240, 1, 0, 0
109002, 2134, 1, 0, 0
110012, 2228, 1, 0, 0
111001, 2134, 1, 0, 0
112000, 2275, 1, 0, 0
113005, 2113, 1, 0, 0
114006, 2197, 1, 0, 0
115003, 2156, 1, 0, 0
116004, 2181, 1, 0, 0
117003, 2187, 1, 0, 0
118013, 2198, 1, 0, 0
119002, 2008, 1, 0, 0
120001, 2028, 1, 0, 0
121007, 2016, 1, 0, 0
122005, 2007, 1, 0, 0
123000, 2072, 1, 0, 0
124006, 2022, 1, 0, 0
125006, 1964, 1, 0, 0
126000, 2016, 1, 0, 0
127009, 2135, 1, 0, 0
128000, 2118, 1, 0, 0
129000, 1965, 1, 0, 0
130010, 2253, 1, 0, 0
131004, 2177, 1, 0, 0
132013, 2027, 1, 0, 0
133006, 2400, 1, 0, 0
134000, 2218, 1, 0, 0
135000, 2147, 1, 0, 0
136006, 2259, 1, 0, 0
137012, 2200, 1, 0, 0
138000, 2196, 1, 0, 0
139002, 2274, 1, 0, 0
140002, 2184, 1, 0, 0
141009, 2066, 1, 0, 0
142004, 2204, 1, 0, 0
143000, 2212, 1, 0, 0
144003, 2294, 1, 0, 0
145003, 2146, 1, 0, 0
146000, 2447, 1, 0, 0
147002, 2392, 1, 0, 0
148006, 2412, 1, 0, 0
149000, 2161, 1, 0, 0
150002, 2524, 1, 0, 0
151012, 2255, 1, 0, 0
152000, 2064, 1, 0, 0
153001, 2524, 1, 0, 0
154004, 2014, 1, 0, 0
155009, 2182, 1, 0, 0
156002, 2212, 1, 0, 0
157013, 2075, 1, 0, 0
158007, 2324, 1, 0, 0
159000, 2028, 1, 0, 0
160000, 2105, 1, 0, 0
161005, 2190, 1, 0, 0
162005, 2088, 1, 0, 0
163000, 2097, 1, 0, 0
164002, 2039, 1, 0, 0
165003, 2250, 1, 0, 0
166006, 2253, 1, 0, 0
167001, 1969, 1, 0, 0
168001, 2109, 1, 0, 0
169000, 2198, 1, 0, 0
170002, 2150, 1, 0, 0
171000, 2106, 1, 0, 0
172000, 2063, 1, 0, 0
173019, 2252, 1, 0, 0
174004, 2317, 1, 0, 0
175000, 2138, 1, 0, 0
176008, 2104, 1, 0, 0
177002, 2211, 1, 0, 0
178000, 2091, 1, 0, 0
179009, 2259, 1, 0, 0
180003, 2061, 1, 0, 0
