1000, 415, 0, 0, 0
1999, 440, 0, 0, 0
3000, 434, 0, 0, 0
4000, 452, 0, 0, 0
5000, 439, 0, 0, 0
6000, 436, 0, 0, 0
7000, 447, 0, 0, 0
8000, 422, 0, 0, 0
9000, 391, 0, 0, 0
10000, 399, 0, 0, 0
11000, 443, 0, 0, 0
12000, 416, 0, 0, 0
13000, 426, 0, 0, 0
14000, 422, 0, 0, 0
15000, 432, 0, 0, 0
16000, 418, 0, 0, 0
17000, 423, 0, 0, 0
18000, 432, 0, 0, 0
19000, 427, 0, 0, 0
20000, 407, 0, 0, 0
21000, 436, 0, 0, 0
22000, 435, 0, 0, 0
23000, 448, 0, 0, 0
24000, 429, 0, 0, 0
25000, 433, 0, 0, 0
26000, 425, 0, 0, 0
27000, 460, 0, 0, 0
28000, 458, 0, 0, 0
29000, 441, 0, 0, 0
30000, 449, 0, 0, 0
31000, 445, 0, 0, 0
32000, 434, 0, 0, 0
33000, 435, 0, 0, 0
34000, 432, 0, 0, 0
35000, 437, 0, 0, 0
36000, 437, 0, 0, 0
37000, 442, 0, 0, 0
38000, 445, 0, 0, 0
39000, 441, 0, 0, 0
40000, 436, 0, 0, 0
41000, 448, 0, 0, 0
42000, 427, 0, 0, 0
43000, 441, 0, 0, 0
44000, 435, 0, 0, 0
45000, 442, 0, 0, 0
46000, 454, 0, 0, 0
47000, 440, 0, 0, 0
48000, 421, 0, 0, 0
49000, 451, 0, 0, 0
50000, 444, 0, 0, 0
50999, 443, 0, 0, 0
52000, 441, 0, 0, 0
53000, 424, 0, 0, 0
54000, 432, 0, 0, 0
55000, 432, 0, 0, 0
56000, 416, 0, 0, 0
57000, 439, 0, 0, 0
58000, 438, 0, 0, 0
59000, 420, 0, 0, 0
60000, 434, 0, 0, 0
61000, 420, 0, 0, 0
61999, 446, 0, 0, 0
63000, 423, 0, 0, 0
64000, 433, 0, 0, 0
65000, 443, 0, 0, 0
66000, 439, 0, 0, 0
67000, 453, 0, 0, 0
68000, 465, 0, 0, 0
69000, 449, 0, 0, 0
70000, 434, 0, 0, 0
71000, 451, 0, 0, 0
72000, 437, 0, 0, 0
73000, 440, 0, 0, 0
74000, 430, 0, 0, 0
75000, 435, 0, 0, 0
76000, 432, 0, 0, 0
77000, 440, 0, 0, 0
78000, 424, 0, 0, 0
79000, 435, 0, 0, 0
80000, 426, 0, 0, 0
81000, 434, 0, 0, 0
82000, 442, 0, 0, 0
83000, 439, 0, 0, 0
84000, 441, 0, 0, 0
85000, 435, 0, 0, 0
86000, 401, 0, 0, 0
87000, 417, 0, 0, 0
88000, 426, 0, 0, 0
89000, 431, 0, 0, 0
90000, 444, 0, 0, 0
91000, 445, 0, 0, 0
92000, 429, 0, 0, 0
93000, 436, 0, 0, 0
94000, 439, 0, 0, 0
95000, 431, 0, 0, 0
96000, 437, 0, 0, 0
97000, 450, 0, 0, 0
98000, 440, 0, 0, 0
99000, 441, 0, 0, 0
100000, 436, 0, 0, 0
101000, 447, 0, 0, 0
102000, 440, 0, 0, 0
103000, 445, 0, 0, 0
104000, 425, 0, 0, 0
105000, 441, 0, 0, 0
106000, 433, 0, 0, 0
107000, 435, 0, 0, 0
108000, 431, 0, 0, 0
109000, 435, 0, 0, 0
110000, 431, 0, 0, 0
111000, 441, 0, 0, 0
112000, 433, 0, 0, 0
113000, 443, 0, 0, 0
114000, 448, 0, 0, 0
115000, 447, 0, 0, 0
116000, 437, 0, 0, 0
117000, 424, 0, 0, 0
118000, 422, 0, 0, 0
119000, 425, 0, 0, 0
120000, 428, 0, 0, 0
121000, 435, 0, 0, 0
122000, 433, 0, 0, 0
123000, 440, 0, 0, 0
124000, 421, 0, 0, 0
125000, 455, 0, 0, 0
126000, 453, 0, 0, 0
127000, 463, 0, 0, 0
128000, 449, 0, 0, 0
129000, 434, 0, 0, 0
130000, 451, 0, 0, 0
130999, 441, 0, 0, 0
132000, 450, 0, 0, 0
133000, 442, 0, 0, 0
134000, 459, 0, 0, 0
135000, 459, 0, 0, 0
136000, 458, 0, 0, 0
137000, 431, 0, 0, 0
138000, 443, 0, 0, 0
139000, 436, 0, 0, 0
140000, 448, 0, 0, 0
141000, 438, 0, 0, 0
142000, 418, 0, 0, 0
143000, 426, 0, 0, 0
144000, 457, 0, 0, 0
145000, 411, 0, 0, 0
146000, 431, 0, 0, 0
147000, 451, 0, 0, 0
148000, 442, 0, 0, 0
149000, 427, 0, 0, 0
150000, 419, 0, 0, 0
151000, 442, 0, 0, 0
152000, 404, 0, 0, 0
153000, 267, 0, 0, 0
154000, 449, 0, 0, 0
155000, 448, 0, 0, 0
155999, 457, 0, 0, 0
157000, 445, 0, 0, 0
158000, 427, 0, 0, 0
159000, 436, 0, 0, 0
160000, 457, 0, 0, 0
161000, 443, 0, 0, 0
162000, 445, 0, 0, 0
163000, 452, 0, 0, 0
164000, 449, 0, 0, 0
165000, 454, 0, 0, 0
166000, 441, 0, 0, 0
167000, 442, 0, 0, 0
168000, 447, 0, 0, 0
169000, 432, 0, 0, 0
170000, 457, 0, 0, 0
171000, 451, 0, 0, 0
171999, 453, 0, 0, 0
173000, 451, 0, 0, 0
174000, 453, 0, 0, 0
175000, 461, 0, 0, 0
176000, 453, 0, 0, 0
177000, 470, 0, 0, 0
178000, 458, 0, 0, 0
179000, 456, 0, 0, 0
180000, 463, 0, 0, 0
