1029, 1766, 0, 0, 0
2032, 1857, 0, 0, 0
3029, 1904, 0, 0, 0
4000, 1950, 0, 0, 0
5000, 1885, 0, 0, 0
6027, 1961, 0, 0, 0
7040, 1921, 0, 0, 0
8036, 2000, 0, 0, 0
9030, 1927, 0, 0, 0
10027, 1989, 0, 0, 0
11000, 1986, 0, 0, 0
12031, 1939, 0, 0, 0
13033, 1933, 0, 0, 0
14000, 1974, 0, 0, 0
15026, 1994, 0, 0, 0
16035, 1909, 0, 0, 0
17029, 1935, 0, 0, 0
18029, 1938, 0, 0, 0
19000, 1935, 0, 0, 0
20027, 2047, 0, 0, 0
21030, 2032, 0, 0, 0
22034, 1946, 0, 0, 0
23029, 1989, 0, 0, 0
24040, 1961, 0, 0, 0
25000, 1950, 0, 0, 0
26025, 2041, 0, 0, 0
27000, 1990, 0, 0, 0
28027, 1926, 0, 0, 0
29033, 1950, 0, 0, 0
30000, 1885, 0, 0, 0
31031, 1867, 0, 0, 0
32000, 1885, 0, 0, 0
33031, 1951, 0, 0, 0
34034, 1874, 0, 0, 0
35033, 1920, 0, 0, 0
36028, 1945, 0, 0, 0
37027, 1928, 0, 0, 0
38027, 1896, 0, 0, 0
39003, 1931, 0, 0, 0
40025, 1940, 0, 0, 0
41030, 1918, 0, 0, 0
42000, 1958, 0, 0, 0
43029, 1917, 0, 0, 0
44032, 1832, 0, 0, 0
45000, 1921, 0, 0, 0
46030, 1889, 0, 0, 0
47033, 1876, 0, 0, 0
48000, 1916, 0, 0, 0
49030, 1915, 0, 0, 0
50026, 1889, 0, 0, 0
51035, 1875, 0, 0, 0
52000, 1883, 0, 0, 0
53034, 1807, 0, 0, 0
54029, 1811, 0, 0, 0
55027, 1890, 0, 0, 0
56035, 1901, 0, 0, 0
57030, 1915, 0, 0, 0
58026, 1928, 0, 0, 0
59000, 1854, 0, 0, 0
60029, 1979, 0, 0, 0
61030, 1921, 0, 0, 0
62025, 1928, 0, 0, 0
63026, 1924, 0, 0, 0
64000, 1900, 0, 0, 0
65030, 1927, 0, 0, 0
66027, 1917, 0, 0, 0
67000, 2008, 0, 0, 0
68003, 1914, 0, 0, 0
69032, 1894, 0, 0, 0
70000, 1898, 0, 0, 0
71029, 1950, 0, 0, 0
72035, 1980, 0, 0, 0
73030, 1970, 0, 0, 0
74040, 1863, 0, 0, 0
75000, 1902, 0, 0, 0
76028, 1902, 0, 0, 0
77032, 1856, 0, 0, 0
78000, 1764, 0, 0, 0
79026, 1824, 0, 0, 0
80000, 1798, 0, 0, 0
81030, 1850, 0, 0, 0
82027, 1815, 0, 0, 0
83000, 1791, 0, 0, 0
84030, 1836, 0, 0, 0
85000, 1805, 0, 0, 0
86030, 1739, 0, 0, 0
87027, 1736, 0, 0, 0
88000, 1751, 0, 0, 0
89027, 1764, 0, 0, 0
90031, 1724, 0, 0, 0
91028, 1749, 0, 0, 0
92000, 1752, 0, 0, 0
93030, 1764, 0, 0, 0
94026, 1733, 0, 0, 0
95034, 1790, 0, 0, 0
96029, 1846, 0, 0, 0
97038, 1759, 0, 0, 0
98034, 1778, 0, 0, 0
99030, 1755, 0, 0, 0
100000, 1740, 0, 0, 0
101029, 1742, 0, 0, 0
102039, 1763, 0, 0, 0
103027, 1697, 0, 0, 0
104035, 1655, 0, 0, 0
105000, 1689, 0, 0, 0
106030, 1741, 0, 0, 0
107035, 1692, 0, 0, 0
108000, 1604, 0, 0, 0
109029, 1538, 0, 0, 0
110025, 1536, 0, 0, 0
111035, 1662, 0, 0, 0
112031, 1756, 0, 0, 0
113033, 1826, 0, 0, 0
114000, 1709, 0, 0, 0
115028, 1754, 0, 0, 0
116034, 1727, 0, 0, 0
117028, 1669, 0, 0, 0
118033, 1674, 0, 0, 0
119028, 1609, 0, 0, 0
120028, 1649, 0, 0, 0
121000, 1706, 0, 0, 0
122032, 1689, 0, 0, 0
123025, 1571, 0, 0, 0
124032, 1577, 0, 0, 0
125030, 1732, 0, 0, 0
126028, 1632, 0, 0, 0
127000, 1610, 0, 0, 0
128028, 1714, 0, 0, 0
129000, 1660, 0, 0, 0
130030, 1695, 0, 0, 0
131039, 1657, 0, 0, 0
132027, 1753, 0, 0, 0
133027, 1675, 0, 0, 0
134000, 1574, 0, 0, 0
135000, 1576, 0, 0, 0
136000, 1733, 0, 0, 0
137041, 1726, 0, 0, 0
138000, 1731, 0, 0, 0
139029, 1581, 0, 0, 0
140040, 1694, 0, 0, 0
141000, 1676, 0, 0, 0
142026, 1738, 0, 0, 0
143039, 1703, 0, 0, 0
144033, 1720, 0, 0, 0
145025, 1714, 0, 0, 0
146000, 1745, 0, 0, 0
147028, 1706, 0, 0, 0
148025, 1702, 0, 0, 0
149000, 1679, 0, 0, 0
150032, 1670, 0, 0, 0
151026, 1637, 0, 0, 0
152025, 1593, 0, 0, 0
153004, 1649, 0, 0, 0
154026, 1752, 0, 0, 0
155038, 1782, 0, 0, 0
156026, 1865, 0, 0, 0
157027, 1855, 0, 0, 0
158039, 1833, 0, 0, 0
159000, 1800, 0, 0, 0
160028, 1878, 0, 0, 0
161000, 1889, 0, 0, 0
162029, 1958, 0, 0, 0
163026, 1898, 0, 0, 0
164038, 1940, 0, 0, 0
165031, 1931, 0, 0, 0
166026, 1942, 0, 0, 0
167000, 1941, 0, 0, 0
168025, 1929, 0, 0, 0
169028, 1944, 0, 0, 0
170040, 1884, 0, 0, 0
171000, 1890, 0, 0, 0
172028, 1916, 0, 0, 0
173030, 1883, 0, 0, 0
174033, 1941, 0, 0, 0
175025, 1896, 0, 0, 0
176000, 1933, 0, 0, 0
177025, 1855, 0, 0, 0
178038, 1882, 0, 0, 0
179000, 1898, 0, 0, 0
180033, 1892, 0, 0, 0
