1000, 1049, 1, 0, 0
2000, 972, 1, 0, 0
3001, 976, 1, 0, 0
4001, 915, 1, 0, 0
5000, 980, 1, 0, 0
6000, 951, 1, 0, 0
7000, 924, 1, 0, 0
8001, 958, 1, 0, 0
9001, 951, 1, 0, 0
10001, 910, 1, 0, 0
11001, 980, 1, 0, 0
12000, 922, 1, 0, 0
13000, 972, 1, 0, 0
14000, 987, 1, 0, 0
15000, 920, 1, 0, 0
16000, 960, 1, 0, 0
17001, 960, 1, 0, 0
18001, 963, 1, 0, 0
19001, 932, 1, 0, 0
20000, 949, 1, 0, 0
21000, 977, 1, 0, 0
22000, 963, 1, 0, 0
23000, 995, 1, 0, 0
24000, 952, 1, 0, 0
25000, 943, 1, 0, 0
26000, 977, 1, 0, 0
27000, 946, 1, 0, 0
28000, 967, 1, 0, 0
29000, 969, 1, 0, 0
30001, 964, 1, 0, 0
31001, 992, 1, 0, 0
32001, 951, 1, 0, 0
33000, 957, 1, 0, 0
34000, 948, 1, 0, 0
35000, 930, 1, 0, 0
36001, 952, 1, 0, 0
37001, 963, 1, 0, 0
38001, 967, 1, 0, 0
39000, 975, 1, 0, 0
40000, 958, 1, 0, 0
41000, 945, 1, 0, 0
42000, 978, 1, 0, 0
43000, 945, 1, 0, 0
44000, 957, 1, 0, 0
45000, 938, 1, 0, 0
46000, 989, 1, 0, 0
47000, 940, 1, 0, 0
48001, 960, 1, 0, 0
49001, 955, 1, 0, 0
50001, 938, 1, 0, 0
51000, 963, 1, 0, 0
52000, 942, 1, 0, 0
53000, 954, 1, 0, 0
54000, 977, 1, 0, 0
55001, 938, 1, 0, 0
56001, 988, 1, 0, 0
57001, 931, 1, 0, 0
58001, 967, 1, 0, 0
59000, 955, 1, 0, 0
60000, 982, 1, 0, 0
61000, 974, 1, 0, 0
62000, 928, 1, 0, 0
63001, 940, 1, 0, 0
64001, 946, 1, 0, 0
65000, 979, 1, 0, 0
66001, 950, 1, 0, 0
67000, 950, 1, 0, 0
68000, 969, 1, 0, 0
69000, 964, 1, 0, 0
70001, 966, 1, 0, 0
71001, 930, 1, 0, 0
72001, 982, 1, 0, 0
73001, 978, 1, 0, 0
74001, 955, 1, 0, 0
75000, 920, 1, 0, 0
76000, 930, 1, 0, 0
77000, 976, 1, 0, 0
78000, 957, 1, 0, 0
79000, 950, 1, 0, 0
80001, 966, 1, 0, 0
81001, 947, 1, 0, 0
82001, 970, 1, 0, 0
83000, 917, 1, 0, 0
84000, 951, 1, 0, 0
85000, 963, 1, 0, 0
86000, 941, 1, 0, 0
87000, 965, 1, 0, 0
88000, 969, 1, 0, 0
89000, 978, 1, 0, 0
90001, 969, 1, 0, 0
91001, 947, 1, 0, 0
92001, 962, 1, 0, 0
93000, 949, 1, 0, 0
94000, 966, 1, 0, 0
95000, 925, 1, 0, 0
96000, 951, 1, 0, 0
97001, 970, 1, 0, 0
98001, 944, 1, 0, 0
99001, 973, 1, 0, 0
100001, 924, 1, 0, 0
101000, 939, 1, 0, 0
102000, 972, 1, 0, 0
103000, 951, 1, 0, 0
104001, 973, 1, 0, 0
105001, 927, 1, 0, 0
106001, 986, 1, 0, 0
107000, 933, 1, 0, 0
108000, 958, 1, 0, 0
109000, 967, 1, 0, 0
110000, 940, 1, 0, 0
111001, 961, 1, 0, 0
112001, 954, 1, 0, 0
113000, 982, 1, 0, 0
114000, 956, 1, 0, 0
115000, 958, 1, 0, 0
116000, 954, 1, 0, 0
117000, 939, 1, 0, 0
118001, 921, 1, 0, 0
119001, 974, 1, 0, 0
120001, 989, 1, 0, 0
121000, 956, 1, 0, 0
122000, 975, 1, 0, 0
123000, 923, 1, 0, 0
124001, 960, 1, 0, 0
125001, 952, 1, 0, 0
126000, 987, 1, 0, 0
127000, 990, 1, 0, 0
128001, 938, 1, 0, 0
129001, 966, 1, 0, 0
130001, 978, 1, 0, 0
131001, 932, 1, 0, 0
132000, 985, 1, 0, 0
133000, 935, 1, 0, 0
134000, 956, 1, 0, 0
135001, 932, 1, 0, 0
136001, 964, 1, 0, 0
137000, 955, 1, 0, 0
138000, 967, 1, 0, 0
139000, 950, 1, 0, 0
140001, 928, 1, 0, 0
141001, 979, 1, 0, 0
142001, 613, 1, 0, 0
143000, 987, 1, 0, 0
144000, 964, 1, 0, 0
145000, 962, 1, 0, 0
146000, 940, 1, 0, 0
147001, 963, 1, 0, 0
148001, 1032, 1, 0, 0
149000, 922, 1, 0, 0
150001, 964, 1, 0, 0
151000, 952, 1, 0, 0
152000, 935, 1, 0, 0
153000, 933, 1, 0, 0
154001, 953, 1, 0, 0
155001, 938, 1, 0, 0
156001, 932, 1, 0, 0
157001, 960, 1, 0, 0
158001, 944, 1, 0, 0
159000, 933, 1, 0, 0
160000, 975, 1, 0, 0
161000, 974, 1, 0, 0
162000, 951, 1, 0, 0
163000, 996, 1, 0, 0
164000, 974, 1, 0, 0
165000, 937, 1, 0, 0
166001, 973, 1, 0, 0
167001, 910, 1, 0, 0
168001, 951, 1, 0, 0
169001, 971, 1, 0, 0
170001, 939, 1, 0, 0
171000, 962, 1, 0, 0
172000, 931, 1, 0, 0
173000, 998, 1, 0, 0
174000, 958, 1, 0, 0
175000, 942, 1, 0, 0
176001, 949, 1, 0, 0
177001, 949, 1, 0, 0
178000, 954, 1, 0, 0
179000, 942, 1, 0, 0
180000, 957, 1, 0, 0
