1012, 1943198, 1, 0, 0
2000, 2103767, 1, 0, 0
3002, 2104053, 1, 0, 0
4005, 2080901, 1, 0, 0
5004, 2097901, 1, 0, 0
6000, 2039449, 1, 0, 0
7008, 2095011, 1, 0, 0
8003, 2021707, 1, 0, 0
9011, 2125300, 1, 0, 0
10005, 2113850, 1, 0, 0
11001, 2074057, 1, 0, 0
12001, 2210399, 1, 0, 0
13002, 2064025, 1, 0, 0
14000, 2131399, 1, 0, 0
15002, 2134891, 1, 0, 0
16000, 2179533, 1, 0, 0
17000, 2063908, 1, 0, 0
18001, 2095086, 1, 0, 0
19002, 2048720, 1, 0, 0
20013, 2145835, 1, 0, 0
21006, 2026076, 1, 0, 0
22000, 2056536, 1, 0, 0
23004, 1995486, 1, 0, 0
24000, 2228079, 1, 0, 0
25001, 2124667, 1, 0, 0
26005, 2064452, 1, 0, 0
27000, 1980427, 1, 0, 0
28000, 2091834, 1, 0, 0
29009, 2101486, 1, 0, 0
30004, 2081099, 1, 0, 0
31003, 2088646, 1, 0, 0
32008, 2083810, 1, 0, 0
33000, 2141198, 1, 0, 0
34008, 2205442, 1, 0, 0
35002, 2061252, 1, 0, 0
36000, 2153438, 1, 0, 0
37005, 2115075, 1, 0, 0
38006, 2050243, 1, 0, 0
39000, 2003326, 1, 0, 0
40000, 2113630, 1, 0, 0
41006, 2102654, 1, 0, 0
42000, 2083905, 1, 0, 0
43002, 2053246, 1, 0, 0
44005, 2178258, 1, 0, 0
45000, 2020692, 1, 0, 0
46001, 2138241, 1, 0, 0
47000, 2093734, 1, 0, 0
48009, 2206365, 1, 0, 0
49002, 2035288, 1, 0, 0
50013, 2211113, 1, 0, 0
51008, 2033994, 1, 0, 0
52003, 2115770, 1, 0, 0
53000, 2098810, 1, 0, 0
54000, 2126151, 1, 0, 0
55008, 2148226, 1, 0, 0
56006, 2149481, 1, 0, 0
57000, 2173839, 1, 0, 0
58011, 2070776, 1, 0, 0
59005, 2075814, 1, 0, 0
60001, 2082422, 1, 0, 0
61003, 2060376, 1, 0, 0
62006, 2009608, 1, 0, 0
63000, 2026938, 1, 0, 0
64004, 2139535, 1, 0, 0
65002, 2100657, 1, 0, 0
66000, 2158483, 1, 0, 0
67011, 2150641, 1, 0, 0
68001, 2060904, 1, 0, 0
69005, 2146434, 1, 0, 0
70000, 2101298, 1, 0, 0
71001, 2174968, 1, 0, 0
72006, 2142282, 1, 0, 0
73000, 2100539, 1, 0, 0
74007, 2088439, 1, 0, 0
75000, 2064176, 1, 0, 0
76011, 2105262, 1, 0, 0
77005, 2090383, 1, 0, 0
78000, 2099307, 1, 0, 0
79007, 2078999, 1, 0, 0
80000, 2051640, 1, 0, 0
81011, 2066513, 1, 0, 0
82006, 2068610, 1, 0, 0
83000, 1970555, 1, 0, 0
84011, 2130975, 1, 0, 0
85007, 2096547, 1, 0, 0
86000, 2147859, 1, 0, 0
87005, 2021440, 1, 0, 0
88000, 2073043, 1, 0, 0
89000, 2121968, 1, 0, 0
90005, 2110539, 1, 0, 0
91005, 2140823, 1, 0, 0
92001, 2065091, 1, 0, 0
93006, 2080160, 1, 0, 0
94000, 2109350, 1, 0, 0
95005, 2100204, 1, 0, 0
96000, 2068061, 1, 0, 0
97012, 2121459, 1, 0, 0
98010, 2098633, 1, 0, 0
99004, 2129123, 1, 0, 0
100000, 2104873, 1, 0, 0
101000, 2122169, 1, 0, 0
102000, 2131160, 1, 0, 0
103002, 2149121, 1, 0, 0
104000, 2068214, 1, 0, 0
105009, 2076089, 1, 0, 0
106004, 2135072, 1, 0, 0
107003, 2003093, 1, 0, 0
108007, 2036880, 1, 0, 0
109001, 2082753, 1, 0, 0
110012, 2216114, 1, 0, 0
111001, 1937341, 1, 0, 0
112000, 2162119, 1, 0, 0
113004, 2053243, 1, 0, 0
114006, 2147416, 1, 0, 0
115004, 2069711, 1, 0, 0
116003, 2060704, 1, 0, 0
117003, 2094266, 1, 0, 0
118015, 2171378, 1, 0, 0
119002, 2108256, 1, 0, 0
120000, 2061712, 1, 0, 0
121007, 2053613, 1, 0, 0
122005, 2047203, 1, 0, 0
123000, 2071674, 1, 0, 0
124006, 2163781, 1, 0, 0
125002, 2061801, 1, 0, 0
126000, 2014863, 1, 0, 0
127009, 2169045, 1, 0, 0
128000, 2084030, 1, 0, 0
129000, 2031587, 1, 0, 0
130011, 2142173, 1, 0, 0
131002, 2047093, 1, 0, 0
132013, 2144573, 1, 0, 0
133006, 2067147, 1, 0, 0
134000, 2036040, 1, 0, 0
135000, 2173251, 1, 0, 0
136004, 2074569, 1, 0, 0
137012, 2043911, 1, 0, 0
138000, 2108985, 1, 0, 0
139001, 2125914, 1, 0, 0
140004, 2040929, 1, 0, 0
141008, 2153704, 1, 0, 0
142003, 2098388, 1, 0, 0
143000, 2067286, 1, 0, 0
144004, 2129679, 1, 0, 0
145000, 2028575, 1, 0, 0
146000, 2053118, 1, 0, 0
147002, 2143986, 1, 0, 0
148006, 2095220, 1, 0, 0
149002, 2086631, 1, 0, 0
150000, 2208030, 1, 0, 0
151011, 2087732, 1, 0, 0
152000, 2076255, 1, 0, 0
153000, 2154999, 1, 0, 0
154004, 2162357, 1, 0, 0
155009, 2045394, 1, 0, 0
156002, 2107856, 1, 0, 0
157012, 2214148, 1, 0, 0
158006, 2146919, 1, 0, 0
159000, 2089889, 1, 0, 0
160000, 2048455, 1, 0, 0
161004, 2040236, 1, 0, 0
162004, 2057517, 1, 0, 0
163000, 2112947, 1, 0, 0
164002, 2121489, 1, 0, 0
165003, 2126018, 1, 0, 0
166000, 2128784, 1, 0, 0
167000, 2048743, 1, 0, 0
168001, 2075121, 1, 0, 0
169000, 2017852, 1, 0, 0
170002, 2205293, 1, 0, 0
171000, 2026906, 1, 0, 0
172000, 2012024, 1, 0, 0
173030, 2105404, 1, 0, 0
174003, 2486717, 1, 0, 0
175002, 2106800, 1, 0, 0
176007, 2128843, 1, 0, 0
177002, 2051140, 1, 0, 0
178002, 2038664, 1, 0, 0
179008, 2182920, 1, 0, 0
180005, 2114939, 1, 0, 0
