1000, 404, 0, 0, 0
2000, 435, 0, 0, 0
3000, 440, 0, 0, 0
4000, 417, 0, 0, 0
5000, 435, 0, 0, 0
6000, 414, 0, 0, 0
7000, 429, 0, 0, 0
8000, 434, 0, 0, 0
9000, 440, 0, 0, 0
10000, 428, 0, 0, 0
11000, 437, 0, 0, 0
12000, 438, 0, 0, 0
13000, 441, 0, 0, 0
14000, 442, 0, 0, 0
15001, 434, 0, 0, 0
16000, 426, 0, 0, 0
17000, 439, 0, 0, 0
18000, 427, 0, 0, 0
19000, 427, 0, 0, 0
20001, 449, 0, 0, 0
21000, 433, 0, 0, 0
22000, 437, 0, 0, 0
23000, 449, 0, 0, 0
24000, 409, 0, 0, 0
25001, 432, 0, 0, 0
26000, 413, 0, 0, 0
27000, 418, 0, 0, 0
28000, 422, 0, 0, 0
29000, 425, 0, 0, 0
30001, 420, 0, 0, 0
31000, 440, 0, 0, 0
32000, 437, 0, 0, 0
33000, 420, 0, 0, 0
34000, 423, 0, 0, 0
35000, 439, 0, 0, 0
36000, 439, 0, 0, 0
37000, 430, 0, 0, 0
38001, 418, 0, 0, 0
39000, 434, 0, 0, 0
40000, 430, 0, 0, 0
41000, 448, 0, 0, 0
42000, 457, 0, 0, 0
43000, 455, 0, 0, 0
44000, 443, 0, 0, 0
45000, 421, 0, 0, 0
46000, 426, 0, 0, 0
47000, 428, 0, 0, 0
48000, 397, 0, 0, 0
49001, 428, 0, 0, 0
50000, 426, 0, 0, 0
51000, 427, 0, 0, 0
52000, 433, 0, 0, 0
53000, 441, 0, 0, 0
54000, 449, 0, 0, 0
55000, 428, 0, 0, 0
56000, 433, 0, 0, 0
57000, 436, 0, 0, 0
58000, 447, 0, 0, 0
59000, 447, 0, 0, 0
60001, 444, 0, 0, 0
61000, 435, 0, 0, 0
62000, 450, 0, 0, 0
63000, 457, 0, 0, 0
64000, 447, 0, 0, 0
65000, 446, 0, 0, 0
66000, 434, 0, 0, 0
67000, 441, 0, 0, 0
68000, 445, 0, 0, 0
69000, 449, 0, 0, 0
70000, 447, 0, 0, 0
71000, 443, 0, 0, 0
72000, 436, 0, 0, 0
73000, 423, 0, 0, 0
74000, 434, 0, 0, 0
75000, 451, 0, 0, 0
76000, 438, 0, 0, 0
77000, 434, 0, 0, 0
78000, 440, 0, 0, 0
79000, 432, 0, 0, 0
80000, 430, 0, 0, 0
81000, 441, 0, 0, 0
82000, 448, 0, 0, 0
83000, 432, 0, 0, 0
84000, 453, 0, 0, 0
85001, 441, 0, 0, 0
86000, 449, 0, 0, 0
87000, 428, 0, 0, 0
88000, 427, 0, 0, 0
89000, 428, 0, 0, 0
90000, 425, 0, 0, 0
91000, 428, 0, 0, 0
92000, 435, 0, 0, 0
93000, 414, 0, 0, 0
94000, 431, 0, 0, 0
95000, 393, 0, 0, 0
96000, 381, 0, 0, 0
97000, 352, 0, 0, 0
98000, 323, 0, 0, 0
99000, 254, 0, 0, 0
100000, 388, 0, 0, 0
101000, 421, 0, 0, 0
102000, 421, 0, 0, 0
103000, 426, 0, 0, 0
104001, 446, 0, 0, 0
105000, 431, 0, 0, 0
106000, 433, 0, 0, 0
107000, 444, 0, 0, 0
108000, 422, 0, 0, 0
109000, 437, 0, 0, 0
110000, 419, 0, 0, 0
111000, 429, 0, 0, 0
112000, 414, 0, 0, 0
113000, 433, 0, 0, 0
114000, 440, 0, 0, 0
115001, 429, 0, 0, 0
116000, 397, 0, 0, 0
117000, 414, 0, 0, 0
118000, 437, 0, 0, 0
119000, 437, 0, 0, 0
120000, 444, 0, 0, 0
121000, 406, 0, 0, 0
122000, 413, 0, 0, 0
123000, 443, 0, 0, 0
124000, 437, 0, 0, 0
125000, 447, 0, 0, 0
126000, 437, 0, 0, 0
127000, 440, 0, 0, 0
128000, 450, 0, 0, 0
129000, 439, 0, 0, 0
130000, 438, 0, 0, 0
131000, 445, 0, 0, 0
132000, 443, 0, 0, 0
133000, 439, 0, 0, 0
134000, 430, 0, 0, 0
135000, 442, 0, 0, 0
136000, 441, 0, 0, 0
137000, 441, 0, 0, 0
138000, 433, 0, 0, 0
139000, 434, 0, 0, 0
140000, 448, 0, 0, 0
141000, 448, 0, 0, 0
142000, 454, 0, 0, 0
143000, 440, 0, 0, 0
144000, 434, 0, 0, 0
145000, 440, 0, 0, 0
146000, 444, 0, 0, 0
147000, 439, 0, 0, 0
148000, 455, 0, 0, 0
149000, 454, 0, 0, 0
150000, 423, 0, 0, 0
151000, 420, 0, 0, 0
152000, 431, 0, 0, 0
153000, 424, 0, 0, 0
154000, 426, 0, 0, 0
155000, 438, 0, 0, 0
156000, 432, 0, 0, 0
157000, 431, 0, 0, 0
158000, 427, 0, 0, 0
159000, 428, 0, 0, 0
160000, 433, 0, 0, 0
161000, 439, 0, 0, 0
162000, 415, 0, 0, 0
163000, 418, 0, 0, 0
164001, 430, 0, 0, 0
165000, 448, 0, 0, 0
166000, 448, 0, 0, 0
167000, 451, 0, 0, 0
168000, 441, 0, 0, 0
169000, 434, 0, 0, 0
170000, 441, 0, 0, 0
171000, 418, 0, 0, 0
172000, 419, 0, 0, 0
173000, 423, 0, 0, 0
174000, 439, 0, 0, 0
175000, 416, 0, 0, 0
176000, 420, 0, 0, 0
177000, 420, 0, 0, 0
178000, 412, 0, 0, 0
179000, 432, 0, 0, 0
180000, 433, 0, 0, 0
