1000, 2160, 1, 0, 0
2000, 2228, 1, 0, 0
3000, 2216, 1, 0, 0
4000, 2175, 1, 0, 0
5000, 2140, 1, 0, 0
6000, 2221, 1, 0, 0
7000, 2167, 1, 0, 0
8001, 2237, 1, 0, 0
9000, 2167, 1, 0, 0
10000, 2142, 1, 0, 0
11000, 2265, 1, 0, 0
12000, 2223, 1, 0, 0
13000, 2215, 1, 0, 0
14000, 2170, 1, 0, 0
15000, 2159, 1, 0, 0
16004, 2119, 1, 0, 0
17000, 2095, 1, 0, 0
18000, 2202, 1, 0, 0
19000, 2291, 1, 0, 0
20000, 2140, 1, 0, 0
21000, 2094, 1, 0, 0
22000, 2161, 1, 0, 0
23000, 2243, 1, 0, 0
24002, 2226, 1, 0, 0
25043, 2200, 1, 0, 0
26000, 2226, 1, 0, 0
27000, 2311, 1, 0, 0
28000, 2339, 1, 0, 0
29000, 2329, 1, 0, 0
30000, 2422, 1, 0, 0
31000, 2400, 1, 0, 0
32000, 2217, 1, 0, 0
33000, 2308, 1, 0, 0
34003, 2199, 1, 0, 0
35000, 2242, 1, 0, 0
36001, 2230, 1, 0, 0
37001, 2405, 1, 0, 0
38001, 2185, 1, 0, 0
39000, 2298, 1, 0, 0
40000, 2151, 1, 0, 0
41000, 2179, 1, 0, 0
42000, 2240, 1, 0, 0
43002, 2214, 1, 0, 0
44000, 2308, 1, 0, 0
45000, 2266, 1, 0, 0
46000, 2381, 1, 0, 0
47000, 2238, 1, 0, 0
48000, 2300, 1, 0, 0
49000, 2082, 1, 0, 0
50000, 2155, 1, 0, 0
51003, 2234, 1, 0, 0
52000, 2361, 1, 0, 0
53000, 2216, 1, 0, 0
54001, 2349, 1, 0, 0
55000, 2303, 1, 0, 0
56000, 2214, 1, 0, 0
57001, 2174, 1, 0, 0
58000, 2265, 1, 0, 0
59000, 2153, 1, 0, 0
60000, 2204, 1, 0, 0
61000, 2128, 1, 0, 0
62008, 2198, 1, 0, 0
63000, 2192, 1, 0, 0
64000, 2112, 1, 0, 0
65000, 2269, 1, 0, 0
66000, 2227, 1, 0, 0
67000, 2204, 1, 0, 0
68000, 2273, 1, 0, 0
69000, 2181, 1, 0, 0
70000, 2105, 1, 0, 0
71000, 2134, 1, 0, 0
72000, 2271, 1, 0, 0
73000, 2141, 1, 0, 0
74000, 2228, 1, 0, 0
75001, 2227, 1, 0, 0
76021, 2121, 1, 0, 0
77000, 2099, 1, 0, 0
78000, 2138, 1, 0, 0
79000, 2221, 1, 0, 0
80001, 2167, 1, 0, 0
81000, 2285, 1, 0, 0
82000, 2191, 1, 0, 0
83000, 2249, 1, 0, 0
84000, 2166, 1, 0, 0
85018, 2182, 1, 0, 0
86001, 2119, 1, 0, 0
87000, 2189, 1, 0, 0
88000, 2104, 1, 0, 0
89000, 2173, 1, 0, 0
90000, 2127, 1, 0, 0
91001, 2230, 1, 0, 0
92000, 2171, 1, 0, 0
93000, 2189, 1, 0, 0
94000, 2126, 1, 0, 0
95000, 2213, 1, 0, 0
96002, 2276, 1, 0, 0
97002, 2108, 1, 0, 0
98000, 2159, 1, 0, 0
99000, 2212, 1, 0, 0
100001, 2136, 1, 0, 0
101000, 2253, 1, 0, 0
102000, 2138, 1, 0, 0
103000, 2260, 1, 0, 0
104001, 2244, 1, 0, 0
105000, 2261, 1, 0, 0
106000, 2138, 1, 0, 0
107000, 2138, 1, 0, 0
108000, 2261, 1, 0, 0
109000, 2226, 1, 0, 0
110000, 2181, 1, 0, 0
111000, 2245, 1, 0, 0
112000, 2194, 1, 0, 0
113000, 2167, 1, 0, 0
114000, 2258, 1, 0, 0
115000, 2173, 1, 0, 0
116000, 2212, 1, 0, 0
117000, 2069, 1, 0, 0
118000, 2212, 1, 0, 0
119000, 2269, 1, 0, 0
120000, 2225, 1, 0, 0
121000, 2202, 1, 0, 0
122000, 2152, 1, 0, 0
123000, 2097, 1, 0, 0
124000, 2147, 1, 0, 0
125000, 2223, 1, 0, 0
126039, 2240, 1, 0, 0
127000, 2250, 1, 0, 0
128000, 2087, 1, 0, 0
129001, 2188, 1, 0, 0
130000, 2266, 1, 0, 0
131000, 2084, 1, 0, 0
132000, 2446, 1, 0, 0
133000, 2233, 1, 0, 0
134000, 2107, 1, 0, 0
135000, 2116, 1, 0, 0
136000, 2111, 1, 0, 0
137000, 2241, 1, 0, 0
138001, 2245, 1, 0, 0
139000, 2150, 1, 0, 0
140000, 2224, 1, 0, 0
141000, 2226, 1, 0, 0
142000, 2259, 1, 0, 0
143000, 2137, 1, 0, 0
144000, 2302, 1, 0, 0
145000, 2315, 1, 0, 0
146000, 2295, 1, 0, 0
147000, 2265, 1, 0, 0
148000, 2303, 1, 0, 0
149000, 2282, 1, 0, 0
150000, 2311, 1, 0, 0
151000, 2322, 1, 0, 0
152000, 2328, 1, 0, 0
153000, 2249, 1, 0, 0
154002, 2207, 1, 0, 0
155002, 2163, 1, 0, 0
156000, 2220, 1, 0, 0
157000, 2142, 1, 0, 0
158000, 2175, 1, 0, 0
159000, 2069, 1, 0, 0
160000, 2098, 1, 0, 0
161000, 2167, 1, 0, 0
162001, 2243, 1, 0, 0
163001, 2136, 1, 0, 0
164000, 2181, 1, 0, 0
165002, 2066, 1, 0, 0
166000, 2230, 1, 0, 0
167000, 2205, 1, 0, 0
168003, 2216, 1, 0, 0
169001, 2243, 1, 0, 0
170000, 2163, 1, 0, 0
171001, 2158, 1, 0, 0
172000, 2091, 1, 0, 0
173000, 2155, 1, 0, 0
174000, 2154, 1, 0, 0
175001, 2114, 1, 0, 0
176001, 2245, 1, 0, 0
177000, 2238, 1, 0, 0
178001, 2178, 1, 0, 0
179000, 2213, 1, 0, 0
180007, 2155, 1, 0, 0
