1008, 30662814, 1, 0, 0
2002, 33158579, 1, 0, 0
3001, 32193814, 1, 0, 0
4002, 33634177, 1, 0, 0
5000, 33412291, 1, 0, 0
6013, 32939239, 1, 0, 0
7006, 33810892, 1, 0, 0
8001, 33649803, 1, 0, 0
9011, 33592323, 1, 0, 0
10001, 32974332, 1, 0, 0
11001, 33750113, 1, 0, 0
12011, 33521546, 1, 0, 0
13005, 33452368, 1, 0, 0
14000, 33411009, 1, 0, 0
15002, 33756941, 1, 0, 0
16008, 33574254, 1, 0, 0
17003, 33073246, 1, 0, 0
18000, 33211987, 1, 0, 0
19008, 33553136, 1, 0, 0
20002, 33330915, 1, 0, 0
21010, 33696453, 1, 0, 0
22001, 33068711, 1, 0, 0
23011, 33779896, 1, 0, 0
24006, 33887602, 1, 0, 0
25001, 33469979, 1, 0, 0
26010, 33202016, 1, 0, 0
27004, 33793544, 1, 0, 0
28005, 33318324, 1, 0, 0
29006, 34102086, 1, 0, 0
30001, 33640700, 1, 0, 0
31004, 33949779, 1, 0, 0
32007, 33733169, 1, 0, 0
33003, 33040748, 1, 0, 0
34014, 33294367, 1, 0, 0
35005, 33630688, 1, 0, 0
36003, 33575665, 1, 0, 0
37009, 33350061, 1, 0, 0
38006, 32858434, 1, 0, 0
39000, 33570495, 1, 0, 0
40001, 33562981, 1, 0, 0
41001, 33151758, 1, 0, 0
42010, 33351335, 1, 0, 0
43002, 33373037, 1, 0, 0
44007, 33376434, 1, 0, 0
45008, 33799586, 1, 0, 0
46004, 32981588, 1, 0, 0
47013, 33334341, 1, 0, 0
48009, 33763515, 1, 0, 0
49003, 33492269, 1, 0, 0
50004, 33995697, 1, 0, 0
51008, 33415879, 1, 0, 0
52000, 33351730, 1, 0, 0
53002, 33319256, 1, 0, 0
54004, 33573445, 1, 0, 0
55006, 33425077, 1, 0, 0
56000, 33362177, 1, 0, 0
57011, 33683826, 1, 0, 0
58004, 33124459, 1, 0, 0
59007, 33566927, 1, 0, 0
60011, 33615843, 1, 0, 0
61005, 33628831, 1, 0, 0
62000, 33065460, 1, 0, 0
63006, 33336170, 1, 0, 0
64008, 33747587, 1, 0, 0
65003, 33347408, 1, 0, 0
66002, 33609494, 1, 0, 0
67011, 34032539, 1, 0, 0
68465, 33869655, 1, 0, 0
69013, 62384389, 1, 0, 0
70000, 36000716, 1, 0, 0
71004, 33418828, 1, 0, 0
72004, 33861254, 1, 0, 0
73005, 32793679, 1, 0, 0
74013, 32987730, 1, 0, 0
75007, 33706563, 1, 0, 0
76001, 33164419, 1, 0, 0
77012, 34016713, 1, 0, 0
78006, 32966526, 1, 0, 0
79004, 33177168, 1, 0, 0
80000, 33150646, 1, 0, 0
81003, 33507025, 1, 0, 0
82005, 33057883, 1, 0, 0
83001, 33180491, 1, 0, 0
84008, 33376325, 1, 0, 0
85000, 33125339, 1, 0, 0
86000, 33380906, 1, 0, 0
87000, 34012014, 1, 0, 0
88003, 32916218, 1, 0, 0
89013, 32704752, 1, 0, 0
90002, 33312412, 1, 0, 0
91003, 33132142, 1, 0, 0
92005, 33692055, 1, 0, 0
93008, 33722969, 1, 0, 0
94004, 33323703, 1, 0, 0
95000, 33314311, 1, 0, 0
96000, 34147057, 1, 0, 0
97007, 33545589, 1, 0, 0
98000, 33062466, 1, 0, 0
99010, 33889060, 1, 0, 0
100000, 33491698, 1, 0, 0
101010, 33652131, 1, 0, 0
102005, 33302757, 1, 0, 0
103014, 33015051, 1, 0, 0
104000, 33450125, 1, 0, 0
105004, 33278790, 1, 0, 0
106013, 33544012, 1, 0, 0
107008, 34075619, 1, 0, 0
108006, 33108222, 1, 0, 0
109000, 33181511, 1, 0, 0
110006, 33362842, 1, 0, 0
111005, 33504418, 1, 0, 0
112001, 33525445, 1, 0, 0
113004, 33677579, 1, 0, 0
114005, 32740224, 1, 0, 0
115014, 32962112, 1, 0, 0
116002, 33133982, 1, 0, 0
117001, 33516285, 1, 0, 0
118000, 33252105, 1, 0, 0
119009, 33623403, 1, 0, 0
120004, 33835293, 1, 0, 0
121000, 33164475, 1, 0, 0
122009, 33657367, 1, 0, 0
123003, 32992057, 1, 0, 0
124000, 33583923, 1, 0, 0
125010, 33454793, 1, 0, 0
126006, 33354719, 1, 0, 0
127001, 33275301, 1, 0, 0
128013, 33422361, 1, 0, 0
129001, 33646149, 1, 0, 0
130002, 33070725, 1, 0, 0
131006, 33438665, 1, 0, 0
132008, 33762031, 1, 0, 0
133001, 33749507, 1, 0, 0
134004, 33334327, 1, 0, 0
135007, 34001912, 1, 0, 0
136001, 32967873, 1, 0, 0
137010, 34143165, 1, 0, 0
138004, 33210982, 1, 0, 0
139015, 33166754, 1, 0, 0
140009, 33781628, 1, 0, 0
141000, 33152427, 1, 0, 0
142011, 33911097, 1, 0, 0
143005, 33562700, 1, 0, 0
144001, 33057638, 1, 0, 0
145013, 33672294, 1, 0, 0
146009, 33948706, 1, 0, 0
147005, 33575697, 1, 0, 0
148000, 33537990, 1, 0, 0
149008, 33543997, 1, 0, 0
150004, 33507181, 1, 0, 0
151014, 33551397, 1, 0, 0
152010, 33216860, 1, 0, 0
153002, 33501632, 1, 0, 0
154013, 32748556, 1, 0, 0
155007, 33271374, 1, 0, 0
156005, 33518049, 1, 0, 0
157007, 33648079, 1, 0, 0
158000, 33092677, 1, 0, 0
159013, 33281052, 1, 0, 0
160011, 33952696, 1, 0, 0
161000, 32983584, 1, 0, 0
162001, 33236830, 1, 0, 0
163010, 33894826, 1, 0, 0
164006, 33252364, 1, 0, 0
165002, 33056774, 1, 0, 0
166011, 33755674, 1, 0, 0
167000, 33469650, 1, 0, 0
168002, 33053154, 1, 0, 0
169001, 33050204, 1, 0, 0
170012, 34337562, 1, 0, 0
171008, 33018604, 1, 0, 0
172001, 33438076, 1, 0, 0
173013, 33162671, 1, 0, 0
174006, 33440827, 1, 0, 0
175003, 33537659, 1, 0, 0
176000, 33196307, 1, 0, 0
177007, 33218731, 1, 0, 0
178002, 33784123, 1, 0, 0
179001, 33038194, 1, 0, 0
180011, 33630631, 1, 0, 0
180027, 63204355, 1, 0, 0
