1014, 2542, 1, 0, 0
2003, 2807, 1, 0, 0
3013, 2777, 1, 0, 0
4023, 2534, 1, 0, 0
5019, 2652, 1, 0, 0
6014, 2687, 1, 0, 0
7012, 2686, 1, 0, 0
8021, 2721, 1, 0, 0
9014, 2661, 1, 0, 0
10024, 2580, 1, 0, 0
11017, 2630, 1, 0, 0
12026, 2559, 1, 0, 0
13003, 2735, 1, 0, 0
14015, 2654, 1, 0, 0
15001, 2606, 1, 0, 0
16013, 2684, 1, 0, 0
17000, 2507, 1, 0, 0
18015, 2566, 1, 0, 0
19006, 2625, 1, 0, 0
20019, 2578, 1, 0, 0
21013, 2675, 1, 0, 0
22021, 2494, 1, 0, 0
23014, 2686, 1, 0, 0
24005, 2588, 1, 0, 0
25016, 2508, 1, 0, 0
26012, 2584, 1, 0, 0
27024, 2519, 1, 0, 0
28015, 2609, 1, 0, 0
29017, 2591, 1, 0, 0
30017, 2586, 1, 0, 0
31025, 2675, 1, 0, 0
32013, 2552, 1, 0, 0
33022, 2594, 1, 0, 0
34018, 2585, 1, 0, 0
35020, 2645, 1, 0, 0
36020, 2627, 1, 0, 0
37013, 2575, 1, 0, 0
38014, 2445, 1, 0, 0
39015, 2306, 1, 0, 0
40013, 2426, 1, 0, 0
41021, 2483, 1, 0, 0
42014, 2380, 1, 0, 0
43025, 2440, 1, 0, 0
44018, 2427, 1, 0, 0
45023, 2509, 1, 0, 0
46016, 2462, 1, 0, 0
47002, 2299, 1, 0, 0
48000, 2356, 1, 0, 0
49000, 2300, 1, 0, 0
50018, 2286, 1, 0, 0
51012, 2452, 1, 0, 0
52025, 2387, 1, 0, 0
53014, 2361, 1, 0, 0
54014, 2399, 1, 0, 0
55013, 2305, 1, 0, 0
56001, 2290, 1, 0, 0
57016, 2322, 1, 0, 0
58023, 2365, 1, 0, 0
59013, 2499, 1, 0, 0
60013, 2419, 1, 0, 0
61018, 2399, 1, 0, 0
62012, 2496, 1, 0, 0
63018, 2371, 1, 0, 0
64021, 2436, 1, 0, 0
65012, 2300, 1, 0, 0
66014, 2282, 1, 0, 0
67020, 2318, 1, 0, 0
68012, 2418, 1, 0, 0
69013, 2339, 1, 0, 0
70017, 2403, 1, 0, 0
71016, 2470, 1, 0, 0
72010, 2351, 1, 0, 0
73020, 2284, 1, 0, 0
74014, 2390, 1, 0, 0
75020, 2246, 1, 0, 0
76013, 2411, 1, 0, 0
77021, 2362, 1, 0, 0
78015, 2338, 1, 0, 0
79025, 2315, 1, 0, 0
80014, 2391, 1, 0, 0
81011, 2444, 1, 0, 0
82021, 2365, 1, 0, 0
83016, 2404, 1, 0, 0
84023, 2525, 1, 0, 0
85019, 2342, 1, 0, 0
86012, 2315, 1, 0, 0
87021, 2291, 1, 0, 0
88012, 2290, 1, 0, 0
89019, 2410, 1, 0, 0
90012, 2367, 1, 0, 0
91021, 2456, 1, 0, 0
92013, 2314, 1, 0, 0
93027, 2331, 1, 0, 0
94000, 2315, 1, 0, 0
95011, 2454, 1, 0, 0
96001, 2356, 1, 0, 0
97012, 2491, 1, 0, 0
98012, 2368, 1, 0, 0
99019, 2431, 1, 0, 0
100016, 2417, 1, 0, 0
101025, 2294, 1, 0, 0
102021, 2372, 1, 0, 0
103014, 2436, 1, 0, 0
104026, 2240, 1, 0, 0
105020, 2325, 1, 0, 0
106017, 2243, 1, 0, 0
107026, 2336, 1, 0, 0
108001, 2326, 1, 0, 0
109015, 2324, 1, 0, 0
110024, 2307, 1, 0, 0
111016, 2331, 1, 0, 0
112018, 2292, 1, 0, 0
113017, 2367, 1, 0, 0
114025, 2297, 1, 0, 0
115018, 2296, 1, 0, 0
116011, 2267, 1, 0, 0
117023, 2406, 1, 0, 0
118000, 2226, 1, 0, 0
119000, 2409, 1, 0, 0
120015, 2347, 1, 0, 0
121019, 2415, 1, 0, 0
122019, 2311, 1, 0, 0
123013, 2410, 1, 0, 0
124000, 2538, 1, 0, 0
125015, 2398, 1, 0, 0
126012, 2377, 1, 0, 0
127001, 2325, 1, 0, 0
128012, 2334, 1, 0, 0
129022, 2523, 1, 0, 0
130017, 2353, 1, 0, 0
131018, 2405, 1, 0, 0
132023, 2531, 1, 0, 0
133013, 2266, 1, 0, 0
134011, 2376, 1, 0, 0
135019, 2373, 1, 0, 0
136013, 2312, 1, 0, 0
137000, 2333, 1, 0, 0
138002, 2387, 1, 0, 0
139014, 2297, 1, 0, 0
140016, 2352, 1, 0, 0
141012, 2393, 1, 0, 0
142011, 2335, 1, 0, 0
143013, 2373, 1, 0, 0
144023, 2282, 1, 0, 0
145016, 2362, 1, 0, 0
146012, 2361, 1, 0, 0
147020, 2491, 1, 0, 0
148014, 2276, 1, 0, 0
149012, 2236, 1, 0, 0
150022, 2358, 1, 0, 0
151017, 2319, 1, 0, 0
152011, 2372, 1, 0, 0
153000, 2344, 1, 0, 0
154015, 2356, 1, 0, 0
155026, 2410, 1, 0, 0
156018, 2406, 1, 0, 0
157013, 2426, 1, 0, 0
158000, 2497, 1, 0, 0
159014, 2428, 1, 0, 0
160025, 2386, 1, 0, 0
161016, 2397, 1, 0, 0
162010, 2519, 1, 0, 0
163011, 2438, 1, 0, 0
164011, 2439, 1, 0, 0
165015, 2587, 1, 0, 0
166014, 2517, 1, 0, 0
167010, 2553, 1, 0, 0
168017, 2453, 1, 0, 0
169012, 2490, 1, 0, 0
170022, 2467, 1, 0, 0
171019, 2459, 1, 0, 0
172015, 2472, 1, 0, 0
173011, 2569, 1, 0, 0
174021, 2472, 1, 0, 0
175016, 2415, 1, 0, 0
176002, 2612, 1, 0, 0
177022, 2616, 1, 0, 0
178017, 2458, 1, 0, 0
179010, 2324, 1, 0, 0
180043, 2528, 1, 0, 0
