1000, 3664989, 0, 0, 0
2034, 4251920, 0, 0, 0
3001, 4096717, 0, 0, 0
4000, 4160237, 0, 0, 0
5018, 4100275, 0, 0, 0
6001, 4171046, 0, 0, 0
7000, 4223989, 0, 0, 0
8026, 4257478, 0, 0, 0
9002, 4109635, 0, 0, 0
10034, 4162348, 0, 0, 0
11000, 4090396, 0, 0, 0
12001, 4183754, 0, 0, 0
13020, 4013752, 0, 0, 0
14028, 4128115, 0, 0, 0
15000, 4095670, 0, 0, 0
16019, 4244879, 0, 0, 0
17000, 4251521, 0, 0, 0
18000, 4104230, 0, 0, 0
19018, 4177231, 0, 0, 0
20000, 4310084, 0, 0, 0
21021, 4255096, 0, 0, 0
22031, 4205301, 0, 0, 0
23019, 4168002, 0, 0, 0
24022, 4139960, 0, 0, 0
25000, 4182021, 0, 0, 0
26000, 4140519, 0, 0, 0
27021, 4194104, 0, 0, 0
28032, 4200850, 0, 0, 0
29002, 4383375, 0, 0, 0
30000, 4187257, 0, 0, 0
31000, 3990596, 0, 0, 0
32018, 4139960, 0, 0, 0
33001, 4191336, 0, 0, 0
34021, 4153708, 0, 0, 0
35032, 4209270, 0, 0, 0
36026, 4191252, 0, 0, 0
37020, 4182187, 0, 0, 0
38030, 4140091, 0, 0, 0
39000, 4112356, 0, 0, 0
40000, 4171613, 0, 0, 0
41031, 4316979, 0, 0, 0
42000, 4178463, 0, 0, 0
43000, 4148601, 0, 0, 0
44019, 4136091, 0, 0, 0
45000, 4273998, 0, 0, 0
46000, 4180276, 0, 0, 0
47019, 4251956, 0, 0, 0
48001, 4173920, 0, 0, 0
49001, 4079157, 0, 0, 0
50018, 4173351, 0, 0, 0
51019, 4146547, 0, 0, 0
52000, 4231357, 0, 0, 0
53020, 4324058, 0, 0, 0
54031, 4172292, 0, 0, 0
55024, 4134293, 0, 0, 0
56021, 4103548, 0, 0, 0
57000, 4261912, 0, 0, 0
58018, 4206944, 0, 0, 0
59000, 4252379, 0, 0, 0
60000, 4141764, 0, 0, 0
61017, 4249022, 0, 0, 0
62001, 4240893, 0, 0, 0
63002, 4087689, 0, 0, 0
64000, 4186583, 0, 0, 0
65000, 4180513, 0, 0, 0
66018, 4124510, 0, 0, 0
67000, 4348433, 0, 0, 0
68021, 4205416, 0, 0, 0
69032, 4173787, 0, 0, 0
70001, 4224240, 0, 0, 0
71020, 4088719, 0, 0, 0
72000, 4239166, 0, 0, 0
73001, 4139418, 0, 0, 0
74031, 4235834, 0, 0, 0
75001, 4083615, 0, 0, 0
76018, 4188179, 0, 0, 0
77029, 4127549, 0, 0, 0
78024, 4157503, 0, 0, 0
79032, 4235110, 0, 0, 0
80019, 4180263, 0, 0, 0
81019, 4354636, 0, 0, 0
82001, 4190829, 0, 0, 0
83000, 4115175, 0, 0, 0
84000, 4291931, 0, 0, 0
85001, 4157063, 0, 0, 0
86000, 4195568, 0, 0, 0
87000, 4172000, 0, 0, 0
88032, 4186202, 0, 0, 0
89000, 4138594, 0, 0, 0
90021, 4075295, 0, 0, 0
91001, 4137861, 0, 0, 0
92026, 4134070, 0, 0, 0
93000, 4165700, 0, 0, 0
94000, 4121586, 0, 0, 0
95023, 4170291, 0, 0, 0
96019, 4083866, 0, 0, 0
97000, 4213803, 0, 0, 0
98018, 4237904, 0, 0, 0
99000, 4182842, 0, 0, 0
100000, 4078157, 0, 0, 0
101020, 4178553, 0, 0, 0
102001, 4151791, 0, 0, 0
103019, 4196987, 0, 0, 0
104029, 4097200, 0, 0, 0
105000, 4132556, 0, 0, 0
106021, 4213654, 0, 0, 0
107000, 4273261, 0, 0, 0
108018, 4128003, 0, 0, 0
109030, 4163159, 0, 0, 0
110000, 4267066, 0, 0, 0
111033, 4330446, 0, 0, 0
112001, 4090869, 0, 0, 0
113021, 4322195, 0, 0, 0
114031, 4192507, 0, 0, 0
115025, 4048737, 0, 0, 0
116003, 4141018, 0, 0, 0
117001, 4242843, 0, 0, 0
118024, 4261794, 0, 0, 0
119018, 4201470, 0, 0, 0
120000, 4158874, 0, 0, 0
121020, 4240259, 0, 0, 0
122020, 4228856, 0, 0, 0
123000, 4187404, 0, 0, 0
124000, 4101711, 0, 0, 0
125022, 4175377, 0, 0, 0
126000, 4076537, 0, 0, 0
127001, 4273147, 0, 0, 0
128031, 4272191, 0, 0, 0
129000, 4111822, 0, 0, 0
130018, 4203169, 0, 0, 0
131000, 4171637, 0, 0, 0
132000, 4102992, 0, 0, 0
133024, 4193810, 0, 0, 0
134000, 4169068, 0, 0, 0
135018, 4101880, 0, 0, 0
136002, 4168465, 0, 0, 0
137000, 4231772, 0, 0, 0
138026, 4143852, 0, 0, 0
139000, 4218093, 0, 0, 0
140022, 4218926, 0, 0, 0
141021, 4165707, 0, 0, 0
142025, 4254985, 0, 0, 0
143019, 4052496, 0, 0, 0
144021, 4226964, 0, 0, 0
145022, 4189341, 0, 0, 0
146019, 4216761, 0, 0, 0
147000, 4170119, 0, 0, 0
148021, 4152614, 0, 0, 0
149001, 4276806, 0, 0, 0
150001, 4172519, 0, 0, 0
151020, 4103291, 0, 0, 0
152000, 4214602, 0, 0, 0
153021, 4134430, 0, 0, 0
154000, 4176408, 0, 0, 0
155021, 4303210, 0, 0, 0
156022, 4121110, 0, 0, 0
157001, 4090174, 0, 0, 0
158002, 4076820, 0, 0, 0
159031, 4198185, 0, 0, 0
160000, 4272630, 0, 0, 0
161019, 4209929, 0, 0, 0
162001, 4178017, 0, 0, 0
163001, 4116838, 0, 0, 0
164031, 4162735, 0, 0, 0
165000, 4186825, 0, 0, 0
166018, 4175788, 0, 0, 0
167022, 4045612, 0, 0, 0
168000, 4098847, 0, 0, 0
169019, 4140578, 0, 0, 0
170031, 4370779, 0, 0, 0
171000, 4109430, 0, 0, 0
172021, 4181157, 0, 0, 0
173001, 4447023, 0, 0, 0
174031, 4099598, 0, 0, 0
175000, 4113078, 0, 0, 0
176020, 4237535, 0, 0, 0
177000, 4212682, 0, 0, 0
178000, 4122172, 0, 0, 0
179017, 4244521, 0, 0, 0
180000, 4124346, 0, 0, 0
180000, 1938155, 0, 0, 0
