1008, 7065050, 0, 0, 0
2019, 8470045, 0, 0, 0
3012, 8582354, 0, 0, 0
4006, 8302910, 0, 0, 0
5015, 8438531, 0, 0, 0
6010, 8636533, 0, 0, 0
7005, 8488325, 0, 0, 0
8017, 8337085, 0, 0, 0
9008, 8251853, 0, 0, 0
10018, 8645971, 0, 0, 0
11013, 8285196, 0, 0, 0
12009, 8615079, 0, 0, 0
13018, 8278474, 0, 0, 0
14012, 8329691, 0, 0, 0
15006, 8392261, 0, 0, 0
16017, 8189710, 0, 0, 0
17012, 8383907, 0, 0, 0
18008, 8230075, 0, 0, 0
19018, 8332399, 0, 0, 0
20011, 8624897, 0, 0, 0
21006, 8307648, 0, 0, 0
22014, 8442933, 0, 0, 0
23008, 8377031, 0, 0, 0
24012, 8325648, 0, 0, 0
25007, 8159060, 0, 0, 0
26018, 8369703, 0, 0, 0
27012, 8562617, 0, 0, 0
28019, 8350446, 0, 0, 0
29013, 8299897, 0, 0, 0
30008, 8226221, 0, 0, 0
31017, 8376264, 0, 0, 0
32012, 8177963, 0, 0, 0
33007, 8580154, 0, 0, 0
34018, 8324771, 0, 0, 0
35007, 8263878, 0, 0, 0
36006, 8358490, 0, 0, 0
37005, 8180672, 0, 0, 0
38010, 8008261, 0, 0, 0
39044, 8522627, 0, 0, 0
40018, 8251827, 0, 0, 0
41010, 8301746, 0, 0, 0
42008, 8507100, 0, 0, 0
43005, 8194153, 0, 0, 0
44016, 8558394, 0, 0, 0
45010, 8239472, 0, 0, 0
46020, 8280583, 0, 0, 0
47015, 8120444, 0, 0, 0
48010, 8051655, 0, 0, 0
49005, 8350099, 0, 0, 0
50006, 8501776, 0, 0, 0
51009, 8227478, 0, 0, 0
52019, 8482986, 0, 0, 0
53013, 8429249, 0, 0, 0
54007, 8295600, 0, 0, 0
55017, 23306695, 0, 0, 0
56011, 8419057, 0, 0, 0
57021, 8417175, 0, 0, 0
58010, 8340095, 0, 0, 0
59011, 8494360, 0, 0, 0
60006, 8521830, 0, 0, 0
61015, 8468853, 0, 0, 0
62011, 8261268, 0, 0, 0
63006, 8175934, 0, 0, 0
64016, 8357941, 0, 0, 0
65011, 8540330, 0, 0, 0
66005, 8376063, 0, 0, 0
67014, 8549887, 0, 0, 0
68009, 8203078, 0, 0, 0
69005, 8133674, 0, 0, 0
70015, 8493232, 0, 0, 0
71008, 8200859, 0, 0, 0
72005, 8295387, 0, 0, 0
73007, 8484103, 0, 0, 0
74010, 8465699, 0, 0, 0
75019, 8598646, 0, 0, 0
76014, 8452439, 0, 0, 0
77010, 8507840, 0, 0, 0
78020, 8378348, 0, 0, 0
79015, 8543486, 0, 0, 0
80009, 8318506, 0, 0, 0
81005, 8473776, 0, 0, 0
82014, 8634263, 0, 0, 0
83007, 8414949, 0, 0, 0
84005, 8408262, 0, 0, 0
85013, 8396721, 0, 0, 0
86006, 8120661, 0, 0, 0
87017, 8516386, 0, 0, 0
88013, 8448699, 0, 0, 0
89008, 8383667, 0, 0, 0
90005, 8482125, 0, 0, 0
91015, 8491376, 0, 0, 0
92011, 8445351, 0, 0, 0
93019, 8635570, 0, 0, 0
94011, 8441416, 0, 0, 0
95019, 8148886, 0, 0, 0
96014, 8347604, 0, 0, 0
97006, 8298932, 0, 0, 0
98016, 8085641, 0, 0, 0
99008, 8257693, 0, 0, 0
100018, 8520912, 0, 0, 0
101006, 8472050, 0, 0, 0
102010, 8288067, 0, 0, 0
103019, 8233064, 0, 0, 0
104014, 8530595, 0, 0, 0
105006, 8197299, 0, 0, 0
106018, 8294426, 0, 0, 0
107014, 8472554, 0, 0, 0
108009, 8385659, 0, 0, 0
109009, 8418236, 0, 0, 0
110010, 8417905, 0, 0, 0
111006, 8258828, 0, 0, 0
112010, 8388060, 0, 0, 0
113007, 7984691, 0, 0, 0
114017, 8318619, 0, 0, 0
115010, 8197482, 0, 0, 0
116008, 8405358, 0, 0, 0
117017, 8284218, 0, 0, 0
118013, 8207189, 0, 0, 0
119006, 8322542, 0, 0, 0
120013, 8392055, 0, 0, 0
121011, 8200830, 0, 0, 0
122007, 8098054, 0, 0, 0
123017, 8444409, 0, 0, 0
124010, 8104153, 0, 0, 0
125012, 8499415, 0, 0, 0
126014, 8395810, 0, 0, 0
127007, 8275932, 0, 0, 0
128018, 8328340, 0, 0, 0
129013, 8404198, 0, 0, 0
130007, 8223802, 0, 0, 0
131016, 8406387, 0, 0, 0
132010, 8155678, 0, 0, 0
133020, 7932800, 0, 0, 0
134016, 8448001, 0, 0, 0
135009, 8235801, 0, 0, 0
136018, 8443647, 0, 0, 0
137013, 8340413, 0, 0, 0
138008, 8323049, 0, 0, 0
139020, 8308047, 0, 0, 0
140013, 8456818, 0, 0, 0
141005, 8370630, 0, 0, 0
142016, 8597629, 0, 0, 0
143010, 8423762, 0, 0, 0
144007, 8181676, 0, 0, 0
145016, 8366249, 0, 0, 0
146011, 8277924, 0, 0, 0
147005, 8170506, 0, 0, 0
148016, 8360686, 0, 0, 0
149008, 8259481, 0, 0, 0
150005, 8483011, 0, 0, 0
151015, 8419165, 0, 0, 0
152006, 8441866, 0, 0, 0
153016, 8364529, 0, 0, 0
154010, 8390785, 0, 0, 0
155021, 8766093, 0, 0, 0
156014, 8498271, 0, 0, 0
157007, 8200227, 0, 0, 0
158017, 8292313, 0, 0, 0
159013, 8425176, 0, 0, 0
160006, 8287721, 0, 0, 0
161017, 8310984, 0, 0, 0
162012, 8296512, 0, 0, 0
163006, 8276356, 0, 0, 0
164015, 8272686, 0, 0, 0
165007, 8459275, 0, 0, 0
166019, 8360448, 0, 0, 0
167012, 8332792, 0, 0, 0
168006, 8246637, 0, 0, 0
169005, 8389779, 0, 0, 0
170009, 8245870, 0, 0, 0
171018, 8444119, 0, 0, 0
172011, 8301271, 0, 0, 0
173006, 8492152, 0, 0, 0
174014, 8247887, 0, 0, 0
175009, 8396993, 0, 0, 0
176018, 8300100, 0, 0, 0
177011, 8282874, 0, 0, 0
178008, 8467482, 0, 0, 0
179006, 8234795, 0, 0, 0
180013, 8597764, 0, 0, 0
180013, 34425445, 0, 0, 0
