1000, 3549, 0, 0, 0
2000, 3611, 0, 0, 0
3000, 3606, 0, 0, 0
4000, 3643, 0, 0, 0
5000, 3700, 0, 0, 0
6000, 3678, 0, 0, 0
7000, 3601, 0, 0, 0
8000, 3572, 0, 0, 0
9000, 3659, 0, 0, 0
10000, 3608, 0, 0, 0
11000, 3613, 0, 0, 0
12000, 3461, 0, 0, 0
13000, 3563, 0, 0, 0
14001, 3244, 0, 0, 0
15000, 3268, 0, 0, 0
16000, 3471, 0, 0, 0
17000, 3529, 0, 0, 0
18000, 3637, 0, 0, 0
19000, 3513, 0, 0, 0
20001, 3577, 0, 0, 0
21000, 3655, 0, 0, 0
22000, 3028, 0, 0, 0
23000, 2457, 0, 0, 0
24000, 3341, 0, 0, 0
25000, 3296, 0, 0, 0
26000, 3589, 0, 0, 0
27000, 3571, 0, 0, 0
28000, 3501, 0, 0, 0
29000, 3448, 0, 0, 0
30000, 3488, 0, 0, 0
31000, 3521, 0, 0, 0
32000, 3497, 0, 0, 0
33000, 3554, 0, 0, 0
34000, 3428, 0, 0, 0
35000, 3428, 0, 0, 0
36000, 3564, 0, 0, 0
37000, 3521, 0, 0, 0
38000, 3509, 0, 0, 0
39000, 3252, 0, 0, 0
40000, 3543, 0, 0, 0
41000, 3579, 0, 0, 0
42000, 3509, 0, 0, 0
43000, 3555, 0, 0, 0
44000, 3495, 0, 0, 0
45000, 3607, 0, 0, 0
46001, 3576, 0, 0, 0
47000, 3454, 0, 0, 0
48000, 3194, 0, 0, 0
49000, 3417, 0, 0, 0
50000, 3437, 0, 0, 0
51000, 3465, 0, 0, 0
52000, 3535, 0, 0, 0
53000, 3536, 0, 0, 0
54000, 3540, 0, 0, 0
55000, 3555, 0, 0, 0
56000, 3535, 0, 0, 0
57000, 3555, 0, 0, 0
58000, 3505, 0, 0, 0
59000, 3619, 0, 0, 0
60000, 3529, 0, 0, 0
61000, 3640, 0, 0, 0
62000, 3609, 0, 0, 0
63001, 3586, 0, 0, 0
64000, 3566, 0, 0, 0
65000, 3582, 0, 0, 0
66000, 3554, 0, 0, 0
67000, 3530, 0, 0, 0
68000, 3513, 0, 0, 0
69000, 3527, 0, 0, 0
70000, 3455, 0, 0, 0
71000, 3508, 0, 0, 0
72000, 3453, 0, 0, 0
73000, 3526, 0, 0, 0
74000, 3509, 0, 0, 0
75000, 3499, 0, 0, 0
76000, 3525, 0, 0, 0
77001, 3446, 0, 0, 0
78000, 3499, 0, 0, 0
79000, 3377, 0, 0, 0
80000, 3439, 0, 0, 0
81000, 3507, 0, 0, 0
82000, 3457, 0, 0, 0
83001, 3477, 0, 0, 0
84000, 3473, 0, 0, 0
85000, 3484, 0, 0, 0
86001, 3500, 0, 0, 0
87000, 3460, 0, 0, 0
88000, 3498, 0, 0, 0
89000, 3544, 0, 0, 0
90000, 3467, 0, 0, 0
91000, 3466, 0, 0, 0
92000, 3416, 0, 0, 0
93000, 3462, 0, 0, 0
94000, 3511, 0, 0, 0
95000, 3560, 0, 0, 0
96000, 3533, 0, 0, 0
97001, 3510, 0, 0, 0
98000, 3516, 0, 0, 0
99000, 3465, 0, 0, 0
100000, 3500, 0, 0, 0
101000, 3472, 0, 0, 0
102000, 3451, 0, 0, 0
103000, 3461, 0, 0, 0
104000, 3566, 0, 0, 0
105000, 3553, 0, 0, 0
106000, 3559, 0, 0, 0
107000, 3532, 0, 0, 0
108001, 3605, 0, 0, 0
109000, 3461, 0, 0, 0
110000, 3517, 0, 0, 0
111000, 3451, 0, 0, 0
112000, 3435, 0, 0, 0
113000, 3464, 0, 0, 0
114000, 3497, 0, 0, 0
115000, 3482, 0, 0, 0
116000, 3491, 0, 0, 0
117000, 3508, 0, 0, 0
118000, 3479, 0, 0, 0
119000, 3476, 0, 0, 0
120000, 3480, 0, 0, 0
121000, 3292, 0, 0, 0
122000, 3534, 0, 0, 0
123000, 3463, 0, 0, 0
124000, 3493, 0, 0, 0
125000, 3470, 0, 0, 0
126000, 3453, 0, 0, 0
127001, 3428, 0, 0, 0
128000, 3142, 0, 0, 0
129000, 3552, 0, 0, 0
130000, 3575, 0, 0, 0
131000, 3508, 0, 0, 0
132000, 3446, 0, 0, 0
133000, 3561, 0, 0, 0
134000, 3167, 0, 0, 0
135000, 3578, 0, 0, 0
136000, 3493, 0, 0, 0
137000, 3550, 0, 0, 0
138000, 3604, 0, 0, 0
139000, 3427, 0, 0, 0
140000, 3446, 0, 0, 0
141000, 3536, 0, 0, 0
142000, 3529, 0, 0, 0
143000, 3503, 0, 0, 0
144000, 3521, 0, 0, 0
145000, 3476, 0, 0, 0
146000, 3502, 0, 0, 0
147000, 3480, 0, 0, 0
148000, 3519, 0, 0, 0
149001, 3530, 0, 0, 0
150000, 3632, 0, 0, 0
151000, 3528, 0, 0, 0
152000, 3600, 0, 0, 0
153000, 3486, 0, 0, 0
154000, 3434, 0, 0, 0
155000, 3518, 0, 0, 0
156000, 3453, 0, 0, 0
157000, 3435, 0, 0, 0
158000, 3474, 0, 0, 0
159000, 3515, 0, 0, 0
160000, 3515, 0, 0, 0
161000, 3446, 0, 0, 0
162001, 3466, 0, 0, 0
163000, 3434, 0, 0, 0
164000, 3466, 0, 0, 0
165000, 3429, 0, 0, 0
166000, 3562, 0, 0, 0
167000, 3517, 0, 0, 0
168000, 3603, 0, 0, 0
169000, 3455, 0, 0, 0
170000, 3472, 0, 0, 0
171000, 3543, 0, 0, 0
172000, 3582, 0, 0, 0
173000, 3618, 0, 0, 0
174000, 3479, 0, 0, 0
175000, 3241, 0, 0, 0
176000, 3494, 0, 0, 0
177000, 3485, 0, 0, 0
178000, 3489, 0, 0, 0
179001, 3635, 0, 0, 0
180000, 3508, 0, 0, 0
