1000, 2184, 0, 0, 0
2001, 1708, 0, 0, 0
3001, 1517, 0, 0, 0
4001, 1629, 0, 0, 0
5001, 1860, 0, 0, 0
6001, 2050, 0, 0, 0
7001, 1992, 0, 0, 0
8001, 1888, 0, 0, 0
9001, 1725, 0, 0, 0
10001, 1832, 0, 0, 0
11001, 1704, 0, 0, 0
12001, 1757, 0, 0, 0
13001, 1792, 0, 0, 0
14001, 1749, 0, 0, 0
15001, 1685, 0, 0, 0
16001, 2016, 0, 0, 0
17001, 1948, 0, 0, 0
18001, 2010, 0, 0, 0
19001, 2046, 0, 0, 0
20001, 1848, 0, 0, 0
21002, 1752, 0, 0, 0
22001, 1941, 0, 0, 0
23001, 1825, 0, 0, 0
24001, 1732, 0, 0, 0
25001, 2000, 0, 0, 0
26001, 2034, 0, 0, 0
27001, 1997, 0, 0, 0
28002, 1946, 0, 0, 0
29003, 2017, 0, 0, 0
30004, 2044, 0, 0, 0
31004, 1880, 0, 0, 0
32005, 2116, 0, 0, 0
33006, 1608, 0, 0, 0
34007, 1816, 0, 0, 0
35008, 1828, 0, 0, 0
36009, 1728, 0, 0, 0
37009, 1768, 0, 0, 0
38010, 1780, 0, 0, 0
39011, 1704, 0, 0, 0
40011, 1836, 0, 0, 0
41012, 1732, 0, 0, 0
42012, 1732, 0, 0, 0
43012, 1796, 0, 0, 0
44013, 1816, 0, 0, 0
45014, 1720, 0, 0, 0
46014, 1840, 0, 0, 0
47015, 1972, 0, 0, 0
48016, 2016, 0, 0, 0
49017, 1820, 0, 0, 0
50017, 2080, 0, 0, 0
51018, 2080, 0, 0, 0
52019, 1968, 0, 0, 0
53020, 1752, 0, 0, 0
54020, 2080, 0, 0, 0
55020, 2016, 0, 0, 0
56021, 2000, 0, 0, 0
57021, 1812, 0, 0, 0
58022, 1828, 0, 0, 0
59022, 1784, 0, 0, 0
60023, 1856, 0, 0, 0
61024, 1772, 0, 0, 0
62025, 1876, 0, 0, 0
63025, 1676, 0, 0, 0
64026, 1468, 0, 0, 0
65026, 2000, 0, 0, 0
66026, 2068, 0, 0, 0
67027, 2044, 0, 0, 0
68027, 2052, 0, 0, 0
69028, 2076, 0, 0, 0
70028, 2024, 0, 0, 0
71029, 2004, 0, 0, 0
72029, 1796, 0, 0, 0
73030, 1876, 0, 0, 0
74031, 1964, 0, 0, 0
75031, 1756, 0, 0, 0
76032, 1884, 0, 0, 0
77032, 1848, 0, 0, 0
78033, 1912, 0, 0, 0
79034, 1836, 0, 0, 0
80035, 1874, 0, 0, 0
81036, 1916, 0, 0, 0
82036, 1860, 0, 0, 0
83037, 1956, 0, 0, 0
84037, 1944, 0, 0, 0
85038, 1956, 0, 0, 0
86039, 1848, 0, 0, 0
87039, 1888, 0, 0, 0
88039, 1960, 0, 0, 0
89040, 1836, 0, 0, 0
90041, 1964, 0, 0, 0
91042, 1828, 0, 0, 0
92042, 1908, 0, 0, 0
93043, 1944, 0, 0, 0
94043, 1844, 0, 0, 0
95044, 1768, 0, 0, 0
96045, 1892, 0, 0, 0
97045, 1948, 0, 0, 0
98046, 1948, 0, 0, 0
99047, 1926, 0, 0, 0
100048, 1780, 0, 0, 0
101048, 1724, 0, 0, 0
102049, 1872, 0, 0, 0
103049, 1648, 0, 0, 0
104050, 1664, 0, 0, 0
105051, 1764, 0, 0, 0
106052, 1872, 0, 0, 0
107052, 1604, 0, 0, 0
108053, 1736, 0, 0, 0
109053, 1704, 0, 0, 0
110054, 1620, 0, 0, 0
111054, 1580, 0, 0, 0
112055, 1772, 0, 0, 0
113055, 1612, 0, 0, 0
114056, 1788, 0, 0, 0
115056, 1916, 0, 0, 0
116057, 1844, 0, 0, 0
117058, 1796, 0, 0, 0
118058, 2068, 0, 0, 0
119059, 1716, 0, 0, 0
120060, 1708, 0, 0, 0
121060, 1520, 0, 0, 0
122061, 1936, 0, 0, 0
123061, 1748, 0, 0, 0
124062, 2068, 0, 0, 0
125062, 1816, 0, 0, 0
126063, 1896, 0, 0, 0
127064, 1780, 0, 0, 0
128064, 1764, 0, 0, 0
129064, 2088, 0, 0, 0
130065, 2116, 0, 0, 0
131066, 2020, 0, 0, 0
132066, 2120, 0, 0, 0
133066, 2060, 0, 0, 0
134067, 2012, 0, 0, 0
135067, 2112, 0, 0, 0
136068, 1936, 0, 0, 0
137068, 1840, 0, 0, 0
138069, 1768, 0, 0, 0
139069, 1992, 0, 0, 0
140070, 2044, 0, 0, 0
141070, 1964, 0, 0, 0
142071, 1688, 0, 0, 0
143071, 1956, 0, 0, 0
144072, 1896, 0, 0, 0
145072, 2008, 0, 0, 0
146073, 2040, 0, 0, 0
147073, 1996, 0, 0, 0
148074, 2001, 0, 0, 0
149075, 1944, 0, 0, 0
150075, 2016, 0, 0, 0
151076, 1900, 0, 0, 0
152076, 2072, 0, 0, 0
153077, 2028, 0, 0, 0
154078, 1982, 0, 0, 0
155078, 1976, 0, 0, 0
156079, 2008, 0, 0, 0
157079, 1972, 0, 0, 0
158080, 1924, 0, 0, 0
159081, 1968, 0, 0, 0
160081, 1968, 0, 0, 0
161082, 2108, 0, 0, 0
162082, 2180, 0, 0, 0
163082, 2204, 0, 0, 0
164083, 2152, 0, 0, 0
165083, 2016, 0, 0, 0
166083, 1988, 0, 0, 0
167084, 1980, 0, 0, 0
168084, 2060, 0, 0, 0
169085, 2052, 0, 0, 0
170086, 2104, 0, 0, 0
171086, 2044, 0, 0, 0
172087, 2052, 0, 0, 0
173087, 2032, 0, 0, 0
174088, 2032, 0, 0, 0
175088, 2148, 0, 0, 0
176089, 2060, 0, 0, 0
177089, 2096, 0, 0, 0
178089, 2040, 0, 0, 0
179090, 2032, 0, 0, 0
180091, 1800, 0, 0, 0
