1000, 2276136, 0, 0, 0
2000, 2235253, 0, 0, 0
3006, 2278262, 0, 0, 0
4001, 2213876, 0, 0, 0
5001, 2184113, 0, 0, 0
6000, 2234361, 0, 0, 0
7001, 2163495, 0, 0, 0
8000, 2458519, 0, 0, 0
9000, 2316280, 0, 0, 0
10000, 2522871, 0, 0, 0
11001, 2273145, 0, 0, 0
12007, 2303611, 0, 0, 0
13001, 2284373, 0, 0, 0
14000, 2292261, 0, 0, 0
15001, 2252859, 0, 0, 0
16000, 2283206, 0, 0, 0
17000, 2147144, 0, 0, 0
18002, 2311869, 0, 0, 0
19003, 2256578, 0, 0, 0
20002, 2342853, 0, 0, 0
21002, 2185346, 0, 0, 0
22000, 2232299, 0, 0, 0
23001, 2196132, 0, 0, 0
24002, 2252371, 0, 0, 0
25000, 2219537, 0, 0, 0
26002, 2338747, 0, 0, 0
27000, 2153335, 0, 0, 0
28001, 2173034, 0, 0, 0
29000, 2194009, 0, 0, 0
30000, 2200455, 0, 0, 0
31000, 2175802, 0, 0, 0
32001, 2192513, 0, 0, 0
33000, 2299552, 0, 0, 0
34001, 2251809, 0, 0, 0
35000, 2194078, 0, 0, 0
36001, 2186691, 0, 0, 0
37001, 2276846, 0, 0, 0
38000, 2267538, 0, 0, 0
39000, 2204638, 0, 0, 0
40000, 2220505, 0, 0, 0
41001, 2191983, 0, 0, 0
42001, 2215271, 0, 0, 0
43001, 2248541, 0, 0, 0
44001, 2185431, 0, 0, 0
45002, 2237041, 0, 0, 0
46001, 2224377, 0, 0, 0
47002, 2308852, 0, 0, 0
48000, 2190073, 0, 0, 0
49000, 2302173, 0, 0, 0
50001, 2212132, 0, 0, 0
51000, 2167567, 0, 0, 0
52002, 2180926, 0, 0, 0
53000, 2287055, 0, 0, 0
54000, 2239881, 0, 0, 0
55001, 2270854, 0, 0, 0
56000, 2268807, 0, 0, 0
57000, 2260354, 0, 0, 0
58001, 2225706, 0, 0, 0
59000, 2298629, 0, 0, 0
60002, 2296652, 0, 0, 0
61000, 2264598, 0, 0, 0
62001, 2231308, 0, 0, 0
63001, 2173371, 0, 0, 0
64001, 2218305, 0, 0, 0
65000, 2212375, 0, 0, 0
66001, 2257224, 0, 0, 0
67000, 2158858, 0, 0, 0
68002, 2161825, 0, 0, 0
69001, 2106184, 0, 0, 0
70001, 2318037, 0, 0, 0
71000, 2201909, 0, 0, 0
72001, 2144263, 0, 0, 0
73000, 2244445, 0, 0, 0
74001, 2313254, 0, 0, 0
75001, 2249935, 0, 0, 0
76000, 2197122, 0, 0, 0
77001, 2326670, 0, 0, 0
78001, 2219347, 0, 0, 0
79000, 2261907, 0, 0, 0
80002, 2343782, 0, 0, 0
81000, 2215486, 0, 0, 0
82000, 2245211, 0, 0, 0
83000, 2261265, 0, 0, 0
84001, 2307953, 0, 0, 0
85001, 2200501, 0, 0, 0
86001, 2344874, 0, 0, 0
87001, 2279977, 0, 0, 0
88001, 2286831, 0, 0, 0
89000, 2202477, 0, 0, 0
90001, 2251620, 0, 0, 0
91001, 2230212, 0, 0, 0
92000, 2242533, 0, 0, 0
93001, 2235005, 0, 0, 0
94001, 2260141, 0, 0, 0
95000, 2294203, 0, 0, 0
96000, 2185246, 0, 0, 0
97000, 2274952, 0, 0, 0
98001, 2213620, 0, 0, 0
99000, 2178974, 0, 0, 0
100000, 2268173, 0, 0, 0
101001, 2237978, 0, 0, 0
102001, 2234584, 0, 0, 0
103000, 2202608, 0, 0, 0
104001, 2287540, 0, 0, 0
105000, 2257470, 0, 0, 0
106005, 2267022, 0, 0, 0
107000, 2242431, 0, 0, 0
108001, 2299390, 0, 0, 0
109001, 2301536, 0, 0, 0
110002, 2226310, 0, 0, 0
111000, 2215189, 0, 0, 0
112003, 2287011, 0, 0, 0
113001, 2214297, 0, 0, 0
114000, 2150993, 0, 0, 0
115001, 2217023, 0, 0, 0
116001, 2218705, 0, 0, 0
117002, 2274106, 0, 0, 0
118001, 2216747, 0, 0, 0
119002, 2309722, 0, 0, 0
120002, 2304934, 0, 0, 0
121001, 2234292, 0, 0, 0
122002, 2264973, 0, 0, 0
123001, 2232312, 0, 0, 0
124001, 2211838, 0, 0, 0
125001, 2217965, 0, 0, 0
126003, 2167314, 0, 0, 0
127000, 2242164, 0, 0, 0
128000, 2180737, 0, 0, 0
129000, 2214252, 0, 0, 0
130000, 2261453, 0, 0, 0
131000, 2189955, 0, 0, 0
132001, 2158288, 0, 0, 0
133001, 2173147, 0, 0, 0
134001, 2180626, 0, 0, 0
135000, 2141580, 0, 0, 0
136000, 2199508, 0, 0, 0
137001, 2245956, 0, 0, 0
138000, 2247285, 0, 0, 0
139001, 2182160, 0, 0, 0
140000, 2253293, 0, 0, 0
141002, 2152391, 0, 0, 0
142001, 2293982, 0, 0, 0
143000, 2277905, 0, 0, 0
144000, 2199477, 0, 0, 0
145001, 2511838, 0, 0, 0
146000, 2338838, 0, 0, 0
147001, 2196535, 0, 0, 0
148000, 2216613, 0, 0, 0
149000, 2372884, 0, 0, 0
150001, 2217586, 0, 0, 0
151000, 2237548, 0, 0, 0
152395, 3449821, 0, 0, 0
153000, 2142474, 0, 0, 0
154000, 2296987, 0, 0, 0
155000, 2171852, 0, 0, 0
156001, 2225012, 0, 0, 0
157001, 2187253, 0, 0, 0
158001, 2222977, 0, 0, 0
159000, 2284124, 0, 0, 0
160001, 2266563, 0, 0, 0
161000, 2174082, 0, 0, 0
162000, 2265588, 0, 0, 0
163000, 2167321, 0, 0, 0
164001, 2172619, 0, 0, 0
165003, 2166728, 0, 0, 0
166001, 2219095, 0, 0, 0
167001, 2199672, 0, 0, 0
168001, 2250202, 0, 0, 0
169000, 2199166, 0, 0, 0
170001, 2188081, 0, 0, 0
171000, 2245996, 0, 0, 0
172001, 2220908, 0, 0, 0
173002, 2183284, 0, 0, 0
174001, 2101177, 0, 0, 0
175002, 2137320, 0, 0, 0
176001, 2277080, 0, 0, 0
177001, 2218851, 0, 0, 0
178001, 2224692, 0, 0, 0
179000, 2188759, 0, 0, 0
180000, 2170952, 0, 0, 0
