1000, 516, 0, 0, 0
2000, 485, 0, 0, 0
3001, 493, 0, 0, 0
4001, 459, 0, 0, 0
5001, 475, 0, 0, 0
6001, 488, 0, 0, 0
7000, 463, 0, 0, 0
8000, 480, 0, 0, 0
9001, 488, 0, 0, 0
10001, 473, 0, 0, 0
11000, 474, 0, 0, 0
12000, 452, 0, 0, 0
13001, 488, 0, 0, 0
14001, 474, 0, 0, 0
15001, 491, 0, 0, 0
16001, 462, 0, 0, 0
17000, 488, 0, 0, 0
18001, 484, 0, 0, 0
19001, 475, 0, 0, 0
20001, 493, 0, 0, 0
21000, 465, 0, 0, 0
22000, 485, 0, 0, 0
23001, 461, 0, 0, 0
24000, 481, 0, 0, 0
25001, 472, 0, 0, 0
26000, 475, 0, 0, 0
27001, 484, 0, 0, 0
28001, 465, 0, 0, 0
29001, 485, 0, 0, 0
30001, 484, 0, 0, 0
31000, 485, 0, 0, 0
32001, 467, 0, 0, 0
33000, 483, 0, 0, 0
34001, 494, 0, 0, 0
35001, 462, 0, 0, 0
36000, 492, 0, 0, 0
37000, 461, 0, 0, 0
38001, 483, 0, 0, 0
39000, 489, 0, 0, 0
40001, 464, 0, 0, 0
41001, 495, 0, 0, 0
42000, 476, 0, 0, 0
43001, 471, 0, 0, 0
44001, 486, 0, 0, 0
45001, 478, 0, 0, 0
46001, 471, 0, 0, 0
47000, 468, 0, 0, 0
48000, 483, 0, 0, 0
49001, 471, 0, 0, 0
50001, 480, 0, 0, 0
51001, 486, 0, 0, 0
52000, 463, 0, 0, 0
53001, 486, 0, 0, 0
54001, 492, 0, 0, 0
55000, 464, 0, 0, 0
56001, 485, 0, 0, 0
57001, 469, 0, 0, 0
58000, 487, 0, 0, 0
59001, 489, 0, 0, 0
60001, 464, 0, 0, 0
61001, 484, 0, 0, 0
62001, 477, 0, 0, 0
63000, 485, 0, 0, 0
64001, 461, 0, 0, 0
65000, 487, 0, 0, 0
66001, 479, 0, 0, 0
67001, 465, 0, 0, 0
68001, 488, 0, 0, 0
69001, 466, 0, 0, 0
70001, 481, 0, 0, 0
71001, 487, 0, 0, 0
72000, 463, 0, 0, 0
73001, 489, 0, 0, 0
74001, 484, 0, 0, 0
75000, 477, 0, 0, 0
76001, 467, 0, 0, 0
77000, 489, 0, 0, 0
78001, 457, 0, 0, 0
79000, 482, 0, 0, 0
80001, 466, 0, 0, 0
81001, 483, 0, 0, 0
82001, 487, 0, 0, 0
83001, 478, 0, 0, 0
84000, 475, 0, 0, 0
85001, 466, 0, 0, 0
86001, 493, 0, 0, 0
87000, 483, 0, 0, 0
88000, 484, 0, 0, 0
89000, 471, 0, 0, 0
90000, 482, 0, 0, 0
91001, 468, 0, 0, 0
92001, 478, 0, 0, 0
93000, 481, 0, 0, 0
94001, 464, 0, 0, 0
95001, 484, 0, 0, 0
96001, 462, 0, 0, 0
97001, 494, 0, 0, 0
98001, 479, 0, 0, 0
99000, 477, 0, 0, 0
100001, 473, 0, 0, 0
101000, 490, 0, 0, 0
102001, 474, 0, 0, 0
103000, 478, 0, 0, 0
104001, 488, 0, 0, 0
105000, 481, 0, 0, 0
106000, 467, 0, 0, 0
107001, 481, 0, 0, 0
108001, 485, 0, 0, 0
109000, 477, 0, 0, 0
110000, 470, 0, 0, 0
111001, 466, 0, 0, 0
112000, 482, 0, 0, 0
113000, 483, 0, 0, 0
114001, 482, 0, 0, 0
115001, 458, 0, 0, 0
116001, 479, 0, 0, 0
117000, 487, 0, 0, 0
118001, 459, 0, 0, 0
119001, 482, 0, 0, 0
120000, 493, 0, 0, 0
121000, 463, 0, 0, 0
122001, 492, 0, 0, 0
123000, 465, 0, 0, 0
124000, 486, 0, 0, 0
125001, 472, 0, 0, 0
126001, 487, 0, 0, 0
127001, 479, 0, 0, 0
128001, 478, 0, 0, 0
129000, 474, 0, 0, 0
130000, 489, 0, 0, 0
131001, 483, 0, 0, 0
132000, 463, 0, 0, 0
133001, 488, 0, 0, 0
134001, 464, 0, 0, 0
135000, 487, 0, 0, 0
136001, 484, 0, 0, 0
137000, 482, 0, 0, 0
138001, 482, 0, 0, 0
139001, 474, 0, 0, 0
140001, 477, 0, 0, 0
141001, 491, 0, 0, 0
142001, 465, 0, 0, 0
143001, 490, 0, 0, 0
144001, 489, 0, 0, 0
145001, 460, 0, 0, 0
146000, 486, 0, 0, 0
147001, 487, 0, 0, 0
148000, 467, 0, 0, 0
149001, 486, 0, 0, 0
150000, 481, 0, 0, 0
151000, 467, 0, 0, 0
152001, 489, 0, 0, 0
153000, 486, 0, 0, 0
154001, 466, 0, 0, 0
155001, 487, 0, 0, 0
156000, 495, 0, 0, 0
157001, 464, 0, 0, 0
158001, 480, 0, 0, 0
159001, 482, 0, 0, 0
160000, 470, 0, 0, 0
161001, 488, 0, 0, 0
162001, 468, 0, 0, 0
163001, 459, 0, 0, 0
164001, 483, 0, 0, 0
165001, 490, 0, 0, 0
166001, 462, 0, 0, 0
167001, 486, 0, 0, 0
168001, 478, 0, 0, 0
169001, 463, 0, 0, 0
170001, 487, 0, 0, 0
171000, 484, 0, 0, 0
172001, 476, 0, 0, 0
173000, 469, 0, 0, 0
174000, 494, 0, 0, 0
175001, 467, 0, 0, 0
176000, 499, 0, 0, 0
177001, 472, 0, 0, 0
178000, 465, 0, 0, 0
179001, 488, 0, 0, 0
180000, 460, 0, 0, 0
