1016, 7378527, 0, 0, 0
2007, 8270278, 0, 0, 0
3018, 8278653, 0, 0, 0
4011, 8284622, 0, 0, 0
5004, 8238555, 0, 0, 0
6006, 8426981, 0, 0, 0
7007, 8297912, 0, 0, 0
8016, 8297697, 0, 0, 0
9009, 8326902, 0, 0, 0
10006, 8354671, 0, 0, 0
11008, 8289963, 0, 0, 0
12011, 8441964, 0, 0, 0
13006, 8357918, 0, 0, 0
14011, 8371027, 0, 0, 0
15011, 8474160, 0, 0, 0
16007, 8191197, 0, 0, 0
17005, 8288804, 0, 0, 0
18014, 8479942, 0, 0, 0
19006, 8394925, 0, 0, 0
20015, 8403741, 0, 0, 0
21008, 8291412, 0, 0, 0
22018, 8479650, 0, 0, 0
23012, 8450707, 0, 0, 0
24072, 9841423, 0, 0, 0
25017, 12986173, 0, 0, 0
26011, 8394749, 0, 0, 0
27009, 8250699, 0, 0, 0
28011, 8502151, 0, 0, 0
29013, 8404413, 0, 0, 0
30008, 8413901, 0, 0, 0
31007, 8327463, 0, 0, 0
32011, 8509588, 0, 0, 0
33005, 8270769, 0, 0, 0
34011, 8362915, 0, 0, 0
35007, 8230410, 0, 0, 0
36015, 8493453, 0, 0, 0
37008, 8230710, 0, 0, 0
38009, 8416794, 0, 0, 0
39004, 8417298, 0, 0, 0
40006, 8376786, 0, 0, 0
41018, 8401737, 0, 0, 0
42013, 8476967, 0, 0, 0
43008, 8390875, 0, 0, 0
44003, 8289196, 0, 0, 0
45014, 8570921, 0, 0, 0
46004, 8372867, 0, 0, 0
47005, 8331807, 0, 0, 0
48003, 8506199, 0, 0, 0
49008, 8511973, 0, 0, 0
50016, 8630443, 0, 0, 0
51010, 8329271, 0, 0, 0
52004, 8268221, 0, 0, 0
53015, 8426030, 0, 0, 0
54008, 8243200, 0, 0, 0
55003, 8303438, 0, 0, 0
56004, 8551053, 0, 0, 0
57011, 8394196, 0, 0, 0
58006, 8228929, 0, 0, 0
59015, 8339458, 0, 0, 0
60010, 8353116, 0, 0, 0
61005, 8394022, 0, 0, 0
62016, 8324881, 0, 0, 0
63011, 8327452, 0, 0, 0
64004, 8292598, 0, 0, 0
65015, 8486435, 0, 0, 0
66007, 8315308, 0, 0, 0
67018, 8207110, 0, 0, 0
68007, 8231653, 0, 0, 0
69010, 8321063, 0, 0, 0
70006, 8250115, 0, 0, 0
71003, 8341084, 0, 0, 0
72012, 8370258, 0, 0, 0
73010, 8209858, 0, 0, 0
74005, 8366727, 0, 0, 0
75016, 8216622, 0, 0, 0
76010, 8420820, 0, 0, 0
77005, 8235153, 0, 0, 0
78015, 8366129, 0, 0, 0
79010, 8354135, 0, 0, 0
80004, 8344512, 0, 0, 0
81006, 8349318, 0, 0, 0
82009, 8360282, 0, 0, 0
83004, 8231802, 0, 0, 0
84016, 8300373, 0, 0, 0
85012, 8407147, 0, 0, 0
86003, 8235671, 0, 0, 0
87003, 8288294, 0, 0, 0
88009, 8367640, 0, 0, 0
89009, 8442515, 0, 0, 0
90006, 8384696, 0, 0, 0
91005, 8304476, 0, 0, 0
92007, 8357136, 0, 0, 0
93003, 8373732, 0, 0, 0
94006, 8403078, 0, 0, 0
95007, 8362840, 0, 0, 0
96015, 8459627, 0, 0, 0
97010, 8342055, 0, 0, 0
98005, 8243382, 0, 0, 0
99003, 8392741, 0, 0, 0
100014, 8577495, 0, 0, 0
101002, 8417905, 0, 0, 0
102004, 8265744, 0, 0, 0
103015, 8387997, 0, 0, 0
104004, 8289923, 0, 0, 0
105004, 8431804, 0, 0, 0
106004, 8315476, 0, 0, 0
107009, 8565162, 0, 0, 0
108003, 8545977, 0, 0, 0
109011, 8438381, 0, 0, 0
110007, 8350396, 0, 0, 0
111008, 8413625, 0, 0, 0
112004, 8338816, 0, 0, 0
113003, 8471056, 0, 0, 0
114005, 8461536, 0, 0, 0
115008, 8398273, 0, 0, 0
116003, 8169592, 0, 0, 0
117012, 8494391, 0, 0, 0
118005, 8338108, 0, 0, 0
119014, 8398963, 0, 0, 0
120009, 8488700, 0, 0, 0
121005, 8230673, 0, 0, 0
122007, 8379342, 0, 0, 0
123009, 8587276, 0, 0, 0
124003, 8343088, 0, 0, 0
125013, 8420860, 0, 0, 0
126006, 8213567, 0, 0, 0
127018, 8270893, 0, 0, 0
128011, 8302279, 0, 0, 0
129002, 8237198, 0, 0, 0
130004, 8270349, 0, 0, 0
131016, 8360700, 0, 0, 0
132010, 8372487, 0, 0, 0
133003, 8461847, 0, 0, 0
134014, 8437338, 0, 0, 0
135005, 8438339, 0, 0, 0
136003, 8467451, 0, 0, 0
137007, 8438406, 0, 0, 0
138016, 8383435, 0, 0, 0
139010, 8394517, 0, 0, 0
140002, 8310083, 0, 0, 0
141016, 8299222, 0, 0, 0
142010, 8442984, 0, 0, 0
143004, 8404806, 0, 0, 0
144013, 8158455, 0, 0, 0
145007, 8424909, 0, 0, 0
146017, 8382146, 0, 0, 0
147008, 8373467, 0, 0, 0
148005, 8422280, 0, 0, 0
149011, 8415613, 0, 0, 0
150004, 8360623, 0, 0, 0
151016, 8314982, 0, 0, 0
152003, 8390248, 0, 0, 0
153006, 8280074, 0, 0, 0
154003, 8323059, 0, 0, 0
155012, 8409594, 0, 0, 0
156005, 8341405, 0, 0, 0
157014, 8458269, 0, 0, 0
158003, 8260127, 0, 0, 0
159004, 8388830, 0, 0, 0
160003, 8367657, 0, 0, 0
161008, 8303142, 0, 0, 0
162004, 8377653, 0, 0, 0
163005, 8320213, 0, 0, 0
164009, 8243772, 0, 0, 0
165004, 8275002, 0, 0, 0
166014, 8182664, 0, 0, 0
167009, 8372007, 0, 0, 0
168003, 8310770, 0, 0, 0
169016, 8359233, 0, 0, 0
170003, 8513830, 0, 0, 0
171005, 8395116, 0, 0, 0
172007, 8324603, 0, 0, 0
173009, 8349501, 0, 0, 0
174003, 8229261, 0, 0, 0
175011, 8456408, 0, 0, 0
176004, 8363837, 0, 0, 0
177013, 8352570, 0, 0, 0
178008, 8421073, 0, 0, 0
179002, 8330572, 0, 0, 0
180009, 8592634, 0, 0, 0
180010, 30498999, 0, 0, 0
