1000, 1108, 1, 0, 0
2001, 957, 1, 0, 0
3000, 972, 1, 0, 0
4000, 957, 1, 0, 0
5001, 917, 1, 0, 0
6000, 897, 1, 0, 0
7000, 933, 1, 0, 0
8000, 1002, 1, 0, 0
9001, 1037, 1, 0, 0
10000, 993, 1, 0, 0
11000, 978, 1, 0, 0
12000, 970, 1, 0, 0
13001, 966, 1, 0, 0
14000, 964, 1, 0, 0
15000, 944, 1, 0, 0
16000, 946, 1, 0, 0
17000, 953, 1, 0, 0
18000, 960, 1, 0, 0
19000, 950, 1, 0, 0
20000, 965, 1, 0, 0
21001, 956, 1, 0, 0
22000, 957, 1, 0, 0
23000, 954, 1, 0, 0
24001, 945, 1, 0, 0
25001, 964, 1, 0, 0
26001, 911, 1, 0, 0
27000, 932, 1, 0, 0
28000, 961, 1, 0, 0
29000, 902, 1, 0, 0
30000, 980, 1, 0, 0
31000, 988, 1, 0, 0
32000, 910, 1, 0, 0
33000, 940, 1, 0, 0
34000, 897, 1, 0, 0
35001, 953, 1, 0, 0
36000, 959, 1, 0, 0
37000, 955, 1, 0, 0
38001, 948, 1, 0, 0
39000, 955, 1, 0, 0
40001, 961, 1, 0, 0
41000, 958, 1, 0, 0
42001, 952, 1, 0, 0
43000, 953, 1, 0, 0
44000, 954, 1, 0, 0
45000, 955, 1, 0, 0
46000, 957, 1, 0, 0
47000, 961, 1, 0, 0
48001, 967, 1, 0, 0
49000, 954, 1, 0, 0
50001, 955, 1, 0, 0
51001, 956, 1, 0, 0
52001, 948, 1, 0, 0
53001, 957, 1, 0, 0
54000, 954, 1, 0, 0
55000, 963, 1, 0, 0
56000, 958, 1, 0, 0
57000, 954, 1, 0, 0
58001, 951, 1, 0, 0
59001, 946, 1, 0, 0
60001, 953, 1, 0, 0
61000, 947, 1, 0, 0
62000, 957, 1, 0, 0
63000, 964, 1, 0, 0
64001, 950, 1, 0, 0
65000, 958, 1, 0, 0
66000, 944, 1, 0, 0
67001, 954, 1, 0, 0
68001, 960, 1, 0, 0
69001, 959, 1, 0, 0
70000, 950, 1, 0, 0
71001, 954, 1, 0, 0
72001, 958, 1, 0, 0
73000, 954, 1, 0, 0
74001, 952, 1, 0, 0
75001, 956, 1, 0, 0
76000, 948, 1, 0, 0
77001, 958, 1, 0, 0
78000, 957, 1, 0, 0
79000, 961, 1, 0, 0
80000, 950, 1, 0, 0
81001, 954, 1, 0, 0
82001, 952, 1, 0, 0
83000, 958, 1, 0, 0
84001, 961, 1, 0, 0
85000, 939, 1, 0, 0
86001, 967, 1, 0, 0
87000, 951, 1, 0, 0
88000, 959, 1, 0, 0
89000, 942, 1, 0, 0
90000, 950, 1, 0, 0
91000, 960, 1, 0, 0
92000, 960, 1, 0, 0
93001, 952, 1, 0, 0
94001, 963, 1, 0, 0
95001, 952, 1, 0, 0
96000, 955, 1, 0, 0
97000, 953, 1, 0, 0
98001, 959, 1, 0, 0
99000, 946, 1, 0, 0
100000, 956, 1, 0, 0
101001, 968, 1, 0, 0
102000, 950, 1, 0, 0
103000, 953, 1, 0, 0
104000, 957, 1, 0, 0
105000, 965, 1, 0, 0
106000, 956, 1, 0, 0
107001, 954, 1, 0, 0
108000, 957, 1, 0, 0
109000, 946, 1, 0, 0
110000, 955, 1, 0, 0
111000, 961, 1, 0, 0
112001, 961, 1, 0, 0
113000, 950, 1, 0, 0
114001, 960, 1, 0, 0
115001, 948, 1, 0, 0
116000, 960, 1, 0, 0
117000, 955, 1, 0, 0
118001, 967, 1, 0, 0
119001, 959, 1, 0, 0
120000, 954, 1, 0, 0
121001, 956, 1, 0, 0
122001, 954, 1, 0, 0
123001, 956, 1, 0, 0
124001, 958, 1, 0, 0
125001, 963, 1, 0, 0
126000, 952, 1, 0, 0
127000, 964, 1, 0, 0
128001, 956, 1, 0, 0
129001, 954, 1, 0, 0
130000, 952, 1, 0, 0
131000, 956, 1, 0, 0
132000, 960, 1, 0, 0
133000, 963, 1, 0, 0
134000, 951, 1, 0, 0
135000, 968, 1, 0, 0
136000, 956, 1, 0, 0
137000, 956, 1, 0, 0
138001, 956, 1, 0, 0
139001, 948, 1, 0, 0
140000, 961, 1, 0, 0
141000, 950, 1, 0, 0
142000, 969, 1, 0, 0
143000, 953, 1, 0, 0
144001, 955, 1, 0, 0
145001, 962, 1, 0, 0
146000, 955, 1, 0, 0
147000, 962, 1, 0, 0
148000, 956, 1, 0, 0
149001, 960, 1, 0, 0
150000, 962, 1, 0, 0
151000, 948, 1, 0, 0
152000, 957, 1, 0, 0
153000, 963, 1, 0, 0
154000, 951, 1, 0, 0
155001, 963, 1, 0, 0
156000, 948, 1, 0, 0
157001, 952, 1, 0, 0
158000, 957, 1, 0, 0
159000, 955, 1, 0, 0
160001, 958, 1, 0, 0
161000, 955, 1, 0, 0
162001, 953, 1, 0, 0
163000, 955, 1, 0, 0
164000, 958, 1, 0, 0
165001, 958, 1, 0, 0
166000, 964, 1, 0, 0
167001, 949, 1, 0, 0
168000, 962, 1, 0, 0
169001, 960, 1, 0, 0
170000, 958, 1, 0, 0
171001, 957, 1, 0, 0
172001, 964, 1, 0, 0
173000, 955, 1, 0, 0
174000, 970, 1, 0, 0
175000, 954, 1, 0, 0
176000, 959, 1, 0, 0
177000, 960, 1, 0, 0
178001, 948, 1, 0, 0
179000, 969, 1, 0, 0
180000, 959, 1, 0, 0
