999, 533, 0, 0, 0
1999, 489, 0, 0, 0
3000, 478, 0, 0, 0
4001, 487, 0, 0, 0
5000, 474, 0, 0, 0
6000, 465, 0, 0, 0
7001, 481, 0, 0, 0
8000, 485, 0, 0, 0
9000, 478, 0, 0, 0
10001, 487, 0, 0, 0
11001, 467, 0, 0, 0
12000, 482, 0, 0, 0
13000, 473, 0, 0, 0
14001, 476, 0, 0, 0
15000, 477, 0, 0, 0
16000, 473, 0, 0, 0
17000, 476, 0, 0, 0
18001, 477, 0, 0, 0
19000, 483, 0, 0, 0
20000, 466, 0, 0, 0
21001, 468, 0, 0, 0
22000, 487, 0, 0, 0
23000, 468, 0, 0, 0
24000, 474, 0, 0, 0
25001, 471, 0, 0, 0
26000, 492, 0, 0, 0
27000, 463, 0, 0, 0
28000, 493, 0, 0, 0
29001, 437, 0, 0, 0
30000, 528, 0, 0, 0
31000, 484, 0, 0, 0
32001, 485, 0, 0, 0
33000, 473, 0, 0, 0
34000, 488, 0, 0, 0
35000, 478, 0, 0, 0
36001, 473, 0, 0, 0
37000, 475, 0, 0, 0
38000, 490, 0, 0, 0
39001, 475, 0, 0, 0
40001, 471, 0, 0, 0
41000, 473, 0, 0, 0
42001, 466, 0, 0, 0
43000, 488, 0, 0, 0
44000, 470, 0, 0, 0
45001, 482, 0, 0, 0
46000, 489, 0, 0, 0
47000, 459, 0, 0, 0
48001, 475, 0, 0, 0
49000, 481, 0, 0, 0
50000, 492, 0, 0, 0
51001, 469, 0, 0, 0
52001, 477, 0, 0, 0
53000, 468, 0, 0, 0
54000, 466, 0, 0, 0
55001, 478, 0, 0, 0
56000, 478, 0, 0, 0
57000, 487, 0, 0, 0
58001, 491, 0, 0, 0
59001, 476, 0, 0, 0
60000, 492, 0, 0, 0
61000, 473, 0, 0, 0
62000, 480, 0, 0, 0
63001, 485, 0, 0, 0
64000, 476, 0, 0, 0
65000, 479, 0, 0, 0
66001, 481, 0, 0, 0
67000, 475, 0, 0, 0
68000, 469, 0, 0, 0
69001, 476, 0, 0, 0
70000, 461, 0, 0, 0
71000, 480, 0, 0, 0
72001, 464, 0, 0, 0
73000, 478, 0, 0, 0
74000, 471, 0, 0, 0
75001, 474, 0, 0, 0
76000, 476, 0, 0, 0
77000, 473, 0, 0, 0
78000, 463, 0, 0, 0
79001, 470, 0, 0, 0
80000, 478, 0, 0, 0
81000, 480, 0, 0, 0
82000, 462, 0, 0, 0
83001, 471, 0, 0, 0
84000, 466, 0, 0, 0
85000, 476, 0, 0, 0
86000, 484, 0, 0, 0
87001, 471, 0, 0, 0
88000, 473, 0, 0, 0
89000, 476, 0, 0, 0
90000, 477, 0, 0, 0
91001, 476, 0, 0, 0
92000, 479, 0, 0, 0
93000, 470, 0, 0, 0
94001, 469, 0, 0, 0
95000, 479, 0, 0, 0
96000, 491, 0, 0, 0
97000, 459, 0, 0, 0
98001, 496, 0, 0, 0
99000, 476, 0, 0, 0
100000, 488, 0, 0, 0
101001, 471, 0, 0, 0
102000, 484, 0, 0, 0
103000, 496, 0, 0, 0
104001, 477, 0, 0, 0
105000, 471, 0, 0, 0
106000, 479, 0, 0, 0
107001, 476, 0, 0, 0
108001, 482, 0, 0, 0
109000, 472, 0, 0, 0
110000, 477, 0, 0, 0
111001, 481, 0, 0, 0
112000, 477, 0, 0, 0
113000, 494, 0, 0, 0
114001, 490, 0, 0, 0
115000, 484, 0, 0, 0
116000, 481, 0, 0, 0
117001, 458, 0, 0, 0
118000, 485, 0, 0, 0
119000, 471, 0, 0, 0
120001, 482, 0, 0, 0
121000, 483, 0, 0, 0
122000, 473, 0, 0, 0
123001, 468, 0, 0, 0
124000, 480, 0, 0, 0
125000, 485, 0, 0, 0
126001, 477, 0, 0, 0
127000, 470, 0, 0, 0
128001, 484, 0, 0, 0
129000, 478, 0, 0, 0
130000, 486, 0, 0, 0
131001, 471, 0, 0, 0
132000, 467, 0, 0, 0
133000, 472, 0, 0, 0
134001, 470, 0, 0, 0
135000, 492, 0, 0, 0
136000, 492, 0, 0, 0
137001, 477, 0, 0, 0
138001, 470, 0, 0, 0
139000, 478, 0, 0, 0
140001, 485, 0, 0, 0
141001, 482, 0, 0, 0
142000, 493, 0, 0, 0
143001, 465, 0, 0, 0
144000, 483, 0, 0, 0
145000, 479, 0, 0, 0
146001, 468, 0, 0, 0
147000, 470, 0, 0, 0
148000, 493, 0, 0, 0
149001, 473, 0, 0, 0
150000, 476, 0, 0, 0
151000, 471, 0, 0, 0
152001, 471, 0, 0, 0
153000, 481, 0, 0, 0
154000, 474, 0, 0, 0
155001, 484, 0, 0, 0
156000, 474, 0, 0, 0
157001, 480, 0, 0, 0
158001, 478, 0, 0, 0
159000, 485, 0, 0, 0
160001, 475, 0, 0, 0
161001, 480, 0, 0, 0
162000, 470, 0, 0, 0
163001, 472, 0, 0, 0
164000, 480, 0, 0, 0
165000, 469, 0, 0, 0
166001, 475, 0, 0, 0
167000, 475, 0, 0, 0
168000, 473, 0, 0, 0
169001, 496, 0, 0, 0
170000, 479, 0, 0, 0
171000, 467, 0, 0, 0
172000, 482, 0, 0, 0
173000, 471, 0, 0, 0
174001, 488, 0, 0, 0
175000, 473, 0, 0, 0
176000, 482, 0, 0, 0
177001, 474, 0, 0, 0
178000, 470, 0, 0, 0
179000, 478, 0, 0, 0
180001, 474, 0, 0, 0
