1015, 1956816, 1, 0, 0
2000, 2124564, 1, 0, 0
3001, 2117770, 1, 0, 0
4005, 2063014, 1, 0, 0
5005, 2008026, 1, 0, 0
6000, 2056661, 1, 0, 0
7008, 2102732, 1, 0, 0
8003, 2061380, 1, 0, 0
9011, 2188020, 1, 0, 0
10004, 2006367, 1, 0, 0
11000, 2107528, 1, 0, 0
12001, 2190175, 1, 0, 0
13003, 2092897, 1, 0, 0
14000, 2091391, 1, 0, 0
15002, 2138699, 1, 0, 0
16000, 2128866, 1, 0, 0
17000, 1948938, 1, 0, 0
18002, 2119512, 1, 0, 0
19002, 2034238, 1, 0, 0
20013, 2098854, 1, 0, 0
21006, 2073807, 1, 0, 0
22001, 2169577, 1, 0, 0
23004, 2090935, 1, 0, 0
24001, 2095624, 1, 0, 0
25002, 2006536, 1, 0, 0
26007, 2003992, 1, 0, 0
27000, 2099411, 1, 0, 0
28000, 2134430, 1, 0, 0
29010, 2074537, 1, 0, 0
30004, 2060066, 1, 0, 0
31001, 2108506, 1, 0, 0
32008, 2158341, 1, 0, 0
33000, 2062998, 1, 0, 0
34011, 2115251, 1, 0, 0
35002, 2059056, 1, 0, 0
36001, 2064945, 1, 0, 0
37004, 2157744, 1, 0, 0
38006, 2137560, 1, 0, 0
39001, 2023146, 1, 0, 0
40000, 2117958, 1, 0, 0
41006, 2142255, 1, 0, 0
42001, 2121927, 1, 0, 0
43002, 2110563, 1, 0, 0
44005, 2078086, 1, 0, 0
45000, 2029983, 1, 0, 0
46001, 2084212, 1, 0, 0
47000, 2055290, 1, 0, 0
48009, 2108431, 1, 0, 0
49003, 2138593, 1, 0, 0
50013, 2184362, 1, 0, 0
51006, 2127097, 1, 0, 0
52004, 2053848, 1, 0, 0
53001, 2114070, 1, 0, 0
54000, 2077728, 1, 0, 0
55008, 2138770, 1, 0, 0
56006, 2054631, 1, 0, 0
57000, 2062545, 1, 0, 0
58011, 2201326, 1, 0, 0
59008, 2009838, 1, 0, 0
60001, 2079741, 1, 0, 0
61003, 2093452, 1, 0, 0
62007, 2137083, 1, 0, 0
63001, 2059357, 1, 0, 0
64004, 2121954, 1, 0, 0
65002, 2090231, 1, 0, 0
66000, 2137763, 1, 0, 0
67012, 2046126, 1, 0, 0
68000, 2054805, 1, 0, 0
69006, 2088630, 1, 0, 0
70000, 2037980, 1, 0, 0
71001, 2016058, 1, 0, 0
72006, 2177222, 1, 0, 0
73000, 1985544, 1, 0, 0
74007, 2204848, 1, 0, 0
75001, 1945194, 1, 0, 0
76011, 2092825, 1, 0, 0
77005, 2103314, 1, 0, 0
78000, 2081436, 1, 0, 0
79008, 2133949, 1, 0, 0
80001, 2131914, 1, 0, 0
81011, 2105878, 1, 0, 0
82007, 2098074, 1, 0, 0
83001, 2089330, 1, 0, 0
84011, 2188693, 1, 0, 0
85005, 2190508, 1, 0, 0
86000, 2178537, 1, 0, 0
87005, 2118548, 1, 0, 0
88000, 2018908, 1, 0, 0
89001, 2205761, 1, 0, 0
90005, 2047401, 1, 0, 0
91005, 2025033, 1, 0, 0
92000, 1994446, 1, 0, 0
93008, 2142101, 1, 0, 0
94001, 2027881, 1, 0, 0
95006, 2095047, 1, 0, 0
96000, 2139455, 1, 0, 0
97013, 2119828, 1, 0, 0
98008, 2058087, 1, 0, 0
99004, 2077146, 1, 0, 0
100000, 2097146, 1, 0, 0
101002, 2123934, 1, 0, 0
102000, 2094565, 1, 0, 0
103003, 2094610, 1, 0, 0
104000, 2101531, 1, 0, 0
105010, 2091538, 1, 0, 0
106005, 2047990, 1, 0, 0
107000, 1979363, 1, 0, 0
108008, 2053380, 1, 0, 0
109002, 2021966, 1, 0, 0
110012, 2146735, 1, 0, 0
111001, 2002032, 1, 0, 0
112000, 2165655, 1, 0, 0
113005, 2017550, 1, 0, 0
114006, 2158586, 1, 0, 0
115001, 2119839, 1, 0, 0
116004, 2090864, 1, 0, 0
117005, 2068682, 1, 0, 0
118013, 2079802, 1, 0, 0
119002, 2078402, 1, 0, 0
120001, 2092451, 1, 0, 0
121008, 2098282, 1, 0, 0
122005, 2136984, 1, 0, 0
123001, 2085644, 1, 0, 0
124006, 2099652, 1, 0, 0
125002, 2005029, 1, 0, 0
126001, 2094577, 1, 0, 0
127011, 2183727, 1, 0, 0
128000, 2105773, 1, 0, 0
129000, 2017642, 1, 0, 0
130010, 2095512, 1, 0, 0
131003, 2147624, 1, 0, 0
132013, 2163484, 1, 0, 0
133006, 2080381, 1, 0, 0
134000, 2058690, 1, 0, 0
135000, 2020748, 1, 0, 0
136006, 2058541, 1, 0, 0
137013, 2035009, 1, 0, 0
138000, 2020694, 1, 0, 0
139002, 2041612, 1, 0, 0
140001, 2113360, 1, 0, 0
141009, 2131539, 1, 0, 0
142003, 2027249, 1, 0, 0
143000, 2118560, 1, 0, 0
144003, 2027485, 1, 0, 0
145000, 2043741, 1, 0, 0
146000, 2093980, 1, 0, 0
147002, 2110542, 1, 0, 0
148007, 2059946, 1, 0, 0
149001, 2076176, 1, 0, 0
150000, 2128934, 1, 0, 0
151012, 2081844, 1, 0, 0
152000, 2022474, 1, 0, 0
153001, 2135332, 1, 0, 0
154004, 2079404, 1, 0, 0
155011, 2115091, 1, 0, 0
156003, 2105051, 1, 0, 0
157013, 2065246, 1, 0, 0
158007, 2098573, 1, 0, 0
159001, 2009308, 1, 0, 0
160000, 2149610, 1, 0, 0
161004, 2143297, 1, 0, 0
162004, 2009409, 1, 0, 0
163000, 2113985, 1, 0, 0
164002, 2125218, 1, 0, 0
165003, 2104576, 1, 0, 0
166000, 1979058, 1, 0, 0
167001, 2072205, 1, 0, 0
168001, 2094671, 1, 0, 0
169000, 2187456, 1, 0, 0
170002, 2091830, 1, 0, 0
171000, 2158153, 1, 0, 0
172002, 2065811, 1, 0, 0
173014, 2151051, 1, 0, 0
174002, 2460719, 1, 0, 0
175001, 2025981, 1, 0, 0
176007, 1986232, 1, 0, 0
177002, 2188297, 1, 0, 0
178001, 2108953, 1, 0, 0
179009, 2000087, 1, 0, 0
180002, 2115496, 1, 0, 0
