999, 541, 0, 0, 0
1999, 477, 0, 0, 0
2999, 487, 0, 0, 0
3999, 486, 0, 0, 0
4999, 479, 0, 0, 0
6000, 481, 0, 0, 0
7001, 478, 0, 0, 0
8000, 474, 0, 0, 0
9000, 474, 0, 0, 0
10001, 492, 0, 0, 0
11000, 477, 0, 0, 0
12000, 480, 0, 0, 0
13000, 472, 0, 0, 0
14000, 480, 0, 0, 0
15000, 489, 0, 0, 0
16000, 483, 0, 0, 0
17000, 486, 0, 0, 0
18000, 477, 0, 0, 0
19001, 465, 0, 0, 0
20000, 498, 0, 0, 0
21000, 454, 0, 0, 0
22001, 479, 0, 0, 0
23000, 492, 0, 0, 0
24000, 473, 0, 0, 0
25000, 476, 0, 0, 0
26000, 483, 0, 0, 0
27000, 489, 0, 0, 0
28001, 488, 0, 0, 0
29000, 487, 0, 0, 0
30000, 473, 0, 0, 0
31000, 476, 0, 0, 0
32000, 480, 0, 0, 0
33001, 482, 0, 0, 0
34000, 472, 0, 0, 0
35000, 483, 0, 0, 0
36001, 478, 0, 0, 0
37001, 492, 0, 0, 0
38001, 467, 0, 0, 0
39000, 433, 0, 0, 0
40000, 498, 0, 0, 0
41001, 472, 0, 0, 0
42001, 486, 0, 0, 0
43000, 473, 0, 0, 0
44000, 474, 0, 0, 0
45000, 478, 0, 0, 0
46000, 493, 0, 0, 0
47000, 474, 0, 0, 0
48000, 487, 0, 0, 0
49001, 466, 0, 0, 0
50001, 487, 0, 0, 0
51000, 484, 0, 0, 0
52001, 490, 0, 0, 0
53000, 477, 0, 0, 0
54000, 485, 0, 0, 0
55000, 182, 0, 0, 0
56000, 478, 0, 0, 0
57001, 478, 0, 0, 0
58000, 470, 0, 0, 0
59000, 473, 0, 0, 0
60000, 471, 0, 0, 0
61001, 481, 0, 0, 0
62001, 470, 0, 0, 0
63000, 478, 0, 0, 0
64000, 482, 0, 0, 0
65001, 484, 0, 0, 0
66000, 476, 0, 0, 0
67000, 483, 0, 0, 0
68000, 470, 0, 0, 0
69000, 483, 0, 0, 0
70000, 467, 0, 0, 0
71000, 463, 0, 0, 0
72000, 470, 0, 0, 0
73000, 478, 0, 0, 0
74000, 469, 0, 0, 0
75000, 477, 0, 0, 0
76001, 468, 0, 0, 0
77000, 479, 0, 0, 0
78000, 480, 0, 0, 0
79000, 477, 0, 0, 0
80000, 483, 0, 0, 0
81000, 454, 0, 0, 0
82000, 490, 0, 0, 0
83000, 479, 0, 0, 0
84000, 480, 0, 0, 0
85001, 470, 0, 0, 0
86001, 480, 0, 0, 0
87000, 482, 0, 0, 0
88000, 480, 0, 0, 0
89001, 476, 0, 0, 0
90001, 478, 0, 0, 0
91000, 479, 0, 0, 0
92000, 475, 0, 0, 0
93000, 477, 0, 0, 0
94001, 481, 0, 0, 0
95000, 482, 0, 0, 0
96000, 475, 0, 0, 0
97000, 479, 0, 0, 0
98000, 473, 0, 0, 0
99001, 488, 0, 0, 0
100000, 468, 0, 0, 0
101000, 487, 0, 0, 0
102000, 486, 0, 0, 0
103000, 480, 0, 0, 0
104000, 481, 0, 0, 0
105000, 478, 0, 0, 0
106000, 478, 0, 0, 0
107000, 472, 0, 0, 0
108001, 486, 0, 0, 0
109000, 491, 0, 0, 0
110000, 483, 0, 0, 0
111000, 491, 0, 0, 0
112000, 480, 0, 0, 0
113000, 492, 0, 0, 0
114000, 474, 0, 0, 0
115000, 470, 0, 0, 0
116000, 477, 0, 0, 0
117001, 474, 0, 0, 0
118001, 468, 0, 0, 0
119000, 476, 0, 0, 0
120000, 474, 0, 0, 0
121000, 485, 0, 0, 0
122000, 472, 0, 0, 0
123001, 479, 0, 0, 0
124000, 470, 0, 0, 0
125000, 469, 0, 0, 0
126000, 488, 0, 0, 0
127000, 473, 0, 0, 0
128000, 476, 0, 0, 0
129000, 480, 0, 0, 0
130000, 480, 0, 0, 0
131000, 485, 0, 0, 0
132000, 481, 0, 0, 0
133000, 492, 0, 0, 0
134001, 477, 0, 0, 0
135000, 480, 0, 0, 0
136000, 475, 0, 0, 0
137000, 479, 0, 0, 0
138000, 470, 0, 0, 0
139001, 481, 0, 0, 0
140000, 479, 0, 0, 0
141000, 481, 0, 0, 0
142000, 478, 0, 0, 0
143000, 483, 0, 0, 0
144000, 476, 0, 0, 0
145000, 465, 0, 0, 0
146000, 466, 0, 0, 0
147000, 491, 0, 0, 0
148001, 489, 0, 0, 0
149000, 482, 0, 0, 0
150000, 482, 0, 0, 0
151001, 489, 0, 0, 0
152000, 484, 0, 0, 0
153000, 487, 0, 0, 0
154000, 485, 0, 0, 0
155000, 509, 0, 0, 0
156000, 461, 0, 0, 0
157000, 480, 0, 0, 0
158000, 478, 0, 0, 0
159000, 483, 0, 0, 0
160000, 477, 0, 0, 0
161000, 483, 0, 0, 0
162000, 474, 0, 0, 0
163001, 466, 0, 0, 0
164000, 479, 0, 0, 0
165001, 493, 0, 0, 0
166000, 485, 0, 0, 0
167000, 491, 0, 0, 0
168000, 476, 0, 0, 0
169000, 481, 0, 0, 0
170000, 468, 0, 0, 0
171000, 495, 0, 0, 0
172001, 481, 0, 0, 0
173001, 474, 0, 0, 0
174000, 488, 0, 0, 0
175001, 478, 0, 0, 0
176000, 474, 0, 0, 0
177000, 477, 0, 0, 0
178000, 464, 0, 0, 0
179000, 477, 0, 0, 0
180001, 479, 0, 0, 0
