1000, 2227413, 0, 0, 0
2001, 2221738, 0, 0, 0
3001, 2272064, 0, 0, 0
4000, 2185260, 0, 0, 0
5000, 2190186, 0, 0, 0
6000, 2163409, 0, 0, 0
7000, 2142533, 0, 0, 0
8001, 2154311, 0, 0, 0
9000, 2151893, 0, 0, 0
10000, 2170893, 0, 0, 0
11001, 2216922, 0, 0, 0
12001, 2183547, 0, 0, 0
13000, 2190394, 0, 0, 0
14000, 2159012, 0, 0, 0
15000, 2222046, 0, 0, 0
16001, 2144146, 0, 0, 0
17001, 2215301, 0, 0, 0
18000, 2188740, 0, 0, 0
19000, 2158284, 0, 0, 0
20001, 2165564, 0, 0, 0
21000, 2157880, 0, 0, 0
22000, 2224974, 0, 0, 0
23000, 2365338, 0, 0, 0
24000, 2167734, 0, 0, 0
25001, 2256397, 0, 0, 0
26000, 2202563, 0, 0, 0
27000, 2155902, 0, 0, 0
28001, 2128879, 0, 0, 0
29000, 2260962, 0, 0, 0
30000, 2281885, 0, 0, 0
31001, 2334253, 0, 0, 0
32000, 2131143, 0, 0, 0
33000, 2152920, 0, 0, 0
34000, 2186397, 0, 0, 0
35000, 2169418, 0, 0, 0
36000, 2160220, 0, 0, 0
37000, 2114474, 0, 0, 0
38000, 2118145, 0, 0, 0
39000, 2137973, 0, 0, 0
40001, 2095515, 0, 0, 0
41000, 2195638, 0, 0, 0
42001, 2152255, 0, 0, 0
43000, 2176885, 0, 0, 0
44000, 2177596, 0, 0, 0
45001, 2142410, 0, 0, 0
46000, 2303559, 0, 0, 0
47000, 2164802, 0, 0, 0
48000, 2176194, 0, 0, 0
49000, 2161135, 0, 0, 0
50001, 2126489, 0, 0, 0
51000, 2197803, 0, 0, 0
52000, 2151243, 0, 0, 0
53000, 2173385, 0, 0, 0
54000, 2159398, 0, 0, 0
55001, 2224409, 0, 0, 0
56000, 2136217, 0, 0, 0
57000, 2135620, 0, 0, 0
58001, 2142491, 0, 0, 0
59000, 2135968, 0, 0, 0
60001, 2132938, 0, 0, 0
61000, 2140119, 0, 0, 0
62000, 2161544, 0, 0, 0
63000, 2138876, 0, 0, 0
64000, 2162494, 0, 0, 0
65000, 2148251, 0, 0, 0
66002, 2151030, 0, 0, 0
67000, 2129262, 0, 0, 0
68000, 2151451, 0, 0, 0
69000, 2172402, 0, 0, 0
70001, 2166572, 0, 0, 0
71000, 2159856, 0, 0, 0
72000, 2178212, 0, 0, 0
73001, 2173188, 0, 0, 0
74000, 2174144, 0, 0, 0
75000, 2168959, 0, 0, 0
76001, 2143760, 0, 0, 0
77001, 2161374, 0, 0, 0
78000, 2171708, 0, 0, 0
79000, 2196395, 0, 0, 0
80001, 2203924, 0, 0, 0
81000, 2225941, 0, 0, 0
82000, 2178059, 0, 0, 0
83000, 2228924, 0, 0, 0
84002, 2240802, 0, 0, 0
85000, 2265142, 0, 0, 0
86000, 2122881, 0, 0, 0
87000, 2309105, 0, 0, 0
88001, 2340341, 0, 0, 0
89000, 2216741, 0, 0, 0
90001, 2244167, 0, 0, 0
91001, 2218832, 0, 0, 0
92000, 2214270, 0, 0, 0
93001, 2154607, 0, 0, 0
94000, 2162365, 0, 0, 0
95000, 2197893, 0, 0, 0
96001, 2159994, 0, 0, 0
97000, 2142845, 0, 0, 0
98001, 2135664, 0, 0, 0
99000, 2139887, 0, 0, 0
100000, 2123556, 0, 0, 0
101000, 2094707, 0, 0, 0
102000, 2138538, 0, 0, 0
103001, 2160106, 0, 0, 0
104000, 2165280, 0, 0, 0
105000, 2150986, 0, 0, 0
106001, 2113367, 0, 0, 0
107001, 2100037, 0, 0, 0
108000, 2125610, 0, 0, 0
109000, 2212723, 0, 0, 0
110000, 2162888, 0, 0, 0
111000, 2171790, 0, 0, 0
112000, 2179629, 0, 0, 0
113001, 2165656, 0, 0, 0
114000, 2183449, 0, 0, 0
115000, 2210850, 0, 0, 0
116000, 2153709, 0, 0, 0
117001, 2138796, 0, 0, 0
118000, 2141628, 0, 0, 0
119001, 2136824, 0, 0, 0
120000, 2120532, 0, 0, 0
121000, 2093965, 0, 0, 0
122000, 2113243, 0, 0, 0
123000, 2168047, 0, 0, 0
124000, 2145588, 0, 0, 0
125000, 2143303, 0, 0, 0
126000, 2165438, 0, 0, 0
127000, 2174803, 0, 0, 0
128000, 2365877, 0, 0, 0
129001, 2167618, 0, 0, 0
130000, 2510240, 0, 0, 0
131000, 2157077, 0, 0, 0
132001, 2206017, 0, 0, 0
133000, 2289087, 0, 0, 0
134000, 2181724, 0, 0, 0
135000, 2194261, 0, 0, 0
136000, 2117027, 0, 0, 0
137000, 2163712, 0, 0, 0
138000, 2132433, 0, 0, 0
139000, 2151249, 0, 0, 0
140000, 2103077, 0, 0, 0
141000, 2161221, 0, 0, 0
142000, 2117026, 0, 0, 0
143001, 2192100, 0, 0, 0
144000, 2645814, 0, 0, 0
145000, 2177213, 0, 0, 0
146001, 2160742, 0, 0, 0
147000, 2176872, 0, 0, 0
148001, 2253207, 0, 0, 0
149001, 2251934, 0, 0, 0
150000, 2191414, 0, 0, 0
151000, 2274207, 0, 0, 0
152000, 2197116, 0, 0, 0
153000, 2209104, 0, 0, 0
154000, 2145555, 0, 0, 0
155001, 2198562, 0, 0, 0
156000, 2168675, 0, 0, 0
157001, 2119391, 0, 0, 0
158000, 2159679, 0, 0, 0
159001, 2141990, 0, 0, 0
160000, 2178056, 0, 0, 0
161000, 2103767, 0, 0, 0
162000, 2127678, 0, 0, 0
163000, 2187593, 0, 0, 0
164000, 2159962, 0, 0, 0
165000, 2163623, 0, 0, 0
166000, 2195412, 0, 0, 0
167000, 2162513, 0, 0, 0
168000, 2201815, 0, 0, 0
169000, 2237775, 0, 0, 0
170001, 2242962, 0, 0, 0
171000, 2230013, 0, 0, 0
172000, 2183188, 0, 0, 0
173001, 2405128, 0, 0, 0
174001, 2221581, 0, 0, 0
175001, 2242402, 0, 0, 0
176001, 2233816, 0, 0, 0
177001, 2197974, 0, 0, 0
178000, 2196618, 0, 0, 0
179001, 2210702, 0, 0, 0
180001, 2175894, 0, 0, 0
180001, 1770097, 0, 0, 0
