1033, 28897206, 0, 0, 0
2000, 33771773, 0, 0, 0
3000, 33208248, 0, 0, 0
4032, 33081101, 0, 0, 0
5036, 33632979, 0, 0, 0
6035, 33511266, 0, 0, 0
7033, 33234582, 0, 0, 0
8038, 34225747, 0, 0, 0
9032, 33176072, 0, 0, 0
10001, 33625663, 0, 0, 0
11000, 33051905, 0, 0, 0
12046, 33015334, 0, 0, 0
13042, 33580430, 0, 0, 0
14000, 33915001, 0, 0, 0
15033, 32997017, 0, 0, 0
16035, 33275368, 0, 0, 0
17000, 34144771, 0, 0, 0
18001, 33759546, 0, 0, 0
19000, 33275976, 0, 0, 0
20033, 32644168, 0, 0, 0
21001, 34473144, 0, 0, 0
22001, 33315132, 0, 0, 0
23041, 32979618, 0, 0, 0
24000, 34090322, 0, 0, 0
25035, 32699835, 0, 0, 0
26047, 33542648, 0, 0, 0
27043, 33137248, 0, 0, 0
28000, 34005904, 0, 0, 0
29033, 33073252, 0, 0, 0
30000, 33846199, 0, 0, 0
31001, 33937832, 0, 0, 0
32034, 33025635, 0, 0, 0
33000, 33171554, 0, 0, 0
34036, 33609821, 0, 0, 0
35040, 33170958, 0, 0, 0
36036, 33820353, 0, 0, 0
37032, 33590330, 0, 0, 0
38000, 33598471, 0, 0, 0
39000, 33965053, 0, 0, 0
40035, 33408994, 0, 0, 0
41040, 33907158, 0, 0, 0
42000, 33644286, 0, 0, 0
43000, 33605495, 0, 0, 0
44036, 33045997, 0, 0, 0
45000, 33786082, 0, 0, 0
46039, 33046446, 0, 0, 0
47032, 33335895, 0, 0, 0
48000, 34197057, 0, 0, 0
49000, 33399726, 0, 0, 0
50043, 33163674, 0, 0, 0
51000, 34054427, 0, 0, 0
52000, 33040102, 0, 0, 0
53000, 33744823, 0, 0, 0
54000, 33812702, 0, 0, 0
55036, 33304392, 0, 0, 0
56034, 32931344, 0, 0, 0
57000, 34265209, 0, 0, 0
58033, 33033647, 0, 0, 0
59046, 33583499, 0, 0, 0
60000, 33983547, 0, 0, 0
61000, 33223706, 0, 0, 0
62045, 33075226, 0, 0, 0
63000, 33506750, 0, 0, 0
64037, 33715925, 0, 0, 0
65039, 33637821, 0, 0, 0
66033, 33680043, 0, 0, 0
67046, 33234575, 0, 0, 0
68000, 34177636, 0, 0, 0
69032, 32969798, 0, 0, 0
70000, 33944842, 0, 0, 0
71000, 33912610, 0, 0, 0
72036, 32717801, 0, 0, 0
73047, 32978540, 0, 0, 0
74000, 34170989, 0, 0, 0
75037, 33087476, 0, 0, 0
76000, 33299919, 0, 0, 0
77045, 33447387, 0, 0, 0
78038, 33471148, 0, 0, 0
79033, 33413245, 0, 0, 0
80000, 33409568, 0, 0, 0
81031, 33273453, 0, 0, 0
82000, 34287021, 0, 0, 0
83000, 33192915, 0, 0, 0
84038, 33237627, 0, 0, 0
85000, 33817227, 0, 0, 0
86033, 33075510, 0, 0, 0
87039, 33569918, 0, 0, 0
88000, 33855718, 0, 0, 0
89033, 32793030, 0, 0, 0
90035, 33434074, 0, 0, 0
91001, 34220585, 0, 0, 0
92034, 32985465, 0, 0, 0
93036, 32952169, 0, 0, 0
94001, 34230023, 0, 0, 0
95039, 32545666, 0, 0, 0
96000, 34172260, 0, 0, 0
97000, 33191002, 0, 0, 0
98032, 33193043, 0, 0, 0
99000, 34429337, 0, 0, 0
100034, 33125374, 0, 0, 0
101044, 33180734, 0, 0, 0
102000, 33556415, 0, 0, 0
103000, 33471679, 0, 0, 0
104039, 33547343, 0, 0, 0
105040, 33335843, 0, 0, 0
106035, 34161239, 0, 0, 0
107038, 33297384, 0, 0, 0
108039, 33368685, 0, 0, 0
109033, 33141608, 0, 0, 0
110036, 33101449, 0, 0, 0
111034, 33858993, 0, 0, 0
112000, 34138954, 0, 0, 0
113036, 32752654, 0, 0, 0
114033, 33254062, 0, 0, 0
115000, 33368644, 0, 0, 0
116000, 33657474, 0, 0, 0
117034, 32794731, 0, 0, 0
118031, 33369312, 0, 0, 0
119000, 33742170, 0, 0, 0
120035, 33201487, 0, 0, 0
121045, 33009919, 0, 0, 0
122033, 33456468, 0, 0, 0
123031, 33453390, 0, 0, 0
124040, 33538077, 0, 0, 0
125033, 33502012, 0, 0, 0
126000, 33691835, 0, 0, 0
127000, 33275919, 0, 0, 0
128033, 33124946, 0, 0, 0
129043, 33364959, 0, 0, 0
130000, 33649897, 0, 0, 0
131032, 33290312, 0, 0, 0
132000, 34213568, 0, 0, 0
133000, 33580838, 0, 0, 0
134035, 32763744, 0, 0, 0
135046, 33641045, 0, 0, 0
136001, 33791564, 0, 0, 0
137000, 32882469, 0, 0, 0
138031, 32655917, 0, 0, 0
139000, 34022877, 0, 0, 0
140033, 32957525, 0, 0, 0
141045, 33396759, 0, 0, 0
142001, 33832186, 0, 0, 0
143033, 32731434, 0, 0, 0
144000, 34329442, 0, 0, 0
145000, 33425078, 0, 0, 0
146033, 33003991, 0, 0, 0
147000, 33983150, 0, 0, 0
148037, 33069579, 0, 0, 0
149035, 33095415, 0, 0, 0
150045, 33494729, 0, 0, 0
151000, 33774296, 0, 0, 0
152000, 33506668, 0, 0, 0
153033, 33152920, 0, 0, 0
154000, 34075819, 0, 0, 0
155000, 33653509, 0, 0, 0
156000, 33739579, 0, 0, 0
157033, 32778107, 0, 0, 0
158046, 33435689, 0, 0, 0
159000, 33792565, 0, 0, 0
160031, 33112639, 0, 0, 0
161042, 33468593, 0, 0, 0
162000, 33755717, 0, 0, 0
163032, 33369911, 0, 0, 0
164000, 33596289, 0, 0, 0
165000, 33805332, 0, 0, 0
166034, 33053971, 0, 0, 0
167000, 33770206, 0, 0, 0
168000, 33535731, 0, 0, 0
169033, 32846065, 0, 0, 0
170045, 33409609, 0, 0, 0
171038, 33511711, 0, 0, 0
172035, 33641110, 0, 0, 0
173002, 33666748, 0, 0, 0
174034, 33589017, 0, 0, 0
175000, 33928522, 0, 0, 0
176000, 33033094, 0, 0, 0
177037, 33567979, 0, 0, 0
178041, 33440369, 0, 0, 0
179034, 33482537, 0, 0, 0
180030, 33128343, 0, 0, 0
180039, 47381874, 0, 0, 0
