1000, 14935848, 0, 0, 0
2000, 16622186, 0, 0, 0
3000, 16804634, 0, 0, 0
4005, 16504237, 0, 0, 0
5000, 16653597, 0, 0, 0
6000, 16663384, 0, 0, 0
7004, 16568755, 0, 0, 0
8001, 17100978, 0, 0, 0
9000, 16575913, 0, 0, 0
10000, 16621586, 0, 0, 0
11000, 17131287, 0, 0, 0
12007, 16017750, 0, 0, 0
13000, 16871037, 0, 0, 0
14000, 16884231, 0, 0, 0
15000, 16726851, 0, 0, 0
16002, 16544208, 0, 0, 0
17001, 16866827, 0, 0, 0
18000, 16829183, 0, 0, 0
19000, 16492077, 0, 0, 0
20000, 17094362, 0, 0, 0
21002, 16202315, 0, 0, 0
22000, 16997214, 0, 0, 0
23005, 16571876, 0, 0, 0
24000, 16992533, 0, 0, 0
25005, 16341742, 0, 0, 0
26000, 16940697, 0, 0, 0
27000, 16711393, 0, 0, 0
28003, 16610907, 0, 0, 0
29001, 16715196, 0, 0, 0
30000, 17060008, 0, 0, 0
31000, 16434015, 0, 0, 0
32003, 16706518, 0, 0, 0
33000, 17031504, 0, 0, 0
34001, 16571093, 0, 0, 0
35001, 16628456, 0, 0, 0
36001, 17005690, 0, 0, 0
37005, 16267735, 0, 0, 0
38000, 16828817, 0, 0, 0
39000, 16450862, 0, 0, 0
40005, 16859221, 0, 0, 0
41000, 16971011, 0, 0, 0
42000, 16659566, 0, 0, 0
43006, 16418490, 0, 0, 0
44000, 16848498, 0, 0, 0
45001, 16810572, 0, 0, 0
46000, 16637898, 0, 0, 0
47000, 16851744, 0, 0, 0
48000, 16849599, 0, 0, 0
49005, 16646866, 0, 0, 0
50000, 17128079, 0, 0, 0
51000, 16832210, 0, 0, 0
52003, 16771165, 0, 0, 0
53000, 17045949, 0, 0, 0
54000, 16362214, 0, 0, 0
55001, 16907454, 0, 0, 0
56000, 16856987, 0, 0, 0
57003, 16505107, 0, 0, 0
58000, 17109198, 0, 0, 0
59000, 16417522, 0, 0, 0
60004, 16546545, 0, 0, 0
61000, 16902512, 0, 0, 0
62001, 16707667, 0, 0, 0
63000, 16605252, 0, 0, 0
64003, 17103114, 0, 0, 0
65000, 16966371, 0, 0, 0
66000, 16586604, 0, 0, 0
67000, 16868057, 0, 0, 0
68000, 16631753, 0, 0, 0
69003, 16655088, 0, 0, 0
70000, 16807786, 0, 0, 0
71000, 16464537, 0, 0, 0
72001, 16811085, 0, 0, 0
73000, 16777065, 0, 0, 0
74000, 16572105, 0, 0, 0
75000, 16644382, 0, 0, 0
76000, 17128303, 0, 0, 0
77000, 16526151, 0, 0, 0
78002, 16691988, 0, 0, 0
79000, 16940267, 0, 0, 0
80005, 16551593, 0, 0, 0
81000, 16832778, 0, 0, 0
82000, 17068315, 0, 0, 0
83000, 16899929, 0, 0, 0
84000, 16821492, 0, 0, 0
85006, 16343412, 0, 0, 0
86000, 16853265, 0, 0, 0
87000, 16686659, 0, 0, 0
88000, 16748573, 0, 0, 0
89000, 16980383, 0, 0, 0
90000, 16729672, 0, 0, 0
91003, 16436909, 0, 0, 0
92000, 16989410, 0, 0, 0
93000, 16908546, 0, 0, 0
94006, 15284367, 0, 0, 0
95000, 16698978, 0, 0, 0
96007, 16383407, 0, 0, 0
97000, 16682651, 0, 0, 0
98000, 16577377, 0, 0, 0
99002, 16778077, 0, 0, 0
100000, 16864208, 0, 0, 0
101000, 16594191, 0, 0, 0
102000, 16677818, 0, 0, 0
103001, 16594490, 0, 0, 0
104000, 16901308, 0, 0, 0
105000, 16656515, 0, 0, 0
106005, 16746735, 0, 0, 0
107000, 16910771, 0, 0, 0
108001, 16788587, 0, 0, 0
109000, 16731558, 0, 0, 0
110001, 16776214, 0, 0, 0
111003, 16580954, 0, 0, 0
112000, 16781156, 0, 0, 0
113000, 16579568, 0, 0, 0
114000, 16689216, 0, 0, 0
115002, 16314388, 0, 0, 0
116000, 17161491, 0, 0, 0
117000, 16446492, 0, 0, 0
118005, 16346287, 0, 0, 0
119000, 16875474, 0, 0, 0
120000, 16898844, 0, 0, 0
121000, 16892356, 0, 0, 0
122000, 16624485, 0, 0, 0
123004, 16605968, 0, 0, 0
124000, 16812582, 0, 0, 0
125000, 16701887, 0, 0, 0
126000, 16718403, 0, 0, 0
127000, 16588570, 0, 0, 0
128001, 16668741, 0, 0, 0
129000, 16529819, 0, 0, 0
130000, 17002274, 0, 0, 0
131000, 16493751, 0, 0, 0
132000, 16792440, 0, 0, 0
133001, 16720527, 0, 0, 0
134003, 16735650, 0, 0, 0
135000, 16758460, 0, 0, 0
136001, 16680159, 0, 0, 0
137000, 16939900, 0, 0, 0
138001, 16561574, 0, 0, 0
139000, 16746967, 0, 0, 0
140000, 16508636, 0, 0, 0
141000, 16665733, 0, 0, 0
142000, 16641698, 0, 0, 0
143001, 16897423, 0, 0, 0
144000, 16268814, 0, 0, 0
145002, 16940039, 0, 0, 0
146000, 16821357, 0, 0, 0
147000, 16517543, 0, 0, 0
148000, 16909671, 0, 0, 0
149000, 16523543, 0, 0, 0
150000, 16925893, 0, 0, 0
151005, 16522150, 0, 0, 0
152000, 17218974, 0, 0, 0
153000, 16699270, 0, 0, 0
154003, 16664145, 0, 0, 0
155000, 16879206, 0, 0, 0
156000, 16662486, 0, 0, 0
157003, 16568676, 0, 0, 0
158001, 16831070, 0, 0, 0
159000, 16779154, 0, 0, 0
160005, 16197871, 0, 0, 0
161001, 17080830, 0, 0, 0
162000, 16931991, 0, 0, 0
163005, 16326460, 0, 0, 0
164000, 16706499, 0, 0, 0
165001, 16888639, 0, 0, 0
166004, 16313043, 0, 0, 0
167001, 17132761, 0, 0, 0
168001, 16490256, 0, 0, 0
169004, 16366844, 0, 0, 0
170000, 17017339, 0, 0, 0
171000, 16378493, 0, 0, 0
172001, 16616895, 0, 0, 0
173000, 17507806, 0, 0, 0
174000, 16691356, 0, 0, 0
175004, 17138784, 0, 0, 0
176000, 16548767, 0, 0, 0
177000, 17191661, 0, 0, 0
178001, 16668304, 0, 0, 0
179000, 17151467, 0, 0, 0
180005, 16515388, 0, 0, 0
180007, 56160633, 0, 0, 0
