1000, 2157502, 0, 0, 0
2001, 2235412, 0, 0, 0
3000, 2191639, 0, 0, 0
4000, 2183256, 0, 0, 0
5000, 2127663, 0, 0, 0
6001, 2104305, 0, 0, 0
7000, 2167640, 0, 0, 0
8000, 2228610, 0, 0, 0
9000, 2099458, 0, 0, 0
10000, 2096599, 0, 0, 0
11000, 2209617, 0, 0, 0
12000, 2163532, 0, 0, 0
13001, 2207003, 0, 0, 0
14000, 2215791, 0, 0, 0
15001, 2180753, 0, 0, 0
16000, 2172326, 0, 0, 0
17000, 2189622, 0, 0, 0
18000, 2127338, 0, 0, 0
19000, 2243398, 0, 0, 0
20000, 2170902, 0, 0, 0
21000, 2180098, 0, 0, 0
22000, 2215864, 0, 0, 0
23000, 2175484, 0, 0, 0
24000, 2306420, 0, 0, 0
25000, 2117977, 0, 0, 0
26001, 2143224, 0, 0, 0
27001, 2527223, 0, 0, 0
28001, 2301709, 0, 0, 0
29001, 2218717, 0, 0, 0
30000, 2187132, 0, 0, 0
31001, 2119653, 0, 0, 0
32000, 2165698, 0, 0, 0
33001, 2202610, 0, 0, 0
34001, 2244823, 0, 0, 0
35000, 2297395, 0, 0, 0
36001, 2180441, 0, 0, 0
37000, 2195840, 0, 0, 0
38000, 2194727, 0, 0, 0
39002, 2191500, 0, 0, 0
40001, 2236983, 0, 0, 0
41000, 2214235, 0, 0, 0
42000, 2176634, 0, 0, 0
43000, 2186186, 0, 0, 0
44000, 2186740, 0, 0, 0
45000, 2246874, 0, 0, 0
46000, 2153237, 0, 0, 0
47000, 2186968, 0, 0, 0
48001, 2242124, 0, 0, 0
49000, 2247861, 0, 0, 0
50000, 2201670, 0, 0, 0
51001, 2196015, 0, 0, 0
52000, 2291542, 0, 0, 0
53000, 2213354, 0, 0, 0
54000, 2286086, 0, 0, 0
55000, 2185801, 0, 0, 0
56000, 2200614, 0, 0, 0
57000, 2207013, 0, 0, 0
58000, 2213162, 0, 0, 0
59000, 2111393, 0, 0, 0
60001, 2184956, 0, 0, 0
61001, 2201670, 0, 0, 0
62001, 2179706, 0, 0, 0
63000, 2134154, 0, 0, 0
64001, 2174150, 0, 0, 0
65001, 2210469, 0, 0, 0
66001, 2132930, 0, 0, 0
67001, 2164804, 0, 0, 0
68000, 2170012, 0, 0, 0
69000, 2165177, 0, 0, 0
70000, 2168831, 0, 0, 0
71000, 2146343, 0, 0, 0
72000, 2167094, 0, 0, 0
73001, 2185047, 0, 0, 0
74070, 2246962, 0, 0, 0
75000, 2277745, 0, 0, 0
76000, 2266579, 0, 0, 0
77000, 2192005, 0, 0, 0
78000, 2216178, 0, 0, 0
79000, 2201630, 0, 0, 0
80000, 2140343, 0, 0, 0
81000, 2173262, 0, 0, 0
82000, 2129318, 0, 0, 0
83000, 2174688, 0, 0, 0
84001, 2248741, 0, 0, 0
85000, 2264418, 0, 0, 0
86000, 2233484, 0, 0, 0
87001, 2218836, 0, 0, 0
88000, 2223690, 0, 0, 0
89000, 2132328, 0, 0, 0
90001, 2194979, 0, 0, 0
91000, 2273035, 0, 0, 0
92001, 2195236, 0, 0, 0
93000, 2208799, 0, 0, 0
94000, 2174566, 0, 0, 0
95000, 2201386, 0, 0, 0
96000, 2148866, 0, 0, 0
97000, 2167961, 0, 0, 0
98000, 2243647, 0, 0, 0
99000, 2174028, 0, 0, 0
100000, 2171294, 0, 0, 0
101000, 2184381, 0, 0, 0
102001, 2159147, 0, 0, 0
103000, 2259612, 0, 0, 0
104000, 2171224, 0, 0, 0
105000, 2200670, 0, 0, 0
106000, 2251818, 0, 0, 0
107002, 2199671, 0, 0, 0
108000, 2201413, 0, 0, 0
109000, 2157279, 0, 0, 0
110000, 2193228, 0, 0, 0
111000, 2179085, 0, 0, 0
112001, 2184599, 0, 0, 0
113000, 2147384, 0, 0, 0
114000, 2159482, 0, 0, 0
115001, 2093497, 0, 0, 0
116000, 2141132, 0, 0, 0
117001, 2165464, 0, 0, 0
118002, 2188752, 0, 0, 0
119000, 2192377, 0, 0, 0
120000, 2231926, 0, 0, 0
121000, 2329427, 0, 0, 0
122001, 2229277, 0, 0, 0
123000, 2281046, 0, 0, 0
124000, 2142395, 0, 0, 0
125000, 2141820, 0, 0, 0
126000, 2247009, 0, 0, 0
127000, 2186239, 0, 0, 0
128000, 2223272, 0, 0, 0
129002, 2205942, 0, 0, 0
130000, 2189340, 0, 0, 0
131000, 2174125, 0, 0, 0
132001, 2222263, 0, 0, 0
133000, 2206359, 0, 0, 0
134000, 2226868, 0, 0, 0
135000, 2139603, 0, 0, 0
136000, 2209776, 0, 0, 0
137000, 2226368, 0, 0, 0
138001, 2234316, 0, 0, 0
139001, 2212663, 0, 0, 0
140000, 2208618, 0, 0, 0
141000, 2212985, 0, 0, 0
142001, 2168438, 0, 0, 0
143000, 2225905, 0, 0, 0
144000, 2362937, 0, 0, 0
145000, 2217640, 0, 0, 0
146001, 2281179, 0, 0, 0
147000, 2315638, 0, 0, 0
148000, 2362324, 0, 0, 0
149001, 2302834, 0, 0, 0
150000, 2245097, 0, 0, 0
151001, 2231787, 0, 0, 0
152001, 2238389, 0, 0, 0
153000, 2212408, 0, 0, 0
154000, 2276348, 0, 0, 0
155001, 2231258, 0, 0, 0
156000, 2231522, 0, 0, 0
157000, 2191107, 0, 0, 0
158000, 2224033, 0, 0, 0
159000, 2245074, 0, 0, 0
160000, 2209059, 0, 0, 0
161000, 2232114, 0, 0, 0
162000, 2254858, 0, 0, 0
163000, 2215066, 0, 0, 0
164001, 2220887, 0, 0, 0
165000, 2221304, 0, 0, 0
166000, 2161173, 0, 0, 0
167001, 2228052, 0, 0, 0
168000, 2284457, 0, 0, 0
169001, 2268160, 0, 0, 0
170001, 2249028, 0, 0, 0
171000, 2190472, 0, 0, 0
172000, 2219106, 0, 0, 0
173001, 2275582, 0, 0, 0
174000, 2316434, 0, 0, 0
175002, 2418302, 0, 0, 0
176001, 2289622, 0, 0, 0
177000, 2166272, 0, 0, 0
178000, 2193741, 0, 0, 0
179001, 2215103, 0, 0, 0
180000, 2183563, 0, 0, 0
180000, 1815440, 0, 0, 0
