1004, 1999, 1, 0, 0
2000, 2012, 1, 0, 0
3000, 1926, 1, 0, 0
4000, 1971, 1, 0, 0
5000, 1855, 1, 0, 0
6000, 1924, 1, 0, 0
7000, 2059, 1, 0, 0
8000, 1978, 1, 0, 0
9000, 1900, 1, 0, 0
10000, 1888, 1, 0, 0
11002, 1979, 1, 0, 0
12000, 1935, 1, 0, 0
13000, 1952, 1, 0, 0
14000, 1875, 1, 0, 0
15000, 1927, 1, 0, 0
16000, 1850, 1, 0, 0
17001, 2024, 1, 0, 0
18000, 1949, 1, 0, 0
19000, 1908, 1, 0, 0
20000, 1959, 1, 0, 0
21000, 1950, 1, 0, 0
22000, 1917, 1, 0, 0
23000, 1886, 1, 0, 0
24001, 1998, 1, 0, 0
25000, 2133, 1, 0, 0
26000, 2143, 1, 0, 0
27000, 2224, 1, 0, 0
28000, 2290, 1, 0, 0
29002, 2147, 1, 0, 0
30001, 2230, 1, 0, 0
31000, 2267, 1, 0, 0
32001, 2287, 1, 0, 0
33000, 2162, 1, 0, 0
34000, 2317, 1, 0, 0
35000, 2215, 1, 0, 0
36000, 2093, 1, 0, 0
37000, 2242, 1, 0, 0
38000, 2068, 1, 0, 0
39000, 2065, 1, 0, 0
40000, 2108, 1, 0, 0
41000, 2189, 1, 0, 0
42000, 2170, 1, 0, 0
43000, 2098, 1, 0, 0
44001, 2127, 1, 0, 0
45000, 2035, 1, 0, 0
46000, 2013, 1, 0, 0
47003, 1919, 1, 0, 0
48000, 2109, 1, 0, 0
49000, 1991, 1, 0, 0
50003, 1896, 1, 0, 0
51001, 1855, 1, 0, 0
52000, 1768, 1, 0, 0
53000, 1955, 1, 0, 0
54003, 1969, 1, 0, 0
55000, 2100, 1, 0, 0
56000, 2156, 1, 0, 0
57000, 2096, 1, 0, 0
58000, 2053, 1, 0, 0
59000, 2064, 1, 0, 0
60002, 2120, 1, 0, 0
61002, 2097, 1, 0, 0
62000, 2052, 1, 0, 0
63000, 2145, 1, 0, 0
64000, 2081, 1, 0, 0
65000, 2003, 1, 0, 0
66002, 2154, 1, 0, 0
67001, 2185, 1, 0, 0
68000, 1869, 1, 0, 0
69000, 1991, 1, 0, 0
70000, 1954, 1, 0, 0
71001, 1976, 1, 0, 0
72000, 2026, 1, 0, 0
73003, 1970, 1, 0, 0
74000, 1976, 1, 0, 0
75000, 1930, 1, 0, 0
76000, 1934, 1, 0, 0
77001, 1900, 1, 0, 0
78000, 1919, 1, 0, 0
79000, 1842, 1, 0, 0
80000, 1868, 1, 0, 0
81003, 1980, 1, 0, 0
82001, 1986, 1, 0, 0
83000, 1977, 1, 0, 0
84000, 1962, 1, 0, 0
85000, 1945, 1, 0, 0
86000, 2007, 1, 0, 0
87000, 2049, 1, 0, 0
88004, 1902, 1, 0, 0
89000, 2090, 1, 0, 0
90000, 2061, 1, 0, 0
91000, 2027, 1, 0, 0
92002, 2175, 1, 0, 0
93000, 2137, 1, 0, 0
94001, 2024, 1, 0, 0
95001, 2040, 1, 0, 0
96000, 1923, 1, 0, 0
97000, 2110, 1, 0, 0
98001, 2085, 1, 0, 0
99000, 1993, 1, 0, 0
100000, 2075, 1, 0, 0
101000, 1994, 1, 0, 0
102003, 1962, 1, 0, 0
103000, 1940, 1, 0, 0
104000, 1939, 1, 0, 0
105002, 1955, 1, 0, 0
106000, 1987, 1, 0, 0
107000, 1965, 1, 0, 0
108000, 1844, 1, 0, 0
109000, 1850, 1, 0, 0
110001, 1923, 1, 0, 0
111000, 1984, 1, 0, 0
112000, 1908, 1, 0, 0
113001, 1952, 1, 0, 0
114003, 1967, 1, 0, 0
115000, 1874, 1, 0, 0
116000, 2063, 1, 0, 0
117000, 1951, 1, 0, 0
118002, 1974, 1, 0, 0
119000, 1846, 1, 0, 0
120000, 2118, 1, 0, 0
121004, 1956, 1, 0, 0
122000, 2009, 1, 0, 0
123000, 1968, 1, 0, 0
124000, 2001, 1, 0, 0
125000, 1914, 1, 0, 0
126001, 1918, 1, 0, 0
127000, 1991, 1, 0, 0
128001, 2030, 1, 0, 0
129000, 2073, 1, 0, 0
130000, 1950, 1, 0, 0
131004, 1891, 1, 0, 0
132000, 2002, 1, 0, 0
133000, 2016, 1, 0, 0
134004, 2271, 1, 0, 0
135000, 2176, 1, 0, 0
136000, 2137, 1, 0, 0
137002, 2085, 1, 0, 0
138001, 2201, 1, 0, 0
139000, 2070, 1, 0, 0
140000, 2069, 1, 0, 0
141000, 2017, 1, 0, 0
142000, 2122, 1, 0, 0
143000, 2089, 1, 0, 0
144000, 2080, 1, 0, 0
145000, 2264, 1, 0, 0
146000, 2094, 1, 0, 0
147000, 2057, 1, 0, 0
148002, 2070, 1, 0, 0
149002, 1993, 1, 0, 0
150000, 2010, 1, 0, 0
151000, 2188, 1, 0, 0
152001, 2174, 1, 0, 0
153001, 2136, 1, 0, 0
154000, 2213, 1, 0, 0
155000, 2033, 1, 0, 0
156000, 2182, 1, 0, 0
157003, 2150, 1, 0, 0
158000, 2011, 1, 0, 0
159001, 2178, 1, 0, 0
160000, 2159, 1, 0, 0
161000, 2137, 1, 0, 0
162000, 2056, 1, 0, 0
163000, 2099, 1, 0, 0
164000, 2118, 1, 0, 0
165000, 2029, 1, 0, 0
166000, 2026, 1, 0, 0
167001, 2094, 1, 0, 0
168000, 2083, 1, 0, 0
169000, 2134, 1, 0, 0
170000, 2008, 1, 0, 0
171000, 1828, 1, 0, 0
172004, 1856, 1, 0, 0
173000, 2070, 1, 0, 0
174000, 2120, 1, 0, 0
175003, 2065, 1, 0, 0
176000, 1964, 1, 0, 0
177000, 1896, 1, 0, 0
178001, 1958, 1, 0, 0
179000, 2096, 1, 0, 0
180001, 2170, 1, 0, 0
