1000, 911998, 1, 0, 0
2000, 943230, 1, 0, 0
3000, 914438, 1, 0, 0
4000, 907760, 1, 0, 0
5000, 927906, 1, 0, 0
6000, 944114, 1, 0, 0
7000, 927133, 1, 0, 0
8000, 900199, 1, 0, 0
9000, 934432, 1, 0, 0
10001, 921326, 1, 0, 0
11000, 934461, 1, 0, 0
12000, 893696, 1, 0, 0
13000, 935585, 1, 0, 0
14001, 921620, 1, 0, 0
15000, 1017559, 1, 0, 0
16000, 923007, 1, 0, 0
17000, 950599, 1, 0, 0
18001, 919263, 1, 0, 0
19000, 932668, 1, 0, 0
20000, 929175, 1, 0, 0
21000, 933018, 1, 0, 0
22000, 945964, 1, 0, 0
23001, 938011, 1, 0, 0
24000, 940314, 1, 0, 0
25000, 936535, 1, 0, 0
26001, 905639, 1, 0, 0
27000, 949781, 1, 0, 0
28000, 901459, 1, 0, 0
29000, 909581, 1, 0, 0
30000, 900783, 1, 0, 0
31000, 916536, 1, 0, 0
32000, 924809, 1, 0, 0
33000, 913736, 1, 0, 0
34000, 944837, 1, 0, 0
35010, 916427, 1, 0, 0
36000, 971658, 1, 0, 0
37005, 958053, 1, 0, 0
38000, 952021, 1, 0, 0
39000, 987594, 1, 0, 0
40000, 946893, 1, 0, 0
41000, 940549, 1, 0, 0
42000, 923178, 1, 0, 0
43000, 1053656, 1, 0, 0
44000, 985812, 1, 0, 0
45000, 969573, 1, 0, 0
46000, 935068, 1, 0, 0
47000, 939157, 1, 0, 0
48000, 933995, 1, 0, 0
49000, 913184, 1, 0, 0
50000, 918073, 1, 0, 0
51001, 900169, 1, 0, 0
52000, 917770, 1, 0, 0
53000, 966010, 1, 0, 0
54000, 909022, 1, 0, 0
55000, 932415, 1, 0, 0
56000, 907324, 1, 0, 0
57000, 976501, 1, 0, 0
58000, 905137, 1, 0, 0
59000, 921395, 1, 0, 0
60000, 891293, 1, 0, 0
61000, 903711, 1, 0, 0
62000, 917988, 1, 0, 0
63000, 905861, 1, 0, 0
64000, 950052, 1, 0, 0
65000, 936971, 1, 0, 0
66001, 938498, 1, 0, 0
67000, 958772, 1, 0, 0
68000, 916949, 1, 0, 0
69000, 910896, 1, 0, 0
70000, 951833, 1, 0, 0
71003, 920104, 1, 0, 0
72000, 917649, 1, 0, 0
73000, 940732, 1, 0, 0
74000, 941511, 1, 0, 0
75000, 920391, 1, 0, 0
76000, 944983, 1, 0, 0
77000, 997025, 1, 0, 0
78000, 1136734, 1, 0, 0
79000, 939491, 1, 0, 0
80000, 920027, 1, 0, 0
81012, 963649, 1, 0, 0
82000, 1007422, 1, 0, 0
83000, 923624, 1, 0, 0
84000, 990070, 1, 0, 0
85000, 917153, 1, 0, 0
86000, 928746, 1, 0, 0
87000, 922944, 1, 0, 0
88000, 936536, 1, 0, 0
89000, 911489, 1, 0, 0
90000, 923197, 1, 0, 0
91000, 928551, 1, 0, 0
92000, 924723, 1, 0, 0
93000, 924333, 1, 0, 0
94000, 898185, 1, 0, 0
95000, 894267, 1, 0, 0
96001, 953911, 1, 0, 0
97000, 937290, 1, 0, 0
98000, 944680, 1, 0, 0
99000, 959619, 1, 0, 0
100000, 928681, 1, 0, 0
101000, 954133, 1, 0, 0
102000, 953189, 1, 0, 0
103000, 950286, 1, 0, 0
104000, 923575, 1, 0, 0
105000, 946431, 1, 0, 0
106000, 962566, 1, 0, 0
107000, 1014475, 1, 0, 0
108000, 952053, 1, 0, 0
109000, 924829, 1, 0, 0
110000, 923169, 1, 0, 0
111000, 930859, 1, 0, 0
112000, 900544, 1, 0, 0
113000, 924766, 1, 0, 0
114000, 934254, 1, 0, 0
115000, 1093182, 1, 0, 0
116001, 931768, 1, 0, 0
117000, 949159, 1, 0, 0
118000, 1020948, 1, 0, 0
119001, 921483, 1, 0, 0
120000, 938655, 1, 0, 0
121000, 920821, 1, 0, 0
122000, 923620, 1, 0, 0
123000, 948025, 1, 0, 0
124000, 965569, 1, 0, 0
125000, 920125, 1, 0, 0
126000, 912358, 1, 0, 0
127000, 920123, 1, 0, 0
128000, 920032, 1, 0, 0
129000, 926970, 1, 0, 0
130000, 917425, 1, 0, 0
131000, 907515, 1, 0, 0
132000, 909957, 1, 0, 0
133000, 924146, 1, 0, 0
134000, 925522, 1, 0, 0
135001, 919430, 1, 0, 0
136000, 911065, 1, 0, 0
137000, 911053, 1, 0, 0
138001, 910791, 1, 0, 0
139000, 907161, 1, 0, 0
140000, 906412, 1, 0, 0
141000, 955822, 1, 0, 0
142000, 923317, 1, 0, 0
143000, 934271, 1, 0, 0
144000, 938825, 1, 0, 0
145000, 931036, 1, 0, 0
146000, 940557, 1, 0, 0
147000, 919738, 1, 0, 0
148000, 891312, 1, 0, 0
149001, 910645, 1, 0, 0
150000, 907851, 1, 0, 0
151000, 880829, 1, 0, 0
152000, 918107, 1, 0, 0
153000, 900846, 1, 0, 0
154000, 893799, 1, 0, 0
155000, 926270, 1, 0, 0
156000, 921815, 1, 0, 0
157000, 897853, 1, 0, 0
158000, 909350, 1, 0, 0
159000, 920512, 1, 0, 0
160000, 892487, 1, 0, 0
161000, 900974, 1, 0, 0
162000, 918173, 1, 0, 0
163001, 906593, 1, 0, 0
164000, 924233, 1, 0, 0
165000, 925703, 1, 0, 0
166000, 914903, 1, 0, 0
167000, 916529, 1, 0, 0
168000, 885392, 1, 0, 0
169000, 971137, 1, 0, 0
170000, 941034, 1, 0, 0
171001, 912869, 1, 0, 0
172000, 911244, 1, 0, 0
173000, 901014, 1, 0, 0
174000, 870514, 1, 0, 0
175000, 916144, 1, 0, 0
176000, 883193, 1, 0, 0
177000, 886639, 1, 0, 0
178000, 901277, 1, 0, 0
179000, 928085, 1, 0, 0
180000, 926015, 1, 0, 0
