1015, 1986, 1, 0, 0
2013, 2072, 1, 0, 0
3018, 2108, 1, 0, 0
4009, 1967, 1, 0, 0
5023, 2115, 1, 0, 0
6015, 2039, 1, 0, 0
7010, 2093, 1, 0, 0
8017, 2087, 1, 0, 0
9015, 2085, 1, 0, 0
10011, 2080, 1, 0, 0
11009, 2117, 1, 0, 0
12019, 1985, 1, 0, 0
13013, 2005, 1, 0, 0
14011, 2123, 1, 0, 0
15020, 2054, 1, 0, 0
16014, 2099, 1, 0, 0
17023, 2185, 1, 0, 0
18014, 2294, 1, 0, 0
19011, 2183, 1, 0, 0
20010, 2242, 1, 0, 0
21015, 2210, 1, 0, 0
22010, 2204, 1, 0, 0
23011, 2242, 1, 0, 0
24016, 2189, 1, 0, 0
25010, 2174, 1, 0, 0
26014, 2155, 1, 0, 0
27019, 2079, 1, 0, 0
28010, 2253, 1, 0, 0
29010, 2271, 1, 0, 0
30016, 2269, 1, 0, 0
31010, 2375, 1, 0, 0
32022, 2186, 1, 0, 0
33016, 2216, 1, 0, 0
34010, 2133, 1, 0, 0
35013, 2126, 1, 0, 0
36003, 2133, 1, 0, 0
37009, 2098, 1, 0, 0
38013, 2056, 1, 0, 0
39015, 2142, 1, 0, 0
40012, 2025, 1, 0, 0
41012, 2217, 1, 0, 0
42020, 2146, 1, 0, 0
43010, 2178, 1, 0, 0
44009, 2146, 1, 0, 0
45017, 2063, 1, 0, 0
46014, 2141, 1, 0, 0
47023, 1996, 1, 0, 0
48019, 1917, 1, 0, 0
49012, 2071, 1, 0, 0
50015, 2144, 1, 0, 0
51035, 2121, 1, 0, 0
52015, 2089, 1, 0, 0
53009, 2045, 1, 0, 0
54016, 2119, 1, 0, 0
55009, 2116, 1, 0, 0
56024, 2125, 1, 0, 0
57017, 2032, 1, 0, 0
58012, 2040, 1, 0, 0
59022, 2093, 1, 0, 0
60016, 2281, 1, 0, 0
61009, 2184, 1, 0, 0
62019, 2153, 1, 0, 0
63013, 2354, 1, 0, 0
64012, 2067, 1, 0, 0
65019, 2123, 1, 0, 0
66011, 2154, 1, 0, 0
67019, 2141, 1, 0, 0
68011, 2122, 1, 0, 0
69009, 2043, 1, 0, 0
70009, 2071, 1, 0, 0
71008, 2002, 1, 0, 0
72015, 1964, 1, 0, 0
73008, 2104, 1, 0, 0
74015, 2074, 1, 0, 0
75013, 2057, 1, 0, 0
76024, 2023, 1, 0, 0
77013, 1965, 1, 0, 0
78010, 2015, 1, 0, 0
79013, 1953, 1, 0, 0
80016, 2150, 1, 0, 0
81010, 2104, 1, 0, 0
82018, 2162, 1, 0, 0
83012, 2156, 1, 0, 0
84022, 2215, 1, 0, 0
85015, 2084, 1, 0, 0
86023, 2081, 1, 0, 0
87015, 2104, 1, 0, 0
88074, 2135, 1, 0, 0
89022, 1980, 1, 0, 0
90010, 2175, 1, 0, 0
91008, 2082, 1, 0, 0
92016, 2025, 1, 0, 0
93014, 2010, 1, 0, 0
94010, 1957, 1, 0, 0
95011, 2052, 1, 0, 0
96014, 2131, 1, 0, 0
97011, 2191, 1, 0, 0
98022, 2067, 1, 0, 0
99018, 2127, 1, 0, 0
100012, 2052, 1, 0, 0
101023, 2026, 1, 0, 0
102000, 2148, 1, 0, 0
103011, 2115, 1, 0, 0
104020, 1994, 1, 0, 0
105014, 2052, 1, 0, 0
106022, 1982, 1, 0, 0
107014, 2020, 1, 0, 0
108010, 2067, 1, 0, 0
109021, 2102, 1, 0, 0
110015, 1996, 1, 0, 0
111011, 2158, 1, 0, 0
112008, 2128, 1, 0, 0
113017, 2160, 1, 0, 0
114015, 2142, 1, 0, 0
115010, 2121, 1, 0, 0
116019, 2218, 1, 0, 0
117014, 2227, 1, 0, 0
118023, 2018, 1, 0, 0
119009, 2074, 1, 0, 0
120011, 2033, 1, 0, 0
121019, 2091, 1, 0, 0
122015, 1924, 1, 0, 0
123009, 2043, 1, 0, 0
124021, 1982, 1, 0, 0
125016, 2091, 1, 0, 0
126013, 1965, 1, 0, 0
127008, 2017, 1, 0, 0
128015, 2119, 1, 0, 0
129014, 2121, 1, 0, 0
130008, 2189, 1, 0, 0
131015, 2590, 1, 0, 0
132012, 2326, 1, 0, 0
133008, 2308, 1, 0, 0
134018, 2364, 1, 0, 0
135011, 2152, 1, 0, 0
136010, 2132, 1, 0, 0
137016, 2041, 1, 0, 0
138009, 2074, 1, 0, 0
139018, 2107, 1, 0, 0
140014, 2061, 1, 0, 0
141004, 2063, 1, 0, 0
142015, 1985, 1, 0, 0
143000, 2076, 1, 0, 0
144011, 2001, 1, 0, 0
145014, 2073, 1, 0, 0
146021, 2040, 1, 0, 0
147015, 2189, 1, 0, 0
148012, 2055, 1, 0, 0
149016, 2130, 1, 0, 0
150009, 2106, 1, 0, 0
151008, 2143, 1, 0, 0
152013, 2085, 1, 0, 0
153008, 2087, 1, 0, 0
154014, 2121, 1, 0, 0
155018, 2151, 1, 0, 0
156013, 2323, 1, 0, 0
157014, 2188, 1, 0, 0
158018, 2108, 1, 0, 0
159014, 2168, 1, 0, 0
160009, 2146, 1, 0, 0
161020, 2057, 1, 0, 0
162014, 2012, 1, 0, 0
163009, 1950, 1, 0, 0
164012, 2001, 1, 0, 0
165012, 2050, 1, 0, 0
166021, 2133, 1, 0, 0
167011, 2099, 1, 0, 0
168008, 2215, 1, 0, 0
169013, 2277, 1, 0, 0
170012, 2102, 1, 0, 0
171008, 2112, 1, 0, 0
172018, 2015, 1, 0, 0
173011, 2088, 1, 0, 0
174009, 2177, 1, 0, 0
175018, 2160, 1, 0, 0
176013, 2045, 1, 0, 0
177022, 2130, 1, 0, 0
178015, 2173, 1, 0, 0
179008, 2119, 1, 0, 0
180017, 2162, 1, 0, 0
