1000, 2174998, 0, 0, 0
2000, 2152671, 0, 0, 0
3000, 2164126, 0, 0, 0
4000, 2188041, 0, 0, 0
5000, 2184563, 0, 0, 0
6000, 2165739, 0, 0, 0
7000, 2157755, 0, 0, 0
8000, 2151899, 0, 0, 0
9001, 2155046, 0, 0, 0
10000, 2134879, 0, 0, 0
11000, 2201021, 0, 0, 0
12000, 2154010, 0, 0, 0
13000, 2119438, 0, 0, 0
14000, 2097536, 0, 0, 0
15000, 2121935, 0, 0, 0
16000, 2109226, 0, 0, 0
17000, 2168342, 0, 0, 0
18000, 2176988, 0, 0, 0
19000, 2206684, 0, 0, 0
20000, 2162740, 0, 0, 0
21000, 2233825, 0, 0, 0
22000, 2216594, 0, 0, 0
23001, 2198738, 0, 0, 0
24000, 2227837, 0, 0, 0
25000, 2211938, 0, 0, 0
26000, 2258436, 0, 0, 0
27000, 2248816, 0, 0, 0
28000, 2200379, 0, 0, 0
29000, 2214005, 0, 0, 0
30000, 2154898, 0, 0, 0
31000, 2216496, 0, 0, 0
32000, 2180713, 0, 0, 0
33000, 2233353, 0, 0, 0
34000, 2174980, 0, 0, 0
35000, 2151612, 0, 0, 0
36001, 2197622, 0, 0, 0
37001, 2114715, 0, 0, 0
38001, 2137168, 0, 0, 0
39000, 2199434, 0, 0, 0
40000, 2204073, 0, 0, 0
41000, 2214992, 0, 0, 0
42001, 2192398, 0, 0, 0
43000, 2180183, 0, 0, 0
44000, 2210932, 0, 0, 0
45000, 2217406, 0, 0, 0
46000, 2214214, 0, 0, 0
47000, 2165120, 0, 0, 0
48000, 2153316, 0, 0, 0
49000, 2176776, 0, 0, 0
50000, 2175294, 0, 0, 0
51000, 2211843, 0, 0, 0
52000, 2231547, 0, 0, 0
53000, 2124289, 0, 0, 0
54000, 2208631, 0, 0, 0
55000, 2145020, 0, 0, 0
56000, 2139545, 0, 0, 0
57000, 2135237, 0, 0, 0
58000, 2128638, 0, 0, 0
59001, 2154275, 0, 0, 0
60000, 2144909, 0, 0, 0
61000, 2109607, 0, 0, 0
62000, 2185842, 0, 0, 0
63000, 2157297, 0, 0, 0
64000, 2158660, 0, 0, 0
65000, 2178358, 0, 0, 0
66000, 2176358, 0, 0, 0
67000, 2152945, 0, 0, 0
68000, 2195066, 0, 0, 0
69000, 2187593, 0, 0, 0
70001, 2210853, 0, 0, 0
71000, 2149824, 0, 0, 0
72001, 2178583, 0, 0, 0
73000, 2219014, 0, 0, 0
74000, 2205931, 0, 0, 0
75000, 2158103, 0, 0, 0
76000, 2142563, 0, 0, 0
77000, 2164750, 0, 0, 0
78000, 2130305, 0, 0, 0
79000, 2108649, 0, 0, 0
80000, 2181854, 0, 0, 0
81000, 2179538, 0, 0, 0
82000, 2199755, 0, 0, 0
83000, 2461478, 0, 0, 0
84000, 2179194, 0, 0, 0
85000, 2223758, 0, 0, 0
86000, 2165650, 0, 0, 0
87000, 2324988, 0, 0, 0
88000, 2156203, 0, 0, 0
89000, 2109388, 0, 0, 0
90000, 2166555, 0, 0, 0
91000, 2205906, 0, 0, 0
92000, 2172041, 0, 0, 0
93000, 2188300, 0, 0, 0
94000, 2188145, 0, 0, 0
95000, 2237201, 0, 0, 0
96000, 2171598, 0, 0, 0
97000, 2212746, 0, 0, 0
98000, 2132831, 0, 0, 0
99000, 2192136, 0, 0, 0
100000, 2219226, 0, 0, 0
101000, 2243228, 0, 0, 0
102000, 2266548, 0, 0, 0
103000, 2206999, 0, 0, 0
104000, 2263712, 0, 0, 0
105000, 2242857, 0, 0, 0
106000, 2410765, 0, 0, 0
107000, 2269513, 0, 0, 0
108000, 2148882, 0, 0, 0
109000, 2179746, 0, 0, 0
110000, 2255783, 0, 0, 0
111000, 2332239, 0, 0, 0
112000, 2255266, 0, 0, 0
113000, 2167894, 0, 0, 0
114000, 2221553, 0, 0, 0
115000, 2436010, 0, 0, 0
116000, 2209482, 0, 0, 0
117000, 2173698, 0, 0, 0
118000, 2179692, 0, 0, 0
119000, 2145913, 0, 0, 0
120000, 2178077, 0, 0, 0
121000, 2196675, 0, 0, 0
122000, 2222456, 0, 0, 0
123000, 2216872, 0, 0, 0
124000, 2191461, 0, 0, 0
125000, 2240940, 0, 0, 0
126000, 2222591, 0, 0, 0
127000, 2189371, 0, 0, 0
128000, 2131379, 0, 0, 0
129000, 2202911, 0, 0, 0
130000, 2169531, 0, 0, 0
131000, 2217174, 0, 0, 0
132000, 2157094, 0, 0, 0
133000, 2196255, 0, 0, 0
134000, 2248108, 0, 0, 0
135000, 2244218, 0, 0, 0
136000, 2246423, 0, 0, 0
137000, 2212087, 0, 0, 0
138000, 2199683, 0, 0, 0
139000, 2195585, 0, 0, 0
140000, 2211855, 0, 0, 0
141000, 2213140, 0, 0, 0
142000, 2141209, 0, 0, 0
143000, 2185057, 0, 0, 0
144000, 2895522, 0, 0, 0
145000, 2357355, 0, 0, 0
146000, 2285672, 0, 0, 0
147000, 2260208, 0, 0, 0
148000, 2300118, 0, 0, 0
149000, 2313633, 0, 0, 0
150001, 2288142, 0, 0, 0
151001, 2202466, 0, 0, 0
152000, 2207281, 0, 0, 0
153000, 2191267, 0, 0, 0
154000, 2191979, 0, 0, 0
155000, 2188818, 0, 0, 0
156000, 2191888, 0, 0, 0
157000, 2173508, 0, 0, 0
158000, 2195209, 0, 0, 0
159000, 2208602, 0, 0, 0
160000, 2171958, 0, 0, 0
161000, 2199407, 0, 0, 0
162000, 2244774, 0, 0, 0
163000, 2217039, 0, 0, 0
164000, 2241082, 0, 0, 0
165000, 2260535, 0, 0, 0
166000, 2325528, 0, 0, 0
167000, 2259471, 0, 0, 0
168000, 2248701, 0, 0, 0
169000, 2196652, 0, 0, 0
170000, 2199723, 0, 0, 0
171000, 2229511, 0, 0, 0
172000, 2171454, 0, 0, 0
173000, 2238797, 0, 0, 0
174000, 2203811, 0, 0, 0
175000, 2205865, 0, 0, 0
176000, 2180061, 0, 0, 0
177000, 2153925, 0, 0, 0
178000, 2169756, 0, 0, 0
179000, 2210204, 0, 0, 0
180000, 2148341, 0, 0, 0
180001, 2360266, 0, 0, 0
