1006, 59085257, 1, 0, 0
2000, 66230635, 1, 0, 0
3000, 66830854, 1, 0, 0
4002, 65452647, 1, 0, 0
5006, 67948728, 1, 0, 0
6000, 66810253, 1, 0, 0
7008, 66590126, 1, 0, 0
8004, 66374722, 1, 0, 0
9000, 66859066, 1, 0, 0
10004, 66908365, 1, 0, 0
11000, 66591177, 1, 0, 0
12003, 66720503, 1, 0, 0
13000, 66907620, 1, 0, 0
14001, 67392286, 1, 0, 0
15000, 66649317, 1, 0, 0
16009, 66810838, 1, 0, 0
17000, 66804623, 1, 0, 0
18000, 66811066, 1, 0, 0
19001, 66251843, 1, 0, 0
20002, 66928880, 1, 0, 0
21000, 66702444, 1, 0, 0
22000, 67009268, 1, 0, 0
23004, 66926648, 1, 0, 0
24000, 66760531, 1, 0, 0
25000, 67688935, 1, 0, 0
26000, 66915882, 1, 0, 0
27003, 67210200, 1, 0, 0
28000, 67193313, 1, 0, 0
29004, 67313753, 1, 0, 0
30000, 66968171, 1, 0, 0
31002, 66596879, 1, 0, 0
32005, 67647835, 1, 0, 0
33002, 66715484, 1, 0, 0
34001, 65956172, 1, 0, 0
35008, 67550250, 1, 0, 0
36001, 67855912, 1, 0, 0
37000, 65939944, 1, 0, 0
38002, 67404009, 1, 0, 0
39001, 66914207, 1, 0, 0
40000, 68450664, 1, 0, 0
41000, 66828031, 1, 0, 0
42004, 67755339, 1, 0, 0
43000, 67216018, 1, 0, 0
44000, 65968402, 1, 0, 0
45004, 67376229, 1, 0, 0
46001, 66752771, 1, 0, 0
47008, 66137816, 1, 0, 0
48002, 66732459, 1, 0, 0
49006, 67238651, 1, 0, 0
50000, 67395497, 1, 0, 0
51007, 66820841, 1, 0, 0
52000, 66766821, 1, 0, 0
53000, 66172067, 1, 0, 0
54004, 66721501, 1, 0, 0
55000, 67509007, 1, 0, 0
56000, 66310251, 1, 0, 0
57004, 66985165, 1, 0, 0
58000, 66467555, 1, 0, 0
59007, 67916161, 1, 0, 0
60000, 66282659, 1, 0, 0
61000, 66273074, 1, 0, 0
62000, 68007615, 1, 0, 0
63000, 66489962, 1, 0, 0
64003, 67780383, 1, 0, 0
65000, 66871790, 1, 0, 0
66008, 66053422, 1, 0, 0
67001, 67802873, 1, 0, 0
68000, 66564648, 1, 0, 0
69004, 67230838, 1, 0, 0
70000, 67043261, 1, 0, 0
71000, 66901310, 1, 0, 0
72000, 67221850, 1, 0, 0
73000, 66912467, 1, 0, 0
74007, 66668151, 1, 0, 0
75002, 66722622, 1, 0, 0
76000, 67026890, 1, 0, 0
77000, 67320923, 1, 0, 0
78003, 66121212, 1, 0, 0
79006, 67683577, 1, 0, 0
80000, 67024042, 1, 0, 0
81000, 66201922, 1, 0, 0
82003, 67564758, 1, 0, 0
83000, 66863457, 1, 0, 0
84000, 67421624, 1, 0, 0
85000, 67057326, 1, 0, 0
86000, 66773232, 1, 0, 0
87007, 67636884, 1, 0, 0
88001, 66586773, 1, 0, 0
89008, 66603202, 1, 0, 0
90000, 67260222, 1, 0, 0
91001, 66609022, 1, 0, 0
92002, 66906555, 1, 0, 0
93000, 66253109, 1, 0, 0
94001, 67174635, 1, 0, 0
95000, 66500386, 1, 0, 0
96000, 66589992, 1, 0, 0
97000, 67147059, 1, 0, 0
98000, 66498488, 1, 0, 0
99000, 67621710, 1, 0, 0
100001, 67184566, 1, 0, 0
101000, 67521909, 1, 0, 0
102002, 67128980, 1, 0, 0
103001, 66318668, 1, 0, 0
104000, 66787968, 1, 0, 0
105000, 67547966, 1, 0, 0
106000, 67541230, 1, 0, 0
107000, 67917360, 1, 0, 0
108000, 66306833, 1, 0, 0
109006, 66823350, 1, 0, 0
110001, 66437147, 1, 0, 0
111001, 66258161, 1, 0, 0
112001, 66936825, 1, 0, 0
113002, 66204393, 1, 0, 0
114001, 66946071, 1, 0, 0
115000, 67016367, 1, 0, 0
116000, 66840957, 1, 0, 0
117004, 66447800, 1, 0, 0
118000, 67332625, 1, 0, 0
119000, 66500356, 1, 0, 0
120006, 68208791, 1, 0, 0
121003, 65560427, 1, 0, 0
122000, 67060115, 1, 0, 0
123007, 66827075, 1, 0, 0
124001, 66396983, 1, 0, 0
125001, 66666205, 1, 0, 0
126000, 67291193, 1, 0, 0
127001, 67789399, 1, 0, 0
128005, 67474477, 1, 0, 0
129000, 66454441, 1, 0, 0
130004, 67523540, 1, 0, 0
131000, 67532467, 1, 0, 0
132001, 66059347, 1, 0, 0
133000, 67488849, 1, 0, 0
134001, 66365173, 1, 0, 0
135001, 66659384, 1, 0, 0
136003, 67641951, 1, 0, 0
137000, 66294109, 1, 0, 0
138003, 66604724, 1, 0, 0
139001, 66774317, 1, 0, 0
140001, 67428053, 1, 0, 0
141005, 66884241, 1, 0, 0
142000, 66737043, 1, 0, 0
143000, 67822538, 1, 0, 0
144000, 66295186, 1, 0, 0
145000, 67576548, 1, 0, 0
146005, 66878404, 1, 0, 0
147001, 67377434, 1, 0, 0
148000, 66815928, 1, 0, 0
149009, 66788875, 1, 0, 0
150000, 66970146, 1, 0, 0
151009, 66228677, 1, 0, 0
152002, 67622053, 1, 0, 0
153001, 66388403, 1, 0, 0
154004, 66192019, 1, 0, 0
155002, 67649241, 1, 0, 0
156008, 66426138, 1, 0, 0
157000, 67554440, 1, 0, 0
158000, 65818168, 1, 0, 0
159003, 67368712, 1, 0, 0
160002, 66524744, 1, 0, 0
161008, 67656979, 1, 0, 0
162001, 67076588, 1, 0, 0
163000, 66294276, 1, 0, 0
164008, 66517792, 1, 0, 0
165000, 66876403, 1, 0, 0
166000, 66691926, 1, 0, 0
167000, 67224640, 1, 0, 0
168000, 66735830, 1, 0, 0
169008, 67002009, 1, 0, 0
170001, 67876895, 1, 0, 0
171002, 66085713, 1, 0, 0
172003, 67344834, 1, 0, 0
173000, 66646765, 1, 0, 0
174001, 67935089, 1, 0, 0
175000, 66835030, 1, 0, 0
176002, 67319081, 1, 0, 0
177000, 66718783, 1, 0, 0
178000, 66304472, 1, 0, 0
179006, 66917923, 1, 0, 0
180001, 67232136, 1, 0, 0
180056, 95768130, 1, 0, 0
