1001, 2186, 0, 0, 0
2000, 2067, 0, 0, 0
3001, 2136, 0, 0, 0
4002, 1924, 0, 0, 0
5001, 1965, 0, 0, 0
6001, 1953, 0, 0, 0
7002, 1964, 0, 0, 0
8000, 2024, 0, 0, 0
9002, 1988, 0, 0, 0
10000, 1976, 0, 0, 0
11001, 2046, 0, 0, 0
12001, 1948, 0, 0, 0
13001, 1997, 0, 0, 0
14001, 1999, 0, 0, 0
15000, 1988, 0, 0, 0
16001, 2031, 0, 0, 0
17000, 2124, 0, 0, 0
18002, 2085, 0, 0, 0
19002, 2018, 0, 0, 0
20001, 2012, 0, 0, 0
21001, 1990, 0, 0, 0
22000, 1961, 0, 0, 0
23003, 1919, 0, 0, 0
24001, 1968, 0, 0, 0
25001, 1976, 0, 0, 0
26000, 1954, 0, 0, 0
27002, 2002, 0, 0, 0
28000, 1972, 0, 0, 0
29002, 1923, 0, 0, 0
30001, 1905, 0, 0, 0
31000, 1967, 0, 0, 0
32001, 1900, 0, 0, 0
33000, 1955, 0, 0, 0
34000, 1905, 0, 0, 0
35001, 1933, 0, 0, 0
36000, 1874, 0, 0, 0
37001, 1993, 0, 0, 0
38002, 1887, 0, 0, 0
39001, 1959, 0, 0, 0
40001, 1879, 0, 0, 0
41000, 1863, 0, 0, 0
42001, 1918, 0, 0, 0
43001, 1902, 0, 0, 0
44001, 1949, 0, 0, 0
45000, 1970, 0, 0, 0
46000, 2037, 0, 0, 0
47001, 1975, 0, 0, 0
48002, 2102, 0, 0, 0
49000, 1976, 0, 0, 0
50002, 2112, 0, 0, 0
51001, 2002, 0, 0, 0
52000, 2006, 0, 0, 0
53002, 1914, 0, 0, 0
54000, 2110, 0, 0, 0
55001, 2082, 0, 0, 0
56002, 2035, 0, 0, 0
57000, 2001, 0, 0, 0
58001, 1952, 0, 0, 0
59001, 2010, 0, 0, 0
60001, 1934, 0, 0, 0
61002, 1981, 0, 0, 0
62000, 1934, 0, 0, 0
63003, 1987, 0, 0, 0
64000, 1948, 0, 0, 0
65000, 1873, 0, 0, 0
66002, 1959, 0, 0, 0
67001, 2012, 0, 0, 0
68002, 1939, 0, 0, 0
69000, 2023, 0, 0, 0
70000, 1987, 0, 0, 0
71000, 1917, 0, 0, 0
72000, 1984, 0, 0, 0
73001, 1951, 0, 0, 0
74001, 2071, 0, 0, 0
75001, 1961, 0, 0, 0
76000, 1932, 0, 0, 0
77002, 1942, 0, 0, 0
78001, 2015, 0, 0, 0
79000, 1989, 0, 0, 0
80001, 2101, 0, 0, 0
81001, 1971, 0, 0, 0
82000, 2002, 0, 0, 0
83001, 1923, 0, 0, 0
84000, 1963, 0, 0, 0
85001, 1968, 0, 0, 0
86000, 1985, 0, 0, 0
87000, 2077, 0, 0, 0
88002, 2017, 0, 0, 0
89003, 2107, 0, 0, 0
90001, 2049, 0, 0, 0
91001, 2052, 0, 0, 0
92001, 2030, 0, 0, 0
93001, 1972, 0, 0, 0
94002, 2049, 0, 0, 0
95002, 2067, 0, 0, 0
96001, 2048, 0, 0, 0
97007, 1975, 0, 0, 0
98005, 2062, 0, 0, 0
99000, 2250, 0, 0, 0
100002, 2033, 0, 0, 0
101000, 2015, 0, 0, 0
102002, 1945, 0, 0, 0
103001, 1983, 0, 0, 0
104002, 1993, 0, 0, 0
105004, 2037, 0, 0, 0
106000, 1994, 0, 0, 0
107001, 1986, 0, 0, 0
108000, 2032, 0, 0, 0
109000, 2020, 0, 0, 0
110001, 1946, 0, 0, 0
111001, 1974, 0, 0, 0
112000, 1977, 0, 0, 0
113002, 1986, 0, 0, 0
114000, 2057, 0, 0, 0
115000, 1976, 0, 0, 0
116001, 2005, 0, 0, 0
117001, 1941, 0, 0, 0
118000, 1929, 0, 0, 0
119001, 2030, 0, 0, 0
120000, 1976, 0, 0, 0
121020, 2004, 0, 0, 0
122001, 1993, 0, 0, 0
123003, 1986, 0, 0, 0
124001, 1977, 0, 0, 0
125000, 1970, 0, 0, 0
126001, 1976, 0, 0, 0
127001, 1972, 0, 0, 0
128000, 1941, 0, 0, 0
129002, 1902, 0, 0, 0
130000, 1981, 0, 0, 0
131000, 1913, 0, 0, 0
132000, 1992, 0, 0, 0
133006, 1968, 0, 0, 0
134002, 1912, 0, 0, 0
135000, 1909, 0, 0, 0
136000, 1981, 0, 0, 0
137002, 1997, 0, 0, 0
138001, 1957, 0, 0, 0
139000, 1948, 0, 0, 0
140002, 1931, 0, 0, 0
141001, 1964, 0, 0, 0
142002, 1964, 0, 0, 0
143000, 2030, 0, 0, 0
144001, 1981, 0, 0, 0
145001, 2008, 0, 0, 0
146000, 1967, 0, 0, 0
147000, 1972, 0, 0, 0
148000, 1949, 0, 0, 0
149000, 1962, 0, 0, 0
150000, 1981, 0, 0, 0
151001, 1990, 0, 0, 0
152001, 1985, 0, 0, 0
153002, 1971, 0, 0, 0
154001, 2019, 0, 0, 0
155002, 1983, 0, 0, 0
156002, 1959, 0, 0, 0
157001, 2007, 0, 0, 0
158002, 2027, 0, 0, 0
159001, 1924, 0, 0, 0
160000, 1950, 0, 0, 0
161001, 1893, 0, 0, 0
162001, 1931, 0, 0, 0
163001, 1975, 0, 0, 0
164000, 1941, 0, 0, 0
165000, 1944, 0, 0, 0
166001, 1976, 0, 0, 0
167000, 1970, 0, 0, 0
168000, 1936, 0, 0, 0
169000, 1923, 0, 0, 0
170001, 1969, 0, 0, 0
171030, 1930, 0, 0, 0
172000, 1948, 0, 0, 0
173002, 1902, 0, 0, 0
174001, 1985, 0, 0, 0
175000, 2032, 0, 0, 0
176006, 2047, 0, 0, 0
177001, 1951, 0, 0, 0
178002, 2001, 0, 0, 0
179001, 1991, 0, 0, 0
180000, 2056, 0, 0, 0
