1000, 7344, 0, 0, 0
2000, 7428, 0, 0, 0
3000, 7391, 0, 0, 0
4000, 7304, 0, 0, 0
5000, 7323, 0, 0, 0
6000, 7384, 0, 0, 0
7001, 7408, 0, 0, 0
8000, 7431, 0, 0, 0
9000, 7416, 0, 0, 0
10000, 7491, 0, 0, 0
11000, 7264, 0, 0, 0
12001, 7432, 0, 0, 0
13000, 7531, 0, 0, 0
14000, 7632, 0, 0, 0
15000, 7531, 0, 0, 0
16000, 7584, 0, 0, 0
17000, 7371, 0, 0, 0
18000, 7352, 0, 0, 0
19000, 7244, 0, 0, 0
20000, 7391, 0, 0, 0
21000, 7160, 0, 0, 0
22001, 7212, 0, 0, 0
23000, 7271, 0, 0, 0
24000, 7180, 0, 0, 0
25000, 7227, 0, 0, 0
26000, 7080, 0, 0, 0
27001, 7108, 0, 0, 0
28000, 7275, 0, 0, 0
29000, 7220, 0, 0, 0
30000, 7419, 0, 0, 0
31000, 7220, 0, 0, 0
32000, 7331, 0, 0, 0
33000, 7152, 0, 0, 0
34001, 7356, 0, 0, 0
35000, 7435, 0, 0, 0
36000, 7272, 0, 0, 0
37000, 7563, 0, 0, 0
38000, 7480, 0, 0, 0
39001, 7272, 0, 0, 0
40000, 7255, 0, 0, 0
41000, 7196, 0, 0, 0
42000, 7315, 0, 0, 0
43000, 7340, 0, 0, 0
44000, 7223, 0, 0, 0
45000, 7220, 0, 0, 0
46000, 7220, 0, 0, 0
47000, 7383, 0, 0, 0
48000, 7424, 0, 0, 0
49000, 7347, 0, 0, 0
50000, 7352, 0, 0, 0
51000, 7232, 0, 0, 0
52000, 7159, 0, 0, 0
53000, 7528, 0, 0, 0
54000, 7243, 0, 0, 0
55000, 7452, 0, 0, 0
56000, 7475, 0, 0, 0
57000, 7492, 0, 0, 0
58000, 7511, 0, 0, 0
59000, 7420, 0, 0, 0
60000, 7459, 0, 0, 0
61000, 7576, 0, 0, 0
62000, 7319, 0, 0, 0
63000, 7416, 0, 0, 0
64000, 7399, 0, 0, 0
65000, 7348, 0, 0, 0
66000, 7351, 0, 0, 0
67000, 7424, 0, 0, 0
68000, 7279, 0, 0, 0
69000, 7308, 0, 0, 0
70000, 7243, 0, 0, 0
71000, 7432, 0, 0, 0
72001, 7340, 0, 0, 0
73000, 7207, 0, 0, 0
74000, 7256, 0, 0, 0
75000, 7403, 0, 0, 0
76000, 7464, 0, 0, 0
77000, 7379, 0, 0, 0
78000, 7512, 0, 0, 0
79000, 7588, 0, 0, 0
80000, 7327, 0, 0, 0
81000, 7336, 0, 0, 0
82000, 7267, 0, 0, 0
83000, 6500, 0, 0, 0
84000, 7336, 0, 0, 0
85000, 7191, 0, 0, 0
86000, 7384, 0, 0, 0
87000, 6878, 0, 0, 0
88000, 7416, 0, 0, 0
89001, 7580, 0, 0, 0
90000, 7379, 0, 0, 0
91000, 7244, 0, 0, 0
92000, 7363, 0, 0, 0
93000, 7312, 0, 0, 0
94000, 7307, 0, 0, 0
95000, 7144, 0, 0, 0
96000, 7372, 0, 0, 0
97000, 7223, 0, 0, 0
98000, 7492, 0, 0, 0
99000, 7296, 0, 0, 0
100000, 7203, 0, 0, 0
101000, 7128, 0, 0, 0
102000, 7055, 0, 0, 0
103000, 7244, 0, 0, 0
104000, 7064, 0, 0, 0
105000, 7135, 0, 0, 0
106000, 6628, 0, 0, 0
107000, 7043, 0, 0, 0
108000, 7444, 0, 0, 0
109000, 7332, 0, 0, 0
110000, 7087, 0, 0, 0
111000, 6860, 0, 0, 0
112000, 7087, 0, 0, 0
113000, 7380, 0, 0, 0
114000, 7200, 0, 0, 0
115000, 6554, 0, 0, 0
116000, 7240, 0, 0, 0
117000, 7355, 0, 0, 0
118000, 7336, 0, 0, 0
119000, 7452, 0, 0, 0
120000, 7331, 0, 0, 0
121000, 7288, 0, 0, 0
122000, 7192, 0, 0, 0
123000, 7215, 0, 0, 0
124000, 7300, 0, 0, 0
125000, 7131, 0, 0, 0
126000, 7196, 0, 0, 0
127000, 7300, 0, 0, 0
128000, 7503, 0, 0, 0
129000, 7260, 0, 0, 0
130000, 7368, 0, 0, 0
131000, 7203, 0, 0, 0
132000, 7424, 0, 0, 0
133000, 7279, 0, 0, 0
134000, 7112, 0, 0, 0
135000, 7127, 0, 0, 0
136000, 7116, 0, 0, 0
137000, 7232, 0, 0, 0
138000, 7267, 0, 0, 0
139000, 7276, 0, 0, 0
140000, 7236, 0, 0, 0
141000, 7223, 0, 0, 0
142000, 7456, 0, 0, 0
143000, 7327, 0, 0, 0
144000, 5524, 0, 0, 0
145001, 6780, 0, 0, 0
146000, 7003, 0, 0, 0
147000, 7072, 0, 0, 0
148000, 6950, 0, 0, 0
149000, 6912, 0, 0, 0
150000, 6986, 0, 0, 0
151000, 7256, 0, 0, 0
152001, 7248, 0, 0, 0
153000, 7299, 0, 0, 0
154000, 7284, 0, 0, 0
155000, 7315, 0, 0, 0
156000, 7292, 0, 0, 0
157001, 7356, 0, 0, 0
158000, 7283, 0, 0, 0
159000, 7240, 0, 0, 0
160001, 7360, 0, 0, 0
161000, 7271, 0, 0, 0
162000, 7120, 0, 0, 0
163000, 7211, 0, 0, 0
164000, 7112, 0, 0, 0
165000, 7099, 0, 0, 0
166000, 6876, 0, 0, 0
167000, 7076, 0, 0, 0
168000, 7107, 0, 0, 0
169000, 7284, 0, 0, 0
170000, 7267, 0, 0, 0
171000, 7176, 0, 0, 0
172000, 7347, 0, 0, 0
173000, 7156, 0, 0, 0
174001, 7256, 0, 0, 0
175000, 7247, 0, 0, 0
176000, 7328, 0, 0, 0
177000, 7431, 0, 0, 0
178000, 7368, 0, 0, 0
179001, 7232, 0, 0, 0
180000, 7443, 0, 0, 0
