1001, 2514307, 0, 0, 0
2001, 2357478, 0, 0, 0
3000, 2362108, 0, 0, 0
4000, 2318551, 0, 0, 0
5000, 2283697, 0, 0, 0
6000, 2318497, 0, 0, 0
7001, 2305135, 0, 0, 0
8001, 2293098, 0, 0, 0
9000, 2301119, 0, 0, 0
10001, 2317107, 0, 0, 0
11002, 2269357, 0, 0, 0
12001, 2283818, 0, 0, 0
13002, 2269377, 0, 0, 0
14000, 2282436, 0, 0, 0
15000, 2257773, 0, 0, 0
16000, 2292061, 0, 0, 0
17000, 2308259, 0, 0, 0
18000, 2335931, 0, 0, 0
19002, 2307931, 0, 0, 0
20001, 2249987, 0, 0, 0
21001, 2373597, 0, 0, 0
22002, 2294935, 0, 0, 0
23002, 2217275, 0, 0, 0
24002, 2352555, 0, 0, 0
25001, 2320923, 0, 0, 0
26001, 2380329, 0, 0, 0
27000, 2302044, 0, 0, 0
28002, 2350530, 0, 0, 0
29001, 2382846, 0, 0, 0
30001, 2325793, 0, 0, 0
31001, 2385409, 0, 0, 0
32001, 2314604, 0, 0, 0
33001, 2323457, 0, 0, 0
34001, 2364892, 0, 0, 0
35001, 2325286, 0, 0, 0
36002, 2228199, 0, 0, 0
37002, 2286754, 0, 0, 0
38001, 2254992, 0, 0, 0
39002, 2331609, 0, 0, 0
40002, 2260819, 0, 0, 0
41001, 2186665, 0, 0, 0
42001, 2260481, 0, 0, 0
43001, 2212884, 0, 0, 0
44001, 2224685, 0, 0, 0
45000, 2322875, 0, 0, 0
46001, 2327156, 0, 0, 0
47001, 2347197, 0, 0, 0
48000, 2367342, 0, 0, 0
49001, 2298388, 0, 0, 0
50000, 2379106, 0, 0, 0
51005, 2331327, 0, 0, 0
52001, 2330522, 0, 0, 0
53001, 2250724, 0, 0, 0
54001, 2298701, 0, 0, 0
55000, 2327527, 0, 0, 0
56002, 2230591, 0, 0, 0
57000, 2369987, 0, 0, 0
58002, 2242301, 0, 0, 0
59000, 2246265, 0, 0, 0
60001, 2263473, 0, 0, 0
61001, 2206418, 0, 0, 0
62001, 2281673, 0, 0, 0
63000, 2215970, 0, 0, 0
64000, 2191406, 0, 0, 0
65000, 2314900, 0, 0, 0
66007, 2335291, 0, 0, 0
67001, 2279291, 0, 0, 0
68001, 2362285, 0, 0, 0
69001, 2271921, 0, 0, 0
70000, 2229455, 0, 0, 0
71000, 2234802, 0, 0, 0
72001, 2240003, 0, 0, 0
73000, 2273847, 0, 0, 0
74000, 2226379, 0, 0, 0
75000, 2262251, 0, 0, 0
76000, 2276638, 0, 0, 0
77006, 2264594, 0, 0, 0
78000, 2228973, 0, 0, 0
79000, 2270378, 0, 0, 0
80000, 2293806, 0, 0, 0
81000, 2291897, 0, 0, 0
82000, 2262720, 0, 0, 0
83001, 2282976, 0, 0, 0
84000, 2285424, 0, 0, 0
85000, 2294139, 0, 0, 0
86001, 2238071, 0, 0, 0
87001, 2372997, 0, 0, 0
88000, 2412412, 0, 0, 0
89000, 2374208, 0, 0, 0
90001, 2412341, 0, 0, 0
91001, 2437197, 0, 0, 0
92000, 2307390, 0, 0, 0
93001, 2481969, 0, 0, 0
94001, 2363123, 0, 0, 0
95000, 2635713, 0, 0, 0
96002, 2656887, 0, 0, 0
97001, 2700348, 0, 0, 0
98024, 3196103, 0, 0, 0
99015, 3808843, 0, 0, 0
100000, 2566109, 0, 0, 0
101001, 2364649, 0, 0, 0
102003, 2350150, 0, 0, 0
103000, 2287617, 0, 0, 0
104001, 2342628, 0, 0, 0
105002, 2366141, 0, 0, 0
106001, 2353945, 0, 0, 0
107000, 2260120, 0, 0, 0
108000, 2357081, 0, 0, 0
109001, 2377366, 0, 0, 0
110001, 2329733, 0, 0, 0
111000, 2349610, 0, 0, 0
112002, 2330084, 0, 0, 0
113001, 2332748, 0, 0, 0
114001, 2342510, 0, 0, 0
115001, 2395468, 0, 0, 0
116001, 2433279, 0, 0, 0
117001, 2357027, 0, 0, 0
118000, 2317884, 0, 0, 0
119002, 2274463, 0, 0, 0
120001, 2290565, 0, 0, 0
121018, 2634833, 0, 0, 0
122000, 2347673, 0, 0, 0
123000, 2262824, 0, 0, 0
124001, 2212135, 0, 0, 0
125001, 2272792, 0, 0, 0
126000, 2243957, 0, 0, 0
127000, 2319496, 0, 0, 0
128000, 2196164, 0, 0, 0
129000, 2303210, 0, 0, 0
130001, 2338990, 0, 0, 0
131001, 2201227, 0, 0, 0
132000, 2254301, 0, 0, 0
133002, 2292591, 0, 0, 0
134001, 2228236, 0, 0, 0
135001, 2305262, 0, 0, 0
136001, 2251170, 0, 0, 0
137001, 2292882, 0, 0, 0
138000, 2239072, 0, 0, 0
139001, 2337218, 0, 0, 0
140001, 2230754, 0, 0, 0
141000, 2224923, 0, 0, 0
142002, 2186325, 0, 0, 0
143000, 2222911, 0, 0, 0
144001, 2274290, 0, 0, 0
145000, 2208987, 0, 0, 0
146000, 2202386, 0, 0, 0
147001, 2267934, 0, 0, 0
148000, 2203915, 0, 0, 0
149000, 2236649, 0, 0, 0
150000, 2374518, 0, 0, 0
151000, 2329888, 0, 0, 0
152001, 2311304, 0, 0, 0
153002, 2268470, 0, 0, 0
154000, 2365091, 0, 0, 0
155002, 2290286, 0, 0, 0
156000, 2342238, 0, 0, 0
157000, 2357676, 0, 0, 0
158001, 2328477, 0, 0, 0
159000, 2252667, 0, 0, 0
160000, 2245804, 0, 0, 0
161001, 2295218, 0, 0, 0
162001, 2415596, 0, 0, 0
163001, 2512213, 0, 0, 0
164002, 2343617, 0, 0, 0
165000, 2287707, 0, 0, 0
166000, 2250615, 0, 0, 0
167000, 2241215, 0, 0, 0
168000, 2251714, 0, 0, 0
169000, 2292875, 0, 0, 0
170000, 2235823, 0, 0, 0
171030, 2439861, 0, 0, 0
172001, 2273909, 0, 0, 0
173001, 2328887, 0, 0, 0
174000, 2292094, 0, 0, 0
175000, 2461528, 0, 0, 0
176000, 2381070, 0, 0, 0
177000, 2312756, 0, 0, 0
178003, 2365336, 0, 0, 0
179001, 2293097, 0, 0, 0
180001, 2288145, 0, 0, 0
