1013, 1444, 1, 0, 0
2000, 1578, 1, 0, 0
3000, 1556, 1, 0, 0
4001, 1514, 1, 0, 0
5013, 1545, 1, 0, 0
6000, 1516, 1, 0, 0
7002, 1500, 1, 0, 0
8008, 1488, 1, 0, 0
9000, 1489, 1, 0, 0
10000, 1585, 1, 0, 0
11004, 1596, 1, 0, 0
12000, 1628, 1, 0, 0
13000, 1592, 1, 0, 0
14000, 1616, 1, 0, 0
15005, 1588, 1, 0, 0
16000, 1589, 1, 0, 0
17005, 1594, 1, 0, 0
18000, 1639, 1, 0, 0
19003, 1490, 1, 0, 0
20000, 1595, 1, 0, 0
21000, 1603, 1, 0, 0
22000, 1599, 1, 0, 0
23001, 1617, 1, 0, 0
24000, 1590, 1, 0, 0
25000, 1569, 1, 0, 0
26000, 1539, 1, 0, 0
27003, 1616, 1, 0, 0
28000, 1608, 1, 0, 0
29000, 1537, 1, 0, 0
30000, 1504, 1, 0, 0
31000, 1589, 1, 0, 0
32012, 1606, 1, 0, 0
33000, 1593, 1, 0, 0
34000, 1527, 1, 0, 0
35013, 1580, 1, 0, 0
36000, 1601, 1, 0, 0
37000, 1594, 1, 0, 0
38001, 1541, 1, 0, 0
39008, 1482, 1, 0, 0
40000, 1555, 1, 0, 0
41000, 1537, 1, 0, 0
42000, 1441, 1, 0, 0
43000, 1448, 1, 0, 0
44000, 1467, 1, 0, 0
45000, 1470, 1, 0, 0
46000, 1452, 1, 0, 0
47000, 1436, 1, 0, 0
48000, 1451, 1, 0, 0
49000, 1451, 1, 0, 0
50000, 1443, 1, 0, 0
51003, 1451, 1, 0, 0
52013, 1445, 1, 0, 0
53007, 1443, 1, 0, 0
54000, 1443, 1, 0, 0
55013, 1440, 1, 0, 0
56000, 1445, 1, 0, 0
57003, 1439, 1, 0, 0
58000, 1447, 1, 0, 0
59000, 1435, 1, 0, 0
60000, 1461, 1, 0, 0
61005, 1448, 1, 0, 0
62000, 1480, 1, 0, 0
63000, 1443, 1, 0, 0
64000, 1434, 1, 0, 0
65012, 1452, 1, 0, 0
66000, 1442, 1, 0, 0
67000, 1445, 1, 0, 0
68014, 1437, 1, 0, 0
69000, 1428, 1, 0, 0
70000, 1451, 1, 0, 0
71000, 1440, 1, 0, 0
72000, 1473, 1, 0, 0
73000, 1453, 1, 0, 0
74000, 1444, 1, 0, 0
75000, 1444, 1, 0, 0
76000, 1448, 1, 0, 0
77000, 1464, 1, 0, 0
78000, 1452, 1, 0, 0
79005, 1436, 1, 0, 0
80000, 1448, 1, 0, 0
81002, 1452, 1, 0, 0
82000, 1466, 1, 0, 0
83000, 1443, 1, 0, 0
84000, 1440, 1, 0, 0
85000, 1461, 1, 0, 0
86014, 1450, 1, 0, 0
87000, 1454, 1, 0, 0
88000, 1425, 1, 0, 0
89000, 1441, 1, 0, 0
90000, 1453, 1, 0, 0
91000, 1447, 1, 0, 0
92000, 1448, 1, 0, 0
93000, 1458, 1, 0, 0
94000, 1442, 1, 0, 0
95000, 1435, 1, 0, 0
96000, 1423, 1, 0, 0
97000, 1431, 1, 0, 0
98013, 1423, 1, 0, 0
99000, 1422, 1, 0, 0
100000, 1465, 1, 0, 0
101000, 1454, 1, 0, 0
102000, 1454, 1, 0, 0
103000, 1442, 1, 0, 0
104000, 1477, 1, 0, 0
105003, 1460, 1, 0, 0
106000, 1494, 1, 0, 0
107000, 1470, 1, 0, 0
108000, 1439, 1, 0, 0
109000, 1447, 1, 0, 0
110007, 1441, 1, 0, 0
111000, 1444, 1, 0, 0
112014, 1429, 1, 0, 0
113000, 1447, 1, 0, 0
114000, 1421, 1, 0, 0
115000, 1440, 1, 0, 0
116000, 1482, 1, 0, 0
117000, 1442, 1, 0, 0
118000, 1439, 1, 0, 0
119000, 1436, 1, 0, 0
120000, 1448, 1, 0, 0
121000, 1445, 1, 0, 0
122002, 1419, 1, 0, 0
123000, 1426, 1, 0, 0
124000, 1443, 1, 0, 0
125000, 1444, 1, 0, 0
126000, 1434, 1, 0, 0
127000, 1439, 1, 0, 0
128000, 1437, 1, 0, 0
129000, 1440, 1, 0, 0
130000, 1438, 1, 0, 0
131000, 1448, 1, 0, 0
132005, 1454, 1, 0, 0
133000, 1479, 1, 0, 0
134000, 1450, 1, 0, 0
135000, 1432, 1, 0, 0
136005, 1447, 1, 0, 0
137000, 1434, 1, 0, 0
138000, 1447, 1, 0, 0
139000, 1439, 1, 0, 0
140000, 1429, 1, 0, 0
141000, 1435, 1, 0, 0
142000, 1450, 1, 0, 0
143000, 1428, 1, 0, 0
144000, 1423, 1, 0, 0
145001, 1434, 1, 0, 0
146000, 1430, 1, 0, 0
147000, 1443, 1, 0, 0
148000, 1431, 1, 0, 0
149000, 1429, 1, 0, 0
150000, 1432, 1, 0, 0
151000, 1411, 1, 0, 0
152000, 1434, 1, 0, 0
153001, 1445, 1, 0, 0
154000, 1438, 1, 0, 0
155000, 1459, 1, 0, 0
156000, 1472, 1, 0, 0
157001, 1472, 1, 0, 0
158000, 1470, 1, 0, 0
159009, 1447, 1, 0, 0
160000, 1435, 1, 0, 0
161000, 1459, 1, 0, 0
162000, 1454, 1, 0, 0
163000, 1440, 1, 0, 0
164000, 1435, 1, 0, 0
165000, 1444, 1, 0, 0
166000, 1445, 1, 0, 0
167000, 1426, 1, 0, 0
168000, 1444, 1, 0, 0
169000, 1449, 1, 0, 0
170000, 1443, 1, 0, 0
171002, 1439, 1, 0, 0
172000, 1451, 1, 0, 0
173000, 1424, 1, 0, 0
174000, 1434, 1, 0, 0
175001, 1474, 1, 0, 0
176000, 1472, 1, 0, 0
177003, 1453, 1, 0, 0
178000, 1443, 1, 0, 0
179000, 1421, 1, 0, 0
180000, 1444, 1, 0, 0
