1001, 2037, 0, 0, 0
2000, 1902, 0, 0, 0
3001, 1883, 0, 0, 0
4000, 1969, 0, 0, 0
5003, 2047, 0, 0, 0
6000, 2077, 0, 0, 0
7001, 1984, 0, 0, 0
8002, 1958, 0, 0, 0
9000, 1981, 0, 0, 0
10001, 1968, 0, 0, 0
11001, 1940, 0, 0, 0
12000, 1937, 0, 0, 0
13001, 2084, 0, 0, 0
14001, 1998, 0, 0, 0
15001, 1928, 0, 0, 0
16002, 1978, 0, 0, 0
17001, 1931, 0, 0, 0
18000, 1980, 0, 0, 0
19000, 1941, 0, 0, 0
20000, 1931, 0, 0, 0
21000, 1976, 0, 0, 0
22001, 1963, 0, 0, 0
23000, 1987, 0, 0, 0
24001, 1997, 0, 0, 0
25000, 1997, 0, 0, 0
26000, 1920, 0, 0, 0
27001, 2029, 0, 0, 0
28000, 1992, 0, 0, 0
29001, 1937, 0, 0, 0
30000, 1972, 0, 0, 0
31001, 1982, 0, 0, 0
32003, 2053, 0, 0, 0
33001, 1986, 0, 0, 0
34000, 2138, 0, 0, 0
35001, 1991, 0, 0, 0
36001, 1907, 0, 0, 0
37000, 2050, 0, 0, 0
38000, 1986, 0, 0, 0
39000, 2022, 0, 0, 0
40001, 1945, 0, 0, 0
41007, 1996, 0, 0, 0
42001, 2009, 0, 0, 0
43001, 1925, 0, 0, 0
44002, 1927, 0, 0, 0
45001, 1959, 0, 0, 0
46001, 2001, 0, 0, 0
47002, 1988, 0, 0, 0
48001, 2034, 0, 0, 0
49001, 1935, 0, 0, 0
50000, 2010, 0, 0, 0
51000, 1962, 0, 0, 0
52001, 1975, 0, 0, 0
53000, 1909, 0, 0, 0
54002, 1947, 0, 0, 0
55000, 1952, 0, 0, 0
56001, 2068, 0, 0, 0
57000, 2011, 0, 0, 0
58001, 1967, 0, 0, 0
59001, 1969, 0, 0, 0
60001, 1936, 0, 0, 0
61001, 1933, 0, 0, 0
62002, 2033, 0, 0, 0
63000, 1911, 0, 0, 0
64000, 1973, 0, 0, 0
65000, 1988, 0, 0, 0
66001, 2029, 0, 0, 0
67000, 1989, 0, 0, 0
68001, 1979, 0, 0, 0
69001, 2053, 0, 0, 0
70000, 1988, 0, 0, 0
71001, 1957, 0, 0, 0
72001, 2002, 0, 0, 0
73001, 1976, 0, 0, 0
74001, 1973, 0, 0, 0
75000, 1960, 0, 0, 0
76001, 2021, 0, 0, 0
77001, 1898, 0, 0, 0
78001, 2097, 0, 0, 0
79001, 1939, 0, 0, 0
80001, 1983, 0, 0, 0
81000, 1921, 0, 0, 0
82001, 1964, 0, 0, 0
83000, 1910, 0, 0, 0
84001, 2038, 0, 0, 0
85001, 1993, 0, 0, 0
86001, 2039, 0, 0, 0
87000, 2003, 0, 0, 0
88001, 1942, 0, 0, 0
89002, 1955, 0, 0, 0
90000, 1933, 0, 0, 0
91002, 1974, 0, 0, 0
92000, 1987, 0, 0, 0
93000, 1976, 0, 0, 0
94000, 1988, 0, 0, 0
95001, 1987, 0, 0, 0
96001, 1976, 0, 0, 0
97006, 1892, 0, 0, 0
98021, 2097, 0, 0, 0
99003, 2062, 0, 0, 0
100001, 1945, 0, 0, 0
101001, 1954, 0, 0, 0
102003, 1968, 0, 0, 0
103001, 1971, 0, 0, 0
104000, 1995, 0, 0, 0
105001, 2111, 0, 0, 0
106001, 1952, 0, 0, 0
107001, 1934, 0, 0, 0
108002, 1986, 0, 0, 0
109000, 1987, 0, 0, 0
110002, 2013, 0, 0, 0
111000, 1920, 0, 0, 0
112000, 2017, 0, 0, 0
113000, 2056, 0, 0, 0
114000, 1906, 0, 0, 0
115002, 2013, 0, 0, 0
116000, 1956, 0, 0, 0
117000, 1947, 0, 0, 0
118001, 2008, 0, 0, 0
119000, 1935, 0, 0, 0
120000, 1934, 0, 0, 0
121018, 1963, 0, 0, 0
122001, 1995, 0, 0, 0
123000, 1854, 0, 0, 0
124000, 1957, 0, 0, 0
125001, 2061, 0, 0, 0
126002, 1931, 0, 0, 0
127000, 1943, 0, 0, 0
128003, 1916, 0, 0, 0
129001, 1928, 0, 0, 0
130000, 1955, 0, 0, 0
131001, 1937, 0, 0, 0
132000, 2034, 0, 0, 0
133000, 1964, 0, 0, 0
134000, 2003, 0, 0, 0
135000, 2033, 0, 0, 0
136001, 2002, 0, 0, 0
137001, 2100, 0, 0, 0
138000, 1989, 0, 0, 0
139001, 2059, 0, 0, 0
140000, 1994, 0, 0, 0
141000, 1878, 0, 0, 0
142000, 1986, 0, 0, 0
143001, 2004, 0, 0, 0
144002, 2105, 0, 0, 0
145002, 2022, 0, 0, 0
146000, 2038, 0, 0, 0
147001, 2022, 0, 0, 0
148000, 2048, 0, 0, 0
149001, 1997, 0, 0, 0
150001, 1970, 0, 0, 0
151001, 1932, 0, 0, 0
152000, 1998, 0, 0, 0
153002, 2001, 0, 0, 0
154001, 2034, 0, 0, 0
155001, 2098, 0, 0, 0
156000, 1983, 0, 0, 0
157001, 1956, 0, 0, 0
158001, 2010, 0, 0, 0
159001, 2088, 0, 0, 0
160002, 1997, 0, 0, 0
161000, 2054, 0, 0, 0
162000, 1992, 0, 0, 0
163000, 1986, 0, 0, 0
164000, 1977, 0, 0, 0
165001, 1966, 0, 0, 0
166001, 2047, 0, 0, 0
167001, 2099, 0, 0, 0
168001, 2037, 0, 0, 0
169000, 2020, 0, 0, 0
170000, 2006, 0, 0, 0
171001, 1955, 0, 0, 0
172001, 2108, 0, 0, 0
173000, 2096, 0, 0, 0
174000, 2128, 0, 0, 0
175001, 2004, 0, 0, 0
176001, 2039, 0, 0, 0
177000, 1984, 0, 0, 0
178000, 2091, 0, 0, 0
179001, 2012, 0, 0, 0
180000, 2039, 0, 0, 0
