999, 533, 1, 0, 0
2000, 489, 1, 0, 0
3000, 488, 1, 0, 0
4001, 469, 1, 0, 0
5001, 481, 1, 0, 0
6001, 476, 1, 0, 0
7001, 482, 1, 0, 0
8001, 462, 1, 0, 0
9001, 460, 1, 0, 0
10001, 487, 1, 0, 0
11001, 483, 1, 0, 0
12001, 475, 1, 0, 0
13001, 483, 1, 0, 0
14001, 477, 1, 0, 0
15001, 492, 1, 0, 0
16001, 475, 1, 0, 0
17001, 470, 1, 0, 0
18001, 483, 1, 0, 0
19001, 467, 1, 0, 0
20001, 466, 1, 0, 0
21002, 480, 1, 0, 0
22002, 479, 1, 0, 0
23002, 474, 1, 0, 0
24002, 476, 1, 0, 0
25001, 483, 1, 0, 0
26001, 467, 1, 0, 0
27001, 459, 1, 0, 0
28001, 464, 1, 0, 0
29001, 466, 1, 0, 0
30001, 493, 1, 0, 0
31001, 483, 1, 0, 0
32001, 468, 1, 0, 0
33001, 482, 1, 0, 0
34001, 481, 1, 0, 0
35001, 498, 1, 0, 0
36001, 481, 1, 0, 0
37002, 472, 1, 0, 0
38002, 496, 1, 0, 0
39002, 483, 1, 0, 0
40002, 469, 1, 0, 0
41002, 484, 1, 0, 0
42002, 491, 1, 0, 0
43002, 475, 1, 0, 0
44002, 474, 1, 0, 0
45002, 470, 1, 0, 0
46002, 479, 1, 0, 0
47001, 492, 1, 0, 0
48001, 480, 1, 0, 0
49001, 477, 1, 0, 0
50001, 481, 1, 0, 0
51001, 494, 1, 0, 0
52001, 477, 1, 0, 0
53001, 467, 1, 0, 0
54001, 478, 1, 0, 0
55001, 468, 1, 0, 0
56001, 486, 1, 0, 0
57001, 485, 1, 0, 0
58001, 469, 1, 0, 0
59001, 481, 1, 0, 0
60001, 465, 1, 0, 0
61001, 492, 1, 0, 0
62001, 482, 1, 0, 0
63001, 472, 1, 0, 0
64001, 469, 1, 0, 0
65001, 469, 1, 0, 0
66001, 483, 1, 0, 0
67002, 466, 1, 0, 0
68002, 485, 1, 0, 0
69002, 467, 1, 0, 0
70002, 479, 1, 0, 0
71002, 462, 1, 0, 0
72002, 479, 1, 0, 0
73001, 468, 1, 0, 0
74001, 470, 1, 0, 0
75001, 471, 1, 0, 0
76001, 495, 1, 0, 0
77001, 493, 1, 0, 0
78001, 480, 1, 0, 0
79001, 485, 1, 0, 0
80001, 472, 1, 0, 0
81001, 478, 1, 0, 0
82001, 485, 1, 0, 0
83001, 463, 1, 0, 0
84001, 484, 1, 0, 0
85001, 477, 1, 0, 0
86001, 485, 1, 0, 0
87001, 460, 1, 0, 0
88001, 476, 1, 0, 0
89001, 480, 1, 0, 0
90001, 471, 1, 0, 0
91001, 478, 1, 0, 0
92001, 486, 1, 0, 0
93001, 495, 1, 0, 0
94001, 481, 1, 0, 0
95001, 479, 1, 0, 0
96001, 464, 1, 0, 0
97001, 474, 1, 0, 0
98001, 478, 1, 0, 0
99001, 481, 1, 0, 0
100001, 480, 1, 0, 0
101001, 480, 1, 0, 0
102001, 472, 1, 0, 0
103001, 488, 1, 0, 0
104001, 470, 1, 0, 0
105001, 480, 1, 0, 0
106001, 488, 1, 0, 0
107001, 486, 1, 0, 0
108001, 473, 1, 0, 0
109001, 483, 1, 0, 0
110001, 492, 1, 0, 0
111001, 477, 1, 0, 0
112001, 456, 1, 0, 0
113001, 466, 1, 0, 0
114001, 477, 1, 0, 0
115001, 474, 1, 0, 0
116001, 469, 1, 0, 0
117001, 472, 1, 0, 0
118001, 475, 1, 0, 0
119001, 484, 1, 0, 0
120001, 464, 1, 0, 0
121001, 485, 1, 0, 0
122001, 469, 1, 0, 0
123001, 478, 1, 0, 0
124001, 488, 1, 0, 0
125001, 478, 1, 0, 0
126001, 478, 1, 0, 0
127001, 482, 1, 0, 0
128001, 488, 1, 0, 0
129001, 495, 1, 0, 0
130001, 478, 1, 0, 0
131001, 472, 1, 0, 0
132001, 477, 1, 0, 0
133001, 488, 1, 0, 0
134001, 485, 1, 0, 0
135001, 476, 1, 0, 0
136001, 474, 1, 0, 0
137001, 473, 1, 0, 0
138001, 484, 1, 0, 0
139001, 471, 1, 0, 0
140001, 470, 1, 0, 0
141001, 473, 1, 0, 0
142001, 482, 1, 0, 0
143001, 478, 1, 0, 0
144001, 475, 1, 0, 0
145001, 476, 1, 0, 0
146001, 470, 1, 0, 0
147001, 481, 1, 0, 0
148001, 479, 1, 0, 0
149001, 467, 1, 0, 0
150001, 466, 1, 0, 0
151001, 480, 1, 0, 0
152001, 493, 1, 0, 0
153001, 478, 1, 0, 0
154002, 494, 1, 0, 0
155002, 478, 1, 0, 0
156001, 483, 1, 0, 0
157001, 467, 1, 0, 0
158001, 465, 1, 0, 0
159001, 482, 1, 0, 0
160001, 472, 1, 0, 0
161001, 494, 1, 0, 0
162001, 484, 1, 0, 0
163001, 448, 1, 0, 0
164001, 476, 1, 0, 0
165001, 494, 1, 0, 0
166001, 482, 1, 0, 0
167001, 488, 1, 0, 0
168001, 485, 1, 0, 0
169001, 484, 1, 0, 0
170001, 495, 1, 0, 0
171001, 470, 1, 0, 0
172001, 472, 1, 0, 0
173001, 469, 1, 0, 0
174001, 486, 1, 0, 0
175001, 475, 1, 0, 0
176001, 479, 1, 0, 0
177001, 472, 1, 0, 0
178002, 483, 1, 0, 0
179002, 473, 1, 0, 0
180002, 483, 1, 0, 0
