1001, 2233252, 0, 0, 0
2001, 2234087, 0, 0, 0
3007, 2252121, 0, 0, 0
4000, 2120364, 0, 0, 0
5001, 2182778, 0, 0, 0
6000, 2200987, 0, 0, 0
7001, 2217629, 0, 0, 0
8001, 2286551, 0, 0, 0
9001, 2465846, 0, 0, 0
10000, 2495471, 0, 0, 0
11000, 2209316, 0, 0, 0
12001, 2303766, 0, 0, 0
13002, 2271949, 0, 0, 0
14001, 2269402, 0, 0, 0
15001, 2274817, 0, 0, 0
16001, 2253887, 0, 0, 0
17000, 2226507, 0, 0, 0
18003, 2346584, 0, 0, 0
19000, 2247982, 0, 0, 0
20000, 2281068, 0, 0, 0
21001, 2227493, 0, 0, 0
22000, 2225671, 0, 0, 0
23000, 2214454, 0, 0, 0
24000, 2250185, 0, 0, 0
25001, 2212743, 0, 0, 0
26001, 2228408, 0, 0, 0
27001, 2180829, 0, 0, 0
28000, 2249102, 0, 0, 0
29000, 2180299, 0, 0, 0
30000, 2214497, 0, 0, 0
31001, 2221552, 0, 0, 0
32000, 2217095, 0, 0, 0
33003, 2231270, 0, 0, 0
34000, 2174199, 0, 0, 0
35000, 2229514, 0, 0, 0
36000, 2220377, 0, 0, 0
37001, 2266362, 0, 0, 0
38000, 2239224, 0, 0, 0
39001, 2240484, 0, 0, 0
40001, 2206367, 0, 0, 0
41000, 2242074, 0, 0, 0
42004, 2202841, 0, 0, 0
43002, 2171900, 0, 0, 0
44002, 2243927, 0, 0, 0
45001, 2247546, 0, 0, 0
46001, 2225107, 0, 0, 0
47001, 2229556, 0, 0, 0
48001, 2275031, 0, 0, 0
49001, 2204853, 0, 0, 0
50000, 2212104, 0, 0, 0
51002, 2154045, 0, 0, 0
52000, 2147843, 0, 0, 0
53004, 2254018, 0, 0, 0
54000, 2248908, 0, 0, 0
55000, 2246385, 0, 0, 0
56005, 2361259, 0, 0, 0
57001, 2240099, 0, 0, 0
58000, 2203151, 0, 0, 0
59000, 2255680, 0, 0, 0
60001, 2297283, 0, 0, 0
61000, 2347378, 0, 0, 0
62000, 2176194, 0, 0, 0
63000, 2214128, 0, 0, 0
64002, 2229619, 0, 0, 0
65001, 2203554, 0, 0, 0
66001, 2305773, 0, 0, 0
67000, 2151875, 0, 0, 0
68001, 2196501, 0, 0, 0
69002, 2104079, 0, 0, 0
70000, 2325242, 0, 0, 0
71001, 2282150, 0, 0, 0
72001, 2234864, 0, 0, 0
73000, 2227830, 0, 0, 0
74000, 2285415, 0, 0, 0
75000, 2296659, 0, 0, 0
76000, 2254035, 0, 0, 0
77000, 2313026, 0, 0, 0
78000, 2258141, 0, 0, 0
79000, 2234872, 0, 0, 0
80000, 2296940, 0, 0, 0
81001, 2282779, 0, 0, 0
82001, 2229360, 0, 0, 0
83001, 2290381, 0, 0, 0
84000, 2179619, 0, 0, 0
85000, 2209339, 0, 0, 0
86001, 2319718, 0, 0, 0
87000, 2363825, 0, 0, 0
88000, 2265602, 0, 0, 0
89001, 2202358, 0, 0, 0
90001, 2203991, 0, 0, 0
91001, 2226315, 0, 0, 0
92002, 2302597, 0, 0, 0
93001, 2272921, 0, 0, 0
94001, 2185605, 0, 0, 0
95002, 2257004, 0, 0, 0
96000, 2256084, 0, 0, 0
97000, 2317357, 0, 0, 0
98001, 2182596, 0, 0, 0
99001, 2225863, 0, 0, 0
100000, 2281900, 0, 0, 0
101001, 2132334, 0, 0, 0
102001, 2265153, 0, 0, 0
103001, 2235257, 0, 0, 0
104001, 2243495, 0, 0, 0
105001, 2259682, 0, 0, 0
106000, 2165787, 0, 0, 0
107001, 2260946, 0, 0, 0
108000, 2259023, 0, 0, 0
109000, 2219255, 0, 0, 0
110000, 2214422, 0, 0, 0
111000, 2238573, 0, 0, 0
112000, 2172950, 0, 0, 0
113000, 2244397, 0, 0, 0
114000, 2185037, 0, 0, 0
115006, 2173953, 0, 0, 0
116000, 2439727, 0, 0, 0
117001, 2288139, 0, 0, 0
118001, 2249379, 0, 0, 0
119002, 2326166, 0, 0, 0
120001, 2257134, 0, 0, 0
121001, 2189330, 0, 0, 0
122000, 2267610, 0, 0, 0
123000, 2167751, 0, 0, 0
124002, 2304767, 0, 0, 0
125000, 2145424, 0, 0, 0
126000, 2180319, 0, 0, 0
127002, 2208190, 0, 0, 0
128000, 2201594, 0, 0, 0
129000, 2237768, 0, 0, 0
130000, 2224407, 0, 0, 0
131001, 2193193, 0, 0, 0
132000, 2173961, 0, 0, 0
133001, 2159274, 0, 0, 0
134001, 2264100, 0, 0, 0
135002, 2141332, 0, 0, 0
136002, 2182072, 0, 0, 0
137000, 2300986, 0, 0, 0
138000, 2260966, 0, 0, 0
139000, 2258388, 0, 0, 0
140001, 2217705, 0, 0, 0
141000, 2231269, 0, 0, 0
142000, 2286281, 0, 0, 0
143001, 2276438, 0, 0, 0
144001, 2177644, 0, 0, 0
145001, 2440273, 0, 0, 0
146000, 2192983, 0, 0, 0
147000, 2201911, 0, 0, 0
148001, 2234746, 0, 0, 0
149001, 2231265, 0, 0, 0
150002, 2216320, 0, 0, 0
151001, 2273564, 0, 0, 0
152397, 3433774, 0, 0, 0
153001, 2165284, 0, 0, 0
154001, 2337336, 0, 0, 0
155000, 2160599, 0, 0, 0
156001, 2277269, 0, 0, 0
157000, 2221688, 0, 0, 0
158000, 2251727, 0, 0, 0
159000, 2239320, 0, 0, 0
160001, 2172813, 0, 0, 0
161001, 2194507, 0, 0, 0
162000, 2203128, 0, 0, 0
163000, 2250530, 0, 0, 0
164004, 2252622, 0, 0, 0
165001, 2262909, 0, 0, 0
166001, 2285687, 0, 0, 0
167001, 2224704, 0, 0, 0
168001, 2209077, 0, 0, 0
169002, 2227231, 0, 0, 0
170000, 2134808, 0, 0, 0
171001, 2160458, 0, 0, 0
172000, 2167742, 0, 0, 0
173000, 2157559, 0, 0, 0
174000, 2126145, 0, 0, 0
175001, 2082620, 0, 0, 0
176003, 2156913, 0, 0, 0
177002, 2148914, 0, 0, 0
178000, 2116304, 0, 0, 0
179000, 2145112, 0, 0, 0
180000, 2180718, 0, 0, 0
