1001, 524, 1, 0, 0
2002, 483, 1, 0, 0
3002, 468, 1, 0, 0
4003, 472, 1, 0, 0
5004, 487, 1, 0, 0
6005, 475, 1, 0, 0
7005, 467, 1, 0, 0
8006, 488, 1, 0, 0
9007, 495, 1, 0, 0
10008, 490, 1, 0, 0
11008, 500, 1, 0, 0
12009, 477, 1, 0, 0
13010, 476, 1, 0, 0
14011, 487, 1, 0, 0
15011, 494, 1, 0, 0
16012, 451, 1, 0, 0
17013, 515, 1, 0, 0
18014, 465, 1, 0, 0
19015, 468, 1, 0, 0
20015, 466, 1, 0, 0
21016, 485, 1, 0, 0
22017, 468, 1, 0, 0
23018, 485, 1, 0, 0
24018, 492, 1, 0, 0
25019, 488, 1, 0, 0
26020, 470, 1, 0, 0
27020, 453, 1, 0, 0
28021, 484, 1, 0, 0
29022, 482, 1, 0, 0
30023, 488, 1, 0, 0
31023, 464, 1, 0, 0
32024, 450, 1, 0, 0
33024, 472, 1, 0, 0
34025, 485, 1, 0, 0
35026, 488, 1, 0, 0
36026, 486, 1, 0, 0
37027, 472, 1, 0, 0
38028, 488, 1, 0, 0
39028, 475, 1, 0, 0
40029, 479, 1, 0, 0
41030, 471, 1, 0, 0
42030, 465, 1, 0, 0
43031, 493, 1, 0, 0
44032, 473, 1, 0, 0
45032, 466, 1, 0, 0
46033, 492, 1, 0, 0
47034, 475, 1, 0, 0
48034, 480, 1, 0, 0
49035, 470, 1, 0, 0
50036, 461, 1, 0, 0
51036, 493, 1, 0, 0
52037, 465, 1, 0, 0
53038, 473, 1, 0, 0
54038, 484, 1, 0, 0
55039, 489, 1, 0, 0
56040, 497, 1, 0, 0
57041, 459, 1, 0, 0
58041, 484, 1, 0, 0
59042, 478, 1, 0, 0
60043, 474, 1, 0, 0
61044, 486, 1, 0, 0
62044, 453, 1, 0, 0
63045, 473, 1, 0, 0
64046, 480, 1, 0, 0
65047, 481, 1, 0, 0
66047, 472, 1, 0, 0
67048, 468, 1, 0, 0
68049, 495, 1, 0, 0
69050, 466, 1, 0, 0
70051, 477, 1, 0, 0
71051, 466, 1, 0, 0
72052, 479, 1, 0, 0
73053, 497, 1, 0, 0
74054, 495, 1, 0, 0
75055, 465, 1, 0, 0
76055, 455, 1, 0, 0
77056, 470, 1, 0, 0
78057, 493, 1, 0, 0
79058, 480, 1, 0, 0
80058, 464, 1, 0, 0
81059, 502, 1, 0, 0
82060, 484, 1, 0, 0
83060, 476, 1, 0, 0
84061, 482, 1, 0, 0
85062, 459, 1, 0, 0
86062, 449, 1, 0, 0
87063, 483, 1, 0, 0
88064, 471, 1, 0, 0
89064, 488, 1, 0, 0
90065, 463, 1, 0, 0
91066, 488, 1, 0, 0
92066, 466, 1, 0, 0
93067, 483, 1, 0, 0
94068, 478, 1, 0, 0
95069, 484, 1, 0, 0
96069, 493, 1, 0, 0
97070, 473, 1, 0, 0
98070, 475, 1, 0, 0
99071, 483, 1, 0, 0
100072, 489, 1, 0, 0
101073, 477, 1, 0, 0
102073, 505, 1, 0, 0
103074, 486, 1, 0, 0
104075, 473, 1, 0, 0
105075, 495, 1, 0, 0
106076, 483, 1, 0, 0
107077, 477, 1, 0, 0
108077, 499, 1, 0, 0
109078, 472, 1, 0, 0
110079, 467, 1, 0, 0
111079, 480, 1, 0, 0
112079, 492, 1, 0, 0
113079, 476, 1, 0, 0
114079, 470, 1, 0, 0
115079, 467, 1, 0, 0
116079, 478, 1, 0, 0
117079, 480, 1, 0, 0
118079, 485, 1, 0, 0
119079, 472, 1, 0, 0
120078, 489, 1, 0, 0
121079, 470, 1, 0, 0
122079, 494, 1, 0, 0
123079, 474, 1, 0, 0
124079, 483, 1, 0, 0
125079, 488, 1, 0, 0
126079, 466, 1, 0, 0
127079, 461, 1, 0, 0
128079, 489, 1, 0, 0
129079, 458, 1, 0, 0
130078, 485, 1, 0, 0
131079, 478, 1, 0, 0
132079, 474, 1, 0, 0
133079, 476, 1, 0, 0
134079, 453, 1, 0, 0
135079, 485, 1, 0, 0
136079, 471, 1, 0, 0
137079, 478, 1, 0, 0
138078, 496, 1, 0, 0
139079, 477, 1, 0, 0
140079, 466, 1, 0, 0
141079, 487, 1, 0, 0
142079, 474, 1, 0, 0
143079, 479, 1, 0, 0
144079, 485, 1, 0, 0
145079, 467, 1, 0, 0
146079, 473, 1, 0, 0
147079, 480, 1, 0, 0
148079, 465, 1, 0, 0
149079, 478, 1, 0, 0
150080, 461, 1, 0, 0
151079, 476, 1, 0, 0
152079, 469, 1, 0, 0
153079, 507, 1, 0, 0
154079, 481, 1, 0, 0
155079, 464, 1, 0, 0
156079, 491, 1, 0, 0
157079, 465, 1, 0, 0
158079, 489, 1, 0, 0
159079, 503, 1, 0, 0
160079, 478, 1, 0, 0
161079, 484, 1, 0, 0
162079, 457, 1, 0, 0
163079, 475, 1, 0, 0
164079, 496, 1, 0, 0
165079, 494, 1, 0, 0
166079, 459, 1, 0, 0
167079, 485, 1, 0, 0
168079, 473, 1, 0, 0
169078, 471, 1, 0, 0
170079, 498, 1, 0, 0
171079, 479, 1, 0, 0
172079, 466, 1, 0, 0
173079, 436, 1, 0, 0
174079, 447, 1, 0, 0
175079, 480, 1, 0, 0
176079, 494, 1, 0, 0
177079, 483, 1, 0, 0
178079, 466, 1, 0, 0
179079, 487, 1, 0, 0
