1001, 2176351, 0, 0, 0
2000, 2206189, 0, 0, 0
3000, 2149390, 0, 0, 0
4000, 2181811, 0, 0, 0
5000, 2165019, 0, 0, 0
6000, 2158290, 0, 0, 0
7001, 2223295, 0, 0, 0
8000, 2165715, 0, 0, 0
9000, 2108818, 0, 0, 0
10000, 2183561, 0, 0, 0
11000, 2213864, 0, 0, 0
12000, 2159090, 0, 0, 0
13001, 2281825, 0, 0, 0
14001, 2281095, 0, 0, 0
15000, 2174230, 0, 0, 0
16000, 2216114, 0, 0, 0
17000, 2282335, 0, 0, 0
18000, 2207233, 0, 0, 0
19000, 2376900, 0, 0, 0
20001, 2223894, 0, 0, 0
21000, 2130342, 0, 0, 0
22000, 2176509, 0, 0, 0
23001, 2193821, 0, 0, 0
24000, 2305534, 0, 0, 0
25001, 2201417, 0, 0, 0
26001, 2153548, 0, 0, 0
27000, 2557580, 0, 0, 0
28000, 2349844, 0, 0, 0
29000, 2220958, 0, 0, 0
30000, 2206118, 0, 0, 0
31000, 2137580, 0, 0, 0
32000, 2155549, 0, 0, 0
33001, 2212222, 0, 0, 0
34001, 2322966, 0, 0, 0
35000, 2242052, 0, 0, 0
36000, 2221946, 0, 0, 0
37000, 2230700, 0, 0, 0
38001, 2251683, 0, 0, 0
39001, 2220758, 0, 0, 0
40001, 2239405, 0, 0, 0
41000, 2201904, 0, 0, 0
42000, 2208759, 0, 0, 0
43000, 2265289, 0, 0, 0
44000, 2209489, 0, 0, 0
45000, 2222418, 0, 0, 0
46000, 2242387, 0, 0, 0
47001, 2197724, 0, 0, 0
48000, 2230261, 0, 0, 0
49000, 2275470, 0, 0, 0
50000, 2246135, 0, 0, 0
51001, 2201533, 0, 0, 0
52000, 2269790, 0, 0, 0
53000, 2225675, 0, 0, 0
54001, 2207997, 0, 0, 0
55000, 2186851, 0, 0, 0
56001, 2224823, 0, 0, 0
57001, 2216843, 0, 0, 0
58001, 2201721, 0, 0, 0
59001, 2174975, 0, 0, 0
60001, 2180269, 0, 0, 0
61000, 2217848, 0, 0, 0
62000, 2167889, 0, 0, 0
63000, 2173680, 0, 0, 0
64000, 2201677, 0, 0, 0
65000, 2228706, 0, 0, 0
66000, 2152487, 0, 0, 0
67000, 2209111, 0, 0, 0
68000, 2194349, 0, 0, 0
69000, 2250772, 0, 0, 0
70001, 2176101, 0, 0, 0
71001, 2139232, 0, 0, 0
72000, 2181853, 0, 0, 0
73000, 2165760, 0, 0, 0
74007, 2135833, 0, 0, 0
75000, 2275183, 0, 0, 0
76001, 2243090, 0, 0, 0
77001, 2281946, 0, 0, 0
78000, 2220069, 0, 0, 0
79001, 2157491, 0, 0, 0
80000, 2179074, 0, 0, 0
81000, 2176997, 0, 0, 0
82000, 2146162, 0, 0, 0
83000, 2139103, 0, 0, 0
84000, 2207580, 0, 0, 0
85000, 2213938, 0, 0, 0
86000, 2236606, 0, 0, 0
87000, 2231988, 0, 0, 0
88000, 2283341, 0, 0, 0
89000, 2158309, 0, 0, 0
90000, 2188011, 0, 0, 0
91000, 2239257, 0, 0, 0
92000, 2209549, 0, 0, 0
93000, 2240860, 0, 0, 0
94001, 2228759, 0, 0, 0
95000, 2231906, 0, 0, 0
96000, 2211232, 0, 0, 0
97001, 2180039, 0, 0, 0
98000, 2258342, 0, 0, 0
99000, 2242709, 0, 0, 0
100000, 2189216, 0, 0, 0
101000, 2205714, 0, 0, 0
102001, 2156912, 0, 0, 0
103000, 2237226, 0, 0, 0
104001, 2162352, 0, 0, 0
105000, 2196102, 0, 0, 0
106001, 2220132, 0, 0, 0
107000, 2268162, 0, 0, 0
108000, 2163698, 0, 0, 0
109000, 2192882, 0, 0, 0
110000, 2236363, 0, 0, 0
111000, 2236089, 0, 0, 0
112001, 2213041, 0, 0, 0
113000, 2129348, 0, 0, 0
114000, 2242331, 0, 0, 0
115000, 2161288, 0, 0, 0
116000, 2152857, 0, 0, 0
117000, 2221216, 0, 0, 0
118000, 2218917, 0, 0, 0
119000, 2173154, 0, 0, 0
120001, 2266278, 0, 0, 0
121000, 2469266, 0, 0, 0
122000, 2226558, 0, 0, 0
123001, 2296350, 0, 0, 0
124000, 2178392, 0, 0, 0
125000, 2201922, 0, 0, 0
126000, 2214182, 0, 0, 0
127000, 2187797, 0, 0, 0
128000, 2192681, 0, 0, 0
129000, 2155569, 0, 0, 0
130000, 2216644, 0, 0, 0
131001, 2215058, 0, 0, 0
132001, 2176133, 0, 0, 0
133000, 2263690, 0, 0, 0
134000, 2226820, 0, 0, 0
135001, 2251730, 0, 0, 0
136000, 2157848, 0, 0, 0
137001, 2246924, 0, 0, 0
138000, 2208233, 0, 0, 0
139001, 2251023, 0, 0, 0
140000, 2221423, 0, 0, 0
141000, 2217363, 0, 0, 0
142000, 2184178, 0, 0, 0
143000, 2270039, 0, 0, 0
144000, 2408713, 0, 0, 0
145000, 2272876, 0, 0, 0
146000, 2279127, 0, 0, 0
147001, 2319358, 0, 0, 0
148001, 2375058, 0, 0, 0
149001, 2281974, 0, 0, 0
150000, 2240759, 0, 0, 0
151000, 2242500, 0, 0, 0
152001, 2301829, 0, 0, 0
153000, 2254640, 0, 0, 0
154001, 2292754, 0, 0, 0
155000, 2233553, 0, 0, 0
156000, 2255651, 0, 0, 0
157000, 2251002, 0, 0, 0
158000, 2246823, 0, 0, 0
159000, 2224583, 0, 0, 0
160000, 2197041, 0, 0, 0
161000, 2250065, 0, 0, 0
162000, 2242001, 0, 0, 0
163000, 2242309, 0, 0, 0
164000, 2271476, 0, 0, 0
165000, 2235294, 0, 0, 0
166000, 2229297, 0, 0, 0
167000, 2240627, 0, 0, 0
168001, 2230259, 0, 0, 0
169001, 2214641, 0, 0, 0
170002, 2290926, 0, 0, 0
171000, 2178482, 0, 0, 0
172000, 2275968, 0, 0, 0
173000, 2250604, 0, 0, 0
174000, 2261644, 0, 0, 0
175001, 2401946, 0, 0, 0
176000, 2364192, 0, 0, 0
177001, 2197669, 0, 0, 0
178000, 2193678, 0, 0, 0
179001, 2182442, 0, 0, 0
180001, 2235852, 0, 0, 0
180001, 2310704, 0, 0, 0
