1001, 2136646, 0, 0, 0
2000, 2102584, 0, 0, 0
3000, 2106014, 0, 0, 0
4000, 2129853, 0, 0, 0
5000, 2055534, 0, 0, 0
6000, 2089075, 0, 0, 0
7001, 2075740, 0, 0, 0
8000, 2094379, 0, 0, 0
9000, 2126508, 0, 0, 0
10000, 2137773, 0, 0, 0
11000, 2154626, 0, 0, 0
12000, 2151412, 0, 0, 0
13000, 2112357, 0, 0, 0
14001, 2089241, 0, 0, 0
15001, 2127086, 0, 0, 0
16000, 2133225, 0, 0, 0
17000, 2240279, 0, 0, 0
18000, 2117466, 0, 0, 0
19000, 2112701, 0, 0, 0
20000, 2153749, 0, 0, 0
21000, 2122140, 0, 0, 0
22000, 2224277, 0, 0, 0
23000, 2141808, 0, 0, 0
24000, 2262574, 0, 0, 0
25000, 2507433, 0, 0, 0
26001, 2221908, 0, 0, 0
27000, 2146232, 0, 0, 0
28000, 2206129, 0, 0, 0
29000, 2158054, 0, 0, 0
30000, 2120300, 0, 0, 0
31000, 2158507, 0, 0, 0
32000, 2124703, 0, 0, 0
33000, 2104215, 0, 0, 0
34000, 2144293, 0, 0, 0
35000, 2197885, 0, 0, 0
36001, 2151131, 0, 0, 0
37000, 2128755, 0, 0, 0
38000, 2133629, 0, 0, 0
39000, 2154764, 0, 0, 0
40000, 2109953, 0, 0, 0
41000, 2135547, 0, 0, 0
42000, 2107055, 0, 0, 0
43000, 2091267, 0, 0, 0
44000, 2116978, 0, 0, 0
45000, 2098492, 0, 0, 0
46000, 2087562, 0, 0, 0
47000, 2106369, 0, 0, 0
48000, 2131323, 0, 0, 0
49000, 2074565, 0, 0, 0
50000, 2114844, 0, 0, 0
51000, 2348230, 0, 0, 0
52000, 2294379, 0, 0, 0
53000, 2174714, 0, 0, 0
54000, 2149776, 0, 0, 0
55000, 2141273, 0, 0, 0
56000, 2157446, 0, 0, 0
57000, 2134282, 0, 0, 0
58001, 2118488, 0, 0, 0
59000, 2121879, 0, 0, 0
60000, 2119926, 0, 0, 0
61000, 2185073, 0, 0, 0
62000, 2144528, 0, 0, 0
63000, 2105151, 0, 0, 0
64000, 2116215, 0, 0, 0
65000, 2120068, 0, 0, 0
66000, 2105406, 0, 0, 0
67000, 2169640, 0, 0, 0
68000, 2163579, 0, 0, 0
69000, 2079711, 0, 0, 0
70000, 2109844, 0, 0, 0
71000, 2126073, 0, 0, 0
72000, 2118744, 0, 0, 0
73000, 2170814, 0, 0, 0
74000, 2122811, 0, 0, 0
75000, 2135596, 0, 0, 0
76000, 2120221, 0, 0, 0
77001, 2136938, 0, 0, 0
78000, 2146581, 0, 0, 0
79000, 2111089, 0, 0, 0
80000, 2098557, 0, 0, 0
81000, 2103249, 0, 0, 0
82000, 2156123, 0, 0, 0
83000, 2101648, 0, 0, 0
84000, 2123248, 0, 0, 0
85000, 2112885, 0, 0, 0
86000, 2192634, 0, 0, 0
87000, 2151419, 0, 0, 0
88000, 2120597, 0, 0, 0
89000, 2066716, 0, 0, 0
90000, 2067748, 0, 0, 0
91001, 2140275, 0, 0, 0
92000, 2113371, 0, 0, 0
93000, 2117266, 0, 0, 0
94000, 2212389, 0, 0, 0
95000, 2186592, 0, 0, 0
96000, 2121516, 0, 0, 0
97000, 2136354, 0, 0, 0
98000, 2141121, 0, 0, 0
99000, 2117833, 0, 0, 0
100000, 2613834, 0, 0, 0
101000, 2160372, 0, 0, 0
102000, 2113232, 0, 0, 0
103001, 2161460, 0, 0, 0
104000, 2107555, 0, 0, 0
105000, 2098601, 0, 0, 0
106000, 2178738, 0, 0, 0
107000, 2137772, 0, 0, 0
108000, 2113024, 0, 0, 0
109000, 2146289, 0, 0, 0
110000, 2077185, 0, 0, 0
111000, 2083494, 0, 0, 0
112001, 2139878, 0, 0, 0
113000, 2047757, 0, 0, 0
114000, 2093227, 0, 0, 0
115000, 2162379, 0, 0, 0
116001, 2082704, 0, 0, 0
117000, 2132751, 0, 0, 0
118000, 2084568, 0, 0, 0
119000, 2121132, 0, 0, 0
120000, 2282629, 0, 0, 0
121000, 2093647, 0, 0, 0
122000, 2122653, 0, 0, 0
123000, 2169879, 0, 0, 0
124000, 2088123, 0, 0, 0
125000, 2080876, 0, 0, 0
126000, 2121319, 0, 0, 0
127001, 2160742, 0, 0, 0
128000, 2094820, 0, 0, 0
129000, 2088610, 0, 0, 0
130000, 2069217, 0, 0, 0
131000, 2092213, 0, 0, 0
132000, 2129681, 0, 0, 0
133000, 2096323, 0, 0, 0
134000, 2103662, 0, 0, 0
135001, 2162340, 0, 0, 0
136000, 2178141, 0, 0, 0
137000, 2169000, 0, 0, 0
138000, 2152683, 0, 0, 0
139000, 2139547, 0, 0, 0
140001, 2125152, 0, 0, 0
141000, 2128135, 0, 0, 0
142000, 2227326, 0, 0, 0
143000, 2126082, 0, 0, 0
144000, 2187476, 0, 0, 0
145000, 2146874, 0, 0, 0
146000, 2131054, 0, 0, 0
147000, 2123913, 0, 0, 0
148001, 2146257, 0, 0, 0
149000, 2105107, 0, 0, 0
150000, 2117100, 0, 0, 0
151000, 2159099, 0, 0, 0
152000, 2287170, 0, 0, 0
153000, 2082991, 0, 0, 0
154000, 2088654, 0, 0, 0
155000, 2079101, 0, 0, 0
156000, 2131399, 0, 0, 0
157000, 2111414, 0, 0, 0
158000, 2094839, 0, 0, 0
159000, 2147709, 0, 0, 0
160000, 2124955, 0, 0, 0
161000, 2125733, 0, 0, 0
162000, 2141663, 0, 0, 0
163000, 2114581, 0, 0, 0
164000, 2106697, 0, 0, 0
165000, 2121711, 0, 0, 0
166000, 2116087, 0, 0, 0
167053, 2121175, 0, 0, 0
168000, 2246053, 0, 0, 0
169000, 2172346, 0, 0, 0
170001, 2103005, 0, 0, 0
171000, 2100316, 0, 0, 0
172000, 2208154, 0, 0, 0
173001, 2118538, 0, 0, 0
174000, 2097915, 0, 0, 0
175000, 2095870, 0, 0, 0
176000, 2101881, 0, 0, 0
177000, 2148080, 0, 0, 0
178000, 2122171, 0, 0, 0
179001, 2141370, 0, 0, 0
180000, 2134929, 0, 0, 0
180001, 2097255, 0, 0, 0
