1000, 2095, 0, 0, 0
2000, 1909, 0, 0, 0
3000, 1921, 0, 0, 0
4000, 1917, 0, 0, 0
5000, 1912, 0, 0, 0
6000, 1929, 0, 0, 0
7000, 1911, 0, 0, 0
8000, 1910, 0, 0, 0
9000, 1917, 0, 0, 0
10000, 1914, 0, 0, 0
11000, 1916, 0, 0, 0
12000, 1907, 0, 0, 0
13000, 1912, 0, 0, 0
14000, 1913, 0, 0, 0
15000, 1916, 0, 0, 0
16000, 1915, 0, 0, 0
17000, 1913, 0, 0, 0
18000, 1915, 0, 0, 0
19000, 1903, 0, 0, 0
20000, 1918, 0, 0, 0
21000, 1911, 0, 0, 0
22000, 1910, 0, 0, 0
23000, 1916, 0, 0, 0
24000, 1913, 0, 0, 0
25000, 1912, 0, 0, 0
26000, 1920, 0, 0, 0
27000, 1921, 0, 0, 0
28000, 1912, 0, 0, 0
29000, 1906, 0, 0, 0
30000, 1920, 0, 0, 0
31000, 1911, 0, 0, 0
32000, 1921, 0, 0, 0
33000, 1905, 0, 0, 0
34000, 1915, 0, 0, 0
35000, 1922, 0, 0, 0
36000, 1900, 0, 0, 0
37000, 1915, 0, 0, 0
38000, 1913, 0, 0, 0
39000, 1907, 0, 0, 0
40000, 1912, 0, 0, 0
41000, 1918, 0, 0, 0
42000, 1907, 0, 0, 0
43000, 1919, 0, 0, 0
44000, 1907, 0, 0, 0
45000, 1912, 0, 0, 0
46000, 1908, 0, 0, 0
46999, 1912, 0, 0, 0
48001, 1915, 0, 0, 0
49000, 1924, 0, 0, 0
50000, 1903, 0, 0, 0
51000, 1924, 0, 0, 0
52000, 1911, 0, 0, 0
53000, 1919, 0, 0, 0
54000, 1903, 0, 0, 0
55000, 1909, 0, 0, 0
56001, 1904, 0, 0, 0
57000, 1916, 0, 0, 0
58000, 1915, 0, 0, 0
59000, 1912, 0, 0, 0
60000, 1910, 0, 0, 0
61000, 1914, 0, 0, 0
62000, 1902, 0, 0, 0
63000, 1921, 0, 0, 0
64000, 1918, 0, 0, 0
65000, 1923, 0, 0, 0
66001, 1906, 0, 0, 0
67000, 1908, 0, 0, 0
68000, 1910, 0, 0, 0
69000, 1917, 0, 0, 0
70000, 1910, 0, 0, 0
71000, 1924, 0, 0, 0
72000, 1912, 0, 0, 0
73000, 1922, 0, 0, 0
74000, 1908, 0, 0, 0
74999, 1925, 0, 0, 0
76000, 1911, 0, 0, 0
77000, 1910, 0, 0, 0
78000, 1916, 0, 0, 0
79000, 1899, 0, 0, 0
80000, 1922, 0, 0, 0
81000, 1905, 0, 0, 0
82000, 1911, 0, 0, 0
83000, 1921, 0, 0, 0
84000, 1909, 0, 0, 0
85000, 1917, 0, 0, 0
86000, 1907, 0, 0, 0
87000, 1913, 0, 0, 0
88000, 1914, 0, 0, 0
89000, 1918, 0, 0, 0
90000, 1905, 0, 0, 0
91000, 1905, 0, 0, 0
92000, 1915, 0, 0, 0
93001, 1910, 0, 0, 0
94000, 1908, 0, 0, 0
95000, 1910, 0, 0, 0
96000, 1917, 0, 0, 0
97000, 1912, 0, 0, 0
98000, 1905, 0, 0, 0
99000, 1917, 0, 0, 0
100000, 1907, 0, 0, 0
101000, 1910, 0, 0, 0
102000, 1916, 0, 0, 0
103000, 1918, 0, 0, 0
104001, 1912, 0, 0, 0
105000, 1910, 0, 0, 0
106000, 1907, 0, 0, 0
107000, 1911, 0, 0, 0
108000, 1902, 0, 0, 0
109000, 1907, 0, 0, 0
110000, 1917, 0, 0, 0
111000, 1914, 0, 0, 0
112000, 1908, 0, 0, 0
113000, 1915, 0, 0, 0
114000, 1908, 0, 0, 0
115000, 1910, 0, 0, 0
116000, 1910, 0, 0, 0
117000, 1908, 0, 0, 0
118000, 1920, 0, 0, 0
119000, 1917, 0, 0, 0
120000, 1923, 0, 0, 0
121000, 1898, 0, 0, 0
122000, 1915, 0, 0, 0
123000, 1917, 0, 0, 0
124000, 1913, 0, 0, 0
125000, 1906, 0, 0, 0
126000, 1905, 0, 0, 0
127000, 1905, 0, 0, 0
128000, 1909, 0, 0, 0
129000, 1911, 0, 0, 0
130000, 1916, 0, 0, 0
131000, 1914, 0, 0, 0
132000, 1899, 0, 0, 0
133000, 1904, 0, 0, 0
134000, 1921, 0, 0, 0
135000, 1916, 0, 0, 0
136000, 1911, 0, 0, 0
137000, 1920, 0, 0, 0
138000, 1919, 0, 0, 0
139000, 1911, 0, 0, 0
140000, 1916, 0, 0, 0
141000, 1919, 0, 0, 0
142000, 1920, 0, 0, 0
143000, 1913, 0, 0, 0
144000, 1921, 0, 0, 0
145000, 1906, 0, 0, 0
146000, 1912, 0, 0, 0
147001, 1910, 0, 0, 0
148000, 1912, 0, 0, 0
149000, 1915, 0, 0, 0
150000, 1920, 0, 0, 0
151000, 1918, 0, 0, 0
152000, 1912, 0, 0, 0
153000, 1911, 0, 0, 0
154000, 1915, 0, 0, 0
155000, 1923, 0, 0, 0
156000, 1921, 0, 0, 0
157000, 1916, 0, 0, 0
158000, 1916, 0, 0, 0
159000, 1905, 0, 0, 0
160000, 1910, 0, 0, 0
161000, 1915, 0, 0, 0
162000, 1901, 0, 0, 0
163000, 1912, 0, 0, 0
164000, 1914, 0, 0, 0
165000, 1912, 0, 0, 0
166000, 1922, 0, 0, 0
167000, 1913, 0, 0, 0
168000, 1923, 0, 0, 0
169000, 1901, 0, 0, 0
170000, 1925, 0, 0, 0
171000, 1912, 0, 0, 0
172000, 1915, 0, 0, 0
173001, 1916, 0, 0, 0
174000, 1910, 0, 0, 0
175000, 1915, 0, 0, 0
176000, 1912, 0, 0, 0
177000, 1912, 0, 0, 0
178000, 1912, 0, 0, 0
179000, 1908, 0, 0, 0
180000, 1925, 0, 0, 0
