1001, 1899, 0, 0, 0
2000, 1819, 0, 0, 0
3000, 1732, 0, 0, 0
4000, 1809, 0, 0, 0
5000, 1762, 0, 0, 0
6000, 1718, 0, 0, 0
7001, 1742, 0, 0, 0
8000, 1818, 0, 0, 0
9001, 1801, 0, 0, 0
10001, 1763, 0, 0, 0
11000, 1765, 0, 0, 0
12003, 1804, 0, 0, 0
13000, 1842, 0, 0, 0
14000, 1847, 0, 0, 0
15002, 1835, 0, 0, 0
16001, 1782, 0, 0, 0
17000, 1890, 0, 0, 0
18001, 1776, 0, 0, 0
19000, 1763, 0, 0, 0
20001, 1753, 0, 0, 0
21004, 1726, 0, 0, 0
22001, 1816, 0, 0, 0
23000, 1727, 0, 0, 0
24002, 1818, 0, 0, 0
25001, 1735, 0, 0, 0
26001, 1768, 0, 0, 0
27001, 1724, 0, 0, 0
28001, 1823, 0, 0, 0
29001, 1831, 0, 0, 0
30001, 1842, 0, 0, 0
31000, 1890, 0, 0, 0
32000, 1717, 0, 0, 0
33001, 1718, 0, 0, 0
34002, 1794, 0, 0, 0
35000, 1724, 0, 0, 0
36002, 1761, 0, 0, 0
37001, 1723, 0, 0, 0
38001, 1685, 0, 0, 0
39001, 1710, 0, 0, 0
40001, 1751, 0, 0, 0
41000, 1773, 0, 0, 0
42001, 1816, 0, 0, 0
43001, 1728, 0, 0, 0
44001, 1740, 0, 0, 0
45000, 1813, 0, 0, 0
46000, 1824, 0, 0, 0
47001, 1788, 0, 0, 0
48001, 1823, 0, 0, 0
49001, 1776, 0, 0, 0
50000, 1814, 0, 0, 0
51000, 1807, 0, 0, 0
52001, 1833, 0, 0, 0
53000, 1839, 0, 0, 0
54002, 1859, 0, 0, 0
55000, 1892, 0, 0, 0
56000, 1760, 0, 0, 0
57001, 1845, 0, 0, 0
58000, 1812, 0, 0, 0
59000, 1868, 0, 0, 0
60001, 1901, 0, 0, 0
61002, 1779, 0, 0, 0
62000, 1817, 0, 0, 0
63002, 1784, 0, 0, 0
64001, 1811, 0, 0, 0
65001, 1842, 0, 0, 0
66000, 1839, 0, 0, 0
67000, 1865, 0, 0, 0
68001, 1798, 0, 0, 0
69001, 1868, 0, 0, 0
70000, 1857, 0, 0, 0
71000, 1775, 0, 0, 0
72000, 1806, 0, 0, 0
73000, 1765, 0, 0, 0
74000, 1739, 0, 0, 0
75000, 1832, 0, 0, 0
76001, 1817, 0, 0, 0
77001, 1793, 0, 0, 0
78001, 1805, 0, 0, 0
79001, 1938, 0, 0, 0
80000, 1811, 0, 0, 0
81000, 1778, 0, 0, 0
82002, 1855, 0, 0, 0
83000, 1837, 0, 0, 0
84000, 1866, 0, 0, 0
85003, 1851, 0, 0, 0
86000, 1934, 0, 0, 0
87000, 1904, 0, 0, 0
88000, 1842, 0, 0, 0
89001, 1901, 0, 0, 0
90001, 1872, 0, 0, 0
91000, 1829, 0, 0, 0
92000, 1776, 0, 0, 0
93000, 1733, 0, 0, 0
94000, 1817, 0, 0, 0
95000, 1795, 0, 0, 0
96001, 1793, 0, 0, 0
97001, 1826, 0, 0, 0
98000, 1797, 0, 0, 0
99000, 1883, 0, 0, 0
100001, 1879, 0, 0, 0
101000, 1872, 0, 0, 0
102002, 1810, 0, 0, 0
103002, 1777, 0, 0, 0
104001, 1796, 0, 0, 0
105001, 1805, 0, 0, 0
106001, 1805, 0, 0, 0
107000, 1787, 0, 0, 0
108001, 1800, 0, 0, 0
109001, 1791, 0, 0, 0
110001, 1813, 0, 0, 0
111001, 1772, 0, 0, 0
112000, 1781, 0, 0, 0
113000, 1830, 0, 0, 0
114002, 1823, 0, 0, 0
115002, 1857, 0, 0, 0
116001, 1796, 0, 0, 0
117001, 1822, 0, 0, 0
118001, 1742, 0, 0, 0
119000, 1892, 0, 0, 0
120001, 1898, 0, 0, 0
121006, 1814, 0, 0, 0
122001, 1891, 0, 0, 0
123002, 1802, 0, 0, 0
124000, 1817, 0, 0, 0
125001, 1855, 0, 0, 0
126001, 1807, 0, 0, 0
127001, 1826, 0, 0, 0
128000, 1824, 0, 0, 0
129000, 1860, 0, 0, 0
130000, 1796, 0, 0, 0
131002, 1895, 0, 0, 0
132000, 1803, 0, 0, 0
133000, 1833, 0, 0, 0
134001, 1825, 0, 0, 0
135000, 1833, 0, 0, 0
136001, 1806, 0, 0, 0
137000, 1843, 0, 0, 0
138001, 1998, 0, 0, 0
139001, 2051, 0, 0, 0
140002, 1991, 0, 0, 0
141002, 1963, 0, 0, 0
142002, 1847, 0, 0, 0
143001, 1789, 0, 0, 0
144001, 1882, 0, 0, 0
145000, 1788, 0, 0, 0
146000, 1778, 0, 0, 0
147001, 1777, 0, 0, 0
148000, 1782, 0, 0, 0
149000, 1851, 0, 0, 0
150000, 1894, 0, 0, 0
151001, 1812, 0, 0, 0
152720, 1868, 0, 0, 0
153000, 1823, 0, 0, 0
154000, 1826, 0, 0, 0
155001, 1819, 0, 0, 0
156001, 1934, 0, 0, 0
157000, 1863, 0, 0, 0
158000, 1830, 0, 0, 0
159001, 1821, 0, 0, 0
160001, 1843, 0, 0, 0
161000, 1863, 0, 0, 0
162001, 1855, 0, 0, 0
163001, 1931, 0, 0, 0
164002, 1868, 0, 0, 0
165001, 1879, 0, 0, 0
166001, 1937, 0, 0, 0
167000, 1906, 0, 0, 0
168000, 1859, 0, 0, 0
169001, 1868, 0, 0, 0
170000, 1817, 0, 0, 0
171002, 1783, 0, 0, 0
172000, 1818, 0, 0, 0
173000, 1851, 0, 0, 0
174001, 1785, 0, 0, 0
175000, 1758, 0, 0, 0
176002, 1764, 0, 0, 0
177000, 1791, 0, 0, 0
178000, 1811, 0, 0, 0
179000, 1850, 0, 0, 0
180001, 1918, 0, 0, 0
