1000, 3758441, 0, 0, 0
2032, 4219324, 0, 0, 0
3000, 4179371, 0, 0, 0
4000, 4247515, 0, 0, 0
5018, 4164513, 0, 0, 0
6000, 4201382, 0, 0, 0
7000, 4114608, 0, 0, 0
8025, 4302677, 0, 0, 0
9000, 4116783, 0, 0, 0
10033, 4196597, 0, 0, 0
11000, 4102944, 0, 0, 0
12000, 4012053, 0, 0, 0
13019, 4378147, 0, 0, 0
14027, 4143218, 0, 0, 0
15004, 4131876, 0, 0, 0
16017, 4089208, 0, 0, 0
17000, 4331140, 0, 0, 0
18001, 4057818, 0, 0, 0
19017, 4204722, 0, 0, 0
20001, 4275245, 0, 0, 0
21020, 4273970, 0, 0, 0
22031, 4290279, 0, 0, 0
23017, 4149687, 0, 0, 0
24021, 4274818, 0, 0, 0
25001, 4244774, 0, 0, 0
26001, 4182086, 0, 0, 0
27019, 4120870, 0, 0, 0
28031, 4081644, 0, 0, 0
29005, 4551547, 0, 0, 0
30000, 3865846, 0, 0, 0
31021, 4173122, 0, 0, 0
32017, 4162888, 0, 0, 0
33000, 4186644, 0, 0, 0
34021, 4229513, 0, 0, 0
35031, 4212780, 0, 0, 0
36025, 4134430, 0, 0, 0
37019, 4200675, 0, 0, 0
38029, 4217826, 0, 0, 0
39001, 4080435, 0, 0, 0
40022, 4228346, 0, 0, 0
41030, 4226880, 0, 0, 0
42000, 4121485, 0, 0, 0
43000, 4111057, 0, 0, 0
44017, 4257053, 0, 0, 0
45000, 4173793, 0, 0, 0
46000, 4173330, 0, 0, 0
47018, 4147556, 0, 0, 0
48000, 4212825, 0, 0, 0
49000, 4137433, 0, 0, 0
50018, 4268673, 0, 0, 0
51017, 4303599, 0, 0, 0
52000, 4252659, 0, 0, 0
53019, 4123053, 0, 0, 0
54030, 4154108, 0, 0, 0
55024, 4137771, 0, 0, 0
56020, 4197280, 0, 0, 0
57001, 4257814, 0, 0, 0
58017, 4174310, 0, 0, 0
59000, 4145932, 0, 0, 0
60020, 4316278, 0, 0, 0
61018, 4326222, 0, 0, 0
62001, 4281635, 0, 0, 0
63004, 4146966, 0, 0, 0
64001, 4264967, 0, 0, 0
65000, 4206281, 0, 0, 0
66017, 4141752, 0, 0, 0
67001, 4158066, 0, 0, 0
68021, 4157041, 0, 0, 0
69031, 4198658, 0, 0, 0
70000, 4182772, 0, 0, 0
71020, 4259482, 0, 0, 0
72001, 4146938, 0, 0, 0
73001, 4095370, 0, 0, 0
74030, 4133184, 0, 0, 0
75000, 4193497, 0, 0, 0
76018, 4147048, 0, 0, 0
77028, 4228591, 0, 0, 0
78023, 4130898, 0, 0, 0
79032, 4168215, 0, 0, 0
80019, 4092584, 0, 0, 0
81019, 4168197, 0, 0, 0
82000, 4082104, 0, 0, 0
83019, 4258558, 0, 0, 0
84000, 4308222, 0, 0, 0
85000, 4156989, 0, 0, 0
86030, 4149225, 0, 0, 0
87000, 4100347, 0, 0, 0
88031, 4265399, 0, 0, 0
89001, 4187573, 0, 0, 0
90021, 4192610, 0, 0, 0
91000, 4268214, 0, 0, 0
92025, 4159373, 0, 0, 0
93018, 4263353, 0, 0, 0
94002, 4139601, 0, 0, 0
95022, 4245199, 0, 0, 0
96018, 4104158, 0, 0, 0
97000, 4181924, 0, 0, 0
98018, 4081105, 0, 0, 0
99001, 4256260, 0, 0, 0
100000, 4053172, 0, 0, 0
101018, 4201521, 0, 0, 0
102000, 4234887, 0, 0, 0
103019, 4211675, 0, 0, 0
104028, 4158912, 0, 0, 0
105000, 4157105, 0, 0, 0
106020, 4248581, 0, 0, 0
107000, 4258588, 0, 0, 0
108017, 4367287, 0, 0, 0
109029, 4206664, 0, 0, 0
110000, 4093859, 0, 0, 0
111032, 4218518, 0, 0, 0
112000, 4238279, 0, 0, 0
113000, 4092368, 0, 0, 0
114030, 4048790, 0, 0, 0
115025, 4040978, 0, 0, 0
116018, 4218802, 0, 0, 0
117000, 4257877, 0, 0, 0
118023, 4193095, 0, 0, 0
119018, 4183557, 0, 0, 0
120000, 4193578, 0, 0, 0
121000, 4123619, 0, 0, 0
122018, 4224606, 0, 0, 0
123000, 4140949, 0, 0, 0
124018, 4207209, 0, 0, 0
125022, 4192458, 0, 0, 0
126000, 4215661, 0, 0, 0
127000, 4124444, 0, 0, 0
128030, 4307580, 0, 0, 0
129000, 4165726, 0, 0, 0
130018, 4263817, 0, 0, 0
131000, 4199168, 0, 0, 0
132001, 4067003, 0, 0, 0
133025, 4284029, 0, 0, 0
134001, 4144084, 0, 0, 0
135017, 4250887, 0, 0, 0
136024, 4225445, 0, 0, 0
137018, 4196307, 0, 0, 0
138024, 4142216, 0, 0, 0
139001, 4155888, 0, 0, 0
140021, 4234841, 0, 0, 0
141020, 4162458, 0, 0, 0
142024, 4137586, 0, 0, 0
143018, 4116504, 0, 0, 0
144020, 4232388, 0, 0, 0
145021, 4206949, 0, 0, 0
146018, 4153448, 0, 0, 0
147000, 4251753, 0, 0, 0
148019, 4259722, 0, 0, 0
149000, 4083177, 0, 0, 0
150019, 4124991, 0, 0, 0
151018, 4197660, 0, 0, 0
152001, 4193060, 0, 0, 0
153020, 4166556, 0, 0, 0
154000, 4152671, 0, 0, 0
155020, 4212428, 0, 0, 0
156021, 4223650, 0, 0, 0
157000, 4221067, 0, 0, 0
158002, 4080975, 0, 0, 0
159031, 4218449, 0, 0, 0
160000, 4263759, 0, 0, 0
161018, 4199997, 0, 0, 0
162001, 4292053, 0, 0, 0
163021, 4216194, 0, 0, 0
164031, 4173130, 0, 0, 0
165000, 4174632, 0, 0, 0
166017, 4194787, 0, 0, 0
167021, 4227330, 0, 0, 0
168001, 3912267, 0, 0, 0
169019, 4281552, 0, 0, 0
170030, 4142161, 0, 0, 0
171001, 4280710, 0, 0, 0
172020, 4240428, 0, 0, 0
173023, 4012617, 0, 0, 0
174031, 4268495, 0, 0, 0
175000, 4236682, 0, 0, 0
176019, 4094590, 0, 0, 0
177001, 4209397, 0, 0, 0
178000, 4092967, 0, 0, 0
179016, 4105106, 0, 0, 0
180001, 4202979, 0, 0, 0
180001, 2436802, 0, 0, 0
