1003, 3858327, 1, 0, 0
2000, 4320912, 1, 0, 0
3000, 4076503, 1, 0, 0
4000, 4051910, 1, 0, 0
5001, 4369734, 1, 0, 0
6000, 3956922, 1, 0, 0
7000, 4156132, 1, 0, 0
8000, 4402732, 1, 0, 0
9000, 4218563, 1, 0, 0
10000, 4144026, 1, 0, 0
11001, 4447109, 1, 0, 0
12000, 4373906, 1, 0, 0
13000, 4138712, 1, 0, 0
14000, 4283549, 1, 0, 0
15000, 4130501, 1, 0, 0
16000, 4367361, 1, 0, 0
17001, 4089782, 1, 0, 0
18000, 4392548, 1, 0, 0
19000, 4246563, 1, 0, 0
20000, 4129925, 1, 0, 0
21000, 4248644, 1, 0, 0
22000, 4145601, 1, 0, 0
23000, 4266935, 1, 0, 0
24000, 4216191, 1, 0, 0
25001, 4266593, 1, 0, 0
26000, 4223297, 1, 0, 0
27000, 4138661, 1, 0, 0
28000, 4248088, 1, 0, 0
29001, 4434144, 1, 0, 0
30001, 4230180, 1, 0, 0
31000, 4262715, 1, 0, 0
32001, 4302963, 1, 0, 0
33000, 4164322, 1, 0, 0
34000, 4103203, 1, 0, 0
35002, 3979914, 1, 0, 0
36000, 4145689, 1, 0, 0
37001, 4159336, 1, 0, 0
38000, 4119819, 1, 0, 0
39001, 4074210, 1, 0, 0
40000, 4365419, 1, 0, 0
41000, 4148273, 1, 0, 0
42000, 4158003, 1, 0, 0
43000, 4163043, 1, 0, 0
44000, 4172790, 1, 0, 0
45000, 4153008, 1, 0, 0
46000, 4022450, 1, 0, 0
47003, 3930137, 1, 0, 0
48000, 4297835, 1, 0, 0
49000, 4082598, 1, 0, 0
50002, 4408190, 1, 0, 0
51000, 3919955, 1, 0, 0
52000, 4145206, 1, 0, 0
53000, 3953242, 1, 0, 0
54003, 3940078, 1, 0, 0
55000, 4267846, 1, 0, 0
56001, 4221350, 1, 0, 0
57001, 4345177, 1, 0, 0
58000, 4179787, 1, 0, 0
59000, 4021192, 1, 0, 0
60001, 4170335, 1, 0, 0
61001, 4240656, 1, 0, 0
62000, 4070939, 1, 0, 0
63000, 4293697, 1, 0, 0
64000, 4156966, 1, 0, 0
65000, 4441443, 1, 0, 0
66000, 4146686, 1, 0, 0
67000, 4134677, 1, 0, 0
68000, 4122420, 1, 0, 0
69000, 4150054, 1, 0, 0
70001, 4328853, 1, 0, 0
71000, 4192165, 1, 0, 0
72000, 4291319, 1, 0, 0
73003, 4180335, 1, 0, 0
74000, 4105177, 1, 0, 0
75000, 4289515, 1, 0, 0
76000, 4266918, 1, 0, 0
77000, 3988365, 1, 0, 0
78000, 4012308, 1, 0, 0
79000, 4061586, 1, 0, 0
80000, 4038848, 1, 0, 0
81001, 4238090, 1, 0, 0
82000, 4011616, 1, 0, 0
83000, 4159061, 1, 0, 0
84000, 4113535, 1, 0, 0
85000, 4300674, 1, 0, 0
86000, 4234491, 1, 0, 0
87001, 4240929, 1, 0, 0
88003, 4331542, 1, 0, 0
89000, 4321287, 1, 0, 0
90000, 4015239, 1, 0, 0
91000, 4228118, 1, 0, 0
92000, 3944167, 1, 0, 0
93000, 4270006, 1, 0, 0
94000, 4136948, 1, 0, 0
95000, 4128159, 1, 0, 0
96000, 4462687, 1, 0, 0
97000, 4063926, 1, 0, 0
98001, 4331265, 1, 0, 0
99000, 4370707, 1, 0, 0
100001, 4171693, 1, 0, 0
101000, 4112516, 1, 0, 0
102002, 4199702, 1, 0, 0
103000, 3987777, 1, 0, 0
104000, 4319104, 1, 0, 0
105002, 4253438, 1, 0, 0
106000, 4194675, 1, 0, 0
107001, 4109216, 1, 0, 0
108000, 4252416, 1, 0, 0
109000, 4201399, 1, 0, 0
110000, 4147443, 1, 0, 0
111003, 5311758, 1, 0, 0
112000, 4133717, 1, 0, 0
113000, 4384956, 1, 0, 0
114003, 4366753, 1, 0, 0
115000, 4119672, 1, 0, 0
116000, 4415464, 1, 0, 0
117000, 4301626, 1, 0, 0
118003, 4190534, 1, 0, 0
119001, 4193809, 1, 0, 0
120000, 4020475, 1, 0, 0
121003, 4296324, 1, 0, 0
122001, 4218057, 1, 0, 0
123000, 4071065, 1, 0, 0
124000, 4021383, 1, 0, 0
125002, 4204957, 1, 0, 0
126000, 4233756, 1, 0, 0
127000, 4161564, 1, 0, 0
128000, 4101574, 1, 0, 0
129000, 4156870, 1, 0, 0
130000, 4236366, 1, 0, 0
131003, 4125260, 1, 0, 0
132000, 4163785, 1, 0, 0
133000, 4121884, 1, 0, 0
134003, 4129009, 1, 0, 0
135000, 4318986, 1, 0, 0
136000, 4207694, 1, 0, 0
137000, 4281926, 1, 0, 0
138001, 4213055, 1, 0, 0
139000, 4088212, 1, 0, 0
140000, 4214754, 1, 0, 0
141000, 4212425, 1, 0, 0
142000, 4157533, 1, 0, 0
143000, 4352115, 1, 0, 0
144000, 4496980, 1, 0, 0
145000, 4305265, 1, 0, 0
146000, 4178541, 1, 0, 0
147000, 4374698, 1, 0, 0
148002, 4018248, 1, 0, 0
149001, 4322634, 1, 0, 0
150000, 4128257, 1, 0, 0
151001, 4190683, 1, 0, 0
152000, 4159617, 1, 0, 0
153000, 4215763, 1, 0, 0
154002, 4029805, 1, 0, 0
155000, 4230610, 1, 0, 0
156000, 4193520, 1, 0, 0
157000, 3898309, 1, 0, 0
158000, 4183184, 1, 0, 0
159000, 4148391, 1, 0, 0
160000, 4122438, 1, 0, 0
161000, 4149123, 1, 0, 0
162000, 4373516, 1, 0, 0
163000, 4211555, 1, 0, 0
164000, 4144935, 1, 0, 0
165000, 4151734, 1, 0, 0
166000, 4156540, 1, 0, 0
167000, 4157690, 1, 0, 0
168000, 4268685, 1, 0, 0
169001, 4175247, 1, 0, 0
170000, 4289482, 1, 0, 0
171000, 4168637, 1, 0, 0
172003, 4279518, 1, 0, 0
173001, 4330455, 1, 0, 0
174000, 4213205, 1, 0, 0
175002, 4273171, 1, 0, 0
176000, 4179244, 1, 0, 0
177000, 4022292, 1, 0, 0
178001, 4060459, 1, 0, 0
179000, 3981207, 1, 0, 0
180000, 4155785, 1, 0, 0
180000, 902343, 1, 0, 0
