1000, 1043, 0, 0, 0
1999, 969, 0, 0, 0
3000, 953, 0, 0, 0
4000, 950, 0, 0, 0
5000, 940, 0, 0, 0
6000, 968, 0, 0, 0
7000, 933, 0, 0, 0
8000, 954, 0, 0, 0
9000, 966, 0, 0, 0
10000, 947, 0, 0, 0
11000, 952, 0, 0, 0
12000, 956, 0, 0, 0
13000, 955, 0, 0, 0
14000, 960, 0, 0, 0
15000, 964, 0, 0, 0
15999, 957, 0, 0, 0
17000, 947, 0, 0, 0
18000, 947, 0, 0, 0
19000, 952, 0, 0, 0
20000, 968, 0, 0, 0
21000, 958, 0, 0, 0
22000, 993, 0, 0, 0
23000, 960, 0, 0, 0
24000, 506, 0, 0, 0
25000, 1196, 0, 0, 0
26000, 966, 0, 0, 0
27000, 964, 0, 0, 0
28000, 954, 0, 0, 0
29000, 958, 0, 0, 0
30000, 968, 0, 0, 0
31000, 959, 0, 0, 0
32000, 949, 0, 0, 0
33000, 949, 0, 0, 0
34000, 947, 0, 0, 0
35000, 943, 0, 0, 0
36000, 959, 0, 0, 0
37000, 958, 0, 0, 0
38000, 951, 0, 0, 0
39000, 943, 0, 0, 0
40000, 954, 0, 0, 0
41000, 946, 0, 0, 0
41999, 979, 0, 0, 0
43000, 955, 0, 0, 0
44000, 945, 0, 0, 0
45000, 973, 0, 0, 0
46000, 960, 0, 0, 0
47000, 952, 0, 0, 0
48000, 945, 0, 0, 0
49000, 941, 0, 0, 0
50000, 956, 0, 0, 0
51000, 955, 0, 0, 0
52000, 948, 0, 0, 0
53000, 950, 0, 0, 0
54000, 952, 0, 0, 0
55000, 952, 0, 0, 0
56000, 964, 0, 0, 0
57000, 958, 0, 0, 0
58000, 971, 0, 0, 0
59000, 943, 0, 0, 0
60000, 957, 0, 0, 0
61000, 947, 0, 0, 0
62000, 944, 0, 0, 0
63000, 953, 0, 0, 0
64000, 958, 0, 0, 0
65000, 957, 0, 0, 0
66000, 947, 0, 0, 0
67000, 967, 0, 0, 0
68000, 964, 0, 0, 0
69000, 964, 0, 0, 0
70000, 956, 0, 0, 0
71000, 954, 0, 0, 0
72000, 950, 0, 0, 0
73000, 970, 0, 0, 0
74000, 950, 0, 0, 0
75000, 934, 0, 0, 0
76000, 952, 0, 0, 0
77000, 947, 0, 0, 0
78000, 977, 0, 0, 0
79000, 952, 0, 0, 0
80000, 943, 0, 0, 0
81000, 958, 0, 0, 0
82000, 955, 0, 0, 0
83000, 957, 0, 0, 0
84000, 970, 0, 0, 0
84999, 963, 0, 0, 0
86000, 936, 0, 0, 0
87000, 970, 0, 0, 0
88000, 956, 0, 0, 0
89000, 949, 0, 0, 0
89999, 951, 0, 0, 0
91000, 958, 0, 0, 0
92000, 966, 0, 0, 0
93000, 956, 0, 0, 0
94000, 970, 0, 0, 0
95000, 940, 0, 0, 0
96000, 952, 0, 0, 0
97000, 954, 0, 0, 0
98000, 961, 0, 0, 0
99000, 1009, 0, 0, 0
100000, 952, 0, 0, 0
101000, 953, 0, 0, 0
102000, 967, 0, 0, 0
103000, 965, 0, 0, 0
104000, 951, 0, 0, 0
105000, 949, 0, 0, 0
106000, 962, 0, 0, 0
107000, 958, 0, 0, 0
107999, 979, 0, 0, 0
109000, 933, 0, 0, 0
110000, 954, 0, 0, 0
111000, 969, 0, 0, 0
112000, 958, 0, 0, 0
113000, 955, 0, 0, 0
114000, 955, 0, 0, 0
115000, 951, 0, 0, 0
116000, 958, 0, 0, 0
117000, 958, 0, 0, 0
118000, 936, 0, 0, 0
119000, 967, 0, 0, 0
120000, 950, 0, 0, 0
121000, 957, 0, 0, 0
122000, 958, 0, 0, 0
123000, 946, 0, 0, 0
124000, 954, 0, 0, 0
125000, 959, 0, 0, 0
126000, 979, 0, 0, 0
127000, 953, 0, 0, 0
128000, 966, 0, 0, 0
129000, 949, 0, 0, 0
130000, 960, 0, 0, 0
130999, 947, 0, 0, 0
132000, 950, 0, 0, 0
133000, 959, 0, 0, 0
134000, 948, 0, 0, 0
134999, 947, 0, 0, 0
136000, 950, 0, 0, 0
137000, 965, 0, 0, 0
138000, 976, 0, 0, 0
139000, 948, 0, 0, 0
140000, 953, 0, 0, 0
141000, 963, 0, 0, 0
142000, 962, 0, 0, 0
143000, 965, 0, 0, 0
144000, 955, 0, 0, 0
145000, 945, 0, 0, 0
146000, 972, 0, 0, 0
147000, 954, 0, 0, 0
148000, 961, 0, 0, 0
149000, 955, 0, 0, 0
150000, 966, 0, 0, 0
151000, 962, 0, 0, 0
152000, 959, 0, 0, 0
153000, 949, 0, 0, 0
153999, 957, 0, 0, 0
155000, 951, 0, 0, 0
156000, 967, 0, 0, 0
157000, 954, 0, 0, 0
158000, 952, 0, 0, 0
159000, 957, 0, 0, 0
160000, 956, 0, 0, 0
161000, 940, 0, 0, 0
162000, 951, 0, 0, 0
163000, 968, 0, 0, 0
164000, 960, 0, 0, 0
165000, 961, 0, 0, 0
166000, 997, 0, 0, 0
167000, 939, 0, 0, 0
168000, 964, 0, 0, 0
169000, 957, 0, 0, 0
170000, 950, 0, 0, 0
171000, 960, 0, 0, 0
172000, 955, 0, 0, 0
173000, 949, 0, 0, 0
173999, 966, 0, 0, 0
175000, 962, 0, 0, 0
176000, 941, 0, 0, 0
177000, 955, 0, 0, 0
178000, 965, 0, 0, 0
179000, 946, 0, 0, 0
180000, 955, 0, 0, 0
