999, 432, 0, 0, 0
1999, 458, 0, 0, 0
2999, 439, 0, 0, 0
4000, 461, 0, 0, 0
5000, 455, 0, 0, 0
5999, 455, 0, 0, 0
7000, 458, 0, 0, 0
7999, 429, 0, 0, 0
9000, 415, 0, 0, 0
9999, 406, 0, 0, 0
11000, 439, 0, 0, 0
11999, 440, 0, 0, 0
13000, 446, 0, 0, 0
13999, 438, 0, 0, 0
14999, 449, 0, 0, 0
16000, 445, 0, 0, 0
16999, 449, 0, 0, 0
18000, 427, 0, 0, 0
18999, 438, 0, 0, 0
20000, 437, 0, 0, 0
21000, 434, 0, 0, 0
21999, 447, 0, 0, 0
23000, 445, 0, 0, 0
23999, 437, 0, 0, 0
25000, 440, 0, 0, 0
25999, 443, 0, 0, 0
27000, 465, 0, 0, 0
27999, 459, 0, 0, 0
29000, 452, 0, 0, 0
30000, 466, 0, 0, 0
30999, 441, 0, 0, 0
32000, 447, 0, 0, 0
32999, 420, 0, 0, 0
34000, 435, 0, 0, 0
34999, 440, 0, 0, 0
36000, 433, 0, 0, 0
36999, 443, 0, 0, 0
38000, 450, 0, 0, 0
38999, 455, 0, 0, 0
40000, 433, 0, 0, 0
41000, 450, 0, 0, 0
41999, 435, 0, 0, 0
43000, 465, 0, 0, 0
43999, 447, 0, 0, 0
45000, 442, 0, 0, 0
45999, 454, 0, 0, 0
47000, 443, 0, 0, 0
47999, 444, 0, 0, 0
49000, 437, 0, 0, 0
49999, 457, 0, 0, 0
50999, 453, 0, 0, 0
52000, 463, 0, 0, 0
52999, 447, 0, 0, 0
54000, 452, 0, 0, 0
54999, 431, 0, 0, 0
56000, 411, 0, 0, 0
56999, 457, 0, 0, 0
58000, 455, 0, 0, 0
58999, 435, 0, 0, 0
60000, 439, 0, 0, 0
60999, 439, 0, 0, 0
61999, 454, 0, 0, 0
63000, 460, 0, 0, 0
63999, 458, 0, 0, 0
65000, 449, 0, 0, 0
65999, 457, 0, 0, 0
67000, 464, 0, 0, 0
67999, 463, 0, 0, 0
69000, 459, 0, 0, 0
69999, 432, 0, 0, 0
71000, 451, 0, 0, 0
71999, 454, 0, 0, 0
73000, 457, 0, 0, 0
73999, 438, 0, 0, 0
75000, 431, 0, 0, 0
75999, 445, 0, 0, 0
77000, 442, 0, 0, 0
78000, 442, 0, 0, 0
78999, 441, 0, 0, 0
80000, 436, 0, 0, 0
80999, 429, 0, 0, 0
82000, 435, 0, 0, 0
82999, 449, 0, 0, 0
84000, 435, 0, 0, 0
84999, 451, 0, 0, 0
86000, 429, 0, 0, 0
86999, 427, 0, 0, 0
88000, 440, 0, 0, 0
89000, 447, 0, 0, 0
89999, 448, 0, 0, 0
91000, 458, 0, 0, 0
91999, 454, 0, 0, 0
93000, 452, 0, 0, 0
93999, 461, 0, 0, 0
95000, 440, 0, 0, 0
95999, 451, 0, 0, 0
97000, 430, 0, 0, 0
97999, 455, 0, 0, 0
98999, 468, 0, 0, 0
100000, 434, 0, 0, 0
100999, 455, 0, 0, 0
102000, 452, 0, 0, 0
102999, 446, 0, 0, 0
104000, 451, 0, 0, 0
104999, 434, 0, 0, 0
106000, 440, 0, 0, 0
107000, 446, 0, 0, 0
107999, 441, 0, 0, 0
109000, 437, 0, 0, 0
109999, 443, 0, 0, 0
111000, 433, 0, 0, 0
111999, 455, 0, 0, 0
113000, 458, 0, 0, 0
113999, 466, 0, 0, 0
115000, 458, 0, 0, 0
115999, 427, 0, 0, 0
117000, 446, 0, 0, 0
118000, 427, 0, 0, 0
118999, 443, 0, 0, 0
120000, 445, 0, 0, 0
120999, 449, 0, 0, 0
122000, 450, 0, 0, 0
122999, 463, 0, 0, 0
124000, 449, 0, 0, 0
125000, 458, 0, 0, 0
125999, 459, 0, 0, 0
127000, 468, 0, 0, 0
127999, 451, 0, 0, 0
129000, 452, 0, 0, 0
129999, 459, 0, 0, 0
130999, 455, 0, 0, 0
132000, 458, 0, 0, 0
132999, 461, 0, 0, 0
134000, 459, 0, 0, 0
134999, 458, 0, 0, 0
136000, 462, 0, 0, 0
136999, 441, 0, 0, 0
138000, 449, 0, 0, 0
139000, 438, 0, 0, 0
139999, 449, 0, 0, 0
141000, 452, 0, 0, 0
141999, 448, 0, 0, 0
143000, 429, 0, 0, 0
144000, 453, 0, 0, 0
144999, 442, 0, 0, 0
146000, 437, 0, 0, 0
146999, 469, 0, 0, 0
148000, 446, 0, 0, 0
149000, 423, 0, 0, 0
149999, 453, 0, 0, 0
151000, 442, 0, 0, 0
151999, 393, 0, 0, 0
152999, 277, 0, 0, 0
154000, 458, 0, 0, 0
154999, 452, 0, 0, 0
155999, 442, 0, 0, 0
157000, 458, 0, 0, 0
157999, 451, 0, 0, 0
159000, 444, 0, 0, 0
159999, 461, 0, 0, 0
161000, 460, 0, 0, 0
161999, 458, 0, 0, 0
163000, 464, 0, 0, 0
163999, 444, 0, 0, 0
164999, 448, 0, 0, 0
166000, 440, 0, 0, 0
166999, 444, 0, 0, 0
168000, 444, 0, 0, 0
168999, 439, 0, 0, 0
170000, 460, 0, 0, 0
170999, 453, 0, 0, 0
171999, 469, 0, 0, 0
173000, 457, 0, 0, 0
173999, 477, 0, 0, 0
175000, 468, 0, 0, 0
175999, 440, 0, 0, 0
177000, 455, 0, 0, 0
177999, 462, 0, 0, 0
179000, 460, 0, 0, 0
179999, 462, 0, 0, 0
