1000, 2048, 0, 0, 0
2000, 1932, 0, 0, 0
3000, 1705, 0, 0, 0
3999, 1545, 0, 0, 0
5000, 2032, 0, 0, 0
5999, 1981, 0, 0, 0
6999, 1632, 0, 0, 0
7999, 1776, 0, 0, 0
8999, 1797, 0, 0, 0
9999, 2036, 0, 0, 0
11000, 1952, 0, 0, 0
11999, 1709, 0, 0, 0
13000, 1712, 0, 0, 0
14000, 1825, 0, 0, 0
14999, 1957, 0, 0, 0
15999, 1952, 0, 0, 0
17000, 1892, 0, 0, 0
18000, 1729, 0, 0, 0
18999, 2014, 0, 0, 0
20000, 2036, 0, 0, 0
21000, 2136, 0, 0, 0
22000, 2218, 0, 0, 0
22999, 2090, 0, 0, 0
24000, 2064, 0, 0, 0
25000, 2020, 0, 0, 0
26000, 2006, 0, 0, 0
26999, 2014, 0, 0, 0
28000, 1954, 0, 0, 0
29001, 2036, 0, 0, 0
30002, 2040, 0, 0, 0
31003, 1916, 0, 0, 0
32004, 2080, 0, 0, 0
33004, 1984, 0, 0, 0
34005, 2024, 0, 0, 0
35006, 2000, 0, 0, 0
36007, 2032, 0, 0, 0
37008, 1968, 0, 0, 0
38008, 2104, 0, 0, 0
39009, 1912, 0, 0, 0
40009, 2064, 0, 0, 0
41010, 2064, 0, 0, 0
42010, 2012, 0, 0, 0
43011, 1972, 0, 0, 0
44012, 2032, 0, 0, 0
45012, 1964, 0, 0, 0
46013, 2044, 0, 0, 0
47013, 2036, 0, 0, 0
48014, 1980, 0, 0, 0
49015, 2020, 0, 0, 0
50016, 2072, 0, 0, 0
51017, 2024, 0, 0, 0
52017, 2084, 0, 0, 0
53018, 1884, 0, 0, 0
54019, 1796, 0, 0, 0
55019, 1876, 0, 0, 0
56019, 1856, 0, 0, 0
57020, 1808, 0, 0, 0
58020, 1972, 0, 0, 0
59021, 1976, 0, 0, 0
60022, 1940, 0, 0, 0
61022, 1968, 0, 0, 0
62023, 1616, 0, 0, 0
63024, 1904, 0, 0, 0
64024, 2172, 0, 0, 0
65025, 2084, 0, 0, 0
66025, 1708, 0, 0, 0
67025, 1676, 0, 0, 0
68026, 1656, 0, 0, 0
69026, 1748, 0, 0, 0
70027, 1792, 0, 0, 0
71027, 1860, 0, 0, 0
72028, 1572, 0, 0, 0
73029, 1652, 0, 0, 0
74029, 1520, 0, 0, 0
75030, 1836, 0, 0, 0
76030, 1880, 0, 0, 0
77031, 1840, 0, 0, 0
78031, 1828, 0, 0, 0
79032, 1960, 0, 0, 0
80033, 1942, 0, 0, 0
81034, 1948, 0, 0, 0
82035, 1856, 0, 0, 0
83035, 1960, 0, 0, 0
84036, 1972, 0, 0, 0
85037, 1976, 0, 0, 0
86037, 1872, 0, 0, 0
87038, 1868, 0, 0, 0
88038, 1976, 0, 0, 0
89039, 1864, 0, 0, 0
90039, 1988, 0, 0, 0
91040, 1944, 0, 0, 0
92041, 1920, 0, 0, 0
93041, 1952, 0, 0, 0
94042, 1948, 0, 0, 0
95042, 1984, 0, 0, 0
96043, 1972, 0, 0, 0
97043, 1944, 0, 0, 0
98044, 1940, 0, 0, 0
99045, 1950, 0, 0, 0
100046, 1736, 0, 0, 0
101047, 1716, 0, 0, 0
102047, 1584, 0, 0, 0
103048, 1836, 0, 0, 0
104049, 1696, 0, 0, 0
105049, 2000, 0, 0, 0
106050, 1704, 0, 0, 0
107051, 2000, 0, 0, 0
108052, 1832, 0, 0, 0
109052, 1832, 0, 0, 0
110052, 1744, 0, 0, 0
111053, 1744, 0, 0, 0
112053, 2152, 0, 0, 0
113054, 2076, 0, 0, 0
114054, 2092, 0, 0, 0
115055, 2024, 0, 0, 0
116055, 1848, 0, 0, 0
117056, 1832, 0, 0, 0
118057, 1784, 0, 0, 0
119057, 1596, 0, 0, 0
120058, 1540, 0, 0, 0
121058, 1512, 0, 0, 0
122059, 1556, 0, 0, 0
123060, 1884, 0, 0, 0
124060, 1640, 0, 0, 0
125061, 1580, 0, 0, 0
126061, 1748, 0, 0, 0
127062, 1588, 0, 0, 0
128062, 1584, 0, 0, 0
129063, 1712, 0, 0, 0
130064, 1668, 0, 0, 0
131064, 1700, 0, 0, 0
132065, 1784, 0, 0, 0
133065, 1796, 0, 0, 0
134065, 1672, 0, 0, 0
135066, 1844, 0, 0, 0
136066, 1888, 0, 0, 0
137067, 1984, 0, 0, 0
138067, 1772, 0, 0, 0
139068, 1780, 0, 0, 0
140068, 1740, 0, 0, 0
141069, 1816, 0, 0, 0
142069, 1760, 0, 0, 0
143070, 1976, 0, 0, 0
144070, 1700, 0, 0, 0
145071, 2012, 0, 0, 0
146071, 1988, 0, 0, 0
147072, 1956, 0, 0, 0
148073, 2021, 0, 0, 0
149073, 2012, 0, 0, 0
150074, 1896, 0, 0, 0
151074, 1688, 0, 0, 0
152075, 1640, 0, 0, 0
153075, 1756, 0, 0, 0
154076, 1974, 0, 0, 0
155077, 2016, 0, 0, 0
156077, 2044, 0, 0, 0
157078, 2040, 0, 0, 0
158078, 1980, 0, 0, 0
159079, 2048, 0, 0, 0
160080, 1956, 0, 0, 0
161080, 2004, 0, 0, 0
162080, 1736, 0, 0, 0
163081, 1652, 0, 0, 0
164081, 1628, 0, 0, 0
165081, 1832, 0, 0, 0
166082, 1732, 0, 0, 0
167082, 1876, 0, 0, 0
168083, 1808, 0, 0, 0
169083, 1876, 0, 0, 0
170084, 1596, 0, 0, 0
171085, 1780, 0, 0, 0
172085, 1652, 0, 0, 0
173086, 1848, 0, 0, 0
174086, 1680, 0, 0, 0
175087, 1780, 0, 0, 0
176087, 1580, 0, 0, 0
177088, 1648, 0, 0, 0
178088, 1864, 0, 0, 0
179089, 1808, 0, 0, 0
180089, 1596, 0, 0, 0
