1000, 7515600, 1, 0, 0
2000, 8687308, 1, 0, 0
3002, 8284186, 1, 0, 0
4000, 8167024, 1, 0, 0
5000, 8417469, 1, 0, 0
6001, 8219547, 1, 0, 0
7002, 8112485, 1, 0, 0
8001, 8261660, 1, 0, 0
9001, 8209671, 1, 0, 0
10000, 8047247, 1, 0, 0
11000, 7921253, 1, 0, 0
12000, 8294159, 1, 0, 0
13000, 8205374, 1, 0, 0
14000, 8682384, 1, 0, 0
15000, 7920668, 1, 0, 0
16000, 7614757, 1, 0, 0
17000, 8357853, 1, 0, 0
18004, 8069841, 1, 0, 0
19000, 8935081, 1, 0, 0
20000, 8065241, 1, 0, 0
21000, 8266074, 1, 0, 0
22002, 8071127, 1, 0, 0
23000, 8466276, 1, 0, 0
24000, 8633798, 1, 0, 0
25044, 7915886, 1, 0, 0
26000, 8403848, 1, 0, 0
27000, 8323108, 1, 0, 0
28000, 8567079, 1, 0, 0
29002, 7741729, 1, 0, 0
30000, 8276070, 1, 0, 0
31000, 8029007, 1, 0, 0
32000, 8017643, 1, 0, 0
33000, 8550938, 1, 0, 0
34000, 8229077, 1, 0, 0
35000, 8146651, 1, 0, 0
36001, 8139319, 1, 0, 0
37000, 9036234, 1, 0, 0
38001, 8484089, 1, 0, 0
39033, 8487502, 1, 0, 0
40000, 9182228, 1, 0, 0
41000, 7800510, 1, 0, 0
42000, 8692199, 1, 0, 0
43001, 8262777, 1, 0, 0
44000, 8874205, 1, 0, 0
45001, 8172694, 1, 0, 0
46001, 8455408, 1, 0, 0
47000, 8587273, 1, 0, 0
48003, 8366355, 1, 0, 0
49000, 8196726, 1, 0, 0
50000, 8540449, 1, 0, 0
51001, 8577015, 1, 0, 0
52000, 8435902, 1, 0, 0
53000, 8322098, 1, 0, 0
54000, 8632503, 1, 0, 0
55000, 8455214, 1, 0, 0
56002, 7939481, 1, 0, 0
57001, 9150746, 1, 0, 0
58000, 8025899, 1, 0, 0
59000, 7774074, 1, 0, 0
60000, 8544621, 1, 0, 0
61001, 8308015, 1, 0, 0
62007, 8115578, 1, 0, 0
63000, 8257668, 1, 0, 0
64000, 8607397, 1, 0, 0
65000, 8222244, 1, 0, 0
66000, 8422819, 1, 0, 0
67000, 8565911, 1, 0, 0
68000, 8272597, 1, 0, 0
69000, 8469003, 1, 0, 0
70000, 8754750, 1, 0, 0
71000, 8515582, 1, 0, 0
72000, 8471970, 1, 0, 0
73000, 8803890, 1, 0, 0
74000, 8108747, 1, 0, 0
75000, 8155353, 1, 0, 0
76000, 8286985, 1, 0, 0
77000, 8566701, 1, 0, 0
78000, 8255470, 1, 0, 0
79000, 7654440, 1, 0, 0
80000, 8175805, 1, 0, 0
81000, 8660146, 1, 0, 0
82000, 8061221, 1, 0, 0
83000, 8289950, 1, 0, 0
84000, 8399887, 1, 0, 0
85019, 8208022, 1, 0, 0
86000, 9118275, 1, 0, 0
87000, 8680654, 1, 0, 0
88000, 8480131, 1, 0, 0
89000, 8403089, 1, 0, 0
90000, 7852878, 1, 0, 0
91000, 8687386, 1, 0, 0
92002, 8650810, 1, 0, 0
93000, 8653856, 1, 0, 0
94000, 7985015, 1, 0, 0
95000, 8018799, 1, 0, 0
96000, 8674366, 1, 0, 0
97000, 8415889, 1, 0, 0
98000, 8331713, 1, 0, 0
99001, 8934537, 1, 0, 0
100002, 7937067, 1, 0, 0
101000, 7956762, 1, 0, 0
102000, 8400557, 1, 0, 0
103000, 8743151, 1, 0, 0
104000, 8170382, 1, 0, 0
105002, 8243737, 1, 0, 0
106000, 8861664, 1, 0, 0
107000, 8400246, 1, 0, 0
108000, 8619503, 1, 0, 0
109000, 8122399, 1, 0, 0
110000, 8251023, 1, 0, 0
111000, 8158962, 1, 0, 0
112000, 7880276, 1, 0, 0
113000, 8426169, 1, 0, 0
114000, 8600537, 1, 0, 0
115000, 8663623, 1, 0, 0
116000, 8190774, 1, 0, 0
117000, 8499954, 1, 0, 0
118000, 8417001, 1, 0, 0
119001, 8815483, 1, 0, 0
120000, 8424509, 1, 0, 0
121000, 8340771, 1, 0, 0
122000, 8486843, 1, 0, 0
123000, 7843981, 1, 0, 0
124000, 7957593, 1, 0, 0
125000, 8126027, 1, 0, 0
126039, 8252619, 1, 0, 0
127000, 8538519, 1, 0, 0
128000, 8506120, 1, 0, 0
129001, 8428169, 1, 0, 0
130000, 8342410, 1, 0, 0
131001, 8497167, 1, 0, 0
132000, 9107888, 1, 0, 0
133000, 8448044, 1, 0, 0
134001, 8251978, 1, 0, 0
135000, 8325144, 1, 0, 0
136000, 8279993, 1, 0, 0
137000, 8337019, 1, 0, 0
138000, 8677411, 1, 0, 0
139000, 8156669, 1, 0, 0
140000, 8512251, 1, 0, 0
141000, 8056460, 1, 0, 0
142001, 8534978, 1, 0, 0
143000, 8391781, 1, 0, 0
144001, 8473261, 1, 0, 0
145000, 7992845, 1, 0, 0
146002, 8311107, 1, 0, 0
147000, 8497664, 1, 0, 0
148000, 8177764, 1, 0, 0
149000, 8751071, 1, 0, 0
150000, 8493183, 1, 0, 0
151000, 8151869, 1, 0, 0
152000, 8785164, 1, 0, 0
153000, 8619146, 1, 0, 0
154000, 8470204, 1, 0, 0
155003, 8307111, 1, 0, 0
156000, 8861695, 1, 0, 0
157000, 8753204, 1, 0, 0
158001, 8501990, 1, 0, 0
159000, 8357033, 1, 0, 0
160000, 7779930, 1, 0, 0
161001, 8687940, 1, 0, 0
162000, 9015093, 1, 0, 0
163000, 7844251, 1, 0, 0
164000, 8205926, 1, 0, 0
165000, 7769515, 1, 0, 0
166000, 8644087, 1, 0, 0
167000, 8107066, 1, 0, 0
168000, 8328513, 1, 0, 0
169000, 8332137, 1, 0, 0
170000, 8242626, 1, 0, 0
171000, 8443084, 1, 0, 0
172000, 8369682, 1, 0, 0
173000, 8488600, 1, 0, 0
174000, 8444697, 1, 0, 0
175000, 8517314, 1, 0, 0
176000, 8143756, 1, 0, 0
177000, 8595330, 1, 0, 0
178000, 8132600, 1, 0, 0
179001, 8201188, 1, 0, 0
180000, 8464725, 1, 0, 0
180007, 10355562, 1, 0, 0
