1010, 14861683, 1, 0, 0
2000, 16790873, 1, 0, 0
3013, 16695457, 1, 0, 0
4021, 17549119, 1, 0, 0
5015, 17218564, 1, 0, 0
6013, 16932008, 1, 0, 0
7010, 16425438, 1, 0, 0
8018, 16613750, 1, 0, 0
9012, 16460895, 1, 0, 0
10022, 16701500, 1, 0, 0
11015, 16824748, 1, 0, 0
12025, 17301906, 1, 0, 0
13000, 16576032, 1, 0, 0
14011, 16622808, 1, 0, 0
15020, 17790239, 1, 0, 0
16012, 16443835, 1, 0, 0
17000, 16617445, 1, 0, 0
18013, 16978453, 1, 0, 0
19000, 16615457, 1, 0, 0
20018, 16594921, 1, 0, 0
21011, 16459047, 1, 0, 0
22020, 16917584, 1, 0, 0
23013, 16971905, 1, 0, 0
24022, 16969817, 1, 0, 0
25015, 16308515, 1, 0, 0
26011, 16582290, 1, 0, 0
27022, 16676138, 1, 0, 0
28014, 15915156, 1, 0, 0
29015, 16803639, 1, 0, 0
30016, 16371668, 1, 0, 0
31023, 16473123, 1, 0, 0
32011, 17256564, 1, 0, 0
33020, 16885173, 1, 0, 0
34016, 16605509, 1, 0, 0
35019, 17037729, 1, 0, 0
36018, 16738274, 1, 0, 0
37011, 16535760, 1, 0, 0
38013, 16294525, 1, 0, 0
39012, 16596504, 1, 0, 0
40011, 16882813, 1, 0, 0
41020, 17010828, 1, 0, 0
42012, 17009881, 1, 0, 0
43024, 17023884, 1, 0, 0
44014, 16363034, 1, 0, 0
45022, 17209690, 1, 0, 0
46016, 16296468, 1, 0, 0
47000, 16885084, 1, 0, 0
48016, 16387069, 1, 0, 0
49002, 16149564, 1, 0, 0
50017, 16354872, 1, 0, 0
51011, 16844131, 1, 0, 0
52023, 17082487, 1, 0, 0
53013, 16207924, 1, 0, 0
54012, 17058385, 1, 0, 0
55009, 16552246, 1, 0, 0
56001, 17271553, 1, 0, 0
57014, 16560584, 1, 0, 0
58023, 17394354, 1, 0, 0
59011, 16411244, 1, 0, 0
60010, 17141961, 1, 0, 0
61015, 16257077, 1, 0, 0
62011, 16337170, 1, 0, 0
63015, 16470484, 1, 0, 0
64018, 16418051, 1, 0, 0
65010, 16827959, 1, 0, 0
66011, 16542945, 1, 0, 0
67021, 16887283, 1, 0, 0
68011, 16254603, 1, 0, 0
69013, 17081715, 1, 0, 0
70000, 16723751, 1, 0, 0
71014, 16573803, 1, 0, 0
72009, 16971288, 1, 0, 0
73018, 16874608, 1, 0, 0
74012, 16507007, 1, 0, 0
75020, 16858648, 1, 0, 0
76011, 16564407, 1, 0, 0
77020, 17508709, 1, 0, 0
78013, 16076219, 1, 0, 0
79025, 16675543, 1, 0, 0
80012, 16990321, 1, 0, 0
81010, 17046719, 1, 0, 0
82020, 16761544, 1, 0, 0
83015, 16772602, 1, 0, 0
84020, 17174784, 1, 0, 0
85016, 16311653, 1, 0, 0
86010, 16787857, 1, 0, 0
87018, 16624969, 1, 0, 0
88011, 16975350, 1, 0, 0
89019, 17157574, 1, 0, 0
90011, 16372833, 1, 0, 0
91000, 16866694, 1, 0, 0
92011, 16846285, 1, 0, 0
93023, 16664332, 1, 0, 0
94013, 17193590, 1, 0, 0
95010, 16336264, 1, 0, 0
96004, 17126704, 1, 0, 0
97010, 16825835, 1, 0, 0
98010, 17097084, 1, 0, 0
99017, 16671911, 1, 0, 0
100015, 16833446, 1, 0, 0
101024, 16713482, 1, 0, 0
102019, 17278177, 1, 0, 0
103013, 16442217, 1, 0, 0
104024, 17123819, 1, 0, 0
105018, 16929241, 1, 0, 0
106017, 16841671, 1, 0, 0
107024, 16467109, 1, 0, 0
108018, 16963736, 1, 0, 0
109013, 17029103, 1, 0, 0
110024, 16722377, 1, 0, 0
111015, 17384845, 1, 0, 0
112016, 17164932, 1, 0, 0
113016, 16736765, 1, 0, 0
114025, 16293870, 1, 0, 0
115017, 16780938, 1, 0, 0
116009, 16076234, 1, 0, 0
117020, 16517899, 1, 0, 0
118013, 16538097, 1, 0, 0
119004, 16938818, 1, 0, 0
120013, 16134640, 1, 0, 0
121018, 16414028, 1, 0, 0
122016, 16791243, 1, 0, 0
123010, 15996476, 1, 0, 0
124000, 17178202, 1, 0, 0
125014, 16326052, 1, 0, 0
126010, 15954432, 1, 0, 0
127017, 16561455, 1, 0, 0
128012, 16631462, 1, 0, 0
129021, 17039278, 1, 0, 0
130017, 17057178, 1, 0, 0
131016, 17352986, 1, 0, 0
132020, 16989052, 1, 0, 0
133011, 16131893, 1, 0, 0
134009, 15889083, 1, 0, 0
135016, 17184184, 1, 0, 0
136011, 17143737, 1, 0, 0
137000, 17080173, 1, 0, 0
138017, 17056128, 1, 0, 0
139011, 16307098, 1, 0, 0
140016, 16500026, 1, 0, 0
141012, 16603996, 1, 0, 0
142009, 17096698, 1, 0, 0
143012, 16503387, 1, 0, 0
144021, 16487749, 1, 0, 0
145013, 16080518, 1, 0, 0
146010, 16724838, 1, 0, 0
147019, 16625720, 1, 0, 0
148015, 16065981, 1, 0, 0
149010, 16327217, 1, 0, 0
150020, 16627913, 1, 0, 0
151017, 16237908, 1, 0, 0
152009, 16622758, 1, 0, 0
153010, 16933407, 1, 0, 0
154013, 16104375, 1, 0, 0
155022, 16726704, 1, 0, 0
156016, 17465019, 1, 0, 0
157011, 16590668, 1, 0, 0
158006, 17507769, 1, 0, 0
159013, 17180965, 1, 0, 0
160022, 16750525, 1, 0, 0
161015, 16323272, 1, 0, 0
162009, 16705468, 1, 0, 0
163009, 16548500, 1, 0, 0
164010, 17282853, 1, 0, 0
165013, 17504854, 1, 0, 0
166013, 16779386, 1, 0, 0
167009, 16904212, 1, 0, 0
168016, 16765777, 1, 0, 0
169010, 16039668, 1, 0, 0
170021, 17060407, 1, 0, 0
171018, 16434964, 1, 0, 0
172014, 17149004, 1, 0, 0
173010, 16746790, 1, 0, 0
174020, 17219029, 1, 0, 0
175013, 16902623, 1, 0, 0
176001, 17136646, 1, 0, 0
177019, 16887840, 1, 0, 0
178016, 16952380, 1, 0, 0
179010, 16445059, 1, 0, 0
180034, 16791287, 1, 0, 0
180040, 59568739, 1, 0, 0
