1029, 7228716, 0, 0, 0
2032, 8394016, 0, 0, 0
3029, 8376689, 0, 0, 0
4000, 8451560, 0, 0, 0
5028, 8388506, 0, 0, 0
6027, 8276923, 0, 0, 0
7039, 8280404, 0, 0, 0
8036, 8335904, 0, 0, 0
9030, 8431609, 0, 0, 0
10027, 8294936, 0, 0, 0
11000, 8500450, 0, 0, 0
12031, 8327742, 0, 0, 0
13033, 8453528, 0, 0, 0
14001, 8391442, 0, 0, 0
15026, 8309928, 0, 0, 0
16035, 8385822, 0, 0, 0
17029, 8179030, 0, 0, 0
18029, 8417973, 0, 0, 0
19000, 8392063, 0, 0, 0
20026, 8438853, 0, 0, 0
21030, 8288630, 0, 0, 0
22000, 8442444, 0, 0, 0
23029, 8332522, 0, 0, 0
24040, 8300217, 0, 0, 0
25000, 8392554, 0, 0, 0
26026, 8336536, 0, 0, 0
27000, 8585867, 0, 0, 0
28027, 8312376, 0, 0, 0
29033, 8319674, 0, 0, 0
30000, 8419112, 0, 0, 0
31031, 8420626, 0, 0, 0
32000, 8416231, 0, 0, 0
33031, 8322395, 0, 0, 0
34033, 8257143, 0, 0, 0
35034, 8375915, 0, 0, 0
36028, 8295690, 0, 0, 0
37027, 8322588, 0, 0, 0
38027, 8376007, 0, 0, 0
39003, 8446770, 0, 0, 0
40000, 8127953, 0, 0, 0
41030, 8307267, 0, 0, 0
42034, 8452810, 0, 0, 0
43029, 8322003, 0, 0, 0
44033, 8186833, 0, 0, 0
45000, 8533362, 0, 0, 0
46030, 8418646, 0, 0, 0
47033, 8445389, 0, 0, 0
48000, 8478352, 0, 0, 0
49030, 8275116, 0, 0, 0
50026, 8317620, 0, 0, 0
51035, 8519344, 0, 0, 0
52000, 8397053, 0, 0, 0
53034, 8337810, 0, 0, 0
54029, 8428135, 0, 0, 0
55027, 8395313, 0, 0, 0
56034, 8452606, 0, 0, 0
57030, 8447620, 0, 0, 0
58026, 8392220, 0, 0, 0
59000, 8442540, 0, 0, 0
60029, 8392471, 0, 0, 0
61030, 8323498, 0, 0, 0
62000, 8450257, 0, 0, 0
63026, 8329643, 0, 0, 0
64000, 8383098, 0, 0, 0
65030, 8344428, 0, 0, 0
66026, 8252315, 0, 0, 0
67000, 8607796, 0, 0, 0
68032, 8158464, 0, 0, 0
69032, 8309437, 0, 0, 0
70000, 8460701, 0, 0, 0
71029, 8387468, 0, 0, 0
72035, 8391921, 0, 0, 0
73001, 8261563, 0, 0, 0
74040, 8419406, 0, 0, 0
75000, 8401167, 0, 0, 0
76028, 8193790, 0, 0, 0
77032, 8319809, 0, 0, 0
78032, 8448758, 0, 0, 0
79026, 8360313, 0, 0, 0
80000, 8451992, 0, 0, 0
81029, 8350633, 0, 0, 0
82003, 8331234, 0, 0, 0
83001, 8443902, 0, 0, 0
84030, 8322948, 0, 0, 0
85000, 8636098, 0, 0, 0
86030, 8309495, 0, 0, 0
87026, 8353998, 0, 0, 0
88000, 8481649, 0, 0, 0
89027, 8318235, 0, 0, 0
90030, 8365967, 0, 0, 0
91028, 8367405, 0, 0, 0
92000, 8443664, 0, 0, 0
93030, 8322138, 0, 0, 0
94025, 8337440, 0, 0, 0
95000, 8347852, 0, 0, 0
96029, 8278264, 0, 0, 0
97038, 8389989, 0, 0, 0
98034, 8422549, 0, 0, 0
99030, 8386989, 0, 0, 0
100000, 8454978, 0, 0, 0
101028, 8148706, 0, 0, 0
102038, 8390143, 0, 0, 0
103027, 8308922, 0, 0, 0
104035, 8285812, 0, 0, 0
105000, 8521939, 0, 0, 0
106030, 8335386, 0, 0, 0
107035, 8257767, 0, 0, 0
108000, 8441907, 0, 0, 0
109029, 8320732, 0, 0, 0
110024, 8329800, 0, 0, 0
111035, 8402316, 0, 0, 0
112000, 8353995, 0, 0, 0
113034, 8248643, 0, 0, 0
114000, 8446543, 0, 0, 0
115000, 8252091, 0, 0, 0
116034, 8266580, 0, 0, 0
117027, 8379723, 0, 0, 0
118033, 8301907, 0, 0, 0
119028, 8438677, 0, 0, 0
120028, 8447786, 0, 0, 0
121000, 8465078, 0, 0, 0
122032, 8237347, 0, 0, 0
123025, 8327347, 0, 0, 0
124031, 8359949, 0, 0, 0
125030, 8417240, 0, 0, 0
126027, 8358685, 0, 0, 0
127000, 8433885, 0, 0, 0
128029, 8159746, 0, 0, 0
129000, 8502603, 0, 0, 0
130030, 8244217, 0, 0, 0
131040, 8290075, 0, 0, 0
132027, 8401930, 0, 0, 0
133027, 8402173, 0, 0, 0
134000, 8537616, 0, 0, 0
135000, 8190682, 0, 0, 0
136029, 8257380, 0, 0, 0
137040, 8270523, 0, 0, 0
138000, 8602559, 0, 0, 0
139030, 8282851, 0, 0, 0
140040, 8331140, 0, 0, 0
141000, 8456508, 0, 0, 0
142026, 8264505, 0, 0, 0
143039, 8288622, 0, 0, 0
144032, 8445412, 0, 0, 0
145025, 8305498, 0, 0, 0
146000, 8465361, 0, 0, 0
147028, 8246416, 0, 0, 0
148024, 8332472, 0, 0, 0
149000, 8579117, 0, 0, 0
150032, 8181743, 0, 0, 0
151026, 8375249, 0, 0, 0
152000, 8414818, 0, 0, 0
153032, 8427146, 0, 0, 0
154026, 8301491, 0, 0, 0
155038, 8426502, 0, 0, 0
156025, 8282161, 0, 0, 0
157027, 8469651, 0, 0, 0
158039, 8458276, 0, 0, 0
159001, 8509414, 0, 0, 0
160028, 8286622, 0, 0, 0
161000, 8514923, 0, 0, 0
162029, 8278614, 0, 0, 0
163025, 8347476, 0, 0, 0
164038, 8279329, 0, 0, 0
165031, 8408943, 0, 0, 0
166026, 8305629, 0, 0, 0
167000, 8493140, 0, 0, 0
168026, 8180395, 0, 0, 0
169027, 8428245, 0, 0, 0
170040, 8334553, 0, 0, 0
171000, 8486381, 0, 0, 0
172028, 8298181, 0, 0, 0
173030, 8337961, 0, 0, 0
174032, 8377201, 0, 0, 0
175025, 8404503, 0, 0, 0
176000, 8513013, 0, 0, 0
177024, 8204256, 0, 0, 0
178038, 8309530, 0, 0, 0
179000, 8505974, 0, 0, 0
180030, 8280311, 0, 0, 0
180032, 37221170, 0, 0, 0
