1000, 2160, 1, 0, 0
2000, 2224, 1, 0, 0
3000, 2215, 1, 0, 0
4001, 2198, 1, 0, 0
5000, 2246, 1, 0, 0
6000, 2261, 1, 0, 0
7000, 2202, 1, 0, 0
8000, 2225, 1, 0, 0
9000, 2311, 1, 0, 0
10001, 2228, 1, 0, 0
11000, 2261, 1, 0, 0
12001, 2219, 1, 0, 0
13000, 2051, 1, 0, 0
14000, 2210, 1, 0, 0
15001, 2273, 1, 0, 0
16000, 2277, 1, 0, 0
17000, 2260, 1, 0, 0
18000, 2263, 1, 0, 0
19000, 2205, 1, 0, 0
20001, 2271, 1, 0, 0
21000, 2189, 1, 0, 0
22001, 2198, 1, 0, 0
23000, 2150, 1, 0, 0
24000, 2176, 1, 0, 0
25000, 2277, 1, 0, 0
26000, 2171, 1, 0, 0
27000, 2232, 1, 0, 0
28000, 2256, 1, 0, 0
29001, 2161, 1, 0, 0
30000, 2226, 1, 0, 0
31000, 2101, 1, 0, 0
32000, 2213, 1, 0, 0
33000, 2167, 1, 0, 0
34000, 2209, 1, 0, 0
35000, 2175, 1, 0, 0
36001, 2220, 1, 0, 0
37000, 2233, 1, 0, 0
38000, 2145, 1, 0, 0
39001, 2193, 1, 0, 0
40000, 2209, 1, 0, 0
41000, 2296, 1, 0, 0
42001, 2292, 1, 0, 0
43000, 2131, 1, 0, 0
44000, 2262, 1, 0, 0
45001, 2272, 1, 0, 0
46000, 2218, 1, 0, 0
47000, 2296, 1, 0, 0
48001, 2251, 1, 0, 0
49000, 2296, 1, 0, 0
50000, 2303, 1, 0, 0
51001, 2287, 1, 0, 0
52000, 1595, 1, 0, 0
53000, 2153, 1, 0, 0
54001, 2212, 1, 0, 0
55000, 2178, 1, 0, 0
56000, 2229, 1, 0, 0
57000, 2143, 1, 0, 0
58000, 2179, 1, 0, 0
59000, 2165, 1, 0, 0
60000, 2208, 1, 0, 0
61000, 2210, 1, 0, 0
62000, 2263, 1, 0, 0
63000, 2245, 1, 0, 0
64000, 2325, 1, 0, 0
65001, 2226, 1, 0, 0
66000, 2278, 1, 0, 0
67000, 2250, 1, 0, 0
68000, 2236, 1, 0, 0
69000, 2218, 1, 0, 0
70000, 2271, 1, 0, 0
71000, 2320, 1, 0, 0
72000, 2265, 1, 0, 0
73001, 2170, 1, 0, 0
74000, 2181, 1, 0, 0
75000, 2220, 1, 0, 0
76000, 2081, 1, 0, 0
77000, 2217, 1, 0, 0
78000, 2179, 1, 0, 0
79000, 2232, 1, 0, 0
80000, 2192, 1, 0, 0
81000, 2251, 1, 0, 0
82000, 2257, 1, 0, 0
83000, 2134, 1, 0, 0
84000, 2211, 1, 0, 0
85000, 2232, 1, 0, 0
86000, 2253, 1, 0, 0
87000, 2276, 1, 0, 0
88000, 2221, 1, 0, 0
89001, 2251, 1, 0, 0
90000, 2258, 1, 0, 0
91000, 2228, 1, 0, 0
92001, 2244, 1, 0, 0
93000, 2285, 1, 0, 0
94000, 2166, 1, 0, 0
95000, 2202, 1, 0, 0
96000, 2296, 1, 0, 0
97000, 2227, 1, 0, 0
98000, 2196, 1, 0, 0
99000, 2048, 1, 0, 0
100000, 2158, 1, 0, 0
101000, 2238, 1, 0, 0
102000, 2195, 1, 0, 0
103000, 2246, 1, 0, 0
104000, 2306, 1, 0, 0
105001, 2260, 1, 0, 0
106000, 2233, 1, 0, 0
107000, 2206, 1, 0, 0
108000, 2340, 1, 0, 0
109000, 2214, 1, 0, 0
110001, 2234, 1, 0, 0
111000, 2127, 1, 0, 0
112000, 2213, 1, 0, 0
113000, 2255, 1, 0, 0
114000, 2257, 1, 0, 0
115000, 2195, 1, 0, 0
116000, 2192, 1, 0, 0
117000, 2248, 1, 0, 0
118001, 2283, 1, 0, 0
119000, 2223, 1, 0, 0
120000, 2104, 1, 0, 0
121000, 2187, 1, 0, 0
122000, 2172, 1, 0, 0
123000, 2233, 1, 0, 0
124000, 2237, 1, 0, 0
125000, 2218, 1, 0, 0
126001, 2235, 1, 0, 0
127000, 2294, 1, 0, 0
128000, 2217, 1, 0, 0
129000, 2282, 1, 0, 0
130000, 2266, 1, 0, 0
131001, 2089, 1, 0, 0
132000, 2246, 1, 0, 0
133000, 2235, 1, 0, 0
134000, 2284, 1, 0, 0
135000, 2237, 1, 0, 0
136000, 2127, 1, 0, 0
137000, 2147, 1, 0, 0
138000, 2186, 1, 0, 0
139001, 2208, 1, 0, 0
140000, 2234, 1, 0, 0
141000, 2276, 1, 0, 0
142001, 2250, 1, 0, 0
143000, 2229, 1, 0, 0
144000, 2197, 1, 0, 0
145000, 2224, 1, 0, 0
146000, 2169, 1, 0, 0
147001, 2225, 1, 0, 0
148000, 2253, 1, 0, 0
149000, 2279, 1, 0, 0
150000, 2254, 1, 0, 0
151000, 2226, 1, 0, 0
152000, 2180, 1, 0, 0
153000, 2281, 1, 0, 0
154000, 2305, 1, 0, 0
155001, 2298, 1, 0, 0
156000, 2238, 1, 0, 0
157000, 2223, 1, 0, 0
158000, 2168, 1, 0, 0
159000, 2248, 1, 0, 0
160000, 2220, 1, 0, 0
161000, 2191, 1, 0, 0
162000, 2285, 1, 0, 0
163001, 2166, 1, 0, 0
164000, 2238, 1, 0, 0
165000, 2200, 1, 0, 0
166000, 2176, 1, 0, 0
167000, 2170, 1, 0, 0
168000, 2183, 1, 0, 0
169000, 2206, 1, 0, 0
170000, 2214, 1, 0, 0
171001, 2244, 1, 0, 0
172000, 2113, 1, 0, 0
173000, 2035, 1, 0, 0
174001, 2101, 1, 0, 0
175000, 2162, 1, 0, 0
176000, 2244, 1, 0, 0
177000, 2164, 1, 0, 0
178000, 2171, 1, 0, 0
179000, 2219, 1, 0, 0
180000, 2265, 1, 0, 0
