1004, 102875682, 1, 0, 0
2029, 125271587, 1, 0, 0
3000, 118952556, 1, 0, 0
4002, 117819387, 1, 0, 0
5000, 116537049, 1, 0, 0
6001, 117927628, 1, 0, 0
7035, 121023762, 1, 0, 0
8000, 121819535, 1, 0, 0
9000, 116195659, 1, 0, 0
10000, 118039509, 1, 0, 0
11000, 124341275, 1, 0, 0
12000, 127263756, 1, 0, 0
13000, 128109721, 1, 0, 0
14003, 130528644, 1, 0, 0
15003, 129360217, 1, 0, 0
16000, 128346923, 1, 0, 0
17000, 124006759, 1, 0, 0
18001, 126016840, 1, 0, 0
19002, 126496848, 1, 0, 0
20000, 124649501, 1, 0, 0
21001, 122637525, 1, 0, 0
22002, 119300771, 1, 0, 0
23006, 125033906, 1, 0, 0
24001, 119060955, 1, 0, 0
25000, 122902605, 1, 0, 0
26001, 122466309, 1, 0, 0
27000, 119665352, 1, 0, 0
28000, 122626097, 1, 0, 0
29001, 121245679, 1, 0, 0
30001, 123410654, 1, 0, 0
31001, 119770566, 1, 0, 0
32000, 121016340, 1, 0, 0
33001, 120844001, 1, 0, 0
34000, 118613680, 1, 0, 0
35000, 119711308, 1, 0, 0
36000, 126468132, 1, 0, 0
37001, 128346663, 1, 0, 0
38000, 130581270, 1, 0, 0
39000, 126422779, 1, 0, 0
40001, 129399634, 1, 0, 0
41000, 128795065, 1, 0, 0
42002, 124837305, 1, 0, 0
43001, 125690185, 1, 0, 0
44000, 125804422, 1, 0, 0
45002, 123172106, 1, 0, 0
46002, 132518628, 1, 0, 0
47000, 125507702, 1, 0, 0
48000, 128213828, 1, 0, 0
49000, 124798237, 1, 0, 0
50005, 121747308, 1, 0, 0
51001, 131471619, 1, 0, 0
52046, 133802785, 1, 0, 0
53000, 132580503, 1, 0, 0
54002, 143255162, 1, 0, 0
55000, 133596155, 1, 0, 0
56001, 131247558, 1, 0, 0
57001, 129931078, 1, 0, 0
58000, 131526901, 1, 0, 0
59042, 130453311, 1, 0, 0
60000, 133133430, 1, 0, 0
61006, 136387859, 1, 0, 0
62002, 163656367, 1, 0, 0
63000, 136591584, 1, 0, 0
64000, 143713934, 1, 0, 0
65000, 144852825, 1, 0, 0
66000, 141128286, 1, 0, 0
67001, 130149078, 1, 0, 0
68000, 128336928, 1, 0, 0
69000, 126918877, 1, 0, 0
70006, 130833715, 1, 0, 0
71002, 136318358, 1, 0, 0
72002, 133373525, 1, 0, 0
73000, 135033233, 1, 0, 0
74000, 136093902, 1, 0, 0
75031, 136507286, 1, 0, 0
76001, 130812636, 1, 0, 0
77000, 129858066, 1, 0, 0
78000, 126588329, 1, 0, 0
79000, 134595703, 1, 0, 0
80000, 129994991, 1, 0, 0
81001, 139941629, 1, 0, 0
82000, 134094768, 1, 0, 0
83036, 138009432, 1, 0, 0
84001, 136049503, 1, 0, 0
85000, 135372141, 1, 0, 0
86000, 151290999, 1, 0, 0
87000, 137709260, 1, 0, 0
88001, 142513176, 1, 0, 0
89000, 137494602, 1, 0, 0
90000, 138030186, 1, 0, 0
91000, 132135825, 1, 0, 0
92003, 135682152, 1, 0, 0
93000, 132320052, 1, 0, 0
94000, 138352052, 1, 0, 0
95001, 146819027, 1, 0, 0
96000, 144026157, 1, 0, 0
97001, 151545325, 1, 0, 0
98007, 159332693, 1, 0, 0
99006, 137860280, 1, 0, 0
100001, 138542661, 1, 0, 0
101012, 137367745, 1, 0, 0
102004, 142614617, 1, 0, 0
103000, 127977161, 1, 0, 0
104002, 127629299, 1, 0, 0
105002, 128823522, 1, 0, 0
106001, 128762499, 1, 0, 0
107000, 130954439, 1, 0, 0
108000, 130675872, 1, 0, 0
109000, 130506626, 1, 0, 0
110000, 130483160, 1, 0, 0
111001, 131123442, 1, 0, 0
112000, 129945346, 1, 0, 0
113000, 126563251, 1, 0, 0
114000, 122599211, 1, 0, 0
115002, 143978314, 1, 0, 0
116000, 142123886, 1, 0, 0
117004, 152670692, 1, 0, 0
118000, 145356083, 1, 0, 0
119000, 140428872, 1, 0, 0
120001, 149697460, 1, 0, 0
121000, 147365551, 1, 0, 0
122001, 139216368, 1, 0, 0
123000, 133085844, 1, 0, 0
124003, 126080194, 1, 0, 0
125001, 126410619, 1, 0, 0
126001, 125216104, 1, 0, 0
127001, 124948919, 1, 0, 0
128001, 137823632, 1, 0, 0
129001, 168215984, 1, 0, 0
130000, 148827934, 1, 0, 0
131000, 151486003, 1, 0, 0
132000, 135358119, 1, 0, 0
133002, 144887304, 1, 0, 0
134002, 149755569, 1, 0, 0
135000, 148859931, 1, 0, 0
136000, 147231540, 1, 0, 0
137009, 150510769, 1, 0, 0
138000, 163321881, 1, 0, 0
139000, 144298858, 1, 0, 0
140001, 144150288, 1, 0, 0
141003, 144992789, 1, 0, 0
142000, 141329782, 1, 0, 0
143001, 146629121, 1, 0, 0
144000, 151507948, 1, 0, 0
145001, 140734233, 1, 0, 0
146002, 153391530, 1, 0, 0
147002, 149391297, 1, 0, 0
148000, 157632242, 1, 0, 0
149000, 132435977, 1, 0, 0
150001, 135464561, 1, 0, 0
151001, 147740385, 1, 0, 0
152003, 137819644, 1, 0, 0
153001, 141463142, 1, 0, 0
154002, 137544020, 1, 0, 0
155001, 134130756, 1, 0, 0
156001, 137427494, 1, 0, 0
157000, 134031191, 1, 0, 0
158004, 135921913, 1, 0, 0
159000, 136480314, 1, 0, 0
160000, 134198060, 1, 0, 0
161000, 136467888, 1, 0, 0
162001, 135605290, 1, 0, 0
163001, 134269207, 1, 0, 0
164000, 132150749, 1, 0, 0
165000, 150752873, 1, 0, 0
166001, 134474777, 1, 0, 0
167000, 128955334, 1, 0, 0
168000, 128851254, 1, 0, 0
169000, 127496500, 1, 0, 0
170001, 127208024, 1, 0, 0
171002, 128096975, 1, 0, 0
172000, 126965153, 1, 0, 0
173000, 129507862, 1, 0, 0
174002, 130723492, 1, 0, 0
175001, 132043779, 1, 0, 0
176004, 130719289, 1, 0, 0
177001, 130088710, 1, 0, 0
178000, 129379176, 1, 0, 0
179000, 129181849, 1, 0, 0
180001, 127808316, 1, 0, 0
180109, 181118522, 1, 0, 0
