1008, 120814238, 0, 0, 0
2001, 134265103, 0, 0, 0
3000, 143300220, 0, 0, 0
4010, 120783508, 0, 0, 0
5005, 130859879, 0, 0, 0
6001, 132232047, 0, 0, 0
7009, 169316981, 0, 0, 0
8006, 135382969, 0, 0, 0
9001, 156485191, 0, 0, 0
10000, 138694637, 0, 0, 0
11005, 150971109, 0, 0, 0
12005, 141423141, 0, 0, 0
13001, 142297256, 0, 0, 0
14000, 152139020, 0, 0, 0
15005, 153080691, 0, 0, 0
16000, 135090381, 0, 0, 0
17007, 144196580, 0, 0, 0
18000, 144623640, 0, 0, 0
19003, 140596906, 0, 0, 0
20004, 162009474, 0, 0, 0
21004, 144962357, 0, 0, 0
22001, 144130099, 0, 0, 0
23004, 148741452, 0, 0, 0
24000, 124763024, 0, 0, 0
25009, 125621967, 0, 0, 0
26000, 145776336, 0, 0, 0
27000, 151324960, 0, 0, 0
28006, 138551796, 0, 0, 0
29000, 140301417, 0, 0, 0
30001, 140963082, 0, 0, 0
31002, 138701194, 0, 0, 0
32001, 147626812, 0, 0, 0
33009, 130673144, 0, 0, 0
34006, 127193293, 0, 0, 0
35001, 138737002, 0, 0, 0
36001, 142157826, 0, 0, 0
37007, 143560532, 0, 0, 0
38001, 144472703, 0, 0, 0
39007, 136111673, 0, 0, 0
40002, 145007592, 0, 0, 0
41000, 147452070, 0, 0, 0
42000, 136367700, 0, 0, 0
43001, 143344804, 0, 0, 0
44001, 138955115, 0, 0, 0
45005, 141450177, 0, 0, 0
46003, 151850829, 0, 0, 0
47000, 134867838, 0, 0, 0
48001, 135800729, 0, 0, 0
49000, 148716352, 0, 0, 0
50000, 160458652, 0, 0, 0
51003, 145910771, 0, 0, 0
52003, 149950023, 0, 0, 0
53000, 150147759, 0, 0, 0
54004, 142391928, 0, 0, 0
55001, 143530327, 0, 0, 0
56000, 131859613, 0, 0, 0
57001, 129964040, 0, 0, 0
58002, 131857348, 0, 0, 0
59009, 129802126, 0, 0, 0
60006, 130522573, 0, 0, 0
61002, 140145450, 0, 0, 0
62007, 143205190, 0, 0, 0
63000, 153202904, 0, 0, 0
64004, 159477553, 0, 0, 0
65002, 177506990, 0, 0, 0
66000, 156089692, 0, 0, 0
67000, 144550469, 0, 0, 0
68003, 145310237, 0, 0, 0
69000, 146890962, 0, 0, 0
70006, 143141894, 0, 0, 0
71001, 151898418, 0, 0, 0
72000, 149243738, 0, 0, 0
73007, 152998047, 0, 0, 0
74001, 141373304, 0, 0, 0
75000, 141990814, 0, 0, 0
76004, 148993416, 0, 0, 0
77000, 134063534, 0, 0, 0
78009, 123549531, 0, 0, 0
79004, 137882708, 0, 0, 0
80000, 135805891, 0, 0, 0
81005, 131724068, 0, 0, 0
82000, 133755898, 0, 0, 0
83001, 132491941, 0, 0, 0
84004, 130228791, 0, 0, 0
85002, 133050942, 0, 0, 0
86000, 133709728, 0, 0, 0
87008, 132930628, 0, 0, 0
88004, 134503834, 0, 0, 0
89000, 134935423, 0, 0, 0
90007, 133959746, 0, 0, 0
91001, 142026604, 0, 0, 0
92000, 133975505, 0, 0, 0
93006, 136325996, 0, 0, 0
94001, 137705761, 0, 0, 0
95000, 137167642, 0, 0, 0
96001, 137427743, 0, 0, 0
97000, 135271655, 0, 0, 0
98002, 137611042, 0, 0, 0
99001, 133262279, 0, 0, 0
100001, 147487024, 0, 0, 0
101004, 133964639, 0, 0, 0
102002, 139790612, 0, 0, 0
103003, 156855131, 0, 0, 0
104001, 149425462, 0, 0, 0
105000, 151960775, 0, 0, 0
106000, 154404848, 0, 0, 0
107005, 136028309, 0, 0, 0
108001, 148965781, 0, 0, 0
109008, 146616321, 0, 0, 0
110000, 148118965, 0, 0, 0
111009, 160549204, 0, 0, 0
112002, 166214772, 0, 0, 0
113000, 154547808, 0, 0, 0
114004, 154158009, 0, 0, 0
115000, 138314411, 0, 0, 0
116010, 139623877, 0, 0, 0
117004, 141483429, 0, 0, 0
118001, 142077912, 0, 0, 0
119000, 154320215, 0, 0, 0
120004, 142418369, 0, 0, 0
121000, 139451129, 0, 0, 0
122008, 150788522, 0, 0, 0
123001, 165400149, 0, 0, 0
124006, 166102617, 0, 0, 0
125000, 152329552, 0, 0, 0
126007, 148476245, 0, 0, 0
127000, 166614412, 0, 0, 0
128000, 161758980, 0, 0, 0
129005, 147832811, 0, 0, 0
130001, 142320836, 0, 0, 0
131000, 133643947, 0, 0, 0
132005, 124847656, 0, 0, 0
133000, 125028523, 0, 0, 0
134000, 123352335, 0, 0, 0
135006, 124913527, 0, 0, 0
136001, 132528115, 0, 0, 0
137000, 139925182, 0, 0, 0
138000, 140424931, 0, 0, 0
139002, 136311945, 0, 0, 0
140001, 132206421, 0, 0, 0
141005, 128285845, 0, 0, 0
142002, 148288289, 0, 0, 0
143000, 140313984, 0, 0, 0
144003, 125825352, 0, 0, 0
145000, 128610378, 0, 0, 0
146001, 130946591, 0, 0, 0
147007, 126539845, 0, 0, 0
148000, 128802210, 0, 0, 0
149000, 126629425, 0, 0, 0
150000, 124744244, 0, 0, 0
151000, 124456748, 0, 0, 0
152002, 124830856, 0, 0, 0
153000, 124464948, 0, 0, 0
154006, 125663351, 0, 0, 0
155001, 129093131, 0, 0, 0
156009, 127697885, 0, 0, 0
157001, 129949207, 0, 0, 0
158000, 130406397, 0, 0, 0
159004, 135101316, 0, 0, 0
160000, 144401868, 0, 0, 0
161000, 143478165, 0, 0, 0
162001, 162291532, 0, 0, 0
163001, 135964429, 0, 0, 0
164009, 159083326, 0, 0, 0
165000, 144558608, 0, 0, 0
166000, 139414893, 0, 0, 0
167010, 141301934, 0, 0, 0
168005, 138529860, 0, 0, 0
169001, 140600632, 0, 0, 0
170009, 140679268, 0, 0, 0
171000, 136623731, 0, 0, 0
172001, 148307754, 0, 0, 0
173001, 148195943, 0, 0, 0
174006, 165296210, 0, 0, 0
175000, 145296825, 0, 0, 0
176001, 127875073, 0, 0, 0
177006, 155413810, 0, 0, 0
178000, 139013232, 0, 0, 0
179009, 144098648, 0, 0, 0
180001, 141574354, 0, 0, 0
180102, 178955745, 0, 0, 0
