1000, 899212, 1, 0, 0
2000, 909287, 1, 0, 0
3000, 949066, 1, 0, 0
4002, 940883, 1, 0, 0
5000, 953255, 1, 0, 0
6000, 920828, 1, 0, 0
7000, 959293, 1, 0, 0
8000, 936240, 1, 0, 0
9000, 919508, 1, 0, 0
10000, 959866, 1, 0, 0
11001, 942155, 1, 0, 0
12000, 937509, 1, 0, 0
13000, 919001, 1, 0, 0
14000, 929363, 1, 0, 0
15000, 949572, 1, 0, 0
16000, 922382, 1, 0, 0
17010, 953494, 1, 0, 0
18000, 908390, 1, 0, 0
19000, 916594, 1, 0, 0
20001, 899344, 1, 0, 0
21000, 934258, 1, 0, 0
22000, 1045640, 1, 0, 0
23000, 948835, 1, 0, 0
24000, 933791, 1, 0, 0
25000, 945596, 1, 0, 0
26000, 1125832, 1, 0, 0
27000, 971073, 1, 0, 0
28000, 935706, 1, 0, 0
29000, 936765, 1, 0, 0
30000, 951097, 1, 0, 0
31001, 939722, 1, 0, 0
32000, 924617, 1, 0, 0
33002, 917224, 1, 0, 0
34000, 942791, 1, 0, 0
35000, 938128, 1, 0, 0
36000, 959959, 1, 0, 0
37000, 892802, 1, 0, 0
38000, 928694, 1, 0, 0
39000, 932674, 1, 0, 0
40000, 922950, 1, 0, 0
41000, 910056, 1, 0, 0
42000, 903971, 1, 0, 0
43002, 929306, 1, 0, 0
44000, 893350, 1, 0, 0
45000, 967053, 1, 0, 0
46000, 943278, 1, 0, 0
47000, 938683, 1, 0, 0
48000, 933676, 1, 0, 0
49000, 930350, 1, 0, 0
50000, 907492, 1, 0, 0
51000, 949772, 1, 0, 0
52000, 915715, 1, 0, 0
53000, 953575, 1, 0, 0
54000, 968844, 1, 0, 0
55000, 1042591, 1, 0, 0
56000, 996276, 1, 0, 0
57000, 1081026, 1, 0, 0
58001, 1007737, 1, 0, 0
59003, 959047, 1, 0, 0
60000, 974263, 1, 0, 0
61000, 969032, 1, 0, 0
62000, 957404, 1, 0, 0
63000, 996452, 1, 0, 0
64000, 916234, 1, 0, 0
65000, 927077, 1, 0, 0
66000, 977420, 1, 0, 0
67000, 971496, 1, 0, 0
68000, 977091, 1, 0, 0
69000, 933380, 1, 0, 0
70000, 975263, 1, 0, 0
71000, 965047, 1, 0, 0
72001, 961395, 1, 0, 0
73000, 985807, 1, 0, 0
74001, 955435, 1, 0, 0
75000, 960149, 1, 0, 0
76000, 950282, 1, 0, 0
77000, 971036, 1, 0, 0
78001, 974922, 1, 0, 0
79000, 941608, 1, 0, 0
80000, 953538, 1, 0, 0
81000, 923922, 1, 0, 0
82000, 976489, 1, 0, 0
83000, 984448, 1, 0, 0
84002, 950086, 1, 0, 0
85000, 934561, 1, 0, 0
86000, 950802, 1, 0, 0
87000, 977398, 1, 0, 0
88000, 963998, 1, 0, 0
89000, 935476, 1, 0, 0
90000, 957267, 1, 0, 0
91000, 962250, 1, 0, 0
92000, 961544, 1, 0, 0
93000, 932145, 1, 0, 0
94000, 968053, 1, 0, 0
95004, 948650, 1, 0, 0
96000, 942992, 1, 0, 0
97002, 938921, 1, 0, 0
98000, 954673, 1, 0, 0
99000, 940490, 1, 0, 0
100000, 968558, 1, 0, 0
101000, 920120, 1, 0, 0
102000, 942832, 1, 0, 0
103000, 998978, 1, 0, 0
104000, 986352, 1, 0, 0
105000, 965566, 1, 0, 0
106000, 913929, 1, 0, 0
107000, 972752, 1, 0, 0
108000, 937481, 1, 0, 0
109000, 947954, 1, 0, 0
110001, 944858, 1, 0, 0
111000, 942842, 1, 0, 0
112000, 911201, 1, 0, 0
113000, 938213, 1, 0, 0
114001, 927463, 1, 0, 0
115000, 904223, 1, 0, 0
116000, 991495, 1, 0, 0
117000, 955508, 1, 0, 0
118000, 949984, 1, 0, 0
119000, 925755, 1, 0, 0
120000, 943029, 1, 0, 0
121000, 939073, 1, 0, 0
122000, 938281, 1, 0, 0
123000, 912108, 1, 0, 0
124000, 930432, 1, 0, 0
125000, 1015419, 1, 0, 0
126000, 932967, 1, 0, 0
127000, 886688, 1, 0, 0
128000, 948051, 1, 0, 0
129000, 947539, 1, 0, 0
130000, 956331, 1, 0, 0
131000, 947673, 1, 0, 0
132000, 952581, 1, 0, 0
133000, 967746, 1, 0, 0
134000, 948807, 1, 0, 0
135001, 952822, 1, 0, 0
136000, 937635, 1, 0, 0
137001, 912818, 1, 0, 0
138000, 922062, 1, 0, 0
139000, 948745, 1, 0, 0
140000, 913517, 1, 0, 0
141000, 985955, 1, 0, 0
142063, 1037566, 1, 0, 0
143000, 986260, 1, 0, 0
144000, 935816, 1, 0, 0
145000, 928977, 1, 0, 0
146000, 939774, 1, 0, 0
147000, 911606, 1, 0, 0
148000, 925835, 1, 0, 0
149000, 954250, 1, 0, 0
150000, 952193, 1, 0, 0
151000, 930555, 1, 0, 0
152001, 963971, 1, 0, 0
153000, 956695, 1, 0, 0
154000, 1069732, 1, 0, 0
155000, 957508, 1, 0, 0
156002, 948135, 1, 0, 0
157004, 936419, 1, 0, 0
158000, 1013220, 1, 0, 0
159000, 980942, 1, 0, 0
160000, 938911, 1, 0, 0
161004, 985792, 1, 0, 0
162000, 931334, 1, 0, 0
163000, 918768, 1, 0, 0
164000, 914634, 1, 0, 0
165000, 940812, 1, 0, 0
166000, 898335, 1, 0, 0
167000, 978004, 1, 0, 0
168000, 922669, 1, 0, 0
169000, 961672, 1, 0, 0
170001, 973233, 1, 0, 0
171000, 941523, 1, 0, 0
172000, 917368, 1, 0, 0
173000, 939081, 1, 0, 0
174002, 949919, 1, 0, 0
175000, 955890, 1, 0, 0
176000, 981484, 1, 0, 0
177000, 962517, 1, 0, 0
178000, 931495, 1, 0, 0
179000, 964288, 1, 0, 0
180000, 905843, 1, 0, 0
