1017, 3707253, 1, 0, 0
2018, 4148741, 1, 0, 0
3020, 4234169, 1, 0, 0
4013, 4111550, 1, 0, 0
5020, 4230524, 1, 0, 0
6021, 4144937, 1, 0, 0
7016, 4229994, 1, 0, 0
8015, 4183534, 1, 0, 0
9025, 4259357, 1, 0, 0
10017, 4220700, 1, 0, 0
11016, 4293168, 1, 0, 0
12026, 4178075, 1, 0, 0
13020, 4197131, 1, 0, 0
14013, 4183607, 1, 0, 0
15028, 4104415, 1, 0, 0
16013, 4251199, 1, 0, 0
17017, 4205370, 1, 0, 0
18014, 4201454, 1, 0, 0
19015, 4147529, 1, 0, 0
20018, 4142763, 1, 0, 0
21013, 4210920, 1, 0, 0
22019, 4197066, 1, 0, 0
23016, 4189404, 1, 0, 0
24017, 4212859, 1, 0, 0
25018, 4188647, 1, 0, 0
26015, 4180004, 1, 0, 0
27019, 4147112, 1, 0, 0
28027, 4125438, 1, 0, 0
29015, 4222719, 1, 0, 0
30001, 4187550, 1, 0, 0
31013, 4093084, 1, 0, 0
32024, 4100890, 1, 0, 0
33020, 4165532, 1, 0, 0
34015, 4218425, 1, 0, 0
35000, 4189651, 1, 0, 0
36004, 4010923, 1, 0, 0
37015, 4238772, 1, 0, 0
38023, 4185788, 1, 0, 0
39018, 4162708, 1, 0, 0
40028, 4046409, 1, 0, 0
41000, 4251109, 1, 0, 0
42018, 4333486, 1, 0, 0
43019, 4161761, 1, 0, 0
44022, 4199585, 1, 0, 0
45017, 4157588, 1, 0, 0
46028, 4427414, 1, 0, 0
47022, 4061106, 1, 0, 0
48013, 4211274, 1, 0, 0
49028, 4095722, 1, 0, 0
50013, 4196305, 1, 0, 0
51016, 4088587, 1, 0, 0
52014, 4307428, 1, 0, 0
53014, 4297016, 1, 0, 0
54018, 4115645, 1, 0, 0
55000, 4188549, 1, 0, 0
56017, 4218011, 1, 0, 0
57013, 4146934, 1, 0, 0
58025, 4223084, 1, 0, 0
59018, 4195407, 1, 0, 0
60016, 4136460, 1, 0, 0
61015, 4130108, 1, 0, 0
62022, 4129123, 1, 0, 0
63013, 4294095, 1, 0, 0
64015, 4196927, 1, 0, 0
65018, 4218248, 1, 0, 0
66018, 4074778, 1, 0, 0
67028, 4214110, 1, 0, 0
68023, 4144462, 1, 0, 0
69017, 4130863, 1, 0, 0
70026, 4170023, 1, 0, 0
71017, 4207955, 1, 0, 0
72017, 4162046, 1, 0, 0
73014, 4129512, 1, 0, 0
74025, 4187254, 1, 0, 0
75017, 4078957, 1, 0, 0
76013, 4173177, 1, 0, 0
77022, 4251041, 1, 0, 0
78014, 4149021, 1, 0, 0
79013, 4091765, 1, 0, 0
80026, 4222910, 1, 0, 0
81023, 4306195, 1, 0, 0
82018, 4233795, 1, 0, 0
83014, 3995534, 1, 0, 0
84000, 4315883, 1, 0, 0
85018, 4114823, 1, 0, 0
86013, 4195230, 1, 0, 0
87015, 4258134, 1, 0, 0
88019, 4042179, 1, 0, 0
89014, 4182285, 1, 0, 0
90023, 4195973, 1, 0, 0
91014, 4136830, 1, 0, 0
92017, 4131719, 1, 0, 0
93020, 4177338, 1, 0, 0
94021, 4220356, 1, 0, 0
95021, 4062285, 1, 0, 0
96000, 4087490, 1, 0, 0
97024, 4538665, 1, 0, 0
98006, 3824707, 1, 0, 0
99000, 4194522, 1, 0, 0
100002, 3963178, 1, 0, 0
101013, 4935990, 1, 0, 0
102000, 4392451, 1, 0, 0
103014, 4187301, 1, 0, 0
104015, 4227708, 1, 0, 0
105026, 4226168, 1, 0, 0
106015, 4228389, 1, 0, 0
107014, 4192215, 1, 0, 0
108022, 4311108, 1, 0, 0
109016, 4174206, 1, 0, 0
110019, 4150021, 1, 0, 0
111013, 4185294, 1, 0, 0
112018, 4190605, 1, 0, 0
113013, 4288061, 1, 0, 0
114023, 4420363, 1, 0, 0
115016, 4255560, 1, 0, 0
116026, 4186058, 1, 0, 0
117021, 4239283, 1, 0, 0
118016, 4302536, 1, 0, 0
119014, 4066707, 1, 0, 0
120018, 4266676, 1, 0, 0
121016, 4156354, 1, 0, 0
122025, 4211102, 1, 0, 0
123017, 4161719, 1, 0, 0
124013, 4153728, 1, 0, 0
125016, 4147776, 1, 0, 0
126017, 4164713, 1, 0, 0
127027, 4170546, 1, 0, 0
128019, 4112417, 1, 0, 0
129028, 4108619, 1, 0, 0
130024, 4279089, 1, 0, 0
131016, 4159202, 1, 0, 0
132017, 4220740, 1, 0, 0
133013, 4090168, 1, 0, 0
134014, 4188665, 1, 0, 0
135017, 4232643, 1, 0, 0
136025, 4148579, 1, 0, 0
137019, 4135931, 1, 0, 0
138014, 4155979, 1, 0, 0
139023, 4135270, 1, 0, 0
140016, 4177459, 1, 0, 0
141027, 4051222, 1, 0, 0
142021, 4209600, 1, 0, 0
143013, 4184945, 1, 0, 0
144025, 4136329, 1, 0, 0
145022, 4243307, 1, 0, 0
146016, 4044625, 1, 0, 0
147015, 4122511, 1, 0, 0
148025, 4199102, 1, 0, 0
149019, 4233924, 1, 0, 0
150013, 4219513, 1, 0, 0
151018, 4068257, 1, 0, 0
152014, 4169010, 1, 0, 0
153014, 4198502, 1, 0, 0
154018, 4155966, 1, 0, 0
155019, 4207660, 1, 0, 0
156022, 4210241, 1, 0, 0
157017, 4195983, 1, 0, 0
158026, 4132331, 1, 0, 0
159021, 4145950, 1, 0, 0
160015, 4188334, 1, 0, 0
161000, 4149525, 1, 0, 0
162019, 4074229, 1, 0, 0
163029, 4181436, 1, 0, 0
164022, 4157806, 1, 0, 0
165016, 4152247, 1, 0, 0
166026, 4176504, 1, 0, 0
167019, 4257253, 1, 0, 0
168013, 4154413, 1, 0, 0
169018, 4264533, 1, 0, 0
170013, 4180456, 1, 0, 0
172497, 6285237, 1, 0, 0
173019, 15327754, 1, 0, 0
174013, 4168277, 1, 0, 0
175021, 4165962, 1, 0, 0
176013, 4262493, 1, 0, 0
177014, 4084342, 1, 0, 0
178024, 4230463, 1, 0, 0
179017, 4174855, 1, 0, 0
180019, 4211857, 1, 0, 0
180020, 38580829, 1, 0, 0
