1001, 4167, 1, 0, 0
2000, 3799, 1, 0, 0
3001, 3944, 1, 0, 0
4001, 3655, 1, 0, 0
5000, 4008, 1, 0, 0
6000, 3811, 1, 0, 0
7000, 3727, 1, 0, 0
8001, 3956, 1, 0, 0
9001, 3771, 1, 0, 0
10001, 3699, 1, 0, 0
11001, 3935, 1, 0, 0
12000, 3779, 1, 0, 0
13000, 3879, 1, 0, 0
14000, 3855, 1, 0, 0
15000, 3727, 1, 0, 0
16000, 3847, 1, 0, 0
17001, 3824, 1, 0, 0
18001, 3795, 1, 0, 0
19001, 3823, 1, 0, 0
20000, 3747, 1, 0, 0
21000, 3855, 1, 0, 0
22000, 3727, 1, 0, 0
23000, 3811, 1, 0, 0
24000, 3803, 1, 0, 0
25000, 3712, 1, 0, 0
26000, 3903, 1, 0, 0
27000, 3756, 1, 0, 0
28000, 3839, 1, 0, 0
29000, 3775, 1, 0, 0
30001, 3940, 1, 0, 0
31001, 3863, 1, 0, 0
32001, 3823, 1, 0, 0
33000, 3731, 1, 0, 0
34000, 3855, 1, 0, 0
35000, 3687, 1, 0, 0
36001, 3844, 1, 0, 0
37001, 3791, 1, 0, 0
38001, 3843, 1, 0, 0
39000, 3827, 1, 0, 0
40000, 3787, 1, 0, 0
41000, 3772, 1, 0, 0
42000, 3795, 1, 0, 0
43000, 3816, 1, 0, 0
44000, 3835, 1, 0, 0
45000, 3811, 1, 0, 0
46000, 3819, 1, 0, 0
47000, 3823, 1, 0, 0
48001, 3828, 1, 0, 0
49001, 3739, 1, 0, 0
50001, 3783, 1, 0, 0
51000, 3983, 1, 0, 0
52000, 3691, 1, 0, 0
53000, 3811, 1, 0, 0
54000, 4016, 1, 0, 0
55001, 3828, 1, 0, 0
56001, 3911, 1, 0, 0
57001, 3736, 1, 0, 0
58001, 3827, 1, 0, 0
59000, 3803, 1, 0, 0
60000, 3927, 1, 0, 0
61000, 3827, 1, 0, 0
62000, 3699, 1, 0, 0
63001, 3900, 1, 0, 0
64001, 3883, 1, 0, 0
65001, 4016, 1, 0, 0
66001, 3780, 1, 0, 0
67000, 3771, 1, 0, 0
68000, 3831, 1, 0, 0
69000, 3879, 1, 0, 0
70001, 3956, 1, 0, 0
71001, 3735, 1, 0, 0
72001, 3932, 1, 0, 0
73001, 3859, 1, 0, 0
74001, 3839, 1, 0, 0
75000, 3867, 1, 0, 0
76000, 3739, 1, 0, 0
77000, 3851, 1, 0, 0
78000, 3879, 1, 0, 0
79000, 3891, 1, 0, 0
80001, 3852, 1, 0, 0
81001, 3695, 1, 0, 0
82001, 3815, 1, 0, 0
83000, 3871, 1, 0, 0
84000, 3871, 1, 0, 0
85000, 3835, 1, 0, 0
86000, 3796, 1, 0, 0
87000, 3875, 1, 0, 0
88000, 3843, 1, 0, 0
89000, 3891, 1, 0, 0
90001, 3756, 1, 0, 0
91001, 3799, 1, 0, 0
92001, 3899, 1, 0, 0
93000, 3871, 1, 0, 0
94000, 3843, 1, 0, 0
95000, 3751, 1, 0, 0
96000, 3831, 1, 0, 0
97001, 3924, 1, 0, 0
98001, 3731, 1, 0, 0
99001, 3831, 1, 0, 0
100001, 3819, 1, 0, 0
101000, 3923, 1, 0, 0
102000, 3899, 1, 0, 0
103000, 3683, 1, 0, 0
104001, 3872, 1, 0, 0
105001, 3711, 1, 0, 0
106001, 3863, 1, 0, 0
107000, 3695, 1, 0, 0
108000, 3859, 1, 0, 0
109000, 3839, 1, 0, 0
110000, 3723, 1, 0, 0
111001, 3900, 1, 0, 0
112001, 3771, 1, 0, 0
113000, 3827, 1, 0, 0
114000, 3823, 1, 0, 0
115000, 3895, 1, 0, 0
116000, 3700, 1, 0, 0
117000, 3811, 1, 0, 0
118001, 3724, 1, 0, 0
119001, 3907, 1, 0, 0
120001, 3879, 1, 0, 0
121000, 3755, 1, 0, 0
122000, 3927, 1, 0, 0
123000, 3959, 1, 0, 0
124001, 3668, 1, 0, 0
125001, 3831, 1, 0, 0
126000, 3783, 1, 0, 0
127000, 3891, 1, 0, 0
128001, 3664, 1, 0, 0
129001, 3939, 1, 0, 0
130001, 3911, 1, 0, 0
131001, 3876, 1, 0, 0
132000, 3875, 1, 0, 0
133000, 3787, 1, 0, 0
134000, 3915, 1, 0, 0
135001, 3728, 1, 0, 0
136001, 4028, 1, 0, 0
137000, 3727, 1, 0, 0
138000, 3887, 1, 0, 0
139000, 3891, 1, 0, 0
140001, 3712, 1, 0, 0
141001, 3919, 1, 0, 0
142001, 2494, 1, 0, 0
143000, 3899, 1, 0, 0
144000, 3919, 1, 0, 0
145000, 3827, 1, 0, 0
146000, 3795, 1, 0, 0
147001, 4020, 1, 0, 0
148001, 4088, 1, 0, 0
149001, 3727, 1, 0, 0
150001, 3916, 1, 0, 0
151000, 3819, 1, 0, 0
152000, 3851, 1, 0, 0
153000, 3847, 1, 0, 0
154001, 3880, 1, 0, 0
155001, 3783, 1, 0, 0
156001, 3752, 1, 0, 0
157001, 3883, 1, 0, 0
158001, 3827, 1, 0, 0
159000, 3739, 1, 0, 0
160000, 3763, 1, 0, 0
161000, 3799, 1, 0, 0
162000, 3803, 1, 0, 0
163000, 3896, 1, 0, 0
164000, 3823, 1, 0, 0
165000, 3883, 1, 0, 0
166001, 3916, 1, 0, 0
167001, 3691, 1, 0, 0
168001, 3852, 1, 0, 0
169001, 3851, 1, 0, 0
170001, 3847, 1, 0, 0
171000, 3871, 1, 0, 0
172000, 3723, 1, 0, 0
173000, 3824, 1, 0, 0
174000, 3899, 1, 0, 0
175000, 3895, 1, 0, 0
176001, 3828, 1, 0, 0
177001, 3815, 1, 0, 0
178000, 3851, 1, 0, 0
179000, 3800, 1, 0, 0
180000, 3839, 1, 0, 0
