1008, 7595, 1, 0, 0
2000, 8079, 1, 0, 0
3000, 17749, 1, 0, 0
4002, 11819, 1, 0, 0
5007, 7000, 1, 0, 0
6000, 2457, 1, 0, 0
7007, 2579, 1, 0, 0
8002, 2442, 1, 0, 0
9000, 2508, 1, 0, 0
10004, 13542, 1, 0, 0
11000, 13833, 1, 0, 0
12000, 92213, 1, 0, 0
13001, 18652, 1, 0, 0
14001, 38324, 1, 0, 0
15000, 26370, 1, 0, 0
16006, 40076, 1, 0, 0
17000, 26847, 1, 0, 0
18000, 6331, 1, 0, 0
19001, 14282, 1, 0, 0
20000, 6649, 1, 0, 0
21000, 16482, 1, 0, 0
22001, 19456, 1, 0, 0
23003, 6352, 1, 0, 0
24000, 56823, 1, 0, 0
25001, 8842, 1, 0, 0
26000, 5416, 1, 0, 0
27003, 9557, 1, 0, 0
28000, 14608, 1, 0, 0
29004, 70248, 1, 0, 0
30000, 96116, 1, 0, 0
31000, 16716, 1, 0, 0
32005, 152661, 1, 0, 0
33001, 11270, 1, 0, 0
34001, 63625, 1, 0, 0
35006, 30837, 1, 0, 0
36001, 9364, 1, 0, 0
37000, 11349, 1, 0, 0
38001, 21741, 1, 0, 0
39000, 60327, 1, 0, 0
40000, 36731, 1, 0, 0
41001, 73412, 1, 0, 0
42004, 28771, 1, 0, 0
43000, 91003, 1, 0, 0
44000, 30077, 1, 0, 0
45004, 2451, 1, 0, 0
46000, 8549, 1, 0, 0
47000, 32092, 1, 0, 0
48000, 2436, 1, 0, 0
49006, 4814, 1, 0, 0
50001, 5428, 1, 0, 0
51007, 14092, 1, 0, 0
52000, 6739, 1, 0, 0
53001, 14367, 1, 0, 0
54006, 9501, 1, 0, 0
55000, 15723, 1, 0, 0
56001, 4560, 1, 0, 0
57003, 18519, 1, 0, 0
58000, 22435, 1, 0, 0
59006, 7416, 1, 0, 0
60000, 19679, 1, 0, 0
61000, 5999, 1, 0, 0
62000, 2591, 1, 0, 0
63000, 2780, 1, 0, 0
64003, 47845, 1, 0, 0
65000, 2580, 1, 0, 0
66008, 2685, 1, 0, 0
67000, 2732, 1, 0, 0
68000, 2612, 1, 0, 0
69004, 2533, 1, 0, 0
70000, 2561, 1, 0, 0
71001, 5994, 1, 0, 0
72000, 2497, 1, 0, 0
73003, 3948, 1, 0, 0
74007, 2659, 1, 0, 0
75002, 2746, 1, 0, 0
76001, 2574, 1, 0, 0
77000, 4606, 1, 0, 0
78000, 2679, 1, 0, 0
79005, 5815, 1, 0, 0
80000, 72980, 1, 0, 0
81000, 18655, 1, 0, 0
82004, 15173, 1, 0, 0
83001, 2449, 1, 0, 0
84000, 14931, 1, 0, 0
85000, 183879, 1, 0, 0
86001, 4981, 1, 0, 0
87004, 6921, 1, 0, 0
88000, 5136, 1, 0, 0
89008, 65419, 1, 0, 0
90000, 16574, 1, 0, 0
91002, 2389, 1, 0, 0
92000, 26324, 1, 0, 0
93000, 9868, 1, 0, 0
94001, 20105, 1, 0, 0
95001, 13661, 1, 0, 0
96000, 8878, 1, 0, 0
97000, 12137, 1, 0, 0
98000, 7101, 1, 0, 0
99001, 2569, 1, 0, 0
100000, 4419, 1, 0, 0
101001, 13070, 1, 0, 0
102004, 2399, 1, 0, 0
103000, 67667, 1, 0, 0
104001, 12240, 1, 0, 0
105000, 5393, 1, 0, 0
106000, 2573, 1, 0, 0
107003, 2426, 1, 0, 0
108002, 62652, 1, 0, 0
109005, 46222, 1, 0, 0
110001, 12765, 1, 0, 0
111002, 2549, 1, 0, 0
112000, 62174, 1, 0, 0
113000, 48496, 1, 0, 0
114001, 11044, 1, 0, 0
115000, 50666, 1, 0, 0
116001, 5356, 1, 0, 0
117004, 3636, 1, 0, 0
118002, 2435, 1, 0, 0
119001, 3554, 1, 0, 0
120005, 146616, 1, 0, 0
121001, 4552, 1, 0, 0
122000, 6983, 1, 0, 0
123005, 2637, 1, 0, 0
124000, 3614, 1, 0, 0
125000, 10135, 1, 0, 0
126000, 2611, 1, 0, 0
127005, 7481, 1, 0, 0
128004, 2527, 1, 0, 0
129002, 10070, 1, 0, 0
130004, 2582, 1, 0, 0
131000, 5080, 1, 0, 0
132001, 5342, 1, 0, 0
133001, 8046, 1, 0, 0
134000, 2561, 1, 0, 0
135000, 2525, 1, 0, 0
136003, 2572, 1, 0, 0
137000, 21964, 1, 0, 0
138000, 2504, 1, 0, 0
139002, 7555, 1, 0, 0
140000, 74467, 1, 0, 0
141007, 2579, 1, 0, 0
142000, 2456, 1, 0, 0
143000, 2464, 1, 0, 0
144000, 6653, 1, 0, 0
145001, 11262, 1, 0, 0
146008, 2481, 1, 0, 0
147001, 2537, 1, 0, 0
148000, 5447, 1, 0, 0
149007, 2481, 1, 0, 0
150001, 16542, 1, 0, 0
151011, 2466, 1, 0, 0
152001, 2520, 1, 0, 0
153000, 61339, 1, 0, 0
154004, 2450, 1, 0, 0
155000, 6417, 1, 0, 0
156009, 7865, 1, 0, 0
157000, 5691, 1, 0, 0
158001, 12528, 1, 0, 0
159003, 14534, 1, 0, 0
160000, 3561, 1, 0, 0
161009, 58816, 1, 0, 0
162002, 2660, 1, 0, 0
163001, 7552, 1, 0, 0
164006, 2429, 1, 0, 0
165000, 10470, 1, 0, 0
166001, 21554, 1, 0, 0
167000, 16746, 1, 0, 0
168000, 55780, 1, 0, 0
169007, 54454, 1, 0, 0
170000, 2457, 1, 0, 0
171000, 5816, 1, 0, 0
172003, 2426, 1, 0, 0
173000, 5493, 1, 0, 0
174001, 2598, 1, 0, 0
175002, 6042, 1, 0, 0
176000, 2482, 1, 0, 0
177000, 2595, 1, 0, 0
178000, 71447, 1, 0, 0
179005, 7084, 1, 0, 0
180058, 49880, 1, 0, 0
