1009, 7303620, 0, 0, 0
2019, 8315972, 0, 0, 0
3012, 8200305, 0, 0, 0
4007, 8368400, 0, 0, 0
5015, 8316512, 0, 0, 0
6010, 7835152, 0, 0, 0
7005, 8265645, 0, 0, 0
8016, 8505484, 0, 0, 0
9009, 8200782, 0, 0, 0
10018, 8414661, 0, 0, 0
11013, 8212996, 0, 0, 0
12010, 8367573, 0, 0, 0
13017, 8436340, 0, 0, 0
14012, 8248059, 0, 0, 0
15007, 8376041, 0, 0, 0
16017, 8535219, 0, 0, 0
17012, 8399061, 0, 0, 0
18008, 8285816, 0, 0, 0
19018, 8311045, 0, 0, 0
20011, 8350784, 0, 0, 0
21006, 8012274, 0, 0, 0
22014, 8330607, 0, 0, 0
23008, 8269107, 0, 0, 0
24012, 8404933, 0, 0, 0
25007, 8262746, 0, 0, 0
26018, 8385247, 0, 0, 0
27012, 8236466, 0, 0, 0
28019, 8190599, 0, 0, 0
29014, 8198207, 0, 0, 0
30008, 8437787, 0, 0, 0
31018, 8377929, 0, 0, 0
32012, 8493301, 0, 0, 0
33007, 8353393, 0, 0, 0
34018, 8280611, 0, 0, 0
35006, 8615806, 0, 0, 0
36007, 8300383, 0, 0, 0
37005, 8625076, 0, 0, 0
38011, 8097910, 0, 0, 0
39044, 8649649, 0, 0, 0
40018, 8156712, 0, 0, 0
41010, 8449485, 0, 0, 0
42009, 8431325, 0, 0, 0
43004, 8337741, 0, 0, 0
44016, 8408841, 0, 0, 0
45010, 8184076, 0, 0, 0
46020, 8335125, 0, 0, 0
47015, 8410608, 0, 0, 0
48011, 8362837, 0, 0, 0
49005, 8292140, 0, 0, 0
50006, 8189479, 0, 0, 0
51010, 8567357, 0, 0, 0
52019, 8462166, 0, 0, 0
53013, 8373333, 0, 0, 0
54008, 8118600, 0, 0, 0
55016, 24128571, 0, 0, 0
56011, 8422228, 0, 0, 0
57021, 8340433, 0, 0, 0
58009, 8454414, 0, 0, 0
59012, 8471642, 0, 0, 0
60007, 8227757, 0, 0, 0
61016, 8406053, 0, 0, 0
62011, 8305165, 0, 0, 0
63006, 8405992, 0, 0, 0
64016, 8450099, 0, 0, 0
65011, 8378393, 0, 0, 0
66005, 8316539, 0, 0, 0
67015, 8337134, 0, 0, 0
68010, 8268097, 0, 0, 0
69006, 8232051, 0, 0, 0
70015, 8384270, 0, 0, 0
71009, 8566584, 0, 0, 0
72006, 8333534, 0, 0, 0
73007, 8471918, 0, 0, 0
74011, 8426008, 0, 0, 0
75020, 8490667, 0, 0, 0
76014, 8239943, 0, 0, 0
77010, 8331048, 0, 0, 0
78020, 8494949, 0, 0, 0
79015, 8552324, 0, 0, 0
80010, 8352806, 0, 0, 0
81005, 8225194, 0, 0, 0
82015, 8416505, 0, 0, 0
83008, 8291508, 0, 0, 0
84005, 8501950, 0, 0, 0
85013, 8310085, 0, 0, 0
86007, 8275554, 0, 0, 0
87017, 8422687, 0, 0, 0
88014, 8417888, 0, 0, 0
89008, 8157747, 0, 0, 0
90005, 8270067, 0, 0, 0
91016, 8656958, 0, 0, 0
92011, 8491821, 0, 0, 0
93019, 8519954, 0, 0, 0
94012, 8377771, 0, 0, 0
95019, 8221807, 0, 0, 0
96014, 8417046, 0, 0, 0
97006, 8240655, 0, 0, 0
98016, 8391515, 0, 0, 0
99008, 8312629, 0, 0, 0
100019, 8545633, 0, 0, 0
101006, 8293597, 0, 0, 0
102011, 8559195, 0, 0, 0
103019, 8406608, 0, 0, 0
104014, 8194302, 0, 0, 0
105006, 8249250, 0, 0, 0
106019, 8366132, 0, 0, 0
107014, 8359514, 0, 0, 0
108009, 8387026, 0, 0, 0
109010, 8342872, 0, 0, 0
110010, 8215447, 0, 0, 0
111007, 8276993, 0, 0, 0
112010, 8529495, 0, 0, 0
113008, 8333062, 0, 0, 0
114017, 8265785, 0, 0, 0
115011, 8437893, 0, 0, 0
116008, 8622319, 0, 0, 0
117018, 8451376, 0, 0, 0
118013, 8204944, 0, 0, 0
119007, 8479563, 0, 0, 0
120013, 8422693, 0, 0, 0
121012, 8071591, 0, 0, 0
122008, 8425008, 0, 0, 0
123017, 8467204, 0, 0, 0
124010, 8428081, 0, 0, 0
125013, 8107311, 0, 0, 0
126014, 8284986, 0, 0, 0
127008, 8308434, 0, 0, 0
128018, 8553037, 0, 0, 0
129013, 8366200, 0, 0, 0
130007, 8169979, 0, 0, 0
131016, 8234885, 0, 0, 0
132011, 8456129, 0, 0, 0
133020, 8328141, 0, 0, 0
134016, 8313444, 0, 0, 0
135009, 8418501, 0, 0, 0
136018, 8462139, 0, 0, 0
137013, 8311480, 0, 0, 0
138009, 8573484, 0, 0, 0
139020, 8260396, 0, 0, 0
140014, 8630717, 0, 0, 0
141005, 8528760, 0, 0, 0
142016, 8289351, 0, 0, 0
143011, 8155724, 0, 0, 0
144008, 8357173, 0, 0, 0
145016, 8437355, 0, 0, 0
146011, 8453407, 0, 0, 0
147005, 8570386, 0, 0, 0
148016, 8630960, 0, 0, 0
149008, 8200512, 0, 0, 0
150005, 8254393, 0, 0, 0
151015, 8505556, 0, 0, 0
152006, 8272925, 0, 0, 0
153016, 8380923, 0, 0, 0
154011, 8336802, 0, 0, 0
155021, 8211006, 0, 0, 0
156014, 8402577, 0, 0, 0
157008, 8415047, 0, 0, 0
158018, 8508668, 0, 0, 0
159012, 8343059, 0, 0, 0
160007, 8352417, 0, 0, 0
161017, 8624739, 0, 0, 0
162013, 8241713, 0, 0, 0
163006, 8039125, 0, 0, 0
164015, 8401246, 0, 0, 0
165007, 8172810, 0, 0, 0
166019, 8318864, 0, 0, 0
167012, 8373487, 0, 0, 0
168006, 8418613, 0, 0, 0
169006, 8407380, 0, 0, 0
170008, 8328095, 0, 0, 0
171019, 8098529, 0, 0, 0
172012, 8455546, 0, 0, 0
173007, 8546590, 0, 0, 0
174015, 8762253, 0, 0, 0
175008, 8260112, 0, 0, 0
176018, 8422509, 0, 0, 0
177011, 8888895, 0, 0, 0
178009, 8227333, 0, 0, 0
179006, 8489207, 0, 0, 0
180012, 8655564, 0, 0, 0
180014, 35381893, 0, 0, 0
