1001, 7129019, 1, 0, 0
2001, 8428897, 1, 0, 0
3000, 8410069, 1, 0, 0
4000, 8506826, 1, 0, 0
5004, 8693425, 1, 0, 0
6001, 8478474, 1, 0, 0
7002, 8256308, 1, 0, 0
8036, 8157774, 1, 0, 0
9000, 8439835, 1, 0, 0
10003, 8710556, 1, 0, 0
11001, 9378558, 1, 0, 0
12002, 8503908, 1, 0, 0
13004, 8689691, 1, 0, 0
14002, 8171695, 1, 0, 0
15025, 8375399, 1, 0, 0
16035, 8670187, 1, 0, 0
17000, 8747182, 1, 0, 0
18024, 8713625, 1, 0, 0
19036, 8240284, 1, 0, 0
20002, 8501638, 1, 0, 0
21001, 7978510, 1, 0, 0
22001, 8515558, 1, 0, 0
23025, 8409311, 1, 0, 0
24001, 8664108, 1, 0, 0
25000, 8358693, 1, 0, 0
26000, 8088619, 1, 0, 0
27004, 8160990, 1, 0, 0
28001, 8405156, 1, 0, 0
29025, 8679906, 1, 0, 0
30025, 8914199, 1, 0, 0
31029, 8302504, 1, 0, 0
32027, 8194737, 1, 0, 0
33026, 8691593, 1, 0, 0
34000, 8086065, 1, 0, 0
35002, 8743579, 1, 0, 0
36000, 8933073, 1, 0, 0
37002, 8018546, 1, 0, 0
38000, 8726163, 1, 0, 0
39024, 8525947, 1, 0, 0
40000, 8106506, 1, 0, 0
41026, 8817217, 1, 0, 0
42031, 8009148, 1, 0, 0
43001, 8125831, 1, 0, 0
44000, 8445031, 1, 0, 0
45000, 8277303, 1, 0, 0
46001, 7694512, 1, 0, 0
47000, 8079283, 1, 0, 0
48006, 8320977, 1, 0, 0
49000, 7743863, 1, 0, 0
50000, 8439441, 1, 0, 0
51029, 8539206, 1, 0, 0
52000, 8530013, 1, 0, 0
53000, 8235539, 1, 0, 0
54028, 7953133, 1, 0, 0
55038, 8568044, 1, 0, 0
56000, 8559856, 1, 0, 0
57000, 8538349, 1, 0, 0
58038, 7949921, 1, 0, 0
59001, 7981195, 1, 0, 0
60029, 8778819, 1, 0, 0
61000, 8532440, 1, 0, 0
62028, 8706403, 1, 0, 0
63023, 9011039, 1, 0, 0
64030, 8751264, 1, 0, 0
65000, 8512631, 1, 0, 0
66001, 8037933, 1, 0, 0
67000, 8467458, 1, 0, 0
68000, 7942460, 1, 0, 0
69000, 8043216, 1, 0, 0
70036, 8066392, 1, 0, 0
71003, 8370598, 1, 0, 0
72000, 8590447, 1, 0, 0
73000, 8733359, 1, 0, 0
74000, 8044434, 1, 0, 0
75005, 9215347, 1, 0, 0
76036, 8874586, 1, 0, 0
77000, 8861909, 1, 0, 0
78002, 8461171, 1, 0, 0
79000, 8624854, 1, 0, 0
80000, 7913735, 1, 0, 0
81001, 8531251, 1, 0, 0
82036, 8180488, 1, 0, 0
83000, 8105189, 1, 0, 0
84003, 7713733, 1, 0, 0
85000, 8555722, 1, 0, 0
86003, 8464656, 1, 0, 0
87001, 8982218, 1, 0, 0
88023, 8647456, 1, 0, 0
89000, 8613611, 1, 0, 0
90027, 8495647, 1, 0, 0
91030, 9033191, 1, 0, 0
92000, 7503083, 1, 0, 0
93038, 8407643, 1, 0, 0
94002, 8040516, 1, 0, 0
95001, 8121840, 1, 0, 0
96037, 8625385, 1, 0, 0
97002, 8011975, 1, 0, 0
98001, 8675745, 1, 0, 0
99023, 8873066, 1, 0, 0
100034, 8693643, 1, 0, 0
101000, 8942032, 1, 0, 0
102000, 8453031, 1, 0, 0
103025, 8037981, 1, 0, 0
104001, 8533665, 1, 0, 0
105024, 8376252, 1, 0, 0
106037, 8677933, 1, 0, 0
107001, 8497284, 1, 0, 0
108023, 8654991, 1, 0, 0
109001, 8126075, 1, 0, 0
110000, 8158934, 1, 0, 0
111038, 8582303, 1, 0, 0
112000, 8514273, 1, 0, 0
113000, 8628050, 1, 0, 0
114000, 8250238, 1, 0, 0
115000, 9725498, 1, 0, 0
116003, 8248655, 1, 0, 0
117000, 8079820, 1, 0, 0
118002, 8236217, 1, 0, 0
119001, 8344908, 1, 0, 0
120000, 8625461, 1, 0, 0
121000, 9532896, 1, 0, 0
122006, 8554927, 1, 0, 0
123023, 8226758, 1, 0, 0
124000, 8572950, 1, 0, 0
125025, 8200776, 1, 0, 0
126027, 7846770, 1, 0, 0
127000, 8252910, 1, 0, 0
128000, 8579168, 1, 0, 0
129000, 8198677, 1, 0, 0
130000, 9441565, 1, 0, 0
131027, 8764733, 1, 0, 0
132049, 9279500, 1, 0, 0
133000, 8391259, 1, 0, 0
134000, 8268155, 1, 0, 0
135023, 8276056, 1, 0, 0
136000, 8254411, 1, 0, 0
137000, 8570301, 1, 0, 0
138000, 8191970, 1, 0, 0
139000, 8134759, 1, 0, 0
140000, 7965199, 1, 0, 0
141001, 8348298, 1, 0, 0
142000, 8789652, 1, 0, 0
143024, 7977640, 1, 0, 0
144002, 8004834, 1, 0, 0
145023, 8835050, 1, 0, 0
146037, 7855167, 1, 0, 0
147003, 8177204, 1, 0, 0
148024, 8287788, 1, 0, 0
149000, 8820916, 1, 0, 0
150000, 8033559, 1, 0, 0
151037, 8634148, 1, 0, 0
152000, 8310908, 1, 0, 0
153005, 8607392, 1, 0, 0
154001, 8424898, 1, 0, 0
155000, 8515787, 1, 0, 0
156002, 8161306, 1, 0, 0
157024, 8456334, 1, 0, 0
158001, 8255953, 1, 0, 0
159000, 7935372, 1, 0, 0
160023, 8075535, 1, 0, 0
161000, 8519607, 1, 0, 0
162001, 7816607, 1, 0, 0
163000, 8671221, 1, 0, 0
164001, 8345844, 1, 0, 0
165036, 7874594, 1, 0, 0
166028, 8059249, 1, 0, 0
167024, 8704032, 1, 0, 0
168000, 8187108, 1, 0, 0
169000, 8482590, 1, 0, 0
170001, 8393873, 1, 0, 0
171000, 8882625, 1, 0, 0
172027, 8179574, 1, 0, 0
173022, 8424772, 1, 0, 0
174000, 8760439, 1, 0, 0
175005, 8322841, 1, 0, 0
176024, 8609627, 1, 0, 0
177000, 8547538, 1, 0, 0
178003, 8432874, 1, 0, 0
179022, 7945064, 1, 0, 0
180026, 8465087, 1, 0, 0
180028, 32449103, 1, 0, 0
