1000, 1999, 0, 0, 0
2033, 2050, 0, 0, 0
3032, 2122, 0, 0, 0
4000, 2092, 0, 0, 0
5030, 1978, 0, 0, 0
6029, 2140, 0, 0, 0
7000, 2254, 0, 0, 0
8034, 2270, 0, 0, 0
9030, 2229, 0, 0, 0
10000, 2274, 0, 0, 0
11000, 2221, 0, 0, 0
12031, 2194, 0, 0, 0
13043, 2190, 0, 0, 0
14000, 2211, 0, 0, 0
15032, 2148, 0, 0, 0
16030, 2328, 0, 0, 0
17000, 2110, 0, 0, 0
18032, 2122, 0, 0, 0
19036, 2161, 0, 0, 0
20000, 2198, 0, 0, 0
21032, 2188, 0, 0, 0
22000, 2167, 0, 0, 0
23000, 2184, 0, 0, 0
24045, 2075, 0, 0, 0
25039, 2183, 0, 0, 0
26034, 2130, 0, 0, 0
27034, 2248, 0, 0, 0
28000, 2275, 0, 0, 0
29033, 2222, 0, 0, 0
30044, 2127, 0, 0, 0
31000, 2106, 0, 0, 0
32033, 2169, 0, 0, 0
33043, 2123, 0, 0, 0
34040, 2198, 0, 0, 0
35031, 2238, 0, 0, 0
36030, 2318, 0, 0, 0
37039, 2091, 0, 0, 0
38001, 2068, 0, 0, 0
39041, 2116, 0, 0, 0
40000, 2291, 0, 0, 0
41032, 2109, 0, 0, 0
42000, 2124, 0, 0, 0
43030, 2080, 0, 0, 0
44044, 2105, 0, 0, 0
45000, 2182, 0, 0, 0
46032, 2166, 0, 0, 0
47043, 2171, 0, 0, 0
48000, 2136, 0, 0, 0
49032, 2176, 0, 0, 0
50031, 2171, 0, 0, 0
51037, 2190, 0, 0, 0
52033, 2184, 0, 0, 0
53030, 2047, 0, 0, 0
54035, 2239, 0, 0, 0
55008, 2332, 0, 0, 0
56039, 2306, 0, 0, 0
57037, 2085, 0, 0, 0
58032, 2111, 0, 0, 0
59006, 2217, 0, 0, 0
60000, 2165, 0, 0, 0
61000, 2242, 0, 0, 0
62044, 2205, 0, 0, 0
63000, 2200, 0, 0, 0
64000, 2045, 0, 0, 0
65032, 2304, 0, 0, 0
66040, 2221, 0, 0, 0
67000, 2203, 0, 0, 0
68030, 2087, 0, 0, 0
69000, 2128, 0, 0, 0
70037, 1966, 0, 0, 0
71032, 2149, 0, 0, 0
72043, 2139, 0, 0, 0
73000, 2168, 0, 0, 0
74034, 2058, 0, 0, 0
75030, 2155, 0, 0, 0
76000, 2163, 0, 0, 0
77034, 2211, 0, 0, 0
78031, 2133, 0, 0, 0
79031, 2346, 0, 0, 0
80000, 2243, 0, 0, 0
81000, 2160, 0, 0, 0
82032, 2153, 0, 0, 0
83039, 2162, 0, 0, 0
84033, 2154, 0, 0, 0
85045, 2111, 0, 0, 0
86041, 2161, 0, 0, 0
87000, 2242, 0, 0, 0
88030, 2091, 0, 0, 0
89030, 2216, 0, 0, 0
90032, 2157, 0, 0, 0
91029, 2179, 0, 0, 0
92040, 2205, 0, 0, 0
93034, 2130, 0, 0, 0
94031, 2193, 0, 0, 0
95041, 2365, 0, 0, 0
96030, 2402, 0, 0, 0
97034, 2213, 0, 0, 0
98030, 2099, 0, 0, 0
99000, 2212, 0, 0, 0
100037, 2173, 0, 0, 0
101032, 2260, 0, 0, 0
102043, 2146, 0, 0, 0
103030, 2132, 0, 0, 0
104030, 1994, 0, 0, 0
105000, 2178, 0, 0, 0
106029, 2158, 0, 0, 0
107000, 2075, 0, 0, 0
108043, 2136, 0, 0, 0
109000, 2125, 0, 0, 0
110030, 2072, 0, 0, 0
111000, 2048, 0, 0, 0
112032, 2136, 0, 0, 0
113035, 2196, 0, 0, 0
114000, 2147, 0, 0, 0
115033, 2093, 0, 0, 0
116044, 2119, 0, 0, 0
117000, 2157, 0, 0, 0
118031, 2105, 0, 0, 0
119000, 2016, 0, 0, 0
120000, 2101, 0, 0, 0
121032, 2091, 0, 0, 0
122035, 2072, 0, 0, 0
123029, 2042, 0, 0, 0
124001, 2174, 0, 0, 0
125032, 2097, 0, 0, 0
126035, 2228, 0, 0, 0
127030, 2113, 0, 0, 0
128032, 2140, 0, 0, 0
129032, 2065, 0, 0, 0
130000, 2183, 0, 0, 0
131034, 2389, 0, 0, 0
132029, 2149, 0, 0, 0
133040, 2205, 0, 0, 0
134033, 2166, 0, 0, 0
135029, 2165, 0, 0, 0
136036, 2144, 0, 0, 0
137031, 2268, 0, 0, 0
138041, 2076, 0, 0, 0
139030, 2201, 0, 0, 0
140033, 2402, 0, 0, 0
141042, 1993, 0, 0, 0
142000, 2081, 0, 0, 0
143033, 2152, 0, 0, 0
144043, 2352, 0, 0, 0
145000, 2327, 0, 0, 0
146033, 2210, 0, 0, 0
147042, 2286, 0, 0, 0
148000, 2320, 0, 0, 0
149030, 2314, 0, 0, 0
150000, 2182, 0, 0, 0
151000, 2261, 0, 0, 0
152030, 2287, 0, 0, 0
153000, 2249, 0, 0, 0
154000, 2279, 0, 0, 0
155000, 2366, 0, 0, 0
156037, 2319, 0, 0, 0
157028, 2273, 0, 0, 0
158032, 2452, 0, 0, 0
159029, 2348, 0, 0, 0
160000, 2304, 0, 0, 0
161032, 2357, 0, 0, 0
162043, 2297, 0, 0, 0
163030, 2193, 0, 0, 0
164033, 2236, 0, 0, 0
165029, 2144, 0, 0, 0
166000, 2231, 0, 0, 0
167031, 2287, 0, 0, 0
168000, 2284, 0, 0, 0
169031, 2296, 0, 0, 0
170000, 2271, 0, 0, 0
171034, 2306, 0, 0, 0
172030, 2318, 0, 0, 0
173040, 2373, 0, 0, 0
174000, 2256, 0, 0, 0
175003, 2181, 0, 0, 0
176043, 2202, 0, 0, 0
177000, 2174, 0, 0, 0
178033, 2155, 0, 0, 0
179000, 2254, 0, 0, 0
180042, 2087, 0, 0, 0
