1000, 1111, 0, 0, 0
2000, 951, 0, 0, 0
3001, 955, 0, 0, 0
4001, 961, 0, 0, 0
5000, 960, 0, 0, 0
6001, 956, 0, 0, 0
7000, 954, 0, 0, 0
8000, 957, 0, 0, 0
9000, 958, 0, 0, 0
10001, 953, 0, 0, 0
11000, 955, 0, 0, 0
12001, 953, 0, 0, 0
13001, 958, 0, 0, 0
14000, 956, 0, 0, 0
15001, 960, 0, 0, 0
16001, 956, 0, 0, 0
17001, 953, 0, 0, 0
18001, 960, 0, 0, 0
19001, 957, 0, 0, 0
20001, 961, 0, 0, 0
21001, 957, 0, 0, 0
22000, 957, 0, 0, 0
23001, 952, 0, 0, 0
24000, 964, 0, 0, 0
25001, 952, 0, 0, 0
26000, 958, 0, 0, 0
27000, 960, 0, 0, 0
28000, 961, 0, 0, 0
29000, 956, 0, 0, 0
30000, 958, 0, 0, 0
31001, 958, 0, 0, 0
32001, 954, 0, 0, 0
33001, 957, 0, 0, 0
34001, 960, 0, 0, 0
35001, 951, 0, 0, 0
36000, 958, 0, 0, 0
37001, 957, 0, 0, 0
38001, 955, 0, 0, 0
39001, 952, 0, 0, 0
40000, 959, 0, 0, 0
41000, 962, 0, 0, 0
42000, 957, 0, 0, 0
43000, 952, 0, 0, 0
44001, 958, 0, 0, 0
45000, 955, 0, 0, 0
46000, 958, 0, 0, 0
47000, 959, 0, 0, 0
48000, 955, 0, 0, 0
49001, 960, 0, 0, 0
50001, 954, 0, 0, 0
51000, 951, 0, 0, 0
52001, 957, 0, 0, 0
53000, 957, 0, 0, 0
54001, 957, 0, 0, 0
55001, 958, 0, 0, 0
56000, 955, 0, 0, 0
57001, 957, 0, 0, 0
58000, 963, 0, 0, 0
59000, 948, 0, 0, 0
60000, 955, 0, 0, 0
61001, 951, 0, 0, 0
62001, 958, 0, 0, 0
63000, 962, 0, 0, 0
64001, 956, 0, 0, 0
65001, 956, 0, 0, 0
66001, 954, 0, 0, 0
67001, 955, 0, 0, 0
68000, 956, 0, 0, 0
69001, 960, 0, 0, 0
70001, 953, 0, 0, 0
71000, 956, 0, 0, 0
72000, 961, 0, 0, 0
73000, 958, 0, 0, 0
74000, 956, 0, 0, 0
75000, 954, 0, 0, 0
76001, 960, 0, 0, 0
77000, 954, 0, 0, 0
78000, 956, 0, 0, 0
79001, 956, 0, 0, 0
80000, 952, 0, 0, 0
81000, 954, 0, 0, 0
82000, 961, 0, 0, 0
83001, 954, 0, 0, 0
84001, 956, 0, 0, 0
85000, 959, 0, 0, 0
86001, 960, 0, 0, 0
87001, 948, 0, 0, 0
88000, 963, 0, 0, 0
89000, 953, 0, 0, 0
90001, 960, 0, 0, 0
91000, 955, 0, 0, 0
92000, 954, 0, 0, 0
93001, 956, 0, 0, 0
94001, 952, 0, 0, 0
95001, 954, 0, 0, 0
96001, 962, 0, 0, 0
97000, 958, 0, 0, 0
98001, 958, 0, 0, 0
99001, 963, 0, 0, 0
100001, 951, 0, 0, 0
101000, 955, 0, 0, 0
102001, 963, 0, 0, 0
103001, 956, 0, 0, 0
104000, 954, 0, 0, 0
105001, 951, 0, 0, 0
106000, 954, 0, 0, 0
107001, 763, 0, 0, 0
108000, 1045, 0, 0, 0
109001, 957, 0, 0, 0
110000, 957, 0, 0, 0
111000, 957, 0, 0, 0
112000, 957, 0, 0, 0
113000, 956, 0, 0, 0
114000, 955, 0, 0, 0
115000, 965, 0, 0, 0
116000, 952, 0, 0, 0
117001, 957, 0, 0, 0
118000, 963, 0, 0, 0
119000, 952, 0, 0, 0
120001, 958, 0, 0, 0
121000, 960, 0, 0, 0
122000, 954, 0, 0, 0
123000, 953, 0, 0, 0
124001, 951, 0, 0, 0
125000, 959, 0, 0, 0
126001, 951, 0, 0, 0
127000, 965, 0, 0, 0
128001, 956, 0, 0, 0
129000, 955, 0, 0, 0
130000, 953, 0, 0, 0
131001, 959, 0, 0, 0
132000, 957, 0, 0, 0
133000, 958, 0, 0, 0
134000, 955, 0, 0, 0
135000, 956, 0, 0, 0
136001, 957, 0, 0, 0
137000, 958, 0, 0, 0
138000, 953, 0, 0, 0
139001, 958, 0, 0, 0
140001, 951, 0, 0, 0
141001, 963, 0, 0, 0
142000, 955, 0, 0, 0
143001, 957, 0, 0, 0
144001, 955, 0, 0, 0
145000, 958, 0, 0, 0
146000, 960, 0, 0, 0
147000, 955, 0, 0, 0
148000, 958, 0, 0, 0
149001, 958, 0, 0, 0
150000, 955, 0, 0, 0
151000, 956, 0, 0, 0
152000, 959, 0, 0, 0
153001, 954, 0, 0, 0
154001, 958, 0, 0, 0
155001, 959, 0, 0, 0
156000, 955, 0, 0, 0
157001, 957, 0, 0, 0
158000, 958, 0, 0, 0
159000, 954, 0, 0, 0
160001, 953, 0, 0, 0
161000, 959, 0, 0, 0
162000, 957, 0, 0, 0
163000, 955, 0, 0, 0
164001, 960, 0, 0, 0
165000, 964, 0, 0, 0
166000, 954, 0, 0, 0
167000, 959, 0, 0, 0
168001, 953, 0, 0, 0
169000, 959, 0, 0, 0
170001, 956, 0, 0, 0
171001, 958, 0, 0, 0
172000, 957, 0, 0, 0
173001, 953, 0, 0, 0
174000, 958, 0, 0, 0
175000, 957, 0, 0, 0
176000, 962, 0, 0, 0
177000, 954, 0, 0, 0
178000, 956, 0, 0, 0
179000, 954, 0, 0, 0
180001, 956, 0, 0, 0
