1000, 2038, 1, 0, 0
2001, 2094, 1, 0, 0
3000, 2071, 1, 0, 0
4002, 1987, 1, 0, 0
5000, 1959, 1, 0, 0
6000, 2020, 1, 0, 0
7000, 2154, 1, 0, 0
8037, 1992, 1, 0, 0
9000, 2087, 1, 0, 0
10002, 2102, 1, 0, 0
11000, 2111, 1, 0, 0
12000, 2006, 1, 0, 0
13001, 1949, 1, 0, 0
14001, 2001, 1, 0, 0
15000, 1998, 1, 0, 0
16037, 2045, 1, 0, 0
17001, 1912, 1, 0, 0
18000, 1870, 1, 0, 0
19039, 1882, 1, 0, 0
20000, 2013, 1, 0, 0
21000, 1936, 1, 0, 0
22001, 1839, 1, 0, 0
23000, 2029, 1, 0, 0
24004, 1961, 1, 0, 0
25000, 1949, 1, 0, 0
26002, 1900, 1, 0, 0
27011, 1906, 1, 0, 0
28001, 1980, 1, 0, 0
29000, 1909, 1, 0, 0
30026, 1943, 1, 0, 0
31002, 1951, 1, 0, 0
32002, 1874, 1, 0, 0
33000, 1865, 1, 0, 0
34001, 1916, 1, 0, 0
35000, 1942, 1, 0, 0
36001, 2134, 1, 0, 0
37001, 2016, 1, 0, 0
38001, 2035, 1, 0, 0
39000, 1891, 1, 0, 0
40001, 1882, 1, 0, 0
41029, 1972, 1, 0, 0
42032, 1870, 1, 0, 0
43000, 1939, 1, 0, 0
44000, 1972, 1, 0, 0
45000, 1961, 1, 0, 0
46000, 2047, 1, 0, 0
47003, 2056, 1, 0, 0
48000, 2095, 1, 0, 0
49003, 2174, 1, 0, 0
50001, 2222, 1, 0, 0
51000, 2080, 1, 0, 0
52001, 2102, 1, 0, 0
53036, 2124, 1, 0, 0
54000, 2089, 1, 0, 0
55001, 2131, 1, 0, 0
56000, 1974, 1, 0, 0
57003, 1894, 1, 0, 0
58039, 2055, 1, 0, 0
59001, 2025, 1, 0, 0
60030, 2127, 1, 0, 0
61000, 2055, 1, 0, 0
62001, 2071, 1, 0, 0
63002, 2181, 1, 0, 0
64003, 2108, 1, 0, 0
65004, 2075, 1, 0, 0
66001, 2242, 1, 0, 0
67001, 2187, 1, 0, 0
68000, 2228, 1, 0, 0
69000, 2193, 1, 0, 0
70039, 2091, 1, 0, 0
71000, 2070, 1, 0, 0
72001, 2055, 1, 0, 0
73003, 2182, 1, 0, 0
74000, 2120, 1, 0, 0
75000, 2121, 1, 0, 0
76000, 2042, 1, 0, 0
77000, 2012, 1, 0, 0
78026, 2125, 1, 0, 0
79001, 2155, 1, 0, 0
80001, 2004, 1, 0, 0
81000, 2048, 1, 0, 0
82039, 2169, 1, 0, 0
83001, 2094, 1, 0, 0
84002, 2101, 1, 0, 0
85002, 2119, 1, 0, 0
86002, 2092, 1, 0, 0
87000, 2032, 1, 0, 0
88000, 2114, 1, 0, 0
89000, 2118, 1, 0, 0
90029, 2103, 1, 0, 0
91002, 2124, 1, 0, 0
92000, 2017, 1, 0, 0
93002, 2102, 1, 0, 0
94000, 2113, 1, 0, 0
95003, 2080, 1, 0, 0
96001, 2101, 1, 0, 0
97001, 2134, 1, 0, 0
98002, 2142, 1, 0, 0
99024, 2091, 1, 0, 0
100000, 2089, 1, 0, 0
101001, 2014, 1, 0, 0
102004, 2121, 1, 0, 0
103026, 2097, 1, 0, 0
104004, 2061, 1, 0, 0
105027, 2055, 1, 0, 0
106039, 2195, 1, 0, 0
107000, 2061, 1, 0, 0
108025, 2041, 1, 0, 0
109000, 2053, 1, 0, 0
110002, 2140, 1, 0, 0
111040, 2008, 1, 0, 0
112000, 2054, 1, 0, 0
113000, 2030, 1, 0, 0
114000, 2061, 1, 0, 0
115002, 2179, 1, 0, 0
116000, 2126, 1, 0, 0
117001, 2134, 1, 0, 0
118000, 2096, 1, 0, 0
119000, 2077, 1, 0, 0
120000, 2068, 1, 0, 0
121000, 2210, 1, 0, 0
122015, 2008, 1, 0, 0
123025, 2029, 1, 0, 0
124000, 2151, 1, 0, 0
125000, 2172, 1, 0, 0
126029, 2134, 1, 0, 0
127000, 2108, 1, 0, 0
128000, 2176, 1, 0, 0
129000, 2023, 1, 0, 0
130000, 2148, 1, 0, 0
131001, 2149, 1, 0, 0
132050, 2113, 1, 0, 0
133000, 2064, 1, 0, 0
134000, 2099, 1, 0, 0
135025, 1984, 1, 0, 0
136000, 2003, 1, 0, 0
137002, 1930, 1, 0, 0
138002, 2071, 1, 0, 0
139028, 1961, 1, 0, 0
140039, 2054, 1, 0, 0
141000, 1997, 1, 0, 0
142002, 1988, 1, 0, 0
143025, 1934, 1, 0, 0
144003, 1869, 1, 0, 0
145025, 2077, 1, 0, 0
146000, 1977, 1, 0, 0
147001, 2003, 1, 0, 0
148024, 1854, 1, 0, 0
149000, 1938, 1, 0, 0
150000, 2070, 1, 0, 0
151040, 2081, 1, 0, 0
152000, 1936, 1, 0, 0
153001, 1979, 1, 0, 0
154002, 2048, 1, 0, 0
155000, 1969, 1, 0, 0
156002, 2188, 1, 0, 0
157000, 2056, 1, 0, 0
158000, 2160, 1, 0, 0
159028, 2102, 1, 0, 0
160024, 2091, 1, 0, 0
161000, 1993, 1, 0, 0
162003, 1974, 1, 0, 0
163000, 1909, 1, 0, 0
164000, 2018, 1, 0, 0
165001, 1978, 1, 0, 0
166030, 1985, 1, 0, 0
167000, 1898, 1, 0, 0
168002, 1956, 1, 0, 0
169000, 2042, 1, 0, 0
170002, 2038, 1, 0, 0
171000, 1991, 1, 0, 0
172029, 1971, 1, 0, 0
173001, 1973, 1, 0, 0
174000, 2027, 1, 0, 0
175000, 1939, 1, 0, 0
176028, 1923, 1, 0, 0
177000, 2145, 1, 0, 0
178001, 2079, 1, 0, 0
179024, 1988, 1, 0, 0
180029, 2090, 1, 0, 0
