1000, 14718547, 1, 0, 0
2001, 16690485, 1, 0, 0
3001, 16613500, 1, 0, 0
4000, 16938469, 1, 0, 0
5000, 16727720, 1, 0, 0
6000, 16625054, 1, 0, 0
7000, 17015318, 1, 0, 0
8000, 16679154, 1, 0, 0
9000, 16665976, 1, 0, 0
10000, 17561681, 1, 0, 0
11000, 16557649, 1, 0, 0
12001, 16653215, 1, 0, 0
13000, 16496526, 1, 0, 0
14000, 16431894, 1, 0, 0
15000, 16754134, 1, 0, 0
16000, 16510604, 1, 0, 0
17000, 16196236, 1, 0, 0
18000, 16730058, 1, 0, 0
19001, 16327143, 1, 0, 0
20000, 16738067, 1, 0, 0
21000, 16227781, 1, 0, 0
22000, 17306275, 1, 0, 0
23000, 16433499, 1, 0, 0
24002, 16440867, 1, 0, 0
25000, 17165366, 1, 0, 0
26000, 16268266, 1, 0, 0
27000, 17073702, 1, 0, 0
28000, 16711204, 1, 0, 0
29000, 17104758, 1, 0, 0
30000, 16485730, 1, 0, 0
31000, 16152913, 1, 0, 0
32000, 17100472, 1, 0, 0
33000, 17019858, 1, 0, 0
34000, 16719051, 1, 0, 0
35000, 16873625, 1, 0, 0
36000, 16472295, 1, 0, 0
37001, 16694881, 1, 0, 0
38000, 17304483, 1, 0, 0
39000, 16804652, 1, 0, 0
40000, 16995464, 1, 0, 0
41000, 16423727, 1, 0, 0
42000, 16511893, 1, 0, 0
43002, 16414928, 1, 0, 0
44000, 16608420, 1, 0, 0
45000, 16416569, 1, 0, 0
46001, 16878685, 1, 0, 0
47000, 16802120, 1, 0, 0
48000, 16721441, 1, 0, 0
49000, 16349373, 1, 0, 0
50000, 17197380, 1, 0, 0
51001, 16473381, 1, 0, 0
52000, 17233603, 1, 0, 0
53000, 17052440, 1, 0, 0
54000, 16145605, 1, 0, 0
55000, 17225054, 1, 0, 0
56001, 16665711, 1, 0, 0
57000, 17070797, 1, 0, 0
58000, 16333813, 1, 0, 0
59000, 17037747, 1, 0, 0
60000, 16672385, 1, 0, 0
61000, 16756607, 1, 0, 0
62000, 16932012, 1, 0, 0
63000, 16582275, 1, 0, 0
64000, 16775743, 1, 0, 0
65001, 16646886, 1, 0, 0
66001, 16668200, 1, 0, 0
67000, 17089114, 1, 0, 0
68001, 15965960, 1, 0, 0
69000, 16078363, 1, 0, 0
70000, 16481029, 1, 0, 0
71000, 17116835, 1, 0, 0
72000, 16889139, 1, 0, 0
73000, 16678222, 1, 0, 0
74000, 17351397, 1, 0, 0
75000, 16921922, 1, 0, 0
76000, 17517021, 1, 0, 0
77001, 16909603, 1, 0, 0
78000, 16931723, 1, 0, 0
79000, 16542111, 1, 0, 0
80000, 16379126, 1, 0, 0
81000, 16965015, 1, 0, 0
82001, 16553671, 1, 0, 0
83000, 16511749, 1, 0, 0
84000, 16531231, 1, 0, 0
85000, 16746194, 1, 0, 0
86000, 16566656, 1, 0, 0
87000, 16956294, 1, 0, 0
88000, 17209128, 1, 0, 0
89000, 17346921, 1, 0, 0
90000, 16426570, 1, 0, 0
91000, 16718260, 1, 0, 0
92027, 16865603, 1, 0, 0
93001, 16789527, 1, 0, 0
94000, 17096342, 1, 0, 0
95000, 16814768, 1, 0, 0
96000, 17069919, 1, 0, 0
97000, 16296887, 1, 0, 0
98000, 16966935, 1, 0, 0
99000, 16869533, 1, 0, 0
100001, 17107971, 1, 0, 0
101001, 16287987, 1, 0, 0
102000, 16462241, 1, 0, 0
103000, 16936682, 1, 0, 0
104000, 16666000, 1, 0, 0
105000, 17429887, 1, 0, 0
106000, 16555842, 1, 0, 0
107000, 17058364, 1, 0, 0
108001, 16705998, 1, 0, 0
109000, 16798606, 1, 0, 0
110000, 17175639, 1, 0, 0
111001, 16899219, 1, 0, 0
112000, 17519087, 1, 0, 0
113000, 16399410, 1, 0, 0
114001, 16446007, 1, 0, 0
115003, 16231773, 1, 0, 0
116000, 16581534, 1, 0, 0
117000, 16297018, 1, 0, 0
118000, 17090510, 1, 0, 0
119000, 16675577, 1, 0, 0
120000, 16004164, 1, 0, 0
121000, 16584937, 1, 0, 0
122000, 16766186, 1, 0, 0
123000, 16585982, 1, 0, 0
124000, 17388185, 1, 0, 0
125000, 16628411, 1, 0, 0
126001, 16978302, 1, 0, 0
127000, 16493823, 1, 0, 0
128002, 16582514, 1, 0, 0
129000, 16676340, 1, 0, 0
130002, 16229553, 1, 0, 0
131000, 16760119, 1, 0, 0
132002, 16410100, 1, 0, 0
133000, 17363483, 1, 0, 0
134003, 16614871, 1, 0, 0
135002, 16755887, 1, 0, 0
136000, 16562799, 1, 0, 0
137000, 16965921, 1, 0, 0
138000, 16649384, 1, 0, 0
139000, 16695238, 1, 0, 0
140000, 17492159, 1, 0, 0
141001, 16371357, 1, 0, 0
142000, 23702849, 1, 0, 0
143000, 17373085, 1, 0, 0
144000, 16608884, 1, 0, 0
145000, 16894858, 1, 0, 0
146000, 16618819, 1, 0, 0
147000, 16520639, 1, 0, 0
148000, 15624880, 1, 0, 0
149001, 17014653, 1, 0, 0
150001, 16630286, 1, 0, 0
151000, 16683418, 1, 0, 0
152000, 16737207, 1, 0, 0
153000, 16511233, 1, 0, 0
154000, 16812291, 1, 0, 0
155000, 17230554, 1, 0, 0
156000, 17359818, 1, 0, 0
157000, 16329655, 1, 0, 0
158002, 16365288, 1, 0, 0
159000, 17099647, 1, 0, 0
160000, 16409400, 1, 0, 0
161000, 16474206, 1, 0, 0
162000, 17036468, 1, 0, 0
163000, 17015894, 1, 0, 0
164000, 16482413, 1, 0, 0
165000, 16637313, 1, 0, 0
166000, 16802918, 1, 0, 0
167000, 16905567, 1, 0, 0
168000, 16440205, 1, 0, 0
169001, 16433719, 1, 0, 0
170000, 16599760, 1, 0, 0
171001, 16943394, 1, 0, 0
172000, 16901979, 1, 0, 0
173001, 16226337, 1, 0, 0
174000, 16734407, 1, 0, 0
175000, 17070874, 1, 0, 0
176000, 16765144, 1, 0, 0
177000, 16611721, 1, 0, 0
178000, 17169720, 1, 0, 0
179000, 16986535, 1, 0, 0
180000, 16290464, 1, 0, 0
180011, 20117505, 1, 0, 0
