1010, 14798349, 1, 0, 0
2002, 17306400, 1, 0, 0
3012, 16446920, 1, 0, 0
4023, 17162540, 1, 0, 0
5017, 16716396, 1, 0, 0
6013, 16747500, 1, 0, 0
7011, 16637407, 1, 0, 0
8019, 17241666, 1, 0, 0
9012, 17134433, 1, 0, 0
10023, 16404759, 1, 0, 0
11017, 16876484, 1, 0, 0
12026, 16824538, 1, 0, 0
13000, 16407702, 1, 0, 0
14013, 17149905, 1, 0, 0
15020, 16161906, 1, 0, 0
16012, 16938911, 1, 0, 0
17001, 17184709, 1, 0, 0
18014, 16844851, 1, 0, 0
19013, 16597759, 1, 0, 0
20018, 16476523, 1, 0, 0
21011, 16436998, 1, 0, 0
22019, 16514587, 1, 0, 0
23013, 16620078, 1, 0, 0
24003, 17022988, 1, 0, 0
25015, 17251532, 1, 0, 0
26011, 16282763, 1, 0, 0
27024, 16845162, 1, 0, 0
28015, 16346074, 1, 0, 0
29015, 16659963, 1, 0, 0
30017, 16258207, 1, 0, 0
31024, 16138477, 1, 0, 0
32012, 16800853, 1, 0, 0
33020, 17021206, 1, 0, 0
34016, 16702037, 1, 0, 0
35019, 16622356, 1, 0, 0
36018, 16871868, 1, 0, 0
37013, 16647846, 1, 0, 0
38012, 17219669, 1, 0, 0
39015, 16180806, 1, 0, 0
40013, 17232265, 1, 0, 0
41020, 17834127, 1, 0, 0
42014, 16479915, 1, 0, 0
43024, 16088565, 1, 0, 0
44015, 17305948, 1, 0, 0
45022, 16590178, 1, 0, 0
46015, 17005514, 1, 0, 0
47000, 16675392, 1, 0, 0
48015, 17057864, 1, 0, 0
49002, 16689182, 1, 0, 0
50018, 16804760, 1, 0, 0
51012, 16708942, 1, 0, 0
52024, 16400385, 1, 0, 0
53012, 16800186, 1, 0, 0
54013, 16832472, 1, 0, 0
55010, 17283214, 1, 0, 0
56019, 16938999, 1, 0, 0
57013, 16166767, 1, 0, 0
58023, 16899703, 1, 0, 0
59011, 16492436, 1, 0, 0
60010, 17148858, 1, 0, 0
61017, 17114422, 1, 0, 0
62011, 17690804, 1, 0, 0
63015, 17105187, 1, 0, 0
64017, 16529296, 1, 0, 0
65010, 17144429, 1, 0, 0
66012, 15938844, 1, 0, 0
67020, 16982187, 1, 0, 0
68010, 16512640, 1, 0, 0
69012, 16851689, 1, 0, 0
70001, 16546381, 1, 0, 0
71015, 17250041, 1, 0, 0
72010, 16378707, 1, 0, 0
73018, 17150668, 1, 0, 0
74010, 15947089, 1, 0, 0
75018, 17237562, 1, 0, 0
76012, 16890437, 1, 0, 0
77019, 17344055, 1, 0, 0
78014, 16660683, 1, 0, 0
79024, 16396546, 1, 0, 0
80012, 16637948, 1, 0, 0
81012, 16971864, 1, 0, 0
82018, 17115649, 1, 0, 0
83014, 16853074, 1, 0, 0
84021, 16928009, 1, 0, 0
85017, 16441755, 1, 0, 0
86011, 17020892, 1, 0, 0
87020, 16310224, 1, 0, 0
88010, 16110120, 1, 0, 0
89019, 16980545, 1, 0, 0
90012, 16779057, 1, 0, 0
91019, 16836826, 1, 0, 0
92012, 16451592, 1, 0, 0
93023, 16137883, 1, 0, 0
94014, 17254676, 1, 0, 0
95011, 16412474, 1, 0, 0
96002, 17049560, 1, 0, 0
97010, 16315779, 1, 0, 0
98011, 16848901, 1, 0, 0
99015, 16117876, 1, 0, 0
100015, 16293736, 1, 0, 0
101024, 16167757, 1, 0, 0
102020, 16500217, 1, 0, 0
103012, 16394193, 1, 0, 0
104027, 16373800, 1, 0, 0
105020, 16497006, 1, 0, 0
106016, 17525437, 1, 0, 0
107026, 16069021, 1, 0, 0
108000, 17353278, 1, 0, 0
109014, 16759079, 1, 0, 0
110025, 17191494, 1, 0, 0
111014, 18130029, 1, 0, 0
112017, 17332218, 1, 0, 0
113016, 16526008, 1, 0, 0
114026, 16992055, 1, 0, 0
115017, 17151623, 1, 0, 0
116010, 16209169, 1, 0, 0
117021, 16659075, 1, 0, 0
118004, 16392871, 1, 0, 0
119022, 17156341, 1, 0, 0
120013, 16363824, 1, 0, 0
121019, 16968214, 1, 0, 0
122017, 17044942, 1, 0, 0
123011, 17088536, 1, 0, 0
124000, 16852314, 1, 0, 0
125015, 16445593, 1, 0, 0
126010, 16750067, 1, 0, 0
127002, 16578341, 1, 0, 0
128011, 15975919, 1, 0, 0
129022, 16468236, 1, 0, 0
130016, 17089855, 1, 0, 0
131017, 17057479, 1, 0, 0
132021, 16852443, 1, 0, 0
133011, 17454067, 1, 0, 0
134012, 16600555, 1, 0, 0
135016, 16535986, 1, 0, 0
136013, 16858237, 1, 0, 0
137013, 16554182, 1, 0, 0
138000, 16693880, 1, 0, 0
139011, 16407556, 1, 0, 0
140015, 16949472, 1, 0, 0
141012, 16612572, 1, 0, 0
142009, 16229087, 1, 0, 0
143012, 16653307, 1, 0, 0
144022, 16884310, 1, 0, 0
145015, 16910100, 1, 0, 0
146011, 16705172, 1, 0, 0
147019, 16903332, 1, 0, 0
148012, 16772945, 1, 0, 0
149012, 16837823, 1, 0, 0
150020, 17102969, 1, 0, 0
151016, 16558742, 1, 0, 0
152010, 16896954, 1, 0, 0
153010, 17149732, 1, 0, 0
154014, 16569416, 1, 0, 0
155022, 17017149, 1, 0, 0
156016, 17053354, 1, 0, 0
157010, 16548212, 1, 0, 0
158001, 17143809, 1, 0, 0
159013, 16746573, 1, 0, 0
160022, 16432519, 1, 0, 0
161016, 16387960, 1, 0, 0
162010, 17245503, 1, 0, 0
163011, 16004219, 1, 0, 0
164009, 16761233, 1, 0, 0
165015, 17100123, 1, 0, 0
166013, 16587285, 1, 0, 0
167009, 16087336, 1, 0, 0
168016, 16857381, 1, 0, 0
169013, 15847530, 1, 0, 0
170021, 17219424, 1, 0, 0
171018, 16796480, 1, 0, 0
172013, 17155283, 1, 0, 0
173011, 16955151, 1, 0, 0
174019, 16962956, 1, 0, 0
175014, 16909450, 1, 0, 0
176011, 16677856, 1, 0, 0
177023, 16597546, 1, 0, 0
178017, 16177107, 1, 0, 0
179010, 16582396, 1, 0, 0
180034, 16720384, 1, 0, 0
180041, 60661750, 1, 0, 0
