1002, 2542346, 0, 0, 0
2001, 2215447, 0, 0, 0
3000, 2268382, 0, 0, 0
4000, 2256759, 0, 0, 0
5000, 2268638, 0, 0, 0
6001, 2242755, 0, 0, 0
7000, 2243314, 0, 0, 0
8000, 2227914, 0, 0, 0
9000, 2182584, 0, 0, 0
10000, 2261773, 0, 0, 0
11001, 2213437, 0, 0, 0
12001, 2154668, 0, 0, 0
13002, 2277419, 0, 0, 0
14001, 2270888, 0, 0, 0
15000, 2189378, 0, 0, 0
16001, 2224103, 0, 0, 0
17004, 2278521, 0, 0, 0
18000, 2226873, 0, 0, 0
19000, 2174682, 0, 0, 0
20000, 2158820, 0, 0, 0
21000, 2265237, 0, 0, 0
22000, 2237573, 0, 0, 0
23001, 2222488, 0, 0, 0
24001, 2393010, 0, 0, 0
25001, 2240226, 0, 0, 0
26001, 2242253, 0, 0, 0
27001, 2197219, 0, 0, 0
28000, 2311106, 0, 0, 0
29001, 2338843, 0, 0, 0
30001, 2266694, 0, 0, 0
31000, 2294232, 0, 0, 0
32001, 2200019, 0, 0, 0
33001, 2216683, 0, 0, 0
34002, 2228905, 0, 0, 0
35000, 2182448, 0, 0, 0
36000, 2236311, 0, 0, 0
37001, 2238434, 0, 0, 0
38000, 2181372, 0, 0, 0
39001, 2243725, 0, 0, 0
40000, 2228358, 0, 0, 0
41001, 2185686, 0, 0, 0
42001, 2145161, 0, 0, 0
43001, 2149303, 0, 0, 0
44001, 2197206, 0, 0, 0
45001, 2297997, 0, 0, 0
46002, 2293669, 0, 0, 0
47000, 2305654, 0, 0, 0
48002, 2344112, 0, 0, 0
49000, 2321504, 0, 0, 0
50000, 2201700, 0, 0, 0
51000, 2230669, 0, 0, 0
52001, 2175354, 0, 0, 0
53001, 2173274, 0, 0, 0
54000, 2238102, 0, 0, 0
55001, 2281012, 0, 0, 0
56000, 2174487, 0, 0, 0
57002, 2113266, 0, 0, 0
58000, 2232075, 0, 0, 0
59001, 2253157, 0, 0, 0
60001, 2197027, 0, 0, 0
61002, 2134048, 0, 0, 0
62000, 2187139, 0, 0, 0
63000, 2141666, 0, 0, 0
64001, 2152157, 0, 0, 0
65000, 2128519, 0, 0, 0
66000, 2299448, 0, 0, 0
67004, 2148004, 0, 0, 0
68001, 2196179, 0, 0, 0
69000, 2198486, 0, 0, 0
70000, 2197140, 0, 0, 0
71001, 2222370, 0, 0, 0
72001, 2177694, 0, 0, 0
73001, 2217544, 0, 0, 0
74000, 2228067, 0, 0, 0
75000, 2222924, 0, 0, 0
76001, 2197738, 0, 0, 0
77002, 2165737, 0, 0, 0
78000, 2218690, 0, 0, 0
79002, 2147868, 0, 0, 0
80001, 2218814, 0, 0, 0
81000, 2139617, 0, 0, 0
82000, 2211419, 0, 0, 0
83001, 2165258, 0, 0, 0
84001, 2167727, 0, 0, 0
85002, 2179989, 0, 0, 0
86001, 2098444, 0, 0, 0
87000, 2344053, 0, 0, 0
88000, 2272758, 0, 0, 0
89005, 2292895, 0, 0, 0
90000, 2351647, 0, 0, 0
91002, 2292915, 0, 0, 0
92000, 2260727, 0, 0, 0
93000, 2444391, 0, 0, 0
94000, 2303374, 0, 0, 0
95009, 2586085, 0, 0, 0
96001, 2524881, 0, 0, 0
97000, 2626530, 0, 0, 0
98025, 2937197, 0, 0, 0
99015, 3880095, 0, 0, 0
100001, 2507800, 0, 0, 0
101001, 2222111, 0, 0, 0
102002, 2249830, 0, 0, 0
103002, 2296352, 0, 0, 0
104001, 2199225, 0, 0, 0
105001, 2257180, 0, 0, 0
106001, 2182151, 0, 0, 0
107000, 2230189, 0, 0, 0
108000, 2330418, 0, 0, 0
109001, 2267822, 0, 0, 0
110000, 2310959, 0, 0, 0
111002, 2276494, 0, 0, 0
112001, 2316877, 0, 0, 0
113001, 2277495, 0, 0, 0
114001, 2252715, 0, 0, 0
115001, 2314063, 0, 0, 0
116000, 2321477, 0, 0, 0
117001, 2322058, 0, 0, 0
118000, 2218286, 0, 0, 0
119000, 2211713, 0, 0, 0
120000, 2261889, 0, 0, 0
121019, 2413056, 0, 0, 0
122001, 2148301, 0, 0, 0
123000, 2194877, 0, 0, 0
124000, 2182609, 0, 0, 0
125000, 2150778, 0, 0, 0
126001, 2189805, 0, 0, 0
127000, 2223574, 0, 0, 0
128000, 2260572, 0, 0, 0
129000, 2278731, 0, 0, 0
130002, 2238673, 0, 0, 0
131000, 2141713, 0, 0, 0
132000, 2307851, 0, 0, 0
133000, 2278723, 0, 0, 0
134000, 2216068, 0, 0, 0
135000, 2287166, 0, 0, 0
136001, 2233220, 0, 0, 0
137000, 2265805, 0, 0, 0
138001, 2294363, 0, 0, 0
139001, 2212123, 0, 0, 0
140001, 2154077, 0, 0, 0
141001, 2168492, 0, 0, 0
142001, 2149329, 0, 0, 0
143000, 2198902, 0, 0, 0
144000, 2158401, 0, 0, 0
145000, 2178597, 0, 0, 0
146001, 2127990, 0, 0, 0
147001, 2217191, 0, 0, 0
148001, 2182294, 0, 0, 0
149001, 2123055, 0, 0, 0
150000, 2317095, 0, 0, 0
151002, 2366281, 0, 0, 0
152000, 2304935, 0, 0, 0
153000, 2201926, 0, 0, 0
154001, 2264818, 0, 0, 0
155002, 2252230, 0, 0, 0
156001, 2300672, 0, 0, 0
157000, 2234882, 0, 0, 0
158000, 2241017, 0, 0, 0
159003, 2283362, 0, 0, 0
160001, 2145106, 0, 0, 0
161000, 2245616, 0, 0, 0
162001, 2439196, 0, 0, 0
163000, 2345445, 0, 0, 0
164002, 2311325, 0, 0, 0
165000, 2253334, 0, 0, 0
166000, 2257047, 0, 0, 0
167000, 2176777, 0, 0, 0
168000, 2210754, 0, 0, 0
169000, 2198190, 0, 0, 0
170000, 2182318, 0, 0, 0
171031, 2406677, 0, 0, 0
172002, 2241616, 0, 0, 0
173002, 2324902, 0, 0, 0
174000, 2278154, 0, 0, 0
175000, 2237076, 0, 0, 0
176001, 2325974, 0, 0, 0
177000, 2302483, 0, 0, 0
178002, 2328091, 0, 0, 0
179002, 2397924, 0, 0, 0
180000, 2287625, 0, 0, 0
