1000, 396, 0, 0, 0
2001, 422, 0, 0, 0
3001, 435, 0, 0, 0
4001, 439, 0, 0, 0
5000, 452, 0, 0, 0
6001, 433, 0, 0, 0
7000, 448, 0, 0, 0
8001, 446, 0, 0, 0
9000, 440, 0, 0, 0
10001, 448, 0, 0, 0
11001, 445, 0, 0, 0
12000, 440, 0, 0, 0
13001, 441, 0, 0, 0
14001, 457, 0, 0, 0
15001, 457, 0, 0, 0
16001, 446, 0, 0, 0
17000, 453, 0, 0, 0
18001, 449, 0, 0, 0
19000, 451, 0, 0, 0
20001, 452, 0, 0, 0
21001, 458, 0, 0, 0
22000, 462, 0, 0, 0
23001, 455, 0, 0, 0
24001, 434, 0, 0, 0
25001, 454, 0, 0, 0
26001, 431, 0, 0, 0
27000, 440, 0, 0, 0
28001, 444, 0, 0, 0
29000, 426, 0, 0, 0
30001, 448, 0, 0, 0
31001, 454, 0, 0, 0
32000, 455, 0, 0, 0
33001, 438, 0, 0, 0
34001, 444, 0, 0, 0
35000, 444, 0, 0, 0
36001, 466, 0, 0, 0
37001, 454, 0, 0, 0
38001, 441, 0, 0, 0
39001, 452, 0, 0, 0
40001, 458, 0, 0, 0
41001, 456, 0, 0, 0
42001, 462, 0, 0, 0
43000, 447, 0, 0, 0
44001, 455, 0, 0, 0
45001, 441, 0, 0, 0
46000, 440, 0, 0, 0
47001, 420, 0, 0, 0
48000, 431, 0, 0, 0
49001, 438, 0, 0, 0
50001, 438, 0, 0, 0
51000, 444, 0, 0, 0
52001, 446, 0, 0, 0
53001, 448, 0, 0, 0
54000, 455, 0, 0, 0
55001, 445, 0, 0, 0
56001, 430, 0, 0, 0
57000, 451, 0, 0, 0
58001, 445, 0, 0, 0
59000, 443, 0, 0, 0
60001, 455, 0, 0, 0
61001, 447, 0, 0, 0
62000, 469, 0, 0, 0
63001, 457, 0, 0, 0
64001, 478, 0, 0, 0
65000, 459, 0, 0, 0
66001, 449, 0, 0, 0
67001, 470, 0, 0, 0
68000, 453, 0, 0, 0
69001, 456, 0, 0, 0
70001, 452, 0, 0, 0
71000, 466, 0, 0, 0
72001, 450, 0, 0, 0
73000, 459, 0, 0, 0
74001, 441, 0, 0, 0
75001, 455, 0, 0, 0
76000, 442, 0, 0, 0
77001, 462, 0, 0, 0
78001, 470, 0, 0, 0
79000, 438, 0, 0, 0
80001, 447, 0, 0, 0
81001, 455, 0, 0, 0
82000, 459, 0, 0, 0
83001, 450, 0, 0, 0
84000, 448, 0, 0, 0
85001, 457, 0, 0, 0
86001, 444, 0, 0, 0
87000, 441, 0, 0, 0
88001, 451, 0, 0, 0
89001, 427, 0, 0, 0
90000, 438, 0, 0, 0
91001, 437, 0, 0, 0
92001, 443, 0, 0, 0
93000, 410, 0, 0, 0
94001, 428, 0, 0, 0
95000, 387, 0, 0, 0
96001, 427, 0, 0, 0
97001, 340, 0, 0, 0
98000, 343, 0, 0, 0
99001, 309, 0, 0, 0
100001, 419, 0, 0, 0
101000, 430, 0, 0, 0
102001, 437, 0, 0, 0
103001, 446, 0, 0, 0
104001, 461, 0, 0, 0
105001, 443, 0, 0, 0
106000, 444, 0, 0, 0
107001, 464, 0, 0, 0
108001, 437, 0, 0, 0
109000, 433, 0, 0, 0
110001, 420, 0, 0, 0
111001, 425, 0, 0, 0
112000, 434, 0, 0, 0
113001, 437, 0, 0, 0
114000, 444, 0, 0, 0
115001, 441, 0, 0, 0
116001, 439, 0, 0, 0
117000, 419, 0, 0, 0
118001, 461, 0, 0, 0
119001, 452, 0, 0, 0
120000, 454, 0, 0, 0
121001, 396, 0, 0, 0
122000, 455, 0, 0, 0
123001, 451, 0, 0, 0
124001, 460, 0, 0, 0
125000, 458, 0, 0, 0
126001, 453, 0, 0, 0
127001, 452, 0, 0, 0
128000, 451, 0, 0, 0
129001, 445, 0, 0, 0
130000, 448, 0, 0, 0
131001, 452, 0, 0, 0
132001, 440, 0, 0, 0
133000, 449, 0, 0, 0
134001, 458, 0, 0, 0
135000, 438, 0, 0, 0
136001, 463, 0, 0, 0
137001, 452, 0, 0, 0
138000, 447, 0, 0, 0
139001, 448, 0, 0, 0
140001, 454, 0, 0, 0
141000, 455, 0, 0, 0
142001, 461, 0, 0, 0
143001, 451, 0, 0, 0
144000, 447, 0, 0, 0
145001, 467, 0, 0, 0
146001, 458, 0, 0, 0
147000, 451, 0, 0, 0
148001, 454, 0, 0, 0
149001, 466, 0, 0, 0
150000, 423, 0, 0, 0
151001, 429, 0, 0, 0
152000, 449, 0, 0, 0
153000, 458, 0, 0, 0
154001, 444, 0, 0, 0
155000, 453, 0, 0, 0
156001, 461, 0, 0, 0
157001, 438, 0, 0, 0
158000, 439, 0, 0, 0
159001, 452, 0, 0, 0
160001, 457, 0, 0, 0
161000, 453, 0, 0, 0
162001, 425, 0, 0, 0
163000, 418, 0, 0, 0
164001, 449, 0, 0, 0
165001, 442, 0, 0, 0
166000, 461, 0, 0, 0
167001, 451, 0, 0, 0
168001, 454, 0, 0, 0
169000, 446, 0, 0, 0
170001, 464, 0, 0, 0
171000, 412, 0, 0, 0
172001, 420, 0, 0, 0
173001, 414, 0, 0, 0
174000, 425, 0, 0, 0
175001, 419, 0, 0, 0
176000, 422, 0, 0, 0
177001, 428, 0, 0, 0
178001, 416, 0, 0, 0
179000, 419, 0, 0, 0
180000, 432, 0, 0, 0
