1006, 2348, 1, 0, 0
2000, 3883, 1, 0, 0
3001, 10933, 1, 0, 0
4001, 2240, 1, 0, 0
5003, 2375, 1, 0, 0
6000, 5884, 1, 0, 0
7008, 11452, 1, 0, 0
8003, 2266, 1, 0, 0
9000, 2369, 1, 0, 0
10004, 101415, 1, 0, 0
11001, 12716, 1, 0, 0
12001, 15807, 1, 0, 0
13000, 34837, 1, 0, 0
14001, 25774, 1, 0, 0
15000, 12484, 1, 0, 0
16007, 68862, 1, 0, 0
17001, 58116, 1, 0, 0
18001, 59970, 1, 0, 0
19002, 22002, 1, 0, 0
20000, 32602, 1, 0, 0
21001, 2429, 1, 0, 0
22000, 79303, 1, 0, 0
23003, 4161, 1, 0, 0
24000, 50655, 1, 0, 0
25001, 9456, 1, 0, 0
26002, 2511, 1, 0, 0
27006, 2361, 1, 0, 0
28002, 90027, 1, 0, 0
29005, 85200, 1, 0, 0
30000, 17581, 1, 0, 0
31002, 25850, 1, 0, 0
32005, 18073, 1, 0, 0
33000, 5502, 1, 0, 0
34000, 72725, 1, 0, 0
35006, 72943, 1, 0, 0
36001, 8654, 1, 0, 0
37000, 15581, 1, 0, 0
38001, 7881, 1, 0, 0
39000, 9414, 1, 0, 0
40000, 5654, 1, 0, 0
41001, 14117, 1, 0, 0
42004, 8427, 1, 0, 0
43000, 99138, 1, 0, 0
44000, 7215, 1, 0, 0
45004, 2347, 1, 0, 0
46000, 18819, 1, 0, 0
47001, 14906, 1, 0, 0
48000, 42280, 1, 0, 0
49006, 6690, 1, 0, 0
50000, 26381, 1, 0, 0
51007, 21624, 1, 0, 0
52000, 58758, 1, 0, 0
53000, 12679, 1, 0, 0
54005, 16077, 1, 0, 0
55001, 17174, 1, 0, 0
56005, 8102, 1, 0, 0
57008, 12171, 1, 0, 0
58000, 18656, 1, 0, 0
59005, 10543, 1, 0, 0
60001, 20685, 1, 0, 0
61000, 5743, 1, 0, 0
62000, 8172, 1, 0, 0
63000, 7159, 1, 0, 0
64002, 19957, 1, 0, 0
65001, 67261, 1, 0, 0
66007, 64040, 1, 0, 0
67001, 7738, 1, 0, 0
68000, 2433, 1, 0, 0
69004, 100619, 1, 0, 0
70000, 3794, 1, 0, 0
71003, 59357, 1, 0, 0
72000, 6583, 1, 0, 0
73000, 9927, 1, 0, 0
74007, 102434, 1, 0, 0
75001, 14090, 1, 0, 0
76000, 12081, 1, 0, 0
77002, 2378, 1, 0, 0
78000, 101458, 1, 0, 0
79006, 108505, 1, 0, 0
80000, 6595, 1, 0, 0
81000, 9187, 1, 0, 0
82006, 33065, 1, 0, 0
83000, 7925, 1, 0, 0
84000, 8660, 1, 0, 0
85000, 35495, 1, 0, 0
86000, 2373, 1, 0, 0
87003, 2316, 1, 0, 0
88000, 8317, 1, 0, 0
89008, 3905, 1, 0, 0
90001, 4828, 1, 0, 0
91000, 8739, 1, 0, 0
92002, 11302, 1, 0, 0
93000, 3929, 1, 0, 0
94001, 12186, 1, 0, 0
95000, 56674, 1, 0, 0
96000, 21503, 1, 0, 0
97002, 2347, 1, 0, 0
98001, 2299, 1, 0, 0
99000, 57535, 1, 0, 0
100001, 16808, 1, 0, 0
101000, 10549, 1, 0, 0
102001, 69529, 1, 0, 0
103000, 19541, 1, 0, 0
104000, 4306, 1, 0, 0
105000, 2306, 1, 0, 0
106000, 2418, 1, 0, 0
107000, 2308, 1, 0, 0
108000, 13028, 1, 0, 0
109005, 37972, 1, 0, 0
110000, 17532, 1, 0, 0
111000, 8729, 1, 0, 0
112000, 8846, 1, 0, 0
113000, 5273, 1, 0, 0
114000, 2485, 1, 0, 0
115000, 2362, 1, 0, 0
116000, 2397, 1, 0, 0
117004, 105963, 1, 0, 0
118000, 14738, 1, 0, 0
119000, 60158, 1, 0, 0
120005, 57711, 1, 0, 0
121000, 9151, 1, 0, 0
122001, 19372, 1, 0, 0
123007, 9505, 1, 0, 0
124000, 2380, 1, 0, 0
125000, 4603, 1, 0, 0
126001, 2447, 1, 0, 0
127000, 35744, 1, 0, 0
128004, 2258, 1, 0, 0
129000, 2349, 1, 0, 0
130002, 13453, 1, 0, 0
131000, 6927, 1, 0, 0
132000, 2551, 1, 0, 0
133000, 2460, 1, 0, 0
134000, 2500, 1, 0, 0
135000, 2353, 1, 0, 0
136003, 5101, 1, 0, 0
137000, 2394, 1, 0, 0
138000, 2351, 1, 0, 0
139000, 2468, 1, 0, 0
140001, 12777, 1, 0, 0
141007, 2352, 1, 0, 0
142001, 2559, 1, 0, 0
143000, 2310, 1, 0, 0
144000, 7914, 1, 0, 0
145000, 4536, 1, 0, 0
146005, 2426, 1, 0, 0
147000, 2483, 1, 0, 0
148000, 2308, 1, 0, 0
149008, 2322, 1, 0, 0
150000, 53501, 1, 0, 0
151008, 2346, 1, 0, 0
152001, 12974, 1, 0, 0
153000, 14727, 1, 0, 0
154004, 21480, 1, 0, 0
155000, 27983, 1, 0, 0
156007, 8465, 1, 0, 0
157000, 4440, 1, 0, 0
158000, 2333, 1, 0, 0
159003, 52959, 1, 0, 0
160000, 10765, 1, 0, 0
161007, 2293, 1, 0, 0
162002, 7045, 1, 0, 0
163000, 2306, 1, 0, 0
164008, 25456, 1, 0, 0
165000, 10251, 1, 0, 0
166000, 98798, 1, 0, 0
167001, 2425, 1, 0, 0
168001, 2362, 1, 0, 0
169008, 4736, 1, 0, 0
170001, 2392, 1, 0, 0
171001, 21986, 1, 0, 0
172001, 3242, 1, 0, 0
173000, 2327, 1, 0, 0
174000, 60906, 1, 0, 0
175000, 2458, 1, 0, 0
176001, 27803, 1, 0, 0
177000, 14868, 1, 0, 0
178000, 7021, 1, 0, 0
179006, 6595, 1, 0, 0
180056, 2332, 1, 0, 0
