999, 452, 0, 0, 0
1999, 448, 0, 0, 0
2999, 443, 0, 0, 0
4000, 452, 0, 0, 0
5000, 465, 0, 0, 0
5999, 436, 0, 0, 0
7000, 452, 0, 0, 0
7999, 444, 0, 0, 0
9000, 413, 0, 0, 0
9999, 406, 0, 0, 0
11000, 435, 0, 0, 0
11999, 428, 0, 0, 0
13000, 438, 0, 0, 0
14000, 433, 0, 0, 0
14999, 429, 0, 0, 0
16000, 453, 0, 0, 0
16999, 448, 0, 0, 0
18000, 427, 0, 0, 0
18999, 444, 0, 0, 0
20000, 438, 0, 0, 0
21000, 445, 0, 0, 0
21999, 433, 0, 0, 0
23000, 459, 0, 0, 0
23999, 437, 0, 0, 0
25000, 447, 0, 0, 0
25999, 435, 0, 0, 0
27000, 464, 0, 0, 0
27999, 455, 0, 0, 0
29000, 444, 0, 0, 0
30000, 451, 0, 0, 0
30999, 462, 0, 0, 0
32000, 426, 0, 0, 0
32999, 440, 0, 0, 0
34000, 441, 0, 0, 0
34999, 433, 0, 0, 0
36000, 419, 0, 0, 0
36999, 443, 0, 0, 0
38000, 446, 0, 0, 0
38999, 451, 0, 0, 0
40000, 467, 0, 0, 0
41000, 443, 0, 0, 0
41999, 446, 0, 0, 0
43000, 454, 0, 0, 0
43999, 458, 0, 0, 0
45000, 444, 0, 0, 0
45999, 452, 0, 0, 0
47000, 451, 0, 0, 0
47999, 458, 0, 0, 0
49000, 441, 0, 0, 0
50000, 454, 0, 0, 0
50999, 464, 0, 0, 0
52000, 446, 0, 0, 0
52999, 444, 0, 0, 0
54000, 438, 0, 0, 0
54999, 449, 0, 0, 0
56000, 435, 0, 0, 0
56999, 435, 0, 0, 0
58000, 450, 0, 0, 0
58999, 444, 0, 0, 0
60000, 436, 0, 0, 0
60999, 445, 0, 0, 0
61999, 444, 0, 0, 0
63000, 454, 0, 0, 0
63999, 434, 0, 0, 0
65000, 445, 0, 0, 0
65999, 453, 0, 0, 0
67000, 461, 0, 0, 0
67999, 482, 0, 0, 0
69000, 459, 0, 0, 0
69999, 425, 0, 0, 0
71000, 449, 0, 0, 0
71999, 457, 0, 0, 0
73000, 462, 0, 0, 0
73999, 442, 0, 0, 0
75000, 447, 0, 0, 0
75999, 454, 0, 0, 0
77000, 441, 0, 0, 0
78000, 443, 0, 0, 0
78999, 436, 0, 0, 0
80000, 429, 0, 0, 0
80999, 438, 0, 0, 0
82000, 454, 0, 0, 0
82999, 438, 0, 0, 0
84000, 452, 0, 0, 0
84999, 445, 0, 0, 0
86000, 431, 0, 0, 0
86999, 434, 0, 0, 0
88000, 432, 0, 0, 0
89000, 433, 0, 0, 0
89999, 457, 0, 0, 0
91000, 447, 0, 0, 0
91999, 436, 0, 0, 0
93000, 442, 0, 0, 0
93999, 464, 0, 0, 0
95000, 445, 0, 0, 0
95999, 457, 0, 0, 0
97000, 446, 0, 0, 0
98000, 449, 0, 0, 0
98999, 457, 0, 0, 0
100000, 437, 0, 0, 0
100999, 456, 0, 0, 0
102000, 448, 0, 0, 0
102999, 454, 0, 0, 0
104000, 448, 0, 0, 0
104999, 438, 0, 0, 0
106000, 443, 0, 0, 0
107000, 448, 0, 0, 0
107999, 433, 0, 0, 0
109000, 443, 0, 0, 0
109999, 446, 0, 0, 0
111000, 447, 0, 0, 0
111999, 450, 0, 0, 0
113000, 465, 0, 0, 0
113999, 463, 0, 0, 0
115000, 449, 0, 0, 0
115999, 407, 0, 0, 0
117000, 434, 0, 0, 0
118000, 422, 0, 0, 0
118999, 453, 0, 0, 0
120000, 444, 0, 0, 0
120999, 454, 0, 0, 0
122000, 433, 0, 0, 0
122999, 459, 0, 0, 0
124000, 435, 0, 0, 0
125000, 462, 0, 0, 0
125999, 451, 0, 0, 0
127000, 466, 0, 0, 0
127999, 448, 0, 0, 0
129000, 445, 0, 0, 0
129999, 450, 0, 0, 0
130999, 448, 0, 0, 0
132000, 467, 0, 0, 0
132999, 448, 0, 0, 0
134000, 459, 0, 0, 0
134999, 459, 0, 0, 0
136000, 443, 0, 0, 0
136999, 441, 0, 0, 0
138000, 463, 0, 0, 0
139000, 434, 0, 0, 0
139999, 438, 0, 0, 0
141000, 456, 0, 0, 0
141999, 440, 0, 0, 0
143000, 446, 0, 0, 0
144000, 460, 0, 0, 0
144999, 404, 0, 0, 0
146000, 434, 0, 0, 0
146999, 458, 0, 0, 0
148000, 460, 0, 0, 0
149000, 424, 0, 0, 0
149999, 463, 0, 0, 0
151000, 452, 0, 0, 0
151999, 397, 0, 0, 0
152999, 268, 0, 0, 0
154000, 438, 0, 0, 0
155000, 451, 0, 0, 0
155999, 455, 0, 0, 0
157000, 454, 0, 0, 0
157999, 434, 0, 0, 0
159000, 440, 0, 0, 0
159999, 434, 0, 0, 0
161000, 451, 0, 0, 0
161999, 453, 0, 0, 0
163000, 450, 0, 0, 0
164000, 439, 0, 0, 0
164999, 453, 0, 0, 0
166000, 448, 0, 0, 0
166999, 449, 0, 0, 0
168000, 450, 0, 0, 0
168999, 430, 0, 0, 0
170000, 437, 0, 0, 0
170999, 459, 0, 0, 0
171999, 459, 0, 0, 0
173000, 438, 0, 0, 0
173999, 473, 0, 0, 0
175000, 468, 0, 0, 0
175999, 440, 0, 0, 0
177000, 462, 0, 0, 0
177999, 453, 0, 0, 0
179000, 453, 0, 0, 0
180000, 460, 0, 0, 0
