1001, 2521609, 0, 0, 0
2001, 2302519, 0, 0, 0
3000, 2220048, 0, 0, 0
4001, 2284845, 0, 0, 0
5000, 2247883, 0, 0, 0
6001, 2259826, 0, 0, 0
7001, 2225339, 0, 0, 0
8000, 2275017, 0, 0, 0
9000, 2188089, 0, 0, 0
10001, 2209933, 0, 0, 0
11001, 2206246, 0, 0, 0
12000, 2155335, 0, 0, 0
13002, 2303482, 0, 0, 0
14000, 2207531, 0, 0, 0
15001, 2189020, 0, 0, 0
16001, 2191760, 0, 0, 0
17000, 2235303, 0, 0, 0
18002, 2250218, 0, 0, 0
19000, 2211230, 0, 0, 0
20000, 2154902, 0, 0, 0
21000, 2206481, 0, 0, 0
22000, 2164671, 0, 0, 0
23000, 2196586, 0, 0, 0
24003, 2341794, 0, 0, 0
25002, 2238747, 0, 0, 0
26000, 2259138, 0, 0, 0
27001, 2324903, 0, 0, 0
28001, 2248427, 0, 0, 0
29000, 2320274, 0, 0, 0
30000, 2238423, 0, 0, 0
31000, 2270191, 0, 0, 0
32000, 2227042, 0, 0, 0
33001, 2268734, 0, 0, 0
34000, 2233729, 0, 0, 0
35000, 2221588, 0, 0, 0
36001, 2194667, 0, 0, 0
37000, 2228753, 0, 0, 0
38001, 2228930, 0, 0, 0
39001, 2246463, 0, 0, 0
40000, 2175339, 0, 0, 0
41001, 2171903, 0, 0, 0
42002, 2173867, 0, 0, 0
43001, 2180826, 0, 0, 0
44001, 2153869, 0, 0, 0
45000, 2295754, 0, 0, 0
46001, 2263540, 0, 0, 0
47001, 2272429, 0, 0, 0
48001, 2432112, 0, 0, 0
49001, 2314935, 0, 0, 0
50001, 2266024, 0, 0, 0
51000, 2198870, 0, 0, 0
52001, 2225175, 0, 0, 0
53000, 2146128, 0, 0, 0
54001, 2176378, 0, 0, 0
55001, 2276666, 0, 0, 0
56001, 2172843, 0, 0, 0
57001, 2211639, 0, 0, 0
58001, 2216715, 0, 0, 0
59001, 2139698, 0, 0, 0
60000, 2176439, 0, 0, 0
61001, 2180768, 0, 0, 0
62001, 2130261, 0, 0, 0
63001, 2169183, 0, 0, 0
64001, 2173314, 0, 0, 0
65000, 2175752, 0, 0, 0
66001, 2198224, 0, 0, 0
67000, 2138211, 0, 0, 0
68002, 2173288, 0, 0, 0
69001, 2229335, 0, 0, 0
70001, 2139359, 0, 0, 0
71000, 2196386, 0, 0, 0
72001, 2246745, 0, 0, 0
73000, 2171987, 0, 0, 0
74001, 2157386, 0, 0, 0
75001, 2240525, 0, 0, 0
76000, 2208423, 0, 0, 0
77001, 2240220, 0, 0, 0
78000, 2193026, 0, 0, 0
79000, 2192771, 0, 0, 0
80000, 2216237, 0, 0, 0
81000, 2169567, 0, 0, 0
82001, 2193780, 0, 0, 0
83000, 2195321, 0, 0, 0
84000, 2214806, 0, 0, 0
85001, 2162312, 0, 0, 0
86001, 2234950, 0, 0, 0
87000, 2317547, 0, 0, 0
88000, 2282647, 0, 0, 0
89000, 2266266, 0, 0, 0
90001, 2339524, 0, 0, 0
91002, 2305189, 0, 0, 0
92001, 2229734, 0, 0, 0
93000, 2430055, 0, 0, 0
94001, 2252861, 0, 0, 0
95000, 2514921, 0, 0, 0
96000, 2550279, 0, 0, 0
97001, 2607038, 0, 0, 0
98002, 3195272, 0, 0, 0
99038, 3808256, 0, 0, 0
100001, 2457736, 0, 0, 0
101002, 2293155, 0, 0, 0
102000, 2322217, 0, 0, 0
103000, 2266230, 0, 0, 0
104000, 2191500, 0, 0, 0
105003, 2288539, 0, 0, 0
106001, 2155510, 0, 0, 0
107001, 2191741, 0, 0, 0
108000, 2307460, 0, 0, 0
109000, 2330214, 0, 0, 0
110000, 2328497, 0, 0, 0
111001, 2350158, 0, 0, 0
112000, 2263995, 0, 0, 0
113001, 2253351, 0, 0, 0
114000, 2333711, 0, 0, 0
115000, 2328857, 0, 0, 0
116002, 2369465, 0, 0, 0
117001, 2263383, 0, 0, 0
118000, 2230212, 0, 0, 0
119002, 2250132, 0, 0, 0
120001, 2223610, 0, 0, 0
121018, 2469337, 0, 0, 0
122001, 2241398, 0, 0, 0
123003, 2225976, 0, 0, 0
124000, 2241582, 0, 0, 0
125002, 2249459, 0, 0, 0
126000, 2203548, 0, 0, 0
127000, 2214883, 0, 0, 0
128002, 2205917, 0, 0, 0
129001, 2229580, 0, 0, 0
130001, 2186721, 0, 0, 0
131001, 2192280, 0, 0, 0
132000, 2215541, 0, 0, 0
133000, 2226184, 0, 0, 0
134001, 2194759, 0, 0, 0
135000, 2234176, 0, 0, 0
136000, 2219510, 0, 0, 0
137000, 2197629, 0, 0, 0
138001, 2248464, 0, 0, 0
139001, 2256523, 0, 0, 0
140000, 2190914, 0, 0, 0
141000, 2206762, 0, 0, 0
142000, 2190987, 0, 0, 0
143000, 2207350, 0, 0, 0
144000, 2191437, 0, 0, 0
145000, 2122700, 0, 0, 0
146000, 2240191, 0, 0, 0
147001, 2134125, 0, 0, 0
148001, 2136773, 0, 0, 0
149000, 2208401, 0, 0, 0
150000, 2293657, 0, 0, 0
151001, 2348630, 0, 0, 0
152001, 2385691, 0, 0, 0
153001, 2191160, 0, 0, 0
154001, 2347019, 0, 0, 0
155000, 2254613, 0, 0, 0
156001, 2223485, 0, 0, 0
157000, 2301641, 0, 0, 0
158001, 2252745, 0, 0, 0
159000, 2258890, 0, 0, 0
160001, 2213593, 0, 0, 0
161000, 2260991, 0, 0, 0
162000, 2312831, 0, 0, 0
163002, 2318964, 0, 0, 0
164000, 2252609, 0, 0, 0
165000, 2220017, 0, 0, 0
166001, 2233514, 0, 0, 0
167001, 2216850, 0, 0, 0
168001, 2252861, 0, 0, 0
169000, 2263372, 0, 0, 0
170001, 2208399, 0, 0, 0
171030, 2454695, 0, 0, 0
172000, 2246195, 0, 0, 0
173001, 2375203, 0, 0, 0
174000, 2244406, 0, 0, 0
175001, 2441224, 0, 0, 0
176007, 2263963, 0, 0, 0
177000, 2303777, 0, 0, 0
178002, 2400980, 0, 0, 0
179000, 2316353, 0, 0, 0
180000, 2287064, 0, 0, 0
