1000, 4192, 1, 0, 0
2000, 3864, 1, 0, 0
2999, 3911, 1, 0, 0
4000, 3824, 1, 0, 0
5000, 3856, 1, 0, 0
6000, 3811, 1, 0, 0
7000, 3791, 1, 0, 0
7999, 3859, 1, 0, 0
9000, 3804, 1, 0, 0
10000, 3851, 1, 0, 0
10999, 3795, 1, 0, 0
12000, 3792, 1, 0, 0
13000, 3887, 1, 0, 0
14000, 3883, 1, 0, 0
14999, 3751, 1, 0, 0
15999, 3775, 1, 0, 0
17000, 3856, 1, 0, 0
18000, 3779, 1, 0, 0
19000, 3867, 1, 0, 0
20000, 3823, 1, 0, 0
20999, 3815, 1, 0, 0
22000, 3764, 1, 0, 0
23000, 3799, 1, 0, 0
24000, 3727, 1, 0, 0
24999, 3771, 1, 0, 0
26000, 3888, 1, 0, 0
27000, 3679, 1, 0, 0
28000, 3831, 1, 0, 0
29000, 3896, 1, 0, 0
30000, 3843, 1, 0, 0
31000, 3915, 1, 0, 0
32000, 3783, 1, 0, 0
32999, 3867, 1, 0, 0
34000, 3688, 1, 0, 0
35000, 3687, 1, 0, 0
35999, 3735, 1, 0, 0
37000, 3832, 1, 0, 0
38000, 3799, 1, 0, 0
39000, 3847, 1, 0, 0
40000, 3919, 1, 0, 0
40999, 3851, 1, 0, 0
42000, 3796, 1, 0, 0
43000, 3768, 1, 0, 0
44000, 3756, 1, 0, 0
45000, 3663, 1, 0, 0
46000, 3823, 1, 0, 0
46999, 3807, 1, 0, 0
48000, 3756, 1, 0, 0
49000, 3731, 1, 0, 0
50000, 3731, 1, 0, 0
50999, 3927, 1, 0, 0
52000, 3892, 1, 0, 0
53000, 3787, 1, 0, 0
53999, 3779, 1, 0, 0
55000, 3816, 1, 0, 0
56000, 3891, 1, 0, 0
56999, 3831, 1, 0, 0
57999, 3751, 1, 0, 0
59000, 3904, 1, 0, 0
60000, 3819, 1, 0, 0
60999, 3751, 1, 0, 0
61999, 3795, 1, 0, 0
63000, 3696, 1, 0, 0
64000, 3907, 1, 0, 0
64999, 3811, 1, 0, 0
66000, 3796, 1, 0, 0
67000, 3743, 1, 0, 0
68000, 3819, 1, 0, 0
68999, 3775, 1, 0, 0
70000, 3852, 1, 0, 0
71000, 3807, 1, 0, 0
72000, 3827, 1, 0, 0
72999, 3939, 1, 0, 0
74000, 3836, 1, 0, 0
75000, 3775, 1, 0, 0
76000, 3747, 1, 0, 0
76999, 3819, 1, 0, 0
78000, 3892, 1, 0, 0
79000, 3763, 1, 0, 0
80000, 3755, 1, 0, 0
80999, 3843, 1, 0, 0
81999, 3803, 1, 0, 0
83000, 3876, 1, 0, 0
84000, 3747, 1, 0, 0
85000, 3743, 1, 0, 0
85999, 3955, 1, 0, 0
87000, 3812, 1, 0, 0
88000, 3783, 1, 0, 0
89000, 3851, 1, 0, 0
90000, 3867, 1, 0, 0
90999, 3791, 1, 0, 0
92000, 3772, 1, 0, 0
93000, 3775, 1, 0, 0
94000, 3715, 1, 0, 0
94999, 3859, 1, 0, 0
96000, 3700, 1, 0, 0
97000, 3811, 1, 0, 0
98000, 3759, 1, 0, 0
99000, 3916, 1, 0, 0
100000, 4000, 1, 0, 0
101000, 3775, 1, 0, 0
102000, 3771, 1, 0, 0
103000, 3899, 1, 0, 0
103999, 3703, 1, 0, 0
105000, 3888, 1, 0, 0
106000, 3723, 1, 0, 0
106999, 3839, 1, 0, 0
108000, 3756, 1, 0, 0
109000, 3795, 1, 0, 0
110000, 3831, 1, 0, 0
111000, 3684, 1, 0, 0
112000, 3827, 1, 0, 0
112999, 3835, 1, 0, 0
114000, 4020, 1, 0, 0
115000, 3835, 1, 0, 0
116000, 3851, 1, 0, 0
116999, 3815, 1, 0, 0
118000, 3824, 1, 0, 0
119000, 3883, 1, 0, 0
120000, 3683, 1, 0, 0
121000, 3951, 1, 0, 0
121999, 3835, 1, 0, 0
122999, 3707, 1, 0, 0
124000, 3860, 1, 0, 0
125000, 3795, 1, 0, 0
126000, 3947, 1, 0, 0
127000, 3779, 1, 0, 0
127999, 3951, 1, 0, 0
129000, 3864, 1, 0, 0
130000, 4008, 1, 0, 0
130999, 3799, 1, 0, 0
132000, 3864, 1, 0, 0
133000, 3803, 1, 0, 0
134000, 3755, 1, 0, 0
134999, 3771, 1, 0, 0
135999, 3975, 1, 0, 0
136999, 3796, 1, 0, 0
138000, 3784, 1, 0, 0
139000, 3867, 1, 0, 0
140000, 3811, 1, 0, 0
141000, 3875, 1, 0, 0
141999, 3767, 1, 0, 0
142999, 3880, 1, 0, 0
143999, 3747, 1, 0, 0
144999, 3804, 1, 0, 0
146000, 3744, 1, 0, 0
147000, 3651, 1, 0, 0
148000, 3835, 1, 0, 0
148999, 3859, 1, 0, 0
150000, 3768, 1, 0, 0
151000, 3803, 1, 0, 0
152000, 3843, 1, 0, 0
152999, 3827, 1, 0, 0
154000, 3848, 1, 0, 0
155000, 3703, 1, 0, 0
155999, 3807, 1, 0, 0
157000, 3772, 1, 0, 0
158000, 3695, 1, 0, 0
159000, 3951, 1, 0, 0
159999, 3815, 1, 0, 0
161000, 3892, 1, 0, 0
162000, 3831, 1, 0, 0
162999, 3915, 1, 0, 0
164000, 3880, 1, 0, 0
165000, 3759, 1, 0, 0
166000, 3763, 1, 0, 0
167000, 3780, 1, 0, 0
168000, 3895, 1, 0, 0
168999, 3807, 1, 0, 0
170000, 3808, 1, 0, 0
171000, 3775, 1, 0, 0
171999, 3771, 1, 0, 0
173000, 3964, 1, 0, 0
174000, 3863, 1, 0, 0
175000, 3939, 1, 0, 0
175999, 3795, 1, 0, 0
176999, 3819, 1, 0, 0
178000, 3772, 1, 0, 0
179000, 3892, 1, 0, 0
180000, 3743, 1, 0, 0
