1000, 14296590, 1, 0, 0
2001, 16523682, 1, 0, 0
3003, 16757510, 1, 0, 0
4011, 17066294, 1, 0, 0
5005, 16430965, 1, 0, 0
6014, 16705056, 1, 0, 0
7008, 16828950, 1, 0, 0
8003, 16436641, 1, 0, 0
9001, 16590954, 1, 0, 0
10010, 17362496, 1, 0, 0
11003, 16437323, 1, 0, 0
12011, 16696533, 1, 0, 0
13001, 16593348, 1, 0, 0
14008, 17180455, 1, 0, 0
15002, 16579109, 1, 0, 0
16010, 16807259, 1, 0, 0
17003, 16661407, 1, 0, 0
18011, 16816963, 1, 0, 0
19005, 16765890, 1, 0, 0
20000, 16709168, 1, 0, 0
21013, 16737800, 1, 0, 0
22002, 16727937, 1, 0, 0
23004, 16729903, 1, 0, 0
24013, 16781349, 1, 0, 0
25006, 16628008, 1, 0, 0
26000, 16703570, 1, 0, 0
27000, 17381116, 1, 0, 0
28003, 16437258, 1, 0, 0
29011, 16870255, 1, 0, 0
30003, 16665403, 1, 0, 0
31010, 16900577, 1, 0, 0
32001, 16671103, 1, 0, 0
33008, 16852840, 1, 0, 0
34004, 16876978, 1, 0, 0
35009, 16870304, 1, 0, 0
36003, 16686748, 1, 0, 0
37003, 16914466, 1, 0, 0
38006, 16763525, 1, 0, 0
39000, 16449589, 1, 0, 0
40009, 16817579, 1, 0, 0
41003, 16646902, 1, 0, 0
42012, 16678947, 1, 0, 0
43008, 16675143, 1, 0, 0
44006, 16769683, 1, 0, 0
45006, 16496534, 1, 0, 0
46013, 16729015, 1, 0, 0
47007, 17274413, 1, 0, 0
48008, 16541401, 1, 0, 0
49008, 16539302, 1, 0, 0
50000, 16504249, 1, 0, 0
51009, 16885755, 1, 0, 0
52003, 16669809, 1, 0, 0
53001, 16801605, 1, 0, 0
54004, 16901145, 1, 0, 0
55005, 16757252, 1, 0, 0
56000, 16415594, 1, 0, 0
57009, 16668486, 1, 0, 0
58005, 16784361, 1, 0, 0
59007, 16733212, 1, 0, 0
60000, 16775983, 1, 0, 0
61000, 16936631, 1, 0, 0
62002, 16781130, 1, 0, 0
63001, 16729988, 1, 0, 0
64008, 16879497, 1, 0, 0
65001, 16596440, 1, 0, 0
66010, 17056528, 1, 0, 0
67003, 16727405, 1, 0, 0
68014, 16440632, 1, 0, 0
69009, 16819281, 1, 0, 0
70003, 16585863, 1, 0, 0
71013, 16621985, 1, 0, 0
72001, 16775270, 1, 0, 0
73002, 16670785, 1, 0, 0
74011, 16689685, 1, 0, 0
75004, 17132059, 1, 0, 0
76006, 16670199, 1, 0, 0
77004, 16769503, 1, 0, 0
78000, 16626596, 1, 0, 0
79007, 16784552, 1, 0, 0
80000, 16789383, 1, 0, 0
81001, 16709198, 1, 0, 0
82004, 16463183, 1, 0, 0
83000, 16578847, 1, 0, 0
84010, 16649113, 1, 0, 0
85004, 16857940, 1, 0, 0
86012, 16650062, 1, 0, 0
87006, 16786320, 1, 0, 0
88000, 16891531, 1, 0, 0
89007, 16691189, 1, 0, 0
90006, 16472854, 1, 0, 0
91003, 16751700, 1, 0, 0
92006, 17109385, 1, 0, 0
93012, 16638234, 1, 0, 0
94004, 16704959, 1, 0, 0
95010, 16499588, 1, 0, 0
96004, 16441346, 1, 0, 0
97008, 16643309, 1, 0, 0
98006, 16844297, 1, 0, 0
99005, 16829621, 1, 0, 0
100000, 16914314, 1, 0, 0
101002, 16711966, 1, 0, 0
102013, 16798364, 1, 0, 0
103007, 16519300, 1, 0, 0
104001, 16836661, 1, 0, 0
105012, 16793732, 1, 0, 0
106003, 16503415, 1, 0, 0
107008, 16890001, 1, 0, 0
108004, 16936555, 1, 0, 0
109013, 16455258, 1, 0, 0
110004, 17021068, 1, 0, 0
111011, 16832008, 1, 0, 0
112005, 16754212, 1, 0, 0
113014, 16493679, 1, 0, 0
114000, 16779529, 1, 0, 0
115002, 16320720, 1, 0, 0
116002, 17056465, 1, 0, 0
117008, 16659933, 1, 0, 0
118004, 16466245, 1, 0, 0
119000, 16559597, 1, 0, 0
120010, 16615635, 1, 0, 0
121003, 16508384, 1, 0, 0
122000, 16704072, 1, 0, 0
123006, 16853344, 1, 0, 0
124000, 16664865, 1, 0, 0
125005, 16837088, 1, 0, 0
126001, 16416433, 1, 0, 0
127004, 16584659, 1, 0, 0
128011, 16824062, 1, 0, 0
129000, 16534935, 1, 0, 0
130000, 17002662, 1, 0, 0
131008, 17127646, 1, 0, 0
132001, 16659566, 1, 0, 0
133004, 16800565, 1, 0, 0
134006, 16642723, 1, 0, 0
135000, 16955803, 1, 0, 0
136000, 16847042, 1, 0, 0
137003, 16524193, 1, 0, 0
138012, 16496309, 1, 0, 0
139003, 16749948, 1, 0, 0
140012, 16718773, 1, 0, 0
141004, 17312260, 1, 0, 0
142002, 16893644, 1, 0, 0
143004, 16409163, 1, 0, 0
144014, 16857268, 1, 0, 0
145009, 16527317, 1, 0, 0
146001, 16617070, 1, 0, 0
147000, 16636846, 1, 0, 0
148005, 16907119, 1, 0, 0
149000, 16176759, 1, 0, 0
150009, 16811234, 1, 0, 0
151002, 16827580, 1, 0, 0
152011, 16698785, 1, 0, 0
153007, 16642980, 1, 0, 0
154000, 16747804, 1, 0, 0
155010, 16992521, 1, 0, 0
156005, 16705635, 1, 0, 0
157012, 16711965, 1, 0, 0
158003, 16685518, 1, 0, 0
159011, 16699606, 1, 0, 0
160004, 16473575, 1, 0, 0
161003, 16579597, 1, 0, 0
162006, 16415468, 1, 0, 0
163000, 16607616, 1, 0, 0
164011, 16693191, 1, 0, 0
165004, 16832754, 1, 0, 0
166000, 16882732, 1, 0, 0
167007, 16608487, 1, 0, 0
168000, 16801413, 1, 0, 0
169000, 16648429, 1, 0, 0
170000, 16634988, 1, 0, 0
171001, 17195659, 1, 0, 0
172002, 16845984, 1, 0, 0
173011, 16696985, 1, 0, 0
174002, 16523564, 1, 0, 0
175000, 16828209, 1, 0, 0
176007, 17234745, 1, 0, 0
177005, 16464025, 1, 0, 0
178014, 16915540, 1, 0, 0
179008, 16790873, 1, 0, 0
180000, 16490256, 1, 0, 0
180008, 24615916, 1, 0, 0
