1000, 2180630, 0, 0, 0
2000, 2208364, 0, 0, 0
3000, 2178796, 0, 0, 0
4000, 2199471, 0, 0, 0
5000, 2128265, 0, 0, 0
6000, 2185930, 0, 0, 0
7000, 2150201, 0, 0, 0
8000, 2132584, 0, 0, 0
9000, 2130965, 0, 0, 0
10000, 2149213, 0, 0, 0
11000, 2208607, 0, 0, 0
12000, 2127588, 0, 0, 0
13000, 2178213, 0, 0, 0
14000, 2105640, 0, 0, 0
15000, 2133297, 0, 0, 0
16000, 2104642, 0, 0, 0
17000, 2160095, 0, 0, 0
18000, 2185570, 0, 0, 0
19000, 2195629, 0, 0, 0
20000, 2185027, 0, 0, 0
21000, 2225275, 0, 0, 0
22000, 2197646, 0, 0, 0
23000, 2178743, 0, 0, 0
24000, 2200203, 0, 0, 0
25000, 2203072, 0, 0, 0
26000, 2249878, 0, 0, 0
27000, 2223150, 0, 0, 0
28000, 2211206, 0, 0, 0
29000, 2225200, 0, 0, 0
30000, 2133382, 0, 0, 0
31000, 2197857, 0, 0, 0
32000, 2208197, 0, 0, 0
33000, 2221217, 0, 0, 0
34000, 2176006, 0, 0, 0
35000, 2151669, 0, 0, 0
36001, 2183512, 0, 0, 0
37000, 2125379, 0, 0, 0
38000, 2136638, 0, 0, 0
39000, 2181840, 0, 0, 0
40000, 2198109, 0, 0, 0
41000, 2206286, 0, 0, 0
42000, 2159447, 0, 0, 0
43000, 2189901, 0, 0, 0
44000, 2197313, 0, 0, 0
45000, 2261643, 0, 0, 0
46000, 2188270, 0, 0, 0
47000, 2208662, 0, 0, 0
48001, 2159364, 0, 0, 0
49000, 2176671, 0, 0, 0
50000, 2150844, 0, 0, 0
51000, 2207252, 0, 0, 0
52000, 2232712, 0, 0, 0
53000, 2117255, 0, 0, 0
54000, 2183895, 0, 0, 0
55000, 2133748, 0, 0, 0
56000, 2199001, 0, 0, 0
57000, 2142990, 0, 0, 0
58000, 2160663, 0, 0, 0
59000, 2132230, 0, 0, 0
60000, 2113790, 0, 0, 0
61000, 2141117, 0, 0, 0
62000, 2192966, 0, 0, 0
63000, 2157905, 0, 0, 0
64000, 2164712, 0, 0, 0
65000, 2163564, 0, 0, 0
66000, 2169697, 0, 0, 0
67000, 2168392, 0, 0, 0
68000, 2200495, 0, 0, 0
69000, 2174336, 0, 0, 0
70001, 2178972, 0, 0, 0
71000, 2131835, 0, 0, 0
72001, 2164822, 0, 0, 0
73000, 2204783, 0, 0, 0
74000, 2202282, 0, 0, 0
75000, 2157683, 0, 0, 0
76000, 2136369, 0, 0, 0
77000, 2176645, 0, 0, 0
78000, 2139122, 0, 0, 0
79000, 2133040, 0, 0, 0
80000, 2135036, 0, 0, 0
81001, 2214661, 0, 0, 0
82000, 2216461, 0, 0, 0
83000, 2473949, 0, 0, 0
84000, 2156919, 0, 0, 0
85000, 2194571, 0, 0, 0
86000, 2188942, 0, 0, 0
87000, 2299421, 0, 0, 0
88000, 2175514, 0, 0, 0
89000, 2139596, 0, 0, 0
90000, 2163020, 0, 0, 0
91000, 2188963, 0, 0, 0
92000, 2189395, 0, 0, 0
93000, 2166897, 0, 0, 0
94000, 2195571, 0, 0, 0
95000, 2215842, 0, 0, 0
96000, 2168760, 0, 0, 0
97000, 2177317, 0, 0, 0
98000, 2140716, 0, 0, 0
99000, 2185615, 0, 0, 0
100000, 2196719, 0, 0, 0
101000, 2234008, 0, 0, 0
102000, 2289105, 0, 0, 0
103000, 2195489, 0, 0, 0
104000, 2274365, 0, 0, 0
105000, 2246648, 0, 0, 0
106000, 2369110, 0, 0, 0
107000, 2260489, 0, 0, 0
108000, 2198715, 0, 0, 0
109000, 2198830, 0, 0, 0
110000, 2211519, 0, 0, 0
111000, 2323246, 0, 0, 0
112000, 2286045, 0, 0, 0
113000, 2146085, 0, 0, 0
114000, 2233196, 0, 0, 0
115000, 2470795, 0, 0, 0
116000, 2209123, 0, 0, 0
117000, 2190681, 0, 0, 0
118000, 2202523, 0, 0, 0
119000, 2136903, 0, 0, 0
120000, 2174606, 0, 0, 0
121000, 2177537, 0, 0, 0
122000, 2230019, 0, 0, 0
123000, 2232781, 0, 0, 0
124000, 2193680, 0, 0, 0
125000, 2214288, 0, 0, 0
126001, 2245250, 0, 0, 0
127000, 2186730, 0, 0, 0
128000, 2168181, 0, 0, 0
129000, 2203267, 0, 0, 0
130001, 2156308, 0, 0, 0
131000, 2243019, 0, 0, 0
132000, 2174828, 0, 0, 0
133000, 2211528, 0, 0, 0
134000, 2258935, 0, 0, 0
135000, 2278562, 0, 0, 0
136000, 2219189, 0, 0, 0
137000, 2245578, 0, 0, 0
138000, 2256855, 0, 0, 0
139001, 2174915, 0, 0, 0
140000, 2205450, 0, 0, 0
141000, 2212343, 0, 0, 0
142000, 2175553, 0, 0, 0
143000, 2203019, 0, 0, 0
144001, 2990560, 0, 0, 0
145000, 2284873, 0, 0, 0
146000, 2274888, 0, 0, 0
147000, 2268122, 0, 0, 0
148000, 2282582, 0, 0, 0
149000, 2307026, 0, 0, 0
150000, 2289816, 0, 0, 0
151000, 2200915, 0, 0, 0
152000, 2183228, 0, 0, 0
153000, 2197922, 0, 0, 0
154001, 2162692, 0, 0, 0
155000, 2206157, 0, 0, 0
156000, 2180811, 0, 0, 0
157000, 2159053, 0, 0, 0
158000, 2206691, 0, 0, 0
159000, 2222154, 0, 0, 0
160000, 2194444, 0, 0, 0
161000, 2230470, 0, 0, 0
162000, 2293579, 0, 0, 0
163000, 2227145, 0, 0, 0
164002, 2229220, 0, 0, 0
165000, 2317073, 0, 0, 0
166000, 2409110, 0, 0, 0
167000, 2264441, 0, 0, 0
168000, 2223727, 0, 0, 0
169000, 2229532, 0, 0, 0
170000, 2205852, 0, 0, 0
171000, 2235391, 0, 0, 0
172000, 2255697, 0, 0, 0
173000, 2219208, 0, 0, 0
174000, 2231634, 0, 0, 0
175000, 2221031, 0, 0, 0
176000, 2189864, 0, 0, 0
177000, 2195442, 0, 0, 0
178000, 2203234, 0, 0, 0
179000, 2207567, 0, 0, 0
180000, 2143688, 0, 0, 0
180002, 2807710, 0, 0, 0
