1011, 106834300, 0, 0, 0
2004, 125494184, 0, 0, 0
3000, 117141156, 0, 0, 0
4012, 119622725, 0, 0, 0
5007, 125760937, 0, 0, 0
6000, 128164523, 0, 0, 0
7011, 119218767, 0, 0, 0
8005, 127224521, 0, 0, 0
9001, 126462219, 0, 0, 0
10000, 127608382, 0, 0, 0
11006, 125231015, 0, 0, 0
12005, 127797459, 0, 0, 0
13001, 128990328, 0, 0, 0
14000, 127344495, 0, 0, 0
15007, 128737647, 0, 0, 0
16000, 129534418, 0, 0, 0
17008, 128015720, 0, 0, 0
18002, 128064693, 0, 0, 0
19002, 125548480, 0, 0, 0
20006, 125129258, 0, 0, 0
21000, 120239166, 0, 0, 0
22001, 117052464, 0, 0, 0
23006, 119621817, 0, 0, 0
24000, 125064487, 0, 0, 0
25010, 125595421, 0, 0, 0
26001, 126862954, 0, 0, 0
27000, 127979731, 0, 0, 0
28007, 129768293, 0, 0, 0
29000, 127751978, 0, 0, 0
30000, 125915770, 0, 0, 0
31004, 130615139, 0, 0, 0
32000, 126106428, 0, 0, 0
33010, 121968778, 0, 0, 0
34008, 125746104, 0, 0, 0
35003, 130295534, 0, 0, 0
36003, 125686833, 0, 0, 0
37007, 125805172, 0, 0, 0
38000, 125094657, 0, 0, 0
39009, 128640595, 0, 0, 0
40003, 127144002, 0, 0, 0
41000, 124803837, 0, 0, 0
42000, 126870277, 0, 0, 0
43004, 128329583, 0, 0, 0
44001, 127124849, 0, 0, 0
45007, 125816430, 0, 0, 0
46004, 126432068, 0, 0, 0
47000, 126671806, 0, 0, 0
48000, 128439422, 0, 0, 0
49000, 126813967, 0, 0, 0
50001, 122516532, 0, 0, 0
51005, 122121146, 0, 0, 0
52005, 129583989, 0, 0, 0
53000, 121819063, 0, 0, 0
54007, 125641427, 0, 0, 0
55002, 128020830, 0, 0, 0
56000, 133276761, 0, 0, 0
57003, 131555882, 0, 0, 0
58001, 131196584, 0, 0, 0
59010, 129466511, 0, 0, 0
60005, 130414618, 0, 0, 0
61000, 130319386, 0, 0, 0
62009, 128177218, 0, 0, 0
63002, 123958413, 0, 0, 0
64000, 119139062, 0, 0, 0
65003, 116894890, 0, 0, 0
66000, 122498567, 0, 0, 0
67000, 124992161, 0, 0, 0
68003, 124993783, 0, 0, 0
69000, 122595755, 0, 0, 0
70007, 128429489, 0, 0, 0
71003, 127211347, 0, 0, 0
72002, 124075546, 0, 0, 0
73008, 125144814, 0, 0, 0
74003, 130116033, 0, 0, 0
75001, 130325147, 0, 0, 0
76005, 130083966, 0, 0, 0
77000, 130721765, 0, 0, 0
78011, 144989445, 0, 0, 0
79006, 139059681, 0, 0, 0
80000, 136185682, 0, 0, 0
81007, 134451859, 0, 0, 0
82000, 131008429, 0, 0, 0
83000, 132408096, 0, 0, 0
84005, 129383748, 0, 0, 0
85004, 131291435, 0, 0, 0
86000, 130722259, 0, 0, 0
87010, 132573159, 0, 0, 0
88004, 135314813, 0, 0, 0
89000, 137523087, 0, 0, 0
90013, 134759278, 0, 0, 0
91003, 135211017, 0, 0, 0
92000, 134328756, 0, 0, 0
93008, 136820579, 0, 0, 0
94002, 136854932, 0, 0, 0
95001, 135968677, 0, 0, 0
96003, 142014482, 0, 0, 0
97001, 137361106, 0, 0, 0
98004, 135593555, 0, 0, 0
99006, 136765470, 0, 0, 0
100002, 147347765, 0, 0, 0
101008, 139390882, 0, 0, 0
102005, 153192275, 0, 0, 0
103000, 145993073, 0, 0, 0
104003, 150045198, 0, 0, 0
105000, 145901744, 0, 0, 0
106001, 152974701, 0, 0, 0
107009, 139038513, 0, 0, 0
108003, 150765403, 0, 0, 0
109009, 143861485, 0, 0, 0
110002, 124304237, 0, 0, 0
111011, 147388753, 0, 0, 0
112004, 160620003, 0, 0, 0
113003, 173308153, 0, 0, 0
114007, 166588221, 0, 0, 0
115001, 153629438, 0, 0, 0
116012, 133594263, 0, 0, 0
117005, 128434715, 0, 0, 0
118001, 124272761, 0, 0, 0
119000, 121497460, 0, 0, 0
120007, 116501524, 0, 0, 0
121000, 117090590, 0, 0, 0
122008, 121703487, 0, 0, 0
123003, 122157278, 0, 0, 0
124008, 119142529, 0, 0, 0
125002, 124663721, 0, 0, 0
126009, 125034768, 0, 0, 0
127000, 119124303, 0, 0, 0
128000, 121693189, 0, 0, 0
129006, 123016204, 0, 0, 0
130001, 122827041, 0, 0, 0
131000, 122647201, 0, 0, 0
132000, 124870227, 0, 0, 0
133001, 124762012, 0, 0, 0
134000, 124788584, 0, 0, 0
135007, 125502916, 0, 0, 0
136004, 136895697, 0, 0, 0
137000, 133993504, 0, 0, 0
138002, 134306674, 0, 0, 0
139003, 131023992, 0, 0, 0
140000, 125219142, 0, 0, 0
141006, 129888716, 0, 0, 0
142000, 131437193, 0, 0, 0
143000, 143673471, 0, 0, 0
144008, 129790093, 0, 0, 0
145001, 133700332, 0, 0, 0
146000, 128184186, 0, 0, 0
147008, 127808438, 0, 0, 0
148000, 128113663, 0, 0, 0
149001, 127243396, 0, 0, 0
150001, 124175123, 0, 0, 0
151000, 124135575, 0, 0, 0
152002, 124124308, 0, 0, 0
153000, 123314917, 0, 0, 0
154009, 124641871, 0, 0, 0
155002, 126647848, 0, 0, 0
156011, 126735116, 0, 0, 0
157003, 126363859, 0, 0, 0
158000, 127637429, 0, 0, 0
159005, 126838348, 0, 0, 0
160000, 127868020, 0, 0, 0
161000, 121647307, 0, 0, 0
162001, 117462219, 0, 0, 0
163003, 116427450, 0, 0, 0
164012, 117294901, 0, 0, 0
165003, 127473410, 0, 0, 0
166000, 129209527, 0, 0, 0
167012, 129480187, 0, 0, 0
168006, 125740123, 0, 0, 0
169001, 124119692, 0, 0, 0
170011, 122249230, 0, 0, 0
171000, 126736635, 0, 0, 0
172002, 123655193, 0, 0, 0
173001, 125684459, 0, 0, 0
174008, 124314749, 0, 0, 0
175002, 122269987, 0, 0, 0
176000, 122182699, 0, 0, 0
177008, 121565581, 0, 0, 0
178001, 125259836, 0, 0, 0
179010, 127237220, 0, 0, 0
180003, 126056810, 0, 0, 0
180104, 189818500, 0, 0, 0
