1031, 57727047, 0, 0, 0
2024, 67613068, 0, 0, 0
3017, 66542415, 0, 0, 0
4028, 67308722, 0, 0, 0
5025, 66455893, 0, 0, 0
6018, 66751506, 0, 0, 0
7024, 66786349, 0, 0, 0
8019, 67008827, 0, 0, 0
9020, 67306614, 0, 0, 0
10017, 66496143, 0, 0, 0
11020, 67055569, 0, 0, 0
12020, 66616206, 0, 0, 0
13028, 66658699, 0, 0, 0
14023, 67636810, 0, 0, 0
15018, 66868397, 0, 0, 0
16029, 67165096, 0, 0, 0
17023, 66166092, 0, 0, 0
18017, 67275052, 0, 0, 0
19030, 66685307, 0, 0, 0
20026, 67532179, 0, 0, 0
21022, 66694891, 0, 0, 0
22031, 66313275, 0, 0, 0
23021, 67344655, 0, 0, 0
24019, 66681321, 0, 0, 0
25029, 66445713, 0, 0, 0
26023, 67741404, 0, 0, 0
27017, 66497476, 0, 0, 0
28024, 66814751, 0, 0, 0
29022, 66955580, 0, 0, 0
30015, 66777948, 0, 0, 0
31024, 67282186, 0, 0, 0
32018, 66862813, 0, 0, 0
33014, 66715811, 0, 0, 0
34015, 67412072, 0, 0, 0
35020, 66932780, 0, 0, 0
36030, 66353914, 0, 0, 0
37026, 66854759, 0, 0, 0
38023, 67597737, 0, 0, 0
39018, 66264269, 0, 0, 0
40030, 66859621, 0, 0, 0
41023, 67202562, 0, 0, 0
42016, 66318217, 0, 0, 0
43021, 67871838, 0, 0, 0
44018, 66514118, 0, 0, 0
45030, 66411262, 0, 0, 0
46020, 67538646, 0, 0, 0
47021, 66651213, 0, 0, 0
48017, 66594878, 0, 0, 0
49030, 66964924, 0, 0, 0
50026, 67141361, 0, 0, 0
51023, 66830568, 0, 0, 0
52017, 66576645, 0, 0, 0
53022, 67235604, 0, 0, 0
54021, 67122504, 0, 0, 0
55018, 66742126, 0, 0, 0
56029, 66820778, 0, 0, 0
57021, 67540128, 0, 0, 0
58020, 66318960, 0, 0, 0
59023, 67220504, 0, 0, 0
60019, 66497079, 0, 0, 0
61030, 67073117, 0, 0, 0
62026, 67475450, 0, 0, 0
63014, 66260679, 0, 0, 0
64016, 66968019, 0, 0, 0
65024, 67522346, 0, 0, 0
66014, 66681270, 0, 0, 0
67016, 66428359, 0, 0, 0
68023, 67281461, 0, 0, 0
69015, 66292793, 0, 0, 0
70026, 66898175, 0, 0, 0
71023, 67165666, 0, 0, 0
72018, 66667511, 0, 0, 0
73018, 66490772, 0, 0, 0
74023, 67556077, 0, 0, 0
75017, 66918418, 0, 0, 0
76028, 66472536, 0, 0, 0
77024, 67173153, 0, 0, 0
78019, 66730759, 0, 0, 0
79015, 66858729, 0, 0, 0
80025, 67334023, 0, 0, 0
81021, 66801324, 0, 0, 0
82016, 66660710, 0, 0, 0
83017, 66559665, 0, 0, 0
84022, 67347759, 0, 0, 0
85016, 66642182, 0, 0, 0
86023, 67059784, 0, 0, 0
87017, 66841801, 0, 0, 0
88016, 66387371, 0, 0, 0
89016, 66682509, 0, 0, 0
90020, 67396845, 0, 0, 0
91025, 66594374, 0, 0, 0
92023, 67889238, 0, 0, 0
93018, 66377470, 0, 0, 0
94015, 66753256, 0, 0, 0
95017, 67434154, 0, 0, 0
96017, 66419747, 0, 0, 0
97025, 66907448, 0, 0, 0
98020, 67007695, 0, 0, 0
99021, 66278961, 0, 0, 0
100024, 67385714, 0, 0, 0
101020, 66955567, 0, 0, 0
102020, 66671001, 0, 0, 0
103023, 67214409, 0, 0, 0
104017, 66265506, 0, 0, 0
105017, 66997644, 0, 0, 0
106020, 66969946, 0, 0, 0
107028, 69909228, 0, 0, 0
108022, 71779025, 0, 0, 0
109020, 66644996, 0, 0, 0
110018, 66628113, 0, 0, 0
111021, 67553515, 0, 0, 0
112015, 66450242, 0, 0, 0
113025, 66745862, 0, 0, 0
114021, 67002203, 0, 0, 0
115015, 66893018, 0, 0, 0
116018, 66775296, 0, 0, 0
117021, 67710101, 0, 0, 0
118017, 66073056, 0, 0, 0
119027, 67389718, 0, 0, 0
120022, 66834941, 0, 0, 0
121030, 66881452, 0, 0, 0
122001, 67714207, 0, 0, 0
123016, 66274810, 0, 0, 0
124002, 67704006, 0, 0, 0
125019, 66081542, 0, 0, 0
126028, 66506883, 0, 0, 0
127021, 67114717, 0, 0, 0
128016, 66445259, 0, 0, 0
129027, 66999053, 0, 0, 0
130022, 67138126, 0, 0, 0
131017, 67128364, 0, 0, 0
132026, 67087639, 0, 0, 0
133018, 66278282, 0, 0, 0
134016, 67057101, 0, 0, 0
135003, 66409231, 0, 0, 0
136022, 66954608, 0, 0, 0
137023, 66884316, 0, 0, 0
138016, 66953760, 0, 0, 0
139026, 67511362, 0, 0, 0
140019, 66496262, 0, 0, 0
141015, 66669389, 0, 0, 0
142026, 67186194, 0, 0, 0
143019, 67171293, 0, 0, 0
144016, 66885373, 0, 0, 0
145027, 67324193, 0, 0, 0
146023, 67071611, 0, 0, 0
147016, 66502639, 0, 0, 0
148026, 66796775, 0, 0, 0
149018, 67327983, 0, 0, 0
150029, 66253169, 0, 0, 0
151021, 67489577, 0, 0, 0
152018, 67175428, 0, 0, 0
153028, 66317451, 0, 0, 0
154022, 67510767, 0, 0, 0
155018, 66952052, 0, 0, 0
156015, 66914072, 0, 0, 0
157027, 67189283, 0, 0, 0
158022, 66527835, 0, 0, 0
159015, 67005446, 0, 0, 0
160029, 66682515, 0, 0, 0
161024, 67808504, 0, 0, 0
162017, 66549715, 0, 0, 0
163017, 66659944, 0, 0, 0
164020, 67479755, 0, 0, 0
165015, 66882242, 0, 0, 0
166017, 66893289, 0, 0, 0
167020, 67308765, 0, 0, 0
168030, 66219878, 0, 0, 0
169000, 67374254, 0, 0, 0
170021, 67075218, 0, 0, 0
171016, 66582262, 0, 0, 0
172027, 66886018, 0, 0, 0
173021, 67562274, 0, 0, 0
174019, 66625476, 0, 0, 0
175015, 66873370, 0, 0, 0
176027, 67514415, 0, 0, 0
177017, 66437893, 0, 0, 0
178015, 67123798, 0, 0, 0
179028, 66708686, 0, 0, 0
180017, 67541621, 0, 0, 0
180072, 101095557, 0, 0, 0
