999, 508, 1, 0, 0
1998, 482, 1, 0, 0
2999, 482, 1, 0, 0
4000, 475, 1, 0, 0
5000, 477, 1, 0, 0
5999, 482, 1, 0, 0
6999, 470, 1, 0, 0
8000, 479, 1, 0, 0
9000, 488, 1, 0, 0
10000, 473, 1, 0, 0
10999, 483, 1, 0, 0
11999, 476, 1, 0, 0
13000, 476, 1, 0, 0
14000, 476, 1, 0, 0
15000, 484, 1, 0, 0
16000, 472, 1, 0, 0
17000, 479, 1, 0, 0
18000, 485, 1, 0, 0
19000, 472, 1, 0, 0
20000, 471, 1, 0, 0
21000, 482, 1, 0, 0
22000, 485, 1, 0, 0
23000, 465, 1, 0, 0
24000, 481, 1, 0, 0
25000, 469, 1, 0, 0
26000, 476, 1, 0, 0
27000, 476, 1, 0, 0
28000, 483, 1, 0, 0
29000, 467, 1, 0, 0
29999, 486, 1, 0, 0
30999, 479, 1, 0, 0
32000, 470, 1, 0, 0
32999, 477, 1, 0, 0
34000, 484, 1, 0, 0
35000, 468, 1, 0, 0
36000, 475, 1, 0, 0
37000, 479, 1, 0, 0
38000, 485, 1, 0, 0
39000, 486, 1, 0, 0
40000, 471, 1, 0, 0
41000, 480, 1, 0, 0
41999, 467, 1, 0, 0
43000, 492, 1, 0, 0
44000, 475, 1, 0, 0
44999, 471, 1, 0, 0
45999, 476, 1, 0, 0
47000, 483, 1, 0, 0
47999, 473, 1, 0, 0
49000, 474, 1, 0, 0
50000, 480, 1, 0, 0
50999, 472, 1, 0, 0
51999, 478, 1, 0, 0
52999, 484, 1, 0, 0
53999, 469, 1, 0, 0
55000, 483, 1, 0, 0
55999, 483, 1, 0, 0
57000, 472, 1, 0, 0
58000, 485, 1, 0, 0
59000, 470, 1, 0, 0
60000, 485, 1, 0, 0
61000, 481, 1, 0, 0
62000, 475, 1, 0, 0
63000, 478, 1, 0, 0
64000, 474, 1, 0, 0
65000, 485, 1, 0, 0
66000, 474, 1, 0, 0
67000, 478, 1, 0, 0
68000, 485, 1, 0, 0
68999, 471, 1, 0, 0
69999, 479, 1, 0, 0
70999, 482, 1, 0, 0
72000, 478, 1, 0, 0
73000, 474, 1, 0, 0
73999, 474, 1, 0, 0
75000, 478, 1, 0, 0
76000, 488, 1, 0, 0
76999, 486, 1, 0, 0
77999, 477, 1, 0, 0
79000, 473, 1, 0, 0
80000, 480, 1, 0, 0
81000, 478, 1, 0, 0
82000, 470, 1, 0, 0
83000, 491, 1, 0, 0
83999, 481, 1, 0, 0
85000, 478, 1, 0, 0
86000, 486, 1, 0, 0
86999, 465, 1, 0, 0
87999, 481, 1, 0, 0
88999, 477, 1, 0, 0
90000, 477, 1, 0, 0
91000, 483, 1, 0, 0
92000, 468, 1, 0, 0
93000, 484, 1, 0, 0
94000, 473, 1, 0, 0
95000, 497, 1, 0, 0
96000, 469, 1, 0, 0
97000, 473, 1, 0, 0
97999, 478, 1, 0, 0
99000, 484, 1, 0, 0
100000, 486, 1, 0, 0
100999, 475, 1, 0, 0
101999, 472, 1, 0, 0
103000, 484, 1, 0, 0
104000, 480, 1, 0, 0
105000, 478, 1, 0, 0
106000, 479, 1, 0, 0
107000, 486, 1, 0, 0
108000, 474, 1, 0, 0
109000, 473, 1, 0, 0
110000, 478, 1, 0, 0
111000, 480, 1, 0, 0
111999, 480, 1, 0, 0
113000, 482, 1, 0, 0
114000, 479, 1, 0, 0
115000, 475, 1, 0, 0
115999, 480, 1, 0, 0
117000, 475, 1, 0, 0
118000, 482, 1, 0, 0
118999, 480, 1, 0, 0
120000, 471, 1, 0, 0
121000, 485, 1, 0, 0
121999, 485, 1, 0, 0
123000, 475, 1, 0, 0
124000, 488, 1, 0, 0
125000, 474, 1, 0, 0
125999, 474, 1, 0, 0
126999, 487, 1, 0, 0
127999, 470, 1, 0, 0
129000, 481, 1, 0, 0
130000, 477, 1, 0, 0
131000, 483, 1, 0, 0
132000, 475, 1, 0, 0
133000, 484, 1, 0, 0
134000, 477, 1, 0, 0
134999, 481, 1, 0, 0
136000, 479, 1, 0, 0
137000, 485, 1, 0, 0
138000, 485, 1, 0, 0
139000, 469, 1, 0, 0
139999, 483, 1, 0, 0
141000, 476, 1, 0, 0
142000, 482, 1, 0, 0
143000, 478, 1, 0, 0
144000, 471, 1, 0, 0
145000, 486, 1, 0, 0
146000, 470, 1, 0, 0
147000, 475, 1, 0, 0
148000, 488, 1, 0, 0
149000, 462, 1, 0, 0
150000, 480, 1, 0, 0
151000, 475, 1, 0, 0
152000, 479, 1, 0, 0
153000, 487, 1, 0, 0
154000, 466, 1, 0, 0
155001, 478, 1, 0, 0
156002, 479, 1, 0, 0
157003, 489, 1, 0, 0
158004, 472, 1, 0, 0
159004, 470, 1, 0, 0
160005, 482, 1, 0, 0
161006, 472, 1, 0, 0
162006, 489, 1, 0, 0
163007, 474, 1, 0, 0
164007, 472, 1, 0, 0
165008, 490, 1, 0, 0
166008, 483, 1, 0, 0
167008, 478, 1, 0, 0
168008, 479, 1, 0, 0
169009, 459, 1, 0, 0
170009, 486, 1, 0, 0
171009, 486, 1, 0, 0
172010, 462, 1, 0, 0
173010, 491, 1, 0, 0
174010, 481, 1, 0, 0
175011, 474, 1, 0, 0
176011, 483, 1, 0, 0
177012, 473, 1, 0, 0
178012, 486, 1, 0, 0
179012, 463, 1, 0, 0
180012, 476, 1, 0, 0
