1007, 58981643, 1, 0, 0
2000, 65860887, 1, 0, 0
3000, 66647730, 1, 0, 0
4003, 65856505, 1, 0, 0
5003, 67446127, 1, 0, 0
6003, 66718233, 1, 0, 0
7008, 66670499, 1, 0, 0
8004, 65430510, 1, 0, 0
9001, 67147718, 1, 0, 0
10004, 66816943, 1, 0, 0
11000, 66727933, 1, 0, 0
12001, 67057600, 1, 0, 0
13000, 67147076, 1, 0, 0
14000, 67351299, 1, 0, 0
15000, 66259434, 1, 0, 0
16007, 66465180, 1, 0, 0
17000, 67356080, 1, 0, 0
18000, 66459560, 1, 0, 0
19001, 66903490, 1, 0, 0
20000, 67632842, 1, 0, 0
21000, 67348235, 1, 0, 0
22000, 65919513, 1, 0, 0
23003, 66990963, 1, 0, 0
24000, 67218629, 1, 0, 0
25001, 67094006, 1, 0, 0
26000, 66346374, 1, 0, 0
27003, 66909139, 1, 0, 0
28000, 66765435, 1, 0, 0
29006, 67822336, 1, 0, 0
30000, 66589027, 1, 0, 0
31000, 66279881, 1, 0, 0
32005, 67470216, 1, 0, 0
33001, 66515208, 1, 0, 0
34000, 67335074, 1, 0, 0
35007, 67890843, 1, 0, 0
36001, 67586304, 1, 0, 0
37001, 66032628, 1, 0, 0
38001, 67334779, 1, 0, 0
39002, 66309537, 1, 0, 0
40000, 67226437, 1, 0, 0
41001, 66794526, 1, 0, 0
42005, 66953481, 1, 0, 0
43001, 67239513, 1, 0, 0
44000, 66360202, 1, 0, 0
45004, 67154001, 1, 0, 0
46000, 66865167, 1, 0, 0
47000, 66749482, 1, 0, 0
48000, 67002880, 1, 0, 0
49007, 67229109, 1, 0, 0
50000, 66073363, 1, 0, 0
51007, 66807972, 1, 0, 0
52000, 66549282, 1, 0, 0
53001, 66560592, 1, 0, 0
54004, 67313014, 1, 0, 0
55001, 67003246, 1, 0, 0
56000, 66163031, 1, 0, 0
57004, 67228196, 1, 0, 0
58000, 66941553, 1, 0, 0
59008, 67717596, 1, 0, 0
60000, 66612209, 1, 0, 0
61000, 66048909, 1, 0, 0
62000, 67002365, 1, 0, 0
63000, 67339996, 1, 0, 0
64003, 67461602, 1, 0, 0
65004, 65769413, 1, 0, 0
66007, 66428669, 1, 0, 0
67002, 66961373, 1, 0, 0
68000, 65638499, 1, 0, 0
69004, 66504309, 1, 0, 0
70000, 67361444, 1, 0, 0
71000, 66985251, 1, 0, 0
72001, 67148431, 1, 0, 0
73000, 66150361, 1, 0, 0
74009, 67277316, 1, 0, 0
75003, 67327056, 1, 0, 0
76002, 67605620, 1, 0, 0
77000, 67099284, 1, 0, 0
78001, 66777856, 1, 0, 0
79005, 67283567, 1, 0, 0
80000, 67334366, 1, 0, 0
81000, 66654507, 1, 0, 0
82003, 66868398, 1, 0, 0
83000, 66747153, 1, 0, 0
84000, 66701727, 1, 0, 0
85000, 66506384, 1, 0, 0
86000, 66488470, 1, 0, 0
87005, 66847635, 1, 0, 0
88000, 66452560, 1, 0, 0
89008, 66167428, 1, 0, 0
90003, 67567636, 1, 0, 0
91001, 66862422, 1, 0, 0
92002, 67402294, 1, 0, 0
93000, 66339614, 1, 0, 0
94004, 66765613, 1, 0, 0
95001, 66724554, 1, 0, 0
96000, 67108366, 1, 0, 0
97001, 67673495, 1, 0, 0
98000, 65923475, 1, 0, 0
99000, 67154670, 1, 0, 0
100003, 67134375, 1, 0, 0
101000, 67946142, 1, 0, 0
102003, 67315027, 1, 0, 0
103005, 66085911, 1, 0, 0
104001, 66888789, 1, 0, 0
105000, 67250260, 1, 0, 0
106001, 66383262, 1, 0, 0
107000, 67682478, 1, 0, 0
108002, 66227752, 1, 0, 0
109006, 68055161, 1, 0, 0
110000, 66217677, 1, 0, 0
111000, 66510509, 1, 0, 0
112002, 67928379, 1, 0, 0
113000, 67192362, 1, 0, 0
114000, 66645175, 1, 0, 0
115001, 68070583, 1, 0, 0
116000, 67040948, 1, 0, 0
117004, 65729561, 1, 0, 0
118000, 67813633, 1, 0, 0
119000, 67335524, 1, 0, 0
120006, 67892660, 1, 0, 0
121000, 66880315, 1, 0, 0
122000, 67259038, 1, 0, 0
123006, 66344960, 1, 0, 0
124000, 66157477, 1, 0, 0
125000, 67236127, 1, 0, 0
126001, 67087422, 1, 0, 0
127001, 66618249, 1, 0, 0
128003, 67558784, 1, 0, 0
129000, 66974523, 1, 0, 0
130004, 66038820, 1, 0, 0
131000, 67853367, 1, 0, 0
132001, 66167766, 1, 0, 0
133000, 66314522, 1, 0, 0
134000, 66574525, 1, 0, 0
135000, 66074256, 1, 0, 0
136004, 67823147, 1, 0, 0
137001, 67069059, 1, 0, 0
138000, 67244681, 1, 0, 0
139000, 67070412, 1, 0, 0
140000, 67169372, 1, 0, 0
141005, 66909247, 1, 0, 0
142000, 65952976, 1, 0, 0
143000, 68330909, 1, 0, 0
144000, 66955796, 1, 0, 0
145000, 66623677, 1, 0, 0
146005, 67011574, 1, 0, 0
147000, 66766210, 1, 0, 0
148000, 66589784, 1, 0, 0
149008, 66885911, 1, 0, 0
150000, 67557845, 1, 0, 0
151009, 66914173, 1, 0, 0
152002, 67045541, 1, 0, 0
153000, 66980923, 1, 0, 0
154004, 66718639, 1, 0, 0
155004, 66988954, 1, 0, 0
156007, 66355153, 1, 0, 0
157002, 68106892, 1, 0, 0
158000, 67018737, 1, 0, 0
159003, 67175959, 1, 0, 0
160000, 66037502, 1, 0, 0
161008, 66752295, 1, 0, 0
162001, 67355476, 1, 0, 0
163001, 66287102, 1, 0, 0
164006, 66487296, 1, 0, 0
165001, 66716079, 1, 0, 0
166000, 66943422, 1, 0, 0
167000, 67988296, 1, 0, 0
168002, 66274026, 1, 0, 0
169007, 66497914, 1, 0, 0
170002, 67113556, 1, 0, 0
171002, 66463560, 1, 0, 0
172002, 67350887, 1, 0, 0
173000, 66398665, 1, 0, 0
174001, 67097306, 1, 0, 0
175000, 66629982, 1, 0, 0
176000, 66529206, 1, 0, 0
177001, 66731851, 1, 0, 0
178000, 66607146, 1, 0, 0
179006, 66496833, 1, 0, 0
180000, 68006173, 1, 0, 0
180058, 88851460, 1, 0, 0
