1000, 3603, 0, 0, 0
2000, 3368, 0, 0, 0
3000, 3172, 0, 0, 0
4000, 3372, 0, 0, 0
5000, 3494, 0, 0, 0
6000, 3092, 0, 0, 0
7000, 3495, 0, 0, 0
8000, 3454, 0, 0, 0
9000, 3546, 0, 0, 0
10000, 3387, 0, 0, 0
11000, 3486, 0, 0, 0
12000, 3406, 0, 0, 0
13000, 3465, 0, 0, 0
14000, 3481, 0, 0, 0
15000, 3577, 0, 0, 0
16000, 3441, 0, 0, 0
17000, 3566, 0, 0, 0
18000, 3501, 0, 0, 0
19000, 3335, 0, 0, 0
20000, 3443, 0, 0, 0
21000, 3499, 0, 0, 0
22000, 3488, 0, 0, 0
23000, 3472, 0, 0, 0
24000, 3370, 0, 0, 0
25000, 3338, 0, 0, 0
26000, 3409, 0, 0, 0
27000, 3394, 0, 0, 0
28000, 3430, 0, 0, 0
29000, 3426, 0, 0, 0
30000, 3487, 0, 0, 0
31000, 3417, 0, 0, 0
32000, 3511, 0, 0, 0
33000, 3449, 0, 0, 0
34000, 3502, 0, 0, 0
35000, 3380, 0, 0, 0
36000, 3569, 0, 0, 0
37000, 3464, 0, 0, 0
38000, 3502, 0, 0, 0
39000, 3407, 0, 0, 0
40000, 3603, 0, 0, 0
41000, 3396, 0, 0, 0
42000, 3480, 0, 0, 0
43000, 3439, 0, 0, 0
44000, 3249, 0, 0, 0
45000, 3402, 0, 0, 0
46000, 3483, 0, 0, 0
47000, 3306, 0, 0, 0
48000, 3424, 0, 0, 0
49000, 3320, 0, 0, 0
50000, 3419, 0, 0, 0
51000, 3460, 0, 0, 0
52000, 3410, 0, 0, 0
53000, 3470, 0, 0, 0
54000, 3439, 0, 0, 0
55000, 3499, 0, 0, 0
56000, 3444, 0, 0, 0
57000, 3437, 0, 0, 0
58000, 3383, 0, 0, 0
59000, 3339, 0, 0, 0
60000, 3406, 0, 0, 0
61001, 3532, 0, 0, 0
62000, 3257, 0, 0, 0
63000, 3619, 0, 0, 0
64000, 3109, 0, 0, 0
65000, 3599, 0, 0, 0
66000, 3409, 0, 0, 0
67000, 3509, 0, 0, 0
68000, 3419, 0, 0, 0
69000, 3404, 0, 0, 0
70000, 3464, 0, 0, 0
71000, 3533, 0, 0, 0
72000, 3534, 0, 0, 0
73000, 3560, 0, 0, 0
74000, 3465, 0, 0, 0
75000, 3490, 0, 0, 0
76000, 3497, 0, 0, 0
77000, 3434, 0, 0, 0
78000, 3481, 0, 0, 0
79000, 3413, 0, 0, 0
80000, 3553, 0, 0, 0
81000, 3431, 0, 0, 0
82000, 3444, 0, 0, 0
83000, 3402, 0, 0, 0
84000, 3492, 0, 0, 0
85000, 3405, 0, 0, 0
86000, 3422, 0, 0, 0
87000, 3355, 0, 0, 0
88000, 3570, 0, 0, 0
89000, 3429, 0, 0, 0
90000, 3529, 0, 0, 0
91000, 3351, 0, 0, 0
92000, 3488, 0, 0, 0
93000, 3371, 0, 0, 0
94000, 3467, 0, 0, 0
95000, 3467, 0, 0, 0
96000, 3532, 0, 0, 0
97000, 3353, 0, 0, 0
98000, 3330, 0, 0, 0
99000, 3359, 0, 0, 0
100000, 3475, 0, 0, 0
101000, 3450, 0, 0, 0
102000, 3395, 0, 0, 0
103000, 3468, 0, 0, 0
104000, 3489, 0, 0, 0
105000, 3526, 0, 0, 0
106000, 3562, 0, 0, 0
107000, 3160, 0, 0, 0
108000, 3528, 0, 0, 0
109000, 3368, 0, 0, 0
110000, 3475, 0, 0, 0
111000, 3531, 0, 0, 0
112000, 3420, 0, 0, 0
113000, 3502, 0, 0, 0
114000, 3411, 0, 0, 0
115000, 3484, 0, 0, 0
116000, 3456, 0, 0, 0
117000, 3546, 0, 0, 0
118000, 3538, 0, 0, 0
119000, 3614, 0, 0, 0
120000, 3488, 0, 0, 0
121000, 3693, 0, 0, 0
122000, 3526, 0, 0, 0
123000, 3587, 0, 0, 0
124000, 3443, 0, 0, 0
125000, 3609, 0, 0, 0
126000, 3556, 0, 0, 0
127000, 3571, 0, 0, 0
128000, 3421, 0, 0, 0
129000, 3490, 0, 0, 0
130000, 3432, 0, 0, 0
131000, 3563, 0, 0, 0
132000, 3596, 0, 0, 0
133000, 3577, 0, 0, 0
134000, 3472, 0, 0, 0
135000, 3560, 0, 0, 0
136000, 3540, 0, 0, 0
137000, 3541, 0, 0, 0
138000, 3547, 0, 0, 0
139000, 3354, 0, 0, 0
140000, 3487, 0, 0, 0
141000, 3525, 0, 0, 0
142000, 3526, 0, 0, 0
143000, 3462, 0, 0, 0
144000, 3467, 0, 0, 0
145000, 3495, 0, 0, 0
146000, 3560, 0, 0, 0
147000, 3526, 0, 0, 0
148000, 3415, 0, 0, 0
149000, 3509, 0, 0, 0
150000, 3552, 0, 0, 0
151000, 3598, 0, 0, 0
152000, 3604, 0, 0, 0
153000, 3532, 0, 0, 0
154000, 3461, 0, 0, 0
155000, 3534, 0, 0, 0
156000, 3514, 0, 0, 0
157000, 3384, 0, 0, 0
158000, 3590, 0, 0, 0
159000, 3482, 0, 0, 0
160000, 3539, 0, 0, 0
161000, 3583, 0, 0, 0
162000, 3628, 0, 0, 0
163000, 3478, 0, 0, 0
164000, 3610, 0, 0, 0
165000, 3605, 0, 0, 0
166000, 3636, 0, 0, 0
167000, 3584, 0, 0, 0
168000, 3685, 0, 0, 0
169000, 3443, 0, 0, 0
170000, 3506, 0, 0, 0
171000, 3507, 0, 0, 0
172000, 3550, 0, 0, 0
173000, 3431, 0, 0, 0
174000, 3454, 0, 0, 0
175000, 3449, 0, 0, 0
176000, 3503, 0, 0, 0
177001, 3544, 0, 0, 0
178000, 3556, 0, 0, 0
179000, 3322, 0, 0, 0
180000, 3590, 0, 0, 0
