1021, 55877266, 0, 0, 0
2021, 67461062, 0, 0, 0
3016, 66474675, 0, 0, 0
4026, 67656018, 0, 0, 0
5023, 66764677, 0, 0, 0
6018, 66433780, 0, 0, 0
7027, 67054388, 0, 0, 0
8022, 66871042, 0, 0, 0
9016, 66782780, 0, 0, 0
10021, 67534316, 0, 0, 0
11021, 67078062, 0, 0, 0
12017, 65974963, 0, 0, 0
13021, 67412676, 0, 0, 0
14016, 66607824, 0, 0, 0
15028, 67246416, 0, 0, 0
16020, 66638423, 0, 0, 0
17017, 66494499, 0, 0, 0
18025, 67160195, 0, 0, 0
19019, 67251723, 0, 0, 0
20029, 66778239, 0, 0, 0
21021, 67725342, 0, 0, 0
22018, 66326616, 0, 0, 0
23027, 67575594, 0, 0, 0
24019, 66280620, 0, 0, 0
25015, 66551294, 0, 0, 0
26024, 67544928, 0, 0, 0
27017, 66463078, 0, 0, 0
28026, 67437943, 0, 0, 0
29016, 66353137, 0, 0, 0
30024, 67691910, 0, 0, 0
31019, 66392086, 0, 0, 0
32019, 66533591, 0, 0, 0
33022, 67123098, 0, 0, 0
34016, 66619530, 0, 0, 0
35028, 67475088, 0, 0, 0
36024, 67096272, 0, 0, 0
37018, 66379092, 0, 0, 0
38017, 66480436, 0, 0, 0
39024, 67362207, 0, 0, 0
40017, 66400437, 0, 0, 0
41029, 67665112, 0, 0, 0
42021, 66784980, 0, 0, 0
43021, 66440035, 0, 0, 0
44024, 67533536, 0, 0, 0
45018, 66804123, 0, 0, 0
46025, 67150103, 0, 0, 0
47025, 66798510, 0, 0, 0
48022, 66449558, 0, 0, 0
49019, 66628623, 0, 0, 0
50016, 66782669, 0, 0, 0
51027, 66784829, 0, 0, 0
52016, 66876662, 0, 0, 0
53016, 66665370, 0, 0, 0
54026, 67348233, 0, 0, 0
55019, 66831323, 0, 0, 0
56031, 66576689, 0, 0, 0
57014, 116919447, 0, 0, 0
58019, 66920042, 0, 0, 0
59018, 67042468, 0, 0, 0
60023, 66889321, 0, 0, 0
61018, 66561654, 0, 0, 0
62026, 66886513, 0, 0, 0
63021, 66824620, 0, 0, 0
64018, 66534120, 0, 0, 0
65028, 67628209, 0, 0, 0
66017, 66465601, 0, 0, 0
67016, 67011975, 0, 0, 0
68028, 67259823, 0, 0, 0
69019, 66308746, 0, 0, 0
70031, 67006655, 0, 0, 0
71026, 67505864, 0, 0, 0
72020, 66432550, 0, 0, 0
73030, 66428585, 0, 0, 0
74019, 67816458, 0, 0, 0
75017, 66327333, 0, 0, 0
76016, 66913774, 0, 0, 0
77025, 67961886, 0, 0, 0
78015, 66288197, 0, 0, 0
79015, 66904928, 0, 0, 0
80028, 66767808, 0, 0, 0
81021, 68072140, 0, 0, 0
82019, 66666717, 0, 0, 0
83020, 66907282, 0, 0, 0
84024, 67374198, 0, 0, 0
85018, 66842423, 0, 0, 0
86023, 66709357, 0, 0, 0
87023, 67606794, 0, 0, 0
88018, 66737724, 0, 0, 0
89027, 66987690, 0, 0, 0
90020, 66324570, 0, 0, 0
91030, 66527017, 0, 0, 0
92018, 67503884, 0, 0, 0
93019, 66484214, 0, 0, 0
94016, 67048199, 0, 0, 0
95023, 67820202, 0, 0, 0
96016, 66386432, 0, 0, 0
97025, 67428991, 0, 0, 0
98021, 66656491, 0, 0, 0
99017, 66558351, 0, 0, 0
100029, 67172853, 0, 0, 0
101023, 66890302, 0, 0, 0
102019, 67533618, 0, 0, 0
103029, 66480832, 0, 0, 0
104024, 67563123, 0, 0, 0
105017, 67000845, 0, 0, 0
106019, 66871720, 0, 0, 0
107022, 67620901, 0, 0, 0
108016, 66264416, 0, 0, 0
109026, 67130863, 0, 0, 0
110021, 67398296, 0, 0, 0
111031, 66531253, 0, 0, 0
112026, 67172448, 0, 0, 0
113023, 67213339, 0, 0, 0
114018, 66400200, 0, 0, 0
115030, 67114579, 0, 0, 0
116026, 67455305, 0, 0, 0
117020, 67062418, 0, 0, 0
118031, 66503746, 0, 0, 0
119027, 66823293, 0, 0, 0
120019, 66656952, 0, 0, 0
121025, 67474966, 0, 0, 0
122019, 66938966, 0, 0, 0
123027, 67141041, 0, 0, 0
124020, 66793223, 0, 0, 0
125029, 66673017, 0, 0, 0
126025, 67367917, 0, 0, 0
127016, 66393405, 0, 0, 0
128029, 67086402, 0, 0, 0
129016, 66972947, 0, 0, 0
130018, 67069469, 0, 0, 0
131015, 66836972, 0, 0, 0
132023, 67343958, 0, 0, 0
133017, 66628058, 0, 0, 0
134019, 67413352, 0, 0, 0
135020, 66116679, 0, 0, 0
136028, 67079858, 0, 0, 0
137020, 66803307, 0, 0, 0
138027, 67386166, 0, 0, 0
139022, 66464040, 0, 0, 0
140016, 66899836, 0, 0, 0
141026, 67111490, 0, 0, 0
142020, 67149098, 0, 0, 0
143024, 66675548, 0, 0, 0
144019, 66960300, 0, 0, 0
145023, 67412428, 0, 0, 0
146017, 66608585, 0, 0, 0
147027, 67010346, 0, 0, 0
148020, 67106710, 0, 0, 0
149017, 66284655, 0, 0, 0
150024, 66998056, 0, 0, 0
151019, 66513459, 0, 0, 0
152024, 67012617, 0, 0, 0
153018, 66624094, 0, 0, 0
154021, 66763254, 0, 0, 0
155022, 67538525, 0, 0, 0
156018, 66770466, 0, 0, 0
157029, 66933470, 0, 0, 0
158023, 66972899, 0, 0, 0
159017, 67204854, 0, 0, 0
160018, 66549245, 0, 0, 0
161023, 67340388, 0, 0, 0
162018, 66929898, 0, 0, 0
163025, 66751836, 0, 0, 0
164024, 66865971, 0, 0, 0
165017, 67084086, 0, 0, 0
166026, 67264695, 0, 0, 0
167021, 66801892, 0, 0, 0
168015, 66629539, 0, 0, 0
169024, 67482801, 0, 0, 0
170019, 66173939, 0, 0, 0
171030, 67101172, 0, 0, 0
172025, 67699170, 0, 0, 0
173020, 66652729, 0, 0, 0
174016, 66650645, 0, 0, 0
175020, 67853643, 0, 0, 0
176019, 66530814, 0, 0, 0
177028, 66555532, 0, 0, 0
178023, 67716698, 0, 0, 0
179017, 66150171, 0, 0, 0
180025, 67067848, 0, 0, 0
180075, 108012716, 0, 0, 0
