1006, 7274092, 0, 0, 0
2018, 8193620, 0, 0, 0
3011, 8757665, 0, 0, 0
4005, 8386048, 0, 0, 0
5014, 8349763, 0, 0, 0
6008, 8177834, 0, 0, 0
7004, 8367110, 0, 0, 0
8016, 8426373, 0, 0, 0
9008, 8636075, 0, 0, 0
10018, 8382534, 0, 0, 0
11012, 8055180, 0, 0, 0
12008, 8273002, 0, 0, 0
13016, 8339537, 0, 0, 0
14010, 8298971, 0, 0, 0
15005, 8324024, 0, 0, 0
16015, 8436700, 0, 0, 0
17010, 8341417, 0, 0, 0
18007, 8470338, 0, 0, 0
19017, 8437272, 0, 0, 0
20010, 8417695, 0, 0, 0
21004, 8422401, 0, 0, 0
22013, 8268518, 0, 0, 0
23006, 8226764, 0, 0, 0
24011, 8594337, 0, 0, 0
25005, 8155107, 0, 0, 0
26017, 8150304, 0, 0, 0
27011, 8457186, 0, 0, 0
28018, 8256345, 0, 0, 0
29012, 8495722, 0, 0, 0
30007, 8158974, 0, 0, 0
31016, 8485719, 0, 0, 0
32011, 8249705, 0, 0, 0
33006, 8427120, 0, 0, 0
34017, 8527616, 0, 0, 0
35005, 8202384, 0, 0, 0
36006, 8508253, 0, 0, 0
37004, 8428593, 0, 0, 0
38010, 8317254, 0, 0, 0
39041, 8490325, 0, 0, 0
40017, 8137059, 0, 0, 0
41009, 8700150, 0, 0, 0
42007, 8284317, 0, 0, 0
43004, 8525300, 0, 0, 0
44015, 8570162, 0, 0, 0
45009, 8426629, 0, 0, 0
46019, 8473116, 0, 0, 0
47014, 8557683, 0, 0, 0
48008, 8084631, 0, 0, 0
49004, 8236432, 0, 0, 0
50004, 8221594, 0, 0, 0
51008, 8343577, 0, 0, 0
52018, 8302432, 0, 0, 0
53013, 8500777, 0, 0, 0
54006, 8476070, 0, 0, 0
55016, 23428819, 0, 0, 0
56010, 8331997, 0, 0, 0
57019, 8389570, 0, 0, 0
58008, 8464522, 0, 0, 0
59010, 8389798, 0, 0, 0
60005, 8313648, 0, 0, 0
61015, 8429979, 0, 0, 0
62010, 8371630, 0, 0, 0
63004, 8316276, 0, 0, 0
64014, 8335574, 0, 0, 0
65010, 8176136, 0, 0, 0
66003, 8265173, 0, 0, 0
67013, 8301359, 0, 0, 0
68008, 8311230, 0, 0, 0
69004, 8351469, 0, 0, 0
70014, 8242043, 0, 0, 0
71008, 8359088, 0, 0, 0
72004, 8220878, 0, 0, 0
73006, 8517725, 0, 0, 0
74009, 8673639, 0, 0, 0
75018, 8264448, 0, 0, 0
76013, 8211120, 0, 0, 0
77009, 8279692, 0, 0, 0
78019, 8577874, 0, 0, 0
79014, 8151109, 0, 0, 0
80009, 8462511, 0, 0, 0
81004, 8095065, 0, 0, 0
82013, 8417967, 0, 0, 0
83006, 8745227, 0, 0, 0
84004, 8326649, 0, 0, 0
85011, 8499018, 0, 0, 0
86005, 8418345, 0, 0, 0
87016, 8441488, 0, 0, 0
88012, 8400812, 0, 0, 0
89006, 8357881, 0, 0, 0
90004, 8377072, 0, 0, 0
91015, 8510101, 0, 0, 0
92009, 8336616, 0, 0, 0
93018, 8299151, 0, 0, 0
94010, 8253158, 0, 0, 0
95018, 8298455, 0, 0, 0
96012, 8575756, 0, 0, 0
97005, 8292510, 0, 0, 0
98014, 8511767, 0, 0, 0
99008, 8247159, 0, 0, 0
100017, 8289988, 0, 0, 0
101005, 8446031, 0, 0, 0
102009, 8370979, 0, 0, 0
103019, 8405227, 0, 0, 0
104013, 8347180, 0, 0, 0
105006, 8184618, 0, 0, 0
106017, 8296256, 0, 0, 0
107013, 8393976, 0, 0, 0
108007, 8391676, 0, 0, 0
109008, 8406798, 0, 0, 0
110009, 8181883, 0, 0, 0
111005, 8323628, 0, 0, 0
112009, 8307317, 0, 0, 0
113006, 8517183, 0, 0, 0
114016, 8351298, 0, 0, 0
115010, 8465834, 0, 0, 0
116007, 8442133, 0, 0, 0
117017, 8479647, 0, 0, 0
118013, 8302104, 0, 0, 0
119005, 8325967, 0, 0, 0
120012, 8346064, 0, 0, 0
121011, 8339329, 0, 0, 0
122007, 8273115, 0, 0, 0
123016, 8360524, 0, 0, 0
124009, 8408694, 0, 0, 0
125011, 8235590, 0, 0, 0
126012, 8465880, 0, 0, 0
127006, 8550622, 0, 0, 0
128017, 8280972, 0, 0, 0
129011, 8378069, 0, 0, 0
130005, 8265321, 0, 0, 0
131015, 8657279, 0, 0, 0
132009, 8217771, 0, 0, 0
133019, 8482186, 0, 0, 0
134015, 8672879, 0, 0, 0
135008, 8503879, 0, 0, 0
136017, 8305637, 0, 0, 0
137012, 8318041, 0, 0, 0
138007, 8419239, 0, 0, 0
139019, 8347880, 0, 0, 0
140012, 8453926, 0, 0, 0
141004, 8413205, 0, 0, 0
142016, 8386933, 0, 0, 0
143010, 8352147, 0, 0, 0
144006, 8338829, 0, 0, 0
145015, 8323066, 0, 0, 0
146010, 8267523, 0, 0, 0
147004, 8130282, 0, 0, 0
148015, 8343019, 0, 0, 0
149006, 8188655, 0, 0, 0
150003, 8523119, 0, 0, 0
151013, 8260028, 0, 0, 0
152005, 8202116, 0, 0, 0
153015, 8403363, 0, 0, 0
154010, 8359736, 0, 0, 0
155020, 8242697, 0, 0, 0
156012, 8336685, 0, 0, 0
157006, 8409906, 0, 0, 0
158016, 8334734, 0, 0, 0
159011, 8216124, 0, 0, 0
160005, 8377289, 0, 0, 0
161016, 8514637, 0, 0, 0
162012, 8185067, 0, 0, 0
163005, 8483390, 0, 0, 0
164014, 8516452, 0, 0, 0
165005, 8607571, 0, 0, 0
166018, 8402675, 0, 0, 0
167011, 8269851, 0, 0, 0
168006, 8471871, 0, 0, 0
169004, 8343349, 0, 0, 0
170007, 8326796, 0, 0, 0
171017, 8380284, 0, 0, 0
172010, 8494830, 0, 0, 0
173004, 8340347, 0, 0, 0
174013, 8191777, 0, 0, 0
175007, 8496692, 0, 0, 0
176017, 8460538, 0, 0, 0
177010, 8147858, 0, 0, 0
178006, 7966256, 0, 0, 0
179005, 8325383, 0, 0, 0
180011, 8333981, 0, 0, 0
180012, 34918669, 0, 0, 0
