1000, 2160, 1, 0, 0
2000, 1888, 1, 0, 0
3000, 1945, 1, 0, 0
4000, 1873, 1, 0, 0
5000, 1936, 1, 0, 0
6000, 2012, 1, 0, 0
7000, 1741, 1, 0, 0
8000, 1849, 1, 0, 0
9000, 1961, 1, 0, 0
10000, 2012, 1, 0, 0
11000, 1816, 1, 0, 0
12000, 1857, 1, 0, 0
13000, 1773, 1, 0, 0
14000, 2012, 1, 0, 0
15000, 1997, 1, 0, 0
16000, 1913, 1, 0, 0
17000, 1896, 1, 0, 0
18000, 1957, 1, 0, 0
18999, 1917, 1, 0, 0
20000, 1852, 1, 0, 0
21000, 1789, 1, 0, 0
22000, 1797, 1, 0, 0
23000, 1961, 1, 0, 0
23999, 1833, 1, 0, 0
25000, 1936, 1, 0, 0
26000, 1920, 1, 0, 0
27000, 1833, 1, 0, 0
28000, 1980, 1, 0, 0
29000, 1729, 1, 0, 0
30000, 1865, 1, 0, 0
31000, 1869, 1, 0, 0
32000, 1992, 1, 0, 0
33000, 1932, 1, 0, 0
34000, 1917, 1, 0, 0
35000, 1852, 1, 0, 0
36000, 1896, 1, 0, 0
37000, 1925, 1, 0, 0
38000, 2060, 1, 0, 0
39000, 2054, 1, 0, 0
40000, 1741, 1, 0, 0
41000, 1848, 1, 0, 0
42000, 1936, 1, 0, 0
43000, 1885, 1, 0, 0
44000, 1912, 1, 0, 0
45000, 1905, 1, 0, 0
46000, 1917, 1, 0, 0
47000, 1941, 1, 0, 0
48000, 1989, 1, 0, 0
49000, 1905, 1, 0, 0
50000, 1916, 1, 0, 0
51000, 1941, 1, 0, 0
52000, 1897, 1, 0, 0
53000, 1829, 1, 0, 0
54000, 1856, 1, 0, 0
55000, 1937, 1, 0, 0
56000, 1928, 1, 0, 0
57000, 1920, 1, 0, 0
58000, 1973, 1, 0, 0
59000, 1924, 1, 0, 0
60000, 1949, 1, 0, 0
61000, 1916, 1, 0, 0
62000, 2010, 1, 0, 0
63000, 1912, 1, 0, 0
64000, 1925, 1, 0, 0
65000, 1737, 1, 0, 0
66000, 1937, 1, 0, 0
67000, 1960, 1, 0, 0
68000, 1921, 1, 0, 0
69000, 1881, 1, 0, 0
70000, 1977, 1, 0, 0
71000, 1857, 1, 0, 0
72000, 1853, 1, 0, 0
73000, 1916, 1, 0, 0
74000, 1929, 1, 0, 0
75000, 1869, 1, 0, 0
76000, 1821, 1, 0, 0
77001, 1928, 1, 0, 0
78000, 1933, 1, 0, 0
79000, 1805, 1, 0, 0
80000, 1893, 1, 0, 0
81000, 1948, 1, 0, 0
82000, 2018, 1, 0, 0
83000, 1844, 1, 0, 0
84000, 1961, 1, 0, 0
85000, 1865, 1, 0, 0
86000, 1773, 1, 0, 0
87000, 1921, 1, 0, 0
88000, 1960, 1, 0, 0
89000, 2010, 1, 0, 0
90000, 2010, 1, 0, 0
91000, 1893, 1, 0, 0
92000, 1881, 1, 0, 0
93000, 1953, 1, 0, 0
94000, 2032, 1, 0, 0
95000, 1816, 1, 0, 0
96000, 1973, 1, 0, 0
97000, 1985, 1, 0, 0
98000, 1912, 1, 0, 0
99000, 2062, 1, 0, 0
100000, 1925, 1, 0, 0
101000, 1797, 1, 0, 0
102000, 1908, 1, 0, 0
103000, 1925, 1, 0, 0
104000, 1805, 1, 0, 0
105000, 1961, 1, 0, 0
106000, 2108, 1, 0, 0
107000, 1881, 1, 0, 0
108000, 1905, 1, 0, 0
109000, 1913, 1, 0, 0
110000, 2010, 1, 0, 0
111000, 1936, 1, 0, 0
112000, 1977, 1, 0, 0
113000, 2018, 1, 0, 0
114000, 2004, 1, 0, 0
115000, 1777, 1, 0, 0
116000, 1737, 1, 0, 0
117000, 1885, 1, 0, 0
118000, 1812, 1, 0, 0
119000, 1952, 1, 0, 0
120000, 2090, 1, 0, 0
121000, 1845, 1, 0, 0
122000, 1941, 1, 0, 0
123000, 1900, 1, 0, 0
124000, 1897, 1, 0, 0
125000, 1805, 1, 0, 0
126000, 2042, 1, 0, 0
127000, 1925, 1, 0, 0
128000, 1892, 1, 0, 0
129000, 1809, 1, 0, 0
130000, 1989, 1, 0, 0
131000, 2012, 1, 0, 0
132000, 1885, 1, 0, 0
133000, 2036, 1, 0, 0
134000, 1909, 1, 0, 0
135000, 2084, 1, 0, 0
136000, 1881, 1, 0, 0
137000, 1949, 1, 0, 0
138000, 1928, 1, 0, 0
139000, 1945, 1, 0, 0
140000, 1969, 1, 0, 0
141000, 1833, 1, 0, 0
142000, 1793, 1, 0, 0
143000, 1989, 1, 0, 0
144000, 1908, 1, 0, 0
145000, 2004, 1, 0, 0
146000, 1889, 1, 0, 0
147000, 1769, 1, 0, 0
148000, 1857, 1, 0, 0
149000, 2010, 1, 0, 0
150000, 1916, 1, 0, 0
151000, 1933, 1, 0, 0
152000, 1813, 1, 0, 0
153000, 2036, 1, 0, 0
154000, 1797, 1, 0, 0
155000, 1997, 1, 0, 0
156000, 1945, 1, 0, 0
157000, 1889, 1, 0, 0
158000, 1776, 1, 0, 0
159000, 1789, 1, 0, 0
160000, 1965, 1, 0, 0
161000, 1989, 1, 0, 0
162000, 1896, 1, 0, 0
163000, 1913, 1, 0, 0
164000, 1969, 1, 0, 0
165000, 1916, 1, 0, 0
166000, 1941, 1, 0, 0
167000, 1865, 1, 0, 0
168000, 1873, 1, 0, 0
169000, 1897, 1, 0, 0
170000, 1908, 1, 0, 0
171000, 1936, 1, 0, 0
172000, 2020, 1, 0, 0
173000, 1865, 1, 0, 0
174000, 1801, 1, 0, 0
175000, 1916, 1, 0, 0
176000, 1977, 1, 0, 0
177000, 1901, 1, 0, 0
178000, 1784, 1, 0, 0
179000, 2002, 1, 0, 0
180000, 1961, 1, 0, 0
