1001, 2088234, 0, 0, 0
2001, 2083486, 0, 0, 0
3000, 2049216, 0, 0, 0
4000, 2068652, 0, 0, 0
5001, 2065499, 0, 0, 0
6000, 2100463, 0, 0, 0
7000, 2145048, 0, 0, 0
8001, 2129211, 0, 0, 0
9001, 2084034, 0, 0, 0
10000, 2105644, 0, 0, 0
11001, 2139032, 0, 0, 0
12000, 2111803, 0, 0, 0
13000, 2144875, 0, 0, 0
14001, 2100825, 0, 0, 0
15000, 2148727, 0, 0, 0
16000, 2108301, 0, 0, 0
17001, 2113534, 0, 0, 0
18000, 2052540, 0, 0, 0
19000, 2097491, 0, 0, 0
20000, 2045646, 0, 0, 0
21006, 2072464, 0, 0, 0
22000, 2039131, 0, 0, 0
23000, 2077209, 0, 0, 0
24000, 2113274, 0, 0, 0
25000, 2103352, 0, 0, 0
26000, 2139374, 0, 0, 0
27001, 2172151, 0, 0, 0
28000, 2139996, 0, 0, 0
29000, 2154031, 0, 0, 0
30000, 2183209, 0, 0, 0
31000, 2074822, 0, 0, 0
32000, 2111579, 0, 0, 0
33000, 2122373, 0, 0, 0
34001, 2153950, 0, 0, 0
35000, 2165616, 0, 0, 0
36000, 2116675, 0, 0, 0
37069, 2239798, 0, 0, 0
38000, 2306329, 0, 0, 0
39000, 2146376, 0, 0, 0
40000, 2110903, 0, 0, 0
41000, 2062608, 0, 0, 0
42000, 2070426, 0, 0, 0
43000, 2038666, 0, 0, 0
44001, 2069457, 0, 0, 0
45000, 2060419, 0, 0, 0
46001, 2078306, 0, 0, 0
47000, 2172846, 0, 0, 0
48001, 2130825, 0, 0, 0
49000, 2215674, 0, 0, 0
50000, 2086203, 0, 0, 0
51001, 2176656, 0, 0, 0
52000, 2167883, 0, 0, 0
53001, 2123162, 0, 0, 0
54008, 2267899, 0, 0, 0
55000, 2172954, 0, 0, 0
56000, 2105576, 0, 0, 0
57000, 2151156, 0, 0, 0
58000, 2138181, 0, 0, 0
59000, 2160632, 0, 0, 0
60000, 2122383, 0, 0, 0
61000, 2108689, 0, 0, 0
62000, 2133685, 0, 0, 0
63000, 2291237, 0, 0, 0
64000, 2100476, 0, 0, 0
65001, 2135857, 0, 0, 0
66000, 2042345, 0, 0, 0
67000, 2059733, 0, 0, 0
68000, 2172326, 0, 0, 0
69000, 2137584, 0, 0, 0
70001, 2116059, 0, 0, 0
71000, 2181456, 0, 0, 0
72001, 2181214, 0, 0, 0
73000, 2146402, 0, 0, 0
74000, 2110248, 0, 0, 0
75001, 2151327, 0, 0, 0
76001, 2170891, 0, 0, 0
77000, 2151601, 0, 0, 0
78000, 2166741, 0, 0, 0
79000, 2247978, 0, 0, 0
80000, 2158403, 0, 0, 0
81001, 2180434, 0, 0, 0
82000, 2196993, 0, 0, 0
83000, 2096776, 0, 0, 0
84002, 2264290, 0, 0, 0
85001, 2171256, 0, 0, 0
86000, 2061056, 0, 0, 0
87001, 2087874, 0, 0, 0
88001, 2134876, 0, 0, 0
89000, 2215826, 0, 0, 0
90000, 2174274, 0, 0, 0
91000, 2145584, 0, 0, 0
92000, 2117035, 0, 0, 0
93001, 2110871, 0, 0, 0
94000, 2110006, 0, 0, 0
95000, 2146604, 0, 0, 0
96000, 2123214, 0, 0, 0
97000, 2166072, 0, 0, 0
98000, 2183677, 0, 0, 0
99001, 2155151, 0, 0, 0
100000, 2145416, 0, 0, 0
101001, 2172625, 0, 0, 0
102000, 2140150, 0, 0, 0
103001, 2132019, 0, 0, 0
104001, 2141244, 0, 0, 0
105001, 2125484, 0, 0, 0
106000, 2119935, 0, 0, 0
107000, 2095731, 0, 0, 0
108000, 2137753, 0, 0, 0
109000, 2146804, 0, 0, 0
110000, 2093204, 0, 0, 0
111000, 2138993, 0, 0, 0
112001, 2153930, 0, 0, 0
113000, 2126366, 0, 0, 0
114000, 2210197, 0, 0, 0
115001, 2224331, 0, 0, 0
116001, 2102594, 0, 0, 0
117000, 2118114, 0, 0, 0
118000, 2181165, 0, 0, 0
119000, 2190778, 0, 0, 0
120000, 2173380, 0, 0, 0
121000, 2171036, 0, 0, 0
122001, 2162300, 0, 0, 0
123000, 2105581, 0, 0, 0
124001, 2089680, 0, 0, 0
125001, 2104143, 0, 0, 0
126001, 2123810, 0, 0, 0
127001, 2113267, 0, 0, 0
128001, 2109331, 0, 0, 0
129000, 2098300, 0, 0, 0
130000, 2098296, 0, 0, 0
131000, 2198016, 0, 0, 0
132000, 2141728, 0, 0, 0
133000, 2128711, 0, 0, 0
134000, 2069533, 0, 0, 0
135000, 2141169, 0, 0, 0
136000, 2130903, 0, 0, 0
137001, 2145919, 0, 0, 0
138000, 2127002, 0, 0, 0
139000, 2118844, 0, 0, 0
140000, 2113742, 0, 0, 0
141001, 2143199, 0, 0, 0
142000, 2187931, 0, 0, 0
143000, 2164104, 0, 0, 0
144000, 2241992, 0, 0, 0
145000, 2081256, 0, 0, 0
146001, 2123785, 0, 0, 0
147001, 2079238, 0, 0, 0
148001, 2107590, 0, 0, 0
149000, 2084328, 0, 0, 0
150000, 2089415, 0, 0, 0
151000, 2116801, 0, 0, 0
152000, 2153555, 0, 0, 0
153001, 2122631, 0, 0, 0
154000, 2128399, 0, 0, 0
155000, 2111009, 0, 0, 0
156000, 2087549, 0, 0, 0
157000, 2119206, 0, 0, 0
158000, 2130348, 0, 0, 0
159000, 2074178, 0, 0, 0
160000, 2087012, 0, 0, 0
161000, 2178847, 0, 0, 0
162000, 2168046, 0, 0, 0
163000, 2166215, 0, 0, 0
164001, 2160721, 0, 0, 0
165000, 2115464, 0, 0, 0
166000, 2161863, 0, 0, 0
167000, 2120535, 0, 0, 0
168000, 2130998, 0, 0, 0
169000, 2110122, 0, 0, 0
170000, 2152476, 0, 0, 0
171000, 2086365, 0, 0, 0
172000, 2103793, 0, 0, 0
173000, 2206345, 0, 0, 0
174000, 2279990, 0, 0, 0
175001, 2201469, 0, 0, 0
176000, 2168022, 0, 0, 0
177000, 2198559, 0, 0, 0
178000, 2249437, 0, 0, 0
179001, 2221504, 0, 0, 0
180000, 2188957, 0, 0, 0
180001, 2024268, 0, 0, 0
