1000, 7625598, 0, 0, 0
2000, 8151569, 0, 0, 0
3005, 8417876, 0, 0, 0
4008, 8421900, 0, 0, 0
5003, 8376518, 0, 0, 0
6001, 8360885, 0, 0, 0
7010, 8325059, 0, 0, 0
8000, 8372608, 0, 0, 0
9000, 8463448, 0, 0, 0
10004, 8228744, 0, 0, 0
11000, 8518076, 0, 0, 0
12010, 8151816, 0, 0, 0
13005, 8454843, 0, 0, 0
14000, 8398789, 0, 0, 0
15011, 8339633, 0, 0, 0
16006, 8492318, 0, 0, 0
17003, 8313772, 0, 0, 0
18000, 8572386, 0, 0, 0
19011, 8076922, 0, 0, 0
20000, 8566818, 0, 0, 0
21000, 8251972, 0, 0, 0
22000, 8318114, 0, 0, 0
23003, 8505373, 0, 0, 0
24000, 8537662, 0, 0, 0
25003, 8114940, 0, 0, 0
26003, 8414334, 0, 0, 0
27000, 8463887, 0, 0, 0
28000, 8443138, 0, 0, 0
29000, 8253966, 0, 0, 0
30010, 8310798, 0, 0, 0
31007, 8395178, 0, 0, 0
32002, 8285467, 0, 0, 0
33000, 8517187, 0, 0, 0
34009, 8204057, 0, 0, 0
35002, 8427593, 0, 0, 0
36000, 8553676, 0, 0, 0
37000, 8233297, 0, 0, 0
38000, 8397599, 0, 0, 0
39008, 8376887, 0, 0, 0
40000, 8473764, 0, 0, 0
41002, 8204828, 0, 0, 0
42000, 8518913, 0, 0, 0
43000, 8402532, 0, 0, 0
44008, 8293798, 0, 0, 0
45000, 8423255, 0, 0, 0
46000, 8403006, 0, 0, 0
47000, 8287994, 0, 0, 0
48003, 8352239, 0, 0, 0
49000, 8500115, 0, 0, 0
50009, 8114611, 0, 0, 0
51000, 8390638, 0, 0, 0
52000, 8534985, 0, 0, 0
53005, 8213905, 0, 0, 0
54000, 8401224, 0, 0, 0
55005, 8326379, 0, 0, 0
56003, 8298186, 0, 0, 0
57000, 8478694, 0, 0, 0
58007, 8278693, 0, 0, 0
59002, 8273303, 0, 0, 0
60000, 8580473, 0, 0, 0
61000, 8338189, 0, 0, 0
62001, 8259758, 0, 0, 0
63000, 8509553, 0, 0, 0
64007, 8320618, 0, 0, 0
65000, 8375401, 0, 0, 0
66009, 8322510, 0, 0, 0
67000, 8647181, 0, 0, 0
68000, 8319894, 0, 0, 0
69005, 8305942, 0, 0, 0
70000, 8566936, 0, 0, 0
71008, 8146701, 0, 0, 0
72002, 8422323, 0, 0, 0
73000, 8512553, 0, 0, 0
74005, 8191446, 0, 0, 0
75000, 8499944, 0, 0, 0
76002, 8210573, 0, 0, 0
77003, 8483400, 0, 0, 0
78000, 8390748, 0, 0, 0
79010, 8294659, 0, 0, 0
80006, 8504603, 0, 0, 0
81001, 8333523, 0, 0, 0
82000, 8492820, 0, 0, 0
83006, 8110481, 0, 0, 0
84000, 8408789, 0, 0, 0
85009, 8364471, 0, 0, 0
86004, 8369937, 0, 0, 0
87000, 8576600, 0, 0, 0
88000, 8307232, 0, 0, 0
89002, 8210167, 0, 0, 0
90000, 8590760, 0, 0, 0
91002, 8180524, 0, 0, 0
92001, 8328256, 0, 0, 0
93000, 8531629, 0, 0, 0
94007, 8130863, 0, 0, 0
95004, 8369524, 0, 0, 0
96000, 8638070, 0, 0, 0
97000, 8402573, 0, 0, 0
98000, 8391552, 0, 0, 0
99003, 8175351, 0, 0, 0
100000, 8652336, 0, 0, 0
101008, 8238994, 0, 0, 0
102004, 8339569, 0, 0, 0
103000, 8635731, 0, 0, 0
104008, 8078222, 0, 0, 0
105004, 8383636, 0, 0, 0
106000, 8368744, 0, 0, 0
107009, 8378314, 0, 0, 0
108007, 8460350, 0, 0, 0
109002, 8211552, 0, 0, 0
110000, 8516217, 0, 0, 0
111009, 8080117, 0, 0, 0
112003, 8434551, 0, 0, 0
113000, 8553648, 0, 0, 0
114006, 8176322, 0, 0, 0
115003, 8181385, 0, 0, 0
116000, 8513936, 0, 0, 0
117000, 8305020, 0, 0, 0
118001, 8252355, 0, 0, 0
119000, 8408330, 0, 0, 0
120008, 8319050, 0, 0, 0
121004, 8371273, 0, 0, 0
122000, 8505250, 0, 0, 0
123009, 8154416, 0, 0, 0
124005, 8492201, 0, 0, 0
125000, 8511091, 0, 0, 0
126000, 8393487, 0, 0, 0
127003, 8150642, 0, 0, 0
128000, 8518458, 0, 0, 0
129000, 8262375, 0, 0, 0
130000, 8327410, 0, 0, 0
131008, 8259276, 0, 0, 0
132001, 8414646, 0, 0, 0
133000, 8615405, 0, 0, 0
134006, 8289028, 0, 0, 0
135002, 8261977, 0, 0, 0
136000, 8585086, 0, 0, 0
137006, 8284095, 0, 0, 0
138000, 8243285, 0, 0, 0
139008, 8262149, 0, 0, 0
140003, 8495382, 0, 0, 0
141000, 8416492, 0, 0, 0
142008, 8366967, 0, 0, 0
143001, 8260621, 0, 0, 0
144000, 8524848, 0, 0, 0
145001, 8191360, 0, 0, 0
146000, 8515112, 0, 0, 0
147000, 8315653, 0, 0, 0
148001, 8431920, 0, 0, 0
149000, 8467630, 0, 0, 0
150000, 8199508, 0, 0, 0
151000, 8367742, 0, 0, 0
152001, 8256152, 0, 0, 0
153002, 8419757, 0, 0, 0
154000, 8622857, 0, 0, 0
155000, 8278814, 0, 0, 0
156001, 8246866, 0, 0, 0
157000, 8442913, 0, 0, 0
158004, 8276193, 0, 0, 0
159000, 8455844, 0, 0, 0
160000, 8448704, 0, 0, 0
161000, 8431736, 0, 0, 0
162007, 8240605, 0, 0, 0
163000, 8303858, 0, 0, 0
164000, 8496991, 0, 0, 0
165005, 8280025, 0, 0, 0
166000, 8422720, 0, 0, 0
167000, 8361349, 0, 0, 0
168005, 8308465, 0, 0, 0
169001, 8378100, 0, 0, 0
170000, 8399326, 0, 0, 0
171005, 8294340, 0, 0, 0
172000, 8604951, 0, 0, 0
173008, 8101008, 0, 0, 0
174000, 8528053, 0, 0, 0
175009, 8206457, 0, 0, 0
176000, 8559735, 0, 0, 0
177000, 8370394, 0, 0, 0
178000, 8388932, 0, 0, 0
179003, 8153717, 0, 0, 0
180000, 8512161, 0, 0, 0
180008, 20419970, 0, 0, 0
