1009, 120714460, 0, 0, 0
2001, 133871836, 0, 0, 0
3000, 142024080, 0, 0, 0
4010, 120390077, 0, 0, 0
5005, 130301240, 0, 0, 0
6001, 132118321, 0, 0, 0
7009, 167070290, 0, 0, 0
8006, 134411408, 0, 0, 0
9001, 154569582, 0, 0, 0
10000, 137602474, 0, 0, 0
11005, 148984040, 0, 0, 0
12005, 140064084, 0, 0, 0
13001, 140758240, 0, 0, 0
14000, 150081158, 0, 0, 0
15005, 151074033, 0, 0, 0
16000, 134092182, 0, 0, 0
17007, 142842962, 0, 0, 0
18000, 143025322, 0, 0, 0
19003, 138765255, 0, 0, 0
20004, 159634584, 0, 0, 0
21004, 142843750, 0, 0, 0
22001, 142311635, 0, 0, 0
23004, 146929726, 0, 0, 0
24000, 124361950, 0, 0, 0
25009, 125599297, 0, 0, 0
26000, 144132217, 0, 0, 0
27000, 149662408, 0, 0, 0
28006, 137619130, 0, 0, 0
29000, 139241255, 0, 0, 0
30001, 139118293, 0, 0, 0
31002, 137787710, 0, 0, 0
32001, 146184615, 0, 0, 0
33009, 129654511, 0, 0, 0
34006, 127185651, 0, 0, 0
35001, 137751411, 0, 0, 0
36001, 140218196, 0, 0, 0
37007, 141691120, 0, 0, 0
38001, 142745288, 0, 0, 0
39007, 134832366, 0, 0, 0
40002, 143516834, 0, 0, 0
41000, 145262769, 0, 0, 0
42000, 135264566, 0, 0, 0
43001, 141436678, 0, 0, 0
44001, 137453659, 0, 0, 0
45005, 140006844, 0, 0, 0
46003, 149762196, 0, 0, 0
47000, 133855966, 0, 0, 0
48001, 134963447, 0, 0, 0
49000, 146825237, 0, 0, 0
50000, 158258428, 0, 0, 0
51003, 143971171, 0, 0, 0
52003, 148390629, 0, 0, 0
53000, 147950777, 0, 0, 0
54004, 140379194, 0, 0, 0
55001, 141644825, 0, 0, 0
56000, 131091029, 0, 0, 0
57001, 129950204, 0, 0, 0
58002, 131832164, 0, 0, 0
59009, 129770635, 0, 0, 0
60006, 130387700, 0, 0, 0
61002, 139150430, 0, 0, 0
62007, 142104864, 0, 0, 0
63000, 151180089, 0, 0, 0
64004, 157349198, 0, 0, 0
65002, 174793762, 0, 0, 0
66000, 154066304, 0, 0, 0
67000, 142781604, 0, 0, 0
68003, 143673998, 0, 0, 0
69000, 144951109, 0, 0, 0
70006, 141484783, 0, 0, 0
71001, 149707169, 0, 0, 0
72000, 147195745, 0, 0, 0
73007, 150710603, 0, 0, 0
74001, 139507480, 0, 0, 0
75000, 140756562, 0, 0, 0
76004, 147312741, 0, 0, 0
77000, 133216062, 0, 0, 0
78009, 123380551, 0, 0, 0
79004, 136700118, 0, 0, 0
80000, 134561161, 0, 0, 0
81005, 130957044, 0, 0, 0
82000, 132672902, 0, 0, 0
83001, 131773226, 0, 0, 0
84004, 129507996, 0, 0, 0
85002, 132292507, 0, 0, 0
86000, 133179535, 0, 0, 0
87008, 132769605, 0, 0, 0
88004, 133888363, 0, 0, 0
89000, 134432760, 0, 0, 0
90007, 133343377, 0, 0, 0
91001, 141195977, 0, 0, 0
92000, 133539188, 0, 0, 0
93006, 135401841, 0, 0, 0
94001, 136868950, 0, 0, 0
95000, 136257041, 0, 0, 0
96001, 136549543, 0, 0, 0
97000, 134696549, 0, 0, 0
98002, 136598658, 0, 0, 0
99001, 133031693, 0, 0, 0
100001, 145479544, 0, 0, 0
101004, 132603042, 0, 0, 0
102002, 138804093, 0, 0, 0
103003, 154565771, 0, 0, 0
104001, 147267734, 0, 0, 0
105000, 150153928, 0, 0, 0
106000, 151950217, 0, 0, 0
107005, 134748722, 0, 0, 0
108001, 146781530, 0, 0, 0
109008, 144591869, 0, 0, 0
110000, 146272217, 0, 0, 0
111009, 158322311, 0, 0, 0
112002, 163739897, 0, 0, 0
113000, 152524316, 0, 0, 0
114004, 152161104, 0, 0, 0
115000, 137174460, 0, 0, 0
116010, 138489958, 0, 0, 0
117004, 140437269, 0, 0, 0
118001, 140230444, 0, 0, 0
119000, 152318840, 0, 0, 0
120004, 140445341, 0, 0, 0
121000, 138513051, 0, 0, 0
122008, 148742233, 0, 0, 0
123001, 163312346, 0, 0, 0
124006, 163373776, 0, 0, 0
125000, 150325525, 0, 0, 0
126007, 146581478, 0, 0, 0
127000, 164183211, 0, 0, 0
128000, 159577013, 0, 0, 0
129005, 145789385, 0, 0, 0
130001, 140097098, 0, 0, 0
131000, 132650827, 0, 0, 0
132005, 124722222, 0, 0, 0
133000, 124920327, 0, 0, 0
134000, 123153462, 0, 0, 0
135006, 124469119, 0, 0, 0
136001, 131849422, 0, 0, 0
137000, 138205245, 0, 0, 0
138000, 138582866, 0, 0, 0
139002, 134906398, 0, 0, 0
140001, 131226995, 0, 0, 0
141005, 127644814, 0, 0, 0
142002, 146573354, 0, 0, 0
143000, 139020575, 0, 0, 0
144003, 125299922, 0, 0, 0
145000, 127930280, 0, 0, 0
146001, 130476700, 0, 0, 0
147007, 126441269, 0, 0, 0
148000, 128726501, 0, 0, 0
149000, 126617942, 0, 0, 0
150000, 124719672, 0, 0, 0
151000, 124432458, 0, 0, 0
152002, 124802961, 0, 0, 0
153000, 124436914, 0, 0, 0
154006, 125552528, 0, 0, 0
155001, 128430491, 0, 0, 0
156009, 127487499, 0, 0, 0
157001, 129546581, 0, 0, 0
158000, 129883399, 0, 0, 0
159004, 133836498, 0, 0, 0
160000, 142515952, 0, 0, 0
161000, 141605029, 0, 0, 0
162001, 159931675, 0, 0, 0
163001, 134681194, 0, 0, 0
164009, 157057033, 0, 0, 0
165000, 142714794, 0, 0, 0
166000, 138015491, 0, 0, 0
167010, 140122827, 0, 0, 0
168005, 137234663, 0, 0, 0
169001, 138820347, 0, 0, 0
170009, 138786400, 0, 0, 0
171000, 135087584, 0, 0, 0
172001, 146180922, 0, 0, 0
173001, 146647652, 0, 0, 0
174006, 162665259, 0, 0, 0
175000, 143331011, 0, 0, 0
176001, 127384593, 0, 0, 0
177006, 152985018, 0, 0, 0
178000, 137216154, 0, 0, 0
179009, 142343585, 0, 0, 0
180001, 139735510, 0, 0, 0
180102, 177128282, 0, 0, 0
