1000, 3740188, 0, 0, 0
2028, 4147782, 0, 0, 0
3021, 4243198, 0, 0, 0
4000, 4182408, 0, 0, 0
5000, 4080438, 0, 0, 0
6036, 4188081, 0, 0, 0
7022, 4174072, 0, 0, 0
8000, 4104644, 0, 0, 0
9000, 4135271, 0, 0, 0
10021, 4161770, 0, 0, 0
11003, 4223275, 0, 0, 0
12000, 4150166, 0, 0, 0
13021, 4168750, 0, 0, 0
14001, 4222661, 0, 0, 0
15022, 4161730, 0, 0, 0
16000, 4157591, 0, 0, 0
17025, 4103286, 0, 0, 0
18036, 4130669, 0, 0, 0
19000, 4245373, 0, 0, 0
20000, 4088843, 0, 0, 0
21000, 4193221, 0, 0, 0
22000, 4063504, 0, 0, 0
23000, 4171322, 0, 0, 0
24033, 4173041, 0, 0, 0
25000, 4200847, 0, 0, 0
26000, 4172011, 0, 0, 0
27000, 4299195, 0, 0, 0
28000, 4204393, 0, 0, 0
29035, 4157829, 0, 0, 0
30030, 4152814, 0, 0, 0
31000, 4112909, 0, 0, 0
32000, 4260280, 0, 0, 0
33001, 4215704, 0, 0, 0
34034, 4191222, 0, 0, 0
35022, 4187174, 0, 0, 0
36000, 4156555, 0, 0, 0
37034, 4233431, 0, 0, 0
38000, 4167551, 0, 0, 0
39000, 4173549, 0, 0, 0
40000, 4070412, 0, 0, 0
41000, 4198932, 0, 0, 0
42000, 4091823, 0, 0, 0
43000, 4167263, 0, 0, 0
44023, 4188706, 0, 0, 0
45000, 4183896, 0, 0, 0
46000, 4402163, 0, 0, 0
47000, 4162707, 0, 0, 0
48003, 4220474, 0, 0, 0
49000, 4345713, 0, 0, 0
50021, 4086866, 0, 0, 0
51000, 4098868, 0, 0, 0
52000, 4248465, 0, 0, 0
53000, 4187057, 0, 0, 0
54024, 4140568, 0, 0, 0
55000, 4200078, 0, 0, 0
56000, 4146382, 0, 0, 0
57021, 4162340, 0, 0, 0
58000, 4200851, 0, 0, 0
59000, 4105013, 0, 0, 0
60024, 4151321, 0, 0, 0
61000, 4141964, 0, 0, 0
62000, 4181587, 0, 0, 0
63003, 4191639, 0, 0, 0
64000, 4179649, 0, 0, 0
65024, 4197333, 0, 0, 0
66000, 4159387, 0, 0, 0
67026, 4132879, 0, 0, 0
68000, 4149915, 0, 0, 0
69021, 4179941, 0, 0, 0
70000, 4163303, 0, 0, 0
71028, 4136779, 0, 0, 0
72021, 4186140, 0, 0, 0
73001, 4210607, 0, 0, 0
74033, 4298421, 0, 0, 0
75022, 4141105, 0, 0, 0
76026, 4096299, 0, 0, 0
77000, 4177903, 0, 0, 0
78000, 4117164, 0, 0, 0
79000, 4200716, 0, 0, 0
80000, 4074123, 0, 0, 0
81025, 4182363, 0, 0, 0
82035, 4200506, 0, 0, 0
83000, 4203385, 0, 0, 0
84023, 4124716, 0, 0, 0
85000, 4167668, 0, 0, 0
86000, 4232611, 0, 0, 0
87035, 4250248, 0, 0, 0
88001, 4195879, 0, 0, 0
89021, 4145255, 0, 0, 0
90000, 4187105, 0, 0, 0
91001, 4099452, 0, 0, 0
92034, 4222312, 0, 0, 0
93000, 4237132, 0, 0, 0
94025, 4134064, 0, 0, 0
95021, 4256550, 0, 0, 0
96000, 4229583, 0, 0, 0
97024, 4226840, 0, 0, 0
98034, 4224659, 0, 0, 0
99000, 4169269, 0, 0, 0
100000, 4157775, 0, 0, 0
101000, 4268022, 0, 0, 0
102021, 4084482, 0, 0, 0
103000, 4178607, 0, 0, 0
104000, 4213794, 0, 0, 0
105022, 4189324, 0, 0, 0
106034, 4152745, 0, 0, 0
107000, 4244691, 0, 0, 0
108000, 4113742, 0, 0, 0
109021, 4201928, 0, 0, 0
110030, 4171292, 0, 0, 0
111000, 4154278, 0, 0, 0
112021, 4093427, 0, 0, 0
113000, 4212435, 0, 0, 0
114000, 4039287, 0, 0, 0
115022, 4239634, 0, 0, 0
116000, 4161657, 0, 0, 0
117021, 4042406, 0, 0, 0
118000, 4197976, 0, 0, 0
119021, 4127223, 0, 0, 0
120000, 4254126, 0, 0, 0
121000, 4178352, 0, 0, 0
122022, 4239359, 0, 0, 0
123034, 4237109, 0, 0, 0
124000, 4228777, 0, 0, 0
125000, 4175534, 0, 0, 0
126022, 4233551, 0, 0, 0
127000, 4191097, 0, 0, 0
128000, 4108962, 0, 0, 0
129021, 4152817, 0, 0, 0
130000, 4143409, 0, 0, 0
131001, 4166599, 0, 0, 0
132000, 4145101, 0, 0, 0
133050, 4300931, 0, 0, 0
134000, 4155886, 0, 0, 0
135000, 4111418, 0, 0, 0
136000, 4150995, 0, 0, 0
137000, 4163821, 0, 0, 0
138030, 4204195, 0, 0, 0
139000, 4306242, 0, 0, 0
140000, 4141411, 0, 0, 0
141000, 4116803, 0, 0, 0
142000, 4149174, 0, 0, 0
143000, 4136006, 0, 0, 0
144000, 4358428, 0, 0, 0
145021, 4046482, 0, 0, 0
146022, 4236611, 0, 0, 0
147001, 4165194, 0, 0, 0
148001, 4215871, 0, 0, 0
149021, 4186923, 0, 0, 0
150000, 4296379, 0, 0, 0
151000, 4199728, 0, 0, 0
152030, 4149999, 0, 0, 0
153001, 4237159, 0, 0, 0
154000, 4127729, 0, 0, 0
155033, 4168460, 0, 0, 0
156000, 4150470, 0, 0, 0
157000, 4094918, 0, 0, 0
158021, 4157749, 0, 0, 0
159000, 4197605, 0, 0, 0
160000, 4120115, 0, 0, 0
161000, 4200889, 0, 0, 0
162000, 4131186, 0, 0, 0
163026, 4141234, 0, 0, 0
164000, 4138112, 0, 0, 0
165000, 4237762, 0, 0, 0
166025, 4135623, 0, 0, 0
167020, 4165395, 0, 0, 0
168001, 4177176, 0, 0, 0
169001, 4284980, 0, 0, 0
170000, 4235647, 0, 0, 0
171021, 4148247, 0, 0, 0
172001, 4122396, 0, 0, 0
173001, 4186195, 0, 0, 0
174000, 4198893, 0, 0, 0
175001, 4069167, 0, 0, 0
176000, 4180207, 0, 0, 0
177022, 4159279, 0, 0, 0
178000, 4279319, 0, 0, 0
179000, 4164965, 0, 0, 0
180020, 4121604, 0, 0, 0
180021, 24548588, 0, 0, 0
