1000, 931923, 1, 0, 0
2000, 894668, 1, 0, 0
3000, 901086, 1, 0, 0
4000, 904256, 1, 0, 0
5000, 895707, 1, 0, 0
6000, 891579, 1, 0, 0
7000, 880967, 1, 0, 0
8000, 908258, 1, 0, 0
9000, 863928, 1, 0, 0
10000, 903183, 1, 0, 0
11000, 879727, 1, 0, 0
12000, 911186, 1, 0, 0
13000, 961757, 1, 0, 0
14000, 901925, 1, 0, 0
15000, 875197, 1, 0, 0
16000, 869602, 1, 0, 0
17000, 882482, 1, 0, 0
18000, 883779, 1, 0, 0
19000, 898409, 1, 0, 0
20000, 885567, 1, 0, 0
21000, 913493, 1, 0, 0
22000, 900819, 1, 0, 0
23000, 951241, 1, 0, 0
24000, 927387, 1, 0, 0
25000, 885125, 1, 0, 0
26000, 915989, 1, 0, 0
27000, 881012, 1, 0, 0
28000, 900871, 1, 0, 0
29000, 932851, 1, 0, 0
30000, 891331, 1, 0, 0
31000, 932783, 1, 0, 0
32000, 913388, 1, 0, 0
33000, 928930, 1, 0, 0
34000, 900338, 1, 0, 0
35000, 930674, 1, 0, 0
36000, 897899, 1, 0, 0
37000, 910776, 1, 0, 0
38000, 893256, 1, 0, 0
39000, 911172, 1, 0, 0
40000, 906930, 1, 0, 0
41000, 864417, 1, 0, 0
42000, 893746, 1, 0, 0
43000, 925909, 1, 0, 0
44000, 879885, 1, 0, 0
45000, 870658, 1, 0, 0
46000, 880567, 1, 0, 0
47000, 874894, 1, 0, 0
48000, 888591, 1, 0, 0
49000, 875597, 1, 0, 0
50000, 857074, 1, 0, 0
51000, 874742, 1, 0, 0
52000, 1261370, 1, 0, 0
53000, 941890, 1, 0, 0
54000, 900367, 1, 0, 0
55000, 906368, 1, 0, 0
56000, 917021, 1, 0, 0
57000, 946130, 1, 0, 0
58000, 919800, 1, 0, 0
59000, 922816, 1, 0, 0
60000, 885178, 1, 0, 0
61000, 918600, 1, 0, 0
62000, 879319, 1, 0, 0
63000, 871316, 1, 0, 0
64000, 867008, 1, 0, 0
65000, 873586, 1, 0, 0
66000, 879366, 1, 0, 0
67000, 873681, 1, 0, 0
68000, 910143, 1, 0, 0
69000, 901246, 1, 0, 0
70000, 890656, 1, 0, 0
71000, 868220, 1, 0, 0
72000, 897892, 1, 0, 0
73000, 921439, 1, 0, 0
74000, 935111, 1, 0, 0
75000, 891326, 1, 0, 0
76000, 945797, 1, 0, 0
77000, 928146, 1, 0, 0
78000, 901174, 1, 0, 0
79000, 925075, 1, 0, 0
80000, 902378, 1, 0, 0
81000, 878644, 1, 0, 0
82000, 887283, 1, 0, 0
83000, 922196, 1, 0, 0
84000, 901382, 1, 0, 0
85000, 892914, 1, 0, 0
86000, 900763, 1, 0, 0
87000, 898458, 1, 0, 0
88000, 924473, 1, 0, 0
89000, 877013, 1, 0, 0
90000, 888307, 1, 0, 0
91000, 880707, 1, 0, 0
92000, 891269, 1, 0, 0
93000, 877558, 1, 0, 0
94000, 927010, 1, 0, 0
95000, 884262, 1, 0, 0
96000, 881154, 1, 0, 0
97000, 896949, 1, 0, 0
98045, 930449, 1, 0, 0
99000, 962479, 1, 0, 0
100000, 916668, 1, 0, 0
101000, 877292, 1, 0, 0
102000, 894331, 1, 0, 0
103000, 903322, 1, 0, 0
104000, 856274, 1, 0, 0
105000, 882203, 1, 0, 0
106000, 891325, 1, 0, 0
107006, 908319, 1, 0, 0
108000, 856410, 1, 0, 0
109000, 875048, 1, 0, 0
110000, 894779, 1, 0, 0
111000, 928819, 1, 0, 0
112000, 902682, 1, 0, 0
113000, 896947, 1, 0, 0
114000, 901376, 1, 0, 0
115000, 910717, 1, 0, 0
116000, 925132, 1, 0, 0
117000, 890334, 1, 0, 0
118000, 878826, 1, 0, 0
119000, 888189, 1, 0, 0
120000, 932865, 1, 0, 0
121000, 915383, 1, 0, 0
122000, 949331, 1, 0, 0
123000, 887784, 1, 0, 0
124000, 913333, 1, 0, 0
125000, 903791, 1, 0, 0
126000, 888685, 1, 0, 0
127000, 881567, 1, 0, 0
128000, 890498, 1, 0, 0
129000, 882562, 1, 0, 0
130000, 889652, 1, 0, 0
131000, 931947, 1, 0, 0
132000, 881585, 1, 0, 0
133000, 920471, 1, 0, 0
134000, 863890, 1, 0, 0
135000, 879568, 1, 0, 0
136000, 970245, 1, 0, 0
137000, 946512, 1, 0, 0
138000, 914185, 1, 0, 0
139000, 911163, 1, 0, 0
140000, 902289, 1, 0, 0
141000, 884069, 1, 0, 0
142000, 892147, 1, 0, 0
143000, 895634, 1, 0, 0
144000, 903395, 1, 0, 0
145000, 908516, 1, 0, 0
146000, 895009, 1, 0, 0
147000, 895772, 1, 0, 0
148000, 885860, 1, 0, 0
149000, 877005, 1, 0, 0
150000, 883944, 1, 0, 0
151000, 895521, 1, 0, 0
152000, 917038, 1, 0, 0
153000, 888898, 1, 0, 0
154000, 859774, 1, 0, 0
155000, 862155, 1, 0, 0
156000, 910983, 1, 0, 0
157000, 905639, 1, 0, 0
158000, 925555, 1, 0, 0
159000, 893865, 1, 0, 0
160000, 908153, 1, 0, 0
161000, 891236, 1, 0, 0
162000, 874261, 1, 0, 0
163000, 933788, 1, 0, 0
164000, 884489, 1, 0, 0
165000, 912839, 1, 0, 0
166000, 921313, 1, 0, 0
167000, 907371, 1, 0, 0
168000, 911611, 1, 0, 0
169000, 898082, 1, 0, 0
170000, 896631, 1, 0, 0
171000, 894661, 1, 0, 0
172000, 942158, 1, 0, 0
173000, 953925, 1, 0, 0
174000, 930306, 1, 0, 0
175000, 909903, 1, 0, 0
176000, 876960, 1, 0, 0
177000, 908172, 1, 0, 0
178000, 902549, 1, 0, 0
179000, 903941, 1, 0, 0
180000, 903813, 1, 0, 0
180000, 1384881, 1, 0, 0
