1000, 1640, 0, 0, 0
2000, 1612, 0, 0, 0
3000, 1597, 0, 0, 0
4000, 1577, 0, 0, 0
5000, 1593, 0, 0, 0
6000, 1464, 0, 0, 0
7000, 1609, 0, 0, 0
8001, 1620, 0, 0, 0
9000, 1653, 0, 0, 0
10000, 1617, 0, 0, 0
11000, 1640, 0, 0, 0
12000, 1649, 0, 0, 0
13000, 1661, 0, 0, 0
14000, 1637, 0, 0, 0
15000, 1605, 0, 0, 0
16000, 1561, 0, 0, 0
17000, 1564, 0, 0, 0
18001, 1608, 0, 0, 0
19000, 1613, 0, 0, 0
20000, 1613, 0, 0, 0
21000, 1653, 0, 0, 0
22000, 1653, 0, 0, 0
23000, 1636, 0, 0, 0
24000, 1644, 0, 0, 0
25000, 1617, 0, 0, 0
26000, 1588, 0, 0, 0
27000, 1649, 0, 0, 0
28000, 1633, 0, 0, 0
29000, 1585, 0, 0, 0
30000, 1673, 0, 0, 0
31000, 1644, 0, 0, 0
32000, 1585, 0, 0, 0
33000, 1613, 0, 0, 0
34000, 1580, 0, 0, 0
35000, 1629, 0, 0, 0
36000, 1577, 0, 0, 0
37000, 1621, 0, 0, 0
38000, 1533, 0, 0, 0
39000, 1605, 0, 0, 0
40000, 1552, 0, 0, 0
41000, 1601, 0, 0, 0
42000, 1649, 0, 0, 0
43000, 1637, 0, 0, 0
44000, 1652, 0, 0, 0
45000, 1600, 0, 0, 0
46000, 1577, 0, 0, 0
47000, 1625, 0, 0, 0
48000, 1588, 0, 0, 0
49000, 1625, 0, 0, 0
50000, 1597, 0, 0, 0
51000, 1641, 0, 0, 0
52000, 1669, 0, 0, 0
53000, 1640, 0, 0, 0
54000, 1657, 0, 0, 0
55000, 1640, 0, 0, 0
56000, 1629, 0, 0, 0
57000, 1588, 0, 0, 0
58000, 1645, 0, 0, 0
59000, 1637, 0, 0, 0
60000, 1577, 0, 0, 0
61000, 1652, 0, 0, 0
62000, 1617, 0, 0, 0
63001, 1636, 0, 0, 0
64001, 1693, 0, 0, 0
65000, 1629, 0, 0, 0
66000, 1645, 0, 0, 0
67000, 1673, 0, 0, 0
68000, 1680, 0, 0, 0
69000, 1628, 0, 0, 0
70000, 1617, 0, 0, 0
71000, 1701, 0, 0, 0
72000, 1657, 0, 0, 0
73000, 1657, 0, 0, 0
74000, 1664, 0, 0, 0
75000, 1649, 0, 0, 0
76000, 1709, 0, 0, 0
77000, 1641, 0, 0, 0
78000, 1593, 0, 0, 0
79000, 1641, 0, 0, 0
80000, 1644, 0, 0, 0
81000, 1677, 0, 0, 0
82000, 1585, 0, 0, 0
83000, 1617, 0, 0, 0
84000, 1680, 0, 0, 0
85000, 1633, 0, 0, 0
86000, 1689, 0, 0, 0
87000, 1601, 0, 0, 0
88000, 1641, 0, 0, 0
89000, 1645, 0, 0, 0
90000, 1668, 0, 0, 0
91000, 1625, 0, 0, 0
92000, 1637, 0, 0, 0
93000, 1649, 0, 0, 0
94000, 1676, 0, 0, 0
95000, 1653, 0, 0, 0
96001, 1586, 0, 0, 0
97000, 1681, 0, 0, 0
98000, 1641, 0, 0, 0
99000, 1669, 0, 0, 0
100000, 1596, 0, 0, 0
101000, 1661, 0, 0, 0
102000, 1620, 0, 0, 0
103000, 1665, 0, 0, 0
104000, 1637, 0, 0, 0
105000, 1620, 0, 0, 0
106000, 1584, 0, 0, 0
107000, 1641, 0, 0, 0
108000, 1621, 0, 0, 0
109000, 1573, 0, 0, 0
110000, 1625, 0, 0, 0
111000, 1601, 0, 0, 0
112000, 1616, 0, 0, 0
113000, 1669, 0, 0, 0
114000, 1681, 0, 0, 0
115000, 1604, 0, 0, 0
116000, 1693, 0, 0, 0
117000, 1629, 0, 0, 0
118000, 1620, 0, 0, 0
119000, 1557, 0, 0, 0
120000, 1705, 0, 0, 0
121000, 1525, 0, 0, 0
122000, 1564, 0, 0, 0
123000, 1673, 0, 0, 0
124000, 1620, 0, 0, 0
125000, 1625, 0, 0, 0
126000, 1653, 0, 0, 0
127000, 1617, 0, 0, 0
128000, 1676, 0, 0, 0
129000, 1672, 0, 0, 0
130000, 1669, 0, 0, 0
131000, 1697, 0, 0, 0
132000, 1617, 0, 0, 0
133000, 1625, 0, 0, 0
134000, 1656, 0, 0, 0
135000, 1660, 0, 0, 0
136000, 1669, 0, 0, 0
137000, 1636, 0, 0, 0
138000, 1653, 0, 0, 0
139000, 1732, 0, 0, 0
140000, 1600, 0, 0, 0
140999, 1637, 0, 0, 0
142000, 1640, 0, 0, 0
143000, 1632, 0, 0, 0
144000, 1689, 0, 0, 0
145000, 1625, 0, 0, 0
146000, 1629, 0, 0, 0
147000, 1604, 0, 0, 0
148000, 1549, 0, 0, 0
149000, 1509, 0, 0, 0
150000, 1537, 0, 0, 0
151000, 1576, 0, 0, 0
152000, 1505, 0, 0, 0
153000, 1541, 0, 0, 0
154000, 1545, 0, 0, 0
155000, 1556, 0, 0, 0
156000, 1525, 0, 0, 0
157000, 1561, 0, 0, 0
158000, 1604, 0, 0, 0
159000, 1613, 0, 0, 0
160000, 1601, 0, 0, 0
161000, 1513, 0, 0, 0
162000, 1604, 0, 0, 0
163000, 1465, 0, 0, 0
164000, 1508, 0, 0, 0
164999, 1577, 0, 0, 0
166000, 1524, 0, 0, 0
167000, 1544, 0, 0, 0
168000, 1557, 0, 0, 0
169000, 1536, 0, 0, 0
170000, 1537, 0, 0, 0
171000, 1557, 0, 0, 0
172000, 1536, 0, 0, 0
173000, 1584, 0, 0, 0
174000, 1445, 0, 0, 0
175000, 1480, 0, 0, 0
176000, 1529, 0, 0, 0
177000, 1545, 0, 0, 0
178000, 1448, 0, 0, 0
179000, 1557, 0, 0, 0
180000, 1605, 0, 0, 0
