1004, 3730555, 1, 0, 0
2000, 4279778, 1, 0, 0
3000, 4166685, 1, 0, 0
4001, 4006987, 1, 0, 0
5001, 4227692, 1, 0, 0
6000, 4299769, 1, 0, 0
7000, 4089808, 1, 0, 0
8000, 4142593, 1, 0, 0
9000, 4141074, 1, 0, 0
10001, 4117188, 1, 0, 0
11002, 4272416, 1, 0, 0
12000, 4281463, 1, 0, 0
13001, 4097001, 1, 0, 0
14000, 4286906, 1, 0, 0
15000, 4262667, 1, 0, 0
16000, 4306276, 1, 0, 0
17001, 4264109, 1, 0, 0
18000, 3994968, 1, 0, 0
19001, 4367547, 1, 0, 0
20001, 4077024, 1, 0, 0
21000, 4284447, 1, 0, 0
22000, 4204173, 1, 0, 0
23001, 4196672, 1, 0, 0
24001, 4328232, 1, 0, 0
25001, 4182736, 1, 0, 0
26000, 4224147, 1, 0, 0
27000, 4114453, 1, 0, 0
28000, 4129267, 1, 0, 0
29001, 4006712, 1, 0, 0
30004, 4141333, 1, 0, 0
31000, 4276311, 1, 0, 0
32000, 4212905, 1, 0, 0
33000, 4173178, 1, 0, 0
34000, 4162596, 1, 0, 0
35000, 4021192, 1, 0, 0
36000, 4306231, 1, 0, 0
37000, 4234429, 1, 0, 0
38000, 4281568, 1, 0, 0
39001, 4076523, 1, 0, 0
40001, 4170030, 1, 0, 0
41000, 4127088, 1, 0, 0
42000, 3958852, 1, 0, 0
43000, 4304288, 1, 0, 0
44000, 4342563, 1, 0, 0
45000, 4308699, 1, 0, 0
46000, 4186246, 1, 0, 0
47003, 3952050, 1, 0, 0
48003, 4012861, 1, 0, 0
49000, 4289913, 1, 0, 0
50003, 4410145, 1, 0, 0
51000, 4416434, 1, 0, 0
52000, 4490124, 1, 0, 0
53000, 4129731, 1, 0, 0
54003, 4276801, 1, 0, 0
55000, 4117121, 1, 0, 0
56001, 4159325, 1, 0, 0
57001, 4258718, 1, 0, 0
58000, 4207814, 1, 0, 0
59000, 4218205, 1, 0, 0
60001, 4185022, 1, 0, 0
61000, 4336553, 1, 0, 0
62001, 4166481, 1, 0, 0
63000, 4195006, 1, 0, 0
64000, 4051850, 1, 0, 0
65000, 4238363, 1, 0, 0
66000, 4101541, 1, 0, 0
67002, 4142714, 1, 0, 0
68000, 4188323, 1, 0, 0
69000, 4101964, 1, 0, 0
70000, 4022821, 1, 0, 0
71000, 4259331, 1, 0, 0
72000, 4120723, 1, 0, 0
73003, 4166725, 1, 0, 0
74000, 4436804, 1, 0, 0
75000, 4261996, 1, 0, 0
76001, 4290381, 1, 0, 0
77000, 4135334, 1, 0, 0
78001, 4183332, 1, 0, 0
79000, 4304638, 1, 0, 0
80000, 4375437, 1, 0, 0
81000, 4264340, 1, 0, 0
82000, 4144027, 1, 0, 0
83000, 4088456, 1, 0, 0
84000, 4077189, 1, 0, 0
85000, 4055598, 1, 0, 0
86001, 4182173, 1, 0, 0
87000, 4126654, 1, 0, 0
88004, 4161476, 1, 0, 0
89000, 4228448, 1, 0, 0
90006, 4194441, 1, 0, 0
91000, 4205023, 1, 0, 0
92000, 4005918, 1, 0, 0
93001, 3920612, 1, 0, 0
94001, 4154194, 1, 0, 0
95000, 4203895, 1, 0, 0
96001, 4398568, 1, 0, 0
97000, 4248614, 1, 0, 0
98000, 3981730, 1, 0, 0
99000, 4048216, 1, 0, 0
100000, 4183366, 1, 0, 0
101002, 4012013, 1, 0, 0
102003, 4357359, 1, 0, 0
103000, 4067548, 1, 0, 0
104000, 4352028, 1, 0, 0
105003, 4260131, 1, 0, 0
106001, 4322827, 1, 0, 0
107000, 4197263, 1, 0, 0
108002, 4394647, 1, 0, 0
109000, 4203580, 1, 0, 0
110000, 4113540, 1, 0, 0
111000, 5332440, 1, 0, 0
112002, 4245424, 1, 0, 0
113080, 4172011, 1, 0, 0
114003, 4049569, 1, 0, 0
115000, 3933947, 1, 0, 0
116000, 4349826, 1, 0, 0
117002, 4174659, 1, 0, 0
118002, 4384249, 1, 0, 0
119000, 4104727, 1, 0, 0
120000, 4382804, 1, 0, 0
121004, 4029706, 1, 0, 0
122000, 4066553, 1, 0, 0
123000, 4184696, 1, 0, 0
124000, 4078595, 1, 0, 0
125000, 4307826, 1, 0, 0
126001, 4253630, 1, 0, 0
127001, 4087461, 1, 0, 0
128000, 4211763, 1, 0, 0
129001, 4048180, 1, 0, 0
130000, 4329627, 1, 0, 0
131004, 4363175, 1, 0, 0
132000, 4147453, 1, 0, 0
133000, 4105025, 1, 0, 0
134004, 4293790, 1, 0, 0
135000, 4146200, 1, 0, 0
136000, 4121256, 1, 0, 0
137000, 4325694, 1, 0, 0
138000, 4315113, 1, 0, 0
139001, 4266860, 1, 0, 0
140000, 4143908, 1, 0, 0
141000, 4343701, 1, 0, 0
142000, 4120896, 1, 0, 0
143000, 4346746, 1, 0, 0
144000, 4189250, 1, 0, 0
145001, 4236631, 1, 0, 0
146000, 4370668, 1, 0, 0
147001, 4209648, 1, 0, 0
148000, 4159861, 1, 0, 0
149002, 4142269, 1, 0, 0
150000, 4135940, 1, 0, 0
151000, 3985471, 1, 0, 0
152001, 4349126, 1, 0, 0
153001, 4073054, 1, 0, 0
154000, 4102608, 1, 0, 0
155000, 4183611, 1, 0, 0
156000, 4034049, 1, 0, 0
157000, 4284763, 1, 0, 0
158001, 4298234, 1, 0, 0
159000, 4091811, 1, 0, 0
160001, 4125058, 1, 0, 0
161001, 4086997, 1, 0, 0
162000, 4207259, 1, 0, 0
163000, 4049817, 1, 0, 0
164000, 4140191, 1, 0, 0
165000, 4389178, 1, 0, 0
166000, 4142107, 1, 0, 0
167001, 4170970, 1, 0, 0
168001, 4299226, 1, 0, 0
169000, 4075404, 1, 0, 0
170000, 4244965, 1, 0, 0
171002, 4024694, 1, 0, 0
172003, 4209650, 1, 0, 0
173001, 4195598, 1, 0, 0
174000, 4050720, 1, 0, 0
175003, 4250242, 1, 0, 0
176000, 4378522, 1, 0, 0
177001, 3885058, 1, 0, 0
178002, 4258183, 1, 0, 0
179001, 4229311, 1, 0, 0
180000, 4078252, 1, 0, 0
180000, 1101127, 1, 0, 0
