1000, 2177850, 0, 0, 0
2000, 2123186, 0, 0, 0
3001, 2044501, 0, 0, 0
4000, 2031845, 0, 0, 0
5001, 2062171, 0, 0, 0
6001, 2089001, 0, 0, 0
7001, 2163698, 0, 0, 0
8000, 2138963, 0, 0, 0
9000, 2121296, 0, 0, 0
10000, 2116639, 0, 0, 0
11000, 2107576, 0, 0, 0
12000, 2122682, 0, 0, 0
13000, 2129511, 0, 0, 0
14000, 2103144, 0, 0, 0
15000, 2070596, 0, 0, 0
16000, 2090664, 0, 0, 0
17001, 2115544, 0, 0, 0
18001, 2085756, 0, 0, 0
19000, 2059826, 0, 0, 0
20000, 2096566, 0, 0, 0
21006, 2157107, 0, 0, 0
22000, 2092826, 0, 0, 0
23000, 2078526, 0, 0, 0
24000, 2176353, 0, 0, 0
25001, 2094776, 0, 0, 0
26001, 2106444, 0, 0, 0
27000, 2132766, 0, 0, 0
28000, 2127691, 0, 0, 0
29000, 2098700, 0, 0, 0
30000, 2232291, 0, 0, 0
31001, 2144127, 0, 0, 0
32000, 2138480, 0, 0, 0
33000, 2128244, 0, 0, 0
34000, 2146685, 0, 0, 0
35001, 2117133, 0, 0, 0
36000, 2053411, 0, 0, 0
37068, 2252691, 0, 0, 0
38001, 2268474, 0, 0, 0
39000, 2103290, 0, 0, 0
40000, 2127790, 0, 0, 0
41001, 2094491, 0, 0, 0
42000, 2050303, 0, 0, 0
43000, 2079130, 0, 0, 0
44000, 2083165, 0, 0, 0
45000, 2054318, 0, 0, 0
46000, 2078060, 0, 0, 0
47001, 2156262, 0, 0, 0
48000, 2179304, 0, 0, 0
49000, 2144869, 0, 0, 0
50000, 2159880, 0, 0, 0
51001, 2130902, 0, 0, 0
52001, 2157196, 0, 0, 0
53000, 2154007, 0, 0, 0
54008, 2230926, 0, 0, 0
55000, 2145120, 0, 0, 0
56000, 2105457, 0, 0, 0
57000, 2127201, 0, 0, 0
58000, 2165070, 0, 0, 0
59000, 2152469, 0, 0, 0
60001, 2131569, 0, 0, 0
61000, 2148768, 0, 0, 0
62000, 2087155, 0, 0, 0
63000, 2251938, 0, 0, 0
64000, 2091982, 0, 0, 0
65000, 2096734, 0, 0, 0
66000, 2085471, 0, 0, 0
67000, 2085293, 0, 0, 0
68001, 2117850, 0, 0, 0
69000, 2164985, 0, 0, 0
70000, 2155841, 0, 0, 0
71000, 2126749, 0, 0, 0
72001, 2159089, 0, 0, 0
73001, 2136420, 0, 0, 0
74001, 2122646, 0, 0, 0
75000, 2181093, 0, 0, 0
76000, 2169333, 0, 0, 0
77001, 2152322, 0, 0, 0
78001, 2123385, 0, 0, 0
79001, 2256464, 0, 0, 0
80000, 2203697, 0, 0, 0
81000, 2154535, 0, 0, 0
82001, 2162521, 0, 0, 0
83000, 2135773, 0, 0, 0
84001, 2192188, 0, 0, 0
85000, 2157230, 0, 0, 0
86000, 2056891, 0, 0, 0
87000, 2127376, 0, 0, 0
88000, 2115431, 0, 0, 0
89000, 2257210, 0, 0, 0
90001, 2136938, 0, 0, 0
91000, 2156355, 0, 0, 0
92000, 2094992, 0, 0, 0
93000, 2134630, 0, 0, 0
94000, 2109054, 0, 0, 0
95000, 2142191, 0, 0, 0
96000, 2130816, 0, 0, 0
97000, 2120159, 0, 0, 0
98000, 2167813, 0, 0, 0
99000, 2137271, 0, 0, 0
100000, 2121914, 0, 0, 0
101000, 2105414, 0, 0, 0
102001, 2114679, 0, 0, 0
103001, 2147108, 0, 0, 0
104001, 2106238, 0, 0, 0
105000, 2111497, 0, 0, 0
106000, 2133248, 0, 0, 0
107000, 2113401, 0, 0, 0
108000, 2135203, 0, 0, 0
109001, 2141705, 0, 0, 0
110000, 2153383, 0, 0, 0
111000, 2132095, 0, 0, 0
112001, 2171576, 0, 0, 0
113001, 2124516, 0, 0, 0
114000, 2192217, 0, 0, 0
115001, 2171221, 0, 0, 0
116000, 2150318, 0, 0, 0
117000, 2141562, 0, 0, 0
118000, 2184796, 0, 0, 0
119001, 2225258, 0, 0, 0
120000, 2187649, 0, 0, 0
121000, 2170716, 0, 0, 0
122000, 2127964, 0, 0, 0
123000, 2085405, 0, 0, 0
124000, 2125028, 0, 0, 0
125000, 2115784, 0, 0, 0
126001, 2135332, 0, 0, 0
127000, 2098330, 0, 0, 0
128000, 2084405, 0, 0, 0
129001, 2130082, 0, 0, 0
130000, 2052899, 0, 0, 0
131000, 2133829, 0, 0, 0
132000, 2147614, 0, 0, 0
133001, 2142519, 0, 0, 0
134000, 2107266, 0, 0, 0
135000, 2120788, 0, 0, 0
136000, 2122517, 0, 0, 0
137000, 2125563, 0, 0, 0
138000, 2123790, 0, 0, 0
139000, 2158471, 0, 0, 0
140000, 2115678, 0, 0, 0
141000, 2152287, 0, 0, 0
142000, 2115992, 0, 0, 0
143001, 2181285, 0, 0, 0
144000, 2234975, 0, 0, 0
145000, 2082600, 0, 0, 0
146000, 2105605, 0, 0, 0
147001, 2095756, 0, 0, 0
148000, 2104311, 0, 0, 0
149000, 2070229, 0, 0, 0
150000, 2059626, 0, 0, 0
151000, 2108746, 0, 0, 0
152000, 2189553, 0, 0, 0
153000, 2089818, 0, 0, 0
154000, 2134541, 0, 0, 0
155001, 2093662, 0, 0, 0
156000, 2061585, 0, 0, 0
157000, 2119337, 0, 0, 0
158000, 2155886, 0, 0, 0
159000, 2144465, 0, 0, 0
160000, 2114678, 0, 0, 0
161000, 2150028, 0, 0, 0
162001, 2157494, 0, 0, 0
163000, 2151577, 0, 0, 0
164000, 2127027, 0, 0, 0
165000, 2110154, 0, 0, 0
166000, 2151475, 0, 0, 0
167001, 2123306, 0, 0, 0
168000, 2124143, 0, 0, 0
169000, 2116262, 0, 0, 0
170001, 2174425, 0, 0, 0
171000, 2127121, 0, 0, 0
172001, 2137957, 0, 0, 0
173000, 2189957, 0, 0, 0
174001, 2242085, 0, 0, 0
175001, 2202542, 0, 0, 0
176000, 2213375, 0, 0, 0
177000, 2231179, 0, 0, 0
178001, 2232591, 0, 0, 0
179000, 2179687, 0, 0, 0
180000, 2156993, 0, 0, 0
180001, 1887180, 0, 0, 0
