1038, 1233883, 1, 0, 0
2006, 1706858, 1, 0, 0
3000, 579673, 1, 0, 0
4000, 1850128, 1, 0, 0
5002, 2679524, 1, 0, 0
6008, 2707749, 1, 0, 0
7031, 2597602, 1, 0, 0
8026, 2269178, 1, 0, 0
9002, 2051217, 1, 0, 0
10000, 2283761, 1, 0, 0
11001, 1746500, 1, 0, 0
12002, 1688828, 1, 0, 0
13003, 1493239, 1, 0, 0
14000, 1013031, 1, 0, 0
15028, 1519736, 1, 0, 0
16000, 1900589, 1, 0, 0
17034, 2316970, 1, 0, 0
18001, 1647269, 1, 0, 0
19001, 1942346, 1, 0, 0
20004, 2309100, 1, 0, 0
21001, 2026293, 1, 0, 0
22003, 2393493, 1, 0, 0
23001, 2223907, 1, 0, 0
24002, 2584718, 1, 0, 0
25009, 2238570, 1, 0, 0
26001, 2268644, 1, 0, 0
27001, 2222662, 1, 0, 0
28001, 1687242, 1, 0, 0
29028, 2055145, 1, 0, 0
30004, 2234749, 1, 0, 0
31001, 2018215, 1, 0, 0
32004, 248772, 1, 0, 0
33000, 60140, 1, 0, 0
34004, 204485, 1, 0, 0
35000, 137671, 1, 0, 0
36001, 278090, 1, 0, 0
37001, 437818, 1, 0, 0
38002, 598016, 1, 0, 0
39000, 260089, 1, 0, 0
40001, 201364, 1, 0, 0
41001, 707945, 1, 0, 0
42000, 699247, 1, 0, 0
43000, 869296, 1, 0, 0
44000, 643470, 1, 0, 0
45031, 920400, 1, 0, 0
46000, 325122, 1, 0, 0
47001, 1031671, 1, 0, 0
48000, 1142862, 1, 0, 0
49000, 836774, 1, 0, 0
50003, 613403, 1, 0, 0
51000, 285307, 1, 0, 0
52046, 240756, 1, 0, 0
53001, 835993, 1, 0, 0
54002, 517481, 1, 0, 0
55006, 421936, 1, 0, 0
56000, 530746, 1, 0, 0
57001, 113722, 1, 0, 0
58000, 514514, 1, 0, 0
59040, 558997, 1, 0, 0
60000, 792233, 1, 0, 0
61001, 746558, 1, 0, 0
62002, 708193, 1, 0, 0
63044, 429619, 1, 0, 0
64001, 642369, 1, 0, 0
65000, 758399, 1, 0, 0
66002, 15851, 1, 0, 0
67001, 14540, 1, 0, 0
68000, 15607, 1, 0, 0
69001, 14480, 1, 0, 0
70001, 8094, 1, 0, 0
71028, 29481, 1, 0, 0
72000, 29734, 1, 0, 0
73001, 19885, 1, 0, 0
74000, 45676, 1, 0, 0
75000, 173767, 1, 0, 0
76001, 973818, 1, 0, 0
77004, 1420862, 1, 0, 0
78000, 1106079, 1, 0, 0
79001, 1616265, 1, 0, 0
80007, 1688796, 1, 0, 0
81000, 1151792, 1, 0, 0
82000, 1266678, 1, 0, 0
83000, 1406149, 1, 0, 0
84000, 1275800, 1, 0, 0
85000, 618689, 1, 0, 0
86000, 527771, 1, 0, 0
87001, 749458, 1, 0, 0
88004, 956534, 1, 0, 0
89001, 395850, 1, 0, 0
90000, 308784, 1, 0, 0
91000, 494268, 1, 0, 0
92000, 1149512, 1, 0, 0
93001, 563547, 1, 0, 0
94002, 856580, 1, 0, 0
95000, 1090505, 1, 0, 0
96001, 1044751, 1, 0, 0
97001, 446220, 1, 0, 0
98000, 372753, 1, 0, 0
99002, 664751, 1, 0, 0
100003, 624823, 1, 0, 0
101001, 725369, 1, 0, 0
102043, 1322559, 1, 0, 0
103001, 1565479, 1, 0, 0
104002, 1039926, 1, 0, 0
105000, 1449168, 1, 0, 0
106000, 890724, 1, 0, 0
107000, 635454, 1, 0, 0
108000, 760633, 1, 0, 0
109000, 1022589, 1, 0, 0
110000, 150869, 1, 0, 0
111005, 22283, 1, 0, 0
112000, 95430, 1, 0, 0
113000, 93970, 1, 0, 0
114000, 27869, 1, 0, 0
115000, 3568, 1, 0, 0
116000, 11878, 1, 0, 0
117000, 44816, 1, 0, 0
118005, 1540695, 1, 0, 0
119000, 2256238, 1, 0, 0
120000, 1950106, 1, 0, 0
121000, 2337364, 1, 0, 0
122030, 1632696, 1, 0, 0
123000, 1615203, 1, 0, 0
124003, 1581294, 1, 0, 0
125006, 1207114, 1, 0, 0
126000, 2008385, 1, 0, 0
127001, 2159175, 1, 0, 0
128001, 1999282, 1, 0, 0
129000, 2259444, 1, 0, 0
130002, 1683868, 1, 0, 0
131000, 2119451, 1, 0, 0
132000, 1984940, 1, 0, 0
133000, 2002399, 1, 0, 0
134000, 1782375, 1, 0, 0
135000, 2129517, 1, 0, 0
136000, 2324981, 1, 0, 0
137003, 2479749, 1, 0, 0
138000, 2482566, 1, 0, 0
139007, 2075269, 1, 0, 0
140000, 1360501, 1, 0, 0
141029, 1823652, 1, 0, 0
142002, 1497832, 1, 0, 0
143002, 2283996, 1, 0, 0
144002, 2069237, 1, 0, 0
145000, 1930035, 1, 0, 0
146001, 2284104, 1, 0, 0
147003, 1904560, 1, 0, 0
148001, 1909618, 1, 0, 0
149004, 1198961, 1, 0, 0
150001, 855715, 1, 0, 0
151000, 744610, 1, 0, 0
152001, 492168, 1, 0, 0
153000, 771951, 1, 0, 0
154001, 1163911, 1, 0, 0
155000, 169164, 1, 0, 0
156001, 450669, 1, 0, 0
157034, 87249, 1, 0, 0
158000, 761093, 1, 0, 0
159000, 662732, 1, 0, 0
160000, 1157255, 1, 0, 0
161001, 868835, 1, 0, 0
162001, 1876730, 1, 0, 0
163044, 1583471, 1, 0, 0
164001, 1143245, 1, 0, 0
165001, 1427493, 1, 0, 0
166000, 1366033, 1, 0, 0
167001, 1406832, 1, 0, 0
168000, 2068850, 1, 0, 0
169006, 1701169, 1, 0, 0
170006, 1578240, 1, 0, 0
171001, 2088312, 1, 0, 0
172001, 1952078, 1, 0, 0
173000, 1334416, 1, 0, 0
174000, 238057, 1, 0, 0
175000, 666427, 1, 0, 0
176001, 915202, 1, 0, 0
177030, 216275, 1, 0, 0
178002, 219074, 1, 0, 0
179000, 154578, 1, 0, 0
180112, 480879, 1, 0, 0
