999, 522, 1, 0, 0
1999, 479, 1, 0, 0
2999, 480, 1, 0, 0
4000, 477, 1, 0, 0
5000, 474, 1, 0, 0
6000, 478, 1, 0, 0
7000, 475, 1, 0, 0
8001, 467, 1, 0, 0
9000, 489, 1, 0, 0
10000, 465, 1, 0, 0
11000, 486, 1, 0, 0
12000, 478, 1, 0, 0
13001, 481, 1, 0, 0
14001, 472, 1, 0, 0
15001, 481, 1, 0, 0
16001, 471, 1, 0, 0
17001, 483, 1, 0, 0
18001, 483, 1, 0, 0
19000, 472, 1, 0, 0
20000, 472, 1, 0, 0
21001, 487, 1, 0, 0
22001, 479, 1, 0, 0
23001, 467, 1, 0, 0
24001, 487, 1, 0, 0
25001, 474, 1, 0, 0
26000, 474, 1, 0, 0
27001, 475, 1, 0, 0
28000, 486, 1, 0, 0
29000, 475, 1, 0, 0
30000, 479, 1, 0, 0
31000, 480, 1, 0, 0
32001, 470, 1, 0, 0
33000, 477, 1, 0, 0
34001, 481, 1, 0, 0
35001, 472, 1, 0, 0
36000, 476, 1, 0, 0
37000, 481, 1, 0, 0
38001, 483, 1, 0, 0
39001, 477, 1, 0, 0
40000, 479, 1, 0, 0
41001, 487, 1, 0, 0
42000, 464, 1, 0, 0
43000, 483, 1, 0, 0
44001, 475, 1, 0, 0
45000, 463, 1, 0, 0
46000, 481, 1, 0, 0
47001, 481, 1, 0, 0
48000, 472, 1, 0, 0
49000, 469, 1, 0, 0
50000, 487, 1, 0, 0
51000, 474, 1, 0, 0
52000, 485, 1, 0, 0
53000, 483, 1, 0, 0
54000, 477, 1, 0, 0
55000, 486, 1, 0, 0
56000, 481, 1, 0, 0
57001, 468, 1, 0, 0
58000, 481, 1, 0, 0
59000, 472, 1, 0, 0
60000, 485, 1, 0, 0
61000, 477, 1, 0, 0
62001, 477, 1, 0, 0
63000, 486, 1, 0, 0
64000, 468, 1, 0, 0
65000, 480, 1, 0, 0
66000, 475, 1, 0, 0
67000, 469, 1, 0, 0
68000, 489, 1, 0, 0
69000, 475, 1, 0, 0
70000, 476, 1, 0, 0
71000, 483, 1, 0, 0
72000, 479, 1, 0, 0
73001, 473, 1, 0, 0
74000, 477, 1, 0, 0
75000, 481, 1, 0, 0
76001, 488, 1, 0, 0
77000, 474, 1, 0, 0
78000, 484, 1, 0, 0
79000, 474, 1, 0, 0
80000, 485, 1, 0, 0
81000, 487, 1, 0, 0
82000, 468, 1, 0, 0
83001, 484, 1, 0, 0
84000, 484, 1, 0, 0
85000, 473, 1, 0, 0
86001, 482, 1, 0, 0
87000, 469, 1, 0, 0
88000, 482, 1, 0, 0
89000, 480, 1, 0, 0
90001, 483, 1, 0, 0
91000, 483, 1, 0, 0
92001, 475, 1, 0, 0
93001, 482, 1, 0, 0
94001, 472, 1, 0, 0
95000, 491, 1, 0, 0
96000, 477, 1, 0, 0
97000, 476, 1, 0, 0
98000, 472, 1, 0, 0
99001, 483, 1, 0, 0
100001, 486, 1, 0, 0
101000, 477, 1, 0, 0
102000, 473, 1, 0, 0
103001, 477, 1, 0, 0
104000, 480, 1, 0, 0
105000, 475, 1, 0, 0
106001, 482, 1, 0, 0
107001, 483, 1, 0, 0
108001, 469, 1, 0, 0
109000, 473, 1, 0, 0
110000, 482, 1, 0, 0
111001, 485, 1, 0, 0
112000, 471, 1, 0, 0
113000, 485, 1, 0, 0
114001, 483, 1, 0, 0
115000, 476, 1, 0, 0
116000, 488, 1, 0, 0
117000, 474, 1, 0, 0
118001, 479, 1, 0, 0
119000, 477, 1, 0, 0
120001, 475, 1, 0, 0
121001, 485, 1, 0, 0
122000, 478, 1, 0, 0
123000, 470, 1, 0, 0
124001, 488, 1, 0, 0
125001, 470, 1, 0, 0
126000, 480, 1, 0, 0
127000, 486, 1, 0, 0
128000, 466, 1, 0, 0
129000, 488, 1, 0, 0
130000, 468, 1, 0, 0
131001, 485, 1, 0, 0
132000, 476, 1, 0, 0
133000, 479, 1, 0, 0
134001, 478, 1, 0, 0
135000, 480, 1, 0, 0
136000, 468, 1, 0, 0
137000, 491, 1, 0, 0
138001, 475, 1, 0, 0
139001, 476, 1, 0, 0
140000, 480, 1, 0, 0
141000, 471, 1, 0, 0
142000, 482, 1, 0, 0
143000, 475, 1, 0, 0
144001, 478, 1, 0, 0
145001, 483, 1, 0, 0
146001, 470, 1, 0, 0
147001, 474, 1, 0, 0
148000, 486, 1, 0, 0
149000, 467, 1, 0, 0
150001, 487, 1, 0, 0
151000, 469, 1, 0, 0
152001, 479, 1, 0, 0
153001, 485, 1, 0, 0
154001, 465, 1, 0, 0
155002, 480, 1, 0, 0
156003, 471, 1, 0, 0
157004, 496, 1, 0, 0
158004, 471, 1, 0, 0
159004, 471, 1, 0, 0
160005, 485, 1, 0, 0
161006, 470, 1, 0, 0
162006, 484, 1, 0, 0
163007, 485, 1, 0, 0
164008, 472, 1, 0, 0
165008, 486, 1, 0, 0
166009, 481, 1, 0, 0
167009, 475, 1, 0, 0
168009, 479, 1, 0, 0
169009, 465, 1, 0, 0
170009, 482, 1, 0, 0
171010, 497, 1, 0, 0
172010, 465, 1, 0, 0
173010, 484, 1, 0, 0
174011, 483, 1, 0, 0
175012, 480, 1, 0, 0
176012, 472, 1, 0, 0
177012, 471, 1, 0, 0
178012, 484, 1, 0, 0
179012, 469, 1, 0, 0
180013, 475, 1, 0, 0
