1013, 2395, 1, 0, 0
2003, 12133, 1, 0, 0
3012, 2288, 1, 0, 0
4024, 2345, 1, 0, 0
5017, 2408, 1, 0, 0
6014, 2379, 1, 0, 0
7012, 2349, 1, 0, 0
8021, 2365, 1, 0, 0
9013, 2419, 1, 0, 0
10024, 2397, 1, 0, 0
11017, 2433, 1, 0, 0
12028, 2357, 1, 0, 0
13001, 2408, 1, 0, 0
14013, 2373, 1, 0, 0
15020, 2316, 1, 0, 0
16013, 2397, 1, 0, 0
17004, 2294, 1, 0, 0
18015, 2337, 1, 0, 0
19000, 2363, 1, 0, 0
20019, 2341, 1, 0, 0
21012, 2397, 1, 0, 0
22020, 2426, 1, 0, 0
23014, 2407, 1, 0, 0
24021, 2354, 1, 0, 0
25016, 2336, 1, 0, 0
26012, 2369, 1, 0, 0
27025, 2584, 1, 0, 0
28014, 2591, 1, 0, 0
29016, 2455, 1, 0, 0
30017, 2552, 1, 0, 0
31024, 2451, 1, 0, 0
32013, 2578, 1, 0, 0
33021, 2452, 1, 0, 0
34020, 2486, 1, 0, 0
35019, 2623, 1, 0, 0
36020, 2489, 1, 0, 0
37012, 2552, 1, 0, 0
38013, 2379, 1, 0, 0
39014, 2330, 1, 0, 0
40012, 2339, 1, 0, 0
41020, 2410, 1, 0, 0
42013, 2413, 1, 0, 0
43024, 2518, 1, 0, 0
44015, 2431, 1, 0, 0
45023, 2455, 1, 0, 0
46018, 2328, 1, 0, 0
47000, 2280, 1, 0, 0
48000, 2391, 1, 0, 0
49024, 2295, 1, 0, 0
50019, 2325, 1, 0, 0
51012, 2350, 1, 0, 0
52025, 2455, 1, 0, 0
53013, 2438, 1, 0, 0
54013, 2473, 1, 0, 0
55011, 2373, 1, 0, 0
56000, 2323, 1, 0, 0
57014, 2469, 1, 0, 0
58023, 2432, 1, 0, 0
59012, 2384, 1, 0, 0
60012, 2419, 1, 0, 0
61018, 2469, 1, 0, 0
62011, 2366, 1, 0, 0
63015, 2354, 1, 0, 0
64019, 2410, 1, 0, 0
65011, 2583, 1, 0, 0
66012, 2455, 1, 0, 0
67022, 2323, 1, 0, 0
68012, 2407, 1, 0, 0
69013, 2520, 1, 0, 0
70017, 2314, 1, 0, 0
71015, 2434, 1, 0, 0
72010, 2347, 1, 0, 0
73020, 2399, 1, 0, 0
74014, 2400, 1, 0, 0
75019, 2436, 1, 0, 0
76011, 2410, 1, 0, 0
77020, 2464, 1, 0, 0
78014, 2447, 1, 0, 0
79025, 2467, 1, 0, 0
80013, 2494, 1, 0, 0
81010, 2349, 1, 0, 0
82020, 2346, 1, 0, 0
83014, 2369, 1, 0, 0
84022, 2407, 1, 0, 0
85017, 2348, 1, 0, 0
86010, 2354, 1, 0, 0
87020, 2451, 1, 0, 0
88011, 2351, 1, 0, 0
89019, 2334, 1, 0, 0
90013, 2454, 1, 0, 0
91000, 2412, 1, 0, 0
92013, 2443, 1, 0, 0
93024, 2374, 1, 0, 0
94014, 2419, 1, 0, 0
95013, 2319, 1, 0, 0
96003, 2434, 1, 0, 0
97012, 2470, 1, 0, 0
98011, 2361, 1, 0, 0
99018, 2379, 1, 0, 0
100015, 2313, 1, 0, 0
101026, 2390, 1, 0, 0
102020, 2292, 1, 0, 0
103013, 2488, 1, 0, 0
104026, 2416, 1, 0, 0
105022, 2353, 1, 0, 0
106016, 2481, 1, 0, 0
107026, 2431, 1, 0, 0
108000, 2333, 1, 0, 0
109015, 2329, 1, 0, 0
110024, 2450, 1, 0, 0
111015, 2369, 1, 0, 0
112017, 2318, 1, 0, 0
113017, 2403, 1, 0, 0
114025, 2385, 1, 0, 0
115020, 2299, 1, 0, 0
116010, 2358, 1, 0, 0
117021, 2341, 1, 0, 0
118004, 2207, 1, 0, 0
119002, 2280, 1, 0, 0
120016, 2383, 1, 0, 0
121000, 2395, 1, 0, 0
122017, 2465, 1, 0, 0
123011, 2429, 1, 0, 0
124017, 2376, 1, 0, 0
125015, 2333, 1, 0, 0
126011, 2397, 1, 0, 0
127001, 2436, 1, 0, 0
128014, 2330, 1, 0, 0
129022, 2416, 1, 0, 0
130017, 2348, 1, 0, 0
131017, 2399, 1, 0, 0
132022, 2414, 1, 0, 0
133014, 2517, 1, 0, 0
134011, 2294, 1, 0, 0
135017, 2351, 1, 0, 0
136013, 2266, 1, 0, 0
137014, 2258, 1, 0, 0
138020, 2331, 1, 0, 0
139012, 2317, 1, 0, 0
140016, 2375, 1, 0, 0
141012, 2237, 1, 0, 0
142010, 2351, 1, 0, 0
143013, 2279, 1, 0, 0
144022, 2425, 1, 0, 0
145014, 2384, 1, 0, 0
146011, 2396, 1, 0, 0
147019, 2588, 1, 0, 0
148013, 2349, 1, 0, 0
149012, 2305, 1, 0, 0
150021, 2451, 1, 0, 0
151017, 2322, 1, 0, 0
152011, 2354, 1, 0, 0
153011, 2359, 1, 0, 0
154014, 2320, 1, 0, 0
155023, 2417, 1, 0, 0
156017, 2443, 1, 0, 0
157012, 2531, 1, 0, 0
158005, 2569, 1, 0, 0
159015, 2499, 1, 0, 0
160023, 2487, 1, 0, 0
161018, 2487, 1, 0, 0
162010, 2479, 1, 0, 0
163011, 2451, 1, 0, 0
164012, 2597, 1, 0, 0
165014, 2521, 1, 0, 0
166014, 2551, 1, 0, 0
167009, 2642, 1, 0, 0
168017, 2472, 1, 0, 0
169011, 2651, 1, 0, 0
170023, 2473, 1, 0, 0
171019, 2526, 1, 0, 0
172015, 2492, 1, 0, 0
173010, 2420, 1, 0, 0
174019, 2485, 1, 0, 0
175015, 2419, 1, 0, 0
176000, 2673, 1, 0, 0
177021, 2514, 1, 0, 0
178017, 2553, 1, 0, 0
179011, 2447, 1, 0, 0
180040, 2494, 1, 0, 0
