1000, 545, 0, 0, 0
2000, 464, 0, 0, 0
3000, 492, 0, 0, 0
4000, 484, 0, 0, 0
5001, 481, 0, 0, 0
6001, 472, 0, 0, 0
7001, 483, 0, 0, 0
8001, 485, 0, 0, 0
9001, 480, 0, 0, 0
10001, 465, 0, 0, 0
11001, 494, 0, 0, 0
12001, 480, 0, 0, 0
13001, 477, 0, 0, 0
14001, 469, 0, 0, 0
15001, 489, 0, 0, 0
16001, 477, 0, 0, 0
17001, 480, 0, 0, 0
18001, 457, 0, 0, 0
19001, 492, 0, 0, 0
20001, 480, 0, 0, 0
21001, 476, 0, 0, 0
22001, 489, 0, 0, 0
23001, 474, 0, 0, 0
24001, 475, 0, 0, 0
25001, 484, 0, 0, 0
26001, 478, 0, 0, 0
27002, 481, 0, 0, 0
28001, 470, 0, 0, 0
29001, 483, 0, 0, 0
30001, 469, 0, 0, 0
31001, 482, 0, 0, 0
32001, 491, 0, 0, 0
33001, 467, 0, 0, 0
34001, 486, 0, 0, 0
35001, 480, 0, 0, 0
36001, 480, 0, 0, 0
37001, 477, 0, 0, 0
38001, 470, 0, 0, 0
39001, 491, 0, 0, 0
40001, 477, 0, 0, 0
41001, 477, 0, 0, 0
42001, 468, 0, 0, 0
43002, 487, 0, 0, 0
44001, 480, 0, 0, 0
45001, 462, 0, 0, 0
46001, 493, 0, 0, 0
47001, 474, 0, 0, 0
48001, 469, 0, 0, 0
49001, 489, 0, 0, 0
50002, 480, 0, 0, 0
51001, 476, 0, 0, 0
52001, 484, 0, 0, 0
53001, 463, 0, 0, 0
54001, 483, 0, 0, 0
55001, 480, 0, 0, 0
56001, 479, 0, 0, 0
57001, 465, 0, 0, 0
58001, 487, 0, 0, 0
59001, 476, 0, 0, 0
60001, 465, 0, 0, 0
61001, 486, 0, 0, 0
62001, 480, 0, 0, 0
63001, 476, 0, 0, 0
64001, 474, 0, 0, 0
65001, 483, 0, 0, 0
66001, 476, 0, 0, 0
67001, 474, 0, 0, 0
68001, 471, 0, 0, 0
69001, 486, 0, 0, 0
70001, 465, 0, 0, 0
71001, 487, 0, 0, 0
72001, 481, 0, 0, 0
73001, 475, 0, 0, 0
74001, 469, 0, 0, 0
75001, 491, 0, 0, 0
76001, 478, 0, 0, 0
77001, 482, 0, 0, 0
78001, 481, 0, 0, 0
79001, 482, 0, 0, 0
80001, 475, 0, 0, 0
81002, 476, 0, 0, 0
82001, 469, 0, 0, 0
83001, 484, 0, 0, 0
84001, 477, 0, 0, 0
85001, 472, 0, 0, 0
86001, 484, 0, 0, 0
87002, 480, 0, 0, 0
88001, 477, 0, 0, 0
89001, 483, 0, 0, 0
90001, 477, 0, 0, 0
91001, 471, 0, 0, 0
92001, 487, 0, 0, 0
93002, 481, 0, 0, 0
94001, 469, 0, 0, 0
95001, 489, 0, 0, 0
96001, 470, 0, 0, 0
97001, 486, 0, 0, 0
98001, 484, 0, 0, 0
99001, 474, 0, 0, 0
100001, 486, 0, 0, 0
101001, 479, 0, 0, 0
102001, 472, 0, 0, 0
103001, 483, 0, 0, 0
104002, 474, 0, 0, 0
105001, 479, 0, 0, 0
106001, 479, 0, 0, 0
107001, 481, 0, 0, 0
108001, 477, 0, 0, 0
109001, 476, 0, 0, 0
110001, 478, 0, 0, 0
111001, 482, 0, 0, 0
112001, 471, 0, 0, 0
113001, 490, 0, 0, 0
114001, 479, 0, 0, 0
115001, 484, 0, 0, 0
116001, 476, 0, 0, 0
117001, 481, 0, 0, 0
118001, 480, 0, 0, 0
119001, 466, 0, 0, 0
120001, 490, 0, 0, 0
121001, 479, 0, 0, 0
122001, 477, 0, 0, 0
123002, 475, 0, 0, 0
124001, 478, 0, 0, 0
125001, 476, 0, 0, 0
126001, 474, 0, 0, 0
127001, 477, 0, 0, 0
128002, 481, 0, 0, 0
129001, 482, 0, 0, 0
130001, 478, 0, 0, 0
131001, 476, 0, 0, 0
132001, 460, 0, 0, 0
133002, 489, 0, 0, 0
134001, 484, 0, 0, 0
135001, 478, 0, 0, 0
136001, 469, 0, 0, 0
137001, 483, 0, 0, 0
138001, 476, 0, 0, 0
139001, 474, 0, 0, 0
140001, 485, 0, 0, 0
141001, 478, 0, 0, 0
142001, 472, 0, 0, 0
143001, 486, 0, 0, 0
144002, 459, 0, 0, 0
145001, 489, 0, 0, 0
146001, 480, 0, 0, 0
147001, 465, 0, 0, 0
148001, 492, 0, 0, 0
149001, 479, 0, 0, 0
150001, 475, 0, 0, 0
151001, 462, 0, 0, 0
152001, 487, 0, 0, 0
153001, 478, 0, 0, 0
154001, 473, 0, 0, 0
155001, 488, 0, 0, 0
156001, 473, 0, 0, 0
157002, 489, 0, 0, 0
158001, 479, 0, 0, 0
159001, 479, 0, 0, 0
160001, 481, 0, 0, 0
161001, 473, 0, 0, 0
162001, 479, 0, 0, 0
163001, 474, 0, 0, 0
164001, 469, 0, 0, 0
165001, 485, 0, 0, 0
166002, 484, 0, 0, 0
167001, 464, 0, 0, 0
168001, 480, 0, 0, 0
169002, 487, 0, 0, 0
170001, 475, 0, 0, 0
171002, 483, 0, 0, 0
172001, 474, 0, 0, 0
173002, 478, 0, 0, 0
174001, 476, 0, 0, 0
175001, 470, 0, 0, 0
176001, 490, 0, 0, 0
177001, 477, 0, 0, 0
178001, 476, 0, 0, 0
179001, 478, 0, 0, 0
180001, 478, 0, 0, 0
