1000, 130683071, 1, 0, 0
2006, 139352148, 1, 0, 0
3000, 144791182, 1, 0, 0
4006, 156976870, 1, 0, 0
5003, 157840228, 1, 0, 0
6003, 165514055, 1, 0, 0
7000, 124623055, 1, 0, 0
8004, 121349346, 1, 0, 0
9000, 116732367, 1, 0, 0
10000, 118216650, 1, 0, 0
11000, 125298927, 1, 0, 0
12000, 128572293, 1, 0, 0
13000, 128960651, 1, 0, 0
14001, 130752033, 1, 0, 0
15002, 128998280, 1, 0, 0
16002, 127534146, 1, 0, 0
17000, 125016734, 1, 0, 0
18001, 125697350, 1, 0, 0
19000, 126559974, 1, 0, 0
20001, 125381085, 1, 0, 0
21001, 124409881, 1, 0, 0
22003, 119694321, 1, 0, 0
23004, 124856032, 1, 0, 0
24002, 119083623, 1, 0, 0
25000, 120874875, 1, 0, 0
26001, 121170766, 1, 0, 0
27000, 119389101, 1, 0, 0
28000, 122438572, 1, 0, 0
29000, 120997937, 1, 0, 0
30000, 123702282, 1, 0, 0
31001, 120112412, 1, 0, 0
32000, 122402278, 1, 0, 0
33000, 120962256, 1, 0, 0
34000, 118604296, 1, 0, 0
35003, 119296012, 1, 0, 0
36002, 127687862, 1, 0, 0
37002, 131868384, 1, 0, 0
38000, 134302898, 1, 0, 0
39003, 129738950, 1, 0, 0
40001, 131665621, 1, 0, 0
41000, 133260358, 1, 0, 0
42030, 128532493, 1, 0, 0
43000, 126774577, 1, 0, 0
44035, 123732810, 1, 0, 0
45033, 135234052, 1, 0, 0
46000, 149781872, 1, 0, 0
47026, 139911285, 1, 0, 0
48000, 127565377, 1, 0, 0
49000, 123265864, 1, 0, 0
50003, 120564676, 1, 0, 0
51004, 130712538, 1, 0, 0
52041, 130413650, 1, 0, 0
53000, 136008927, 1, 0, 0
54000, 133169365, 1, 0, 0
55000, 137353327, 1, 0, 0
56001, 137969076, 1, 0, 0
57000, 143284333, 1, 0, 0
58002, 142192472, 1, 0, 0
59000, 134999405, 1, 0, 0
60000, 133378656, 1, 0, 0
61002, 140599373, 1, 0, 0
62000, 144279851, 1, 0, 0
63042, 137194985, 1, 0, 0
64003, 135508074, 1, 0, 0
65000, 143235516, 1, 0, 0
66046, 139461301, 1, 0, 0
67001, 136741136, 1, 0, 0
68031, 137393138, 1, 0, 0
69000, 136959785, 1, 0, 0
70001, 139289747, 1, 0, 0
71001, 132480724, 1, 0, 0
72000, 136906847, 1, 0, 0
73036, 133560182, 1, 0, 0
74003, 138657908, 1, 0, 0
75004, 133014270, 1, 0, 0
76003, 134592248, 1, 0, 0
77001, 133870831, 1, 0, 0
78001, 130197513, 1, 0, 0
79001, 132570359, 1, 0, 0
80002, 129780461, 1, 0, 0
81036, 133249304, 1, 0, 0
82001, 124963971, 1, 0, 0
83000, 123165565, 1, 0, 0
84001, 127931118, 1, 0, 0
85000, 126594710, 1, 0, 0
86000, 125883255, 1, 0, 0
87000, 126679381, 1, 0, 0
88000, 127112772, 1, 0, 0
89006, 129696673, 1, 0, 0
90001, 129005001, 1, 0, 0
91000, 132283763, 1, 0, 0
92001, 132979132, 1, 0, 0
93001, 134888689, 1, 0, 0
94003, 133607866, 1, 0, 0
95006, 146950473, 1, 0, 0
96003, 153256445, 1, 0, 0
97000, 138703125, 1, 0, 0
98001, 119292774, 1, 0, 0
99002, 118545705, 1, 0, 0
100000, 123463713, 1, 0, 0
101000, 128443255, 1, 0, 0
102003, 143360201, 1, 0, 0
103000, 146186013, 1, 0, 0
104005, 135372336, 1, 0, 0
105000, 133569266, 1, 0, 0
106000, 135349520, 1, 0, 0
107001, 134325919, 1, 0, 0
108002, 140149242, 1, 0, 0
109000, 135090233, 1, 0, 0
110000, 133532839, 1, 0, 0
111000, 137626358, 1, 0, 0
112000, 141246892, 1, 0, 0
113002, 136800772, 1, 0, 0
114000, 131537345, 1, 0, 0
115001, 163866209, 1, 0, 0
116001, 142868554, 1, 0, 0
117000, 154590311, 1, 0, 0
118001, 158892702, 1, 0, 0
119001, 165908061, 1, 0, 0
120001, 160117822, 1, 0, 0
121000, 144836716, 1, 0, 0
122000, 139553354, 1, 0, 0
123000, 140326008, 1, 0, 0
124000, 144162058, 1, 0, 0
125000, 145622211, 1, 0, 0
126000, 147040002, 1, 0, 0
127000, 124826412, 1, 0, 0
128000, 122463985, 1, 0, 0
129000, 121279525, 1, 0, 0
130001, 123798984, 1, 0, 0
131000, 126735378, 1, 0, 0
132000, 126597740, 1, 0, 0
133030, 138485140, 1, 0, 0
134001, 145775609, 1, 0, 0
135000, 151661890, 1, 0, 0
136001, 147006460, 1, 0, 0
137000, 138640513, 1, 0, 0
138001, 150008011, 1, 0, 0
139004, 144988816, 1, 0, 0
140000, 144951242, 1, 0, 0
141000, 124012360, 1, 0, 0
142000, 149779576, 1, 0, 0
143000, 158896504, 1, 0, 0
144003, 153464780, 1, 0, 0
145001, 140147673, 1, 0, 0
146000, 161312756, 1, 0, 0
147000, 134807580, 1, 0, 0
148000, 137631152, 1, 0, 0
149000, 139873472, 1, 0, 0
150000, 134617483, 1, 0, 0
151000, 138450988, 1, 0, 0
152002, 138243988, 1, 0, 0
153001, 135706874, 1, 0, 0
154003, 134910081, 1, 0, 0
155001, 136686549, 1, 0, 0
156000, 132854075, 1, 0, 0
157000, 134930352, 1, 0, 0
158001, 140611419, 1, 0, 0
159000, 135828501, 1, 0, 0
160000, 138587584, 1, 0, 0
161001, 133758591, 1, 0, 0
162001, 130737119, 1, 0, 0
163001, 129550470, 1, 0, 0
164001, 130516435, 1, 0, 0
165001, 128636642, 1, 0, 0
166002, 129480979, 1, 0, 0
167000, 129371071, 1, 0, 0
168000, 129154411, 1, 0, 0
169003, 128148551, 1, 0, 0
170000, 150819047, 1, 0, 0
171001, 141688926, 1, 0, 0
172007, 135952190, 1, 0, 0
173002, 141767166, 1, 0, 0
174002, 136739983, 1, 0, 0
175000, 132395128, 1, 0, 0
176000, 131069418, 1, 0, 0
177001, 129822884, 1, 0, 0
178000, 130318128, 1, 0, 0
179001, 129841754, 1, 0, 0
180000, 135810943, 1, 0, 0
180112, 175984411, 1, 0, 0
