1015, 1906593, 1, 0, 0
2013, 2075209, 1, 0, 0
3018, 2036349, 1, 0, 0
4010, 2112876, 1, 0, 0
5023, 2156253, 1, 0, 0
6015, 2123551, 1, 0, 0
7011, 2055792, 1, 0, 0
8017, 2102843, 1, 0, 0
9015, 2114166, 1, 0, 0
10011, 1962759, 1, 0, 0
11009, 2085042, 1, 0, 0
12019, 2144621, 1, 0, 0
13013, 2094123, 1, 0, 0
14012, 2114987, 1, 0, 0
15020, 2088956, 1, 0, 0
16014, 2088575, 1, 0, 0
17024, 2026433, 1, 0, 0
18015, 2131842, 1, 0, 0
19010, 2066923, 1, 0, 0
20010, 2114228, 1, 0, 0
21015, 2204119, 1, 0, 0
22010, 2032969, 1, 0, 0
23011, 2063925, 1, 0, 0
24016, 2090158, 1, 0, 0
25010, 2094371, 1, 0, 0
26014, 2112760, 1, 0, 0
27019, 2114603, 1, 0, 0
28010, 2093061, 1, 0, 0
29010, 2057606, 1, 0, 0
30016, 2085025, 1, 0, 0
31010, 2036722, 1, 0, 0
32022, 2152347, 1, 0, 0
33016, 2126813, 1, 0, 0
34011, 2068976, 1, 0, 0
35013, 2134406, 1, 0, 0
36000, 2112352, 1, 0, 0
37009, 2019275, 1, 0, 0
38013, 2126557, 1, 0, 0
39015, 2144958, 1, 0, 0
40012, 2081424, 1, 0, 0
41013, 2106503, 1, 0, 0
42019, 2115135, 1, 0, 0
43010, 2146241, 1, 0, 0
44010, 2076643, 1, 0, 0
45017, 2069621, 1, 0, 0
46014, 2022525, 1, 0, 0
47024, 2060885, 1, 0, 0
48019, 2052248, 1, 0, 0
49012, 2112476, 1, 0, 0
50015, 2111720, 1, 0, 0
51035, 2079283, 1, 0, 0
52015, 2120339, 1, 0, 0
53009, 2076697, 1, 0, 0
54016, 2098339, 1, 0, 0
55008, 2085300, 1, 0, 0
56024, 2104117, 1, 0, 0
57018, 2120661, 1, 0, 0
58012, 2063101, 1, 0, 0
59022, 2126005, 1, 0, 0
60016, 2132898, 1, 0, 0
61009, 2073279, 1, 0, 0
62018, 2076958, 1, 0, 0
63013, 2074075, 1, 0, 0
64012, 2038166, 1, 0, 0
65018, 2144127, 1, 0, 0
66012, 2059545, 1, 0, 0
67017, 2084923, 1, 0, 0
68010, 2122339, 1, 0, 0
69009, 2080910, 1, 0, 0
70009, 2096092, 1, 0, 0
71000, 2096445, 1, 0, 0
72016, 2038752, 1, 0, 0
73008, 2044035, 1, 0, 0
74015, 2126156, 1, 0, 0
75013, 2086236, 1, 0, 0
76024, 2114421, 1, 0, 0
77013, 2096583, 1, 0, 0
78010, 2105916, 1, 0, 0
79013, 2067462, 1, 0, 0
80016, 2077509, 1, 0, 0
81010, 2048027, 1, 0, 0
82018, 2119585, 1, 0, 0
83012, 2040773, 1, 0, 0
84022, 2084352, 1, 0, 0
85014, 2128371, 1, 0, 0
86023, 2086138, 1, 0, 0
87015, 2024285, 1, 0, 0
88073, 2218092, 1, 0, 0
89022, 2016218, 1, 0, 0
90011, 2068963, 1, 0, 0
91009, 2106001, 1, 0, 0
92016, 2083879, 1, 0, 0
93014, 2090686, 1, 0, 0
94011, 2109907, 1, 0, 0
95011, 2140098, 1, 0, 0
96014, 2137233, 1, 0, 0
97011, 2102233, 1, 0, 0
98022, 2096365, 1, 0, 0
99018, 2061048, 1, 0, 0
100013, 2098668, 1, 0, 0
101023, 2137654, 1, 0, 0
102001, 2143651, 1, 0, 0
103010, 2090725, 1, 0, 0
104020, 2043881, 1, 0, 0
105015, 2030644, 1, 0, 0
106022, 2098588, 1, 0, 0
107014, 2080440, 1, 0, 0
108010, 2066292, 1, 0, 0
109021, 2161253, 1, 0, 0
110016, 2040634, 1, 0, 0
111011, 2108046, 1, 0, 0
112009, 2112911, 1, 0, 0
113018, 2112090, 1, 0, 0
114015, 2095844, 1, 0, 0
115010, 2053346, 1, 0, 0
116020, 2118149, 1, 0, 0
117014, 2046545, 1, 0, 0
118023, 2155440, 1, 0, 0
119009, 2087671, 1, 0, 0
120011, 2115054, 1, 0, 0
121019, 2063728, 1, 0, 0
122015, 2002032, 1, 0, 0
123009, 2091984, 1, 0, 0
124021, 2154700, 1, 0, 0
125016, 2164526, 1, 0, 0
126013, 2078236, 1, 0, 0
127008, 2111316, 1, 0, 0
128015, 2064105, 1, 0, 0
129014, 2131559, 1, 0, 0
130008, 2037839, 1, 0, 0
131015, 2078751, 1, 0, 0
132012, 2163853, 1, 0, 0
133008, 2107539, 1, 0, 0
134019, 2161211, 1, 0, 0
135011, 2158724, 1, 0, 0
136010, 2109668, 1, 0, 0
137016, 2127851, 1, 0, 0
138009, 2100865, 1, 0, 0
139019, 2104099, 1, 0, 0
140014, 2054891, 1, 0, 0
141011, 2056758, 1, 0, 0
142015, 2078533, 1, 0, 0
143000, 2125363, 1, 0, 0
144011, 2085599, 1, 0, 0
145013, 2096953, 1, 0, 0
146021, 2157929, 1, 0, 0
147015, 2122925, 1, 0, 0
148012, 2062878, 1, 0, 0
149017, 2136779, 1, 0, 0
150009, 2057230, 1, 0, 0
151008, 2105394, 1, 0, 0
152013, 2091772, 1, 0, 0
153008, 2076198, 1, 0, 0
154013, 2090898, 1, 0, 0
155017, 2083120, 1, 0, 0
156013, 2114833, 1, 0, 0
157014, 2092142, 1, 0, 0
158018, 2097607, 1, 0, 0
159015, 2155487, 1, 0, 0
160009, 2013081, 1, 0, 0
161020, 2132315, 1, 0, 0
162014, 2103209, 1, 0, 0
163009, 2178580, 1, 0, 0
164012, 2117258, 1, 0, 0
165012, 2113893, 1, 0, 0
166021, 2114556, 1, 0, 0
167011, 2060969, 1, 0, 0
168009, 2063747, 1, 0, 0
169014, 2061117, 1, 0, 0
170012, 2099059, 1, 0, 0
171008, 2107206, 1, 0, 0
172019, 2097565, 1, 0, 0
173011, 2076525, 1, 0, 0
174009, 2056176, 1, 0, 0
175019, 2079080, 1, 0, 0
176013, 2094804, 1, 0, 0
177022, 2076795, 1, 0, 0
178015, 2098099, 1, 0, 0
179008, 2116770, 1, 0, 0
180017, 2185998, 1, 0, 0
180018, 23639095, 1, 0, 0
