1013, 31308895, 1, 0, 0
2009, 33436930, 1, 0, 0
3014, 32990927, 1, 0, 0
4023, 30956946, 1, 0, 0
5017, 33954890, 1, 0, 0
6012, 33177673, 1, 0, 0
7011, 33276916, 1, 0, 0
8014, 33921063, 1, 0, 0
9009, 33438998, 1, 0, 0
10018, 34231249, 1, 0, 0
11013, 33631165, 1, 0, 0
12023, 33138481, 1, 0, 0
13015, 33504775, 1, 0, 0
14009, 34200641, 1, 0, 0
15018, 32960157, 1, 0, 0
16009, 33274053, 1, 0, 0
17018, 33826689, 1, 0, 0
18012, 33242520, 1, 0, 0
19021, 32997104, 1, 0, 0
20017, 34306093, 1, 0, 0
21011, 32384031, 1, 0, 0
22013, 34242360, 1, 0, 0
23015, 33003884, 1, 0, 0
24011, 33046323, 1, 0, 0
25010, 34545268, 1, 0, 0
26013, 34364079, 1, 0, 0
27022, 33315029, 1, 0, 0
28017, 34318785, 1, 0, 0
29011, 33455373, 1, 0, 0
30001, 33697580, 1, 0, 0
31014, 33395825, 1, 0, 0
32010, 33628871, 1, 0, 0
33008, 33735611, 1, 0, 0
34011, 33041232, 1, 0, 0
35007, 33840509, 1, 0, 0
36008, 33630262, 1, 0, 0
37010, 33095318, 1, 0, 0
38007, 33741328, 1, 0, 0
39019, 33921783, 1, 0, 0
40015, 33065434, 1, 0, 0
41009, 33139345, 1, 0, 0
42015, 33785532, 1, 0, 0
43013, 33679584, 1, 0, 0
44023, 33663058, 1, 0, 0
45016, 33793261, 1, 0, 0
46012, 33620823, 1, 0, 0
47015, 32948336, 1, 0, 0
48013, 33754903, 1, 0, 0
49009, 33291086, 1, 0, 0
50016, 33602267, 1, 0, 0
51013, 32934079, 1, 0, 0
52018, 33302729, 1, 0, 0
53018, 33792364, 1, 0, 0
54011, 32089202, 1, 0, 0
55021, 32872610, 1, 0, 0
56015, 33506143, 1, 0, 0
57009, 33667229, 1, 0, 0
58018, 34337733, 1, 0, 0
59014, 32593763, 1, 0, 0
60008, 33122568, 1, 0, 0
61010, 33827124, 1, 0, 0
62010, 33326085, 1, 0, 0
63013, 33037364, 1, 0, 0
64017, 33578403, 1, 0, 0
65012, 32598680, 1, 0, 0
66012, 33777358, 1, 0, 0
67015, 34176387, 1, 0, 0
68009, 33133631, 1, 0, 0
69021, 32773446, 1, 0, 0
70018, 33789773, 1, 0, 0
71013, 33193771, 1, 0, 0
72023, 33259490, 1, 0, 0
73021, 34296658, 1, 0, 0
74016, 33156380, 1, 0, 0
75007, 32869010, 1, 0, 0
76018, 33408671, 1, 0, 0
77013, 34617505, 1, 0, 0
78008, 32471018, 1, 0, 0
79019, 33503832, 1, 0, 0
80011, 32888466, 1, 0, 0
81020, 33357165, 1, 0, 0
82010, 32945474, 1, 0, 0
83013, 33851703, 1, 0, 0
84013, 33899912, 1, 0, 0
85012, 33172437, 1, 0, 0
86010, 32993883, 1, 0, 0
87017, 33328695, 1, 0, 0
88010, 33564484, 1, 0, 0
89019, 33214818, 1, 0, 0
90015, 33519144, 1, 0, 0
91009, 33455285, 1, 0, 0
92010, 33200716, 1, 0, 0
93012, 33920777, 1, 0, 0
94016, 33297311, 1, 0, 0
95015, 33275383, 1, 0, 0
96010, 33056901, 1, 0, 0
97014, 33249987, 1, 0, 0
98010, 32921156, 1, 0, 0
99000, 33477409, 1, 0, 0
100013, 32839134, 1, 0, 0
101021, 34069778, 1, 0, 0
102016, 33165346, 1, 0, 0
103011, 33756076, 1, 0, 0
104007, 33302578, 1, 0, 0
105015, 33142647, 1, 0, 0
106008, 33216611, 1, 0, 0
107009, 33865151, 1, 0, 0
108013, 33254052, 1, 0, 0
109009, 32859409, 1, 0, 0
110020, 33489391, 1, 0, 0
111010, 33151778, 1, 0, 0
112016, 33915564, 1, 0, 0
113014, 33566555, 1, 0, 0
114008, 32711478, 1, 0, 0
115015, 33187818, 1, 0, 0
116017, 33242368, 1, 0, 0
117010, 33774418, 1, 0, 0
118009, 34039068, 1, 0, 0
119016, 33987143, 1, 0, 0
120009, 32360878, 1, 0, 0
121011, 34033501, 1, 0, 0
122008, 33259953, 1, 0, 0
123017, 33718610, 1, 0, 0
124009, 33423504, 1, 0, 0
125012, 33743683, 1, 0, 0
126017, 32797076, 1, 0, 0
127008, 33102547, 1, 0, 0
128017, 34169024, 1, 0, 0
129010, 33718904, 1, 0, 0
130012, 33509923, 1, 0, 0
131011, 33882795, 1, 0, 0
132021, 33563504, 1, 0, 0
133015, 33332104, 1, 0, 0
134010, 32769206, 1, 0, 0
135000, 33873669, 1, 0, 0
136015, 32978504, 1, 0, 0
137010, 33301881, 1, 0, 0
138007, 34360130, 1, 0, 0
139019, 33333579, 1, 0, 0
140013, 33279085, 1, 0, 0
141007, 33300552, 1, 0, 0
142019, 34391734, 1, 0, 0
143014, 34496625, 1, 0, 0
144012, 32886338, 1, 0, 0
145012, 33792935, 1, 0, 0
146013, 33389265, 1, 0, 0
147020, 32906665, 1, 0, 0
148013, 33946740, 1, 0, 0
149007, 33455221, 1, 0, 0
150018, 33629894, 1, 0, 0
151009, 33731165, 1, 0, 0
152013, 33641130, 1, 0, 0
153014, 33143056, 1, 0, 0
154012, 33648797, 1, 0, 0
155022, 33638196, 1, 0, 0
156016, 33618608, 1, 0, 0
157008, 33272254, 1, 0, 0
158019, 33632696, 1, 0, 0
159014, 33488713, 1, 0, 0
160020, 32463064, 1, 0, 0
161012, 33440833, 1, 0, 0
162023, 32940490, 1, 0, 0
163007, 33115149, 1, 0, 0
164009, 32522735, 1, 0, 0
165022, 33444512, 1, 0, 0
166019, 33572561, 1, 0, 0
167011, 33799788, 1, 0, 0
168022, 33116529, 1, 0, 0
169017, 33508024, 1, 0, 0
170014, 33354683, 1, 0, 0
171010, 32486017, 1, 0, 0
172013, 33136893, 1, 0, 0
173013, 33677196, 1, 0, 0
174019, 33121850, 1, 0, 0
175012, 33137759, 1, 0, 0
176021, 33429743, 1, 0, 0
177008, 34200376, 1, 0, 0
178010, 33324566, 1, 0, 0
179014, 33757451, 1, 0, 0
180006, 33940380, 1, 0, 0
180024, 44388097, 1, 0, 0
