1000, 4046, 1, 0, 0
2000, 3940, 1, 0, 0
2999, 3841, 1, 0, 0
4000, 3779, 1, 0, 0
5000, 3824, 1, 0, 0
5999, 3883, 1, 0, 0
7000, 3887, 1, 0, 0
8000, 3710, 1, 0, 0
8999, 3924, 1, 0, 0
10000, 3877, 1, 0, 0
11000, 3789, 1, 0, 0
11999, 3688, 1, 0, 0
13000, 3928, 1, 0, 0
14000, 3850, 1, 0, 0
14999, 3844, 1, 0, 0
16000, 3743, 1, 0, 0
17000, 3648, 1, 0, 0
18000, 3707, 1, 0, 0
19000, 3961, 1, 0, 0
20000, 3926, 1, 0, 0
21000, 3717, 1, 0, 0
22000, 3813, 1, 0, 0
22999, 3850, 1, 0, 0
24000, 3653, 1, 0, 0
25000, 3674, 1, 0, 0
25999, 3647, 1, 0, 0
27000, 3909, 1, 0, 0
28000, 3778, 1, 0, 0
29000, 3791, 1, 0, 0
30000, 3652, 1, 0, 0
30999, 3441, 1, 0, 0
32000, 3442, 1, 0, 0
33000, 3752, 1, 0, 0
34000, 3688, 1, 0, 0
35000, 3625, 1, 0, 0
36000, 3501, 1, 0, 0
37000, 3771, 1, 0, 0
38000, 3742, 1, 0, 0
38999, 3793, 1, 0, 0
40000, 3791, 1, 0, 0
41000, 3760, 1, 0, 0
42000, 3860, 1, 0, 0
43000, 3826, 1, 0, 0
44000, 3742, 1, 0, 0
45000, 3689, 1, 0, 0
46000, 3801, 1, 0, 0
47000, 3816, 1, 0, 0
48000, 3829, 1, 0, 0
48999, 3648, 1, 0, 0
50000, 3931, 1, 0, 0
51000, 3990, 1, 0, 0
52000, 3868, 1, 0, 0
53000, 3882, 1, 0, 0
53999, 3832, 1, 0, 0
55000, 3700, 1, 0, 0
56000, 3947, 1, 0, 0
56999, 3860, 1, 0, 0
58000, 3838, 1, 0, 0
59000, 3660, 1, 0, 0
60000, 3840, 1, 0, 0
61000, 3926, 1, 0, 0
62000, 3699, 1, 0, 0
63000, 3825, 1, 0, 0
64000, 3797, 1, 0, 0
64999, 3875, 1, 0, 0
66000, 3935, 1, 0, 0
67000, 3837, 1, 0, 0
68000, 3879, 1, 0, 0
69000, 3733, 1, 0, 0
70000, 3899, 1, 0, 0
71000, 3800, 1, 0, 0
72000, 3844, 1, 0, 0
73000, 3826, 1, 0, 0
74000, 3711, 1, 0, 0
74999, 3774, 1, 0, 0
76000, 3899, 1, 0, 0
77000, 3831, 1, 0, 0
78000, 4104, 1, 0, 0
79000, 3778, 1, 0, 0
80000, 3626, 1, 0, 0
81000, 3886, 1, 0, 0
82000, 3907, 1, 0, 0
82999, 3827, 1, 0, 0
84000, 3851, 1, 0, 0
85000, 3852, 1, 0, 0
86000, 3781, 1, 0, 0
87000, 3793, 1, 0, 0
87999, 3799, 1, 0, 0
89000, 3914, 1, 0, 0
90000, 3875, 1, 0, 0
91000, 3684, 1, 0, 0
92000, 3915, 1, 0, 0
92999, 3784, 1, 0, 0
94000, 3818, 1, 0, 0
95000, 3739, 1, 0, 0
95999, 3830, 1, 0, 0
97000, 3848, 1, 0, 0
98000, 3857, 1, 0, 0
99000, 3752, 1, 0, 0
100000, 3858, 1, 0, 0
101000, 3828, 1, 0, 0
102000, 3891, 1, 0, 0
103000, 3771, 1, 0, 0
104000, 3838, 1, 0, 0
105000, 3850, 1, 0, 0
106000, 3923, 1, 0, 0
107000, 3804, 1, 0, 0
108000, 3908, 1, 0, 0
109000, 3858, 1, 0, 0
110000, 3803, 1, 0, 0
111000, 3654, 1, 0, 0
112000, 3880, 1, 0, 0
113000, 3795, 1, 0, 0
114000, 3730, 1, 0, 0
114999, 3830, 1, 0, 0
116000, 3944, 1, 0, 0
117000, 3868, 1, 0, 0
118000, 3742, 1, 0, 0
119000, 3833, 1, 0, 0
120000, 3825, 1, 0, 0
121000, 3767, 1, 0, 0
122000, 3960, 1, 0, 0
122999, 3856, 1, 0, 0
124000, 3816, 1, 0, 0
125000, 3846, 1, 0, 0
126000, 3669, 1, 0, 0
127000, 3763, 1, 0, 0
127999, 3995, 1, 0, 0
129000, 3828, 1, 0, 0
130000, 3822, 1, 0, 0
130999, 3653, 1, 0, 0
132000, 3943, 1, 0, 0
133000, 3868, 1, 0, 0
134000, 3814, 1, 0, 0
135000, 3849, 1, 0, 0
135999, 3786, 1, 0, 0
137000, 3676, 1, 0, 0
138000, 3649, 1, 0, 0
138999, 3740, 1, 0, 0
140000, 3709, 1, 0, 0
141000, 3857, 1, 0, 0
141999, 3915, 1, 0, 0
143000, 4128, 1, 0, 0
144000, 3804, 1, 0, 0
144999, 3845, 1, 0, 0
146000, 3868, 1, 0, 0
147000, 3766, 1, 0, 0
147999, 3847, 1, 0, 0
149000, 3848, 1, 0, 0
150000, 3879, 1, 0, 0
151000, 3593, 1, 0, 0
152000, 3737, 1, 0, 0
152999, 3849, 1, 0, 0
154000, 3838, 1, 0, 0
155000, 3879, 1, 0, 0
155999, 3888, 1, 0, 0
157000, 3798, 1, 0, 0
158000, 3846, 1, 0, 0
159000, 3901, 1, 0, 0
160000, 3931, 1, 0, 0
161000, 3824, 1, 0, 0
162000, 3849, 1, 0, 0
163000, 3808, 1, 0, 0
163999, 3850, 1, 0, 0
165000, 3799, 1, 0, 0
166000, 3818, 1, 0, 0
166999, 3808, 1, 0, 0
168000, 3749, 1, 0, 0
169000, 3792, 1, 0, 0
169999, 3909, 1, 0, 0
171000, 3760, 1, 0, 0
172000, 3831, 1, 0, 0
173000, 3834, 1, 0, 0
174000, 3871, 1, 0, 0
175000, 3781, 1, 0, 0
175999, 3680, 1, 0, 0
177000, 3866, 1, 0, 0
178000, 3851, 1, 0, 0
179000, 3800, 1, 0, 0
180000, 3788, 1, 0, 0
