1001, 2389, 0, 0, 0
2001, 2296, 0, 0, 0
3000, 2167, 0, 0, 0
4000, 2140, 0, 0, 0
5000, 1959, 0, 0, 0
6000, 2034, 0, 0, 0
7001, 2179, 0, 0, 0
8000, 2121, 0, 0, 0
9000, 2011, 0, 0, 0
10001, 2233, 0, 0, 0
11000, 2052, 0, 0, 0
12001, 2009, 0, 0, 0
13000, 2107, 0, 0, 0
14000, 2063, 0, 0, 0
15001, 2107, 0, 0, 0
16002, 2279, 0, 0, 0
17000, 2126, 0, 0, 0
18001, 2224, 0, 0, 0
19000, 2273, 0, 0, 0
20001, 2236, 0, 0, 0
21000, 2069, 0, 0, 0
22001, 1954, 0, 0, 0
23001, 2180, 0, 0, 0
24000, 2267, 0, 0, 0
25001, 2069, 0, 0, 0
26001, 1959, 0, 0, 0
27002, 2117, 0, 0, 0
28001, 2060, 0, 0, 0
29001, 2250, 0, 0, 0
30000, 2078, 0, 0, 0
31001, 2248, 0, 0, 0
32001, 2314, 0, 0, 0
33000, 2132, 0, 0, 0
34000, 2123, 0, 0, 0
35002, 2328, 0, 0, 0
36000, 2011, 0, 0, 0
37001, 2033, 0, 0, 0
38000, 2082, 0, 0, 0
39000, 2071, 0, 0, 0
40001, 2204, 0, 0, 0
41001, 2126, 0, 0, 0
42000, 1992, 0, 0, 0
43000, 2008, 0, 0, 0
44000, 2132, 0, 0, 0
45000, 2149, 0, 0, 0
46000, 2192, 0, 0, 0
47000, 2137, 0, 0, 0
48002, 2180, 0, 0, 0
49000, 2042, 0, 0, 0
50000, 2070, 0, 0, 0
51000, 2037, 0, 0, 0
52000, 2106, 0, 0, 0
53000, 2079, 0, 0, 0
54000, 2152, 0, 0, 0
55002, 2124, 0, 0, 0
56001, 2371, 0, 0, 0
57001, 2063, 0, 0, 0
58001, 2102, 0, 0, 0
59000, 2127, 0, 0, 0
60000, 2110, 0, 0, 0
61001, 2136, 0, 0, 0
62001, 2042, 0, 0, 0
63001, 2103, 0, 0, 0
64001, 2102, 0, 0, 0
65000, 2056, 0, 0, 0
66000, 2250, 0, 0, 0
67001, 2241, 0, 0, 0
68001, 2098, 0, 0, 0
69000, 2045, 0, 0, 0
70001, 2141, 0, 0, 0
71001, 2175, 0, 0, 0
72001, 2001, 0, 0, 0
73002, 2245, 0, 0, 0
74000, 2080, 0, 0, 0
75001, 2319, 0, 0, 0
76002, 2184, 0, 0, 0
77001, 2160, 0, 0, 0
78004, 2145, 0, 0, 0
79001, 2050, 0, 0, 0
80001, 2005, 0, 0, 0
81000, 2253, 0, 0, 0
82005, 2070, 0, 0, 0
83001, 2095, 0, 0, 0
84000, 2077, 0, 0, 0
85000, 2087, 0, 0, 0
86001, 2172, 0, 0, 0
87001, 2096, 0, 0, 0
88001, 2216, 0, 0, 0
89001, 2171, 0, 0, 0
90000, 2020, 0, 0, 0
91000, 2110, 0, 0, 0
92004, 2212, 0, 0, 0
93000, 2349, 0, 0, 0
94001, 1916, 0, 0, 0
95001, 2049, 0, 0, 0
96001, 2090, 0, 0, 0
97000, 2022, 0, 0, 0
98000, 2161, 0, 0, 0
99001, 2224, 0, 0, 0
100000, 2030, 0, 0, 0
101000, 2478, 0, 0, 0
102000, 1985, 0, 0, 0
103001, 1994, 0, 0, 0
104000, 2012, 0, 0, 0
105001, 2163, 0, 0, 0
106000, 1970, 0, 0, 0
107000, 2196, 0, 0, 0
108000, 1977, 0, 0, 0
109002, 2308, 0, 0, 0
110001, 2125, 0, 0, 0
111003, 2167, 0, 0, 0
112000, 2338, 0, 0, 0
113000, 2272, 0, 0, 0
114000, 2394, 0, 0, 0
115044, 2249, 0, 0, 0
116001, 2307, 0, 0, 0
117001, 2554, 0, 0, 0
118000, 2194, 0, 0, 0
119002, 2168, 0, 0, 0
120000, 2108, 0, 0, 0
121001, 2240, 0, 0, 0
122000, 2199, 0, 0, 0
123000, 2320, 0, 0, 0
124001, 2467, 0, 0, 0
125001, 2270, 0, 0, 0
126002, 2087, 0, 0, 0
127001, 2534, 0, 0, 0
128001, 2479, 0, 0, 0
129002, 2416, 0, 0, 0
130000, 2308, 0, 0, 0
131000, 2279, 0, 0, 0
132001, 2214, 0, 0, 0
133001, 2170, 0, 0, 0
134000, 2352, 0, 0, 0
135001, 2314, 0, 0, 0
136000, 2066, 0, 0, 0
137000, 2491, 0, 0, 0
138000, 2275, 0, 0, 0
139000, 2147, 0, 0, 0
140000, 2214, 0, 0, 0
141001, 2090, 0, 0, 0
142001, 2679, 0, 0, 0
143001, 2276, 0, 0, 0
144000, 2215, 0, 0, 0
145001, 2181, 0, 0, 0
146000, 2261, 0, 0, 0
147002, 2272, 0, 0, 0
148001, 2290, 0, 0, 0
149000, 2359, 0, 0, 0
150000, 2182, 0, 0, 0
151001, 2530, 0, 0, 0
152001, 2228, 0, 0, 0
153001, 2262, 0, 0, 0
154006, 2260, 0, 0, 0
155001, 2145, 0, 0, 0
156000, 2035, 0, 0, 0
157000, 2163, 0, 0, 0
158000, 2301, 0, 0, 0
159001, 2283, 0, 0, 0
160001, 2177, 0, 0, 0
161001, 2260, 0, 0, 0
162001, 2230, 0, 0, 0
163001, 2172, 0, 0, 0
164001, 2198, 0, 0, 0
165002, 2160, 0, 0, 0
166002, 2265, 0, 0, 0
167001, 2158, 0, 0, 0
168001, 2322, 0, 0, 0
169001, 2143, 0, 0, 0
170001, 2229, 0, 0, 0
171000, 2182, 0, 0, 0
172001, 2250, 0, 0, 0
173000, 2156, 0, 0, 0
174000, 2101, 0, 0, 0
175001, 2689, 0, 0, 0
176029, 2470, 0, 0, 0
177001, 2279, 0, 0, 0
178000, 2180, 0, 0, 0
179000, 2127, 0, 0, 0
180000, 2100, 0, 0, 0
