1039, 130964269, 1, 0, 0
2006, 140676849, 1, 0, 0
3000, 134789987, 1, 0, 0
4000, 146562700, 1, 0, 0
5002, 170179578, 1, 0, 0
6008, 182357418, 1, 0, 0
7031, 164926036, 1, 0, 0
8026, 146503722, 1, 0, 0
9002, 160273000, 1, 0, 0
10000, 150224988, 1, 0, 0
11001, 138168077, 1, 0, 0
12002, 137461485, 1, 0, 0
13003, 138519053, 1, 0, 0
14000, 136311947, 1, 0, 0
15028, 139865067, 1, 0, 0
16000, 148654569, 1, 0, 0
17034, 150649176, 1, 0, 0
18001, 135515553, 1, 0, 0
19001, 145330191, 1, 0, 0
20004, 157403574, 1, 0, 0
21001, 140085623, 1, 0, 0
22003, 157213097, 1, 0, 0
23001, 146845823, 1, 0, 0
24002, 157051388, 1, 0, 0
25009, 153504945, 1, 0, 0
26001, 161213797, 1, 0, 0
27001, 148676932, 1, 0, 0
28001, 134683942, 1, 0, 0
29028, 140569671, 1, 0, 0
30004, 146718136, 1, 0, 0
31001, 147229539, 1, 0, 0
32003, 121619607, 1, 0, 0
33000, 120381709, 1, 0, 0
34003, 119185586, 1, 0, 0
35000, 119911301, 1, 0, 0
36001, 124998581, 1, 0, 0
37001, 129018150, 1, 0, 0
38002, 124305000, 1, 0, 0
39000, 126249424, 1, 0, 0
40001, 128513969, 1, 0, 0
41001, 125760529, 1, 0, 0
42000, 127031799, 1, 0, 0
43000, 128560574, 1, 0, 0
44000, 124673174, 1, 0, 0
45031, 127651957, 1, 0, 0
46000, 127704420, 1, 0, 0
47001, 132471991, 1, 0, 0
48000, 136123890, 1, 0, 0
49000, 124849526, 1, 0, 0
50003, 123329843, 1, 0, 0
51000, 130839553, 1, 0, 0
52046, 130990686, 1, 0, 0
53001, 134632708, 1, 0, 0
54000, 131849816, 1, 0, 0
55006, 131143621, 1, 0, 0
56000, 132427651, 1, 0, 0
57001, 129622101, 1, 0, 0
58000, 130949149, 1, 0, 0
59040, 130494529, 1, 0, 0
60000, 136751579, 1, 0, 0
61000, 136416593, 1, 0, 0
62002, 129619702, 1, 0, 0
63044, 126826716, 1, 0, 0
64002, 130617538, 1, 0, 0
65000, 133043554, 1, 0, 0
66002, 125885033, 1, 0, 0
67001, 130093753, 1, 0, 0
68000, 127404445, 1, 0, 0
69001, 126816894, 1, 0, 0
70001, 128855205, 1, 0, 0
71028, 128175254, 1, 0, 0
72000, 130493208, 1, 0, 0
73001, 130567639, 1, 0, 0
74000, 129019327, 1, 0, 0
75000, 129087144, 1, 0, 0
76001, 135550728, 1, 0, 0
77000, 140890891, 1, 0, 0
78000, 135238828, 1, 0, 0
79000, 139572743, 1, 0, 0
80007, 140028034, 1, 0, 0
81040, 136319096, 1, 0, 0
82000, 134618315, 1, 0, 0
83000, 130820778, 1, 0, 0
84000, 135204894, 1, 0, 0
85000, 129340287, 1, 0, 0
86000, 129639266, 1, 0, 0
87001, 131973849, 1, 0, 0
88000, 131205517, 1, 0, 0
89001, 131251306, 1, 0, 0
90000, 129735216, 1, 0, 0
91000, 133349156, 1, 0, 0
92000, 138796383, 1, 0, 0
93001, 130745425, 1, 0, 0
94002, 132906001, 1, 0, 0
95000, 132159239, 1, 0, 0
96001, 127806396, 1, 0, 0
97001, 125735320, 1, 0, 0
98000, 121274989, 1, 0, 0
99002, 121839606, 1, 0, 0
100001, 125827602, 1, 0, 0
101001, 127829758, 1, 0, 0
102043, 135459785, 1, 0, 0
103001, 138956609, 1, 0, 0
104000, 138363126, 1, 0, 0
105000, 138725749, 1, 0, 0
106000, 135292015, 1, 0, 0
107000, 133344415, 1, 0, 0
108000, 136068427, 1, 0, 0
109000, 132500658, 1, 0, 0
110000, 133481432, 1, 0, 0
111005, 130628974, 1, 0, 0
112000, 130723133, 1, 0, 0
113000, 125659067, 1, 0, 0
114000, 122736167, 1, 0, 0
115000, 120430481, 1, 0, 0
116000, 118051364, 1, 0, 0
117000, 117558311, 1, 0, 0
118005, 143127354, 1, 0, 0
119000, 153572532, 1, 0, 0
120000, 145257841, 1, 0, 0
121000, 157194812, 1, 0, 0
122030, 138935414, 1, 0, 0
123000, 145411112, 1, 0, 0
124003, 140385213, 1, 0, 0
125006, 134209976, 1, 0, 0
126000, 151357144, 1, 0, 0
127001, 154385398, 1, 0, 0
128001, 140838964, 1, 0, 0
129000, 155725500, 1, 0, 0
130002, 137921929, 1, 0, 0
131000, 144776415, 1, 0, 0
132000, 143252850, 1, 0, 0
133000, 142896306, 1, 0, 0
134000, 149706459, 1, 0, 0
135000, 150206850, 1, 0, 0
136000, 147956837, 1, 0, 0
137003, 162378092, 1, 0, 0
138000, 158516831, 1, 0, 0
139007, 142851120, 1, 0, 0
140000, 136470442, 1, 0, 0
141029, 135566267, 1, 0, 0
142002, 134343634, 1, 0, 0
143002, 148594618, 1, 0, 0
144002, 148031643, 1, 0, 0
145000, 138612985, 1, 0, 0
146001, 150537283, 1, 0, 0
147003, 149696425, 1, 0, 0
148001, 147338859, 1, 0, 0
149004, 140634354, 1, 0, 0
150001, 138422973, 1, 0, 0
151000, 134932994, 1, 0, 0
152001, 132547856, 1, 0, 0
153000, 134894909, 1, 0, 0
154001, 134145424, 1, 0, 0
155000, 133643780, 1, 0, 0
156000, 134295957, 1, 0, 0
157031, 132618910, 1, 0, 0
158000, 137497699, 1, 0, 0
159000, 135000422, 1, 0, 0
160000, 138916922, 1, 0, 0
161001, 135060044, 1, 0, 0
162001, 148348342, 1, 0, 0
163044, 139296667, 1, 0, 0
164001, 137045864, 1, 0, 0
165001, 138837786, 1, 0, 0
166000, 137816698, 1, 0, 0
167001, 137586076, 1, 0, 0
168000, 157093504, 1, 0, 0
169006, 139862884, 1, 0, 0
170006, 142740191, 1, 0, 0
171001, 152587266, 1, 0, 0
172001, 146722400, 1, 0, 0
173000, 138555756, 1, 0, 0
174000, 131267271, 1, 0, 0
175000, 133879106, 1, 0, 0
176001, 134356257, 1, 0, 0
177030, 131594232, 1, 0, 0
178002, 130885091, 1, 0, 0
179000, 129603584, 1, 0, 0
180000, 131383910, 1, 0, 0
180112, 189340810, 1, 0, 0
