1015, 1871347, 1, 0, 0
2013, 2152187, 1, 0, 0
3018, 2089022, 1, 0, 0
4010, 2089893, 1, 0, 0
5023, 2127079, 1, 0, 0
6016, 2093173, 1, 0, 0
7010, 2075219, 1, 0, 0
8017, 2115232, 1, 0, 0
9015, 2055880, 1, 0, 0
10011, 2134350, 1, 0, 0
11009, 2085204, 1, 0, 0
12018, 2083543, 1, 0, 0
13014, 2115473, 1, 0, 0
14011, 2086859, 1, 0, 0
15021, 2142112, 1, 0, 0
16015, 2125891, 1, 0, 0
17024, 2149934, 1, 0, 0
18015, 2055215, 1, 0, 0
19010, 2120214, 1, 0, 0
20010, 2092492, 1, 0, 0
21015, 2090061, 1, 0, 0
22010, 2144655, 1, 0, 0
23012, 2079464, 1, 0, 0
24016, 2100855, 1, 0, 0
25011, 2071922, 1, 0, 0
26014, 2074827, 1, 0, 0
27019, 2053746, 1, 0, 0
28010, 2071593, 1, 0, 0
29010, 2045276, 1, 0, 0
30016, 2049905, 1, 0, 0
31010, 2077234, 1, 0, 0
32022, 2114390, 1, 0, 0
33016, 2114136, 1, 0, 0
34011, 2076289, 1, 0, 0
35014, 2086326, 1, 0, 0
36000, 2090633, 1, 0, 0
37009, 2083623, 1, 0, 0
38013, 2163858, 1, 0, 0
39015, 2153987, 1, 0, 0
40012, 2093479, 1, 0, 0
41013, 2035590, 1, 0, 0
42020, 2103833, 1, 0, 0
43011, 2132473, 1, 0, 0
44009, 2088300, 1, 0, 0
45018, 2148682, 1, 0, 0
46014, 2101486, 1, 0, 0
47023, 2139180, 1, 0, 0
48019, 2134619, 1, 0, 0
49014, 2088613, 1, 0, 0
50015, 2073335, 1, 0, 0
51036, 2075381, 1, 0, 0
52015, 2087214, 1, 0, 0
53010, 2081558, 1, 0, 0
54016, 2106464, 1, 0, 0
55009, 2077212, 1, 0, 0
56024, 2174346, 1, 0, 0
57019, 2123991, 1, 0, 0
58012, 2090326, 1, 0, 0
59022, 2065446, 1, 0, 0
60016, 2043890, 1, 0, 0
61009, 2096360, 1, 0, 0
62019, 2061172, 1, 0, 0
63013, 2084793, 1, 0, 0
64012, 2109498, 1, 0, 0
65018, 2139803, 1, 0, 0
66011, 2081451, 1, 0, 0
67017, 2079125, 1, 0, 0
68011, 2062807, 1, 0, 0
69009, 2100705, 1, 0, 0
70009, 2035075, 1, 0, 0
71008, 2067080, 1, 0, 0
72016, 2140143, 1, 0, 0
73008, 2108750, 1, 0, 0
74015, 2178829, 1, 0, 0
75013, 2023135, 1, 0, 0
76024, 2142888, 1, 0, 0
77013, 2107992, 1, 0, 0
78011, 2133955, 1, 0, 0
79013, 2103840, 1, 0, 0
80016, 2158598, 1, 0, 0
81010, 2037780, 1, 0, 0
82018, 2078832, 1, 0, 0
83012, 2079441, 1, 0, 0
84022, 2099946, 1, 0, 0
85015, 2077539, 1, 0, 0
86023, 2065536, 1, 0, 0
87015, 2069000, 1, 0, 0
88073, 2130020, 1, 0, 0
89022, 1986449, 1, 0, 0
90010, 2062355, 1, 0, 0
91009, 2086210, 1, 0, 0
92016, 2098738, 1, 0, 0
93014, 2150394, 1, 0, 0
94010, 2073963, 1, 0, 0
95011, 2178265, 1, 0, 0
96014, 1997562, 1, 0, 0
97012, 2094140, 1, 0, 0
98022, 2127632, 1, 0, 0
99018, 2052937, 1, 0, 0
100013, 2099325, 1, 0, 0
101023, 2080530, 1, 0, 0
102004, 2049597, 1, 0, 0
103011, 2049104, 1, 0, 0
104020, 2164516, 1, 0, 0
105015, 2050359, 1, 0, 0
106023, 2063013, 1, 0, 0
107014, 2061763, 1, 0, 0
108010, 2044788, 1, 0, 0
109021, 2118639, 1, 0, 0
110016, 2046623, 1, 0, 0
111011, 2060786, 1, 0, 0
112009, 2069714, 1, 0, 0
113018, 2092553, 1, 0, 0
114015, 2091253, 1, 0, 0
115011, 2064575, 1, 0, 0
116020, 2128878, 1, 0, 0
117014, 2088204, 1, 0, 0
118023, 2051537, 1, 0, 0
119009, 2043219, 1, 0, 0
120011, 1990748, 1, 0, 0
121020, 2134655, 1, 0, 0
122015, 2083755, 1, 0, 0
123009, 2063816, 1, 0, 0
124021, 2094391, 1, 0, 0
125016, 2129476, 1, 0, 0
126012, 2085859, 1, 0, 0
127008, 2120577, 1, 0, 0
128015, 2087991, 1, 0, 0
129015, 2088673, 1, 0, 0
130008, 2118944, 1, 0, 0
131015, 2099808, 1, 0, 0
132012, 2068672, 1, 0, 0
133008, 2068745, 1, 0, 0
134019, 2093135, 1, 0, 0
135011, 2095392, 1, 0, 0
136010, 2067192, 1, 0, 0
137016, 2080294, 1, 0, 0
138009, 2060440, 1, 0, 0
139019, 2057158, 1, 0, 0
140013, 2132028, 1, 0, 0
141005, 2099027, 1, 0, 0
142016, 2095541, 1, 0, 0
143000, 2196978, 1, 0, 0
144011, 2053212, 1, 0, 0
145014, 2102824, 1, 0, 0
146021, 2076105, 1, 0, 0
147015, 2116656, 1, 0, 0
148012, 2070039, 1, 0, 0
149016, 2114505, 1, 0, 0
150008, 2087059, 1, 0, 0
151008, 2035161, 1, 0, 0
152013, 2079270, 1, 0, 0
153008, 2115742, 1, 0, 0
154014, 2087965, 1, 0, 0
155018, 2108594, 1, 0, 0
156013, 2043092, 1, 0, 0
157014, 2116808, 1, 0, 0
158018, 2076428, 1, 0, 0
159014, 2093186, 1, 0, 0
160010, 2054147, 1, 0, 0
161021, 2081557, 1, 0, 0
162014, 2080779, 1, 0, 0
163009, 2006868, 1, 0, 0
164012, 2091032, 1, 0, 0
165013, 2172618, 1, 0, 0
166021, 2157214, 1, 0, 0
167011, 2039276, 1, 0, 0
168009, 2072863, 1, 0, 0
169013, 2110097, 1, 0, 0
170012, 2135038, 1, 0, 0
171009, 2079921, 1, 0, 0
172019, 2089687, 1, 0, 0
173012, 2072890, 1, 0, 0
174009, 2045136, 1, 0, 0
175019, 2149729, 1, 0, 0
176013, 2067684, 1, 0, 0
177022, 2105415, 1, 0, 0
178015, 2133023, 1, 0, 0
179008, 2102003, 1, 0, 0
180018, 2119856, 1, 0, 0
180018, 23987707, 1, 0, 0
