999, 2126, 0, 0, 0
1999, 1888, 0, 0, 0
3000, 1910, 0, 0, 0
4000, 1932, 0, 0, 0
5000, 1916, 0, 0, 0
6000, 1905, 0, 0, 0
7000, 1908, 0, 0, 0
8000, 1925, 0, 0, 0
9000, 1912, 0, 0, 0
10001, 1916, 0, 0, 0
11001, 1909, 0, 0, 0
12000, 1917, 0, 0, 0
13001, 1924, 0, 0, 0
14001, 1904, 0, 0, 0
15000, 1921, 0, 0, 0
16000, 1905, 0, 0, 0
17000, 1913, 0, 0, 0
18001, 1916, 0, 0, 0
19000, 1913, 0, 0, 0
20000, 1917, 0, 0, 0
21000, 1909, 0, 0, 0
22000, 1900, 0, 0, 0
23000, 1909, 0, 0, 0
24000, 1924, 0, 0, 0
25001, 1924, 0, 0, 0
26000, 1897, 0, 0, 0
27000, 1909, 0, 0, 0
28000, 1920, 0, 0, 0
29000, 1912, 0, 0, 0
30001, 1908, 0, 0, 0
31000, 1917, 0, 0, 0
32000, 1924, 0, 0, 0
33001, 1908, 0, 0, 0
34001, 1905, 0, 0, 0
35000, 1913, 0, 0, 0
36000, 1909, 0, 0, 0
37000, 1892, 0, 0, 0
38001, 1924, 0, 0, 0
39001, 1909, 0, 0, 0
40000, 1925, 0, 0, 0
41000, 1912, 0, 0, 0
42000, 1909, 0, 0, 0
43000, 1896, 0, 0, 0
44000, 1917, 0, 0, 0
45000, 1928, 0, 0, 0
46000, 1901, 0, 0, 0
47000, 1905, 0, 0, 0
48000, 1921, 0, 0, 0
49000, 1913, 0, 0, 0
50000, 1900, 0, 0, 0
51000, 1932, 0, 0, 0
52001, 1912, 0, 0, 0
53000, 1913, 0, 0, 0
54000, 1908, 0, 0, 0
55000, 1913, 0, 0, 0
56000, 1912, 0, 0, 0
57000, 1089, 0, 0, 0
58000, 1908, 0, 0, 0
59000, 1924, 0, 0, 0
60000, 1909, 0, 0, 0
61000, 1913, 0, 0, 0
62000, 1920, 0, 0, 0
63000, 1924, 0, 0, 0
64001, 1904, 0, 0, 0
65000, 1929, 0, 0, 0
66001, 1916, 0, 0, 0
67000, 1917, 0, 0, 0
68000, 1912, 0, 0, 0
69000, 1908, 0, 0, 0
70000, 1913, 0, 0, 0
71000, 1913, 0, 0, 0
72001, 1922, 0, 0, 0
73000, 1901, 0, 0, 0
74000, 1916, 0, 0, 0
75001, 1896, 0, 0, 0
76000, 1921, 0, 0, 0
77000, 1920, 0, 0, 0
78000, 1912, 0, 0, 0
79000, 1929, 0, 0, 0
80000, 1908, 0, 0, 0
81000, 1901, 0, 0, 0
82000, 1908, 0, 0, 0
83000, 1917, 0, 0, 0
84000, 1917, 0, 0, 0
85000, 1924, 0, 0, 0
86000, 1897, 0, 0, 0
87000, 1924, 0, 0, 0
88001, 1896, 0, 0, 0
89000, 1921, 0, 0, 0
90000, 1909, 0, 0, 0
91000, 1932, 0, 0, 0
92000, 1909, 0, 0, 0
93000, 1929, 0, 0, 0
94000, 1908, 0, 0, 0
95000, 1909, 0, 0, 0
96000, 1912, 0, 0, 0
97000, 1909, 0, 0, 0
98000, 1901, 0, 0, 0
99001, 1920, 0, 0, 0
100000, 1917, 0, 0, 0
101000, 1913, 0, 0, 0
102000, 1913, 0, 0, 0
103001, 1904, 0, 0, 0
104000, 1929, 0, 0, 0
105000, 1904, 0, 0, 0
106000, 1912, 0, 0, 0
107000, 1929, 0, 0, 0
108000, 1916, 0, 0, 0
109000, 1908, 0, 0, 0
110000, 1928, 0, 0, 0
111000, 1905, 0, 0, 0
112000, 1921, 0, 0, 0
113000, 1908, 0, 0, 0
114000, 1901, 0, 0, 0
115001, 1928, 0, 0, 0
116001, 1913, 0, 0, 0
117000, 1921, 0, 0, 0
118000, 1916, 0, 0, 0
119000, 1917, 0, 0, 0
120000, 1921, 0, 0, 0
121000, 1901, 0, 0, 0
122000, 1916, 0, 0, 0
123001, 1912, 0, 0, 0
124000, 1909, 0, 0, 0
125000, 1920, 0, 0, 0
126000, 1904, 0, 0, 0
127000, 1909, 0, 0, 0
128000, 1916, 0, 0, 0
129000, 1912, 0, 0, 0
130001, 1920, 0, 0, 0
131000, 1909, 0, 0, 0
132000, 1912, 0, 0, 0
133000, 1920, 0, 0, 0
134000, 1900, 0, 0, 0
135000, 1917, 0, 0, 0
136001, 1900, 0, 0, 0
137001, 1933, 0, 0, 0
138001, 1909, 0, 0, 0
139000, 1913, 0, 0, 0
140001, 1916, 0, 0, 0
141000, 1925, 0, 0, 0
142000, 1901, 0, 0, 0
143000, 1924, 0, 0, 0
144000, 1909, 0, 0, 0
145000, 1908, 0, 0, 0
146001, 1916, 0, 0, 0
147001, 1909, 0, 0, 0
148000, 1901, 0, 0, 0
149000, 1925, 0, 0, 0
150000, 1908, 0, 0, 0
151001, 1908, 0, 0, 0
152000, 1909, 0, 0, 0
153000, 1896, 0, 0, 0
154001, 1920, 0, 0, 0
155001, 1909, 0, 0, 0
156001, 1908, 0, 0, 0
157000, 1925, 0, 0, 0
158001, 1900, 0, 0, 0
159000, 1921, 0, 0, 0
160001, 1908, 0, 0, 0
161000, 1917, 0, 0, 0
162000, 1920, 0, 0, 0
163000, 1924, 0, 0, 0
164000, 1917, 0, 0, 0
165001, 1920, 0, 0, 0
166000, 1901, 0, 0, 0
167001, 1904, 0, 0, 0
168000, 1921, 0, 0, 0
169000, 1912, 0, 0, 0
170000, 1908, 0, 0, 0
171000, 1916, 0, 0, 0
172000, 1925, 0, 0, 0
173000, 1917, 0, 0, 0
174001, 1888, 0, 0, 0
175000, 1925, 0, 0, 0
176000, 1904, 0, 0, 0
177000, 1925, 0, 0, 0
178000, 1912, 0, 0, 0
179000, 1893, 0, 0, 0
180000, 1925, 0, 0, 0
