1001, 110693767, 1, 0, 0
2000, 125192671, 1, 0, 0
3001, 119275247, 1, 0, 0
4000, 117319591, 1, 0, 0
5004, 116833653, 1, 0, 0
6000, 117023328, 1, 0, 0
7002, 120737079, 1, 0, 0
8000, 121345570, 1, 0, 0
9002, 116617786, 1, 0, 0
10000, 118565076, 1, 0, 0
11000, 124391435, 1, 0, 0
12000, 127562056, 1, 0, 0
13001, 128227348, 1, 0, 0
14000, 130534190, 1, 0, 0
15003, 140920783, 1, 0, 0
16002, 157594414, 1, 0, 0
17000, 145852711, 1, 0, 0
18003, 126263427, 1, 0, 0
19002, 146317667, 1, 0, 0
20000, 143739028, 1, 0, 0
21031, 156978733, 1, 0, 0
22029, 152703186, 1, 0, 0
23001, 139380690, 1, 0, 0
24000, 122124250, 1, 0, 0
25001, 125554252, 1, 0, 0
26001, 120448566, 1, 0, 0
27001, 119033196, 1, 0, 0
28000, 134307580, 1, 0, 0
29000, 146021190, 1, 0, 0
30000, 158914003, 1, 0, 0
31030, 157553678, 1, 0, 0
32000, 148745131, 1, 0, 0
33003, 146410265, 1, 0, 0
34000, 148162163, 1, 0, 0
35000, 136125573, 1, 0, 0
36000, 144090716, 1, 0, 0
37001, 145565099, 1, 0, 0
38006, 145655540, 1, 0, 0
39000, 127977005, 1, 0, 0
40000, 128532623, 1, 0, 0
41000, 124753913, 1, 0, 0
42000, 123758322, 1, 0, 0
43000, 125071418, 1, 0, 0
44001, 136889553, 1, 0, 0
45005, 146626996, 1, 0, 0
46000, 137698242, 1, 0, 0
47004, 128191354, 1, 0, 0
48002, 129672876, 1, 0, 0
49000, 131375903, 1, 0, 0
50000, 126500644, 1, 0, 0
51000, 133289460, 1, 0, 0
52045, 131989556, 1, 0, 0
53000, 132612880, 1, 0, 0
54000, 133686579, 1, 0, 0
55005, 132167213, 1, 0, 0
56000, 130423422, 1, 0, 0
57000, 130984761, 1, 0, 0
58005, 129832462, 1, 0, 0
59041, 132088882, 1, 0, 0
60000, 140447317, 1, 0, 0
61000, 135015884, 1, 0, 0
62000, 129025772, 1, 0, 0
63040, 129435610, 1, 0, 0
64000, 138805653, 1, 0, 0
65001, 128573902, 1, 0, 0
66002, 133280875, 1, 0, 0
67000, 131534611, 1, 0, 0
68002, 130441472, 1, 0, 0
69000, 130281586, 1, 0, 0
70005, 133212857, 1, 0, 0
71004, 134463296, 1, 0, 0
72000, 134365836, 1, 0, 0
73000, 136255673, 1, 0, 0
74000, 138091223, 1, 0, 0
75000, 134273323, 1, 0, 0
76003, 136426095, 1, 0, 0
77000, 136583990, 1, 0, 0
78000, 131672102, 1, 0, 0
79000, 141373600, 1, 0, 0
80002, 133794038, 1, 0, 0
81040, 136882776, 1, 0, 0
82001, 134622777, 1, 0, 0
83035, 133414063, 1, 0, 0
84000, 132017719, 1, 0, 0
85001, 130108655, 1, 0, 0
86000, 127920928, 1, 0, 0
87001, 129134745, 1, 0, 0
88000, 131864517, 1, 0, 0
89004, 131837482, 1, 0, 0
90030, 130127947, 1, 0, 0
91000, 135894586, 1, 0, 0
92000, 136805286, 1, 0, 0
93002, 132379054, 1, 0, 0
94002, 130648911, 1, 0, 0
95000, 125575806, 1, 0, 0
96000, 127704796, 1, 0, 0
97000, 127236827, 1, 0, 0
98008, 121894274, 1, 0, 0
99003, 119493034, 1, 0, 0
100000, 123405336, 1, 0, 0
101001, 124902865, 1, 0, 0
102000, 121608749, 1, 0, 0
103000, 127636864, 1, 0, 0
104000, 127404701, 1, 0, 0
105001, 128910754, 1, 0, 0
106000, 128671964, 1, 0, 0
107000, 132151360, 1, 0, 0
108029, 130457602, 1, 0, 0
109000, 131576597, 1, 0, 0
110000, 130477530, 1, 0, 0
111000, 130338586, 1, 0, 0
112000, 130549098, 1, 0, 0
113000, 126113827, 1, 0, 0
114001, 123109589, 1, 0, 0
115000, 120549443, 1, 0, 0
116000, 118336714, 1, 0, 0
117041, 118104491, 1, 0, 0
118000, 119307179, 1, 0, 0
119001, 119970570, 1, 0, 0
120000, 123117467, 1, 0, 0
121000, 123480747, 1, 0, 0
122030, 125591152, 1, 0, 0
123001, 126347826, 1, 0, 0
124004, 125454555, 1, 0, 0
125002, 127111406, 1, 0, 0
126000, 126248821, 1, 0, 0
127000, 124477924, 1, 0, 0
128001, 123860938, 1, 0, 0
129000, 123174162, 1, 0, 0
130034, 127351712, 1, 0, 0
131001, 127533038, 1, 0, 0
132000, 127303553, 1, 0, 0
133000, 126255474, 1, 0, 0
134000, 126136701, 1, 0, 0
135001, 124452752, 1, 0, 0
136000, 120729742, 1, 0, 0
137000, 120651218, 1, 0, 0
138001, 117157495, 1, 0, 0
139003, 116391562, 1, 0, 0
140000, 124337283, 1, 0, 0
141002, 123304100, 1, 0, 0
142001, 125996584, 1, 0, 0
143003, 124143364, 1, 0, 0
144000, 119135940, 1, 0, 0
145000, 119794215, 1, 0, 0
146003, 124835415, 1, 0, 0
147002, 125515016, 1, 0, 0
148000, 126667357, 1, 0, 0
149001, 130216912, 1, 0, 0
150000, 130716458, 1, 0, 0
151000, 130945906, 1, 0, 0
152000, 131235758, 1, 0, 0
153001, 130409520, 1, 0, 0
154002, 130786872, 1, 0, 0
155000, 133631395, 1, 0, 0
156002, 132874069, 1, 0, 0
157032, 131538358, 1, 0, 0
158000, 134696662, 1, 0, 0
159000, 131179417, 1, 0, 0
160000, 130898808, 1, 0, 0
161000, 132157197, 1, 0, 0
162000, 130777369, 1, 0, 0
163000, 129036049, 1, 0, 0
164000, 133523158, 1, 0, 0
165000, 137177873, 1, 0, 0
166001, 139563642, 1, 0, 0
167000, 140916459, 1, 0, 0
168001, 138229300, 1, 0, 0
169001, 137294904, 1, 0, 0
170000, 147784171, 1, 0, 0
171000, 143614190, 1, 0, 0
172002, 128321055, 1, 0, 0
173000, 129951046, 1, 0, 0
174000, 130871119, 1, 0, 0
175001, 131813850, 1, 0, 0
176000, 130705750, 1, 0, 0
177033, 130081169, 1, 0, 0
178000, 128906602, 1, 0, 0
179000, 129526462, 1, 0, 0
180000, 127804413, 1, 0, 0
180108, 165561071, 1, 0, 0
