1007, 111288673, 1, 0, 0
2000, 125701681, 1, 0, 0
3007, 117767260, 1, 0, 0
4001, 118083512, 1, 0, 0
5000, 116072149, 1, 0, 0
6000, 117286966, 1, 0, 0
7000, 120619472, 1, 0, 0
8000, 121833368, 1, 0, 0
9000, 116173660, 1, 0, 0
10000, 117624072, 1, 0, 0
11000, 124625355, 1, 0, 0
12000, 127653290, 1, 0, 0
13000, 127947371, 1, 0, 0
14000, 130428698, 1, 0, 0
15000, 129291543, 1, 0, 0
16000, 127853794, 1, 0, 0
17001, 124688696, 1, 0, 0
18000, 125690222, 1, 0, 0
19000, 126696549, 1, 0, 0
20003, 124641397, 1, 0, 0
21000, 123834634, 1, 0, 0
22002, 118551274, 1, 0, 0
23004, 123032683, 1, 0, 0
24000, 120461781, 1, 0, 0
25001, 121440914, 1, 0, 0
26000, 121632771, 1, 0, 0
27001, 119601512, 1, 0, 0
28001, 121766984, 1, 0, 0
29004, 121005102, 1, 0, 0
30001, 123856644, 1, 0, 0
31000, 120202710, 1, 0, 0
32003, 121045427, 1, 0, 0
33000, 120798983, 1, 0, 0
34001, 118858484, 1, 0, 0
35000, 119529477, 1, 0, 0
36001, 129739981, 1, 0, 0
37000, 132647143, 1, 0, 0
38000, 123887873, 1, 0, 0
39002, 124011480, 1, 0, 0
40001, 131465904, 1, 0, 0
41000, 128864389, 1, 0, 0
42035, 127397453, 1, 0, 0
43002, 126557539, 1, 0, 0
44005, 129512991, 1, 0, 0
45032, 129034272, 1, 0, 0
46001, 129321150, 1, 0, 0
47000, 125036206, 1, 0, 0
48002, 128773940, 1, 0, 0
49003, 129801065, 1, 0, 0
50038, 123850750, 1, 0, 0
51000, 132762336, 1, 0, 0
52042, 130296353, 1, 0, 0
53001, 134050042, 1, 0, 0
54000, 137212166, 1, 0, 0
55000, 130558292, 1, 0, 0
56000, 128950663, 1, 0, 0
57000, 130422191, 1, 0, 0
58001, 129135863, 1, 0, 0
59043, 130210250, 1, 0, 0
60002, 133355676, 1, 0, 0
61000, 137729285, 1, 0, 0
62001, 144193224, 1, 0, 0
63041, 135721003, 1, 0, 0
64003, 137802415, 1, 0, 0
65001, 144800208, 1, 0, 0
66003, 162529459, 1, 0, 0
67002, 134948489, 1, 0, 0
68005, 141470847, 1, 0, 0
69000, 152048170, 1, 0, 0
70000, 138478448, 1, 0, 0
71003, 133914999, 1, 0, 0
72001, 133022169, 1, 0, 0
73002, 141352148, 1, 0, 0
74000, 135338532, 1, 0, 0
75001, 135368900, 1, 0, 0
76000, 134033000, 1, 0, 0
77001, 133717959, 1, 0, 0
78000, 134552496, 1, 0, 0
79007, 135529332, 1, 0, 0
80028, 130180886, 1, 0, 0
81037, 139920935, 1, 0, 0
82000, 138359638, 1, 0, 0
83002, 140672419, 1, 0, 0
84001, 133025873, 1, 0, 0
85000, 132606550, 1, 0, 0
86000, 136302742, 1, 0, 0
87001, 137712422, 1, 0, 0
88000, 148362956, 1, 0, 0
89000, 139012023, 1, 0, 0
90000, 132952941, 1, 0, 0
91000, 136501456, 1, 0, 0
92002, 135218867, 1, 0, 0
93001, 133731275, 1, 0, 0
94000, 139833139, 1, 0, 0
95000, 143870343, 1, 0, 0
96000, 142115469, 1, 0, 0
97002, 148776959, 1, 0, 0
98001, 148824206, 1, 0, 0
99002, 161078984, 1, 0, 0
100000, 142297113, 1, 0, 0
101004, 139047267, 1, 0, 0
102001, 138373190, 1, 0, 0
103000, 135659311, 1, 0, 0
104005, 138151376, 1, 0, 0
105001, 133738465, 1, 0, 0
106001, 139597165, 1, 0, 0
107000, 135729948, 1, 0, 0
108001, 134875972, 1, 0, 0
109002, 141563803, 1, 0, 0
110000, 133144555, 1, 0, 0
111002, 138807844, 1, 0, 0
112001, 137697373, 1, 0, 0
113002, 212549170, 1, 0, 0
114000, 244738376, 1, 0, 0
115011, 129083091, 1, 0, 0
116000, 136592679, 1, 0, 0
117001, 117480890, 1, 0, 0
118000, 119535876, 1, 0, 0
119000, 119298259, 1, 0, 0
120000, 122553840, 1, 0, 0
121000, 123159032, 1, 0, 0
122000, 124568440, 1, 0, 0
123000, 125811953, 1, 0, 0
124001, 158129491, 1, 0, 0
125000, 160999535, 1, 0, 0
126000, 142309914, 1, 0, 0
127003, 140269476, 1, 0, 0
128000, 144339870, 1, 0, 0
129002, 146143023, 1, 0, 0
130002, 139959363, 1, 0, 0
131000, 146997588, 1, 0, 0
132001, 136797056, 1, 0, 0
133003, 126513843, 1, 0, 0
134012, 127682315, 1, 0, 0
135000, 123712599, 1, 0, 0
136000, 120822674, 1, 0, 0
137000, 119993221, 1, 0, 0
138001, 117577578, 1, 0, 0
139000, 116004770, 1, 0, 0
140006, 123976488, 1, 0, 0
141002, 124095058, 1, 0, 0
142001, 126357760, 1, 0, 0
143000, 123162141, 1, 0, 0
144001, 119667711, 1, 0, 0
145000, 120866027, 1, 0, 0
146000, 124687031, 1, 0, 0
147000, 125298149, 1, 0, 0
148000, 127320330, 1, 0, 0
149000, 129972312, 1, 0, 0
150000, 129728317, 1, 0, 0
151001, 131870185, 1, 0, 0
152001, 130829712, 1, 0, 0
153000, 130824769, 1, 0, 0
154000, 131350707, 1, 0, 0
155000, 132667758, 1, 0, 0
156000, 132947479, 1, 0, 0
157000, 131582356, 1, 0, 0
158000, 133777795, 1, 0, 0
159003, 131586605, 1, 0, 0
160000, 131113664, 1, 0, 0
161000, 131930470, 1, 0, 0
162000, 129818109, 1, 0, 0
163000, 129010653, 1, 0, 0
164001, 130883328, 1, 0, 0
165002, 128103546, 1, 0, 0
166001, 129048934, 1, 0, 0
167000, 129417819, 1, 0, 0
168000, 128737710, 1, 0, 0
169000, 127853209, 1, 0, 0
170000, 126624497, 1, 0, 0
171001, 128169170, 1, 0, 0
172000, 127896287, 1, 0, 0
173001, 130311619, 1, 0, 0
174001, 131955585, 1, 0, 0
175002, 131950799, 1, 0, 0
176005, 131244723, 1, 0, 0
177000, 129770142, 1, 0, 0
178001, 129096316, 1, 0, 0
179000, 128972382, 1, 0, 0
180000, 128487041, 1, 0, 0
180110, 164100254, 1, 0, 0
