1007, 29496115, 0, 0, 0
2009, 33309088, 0, 0, 0
3019, 33830670, 0, 0, 0
4013, 33321202, 0, 0, 0
5007, 33290659, 0, 0, 0
6006, 33749542, 0, 0, 0
7012, 33622016, 0, 0, 0
8007, 33469382, 0, 0, 0
9018, 33954869, 0, 0, 0
10015, 33310249, 0, 0, 0
11006, 33405100, 0, 0, 0
12010, 33456381, 0, 0, 0
13013, 33769371, 0, 0, 0
14009, 33484887, 0, 0, 0
15017, 33809691, 0, 0, 0
16010, 32900803, 0, 0, 0
17017, 33753931, 0, 0, 0
18010, 33202878, 0, 0, 0
19017, 33304952, 0, 0, 0
20013, 33722410, 0, 0, 0
21009, 33049947, 0, 0, 0
22013, 33282783, 0, 0, 0
23014, 33951336, 0, 0, 0
24009, 33136513, 0, 0, 0
25021, 33226502, 0, 0, 0
26012, 33912891, 0, 0, 0
27014, 33263354, 0, 0, 0
28007, 33495047, 0, 0, 0
29015, 33748178, 0, 0, 0
30011, 33236871, 0, 0, 0
31008, 33220014, 0, 0, 0
32016, 33803421, 0, 0, 0
33009, 33262315, 0, 0, 0
34017, 33730531, 0, 0, 0
35014, 33553041, 0, 0, 0
36008, 33328372, 0, 0, 0
37012, 33138940, 0, 0, 0
38015, 33868226, 0, 0, 0
39009, 33085317, 0, 0, 0
40021, 33222653, 0, 0, 0
41015, 33619303, 0, 0, 0
42010, 33263891, 0, 0, 0
43021, 33368085, 0, 0, 0
44015, 33863876, 0, 0, 0
45006, 33408550, 0, 0, 0
46017, 33773303, 0, 0, 0
47010, 33121381, 0, 0, 0
48018, 33254789, 0, 0, 0
49010, 33840473, 0, 0, 0
50008, 33434122, 0, 0, 0
51015, 33591314, 0, 0, 0
52009, 33221012, 0, 0, 0
53018, 33930745, 0, 0, 0
54015, 33355446, 0, 0, 0
55011, 33297916, 0, 0, 0
56020, 33263535, 0, 0, 0
57014, 34008433, 0, 0, 0
58009, 33183742, 0, 0, 0
59019, 33473539, 0, 0, 0
60009, 33668857, 0, 0, 0
61019, 33283883, 0, 0, 0
62012, 33801419, 0, 0, 0
63008, 33272372, 0, 0, 0
64016, 33606494, 0, 0, 0
65010, 33225070, 0, 0, 0
66005, 33498306, 0, 0, 0
67016, 33717357, 0, 0, 0
68010, 33095764, 0, 0, 0
69019, 33371359, 0, 0, 0
70014, 33953938, 0, 0, 0
71006, 33178218, 0, 0, 0
72010, 33545323, 0, 0, 0
73009, 33235986, 0, 0, 0
74006, 33446655, 0, 0, 0
75015, 33772898, 0, 0, 0
76010, 33386849, 0, 0, 0
77005, 33154496, 0, 0, 0
78013, 33896085, 0, 0, 0
79006, 33160378, 0, 0, 0
80016, 33949355, 0, 0, 0
81010, 33258253, 0, 0, 0
82011, 33177013, 0, 0, 0
83014, 33669165, 0, 0, 0
84011, 33838638, 0, 0, 0
85009, 33489453, 0, 0, 0
86019, 33675527, 0, 0, 0
87014, 33370574, 0, 0, 0
88007, 33021264, 0, 0, 0
89016, 33455287, 0, 0, 0
90005, 33413580, 0, 0, 0
91004, 33402407, 0, 0, 0
92013, 33694734, 0, 0, 0
93006, 33483137, 0, 0, 0
94016, 33804106, 0, 0, 0
95009, 33258505, 0, 0, 0
96008, 33456519, 0, 0, 0
97008, 33251768, 0, 0, 0
98014, 33693746, 0, 0, 0
99011, 33567041, 0, 0, 0
100006, 33293388, 0, 0, 0
101017, 33863766, 0, 0, 0
102006, 33155005, 0, 0, 0
103006, 33387266, 0, 0, 0
104006, 33316820, 0, 0, 0
105012, 33734474, 0, 0, 0
106007, 33347813, 0, 0, 0
107008, 33452612, 0, 0, 0
108011, 33899815, 0, 0, 0
109008, 33316545, 0, 0, 0
110018, 33597242, 0, 0, 0
111006, 33228895, 0, 0, 0
112010, 33331734, 0, 0, 0
113006, 33520237, 0, 0, 0
114018, 33814094, 0, 0, 0
115013, 32904532, 0, 0, 0
116007, 33488125, 0, 0, 0
117009, 33310330, 0, 0, 0
118014, 33864846, 0, 0, 0
119008, 33142514, 0, 0, 0
120012, 33570635, 0, 0, 0
121000, 33635802, 0, 0, 0
122005, 33029933, 0, 0, 0
123015, 33650555, 0, 0, 0
124008, 33276166, 0, 0, 0
125018, 33242618, 0, 0, 0
126008, 33865291, 0, 0, 0
127008, 33325036, 0, 0, 0
128020, 33341022, 0, 0, 0
129013, 33804931, 0, 0, 0
130008, 33328348, 0, 0, 0
131019, 33289411, 0, 0, 0
132012, 33234870, 0, 0, 0
133005, 33342993, 0, 0, 0
134008, 34019634, 0, 0, 0
135013, 33555475, 0, 0, 0
136006, 33320005, 0, 0, 0
137019, 33344650, 0, 0, 0
138013, 33317403, 0, 0, 0
139009, 33417925, 0, 0, 0
140021, 33407634, 0, 0, 0
141007, 33483225, 0, 0, 0
142012, 33776996, 0, 0, 0
143010, 33519903, 0, 0, 0
144006, 33227250, 0, 0, 0
145019, 33431101, 0, 0, 0
146014, 33915576, 0, 0, 0
147009, 33342921, 0, 0, 0
148018, 33132251, 0, 0, 0
149008, 33519819, 0, 0, 0
150005, 33522721, 0, 0, 0
151017, 33930143, 0, 0, 0
152010, 33242930, 0, 0, 0
153019, 33072531, 0, 0, 0
154007, 33958228, 0, 0, 0
155011, 33295979, 0, 0, 0
156006, 33308463, 0, 0, 0
157018, 33407289, 0, 0, 0
158014, 33830640, 0, 0, 0
159010, 33179096, 0, 0, 0
160006, 33472799, 0, 0, 0
161016, 33671102, 0, 0, 0
162010, 33266971, 0, 0, 0
163011, 33307198, 0, 0, 0
164012, 33789932, 0, 0, 0
165018, 33516027, 0, 0, 0
166013, 33309438, 0, 0, 0
167005, 33388949, 0, 0, 0
168016, 33399324, 0, 0, 0
169008, 33610671, 0, 0, 0
170008, 33348450, 0, 0, 0
171012, 33679948, 0, 0, 0
172008, 33323699, 0, 0, 0
173011, 33152391, 0, 0, 0
174012, 33719216, 0, 0, 0
175007, 33298316, 0, 0, 0
176013, 33581820, 0, 0, 0
177012, 33252132, 0, 0, 0
178020, 33514857, 0, 0, 0
179012, 33872295, 0, 0, 0
180020, 33217841, 0, 0, 0
180030, 65744510, 0, 0, 0
