1021, 19436, 0, 0, 0
2003, 687647, 0, 0, 0
3000, 1708592, 0, 0, 0
4013, 1867531, 0, 0, 0
5006, 192562, 0, 0, 0
6000, 10812, 0, 0, 0
7009, 85706, 0, 0, 0
8004, 100696, 0, 0, 0
9001, 11036, 0, 0, 0
10001, 11414, 0, 0, 0
11005, 27749, 0, 0, 0
12004, 137262, 0, 0, 0
13000, 141576, 0, 0, 0
14000, 424803, 0, 0, 0
15005, 98792, 0, 0, 0
16000, 13160, 0, 0, 0
17007, 117349, 0, 0, 0
18000, 133532, 0, 0, 0
19002, 7671, 0, 0, 0
20004, 44899, 0, 0, 0
21001, 249571, 0, 0, 0
22000, 123037, 0, 0, 0
23005, 20834, 0, 0, 0
24000, 144342, 0, 0, 0
25009, 28513, 0, 0, 0
26000, 5522, 0, 0, 0
27000, 218728, 0, 0, 0
28006, 13841, 0, 0, 0
29000, 143793, 0, 0, 0
30000, 304974, 0, 0, 0
31003, 491083, 0, 0, 0
32005, 312280, 0, 0, 0
33008, 19420, 0, 0, 0
34007, 263581, 0, 0, 0
35001, 64165, 0, 0, 0
36000, 309941, 0, 0, 0
37005, 162257, 0, 0, 0
38000, 413072, 0, 0, 0
39007, 172808, 0, 0, 0
40002, 18917, 0, 0, 0
41000, 104918, 0, 0, 0
42000, 2620, 0, 0, 0
43001, 2700, 0, 0, 0
44000, 2676, 0, 0, 0
45005, 2730, 0, 0, 0
46003, 2661, 0, 0, 0
47000, 2751, 0, 0, 0
48000, 2587, 0, 0, 0
49000, 26448, 0, 0, 0
50000, 9565, 0, 0, 0
51004, 11191, 0, 0, 0
52004, 522541, 0, 0, 0
53000, 656696, 0, 0, 0
54006, 608603, 0, 0, 0
55000, 172772, 0, 0, 0
56000, 150693, 0, 0, 0
57002, 184576, 0, 0, 0
58000, 1250990, 0, 0, 0
59010, 1632932, 0, 0, 0
60004, 1174417, 0, 0, 0
61001, 408252, 0, 0, 0
62007, 787309, 0, 0, 0
63000, 765815, 0, 0, 0
64000, 1925970, 0, 0, 0
65002, 2774675, 0, 0, 0
66000, 918298, 0, 0, 0
67000, 421696, 0, 0, 0
68002, 1152362, 0, 0, 0
69001, 1921220, 0, 0, 0
70005, 1653253, 0, 0, 0
71001, 1708158, 0, 0, 0
72000, 2107810, 0, 0, 0
73007, 1957308, 0, 0, 0
74001, 2265686, 0, 0, 0
75002, 1908828, 0, 0, 0
76003, 1657665, 0, 0, 0
77001, 1064289, 0, 0, 0
78011, 1427595, 0, 0, 0
79005, 1476839, 0, 0, 0
80000, 1195814, 0, 0, 0
81005, 741278, 0, 0, 0
82000, 1026709, 0, 0, 0
83001, 691448, 0, 0, 0
84003, 727471, 0, 0, 0
85004, 728399, 0, 0, 0
86000, 371701, 0, 0, 0
87008, 367832, 0, 0, 0
88002, 358258, 0, 0, 0
89001, 151170, 0, 0, 0
90007, 28981, 0, 0, 0
91001, 21496, 0, 0, 0
92000, 198840, 0, 0, 0
93006, 24634, 0, 0, 0
94001, 103202, 0, 0, 0
95000, 16782, 0, 0, 0
96002, 270471, 0, 0, 0
97000, 325280, 0, 0, 0
98003, 673689, 0, 0, 0
99003, 1192662, 0, 0, 0
100004, 1672093, 0, 0, 0
101006, 1664064, 0, 0, 0
102002, 2008907, 0, 0, 0
103000, 1825737, 0, 0, 0
104001, 2123344, 0, 0, 0
105000, 1975278, 0, 0, 0
106000, 2189471, 0, 0, 0
107005, 2431326, 0, 0, 0
108000, 2275203, 0, 0, 0
109008, 1780484, 0, 0, 0
110000, 1559629, 0, 0, 0
111010, 1443862, 0, 0, 0
112005, 1899123, 0, 0, 0
113001, 2420791, 0, 0, 0
114005, 1938094, 0, 0, 0
115000, 1953395, 0, 0, 0
116011, 833534, 0, 0, 0
117003, 530502, 0, 0, 0
118000, 505146, 0, 0, 0
119000, 848298, 0, 0, 0
120004, 1575331, 0, 0, 0
121000, 2454256, 0, 0, 0
122007, 1880596, 0, 0, 0
123000, 1953652, 0, 0, 0
124014, 1787041, 0, 0, 0
125001, 1984828, 0, 0, 0
126009, 1842259, 0, 0, 0
127001, 2370793, 0, 0, 0
128000, 2198482, 0, 0, 0
129005, 2114974, 0, 0, 0
130000, 1185881, 0, 0, 0
131000, 1015397, 0, 0, 0
132000, 2138967, 0, 0, 0
133000, 1598782, 0, 0, 0
134002, 2108599, 0, 0, 0
135006, 853289, 0, 0, 0
136002, 1188014, 0, 0, 0
137000, 1292646, 0, 0, 0
138000, 1609496, 0, 0, 0
139001, 1813030, 0, 0, 0
140000, 1492239, 0, 0, 0
141005, 1501401, 0, 0, 0
142000, 18572, 0, 0, 0
143000, 21217, 0, 0, 0
144004, 17944, 0, 0, 0
145000, 17478, 0, 0, 0
146000, 9585, 0, 0, 0
147007, 18327, 0, 0, 0
148000, 332438, 0, 0, 0
149000, 30576, 0, 0, 0
150002, 93793, 0, 0, 0
151000, 20750, 0, 0, 0
152001, 105360, 0, 0, 0
153000, 154587, 0, 0, 0
154007, 91765, 0, 0, 0
155002, 86293, 0, 0, 0
156010, 28649, 0, 0, 0
157001, 21286, 0, 0, 0
158000, 8751, 0, 0, 0
159003, 105637, 0, 0, 0
160000, 21238, 0, 0, 0
161000, 32447, 0, 0, 0
162000, 20773, 0, 0, 0
163001, 920852, 0, 0, 0
164009, 2175931, 0, 0, 0
165000, 7168, 0, 0, 0
166000, 14090, 0, 0, 0
167012, 9476, 0, 0, 0
168007, 3004, 0, 0, 0
169000, 84360, 0, 0, 0
170010, 1313242, 0, 0, 0
171000, 25035, 0, 0, 0
172001, 19630, 0, 0, 0
173000, 5573, 0, 0, 0
174006, 11900, 0, 0, 0
175000, 157031, 0, 0, 0
176000, 206523, 0, 0, 0
177006, 184770, 0, 0, 0
178000, 188996, 0, 0, 0
179008, 379162, 0, 0, 0
180102, 610093, 0, 0, 0
