1000, 8512, 1, 0, 0
2000, 7731, 1, 0, 0
3000, 7608, 1, 0, 0
4000, 7719, 1, 0, 0
5001, 7608, 1, 0, 0
6001, 7731, 1, 0, 0
7000, 7539, 1, 0, 0
8000, 7627, 1, 0, 0
9000, 7515, 1, 0, 0
10000, 7599, 1, 0, 0
11000, 7467, 1, 0, 0
12001, 7620, 1, 0, 0
13000, 7683, 1, 0, 0
14000, 7647, 1, 0, 0
15001, 7756, 1, 0, 0
16000, 7575, 1, 0, 0
17000, 7615, 1, 0, 0
18001, 7568, 1, 0, 0
19000, 7707, 1, 0, 0
20000, 7764, 1, 0, 0
21000, 7551, 1, 0, 0
22000, 7655, 1, 0, 0
23000, 7627, 1, 0, 0
24000, 7592, 1, 0, 0
25000, 7679, 1, 0, 0
26000, 7599, 1, 0, 0
27000, 7755, 1, 0, 0
28000, 7716, 1, 0, 0
29000, 7651, 1, 0, 0
30000, 7547, 1, 0, 0
31000, 7860, 1, 0, 0
32001, 7796, 1, 0, 0
33001, 7675, 1, 0, 0
34000, 7611, 1, 0, 0
35000, 7695, 1, 0, 0
36000, 7955, 1, 0, 0
37000, 7528, 1, 0, 0
38000, 7691, 1, 0, 0
39000, 7675, 1, 0, 0
40000, 7844, 1, 0, 0
41000, 7387, 1, 0, 0
42000, 7547, 1, 0, 0
43001, 7648, 1, 0, 0
44000, 7703, 1, 0, 0
45000, 7635, 1, 0, 0
46000, 7223, 1, 0, 0
47000, 7919, 1, 0, 0
48001, 7616, 1, 0, 0
49000, 7751, 1, 0, 0
50000, 7659, 1, 0, 0
51000, 7803, 1, 0, 0
52000, 7464, 1, 0, 0
53000, 7471, 1, 0, 0
54000, 7739, 1, 0, 0
55000, 7683, 1, 0, 0
56000, 7560, 1, 0, 0
57000, 7652, 1, 0, 0
58000, 7599, 1, 0, 0
59000, 7656, 1, 0, 0
60000, 7727, 1, 0, 0
61000, 7711, 1, 0, 0
62001, 7800, 1, 0, 0
63000, 7455, 1, 0, 0
64000, 7555, 1, 0, 0
65001, 7672, 1, 0, 0
66000, 7799, 1, 0, 0
67000, 7579, 1, 0, 0
68000, 7812, 1, 0, 0
69000, 7699, 1, 0, 0
70000, 7631, 1, 0, 0
71000, 7664, 1, 0, 0
72000, 7655, 1, 0, 0
73001, 7704, 1, 0, 0
74000, 7651, 1, 0, 0
75000, 7883, 1, 0, 0
76000, 7627, 1, 0, 0
77000, 7627, 1, 0, 0
78001, 7608, 1, 0, 0
79001, 7840, 1, 0, 0
80001, 7555, 1, 0, 0
81000, 7531, 1, 0, 0
82000, 7535, 1, 0, 0
83000, 7931, 1, 0, 0
84000, 7523, 1, 0, 0
85001, 7728, 1, 0, 0
86001, 7627, 1, 0, 0
87000, 7535, 1, 0, 0
88000, 7911, 1, 0, 0
89001, 7624, 1, 0, 0
90001, 7603, 1, 0, 0
91000, 7715, 1, 0, 0
92000, 7783, 1, 0, 0
93000, 7639, 1, 0, 0
94000, 7675, 1, 0, 0
95000, 7492, 1, 0, 0
96000, 7719, 1, 0, 0
97000, 7467, 1, 0, 0
98000, 8372, 1, 0, 0
99000, 7627, 1, 0, 0
100001, 8024, 1, 0, 0
101000, 6506, 1, 0, 0
102000, 5965, 1, 0, 0
103000, 8980, 1, 0, 0
104000, 7576, 1, 0, 0
105000, 7579, 1, 0, 0
106001, 7544, 1, 0, 0
107000, 7655, 1, 0, 0
108000, 7495, 1, 0, 0
109000, 7620, 1, 0, 0
110000, 7667, 1, 0, 0
111000, 7700, 1, 0, 0
112000, 7639, 1, 0, 0
113001, 7400, 1, 0, 0
114000, 7315, 1, 0, 0
115000, 7475, 1, 0, 0
116000, 7635, 1, 0, 0
117000, 7511, 1, 0, 0
118001, 7488, 1, 0, 0
119001, 7843, 1, 0, 0
120000, 7567, 1, 0, 0
121000, 7647, 1, 0, 0
122000, 7683, 1, 0, 0
123000, 7643, 1, 0, 0
124001, 7672, 1, 0, 0
125000, 7779, 1, 0, 0
126000, 7627, 1, 0, 0
127000, 7647, 1, 0, 0
128001, 7844, 1, 0, 0
129000, 7791, 1, 0, 0
130000, 7471, 1, 0, 0
131000, 7647, 1, 0, 0
132000, 7624, 1, 0, 0
133000, 7767, 1, 0, 0
134000, 7639, 1, 0, 0
135000, 7608, 1, 0, 0
136000, 7640, 1, 0, 0
137000, 7760, 1, 0, 0
138001, 7692, 1, 0, 0
139000, 7767, 1, 0, 0
140000, 7608, 1, 0, 0
141000, 7919, 1, 0, 0
142000, 7643, 1, 0, 0
143000, 7627, 1, 0, 0
144001, 7712, 1, 0, 0
145000, 7551, 1, 0, 0
146000, 7979, 1, 0, 0
147001, 7664, 1, 0, 0
148001, 7735, 1, 0, 0
149001, 7500, 1, 0, 0
150001, 7555, 1, 0, 0
151001, 7887, 1, 0, 0
152000, 7663, 1, 0, 0
153000, 7599, 1, 0, 0
154000, 7759, 1, 0, 0
155001, 7548, 1, 0, 0
156000, 7679, 1, 0, 0
157000, 7543, 1, 0, 0
158000, 7751, 1, 0, 0
159000, 7724, 1, 0, 0
160000, 7660, 1, 0, 0
161000, 7767, 1, 0, 0
162001, 7784, 1, 0, 0
163000, 7663, 1, 0, 0
164000, 7743, 1, 0, 0
165000, 7679, 1, 0, 0
166001, 7624, 1, 0, 0
167001, 7572, 1, 0, 0
168001, 7643, 1, 0, 0
169000, 7531, 1, 0, 0
170000, 7683, 1, 0, 0
171000, 3875, 1, 0, 0
173000, 4668, 1, 0, 0
174001, 7648, 1, 0, 0
175001, 7755, 1, 0, 0
176000, 7483, 1, 0, 0
177000, 7811, 1, 0, 0
178000, 7639, 1, 0, 0
179001, 7580, 1, 0, 0
180000, 7579, 1, 0, 0
