1000, 946372, 1, 0, 0
2000, 949026, 1, 0, 0
3000, 904432, 1, 0, 0
4000, 920797, 1, 0, 0
5000, 979867, 1, 0, 0
6000, 942280, 1, 0, 0
7000, 953727, 1, 0, 0
8000, 935393, 1, 0, 0
9000, 953393, 1, 0, 0
10000, 967389, 1, 0, 0
11000, 931199, 1, 0, 0
12000, 894918, 1, 0, 0
13000, 899255, 1, 0, 0
14000, 903303, 1, 0, 0
15000, 874251, 1, 0, 0
16000, 866123, 1, 0, 0
17000, 900622, 1, 0, 0
18000, 890823, 1, 0, 0
19000, 882005, 1, 0, 0
20000, 896267, 1, 0, 0
21000, 941664, 1, 0, 0
22000, 1128512, 1, 0, 0
23000, 927173, 1, 0, 0
24000, 931013, 1, 0, 0
25000, 911939, 1, 0, 0
26000, 932225, 1, 0, 0
27000, 892414, 1, 0, 0
28000, 927619, 1, 0, 0
29000, 903177, 1, 0, 0
30000, 924699, 1, 0, 0
31000, 904481, 1, 0, 0
32000, 918181, 1, 0, 0
33000, 902473, 1, 0, 0
34000, 951954, 1, 0, 0
35000, 905414, 1, 0, 0
36000, 874876, 1, 0, 0
37000, 891120, 1, 0, 0
38000, 892927, 1, 0, 0
39000, 919971, 1, 0, 0
40000, 862104, 1, 0, 0
41000, 921358, 1, 0, 0
42000, 921481, 1, 0, 0
43000, 889853, 1, 0, 0
44000, 915673, 1, 0, 0
45000, 886315, 1, 0, 0
46000, 910733, 1, 0, 0
47000, 887013, 1, 0, 0
48000, 902164, 1, 0, 0
49000, 931958, 1, 0, 0
50000, 884076, 1, 0, 0
51000, 892417, 1, 0, 0
52000, 880810, 1, 0, 0
53000, 902419, 1, 0, 0
54000, 870826, 1, 0, 0
55000, 956826, 1, 0, 0
56000, 896192, 1, 0, 0
57000, 868956, 1, 0, 0
58000, 880938, 1, 0, 0
59000, 865011, 1, 0, 0
60000, 923522, 1, 0, 0
61000, 883465, 1, 0, 0
62000, 892830, 1, 0, 0
63000, 907770, 1, 0, 0
64000, 912527, 1, 0, 0
65000, 885468, 1, 0, 0
66000, 895328, 1, 0, 0
67000, 927048, 1, 0, 0
68000, 869475, 1, 0, 0
69000, 900222, 1, 0, 0
70000, 866096, 1, 0, 0
71000, 934844, 1, 0, 0
72000, 900142, 1, 0, 0
73000, 863646, 1, 0, 0
74000, 889272, 1, 0, 0
75000, 909458, 1, 0, 0
76000, 905482, 1, 0, 0
77000, 880628, 1, 0, 0
78000, 985953, 1, 0, 0
79000, 875426, 1, 0, 0
80000, 882393, 1, 0, 0
81000, 906528, 1, 0, 0
82000, 911743, 1, 0, 0
83000, 913339, 1, 0, 0
84000, 902905, 1, 0, 0
85000, 931801, 1, 0, 0
86000, 927919, 1, 0, 0
87000, 944508, 1, 0, 0
88000, 897404, 1, 0, 0
89000, 898076, 1, 0, 0
90000, 890607, 1, 0, 0
91000, 902664, 1, 0, 0
92000, 920522, 1, 0, 0
93000, 954869, 1, 0, 0
94000, 888890, 1, 0, 0
95000, 870936, 1, 0, 0
96000, 883672, 1, 0, 0
97000, 896082, 1, 0, 0
98000, 892604, 1, 0, 0
99000, 885585, 1, 0, 0
100000, 912646, 1, 0, 0
101000, 898793, 1, 0, 0
102000, 887125, 1, 0, 0
103000, 893073, 1, 0, 0
104000, 911743, 1, 0, 0
105000, 907869, 1, 0, 0
106000, 906030, 1, 0, 0
107000, 906446, 1, 0, 0
108000, 901691, 1, 0, 0
109000, 918069, 1, 0, 0
110000, 908417, 1, 0, 0
111000, 916447, 1, 0, 0
112000, 937475, 1, 0, 0
113000, 949802, 1, 0, 0
114000, 947851, 1, 0, 0
115000, 888939, 1, 0, 0
116000, 899960, 1, 0, 0
117000, 882658, 1, 0, 0
118000, 888556, 1, 0, 0
119000, 939201, 1, 0, 0
120000, 892060, 1, 0, 0
121000, 891978, 1, 0, 0
122000, 875154, 1, 0, 0
123000, 888180, 1, 0, 0
124000, 913932, 1, 0, 0
125000, 927573, 1, 0, 0
126000, 921690, 1, 0, 0
127000, 913214, 1, 0, 0
128000, 893140, 1, 0, 0
129000, 938401, 1, 0, 0
130000, 881393, 1, 0, 0
131000, 928220, 1, 0, 0
132000, 894973, 1, 0, 0
133000, 892486, 1, 0, 0
134000, 901808, 1, 0, 0
135000, 917937, 1, 0, 0
136000, 921149, 1, 0, 0
137000, 908004, 1, 0, 0
138000, 886588, 1, 0, 0
139000, 911988, 1, 0, 0
140000, 880842, 1, 0, 0
141000, 877838, 1, 0, 0
142000, 889771, 1, 0, 0
143000, 906560, 1, 0, 0
144000, 895282, 1, 0, 0
145000, 861285, 1, 0, 0
146000, 919945, 1, 0, 0
147000, 891728, 1, 0, 0
148000, 888394, 1, 0, 0
149000, 894337, 1, 0, 0
150000, 906300, 1, 0, 0
151000, 898341, 1, 0, 0
152000, 902869, 1, 0, 0
153000, 913712, 1, 0, 0
154000, 925333, 1, 0, 0
155000, 891668, 1, 0, 0
156000, 893217, 1, 0, 0
157000, 889758, 1, 0, 0
158000, 883617, 1, 0, 0
159000, 912107, 1, 0, 0
160000, 888337, 1, 0, 0
161000, 887711, 1, 0, 0
162000, 938827, 1, 0, 0
163000, 906527, 1, 0, 0
164000, 900067, 1, 0, 0
165000, 881031, 1, 0, 0
166000, 872146, 1, 0, 0
167000, 908475, 1, 0, 0
168000, 892384, 1, 0, 0
169000, 921832, 1, 0, 0
170000, 877485, 1, 0, 0
171000, 891712, 1, 0, 0
172000, 912192, 1, 0, 0
173000, 893153, 1, 0, 0
174000, 869232, 1, 0, 0
175000, 914900, 1, 0, 0
176000, 902582, 1, 0, 0
177000, 898847, 1, 0, 0
178000, 885341, 1, 0, 0
179000, 895169, 1, 0, 0
180000, 880143, 1, 0, 0
180001, 1875733, 1, 0, 0
