1015, 1931, 1, 0, 0
2013, 2209, 1, 0, 0
3018, 2086, 1, 0, 0
4010, 2103, 1, 0, 0
5023, 2157, 1, 0, 0
6015, 2198, 1, 0, 0
7011, 2121, 1, 0, 0
8017, 2131, 1, 0, 0
9015, 2221, 1, 0, 0
10011, 2193, 1, 0, 0
11009, 2247, 1, 0, 0
12019, 2106, 1, 0, 0
13013, 2120, 1, 0, 0
14012, 2134, 1, 0, 0
15020, 2158, 1, 0, 0
16014, 2152, 1, 0, 0
17024, 2121, 1, 0, 0
18015, 2139, 1, 0, 0
19010, 2066, 1, 0, 0
20010, 2031, 1, 0, 0
21015, 2145, 1, 0, 0
22010, 2204, 1, 0, 0
23011, 2048, 1, 0, 0
24016, 1967, 1, 0, 0
25010, 1980, 1, 0, 0
26014, 1998, 1, 0, 0
27019, 2060, 1, 0, 0
28010, 1987, 1, 0, 0
29010, 2105, 1, 0, 0
30016, 2122, 1, 0, 0
31010, 2050, 1, 0, 0
32022, 2140, 1, 0, 0
33016, 1992, 1, 0, 0
34011, 2000, 1, 0, 0
35013, 2111, 1, 0, 0
36000, 2154, 1, 0, 0
37009, 2224, 1, 0, 0
38013, 2118, 1, 0, 0
39015, 2236, 1, 0, 0
40012, 2217, 1, 0, 0
41013, 2183, 1, 0, 0
42020, 2063, 1, 0, 0
43010, 2196, 1, 0, 0
44010, 2290, 1, 0, 0
45017, 2335, 1, 0, 0
46014, 2167, 1, 0, 0
47024, 2143, 1, 0, 0
48019, 2289, 1, 0, 0
49012, 2350, 1, 0, 0
50015, 2229, 1, 0, 0
51035, 2219, 1, 0, 0
52015, 2206, 1, 0, 0
53009, 2365, 1, 0, 0
54016, 2175, 1, 0, 0
55008, 2364, 1, 0, 0
56024, 2050, 1, 0, 0
57018, 2195, 1, 0, 0
58012, 2104, 1, 0, 0
59022, 2159, 1, 0, 0
60016, 2162, 1, 0, 0
61009, 2051, 1, 0, 0
62018, 1938, 1, 0, 0
63013, 2162, 1, 0, 0
64012, 2104, 1, 0, 0
65018, 1991, 1, 0, 0
66012, 1903, 1, 0, 0
67017, 2095, 1, 0, 0
68010, 2197, 1, 0, 0
69009, 2122, 1, 0, 0
70009, 2213, 1, 0, 0
71000, 2047, 1, 0, 0
72016, 2017, 1, 0, 0
73008, 2004, 1, 0, 0
74015, 2112, 1, 0, 0
75013, 1923, 1, 0, 0
76024, 2050, 1, 0, 0
77013, 1959, 1, 0, 0
78010, 2006, 1, 0, 0
79013, 1969, 1, 0, 0
80016, 2077, 1, 0, 0
81010, 2142, 1, 0, 0
82018, 2226, 1, 0, 0
83012, 2237, 1, 0, 0
84022, 2063, 1, 0, 0
85014, 2228, 1, 0, 0
86023, 2279, 1, 0, 0
87015, 2144, 1, 0, 0
88073, 2214, 1, 0, 0
89022, 1973, 1, 0, 0
90011, 2106, 1, 0, 0
91009, 2039, 1, 0, 0
92016, 1999, 1, 0, 0
93014, 2168, 1, 0, 0
94011, 2001, 1, 0, 0
95011, 2061, 1, 0, 0
96014, 2209, 1, 0, 0
97011, 2140, 1, 0, 0
98022, 2044, 1, 0, 0
99018, 2061, 1, 0, 0
100013, 2034, 1, 0, 0
101023, 2073, 1, 0, 0
102001, 2092, 1, 0, 0
103010, 2118, 1, 0, 0
104020, 2178, 1, 0, 0
105015, 2185, 1, 0, 0
106022, 2199, 1, 0, 0
107014, 2142, 1, 0, 0
108010, 2107, 1, 0, 0
109021, 2060, 1, 0, 0
110016, 2027, 1, 0, 0
111011, 2002, 1, 0, 0
112009, 2101, 1, 0, 0
113018, 2208, 1, 0, 0
114015, 2374, 1, 0, 0
115010, 2339, 1, 0, 0
116020, 2448, 1, 0, 0
117014, 2245, 1, 0, 0
118023, 2328, 1, 0, 0
119009, 2450, 1, 0, 0
120011, 2245, 1, 0, 0
121019, 2387, 1, 0, 0
122015, 2378, 1, 0, 0
123009, 2406, 1, 0, 0
124021, 2331, 1, 0, 0
125016, 2361, 1, 0, 0
126013, 2268, 1, 0, 0
127008, 2299, 1, 0, 0
128015, 2425, 1, 0, 0
129014, 2457, 1, 0, 0
130008, 2228, 1, 0, 0
131015, 2568, 1, 0, 0
132012, 2274, 1, 0, 0
133008, 2309, 1, 0, 0
134019, 2359, 1, 0, 0
135011, 2265, 1, 0, 0
136010, 2173, 1, 0, 0
137016, 2191, 1, 0, 0
138009, 2235, 1, 0, 0
139019, 2119, 1, 0, 0
140014, 2160, 1, 0, 0
141011, 2031, 1, 0, 0
142015, 1991, 1, 0, 0
143000, 2164, 1, 0, 0
144011, 2078, 1, 0, 0
145013, 2008, 1, 0, 0
146021, 2212, 1, 0, 0
147015, 2188, 1, 0, 0
148012, 2118, 1, 0, 0
149017, 2121, 1, 0, 0
150009, 2121, 1, 0, 0
151008, 1996, 1, 0, 0
152013, 2080, 1, 0, 0
153008, 2137, 1, 0, 0
154013, 2180, 1, 0, 0
155017, 2085, 1, 0, 0
156013, 2226, 1, 0, 0
157014, 2214, 1, 0, 0
158018, 2113, 1, 0, 0
159015, 2262, 1, 0, 0
160009, 2231, 1, 0, 0
161020, 2055, 1, 0, 0
162014, 2044, 1, 0, 0
163009, 2143, 1, 0, 0
164012, 2083, 1, 0, 0
165012, 2094, 1, 0, 0
166021, 2057, 1, 0, 0
167011, 2242, 1, 0, 0
168009, 2259, 1, 0, 0
169014, 2188, 1, 0, 0
170012, 2141, 1, 0, 0
171008, 2225, 1, 0, 0
172019, 2229, 1, 0, 0
173011, 2158, 1, 0, 0
174009, 2273, 1, 0, 0
175019, 2287, 1, 0, 0
176013, 2162, 1, 0, 0
177022, 2220, 1, 0, 0
178015, 2209, 1, 0, 0
179008, 2169, 1, 0, 0
180018, 2198, 1, 0, 0
