1011, 106559488, 0, 0, 0
2005, 126636724, 0, 0, 0
3000, 116943334, 0, 0, 0
4013, 119243935, 0, 0, 0
5007, 125832718, 0, 0, 0
6001, 127555320, 0, 0, 0
7011, 119411306, 0, 0, 0
8005, 126942739, 0, 0, 0
9002, 126680335, 0, 0, 0
10001, 127244792, 0, 0, 0
11007, 125827024, 0, 0, 0
12004, 128895425, 0, 0, 0
13002, 128429554, 0, 0, 0
14001, 126366928, 0, 0, 0
15007, 128082678, 0, 0, 0
16000, 130716740, 0, 0, 0
17009, 136315544, 0, 0, 0
18002, 138579584, 0, 0, 0
19001, 135445017, 0, 0, 0
20009, 125307625, 0, 0, 0
21001, 129659471, 0, 0, 0
22000, 165719334, 0, 0, 0
23007, 139279455, 0, 0, 0
24000, 143619096, 0, 0, 0
25011, 140945796, 0, 0, 0
26001, 139927239, 0, 0, 0
27000, 134670544, 0, 0, 0
28008, 139111565, 0, 0, 0
29001, 153801433, 0, 0, 0
30000, 136922188, 0, 0, 0
31004, 129990927, 0, 0, 0
32000, 161164578, 0, 0, 0
33011, 146400879, 0, 0, 0
34008, 136035935, 0, 0, 0
35003, 143846732, 0, 0, 0
36000, 144531148, 0, 0, 0
37007, 136118272, 0, 0, 0
38001, 142535822, 0, 0, 0
39008, 132287523, 0, 0, 0
40003, 127487027, 0, 0, 0
41000, 125488747, 0, 0, 0
42000, 127458529, 0, 0, 0
43004, 128716209, 0, 0, 0
44000, 127305729, 0, 0, 0
45008, 127089485, 0, 0, 0
46004, 127119609, 0, 0, 0
47000, 126940640, 0, 0, 0
48001, 128013809, 0, 0, 0
49000, 127085634, 0, 0, 0
50002, 123360694, 0, 0, 0
51004, 123317661, 0, 0, 0
52005, 125082732, 0, 0, 0
53000, 121296435, 0, 0, 0
54006, 123047985, 0, 0, 0
55001, 126108959, 0, 0, 0
56001, 129625256, 0, 0, 0
57003, 130305361, 0, 0, 0
58000, 131172147, 0, 0, 0
59010, 129040894, 0, 0, 0
60005, 130460582, 0, 0, 0
61001, 130404408, 0, 0, 0
62009, 128460343, 0, 0, 0
63001, 123662500, 0, 0, 0
64001, 119202571, 0, 0, 0
65003, 116796874, 0, 0, 0
66000, 122452246, 0, 0, 0
67000, 124815160, 0, 0, 0
68003, 125088761, 0, 0, 0
69000, 123187419, 0, 0, 0
70008, 127405871, 0, 0, 0
71003, 127963314, 0, 0, 0
72000, 123956027, 0, 0, 0
73008, 124677305, 0, 0, 0
74003, 127819483, 0, 0, 0
75000, 128910695, 0, 0, 0
76005, 131118723, 0, 0, 0
77000, 124510142, 0, 0, 0
78013, 125255563, 0, 0, 0
79007, 139594824, 0, 0, 0
80001, 124434759, 0, 0, 0
81006, 128020463, 0, 0, 0
82000, 121116149, 0, 0, 0
83000, 125535122, 0, 0, 0
84006, 125274329, 0, 0, 0
85004, 128735285, 0, 0, 0
86000, 131026892, 0, 0, 0
87011, 131635662, 0, 0, 0
88004, 137641615, 0, 0, 0
89000, 132445201, 0, 0, 0
90008, 130768345, 0, 0, 0
91003, 132654083, 0, 0, 0
92000, 136233247, 0, 0, 0
93007, 136066541, 0, 0, 0
94002, 134878026, 0, 0, 0
95000, 129571922, 0, 0, 0
96003, 131188527, 0, 0, 0
97000, 131593685, 0, 0, 0
98004, 131104377, 0, 0, 0
99005, 137344356, 0, 0, 0
100000, 128417110, 0, 0, 0
101007, 131572354, 0, 0, 0
102004, 122863404, 0, 0, 0
103001, 122278818, 0, 0, 0
104003, 120308580, 0, 0, 0
105001, 125988125, 0, 0, 0
106002, 121235338, 0, 0, 0
107007, 125046780, 0, 0, 0
108001, 122717269, 0, 0, 0
109011, 123371785, 0, 0, 0
110002, 125390492, 0, 0, 0
111011, 119285692, 0, 0, 0
112004, 122490901, 0, 0, 0
113000, 121210453, 0, 0, 0
114006, 117539435, 0, 0, 0
115001, 122575265, 0, 0, 0
116011, 128537316, 0, 0, 0
117005, 128942912, 0, 0, 0
118001, 122677770, 0, 0, 0
119000, 120954565, 0, 0, 0
120006, 116303057, 0, 0, 0
121000, 117051250, 0, 0, 0
122008, 122138046, 0, 0, 0
123002, 122214520, 0, 0, 0
124008, 118260028, 0, 0, 0
125002, 124930883, 0, 0, 0
126009, 124953571, 0, 0, 0
127000, 119515910, 0, 0, 0
128000, 148678820, 0, 0, 0
129006, 160948959, 0, 0, 0
130001, 150229135, 0, 0, 0
131001, 156359110, 0, 0, 0
132000, 153671556, 0, 0, 0
133001, 151212300, 0, 0, 0
134000, 153713546, 0, 0, 0
135007, 152711876, 0, 0, 0
136002, 140490554, 0, 0, 0
137002, 133905240, 0, 0, 0
138002, 140525667, 0, 0, 0
139003, 134256739, 0, 0, 0
140002, 123802203, 0, 0, 0
141006, 123375472, 0, 0, 0
142000, 121901869, 0, 0, 0
143001, 120999639, 0, 0, 0
144006, 122411969, 0, 0, 0
145001, 125644905, 0, 0, 0
146000, 127071141, 0, 0, 0
147008, 126951254, 0, 0, 0
148001, 128164528, 0, 0, 0
149001, 127307301, 0, 0, 0
150002, 124307849, 0, 0, 0
151000, 124152652, 0, 0, 0
152004, 123810606, 0, 0, 0
153000, 123760322, 0, 0, 0
154008, 125387821, 0, 0, 0
155003, 126578059, 0, 0, 0
156011, 126402443, 0, 0, 0
157002, 126464732, 0, 0, 0
158000, 127481174, 0, 0, 0
159004, 125279992, 0, 0, 0
160000, 126393664, 0, 0, 0
161000, 119165755, 0, 0, 0
162000, 143880898, 0, 0, 0
163003, 153688235, 0, 0, 0
164011, 156155910, 0, 0, 0
165002, 128743256, 0, 0, 0
166000, 129326638, 0, 0, 0
167011, 129107675, 0, 0, 0
168007, 126102030, 0, 0, 0
169001, 124377105, 0, 0, 0
170011, 132867603, 0, 0, 0
171001, 142236321, 0, 0, 0
172003, 148767829, 0, 0, 0
173000, 144180206, 0, 0, 0
174008, 149832672, 0, 0, 0
175003, 163140599, 0, 0, 0
176000, 142671965, 0, 0, 0
177007, 119232794, 0, 0, 0
178000, 125804698, 0, 0, 0
179012, 126429122, 0, 0, 0
180002, 126107955, 0, 0, 0
180100, 189175738, 0, 0, 0
