1031, 33983, 0, 0, 0
2024, 74899, 0, 0, 0
3017, 17531, 0, 0, 0
4028, 5440, 0, 0, 0
5025, 4150, 0, 0, 0
6019, 39246, 0, 0, 0
7024, 44815, 0, 0, 0
8019, 2314, 0, 0, 0
9020, 4064, 0, 0, 0
10017, 105361, 0, 0, 0
11020, 2578, 0, 0, 0
12019, 3854, 0, 0, 0
13028, 3229, 0, 0, 0
14023, 2375, 0, 0, 0
15018, 2266, 0, 0, 0
16028, 2247, 0, 0, 0
17023, 2289, 0, 0, 0
18017, 10627, 0, 0, 0
19030, 2529, 0, 0, 0
20026, 4293, 0, 0, 0
21022, 7409, 0, 0, 0
22031, 2146, 0, 0, 0
23021, 10298, 0, 0, 0
24019, 2211, 0, 0, 0
25028, 12933, 0, 0, 0
26023, 2321, 0, 0, 0
27016, 2326, 0, 0, 0
28025, 9311, 0, 0, 0
29022, 2273, 0, 0, 0
30015, 7276, 0, 0, 0
31024, 2269, 0, 0, 0
32018, 7374, 0, 0, 0
33016, 6988, 0, 0, 0
34015, 3439, 0, 0, 0
35020, 2434, 0, 0, 0
36030, 2227, 0, 0, 0
37026, 2150, 0, 0, 0
38023, 2224, 0, 0, 0
39018, 2232, 0, 0, 0
40030, 46184, 0, 0, 0
41023, 2414, 0, 0, 0
42015, 2366, 0, 0, 0
43021, 2214, 0, 0, 0
44018, 2230, 0, 0, 0
45030, 6597, 0, 0, 0
46020, 2868, 0, 0, 0
47022, 2760, 0, 0, 0
48016, 2166, 0, 0, 0
49030, 14336, 0, 0, 0
50026, 7852, 0, 0, 0
51023, 2943, 0, 0, 0
52016, 3055, 0, 0, 0
53022, 2181, 0, 0, 0
54021, 46125, 0, 0, 0
55018, 2308, 0, 0, 0
56029, 2189, 0, 0, 0
57021, 2430, 0, 0, 0
58020, 50768, 0, 0, 0
59023, 5541, 0, 0, 0
60018, 2297, 0, 0, 0
61029, 2189, 0, 0, 0
62026, 2268, 0, 0, 0
63015, 2237, 0, 0, 0
64016, 5259, 0, 0, 0
65024, 4726, 0, 0, 0
66015, 59875, 0, 0, 0
67016, 51814, 0, 0, 0
68023, 3358, 0, 0, 0
69015, 4322, 0, 0, 0
70026, 40966, 0, 0, 0
71023, 3081, 0, 0, 0
72018, 2746, 0, 0, 0
73017, 5396, 0, 0, 0
74023, 5855, 0, 0, 0
75017, 2205, 0, 0, 0
76029, 2266, 0, 0, 0
77025, 2898, 0, 0, 0
78020, 3197, 0, 0, 0
79015, 6874, 0, 0, 0
80026, 25154, 0, 0, 0
81020, 37976, 0, 0, 0
82015, 2289, 0, 0, 0
83018, 2232, 0, 0, 0
84021, 2197, 0, 0, 0
85016, 2287, 0, 0, 0
86022, 2247, 0, 0, 0
87017, 2253, 0, 0, 0
88016, 2159, 0, 0, 0
89016, 2200, 0, 0, 0
90020, 2162, 0, 0, 0
91024, 2261, 0, 0, 0
92023, 2376, 0, 0, 0
93017, 2232, 0, 0, 0
94015, 2295, 0, 0, 0
95018, 2283, 0, 0, 0
96017, 2283, 0, 0, 0
97024, 2249, 0, 0, 0
98020, 2365, 0, 0, 0
99022, 5656, 0, 0, 0
100024, 3217, 0, 0, 0
101020, 3816, 0, 0, 0
102020, 2172, 0, 0, 0
103023, 2269, 0, 0, 0
104017, 2882, 0, 0, 0
105016, 2959, 0, 0, 0
106020, 3522, 0, 0, 0
107014, 2308, 0, 0, 0
108021, 2195, 0, 0, 0
109021, 2610, 0, 0, 0
110018, 5492, 0, 0, 0
111022, 2625, 0, 0, 0
112014, 2281, 0, 0, 0
113025, 2591, 0, 0, 0
114021, 3326, 0, 0, 0
115015, 2304, 0, 0, 0
116018, 48797, 0, 0, 0
117022, 2544, 0, 0, 0
118017, 4503, 0, 0, 0
119028, 2305, 0, 0, 0
120022, 2477, 0, 0, 0
121029, 2210, 0, 0, 0
122002, 2242, 0, 0, 0
123017, 2374, 0, 0, 0
124009, 2308, 0, 0, 0
125018, 2307, 0, 0, 0
126028, 2157, 0, 0, 0
127021, 2210, 0, 0, 0
128015, 2232, 0, 0, 0
129027, 2275, 0, 0, 0
130022, 2278, 0, 0, 0
131017, 4254, 0, 0, 0
132026, 2640, 0, 0, 0
133018, 3334, 0, 0, 0
134015, 4726, 0, 0, 0
135018, 3993, 0, 0, 0
136022, 2513, 0, 0, 0
137023, 3430, 0, 0, 0
138016, 2173, 0, 0, 0
139026, 2232, 0, 0, 0
140019, 2188, 0, 0, 0
141014, 2944, 0, 0, 0
142026, 3237, 0, 0, 0
143020, 47793, 0, 0, 0
144017, 50323, 0, 0, 0
145027, 2290, 0, 0, 0
146023, 43340, 0, 0, 0
147016, 2389, 0, 0, 0
148026, 4219, 0, 0, 0
149017, 2306, 0, 0, 0
150029, 4249, 0, 0, 0
151022, 2626, 0, 0, 0
152017, 2414, 0, 0, 0
153028, 2256, 0, 0, 0
154022, 2206, 0, 0, 0
155017, 3511, 0, 0, 0
156015, 2151, 0, 0, 0
157027, 2204, 0, 0, 0
158021, 2129, 0, 0, 0
159015, 2088, 0, 0, 0
160028, 2276, 0, 0, 0
161024, 2238, 0, 0, 0
162016, 2202, 0, 0, 0
163017, 2223, 0, 0, 0
164021, 2167, 0, 0, 0
165015, 2225, 0, 0, 0
166016, 2212, 0, 0, 0
167019, 2319, 0, 0, 0
168030, 2307, 0, 0, 0
169026, 2317, 0, 0, 0
170022, 2309, 0, 0, 0
171017, 2305, 0, 0, 0
172027, 2203, 0, 0, 0
173022, 2259, 0, 0, 0
174019, 2321, 0, 0, 0
175015, 2270, 0, 0, 0
176026, 2376, 0, 0, 0
177017, 2237, 0, 0, 0
178015, 2217, 0, 0, 0
179027, 2322, 0, 0, 0
180072, 2308, 0, 0, 0
