1000, 1869, 0, 0, 0
2026, 1879, 0, 0, 0
3020, 1850, 0, 0, 0
4000, 1919, 0, 0, 0
5000, 2060, 0, 0, 0
6036, 1962, 0, 0, 0
7021, 1977, 0, 0, 0
8000, 1972, 0, 0, 0
9000, 2046, 0, 0, 0
10020, 2095, 0, 0, 0
11026, 2167, 0, 0, 0
12000, 2010, 0, 0, 0
13021, 1924, 0, 0, 0
14000, 1932, 0, 0, 0
15021, 1908, 0, 0, 0
16000, 1950, 0, 0, 0
17025, 1959, 0, 0, 0
18035, 1914, 0, 0, 0
19000, 1886, 0, 0, 0
20022, 1877, 0, 0, 0
21000, 2006, 0, 0, 0
22000, 1881, 0, 0, 0
23000, 1977, 0, 0, 0
24033, 1997, 0, 0, 0
25000, 2058, 0, 0, 0
26000, 2060, 0, 0, 0
27000, 2069, 0, 0, 0
28000, 1927, 0, 0, 0
29035, 2012, 0, 0, 0
30030, 2030, 0, 0, 0
31000, 1975, 0, 0, 0
32001, 1960, 0, 0, 0
33000, 2008, 0, 0, 0
34033, 2115, 0, 0, 0
35022, 2069, 0, 0, 0
36000, 2260, 0, 0, 0
37034, 2167, 0, 0, 0
38000, 2026, 0, 0, 0
39003, 2035, 0, 0, 0
40000, 1988, 0, 0, 0
41000, 1993, 0, 0, 0
42001, 2064, 0, 0, 0
43034, 1970, 0, 0, 0
44022, 2159, 0, 0, 0
45000, 1908, 0, 0, 0
46000, 2031, 0, 0, 0
47000, 1957, 0, 0, 0
48000, 2088, 0, 0, 0
49000, 2025, 0, 0, 0
50021, 1867, 0, 0, 0
51000, 1937, 0, 0, 0
52000, 1997, 0, 0, 0
53000, 2055, 0, 0, 0
54024, 1939, 0, 0, 0
55000, 1890, 0, 0, 0
56000, 1975, 0, 0, 0
57021, 1965, 0, 0, 0
58000, 1951, 0, 0, 0
59000, 2003, 0, 0, 0
60024, 1849, 0, 0, 0
61000, 2000, 0, 0, 0
62020, 1905, 0, 0, 0
63000, 1986, 0, 0, 0
64000, 2175, 0, 0, 0
65023, 2088, 0, 0, 0
66000, 2131, 0, 0, 0
67025, 1940, 0, 0, 0
68000, 1928, 0, 0, 0
69021, 1832, 0, 0, 0
70000, 1895, 0, 0, 0
71028, 2112, 0, 0, 0
72021, 2028, 0, 0, 0
73024, 1887, 0, 0, 0
74034, 2173, 0, 0, 0
75022, 1937, 0, 0, 0
76025, 1880, 0, 0, 0
77000, 1967, 0, 0, 0
78009, 1992, 0, 0, 0
79000, 1915, 0, 0, 0
80000, 1942, 0, 0, 0
81025, 1876, 0, 0, 0
82035, 2068, 0, 0, 0
83000, 1984, 0, 0, 0
84022, 1993, 0, 0, 0
85000, 2044, 0, 0, 0
86000, 2064, 0, 0, 0
87035, 2073, 0, 0, 0
88001, 1967, 0, 0, 0
89021, 2187, 0, 0, 0
90000, 2183, 0, 0, 0
91023, 1995, 0, 0, 0
92034, 2181, 0, 0, 0
93000, 2037, 0, 0, 0
94025, 1903, 0, 0, 0
95000, 1941, 0, 0, 0
96031, 1951, 0, 0, 0
97023, 1982, 0, 0, 0
98033, 2144, 0, 0, 0
99000, 1989, 0, 0, 0
100022, 2086, 0, 0, 0
101001, 2085, 0, 0, 0
102021, 2144, 0, 0, 0
103025, 2055, 0, 0, 0
104000, 2051, 0, 0, 0
105022, 2035, 0, 0, 0
106034, 2062, 0, 0, 0
107000, 1985, 0, 0, 0
108000, 2130, 0, 0, 0
109020, 2076, 0, 0, 0
110030, 2143, 0, 0, 0
111000, 1933, 0, 0, 0
112020, 2046, 0, 0, 0
113000, 2116, 0, 0, 0
114000, 1940, 0, 0, 0
115021, 2143, 0, 0, 0
116000, 2176, 0, 0, 0
117001, 1982, 0, 0, 0
118000, 2132, 0, 0, 0
119021, 2163, 0, 0, 0
120000, 2103, 0, 0, 0
121000, 2124, 0, 0, 0
122022, 2140, 0, 0, 0
123034, 2069, 0, 0, 0
124000, 1897, 0, 0, 0
125000, 2046, 0, 0, 0
126021, 2203, 0, 0, 0
127000, 2103, 0, 0, 0
128000, 2104, 0, 0, 0
129021, 2457, 0, 0, 0
130000, 1984, 0, 0, 0
131000, 2064, 0, 0, 0
132022, 1960, 0, 0, 0
133050, 2190, 0, 0, 0
134000, 2121, 0, 0, 0
135000, 2072, 0, 0, 0
136000, 2267, 0, 0, 0
137000, 2365, 0, 0, 0
138029, 2087, 0, 0, 0
139000, 2140, 0, 0, 0
140000, 2080, 0, 0, 0
141000, 2140, 0, 0, 0
142000, 2222, 0, 0, 0
143021, 2242, 0, 0, 0
144000, 2193, 0, 0, 0
145021, 2178, 0, 0, 0
146022, 2150, 0, 0, 0
147000, 2091, 0, 0, 0
148000, 2158, 0, 0, 0
149021, 2001, 0, 0, 0
150000, 2102, 0, 0, 0
151000, 1949, 0, 0, 0
152029, 2083, 0, 0, 0
153000, 2116, 0, 0, 0
154000, 2057, 0, 0, 0
155033, 2024, 0, 0, 0
156001, 1947, 0, 0, 0
157000, 2040, 0, 0, 0
158020, 2185, 0, 0, 0
159000, 1988, 0, 0, 0
160000, 2169, 0, 0, 0
161000, 1995, 0, 0, 0
162001, 2002, 0, 0, 0
163025, 1911, 0, 0, 0
164000, 1967, 0, 0, 0
165000, 2022, 0, 0, 0
166025, 2011, 0, 0, 0
167020, 2052, 0, 0, 0
168000, 2055, 0, 0, 0
169000, 1968, 0, 0, 0
170000, 2135, 0, 0, 0
171021, 2216, 0, 0, 0
172000, 2129, 0, 0, 0
173000, 2034, 0, 0, 0
174000, 1951, 0, 0, 0
175000, 2028, 0, 0, 0
176000, 2025, 0, 0, 0
177022, 2046, 0, 0, 0
178000, 1959, 0, 0, 0
179000, 2154, 0, 0, 0
180020, 2072, 0, 0, 0
