1000, 3698129, 0, 0, 0
2032, 4232808, 0, 0, 0
3000, 4120841, 0, 0, 0
4000, 4166606, 0, 0, 0
5018, 4271603, 0, 0, 0
6001, 4257272, 0, 0, 0
7000, 4119055, 0, 0, 0
8025, 4248582, 0, 0, 0
9000, 4151870, 0, 0, 0
10037, 4244872, 0, 0, 0
11000, 4257205, 0, 0, 0
12001, 4156959, 0, 0, 0
13019, 4102435, 0, 0, 0
14027, 4216710, 0, 0, 0
15021, 4111484, 0, 0, 0
16017, 4271059, 0, 0, 0
17000, 4183370, 0, 0, 0
18001, 4142906, 0, 0, 0
19017, 4197702, 0, 0, 0
20012, 4149862, 0, 0, 0
21020, 4103492, 0, 0, 0
22030, 4131829, 0, 0, 0
23018, 4254478, 0, 0, 0
24020, 4184200, 0, 0, 0
25000, 4207293, 0, 0, 0
26000, 4186529, 0, 0, 0
27019, 4104620, 0, 0, 0
28030, 4198736, 0, 0, 0
29001, 4286770, 0, 0, 0
30000, 3904552, 0, 0, 0
31020, 4172704, 0, 0, 0
32017, 4223453, 0, 0, 0
33001, 4209774, 0, 0, 0
34020, 4245008, 0, 0, 0
35030, 4236161, 0, 0, 0
36025, 4166945, 0, 0, 0
37019, 4178721, 0, 0, 0
38029, 4259677, 0, 0, 0
39000, 4073146, 0, 0, 0
40021, 4202481, 0, 0, 0
41029, 4115786, 0, 0, 0
42000, 4227872, 0, 0, 0
43021, 4207500, 0, 0, 0
44017, 4175185, 0, 0, 0
45000, 4237934, 0, 0, 0
46000, 4128814, 0, 0, 0
47018, 4188897, 0, 0, 0
48000, 4142526, 0, 0, 0
49000, 4255903, 0, 0, 0
50018, 4186974, 0, 0, 0
51017, 4158492, 0, 0, 0
52000, 4237283, 0, 0, 0
53019, 4285144, 0, 0, 0
54031, 4169005, 0, 0, 0
55023, 4180390, 0, 0, 0
56020, 4149795, 0, 0, 0
57001, 4208724, 0, 0, 0
58017, 4125340, 0, 0, 0
59000, 4246920, 0, 0, 0
60020, 4137438, 0, 0, 0
61017, 4127380, 0, 0, 0
62000, 4182051, 0, 0, 0
63001, 4141731, 0, 0, 0
64000, 4241342, 0, 0, 0
65001, 4130021, 0, 0, 0
66017, 4195780, 0, 0, 0
67000, 4131024, 0, 0, 0
68021, 4149995, 0, 0, 0
69031, 4180131, 0, 0, 0
70000, 4175174, 0, 0, 0
71019, 4254523, 0, 0, 0
72001, 4151186, 0, 0, 0
73000, 4282112, 0, 0, 0
74030, 4208490, 0, 0, 0
75000, 4218153, 0, 0, 0
76017, 4319502, 0, 0, 0
77028, 4199338, 0, 0, 0
78023, 4187860, 0, 0, 0
79031, 4200749, 0, 0, 0
80018, 4060611, 0, 0, 0
81018, 4269143, 0, 0, 0
82005, 4254205, 0, 0, 0
83019, 4125274, 0, 0, 0
84001, 4246849, 0, 0, 0
85001, 4278575, 0, 0, 0
86029, 4251978, 0, 0, 0
87000, 4094205, 0, 0, 0
88032, 4285981, 0, 0, 0
89000, 4007664, 0, 0, 0
90020, 4213349, 0, 0, 0
91000, 4335484, 0, 0, 0
92025, 4144196, 0, 0, 0
93017, 4144891, 0, 0, 0
94000, 4171818, 0, 0, 0
95021, 4267705, 0, 0, 0
96017, 4267757, 0, 0, 0
97000, 4238506, 0, 0, 0
98018, 4079596, 0, 0, 0
99000, 4118722, 0, 0, 0
100000, 4162672, 0, 0, 0
101019, 4309650, 0, 0, 0
102000, 4355631, 0, 0, 0
103019, 4254858, 0, 0, 0
104028, 4122425, 0, 0, 0
105000, 4243348, 0, 0, 0
106020, 4189108, 0, 0, 0
107000, 4257401, 0, 0, 0
108017, 4040476, 0, 0, 0
109029, 4196819, 0, 0, 0
110021, 4199662, 0, 0, 0
111032, 4258945, 0, 0, 0
112000, 4142810, 0, 0, 0
113020, 4240213, 0, 0, 0
114030, 4192639, 0, 0, 0
115024, 4208159, 0, 0, 0
116018, 4099551, 0, 0, 0
117000, 4157587, 0, 0, 0
118022, 4210477, 0, 0, 0
119017, 4195134, 0, 0, 0
120000, 4197774, 0, 0, 0
121020, 4110251, 0, 0, 0
122018, 4231241, 0, 0, 0
123000, 4157873, 0, 0, 0
124017, 4162909, 0, 0, 0
125001, 4195110, 0, 0, 0
126000, 4274816, 0, 0, 0
127000, 4131800, 0, 0, 0
128030, 4126649, 0, 0, 0
129018, 4171300, 0, 0, 0
130017, 4199385, 0, 0, 0
131000, 4182624, 0, 0, 0
132021, 4226769, 0, 0, 0
133023, 4319007, 0, 0, 0
134000, 4063597, 0, 0, 0
135017, 4232456, 0, 0, 0
136023, 4186799, 0, 0, 0
137018, 4281093, 0, 0, 0
138023, 4244657, 0, 0, 0
139000, 4245394, 0, 0, 0
140021, 4277894, 0, 0, 0
141019, 4132963, 0, 0, 0
142023, 4093883, 0, 0, 0
143018, 4135170, 0, 0, 0
144020, 4312437, 0, 0, 0
145021, 4212637, 0, 0, 0
146018, 4182614, 0, 0, 0
147001, 4130225, 0, 0, 0
148020, 4227905, 0, 0, 0
149001, 4112312, 0, 0, 0
150018, 4163975, 0, 0, 0
151018, 4218515, 0, 0, 0
152001, 4158785, 0, 0, 0
153020, 4309732, 0, 0, 0
154000, 4116036, 0, 0, 0
155019, 4152485, 0, 0, 0
156021, 4210617, 0, 0, 0
157001, 4255561, 0, 0, 0
158001, 4288641, 0, 0, 0
159030, 4208631, 0, 0, 0
160000, 4130914, 0, 0, 0
161018, 4223446, 0, 0, 0
162000, 4133210, 0, 0, 0
163000, 4113833, 0, 0, 0
164030, 4201471, 0, 0, 0
165000, 4220015, 0, 0, 0
166017, 4164564, 0, 0, 0
167021, 4166845, 0, 0, 0
168000, 4245987, 0, 0, 0
169019, 4273111, 0, 0, 0
170031, 4278705, 0, 0, 0
171000, 4292448, 0, 0, 0
172000, 4180677, 0, 0, 0
173023, 4249860, 0, 0, 0
174030, 4219414, 0, 0, 0
175000, 4077282, 0, 0, 0
176018, 4204020, 0, 0, 0
177001, 4253833, 0, 0, 0
178001, 4084456, 0, 0, 0
179016, 4202013, 0, 0, 0
180000, 4227448, 0, 0, 0
180000, 1111675, 0, 0, 0
