1010, 108476084, 0, 0, 0
2003, 125089452, 0, 0, 0
3000, 117220120, 0, 0, 0
4011, 119063463, 0, 0, 0
5007, 125738234, 0, 0, 0
6000, 128822425, 0, 0, 0
7010, 118821057, 0, 0, 0
8004, 127059594, 0, 0, 0
9001, 126462227, 0, 0, 0
10001, 128270090, 0, 0, 0
11006, 125553420, 0, 0, 0
12004, 126597123, 0, 0, 0
13001, 128872236, 0, 0, 0
14000, 135729307, 0, 0, 0
15005, 138219548, 0, 0, 0
16000, 129742578, 0, 0, 0
17009, 128271130, 0, 0, 0
18002, 127463427, 0, 0, 0
19002, 158800922, 0, 0, 0
20007, 135335745, 0, 0, 0
21001, 146045947, 0, 0, 0
22001, 146852565, 0, 0, 0
23005, 146537304, 0, 0, 0
24000, 124558460, 0, 0, 0
25010, 124935665, 0, 0, 0
26000, 127080826, 0, 0, 0
27000, 131815985, 0, 0, 0
28006, 141026744, 0, 0, 0
29000, 146063302, 0, 0, 0
30003, 147747286, 0, 0, 0
31004, 144119140, 0, 0, 0
32004, 134390568, 0, 0, 0
33010, 148739643, 0, 0, 0
34006, 137085415, 0, 0, 0
35002, 136576839, 0, 0, 0
36000, 141571972, 0, 0, 0
37006, 145531602, 0, 0, 0
38000, 145243574, 0, 0, 0
39008, 142169592, 0, 0, 0
40002, 137460884, 0, 0, 0
41001, 140110180, 0, 0, 0
42000, 137631104, 0, 0, 0
43002, 133356869, 0, 0, 0
44000, 137891876, 0, 0, 0
45006, 135231129, 0, 0, 0
46003, 136072466, 0, 0, 0
47001, 145291920, 0, 0, 0
48000, 142694156, 0, 0, 0
49000, 154345968, 0, 0, 0
50002, 146247361, 0, 0, 0
51006, 137127409, 0, 0, 0
52008, 153136939, 0, 0, 0
53000, 154274336, 0, 0, 0
54005, 137042759, 0, 0, 0
55001, 135945736, 0, 0, 0
56001, 128938611, 0, 0, 0
57003, 139031640, 0, 0, 0
58000, 134122445, 0, 0, 0
59009, 138077403, 0, 0, 0
60005, 139598415, 0, 0, 0
61000, 142447493, 0, 0, 0
62007, 144173996, 0, 0, 0
63001, 147238404, 0, 0, 0
64000, 207386949, 0, 0, 0
65005, 115888040, 0, 0, 0
66000, 144424979, 0, 0, 0
67000, 149764104, 0, 0, 0
68002, 145068738, 0, 0, 0
69000, 149410702, 0, 0, 0
70006, 138386661, 0, 0, 0
71002, 137219898, 0, 0, 0
72000, 146214228, 0, 0, 0
73008, 140838315, 0, 0, 0
74002, 151402082, 0, 0, 0
75002, 135120863, 0, 0, 0
76007, 143122437, 0, 0, 0
77000, 140478411, 0, 0, 0
78011, 136198993, 0, 0, 0
79006, 134207557, 0, 0, 0
80002, 137970957, 0, 0, 0
81006, 130922251, 0, 0, 0
82000, 130095829, 0, 0, 0
83000, 131910634, 0, 0, 0
84005, 129436133, 0, 0, 0
85004, 131779591, 0, 0, 0
86000, 134410820, 0, 0, 0
87009, 131766533, 0, 0, 0
88003, 135689726, 0, 0, 0
89001, 132611619, 0, 0, 0
90008, 131360086, 0, 0, 0
91002, 131805214, 0, 0, 0
92000, 130259226, 0, 0, 0
93007, 130514799, 0, 0, 0
94002, 131102382, 0, 0, 0
95000, 128718473, 0, 0, 0
96003, 129542822, 0, 0, 0
97000, 131411513, 0, 0, 0
98003, 132492946, 0, 0, 0
99004, 139360918, 0, 0, 0
100000, 132802795, 0, 0, 0
101006, 128252396, 0, 0, 0
102003, 122533890, 0, 0, 0
103000, 121650531, 0, 0, 0
104002, 120136362, 0, 0, 0
105001, 126581912, 0, 0, 0
106000, 121815031, 0, 0, 0
107006, 123409523, 0, 0, 0
108000, 121775488, 0, 0, 0
109010, 123479161, 0, 0, 0
110001, 124853005, 0, 0, 0
111010, 119524894, 0, 0, 0
112003, 122991642, 0, 0, 0
113000, 120682993, 0, 0, 0
114005, 118074752, 0, 0, 0
115000, 122660976, 0, 0, 0
116011, 129331702, 0, 0, 0
117004, 129274580, 0, 0, 0
118000, 123173135, 0, 0, 0
119000, 121144087, 0, 0, 0
120004, 116337680, 0, 0, 0
121000, 125616137, 0, 0, 0
122009, 149479810, 0, 0, 0
123001, 166878585, 0, 0, 0
124008, 152087383, 0, 0, 0
125001, 141534406, 0, 0, 0
126009, 142955041, 0, 0, 0
127000, 140263942, 0, 0, 0
128000, 138983813, 0, 0, 0
129007, 142043272, 0, 0, 0
130000, 145571683, 0, 0, 0
131000, 134188974, 0, 0, 0
132000, 142442692, 0, 0, 0
133000, 139153362, 0, 0, 0
134000, 147958280, 0, 0, 0
135007, 134565346, 0, 0, 0
136001, 143773511, 0, 0, 0
137000, 146404027, 0, 0, 0
138001, 140888321, 0, 0, 0
139003, 131085540, 0, 0, 0
140001, 131261902, 0, 0, 0
141008, 134945092, 0, 0, 0
142000, 140753726, 0, 0, 0
143000, 141776403, 0, 0, 0
144005, 122630014, 0, 0, 0
145000, 125848347, 0, 0, 0
146001, 140453813, 0, 0, 0
147008, 147104770, 0, 0, 0
148000, 138705297, 0, 0, 0
149001, 134208424, 0, 0, 0
150000, 125087257, 0, 0, 0
151000, 124169305, 0, 0, 0
152002, 130359230, 0, 0, 0
153000, 144250539, 0, 0, 0
154009, 139349647, 0, 0, 0
155002, 140412013, 0, 0, 0
156012, 147313290, 0, 0, 0
157002, 142851835, 0, 0, 0
158001, 140782054, 0, 0, 0
159004, 135573850, 0, 0, 0
160000, 145639386, 0, 0, 0
161000, 159280977, 0, 0, 0
162001, 162986870, 0, 0, 0
163003, 168989750, 0, 0, 0
164010, 142232342, 0, 0, 0
165005, 144215635, 0, 0, 0
166000, 134652723, 0, 0, 0
167013, 142494226, 0, 0, 0
168007, 136210679, 0, 0, 0
169000, 147093337, 0, 0, 0
170011, 147044446, 0, 0, 0
171000, 145049349, 0, 0, 0
172001, 136910126, 0, 0, 0
173001, 145110620, 0, 0, 0
174007, 143885192, 0, 0, 0
175002, 139515790, 0, 0, 0
176000, 142879168, 0, 0, 0
177005, 129460967, 0, 0, 0
178002, 125132066, 0, 0, 0
179009, 125692758, 0, 0, 0
180003, 125438743, 0, 0, 0
180103, 179861562, 0, 0, 0
