1000, 3715261, 0, 0, 0
2027, 4162053, 0, 0, 0
3021, 4178416, 0, 0, 0
4000, 4295602, 0, 0, 0
5000, 4168789, 0, 0, 0
6036, 4198542, 0, 0, 0
7022, 4180119, 0, 0, 0
8000, 4308942, 0, 0, 0
9000, 4163376, 0, 0, 0
10022, 4081637, 0, 0, 0
11027, 4322667, 0, 0, 0
12000, 4137616, 0, 0, 0
13022, 4177693, 0, 0, 0
14001, 4291092, 0, 0, 0
15022, 4154829, 0, 0, 0
16000, 4279489, 0, 0, 0
17025, 4110699, 0, 0, 0
18036, 4164181, 0, 0, 0
19000, 4195779, 0, 0, 0
20022, 4172487, 0, 0, 0
21001, 4269141, 0, 0, 0
22000, 4113444, 0, 0, 0
23023, 4186444, 0, 0, 0
24034, 4151163, 0, 0, 0
25001, 4197729, 0, 0, 0
26000, 4156620, 0, 0, 0
27000, 4251626, 0, 0, 0
28000, 4170712, 0, 0, 0
29000, 4093054, 0, 0, 0
30030, 4209386, 0, 0, 0
31000, 4094030, 0, 0, 0
32000, 4234997, 0, 0, 0
33000, 4213675, 0, 0, 0
34034, 4227250, 0, 0, 0
35022, 4145684, 0, 0, 0
36001, 4308201, 0, 0, 0
37034, 4158598, 0, 0, 0
38000, 4261760, 0, 0, 0
39000, 4176101, 0, 0, 0
40000, 4180882, 0, 0, 0
41000, 4198857, 0, 0, 0
42000, 4183582, 0, 0, 0
43001, 4196582, 0, 0, 0
44023, 4205235, 0, 0, 0
45001, 4176205, 0, 0, 0
46000, 4138834, 0, 0, 0
47000, 4209255, 0, 0, 0
48000, 4212347, 0, 0, 0
49001, 4319613, 0, 0, 0
50000, 4189815, 0, 0, 0
51000, 4100479, 0, 0, 0
52000, 4175246, 0, 0, 0
53000, 4206174, 0, 0, 0
54025, 4184110, 0, 0, 0
55000, 4273433, 0, 0, 0
56001, 4196377, 0, 0, 0
57021, 4131773, 0, 0, 0
58000, 4178183, 0, 0, 0
59000, 4185264, 0, 0, 0
60024, 4186338, 0, 0, 0
61000, 4185540, 0, 0, 0
62021, 4131671, 0, 0, 0
63000, 4120236, 0, 0, 0
64000, 4243702, 0, 0, 0
65023, 4163544, 0, 0, 0
66000, 4201356, 0, 0, 0
67025, 4213287, 0, 0, 0
68000, 4202885, 0, 0, 0
69022, 4218873, 0, 0, 0
70000, 4267122, 0, 0, 0
71028, 4163566, 0, 0, 0
72021, 4121194, 0, 0, 0
73024, 4150507, 0, 0, 0
74034, 4162145, 0, 0, 0
75023, 4233981, 0, 0, 0
76000, 4182376, 0, 0, 0
77000, 4251891, 0, 0, 0
78000, 4119505, 0, 0, 0
79000, 4269055, 0, 0, 0
80000, 4040137, 0, 0, 0
81025, 4205658, 0, 0, 0
82036, 4192801, 0, 0, 0
83000, 4164629, 0, 0, 0
84023, 4070328, 0, 0, 0
85001, 4229467, 0, 0, 0
86000, 4268398, 0, 0, 0
87035, 4163794, 0, 0, 0
88001, 4401257, 0, 0, 0
89000, 4133759, 0, 0, 0
90000, 4264630, 0, 0, 0
91000, 4191643, 0, 0, 0
92035, 4202679, 0, 0, 0
93000, 4234941, 0, 0, 0
94025, 4195085, 0, 0, 0
95021, 4206643, 0, 0, 0
96000, 4184064, 0, 0, 0
97024, 4242469, 0, 0, 0
98034, 4186392, 0, 0, 0
99000, 4290892, 0, 0, 0
100001, 4170617, 0, 0, 0
101000, 4248524, 0, 0, 0
102021, 4114831, 0, 0, 0
103025, 4255338, 0, 0, 0
104000, 4111882, 0, 0, 0
105022, 4205602, 0, 0, 0
106034, 4205863, 0, 0, 0
107000, 4272435, 0, 0, 0
108000, 4141623, 0, 0, 0
109021, 4035789, 0, 0, 0
110030, 4245590, 0, 0, 0
111000, 4113663, 0, 0, 0
112021, 4129779, 0, 0, 0
113001, 4271733, 0, 0, 0
114000, 4118976, 0, 0, 0
115022, 4181921, 0, 0, 0
116000, 4201005, 0, 0, 0
117020, 4241435, 0, 0, 0
118000, 4216163, 0, 0, 0
119022, 4154234, 0, 0, 0
120000, 4139862, 0, 0, 0
121001, 4237117, 0, 0, 0
122001, 4138357, 0, 0, 0
123035, 4256497, 0, 0, 0
124000, 4189989, 0, 0, 0
125000, 4148372, 0, 0, 0
126021, 4102100, 0, 0, 0
127000, 4300533, 0, 0, 0
128000, 4125681, 0, 0, 0
129021, 4207584, 0, 0, 0
130000, 4260947, 0, 0, 0
131001, 4141045, 0, 0, 0
132000, 4114312, 0, 0, 0
133050, 4096299, 0, 0, 0
134000, 4240679, 0, 0, 0
135000, 4168454, 0, 0, 0
136000, 4235845, 0, 0, 0
137000, 4096224, 0, 0, 0
138030, 4182297, 0, 0, 0
139000, 4206222, 0, 0, 0
140000, 4132245, 0, 0, 0
141000, 4255048, 0, 0, 0
142000, 4169320, 0, 0, 0
143000, 4243707, 0, 0, 0
144000, 4262508, 0, 0, 0
145022, 4150465, 0, 0, 0
146022, 4205716, 0, 0, 0
147000, 4173211, 0, 0, 0
148000, 4138035, 0, 0, 0
149021, 4193084, 0, 0, 0
150000, 4152952, 0, 0, 0
151000, 4090436, 0, 0, 0
152030, 4144668, 0, 0, 0
153000, 4267636, 0, 0, 0
154000, 4154670, 0, 0, 0
155033, 4182502, 0, 0, 0
156000, 4314536, 0, 0, 0
157000, 4156202, 0, 0, 0
158004, 4116479, 0, 0, 0
159000, 4262273, 0, 0, 0
160000, 4120503, 0, 0, 0
161000, 4172030, 0, 0, 0
162000, 4291848, 0, 0, 0
163025, 4159027, 0, 0, 0
164000, 4266850, 0, 0, 0
165000, 4206920, 0, 0, 0
166026, 4142374, 0, 0, 0
167020, 4170997, 0, 0, 0
168001, 4264111, 0, 0, 0
169001, 4198468, 0, 0, 0
170000, 4081839, 0, 0, 0
171021, 4120762, 0, 0, 0
172000, 4169075, 0, 0, 0
173000, 4205781, 0, 0, 0
174000, 4190073, 0, 0, 0
175000, 4177562, 0, 0, 0
176000, 4110170, 0, 0, 0
177023, 4200765, 0, 0, 0
178000, 4304958, 0, 0, 0
179025, 4008304, 0, 0, 0
180020, 4167836, 0, 0, 0
180021, 23395980, 0, 0, 0
