1016, 7245792, 1, 0, 0
2011, 8444191, 1, 0, 0
3009, 8428827, 1, 0, 0
4014, 8295208, 1, 0, 0
5014, 8119722, 1, 0, 0
6020, 8439445, 1, 0, 0
7012, 8381618, 1, 0, 0
8023, 8549578, 1, 0, 0
9020, 8442505, 1, 0, 0
10010, 8263707, 1, 0, 0
11022, 8035422, 1, 0, 0
12015, 8405802, 1, 0, 0
13010, 8409910, 1, 0, 0
14013, 8565278, 1, 0, 0
15011, 8610791, 1, 0, 0
16000, 8488210, 1, 0, 0
17013, 8348355, 1, 0, 0
18023, 8477578, 1, 0, 0
19011, 8206212, 1, 0, 0
20010, 8650666, 1, 0, 0
21019, 8427860, 1, 0, 0
22014, 8452673, 1, 0, 0
23011, 8747853, 1, 0, 0
24023, 8905589, 1, 0, 0
25000, 8393735, 1, 0, 0
26009, 8379698, 1, 0, 0
27014, 8481670, 1, 0, 0
28011, 8244565, 1, 0, 0
29009, 8848497, 1, 0, 0
30010, 8707052, 1, 0, 0
31016, 8203471, 1, 0, 0
32012, 8629647, 1, 0, 0
33009, 8549160, 1, 0, 0
34014, 8229610, 1, 0, 0
35010, 8416078, 1, 0, 0
36008, 8235163, 1, 0, 0
37012, 7959321, 1, 0, 0
38014, 8165757, 1, 0, 0
39016, 8417535, 1, 0, 0
40011, 8256437, 1, 0, 0
41011, 8163380, 1, 0, 0
42013, 8363538, 1, 0, 0
43009, 8464768, 1, 0, 0
44014, 8081683, 1, 0, 0
45015, 8330745, 1, 0, 0
46016, 8277054, 1, 0, 0
47009, 8369856, 1, 0, 0
48011, 8314247, 1, 0, 0
49010, 8709125, 1, 0, 0
50012, 8557235, 1, 0, 0
51013, 8426483, 1, 0, 0
52009, 8360654, 1, 0, 0
53000, 8513731, 1, 0, 0
54009, 8053383, 1, 0, 0
55019, 8197311, 1, 0, 0
56011, 8518589, 1, 0, 0
57018, 8418200, 1, 0, 0
58014, 8317073, 1, 0, 0
59023, 8275567, 1, 0, 0
60000, 8533653, 1, 0, 0
61012, 8205944, 1, 0, 0
62021, 8362132, 1, 0, 0
63014, 8512674, 1, 0, 0
64008, 8402572, 1, 0, 0
65008, 8288399, 1, 0, 0
66012, 8300143, 1, 0, 0
67023, 8272807, 1, 0, 0
68017, 8661615, 1, 0, 0
69010, 8267878, 1, 0, 0
70015, 8384058, 1, 0, 0
71014, 8419168, 1, 0, 0
72009, 8182636, 1, 0, 0
73016, 8334037, 1, 0, 0
74011, 8409545, 1, 0, 0
75017, 8471746, 1, 0, 0
76017, 8148505, 1, 0, 0
77012, 8265363, 1, 0, 0
78017, 7958075, 1, 0, 0
79010, 8334883, 1, 0, 0
80010, 8103024, 1, 0, 0
81017, 7959786, 1, 0, 0
82014, 8375737, 1, 0, 0
83023, 8071657, 1, 0, 0
84017, 8524172, 1, 0, 0
85011, 8521451, 1, 0, 0
86018, 8305302, 1, 0, 0
87012, 7915900, 1, 0, 0
88010, 8272030, 1, 0, 0
89017, 8030781, 1, 0, 0
90010, 8118085, 1, 0, 0
91016, 7625102, 1, 0, 0
92013, 8373523, 1, 0, 0
93023, 8330713, 1, 0, 0
94016, 8276337, 1, 0, 0
95008, 8902064, 1, 0, 0
96012, 7773711, 1, 0, 0
97012, 8159632, 1, 0, 0
98009, 8306479, 1, 0, 0
99016, 8346939, 1, 0, 0
100009, 8330277, 1, 0, 0
101009, 8572968, 1, 0, 0
102012, 7827432, 1, 0, 0
103021, 8298174, 1, 0, 0
104015, 8500926, 1, 0, 0
105011, 8274123, 1, 0, 0
106000, 8388820, 1, 0, 0
107011, 8384211, 1, 0, 0
108023, 8304020, 1, 0, 0
109018, 8185442, 1, 0, 0
110010, 8551383, 1, 0, 0
111021, 8419477, 1, 0, 0
112013, 8386582, 1, 0, 0
113023, 8098650, 1, 0, 0
114016, 8374386, 1, 0, 0
115010, 7980881, 1, 0, 0
116014, 8401396, 1, 0, 0
117013, 8261379, 1, 0, 0
118010, 8532273, 1, 0, 0
119013, 8690261, 1, 0, 0
120011, 8257719, 1, 0, 0
121009, 8136520, 1, 0, 0
122014, 8556926, 1, 0, 0
123009, 8199765, 1, 0, 0
124017, 8265898, 1, 0, 0
125011, 8373665, 1, 0, 0
126017, 8510561, 1, 0, 0
127015, 8280876, 1, 0, 0
128023, 8200440, 1, 0, 0
129016, 8293814, 1, 0, 0
130010, 8149082, 1, 0, 0
131011, 8240952, 1, 0, 0
132010, 8764091, 1, 0, 0
133013, 8388636, 1, 0, 0
134015, 8579035, 1, 0, 0
135010, 8243100, 1, 0, 0
136018, 8592581, 1, 0, 0
137011, 8147434, 1, 0, 0
138019, 8265806, 1, 0, 0
139001, 8493718, 1, 0, 0
140022, 8269416, 1, 0, 0
141010, 8729049, 1, 0, 0
142009, 8437600, 1, 0, 0
143019, 8228932, 1, 0, 0
144008, 8688833, 1, 0, 0
145023, 8521621, 1, 0, 0
146015, 8645648, 1, 0, 0
147011, 8362201, 1, 0, 0
148020, 8405425, 1, 0, 0
149013, 8355304, 1, 0, 0
150024, 8411926, 1, 0, 0
151011, 8605945, 1, 0, 0
152009, 8153143, 1, 0, 0
153019, 8214548, 1, 0, 0
154013, 8031386, 1, 0, 0
155013, 8357055, 1, 0, 0
156016, 8526741, 1, 0, 0
157012, 8294402, 1, 0, 0
158011, 8238561, 1, 0, 0
159015, 8185255, 1, 0, 0
160023, 8237879, 1, 0, 0
161016, 8324709, 1, 0, 0
162009, 8514697, 1, 0, 0
163000, 8283694, 1, 0, 0
164014, 8072960, 1, 0, 0
165023, 8304005, 1, 0, 0
166001, 8388563, 1, 0, 0
167009, 8041446, 1, 0, 0
168013, 8294778, 1, 0, 0
169010, 8379984, 1, 0, 0
170021, 8343341, 1, 0, 0
171010, 7963762, 1, 0, 0
172008, 8127956, 1, 0, 0
173019, 8387304, 1, 0, 0
174011, 8267142, 1, 0, 0
175020, 8407381, 1, 0, 0
176013, 8270426, 1, 0, 0
177021, 8243102, 1, 0, 0
178015, 8397120, 1, 0, 0
179009, 8358954, 1, 0, 0
180012, 8528615, 1, 0, 0
180015, 30972923, 1, 0, 0
