999, 2230, 1, 0, 0
2000, 1940, 1, 0, 0
2999, 1773, 1, 0, 0
3999, 1905, 1, 0, 0
5000, 1804, 1, 0, 0
6000, 1948, 1, 0, 0
7000, 1981, 1, 0, 0
8000, 1985, 1, 0, 0
8999, 1921, 1, 0, 0
9999, 1928, 1, 0, 0
11000, 1996, 1, 0, 0
12000, 1865, 1, 0, 0
13000, 1853, 1, 0, 0
14000, 2064, 1, 0, 0
15000, 1909, 1, 0, 0
16000, 1889, 1, 0, 0
17000, 1924, 1, 0, 0
18000, 1845, 1, 0, 0
18999, 1861, 1, 0, 0
20000, 1916, 1, 0, 0
21000, 1853, 1, 0, 0
22000, 1821, 1, 0, 0
23000, 1913, 1, 0, 0
23999, 1889, 1, 0, 0
24999, 1896, 1, 0, 0
26000, 1956, 1, 0, 0
27000, 2058, 1, 0, 0
28000, 1972, 1, 0, 0
29000, 1921, 1, 0, 0
30000, 1757, 1, 0, 0
31000, 1920, 1, 0, 0
32000, 1920, 1, 0, 0
33000, 1900, 1, 0, 0
34000, 1697, 1, 0, 0
35000, 1860, 1, 0, 0
36000, 1932, 1, 0, 0
37000, 2010, 1, 0, 0
38000, 1900, 1, 0, 0
38999, 1913, 1, 0, 0
39999, 1821, 1, 0, 0
41000, 1872, 1, 0, 0
42000, 1932, 1, 0, 0
43000, 1841, 1, 0, 0
44000, 1900, 1, 0, 0
45000, 1893, 1, 0, 0
46000, 1997, 1, 0, 0
47000, 1973, 1, 0, 0
48000, 1881, 1, 0, 0
49000, 1797, 1, 0, 0
50000, 1872, 1, 0, 0
51000, 1993, 1, 0, 0
52000, 1825, 1, 0, 0
53000, 1829, 1, 0, 0
54000, 2128, 1, 0, 0
55000, 1881, 1, 0, 0
56000, 1964, 1, 0, 0
57000, 1920, 1, 0, 0
58000, 1853, 1, 0, 0
59000, 1876, 1, 0, 0
59999, 1997, 1, 0, 0
61000, 1844, 1, 0, 0
61999, 1945, 1, 0, 0
63000, 1884, 1, 0, 0
64000, 2030, 1, 0, 0
65000, 1881, 1, 0, 0
65999, 1913, 1, 0, 0
67000, 1884, 1, 0, 0
68000, 1901, 1, 0, 0
69000, 1929, 1, 0, 0
70000, 1905, 1, 0, 0
70999, 1849, 1, 0, 0
71999, 1897, 1, 0, 0
73000, 1868, 1, 0, 0
74000, 1885, 1, 0, 0
75000, 1869, 1, 0, 0
76000, 1829, 1, 0, 0
77000, 2032, 1, 0, 0
78000, 1913, 1, 0, 0
79000, 1925, 1, 0, 0
80000, 1913, 1, 0, 0
81000, 1896, 1, 0, 0
81999, 1865, 1, 0, 0
83000, 1848, 1, 0, 0
84000, 2002, 1, 0, 0
85000, 1885, 1, 0, 0
86000, 1905, 1, 0, 0
86999, 1981, 1, 0, 0
88000, 1960, 1, 0, 0
89000, 1889, 1, 0, 0
90000, 1745, 1, 0, 0
91000, 1905, 1, 0, 0
91999, 1929, 1, 0, 0
92999, 1865, 1, 0, 0
94000, 1884, 1, 0, 0
95000, 2036, 1, 0, 0
96000, 1849, 1, 0, 0
97000, 1917, 1, 0, 0
98000, 1936, 1, 0, 0
99000, 1937, 1, 0, 0
99999, 1893, 1, 0, 0
100999, 1869, 1, 0, 0
102000, 1884, 1, 0, 0
103000, 1893, 1, 0, 0
104000, 1841, 1, 0, 0
104999, 1989, 1, 0, 0
106000, 1976, 1, 0, 0
107000, 2038, 1, 0, 0
108000, 1917, 1, 0, 0
108999, 1885, 1, 0, 0
109999, 1853, 1, 0, 0
111000, 2120, 1, 0, 0
112000, 2018, 1, 0, 0
113000, 1945, 1, 0, 0
114000, 1924, 1, 0, 0
115000, 1889, 1, 0, 0
116000, 1913, 1, 0, 0
117000, 1937, 1, 0, 0
118000, 1828, 1, 0, 0
119000, 1944, 1, 0, 0
120000, 1933, 1, 0, 0
121000, 1869, 1, 0, 0
121999, 2002, 1, 0, 0
123000, 1960, 1, 0, 0
124000, 1981, 1, 0, 0
125000, 1925, 1, 0, 0
126000, 1981, 1, 0, 0
127000, 1829, 1, 0, 0
128000, 1888, 1, 0, 0
129000, 1885, 1, 0, 0
130000, 1933, 1, 0, 0
131000, 1948, 1, 0, 0
132000, 1921, 1, 0, 0
133000, 1956, 1, 0, 0
133999, 1897, 1, 0, 0
135000, 2052, 1, 0, 0
135999, 1773, 1, 0, 0
136999, 1833, 1, 0, 0
138000, 1800, 1, 0, 0
139000, 2058, 1, 0, 0
140000, 1925, 1, 0, 0
141000, 1953, 1, 0, 0
142000, 1745, 1, 0, 0
143000, 1817, 1, 0, 0
144000, 1964, 1, 0, 0
145000, 1992, 1, 0, 0
146000, 1937, 1, 0, 0
147000, 2002, 1, 0, 0
148000, 1841, 1, 0, 0
149000, 1865, 1, 0, 0
150000, 1972, 1, 0, 0
151000, 1845, 1, 0, 0
151999, 2006, 1, 0, 0
153000, 1912, 1, 0, 0
154000, 1929, 1, 0, 0
155000, 1793, 1, 0, 0
156000, 1845, 1, 0, 0
156999, 2022, 1, 0, 0
158000, 2008, 1, 0, 0
159000, 1993, 1, 0, 0
160000, 1829, 1, 0, 0
161000, 1897, 1, 0, 0
162000, 1936, 1, 0, 0
163000, 1937, 1, 0, 0
163999, 1857, 1, 0, 0
165000, 1860, 1, 0, 0
166000, 1993, 1, 0, 0
167000, 1925, 1, 0, 0
168000, 1881, 1, 0, 0
169000, 1957, 1, 0, 0
170000, 1892, 1, 0, 0
171000, 1924, 1, 0, 0
172000, 1876, 1, 0, 0
173000, 1801, 1, 0, 0
173999, 1877, 1, 0, 0
175000, 1900, 1, 0, 0
176000, 1917, 1, 0, 0
177000, 1869, 1, 0, 0
178000, 1940, 1, 0, 0
179000, 1925, 1, 0, 0
179999, 2102, 1, 0, 0
