1000, 2024, 1, 0, 0
2001, 2123, 1, 0, 0
3000, 2024, 1, 0, 0
4001, 1941, 1, 0, 0
5000, 2161, 1, 0, 0
6000, 2070, 1, 0, 0
7000, 2006, 1, 0, 0
8038, 1949, 1, 0, 0
9000, 1994, 1, 0, 0
10000, 2022, 1, 0, 0
11000, 1984, 1, 0, 0
12002, 2058, 1, 0, 0
13000, 2059, 1, 0, 0
14000, 2044, 1, 0, 0
15000, 2095, 1, 0, 0
16038, 1972, 1, 0, 0
17000, 1984, 1, 0, 0
18026, 1925, 1, 0, 0
19038, 1965, 1, 0, 0
20000, 2038, 1, 0, 0
21002, 1937, 1, 0, 0
22001, 2012, 1, 0, 0
23026, 1944, 1, 0, 0
24003, 2030, 1, 0, 0
25000, 1915, 1, 0, 0
26000, 1983, 1, 0, 0
27007, 1905, 1, 0, 0
28000, 1924, 1, 0, 0
29000, 1912, 1, 0, 0
30027, 2040, 1, 0, 0
31005, 2052, 1, 0, 0
32000, 1991, 1, 0, 0
33001, 1970, 1, 0, 0
34000, 1941, 1, 0, 0
35000, 1925, 1, 0, 0
36001, 2072, 1, 0, 0
37027, 2061, 1, 0, 0
38001, 1893, 1, 0, 0
39025, 1916, 1, 0, 0
40000, 1955, 1, 0, 0
41028, 1918, 1, 0, 0
42001, 1941, 1, 0, 0
43001, 1891, 1, 0, 0
44000, 1941, 1, 0, 0
45002, 1966, 1, 0, 0
46000, 2105, 1, 0, 0
47003, 2080, 1, 0, 0
48000, 1876, 1, 0, 0
49000, 1930, 1, 0, 0
50000, 2094, 1, 0, 0
51000, 2004, 1, 0, 0
52000, 2040, 1, 0, 0
53000, 2130, 1, 0, 0
54000, 1987, 1, 0, 0
55000, 2028, 1, 0, 0
56000, 2030, 1, 0, 0
57003, 2076, 1, 0, 0
58038, 2013, 1, 0, 0
59000, 1925, 1, 0, 0
60030, 2031, 1, 0, 0
61000, 1975, 1, 0, 0
62029, 1950, 1, 0, 0
63001, 2095, 1, 0, 0
64002, 2078, 1, 0, 0
65000, 2081, 1, 0, 0
66000, 2069, 1, 0, 0
67000, 2189, 1, 0, 0
68000, 2087, 1, 0, 0
69000, 1993, 1, 0, 0
70038, 2061, 1, 0, 0
71001, 2061, 1, 0, 0
72006, 1953, 1, 0, 0
73000, 2066, 1, 0, 0
74001, 2152, 1, 0, 0
75002, 2089, 1, 0, 0
76001, 1988, 1, 0, 0
77000, 2035, 1, 0, 0
78001, 1964, 1, 0, 0
79000, 1972, 1, 0, 0
80001, 2005, 1, 0, 0
81001, 1984, 1, 0, 0
82037, 2064, 1, 0, 0
83000, 1946, 1, 0, 0
84003, 1995, 1, 0, 0
85001, 2058, 1, 0, 0
86000, 1963, 1, 0, 0
87001, 1923, 1, 0, 0
88025, 2035, 1, 0, 0
89001, 1998, 1, 0, 0
90028, 2055, 1, 0, 0
91002, 2036, 1, 0, 0
92004, 2013, 1, 0, 0
93001, 1913, 1, 0, 0
94002, 1921, 1, 0, 0
95001, 1996, 1, 0, 0
96001, 2078, 1, 0, 0
97003, 2112, 1, 0, 0
98001, 1990, 1, 0, 0
99024, 1963, 1, 0, 0
100036, 2027, 1, 0, 0
101000, 1944, 1, 0, 0
102001, 2042, 1, 0, 0
103026, 1950, 1, 0, 0
104000, 2068, 1, 0, 0
105026, 2054, 1, 0, 0
106037, 2120, 1, 0, 0
107001, 2009, 1, 0, 0
108025, 1980, 1, 0, 0
109002, 2075, 1, 0, 0
110004, 2057, 1, 0, 0
111039, 1844, 1, 0, 0
112000, 1881, 1, 0, 0
113000, 1979, 1, 0, 0
114001, 2067, 1, 0, 0
115000, 2022, 1, 0, 0
116001, 1971, 1, 0, 0
117001, 2063, 1, 0, 0
118002, 2056, 1, 0, 0
119001, 2077, 1, 0, 0
120025, 2031, 1, 0, 0
121001, 2058, 1, 0, 0
122006, 1906, 1, 0, 0
123001, 1851, 1, 0, 0
124003, 2110, 1, 0, 0
125028, 1943, 1, 0, 0
126028, 1948, 1, 0, 0
127000, 2040, 1, 0, 0
128000, 2004, 1, 0, 0
129001, 1901, 1, 0, 0
130000, 1944, 1, 0, 0
131027, 2025, 1, 0, 0
132053, 1997, 1, 0, 0
133000, 2048, 1, 0, 0
134003, 1956, 1, 0, 0
135024, 1985, 1, 0, 0
136000, 2046, 1, 0, 0
137002, 1901, 1, 0, 0
138000, 1994, 1, 0, 0
139000, 1913, 1, 0, 0
140000, 1914, 1, 0, 0
141000, 1988, 1, 0, 0
142001, 2129, 1, 0, 0
143025, 2063, 1, 0, 0
144000, 2087, 1, 0, 0
145024, 2016, 1, 0, 0
146038, 2008, 1, 0, 0
147002, 1913, 1, 0, 0
148025, 1938, 1, 0, 0
149001, 2086, 1, 0, 0
150001, 1967, 1, 0, 0
151040, 1991, 1, 0, 0
152000, 1929, 1, 0, 0
153000, 2032, 1, 0, 0
154001, 1968, 1, 0, 0
155000, 1983, 1, 0, 0
156000, 2094, 1, 0, 0
157024, 2183, 1, 0, 0
158000, 1962, 1, 0, 0
159029, 1994, 1, 0, 0
160025, 2074, 1, 0, 0
161000, 1966, 1, 0, 0
162000, 2032, 1, 0, 0
163003, 1893, 1, 0, 0
164002, 2011, 1, 0, 0
165001, 2022, 1, 0, 0
166000, 1912, 1, 0, 0
167000, 1992, 1, 0, 0
168004, 1968, 1, 0, 0
169004, 2020, 1, 0, 0
170003, 1908, 1, 0, 0
171003, 1824, 1, 0, 0
172028, 2027, 1, 0, 0
173004, 1894, 1, 0, 0
174003, 2049, 1, 0, 0
175000, 2015, 1, 0, 0
176025, 1955, 1, 0, 0
177000, 1979, 1, 0, 0
178001, 1927, 1, 0, 0
179024, 1972, 1, 0, 0
180028, 2008, 1, 0, 0
