1010, 112417254, 0, 0, 0
2003, 126241955, 0, 0, 0
3000, 116800688, 0, 0, 0
4011, 119617975, 0, 0, 0
5007, 126431719, 0, 0, 0
6000, 127387224, 0, 0, 0
7009, 119502684, 0, 0, 0
8005, 127290553, 0, 0, 0
9001, 126316133, 0, 0, 0
10000, 128773925, 0, 0, 0
11006, 125856205, 0, 0, 0
12005, 127364060, 0, 0, 0
13000, 128296926, 0, 0, 0
14000, 130801307, 0, 0, 0
15006, 152109890, 0, 0, 0
16000, 132846187, 0, 0, 0
17009, 141686188, 0, 0, 0
18002, 137983627, 0, 0, 0
19000, 142753006, 0, 0, 0
20005, 159975721, 0, 0, 0
21000, 142076522, 0, 0, 0
22000, 157001438, 0, 0, 0
23005, 130405773, 0, 0, 0
24000, 125733423, 0, 0, 0
25009, 139104134, 0, 0, 0
26001, 130886443, 0, 0, 0
27001, 140064523, 0, 0, 0
28007, 134783092, 0, 0, 0
29001, 141376408, 0, 0, 0
30001, 141025448, 0, 0, 0
31003, 142636197, 0, 0, 0
32000, 143583005, 0, 0, 0
33009, 140837750, 0, 0, 0
34005, 126749025, 0, 0, 0
35002, 129476945, 0, 0, 0
36001, 126346056, 0, 0, 0
37007, 126118358, 0, 0, 0
38001, 125226556, 0, 0, 0
39007, 128937012, 0, 0, 0
40002, 126981620, 0, 0, 0
41000, 124943259, 0, 0, 0
42000, 127230925, 0, 0, 0
43002, 128677894, 0, 0, 0
44000, 127119556, 0, 0, 0
45006, 125757702, 0, 0, 0
46003, 126223583, 0, 0, 0
47000, 126752109, 0, 0, 0
48000, 127954347, 0, 0, 0
49000, 126901637, 0, 0, 0
50001, 123412803, 0, 0, 0
51003, 125165174, 0, 0, 0
52004, 133049182, 0, 0, 0
53001, 122943356, 0, 0, 0
54005, 125728385, 0, 0, 0
55000, 127968133, 0, 0, 0
56000, 131817101, 0, 0, 0
57003, 131939021, 0, 0, 0
58004, 132799255, 0, 0, 0
59008, 129057169, 0, 0, 0
60003, 129772210, 0, 0, 0
61000, 130923170, 0, 0, 0
62009, 129299368, 0, 0, 0
63002, 122991153, 0, 0, 0
64000, 119616441, 0, 0, 0
65002, 117284454, 0, 0, 0
66000, 122608862, 0, 0, 0
67000, 124348147, 0, 0, 0
68003, 125069495, 0, 0, 0
69000, 123497318, 0, 0, 0
70006, 127744602, 0, 0, 0
71002, 127007500, 0, 0, 0
72001, 123743796, 0, 0, 0
73007, 124507316, 0, 0, 0
74002, 125972364, 0, 0, 0
75002, 135890481, 0, 0, 0
76003, 128570851, 0, 0, 0
77000, 128461717, 0, 0, 0
78012, 144057424, 0, 0, 0
79004, 141481474, 0, 0, 0
80000, 128126606, 0, 0, 0
81006, 134163352, 0, 0, 0
82000, 137855265, 0, 0, 0
83001, 141218664, 0, 0, 0
84004, 141746938, 0, 0, 0
85002, 133608397, 0, 0, 0
86000, 131315347, 0, 0, 0
87008, 133806602, 0, 0, 0
88003, 134057903, 0, 0, 0
89002, 132672905, 0, 0, 0
90008, 138282797, 0, 0, 0
91002, 132856240, 0, 0, 0
92000, 134663305, 0, 0, 0
93006, 132366147, 0, 0, 0
94002, 131199562, 0, 0, 0
95000, 130679895, 0, 0, 0
96005, 133875457, 0, 0, 0
97000, 134635589, 0, 0, 0
98003, 131205276, 0, 0, 0
99001, 135114040, 0, 0, 0
100000, 127464466, 0, 0, 0
101007, 126259835, 0, 0, 0
102003, 125554531, 0, 0, 0
103000, 123446555, 0, 0, 0
104001, 118702050, 0, 0, 0
105001, 125461855, 0, 0, 0
106000, 121324772, 0, 0, 0
107005, 123883434, 0, 0, 0
108000, 121828015, 0, 0, 0
109008, 123877974, 0, 0, 0
110001, 124118187, 0, 0, 0
111009, 120124060, 0, 0, 0
112002, 123291983, 0, 0, 0
113000, 121159578, 0, 0, 0
114005, 118640020, 0, 0, 0
115001, 122047153, 0, 0, 0
116010, 129242961, 0, 0, 0
117004, 128024421, 0, 0, 0
118001, 123747896, 0, 0, 0
119000, 121021718, 0, 0, 0
120005, 117608284, 0, 0, 0
121000, 116921032, 0, 0, 0
122008, 121761133, 0, 0, 0
123000, 121827326, 0, 0, 0
124007, 119195020, 0, 0, 0
125001, 124079787, 0, 0, 0
126008, 124388642, 0, 0, 0
127000, 118980958, 0, 0, 0
128000, 121461366, 0, 0, 0
129005, 123499792, 0, 0, 0
130000, 147489431, 0, 0, 0
131002, 159789370, 0, 0, 0
132000, 162133515, 0, 0, 0
133001, 139514945, 0, 0, 0
134000, 158382621, 0, 0, 0
135007, 144152940, 0, 0, 0
136001, 141277347, 0, 0, 0
137001, 129409731, 0, 0, 0
138000, 142473805, 0, 0, 0
139001, 137701616, 0, 0, 0
140000, 136340096, 0, 0, 0
141006, 129370511, 0, 0, 0
142000, 131029179, 0, 0, 0
143001, 132920915, 0, 0, 0
144006, 140793804, 0, 0, 0
145000, 142911055, 0, 0, 0
146001, 134456025, 0, 0, 0
147007, 142129116, 0, 0, 0
148000, 136388306, 0, 0, 0
149004, 138149439, 0, 0, 0
150000, 146160543, 0, 0, 0
151001, 143303640, 0, 0, 0
152002, 156037534, 0, 0, 0
153003, 139640529, 0, 0, 0
154007, 145581378, 0, 0, 0
155002, 137662409, 0, 0, 0
156010, 147933099, 0, 0, 0
157003, 143626977, 0, 0, 0
158000, 146116349, 0, 0, 0
159004, 151323523, 0, 0, 0
160000, 146481064, 0, 0, 0
161000, 142218268, 0, 0, 0
162000, 143930118, 0, 0, 0
163001, 154161728, 0, 0, 0
164011, 148503302, 0, 0, 0
165001, 137999398, 0, 0, 0
166001, 142330771, 0, 0, 0
167010, 142596163, 0, 0, 0
168005, 155992381, 0, 0, 0
169002, 144984389, 0, 0, 0
170010, 149178759, 0, 0, 0
171001, 142234117, 0, 0, 0
172002, 147131681, 0, 0, 0
173000, 146748135, 0, 0, 0
174007, 146239375, 0, 0, 0
175001, 128917846, 0, 0, 0
176000, 120560600, 0, 0, 0
177006, 141006945, 0, 0, 0
178000, 148976444, 0, 0, 0
179009, 135270321, 0, 0, 0
180002, 141356871, 0, 0, 0
180102, 215884632, 0, 0, 0
