1002, 2140, 0, 0, 0
2001, 2078, 0, 0, 0
3000, 2017, 0, 0, 0
4001, 2050, 0, 0, 0
5000, 1991, 0, 0, 0
6001, 2002, 0, 0, 0
7001, 1934, 0, 0, 0
8000, 1938, 0, 0, 0
9000, 1983, 0, 0, 0
10001, 1993, 0, 0, 0
11000, 1923, 0, 0, 0
12000, 1951, 0, 0, 0
13000, 1893, 0, 0, 0
14000, 1944, 0, 0, 0
15001, 2020, 0, 0, 0
16000, 1944, 0, 0, 0
17002, 1910, 0, 0, 0
18002, 2007, 0, 0, 0
19000, 2009, 0, 0, 0
20001, 1955, 0, 0, 0
21001, 1998, 0, 0, 0
22000, 1870, 0, 0, 0
23000, 1994, 0, 0, 0
24003, 2087, 0, 0, 0
25001, 1891, 0, 0, 0
26001, 2001, 0, 0, 0
27003, 1971, 0, 0, 0
28001, 2004, 0, 0, 0
29000, 1883, 0, 0, 0
30002, 1976, 0, 0, 0
31001, 2022, 0, 0, 0
32000, 1971, 0, 0, 0
33000, 1980, 0, 0, 0
34000, 1952, 0, 0, 0
35001, 1941, 0, 0, 0
36001, 2009, 0, 0, 0
37001, 1964, 0, 0, 0
38000, 1983, 0, 0, 0
39000, 2073, 0, 0, 0
40001, 1998, 0, 0, 0
41000, 1984, 0, 0, 0
42000, 1987, 0, 0, 0
43000, 2064, 0, 0, 0
44001, 2068, 0, 0, 0
45001, 1992, 0, 0, 0
46000, 2040, 0, 0, 0
47002, 2001, 0, 0, 0
48000, 1990, 0, 0, 0
49001, 2010, 0, 0, 0
50001, 2059, 0, 0, 0
51000, 2038, 0, 0, 0
52001, 2043, 0, 0, 0
53002, 2053, 0, 0, 0
54000, 2020, 0, 0, 0
55001, 2001, 0, 0, 0
56001, 1983, 0, 0, 0
57001, 2069, 0, 0, 0
58000, 1981, 0, 0, 0
59001, 1996, 0, 0, 0
60000, 2019, 0, 0, 0
61001, 1969, 0, 0, 0
62000, 2005, 0, 0, 0
63000, 2013, 0, 0, 0
64000, 1987, 0, 0, 0
65000, 2008, 0, 0, 0
66000, 2022, 0, 0, 0
67000, 2023, 0, 0, 0
68000, 2038, 0, 0, 0
69000, 1987, 0, 0, 0
70000, 2037, 0, 0, 0
71000, 1937, 0, 0, 0
72001, 2102, 0, 0, 0
73001, 1936, 0, 0, 0
74001, 1946, 0, 0, 0
75001, 1902, 0, 0, 0
76000, 1967, 0, 0, 0
77000, 1947, 0, 0, 0
78001, 1934, 0, 0, 0
79000, 2036, 0, 0, 0
80000, 2037, 0, 0, 0
81001, 1982, 0, 0, 0
82000, 2065, 0, 0, 0
83000, 1902, 0, 0, 0
84001, 1979, 0, 0, 0
85001, 1982, 0, 0, 0
86000, 1962, 0, 0, 0
87000, 2047, 0, 0, 0
88000, 1986, 0, 0, 0
89000, 1920, 0, 0, 0
90001, 1990, 0, 0, 0
91001, 2103, 0, 0, 0
92002, 1914, 0, 0, 0
93000, 1930, 0, 0, 0
94002, 1942, 0, 0, 0
95008, 1989, 0, 0, 0
96003, 1926, 0, 0, 0
97000, 1999, 0, 0, 0
98000, 1959, 0, 0, 0
99001, 2172, 0, 0, 0
100001, 1983, 0, 0, 0
101000, 1916, 0, 0, 0
102001, 1942, 0, 0, 0
103000, 1977, 0, 0, 0
104002, 1951, 0, 0, 0
105000, 1956, 0, 0, 0
106000, 1968, 0, 0, 0
107001, 2024, 0, 0, 0
108001, 2032, 0, 0, 0
109000, 2039, 0, 0, 0
110002, 2021, 0, 0, 0
111000, 1942, 0, 0, 0
112000, 1990, 0, 0, 0
113002, 1928, 0, 0, 0
114003, 1913, 0, 0, 0
115001, 1939, 0, 0, 0
116000, 1978, 0, 0, 0
117004, 1947, 0, 0, 0
118000, 2041, 0, 0, 0
119001, 2025, 0, 0, 0
120001, 1968, 0, 0, 0
121019, 2005, 0, 0, 0
122001, 2095, 0, 0, 0
123002, 2012, 0, 0, 0
124000, 2010, 0, 0, 0
125000, 2050, 0, 0, 0
126000, 1974, 0, 0, 0
127001, 2004, 0, 0, 0
128001, 2039, 0, 0, 0
129000, 1898, 0, 0, 0
130000, 2058, 0, 0, 0
131000, 1893, 0, 0, 0
132000, 1977, 0, 0, 0
133000, 2040, 0, 0, 0
134000, 1951, 0, 0, 0
135005, 1864, 0, 0, 0
136001, 1980, 0, 0, 0
137001, 1923, 0, 0, 0
138000, 2016, 0, 0, 0
139000, 2035, 0, 0, 0
140000, 2031, 0, 0, 0
141001, 2017, 0, 0, 0
142000, 2102, 0, 0, 0
143000, 2011, 0, 0, 0
144000, 2035, 0, 0, 0
145000, 2034, 0, 0, 0
146001, 1951, 0, 0, 0
147001, 1992, 0, 0, 0
148001, 2013, 0, 0, 0
149000, 1992, 0, 0, 0
150001, 1978, 0, 0, 0
151001, 2024, 0, 0, 0
152000, 1980, 0, 0, 0
153000, 1933, 0, 0, 0
154001, 2008, 0, 0, 0
155000, 1990, 0, 0, 0
156000, 1975, 0, 0, 0
157001, 1969, 0, 0, 0
158000, 1998, 0, 0, 0
159001, 1959, 0, 0, 0
160002, 1932, 0, 0, 0
161001, 2018, 0, 0, 0
162000, 2006, 0, 0, 0
163004, 1939, 0, 0, 0
164001, 1964, 0, 0, 0
165001, 1988, 0, 0, 0
166002, 1996, 0, 0, 0
167000, 1940, 0, 0, 0
168002, 1976, 0, 0, 0
169001, 1969, 0, 0, 0
170002, 1864, 0, 0, 0
171030, 1928, 0, 0, 0
172000, 1996, 0, 0, 0
173000, 2021, 0, 0, 0
174000, 1955, 0, 0, 0
175001, 1994, 0, 0, 0
176006, 2041, 0, 0, 0
177001, 2006, 0, 0, 0
178002, 2023, 0, 0, 0
179000, 2015, 0, 0, 0
180001, 1994, 0, 0, 0
