1000, 8480, 0, 0, 0
2000, 7535, 0, 0, 0
3000, 7557, 0, 0, 0
4000, 7777, 0, 0, 0
5001, 7497, 0, 0, 0
6000, 7784, 0, 0, 0
7000, 7746, 0, 0, 0
8000, 7400, 0, 0, 0
9000, 7797, 0, 0, 0
10000, 7452, 0, 0, 0
11000, 7829, 0, 0, 0
12000, 7794, 0, 0, 0
13000, 7380, 0, 0, 0
14000, 7796, 0, 0, 0
15000, 7624, 0, 0, 0
16000, 7606, 0, 0, 0
17000, 7708, 0, 0, 0
18000, 7537, 0, 0, 0
19000, 7826, 0, 0, 0
20000, 7658, 0, 0, 0
21000, 7593, 0, 0, 0
22000, 7599, 0, 0, 0
23000, 7605, 0, 0, 0
24000, 7659, 0, 0, 0
25000, 7778, 0, 0, 0
26000, 7495, 0, 0, 0
27000, 7635, 0, 0, 0
28000, 7785, 0, 0, 0
29000, 7426, 0, 0, 0
30000, 7658, 0, 0, 0
31000, 7775, 0, 0, 0
32000, 7552, 0, 0, 0
33000, 7840, 0, 0, 0
34000, 7544, 0, 0, 0
35000, 7828, 0, 0, 0
36000, 7448, 0, 0, 0
37000, 7825, 0, 0, 0
38000, 7491, 0, 0, 0
39000, 7812, 0, 0, 0
40000, 7496, 0, 0, 0
41000, 7769, 0, 0, 0
42000, 7444, 0, 0, 0
43000, 7674, 0, 0, 0
44000, 7858, 0, 0, 0
45000, 7708, 0, 0, 0
46000, 7440, 0, 0, 0
47000, 7769, 0, 0, 0
48000, 7535, 0, 0, 0
49000, 7673, 0, 0, 0
50000, 7846, 0, 0, 0
51000, 7677, 0, 0, 0
52000, 7450, 0, 0, 0
53000, 7861, 0, 0, 0
54000, 7485, 0, 0, 0
55000, 7712, 0, 0, 0
56000, 7736, 0, 0, 0
57000, 7505, 0, 0, 0
58000, 7827, 0, 0, 0
59000, 7687, 0, 0, 0
60000, 7497, 0, 0, 0
60999, 7664, 0, 0, 0
62000, 7981, 0, 0, 0
62999, 7651, 0, 0, 0
64000, 7492, 0, 0, 0
65000, 7788, 0, 0, 0
66000, 7460, 0, 0, 0
67000, 7779, 0, 0, 0
68000, 7791, 0, 0, 0
68999, 7410, 0, 0, 0
70000, 7814, 0, 0, 0
71000, 7574, 0, 0, 0
72000, 7853, 0, 0, 0
73000, 7501, 0, 0, 0
74000, 7853, 0, 0, 0
75000, 7467, 0, 0, 0
76000, 7819, 0, 0, 0
77000, 7533, 0, 0, 0
78000, 7524, 0, 0, 0
79000, 7729, 0, 0, 0
79999, 7620, 0, 0, 0
81000, 7653, 0, 0, 0
82000, 7769, 0, 0, 0
83000, 7537, 0, 0, 0
84000, 7670, 0, 0, 0
85000, 7760, 0, 0, 0
86000, 7471, 0, 0, 0
87000, 7696, 0, 0, 0
88000, 7725, 0, 0, 0
89000, 7857, 0, 0, 0
90000, 7616, 0, 0, 0
91000, 7517, 0, 0, 0
92000, 7771, 0, 0, 0
93000, 7396, 0, 0, 0
94000, 7824, 0, 0, 0
95000, 7518, 0, 0, 0
96000, 7681, 0, 0, 0
97000, 7831, 0, 0, 0
98000, 7483, 0, 0, 0
99000, 7698, 0, 0, 0
99999, 7891, 0, 0, 0
101000, 7329, 0, 0, 0
102000, 7755, 0, 0, 0
102999, 7782, 0, 0, 0
104000, 7409, 0, 0, 0
105000, 7830, 0, 0, 0
106000, 7538, 0, 0, 0
107000, 7818, 0, 0, 0
108000, 7727, 0, 0, 0
109000, 7424, 0, 0, 0
110000, 7791, 0, 0, 0
111000, 7544, 0, 0, 0
112000, 7771, 0, 0, 0
113000, 7639, 0, 0, 0
114000, 7744, 0, 0, 0
115000, 7673, 0, 0, 0
116000, 7492, 0, 0, 0
117000, 7493, 0, 0, 0
118000, 7813, 0, 0, 0
119000, 7745, 0, 0, 0
120000, 7403, 0, 0, 0
121000, 7826, 0, 0, 0
122000, 7598, 0, 0, 0
123000, 7611, 0, 0, 0
124000, 7779, 0, 0, 0
125000, 7412, 0, 0, 0
126000, 7879, 0, 0, 0
127000, 7517, 0, 0, 0
128000, 7589, 0, 0, 0
129000, 7649, 0, 0, 0
130000, 7602, 0, 0, 0
131000, 7750, 0, 0, 0
132000, 7550, 0, 0, 0
133000, 7617, 0, 0, 0
134000, 7757, 0, 0, 0
135000, 7628, 0, 0, 0
136000, 7575, 0, 0, 0
137000, 7829, 0, 0, 0
137999, 7367, 0, 0, 0
139000, 7642, 0, 0, 0
140000, 7598, 0, 0, 0
140999, 7611, 0, 0, 0
142000, 7832, 0, 0, 0
143000, 7490, 0, 0, 0
144000, 7698, 0, 0, 0
145000, 7735, 0, 0, 0
146000, 7778, 0, 0, 0
147000, 7390, 0, 0, 0
148000, 7898, 0, 0, 0
149000, 7624, 0, 0, 0
150000, 7528, 0, 0, 0
151000, 7760, 0, 0, 0
152000, 7682, 0, 0, 0
152999, 7480, 0, 0, 0
154000, 7540, 0, 0, 0
155000, 7757, 0, 0, 0
156000, 7758, 0, 0, 0
157000, 7688, 0, 0, 0
158000, 7365, 0, 0, 0
159000, 7810, 0, 0, 0
159999, 7789, 0, 0, 0
161000, 7405, 0, 0, 0
162000, 7947, 0, 0, 0
163000, 7437, 0, 0, 0
164000, 7727, 0, 0, 0
165000, 7837, 0, 0, 0
166000, 7445, 0, 0, 0
167000, 7842, 0, 0, 0
168000, 7449, 0, 0, 0
168999, 7717, 0, 0, 0
170000, 7801, 0, 0, 0
170999, 7482, 0, 0, 0
172000, 7631, 0, 0, 0
173000, 7769, 0, 0, 0
174000, 7602, 0, 0, 0
175000, 7821, 0, 0, 0
176000, 7479, 0, 0, 0
177000, 7659, 0, 0, 0
178000, 7660, 0, 0, 0
179000, 7391, 0, 0, 0
180000, 7769, 0, 0, 0
