1000, 7352824, 1, 0, 0
2001, 7821499, 1, 0, 0
3000, 8076405, 1, 0, 0
4001, 8759770, 1, 0, 0
5001, 8622723, 1, 0, 0
6001, 8919465, 1, 0, 0
7001, 8178622, 1, 0, 0
8037, 8880420, 1, 0, 0
9003, 8249574, 1, 0, 0
10000, 9280696, 1, 0, 0
11000, 8481751, 1, 0, 0
12002, 7821237, 1, 0, 0
13002, 8408905, 1, 0, 0
14002, 8343244, 1, 0, 0
15024, 8721841, 1, 0, 0
16035, 8602813, 1, 0, 0
17002, 8601482, 1, 0, 0
18000, 8071149, 1, 0, 0
19037, 8024920, 1, 0, 0
20000, 8423948, 1, 0, 0
21002, 7614647, 1, 0, 0
22000, 8660557, 1, 0, 0
23025, 8205904, 1, 0, 0
24001, 8493360, 1, 0, 0
25000, 8718467, 1, 0, 0
26002, 8148779, 1, 0, 0
27006, 8349068, 1, 0, 0
28002, 8625667, 1, 0, 0
29024, 8669248, 1, 0, 0
30026, 8714913, 1, 0, 0
31003, 8753762, 1, 0, 0
32031, 7969149, 1, 0, 0
33000, 8971170, 1, 0, 0
34000, 8426028, 1, 0, 0
35002, 8873481, 1, 0, 0
36025, 8755533, 1, 0, 0
37000, 8083184, 1, 0, 0
38000, 7964513, 1, 0, 0
39024, 8559131, 1, 0, 0
40001, 8581309, 1, 0, 0
41027, 8330005, 1, 0, 0
42030, 8520360, 1, 0, 0
43000, 7888716, 1, 0, 0
44001, 7902025, 1, 0, 0
45000, 8924081, 1, 0, 0
46001, 7822908, 1, 0, 0
47002, 8368992, 1, 0, 0
48000, 8835294, 1, 0, 0
49007, 8507473, 1, 0, 0
50001, 8665437, 1, 0, 0
51000, 8261262, 1, 0, 0
52000, 8169853, 1, 0, 0
53000, 7958426, 1, 0, 0
54028, 8634859, 1, 0, 0
55000, 8756512, 1, 0, 0
56002, 8453836, 1, 0, 0
57000, 8384245, 1, 0, 0
58038, 8259807, 1, 0, 0
59028, 8672717, 1, 0, 0
60030, 7813571, 1, 0, 0
61000, 7906024, 1, 0, 0
62000, 8142182, 1, 0, 0
63000, 7920999, 1, 0, 0
64031, 8033621, 1, 0, 0
65002, 7894025, 1, 0, 0
66002, 8274041, 1, 0, 0
67002, 9023295, 1, 0, 0
68000, 9076695, 1, 0, 0
69002, 8796066, 1, 0, 0
70037, 8195768, 1, 0, 0
71002, 8201296, 1, 0, 0
72002, 9162753, 1, 0, 0
73000, 8739535, 1, 0, 0
74000, 8110031, 1, 0, 0
75000, 8076976, 1, 0, 0
76037, 8524299, 1, 0, 0
77000, 8066862, 1, 0, 0
78003, 8048033, 1, 0, 0
79002, 8641937, 1, 0, 0
80000, 8477037, 1, 0, 0
81000, 8316899, 1, 0, 0
82037, 8247409, 1, 0, 0
83000, 8024035, 1, 0, 0
84003, 8147774, 1, 0, 0
85002, 8489612, 1, 0, 0
86000, 8226434, 1, 0, 0
87002, 8385654, 1, 0, 0
88000, 8608600, 1, 0, 0
89001, 8297167, 1, 0, 0
90028, 7713836, 1, 0, 0
91000, 8294809, 1, 0, 0
92000, 8001443, 1, 0, 0
93040, 8378293, 1, 0, 0
94000, 8323408, 1, 0, 0
95000, 8880195, 1, 0, 0
96036, 8697751, 1, 0, 0
97000, 8087181, 1, 0, 0
98000, 8020667, 1, 0, 0
99024, 8531132, 1, 0, 0
100035, 7843433, 1, 0, 0
101000, 9084596, 1, 0, 0
102000, 8536883, 1, 0, 0
103025, 8589963, 1, 0, 0
104001, 8264525, 1, 0, 0
105025, 8203292, 1, 0, 0
106036, 8115197, 1, 0, 0
107001, 8517320, 1, 0, 0
108024, 7746676, 1, 0, 0
109001, 9051113, 1, 0, 0
110029, 8081276, 1, 0, 0
111038, 8870999, 1, 0, 0
112000, 8402541, 1, 0, 0
113002, 7824791, 1, 0, 0
114002, 7785417, 1, 0, 0
115005, 8146127, 1, 0, 0
116000, 8569854, 1, 0, 0
117024, 8177777, 1, 0, 0
118003, 8497196, 1, 0, 0
119000, 8546873, 1, 0, 0
120025, 8064085, 1, 0, 0
121000, 9035075, 1, 0, 0
122009, 8172553, 1, 0, 0
123024, 8629095, 1, 0, 0
124000, 8126866, 1, 0, 0
125002, 8349806, 1, 0, 0
126027, 9073073, 1, 0, 0
127000, 8196956, 1, 0, 0
128001, 7779413, 1, 0, 0
129000, 8305374, 1, 0, 0
130004, 8199498, 1, 0, 0
131001, 7721950, 1, 0, 0
132049, 8991336, 1, 0, 0
133001, 8190071, 1, 0, 0
134000, 8285831, 1, 0, 0
135024, 8702463, 1, 0, 0
136001, 8798273, 1, 0, 0
137000, 8386608, 1, 0, 0
138000, 9350270, 1, 0, 0
139028, 8612809, 1, 0, 0
140000, 8703817, 1, 0, 0
141031, 8323015, 1, 0, 0
142000, 8122711, 1, 0, 0
143024, 7988102, 1, 0, 0
144000, 7891082, 1, 0, 0
145025, 8441367, 1, 0, 0
146037, 8452274, 1, 0, 0
147000, 8385096, 1, 0, 0
148023, 8261770, 1, 0, 0
149001, 8463421, 1, 0, 0
150002, 8454832, 1, 0, 0
151038, 8153555, 1, 0, 0
152000, 8901768, 1, 0, 0
153000, 7865935, 1, 0, 0
154001, 8247111, 1, 0, 0
155000, 8362486, 1, 0, 0
156001, 7580846, 1, 0, 0
157000, 7858152, 1, 0, 0
158000, 8418760, 1, 0, 0
159000, 7835818, 1, 0, 0
160023, 8589912, 1, 0, 0
161002, 8624205, 1, 0, 0
162000, 7750444, 1, 0, 0
163001, 8526245, 1, 0, 0
164001, 8078455, 1, 0, 0
165000, 8847069, 1, 0, 0
166000, 8511223, 1, 0, 0
167002, 9289579, 1, 0, 0
168000, 8476121, 1, 0, 0
169000, 8357011, 1, 0, 0
170000, 7899850, 1, 0, 0
171001, 8670703, 1, 0, 0
172027, 8378594, 1, 0, 0
173002, 8395208, 1, 0, 0
174002, 8317949, 1, 0, 0
175003, 8451339, 1, 0, 0
176025, 8762241, 1, 0, 0
177000, 8319120, 1, 0, 0
178000, 7641922, 1, 0, 0
179024, 8946004, 1, 0, 0
180027, 8906237, 1, 0, 0
180028, 31973998, 1, 0, 0
