1002, 2361036, 0, 0, 0
2000, 2324794, 0, 0, 0
3001, 2320631, 0, 0, 0
4000, 2212588, 0, 0, 0
5001, 2205654, 0, 0, 0
6000, 2344179, 0, 0, 0
7001, 2320388, 0, 0, 0
8000, 2375912, 0, 0, 0
9001, 2488101, 0, 0, 0
10000, 2646177, 0, 0, 0
11001, 2336209, 0, 0, 0
12000, 2284853, 0, 0, 0
13001, 2334383, 0, 0, 0
14001, 2246728, 0, 0, 0
15000, 2288290, 0, 0, 0
16000, 2275585, 0, 0, 0
17000, 2279861, 0, 0, 0
18000, 2329867, 0, 0, 0
19001, 2297056, 0, 0, 0
20001, 2328640, 0, 0, 0
21002, 2266926, 0, 0, 0
22001, 2278372, 0, 0, 0
23002, 2278059, 0, 0, 0
24000, 2369531, 0, 0, 0
25000, 2281069, 0, 0, 0
26000, 2248379, 0, 0, 0
27005, 2198242, 0, 0, 0
28000, 2248841, 0, 0, 0
29001, 2292828, 0, 0, 0
30000, 2193188, 0, 0, 0
31001, 2201324, 0, 0, 0
32000, 2279506, 0, 0, 0
33000, 2388727, 0, 0, 0
34000, 2317431, 0, 0, 0
35001, 2279385, 0, 0, 0
36001, 2238838, 0, 0, 0
37003, 2274187, 0, 0, 0
38001, 2288624, 0, 0, 0
39001, 2316152, 0, 0, 0
40000, 2222797, 0, 0, 0
41001, 2247830, 0, 0, 0
42002, 2267543, 0, 0, 0
43001, 2335688, 0, 0, 0
44001, 2255546, 0, 0, 0
45001, 2301310, 0, 0, 0
46000, 2231863, 0, 0, 0
47001, 2352765, 0, 0, 0
48000, 2218596, 0, 0, 0
49000, 2286276, 0, 0, 0
50000, 2233029, 0, 0, 0
51000, 2190966, 0, 0, 0
52001, 2243101, 0, 0, 0
53001, 2280345, 0, 0, 0
54002, 2266167, 0, 0, 0
55002, 2275848, 0, 0, 0
56001, 2429026, 0, 0, 0
57001, 2338651, 0, 0, 0
58004, 2256093, 0, 0, 0
59000, 2341540, 0, 0, 0
60001, 2283578, 0, 0, 0
61000, 2282110, 0, 0, 0
62000, 2265833, 0, 0, 0
63001, 2196693, 0, 0, 0
64000, 2268093, 0, 0, 0
65000, 2271099, 0, 0, 0
66002, 2315666, 0, 0, 0
67000, 2241521, 0, 0, 0
68001, 2173227, 0, 0, 0
69000, 2168903, 0, 0, 0
70001, 2293420, 0, 0, 0
71001, 2276165, 0, 0, 0
72000, 2231058, 0, 0, 0
73000, 2265948, 0, 0, 0
74000, 2291454, 0, 0, 0
75001, 2313355, 0, 0, 0
76002, 2262318, 0, 0, 0
77000, 2297771, 0, 0, 0
78000, 2351091, 0, 0, 0
79001, 2271518, 0, 0, 0
80001, 2286316, 0, 0, 0
81001, 2395522, 0, 0, 0
82000, 2222015, 0, 0, 0
83001, 2258400, 0, 0, 0
84005, 2321606, 0, 0, 0
85001, 2281912, 0, 0, 0
86001, 2534607, 0, 0, 0
87001, 2259729, 0, 0, 0
88001, 2312205, 0, 0, 0
89000, 2299306, 0, 0, 0
90000, 2244250, 0, 0, 0
91001, 2303538, 0, 0, 0
92001, 2297339, 0, 0, 0
93001, 2254615, 0, 0, 0
94000, 2207926, 0, 0, 0
95002, 2370649, 0, 0, 0
96000, 2267530, 0, 0, 0
97001, 2298518, 0, 0, 0
98000, 2261623, 0, 0, 0
99001, 2242446, 0, 0, 0
100001, 2361050, 0, 0, 0
101002, 2226044, 0, 0, 0
102001, 2248504, 0, 0, 0
103001, 2274413, 0, 0, 0
104000, 2219004, 0, 0, 0
105000, 2274532, 0, 0, 0
106002, 2249418, 0, 0, 0
107002, 2306495, 0, 0, 0
108001, 2274124, 0, 0, 0
109001, 2327013, 0, 0, 0
110000, 2262524, 0, 0, 0
111000, 2245455, 0, 0, 0
112000, 2260236, 0, 0, 0
113001, 2237020, 0, 0, 0
114002, 2178046, 0, 0, 0
115000, 2245137, 0, 0, 0
116001, 2369513, 0, 0, 0
117002, 2325208, 0, 0, 0
118001, 2298544, 0, 0, 0
119000, 2304256, 0, 0, 0
120000, 2265468, 0, 0, 0
121003, 2230324, 0, 0, 0
122002, 2277591, 0, 0, 0
123001, 2257962, 0, 0, 0
124001, 2266520, 0, 0, 0
125001, 2238486, 0, 0, 0
126000, 2132439, 0, 0, 0
127000, 2208371, 0, 0, 0
128000, 2221178, 0, 0, 0
129001, 2246643, 0, 0, 0
130000, 2227536, 0, 0, 0
131001, 2287723, 0, 0, 0
132002, 2162233, 0, 0, 0
133001, 2237131, 0, 0, 0
134001, 2254725, 0, 0, 0
135000, 2227975, 0, 0, 0
136001, 2221241, 0, 0, 0
137000, 2299783, 0, 0, 0
138000, 2229259, 0, 0, 0
139001, 2288051, 0, 0, 0
140002, 2179349, 0, 0, 0
141001, 2222185, 0, 0, 0
142000, 2313234, 0, 0, 0
143000, 2312441, 0, 0, 0
144000, 2219010, 0, 0, 0
145000, 2335843, 0, 0, 0
146000, 2280598, 0, 0, 0
147000, 2183771, 0, 0, 0
148000, 2196882, 0, 0, 0
149001, 2384109, 0, 0, 0
150000, 2247409, 0, 0, 0
151000, 2318257, 0, 0, 0
152397, 3489824, 0, 0, 0
153001, 2358772, 0, 0, 0
154000, 2282980, 0, 0, 0
155002, 2268928, 0, 0, 0
156000, 2280485, 0, 0, 0
157000, 2250029, 0, 0, 0
158002, 2279499, 0, 0, 0
159001, 2309629, 0, 0, 0
160001, 2220783, 0, 0, 0
161000, 2236681, 0, 0, 0
162001, 2222517, 0, 0, 0
163000, 2292789, 0, 0, 0
164001, 2223191, 0, 0, 0
165000, 2272422, 0, 0, 0
166001, 2261872, 0, 0, 0
167001, 2254196, 0, 0, 0
168002, 2282517, 0, 0, 0
169000, 2252055, 0, 0, 0
170001, 2191589, 0, 0, 0
171001, 2245286, 0, 0, 0
172001, 2174782, 0, 0, 0
173000, 2228659, 0, 0, 0
174002, 2105814, 0, 0, 0
175002, 2134655, 0, 0, 0
176000, 2341434, 0, 0, 0
177000, 2170029, 0, 0, 0
178000, 2171172, 0, 0, 0
179000, 2162157, 0, 0, 0
180000, 2187165, 0, 0, 0
