1006, 13280, 1, 0, 0
2002, 49891, 1, 0, 0
3001, 8513, 1, 0, 0
4000, 38452, 1, 0, 0
5004, 2266, 1, 0, 0
6000, 20771, 1, 0, 0
7007, 2373, 1, 0, 0
8002, 2384, 1, 0, 0
9000, 23457, 1, 0, 0
10004, 17026, 1, 0, 0
11000, 2492, 1, 0, 0
12001, 2456, 1, 0, 0
13000, 2305, 1, 0, 0
14001, 2376, 1, 0, 0
15000, 6378, 1, 0, 0
16008, 2273, 1, 0, 0
17000, 2502, 1, 0, 0
18001, 2404, 1, 0, 0
19000, 2397, 1, 0, 0
20000, 2320, 1, 0, 0
21000, 2419, 1, 0, 0
22000, 2428, 1, 0, 0
23003, 2501, 1, 0, 0
24000, 2387, 1, 0, 0
25000, 2573, 1, 0, 0
26001, 2292, 1, 0, 0
27003, 2397, 1, 0, 0
28001, 2370, 1, 0, 0
29006, 3407, 1, 0, 0
30000, 2358, 1, 0, 0
31001, 2371, 1, 0, 0
32005, 2431, 1, 0, 0
33000, 2481, 1, 0, 0
34000, 2475, 1, 0, 0
35005, 2379, 1, 0, 0
36001, 7291, 1, 0, 0
37000, 2487, 1, 0, 0
38000, 2299, 1, 0, 0
39000, 2441, 1, 0, 0
40000, 2341, 1, 0, 0
41000, 2357, 1, 0, 0
42004, 8005, 1, 0, 0
43000, 2262, 1, 0, 0
44001, 2316, 1, 0, 0
45002, 2290, 1, 0, 0
46001, 13732, 1, 0, 0
47001, 2457, 1, 0, 0
48000, 6164, 1, 0, 0
49006, 93412, 1, 0, 0
50000, 6230, 1, 0, 0
51006, 2523, 1, 0, 0
52000, 2334, 1, 0, 0
53003, 2424, 1, 0, 0
54004, 4416, 1, 0, 0
55000, 2431, 1, 0, 0
56000, 2359, 1, 0, 0
57006, 6508, 1, 0, 0
58000, 2911, 1, 0, 0
59005, 2466, 1, 0, 0
60000, 2281, 1, 0, 0
61001, 2409, 1, 0, 0
62000, 2391, 1, 0, 0
63004, 7764, 1, 0, 0
64004, 2369, 1, 0, 0
65000, 2404, 1, 0, 0
66006, 2399, 1, 0, 0
67000, 2364, 1, 0, 0
68000, 9400, 1, 0, 0
69004, 2374, 1, 0, 0
70006, 2365, 1, 0, 0
71002, 15882, 1, 0, 0
72000, 2356, 1, 0, 0
73000, 2482, 1, 0, 0
74006, 2400, 1, 0, 0
75001, 2477, 1, 0, 0
76000, 23419, 1, 0, 0
77001, 74591, 1, 0, 0
78002, 18921, 1, 0, 0
79007, 18498, 1, 0, 0
80000, 18351, 1, 0, 0
81002, 30425, 1, 0, 0
82004, 99123, 1, 0, 0
83000, 2383, 1, 0, 0
84000, 81400, 1, 0, 0
85001, 4804, 1, 0, 0
86001, 2459, 1, 0, 0
87003, 7202, 1, 0, 0
88000, 2595, 1, 0, 0
89008, 4044, 1, 0, 0
90002, 4076, 1, 0, 0
91000, 28218, 1, 0, 0
92005, 96991, 1, 0, 0
93001, 10803, 1, 0, 0
94001, 18113, 1, 0, 0
95001, 2506, 1, 0, 0
96000, 6501, 1, 0, 0
97000, 19328, 1, 0, 0
98000, 20087, 1, 0, 0
99001, 12580, 1, 0, 0
100000, 6171, 1, 0, 0
101002, 51432, 1, 0, 0
102001, 5721, 1, 0, 0
103000, 12100, 1, 0, 0
104000, 11058, 1, 0, 0
105000, 5763, 1, 0, 0
106000, 10032, 1, 0, 0
107000, 64619, 1, 0, 0
108002, 2460, 1, 0, 0
109005, 2482, 1, 0, 0
110001, 2463, 1, 0, 0
111000, 8813, 1, 0, 0
112001, 10376, 1, 0, 0
113001, 10371, 1, 0, 0
114000, 7229, 1, 0, 0
115001, 5200, 1, 0, 0
116000, 2556, 1, 0, 0
117004, 2374, 1, 0, 0
118000, 7656, 1, 0, 0
119002, 6023, 1, 0, 0
120005, 9074, 1, 0, 0
121000, 10440, 1, 0, 0
122000, 10612, 1, 0, 0
123007, 2584, 1, 0, 0
124000, 2486, 1, 0, 0
125000, 69284, 1, 0, 0
126000, 2521, 1, 0, 0
127000, 2487, 1, 0, 0
128003, 8777, 1, 0, 0
129000, 54851, 1, 0, 0
130002, 2474, 1, 0, 0
131000, 2735, 1, 0, 0
132001, 7683, 1, 0, 0
133000, 2589, 1, 0, 0
134005, 2542, 1, 0, 0
135000, 2470, 1, 0, 0
136003, 2553, 1, 0, 0
137000, 2491, 1, 0, 0
138000, 2496, 1, 0, 0
139001, 2461, 1, 0, 0
140001, 2443, 1, 0, 0
141006, 7875, 1, 0, 0
142002, 26769, 1, 0, 0
143000, 2393, 1, 0, 0
144001, 2487, 1, 0, 0
145000, 2526, 1, 0, 0
146005, 19357, 1, 0, 0
147000, 8518, 1, 0, 0
148000, 15971, 1, 0, 0
149009, 2461, 1, 0, 0
150000, 46036, 1, 0, 0
151009, 16955, 1, 0, 0
152001, 2449, 1, 0, 0
153001, 2542, 1, 0, 0
154003, 8420, 1, 0, 0
155001, 6517, 1, 0, 0
156007, 3590, 1, 0, 0
157000, 9081, 1, 0, 0
158002, 5705, 1, 0, 0
159002, 4478, 1, 0, 0
160001, 2426, 1, 0, 0
161008, 40616, 1, 0, 0
162002, 2537, 1, 0, 0
163000, 12798, 1, 0, 0
164006, 49145, 1, 0, 0
165001, 2573, 1, 0, 0
166000, 2525, 1, 0, 0
167003, 9748, 1, 0, 0
168000, 7354, 1, 0, 0
169007, 6473, 1, 0, 0
170001, 2463, 1, 0, 0
171000, 6543, 1, 0, 0
172002, 56052, 1, 0, 0
173000, 2623, 1, 0, 0
174001, 19957, 1, 0, 0
175001, 18287, 1, 0, 0
176000, 13075, 1, 0, 0
177001, 15435, 1, 0, 0
178000, 2422, 1, 0, 0
179007, 6330, 1, 0, 0
180058, 25093, 1, 0, 0
