1000, 1895, 0, 0, 0
2027, 1873, 0, 0, 0
3021, 1722, 0, 0, 0
4000, 1871, 0, 0, 0
5000, 2033, 0, 0, 0
6036, 2037, 0, 0, 0
7021, 2031, 0, 0, 0
8000, 1991, 0, 0, 0
9000, 1953, 0, 0, 0
10022, 2033, 0, 0, 0
11000, 2050, 0, 0, 0
12000, 1978, 0, 0, 0
13021, 2001, 0, 0, 0
14000, 1877, 0, 0, 0
15022, 1943, 0, 0, 0
16000, 1937, 0, 0, 0
17025, 1946, 0, 0, 0
18035, 1858, 0, 0, 0
19000, 1854, 0, 0, 0
20000, 2069, 0, 0, 0
21000, 2083, 0, 0, 0
22000, 2096, 0, 0, 0
23000, 2032, 0, 0, 0
24033, 2102, 0, 0, 0
25000, 2182, 0, 0, 0
26000, 2018, 0, 0, 0
27000, 2033, 0, 0, 0
28000, 1907, 0, 0, 0
29035, 1987, 0, 0, 0
30030, 1978, 0, 0, 0
31001, 1884, 0, 0, 0
32000, 1785, 0, 0, 0
33000, 1935, 0, 0, 0
34034, 2088, 0, 0, 0
35022, 1982, 0, 0, 0
36000, 1810, 0, 0, 0
37034, 1979, 0, 0, 0
38000, 1863, 0, 0, 0
39000, 1833, 0, 0, 0
40000, 2096, 0, 0, 0
41000, 1881, 0, 0, 0
42000, 2073, 0, 0, 0
43034, 1945, 0, 0, 0
44022, 1983, 0, 0, 0
45000, 1958, 0, 0, 0
46000, 2029, 0, 0, 0
47000, 2048, 0, 0, 0
48002, 1988, 0, 0, 0
49000, 2124, 0, 0, 0
50021, 1922, 0, 0, 0
51000, 2067, 0, 0, 0
52000, 2067, 0, 0, 0
53000, 2028, 0, 0, 0
54025, 2077, 0, 0, 0
55000, 2000, 0, 0, 0
56000, 1953, 0, 0, 0
57020, 2031, 0, 0, 0
58000, 1997, 0, 0, 0
59000, 1962, 0, 0, 0
60024, 1973, 0, 0, 0
61000, 1999, 0, 0, 0
62021, 1996, 0, 0, 0
63025, 2036, 0, 0, 0
64000, 1940, 0, 0, 0
65023, 2095, 0, 0, 0
66000, 1982, 0, 0, 0
67026, 1991, 0, 0, 0
68001, 1962, 0, 0, 0
69021, 2053, 0, 0, 0
70000, 2128, 0, 0, 0
71027, 1955, 0, 0, 0
72020, 2053, 0, 0, 0
73024, 1958, 0, 0, 0
74033, 2059, 0, 0, 0
75022, 1949, 0, 0, 0
76025, 1997, 0, 0, 0
77001, 2055, 0, 0, 0
78000, 2150, 0, 0, 0
79000, 1967, 0, 0, 0
80000, 1838, 0, 0, 0
81025, 2077, 0, 0, 0
82035, 2200, 0, 0, 0
83000, 2055, 0, 0, 0
84023, 2041, 0, 0, 0
85000, 2183, 0, 0, 0
86000, 2003, 0, 0, 0
87035, 2008, 0, 0, 0
88001, 2037, 0, 0, 0
89022, 2026, 0, 0, 0
90000, 2117, 0, 0, 0
91024, 2054, 0, 0, 0
92034, 2110, 0, 0, 0
93000, 2030, 0, 0, 0
94000, 2125, 0, 0, 0
95002, 2073, 0, 0, 0
96031, 1849, 0, 0, 0
97023, 1989, 0, 0, 0
98034, 1997, 0, 0, 0
99000, 1941, 0, 0, 0
100000, 2089, 0, 0, 0
101000, 1960, 0, 0, 0
102021, 2002, 0, 0, 0
103025, 1993, 0, 0, 0
104000, 2064, 0, 0, 0
105022, 1945, 0, 0, 0
106034, 1945, 0, 0, 0
107000, 1919, 0, 0, 0
108000, 1991, 0, 0, 0
109000, 1988, 0, 0, 0
110029, 1926, 0, 0, 0
111000, 2031, 0, 0, 0
112021, 2060, 0, 0, 0
113000, 1972, 0, 0, 0
114000, 2013, 0, 0, 0
115022, 2029, 0, 0, 0
116030, 2040, 0, 0, 0
117021, 1952, 0, 0, 0
118001, 1931, 0, 0, 0
119021, 1952, 0, 0, 0
120001, 1974, 0, 0, 0
121000, 1944, 0, 0, 0
122022, 2158, 0, 0, 0
123035, 2111, 0, 0, 0
124000, 1888, 0, 0, 0
125000, 1971, 0, 0, 0
126022, 1987, 0, 0, 0
127000, 2011, 0, 0, 0
128000, 2027, 0, 0, 0
129021, 2120, 0, 0, 0
130000, 2020, 0, 0, 0
131000, 2142, 0, 0, 0
132000, 1926, 0, 0, 0
133050, 2104, 0, 0, 0
134000, 2090, 0, 0, 0
135000, 2045, 0, 0, 0
136000, 2066, 0, 0, 0
137000, 2030, 0, 0, 0
138029, 2125, 0, 0, 0
139000, 2186, 0, 0, 0
140000, 2063, 0, 0, 0
141000, 2223, 0, 0, 0
142000, 2133, 0, 0, 0
143000, 2044, 0, 0, 0
144000, 2042, 0, 0, 0
145021, 1920, 0, 0, 0
146021, 2012, 0, 0, 0
147000, 2017, 0, 0, 0
148000, 2083, 0, 0, 0
149021, 2033, 0, 0, 0
150000, 2118, 0, 0, 0
151000, 2052, 0, 0, 0
152030, 2025, 0, 0, 0
153000, 1937, 0, 0, 0
154000, 2039, 0, 0, 0
155034, 2071, 0, 0, 0
156000, 2165, 0, 0, 0
157000, 2017, 0, 0, 0
158020, 2139, 0, 0, 0
159000, 2247, 0, 0, 0
160000, 2062, 0, 0, 0
161000, 2105, 0, 0, 0
162000, 1966, 0, 0, 0
163025, 1921, 0, 0, 0
164000, 2026, 0, 0, 0
165000, 1978, 0, 0, 0
166025, 2077, 0, 0, 0
167020, 2170, 0, 0, 0
168000, 2139, 0, 0, 0
169000, 1824, 0, 0, 0
170000, 1987, 0, 0, 0
171020, 2105, 0, 0, 0
172024, 1993, 0, 0, 0
173000, 1875, 0, 0, 0
174000, 1980, 0, 0, 0
175000, 1850, 0, 0, 0
176000, 1837, 0, 0, 0
177022, 1986, 0, 0, 0
178000, 1930, 0, 0, 0
179000, 1904, 0, 0, 0
180021, 1980, 0, 0, 0
