1000, 16992, 1, 0, 0
2001, 15144, 1, 0, 0
3002, 15584, 1, 0, 0
4003, 15412, 1, 0, 0
5004, 15228, 1, 0, 0
6004, 14660, 1, 0, 0
7005, 15264, 1, 0, 0
8006, 15200, 1, 0, 0
9007, 15620, 1, 0, 0
10008, 14988, 1, 0, 0
11009, 15456, 1, 0, 0
12009, 15236, 1, 0, 0
13010, 15428, 1, 0, 0
14011, 14996, 1, 0, 0
15012, 15456, 1, 0, 0
16013, 15476, 1, 0, 0
17014, 15036, 1, 0, 0
18015, 15312, 1, 0, 0
19016, 15380, 1, 0, 0
20017, 15340, 1, 0, 0
21017, 15332, 1, 0, 0
22018, 15396, 1, 0, 0
23019, 15204, 1, 0, 0
24019, 15436, 1, 0, 0
25020, 15276, 1, 0, 0
26021, 15212, 1, 0, 0
27022, 15468, 1, 0, 0
28023, 15312, 1, 0, 0
29024, 15064, 1, 0, 0
30025, 15116, 1, 0, 0
31026, 15204, 1, 0, 0
32026, 15440, 1, 0, 0
33027, 15160, 1, 0, 0
34028, 15360, 1, 0, 0
35028, 15052, 1, 0, 0
36029, 15532, 1, 0, 0
37029, 15240, 1, 0, 0
38030, 15400, 1, 0, 0
39031, 15352, 1, 0, 0
40032, 15532, 1, 0, 0
41033, 15524, 1, 0, 0
42033, 15292, 1, 0, 0
43034, 15672, 1, 0, 0
44035, 15464, 1, 0, 0
45035, 15508, 1, 0, 0
46036, 15288, 1, 0, 0
47037, 15504, 1, 0, 0
48038, 15412, 1, 0, 0
49039, 15216, 1, 0, 0
50040, 15464, 1, 0, 0
51040, 15036, 1, 0, 0
52041, 15216, 1, 0, 0
53042, 15408, 1, 0, 0
54043, 15308, 1, 0, 0
55043, 15440, 1, 0, 0
56044, 15132, 1, 0, 0
57045, 15516, 1, 0, 0
58046, 15312, 1, 0, 0
59047, 15432, 1, 0, 0
60048, 15836, 1, 0, 0
61049, 15192, 1, 0, 0
62049, 15144, 1, 0, 0
63050, 15480, 1, 0, 0
64051, 15444, 1, 0, 0
65052, 15356, 1, 0, 0
66053, 15196, 1, 0, 0
67053, 14924, 1, 0, 0
68054, 15584, 1, 0, 0
69055, 15636, 1, 0, 0
70056, 14888, 1, 0, 0
71056, 15652, 1, 0, 0
72057, 15496, 1, 0, 0
73058, 14636, 1, 0, 0
74058, 16124, 1, 0, 0
75059, 15192, 1, 0, 0
76060, 15292, 1, 0, 0
77061, 15248, 1, 0, 0
78062, 15404, 1, 0, 0
79062, 15128, 1, 0, 0
80063, 14980, 1, 0, 0
81064, 15152, 1, 0, 0
82065, 15072, 1, 0, 0
83065, 15544, 1, 0, 0
84066, 15468, 1, 0, 0
85067, 15280, 1, 0, 0
86068, 15200, 1, 0, 0
87069, 15192, 1, 0, 0
88070, 15332, 1, 0, 0
89070, 15480, 1, 0, 0
90071, 15140, 1, 0, 0
91072, 15220, 1, 0, 0
92073, 15392, 1, 0, 0
93074, 15236, 1, 0, 0
94075, 15264, 1, 0, 0
95076, 15164, 1, 0, 0
96077, 15588, 1, 0, 0
97077, 15336, 1, 0, 0
98079, 15216, 1, 0, 0
99079, 15308, 1, 0, 0
100080, 15460, 1, 0, 0
101081, 15408, 1, 0, 0
102082, 15056, 1, 0, 0
103082, 15144, 1, 0, 0
104082, 15244, 1, 0, 0
105083, 15324, 1, 0, 0
106084, 15376, 1, 0, 0
107085, 15324, 1, 0, 0
108085, 15432, 1, 0, 0
109086, 15180, 1, 0, 0
110087, 15600, 1, 0, 0
111088, 15440, 1, 0, 0
112089, 15052, 1, 0, 0
113089, 14668, 1, 0, 0
114090, 15732, 1, 0, 0
115091, 14753, 1, 0, 0
116091, 15172, 1, 0, 0
117091, 15240, 1, 0, 0
118092, 15420, 1, 0, 0
119092, 15224, 1, 0, 0
120093, 15668, 1, 0, 0
121094, 14976, 1, 0, 0
122095, 15512, 1, 0, 0
123096, 15700, 1, 0, 0
124097, 14636, 1, 0, 0
125098, 15228, 1, 0, 0
126099, 15464, 1, 0, 0
127099, 14960, 1, 0, 0
128099, 15708, 1, 0, 0
129100, 15292, 1, 0, 0
130101, 15096, 1, 0, 0
131102, 15600, 1, 0, 0
132102, 15212, 1, 0, 0
133102, 15588, 1, 0, 0
134103, 15068, 1, 0, 0
135104, 15536, 1, 0, 0
136105, 15372, 1, 0, 0
137106, 15264, 1, 0, 0
138106, 15788, 1, 0, 0
139107, 14840, 1, 0, 0
140108, 15324, 1, 0, 0
141109, 15240, 1, 0, 0
142110, 15076, 1, 0, 0
143110, 15300, 1, 0, 0
144111, 15436, 1, 0, 0
145111, 15404, 1, 0, 0
146112, 15364, 1, 0, 0
147113, 14804, 1, 0, 0
148113, 15556, 1, 0, 0
149114, 15352, 1, 0, 0
150114, 15328, 1, 0, 0
151115, 15352, 1, 0, 0
152116, 15256, 1, 0, 0
153117, 15488, 1, 0, 0
154117, 15368, 1, 0, 0
155118, 15108, 1, 0, 0
156119, 15320, 1, 0, 0
157119, 15404, 1, 0, 0
158120, 15344, 1, 0, 0
159121, 15284, 1, 0, 0
160122, 15296, 1, 0, 0
161123, 15480, 1, 0, 0
162124, 15252, 1, 0, 0
163123, 15523, 1, 0, 0
164123, 15171, 1, 0, 0
165124, 15296, 1, 0, 0
166124, 15419, 1, 0, 0
167124, 15083, 1, 0, 0
168124, 15212, 1, 0, 0
169124, 15387, 1, 0, 0
170124, 15411, 1, 0, 0
171124, 15187, 1, 0, 0
172124, 15131, 1, 0, 0
173123, 15115, 1, 0, 0
174124, 15256, 1, 0, 0
175124, 15543, 1, 0, 0
176124, 15019, 1, 0, 0
177124, 15292, 1, 0, 0
178124, 15383, 1, 0, 0
179124, 15007, 1, 0, 0
