1005, 1991, 1, 0, 0
2000, 2008, 1, 0, 0
3000, 1972, 1, 0, 0
4000, 1990, 1, 0, 0
5000, 1830, 1, 0, 0
6000, 1861, 1, 0, 0
7000, 1901, 1, 0, 0
8000, 1993, 1, 0, 0
9001, 1903, 1, 0, 0
10000, 1900, 1, 0, 0
11001, 2017, 1, 0, 0
12000, 1966, 1, 0, 0
13000, 1881, 1, 0, 0
14000, 1854, 1, 0, 0
15000, 1853, 1, 0, 0
16000, 1890, 1, 0, 0
17000, 1924, 1, 0, 0
18000, 1875, 1, 0, 0
19000, 1883, 1, 0, 0
20000, 1947, 1, 0, 0
21000, 1901, 1, 0, 0
22000, 1799, 1, 0, 0
23000, 1990, 1, 0, 0
24000, 1846, 1, 0, 0
25000, 1806, 1, 0, 0
26000, 1927, 1, 0, 0
27000, 1879, 1, 0, 0
28000, 1840, 1, 0, 0
29001, 1810, 1, 0, 0
30001, 1869, 1, 0, 0
31002, 1978, 1, 0, 0
32000, 1940, 1, 0, 0
33000, 1952, 1, 0, 0
34000, 2071, 1, 0, 0
35000, 1803, 1, 0, 0
36000, 1951, 1, 0, 0
37000, 2094, 1, 0, 0
38000, 2154, 1, 0, 0
39000, 2276, 1, 0, 0
40000, 2327, 1, 0, 0
41000, 2168, 1, 0, 0
42000, 2272, 1, 0, 0
43000, 2137, 1, 0, 0
44000, 2379, 1, 0, 0
45000, 2312, 1, 0, 0
46000, 2310, 1, 0, 0
47003, 2084, 1, 0, 0
48000, 2018, 1, 0, 0
49000, 2148, 1, 0, 0
50002, 2021, 1, 0, 0
51046, 2064, 1, 0, 0
52000, 2131, 1, 0, 0
53002, 2091, 1, 0, 0
54003, 2144, 1, 0, 0
55000, 1909, 1, 0, 0
56001, 2143, 1, 0, 0
57000, 2219, 1, 0, 0
58000, 1958, 1, 0, 0
59000, 2091, 1, 0, 0
60000, 2122, 1, 0, 0
61000, 2176, 1, 0, 0
62000, 2020, 1, 0, 0
63000, 2090, 1, 0, 0
64000, 2076, 1, 0, 0
65000, 2086, 1, 0, 0
66000, 2104, 1, 0, 0
67002, 1955, 1, 0, 0
68000, 2017, 1, 0, 0
69000, 2099, 1, 0, 0
70000, 2111, 1, 0, 0
71001, 2111, 1, 0, 0
72000, 2107, 1, 0, 0
73003, 2049, 1, 0, 0
74000, 2083, 1, 0, 0
75001, 2231, 1, 0, 0
76000, 2150, 1, 0, 0
77001, 2048, 1, 0, 0
78005, 2064, 1, 0, 0
79000, 1995, 1, 0, 0
80000, 2131, 1, 0, 0
81000, 2031, 1, 0, 0
82000, 2036, 1, 0, 0
83000, 2106, 1, 0, 0
84000, 2176, 1, 0, 0
85000, 2172, 1, 0, 0
86000, 2098, 1, 0, 0
87000, 2088, 1, 0, 0
88003, 1951, 1, 0, 0
89000, 2002, 1, 0, 0
90000, 2064, 1, 0, 0
91000, 1993, 1, 0, 0
92000, 2010, 1, 0, 0
93000, 2112, 1, 0, 0
94000, 2008, 1, 0, 0
95000, 2031, 1, 0, 0
96000, 1977, 1, 0, 0
97000, 1993, 1, 0, 0
98001, 2132, 1, 0, 0
99000, 1929, 1, 0, 0
100000, 1954, 1, 0, 0
101001, 1840, 1, 0, 0
102023, 1844, 1, 0, 0
103000, 1855, 1, 0, 0
104000, 1880, 1, 0, 0
105002, 1923, 1, 0, 0
106001, 1986, 1, 0, 0
107001, 1849, 1, 0, 0
108000, 1800, 1, 0, 0
109000, 1942, 1, 0, 0
110000, 2007, 1, 0, 0
111000, 2006, 1, 0, 0
112000, 2033, 1, 0, 0
113000, 1951, 1, 0, 0
114003, 1890, 1, 0, 0
115000, 1886, 1, 0, 0
116001, 1957, 1, 0, 0
117000, 1874, 1, 0, 0
118001, 1943, 1, 0, 0
119000, 1923, 1, 0, 0
120000, 1889, 1, 0, 0
121003, 1899, 1, 0, 0
122000, 1868, 1, 0, 0
123000, 1992, 1, 0, 0
124000, 1868, 1, 0, 0
125000, 1978, 1, 0, 0
126001, 1987, 1, 0, 0
127000, 2020, 1, 0, 0
128000, 1995, 1, 0, 0
129000, 1850, 1, 0, 0
130000, 1982, 1, 0, 0
131003, 1900, 1, 0, 0
132000, 2069, 1, 0, 0
133000, 1966, 1, 0, 0
134004, 2151, 1, 0, 0
135000, 1945, 1, 0, 0
136000, 2009, 1, 0, 0
137000, 1754, 1, 0, 0
138001, 1824, 1, 0, 0
139000, 1850, 1, 0, 0
140000, 1886, 1, 0, 0
141000, 2004, 1, 0, 0
142000, 1960, 1, 0, 0
143000, 2114, 1, 0, 0
144000, 2028, 1, 0, 0
145000, 2036, 1, 0, 0
146000, 1922, 1, 0, 0
147002, 1987, 1, 0, 0
148000, 1895, 1, 0, 0
149000, 1940, 1, 0, 0
150001, 1955, 1, 0, 0
151000, 1814, 1, 0, 0
152000, 1881, 1, 0, 0
153000, 1846, 1, 0, 0
154000, 1813, 1, 0, 0
155000, 1854, 1, 0, 0
156000, 1875, 1, 0, 0
157000, 1981, 1, 0, 0
158000, 1902, 1, 0, 0
159000, 1991, 1, 0, 0
160002, 1846, 1, 0, 0
161001, 2081, 1, 0, 0
162002, 2088, 1, 0, 0
163000, 2073, 1, 0, 0
164000, 2027, 1, 0, 0
165000, 2017, 1, 0, 0
166000, 2091, 1, 0, 0
167000, 2060, 1, 0, 0
168000, 2139, 1, 0, 0
169000, 2052, 1, 0, 0
170000, 2073, 1, 0, 0
171000, 1981, 1, 0, 0
172003, 1827, 1, 0, 0
173000, 1908, 1, 0, 0
174000, 1871, 1, 0, 0
175002, 1911, 1, 0, 0
176003, 1944, 1, 0, 0
177000, 1872, 1, 0, 0
178001, 1912, 1, 0, 0
179000, 1971, 1, 0, 0
180001, 1886, 1, 0, 0
