1016, 28855571, 1, 0, 0
2012, 33331307, 1, 0, 0
3022, 33116018, 1, 0, 0
4014, 33351548, 1, 0, 0
5022, 33068270, 1, 0, 0
6019, 33538298, 1, 0, 0
7012, 33156215, 1, 0, 0
8019, 33564508, 1, 0, 0
9010, 33019913, 1, 0, 0
10021, 33693732, 1, 0, 0
11016, 33799326, 1, 0, 0
12011, 33009080, 1, 0, 0
13022, 33562137, 1, 0, 0
14011, 33528922, 1, 0, 0
15009, 33548443, 1, 0, 0
16009, 33704458, 1, 0, 0
17013, 33118808, 1, 0, 0
18016, 33250977, 1, 0, 0
19019, 33412470, 1, 0, 0
20010, 33390892, 1, 0, 0
21020, 33611331, 1, 0, 0
22014, 33284347, 1, 0, 0
23024, 33374351, 1, 0, 0
24014, 33810491, 1, 0, 0
25023, 33157681, 1, 0, 0
26016, 33729804, 1, 0, 0
27009, 33031714, 1, 0, 0
28020, 33353487, 1, 0, 0
29015, 33519565, 1, 0, 0
30010, 33547151, 1, 0, 0
31000, 33853837, 1, 0, 0
32002, 33773839, 1, 0, 0
33008, 33588539, 1, 0, 0
34019, 33414254, 1, 0, 0
35012, 33502790, 1, 0, 0
36009, 33132846, 1, 0, 0
37014, 33962444, 1, 0, 0
38023, 33441572, 1, 0, 0
39017, 33563446, 1, 0, 0
40009, 33293262, 1, 0, 0
41018, 33626642, 1, 0, 0
42012, 32957139, 1, 0, 0
43012, 33117187, 1, 0, 0
44018, 34066421, 1, 0, 0
45002, 33546451, 1, 0, 0
46019, 33297277, 1, 0, 0
47013, 32986104, 1, 0, 0
48008, 33373826, 1, 0, 0
49001, 34356436, 1, 0, 0
50012, 33152914, 1, 0, 0
51000, 33855090, 1, 0, 0
52014, 33683749, 1, 0, 0
53009, 33577455, 1, 0, 0
54014, 33145127, 1, 0, 0
55024, 33901815, 1, 0, 0
56018, 33732711, 1, 0, 0
57011, 33130918, 1, 0, 0
58000, 33904973, 1, 0, 0
59001, 33700078, 1, 0, 0
60009, 33045582, 1, 0, 0
61018, 34362667, 1, 0, 0
62012, 33405127, 1, 0, 0
63009, 33062263, 1, 0, 0
64017, 33761939, 1, 0, 0
65010, 33204230, 1, 0, 0
66020, 33674254, 1, 0, 0
67010, 33199965, 1, 0, 0
68011, 33710433, 1, 0, 0
69031, 34370614, 1, 0, 0
70010, 33219286, 1, 0, 0
71018, 33113230, 1, 0, 0
72011, 33886138, 1, 0, 0
73019, 33886408, 1, 0, 0
74014, 33488269, 1, 0, 0
75023, 33430481, 1, 0, 0
76000, 33736832, 1, 0, 0
77014, 33183183, 1, 0, 0
78009, 33603023, 1, 0, 0
79019, 33570304, 1, 0, 0
80011, 33723019, 1, 0, 0
81022, 33015263, 1, 0, 0
82015, 33863277, 1, 0, 0
83010, 33258984, 1, 0, 0
84009, 33153519, 1, 0, 0
85009, 32946997, 1, 0, 0
86019, 34177210, 1, 0, 0
87011, 32886431, 1, 0, 0
88021, 33480842, 1, 0, 0
89014, 33775329, 1, 0, 0
90008, 33593079, 1, 0, 0
91019, 33333646, 1, 0, 0
92000, 33820344, 1, 0, 0
93013, 33078447, 1, 0, 0
94013, 33347626, 1, 0, 0
95016, 33788436, 1, 0, 0
96010, 32874531, 1, 0, 0
97013, 33885767, 1, 0, 0
98011, 33235401, 1, 0, 0
99009, 33508073, 1, 0, 0
100015, 33211060, 1, 0, 0
101009, 33484898, 1, 0, 0
102017, 33475535, 1, 0, 0
103008, 33496684, 1, 0, 0
104012, 33127707, 1, 0, 0
105017, 33857757, 1, 0, 0
106010, 33459332, 1, 0, 0
107023, 33441039, 1, 0, 0
108001, 33714135, 1, 0, 0
109012, 33237132, 1, 0, 0
110020, 33389330, 1, 0, 0
111016, 34007198, 1, 0, 0
112012, 33316620, 1, 0, 0
113008, 33605331, 1, 0, 0
114014, 33439735, 1, 0, 0
115009, 33345556, 1, 0, 0
116016, 33625736, 1, 0, 0
117009, 32882303, 1, 0, 0
118020, 33717514, 1, 0, 0
119012, 33601210, 1, 0, 0
120023, 33246684, 1, 0, 0
121015, 33890514, 1, 0, 0
122010, 33081607, 1, 0, 0
123001, 33913186, 1, 0, 0
124017, 33775089, 1, 0, 0
125012, 32959594, 1, 0, 0
126009, 33613792, 1, 0, 0
127018, 33745719, 1, 0, 0
128009, 33560425, 1, 0, 0
129018, 33218984, 1, 0, 0
130012, 33458448, 1, 0, 0
131022, 33959331, 1, 0, 0
132010, 33624605, 1, 0, 0
133009, 33418748, 1, 0, 0
134017, 33017060, 1, 0, 0
135009, 33700536, 1, 0, 0
136018, 33774495, 1, 0, 0
137011, 33359425, 1, 0, 0
138016, 33532103, 1, 0, 0
139017, 33635977, 1, 0, 0
140010, 33454407, 1, 0, 0
141019, 32926488, 1, 0, 0
142000, 34306065, 1, 0, 0
143012, 33458248, 1, 0, 0
144011, 33541775, 1, 0, 0
145014, 32908321, 1, 0, 0
146022, 33023517, 1, 0, 0
147009, 33207736, 1, 0, 0
148000, 34583656, 1, 0, 0
149016, 33054376, 1, 0, 0
150025, 33505833, 1, 0, 0
151015, 34007307, 1, 0, 0
152008, 33287889, 1, 0, 0
153019, 33639314, 1, 0, 0
154000, 34156010, 1, 0, 0
155009, 33673908, 1, 0, 0
156014, 33552672, 1, 0, 0
157013, 33511693, 1, 0, 0
158023, 33327795, 1, 0, 0
159015, 33929819, 1, 0, 0
160023, 33435125, 1, 0, 0
161000, 33411685, 1, 0, 0
162023, 32950133, 1, 0, 0
163022, 33113011, 1, 0, 0
164008, 33444091, 1, 0, 0
165023, 33431870, 1, 0, 0
166015, 33790483, 1, 0, 0
167024, 33127564, 1, 0, 0
168000, 34094987, 1, 0, 0
169011, 33558414, 1, 0, 0
170023, 33451086, 1, 0, 0
171015, 33407040, 1, 0, 0
172012, 33154858, 1, 0, 0
173001, 34312011, 1, 0, 0
174014, 33305326, 1, 0, 0
175022, 33470598, 1, 0, 0
176007, 33917071, 1, 0, 0
177009, 32940862, 1, 0, 0
178013, 33047236, 1, 0, 0
179008, 33748630, 1, 0, 0
180006, 34177388, 1, 0, 0
180045, 92365030, 1, 0, 0
