1012, 1967, 1, 0, 0
2000, 2204, 1, 0, 0
3001, 2205, 1, 0, 0
4004, 2144, 1, 0, 0
5003, 2129, 1, 0, 0
6000, 2146, 1, 0, 0
7007, 2229, 1, 0, 0
8003, 2182, 1, 0, 0
9011, 2306, 1, 0, 0
10004, 2288, 1, 0, 0
11000, 2198, 1, 0, 0
12000, 2300, 1, 0, 0
13002, 2424, 1, 0, 0
14000, 2367, 1, 0, 0
15001, 2306, 1, 0, 0
16000, 2189, 1, 0, 0
17000, 2168, 1, 0, 0
18001, 2278, 1, 0, 0
19002, 2155, 1, 0, 0
20013, 2319, 1, 0, 0
21007, 2242, 1, 0, 0
22000, 2249, 1, 0, 0
23003, 2239, 1, 0, 0
24000, 2314, 1, 0, 0
25002, 2214, 1, 0, 0
26005, 2190, 1, 0, 0
27000, 2156, 1, 0, 0
28002, 2227, 1, 0, 0
29009, 2261, 1, 0, 0
30004, 1853, 1, 0, 0
31000, 2100, 1, 0, 0
32007, 1908, 1, 0, 0
33000, 2065, 1, 0, 0
34007, 2008, 1, 0, 0
35001, 1968, 1, 0, 0
36000, 1958, 1, 0, 0
37003, 2039, 1, 0, 0
38005, 2178, 1, 0, 0
39000, 2208, 1, 0, 0
40000, 2116, 1, 0, 0
41005, 2061, 1, 0, 0
42001, 2360, 1, 0, 0
43002, 2127, 1, 0, 0
44004, 2040, 1, 0, 0
45001, 2196, 1, 0, 0
46001, 2169, 1, 0, 0
47000, 2314, 1, 0, 0
48008, 2301, 1, 0, 0
49002, 2186, 1, 0, 0
50012, 2175, 1, 0, 0
51005, 2013, 1, 0, 0
52003, 2011, 1, 0, 0
53000, 2027, 1, 0, 0
54001, 2188, 1, 0, 0
55008, 2109, 1, 0, 0
56005, 2160, 1, 0, 0
57000, 2214, 1, 0, 0
58010, 2294, 1, 0, 0
59006, 2325, 1, 0, 0
60000, 2559, 1, 0, 0
61003, 2544, 1, 0, 0
62006, 2285, 1, 0, 0
63000, 2193, 1, 0, 0
64003, 2264, 1, 0, 0
65002, 2181, 1, 0, 0
66000, 2340, 1, 0, 0
67011, 2321, 1, 0, 0
68001, 2508, 1, 0, 0
69006, 2458, 1, 0, 0
70000, 2216, 1, 0, 0
71000, 2151, 1, 0, 0
72005, 2232, 1, 0, 0
73000, 2286, 1, 0, 0
74007, 2402, 1, 0, 0
75000, 2271, 1, 0, 0
76011, 2265, 1, 0, 0
77004, 2284, 1, 0, 0
78000, 2235, 1, 0, 0
79006, 2232, 1, 0, 0
80000, 2343, 1, 0, 0
81010, 2386, 1, 0, 0
82006, 2204, 1, 0, 0
83000, 2261, 1, 0, 0
84010, 2209, 1, 0, 0
85004, 2264, 1, 0, 0
86000, 2255, 1, 0, 0
87004, 2178, 1, 0, 0
88000, 2252, 1, 0, 0
89000, 2224, 1, 0, 0
90004, 2424, 1, 0, 0
91004, 2326, 1, 0, 0
92000, 2322, 1, 0, 0
93006, 2376, 1, 0, 0
94009, 2426, 1, 0, 0
95004, 2193, 1, 0, 0
96000, 2182, 1, 0, 0
97012, 2395, 1, 0, 0
98007, 2337, 1, 0, 0
99004, 2364, 1, 0, 0
100000, 2223, 1, 0, 0
101000, 2455, 1, 0, 0
102000, 2196, 1, 0, 0
103002, 2454, 1, 0, 0
104001, 2556, 1, 0, 0
105009, 2312, 1, 0, 0
106004, 2175, 1, 0, 0
107000, 2283, 1, 0, 0
108008, 2175, 1, 0, 0
109001, 2251, 1, 0, 0
110011, 2272, 1, 0, 0
111000, 2255, 1, 0, 0
112000, 2121, 1, 0, 0
113004, 2163, 1, 0, 0
114005, 2460, 1, 0, 0
115000, 2212, 1, 0, 0
116003, 2182, 1, 0, 0
117003, 2145, 1, 0, 0
118012, 2145, 1, 0, 0
119001, 2254, 1, 0, 0
120000, 2201, 1, 0, 0
121007, 2335, 1, 0, 0
122004, 2226, 1, 0, 0
123000, 2102, 1, 0, 0
124005, 2260, 1, 0, 0
125004, 2142, 1, 0, 0
126000, 2108, 1, 0, 0
127009, 2195, 1, 0, 0
128000, 2196, 1, 0, 0
129002, 2298, 1, 0, 0
130009, 2063, 1, 0, 0
131002, 1981, 1, 0, 0
132012, 2005, 1, 0, 0
133005, 2081, 1, 0, 0
134000, 2073, 1, 0, 0
135000, 2046, 1, 0, 0
136003, 2068, 1, 0, 0
137012, 1997, 1, 0, 0
138001, 2068, 1, 0, 0
139001, 2040, 1, 0, 0
140000, 1981, 1, 0, 0
141008, 2122, 1, 0, 0
142002, 2081, 1, 0, 0
143000, 2088, 1, 0, 0
144003, 2200, 1, 0, 0
145000, 2019, 1, 0, 0
146000, 2137, 1, 0, 0
147001, 1943, 1, 0, 0
148006, 1971, 1, 0, 0
149000, 1975, 1, 0, 0
150000, 1886, 1, 0, 0
151011, 2034, 1, 0, 0
152001, 1910, 1, 0, 0
153000, 2106, 1, 0, 0
154003, 2163, 1, 0, 0
155008, 2103, 1, 0, 0
156002, 2054, 1, 0, 0
157012, 2045, 1, 0, 0
158006, 2141, 1, 0, 0
159000, 2122, 1, 0, 0
160000, 2178, 1, 0, 0
161004, 2310, 1, 0, 0
162004, 2197, 1, 0, 0
163000, 2200, 1, 0, 0
164001, 2100, 1, 0, 0
165003, 2251, 1, 0, 0
166005, 2002, 1, 0, 0
167000, 1998, 1, 0, 0
168001, 2160, 1, 0, 0
169000, 1932, 1, 0, 0
170001, 2121, 1, 0, 0
171000, 2032, 1, 0, 0
172001, 2071, 1, 0, 0
173034, 2037, 1, 0, 0
174001, 1911, 1, 0, 0
175000, 2011, 1, 0, 0
176006, 2038, 1, 0, 0
177001, 2013, 1, 0, 0
178001, 1936, 1, 0, 0
179008, 1910, 1, 0, 0
180001, 1945, 1, 0, 0
