1000, 2032, 0, 0, 0
2001, 1963, 0, 0, 0
3000, 1939, 0, 0, 0
4001, 1812, 0, 0, 0
5002, 1856, 0, 0, 0
6001, 1837, 0, 0, 0
7001, 1873, 0, 0, 0
8000, 1847, 0, 0, 0
9005, 1814, 0, 0, 0
10000, 1887, 0, 0, 0
11000, 1911, 0, 0, 0
12000, 1931, 0, 0, 0
13000, 1907, 0, 0, 0
14002, 1860, 0, 0, 0
15000, 1815, 0, 0, 0
16001, 1855, 0, 0, 0
17001, 1846, 0, 0, 0
18000, 1802, 0, 0, 0
19001, 1863, 0, 0, 0
20000, 1788, 0, 0, 0
21001, 1857, 0, 0, 0
22000, 1910, 0, 0, 0
23001, 1862, 0, 0, 0
24003, 1867, 0, 0, 0
25001, 1876, 0, 0, 0
26000, 1874, 0, 0, 0
27000, 1850, 0, 0, 0
28002, 1847, 0, 0, 0
29000, 1808, 0, 0, 0
30001, 1890, 0, 0, 0
31002, 1875, 0, 0, 0
32005, 1945, 0, 0, 0
33002, 1785, 0, 0, 0
34000, 1808, 0, 0, 0
35000, 1885, 0, 0, 0
36002, 1890, 0, 0, 0
37000, 1927, 0, 0, 0
38000, 1872, 0, 0, 0
39001, 1861, 0, 0, 0
40001, 1937, 0, 0, 0
41000, 1841, 0, 0, 0
42002, 1777, 0, 0, 0
43001, 1841, 0, 0, 0
44001, 1803, 0, 0, 0
45000, 1776, 0, 0, 0
46000, 1776, 0, 0, 0
47001, 1803, 0, 0, 0
48001, 1879, 0, 0, 0
49000, 1856, 0, 0, 0
50000, 1905, 0, 0, 0
51000, 1871, 0, 0, 0
52001, 1906, 0, 0, 0
53001, 1779, 0, 0, 0
54000, 1813, 0, 0, 0
55000, 1803, 0, 0, 0
56000, 1828, 0, 0, 0
57001, 1868, 0, 0, 0
58000, 1853, 0, 0, 0
59000, 1828, 0, 0, 0
60000, 1993, 0, 0, 0
61000, 1791, 0, 0, 0
62000, 1824, 0, 0, 0
63001, 1847, 0, 0, 0
64001, 1816, 0, 0, 0
65001, 1814, 0, 0, 0
66000, 1773, 0, 0, 0
67001, 1865, 0, 0, 0
68000, 1844, 0, 0, 0
69002, 1829, 0, 0, 0
70000, 1780, 0, 0, 0
71001, 1803, 0, 0, 0
72001, 1862, 0, 0, 0
73000, 1852, 0, 0, 0
74001, 1940, 0, 0, 0
75001, 1876, 0, 0, 0
76001, 1888, 0, 0, 0
77001, 1752, 0, 0, 0
78002, 1938, 0, 0, 0
79000, 1915, 0, 0, 0
80001, 1875, 0, 0, 0
81001, 1885, 0, 0, 0
82002, 1905, 0, 0, 0
83000, 1853, 0, 0, 0
84004, 1924, 0, 0, 0
85002, 1953, 0, 0, 0
86000, 1931, 0, 0, 0
87000, 1946, 0, 0, 0
88002, 1856, 0, 0, 0
89001, 1891, 0, 0, 0
90001, 1984, 0, 0, 0
91000, 1951, 0, 0, 0
92003, 1879, 0, 0, 0
93003, 1823, 0, 0, 0
94000, 1911, 0, 0, 0
95000, 1980, 0, 0, 0
96015, 1894, 0, 0, 0
97001, 2037, 0, 0, 0
98000, 2136, 0, 0, 0
99017, 2414, 0, 0, 0
100000, 1935, 0, 0, 0
101001, 1977, 0, 0, 0
102000, 1976, 0, 0, 0
103001, 1882, 0, 0, 0
104002, 1877, 0, 0, 0
105000, 1886, 0, 0, 0
106000, 1906, 0, 0, 0
107000, 1971, 0, 0, 0
108002, 1894, 0, 0, 0
109001, 1894, 0, 0, 0
110000, 1821, 0, 0, 0
111001, 1866, 0, 0, 0
112000, 1908, 0, 0, 0
113000, 1964, 0, 0, 0
114001, 1853, 0, 0, 0
115000, 1966, 0, 0, 0
116000, 1889, 0, 0, 0
117001, 1876, 0, 0, 0
118000, 1891, 0, 0, 0
119001, 1910, 0, 0, 0
120001, 2012, 0, 0, 0
121019, 1906, 0, 0, 0
122001, 1915, 0, 0, 0
123000, 1857, 0, 0, 0
124000, 1884, 0, 0, 0
125001, 1866, 0, 0, 0
126000, 1791, 0, 0, 0
127000, 1857, 0, 0, 0
128001, 1862, 0, 0, 0
129000, 1853, 0, 0, 0
130000, 1999, 0, 0, 0
131000, 1873, 0, 0, 0
132002, 1902, 0, 0, 0
133001, 2003, 0, 0, 0
134001, 1866, 0, 0, 0
135001, 1918, 0, 0, 0
136001, 1960, 0, 0, 0
137000, 1934, 0, 0, 0
138001, 1954, 0, 0, 0
139001, 1959, 0, 0, 0
140000, 1850, 0, 0, 0
141002, 1862, 0, 0, 0
142000, 1910, 0, 0, 0
143001, 1882, 0, 0, 0
144000, 1831, 0, 0, 0
145001, 1860, 0, 0, 0
146001, 1829, 0, 0, 0
147000, 1854, 0, 0, 0
148000, 1910, 0, 0, 0
149001, 1941, 0, 0, 0
150001, 2084, 0, 0, 0
151001, 2045, 0, 0, 0
152001, 2036, 0, 0, 0
153000, 1872, 0, 0, 0
154002, 1847, 0, 0, 0
155001, 2060, 0, 0, 0
156000, 1892, 0, 0, 0
157000, 1929, 0, 0, 0
158001, 1904, 0, 0, 0
159002, 1841, 0, 0, 0
160000, 1857, 0, 0, 0
161000, 1850, 0, 0, 0
162004, 1995, 0, 0, 0
163000, 2014, 0, 0, 0
164001, 1953, 0, 0, 0
165001, 1806, 0, 0, 0
166000, 1864, 0, 0, 0
167001, 1861, 0, 0, 0
168000, 2018, 0, 0, 0
169001, 1968, 0, 0, 0
170001, 1936, 0, 0, 0
171031, 1885, 0, 0, 0
172000, 1878, 0, 0, 0
173000, 1914, 0, 0, 0
174000, 1930, 0, 0, 0
175000, 1947, 0, 0, 0
176001, 1922, 0, 0, 0
177000, 1964, 0, 0, 0
178001, 2004, 0, 0, 0
179002, 1946, 0, 0, 0
180002, 2132, 0, 0, 0
