1000, 7650692, 1, 0, 0
2000, 8482684, 1, 0, 0
3000, 8615192, 1, 0, 0
4000, 8381943, 1, 0, 0
5000, 8327106, 1, 0, 0
6000, 7810655, 1, 0, 0
7000, 8355651, 1, 0, 0
8000, 8495209, 1, 0, 0
9000, 8619392, 1, 0, 0
10000, 8379248, 1, 0, 0
11003, 8143256, 1, 0, 0
12000, 8778908, 1, 0, 0
13000, 8315748, 1, 0, 0
14000, 8652376, 1, 0, 0
15000, 9065080, 1, 0, 0
16000, 8050189, 1, 0, 0
17000, 8241801, 1, 0, 0
18000, 8267092, 1, 0, 0
19000, 8106574, 1, 0, 0
20000, 9027765, 1, 0, 0
21000, 8195242, 1, 0, 0
22000, 8244867, 1, 0, 0
23001, 8415164, 1, 0, 0
24000, 8132072, 1, 0, 0
25043, 8317249, 1, 0, 0
26002, 8294558, 1, 0, 0
27000, 8295207, 1, 0, 0
28000, 8718167, 1, 0, 0
29000, 8012433, 1, 0, 0
30001, 8194671, 1, 0, 0
31000, 8542293, 1, 0, 0
32000, 8801000, 1, 0, 0
33000, 8742488, 1, 0, 0
34000, 8412332, 1, 0, 0
35000, 7853608, 1, 0, 0
36000, 7765812, 1, 0, 0
37000, 8586779, 1, 0, 0
38001, 8176022, 1, 0, 0
39000, 8470093, 1, 0, 0
40000, 8459510, 1, 0, 0
41000, 8133631, 1, 0, 0
42005, 8305620, 1, 0, 0
43000, 8268163, 1, 0, 0
44000, 8838607, 1, 0, 0
45001, 8207290, 1, 0, 0
46002, 8325234, 1, 0, 0
47000, 8654756, 1, 0, 0
48001, 8252177, 1, 0, 0
49001, 8370986, 1, 0, 0
50000, 8171416, 1, 0, 0
51000, 8243105, 1, 0, 0
52000, 8412143, 1, 0, 0
53000, 8115608, 1, 0, 0
54000, 8499402, 1, 0, 0
55000, 8001036, 1, 0, 0
56000, 8087846, 1, 0, 0
57000, 8861287, 1, 0, 0
58000, 7932003, 1, 0, 0
59001, 8342587, 1, 0, 0
60000, 8050146, 1, 0, 0
61001, 8347335, 1, 0, 0
62007, 8766271, 1, 0, 0
63000, 8293535, 1, 0, 0
64000, 8108902, 1, 0, 0
65000, 7992957, 1, 0, 0
66000, 8266912, 1, 0, 0
67000, 8080522, 1, 0, 0
68000, 8747113, 1, 0, 0
69000, 8395429, 1, 0, 0
70000, 8521425, 1, 0, 0
71000, 8587913, 1, 0, 0
72000, 8379945, 1, 0, 0
73000, 8390214, 1, 0, 0
74001, 8126481, 1, 0, 0
75000, 8640313, 1, 0, 0
76030, 8499909, 1, 0, 0
77000, 8955088, 1, 0, 0
78000, 7921915, 1, 0, 0
79000, 8517653, 1, 0, 0
80002, 8446293, 1, 0, 0
81000, 8460953, 1, 0, 0
82000, 8220372, 1, 0, 0
83001, 7789398, 1, 0, 0
84000, 9014825, 1, 0, 0
85020, 8333154, 1, 0, 0
86002, 8788752, 1, 0, 0
87000, 8142748, 1, 0, 0
88000, 8402851, 1, 0, 0
89000, 8543429, 1, 0, 0
90000, 8576334, 1, 0, 0
91000, 8267666, 1, 0, 0
92001, 8089963, 1, 0, 0
93000, 8463589, 1, 0, 0
94001, 8146719, 1, 0, 0
95000, 7399712, 1, 0, 0
96001, 8845062, 1, 0, 0
97000, 8267696, 1, 0, 0
98000, 8178941, 1, 0, 0
99001, 8712246, 1, 0, 0
100000, 7941237, 1, 0, 0
101001, 8152919, 1, 0, 0
102000, 8191028, 1, 0, 0
103000, 8395797, 1, 0, 0
104000, 8484374, 1, 0, 0
105000, 8358756, 1, 0, 0
106000, 8292324, 1, 0, 0
107000, 8041926, 1, 0, 0
108000, 8645949, 1, 0, 0
109000, 7862400, 1, 0, 0
110000, 8031368, 1, 0, 0
111000, 8749621, 1, 0, 0
112000, 8333560, 1, 0, 0
113000, 8252671, 1, 0, 0
114000, 8296620, 1, 0, 0
115000, 8445226, 1, 0, 0
116000, 8297549, 1, 0, 0
117001, 8587721, 1, 0, 0
118000, 8544093, 1, 0, 0
119000, 8290866, 1, 0, 0
120000, 8421171, 1, 0, 0
121000, 8500988, 1, 0, 0
122000, 8144562, 1, 0, 0
123000, 8013350, 1, 0, 0
124000, 8745115, 1, 0, 0
125000, 8181927, 1, 0, 0
126039, 8690861, 1, 0, 0
127000, 8844272, 1, 0, 0
128000, 8714775, 1, 0, 0
129000, 8453504, 1, 0, 0
130000, 8165089, 1, 0, 0
131000, 8031755, 1, 0, 0
132000, 8497302, 1, 0, 0
133000, 8309496, 1, 0, 0
134000, 8358632, 1, 0, 0
135000, 8527677, 1, 0, 0
136000, 8290420, 1, 0, 0
137001, 7887003, 1, 0, 0
138000, 8716523, 1, 0, 0
139000, 8365624, 1, 0, 0
140000, 8490216, 1, 0, 0
141001, 7820565, 1, 0, 0
142000, 8402525, 1, 0, 0
143000, 8486966, 1, 0, 0
144001, 8222231, 1, 0, 0
145000, 8221596, 1, 0, 0
146000, 8242350, 1, 0, 0
147001, 8614568, 1, 0, 0
148000, 8268265, 1, 0, 0
149000, 8503685, 1, 0, 0
150000, 8379557, 1, 0, 0
151000, 8187602, 1, 0, 0
152000, 8416000, 1, 0, 0
153001, 8261494, 1, 0, 0
154000, 8447035, 1, 0, 0
155000, 8677632, 1, 0, 0
156000, 8146384, 1, 0, 0
157000, 8313463, 1, 0, 0
158000, 8346468, 1, 0, 0
159004, 8658692, 1, 0, 0
160000, 8539421, 1, 0, 0
161003, 8792316, 1, 0, 0
162000, 8501160, 1, 0, 0
163043, 8377696, 1, 0, 0
164002, 8700506, 1, 0, 0
165000, 8490965, 1, 0, 0
166000, 8685112, 1, 0, 0
167000, 8332317, 1, 0, 0
168000, 8714648, 1, 0, 0
169000, 8176280, 1, 0, 0
170000, 8208949, 1, 0, 0
171000, 8242679, 1, 0, 0
172000, 8098527, 1, 0, 0
173000, 8106300, 1, 0, 0
174000, 8734705, 1, 0, 0
175003, 8379804, 1, 0, 0
176001, 7931306, 1, 0, 0
177000, 8185866, 1, 0, 0
178000, 8551461, 1, 0, 0
179000, 8774726, 1, 0, 0
180000, 8382724, 1, 0, 0
180007, 10416911, 1, 0, 0
