1008, 3880836, 1, 0, 0
2000, 4159027, 1, 0, 0
3004, 4169539, 1, 0, 0
4006, 4322557, 1, 0, 0
5001, 4133791, 1, 0, 0
6005, 4114319, 1, 0, 0
7005, 4156970, 1, 0, 0
8000, 4112737, 1, 0, 0
9008, 4194641, 1, 0, 0
10002, 4206203, 1, 0, 0
11011, 4052847, 1, 0, 0
12005, 4222351, 1, 0, 0
13014, 4180573, 1, 0, 0
14005, 4200990, 1, 0, 0
15004, 4291895, 1, 0, 0
16006, 4119981, 1, 0, 0
17008, 4279026, 1, 0, 0
18003, 4176128, 1, 0, 0
19014, 4189381, 1, 0, 0
20007, 4197743, 1, 0, 0
21000, 4084527, 1, 0, 0
22004, 4272251, 1, 0, 0
23007, 4147199, 1, 0, 0
24000, 4058069, 1, 0, 0
25012, 4127337, 1, 0, 0
26008, 4240473, 1, 0, 0
27002, 4079970, 1, 0, 0
28007, 4237731, 1, 0, 0
29000, 4290127, 1, 0, 0
30006, 4186520, 1, 0, 0
31002, 4203752, 1, 0, 0
32003, 4011548, 1, 0, 0
33006, 4161386, 1, 0, 0
34000, 4285564, 1, 0, 0
35012, 4117212, 1, 0, 0
36000, 4158849, 1, 0, 0
37002, 4193998, 1, 0, 0
38007, 4288391, 1, 0, 0
39000, 4142567, 1, 0, 0
40010, 4347390, 1, 0, 0
41007, 4345091, 1, 0, 0
42001, 4112154, 1, 0, 0
43001, 4231457, 1, 0, 0
44007, 4044339, 1, 0, 0
45002, 4310277, 1, 0, 0
46005, 4254030, 1, 0, 0
47000, 4044202, 1, 0, 0
48003, 4009112, 1, 0, 0
49008, 4255644, 1, 0, 0
50006, 4048080, 1, 0, 0
51000, 4384660, 1, 0, 0
52009, 4179522, 1, 0, 0
53004, 4189055, 1, 0, 0
54007, 4178734, 1, 0, 0
55008, 4273108, 1, 0, 0
56003, 4124010, 1, 0, 0
57000, 4193906, 1, 0, 0
58009, 4283554, 1, 0, 0
59006, 4075567, 1, 0, 0
60000, 4209342, 1, 0, 0
61010, 4176907, 1, 0, 0
62004, 4327634, 1, 0, 0
63015, 4210304, 1, 0, 0
64007, 4379401, 1, 0, 0
65003, 4183108, 1, 0, 0
66014, 4067290, 1, 0, 0
67008, 4174555, 1, 0, 0
68000, 4154277, 1, 0, 0
69003, 4254854, 1, 0, 0
70006, 4100483, 1, 0, 0
71002, 4064973, 1, 0, 0
72006, 4182708, 1, 0, 0
73008, 4125745, 1, 0, 0
74003, 4041947, 1, 0, 0
75000, 4187503, 1, 0, 0
76009, 4353764, 1, 0, 0
77005, 4159040, 1, 0, 0
78006, 4125833, 1, 0, 0
79009, 4222815, 1, 0, 0
80005, 4091788, 1, 0, 0
81000, 4126852, 1, 0, 0
82006, 4190818, 1, 0, 0
83002, 4219869, 1, 0, 0
84013, 4121275, 1, 0, 0
85011, 4273140, 1, 0, 0
86006, 4149580, 1, 0, 0
87001, 4235564, 1, 0, 0
88000, 4167797, 1, 0, 0
89000, 4173440, 1, 0, 0
90004, 4042826, 1, 0, 0
91001, 4153539, 1, 0, 0
92006, 4078357, 1, 0, 0
93003, 4078684, 1, 0, 0
94015, 4177397, 1, 0, 0
95005, 4202274, 1, 0, 0
96001, 4059031, 1, 0, 0
97009, 4166362, 1, 0, 0
98006, 4041576, 1, 0, 0
99005, 4138805, 1, 0, 0
100007, 4239654, 1, 0, 0
101002, 4289359, 1, 0, 0
102008, 4204063, 1, 0, 0
103002, 4274177, 1, 0, 0
104002, 4226188, 1, 0, 0
105004, 4066774, 1, 0, 0
106009, 4101935, 1, 0, 0
107001, 4198384, 1, 0, 0
108011, 4257247, 1, 0, 0
109003, 4190186, 1, 0, 0
110012, 4145439, 1, 0, 0
111005, 4258334, 1, 0, 0
112001, 4265597, 1, 0, 0
113012, 4146694, 1, 0, 0
114008, 4197875, 1, 0, 0
115002, 4118209, 1, 0, 0
116001, 4019680, 1, 0, 0
117009, 4183558, 1, 0, 0
118005, 4259893, 1, 0, 0
119014, 4338710, 1, 0, 0
120004, 4206589, 1, 0, 0
121003, 4181631, 1, 0, 0
122004, 4210383, 1, 0, 0
123006, 4250765, 1, 0, 0
124001, 4171668, 1, 0, 0
125011, 4211638, 1, 0, 0
126007, 4191223, 1, 0, 0
127003, 4066502, 1, 0, 0
128013, 4144995, 1, 0, 0
129008, 4135114, 1, 0, 0
130002, 4200439, 1, 0, 0
131003, 4261622, 1, 0, 0
132007, 4326774, 1, 0, 0
133001, 4162985, 1, 0, 0
134012, 4190198, 1, 0, 0
135006, 4214820, 1, 0, 0
136000, 4156778, 1, 0, 0
137002, 4072956, 1, 0, 0
138004, 4042439, 1, 0, 0
139002, 4034614, 1, 0, 0
140013, 4069272, 1, 0, 0
141010, 4233697, 1, 0, 0
142003, 4257581, 1, 0, 0
143000, 4161081, 1, 0, 0
144010, 4191198, 1, 0, 0
145004, 4093810, 1, 0, 0
146000, 4147437, 1, 0, 0
147009, 4290686, 1, 0, 0
148002, 4190955, 1, 0, 0
149011, 4231750, 1, 0, 0
150007, 4170289, 1, 0, 0
151001, 4131545, 1, 0, 0
152012, 4244410, 1, 0, 0
153005, 4180079, 1, 0, 0
154014, 4114307, 1, 0, 0
155011, 4123805, 1, 0, 0
156006, 3973042, 1, 0, 0
157000, 4195860, 1, 0, 0
158015, 4111281, 1, 0, 0
159010, 4113840, 1, 0, 0
160000, 4372217, 1, 0, 0
161000, 4181067, 1, 0, 0
162008, 4084530, 1, 0, 0
163002, 4062745, 1, 0, 0
164005, 4195729, 1, 0, 0
165006, 4257538, 1, 0, 0
166014, 4254148, 1, 0, 0
167008, 4164276, 1, 0, 0
168002, 4207803, 1, 0, 0
169011, 4078727, 1, 0, 0
170004, 4126232, 1, 0, 0
171001, 4151327, 1, 0, 0
172009, 4265676, 1, 0, 0
173004, 4185084, 1, 0, 0
174000, 4263881, 1, 0, 0
175005, 4149607, 1, 0, 0
176006, 4107221, 1, 0, 0
177003, 4227840, 1, 0, 0
178012, 4245081, 1, 0, 0
179006, 4222293, 1, 0, 0
180002, 4160529, 1, 0, 0
180003, 29565581, 1, 0, 0
