1000, 1073, 0, 0, 0
2000, 957, 0, 0, 0
3000, 950, 0, 0, 0
4000, 939, 0, 0, 0
5000, 954, 0, 0, 0
6000, 956, 0, 0, 0
7000, 973, 0, 0, 0
8000, 945, 0, 0, 0
9000, 970, 0, 0, 0
10000, 934, 0, 0, 0
11000, 943, 0, 0, 0
12000, 983, 0, 0, 0
13000, 956, 0, 0, 0
14000, 949, 0, 0, 0
15000, 961, 0, 0, 0
16000, 922, 0, 0, 0
17000, 973, 0, 0, 0
18000, 956, 0, 0, 0
19000, 954, 0, 0, 0
20000, 971, 0, 0, 0
21000, 936, 0, 0, 0
22000, 951, 0, 0, 0
23000, 967, 0, 0, 0
24000, 962, 0, 0, 0
25000, 933, 0, 0, 0
26000, 964, 0, 0, 0
27000, 943, 0, 0, 0
28000, 963, 0, 0, 0
28999, 969, 0, 0, 0
30000, 954, 0, 0, 0
31000, 947, 0, 0, 0
32000, 980, 0, 0, 0
33000, 951, 0, 0, 0
34000, 961, 0, 0, 0
35000, 948, 0, 0, 0
36000, 925, 0, 0, 0
37000, 980, 0, 0, 0
38000, 944, 0, 0, 0
39000, 954, 0, 0, 0
40000, 966, 0, 0, 0
41000, 957, 0, 0, 0
42000, 968, 0, 0, 0
43000, 949, 0, 0, 0
44000, 976, 0, 0, 0
45000, 945, 0, 0, 0
46000, 945, 0, 0, 0
47000, 952, 0, 0, 0
48000, 944, 0, 0, 0
49000, 963, 0, 0, 0
50000, 985, 0, 0, 0
51000, 951, 0, 0, 0
52000, 961, 0, 0, 0
53000, 977, 0, 0, 0
54000, 963, 0, 0, 0
55000, 956, 0, 0, 0
56000, 967, 0, 0, 0
57000, 965, 0, 0, 0
58000, 955, 0, 0, 0
59000, 962, 0, 0, 0
60000, 961, 0, 0, 0
61000, 940, 0, 0, 0
62000, 987, 0, 0, 0
63000, 954, 0, 0, 0
64000, 960, 0, 0, 0
65000, 973, 0, 0, 0
66000, 964, 0, 0, 0
67000, 962, 0, 0, 0
68000, 950, 0, 0, 0
69000, 970, 0, 0, 0
70000, 962, 0, 0, 0
71000, 955, 0, 0, 0
72000, 950, 0, 0, 0
73000, 940, 0, 0, 0
74000, 959, 0, 0, 0
75000, 940, 0, 0, 0
76000, 947, 0, 0, 0
77000, 941, 0, 0, 0
78000, 957, 0, 0, 0
79000, 938, 0, 0, 0
80000, 979, 0, 0, 0
81000, 944, 0, 0, 0
82000, 955, 0, 0, 0
83000, 943, 0, 0, 0
84000, 975, 0, 0, 0
85000, 955, 0, 0, 0
86000, 949, 0, 0, 0
87000, 969, 0, 0, 0
88000, 956, 0, 0, 0
89000, 980, 0, 0, 0
90000, 948, 0, 0, 0
91000, 972, 0, 0, 0
92000, 947, 0, 0, 0
93000, 952, 0, 0, 0
94000, 977, 0, 0, 0
95000, 976, 0, 0, 0
96000, 968, 0, 0, 0
97000, 956, 0, 0, 0
98000, 946, 0, 0, 0
99000, 944, 0, 0, 0
100000, 952, 0, 0, 0
101000, 938, 0, 0, 0
102000, 978, 0, 0, 0
103000, 967, 0, 0, 0
104000, 930, 0, 0, 0
105000, 962, 0, 0, 0
106000, 958, 0, 0, 0
107000, 939, 0, 0, 0
108000, 943, 0, 0, 0
109000, 959, 0, 0, 0
110000, 962, 0, 0, 0
111000, 949, 0, 0, 0
112000, 978, 0, 0, 0
113000, 953, 0, 0, 0
114000, 974, 0, 0, 0
115000, 947, 0, 0, 0
116000, 953, 0, 0, 0
117000, 970, 0, 0, 0
118000, 946, 0, 0, 0
119000, 971, 0, 0, 0
120000, 953, 0, 0, 0
121000, 938, 0, 0, 0
121999, 973, 0, 0, 0
123000, 964, 0, 0, 0
124000, 948, 0, 0, 0
125000, 951, 0, 0, 0
126000, 949, 0, 0, 0
127000, 932, 0, 0, 0
128000, 967, 0, 0, 0
129000, 974, 0, 0, 0
130000, 976, 0, 0, 0
130999, 961, 0, 0, 0
132000, 963, 0, 0, 0
133000, 937, 0, 0, 0
134000, 967, 0, 0, 0
135000, 948, 0, 0, 0
136000, 950, 0, 0, 0
137000, 975, 0, 0, 0
138000, 951, 0, 0, 0
139000, 951, 0, 0, 0
140000, 968, 0, 0, 0
141000, 948, 0, 0, 0
142000, 982, 0, 0, 0
143000, 972, 0, 0, 0
144000, 937, 0, 0, 0
145000, 976, 0, 0, 0
146000, 971, 0, 0, 0
147000, 960, 0, 0, 0
148000, 952, 0, 0, 0
149000, 972, 0, 0, 0
150000, 931, 0, 0, 0
151000, 969, 0, 0, 0
152000, 924, 0, 0, 0
153000, 932, 0, 0, 0
154000, 958, 0, 0, 0
155000, 958, 0, 0, 0
156000, 946, 0, 0, 0
157000, 987, 0, 0, 0
158000, 966, 0, 0, 0
159000, 922, 0, 0, 0
160000, 975, 0, 0, 0
161000, 942, 0, 0, 0
162000, 955, 0, 0, 0
163000, 965, 0, 0, 0
164000, 934, 0, 0, 0
165000, 956, 0, 0, 0
166000, 954, 0, 0, 0
167000, 957, 0, 0, 0
168000, 967, 0, 0, 0
168999, 941, 0, 0, 0
170000, 972, 0, 0, 0
171000, 949, 0, 0, 0
172000, 967, 0, 0, 0
173000, 950, 0, 0, 0
174000, 960, 0, 0, 0
175000, 958, 0, 0, 0
176000, 966, 0, 0, 0
177000, 951, 0, 0, 0
178000, 948, 0, 0, 0
179000, 963, 0, 0, 0
180000, 955, 0, 0, 0
