1033, 114860122, 1, 0, 0
2005, 148754431, 1, 0, 0
3002, 152574235, 1, 0, 0
4002, 160338706, 1, 0, 0
5000, 151431488, 1, 0, 0
6000, 147733087, 1, 0, 0
7000, 152392082, 1, 0, 0
8001, 154351814, 1, 0, 0
9001, 147262187, 1, 0, 0
10000, 158600772, 1, 0, 0
11002, 136263598, 1, 0, 0
12000, 147600696, 1, 0, 0
13003, 149633930, 1, 0, 0
14000, 136920424, 1, 0, 0
15028, 136665951, 1, 0, 0
16001, 152631400, 1, 0, 0
17008, 144784108, 1, 0, 0
18001, 142149131, 1, 0, 0
19000, 147071806, 1, 0, 0
20001, 154323215, 1, 0, 0
21004, 148827911, 1, 0, 0
22002, 146867413, 1, 0, 0
23000, 145249239, 1, 0, 0
24000, 152686862, 1, 0, 0
25000, 148137476, 1, 0, 0
26035, 154386372, 1, 0, 0
27001, 147396543, 1, 0, 0
28000, 162414494, 1, 0, 0
29029, 143105636, 1, 0, 0
30003, 156838254, 1, 0, 0
31001, 145119242, 1, 0, 0
32040, 140818777, 1, 0, 0
33004, 155371497, 1, 0, 0
34000, 161681952, 1, 0, 0
35001, 148099731, 1, 0, 0
36000, 154073391, 1, 0, 0
37002, 136460308, 1, 0, 0
38001, 145016096, 1, 0, 0
39000, 143068098, 1, 0, 0
40000, 138179501, 1, 0, 0
41001, 146155865, 1, 0, 0
42001, 134487413, 1, 0, 0
43000, 145274515, 1, 0, 0
44002, 126454068, 1, 0, 0
45004, 125768075, 1, 0, 0
46000, 128845066, 1, 0, 0
47002, 125737145, 1, 0, 0
48000, 130448949, 1, 0, 0
49001, 126549415, 1, 0, 0
50001, 122501061, 1, 0, 0
51000, 131052553, 1, 0, 0
52043, 131358467, 1, 0, 0
53002, 139283758, 1, 0, 0
54000, 139507200, 1, 0, 0
55000, 130682708, 1, 0, 0
56004, 130783214, 1, 0, 0
57001, 131435843, 1, 0, 0
58000, 132385795, 1, 0, 0
59044, 130225818, 1, 0, 0
60001, 133655132, 1, 0, 0
61000, 136790876, 1, 0, 0
62000, 129880464, 1, 0, 0
63000, 128819119, 1, 0, 0
64001, 131415552, 1, 0, 0
65007, 131324294, 1, 0, 0
66000, 130277887, 1, 0, 0
67005, 138624519, 1, 0, 0
68004, 130777019, 1, 0, 0
69000, 136057889, 1, 0, 0
70003, 133931388, 1, 0, 0
71002, 128036731, 1, 0, 0
72001, 137473350, 1, 0, 0
73002, 136276516, 1, 0, 0
74000, 135784320, 1, 0, 0
75002, 132555260, 1, 0, 0
76001, 136346930, 1, 0, 0
77000, 137008306, 1, 0, 0
78030, 137409293, 1, 0, 0
79006, 141391101, 1, 0, 0
80006, 141339620, 1, 0, 0
81001, 131121105, 1, 0, 0
82003, 136169324, 1, 0, 0
83000, 133542041, 1, 0, 0
84000, 130997168, 1, 0, 0
85000, 132143754, 1, 0, 0
86001, 128133652, 1, 0, 0
87000, 132611062, 1, 0, 0
88002, 127803216, 1, 0, 0
89000, 131326292, 1, 0, 0
90031, 133445503, 1, 0, 0
91000, 135731994, 1, 0, 0
92000, 133523698, 1, 0, 0
93005, 140273803, 1, 0, 0
94002, 130857440, 1, 0, 0
95000, 124113770, 1, 0, 0
96002, 125243682, 1, 0, 0
97000, 124942921, 1, 0, 0
98000, 121395320, 1, 0, 0
99006, 119985435, 1, 0, 0
100000, 127424625, 1, 0, 0
101000, 129627572, 1, 0, 0
102004, 122648113, 1, 0, 0
103000, 128397138, 1, 0, 0
104000, 130650260, 1, 0, 0
105000, 130402858, 1, 0, 0
106004, 131490059, 1, 0, 0
107000, 132294165, 1, 0, 0
108029, 131205764, 1, 0, 0
109001, 131846181, 1, 0, 0
110000, 130885711, 1, 0, 0
111000, 130425894, 1, 0, 0
112001, 131526311, 1, 0, 0
113000, 125470660, 1, 0, 0
114000, 122808557, 1, 0, 0
115000, 121016462, 1, 0, 0
116000, 118300346, 1, 0, 0
117042, 117417385, 1, 0, 0
118000, 119182667, 1, 0, 0
119000, 118651879, 1, 0, 0
120000, 122467697, 1, 0, 0
121000, 122480298, 1, 0, 0
122000, 124827979, 1, 0, 0
123000, 125874037, 1, 0, 0
124001, 125889312, 1, 0, 0
125006, 127873182, 1, 0, 0
126001, 124935604, 1, 0, 0
127000, 126642461, 1, 0, 0
128000, 123063164, 1, 0, 0
129001, 122123379, 1, 0, 0
130002, 124427111, 1, 0, 0
131000, 127405013, 1, 0, 0
132002, 128933776, 1, 0, 0
133030, 130052114, 1, 0, 0
134000, 126402164, 1, 0, 0
135001, 123618626, 1, 0, 0
136000, 121446560, 1, 0, 0
137000, 119152709, 1, 0, 0
138000, 138542732, 1, 0, 0
139005, 155844765, 1, 0, 0
140004, 153771004, 1, 0, 0
141000, 151793876, 1, 0, 0
142000, 153335184, 1, 0, 0
143000, 145339621, 1, 0, 0
144012, 148237301, 1, 0, 0
145001, 167194035, 1, 0, 0
146002, 141834732, 1, 0, 0
147000, 140465342, 1, 0, 0
148001, 146893367, 1, 0, 0
149000, 132925112, 1, 0, 0
150004, 140551768, 1, 0, 0
151000, 140408078, 1, 0, 0
152005, 133476216, 1, 0, 0
153002, 130778848, 1, 0, 0
154002, 131659102, 1, 0, 0
155001, 132867644, 1, 0, 0
156000, 133251705, 1, 0, 0
157002, 131941980, 1, 0, 0
158000, 133651610, 1, 0, 0
159000, 133020083, 1, 0, 0
160000, 131815545, 1, 0, 0
161000, 131926809, 1, 0, 0
162000, 131117078, 1, 0, 0
163000, 129503593, 1, 0, 0
164002, 132467613, 1, 0, 0
165002, 128353650, 1, 0, 0
166000, 129138182, 1, 0, 0
167000, 130412240, 1, 0, 0
168000, 128937348, 1, 0, 0
169001, 129206568, 1, 0, 0
170002, 129642304, 1, 0, 0
171003, 129335700, 1, 0, 0
172000, 128300010, 1, 0, 0
173001, 134132085, 1, 0, 0
174000, 134953586, 1, 0, 0
175000, 134267285, 1, 0, 0
176001, 133440566, 1, 0, 0
177034, 136070350, 1, 0, 0
178000, 137030644, 1, 0, 0
179000, 143768714, 1, 0, 0
180002, 132501370, 1, 0, 0
180110, 189375402, 1, 0, 0
