1001, 1009969, 1, 0, 0
2000, 1047588, 1, 0, 0
3000, 1022755, 1, 0, 0
4000, 1055710, 1, 0, 0
5000, 1027602, 1, 0, 0
6000, 1055394, 1, 0, 0
7000, 1051309, 1, 0, 0
8000, 1027887, 1, 0, 0
9000, 1033370, 1, 0, 0
10000, 1049404, 1, 0, 0
11000, 1039294, 1, 0, 0
12000, 1054894, 1, 0, 0
13000, 1052763, 1, 0, 0
14000, 1092167, 1, 0, 0
15000, 1043955, 1, 0, 0
16000, 1111412, 1, 0, 0
17000, 1015276, 1, 0, 0
18000, 1118964, 1, 0, 0
19000, 1053239, 1, 0, 0
20000, 1069867, 1, 0, 0
21001, 1143107, 1, 0, 0
22000, 1120208, 1, 0, 0
23000, 1036911, 1, 0, 0
24000, 1032880, 1, 0, 0
25000, 1021913, 1, 0, 0
26000, 1032188, 1, 0, 0
27000, 1013404, 1, 0, 0
28000, 1023092, 1, 0, 0
29000, 1041138, 1, 0, 0
30000, 1056310, 1, 0, 0
31000, 1098199, 1, 0, 0
32000, 1036069, 1, 0, 0
33000, 1067012, 1, 0, 0
34000, 1036654, 1, 0, 0
35000, 1041447, 1, 0, 0
36000, 1028810, 1, 0, 0
37001, 1071388, 1, 0, 0
38000, 1169371, 1, 0, 0
39000, 1104764, 1, 0, 0
40000, 1077141, 1, 0, 0
41000, 1093534, 1, 0, 0
42000, 1025421, 1, 0, 0
43001, 1093759, 1, 0, 0
44000, 1061181, 1, 0, 0
45000, 1063097, 1, 0, 0
46000, 1048803, 1, 0, 0
47000, 1078702, 1, 0, 0
48000, 1083085, 1, 0, 0
49005, 1058252, 1, 0, 0
50000, 1012951, 1, 0, 0
51000, 1042176, 1, 0, 0
52000, 1064634, 1, 0, 0
53000, 1120578, 1, 0, 0
54000, 1271603, 1, 0, 0
55000, 1032983, 1, 0, 0
56000, 1200723, 1, 0, 0
57000, 1104180, 1, 0, 0
58000, 1033753, 1, 0, 0
59558, 2677083, 1, 0, 0
60000, 1146490, 1, 0, 0
61000, 968528, 1, 0, 0
62000, 1031982, 1, 0, 0
63000, 954862, 1, 0, 0
64000, 1044179, 1, 0, 0
65000, 1067055, 1, 0, 0
66000, 1034704, 1, 0, 0
67000, 1050352, 1, 0, 0
68000, 1029123, 1, 0, 0
69002, 1031568, 1, 0, 0
70000, 1170111, 1, 0, 0
71000, 1010907, 1, 0, 0
72001, 1027476, 1, 0, 0
73000, 1052717, 1, 0, 0
74000, 1050990, 1, 0, 0
75000, 1086012, 1, 0, 0
76000, 1049821, 1, 0, 0
77000, 1078145, 1, 0, 0
78001, 1030365, 1, 0, 0
79001, 1032910, 1, 0, 0
80000, 1033702, 1, 0, 0
81000, 1016453, 1, 0, 0
82000, 977949, 1, 0, 0
83001, 1018601, 1, 0, 0
84000, 1028919, 1, 0, 0
85000, 1038244, 1, 0, 0
86000, 1047692, 1, 0, 0
87000, 1064933, 1, 0, 0
88000, 1009082, 1, 0, 0
89000, 1023340, 1, 0, 0
90000, 1013587, 1, 0, 0
91000, 1026749, 1, 0, 0
92000, 1075623, 1, 0, 0
93000, 1040319, 1, 0, 0
94000, 1055623, 1, 0, 0
95000, 1038583, 1, 0, 0
96000, 1033542, 1, 0, 0
97000, 1064881, 1, 0, 0
98001, 1035678, 1, 0, 0
99000, 1019857, 1, 0, 0
100000, 1025079, 1, 0, 0
101001, 1063722, 1, 0, 0
102000, 1057694, 1, 0, 0
103000, 1002207, 1, 0, 0
104000, 1052417, 1, 0, 0
105000, 1004250, 1, 0, 0
106000, 1053901, 1, 0, 0
107000, 1058861, 1, 0, 0
108000, 1027456, 1, 0, 0
109001, 1041372, 1, 0, 0
110000, 1052437, 1, 0, 0
111000, 988377, 1, 0, 0
112002, 1048091, 1, 0, 0
113000, 1070230, 1, 0, 0
114000, 1059614, 1, 0, 0
115000, 1045403, 1, 0, 0
116000, 1075548, 1, 0, 0
117000, 1026901, 1, 0, 0
118004, 1083958, 1, 0, 0
119000, 1031158, 1, 0, 0
120000, 1060764, 1, 0, 0
121000, 1028095, 1, 0, 0
122001, 1055810, 1, 0, 0
123000, 1074999, 1, 0, 0
124000, 1034304, 1, 0, 0
125000, 1049453, 1, 0, 0
126000, 1037080, 1, 0, 0
127000, 1042567, 1, 0, 0
128001, 1054926, 1, 0, 0
129000, 1030745, 1, 0, 0
130000, 1024824, 1, 0, 0
131000, 1041488, 1, 0, 0
132000, 1047584, 1, 0, 0
133000, 1010020, 1, 0, 0
134000, 1032726, 1, 0, 0
135000, 1050792, 1, 0, 0
136001, 1025367, 1, 0, 0
137000, 1046567, 1, 0, 0
138000, 1072815, 1, 0, 0
139000, 1039780, 1, 0, 0
140000, 1051088, 1, 0, 0
141003, 1049075, 1, 0, 0
142000, 997969, 1, 0, 0
143000, 1082170, 1, 0, 0
144000, 1049610, 1, 0, 0
145002, 1038000, 1, 0, 0
146000, 1062485, 1, 0, 0
147000, 1038034, 1, 0, 0
148000, 1042950, 1, 0, 0
149001, 995410, 1, 0, 0
150000, 1047851, 1, 0, 0
151000, 1054330, 1, 0, 0
152000, 1037204, 1, 0, 0
153000, 1034727, 1, 0, 0
154000, 1124997, 1, 0, 0
155000, 976170, 1, 0, 0
156001, 1055348, 1, 0, 0
157000, 1033038, 1, 0, 0
158000, 1098738, 1, 0, 0
159000, 999662, 1, 0, 0
160000, 1044025, 1, 0, 0
161000, 1046970, 1, 0, 0
162000, 1060616, 1, 0, 0
163000, 1024517, 1, 0, 0
164000, 1003404, 1, 0, 0
165000, 1035284, 1, 0, 0
166001, 1082322, 1, 0, 0
167000, 984171, 1, 0, 0
168000, 1046501, 1, 0, 0
169000, 1043515, 1, 0, 0
170000, 1064323, 1, 0, 0
171000, 1016963, 1, 0, 0
172000, 1017509, 1, 0, 0
173000, 1038008, 1, 0, 0
174000, 1052993, 1, 0, 0
175000, 1049581, 1, 0, 0
176000, 1020125, 1, 0, 0
177000, 1008167, 1, 0, 0
178000, 1052091, 1, 0, 0
179000, 1074441, 1, 0, 0
180000, 1082645, 1, 0, 0
