1000, 983571, 1, 0, 0
2000, 1051127, 1, 0, 0
3000, 992286, 1, 0, 0
4000, 1034391, 1, 0, 0
5000, 1015346, 1, 0, 0
6000, 1026256, 1, 0, 0
7000, 1028296, 1, 0, 0
8001, 1026347, 1, 0, 0
9000, 1028920, 1, 0, 0
10001, 1053193, 1, 0, 0
11000, 1045187, 1, 0, 0
12000, 1058274, 1, 0, 0
13000, 1066731, 1, 0, 0
14000, 1070616, 1, 0, 0
15000, 1110012, 1, 0, 0
16000, 1066760, 1, 0, 0
17000, 1003171, 1, 0, 0
18000, 1123262, 1, 0, 0
19000, 996883, 1, 0, 0
20000, 1045017, 1, 0, 0
21002, 1128617, 1, 0, 0
22000, 1103206, 1, 0, 0
23000, 1070518, 1, 0, 0
24000, 1021472, 1, 0, 0
25000, 1018022, 1, 0, 0
26000, 1029998, 1, 0, 0
27001, 1001331, 1, 0, 0
28000, 1053580, 1, 0, 0
29001, 1015810, 1, 0, 0
30000, 1042006, 1, 0, 0
31000, 1088250, 1, 0, 0
32000, 1055755, 1, 0, 0
33001, 1060225, 1, 0, 0
34000, 1066920, 1, 0, 0
35000, 1025072, 1, 0, 0
36000, 1015542, 1, 0, 0
37000, 1056933, 1, 0, 0
38000, 1144015, 1, 0, 0
39000, 1126800, 1, 0, 0
40000, 1076740, 1, 0, 0
41000, 1101191, 1, 0, 0
42000, 1044506, 1, 0, 0
43000, 1063593, 1, 0, 0
44000, 1055515, 1, 0, 0
45000, 1067568, 1, 0, 0
46000, 1060975, 1, 0, 0
47000, 1066805, 1, 0, 0
48001, 1108959, 1, 0, 0
49004, 1030519, 1, 0, 0
50000, 1034435, 1, 0, 0
51000, 1044944, 1, 0, 0
52000, 1081365, 1, 0, 0
53000, 1097342, 1, 0, 0
54000, 1301757, 1, 0, 0
55000, 1067877, 1, 0, 0
56001, 1160355, 1, 0, 0
57003, 1142492, 1, 0, 0
58000, 1072462, 1, 0, 0
59774, 3093640, 1, 0, 0
60000, 981909, 1, 0, 0
61001, 953260, 1, 0, 0
62000, 1064115, 1, 0, 0
63000, 962575, 1, 0, 0
64000, 990082, 1, 0, 0
65000, 1009412, 1, 0, 0
66000, 1024667, 1, 0, 0
67000, 1090686, 1, 0, 0
68000, 1037473, 1, 0, 0
69000, 1063030, 1, 0, 0
70001, 1134937, 1, 0, 0
71001, 1019255, 1, 0, 0
72000, 1009463, 1, 0, 0
73000, 1016967, 1, 0, 0
74000, 1044034, 1, 0, 0
75000, 1132713, 1, 0, 0
76000, 1058964, 1, 0, 0
77000, 1006785, 1, 0, 0
78002, 1001868, 1, 0, 0
79000, 1027373, 1, 0, 0
80000, 1058337, 1, 0, 0
81000, 1067279, 1, 0, 0
82000, 968812, 1, 0, 0
83000, 1007452, 1, 0, 0
84000, 1103112, 1, 0, 0
85000, 1016585, 1, 0, 0
86000, 1080579, 1, 0, 0
87000, 1052794, 1, 0, 0
88000, 1038945, 1, 0, 0
89001, 1072064, 1, 0, 0
90000, 1019985, 1, 0, 0
91000, 1003459, 1, 0, 0
92000, 1065040, 1, 0, 0
93000, 1033713, 1, 0, 0
94004, 1019049, 1, 0, 0
95000, 1036235, 1, 0, 0
96000, 1060578, 1, 0, 0
97000, 1074339, 1, 0, 0
98000, 1017491, 1, 0, 0
99000, 1058353, 1, 0, 0
100000, 1027243, 1, 0, 0
101000, 1028822, 1, 0, 0
102000, 1068115, 1, 0, 0
103000, 1019823, 1, 0, 0
104000, 1044275, 1, 0, 0
105000, 1029665, 1, 0, 0
106000, 1035092, 1, 0, 0
107001, 1057197, 1, 0, 0
108000, 1046803, 1, 0, 0
109000, 1069897, 1, 0, 0
110001, 1045628, 1, 0, 0
111000, 1000034, 1, 0, 0
112000, 1028465, 1, 0, 0
113001, 1027841, 1, 0, 0
114000, 1066363, 1, 0, 0
115000, 996545, 1, 0, 0
116000, 1108778, 1, 0, 0
117000, 1021337, 1, 0, 0
118001, 1041751, 1, 0, 0
119000, 1032300, 1, 0, 0
120000, 1078899, 1, 0, 0
121001, 1006519, 1, 0, 0
122003, 1026443, 1, 0, 0
123000, 1097245, 1, 0, 0
124000, 1048377, 1, 0, 0
125000, 1020349, 1, 0, 0
126000, 1052443, 1, 0, 0
127001, 1041172, 1, 0, 0
128000, 1052667, 1, 0, 0
129000, 1045454, 1, 0, 0
130000, 1066128, 1, 0, 0
131001, 1068622, 1, 0, 0
132000, 1030212, 1, 0, 0
133000, 1038583, 1, 0, 0
134000, 1052770, 1, 0, 0
135000, 1076225, 1, 0, 0
136001, 1037404, 1, 0, 0
137000, 1055705, 1, 0, 0
138000, 1133039, 1, 0, 0
139000, 1049868, 1, 0, 0
140003, 1074483, 1, 0, 0
141003, 1043630, 1, 0, 0
142000, 1013428, 1, 0, 0
143000, 1041852, 1, 0, 0
144000, 1113993, 1, 0, 0
145000, 1055912, 1, 0, 0
146000, 1084025, 1, 0, 0
147000, 1027890, 1, 0, 0
148001, 1034457, 1, 0, 0
149000, 1013277, 1, 0, 0
150000, 1071509, 1, 0, 0
151000, 1039574, 1, 0, 0
152000, 1062843, 1, 0, 0
153000, 1016532, 1, 0, 0
154000, 1110510, 1, 0, 0
155000, 972856, 1, 0, 0
156000, 1052684, 1, 0, 0
157000, 1049976, 1, 0, 0
158000, 1088224, 1, 0, 0
159000, 974705, 1, 0, 0
160000, 1011430, 1, 0, 0
161000, 1054080, 1, 0, 0
162001, 1085409, 1, 0, 0
163000, 1025859, 1, 0, 0
164000, 1013633, 1, 0, 0
165000, 1053756, 1, 0, 0
166000, 1137502, 1, 0, 0
167000, 1008485, 1, 0, 0
168000, 1023308, 1, 0, 0
169000, 1035887, 1, 0, 0
170000, 1100968, 1, 0, 0
171000, 1033352, 1, 0, 0
172000, 1028485, 1, 0, 0
173000, 1026980, 1, 0, 0
174000, 1074245, 1, 0, 0
175000, 1022141, 1, 0, 0
176000, 1072858, 1, 0, 0
177001, 1076742, 1, 0, 0
178000, 1057069, 1, 0, 0
179000, 1070386, 1, 0, 0
180000, 1059786, 1, 0, 0
