1001, 17314, 1, 0, 0
2000, 15183, 1, 0, 0
3000, 15224, 1, 0, 0
4000, 15307, 1, 0, 0
5000, 15232, 1, 0, 0
6000, 15136, 1, 0, 0
7000, 15120, 1, 0, 0
8000, 15424, 1, 0, 0
9000, 15560, 1, 0, 0
10000, 15351, 1, 0, 0
11000, 15408, 1, 0, 0
12000, 15372, 1, 0, 0
13000, 15279, 1, 0, 0
14000, 15152, 1, 0, 0
15001, 15348, 1, 0, 0
16000, 15439, 1, 0, 0
17000, 15192, 1, 0, 0
18000, 15231, 1, 0, 0
19000, 15335, 1, 0, 0
20000, 14968, 1, 0, 0
21000, 15416, 1, 0, 0
22000, 15332, 1, 0, 0
23000, 15163, 1, 0, 0
24000, 15352, 1, 0, 0
25000, 15267, 1, 0, 0
26000, 15528, 1, 0, 0
27000, 15316, 1, 0, 0
28000, 15239, 1, 0, 0
29000, 15092, 1, 0, 0
30000, 15279, 1, 0, 0
31000, 15443, 1, 0, 0
32000, 15416, 1, 0, 0
33000, 15160, 1, 0, 0
34000, 15515, 1, 0, 0
35000, 15176, 1, 0, 0
36000, 15355, 1, 0, 0
37000, 15240, 1, 0, 0
38000, 15268, 1, 0, 0
39000, 15284, 1, 0, 0
40000, 15368, 1, 0, 0
41000, 15611, 1, 0, 0
42000, 15356, 1, 0, 0
43000, 15555, 1, 0, 0
44000, 15608, 1, 0, 0
45000, 15619, 1, 0, 0
46000, 15376, 1, 0, 0
47000, 15487, 1, 0, 0
48000, 15380, 1, 0, 0
49000, 15191, 1, 0, 0
50000, 15375, 1, 0, 0
51000, 15375, 1, 0, 0
52000, 15196, 1, 0, 0
53000, 15640, 1, 0, 0
54000, 15332, 1, 0, 0
55000, 15271, 1, 0, 0
56000, 15391, 1, 0, 0
57000, 15340, 1, 0, 0
58000, 15367, 1, 0, 0
59000, 15431, 1, 0, 0
60000, 15288, 1, 0, 0
61000, 15147, 1, 0, 0
62000, 15276, 1, 0, 0
63000, 15295, 1, 0, 0
64000, 15220, 1, 0, 0
65000, 15388, 1, 0, 0
66000, 15236, 1, 0, 0
67000, 15172, 1, 0, 0
68000, 15507, 1, 0, 0
69000, 15219, 1, 0, 0
70000, 15056, 1, 0, 0
71000, 15247, 1, 0, 0
72000, 15312, 1, 0, 0
73000, 15372, 1, 0, 0
74000, 15220, 1, 0, 0
75001, 15476, 1, 0, 0
76000, 15159, 1, 0, 0
77000, 15376, 1, 0, 0
78000, 15127, 1, 0, 0
79000, 15224, 1, 0, 0
80000, 15064, 1, 0, 0
81000, 15288, 1, 0, 0
82000, 15147, 1, 0, 0
83000, 15335, 1, 0, 0
84000, 15511, 1, 0, 0
85000, 15164, 1, 0, 0
86000, 15419, 1, 0, 0
87000, 15291, 1, 0, 0
88000, 15288, 1, 0, 0
89000, 15256, 1, 0, 0
90000, 15319, 1, 0, 0
91000, 15303, 1, 0, 0
92000, 15236, 1, 0, 0
93000, 15455, 1, 0, 0
94001, 15168, 1, 0, 0
95000, 15239, 1, 0, 0
96000, 15504, 1, 0, 0
97000, 15300, 1, 0, 0
98000, 15347, 1, 0, 0
99000, 15120, 1, 0, 0
100000, 15091, 1, 0, 0
101000, 15247, 1, 0, 0
102000, 15196, 1, 0, 0
103000, 15328, 1, 0, 0
104000, 15167, 1, 0, 0
105000, 14888, 1, 0, 0
106000, 15936, 1, 0, 0
107000, 15491, 1, 0, 0
108000, 15252, 1, 0, 0
109000, 15268, 1, 0, 0
110000, 15568, 1, 0, 0
111000, 15319, 1, 0, 0
112000, 15463, 1, 0, 0
113000, 15100, 1, 0, 0
114000, 15420, 1, 0, 0
115000, 15080, 1, 0, 0
116000, 15220, 1, 0, 0
117000, 15379, 1, 0, 0
118000, 15380, 1, 0, 0
119000, 15359, 1, 0, 0
120000, 15308, 1, 0, 0
121000, 15008, 1, 0, 0
122000, 15843, 1, 0, 0
123000, 15312, 1, 0, 0
124000, 15108, 1, 0, 0
125000, 15124, 1, 0, 0
126000, 15399, 1, 0, 0
127000, 15383, 1, 0, 0
128000, 15252, 1, 0, 0
129000, 15268, 1, 0, 0
130000, 15284, 1, 0, 0
131000, 15323, 1, 0, 0
132000, 15436, 1, 0, 0
133000, 15284, 1, 0, 0
134000, 15267, 1, 0, 0
135000, 15208, 1, 0, 0
136000, 15344, 1, 0, 0
137000, 15456, 1, 0, 0
138000, 15263, 1, 0, 0
139000, 15424, 1, 0, 0
140000, 15236, 1, 0, 0
141000, 15335, 1, 0, 0
142000, 15428, 1, 0, 0
143000, 15007, 1, 0, 0
144000, 15455, 1, 0, 0
145000, 15384, 1, 0, 0
146000, 15248, 1, 0, 0
147000, 15339, 1, 0, 0
148000, 15439, 1, 0, 0
149000, 15203, 1, 0, 0
150000, 15272, 1, 0, 0
151000, 15323, 1, 0, 0
152000, 15391, 1, 0, 0
153000, 15340, 1, 0, 0
154000, 15396, 1, 0, 0
155000, 15107, 1, 0, 0
156000, 15528, 1, 0, 0
157000, 15479, 1, 0, 0
158000, 15300, 1, 0, 0
159000, 15403, 1, 0, 0
160001, 15364, 1, 0, 0
161000, 15131, 1, 0, 0
162000, 15424, 1, 0, 0
163000, 15360, 1, 0, 0
164000, 15236, 1, 0, 0
165000, 15227, 1, 0, 0
166000, 15211, 1, 0, 0
167000, 15180, 1, 0, 0
168000, 15419, 1, 0, 0
169000, 15408, 1, 0, 0
170000, 15347, 1, 0, 0
171000, 15424, 1, 0, 0
172000, 15132, 1, 0, 0
173000, 15452, 1, 0, 0
174000, 15159, 1, 0, 0
175000, 15504, 1, 0, 0
176000, 15235, 1, 0, 0
177000, 15232, 1, 0, 0
178000, 15171, 1, 0, 0
179000, 15459, 1, 0, 0
180000, 15460, 1, 0, 0
