1002, 2511530, 0, 0, 0
2000, 2531411, 0, 0, 0
3000, 2485551, 0, 0, 0
4001, 2503050, 0, 0, 0
5002, 2564414, 0, 0, 0
6000, 2506345, 0, 0, 0
7000, 2469212, 0, 0, 0
8001, 2552986, 0, 0, 0
9001, 2657343, 0, 0, 0
10004, 2489000, 0, 0, 0
11000, 2532122, 0, 0, 0
12001, 2478262, 0, 0, 0
13000, 2573245, 0, 0, 0
14001, 2440846, 0, 0, 0
15001, 3066021, 0, 0, 0
16001, 2594773, 0, 0, 0
17001, 2475519, 0, 0, 0
18000, 2656148, 0, 0, 0
19000, 2504469, 0, 0, 0
20001, 2476877, 0, 0, 0
21000, 2443455, 0, 0, 0
22001, 2445523, 0, 0, 0
23000, 2430429, 0, 0, 0
24000, 2535197, 0, 0, 0
25002, 2529464, 0, 0, 0
26001, 2473597, 0, 0, 0
27000, 2514310, 0, 0, 0
28001, 2441151, 0, 0, 0
29001, 2461312, 0, 0, 0
30002, 2500811, 0, 0, 0
31001, 2529442, 0, 0, 0
32001, 2602597, 0, 0, 0
33001, 2610977, 0, 0, 0
34001, 2469185, 0, 0, 0
35000, 2526767, 0, 0, 0
36000, 2549608, 0, 0, 0
37001, 2501925, 0, 0, 0
38001, 2505417, 0, 0, 0
39000, 2447108, 0, 0, 0
40001, 2465460, 0, 0, 0
41001, 2499764, 0, 0, 0
42002, 2422844, 0, 0, 0
43001, 2503479, 0, 0, 0
44001, 2485374, 0, 0, 0
45001, 2486844, 0, 0, 0
46002, 2514784, 0, 0, 0
47000, 2667399, 0, 0, 0
48003, 2450785, 0, 0, 0
49000, 2474001, 0, 0, 0
50001, 2465721, 0, 0, 0
51000, 2520598, 0, 0, 0
52002, 2447645, 0, 0, 0
53000, 2435121, 0, 0, 0
54000, 2608112, 0, 0, 0
55000, 2475084, 0, 0, 0
56002, 2593795, 0, 0, 0
57002, 2603798, 0, 0, 0
58001, 2483897, 0, 0, 0
59000, 2535385, 0, 0, 0
60000, 2504292, 0, 0, 0
61001, 2416858, 0, 0, 0
62001, 2481487, 0, 0, 0
63003, 2466938, 0, 0, 0
64001, 2463492, 0, 0, 0
65000, 2477131, 0, 0, 0
66002, 2459885, 0, 0, 0
67000, 2394205, 0, 0, 0
68001, 2382113, 0, 0, 0
69001, 2455197, 0, 0, 0
70001, 2392371, 0, 0, 0
71001, 2467931, 0, 0, 0
72000, 2481892, 0, 0, 0
73001, 2495564, 0, 0, 0
74002, 2434529, 0, 0, 0
75002, 2519261, 0, 0, 0
76002, 2516698, 0, 0, 0
77001, 2521885, 0, 0, 0
78002, 2469825, 0, 0, 0
79000, 2592998, 0, 0, 0
80001, 2571248, 0, 0, 0
81001, 2505582, 0, 0, 0
82000, 2484334, 0, 0, 0
83001, 2440212, 0, 0, 0
84001, 2443657, 0, 0, 0
85005, 2572667, 0, 0, 0
86002, 2402022, 0, 0, 0
87001, 2428917, 0, 0, 0
88001, 2397767, 0, 0, 0
89000, 2503057, 0, 0, 0
90000, 2469128, 0, 0, 0
91000, 2567592, 0, 0, 0
92000, 2468624, 0, 0, 0
93001, 2490833, 0, 0, 0
94000, 2482790, 0, 0, 0
95001, 2495678, 0, 0, 0
96001, 2537471, 0, 0, 0
97000, 2579432, 0, 0, 0
98001, 2423404, 0, 0, 0
99000, 2465500, 0, 0, 0
100001, 2532881, 0, 0, 0
101001, 2604312, 0, 0, 0
102001, 2587996, 0, 0, 0
103000, 2554287, 0, 0, 0
104000, 2498913, 0, 0, 0
105001, 2539781, 0, 0, 0
106001, 2487480, 0, 0, 0
107000, 2514179, 0, 0, 0
108001, 2471905, 0, 0, 0
109001, 2498558, 0, 0, 0
110001, 2463009, 0, 0, 0
111001, 2622423, 0, 0, 0
112000, 2535144, 0, 0, 0
113000, 2524592, 0, 0, 0
114002, 2601379, 0, 0, 0
115001, 2491171, 0, 0, 0
116000, 2441663, 0, 0, 0
117000, 2536307, 0, 0, 0
118000, 2581519, 0, 0, 0
119000, 2439011, 0, 0, 0
120001, 2502309, 0, 0, 0
121000, 2496254, 0, 0, 0
122000, 2449933, 0, 0, 0
123001, 2458002, 0, 0, 0
124002, 2494614, 0, 0, 0
125000, 2526734, 0, 0, 0
126000, 2461661, 0, 0, 0
127001, 2410804, 0, 0, 0
128000, 2485069, 0, 0, 0
129001, 2427316, 0, 0, 0
130002, 2495114, 0, 0, 0
131001, 2461312, 0, 0, 0
132000, 2445595, 0, 0, 0
133001, 2412438, 0, 0, 0
134001, 2516099, 0, 0, 0
135000, 2555688, 0, 0, 0
136000, 2548793, 0, 0, 0
137003, 2506756, 0, 0, 0
138000, 2542999, 0, 0, 0
139003, 2462475, 0, 0, 0
140000, 2515910, 0, 0, 0
141001, 2495534, 0, 0, 0
142000, 2587508, 0, 0, 0
143001, 2421747, 0, 0, 0
144001, 2457268, 0, 0, 0
145002, 2570993, 0, 0, 0
146000, 2469571, 0, 0, 0
147000, 2431392, 0, 0, 0
148001, 2465211, 0, 0, 0
149001, 2397653, 0, 0, 0
150007, 2513718, 0, 0, 0
151000, 2482157, 0, 0, 0
152001, 2520153, 0, 0, 0
153002, 2439020, 0, 0, 0
154001, 2459763, 0, 0, 0
155001, 2545023, 0, 0, 0
156001, 2468239, 0, 0, 0
157001, 2575386, 0, 0, 0
158002, 2592032, 0, 0, 0
159000, 2521096, 0, 0, 0
160000, 2498624, 0, 0, 0
161000, 2480521, 0, 0, 0
162000, 2548956, 0, 0, 0
163001, 2554075, 0, 0, 0
164001, 2522745, 0, 0, 0
165001, 2571168, 0, 0, 0
166000, 2489530, 0, 0, 0
167001, 2654228, 0, 0, 0
168001, 2396776, 0, 0, 0
169001, 2461610, 0, 0, 0
170001, 2464067, 0, 0, 0
171001, 2468144, 0, 0, 0
172002, 2513679, 0, 0, 0
173000, 2487091, 0, 0, 0
174002, 2466034, 0, 0, 0
175001, 2510673, 0, 0, 0
176001, 2556122, 0, 0, 0
177004, 2616080, 0, 0, 0
178002, 2618957, 0, 0, 0
179002, 2505368, 0, 0, 0
180000, 2527251, 0, 0, 0
