1004, 14767565, 0, 0, 0
2000, 16976801, 0, 0, 0
3008, 16481133, 0, 0, 0
4000, 16947019, 0, 0, 0
5000, 16898444, 0, 0, 0
6000, 16428079, 0, 0, 0
7000, 16831611, 0, 0, 0
8000, 16870231, 0, 0, 0
9003, 16334306, 0, 0, 0
10000, 16929435, 0, 0, 0
11000, 16743391, 0, 0, 0
12005, 16433850, 0, 0, 0
13000, 16792158, 0, 0, 0
14006, 16349813, 0, 0, 0
15000, 16863502, 0, 0, 0
16000, 16540631, 0, 0, 0
17000, 16894070, 0, 0, 0
18000, 16549519, 0, 0, 0
19000, 16842514, 0, 0, 0
20001, 16169602, 0, 0, 0
21002, 16882676, 0, 0, 0
22008, 16647675, 0, 0, 0
23001, 16943856, 0, 0, 0
24000, 16950343, 0, 0, 0
25000, 16526483, 0, 0, 0
26000, 16942324, 0, 0, 0
27006, 16362154, 0, 0, 0
28002, 16806725, 0, 0, 0
29000, 16771042, 0, 0, 0
30000, 16767071, 0, 0, 0
31005, 16478903, 0, 0, 0
32001, 16990940, 0, 0, 0
33000, 16893542, 0, 0, 0
34007, 16352187, 0, 0, 0
35000, 16828429, 0, 0, 0
36000, 16919356, 0, 0, 0
37004, 16665861, 0, 0, 0
38000, 16789501, 0, 0, 0
39006, 16260340, 0, 0, 0
40001, 17016088, 0, 0, 0
41000, 16898273, 0, 0, 0
42006, 16781473, 0, 0, 0
43001, 16913557, 0, 0, 0
44000, 16820512, 0, 0, 0
45007, 16259226, 0, 0, 0
46001, 16959783, 0, 0, 0
47000, 16887888, 0, 0, 0
48000, 16465001, 0, 0, 0
49000, 16685155, 0, 0, 0
50008, 16475768, 0, 0, 0
51002, 16762508, 0, 0, 0
52000, 16966734, 0, 0, 0
53000, 16528609, 0, 0, 0
54001, 17005381, 0, 0, 0
55039, 16448083, 0, 0, 0
56000, 16906924, 0, 0, 0
57001, 16410552, 0, 0, 0
58003, 16936087, 0, 0, 0
59000, 16522971, 0, 0, 0
60000, 16803308, 0, 0, 0
61000, 16632894, 0, 0, 0
62000, 16910180, 0, 0, 0
63000, 16740721, 0, 0, 0
64005, 16649020, 0, 0, 0
65000, 16733370, 0, 0, 0
66000, 16799882, 0, 0, 0
67006, 16402021, 0, 0, 0
68000, 17002392, 0, 0, 0
69000, 16352123, 0, 0, 0
70000, 16938271, 0, 0, 0
71000, 16740692, 0, 0, 0
72000, 16639047, 0, 0, 0
73000, 16812628, 0, 0, 0
74000, 16774159, 0, 0, 0
75000, 16647173, 0, 0, 0
76001, 16663073, 0, 0, 0
77000, 16754715, 0, 0, 0
78000, 16515538, 0, 0, 0
79005, 16714372, 0, 0, 0
80000, 16455707, 0, 0, 0
81000, 17114996, 0, 0, 0
82002, 16355901, 0, 0, 0
83000, 17001880, 0, 0, 0
84000, 16871521, 0, 0, 0
85000, 16333266, 0, 0, 0
86001, 16960639, 0, 0, 0
87000, 16870683, 0, 0, 0
88000, 16796886, 0, 0, 0
89000, 16690337, 0, 0, 0
90000, 16751756, 0, 0, 0
91005, 16697981, 0, 0, 0
92000, 16549162, 0, 0, 0
93000, 17098887, 0, 0, 0
94000, 16590245, 0, 0, 0
95001, 16518883, 0, 0, 0
96000, 16637943, 0, 0, 0
97007, 16313339, 0, 0, 0
98004, 16812274, 0, 0, 0
99000, 16665396, 0, 0, 0
100007, 16388329, 0, 0, 0
101000, 16876604, 0, 0, 0
102000, 16915286, 0, 0, 0
103000, 16482189, 0, 0, 0
104000, 16709027, 0, 0, 0
105000, 17079407, 0, 0, 0
106007, 16424735, 0, 0, 0
107000, 17106847, 0, 0, 0
108000, 16997716, 0, 0, 0
109000, 16780176, 0, 0, 0
110001, 16801617, 0, 0, 0
111000, 16628674, 0, 0, 0
112000, 16616720, 0, 0, 0
113000, 16648588, 0, 0, 0
114004, 16692448, 0, 0, 0
115000, 16719593, 0, 0, 0
116000, 16930122, 0, 0, 0
117000, 16516153, 0, 0, 0
118000, 16822236, 0, 0, 0
119000, 16593894, 0, 0, 0
120003, 16593203, 0, 0, 0
121000, 16861469, 0, 0, 0
122000, 16770584, 0, 0, 0
123003, 16685127, 0, 0, 0
124001, 17097708, 0, 0, 0
125002, 16462080, 0, 0, 0
126000, 16982177, 0, 0, 0
127005, 16637740, 0, 0, 0
128000, 16722561, 0, 0, 0
129000, 16740442, 0, 0, 0
130000, 16663820, 0, 0, 0
131000, 16898328, 0, 0, 0
132006, 16384227, 0, 0, 0
133002, 16925018, 0, 0, 0
134000, 16715680, 0, 0, 0
135005, 16390356, 0, 0, 0
136000, 16788761, 0, 0, 0
137000, 16761258, 0, 0, 0
138005, 16636587, 0, 0, 0
139000, 16776095, 0, 0, 0
140000, 16645680, 0, 0, 0
141004, 16572209, 0, 0, 0
142000, 16935949, 0, 0, 0
143000, 16511355, 0, 0, 0
144003, 16755354, 0, 0, 0
145000, 17198136, 0, 0, 0
146007, 16288212, 0, 0, 0
147001, 16934281, 0, 0, 0
148000, 17091900, 0, 0, 0
149008, 16248468, 0, 0, 0
150000, 17058904, 0, 0, 0
151000, 16610658, 0, 0, 0
152000, 16662488, 0, 0, 0
153000, 16968682, 0, 0, 0
154000, 16671765, 0, 0, 0
155000, 16676844, 0, 0, 0
156001, 16544386, 0, 0, 0
157000, 16917546, 0, 0, 0
158003, 16512405, 0, 0, 0
159000, 16745706, 0, 0, 0
160000, 16751165, 0, 0, 0
161005, 16342935, 0, 0, 0
162000, 17183099, 0, 0, 0
163000, 16443635, 0, 0, 0
164003, 16727582, 0, 0, 0
165000, 16778513, 0, 0, 0
166000, 16769666, 0, 0, 0
167000, 16325791, 0, 0, 0
168000, 16981225, 0, 0, 0
169000, 16645179, 0, 0, 0
170003, 16660112, 0, 0, 0
171000, 16999827, 0, 0, 0
172004, 16822757, 0, 0, 0
173000, 16904233, 0, 0, 0
174006, 16415931, 0, 0, 0
175000, 16943260, 0, 0, 0
176000, 16609391, 0, 0, 0
177000, 16881138, 0, 0, 0
178000, 16494862, 0, 0, 0
179000, 16586378, 0, 0, 0
180000, 16714212, 0, 0, 0
180056, 58019474, 0, 0, 0
