1000, 511, 0, 0, 0
2000, 489, 0, 0, 0
3000, 495, 0, 0, 0
4000, 443, 0, 0, 0
5000, 471, 0, 0, 0
6000, 432, 0, 0, 0
7000, 443, 0, 0, 0
8000, 499, 0, 0, 0
9000, 498, 0, 0, 0
10000, 515, 0, 0, 0
11000, 500, 0, 0, 0
12000, 500, 0, 0, 0
13001, 507, 0, 0, 0
14000, 504, 0, 0, 0
15000, 499, 0, 0, 0
16000, 494, 0, 0, 0
17001, 491, 0, 0, 0
18000, 488, 0, 0, 0
19000, 523, 0, 0, 0
20000, 511, 0, 0, 0
21001, 544, 0, 0, 0
22000, 540, 0, 0, 0
23000, 522, 0, 0, 0
24000, 522, 0, 0, 0
25001, 501, 0, 0, 0
26000, 508, 0, 0, 0
27000, 503, 0, 0, 0
28001, 482, 0, 0, 0
29002, 510, 0, 0, 0
30003, 515, 0, 0, 0
31003, 471, 0, 0, 0
32004, 525, 0, 0, 0
33005, 501, 0, 0, 0
34006, 493, 0, 0, 0
35007, 511, 0, 0, 0
36008, 494, 0, 0, 0
37008, 480, 0, 0, 0
38009, 515, 0, 0, 0
39010, 483, 0, 0, 0
40010, 514, 0, 0, 0
41011, 511, 0, 0, 0
42011, 501, 0, 0, 0
43011, 482, 0, 0, 0
44012, 505, 0, 0, 0
45013, 438, 0, 0, 0
46013, 516, 0, 0, 0
47014, 507, 0, 0, 0
48015, 493, 0, 0, 0
49016, 434, 0, 0, 0
50017, 457, 0, 0, 0
51017, 469, 0, 0, 0
52018, 444, 0, 0, 0
53019, 457, 0, 0, 0
54019, 460, 0, 0, 0
55019, 433, 0, 0, 0
56020, 488, 0, 0, 0
57020, 484, 0, 0, 0
58021, 483, 0, 0, 0
59022, 501, 0, 0, 0
60022, 480, 0, 0, 0
61023, 472, 0, 0, 0
62024, 429, 0, 0, 0
63024, 506, 0, 0, 0
64025, 372, 0, 0, 0
65025, 342, 0, 0, 0
66026, 420, 0, 0, 0
67026, 482, 0, 0, 0
68026, 514, 0, 0, 0
69027, 529, 0, 0, 0
70027, 500, 0, 0, 0
71028, 499, 0, 0, 0
72028, 522, 0, 0, 0
73029, 517, 0, 0, 0
74030, 508, 0, 0, 0
75030, 473, 0, 0, 0
76031, 497, 0, 0, 0
77032, 496, 0, 0, 0
78032, 456, 0, 0, 0
79033, 481, 0, 0, 0
80034, 480, 0, 0, 0
81035, 449, 0, 0, 0
82035, 429, 0, 0, 0
83036, 451, 0, 0, 0
84036, 480, 0, 0, 0
85037, 451, 0, 0, 0
86038, 474, 0, 0, 0
87038, 488, 0, 0, 0
88039, 463, 0, 0, 0
89039, 490, 0, 0, 0
90040, 475, 0, 0, 0
91041, 465, 0, 0, 0
92042, 492, 0, 0, 0
93042, 483, 0, 0, 0
94043, 491, 0, 0, 0
95043, 456, 0, 0, 0
96044, 461, 0, 0, 0
97044, 440, 0, 0, 0
98045, 475, 0, 0, 0
99046, 462, 0, 0, 0
100047, 505, 0, 0, 0
101047, 496, 0, 0, 0
102048, 509, 0, 0, 0
103048, 518, 0, 0, 0
104049, 516, 0, 0, 0
105050, 514, 0, 0, 0
106051, 530, 0, 0, 0
107052, 515, 0, 0, 0
108052, 542, 0, 0, 0
109053, 513, 0, 0, 0
110053, 516, 0, 0, 0
111054, 516, 0, 0, 0
112054, 524, 0, 0, 0
113054, 520, 0, 0, 0
114055, 542, 0, 0, 0
115055, 527, 0, 0, 0
116056, 482, 0, 0, 0
117057, 510, 0, 0, 0
118057, 521, 0, 0, 0
119058, 535, 0, 0, 0
120059, 549, 0, 0, 0
121059, 527, 0, 0, 0
122060, 546, 0, 0, 0
123060, 540, 0, 0, 0
124061, 528, 0, 0, 0
125061, 535, 0, 0, 0
126062, 506, 0, 0, 0
127063, 540, 0, 0, 0
128063, 529, 0, 0, 0
129063, 526, 0, 0, 0
130064, 521, 0, 0, 0
131065, 511, 0, 0, 0
132065, 529, 0, 0, 0
133066, 513, 0, 0, 0
134066, 506, 0, 0, 0
135066, 520, 0, 0, 0
136067, 482, 0, 0, 0
137067, 465, 0, 0, 0
138068, 489, 0, 0, 0
139068, 487, 0, 0, 0
140069, 492, 0, 0, 0
141069, 504, 0, 0, 0
142070, 456, 0, 0, 0
143070, 470, 0, 0, 0
144071, 499, 0, 0, 0
145071, 488, 0, 0, 0
146072, 496, 0, 0, 0
147072, 507, 0, 0, 0
148073, 502, 0, 0, 0
149074, 488, 0, 0, 0
150074, 510, 0, 0, 0
151075, 508, 0, 0, 0
152075, 515, 0, 0, 0
153076, 519, 0, 0, 0
154077, 508, 0, 0, 0
155077, 488, 0, 0, 0
156078, 488, 0, 0, 0
157079, 497, 0, 0, 0
158079, 497, 0, 0, 0
159080, 507, 0, 0, 0
160080, 500, 0, 0, 0
161081, 531, 0, 0, 0
162081, 542, 0, 0, 0
163081, 555, 0, 0, 0
164082, 539, 0, 0, 0
165082, 504, 0, 0, 0
166083, 489, 0, 0, 0
167083, 498, 0, 0, 0
168083, 514, 0, 0, 0
169084, 514, 0, 0, 0
170085, 523, 0, 0, 0
171086, 512, 0, 0, 0
172086, 512, 0, 0, 0
173086, 513, 0, 0, 0
174087, 495, 0, 0, 0
175087, 531, 0, 0, 0
176088, 544, 0, 0, 0
177088, 497, 0, 0, 0
178089, 443, 0, 0, 0
179090, 466, 0, 0, 0
180090, 449, 0, 0, 0
