1007, 7306078, 0, 0, 0
2018, 8232588, 0, 0, 0
3011, 8184797, 0, 0, 0
4006, 8431352, 0, 0, 0
5015, 8503280, 0, 0, 0
6009, 8818031, 0, 0, 0
7005, 8264874, 0, 0, 0
8016, 8315977, 0, 0, 0
9009, 8288657, 0, 0, 0
10018, 8112162, 0, 0, 0
11013, 8243306, 0, 0, 0
12008, 8317192, 0, 0, 0
13017, 8313784, 0, 0, 0
14012, 8223167, 0, 0, 0
15007, 8280230, 0, 0, 0
16017, 8419448, 0, 0, 0
17012, 8416628, 0, 0, 0
18008, 8240948, 0, 0, 0
19017, 8245778, 0, 0, 0
20011, 8335215, 0, 0, 0
21005, 7823373, 0, 0, 0
22013, 8364457, 0, 0, 0
23007, 8176984, 0, 0, 0
24012, 8365512, 0, 0, 0
25006, 8208330, 0, 0, 0
26018, 8321096, 0, 0, 0
27012, 8674317, 0, 0, 0
28019, 8378521, 0, 0, 0
29013, 8640868, 0, 0, 0
30009, 8333321, 0, 0, 0
31017, 8293594, 0, 0, 0
32012, 8244375, 0, 0, 0
33007, 8277623, 0, 0, 0
34018, 8338306, 0, 0, 0
35006, 8187471, 0, 0, 0
36007, 8368808, 0, 0, 0
37004, 8389755, 0, 0, 0
38011, 8425179, 0, 0, 0
39043, 8550822, 0, 0, 0
40017, 8105276, 0, 0, 0
41010, 8617211, 0, 0, 0
42008, 8592681, 0, 0, 0
43004, 8307596, 0, 0, 0
44016, 8327547, 0, 0, 0
45010, 8379556, 0, 0, 0
46020, 8458163, 0, 0, 0
47014, 8655604, 0, 0, 0
48010, 8365046, 0, 0, 0
49005, 8316067, 0, 0, 0
50005, 8469923, 0, 0, 0
51009, 8021061, 0, 0, 0
52019, 8200869, 0, 0, 0
53012, 8337725, 0, 0, 0
54006, 8387874, 0, 0, 0
55016, 23331956, 0, 0, 0
56011, 8431083, 0, 0, 0
57019, 8471730, 0, 0, 0
58009, 8295812, 0, 0, 0
59011, 8368753, 0, 0, 0
60006, 8250576, 0, 0, 0
61016, 8504549, 0, 0, 0
62011, 8452167, 0, 0, 0
63005, 8227644, 0, 0, 0
64015, 8338907, 0, 0, 0
65010, 8432413, 0, 0, 0
66005, 8145642, 0, 0, 0
67013, 8737479, 0, 0, 0
68008, 8219933, 0, 0, 0
69005, 8464681, 0, 0, 0
70013, 8371983, 0, 0, 0
71008, 8266005, 0, 0, 0
72005, 8366942, 0, 0, 0
73006, 8328291, 0, 0, 0
74010, 8728253, 0, 0, 0
75019, 8187071, 0, 0, 0
76014, 8594006, 0, 0, 0
77010, 8313518, 0, 0, 0
78019, 8424119, 0, 0, 0
79015, 8591834, 0, 0, 0
80009, 8271346, 0, 0, 0
81005, 8196134, 0, 0, 0
82014, 8469439, 0, 0, 0
83007, 8551542, 0, 0, 0
84005, 8092221, 0, 0, 0
85013, 8524510, 0, 0, 0
86006, 8187842, 0, 0, 0
87017, 8034613, 0, 0, 0
88013, 8367229, 0, 0, 0
89008, 8228830, 0, 0, 0
90004, 8400999, 0, 0, 0
91016, 8460007, 0, 0, 0
92011, 8405069, 0, 0, 0
93019, 8570843, 0, 0, 0
94011, 8528888, 0, 0, 0
95019, 8373038, 0, 0, 0
96014, 8370979, 0, 0, 0
97006, 8406151, 0, 0, 0
98016, 8366176, 0, 0, 0
99009, 8487172, 0, 0, 0
100018, 8357126, 0, 0, 0
101006, 8446383, 0, 0, 0
102011, 8480702, 0, 0, 0
103019, 8179488, 0, 0, 0
104014, 8365296, 0, 0, 0
105007, 8360943, 0, 0, 0
106018, 8310704, 0, 0, 0
107014, 8173614, 0, 0, 0
108008, 8385187, 0, 0, 0
109009, 8424764, 0, 0, 0
110009, 8302919, 0, 0, 0
111006, 8435185, 0, 0, 0
112010, 8384084, 0, 0, 0
113007, 8219411, 0, 0, 0
114016, 8340019, 0, 0, 0
115011, 8421046, 0, 0, 0
116008, 8252761, 0, 0, 0
117017, 8681749, 0, 0, 0
118013, 8265294, 0, 0, 0
119006, 8382957, 0, 0, 0
120013, 8715745, 0, 0, 0
121011, 8190071, 0, 0, 0
122007, 8615495, 0, 0, 0
123016, 8652098, 0, 0, 0
124010, 8312076, 0, 0, 0
125012, 8259285, 0, 0, 0
126014, 8479732, 0, 0, 0
127007, 8512532, 0, 0, 0
128017, 8502464, 0, 0, 0
129013, 8429302, 0, 0, 0
130007, 8035659, 0, 0, 0
131016, 8341233, 0, 0, 0
132010, 8126625, 0, 0, 0
133020, 8024278, 0, 0, 0
134016, 8483194, 0, 0, 0
135009, 8327080, 0, 0, 0
136018, 8606951, 0, 0, 0
137013, 8223250, 0, 0, 0
138008, 8414045, 0, 0, 0
139019, 8378781, 0, 0, 0
140013, 8421207, 0, 0, 0
141005, 8339467, 0, 0, 0
142016, 8440366, 0, 0, 0
143011, 8269995, 0, 0, 0
144007, 8330090, 0, 0, 0
145016, 8390851, 0, 0, 0
146011, 8138585, 0, 0, 0
147005, 8275658, 0, 0, 0
148016, 8331602, 0, 0, 0
149007, 8455022, 0, 0, 0
150004, 8392092, 0, 0, 0
151014, 8384655, 0, 0, 0
152006, 8424895, 0, 0, 0
153016, 8569651, 0, 0, 0
154010, 8316674, 0, 0, 0
155021, 7920690, 0, 0, 0
156013, 8234891, 0, 0, 0
157007, 8359270, 0, 0, 0
158017, 8319422, 0, 0, 0
159012, 8361522, 0, 0, 0
160008, 8564106, 0, 0, 0
161017, 8518181, 0, 0, 0
162013, 8289604, 0, 0, 0
163007, 8580850, 0, 0, 0
164014, 8457391, 0, 0, 0
165007, 8375605, 0, 0, 0
166019, 8347423, 0, 0, 0
167012, 8373021, 0, 0, 0
168006, 8365558, 0, 0, 0
169006, 8242306, 0, 0, 0
170008, 8671049, 0, 0, 0
171018, 8130201, 0, 0, 0
172011, 8455664, 0, 0, 0
173006, 8494752, 0, 0, 0
174014, 8098692, 0, 0, 0
175008, 8365142, 0, 0, 0
176018, 8263667, 0, 0, 0
177011, 8571177, 0, 0, 0
178008, 8807416, 0, 0, 0
179005, 8364203, 0, 0, 0
180012, 8460617, 0, 0, 0
180013, 35135081, 0, 0, 0
