1000, 875428, 1, 0, 0
2000, 927858, 1, 0, 0
3000, 932793, 1, 0, 0
4000, 955373, 1, 0, 0
5000, 1003180, 1, 0, 0
6000, 927762, 1, 0, 0
7000, 943611, 1, 0, 0
8000, 935761, 1, 0, 0
9000, 921896, 1, 0, 0
10000, 938003, 1, 0, 0
11000, 941442, 1, 0, 0
12000, 930160, 1, 0, 0
13000, 925183, 1, 0, 0
14000, 954282, 1, 0, 0
15001, 927029, 1, 0, 0
16000, 928751, 1, 0, 0
17005, 929883, 1, 0, 0
18000, 929961, 1, 0, 0
19000, 922165, 1, 0, 0
20000, 904993, 1, 0, 0
21000, 949786, 1, 0, 0
22000, 1052856, 1, 0, 0
23000, 888316, 1, 0, 0
24000, 944707, 1, 0, 0
25000, 958063, 1, 0, 0
26000, 1081444, 1, 0, 0
27000, 963077, 1, 0, 0
28000, 949467, 1, 0, 0
29001, 971686, 1, 0, 0
30000, 959232, 1, 0, 0
31000, 931434, 1, 0, 0
32000, 940848, 1, 0, 0
33000, 913928, 1, 0, 0
34000, 921606, 1, 0, 0
35000, 949422, 1, 0, 0
36000, 954060, 1, 0, 0
37000, 910929, 1, 0, 0
38000, 928073, 1, 0, 0
39000, 924696, 1, 0, 0
40000, 913821, 1, 0, 0
41000, 918905, 1, 0, 0
42000, 905265, 1, 0, 0
43002, 911724, 1, 0, 0
44000, 894556, 1, 0, 0
45000, 949169, 1, 0, 0
46000, 947531, 1, 0, 0
47000, 923012, 1, 0, 0
48000, 933813, 1, 0, 0
49000, 944911, 1, 0, 0
50002, 902609, 1, 0, 0
51000, 963815, 1, 0, 0
52000, 927374, 1, 0, 0
53000, 963874, 1, 0, 0
54000, 995581, 1, 0, 0
55000, 986074, 1, 0, 0
56002, 952385, 1, 0, 0
57000, 1064245, 1, 0, 0
58000, 965479, 1, 0, 0
59000, 990136, 1, 0, 0
60000, 995112, 1, 0, 0
61000, 962142, 1, 0, 0
62000, 961693, 1, 0, 0
63000, 972112, 1, 0, 0
64000, 937372, 1, 0, 0
65001, 930290, 1, 0, 0
66000, 996142, 1, 0, 0
67000, 1021482, 1, 0, 0
68000, 965118, 1, 0, 0
69000, 949724, 1, 0, 0
70000, 981492, 1, 0, 0
71000, 999616, 1, 0, 0
72000, 1008586, 1, 0, 0
73001, 960687, 1, 0, 0
74000, 983796, 1, 0, 0
75000, 934285, 1, 0, 0
76000, 959874, 1, 0, 0
77000, 971245, 1, 0, 0
78000, 994527, 1, 0, 0
79000, 947316, 1, 0, 0
80000, 950150, 1, 0, 0
81001, 974625, 1, 0, 0
82002, 983544, 1, 0, 0
83000, 986801, 1, 0, 0
84000, 930101, 1, 0, 0
85000, 920261, 1, 0, 0
86000, 929891, 1, 0, 0
87003, 960067, 1, 0, 0
88000, 954385, 1, 0, 0
89002, 949612, 1, 0, 0
90000, 940843, 1, 0, 0
91000, 974975, 1, 0, 0
92000, 942441, 1, 0, 0
93000, 925281, 1, 0, 0
94000, 969121, 1, 0, 0
95004, 977201, 1, 0, 0
96000, 938129, 1, 0, 0
97000, 924624, 1, 0, 0
98000, 973558, 1, 0, 0
99000, 901383, 1, 0, 0
100000, 957389, 1, 0, 0
101001, 962486, 1, 0, 0
102000, 961352, 1, 0, 0
103000, 969249, 1, 0, 0
104000, 984839, 1, 0, 0
105000, 954867, 1, 0, 0
106000, 919526, 1, 0, 0
107000, 947001, 1, 0, 0
108000, 944038, 1, 0, 0
109000, 937342, 1, 0, 0
110000, 963916, 1, 0, 0
111000, 916253, 1, 0, 0
112000, 902053, 1, 0, 0
113000, 922924, 1, 0, 0
114000, 907286, 1, 0, 0
115000, 938439, 1, 0, 0
116000, 954100, 1, 0, 0
117000, 942446, 1, 0, 0
118000, 953674, 1, 0, 0
119000, 937111, 1, 0, 0
120000, 948837, 1, 0, 0
121000, 916899, 1, 0, 0
122000, 966237, 1, 0, 0
123000, 910291, 1, 0, 0
124000, 933626, 1, 0, 0
125000, 1012285, 1, 0, 0
126000, 923475, 1, 0, 0
127000, 912261, 1, 0, 0
128000, 965306, 1, 0, 0
129000, 944803, 1, 0, 0
130001, 975301, 1, 0, 0
131000, 943456, 1, 0, 0
132000, 941208, 1, 0, 0
133000, 996197, 1, 0, 0
134000, 987190, 1, 0, 0
135001, 952654, 1, 0, 0
136001, 945464, 1, 0, 0
137000, 911421, 1, 0, 0
138000, 908537, 1, 0, 0
139000, 929532, 1, 0, 0
140000, 927278, 1, 0, 0
141000, 972451, 1, 0, 0
142063, 1045533, 1, 0, 0
143000, 985468, 1, 0, 0
144000, 940618, 1, 0, 0
145000, 940179, 1, 0, 0
146000, 926467, 1, 0, 0
147000, 916983, 1, 0, 0
148000, 918072, 1, 0, 0
149001, 911810, 1, 0, 0
150000, 927631, 1, 0, 0
151000, 928159, 1, 0, 0
152002, 923229, 1, 0, 0
153000, 936216, 1, 0, 0
154001, 1060842, 1, 0, 0
155000, 934071, 1, 0, 0
156000, 946526, 1, 0, 0
157000, 931528, 1, 0, 0
158005, 1004884, 1, 0, 0
159000, 1006364, 1, 0, 0
160000, 945603, 1, 0, 0
161004, 1007705, 1, 0, 0
162000, 934011, 1, 0, 0
163000, 924307, 1, 0, 0
164001, 901785, 1, 0, 0
165000, 935233, 1, 0, 0
166000, 925717, 1, 0, 0
167000, 916272, 1, 0, 0
168000, 955556, 1, 0, 0
169000, 930055, 1, 0, 0
170000, 967950, 1, 0, 0
171000, 947177, 1, 0, 0
172000, 905215, 1, 0, 0
173000, 900405, 1, 0, 0
174001, 942201, 1, 0, 0
175000, 959122, 1, 0, 0
176000, 970140, 1, 0, 0
177001, 978775, 1, 0, 0
178000, 940627, 1, 0, 0
179000, 956202, 1, 0, 0
180000, 902712, 1, 0, 0
