1001, 3890125, 0, 0, 0
2032, 4253088, 0, 0, 0
3000, 4366988, 0, 0, 0
4000, 4144967, 0, 0, 0
5018, 4178387, 0, 0, 0
6001, 4203187, 0, 0, 0
7000, 4270496, 0, 0, 0
8026, 4221510, 0, 0, 0
9000, 4159404, 0, 0, 0
10033, 4286836, 0, 0, 0
11001, 4226078, 0, 0, 0
12000, 4093231, 0, 0, 0
13019, 4292149, 0, 0, 0
14028, 4235441, 0, 0, 0
15021, 4123739, 0, 0, 0
16017, 4101718, 0, 0, 0
17001, 4181825, 0, 0, 0
18000, 4146158, 0, 0, 0
19017, 4109211, 0, 0, 0
20011, 4254157, 0, 0, 0
21023, 4192838, 0, 0, 0
22030, 4169390, 0, 0, 0
23018, 4171775, 0, 0, 0
24021, 4218018, 0, 0, 0
25000, 4323890, 0, 0, 0
26000, 4095723, 0, 0, 0
27020, 4222658, 0, 0, 0
28032, 4268013, 0, 0, 0
29012, 4319571, 0, 0, 0
30000, 3912941, 0, 0, 0
31021, 4083001, 0, 0, 0
32017, 4214546, 0, 0, 0
33001, 4194800, 0, 0, 0
34021, 4144051, 0, 0, 0
35031, 4219206, 0, 0, 0
36025, 4133067, 0, 0, 0
37019, 4230944, 0, 0, 0
38029, 4208987, 0, 0, 0
39001, 4166236, 0, 0, 0
40022, 4192582, 0, 0, 0
41030, 4195372, 0, 0, 0
42000, 4095490, 0, 0, 0
43000, 4194434, 0, 0, 0
44018, 4330384, 0, 0, 0
45001, 4273563, 0, 0, 0
46022, 4219299, 0, 0, 0
47018, 4221162, 0, 0, 0
48000, 4303711, 0, 0, 0
49000, 4190542, 0, 0, 0
50018, 4160880, 0, 0, 0
51018, 4174046, 0, 0, 0
52001, 4150031, 0, 0, 0
53019, 4150824, 0, 0, 0
54031, 4245057, 0, 0, 0
55023, 4119932, 0, 0, 0
56020, 4145385, 0, 0, 0
57000, 4139139, 0, 0, 0
58017, 4126753, 0, 0, 0
59000, 4181569, 0, 0, 0
60021, 4138894, 0, 0, 0
61017, 4215380, 0, 0, 0
62000, 4167372, 0, 0, 0
63002, 4136552, 0, 0, 0
64001, 4199701, 0, 0, 0
65000, 4168533, 0, 0, 0
66017, 4283177, 0, 0, 0
67000, 4225240, 0, 0, 0
68019, 4175167, 0, 0, 0
69032, 4223575, 0, 0, 0
70000, 4216997, 0, 0, 0
71020, 4167355, 0, 0, 0
72000, 4160957, 0, 0, 0
73001, 4117569, 0, 0, 0
74030, 4280394, 0, 0, 0
75000, 4077080, 0, 0, 0
76018, 4206979, 0, 0, 0
77028, 4201475, 0, 0, 0
78024, 4088297, 0, 0, 0
79032, 4263316, 0, 0, 0
80018, 4139741, 0, 0, 0
81019, 4207774, 0, 0, 0
82000, 4129910, 0, 0, 0
83019, 4137113, 0, 0, 0
84000, 4233980, 0, 0, 0
85000, 4201665, 0, 0, 0
86000, 4157169, 0, 0, 0
87019, 4276833, 0, 0, 0
88033, 4315639, 0, 0, 0
89000, 4281989, 0, 0, 0
90020, 4152472, 0, 0, 0
91000, 4325541, 0, 0, 0
92026, 4360024, 0, 0, 0
93000, 4228801, 0, 0, 0
94000, 4295962, 0, 0, 0
95023, 4116968, 0, 0, 0
96017, 4194524, 0, 0, 0
97000, 4245107, 0, 0, 0
98018, 4105765, 0, 0, 0
99000, 4244130, 0, 0, 0
100000, 4169686, 0, 0, 0
101019, 4182444, 0, 0, 0
102001, 4177935, 0, 0, 0
103019, 4147488, 0, 0, 0
104028, 4184405, 0, 0, 0
105000, 4203702, 0, 0, 0
106020, 4087900, 0, 0, 0
107000, 4232659, 0, 0, 0
108018, 4296238, 0, 0, 0
109029, 4295924, 0, 0, 0
110003, 4204307, 0, 0, 0
111033, 4236034, 0, 0, 0
112000, 4293704, 0, 0, 0
113021, 4095633, 0, 0, 0
114030, 4085743, 0, 0, 0
115024, 4219603, 0, 0, 0
116019, 4195399, 0, 0, 0
117000, 4214603, 0, 0, 0
118023, 4172607, 0, 0, 0
119018, 4211552, 0, 0, 0
120000, 4205322, 0, 0, 0
121020, 4131399, 0, 0, 0
122019, 4186527, 0, 0, 0
123000, 4297793, 0, 0, 0
124018, 4168476, 0, 0, 0
125022, 4193462, 0, 0, 0
126000, 4113197, 0, 0, 0
127000, 4287609, 0, 0, 0
128031, 4235012, 0, 0, 0
129019, 4261872, 0, 0, 0
130017, 4069371, 0, 0, 0
131000, 4201114, 0, 0, 0
132021, 4130291, 0, 0, 0
133024, 4214101, 0, 0, 0
134000, 4162312, 0, 0, 0
135017, 4120576, 0, 0, 0
136024, 4180280, 0, 0, 0
137018, 4189593, 0, 0, 0
138024, 4229539, 0, 0, 0
139000, 4143234, 0, 0, 0
140021, 4192146, 0, 0, 0
141020, 4275437, 0, 0, 0
142024, 4153497, 0, 0, 0
143018, 4198214, 0, 0, 0
144021, 4250461, 0, 0, 0
145022, 4254598, 0, 0, 0
146018, 4224820, 0, 0, 0
147000, 4285251, 0, 0, 0
148019, 4167507, 0, 0, 0
149001, 4192071, 0, 0, 0
150000, 4138769, 0, 0, 0
151019, 4142509, 0, 0, 0
152000, 4232811, 0, 0, 0
153021, 4084626, 0, 0, 0
154000, 4233488, 0, 0, 0
155020, 4082809, 0, 0, 0
156021, 4108506, 0, 0, 0
157000, 4062097, 0, 0, 0
158019, 4093940, 0, 0, 0
159031, 4154585, 0, 0, 0
160000, 4101943, 0, 0, 0
161018, 4181164, 0, 0, 0
162001, 4203214, 0, 0, 0
163000, 4181263, 0, 0, 0
164031, 4250327, 0, 0, 0
165000, 4141438, 0, 0, 0
166018, 4155634, 0, 0, 0
167021, 4206519, 0, 0, 0
168001, 4320017, 0, 0, 0
169019, 4220031, 0, 0, 0
170030, 4334699, 0, 0, 0
171001, 4247184, 0, 0, 0
172020, 4164463, 0, 0, 0
173000, 4191679, 0, 0, 0
174031, 4351917, 0, 0, 0
175000, 4124323, 0, 0, 0
176020, 4279216, 0, 0, 0
177000, 4193437, 0, 0, 0
178000, 4157473, 0, 0, 0
179017, 4209928, 0, 0, 0
180001, 4165939, 0, 0, 0
180001, 2119211, 0, 0, 0
