1000, 4464, 1, 0, 0
2000, 4352, 1, 0, 0
3000, 4168, 1, 0, 0
4001, 4176, 1, 0, 0
5000, 3995, 1, 0, 0
6000, 4248, 1, 0, 0
7000, 4248, 1, 0, 0
8000, 4280, 1, 0, 0
9001, 4480, 1, 0, 0
10000, 4160, 1, 0, 0
11001, 4264, 1, 0, 0
12000, 4380, 1, 0, 0
13000, 4236, 1, 0, 0
14000, 4300, 1, 0, 0
15000, 4176, 1, 0, 0
16001, 4388, 1, 0, 0
17000, 4356, 1, 0, 0
18000, 4252, 1, 0, 0
19001, 4400, 1, 0, 0
20000, 4428, 1, 0, 0
21001, 4296, 1, 0, 0
22000, 3919, 1, 0, 0
23000, 4424, 1, 0, 0
24001, 4180, 1, 0, 0
25000, 4284, 1, 0, 0
26000, 3663, 1, 0, 0
27001, 4064, 1, 0, 0
28000, 4256, 1, 0, 0
29000, 4176, 1, 0, 0
30000, 4316, 1, 0, 0
31000, 4248, 1, 0, 0
32001, 4328, 1, 0, 0
33000, 4328, 1, 0, 0
34001, 4152, 1, 0, 0
35000, 4176, 1, 0, 0
36000, 4252, 1, 0, 0
37001, 4360, 1, 0, 0
38000, 4104, 1, 0, 0
39000, 4340, 1, 0, 0
40000, 4248, 1, 0, 0
41000, 4380, 1, 0, 0
42001, 4548, 1, 0, 0
43000, 4228, 1, 0, 0
44000, 4440, 1, 0, 0
45001, 4124, 1, 0, 0
46000, 4196, 1, 0, 0
47001, 4372, 1, 0, 0
48000, 4328, 1, 0, 0
49000, 4224, 1, 0, 0
50001, 4420, 1, 0, 0
51000, 4172, 1, 0, 0
52000, 4372, 1, 0, 0
53001, 4208, 1, 0, 0
54000, 4044, 1, 0, 0
55001, 4056, 1, 0, 0
56000, 4148, 1, 0, 0
57000, 3895, 1, 0, 0
58001, 3992, 1, 0, 0
59000, 4016, 1, 0, 0
60001, 4008, 1, 0, 0
61000, 3959, 1, 0, 0
62000, 4124, 1, 0, 0
63000, 3976, 1, 0, 0
64000, 4252, 1, 0, 0
65001, 4352, 1, 0, 0
66000, 3943, 1, 0, 0
67001, 3996, 1, 0, 0
68000, 4144, 1, 0, 0
69000, 4176, 1, 0, 0
70001, 4104, 1, 0, 0
71000, 4096, 1, 0, 0
72000, 4160, 1, 0, 0
73000, 4128, 1, 0, 0
74000, 4156, 1, 0, 0
75000, 4216, 1, 0, 0
76001, 4212, 1, 0, 0
77000, 4004, 1, 0, 0
78001, 4060, 1, 0, 0
79000, 4260, 1, 0, 0
80000, 4204, 1, 0, 0
81001, 4208, 1, 0, 0
82000, 4104, 1, 0, 0
83001, 4136, 1, 0, 0
84000, 4188, 1, 0, 0
85000, 4180, 1, 0, 0
86001, 4164, 1, 0, 0
87000, 4104, 1, 0, 0
88001, 4160, 1, 0, 0
89000, 4280, 1, 0, 0
90000, 4312, 1, 0, 0
91001, 4160, 1, 0, 0
92000, 4160, 1, 0, 0
93000, 4272, 1, 0, 0
94000, 4172, 1, 0, 0
95000, 4248, 1, 0, 0
96001, 4216, 1, 0, 0
97000, 4284, 1, 0, 0
98000, 4104, 1, 0, 0
99000, 4228, 1, 0, 0
100000, 4208, 1, 0, 0
101001, 4336, 1, 0, 0
102000, 4216, 1, 0, 0
103000, 4108, 1, 0, 0
104001, 4100, 1, 0, 0
105000, 4248, 1, 0, 0
106001, 4376, 1, 0, 0
107000, 4116, 1, 0, 0
108000, 4172, 1, 0, 0
109000, 4284, 1, 0, 0
110000, 4100, 1, 0, 0
111001, 4312, 1, 0, 0
112000, 4336, 1, 0, 0
113001, 4260, 1, 0, 0
114000, 4292, 1, 0, 0
115001, 4352, 1, 0, 0
116000, 4188, 1, 0, 0
117000, 4136, 1, 0, 0
118001, 4284, 1, 0, 0
119000, 4184, 1, 0, 0
120001, 4152, 1, 0, 0
121000, 4240, 1, 0, 0
122000, 4124, 1, 0, 0
123001, 4328, 1, 0, 0
124000, 4328, 1, 0, 0
125001, 3920, 1, 0, 0
126000, 4336, 1, 0, 0
127001, 4436, 1, 0, 0
128000, 4240, 1, 0, 0
129000, 4120, 1, 0, 0
130001, 4236, 1, 0, 0
131000, 4256, 1, 0, 0
132001, 4160, 1, 0, 0
133000, 4112, 1, 0, 0
134001, 4140, 1, 0, 0
135000, 4148, 1, 0, 0
136000, 4156, 1, 0, 0
137001, 4448, 1, 0, 0
138000, 4384, 1, 0, 0
139001, 4164, 1, 0, 0
140000, 4432, 1, 0, 0
141000, 4128, 1, 0, 0
142001, 4136, 1, 0, 0
143000, 3875, 1, 0, 0
144000, 4296, 1, 0, 0
145000, 4312, 1, 0, 0
146000, 4336, 1, 0, 0
147001, 4372, 1, 0, 0
148000, 4260, 1, 0, 0
149001, 4288, 1, 0, 0
150000, 4200, 1, 0, 0
151000, 4356, 1, 0, 0
152000, 4204, 1, 0, 0
153000, 4388, 1, 0, 0
154001, 3832, 1, 0, 0
155000, 4136, 1, 0, 0
156001, 4288, 1, 0, 0
157000, 4132, 1, 0, 0
158000, 4076, 1, 0, 0
159001, 4024, 1, 0, 0
160000, 4124, 1, 0, 0
161001, 3960, 1, 0, 0
162000, 4128, 1, 0, 0
163001, 4352, 1, 0, 0
164000, 4352, 1, 0, 0
165001, 4228, 1, 0, 0
166000, 4140, 1, 0, 0
167000, 4316, 1, 0, 0
168000, 4308, 1, 0, 0
169000, 4196, 1, 0, 0
170001, 4200, 1, 0, 0
171000, 4280, 1, 0, 0
172001, 4336, 1, 0, 0
173000, 4404, 1, 0, 0
174000, 4176, 1, 0, 0
175000, 4112, 1, 0, 0
176000, 4172, 1, 0, 0
177001, 4228, 1, 0, 0
178000, 4236, 1, 0, 0
179001, 4148, 1, 0, 0
180000, 4332, 1, 0, 0
