1016, 7318513, 1, 0, 0
2012, 8373135, 1, 0, 0
3008, 8322017, 1, 0, 0
4014, 8377944, 1, 0, 0
5014, 8373141, 1, 0, 0
6020, 8491838, 1, 0, 0
7012, 8563786, 1, 0, 0
8024, 8543546, 1, 0, 0
9020, 8454427, 1, 0, 0
10010, 8344969, 1, 0, 0
11022, 8511299, 1, 0, 0
12015, 8538300, 1, 0, 0
13010, 8364630, 1, 0, 0
14012, 8394238, 1, 0, 0
15010, 8179775, 1, 0, 0
16000, 8403962, 1, 0, 0
17013, 8032728, 1, 0, 0
18023, 8227699, 1, 0, 0
19011, 8210072, 1, 0, 0
20009, 8306527, 1, 0, 0
21019, 8243090, 1, 0, 0
22014, 8211433, 1, 0, 0
23011, 8836076, 1, 0, 0
24023, 8182766, 1, 0, 0
25000, 8335570, 1, 0, 0
26009, 8184817, 1, 0, 0
27014, 8448341, 1, 0, 0
28011, 8329843, 1, 0, 0
29009, 8441358, 1, 0, 0
30010, 8477916, 1, 0, 0
31015, 8173656, 1, 0, 0
32012, 8083543, 1, 0, 0
33009, 8410787, 1, 0, 0
34013, 8186906, 1, 0, 0
35010, 8273218, 1, 0, 0
36008, 8352724, 1, 0, 0
37012, 8275096, 1, 0, 0
38014, 8418872, 1, 0, 0
39016, 8563809, 1, 0, 0
40010, 8315066, 1, 0, 0
41011, 8483728, 1, 0, 0
42013, 8370536, 1, 0, 0
43009, 8382004, 1, 0, 0
44014, 8331768, 1, 0, 0
45014, 8287555, 1, 0, 0
46016, 8350963, 1, 0, 0
47009, 8160126, 1, 0, 0
48011, 8355402, 1, 0, 0
49010, 8473945, 1, 0, 0
50012, 8380092, 1, 0, 0
51012, 8516465, 1, 0, 0
52009, 8458104, 1, 0, 0
53000, 8287565, 1, 0, 0
54009, 8010253, 1, 0, 0
55019, 8246271, 1, 0, 0
56011, 8295440, 1, 0, 0
57018, 8161037, 1, 0, 0
58014, 8486885, 1, 0, 0
59024, 8508087, 1, 0, 0
60000, 8568640, 1, 0, 0
61012, 8586796, 1, 0, 0
62020, 8431335, 1, 0, 0
63014, 8428674, 1, 0, 0
64008, 8423772, 1, 0, 0
65008, 8339845, 1, 0, 0
66011, 8252444, 1, 0, 0
67023, 8147260, 1, 0, 0
68017, 8577523, 1, 0, 0
69010, 8222859, 1, 0, 0
70014, 8260213, 1, 0, 0
71013, 8491780, 1, 0, 0
72009, 8079915, 1, 0, 0
73016, 8512896, 1, 0, 0
74011, 8427327, 1, 0, 0
75016, 8637279, 1, 0, 0
76016, 8366653, 1, 0, 0
77011, 8689704, 1, 0, 0
78017, 8369226, 1, 0, 0
79010, 8360224, 1, 0, 0
80009, 8422505, 1, 0, 0
81017, 8292919, 1, 0, 0
82014, 8473402, 1, 0, 0
83023, 8197452, 1, 0, 0
84017, 8271057, 1, 0, 0
85010, 8230337, 1, 0, 0
86018, 8063499, 1, 0, 0
87011, 8173226, 1, 0, 0
88009, 8432746, 1, 0, 0
89017, 8754945, 1, 0, 0
90010, 8506996, 1, 0, 0
91021, 7685640, 1, 0, 0
92014, 9055923, 1, 0, 0
93023, 8286252, 1, 0, 0
94015, 8234354, 1, 0, 0
95008, 8414693, 1, 0, 0
96012, 8031927, 1, 0, 0
97011, 8432071, 1, 0, 0
98009, 8655836, 1, 0, 0
99016, 8332551, 1, 0, 0
100009, 8520196, 1, 0, 0
101008, 8319653, 1, 0, 0
102012, 8251188, 1, 0, 0
103021, 8384860, 1, 0, 0
104015, 8588590, 1, 0, 0
105011, 8128013, 1, 0, 0
106000, 8405337, 1, 0, 0
107010, 8252598, 1, 0, 0
108022, 8268745, 1, 0, 0
109018, 8178237, 1, 0, 0
110010, 8402079, 1, 0, 0
111021, 8054132, 1, 0, 0
112013, 8392498, 1, 0, 0
113022, 8516088, 1, 0, 0
114017, 8258478, 1, 0, 0
115010, 8232152, 1, 0, 0
116014, 8637590, 1, 0, 0
117013, 8370751, 1, 0, 0
118010, 8339987, 1, 0, 0
119013, 8503731, 1, 0, 0
120011, 8460371, 1, 0, 0
121009, 8071755, 1, 0, 0
122013, 8579435, 1, 0, 0
123008, 8413915, 1, 0, 0
124017, 8378347, 1, 0, 0
125011, 8299385, 1, 0, 0
126017, 8574083, 1, 0, 0
127015, 8320625, 1, 0, 0
128023, 8340969, 1, 0, 0
129015, 8518827, 1, 0, 0
130010, 8282287, 1, 0, 0
131011, 8132635, 1, 0, 0
132010, 8236238, 1, 0, 0
133012, 8366256, 1, 0, 0
134014, 8114626, 1, 0, 0
135010, 8540898, 1, 0, 0
136018, 8159926, 1, 0, 0
137010, 8424184, 1, 0, 0
138020, 8327044, 1, 0, 0
139003, 8060294, 1, 0, 0
140022, 8335850, 1, 0, 0
141009, 8486613, 1, 0, 0
142009, 8412691, 1, 0, 0
143019, 8341038, 1, 0, 0
144008, 8383025, 1, 0, 0
145022, 8782198, 1, 0, 0
146014, 8505465, 1, 0, 0
147011, 8221718, 1, 0, 0
148020, 8480845, 1, 0, 0
149013, 8179471, 1, 0, 0
150023, 8220328, 1, 0, 0
151009, 8500948, 1, 0, 0
152009, 8170172, 1, 0, 0
153019, 8536933, 1, 0, 0
154012, 8111773, 1, 0, 0
155014, 8317344, 1, 0, 0
156017, 8110400, 1, 0, 0
157012, 8431865, 1, 0, 0
158010, 8331803, 1, 0, 0
159015, 8354743, 1, 0, 0
160024, 8191073, 1, 0, 0
161015, 8636030, 1, 0, 0
162009, 8091109, 1, 0, 0
163000, 8401337, 1, 0, 0
164013, 8545682, 1, 0, 0
165022, 8422116, 1, 0, 0
166000, 8369888, 1, 0, 0
167008, 8199471, 1, 0, 0
168013, 8551235, 1, 0, 0
169010, 8304487, 1, 0, 0
170020, 8474895, 1, 0, 0
171010, 8388665, 1, 0, 0
172009, 8489754, 1, 0, 0
173019, 8253028, 1, 0, 0
174011, 8604254, 1, 0, 0
175019, 8222700, 1, 0, 0
176012, 7999244, 1, 0, 0
177020, 8485731, 1, 0, 0
178014, 8195110, 1, 0, 0
179009, 8303845, 1, 0, 0
180012, 8118431, 1, 0, 0
180015, 30338641, 1, 0, 0
