1001, 2580898, 0, 0, 0
2000, 2343881, 0, 0, 0
3001, 2295720, 0, 0, 0
4000, 2399015, 0, 0, 0
5003, 2306228, 0, 0, 0
6000, 2383572, 0, 0, 0
7001, 2301044, 0, 0, 0
8002, 2326808, 0, 0, 0
9000, 2305789, 0, 0, 0
10001, 2277601, 0, 0, 0
11001, 2300048, 0, 0, 0
12000, 2316770, 0, 0, 0
13001, 2295494, 0, 0, 0
14001, 2216527, 0, 0, 0
15001, 2234829, 0, 0, 0
16002, 2300107, 0, 0, 0
17001, 2251337, 0, 0, 0
18000, 2342907, 0, 0, 0
19000, 2287115, 0, 0, 0
20000, 2246655, 0, 0, 0
21000, 2293517, 0, 0, 0
22001, 2305695, 0, 0, 0
23000, 2264657, 0, 0, 0
24001, 2446386, 0, 0, 0
25000, 2367525, 0, 0, 0
26000, 2408379, 0, 0, 0
27001, 2404833, 0, 0, 0
28000, 2317976, 0, 0, 0
29001, 2306315, 0, 0, 0
30000, 2299602, 0, 0, 0
31001, 2349916, 0, 0, 0
32003, 2313772, 0, 0, 0
33001, 2282966, 0, 0, 0
34000, 2370751, 0, 0, 0
35001, 2305869, 0, 0, 0
36001, 2278243, 0, 0, 0
37000, 2311460, 0, 0, 0
38000, 2351047, 0, 0, 0
39000, 2273292, 0, 0, 0
40001, 2247417, 0, 0, 0
41007, 2196609, 0, 0, 0
42001, 2242588, 0, 0, 0
43001, 2221283, 0, 0, 0
44002, 2212914, 0, 0, 0
45001, 2328776, 0, 0, 0
46001, 2379428, 0, 0, 0
47002, 2360991, 0, 0, 0
48001, 2521929, 0, 0, 0
49001, 2409207, 0, 0, 0
50000, 2306033, 0, 0, 0
51000, 2392878, 0, 0, 0
52001, 2232237, 0, 0, 0
53000, 2239987, 0, 0, 0
54002, 2296994, 0, 0, 0
55000, 2319146, 0, 0, 0
56001, 2327159, 0, 0, 0
57000, 2322035, 0, 0, 0
58001, 2279545, 0, 0, 0
59001, 2242628, 0, 0, 0
60001, 2280998, 0, 0, 0
61001, 2207335, 0, 0, 0
62002, 2199466, 0, 0, 0
63000, 2227292, 0, 0, 0
64000, 2220053, 0, 0, 0
65000, 2211871, 0, 0, 0
66001, 2326978, 0, 0, 0
67000, 2215433, 0, 0, 0
68001, 2223288, 0, 0, 0
69001, 2241149, 0, 0, 0
70000, 2284446, 0, 0, 0
71001, 2238610, 0, 0, 0
72001, 2231182, 0, 0, 0
73001, 2271879, 0, 0, 0
74001, 2261835, 0, 0, 0
75000, 2270387, 0, 0, 0
76001, 2274230, 0, 0, 0
77001, 2296907, 0, 0, 0
78001, 2293640, 0, 0, 0
79001, 2260450, 0, 0, 0
80001, 2232302, 0, 0, 0
81000, 2234572, 0, 0, 0
82001, 2316044, 0, 0, 0
83000, 2273667, 0, 0, 0
84001, 2239720, 0, 0, 0
85001, 2270722, 0, 0, 0
86001, 2353153, 0, 0, 0
87000, 2372401, 0, 0, 0
88001, 2321559, 0, 0, 0
89002, 2347558, 0, 0, 0
90000, 2374666, 0, 0, 0
91002, 2347482, 0, 0, 0
92000, 2325775, 0, 0, 0
93000, 2430621, 0, 0, 0
94000, 2414033, 0, 0, 0
95001, 2401568, 0, 0, 0
96001, 2522647, 0, 0, 0
97006, 2983514, 0, 0, 0
98021, 3120132, 0, 0, 0
99003, 4056215, 0, 0, 0
100001, 2612038, 0, 0, 0
101001, 2392515, 0, 0, 0
102003, 2301789, 0, 0, 0
103001, 2330859, 0, 0, 0
104000, 2280195, 0, 0, 0
105001, 2290326, 0, 0, 0
106001, 2314855, 0, 0, 0
107001, 2240901, 0, 0, 0
108002, 2457390, 0, 0, 0
109000, 2331378, 0, 0, 0
110002, 2362272, 0, 0, 0
111000, 2320001, 0, 0, 0
112000, 2324167, 0, 0, 0
113000, 2288849, 0, 0, 0
114000, 2431180, 0, 0, 0
115002, 2373054, 0, 0, 0
116000, 2546154, 0, 0, 0
117000, 2302162, 0, 0, 0
118001, 2296446, 0, 0, 0
119000, 2284294, 0, 0, 0
120000, 2211104, 0, 0, 0
121018, 2495497, 0, 0, 0
122001, 2312466, 0, 0, 0
123000, 2224349, 0, 0, 0
124000, 2297799, 0, 0, 0
125001, 2247064, 0, 0, 0
126002, 2273829, 0, 0, 0
127000, 2274667, 0, 0, 0
128003, 2262235, 0, 0, 0
129000, 2206091, 0, 0, 0
130000, 2261631, 0, 0, 0
131001, 2241633, 0, 0, 0
132000, 2281403, 0, 0, 0
133000, 2340790, 0, 0, 0
134000, 2266338, 0, 0, 0
135000, 2298711, 0, 0, 0
136001, 2273685, 0, 0, 0
137001, 2292815, 0, 0, 0
138000, 2301506, 0, 0, 0
139001, 2320631, 0, 0, 0
140000, 2238244, 0, 0, 0
141000, 2241229, 0, 0, 0
142000, 2202878, 0, 0, 0
143001, 2247727, 0, 0, 0
144002, 2184408, 0, 0, 0
145002, 2221887, 0, 0, 0
146000, 2293973, 0, 0, 0
147001, 2204080, 0, 0, 0
148000, 2171812, 0, 0, 0
149001, 2146119, 0, 0, 0
150001, 2397718, 0, 0, 0
151001, 2361893, 0, 0, 0
152000, 2372970, 0, 0, 0
153002, 2292673, 0, 0, 0
154001, 2366200, 0, 0, 0
155001, 2325258, 0, 0, 0
156000, 2310778, 0, 0, 0
157001, 2304862, 0, 0, 0
158001, 2252711, 0, 0, 0
159001, 2296214, 0, 0, 0
160002, 2284807, 0, 0, 0
161000, 2305023, 0, 0, 0
162000, 2384152, 0, 0, 0
163000, 2583936, 0, 0, 0
164000, 2347928, 0, 0, 0
165001, 2374647, 0, 0, 0
166001, 2299713, 0, 0, 0
167001, 2261119, 0, 0, 0
168001, 2270911, 0, 0, 0
169000, 2355886, 0, 0, 0
170000, 2220867, 0, 0, 0
171001, 2296284, 0, 0, 0
172001, 2309161, 0, 0, 0
173000, 2372179, 0, 0, 0
174000, 2324164, 0, 0, 0
175001, 2551895, 0, 0, 0
176001, 2341689, 0, 0, 0
177000, 2411424, 0, 0, 0
178000, 2397418, 0, 0, 0
179001, 2355023, 0, 0, 0
180000, 2265216, 0, 0, 0
