1012, 14730215, 1, 0, 0
2001, 16526745, 1, 0, 0
3016, 16616397, 1, 0, 0
4024, 17033462, 1, 0, 0
5019, 16074746, 1, 0, 0
6013, 16865624, 1, 0, 0
7011, 16772118, 1, 0, 0
8019, 16087560, 1, 0, 0
9013, 16724498, 1, 0, 0
10024, 16726463, 1, 0, 0
11018, 16930919, 1, 0, 0
12027, 17300081, 1, 0, 0
13001, 16585055, 1, 0, 0
14012, 16980653, 1, 0, 0
15000, 17578020, 1, 0, 0
16013, 16107684, 1, 0, 0
17000, 16723145, 1, 0, 0
18015, 16407546, 1, 0, 0
19002, 16553109, 1, 0, 0
20019, 16444912, 1, 0, 0
21014, 16492497, 1, 0, 0
22021, 16950717, 1, 0, 0
23014, 16633283, 1, 0, 0
24023, 17198622, 1, 0, 0
25016, 16507990, 1, 0, 0
26012, 16871773, 1, 0, 0
27024, 17375534, 1, 0, 0
28014, 16575291, 1, 0, 0
29016, 16500696, 1, 0, 0
30017, 17060696, 1, 0, 0
31024, 16750495, 1, 0, 0
32013, 16990750, 1, 0, 0
33021, 17649075, 1, 0, 0
34017, 17219295, 1, 0, 0
35020, 16741287, 1, 0, 0
36020, 16362877, 1, 0, 0
37013, 16699597, 1, 0, 0
38013, 16868779, 1, 0, 0
39014, 16259212, 1, 0, 0
40012, 16325703, 1, 0, 0
41021, 16513742, 1, 0, 0
42013, 16519109, 1, 0, 0
43024, 16963987, 1, 0, 0
44015, 17174073, 1, 0, 0
45023, 17358588, 1, 0, 0
46016, 16298237, 1, 0, 0
47001, 16986379, 1, 0, 0
48000, 16598960, 1, 0, 0
49023, 16852807, 1, 0, 0
50018, 16571955, 1, 0, 0
51012, 16728220, 1, 0, 0
52025, 16617164, 1, 0, 0
53014, 16425922, 1, 0, 0
54015, 16735226, 1, 0, 0
55010, 17105627, 1, 0, 0
56020, 16553262, 1, 0, 0
57016, 15967114, 1, 0, 0
58023, 17286298, 1, 0, 0
59013, 17135523, 1, 0, 0
60011, 16594157, 1, 0, 0
61019, 16912795, 1, 0, 0
62012, 16801629, 1, 0, 0
63016, 17033523, 1, 0, 0
64018, 17103930, 1, 0, 0
65011, 16992316, 1, 0, 0
66014, 16742689, 1, 0, 0
67021, 16889228, 1, 0, 0
68011, 16367121, 1, 0, 0
69015, 16583999, 1, 0, 0
70017, 16592978, 1, 0, 0
71016, 16269853, 1, 0, 0
72011, 16653200, 1, 0, 0
73020, 16703342, 1, 0, 0
74012, 16666188, 1, 0, 0
75020, 16371939, 1, 0, 0
76011, 16877735, 1, 0, 0
77000, 16617366, 1, 0, 0
78015, 16895722, 1, 0, 0
79025, 17051596, 1, 0, 0
80014, 16715109, 1, 0, 0
81012, 16582511, 1, 0, 0
82019, 16809320, 1, 0, 0
83015, 16276543, 1, 0, 0
84022, 16850356, 1, 0, 0
85019, 16483433, 1, 0, 0
86012, 16875664, 1, 0, 0
87019, 16978037, 1, 0, 0
88011, 16467671, 1, 0, 0
89019, 16935278, 1, 0, 0
90013, 17539361, 1, 0, 0
91021, 17179083, 1, 0, 0
92012, 16269802, 1, 0, 0
93025, 16561812, 1, 0, 0
94015, 16678646, 1, 0, 0
95011, 16816941, 1, 0, 0
96000, 16720371, 1, 0, 0
97012, 16441698, 1, 0, 0
98011, 16576331, 1, 0, 0
99016, 17065270, 1, 0, 0
100016, 16719113, 1, 0, 0
101026, 17161504, 1, 0, 0
102021, 16621634, 1, 0, 0
103013, 16529088, 1, 0, 0
104026, 16742073, 1, 0, 0
105020, 16652039, 1, 0, 0
106016, 16695733, 1, 0, 0
107025, 16581725, 1, 0, 0
108001, 17060851, 1, 0, 0
109015, 16540076, 1, 0, 0
110024, 16172009, 1, 0, 0
111016, 17051811, 1, 0, 0
112019, 16693689, 1, 0, 0
113018, 16763156, 1, 0, 0
114024, 16936862, 1, 0, 0
115018, 16703637, 1, 0, 0
116010, 17023508, 1, 0, 0
117000, 16780430, 1, 0, 0
118001, 16756085, 1, 0, 0
119000, 16904938, 1, 0, 0
120015, 17189359, 1, 0, 0
121000, 17042745, 1, 0, 0
122017, 16912212, 1, 0, 0
123012, 16893005, 1, 0, 0
124001, 17008674, 1, 0, 0
125015, 16743602, 1, 0, 0
126013, 16544125, 1, 0, 0
127001, 16638584, 1, 0, 0
128012, 16416418, 1, 0, 0
129022, 16483326, 1, 0, 0
130019, 16586616, 1, 0, 0
131018, 16710494, 1, 0, 0
132023, 17305404, 1, 0, 0
133013, 16655472, 1, 0, 0
134011, 17128680, 1, 0, 0
135016, 17170326, 1, 0, 0
136013, 16283772, 1, 0, 0
137016, 16736657, 1, 0, 0
138021, 16523265, 1, 0, 0
139014, 16882794, 1, 0, 0
140017, 16490671, 1, 0, 0
141012, 16818401, 1, 0, 0
142010, 16293580, 1, 0, 0
143013, 17213691, 1, 0, 0
144023, 16892564, 1, 0, 0
145015, 16595992, 1, 0, 0
146010, 16892021, 1, 0, 0
147020, 16691920, 1, 0, 0
148015, 16506033, 1, 0, 0
149012, 16280367, 1, 0, 0
150022, 16642912, 1, 0, 0
151018, 17021142, 1, 0, 0
152012, 16722704, 1, 0, 0
153000, 16959123, 1, 0, 0
154016, 16721929, 1, 0, 0
155023, 16790271, 1, 0, 0
156017, 17042004, 1, 0, 0
157012, 16414314, 1, 0, 0
158004, 16916589, 1, 0, 0
159014, 16457967, 1, 0, 0
160023, 16643583, 1, 0, 0
161016, 16737708, 1, 0, 0
162011, 17059287, 1, 0, 0
163010, 17020953, 1, 0, 0
164010, 16671443, 1, 0, 0
165015, 16738961, 1, 0, 0
166014, 17065028, 1, 0, 0
167010, 17140582, 1, 0, 0
168018, 16874245, 1, 0, 0
169013, 16939694, 1, 0, 0
170021, 16718184, 1, 0, 0
171019, 16676753, 1, 0, 0
172014, 17127759, 1, 0, 0
173011, 16832266, 1, 0, 0
174019, 16905272, 1, 0, 0
175016, 17400040, 1, 0, 0
176001, 17146834, 1, 0, 0
177021, 16371338, 1, 0, 0
178018, 16076867, 1, 0, 0
179009, 16184843, 1, 0, 0
180034, 17509163, 1, 0, 0
180040, 60303445, 1, 0, 0
