1002, 2429287, 0, 0, 0
2002, 2255996, 0, 0, 0
3001, 2340888, 0, 0, 0
4001, 2235236, 0, 0, 0
5000, 2216650, 0, 0, 0
6001, 2283658, 0, 0, 0
7001, 2274774, 0, 0, 0
8001, 2437809, 0, 0, 0
9000, 2501230, 0, 0, 0
10001, 2551325, 0, 0, 0
11002, 2265892, 0, 0, 0
12003, 2380721, 0, 0, 0
13000, 2310545, 0, 0, 0
14000, 2335693, 0, 0, 0
15002, 2365270, 0, 0, 0
16000, 2328653, 0, 0, 0
17003, 2276051, 0, 0, 0
18002, 2331842, 0, 0, 0
19000, 2324639, 0, 0, 0
20000, 2473582, 0, 0, 0
21001, 2240190, 0, 0, 0
22001, 2351797, 0, 0, 0
23000, 2304033, 0, 0, 0
24001, 2329406, 0, 0, 0
25000, 2333052, 0, 0, 0
26002, 2304336, 0, 0, 0
27001, 2203167, 0, 0, 0
28001, 2234685, 0, 0, 0
29001, 2260694, 0, 0, 0
30001, 2316609, 0, 0, 0
31001, 2210694, 0, 0, 0
32002, 2340528, 0, 0, 0
33000, 2329318, 0, 0, 0
34000, 2302541, 0, 0, 0
35001, 2255051, 0, 0, 0
36002, 2264281, 0, 0, 0
37001, 2287511, 0, 0, 0
38000, 2262025, 0, 0, 0
39000, 2307841, 0, 0, 0
40002, 2278701, 0, 0, 0
41001, 2257718, 0, 0, 0
42001, 2361352, 0, 0, 0
43000, 2208217, 0, 0, 0
44001, 2235661, 0, 0, 0
45000, 2204793, 0, 0, 0
46001, 2308506, 0, 0, 0
47001, 2279757, 0, 0, 0
48001, 2285732, 0, 0, 0
49001, 2204727, 0, 0, 0
50001, 2249074, 0, 0, 0
51002, 2207224, 0, 0, 0
52001, 2233389, 0, 0, 0
53002, 2319351, 0, 0, 0
54001, 2293946, 0, 0, 0
55002, 2235700, 0, 0, 0
56001, 2494897, 0, 0, 0
57000, 2274642, 0, 0, 0
58001, 2226552, 0, 0, 0
59001, 2244628, 0, 0, 0
60002, 2293241, 0, 0, 0
61001, 2304246, 0, 0, 0
62001, 2284894, 0, 0, 0
63000, 2227850, 0, 0, 0
64000, 2255849, 0, 0, 0
65002, 2305463, 0, 0, 0
66000, 2209523, 0, 0, 0
67000, 2254762, 0, 0, 0
68001, 2145910, 0, 0, 0
69000, 2256775, 0, 0, 0
70002, 2354618, 0, 0, 0
71000, 2281822, 0, 0, 0
72001, 2227305, 0, 0, 0
73001, 2285051, 0, 0, 0
74000, 2299123, 0, 0, 0
75000, 2259724, 0, 0, 0
76002, 2264123, 0, 0, 0
77000, 2297058, 0, 0, 0
78001, 2258072, 0, 0, 0
79000, 2273580, 0, 0, 0
80000, 2371785, 0, 0, 0
81001, 2551721, 0, 0, 0
82000, 2284472, 0, 0, 0
83002, 2257937, 0, 0, 0
84001, 2243540, 0, 0, 0
85000, 2297438, 0, 0, 0
86002, 2355069, 0, 0, 0
87000, 2421693, 0, 0, 0
88000, 2222943, 0, 0, 0
89002, 2219219, 0, 0, 0
90000, 2236029, 0, 0, 0
91000, 2268595, 0, 0, 0
92000, 2265205, 0, 0, 0
93000, 2373219, 0, 0, 0
94002, 2283824, 0, 0, 0
95000, 2276675, 0, 0, 0
96001, 2222542, 0, 0, 0
97001, 2307064, 0, 0, 0
98002, 2256886, 0, 0, 0
99000, 2220020, 0, 0, 0
100000, 2365776, 0, 0, 0
101000, 2275782, 0, 0, 0
102001, 2212236, 0, 0, 0
103001, 2243717, 0, 0, 0
104001, 2285302, 0, 0, 0
105000, 2304762, 0, 0, 0
106001, 2309756, 0, 0, 0
107001, 2274862, 0, 0, 0
108001, 2285231, 0, 0, 0
109000, 2248452, 0, 0, 0
110000, 2334243, 0, 0, 0
111000, 2312297, 0, 0, 0
112002, 2227971, 0, 0, 0
113000, 2210037, 0, 0, 0
114002, 2230289, 0, 0, 0
115005, 2231250, 0, 0, 0
116001, 2397351, 0, 0, 0
117001, 2354581, 0, 0, 0
118001, 2396924, 0, 0, 0
119000, 2364210, 0, 0, 0
120002, 2237965, 0, 0, 0
121001, 2279462, 0, 0, 0
122001, 2285281, 0, 0, 0
123000, 2206263, 0, 0, 0
124001, 2277330, 0, 0, 0
125000, 2169411, 0, 0, 0
126001, 2211659, 0, 0, 0
127000, 2252452, 0, 0, 0
128000, 2260253, 0, 0, 0
129000, 2216150, 0, 0, 0
130000, 2258313, 0, 0, 0
131000, 2254650, 0, 0, 0
132000, 2190986, 0, 0, 0
133000, 2210224, 0, 0, 0
134000, 2224599, 0, 0, 0
135000, 2146439, 0, 0, 0
136000, 2214830, 0, 0, 0
137000, 2312263, 0, 0, 0
138001, 2283877, 0, 0, 0
139001, 2310320, 0, 0, 0
140000, 2268783, 0, 0, 0
141000, 2234383, 0, 0, 0
142000, 2268898, 0, 0, 0
143000, 2290920, 0, 0, 0
144001, 2208327, 0, 0, 0
145001, 2459572, 0, 0, 0
146000, 2223339, 0, 0, 0
147001, 2301758, 0, 0, 0
148001, 2202017, 0, 0, 0
149000, 2352688, 0, 0, 0
150000, 2301174, 0, 0, 0
151001, 2231233, 0, 0, 0
152395, 3527162, 0, 0, 0
153001, 2250429, 0, 0, 0
154001, 2279678, 0, 0, 0
155001, 2276738, 0, 0, 0
156000, 2267056, 0, 0, 0
157000, 2209822, 0, 0, 0
158000, 2265777, 0, 0, 0
159001, 2216398, 0, 0, 0
160000, 2227055, 0, 0, 0
161000, 2259749, 0, 0, 0
162001, 2188619, 0, 0, 0
163001, 2213711, 0, 0, 0
164001, 2203951, 0, 0, 0
165001, 2229721, 0, 0, 0
166001, 2339752, 0, 0, 0
167000, 2246212, 0, 0, 0
168001, 2227243, 0, 0, 0
169001, 2306370, 0, 0, 0
170001, 2224766, 0, 0, 0
171000, 2217721, 0, 0, 0
172001, 2218280, 0, 0, 0
173000, 2192559, 0, 0, 0
174000, 2171614, 0, 0, 0
175001, 2171433, 0, 0, 0
176001, 2318926, 0, 0, 0
177000, 2187081, 0, 0, 0
178001, 2155930, 0, 0, 0
179006, 2215861, 0, 0, 0
180002, 2180032, 0, 0, 0
