1000, 8400, 1, 0, 0
2000, 8500, 1, 0, 0
3000, 8832, 1, 0, 0
4000, 8564, 1, 0, 0
5000, 8816, 1, 0, 0
6000, 8780, 1, 0, 0
7000, 8580, 1, 0, 0
8000, 8580, 1, 0, 0
9000, 8532, 1, 0, 0
10000, 8880, 1, 0, 0
11000, 8796, 1, 0, 0
12000, 8792, 1, 0, 0
13000, 8620, 1, 0, 0
14000, 8972, 1, 0, 0
15000, 8768, 1, 0, 0
16000, 8680, 1, 0, 0
17000, 8892, 1, 0, 0
18000, 8788, 1, 0, 0
19000, 8664, 1, 0, 0
20000, 8712, 1, 0, 0
21000, 9072, 1, 0, 0
22000, 8948, 1, 0, 0
23000, 8804, 1, 0, 0
24000, 8776, 1, 0, 0
25001, 8760, 1, 0, 0
26000, 8884, 1, 0, 0
27000, 8900, 1, 0, 0
28000, 8740, 1, 0, 0
29000, 8644, 1, 0, 0
30000, 8952, 1, 0, 0
31000, 9121, 1, 0, 0
32000, 9137, 1, 0, 0
33000, 9297, 1, 0, 0
34000, 9032, 1, 0, 0
35000, 8952, 1, 0, 0
36000, 8972, 1, 0, 0
37000, 8576, 1, 0, 0
38000, 8648, 1, 0, 0
39000, 8648, 1, 0, 0
40000, 8624, 1, 0, 0
41000, 8860, 1, 0, 0
42000, 8600, 1, 0, 0
43000, 8548, 1, 0, 0
44000, 8720, 1, 0, 0
45000, 8528, 1, 0, 0
46000, 8248, 1, 0, 0
47000, 8800, 1, 0, 0
48000, 8924, 1, 0, 0
49000, 8692, 1, 0, 0
50000, 8976, 1, 0, 0
51000, 8944, 1, 0, 0
52000, 8936, 1, 0, 0
53000, 8284, 1, 0, 0
54000, 8220, 1, 0, 0
55000, 8512, 1, 0, 0
56000, 8652, 1, 0, 0
57000, 8388, 1, 0, 0
58001, 8360, 1, 0, 0
59000, 8200, 1, 0, 0
60000, 8300, 1, 0, 0
61000, 8564, 1, 0, 0
62000, 8936, 1, 0, 0
63000, 8688, 1, 0, 0
64000, 8636, 1, 0, 0
65000, 8512, 1, 0, 0
66000, 8788, 1, 0, 0
67000, 8656, 1, 0, 0
68001, 8736, 1, 0, 0
69000, 8620, 1, 0, 0
70000, 8852, 1, 0, 0
71000, 8748, 1, 0, 0
72001, 8396, 1, 0, 0
73000, 8744, 1, 0, 0
74000, 7935, 1, 0, 0
75000, 8380, 1, 0, 0
76000, 8732, 1, 0, 0
77000, 8428, 1, 0, 0
78000, 8400, 1, 0, 0
79000, 8604, 1, 0, 0
80000, 8540, 1, 0, 0
81000, 8660, 1, 0, 0
82000, 8552, 1, 0, 0
83000, 8348, 1, 0, 0
84000, 8392, 1, 0, 0
85000, 8648, 1, 0, 0
86000, 8640, 1, 0, 0
87000, 8484, 1, 0, 0
88000, 8612, 1, 0, 0
89000, 8544, 1, 0, 0
90000, 8640, 1, 0, 0
91000, 8724, 1, 0, 0
92000, 8500, 1, 0, 0
93000, 8604, 1, 0, 0
94000, 8736, 1, 0, 0
95000, 8588, 1, 0, 0
96000, 8680, 1, 0, 0
97000, 8976, 1, 0, 0
98000, 9081, 1, 0, 0
99000, 8384, 1, 0, 0
100000, 8908, 1, 0, 0
101000, 8772, 1, 0, 0
102000, 9013, 1, 0, 0
103000, 8480, 1, 0, 0
104000, 8724, 1, 0, 0
105001, 8580, 1, 0, 0
106000, 8488, 1, 0, 0
107000, 8836, 1, 0, 0
108000, 8948, 1, 0, 0
109000, 8872, 1, 0, 0
110000, 9005, 1, 0, 0
111000, 8388, 1, 0, 0
112000, 8828, 1, 0, 0
113000, 6822, 1, 0, 0
114000, 8548, 1, 0, 0
115000, 8392, 1, 0, 0
116000, 8972, 1, 0, 0
117000, 8136, 1, 0, 0
118000, 8796, 1, 0, 0
119000, 8368, 1, 0, 0
120000, 8492, 1, 0, 0
121000, 8680, 1, 0, 0
122000, 8556, 1, 0, 0
123000, 8904, 1, 0, 0
124000, 8812, 1, 0, 0
125000, 8768, 1, 0, 0
126000, 8824, 1, 0, 0
127000, 8812, 1, 0, 0
128000, 9032, 1, 0, 0
129000, 8704, 1, 0, 0
130000, 8864, 1, 0, 0
131000, 9000, 1, 0, 0
132000, 8820, 1, 0, 0
133000, 8716, 1, 0, 0
134000, 8668, 1, 0, 0
135000, 8880, 1, 0, 0
136000, 8720, 1, 0, 0
137000, 9020, 1, 0, 0
138000, 9049, 1, 0, 0
139000, 8672, 1, 0, 0
140000, 8348, 1, 0, 0
141000, 8828, 1, 0, 0
142000, 8608, 1, 0, 0
143000, 8644, 1, 0, 0
144000, 8556, 1, 0, 0
145000, 8608, 1, 0, 0
146001, 8552, 1, 0, 0
147000, 8708, 1, 0, 0
148000, 8560, 1, 0, 0
149000, 8812, 1, 0, 0
150000, 8520, 1, 0, 0
151001, 8572, 1, 0, 0
152000, 8516, 1, 0, 0
153000, 8284, 1, 0, 0
154000, 8948, 1, 0, 0
155000, 6942, 1, 0, 0
156000, 8596, 1, 0, 0
157000, 8648, 1, 0, 0
158000, 8956, 1, 0, 0
159000, 8988, 1, 0, 0
160000, 9052, 1, 0, 0
161000, 8744, 1, 0, 0
162000, 8644, 1, 0, 0
163000, 8816, 1, 0, 0
164000, 8956, 1, 0, 0
165000, 8764, 1, 0, 0
166000, 8920, 1, 0, 0
167001, 8840, 1, 0, 0
168000, 8788, 1, 0, 0
169000, 9053, 1, 0, 0
170000, 9092, 1, 0, 0
171000, 8780, 1, 0, 0
172000, 8592, 1, 0, 0
173000, 8664, 1, 0, 0
174000, 8780, 1, 0, 0
175000, 8600, 1, 0, 0
176000, 8988, 1, 0, 0
177000, 8888, 1, 0, 0
178000, 8824, 1, 0, 0
179000, 8704, 1, 0, 0
180000, 8964, 1, 0, 0
