1016, 1900677, 1, 0, 0
2014, 2120553, 1, 0, 0
3019, 2105417, 1, 0, 0
4011, 2070161, 1, 0, 0
5023, 2128732, 1, 0, 0
6016, 2146474, 1, 0, 0
7011, 2080620, 1, 0, 0
8018, 2124823, 1, 0, 0
9016, 2062705, 1, 0, 0
10012, 2084701, 1, 0, 0
11009, 2051169, 1, 0, 0
12020, 2081240, 1, 0, 0
13014, 2042228, 1, 0, 0
14012, 2058894, 1, 0, 0
15021, 2089456, 1, 0, 0
16015, 2097554, 1, 0, 0
17024, 2121780, 1, 0, 0
18015, 2057740, 1, 0, 0
19010, 2058965, 1, 0, 0
20011, 2077348, 1, 0, 0
21015, 2119920, 1, 0, 0
22011, 2112285, 1, 0, 0
23012, 2065985, 1, 0, 0
24016, 2136135, 1, 0, 0
25011, 2079657, 1, 0, 0
26014, 2072741, 1, 0, 0
27020, 2161856, 1, 0, 0
28010, 2068454, 1, 0, 0
29011, 2062993, 1, 0, 0
30017, 2152655, 1, 0, 0
31010, 2130850, 1, 0, 0
32022, 2048360, 1, 0, 0
33017, 2071222, 1, 0, 0
34012, 2041141, 1, 0, 0
35014, 2074226, 1, 0, 0
36002, 2025917, 1, 0, 0
37009, 2046115, 1, 0, 0
38014, 2056496, 1, 0, 0
39016, 2098303, 1, 0, 0
40012, 2056441, 1, 0, 0
41013, 2064647, 1, 0, 0
42020, 2110991, 1, 0, 0
43010, 2102357, 1, 0, 0
44010, 2098076, 1, 0, 0
45018, 2077046, 1, 0, 0
46014, 2063113, 1, 0, 0
47024, 2124374, 1, 0, 0
48020, 2055667, 1, 0, 0
49013, 2087701, 1, 0, 0
50015, 2088367, 1, 0, 0
51036, 2037849, 1, 0, 0
52015, 2094098, 1, 0, 0
53010, 2095587, 1, 0, 0
54016, 2078244, 1, 0, 0
55009, 2083259, 1, 0, 0
56025, 2097164, 1, 0, 0
57018, 2087715, 1, 0, 0
58013, 1997092, 1, 0, 0
59023, 2051197, 1, 0, 0
60017, 2092386, 1, 0, 0
61010, 2039554, 1, 0, 0
62019, 2067727, 1, 0, 0
63014, 2062148, 1, 0, 0
64012, 2113682, 1, 0, 0
65019, 2073983, 1, 0, 0
66012, 2050210, 1, 0, 0
67017, 2122539, 1, 0, 0
68011, 2096073, 1, 0, 0
69010, 2093842, 1, 0, 0
70009, 2089914, 1, 0, 0
71009, 2095879, 1, 0, 0
72016, 2117245, 1, 0, 0
73009, 2116812, 1, 0, 0
74015, 2014376, 1, 0, 0
75014, 2096535, 1, 0, 0
76024, 2097740, 1, 0, 0
77014, 2082876, 1, 0, 0
78011, 2129367, 1, 0, 0
79014, 2124261, 1, 0, 0
80017, 2063960, 1, 0, 0
81011, 2107159, 1, 0, 0
82019, 2074480, 1, 0, 0
83013, 2078083, 1, 0, 0
84023, 2115458, 1, 0, 0
85015, 2114575, 1, 0, 0
86023, 2067815, 1, 0, 0
87016, 2104266, 1, 0, 0
88075, 2146331, 1, 0, 0
89022, 1921537, 1, 0, 0
90011, 2165729, 1, 0, 0
91009, 2199035, 1, 0, 0
92017, 2126242, 1, 0, 0
93015, 2129383, 1, 0, 0
94011, 2063917, 1, 0, 0
95012, 2119337, 1, 0, 0
96014, 2103263, 1, 0, 0
97012, 2079567, 1, 0, 0
98023, 2090294, 1, 0, 0
99019, 2087835, 1, 0, 0
100013, 2114771, 1, 0, 0
101023, 2076722, 1, 0, 0
102000, 2109710, 1, 0, 0
103011, 2080693, 1, 0, 0
104020, 2077866, 1, 0, 0
105015, 2081415, 1, 0, 0
106023, 2096102, 1, 0, 0
107014, 2042522, 1, 0, 0
108011, 2121762, 1, 0, 0
109021, 2059032, 1, 0, 0
110016, 2126067, 1, 0, 0
111011, 2114386, 1, 0, 0
112009, 2082052, 1, 0, 0
113018, 2131710, 1, 0, 0
114016, 2113992, 1, 0, 0
115010, 2027151, 1, 0, 0
116020, 2088493, 1, 0, 0
117015, 2052051, 1, 0, 0
118024, 2059540, 1, 0, 0
119010, 2136342, 1, 0, 0
120011, 2107126, 1, 0, 0
121020, 2118520, 1, 0, 0
122015, 2057834, 1, 0, 0
123010, 2094167, 1, 0, 0
124021, 2030980, 1, 0, 0
125017, 2053223, 1, 0, 0
126013, 2120687, 1, 0, 0
127008, 2065637, 1, 0, 0
128015, 2035905, 1, 0, 0
129015, 2062924, 1, 0, 0
130008, 2060787, 1, 0, 0
131016, 2113935, 1, 0, 0
132013, 2096449, 1, 0, 0
133008, 2036415, 1, 0, 0
134019, 2066841, 1, 0, 0
135012, 2036479, 1, 0, 0
136011, 2100006, 1, 0, 0
137017, 2095127, 1, 0, 0
138010, 2058025, 1, 0, 0
139020, 2133160, 1, 0, 0
140014, 2168498, 1, 0, 0
141000, 2135642, 1, 0, 0
142016, 2103175, 1, 0, 0
143000, 2096793, 1, 0, 0
144012, 2025096, 1, 0, 0
145014, 2102528, 1, 0, 0
146022, 2010772, 1, 0, 0
147016, 2103692, 1, 0, 0
148013, 2091015, 1, 0, 0
149016, 2063929, 1, 0, 0
150009, 2092152, 1, 0, 0
151009, 2109490, 1, 0, 0
152013, 2055148, 1, 0, 0
153008, 2020485, 1, 0, 0
154014, 2145589, 1, 0, 0
155018, 2101347, 1, 0, 0
156014, 2101030, 1, 0, 0
157015, 2072225, 1, 0, 0
158002, 2087863, 1, 0, 0
159015, 2083208, 1, 0, 0
160010, 2038061, 1, 0, 0
161000, 2091016, 1, 0, 0
162015, 2123041, 1, 0, 0
163009, 2107912, 1, 0, 0
164013, 2073062, 1, 0, 0
165013, 2100896, 1, 0, 0
166022, 2103879, 1, 0, 0
167012, 2098978, 1, 0, 0
168009, 2039476, 1, 0, 0
169014, 2127177, 1, 0, 0
170013, 2064568, 1, 0, 0
171009, 2083190, 1, 0, 0
172019, 2055503, 1, 0, 0
173012, 2103573, 1, 0, 0
174009, 2138346, 1, 0, 0
175019, 2136370, 1, 0, 0
176014, 2075952, 1, 0, 0
177023, 2158171, 1, 0, 0
178016, 2078213, 1, 0, 0
179009, 2037250, 1, 0, 0
180018, 2119390, 1, 0, 0
180019, 23891681, 1, 0, 0
