1008, 2034, 1, 0, 0
2000, 2224, 1, 0, 0
3004, 2017, 1, 0, 0
4006, 2079, 1, 0, 0
5000, 1995, 1, 0, 0
6006, 2081, 1, 0, 0
7005, 2069, 1, 0, 0
8000, 2009, 1, 0, 0
9008, 2020, 1, 0, 0
10002, 1994, 1, 0, 0
11011, 2065, 1, 0, 0
12005, 2049, 1, 0, 0
13014, 2030, 1, 0, 0
14005, 2053, 1, 0, 0
15004, 2076, 1, 0, 0
16006, 2082, 1, 0, 0
17008, 2026, 1, 0, 0
18003, 2077, 1, 0, 0
19014, 1999, 1, 0, 0
20007, 2040, 1, 0, 0
21000, 2056, 1, 0, 0
22004, 2013, 1, 0, 0
23007, 2073, 1, 0, 0
24000, 1996, 1, 0, 0
25012, 2059, 1, 0, 0
26008, 2065, 1, 0, 0
27002, 2033, 1, 0, 0
28006, 1880, 1, 0, 0
29000, 1929, 1, 0, 0
30006, 2032, 1, 0, 0
31002, 1950, 1, 0, 0
32003, 1969, 1, 0, 0
33006, 2025, 1, 0, 0
34000, 1958, 1, 0, 0
35012, 2094, 1, 0, 0
36000, 2037, 1, 0, 0
37002, 2113, 1, 0, 0
38006, 2195, 1, 0, 0
39000, 2011, 1, 0, 0
40010, 1989, 1, 0, 0
41007, 2093, 1, 0, 0
42001, 2115, 1, 0, 0
43001, 2056, 1, 0, 0
44006, 2055, 1, 0, 0
45003, 2034, 1, 0, 0
46006, 2050, 1, 0, 0
47000, 1987, 1, 0, 0
48003, 2128, 1, 0, 0
49008, 2091, 1, 0, 0
50007, 2009, 1, 0, 0
51000, 2006, 1, 0, 0
52008, 2053, 1, 0, 0
53004, 2008, 1, 0, 0
54007, 1944, 1, 0, 0
55008, 1996, 1, 0, 0
56003, 2045, 1, 0, 0
57000, 1966, 1, 0, 0
58009, 1991, 1, 0, 0
59005, 1980, 1, 0, 0
60000, 2009, 1, 0, 0
61010, 1950, 1, 0, 0
62004, 2075, 1, 0, 0
63014, 1920, 1, 0, 0
64001, 1996, 1, 0, 0
65003, 2098, 1, 0, 0
66014, 2076, 1, 0, 0
67009, 2086, 1, 0, 0
68000, 2133, 1, 0, 0
69004, 2033, 1, 0, 0
70006, 2158, 1, 0, 0
71002, 2046, 1, 0, 0
72006, 1988, 1, 0, 0
73008, 2072, 1, 0, 0
74003, 1955, 1, 0, 0
75000, 2092, 1, 0, 0
76008, 2135, 1, 0, 0
77005, 2065, 1, 0, 0
78005, 2028, 1, 0, 0
79009, 2093, 1, 0, 0
80005, 2050, 1, 0, 0
81001, 2059, 1, 0, 0
82005, 2153, 1, 0, 0
83002, 2179, 1, 0, 0
84014, 2102, 1, 0, 0
85010, 2158, 1, 0, 0
86005, 2188, 1, 0, 0
87001, 2145, 1, 0, 0
88001, 2083, 1, 0, 0
89001, 2153, 1, 0, 0
90004, 2064, 1, 0, 0
91002, 2124, 1, 0, 0
92005, 2133, 1, 0, 0
93004, 2081, 1, 0, 0
94014, 2064, 1, 0, 0
95006, 2228, 1, 0, 0
96001, 2170, 1, 0, 0
97009, 2154, 1, 0, 0
98005, 2154, 1, 0, 0
99005, 2055, 1, 0, 0
100007, 2183, 1, 0, 0
101002, 1979, 1, 0, 0
102007, 2055, 1, 0, 0
103002, 2026, 1, 0, 0
104002, 2064, 1, 0, 0
105004, 2128, 1, 0, 0
106008, 2089, 1, 0, 0
107001, 2063, 1, 0, 0
108011, 1961, 1, 0, 0
109003, 2003, 1, 0, 0
110012, 2023, 1, 0, 0
111004, 2070, 1, 0, 0
112002, 2000, 1, 0, 0
113012, 2012, 1, 0, 0
114008, 1974, 1, 0, 0
115002, 2010, 1, 0, 0
116000, 2057, 1, 0, 0
117009, 2045, 1, 0, 0
118004, 2044, 1, 0, 0
119014, 2143, 1, 0, 0
120004, 2049, 1, 0, 0
121003, 2102, 1, 0, 0
122004, 2029, 1, 0, 0
123005, 2098, 1, 0, 0
124000, 2083, 1, 0, 0
125012, 2072, 1, 0, 0
126006, 2078, 1, 0, 0
127003, 2058, 1, 0, 0
128013, 2052, 1, 0, 0
129008, 2157, 1, 0, 0
130003, 2191, 1, 0, 0
131003, 2133, 1, 0, 0
132007, 2129, 1, 0, 0
133001, 2151, 1, 0, 0
134011, 2212, 1, 0, 0
135006, 2284, 1, 0, 0
136001, 2299, 1, 0, 0
137003, 2097, 1, 0, 0
138005, 2091, 1, 0, 0
139002, 2190, 1, 0, 0
140014, 2233, 1, 0, 0
141009, 2203, 1, 0, 0
142003, 2158, 1, 0, 0
143000, 2202, 1, 0, 0
144011, 2146, 1, 0, 0
145003, 2200, 1, 0, 0
146000, 2142, 1, 0, 0
147009, 2287, 1, 0, 0
148002, 2205, 1, 0, 0
149011, 2236, 1, 0, 0
150007, 2118, 1, 0, 0
151001, 2068, 1, 0, 0
152012, 1995, 1, 0, 0
153005, 2100, 1, 0, 0
154014, 2088, 1, 0, 0
155012, 2064, 1, 0, 0
156006, 2085, 1, 0, 0
157000, 2223, 1, 0, 0
158014, 2161, 1, 0, 0
159010, 2148, 1, 0, 0
160000, 2108, 1, 0, 0
161000, 2136, 1, 0, 0
162007, 2174, 1, 0, 0
163002, 2277, 1, 0, 0
164004, 2346, 1, 0, 0
165006, 2325, 1, 0, 0
166013, 2106, 1, 0, 0
167008, 2118, 1, 0, 0
168001, 2182, 1, 0, 0
169011, 2196, 1, 0, 0
170005, 2151, 1, 0, 0
171000, 2096, 1, 0, 0
172009, 2121, 1, 0, 0
173004, 2194, 1, 0, 0
174000, 2165, 1, 0, 0
175006, 2181, 1, 0, 0
176006, 2093, 1, 0, 0
177002, 2104, 1, 0, 0
178012, 2222, 1, 0, 0
179006, 2209, 1, 0, 0
180003, 2160, 1, 0, 0
