999, 1056, 0, 0, 0
1999, 956, 0, 0, 0
3000, 958, 0, 0, 0
4000, 958, 0, 0, 0
4999, 956, 0, 0, 0
6000, 951, 0, 0, 0
7000, 961, 0, 0, 0
7999, 959, 0, 0, 0
8999, 951, 0, 0, 0
10000, 954, 0, 0, 0
11000, 955, 0, 0, 0
12000, 961, 0, 0, 0
13000, 954, 0, 0, 0
13999, 956, 0, 0, 0
15000, 959, 0, 0, 0
16000, 953, 0, 0, 0
17000, 956, 0, 0, 0
18000, 958, 0, 0, 0
19000, 958, 0, 0, 0
20000, 954, 0, 0, 0
21000, 962, 0, 0, 0
21999, 953, 0, 0, 0
23000, 956, 0, 0, 0
23999, 955, 0, 0, 0
25000, 959, 0, 0, 0
25999, 956, 0, 0, 0
26999, 954, 0, 0, 0
27999, 952, 0, 0, 0
28999, 958, 0, 0, 0
30000, 959, 0, 0, 0
31000, 960, 0, 0, 0
32000, 960, 0, 0, 0
33000, 957, 0, 0, 0
34000, 960, 0, 0, 0
35000, 952, 0, 0, 0
35999, 957, 0, 0, 0
37000, 955, 0, 0, 0
38000, 956, 0, 0, 0
39000, 956, 0, 0, 0
39999, 955, 0, 0, 0
41000, 963, 0, 0, 0
41999, 954, 0, 0, 0
43000, 956, 0, 0, 0
44000, 958, 0, 0, 0
45000, 956, 0, 0, 0
45999, 958, 0, 0, 0
46999, 953, 0, 0, 0
47999, 958, 0, 0, 0
49000, 952, 0, 0, 0
50000, 959, 0, 0, 0
51000, 956, 0, 0, 0
52000, 955, 0, 0, 0
52999, 959, 0, 0, 0
54000, 962, 0, 0, 0
55000, 956, 0, 0, 0
55999, 954, 0, 0, 0
57000, 951, 0, 0, 0
58000, 962, 0, 0, 0
58999, 967, 0, 0, 0
59999, 950, 0, 0, 0
61000, 955, 0, 0, 0
62000, 955, 0, 0, 0
62999, 959, 0, 0, 0
64000, 954, 0, 0, 0
65000, 963, 0, 0, 0
66000, 954, 0, 0, 0
67000, 957, 0, 0, 0
68000, 960, 0, 0, 0
69000, 957, 0, 0, 0
70000, 958, 0, 0, 0
70999, 958, 0, 0, 0
71999, 950, 0, 0, 0
72999, 958, 0, 0, 0
73999, 951, 0, 0, 0
75000, 957, 0, 0, 0
76000, 956, 0, 0, 0
76999, 956, 0, 0, 0
77999, 956, 0, 0, 0
79000, 953, 0, 0, 0
79999, 959, 0, 0, 0
81000, 960, 0, 0, 0
81999, 957, 0, 0, 0
83000, 959, 0, 0, 0
84000, 954, 0, 0, 0
84999, 957, 0, 0, 0
86000, 963, 0, 0, 0
87000, 953, 0, 0, 0
88000, 961, 0, 0, 0
88999, 953, 0, 0, 0
90000, 956, 0, 0, 0
90999, 956, 0, 0, 0
91999, 957, 0, 0, 0
93000, 955, 0, 0, 0
94000, 960, 0, 0, 0
95000, 951, 0, 0, 0
96000, 953, 0, 0, 0
96999, 958, 0, 0, 0
98000, 954, 0, 0, 0
99000, 960, 0, 0, 0
100000, 958, 0, 0, 0
100999, 951, 0, 0, 0
102000, 958, 0, 0, 0
103000, 957, 0, 0, 0
103999, 956, 0, 0, 0
105000, 961, 0, 0, 0
105999, 957, 0, 0, 0
107000, 765, 0, 0, 0
107999, 1042, 0, 0, 0
109000, 950, 0, 0, 0
110000, 956, 0, 0, 0
110999, 952, 0, 0, 0
111999, 960, 0, 0, 0
112999, 959, 0, 0, 0
113999, 956, 0, 0, 0
115000, 951, 0, 0, 0
115999, 955, 0, 0, 0
117000, 942, 0, 0, 0
117999, 950, 0, 0, 0
118999, 962, 0, 0, 0
120000, 957, 0, 0, 0
120999, 953, 0, 0, 0
121999, 952, 0, 0, 0
123000, 963, 0, 0, 0
124000, 951, 0, 0, 0
124999, 960, 0, 0, 0
126000, 959, 0, 0, 0
126999, 949, 0, 0, 0
128000, 954, 0, 0, 0
128999, 957, 0, 0, 0
129999, 959, 0, 0, 0
131000, 959, 0, 0, 0
131999, 952, 0, 0, 0
133000, 957, 0, 0, 0
133999, 955, 0, 0, 0
135000, 948, 0, 0, 0
136000, 960, 0, 0, 0
136999, 962, 0, 0, 0
138000, 955, 0, 0, 0
139000, 952, 0, 0, 0
140000, 957, 0, 0, 0
141000, 958, 0, 0, 0
141999, 953, 0, 0, 0
143000, 951, 0, 0, 0
144000, 959, 0, 0, 0
144999, 958, 0, 0, 0
145999, 950, 0, 0, 0
146999, 956, 0, 0, 0
147999, 955, 0, 0, 0
149000, 959, 0, 0, 0
150000, 958, 0, 0, 0
150999, 954, 0, 0, 0
151999, 956, 0, 0, 0
153000, 956, 0, 0, 0
154000, 959, 0, 0, 0
155000, 957, 0, 0, 0
155999, 946, 0, 0, 0
157000, 964, 0, 0, 0
157999, 953, 0, 0, 0
158999, 961, 0, 0, 0
160000, 955, 0, 0, 0
160999, 956, 0, 0, 0
162000, 962, 0, 0, 0
162999, 959, 0, 0, 0
164000, 951, 0, 0, 0
164999, 953, 0, 0, 0
166000, 960, 0, 0, 0
166999, 956, 0, 0, 0
168000, 956, 0, 0, 0
169000, 955, 0, 0, 0
170000, 957, 0, 0, 0
171000, 956, 0, 0, 0
171999, 961, 0, 0, 0
173000, 954, 0, 0, 0
174000, 953, 0, 0, 0
174999, 959, 0, 0, 0
175999, 956, 0, 0, 0
177000, 952, 0, 0, 0
177999, 957, 0, 0, 0
179000, 951, 0, 0, 0
180000, 962, 0, 0, 0
