1000, 1746, 0, 0, 0
2000, 1715, 0, 0, 0
3000, 1694, 0, 0, 0
4000, 1698, 0, 0, 0
5000, 1674, 0, 0, 0
6000, 1676, 0, 0, 0
7000, 1704, 0, 0, 0
8000, 1663, 0, 0, 0
9000, 1702, 0, 0, 0
10000, 1676, 0, 0, 0
11000, 1694, 0, 0, 0
12000, 1695, 0, 0, 0
13000, 1680, 0, 0, 0
14000, 1703, 0, 0, 0
15000, 1688, 0, 0, 0
16000, 1677, 0, 0, 0
17000, 1670, 0, 0, 0
18000, 1676, 0, 0, 0
19000, 1665, 0, 0, 0
20000, 1677, 0, 0, 0
21000, 1651, 0, 0, 0
22000, 1671, 0, 0, 0
23000, 1677, 0, 0, 0
24000, 1669, 0, 0, 0
25000, 1663, 0, 0, 0
26000, 1679, 0, 0, 0
27000, 1685, 0, 0, 0
28000, 1730, 0, 0, 0
29000, 1686, 0, 0, 0
30000, 1671, 0, 0, 0
31000, 1689, 0, 0, 0
32000, 1677, 0, 0, 0
33000, 1705, 0, 0, 0
34000, 1673, 0, 0, 0
35000, 1688, 0, 0, 0
36000, 1705, 0, 0, 0
37000, 1682, 0, 0, 0
38000, 1662, 0, 0, 0
39000, 1675, 0, 0, 0
40000, 1718, 0, 0, 0
41000, 1680, 0, 0, 0
42000, 1684, 0, 0, 0
43000, 1713, 0, 0, 0
44000, 1688, 0, 0, 0
45000, 1658, 0, 0, 0
46000, 1777, 0, 0, 0
47000, 1821, 0, 0, 0
48000, 1875, 0, 0, 0
49000, 1839, 0, 0, 0
50000, 1794, 0, 0, 0
51000, 1817, 0, 0, 0
52000, 1810, 0, 0, 0
53000, 1823, 0, 0, 0
54000, 1824, 0, 0, 0
55000, 1760, 0, 0, 0
56000, 1696, 0, 0, 0
57000, 1699, 0, 0, 0
58000, 1737, 0, 0, 0
59000, 1783, 0, 0, 0
60000, 1869, 0, 0, 0
61000, 1844, 0, 0, 0
62000, 1822, 0, 0, 0
63000, 1788, 0, 0, 0
64000, 1686, 0, 0, 0
65000, 1685, 0, 0, 0
66000, 1718, 0, 0, 0
67000, 1713, 0, 0, 0
68000, 1724, 0, 0, 0
69000, 1744, 0, 0, 0
70001, 1719, 0, 0, 0
71000, 1731, 0, 0, 0
72000, 1739, 0, 0, 0
73000, 1722, 0, 0, 0
74000, 1756, 0, 0, 0
75000, 1731, 0, 0, 0
76000, 1733, 0, 0, 0
77000, 1750, 0, 0, 0
78000, 1749, 0, 0, 0
79000, 1748, 0, 0, 0
80000, 1726, 0, 0, 0
81000, 1731, 0, 0, 0
82000, 1780, 0, 0, 0
83001, 1746, 0, 0, 0
84000, 1735, 0, 0, 0
85000, 1695, 0, 0, 0
86000, 1709, 0, 0, 0
87000, 1731, 0, 0, 0
88000, 1781, 0, 0, 0
89000, 1699, 0, 0, 0
90000, 1713, 0, 0, 0
91000, 1709, 0, 0, 0
92000, 1722, 0, 0, 0
93000, 1696, 0, 0, 0
94001, 1712, 0, 0, 0
95000, 1675, 0, 0, 0
96001, 1673, 0, 0, 0
97000, 1692, 0, 0, 0
98000, 1719, 0, 0, 0
99000, 1728, 0, 0, 0
100000, 1690, 0, 0, 0
101000, 1706, 0, 0, 0
102000, 1704, 0, 0, 0
103000, 1711, 0, 0, 0
104000, 1697, 0, 0, 0
105000, 1711, 0, 0, 0
106000, 1722, 0, 0, 0
107000, 1727, 0, 0, 0
108000, 1718, 0, 0, 0
109001, 1699, 0, 0, 0
110000, 1715, 0, 0, 0
111000, 1709, 0, 0, 0
112000, 1721, 0, 0, 0
113000, 1713, 0, 0, 0
114001, 1722, 0, 0, 0
115000, 1745, 0, 0, 0
116000, 1697, 0, 0, 0
117001, 1769, 0, 0, 0
118000, 1749, 0, 0, 0
119000, 1731, 0, 0, 0
120000, 1738, 0, 0, 0
121000, 1749, 0, 0, 0
122000, 1705, 0, 0, 0
123000, 1701, 0, 0, 0
124000, 1685, 0, 0, 0
125000, 1712, 0, 0, 0
126000, 1701, 0, 0, 0
127000, 1699, 0, 0, 0
128000, 1680, 0, 0, 0
129000, 1688, 0, 0, 0
130001, 1688, 0, 0, 0
131001, 1696, 0, 0, 0
132001, 1702, 0, 0, 0
133000, 1716, 0, 0, 0
134000, 1762, 0, 0, 0
135000, 1700, 0, 0, 0
136000, 1731, 0, 0, 0
137000, 1738, 0, 0, 0
138000, 1736, 0, 0, 0
139000, 1703, 0, 0, 0
140000, 1651, 0, 0, 0
141000, 1703, 0, 0, 0
142000, 1701, 0, 0, 0
143000, 1738, 0, 0, 0
144000, 1785, 0, 0, 0
145001, 1710, 0, 0, 0
146000, 1699, 0, 0, 0
147000, 1707, 0, 0, 0
148000, 1783, 0, 0, 0
149000, 1730, 0, 0, 0
150000, 1703, 0, 0, 0
151001, 1724, 0, 0, 0
152000, 1695, 0, 0, 0
153000, 1720, 0, 0, 0
154000, 1711, 0, 0, 0
155000, 1699, 0, 0, 0
156000, 1698, 0, 0, 0
157000, 1691, 0, 0, 0
158000, 1637, 0, 0, 0
159000, 1633, 0, 0, 0
160000, 1627, 0, 0, 0
161000, 1677, 0, 0, 0
162000, 1682, 0, 0, 0
163000, 1681, 0, 0, 0
164000, 1726, 0, 0, 0
165000, 1684, 0, 0, 0
166000, 1695, 0, 0, 0
167001, 1661, 0, 0, 0
168001, 1665, 0, 0, 0
169000, 1650, 0, 0, 0
170000, 1743, 0, 0, 0
171001, 1726, 0, 0, 0
172000, 1657, 0, 0, 0
173000, 1660, 0, 0, 0
174000, 1648, 0, 0, 0
175001, 1650, 0, 0, 0
176000, 1626, 0, 0, 0
177000, 1615, 0, 0, 0
178000, 1709, 0, 0, 0
179000, 1646, 0, 0, 0
180002, 1651, 0, 0, 0
