1016, 114617, 1, 0, 0
2001, 132644, 1, 0, 0
3020, 202555, 1, 0, 0
4031, 163142, 1, 0, 0
5000, 652605, 1, 0, 0
6021, 798411, 1, 0, 0
7018, 599379, 1, 0, 0
8032, 700950, 1, 0, 0
9026, 758641, 1, 0, 0
10023, 544719, 1, 0, 0
11019, 315270, 1, 0, 0
12021, 181043, 1, 0, 0
13001, 276977, 1, 0, 0
14024, 210833, 1, 0, 0
15018, 83661, 1, 0, 0
16000, 9781, 1, 0, 0
17002, 20153, 1, 0, 0
18017, 14136, 1, 0, 0
19000, 15049, 1, 0, 0
20000, 6705, 1, 0, 0
21017, 3612, 1, 0, 0
22000, 25107, 1, 0, 0
23024, 9711, 1, 0, 0
24020, 5559, 1, 0, 0
25022, 7400, 1, 0, 0
26001, 10742, 1, 0, 0
27000, 21064, 1, 0, 0
28017, 14536, 1, 0, 0
29027, 60529, 1, 0, 0
30023, 521927, 1, 0, 0
31017, 522250, 1, 0, 0
32028, 279927, 1, 0, 0
33017, 17048, 1, 0, 0
34018, 99634, 1, 0, 0
35029, 24215, 1, 0, 0
36001, 26388, 1, 0, 0
37022, 127741, 1, 0, 0
38031, 126638, 1, 0, 0
39021, 69038, 1, 0, 0
40000, 204314, 1, 0, 0
41019, 73213, 1, 0, 0
42000, 108607, 1, 0, 0
43022, 11571, 1, 0, 0
44024, 19296, 1, 0, 0
45002, 45636, 1, 0, 0
46020, 7699, 1, 0, 0
47029, 2433, 1, 0, 0
48001, 3395, 1, 0, 0
49017, 2353, 1, 0, 0
50030, 2705, 1, 0, 0
51031, 2491, 1, 0, 0
52001, 57374, 1, 0, 0
53020, 60419, 1, 0, 0
54015, 32619, 1, 0, 0
55025, 30580, 1, 0, 0
56022, 23197, 1, 0, 0
57016, 28394, 1, 0, 0
58023, 7980, 1, 0, 0
59017, 13664, 1, 0, 0
60028, 2481, 1, 0, 0
61000, 32559, 1, 0, 0
62017, 2530, 1, 0, 0
63029, 64887, 1, 0, 0
64002, 2478, 1, 0, 0
65016, 2433, 1, 0, 0
66001, 2440, 1, 0, 0
67022, 9006, 1, 0, 0
68018, 6430, 1, 0, 0
69019, 2426, 1, 0, 0
70025, 2514, 1, 0, 0
71020, 26505, 1, 0, 0
72017, 38122, 1, 0, 0
73016, 14692, 1, 0, 0
74024, 48250, 1, 0, 0
75018, 3979, 1, 0, 0
76000, 2478, 1, 0, 0
77015, 44082, 1, 0, 0
78015, 8698, 1, 0, 0
79025, 2465, 1, 0, 0
80019, 2462, 1, 0, 0
81025, 4993, 1, 0, 0
82002, 7779, 1, 0, 0
83000, 8089, 1, 0, 0
84021, 58363, 1, 0, 0
85000, 61320, 1, 0, 0
86005, 84729, 1, 0, 0
87004, 18787, 1, 0, 0
88000, 7969, 1, 0, 0
89017, 2399, 1, 0, 0
90000, 2295, 1, 0, 0
91021, 2323, 1, 0, 0
92017, 2460, 1, 0, 0
93000, 2382, 1, 0, 0
94023, 2324, 1, 0, 0
95017, 2356, 1, 0, 0
96018, 43112, 1, 0, 0
97002, 29051, 1, 0, 0
98022, 8937, 1, 0, 0
99000, 11410, 1, 0, 0
100001, 2212, 1, 0, 0
101014, 89125, 1, 0, 0
102028, 44232, 1, 0, 0
103023, 66448, 1, 0, 0
104019, 7244, 1, 0, 0
105016, 22326, 1, 0, 0
106024, 9763, 1, 0, 0
107020, 48972, 1, 0, 0
108014, 8566, 1, 0, 0
109027, 9190, 1, 0, 0
110021, 10304, 1, 0, 0
111016, 4327, 1, 0, 0
112023, 2367, 1, 0, 0
113015, 8547, 1, 0, 0
114026, 2352, 1, 0, 0
115021, 20131, 1, 0, 0
116016, 6646, 1, 0, 0
117000, 11945, 1, 0, 0
118018, 19603, 1, 0, 0
119019, 11533, 1, 0, 0
120015, 2267, 1, 0, 0
121016, 2310, 1, 0, 0
122023, 2412, 1, 0, 0
123016, 2305, 1, 0, 0
124025, 12095, 1, 0, 0
125021, 2307, 1, 0, 0
126015, 2287, 1, 0, 0
127021, 2343, 1, 0, 0
128028, 6907, 1, 0, 0
129000, 2274, 1, 0, 0
130018, 2331, 1, 0, 0
131015, 2369, 1, 0, 0
132001, 2349, 1, 0, 0
133001, 5428, 1, 0, 0
134015, 5159, 1, 0, 0
135000, 6332, 1, 0, 0
136022, 10320, 1, 0, 0
137020, 3983, 1, 0, 0
138029, 2350, 1, 0, 0
139004, 39934, 1, 0, 0
140019, 4275, 1, 0, 0
141017, 2299, 1, 0, 0
142022, 40520, 1, 0, 0
143017, 52883, 1, 0, 0
144028, 2310, 1, 0, 0
145000, 2425, 1, 0, 0
146013, 10084, 1, 0, 0
147015, 2836, 1, 0, 0
148000, 4627, 1, 0, 0
149016, 2235, 1, 0, 0
150018, 23040, 1, 0, 0
151022, 43455, 1, 0, 0
152020, 2367, 1, 0, 0
153015, 41271, 1, 0, 0
154020, 56738, 1, 0, 0
155001, 4354, 1, 0, 0
156028, 2276, 1, 0, 0
157003, 2350, 1, 0, 0
158001, 2363, 1, 0, 0
159019, 9185, 1, 0, 0
160021, 5270, 1, 0, 0
161016, 41169, 1, 0, 0
162000, 2247, 1, 0, 0
163008, 8142, 1, 0, 0
164017, 5569, 1, 0, 0
165028, 3624, 1, 0, 0
166000, 10764, 1, 0, 0
167001, 4611, 1, 0, 0
168015, 3345, 1, 0, 0
169018, 45457, 1, 0, 0
170019, 7389, 1, 0, 0
171029, 2223, 1, 0, 0
172022, 55676, 1, 0, 0
173018, 4816, 1, 0, 0
174029, 2351, 1, 0, 0
175023, 2229, 1, 0, 0
176018, 3989, 1, 0, 0
177014, 2325, 1, 0, 0
178003, 28685, 1, 0, 0
179023, 57302, 1, 0, 0
180078, 40871, 1, 0, 0
