1006, 3878116, 1, 0, 0
2000, 4314967, 1, 0, 0
3000, 4148244, 1, 0, 0
4001, 4057051, 1, 0, 0
5001, 4190649, 1, 0, 0
6000, 4373768, 1, 0, 0
7000, 4189602, 1, 0, 0
8001, 4172747, 1, 0, 0
9000, 4333323, 1, 0, 0
10000, 4144863, 1, 0, 0
11002, 4366258, 1, 0, 0
12001, 4312757, 1, 0, 0
13000, 4024579, 1, 0, 0
14000, 4347910, 1, 0, 0
15000, 4013028, 1, 0, 0
16000, 4278331, 1, 0, 0
17000, 3991601, 1, 0, 0
18000, 4465235, 1, 0, 0
19000, 4377123, 1, 0, 0
20000, 4030012, 1, 0, 0
21000, 4192215, 1, 0, 0
22000, 4060742, 1, 0, 0
23000, 4315044, 1, 0, 0
24001, 4242658, 1, 0, 0
25000, 4042344, 1, 0, 0
26000, 4259486, 1, 0, 0
27000, 4201412, 1, 0, 0
28000, 4094166, 1, 0, 0
29002, 4299736, 1, 0, 0
30003, 4290152, 1, 0, 0
31000, 3991608, 1, 0, 0
32000, 4168199, 1, 0, 0
33002, 4016469, 1, 0, 0
34000, 4161137, 1, 0, 0
35000, 4105034, 1, 0, 0
36000, 4270270, 1, 0, 0
37000, 4222132, 1, 0, 0
38000, 4066366, 1, 0, 0
39000, 3994781, 1, 0, 0
40000, 4325430, 1, 0, 0
41001, 4061246, 1, 0, 0
42000, 4061344, 1, 0, 0
43000, 4210500, 1, 0, 0
44000, 4200657, 1, 0, 0
45000, 4302247, 1, 0, 0
46000, 4401567, 1, 0, 0
47003, 4069251, 1, 0, 0
48000, 4154823, 1, 0, 0
49000, 4180960, 1, 0, 0
50003, 4279918, 1, 0, 0
51000, 4145607, 1, 0, 0
52000, 4190080, 1, 0, 0
53001, 4033303, 1, 0, 0
54003, 4109436, 1, 0, 0
55000, 4198557, 1, 0, 0
56000, 4299880, 1, 0, 0
57000, 4151752, 1, 0, 0
58000, 4191741, 1, 0, 0
59000, 4207405, 1, 0, 0
60001, 4248709, 1, 0, 0
61000, 4235852, 1, 0, 0
62000, 4274697, 1, 0, 0
63000, 4054460, 1, 0, 0
64000, 4056519, 1, 0, 0
65001, 4143884, 1, 0, 0
66000, 4267754, 1, 0, 0
67000, 4186172, 1, 0, 0
68000, 4320041, 1, 0, 0
69000, 4198832, 1, 0, 0
70000, 4353797, 1, 0, 0
71000, 4222114, 1, 0, 0
72000, 4059373, 1, 0, 0
73003, 4156236, 1, 0, 0
74000, 4153967, 1, 0, 0
75000, 4156447, 1, 0, 0
76001, 4383050, 1, 0, 0
77000, 3971870, 1, 0, 0
78000, 4173012, 1, 0, 0
79000, 4171829, 1, 0, 0
80000, 3981525, 1, 0, 0
81000, 4451869, 1, 0, 0
82000, 4172068, 1, 0, 0
83001, 4113689, 1, 0, 0
84001, 4129987, 1, 0, 0
85000, 4302723, 1, 0, 0
86000, 4127178, 1, 0, 0
87000, 4200386, 1, 0, 0
88004, 4119636, 1, 0, 0
89001, 4220551, 1, 0, 0
90000, 4203619, 1, 0, 0
91000, 4347272, 1, 0, 0
92000, 4095122, 1, 0, 0
93000, 3958882, 1, 0, 0
94000, 4161492, 1, 0, 0
95000, 4154723, 1, 0, 0
96000, 4561825, 1, 0, 0
97000, 4082606, 1, 0, 0
98000, 4101969, 1, 0, 0
99000, 4135884, 1, 0, 0
100000, 4198935, 1, 0, 0
101000, 4049716, 1, 0, 0
102003, 4053824, 1, 0, 0
103000, 4158846, 1, 0, 0
104002, 4186517, 1, 0, 0
105002, 4329264, 1, 0, 0
106000, 4237199, 1, 0, 0
107000, 4242007, 1, 0, 0
108000, 4164472, 1, 0, 0
109001, 4039661, 1, 0, 0
110000, 4075703, 1, 0, 0
111000, 5521907, 1, 0, 0
112000, 4111603, 1, 0, 0
113079, 4624625, 1, 0, 0
114004, 3983239, 1, 0, 0
115000, 3993996, 1, 0, 0
116000, 4266934, 1, 0, 0
117001, 4230616, 1, 0, 0
118002, 4109113, 1, 0, 0
119000, 4120585, 1, 0, 0
120000, 4374882, 1, 0, 0
121004, 4039468, 1, 0, 0
122000, 4264781, 1, 0, 0
123000, 4341133, 1, 0, 0
124000, 4078394, 1, 0, 0
125001, 4395965, 1, 0, 0
126000, 4154469, 1, 0, 0
127000, 4103645, 1, 0, 0
128000, 4053719, 1, 0, 0
129000, 4257182, 1, 0, 0
130001, 4072388, 1, 0, 0
131004, 4124856, 1, 0, 0
132000, 4173634, 1, 0, 0
133000, 4125046, 1, 0, 0
134005, 4287447, 1, 0, 0
135000, 4258202, 1, 0, 0
136000, 4242860, 1, 0, 0
137000, 4105876, 1, 0, 0
138000, 4145355, 1, 0, 0
139000, 4157571, 1, 0, 0
140000, 4152308, 1, 0, 0
141000, 4137685, 1, 0, 0
142000, 4037824, 1, 0, 0
143000, 4261802, 1, 0, 0
144000, 3942846, 1, 0, 0
145000, 4180280, 1, 0, 0
146000, 4472801, 1, 0, 0
147000, 4304789, 1, 0, 0
148000, 4047487, 1, 0, 0
149002, 4390458, 1, 0, 0
150000, 4274853, 1, 0, 0
151000, 4335235, 1, 0, 0
152001, 4291898, 1, 0, 0
153000, 4166826, 1, 0, 0
154000, 4107256, 1, 0, 0
155000, 4345123, 1, 0, 0
156000, 4261819, 1, 0, 0
157002, 4253559, 1, 0, 0
158000, 4297082, 1, 0, 0
159000, 4298821, 1, 0, 0
160000, 4184904, 1, 0, 0
161001, 4168567, 1, 0, 0
162001, 4355852, 1, 0, 0
163000, 4044270, 1, 0, 0
164000, 4172295, 1, 0, 0
165001, 4443538, 1, 0, 0
166000, 4232649, 1, 0, 0
167001, 4114354, 1, 0, 0
168000, 4192609, 1, 0, 0
169000, 4192456, 1, 0, 0
170000, 4197228, 1, 0, 0
171000, 4400352, 1, 0, 0
172003, 4107466, 1, 0, 0
173000, 4220280, 1, 0, 0
174000, 4171511, 1, 0, 0
175003, 4167263, 1, 0, 0
176000, 4411224, 1, 0, 0
177000, 4203933, 1, 0, 0
178001, 4044462, 1, 0, 0
179000, 4167604, 1, 0, 0
180000, 3932829, 1, 0, 0
180000, 2045821, 1, 0, 0
