1000, 1061, 1, 0, 0
2000, 953, 1, 0, 0
3000, 914, 1, 0, 0
4000, 960, 1, 0, 0
5000, 949, 1, 0, 0
6000, 955, 1, 0, 0
7000, 973, 1, 0, 0
8000, 963, 1, 0, 0
9000, 928, 1, 0, 0
10000, 964, 1, 0, 0
11000, 985, 1, 0, 0
12001, 971, 1, 0, 0
13000, 974, 1, 0, 0
14000, 943, 1, 0, 0
15000, 977, 1, 0, 0
15999, 962, 1, 0, 0
17000, 955, 1, 0, 0
18000, 958, 1, 0, 0
19000, 928, 1, 0, 0
20000, 965, 1, 0, 0
21000, 945, 1, 0, 0
22000, 963, 1, 0, 0
23000, 950, 1, 0, 0
24000, 942, 1, 0, 0
25000, 960, 1, 0, 0
26000, 939, 1, 0, 0
27000, 974, 1, 0, 0
28000, 983, 1, 0, 0
29000, 978, 1, 0, 0
30000, 967, 1, 0, 0
31000, 928, 1, 0, 0
32000, 970, 1, 0, 0
32999, 974, 1, 0, 0
34000, 955, 1, 0, 0
35000, 939, 1, 0, 0
36000, 952, 1, 0, 0
37000, 949, 1, 0, 0
38000, 936, 1, 0, 0
39000, 938, 1, 0, 0
40000, 963, 1, 0, 0
41000, 941, 1, 0, 0
42000, 940, 1, 0, 0
43000, 938, 1, 0, 0
44000, 941, 1, 0, 0
45000, 957, 1, 0, 0
46000, 933, 1, 0, 0
47000, 943, 1, 0, 0
48000, 939, 1, 0, 0
49000, 938, 1, 0, 0
50000, 975, 1, 0, 0
51000, 966, 1, 0, 0
52000, 938, 1, 0, 0
53000, 964, 1, 0, 0
54000, 948, 1, 0, 0
55000, 973, 1, 0, 0
56000, 987, 1, 0, 0
57000, 949, 1, 0, 0
57999, 947, 1, 0, 0
59000, 952, 1, 0, 0
60000, 960, 1, 0, 0
61000, 942, 1, 0, 0
62000, 972, 1, 0, 0
63000, 948, 1, 0, 0
64000, 945, 1, 0, 0
65000, 979, 1, 0, 0
66000, 975, 1, 0, 0
67000, 985, 1, 0, 0
68000, 957, 1, 0, 0
69000, 970, 1, 0, 0
70000, 950, 1, 0, 0
71000, 946, 1, 0, 0
72000, 940, 1, 0, 0
73000, 964, 1, 0, 0
74000, 946, 1, 0, 0
75000, 962, 1, 0, 0
76000, 965, 1, 0, 0
77000, 944, 1, 0, 0
78000, 947, 1, 0, 0
79000, 943, 1, 0, 0
80000, 969, 1, 0, 0
81000, 964, 1, 0, 0
82000, 968, 1, 0, 0
83000, 954, 1, 0, 0
84000, 944, 1, 0, 0
85000, 917, 1, 0, 0
86000, 968, 1, 0, 0
87000, 956, 1, 0, 0
88000, 959, 1, 0, 0
89000, 937, 1, 0, 0
90000, 940, 1, 0, 0
90999, 955, 1, 0, 0
92000, 990, 1, 0, 0
93000, 973, 1, 0, 0
94000, 943, 1, 0, 0
95000, 957, 1, 0, 0
96000, 940, 1, 0, 0
97000, 950, 1, 0, 0
98000, 965, 1, 0, 0
99001, 959, 1, 0, 0
100000, 924, 1, 0, 0
101000, 962, 1, 0, 0
102000, 968, 1, 0, 0
103000, 943, 1, 0, 0
103999, 932, 1, 0, 0
105000, 939, 1, 0, 0
106000, 991, 1, 0, 0
107000, 959, 1, 0, 0
108000, 928, 1, 0, 0
109000, 954, 1, 0, 0
110000, 963, 1, 0, 0
111000, 986, 1, 0, 0
112000, 951, 1, 0, 0
113000, 962, 1, 0, 0
114000, 957, 1, 0, 0
115000, 968, 1, 0, 0
116000, 940, 1, 0, 0
117000, 960, 1, 0, 0
118001, 962, 1, 0, 0
119000, 939, 1, 0, 0
120000, 933, 1, 0, 0
121000, 927, 1, 0, 0
122000, 961, 1, 0, 0
123000, 961, 1, 0, 0
124000, 960, 1, 0, 0
125000, 940, 1, 0, 0
126000, 956, 1, 0, 0
127000, 960, 1, 0, 0
128000, 944, 1, 0, 0
129000, 931, 1, 0, 0
130000, 941, 1, 0, 0
131000, 953, 1, 0, 0
132000, 957, 1, 0, 0
133000, 940, 1, 0, 0
134000, 956, 1, 0, 0
135000, 969, 1, 0, 0
136000, 955, 1, 0, 0
137000, 949, 1, 0, 0
138000, 955, 1, 0, 0
139000, 950, 1, 0, 0
140000, 976, 1, 0, 0
141000, 969, 1, 0, 0
142000, 946, 1, 0, 0
143000, 970, 1, 0, 0
144000, 962, 1, 0, 0
145000, 948, 1, 0, 0
146000, 981, 1, 0, 0
147000, 965, 1, 0, 0
148000, 959, 1, 0, 0
149000, 961, 1, 0, 0
150000, 988, 1, 0, 0
151000, 964, 1, 0, 0
152000, 972, 1, 0, 0
153000, 974, 1, 0, 0
154000, 984, 1, 0, 0
155000, 951, 1, 0, 0
156000, 984, 1, 0, 0
157000, 987, 1, 0, 0
158000, 948, 1, 0, 0
159000, 969, 1, 0, 0
160000, 976, 1, 0, 0
161000, 955, 1, 0, 0
162000, 958, 1, 0, 0
163000, 959, 1, 0, 0
164001, 972, 1, 0, 0
165000, 937, 1, 0, 0
166000, 988, 1, 0, 0
167000, 969, 1, 0, 0
168000, 944, 1, 0, 0
169000, 960, 1, 0, 0
170000, 978, 1, 0, 0
171000, 934, 1, 0, 0
172000, 972, 1, 0, 0
173000, 931, 1, 0, 0
174000, 956, 1, 0, 0
175000, 973, 1, 0, 0
176000, 940, 1, 0, 0
177000, 953, 1, 0, 0
178000, 967, 1, 0, 0
179000, 973, 1, 0, 0
180000, 959, 1, 0, 0
