1015, 2039, 1, 0, 0
2000, 2058, 1, 0, 0
3002, 2011, 1, 0, 0
4005, 2116, 1, 0, 0
5005, 1884, 1, 0, 0
6000, 2116, 1, 0, 0
7008, 2306, 1, 0, 0
8004, 2201, 1, 0, 0
9012, 2129, 1, 0, 0
10004, 1978, 1, 0, 0
11000, 2232, 1, 0, 0
12001, 2145, 1, 0, 0
13003, 2218, 1, 0, 0
14000, 2102, 1, 0, 0
15002, 2030, 1, 0, 0
16000, 1974, 1, 0, 0
17000, 2202, 1, 0, 0
18002, 1958, 1, 0, 0
19002, 2013, 1, 0, 0
20013, 1983, 1, 0, 0
21006, 2284, 1, 0, 0
22000, 2246, 1, 0, 0
23004, 2239, 1, 0, 0
24001, 2240, 1, 0, 0
25002, 2103, 1, 0, 0
26006, 2029, 1, 0, 0
27000, 2249, 1, 0, 0
28000, 2333, 1, 0, 0
29010, 2218, 1, 0, 0
30005, 2445, 1, 0, 0
31000, 2557, 1, 0, 0
32008, 2212, 1, 0, 0
33000, 2230, 1, 0, 0
34011, 2105, 1, 0, 0
35002, 2200, 1, 0, 0
36000, 2227, 1, 0, 0
37006, 2305, 1, 0, 0
38006, 2122, 1, 0, 0
39000, 2090, 1, 0, 0
40000, 2174, 1, 0, 0
41006, 1976, 1, 0, 0
42002, 2217, 1, 0, 0
43003, 2152, 1, 0, 0
44006, 1891, 1, 0, 0
45000, 2026, 1, 0, 0
46001, 1955, 1, 0, 0
47000, 2074, 1, 0, 0
48009, 2133, 1, 0, 0
49003, 2168, 1, 0, 0
50013, 2181, 1, 0, 0
51007, 1997, 1, 0, 0
52003, 2191, 1, 0, 0
53001, 2608, 1, 0, 0
54000, 2318, 1, 0, 0
55009, 2180, 1, 0, 0
56006, 2070, 1, 0, 0
57000, 2178, 1, 0, 0
58011, 2081, 1, 0, 0
59006, 2100, 1, 0, 0
60001, 1896, 1, 0, 0
61004, 1867, 1, 0, 0
62007, 2033, 1, 0, 0
63000, 2065, 1, 0, 0
64004, 2145, 1, 0, 0
65002, 2195, 1, 0, 0
66000, 2039, 1, 0, 0
67012, 2078, 1, 0, 0
68000, 2175, 1, 0, 0
69006, 2080, 1, 0, 0
70000, 2196, 1, 0, 0
71002, 2137, 1, 0, 0
72006, 2263, 1, 0, 0
73000, 2304, 1, 0, 0
74008, 2320, 1, 0, 0
75001, 2375, 1, 0, 0
76011, 2105, 1, 0, 0
77005, 2084, 1, 0, 0
78002, 2056, 1, 0, 0
79007, 2202, 1, 0, 0
80000, 2203, 1, 0, 0
81011, 2228, 1, 0, 0
82007, 2033, 1, 0, 0
83001, 2216, 1, 0, 0
84011, 2122, 1, 0, 0
85006, 2069, 1, 0, 0
86000, 2010, 1, 0, 0
87005, 2064, 1, 0, 0
88002, 2154, 1, 0, 0
89012, 2105, 1, 0, 0
90005, 2408, 1, 0, 0
91005, 2306, 1, 0, 0
92000, 2235, 1, 0, 0
93007, 2223, 1, 0, 0
94001, 2297, 1, 0, 0
95006, 2379, 1, 0, 0
96000, 2181, 1, 0, 0
97013, 2177, 1, 0, 0
98008, 2277, 1, 0, 0
99005, 2072, 1, 0, 0
100000, 1945, 1, 0, 0
101000, 1936, 1, 0, 0
102000, 2138, 1, 0, 0
103003, 2053, 1, 0, 0
104000, 1973, 1, 0, 0
105009, 2002, 1, 0, 0
106006, 2079, 1, 0, 0
107002, 2160, 1, 0, 0
108008, 2136, 1, 0, 0
109002, 2194, 1, 0, 0
110012, 2093, 1, 0, 0
111000, 2229, 1, 0, 0
112001, 2251, 1, 0, 0
113005, 2090, 1, 0, 0
114007, 2217, 1, 0, 0
115001, 2171, 1, 0, 0
116004, 2200, 1, 0, 0
117003, 2313, 1, 0, 0
118013, 1995, 1, 0, 0
119002, 2139, 1, 0, 0
120002, 2158, 1, 0, 0
121008, 1975, 1, 0, 0
122005, 1815, 1, 0, 0
123000, 2201, 1, 0, 0
124007, 2151, 1, 0, 0
125003, 2094, 1, 0, 0
126000, 2056, 1, 0, 0
127010, 2102, 1, 0, 0
128000, 2123, 1, 0, 0
129000, 2031, 1, 0, 0
130010, 1951, 1, 0, 0
131003, 2057, 1, 0, 0
132016, 2045, 1, 0, 0
133006, 2052, 1, 0, 0
134000, 2086, 1, 0, 0
135000, 2059, 1, 0, 0
136005, 2014, 1, 0, 0
137012, 2077, 1, 0, 0
138000, 2039, 1, 0, 0
139003, 1973, 1, 0, 0
140001, 2034, 1, 0, 0
141009, 2056, 1, 0, 0
142003, 2090, 1, 0, 0
143000, 2172, 1, 0, 0
144004, 2222, 1, 0, 0
145000, 2203, 1, 0, 0
146001, 2232, 1, 0, 0
147002, 2174, 1, 0, 0
148007, 2113, 1, 0, 0
149000, 2152, 1, 0, 0
150001, 2066, 1, 0, 0
151011, 2090, 1, 0, 0
152000, 1955, 1, 0, 0
153001, 1943, 1, 0, 0
154004, 2147, 1, 0, 0
155009, 2005, 1, 0, 0
156003, 1956, 1, 0, 0
157013, 1931, 1, 0, 0
158008, 2126, 1, 0, 0
159000, 2093, 1, 0, 0
160000, 2132, 1, 0, 0
161006, 2099, 1, 0, 0
162005, 2204, 1, 0, 0
163001, 2258, 1, 0, 0
164002, 2232, 1, 0, 0
165004, 2152, 1, 0, 0
166001, 2392, 1, 0, 0
167001, 2189, 1, 0, 0
168001, 2302, 1, 0, 0
169000, 2281, 1, 0, 0
170002, 2232, 1, 0, 0
171000, 2211, 1, 0, 0
172002, 2074, 1, 0, 0
173000, 2122, 1, 0, 0
174002, 2233, 1, 0, 0
175000, 2133, 1, 0, 0
176007, 2109, 1, 0, 0
177002, 2104, 1, 0, 0
178000, 2025, 1, 0, 0
179009, 2176, 1, 0, 0
180003, 2313, 1, 0, 0
