1003, 109108236, 1, 0, 0
2000, 125744348, 1, 0, 0
3000, 119422680, 1, 0, 0
4000, 117871565, 1, 0, 0
5000, 117610157, 1, 0, 0
6000, 117805950, 1, 0, 0
7002, 119833387, 1, 0, 0
8000, 121534125, 1, 0, 0
9000, 116899881, 1, 0, 0
10000, 118713193, 1, 0, 0
11000, 123752180, 1, 0, 0
12001, 128774661, 1, 0, 0
13002, 127441846, 1, 0, 0
14008, 130755980, 1, 0, 0
15003, 129837974, 1, 0, 0
16000, 128056624, 1, 0, 0
17004, 126028778, 1, 0, 0
18000, 126380585, 1, 0, 0
19001, 126022275, 1, 0, 0
20000, 124104062, 1, 0, 0
21000, 121921936, 1, 0, 0
22003, 118668435, 1, 0, 0
23000, 124586776, 1, 0, 0
24001, 132663028, 1, 0, 0
25000, 156849237, 1, 0, 0
26001, 147521341, 1, 0, 0
27002, 151410805, 1, 0, 0
28003, 163173945, 1, 0, 0
29000, 161712983, 1, 0, 0
30000, 154961525, 1, 0, 0
31003, 164786098, 1, 0, 0
32041, 157293979, 1, 0, 0
33004, 165031762, 1, 0, 0
34001, 157099783, 1, 0, 0
35002, 144521081, 1, 0, 0
36001, 125860479, 1, 0, 0
37000, 126962112, 1, 0, 0
38000, 145152028, 1, 0, 0
39003, 139832934, 1, 0, 0
40000, 143818532, 1, 0, 0
41001, 158454881, 1, 0, 0
42004, 136334380, 1, 0, 0
43000, 136615333, 1, 0, 0
44000, 144243150, 1, 0, 0
45001, 148239643, 1, 0, 0
46003, 126737485, 1, 0, 0
47003, 123033408, 1, 0, 0
48000, 125048849, 1, 0, 0
49001, 123235312, 1, 0, 0
50003, 152667511, 1, 0, 0
51008, 140184164, 1, 0, 0
52045, 136602495, 1, 0, 0
53000, 137579930, 1, 0, 0
54000, 131868798, 1, 0, 0
55002, 136442729, 1, 0, 0
56002, 134710659, 1, 0, 0
57000, 133924886, 1, 0, 0
58001, 139996392, 1, 0, 0
59000, 138704541, 1, 0, 0
60001, 138747587, 1, 0, 0
61000, 134898817, 1, 0, 0
62004, 142249870, 1, 0, 0
63000, 143987481, 1, 0, 0
64000, 138742631, 1, 0, 0
65003, 143072925, 1, 0, 0
66000, 132649873, 1, 0, 0
67000, 137136966, 1, 0, 0
68005, 131180951, 1, 0, 0
69004, 134900054, 1, 0, 0
70000, 129074128, 1, 0, 0
71002, 127500897, 1, 0, 0
72002, 130692094, 1, 0, 0
73034, 130469207, 1, 0, 0
74000, 128500694, 1, 0, 0
75000, 129162664, 1, 0, 0
76000, 130184287, 1, 0, 0
77000, 130213317, 1, 0, 0
78001, 139171795, 1, 0, 0
79000, 131337875, 1, 0, 0
80000, 131402488, 1, 0, 0
81001, 140169555, 1, 0, 0
82000, 134443830, 1, 0, 0
83034, 141008022, 1, 0, 0
84001, 133680529, 1, 0, 0
85001, 156405998, 1, 0, 0
86000, 141431177, 1, 0, 0
87002, 139330326, 1, 0, 0
88003, 146967770, 1, 0, 0
89001, 135953321, 1, 0, 0
90000, 149152644, 1, 0, 0
91001, 131291081, 1, 0, 0
92001, 133390027, 1, 0, 0
93000, 132296450, 1, 0, 0
94000, 137053940, 1, 0, 0
95001, 151744833, 1, 0, 0
96001, 136003972, 1, 0, 0
97001, 148735538, 1, 0, 0
98004, 158832438, 1, 0, 0
99004, 158279332, 1, 0, 0
100000, 147468494, 1, 0, 0
101010, 142185026, 1, 0, 0
102000, 148832809, 1, 0, 0
103000, 136956432, 1, 0, 0
104000, 141694618, 1, 0, 0
105032, 140300503, 1, 0, 0
106001, 143050244, 1, 0, 0
107004, 135723483, 1, 0, 0
108001, 133638824, 1, 0, 0
109000, 133902927, 1, 0, 0
110001, 130158476, 1, 0, 0
111001, 130705818, 1, 0, 0
112000, 130717137, 1, 0, 0
113003, 126403443, 1, 0, 0
114001, 122807307, 1, 0, 0
115000, 121430029, 1, 0, 0
116000, 118665510, 1, 0, 0
117002, 117742634, 1, 0, 0
118000, 119134862, 1, 0, 0
119000, 119713719, 1, 0, 0
120000, 131820514, 1, 0, 0
121008, 143974520, 1, 0, 0
122003, 149465211, 1, 0, 0
123001, 142965009, 1, 0, 0
124035, 144535474, 1, 0, 0
125001, 140086595, 1, 0, 0
126002, 127547898, 1, 0, 0
127000, 124655071, 1, 0, 0
128000, 122401864, 1, 0, 0
129000, 122187713, 1, 0, 0
130000, 124185656, 1, 0, 0
131001, 128262446, 1, 0, 0
132001, 126959401, 1, 0, 0
133001, 126693947, 1, 0, 0
134000, 127913919, 1, 0, 0
135001, 124438227, 1, 0, 0
136000, 121489984, 1, 0, 0
137000, 120084623, 1, 0, 0
138000, 117982160, 1, 0, 0
139000, 115596120, 1, 0, 0
140000, 125615755, 1, 0, 0
141001, 124852659, 1, 0, 0
142000, 126900820, 1, 0, 0
143000, 125188706, 1, 0, 0
144000, 119387917, 1, 0, 0
145000, 122137529, 1, 0, 0
146000, 124538059, 1, 0, 0
147002, 126781593, 1, 0, 0
148000, 128247204, 1, 0, 0
149001, 132927502, 1, 0, 0
150001, 131792138, 1, 0, 0
151001, 132966120, 1, 0, 0
152001, 132988003, 1, 0, 0
153000, 131935267, 1, 0, 0
154001, 131141994, 1, 0, 0
155000, 136266038, 1, 0, 0
156000, 132685157, 1, 0, 0
157001, 135272625, 1, 0, 0
158000, 135081816, 1, 0, 0
159000, 132871318, 1, 0, 0
160001, 139504210, 1, 0, 0
161002, 140160412, 1, 0, 0
162001, 139576588, 1, 0, 0
163004, 139505587, 1, 0, 0
164001, 139455170, 1, 0, 0
165000, 147052917, 1, 0, 0
166000, 144265502, 1, 0, 0
167000, 150682923, 1, 0, 0
168002, 140882627, 1, 0, 0
169000, 142224089, 1, 0, 0
170000, 141848062, 1, 0, 0
171001, 148938484, 1, 0, 0
172001, 141177707, 1, 0, 0
173000, 141250260, 1, 0, 0
174000, 136580480, 1, 0, 0
175000, 135136892, 1, 0, 0
176000, 134468662, 1, 0, 0
177031, 133144652, 1, 0, 0
178001, 131221793, 1, 0, 0
179001, 130339605, 1, 0, 0
180000, 130548221, 1, 0, 0
180111, 176942964, 1, 0, 0
