1000, 8184, 1, 0, 0
2000, 7644, 1, 0, 0
3000, 7840, 1, 0, 0
4000, 7644, 1, 0, 0
5000, 7671, 1, 0, 0
6000, 7632, 1, 0, 0
7000, 7635, 1, 0, 0
8000, 7652, 1, 0, 0
9000, 7551, 1, 0, 0
10000, 7688, 1, 0, 0
11000, 7587, 1, 0, 0
12000, 7632, 1, 0, 0
13000, 7599, 1, 0, 0
14000, 7720, 1, 0, 0
15000, 7715, 1, 0, 0
16000, 7664, 1, 0, 0
17000, 7631, 1, 0, 0
18000, 7740, 1, 0, 0
19000, 7727, 1, 0, 0
20000, 7636, 1, 0, 0
21000, 7663, 1, 0, 0
22000, 7628, 1, 0, 0
23000, 7707, 1, 0, 0
24000, 7744, 1, 0, 0
25000, 7663, 1, 0, 0
26000, 7576, 1, 0, 0
27000, 7619, 1, 0, 0
28000, 7636, 1, 0, 0
29000, 7603, 1, 0, 0
30000, 7672, 1, 0, 0
31000, 7643, 1, 0, 0
32000, 7628, 1, 0, 0
33000, 7675, 1, 0, 0
34000, 7632, 1, 0, 0
35000, 7643, 1, 0, 0
36000, 7588, 1, 0, 0
37000, 7663, 1, 0, 0
38000, 7636, 1, 0, 0
39000, 7687, 1, 0, 0
40000, 7628, 1, 0, 0
41001, 7588, 1, 0, 0
42000, 7655, 1, 0, 0
43001, 7608, 1, 0, 0
44000, 7655, 1, 0, 0
45001, 7608, 1, 0, 0
46000, 7587, 1, 0, 0
47001, 7668, 1, 0, 0
48000, 7659, 1, 0, 0
49001, 7648, 1, 0, 0
50000, 7695, 1, 0, 0
51000, 7631, 1, 0, 0
52000, 7660, 1, 0, 0
53000, 7675, 1, 0, 0
54000, 7596, 1, 0, 0
55000, 7559, 1, 0, 0
56000, 7732, 1, 0, 0
57000, 7623, 1, 0, 0
58000, 7628, 1, 0, 0
59000, 7687, 1, 0, 0
60000, 7632, 1, 0, 0
61000, 7651, 1, 0, 0
62000, 7628, 1, 0, 0
63000, 7711, 1, 0, 0
64000, 7672, 1, 0, 0
65000, 7603, 1, 0, 0
66000, 7680, 1, 0, 0
67000, 7659, 1, 0, 0
68000, 5676, 1, 0, 0
69001, 4940, 1, 0, 0
70000, 7767, 1, 0, 0
71000, 7596, 1, 0, 0
72000, 7607, 1, 0, 0
73000, 7688, 1, 0, 0
74000, 7595, 1, 0, 0
75000, 7672, 1, 0, 0
76000, 7659, 1, 0, 0
77000, 7660, 1, 0, 0
78000, 7735, 1, 0, 0
79000, 7624, 1, 0, 0
80001, 7708, 1, 0, 0
81000, 7643, 1, 0, 0
82001, 7668, 1, 0, 0
83000, 7739, 1, 0, 0
84001, 7668, 1, 0, 0
85000, 7679, 1, 0, 0
86001, 7736, 1, 0, 0
87000, 7499, 1, 0, 0
88000, 7796, 1, 0, 0
89000, 7699, 1, 0, 0
90000, 7672, 1, 0, 0
91000, 7707, 1, 0, 0
92000, 7711, 1, 0, 0
93000, 7656, 1, 0, 0
94000, 7643, 1, 0, 0
95000, 7648, 1, 0, 0
96000, 7567, 1, 0, 0
97000, 7576, 1, 0, 0
98001, 7616, 1, 0, 0
99000, 7683, 1, 0, 0
100000, 7664, 1, 0, 0
101000, 7663, 1, 0, 0
102001, 7628, 1, 0, 0
103000, 7631, 1, 0, 0
104000, 7640, 1, 0, 0
105000, 7603, 1, 0, 0
106001, 7664, 1, 0, 0
107000, 7739, 1, 0, 0
108000, 7520, 1, 0, 0
109000, 7635, 1, 0, 0
110000, 7644, 1, 0, 0
111000, 7659, 1, 0, 0
112000, 7648, 1, 0, 0
113000, 7663, 1, 0, 0
114000, 7688, 1, 0, 0
115000, 7643, 1, 0, 0
116000, 7676, 1, 0, 0
117001, 7652, 1, 0, 0
118000, 7655, 1, 0, 0
119000, 7644, 1, 0, 0
120000, 7627, 1, 0, 0
121000, 7712, 1, 0, 0
122000, 7635, 1, 0, 0
123000, 7696, 1, 0, 0
124000, 7759, 1, 0, 0
125000, 7552, 1, 0, 0
126000, 7651, 1, 0, 0
127000, 7604, 1, 0, 0
128000, 7675, 1, 0, 0
129000, 7656, 1, 0, 0
130000, 7667, 1, 0, 0
131000, 7676, 1, 0, 0
132000, 7635, 1, 0, 0
133000, 7692, 1, 0, 0
134000, 7639, 1, 0, 0
135000, 7560, 1, 0, 0
136000, 7639, 1, 0, 0
137000, 7672, 1, 0, 0
138000, 7755, 1, 0, 0
139000, 7592, 1, 0, 0
140000, 7623, 1, 0, 0
141000, 7580, 1, 0, 0
142000, 7611, 1, 0, 0
143000, 7600, 1, 0, 0
144000, 7631, 1, 0, 0
145000, 7696, 1, 0, 0
146000, 7695, 1, 0, 0
147000, 7696, 1, 0, 0
148000, 7635, 1, 0, 0
149000, 7732, 1, 0, 0
150000, 7643, 1, 0, 0
151000, 7644, 1, 0, 0
152000, 7647, 1, 0, 0
153000, 7580, 1, 0, 0
154000, 7623, 1, 0, 0
155000, 7632, 1, 0, 0
156000, 7707, 1, 0, 0
157000, 7620, 1, 0, 0
158000, 7683, 1, 0, 0
159000, 7644, 1, 0, 0
160000, 7595, 1, 0, 0
161000, 7724, 1, 0, 0
162000, 7683, 1, 0, 0
163000, 7680, 1, 0, 0
164000, 7587, 1, 0, 0
165000, 7644, 1, 0, 0
166000, 7631, 1, 0, 0
167000, 7708, 1, 0, 0
168000, 7687, 1, 0, 0
169001, 7612, 1, 0, 0
170000, 7623, 1, 0, 0
171000, 7611, 1, 0, 0
172000, 7720, 1, 0, 0
173000, 7679, 1, 0, 0
174000, 7664, 1, 0, 0
175000, 7711, 1, 0, 0
176000, 7608, 1, 0, 0
177000, 7583, 1, 0, 0
178001, 7740, 1, 0, 0
179000, 7659, 1, 0, 0
180001, 7664, 1, 0, 0
