1014, 1980979, 1, 0, 0
2000, 2099982, 1, 0, 0
3001, 2084189, 1, 0, 0
4006, 2063140, 1, 0, 0
5005, 2156100, 1, 0, 0
6001, 2101102, 1, 0, 0
7009, 2070990, 1, 0, 0
8004, 2027699, 1, 0, 0
9012, 2106573, 1, 0, 0
10004, 2126377, 1, 0, 0
11000, 2033786, 1, 0, 0
12001, 2108346, 1, 0, 0
13004, 2112106, 1, 0, 0
14001, 2056033, 1, 0, 0
15002, 2146299, 1, 0, 0
16000, 2152354, 1, 0, 0
17001, 2040335, 1, 0, 0
18002, 2162464, 1, 0, 0
19002, 2089163, 1, 0, 0
20014, 2255305, 1, 0, 0
21007, 2036256, 1, 0, 0
22001, 2000985, 1, 0, 0
23005, 2041414, 1, 0, 0
24001, 2117411, 1, 0, 0
25002, 2140787, 1, 0, 0
26006, 2087869, 1, 0, 0
27033, 2182148, 1, 0, 0
28000, 2064166, 1, 0, 0
29011, 2150988, 1, 0, 0
30005, 2025764, 1, 0, 0
31000, 2091847, 1, 0, 0
32009, 2190745, 1, 0, 0
33001, 2029969, 1, 0, 0
34009, 2049571, 1, 0, 0
35002, 2093482, 1, 0, 0
36000, 2081053, 1, 0, 0
37005, 2030973, 1, 0, 0
38006, 2167600, 1, 0, 0
39000, 2107790, 1, 0, 0
40000, 2075273, 1, 0, 0
41006, 2033794, 1, 0, 0
42001, 2039283, 1, 0, 0
43003, 2042806, 1, 0, 0
44005, 2030305, 1, 0, 0
45000, 2122741, 1, 0, 0
46001, 2064395, 1, 0, 0
47000, 1983719, 1, 0, 0
48009, 2184343, 1, 0, 0
49003, 2129902, 1, 0, 0
50014, 2128715, 1, 0, 0
51008, 2009834, 1, 0, 0
52004, 2148005, 1, 0, 0
53001, 1964120, 1, 0, 0
54000, 1994466, 1, 0, 0
55009, 2130219, 1, 0, 0
56006, 2031717, 1, 0, 0
57001, 2232120, 1, 0, 0
58011, 2124482, 1, 0, 0
59006, 2095155, 1, 0, 0
60001, 2087701, 1, 0, 0
61004, 2130266, 1, 0, 0
62007, 2168894, 1, 0, 0
63003, 2028347, 1, 0, 0
64005, 2088532, 1, 0, 0
65002, 2053890, 1, 0, 0
66001, 2052486, 1, 0, 0
67012, 2075958, 1, 0, 0
68000, 2017771, 1, 0, 0
69006, 2033863, 1, 0, 0
70000, 2125788, 1, 0, 0
71002, 2066781, 1, 0, 0
72006, 1988956, 1, 0, 0
73000, 2103738, 1, 0, 0
74008, 2182367, 1, 0, 0
75001, 2137578, 1, 0, 0
76012, 2063896, 1, 0, 0
77005, 2032262, 1, 0, 0
78000, 2096750, 1, 0, 0
79007, 2073183, 1, 0, 0
80000, 2031579, 1, 0, 0
81011, 2082208, 1, 0, 0
82007, 2143286, 1, 0, 0
83001, 2102806, 1, 0, 0
84011, 2187065, 1, 0, 0
85006, 2131801, 1, 0, 0
86000, 2140297, 1, 0, 0
87005, 2171499, 1, 0, 0
88000, 2109426, 1, 0, 0
89001, 2031266, 1, 0, 0
90006, 1998526, 1, 0, 0
91005, 2070716, 1, 0, 0
92000, 2100244, 1, 0, 0
93008, 2091982, 1, 0, 0
94001, 2092691, 1, 0, 0
95005, 2223312, 1, 0, 0
96000, 2114361, 1, 0, 0
97013, 2051072, 1, 0, 0
98009, 2084095, 1, 0, 0
99005, 1981581, 1, 0, 0
100000, 2088122, 1, 0, 0
101000, 2110055, 1, 0, 0
102001, 2035443, 1, 0, 0
103003, 2071763, 1, 0, 0
104001, 2084061, 1, 0, 0
105010, 2078853, 1, 0, 0
106006, 2016183, 1, 0, 0
107000, 2125733, 1, 0, 0
108007, 2082637, 1, 0, 0
109002, 2030819, 1, 0, 0
110013, 2184312, 1, 0, 0
111001, 2077173, 1, 0, 0
112000, 2071172, 1, 0, 0
113005, 2130629, 1, 0, 0
114006, 2056654, 1, 0, 0
115001, 2077994, 1, 0, 0
116004, 2061227, 1, 0, 0
117004, 2087366, 1, 0, 0
118014, 2106274, 1, 0, 0
119002, 2038796, 1, 0, 0
120002, 2079009, 1, 0, 0
121008, 2137891, 1, 0, 0
122005, 2083276, 1, 0, 0
123000, 2065516, 1, 0, 0
124007, 2116109, 1, 0, 0
125003, 2081053, 1, 0, 0
126000, 2135760, 1, 0, 0
127010, 2050208, 1, 0, 0
128000, 2004108, 1, 0, 0
129000, 2051025, 1, 0, 0
130010, 2079479, 1, 0, 0
131003, 2062190, 1, 0, 0
132013, 2169050, 1, 0, 0
133006, 1986552, 1, 0, 0
134000, 2076652, 1, 0, 0
135000, 2070263, 1, 0, 0
136006, 2092565, 1, 0, 0
137013, 2113928, 1, 0, 0
138000, 2043609, 1, 0, 0
139003, 2112814, 1, 0, 0
140005, 2063227, 1, 0, 0
141009, 2134079, 1, 0, 0
142003, 2013527, 1, 0, 0
143000, 2113467, 1, 0, 0
144004, 2105317, 1, 0, 0
145001, 2135919, 1, 0, 0
146001, 2067806, 1, 0, 0
147003, 2156737, 1, 0, 0
148007, 2025015, 1, 0, 0
149000, 2110224, 1, 0, 0
150001, 2137052, 1, 0, 0
151011, 2096498, 1, 0, 0
152000, 2026745, 1, 0, 0
153001, 2108860, 1, 0, 0
154005, 2017017, 1, 0, 0
155009, 2156895, 1, 0, 0
156003, 2058715, 1, 0, 0
157013, 2079185, 1, 0, 0
158008, 2039624, 1, 0, 0
159001, 2137081, 1, 0, 0
160000, 2073644, 1, 0, 0
161005, 2048284, 1, 0, 0
162005, 2042420, 1, 0, 0
163001, 2050807, 1, 0, 0
164003, 2096883, 1, 0, 0
165004, 2113524, 1, 0, 0
166001, 2053533, 1, 0, 0
167001, 1979497, 1, 0, 0
168001, 2039095, 1, 0, 0
169000, 2086217, 1, 0, 0
170002, 2072156, 1, 0, 0
171001, 2034438, 1, 0, 0
172000, 2056707, 1, 0, 0
173018, 2054762, 1, 0, 0
174002, 2572755, 1, 0, 0
175000, 2016184, 1, 0, 0
176008, 2187281, 1, 0, 0
177002, 2060977, 1, 0, 0
178001, 2063624, 1, 0, 0
179010, 2148976, 1, 0, 0
180003, 2062345, 1, 0, 0
