999, 2214, 0, 0, 0
1999, 1921, 0, 0, 0
2999, 1928, 0, 0, 0
3999, 1908, 0, 0, 0
5000, 1892, 0, 0, 0
6001, 1814, 0, 0, 0
7001, 1892, 0, 0, 0
8000, 1905, 0, 0, 0
9001, 1892, 0, 0, 0
10001, 1920, 0, 0, 0
11000, 1913, 0, 0, 0
12000, 1892, 0, 0, 0
13000, 1904, 0, 0, 0
14001, 1924, 0, 0, 0
15000, 1869, 0, 0, 0
16000, 1888, 0, 0, 0
17000, 1880, 0, 0, 0
18001, 1844, 0, 0, 0
19001, 1912, 0, 0, 0
20000, 1841, 0, 0, 0
21000, 1920, 0, 0, 0
22001, 1912, 0, 0, 0
23000, 1933, 0, 0, 0
24000, 1909, 0, 0, 0
25000, 1936, 0, 0, 0
26000, 1937, 0, 0, 0
27001, 1916, 0, 0, 0
28001, 1936, 0, 0, 0
29000, 1941, 0, 0, 0
30001, 1908, 0, 0, 0
31000, 1889, 0, 0, 0
32000, 1908, 0, 0, 0
33001, 1880, 0, 0, 0
34000, 1897, 0, 0, 0
35000, 1892, 0, 0, 0
36001, 1932, 0, 0, 0
37001, 1872, 0, 0, 0
38001, 1849, 0, 0, 0
39000, 1825, 0, 0, 0
40001, 2024, 0, 0, 0
41001, 1900, 0, 0, 0
42001, 1880, 0, 0, 0
43000, 1945, 0, 0, 0
44000, 1924, 0, 0, 0
45000, 1884, 0, 0, 0
46000, 1948, 0, 0, 0
47000, 1953, 0, 0, 0
48000, 1948, 0, 0, 0
49001, 1900, 0, 0, 0
50001, 1916, 0, 0, 0
51000, 1977, 0, 0, 0
52001, 1936, 0, 0, 0
53000, 1933, 0, 0, 0
54000, 1904, 0, 0, 0
55000, 724, 0, 0, 0
56001, 1932, 0, 0, 0
57001, 1888, 0, 0, 0
58000, 1925, 0, 0, 0
59000, 1936, 0, 0, 0
60001, 1884, 0, 0, 0
61001, 1880, 0, 0, 0
62001, 1925, 0, 0, 0
63000, 1905, 0, 0, 0
64000, 1929, 0, 0, 0
65001, 1880, 0, 0, 0
66000, 1917, 0, 0, 0
67000, 1924, 0, 0, 0
68000, 1920, 0, 0, 0
69000, 1877, 0, 0, 0
70000, 1948, 0, 0, 0
71001, 1876, 0, 0, 0
72001, 1948, 0, 0, 0
73000, 1929, 0, 0, 0
74000, 1849, 0, 0, 0
75001, 1904, 0, 0, 0
76001, 1980, 0, 0, 0
77000, 1957, 0, 0, 0
78000, 1936, 0, 0, 0
79000, 1912, 0, 0, 0
80001, 1944, 0, 0, 0
81000, 2002, 0, 0, 0
82001, 1880, 0, 0, 0
83000, 1929, 0, 0, 0
84001, 1908, 0, 0, 0
85001, 1952, 0, 0, 0
86001, 1912, 0, 0, 0
87000, 1933, 0, 0, 0
88000, 1892, 0, 0, 0
89001, 1936, 0, 0, 0
90001, 1968, 0, 0, 0
91000, 1893, 0, 0, 0
92000, 1924, 0, 0, 0
93001, 1900, 0, 0, 0
94001, 1904, 0, 0, 0
95000, 1893, 0, 0, 0
96000, 1900, 0, 0, 0
97000, 1896, 0, 0, 0
98000, 1892, 0, 0, 0
99001, 1896, 0, 0, 0
100000, 1921, 0, 0, 0
101000, 1920, 0, 0, 0
102001, 1880, 0, 0, 0
103000, 1925, 0, 0, 0
104000, 1976, 0, 0, 0
105000, 1953, 0, 0, 0
106000, 1928, 0, 0, 0
107001, 1932, 0, 0, 0
108001, 1896, 0, 0, 0
109000, 1881, 0, 0, 0
110001, 1916, 0, 0, 0
111000, 1889, 0, 0, 0
112001, 1904, 0, 0, 0
113000, 1933, 0, 0, 0
114000, 1904, 0, 0, 0
115000, 1908, 0, 0, 0
116001, 1864, 0, 0, 0
117001, 1912, 0, 0, 0
118001, 1916, 0, 0, 0
119000, 1929, 0, 0, 0
120000, 1940, 0, 0, 0
121000, 1920, 0, 0, 0
122000, 1952, 0, 0, 0
123001, 1896, 0, 0, 0
124000, 1949, 0, 0, 0
125000, 1904, 0, 0, 0
126001, 1920, 0, 0, 0
127000, 1945, 0, 0, 0
128000, 1876, 0, 0, 0
129000, 1892, 0, 0, 0
130000, 1964, 0, 0, 0
131001, 1880, 0, 0, 0
132001, 1888, 0, 0, 0
133001, 1893, 0, 0, 0
134001, 1932, 0, 0, 0
135000, 1937, 0, 0, 0
136000, 1937, 0, 0, 0
137001, 1916, 0, 0, 0
138001, 1917, 0, 0, 0
139001, 1920, 0, 0, 0
140000, 1885, 0, 0, 0
141000, 1892, 0, 0, 0
142000, 1881, 0, 0, 0
143000, 1832, 0, 0, 0
144001, 1872, 0, 0, 0
145000, 1929, 0, 0, 0
146000, 1916, 0, 0, 0
147000, 1904, 0, 0, 0
148001, 1916, 0, 0, 0
149000, 1913, 0, 0, 0
150000, 1896, 0, 0, 0
151001, 1892, 0, 0, 0
152000, 1893, 0, 0, 0
153000, 1984, 0, 0, 0
154001, 1884, 0, 0, 0
155000, 1873, 0, 0, 0
156000, 1917, 0, 0, 0
157000, 1949, 0, 0, 0
158000, 1912, 0, 0, 0
159000, 1920, 0, 0, 0
160000, 1917, 0, 0, 0
161000, 1916, 0, 0, 0
162000, 1917, 0, 0, 0
163001, 1840, 0, 0, 0
164001, 1945, 0, 0, 0
165001, 1960, 0, 0, 0
166000, 1901, 0, 0, 0
167000, 1936, 0, 0, 0
168000, 1897, 0, 0, 0
169000, 1905, 0, 0, 0
170000, 1860, 0, 0, 0
171001, 1976, 0, 0, 0
172001, 1916, 0, 0, 0
173001, 1916, 0, 0, 0
174000, 1973, 0, 0, 0
175001, 1924, 0, 0, 0
176000, 1901, 0, 0, 0
177000, 1996, 0, 0, 0
178000, 2058, 0, 0, 0
179000, 1948, 0, 0, 0
180001, 1924, 0, 0, 0
