1001, 2336704, 0, 0, 0
2000, 2320261, 0, 0, 0
3001, 2397855, 0, 0, 0
4001, 2281389, 0, 0, 0
5000, 2193078, 0, 0, 0
6002, 2289685, 0, 0, 0
7001, 2253047, 0, 0, 0
8000, 2314306, 0, 0, 0
9001, 2518552, 0, 0, 0
10000, 2383371, 0, 0, 0
11000, 2378743, 0, 0, 0
12008, 2384762, 0, 0, 0
13000, 2364417, 0, 0, 0
14001, 2393545, 0, 0, 0
15001, 2248333, 0, 0, 0
16001, 2276789, 0, 0, 0
17002, 2298149, 0, 0, 0
18001, 2440667, 0, 0, 0
19000, 2308570, 0, 0, 0
20003, 2398860, 0, 0, 0
21001, 2260421, 0, 0, 0
22002, 2255233, 0, 0, 0
23001, 2253307, 0, 0, 0
24000, 2262584, 0, 0, 0
25000, 2266177, 0, 0, 0
26000, 2322062, 0, 0, 0
27001, 2198263, 0, 0, 0
28000, 2248169, 0, 0, 0
29000, 2278358, 0, 0, 0
30001, 2212890, 0, 0, 0
31000, 2198166, 0, 0, 0
32000, 2276019, 0, 0, 0
33000, 2470523, 0, 0, 0
34000, 2340008, 0, 0, 0
35002, 2326938, 0, 0, 0
36000, 2346839, 0, 0, 0
37000, 2260524, 0, 0, 0
38006, 2313613, 0, 0, 0
39000, 2250823, 0, 0, 0
40002, 2295594, 0, 0, 0
41001, 2325933, 0, 0, 0
42001, 2255504, 0, 0, 0
43001, 2234690, 0, 0, 0
44000, 2266882, 0, 0, 0
45001, 2336590, 0, 0, 0
46000, 2304050, 0, 0, 0
47010, 2266974, 0, 0, 0
48001, 2340223, 0, 0, 0
49000, 2242990, 0, 0, 0
50000, 2301625, 0, 0, 0
51001, 2211310, 0, 0, 0
52000, 2243248, 0, 0, 0
53000, 2264968, 0, 0, 0
54001, 2291308, 0, 0, 0
55000, 2242567, 0, 0, 0
56000, 2486240, 0, 0, 0
57000, 2307046, 0, 0, 0
58000, 2228248, 0, 0, 0
59001, 2299412, 0, 0, 0
60001, 2338697, 0, 0, 0
61001, 2383913, 0, 0, 0
62001, 2311970, 0, 0, 0
63000, 2242858, 0, 0, 0
64001, 2262690, 0, 0, 0
65000, 2283486, 0, 0, 0
66000, 2244628, 0, 0, 0
67001, 2205125, 0, 0, 0
68000, 2173945, 0, 0, 0
69001, 2227489, 0, 0, 0
70001, 2503316, 0, 0, 0
71002, 2261558, 0, 0, 0
72001, 2232402, 0, 0, 0
73000, 2228425, 0, 0, 0
74001, 2358533, 0, 0, 0
75001, 2279243, 0, 0, 0
76001, 2239405, 0, 0, 0
77000, 2277676, 0, 0, 0
78003, 2299867, 0, 0, 0
79000, 2293240, 0, 0, 0
80001, 2320171, 0, 0, 0
81001, 2502766, 0, 0, 0
82000, 2279252, 0, 0, 0
83000, 2305940, 0, 0, 0
84002, 2355124, 0, 0, 0
85001, 2283121, 0, 0, 0
86002, 2512537, 0, 0, 0
87000, 2346839, 0, 0, 0
88000, 2349724, 0, 0, 0
89000, 2274208, 0, 0, 0
90000, 2291266, 0, 0, 0
91000, 2307519, 0, 0, 0
92001, 2293712, 0, 0, 0
93000, 2313979, 0, 0, 0
94000, 2240899, 0, 0, 0
95001, 2367978, 0, 0, 0
96001, 2244360, 0, 0, 0
97001, 2276896, 0, 0, 0
98001, 2204146, 0, 0, 0
99001, 2264804, 0, 0, 0
100000, 2320003, 0, 0, 0
101000, 2221147, 0, 0, 0
102002, 2285085, 0, 0, 0
103001, 2245577, 0, 0, 0
104000, 2279183, 0, 0, 0
105001, 2336434, 0, 0, 0
106001, 2307829, 0, 0, 0
107002, 2245351, 0, 0, 0
108001, 2337000, 0, 0, 0
109000, 2348737, 0, 0, 0
110000, 2240128, 0, 0, 0
111000, 2265825, 0, 0, 0
112001, 2286904, 0, 0, 0
113001, 2249580, 0, 0, 0
114000, 2233003, 0, 0, 0
115001, 2183679, 0, 0, 0
116001, 2210336, 0, 0, 0
117002, 2330314, 0, 0, 0
118000, 2225152, 0, 0, 0
119001, 2236133, 0, 0, 0
120001, 2269569, 0, 0, 0
121000, 2320511, 0, 0, 0
122000, 2374151, 0, 0, 0
123000, 2228862, 0, 0, 0
124001, 2286974, 0, 0, 0
125000, 2208412, 0, 0, 0
126003, 2201644, 0, 0, 0
127000, 2182508, 0, 0, 0
128001, 2236276, 0, 0, 0
129000, 2268188, 0, 0, 0
130000, 2220097, 0, 0, 0
131001, 2267529, 0, 0, 0
132000, 2225381, 0, 0, 0
133000, 2209557, 0, 0, 0
134001, 2164055, 0, 0, 0
135002, 2140597, 0, 0, 0
136000, 2168015, 0, 0, 0
137000, 2400957, 0, 0, 0
138002, 2224192, 0, 0, 0
139000, 2332519, 0, 0, 0
140001, 2282602, 0, 0, 0
141000, 2228501, 0, 0, 0
142000, 2268373, 0, 0, 0
143001, 2263657, 0, 0, 0
144001, 2218764, 0, 0, 0
145002, 2420735, 0, 0, 0
146001, 2288934, 0, 0, 0
147000, 2156012, 0, 0, 0
148000, 2179136, 0, 0, 0
149000, 2467193, 0, 0, 0
150002, 2228317, 0, 0, 0
151001, 2269396, 0, 0, 0
152398, 3588643, 0, 0, 0
153001, 2197345, 0, 0, 0
154001, 2186424, 0, 0, 0
155000, 2267823, 0, 0, 0
156001, 2271048, 0, 0, 0
157001, 2261419, 0, 0, 0
158001, 2311402, 0, 0, 0
159001, 2238726, 0, 0, 0
160000, 2214812, 0, 0, 0
161000, 2202938, 0, 0, 0
162001, 2198618, 0, 0, 0
163000, 2169042, 0, 0, 0
164001, 2197156, 0, 0, 0
165000, 2199175, 0, 0, 0
166000, 2254311, 0, 0, 0
167000, 2253868, 0, 0, 0
168001, 2252040, 0, 0, 0
169000, 2299144, 0, 0, 0
170001, 2261161, 0, 0, 0
171001, 2181608, 0, 0, 0
172001, 2204478, 0, 0, 0
173001, 2220646, 0, 0, 0
174001, 2094203, 0, 0, 0
175001, 2115421, 0, 0, 0
176002, 2221897, 0, 0, 0
177000, 2123968, 0, 0, 0
178001, 2133044, 0, 0, 0
179001, 2165412, 0, 0, 0
180001, 2196043, 0, 0, 0
