1010, 108438941, 0, 0, 0
2007, 138941931, 0, 0, 0
3002, 143307847, 0, 0, 0
4011, 159350931, 0, 0, 0
5006, 132301505, 0, 0, 0
6000, 147474135, 0, 0, 0
7010, 173487905, 0, 0, 0
8005, 148571344, 0, 0, 0
9001, 132417605, 0, 0, 0
10000, 127346871, 0, 0, 0
11006, 125877819, 0, 0, 0
12004, 126941546, 0, 0, 0
13001, 127734272, 0, 0, 0
14000, 137091433, 0, 0, 0
15006, 136739048, 0, 0, 0
16000, 136456566, 0, 0, 0
17008, 145784096, 0, 0, 0
18001, 145008743, 0, 0, 0
19006, 139070057, 0, 0, 0
20008, 149449980, 0, 0, 0
21003, 148470811, 0, 0, 0
22000, 144724191, 0, 0, 0
23005, 128060084, 0, 0, 0
24000, 155554322, 0, 0, 0
25010, 142954495, 0, 0, 0
26001, 149555148, 0, 0, 0
27000, 129139666, 0, 0, 0
28006, 130187969, 0, 0, 0
29000, 129410084, 0, 0, 0
30000, 125894588, 0, 0, 0
31004, 134551120, 0, 0, 0
32000, 139166455, 0, 0, 0
33010, 127069463, 0, 0, 0
34006, 137836902, 0, 0, 0
35002, 153501629, 0, 0, 0
36001, 135423161, 0, 0, 0
37008, 146537618, 0, 0, 0
38000, 147150041, 0, 0, 0
39008, 139876587, 0, 0, 0
40004, 139188704, 0, 0, 0
41000, 125544887, 0, 0, 0
42000, 133420288, 0, 0, 0
43003, 143788015, 0, 0, 0
44001, 145111572, 0, 0, 0
45010, 141079191, 0, 0, 0
46005, 159153723, 0, 0, 0
47000, 145922198, 0, 0, 0
48000, 139078571, 0, 0, 0
49000, 126268572, 0, 0, 0
50001, 122515428, 0, 0, 0
51004, 122020621, 0, 0, 0
52004, 124921373, 0, 0, 0
53000, 119232181, 0, 0, 0
54006, 137958209, 0, 0, 0
55000, 147833676, 0, 0, 0
56000, 141662109, 0, 0, 0
57005, 141703935, 0, 0, 0
58004, 135829651, 0, 0, 0
59010, 147280357, 0, 0, 0
60005, 146499045, 0, 0, 0
61000, 136237827, 0, 0, 0
62008, 148913662, 0, 0, 0
63004, 148633293, 0, 0, 0
64000, 144546482, 0, 0, 0
65002, 156888626, 0, 0, 0
66000, 149676049, 0, 0, 0
67002, 135721369, 0, 0, 0
68002, 152179285, 0, 0, 0
69001, 142079034, 0, 0, 0
70006, 140486274, 0, 0, 0
71002, 145188994, 0, 0, 0
72001, 132386666, 0, 0, 0
73007, 124574633, 0, 0, 0
74001, 121571749, 0, 0, 0
75002, 129230910, 0, 0, 0
76004, 134295342, 0, 0, 0
77000, 148481305, 0, 0, 0
78010, 137681898, 0, 0, 0
79005, 127452613, 0, 0, 0
80001, 142408169, 0, 0, 0
81005, 134481505, 0, 0, 0
82000, 125609857, 0, 0, 0
83000, 125095395, 0, 0, 0
84004, 124809974, 0, 0, 0
85004, 129003394, 0, 0, 0
86000, 131550812, 0, 0, 0
87008, 132845849, 0, 0, 0
88004, 131841391, 0, 0, 0
89001, 134396904, 0, 0, 0
90008, 135764227, 0, 0, 0
91002, 133001958, 0, 0, 0
92001, 134101740, 0, 0, 0
93007, 142939107, 0, 0, 0
94002, 136932382, 0, 0, 0
95003, 134995729, 0, 0, 0
96008, 140245147, 0, 0, 0
97000, 136564685, 0, 0, 0
98003, 133841939, 0, 0, 0
99002, 140453194, 0, 0, 0
100000, 143993052, 0, 0, 0
101007, 141123054, 0, 0, 0
102002, 139752338, 0, 0, 0
103000, 144497209, 0, 0, 0
104003, 141899549, 0, 0, 0
105001, 154498234, 0, 0, 0
106002, 141034175, 0, 0, 0
107005, 123333280, 0, 0, 0
108000, 121744582, 0, 0, 0
109009, 128740268, 0, 0, 0
110001, 130594547, 0, 0, 0
111010, 120726927, 0, 0, 0
112002, 143555433, 0, 0, 0
113000, 148676338, 0, 0, 0
114005, 149088583, 0, 0, 0
115001, 146778494, 0, 0, 0
116011, 138311086, 0, 0, 0
117006, 140828343, 0, 0, 0
118003, 150429965, 0, 0, 0
119000, 154701851, 0, 0, 0
120004, 169918126, 0, 0, 0
121001, 165062699, 0, 0, 0
122009, 146462251, 0, 0, 0
123000, 127646699, 0, 0, 0
124007, 117480454, 0, 0, 0
125001, 124470462, 0, 0, 0
126008, 124968137, 0, 0, 0
127000, 119711738, 0, 0, 0
128000, 122825224, 0, 0, 0
129005, 124901627, 0, 0, 0
130000, 122700307, 0, 0, 0
131000, 123961469, 0, 0, 0
132000, 125005214, 0, 0, 0
133001, 124517911, 0, 0, 0
134000, 123085366, 0, 0, 0
135006, 122773525, 0, 0, 0
136002, 129373992, 0, 0, 0
137000, 137785688, 0, 0, 0
138001, 130133338, 0, 0, 0
139005, 131028356, 0, 0, 0
140002, 129570331, 0, 0, 0
141006, 129810515, 0, 0, 0
142000, 149704220, 0, 0, 0
143000, 135738408, 0, 0, 0
144007, 136000662, 0, 0, 0
145000, 149009021, 0, 0, 0
146000, 138150686, 0, 0, 0
147008, 147186916, 0, 0, 0
148001, 147547398, 0, 0, 0
149001, 140755929, 0, 0, 0
150001, 163081715, 0, 0, 0
151000, 136218046, 0, 0, 0
152002, 141819750, 0, 0, 0
153000, 153327003, 0, 0, 0
154009, 144750934, 0, 0, 0
155002, 140608547, 0, 0, 0
156011, 139298044, 0, 0, 0
157002, 138680554, 0, 0, 0
158001, 137432942, 0, 0, 0
159004, 137971255, 0, 0, 0
160000, 150412565, 0, 0, 0
161000, 125936509, 0, 0, 0
162000, 117689631, 0, 0, 0
163001, 116870085, 0, 0, 0
164011, 116249459, 0, 0, 0
165001, 127410486, 0, 0, 0
166000, 129285200, 0, 0, 0
167010, 128650687, 0, 0, 0
168005, 125705549, 0, 0, 0
169000, 124623346, 0, 0, 0
170010, 121811245, 0, 0, 0
171000, 126299278, 0, 0, 0
172001, 123714785, 0, 0, 0
173000, 125874514, 0, 0, 0
174006, 123491410, 0, 0, 0
175002, 119650208, 0, 0, 0
176000, 119872794, 0, 0, 0
177006, 120238328, 0, 0, 0
178000, 125241142, 0, 0, 0
179009, 126701442, 0, 0, 0
180002, 127204774, 0, 0, 0
180100, 180802391, 0, 0, 0
