1000, 15077911, 1, 0, 0
2000, 16254127, 1, 0, 0
3002, 16181374, 1, 0, 0
4000, 17066141, 1, 0, 0
5000, 16405698, 1, 0, 0
6002, 16744664, 1, 0, 0
7000, 17421810, 1, 0, 0
8000, 16707014, 1, 0, 0
9000, 16239789, 1, 0, 0
10000, 16678362, 1, 0, 0
11000, 16581481, 1, 0, 0
12000, 17143248, 1, 0, 0
13000, 17081297, 1, 0, 0
14000, 16298947, 1, 0, 0
15000, 16421285, 1, 0, 0
16000, 16974637, 1, 0, 0
17001, 16356335, 1, 0, 0
18000, 16747595, 1, 0, 0
19001, 17222186, 1, 0, 0
20000, 16930647, 1, 0, 0
21000, 16431975, 1, 0, 0
22000, 17076476, 1, 0, 0
23000, 16510198, 1, 0, 0
24000, 16283471, 1, 0, 0
25001, 17926457, 1, 0, 0
26000, 16490598, 1, 0, 0
27000, 16852724, 1, 0, 0
28000, 16741976, 1, 0, 0
29001, 16655260, 1, 0, 0
30000, 16679723, 1, 0, 0
31000, 16125989, 1, 0, 0
32000, 16908569, 1, 0, 0
33000, 17077906, 1, 0, 0
34000, 16809093, 1, 0, 0
35000, 16640490, 1, 0, 0
36000, 16745163, 1, 0, 0
37000, 16778233, 1, 0, 0
38001, 17130172, 1, 0, 0
39000, 16910452, 1, 0, 0
40002, 16990974, 1, 0, 0
41000, 17041400, 1, 0, 0
42000, 16690080, 1, 0, 0
43000, 16679439, 1, 0, 0
44001, 16583339, 1, 0, 0
45000, 16563586, 1, 0, 0
46001, 16924332, 1, 0, 0
47000, 17012421, 1, 0, 0
48000, 16885838, 1, 0, 0
49002, 16455286, 1, 0, 0
50000, 17105300, 1, 0, 0
51000, 16418653, 1, 0, 0
52000, 16829871, 1, 0, 0
53000, 16571777, 1, 0, 0
54001, 17126470, 1, 0, 0
55001, 16986993, 1, 0, 0
56000, 16301846, 1, 0, 0
57001, 16753468, 1, 0, 0
58000, 16776366, 1, 0, 0
59000, 17190911, 1, 0, 0
60002, 16279640, 1, 0, 0
61000, 16613063, 1, 0, 0
62000, 17273246, 1, 0, 0
63000, 16610300, 1, 0, 0
64000, 16791205, 1, 0, 0
65001, 16305508, 1, 0, 0
66003, 17065337, 1, 0, 0
67000, 17018163, 1, 0, 0
68000, 16341437, 1, 0, 0
69000, 16847746, 1, 0, 0
70000, 16470108, 1, 0, 0
71000, 17651994, 1, 0, 0
72000, 16480050, 1, 0, 0
73000, 16975122, 1, 0, 0
74000, 16906903, 1, 0, 0
75000, 15140450, 1, 0, 0
76000, 17257801, 1, 0, 0
77000, 16216425, 1, 0, 0
78001, 16674402, 1, 0, 0
79000, 16553254, 1, 0, 0
80001, 16853176, 1, 0, 0
81001, 17165335, 1, 0, 0
82001, 16624552, 1, 0, 0
83000, 17450677, 1, 0, 0
84000, 16105817, 1, 0, 0
85000, 16266518, 1, 0, 0
86000, 17025471, 1, 0, 0
87000, 16311945, 1, 0, 0
88003, 16616962, 1, 0, 0
89000, 16526300, 1, 0, 0
90001, 16385695, 1, 0, 0
91000, 16867974, 1, 0, 0
92000, 17066678, 1, 0, 0
93000, 17257230, 1, 0, 0
94000, 17224726, 1, 0, 0
95000, 16685044, 1, 0, 0
96000, 16858377, 1, 0, 0
97000, 16771648, 1, 0, 0
98000, 16969189, 1, 0, 0
99000, 16276796, 1, 0, 0
100000, 16366020, 1, 0, 0
101000, 16912485, 1, 0, 0
102001, 16227935, 1, 0, 0
103001, 16516837, 1, 0, 0
104002, 16645711, 1, 0, 0
105000, 16891416, 1, 0, 0
106000, 16675827, 1, 0, 0
107000, 16917185, 1, 0, 0
108000, 16449813, 1, 0, 0
109002, 16788423, 1, 0, 0
110000, 16863241, 1, 0, 0
111001, 16669443, 1, 0, 0
112000, 16745534, 1, 0, 0
113000, 16472991, 1, 0, 0
114000, 16794199, 1, 0, 0
115000, 16667000, 1, 0, 0
116000, 17021850, 1, 0, 0
117000, 17103494, 1, 0, 0
118000, 16748229, 1, 0, 0
119000, 16592417, 1, 0, 0
120000, 16722085, 1, 0, 0
121000, 16977528, 1, 0, 0
122001, 16818242, 1, 0, 0
123000, 16307530, 1, 0, 0
124001, 17390812, 1, 0, 0
125001, 16998701, 1, 0, 0
126000, 16220892, 1, 0, 0
127000, 16612131, 1, 0, 0
128000, 17091311, 1, 0, 0
129000, 16513968, 1, 0, 0
130001, 16840513, 1, 0, 0
131000, 17412987, 1, 0, 0
132002, 16498988, 1, 0, 0
133000, 16839708, 1, 0, 0
134000, 16328276, 1, 0, 0
135000, 17073808, 1, 0, 0
136000, 16484039, 1, 0, 0
137000, 16883216, 1, 0, 0
138001, 16743667, 1, 0, 0
139000, 16201086, 1, 0, 0
140000, 16929967, 1, 0, 0
141001, 16367688, 1, 0, 0
142000, 24340417, 1, 0, 0
143000, 16815658, 1, 0, 0
144000, 16813917, 1, 0, 0
145000, 16879533, 1, 0, 0
146000, 16705378, 1, 0, 0
147001, 16323976, 1, 0, 0
148001, 15356190, 1, 0, 0
149000, 17220167, 1, 0, 0
150000, 17045156, 1, 0, 0
151000, 17408606, 1, 0, 0
152001, 16523415, 1, 0, 0
153000, 16513455, 1, 0, 0
154000, 16575052, 1, 0, 0
155000, 16855593, 1, 0, 0
156001, 16850671, 1, 0, 0
157000, 16487562, 1, 0, 0
158000, 16418792, 1, 0, 0
159000, 16970586, 1, 0, 0
160000, 16865564, 1, 0, 0
161000, 16457381, 1, 0, 0
162000, 16916976, 1, 0, 0
163000, 16518559, 1, 0, 0
164000, 16498038, 1, 0, 0
165000, 17324056, 1, 0, 0
166000, 16589479, 1, 0, 0
167001, 17047139, 1, 0, 0
168001, 16396571, 1, 0, 0
169000, 16694061, 1, 0, 0
170000, 16883878, 1, 0, 0
171000, 16296070, 1, 0, 0
172000, 17284599, 1, 0, 0
173000, 16409584, 1, 0, 0
174000, 16341630, 1, 0, 0
175000, 17173125, 1, 0, 0
176001, 16840149, 1, 0, 0
177005, 16340856, 1, 0, 0
178000, 16843143, 1, 0, 0
179001, 16948220, 1, 0, 0
180000, 16600969, 1, 0, 0
180012, 17502558, 1, 0, 0
