1058, 2359, 0, 0, 0
2006, 369698, 0, 0, 0
3000, 2102575, 0, 0, 0
4013, 1332824, 0, 0, 0
5011, 1047275, 0, 0, 0
6005, 1657154, 0, 0, 0
7009, 1751977, 0, 0, 0
8004, 1613428, 0, 0, 0
9001, 633697, 0, 0, 0
10001, 460665, 0, 0, 0
11005, 1968746, 0, 0, 0
12004, 875578, 0, 0, 0
13000, 36389, 0, 0, 0
14001, 82337, 0, 0, 0
15005, 32975, 0, 0, 0
16000, 70606, 0, 0, 0
17007, 304263, 0, 0, 0
18000, 138821, 0, 0, 0
19001, 18617, 0, 0, 0
20005, 237587, 0, 0, 0
21000, 80165, 0, 0, 0
22001, 1812514, 0, 0, 0
23004, 1809374, 0, 0, 0
24000, 1865676, 0, 0, 0
25013, 1829789, 0, 0, 0
26000, 1808091, 0, 0, 0
27000, 1563512, 0, 0, 0
28005, 28892, 0, 0, 0
29000, 26249, 0, 0, 0
30004, 1580640, 0, 0, 0
31003, 392470, 0, 0, 0
32001, 343687, 0, 0, 0
33010, 35133, 0, 0, 0
34006, 138914, 0, 0, 0
35002, 242025, 0, 0, 0
36000, 193623, 0, 0, 0
37005, 96510, 0, 0, 0
38001, 234589, 0, 0, 0
39007, 44341, 0, 0, 0
40002, 107714, 0, 0, 0
41001, 8581, 0, 0, 0
42004, 7462, 0, 0, 0
43001, 170176, 0, 0, 0
44000, 111040, 0, 0, 0
45005, 114675, 0, 0, 0
46003, 128988, 0, 0, 0
47000, 109722, 0, 0, 0
48000, 87889, 0, 0, 0
49000, 125450, 0, 0, 0
50003, 222638, 0, 0, 0
51004, 122651, 0, 0, 0
52002, 172280, 0, 0, 0
53000, 537461, 0, 0, 0
54005, 167673, 0, 0, 0
55003, 155476, 0, 0, 0
56001, 251287, 0, 0, 0
57002, 422394, 0, 0, 0
58000, 109233, 0, 0, 0
59009, 136502, 0, 0, 0
60005, 16572, 0, 0, 0
61000, 4761, 0, 0, 0
62007, 6122, 0, 0, 0
63001, 6313, 0, 0, 0
64000, 6441, 0, 0, 0
65001, 4668, 0, 0, 0
66000, 2631, 0, 0, 0
67000, 2636, 0, 0, 0
68001, 2546, 0, 0, 0
69000, 3293, 0, 0, 0
70005, 10455, 0, 0, 0
71002, 16241, 0, 0, 0
72001, 8346, 0, 0, 0
73006, 71298, 0, 0, 0
74001, 5917, 0, 0, 0
75000, 595054, 0, 0, 0
76004, 518254, 0, 0, 0
77000, 999601, 0, 0, 0
78010, 1537068, 0, 0, 0
79010, 1543981, 0, 0, 0
80002, 1525652, 0, 0, 0
81007, 1574494, 0, 0, 0
82000, 1631425, 0, 0, 0
83000, 2085074, 0, 0, 0
84003, 1675204, 0, 0, 0
85003, 1031374, 0, 0, 0
86000, 223906, 0, 0, 0
87007, 221029, 0, 0, 0
88003, 248006, 0, 0, 0
89000, 105544, 0, 0, 0
90006, 646707, 0, 0, 0
91002, 12440, 0, 0, 0
92000, 111190, 0, 0, 0
93005, 8048, 0, 0, 0
94001, 9922, 0, 0, 0
95001, 116675, 0, 0, 0
96004, 21382, 0, 0, 0
97000, 108657, 0, 0, 0
98002, 5048, 0, 0, 0
99003, 25244, 0, 0, 0
100000, 91350, 0, 0, 0
101006, 81610, 0, 0, 0
102004, 186288, 0, 0, 0
103000, 344718, 0, 0, 0
104000, 128551, 0, 0, 0
105000, 62552, 0, 0, 0
106000, 199817, 0, 0, 0
107005, 402984, 0, 0, 0
108000, 229429, 0, 0, 0
109008, 290179, 0, 0, 0
110001, 108830, 0, 0, 0
111009, 31290, 0, 0, 0
112002, 89000, 0, 0, 0
113000, 81718, 0, 0, 0
114004, 25019, 0, 0, 0
115003, 13604, 0, 0, 0
116009, 4302, 0, 0, 0
117003, 73371, 0, 0, 0
118000, 84744, 0, 0, 0
119000, 11814, 0, 0, 0
120005, 164938, 0, 0, 0
121000, 129906, 0, 0, 0
122007, 127883, 0, 0, 0
123000, 1081149, 0, 0, 0
124008, 2414168, 0, 0, 0
125002, 2149858, 0, 0, 0
126007, 1628025, 0, 0, 0
127000, 2324181, 0, 0, 0
128000, 2332916, 0, 0, 0
129004, 422031, 0, 0, 0
130001, 662873, 0, 0, 0
131001, 1879782, 0, 0, 0
132000, 1133013, 0, 0, 0
133000, 14207, 0, 0, 0
134000, 135668, 0, 0, 0
135005, 305651, 0, 0, 0
136002, 864757, 0, 0, 0
137001, 1471838, 0, 0, 0
138003, 1682417, 0, 0, 0
139000, 1738764, 0, 0, 0
140000, 1063459, 0, 0, 0
141006, 861098, 0, 0, 0
142001, 1465263, 0, 0, 0
143003, 1636369, 0, 0, 0
144004, 960352, 0, 0, 0
145000, 297851, 0, 0, 0
146000, 1091485, 0, 0, 0
147007, 99316, 0, 0, 0
148000, 107420, 0, 0, 0
149000, 110121, 0, 0, 0
150001, 662831, 0, 0, 0
151000, 228829, 0, 0, 0
152001, 520983, 0, 0, 0
153001, 55539, 0, 0, 0
154007, 80286, 0, 0, 0
155000, 658939, 0, 0, 0
156010, 508564, 0, 0, 0
157001, 482530, 0, 0, 0
158000, 341562, 0, 0, 0
159003, 491060, 0, 0, 0
160000, 508000, 0, 0, 0
161001, 117993, 0, 0, 0
162000, 24321, 0, 0, 0
163001, 108216, 0, 0, 0
164011, 24900, 0, 0, 0
165000, 93970, 0, 0, 0
166000, 135369, 0, 0, 0
167010, 12308, 0, 0, 0
168005, 2658, 0, 0, 0
169000, 6274, 0, 0, 0
170009, 3213, 0, 0, 0
171001, 125766, 0, 0, 0
172000, 45723, 0, 0, 0
173000, 290376, 0, 0, 0
174007, 19645, 0, 0, 0
175000, 231927, 0, 0, 0
176001, 537027, 0, 0, 0
177006, 122842, 0, 0, 0
178000, 271836, 0, 0, 0
179010, 468573, 0, 0, 0
180104, 41522, 0, 0, 0
