1000, 7395474, 1, 0, 0
2000, 8460969, 1, 0, 0
3000, 7996201, 1, 0, 0
4000, 8366911, 1, 0, 0
5001, 8289401, 1, 0, 0
6021, 8140568, 1, 0, 0
7000, 8499760, 1, 0, 0
8000, 8151922, 1, 0, 0
9023, 8279434, 1, 0, 0
10000, 8496389, 1, 0, 0
11036, 8345524, 1, 0, 0
12000, 8516723, 1, 0, 0
13000, 8122510, 1, 0, 0
14000, 8427773, 1, 0, 0
15000, 8183867, 1, 0, 0
16000, 8446733, 1, 0, 0
17021, 8508926, 1, 0, 0
18000, 8395593, 1, 0, 0
19000, 8501572, 1, 0, 0
20000, 8556060, 1, 0, 0
21000, 8339182, 1, 0, 0
22000, 8340904, 1, 0, 0
23000, 8246816, 1, 0, 0
24000, 8363941, 1, 0, 0
25000, 8138420, 1, 0, 0
26000, 8408375, 1, 0, 0
27000, 8267880, 1, 0, 0
28000, 8334845, 1, 0, 0
29000, 8388071, 1, 0, 0
30000, 8207056, 1, 0, 0
31000, 8209835, 1, 0, 0
32000, 8300523, 1, 0, 0
33033, 8410472, 1, 0, 0
34000, 8376618, 1, 0, 0
35025, 8249673, 1, 0, 0
36020, 8290415, 1, 0, 0
37000, 8374094, 1, 0, 0
38026, 8349771, 1, 0, 0
39000, 8384949, 1, 0, 0
40000, 8375335, 1, 0, 0
41000, 8446381, 1, 0, 0
42000, 8792974, 1, 0, 0
43000, 8419243, 1, 0, 0
44007, 8355593, 1, 0, 0
45000, 8440124, 1, 0, 0
46000, 8559223, 1, 0, 0
47029, 8457796, 1, 0, 0
48000, 8520794, 1, 0, 0
49000, 8306217, 1, 0, 0
50000, 8020474, 1, 0, 0
51024, 8177333, 1, 0, 0
52000, 8518288, 1, 0, 0
53020, 8349629, 1, 0, 0
54000, 8234686, 1, 0, 0
55000, 8436072, 1, 0, 0
56000, 8256066, 1, 0, 0
57000, 8358686, 1, 0, 0
58023, 8165059, 1, 0, 0
59000, 8178047, 1, 0, 0
60020, 8339648, 1, 0, 0
61000, 8290189, 1, 0, 0
62000, 8319926, 1, 0, 0
63000, 8295386, 1, 0, 0
64031, 8438042, 1, 0, 0
65000, 8355479, 1, 0, 0
66022, 8321292, 1, 0, 0
67024, 8267360, 1, 0, 0
68001, 8218905, 1, 0, 0
69000, 8635358, 1, 0, 0
70023, 8035040, 1, 0, 0
71000, 8468407, 1, 0, 0
72000, 8277084, 1, 0, 0
73000, 8213132, 1, 0, 0
74000, 8335699, 1, 0, 0
75000, 8188476, 1, 0, 0
76000, 8331646, 1, 0, 0
77035, 8495973, 1, 0, 0
78000, 8418794, 1, 0, 0
79000, 8278311, 1, 0, 0
80024, 8225538, 1, 0, 0
81000, 8549939, 1, 0, 0
82033, 8317073, 1, 0, 0
83000, 8368448, 1, 0, 0
84000, 8403808, 1, 0, 0
85000, 8337925, 1, 0, 0
86000, 8624726, 1, 0, 0
87000, 8601728, 1, 0, 0
88000, 8338838, 1, 0, 0
89024, 8243659, 1, 0, 0
90001, 8503528, 1, 0, 0
91022, 8277871, 1, 0, 0
92000, 8392267, 1, 0, 0
93000, 8332634, 1, 0, 0
94000, 8558017, 1, 0, 0
95000, 8140381, 1, 0, 0
96000, 8399807, 1, 0, 0
97000, 8438651, 1, 0, 0
98000, 8458511, 1, 0, 0
99022, 8403070, 1, 0, 0
100029, 8331844, 1, 0, 0
101000, 8414699, 1, 0, 0
102000, 8532926, 1, 0, 0
103000, 8173484, 1, 0, 0
104000, 8263562, 1, 0, 0
105000, 8496229, 1, 0, 0
106025, 8289537, 1, 0, 0
107020, 8361290, 1, 0, 0
108000, 8401528, 1, 0, 0
109000, 8408217, 1, 0, 0
110026, 8187675, 1, 0, 0
111000, 8454785, 1, 0, 0
112031, 8332140, 1, 0, 0
113000, 8218532, 1, 0, 0
114026, 8427314, 1, 0, 0
115030, 8391803, 1, 0, 0
116000, 8414544, 1, 0, 0
117000, 8471112, 1, 0, 0
118021, 8457025, 1, 0, 0
119000, 8382757, 1, 0, 0
120000, 8326648, 1, 0, 0
121022, 8288837, 1, 0, 0
122000, 8684047, 1, 0, 0
123000, 8284935, 1, 0, 0
124000, 8413505, 1, 0, 0
125000, 8502318, 1, 0, 0
126033, 8110539, 1, 0, 0
127000, 8287918, 1, 0, 0
128000, 8493587, 1, 0, 0
129000, 8262826, 1, 0, 0
130000, 8618051, 1, 0, 0
131021, 8280695, 1, 0, 0
132022, 8293062, 1, 0, 0
133000, 8521382, 1, 0, 0
134027, 8534658, 1, 0, 0
135000, 8657634, 1, 0, 0
136001, 8247116, 1, 0, 0
137030, 8535085, 1, 0, 0
138000, 7980150, 1, 0, 0
139000, 8292399, 1, 0, 0
140033, 8468214, 1, 0, 0
141000, 8470490, 1, 0, 0
142000, 8476129, 1, 0, 0
143023, 8190053, 1, 0, 0
144000, 8406505, 1, 0, 0
145000, 8410757, 1, 0, 0
146000, 8606515, 1, 0, 0
147000, 8304550, 1, 0, 0
148020, 8112973, 1, 0, 0
149000, 8460245, 1, 0, 0
150000, 8431567, 1, 0, 0
151000, 8345102, 1, 0, 0
152000, 8163920, 1, 0, 0
153000, 8411651, 1, 0, 0
154021, 8279906, 1, 0, 0
155000, 8598599, 1, 0, 0
156000, 8241128, 1, 0, 0
157000, 8122122, 1, 0, 0
158034, 8389154, 1, 0, 0
159000, 8368459, 1, 0, 0
160000, 8380215, 1, 0, 0
161001, 8509839, 1, 0, 0
162000, 8524662, 1, 0, 0
163020, 8565552, 1, 0, 0
164000, 8542479, 1, 0, 0
165000, 8242283, 1, 0, 0
166000, 8479825, 1, 0, 0
167000, 8477851, 1, 0, 0
168000, 8535685, 1, 0, 0
169022, 8373953, 1, 0, 0
170000, 8603570, 1, 0, 0
171019, 8196755, 1, 0, 0
172021, 8393826, 1, 0, 0
173022, 8361720, 1, 0, 0
174000, 8501829, 1, 0, 0
175021, 8541448, 1, 0, 0
176000, 8524448, 1, 0, 0
177000, 8187435, 1, 0, 0
178033, 8111402, 1, 0, 0
179000, 8501678, 1, 0, 0
180019, 8501298, 1, 0, 0
180023, 32033246, 1, 0, 0
