1001, 262913, 1, 0, 0
2004, 57993, 1, 0, 0
3002, 101925, 1, 0, 0
4004, 1180294, 1, 0, 0
5007, 2798239, 1, 0, 0
6000, 2128995, 1, 0, 0
7000, 2236924, 1, 0, 0
8003, 2631783, 1, 0, 0
9000, 2706828, 1, 0, 0
10004, 2459544, 1, 0, 0
11000, 2007855, 1, 0, 0
12005, 2163338, 1, 0, 0
13002, 1762401, 1, 0, 0
14000, 1476293, 1, 0, 0
15000, 1456834, 1, 0, 0
16002, 1977245, 1, 0, 0
17003, 2018730, 1, 0, 0
18002, 2160384, 1, 0, 0
19032, 2099218, 1, 0, 0
20001, 2159578, 1, 0, 0
21001, 2284416, 1, 0, 0
22001, 2254900, 1, 0, 0
23001, 2089635, 1, 0, 0
24000, 1909145, 1, 0, 0
25000, 2425859, 1, 0, 0
26003, 2231074, 1, 0, 0
27000, 2037224, 1, 0, 0
28002, 2058941, 1, 0, 0
29033, 2229187, 1, 0, 0
30000, 2091830, 1, 0, 0
31003, 2236159, 1, 0, 0
32007, 1910815, 1, 0, 0
33002, 2111377, 1, 0, 0
34000, 2376368, 1, 0, 0
35000, 1923072, 1, 0, 0
36001, 1651523, 1, 0, 0
37003, 1582033, 1, 0, 0
38001, 1433871, 1, 0, 0
39001, 1678325, 1, 0, 0
40007, 1262668, 1, 0, 0
41000, 796273, 1, 0, 0
42002, 316993, 1, 0, 0
43000, 671424, 1, 0, 0
44001, 525895, 1, 0, 0
45001, 627406, 1, 0, 0
46000, 161181, 1, 0, 0
47008, 583544, 1, 0, 0
48000, 1070680, 1, 0, 0
49004, 830698, 1, 0, 0
50000, 679486, 1, 0, 0
51008, 626462, 1, 0, 0
52043, 737596, 1, 0, 0
53001, 706330, 1, 0, 0
54000, 663934, 1, 0, 0
55003, 303269, 1, 0, 0
56000, 396934, 1, 0, 0
57003, 479866, 1, 0, 0
58002, 319211, 1, 0, 0
59001, 110995, 1, 0, 0
60000, 595008, 1, 0, 0
61001, 751734, 1, 0, 0
62000, 556856, 1, 0, 0
63041, 559194, 1, 0, 0
64002, 440499, 1, 0, 0
65001, 715876, 1, 0, 0
66001, 793403, 1, 0, 0
67001, 1233929, 1, 0, 0
68031, 1501877, 1, 0, 0
69000, 2778, 1, 0, 0
70001, 9794, 1, 0, 0
71001, 19395, 1, 0, 0
72001, 26112, 1, 0, 0
73006, 36679, 1, 0, 0
74000, 40902, 1, 0, 0
75000, 24962, 1, 0, 0
76002, 13387, 1, 0, 0
77000, 9027, 1, 0, 0
78001, 4940, 1, 0, 0
79003, 38196, 1, 0, 0
80000, 129225, 1, 0, 0
81000, 1200536, 1, 0, 0
82001, 1238209, 1, 0, 0
83000, 1729434, 1, 0, 0
84000, 1304120, 1, 0, 0
85002, 1246638, 1, 0, 0
86000, 2217616, 1, 0, 0
87009, 1488022, 1, 0, 0
88002, 1442477, 1, 0, 0
89001, 901772, 1, 0, 0
90002, 924550, 1, 0, 0
91000, 57998, 1, 0, 0
92001, 11220, 1, 0, 0
93001, 24777, 1, 0, 0
94001, 170074, 1, 0, 0
95004, 1427517, 1, 0, 0
96001, 2038711, 1, 0, 0
97000, 2080797, 1, 0, 0
98000, 1346756, 1, 0, 0
99033, 1924193, 1, 0, 0
100001, 2336839, 1, 0, 0
101000, 2049303, 1, 0, 0
102001, 2005494, 1, 0, 0
103000, 1149652, 1, 0, 0
104000, 1597424, 1, 0, 0
105000, 981130, 1, 0, 0
106002, 665128, 1, 0, 0
107000, 1168394, 1, 0, 0
108000, 616728, 1, 0, 0
109005, 1506907, 1, 0, 0
110000, 955928, 1, 0, 0
111001, 1130102, 1, 0, 0
112000, 1908481, 1, 0, 0
113003, 1848051, 1, 0, 0
114000, 1717478, 1, 0, 0
115000, 2478158, 1, 0, 0
116000, 2108525, 1, 0, 0
117004, 1612499, 1, 0, 0
118000, 1514214, 1, 0, 0
119001, 2398072, 1, 0, 0
120005, 2245678, 1, 0, 0
121000, 2172781, 1, 0, 0
122001, 2218825, 1, 0, 0
123000, 1922594, 1, 0, 0
124001, 1614566, 1, 0, 0
125002, 1539111, 1, 0, 0
126013, 1878579, 1, 0, 0
127003, 2088109, 1, 0, 0
128005, 1912015, 1, 0, 0
129001, 1670846, 1, 0, 0
130001, 41640, 1, 0, 0
131000, 25028, 1, 0, 0
132001, 19879, 1, 0, 0
133029, 8847, 1, 0, 0
134000, 17038, 1, 0, 0
135000, 29260, 1, 0, 0
136000, 14774, 1, 0, 0
137000, 32771, 1, 0, 0
138002, 967856, 1, 0, 0
139000, 1088754, 1, 0, 0
140000, 14564, 1, 0, 0
141000, 18911, 1, 0, 0
142001, 55325, 1, 0, 0
143000, 26170, 1, 0, 0
144002, 12281, 1, 0, 0
145000, 35463, 1, 0, 0
146001, 2675, 1, 0, 0
147000, 2825, 1, 0, 0
148000, 6610, 1, 0, 0
149000, 6047, 1, 0, 0
150000, 21648, 1, 0, 0
151000, 117695, 1, 0, 0
152001, 35855, 1, 0, 0
153000, 62568, 1, 0, 0
154000, 13806, 1, 0, 0
155001, 2852, 1, 0, 0
156000, 2717, 1, 0, 0
157033, 2714, 1, 0, 0
158000, 2720, 1, 0, 0
159000, 2723, 1, 0, 0
160000, 2740, 1, 0, 0
161001, 2711, 1, 0, 0
162000, 2719, 1, 0, 0
163000, 2766, 1, 0, 0
164000, 2818, 1, 0, 0
165001, 2752, 1, 0, 0
166000, 2778, 1, 0, 0
167000, 2796, 1, 0, 0
168000, 2747, 1, 0, 0
169001, 2779, 1, 0, 0
170002, 2641, 1, 0, 0
171000, 2716, 1, 0, 0
172000, 2739, 1, 0, 0
173000, 2700, 1, 0, 0
174000, 2693, 1, 0, 0
175000, 2696, 1, 0, 0
176002, 2774, 1, 0, 0
177000, 2800, 1, 0, 0
178001, 400284, 1, 0, 0
179008, 1291598, 1, 0, 0
180111, 1889786, 1, 0, 0
