1014, 31776248, 1, 0, 0
2008, 33529769, 1, 0, 0
3016, 33262198, 1, 0, 0
4021, 31565618, 1, 0, 0
5015, 33853908, 1, 0, 0
6010, 32948022, 1, 0, 0
7010, 33299990, 1, 0, 0
8011, 33631164, 1, 0, 0
9008, 33192094, 1, 0, 0
10017, 33422628, 1, 0, 0
11014, 32995538, 1, 0, 0
12024, 34077681, 1, 0, 0
13014, 33929411, 1, 0, 0
14007, 32668296, 1, 0, 0
15018, 33775194, 1, 0, 0
16009, 33601385, 1, 0, 0
17017, 33619504, 1, 0, 0
18010, 33636550, 1, 0, 0
19022, 33684266, 1, 0, 0
20016, 33588697, 1, 0, 0
21010, 33315170, 1, 0, 0
22013, 34123425, 1, 0, 0
23015, 32983634, 1, 0, 0
24009, 33939448, 1, 0, 0
25012, 33347865, 1, 0, 0
26012, 33073835, 1, 0, 0
27022, 32549635, 1, 0, 0
28018, 33636100, 1, 0, 0
29009, 33004330, 1, 0, 0
30011, 34272991, 1, 0, 0
31016, 32874032, 1, 0, 0
32008, 33742421, 1, 0, 0
33008, 33565185, 1, 0, 0
34010, 33987168, 1, 0, 0
35007, 33691703, 1, 0, 0
36006, 33960052, 1, 0, 0
37011, 33329462, 1, 0, 0
38008, 33171459, 1, 0, 0
39019, 33693227, 1, 0, 0
40013, 33411493, 1, 0, 0
41009, 33238139, 1, 0, 0
42015, 33193206, 1, 0, 0
43011, 34253158, 1, 0, 0
44022, 33045042, 1, 0, 0
45016, 33513815, 1, 0, 0
46010, 33643526, 1, 0, 0
47014, 32926897, 1, 0, 0
48012, 33749980, 1, 0, 0
49010, 33417553, 1, 0, 0
50017, 33891335, 1, 0, 0
51011, 33275402, 1, 0, 0
52015, 33185955, 1, 0, 0
53017, 33428309, 1, 0, 0
54010, 32780388, 1, 0, 0
55020, 33052400, 1, 0, 0
56013, 33726043, 1, 0, 0
57009, 33462144, 1, 0, 0
58017, 33860133, 1, 0, 0
59012, 32938172, 1, 0, 0
60008, 33238216, 1, 0, 0
61007, 33702247, 1, 0, 0
62011, 32943231, 1, 0, 0
63012, 33256159, 1, 0, 0
64018, 33052399, 1, 0, 0
65009, 33354035, 1, 0, 0
66010, 33583000, 1, 0, 0
67014, 33236721, 1, 0, 0
68009, 33196944, 1, 0, 0
69021, 33818972, 1, 0, 0
70018, 34052035, 1, 0, 0
71013, 32821915, 1, 0, 0
72023, 32392315, 1, 0, 0
73000, 34200069, 1, 0, 0
74014, 33470036, 1, 0, 0
75007, 33637990, 1, 0, 0
76017, 34240848, 1, 0, 0
77012, 33276727, 1, 0, 0
78007, 33293645, 1, 0, 0
79016, 33507596, 1, 0, 0
80013, 33466935, 1, 0, 0
81020, 33918850, 1, 0, 0
82009, 33544628, 1, 0, 0
83011, 33594633, 1, 0, 0
84014, 33617938, 1, 0, 0
85010, 32718173, 1, 0, 0
86010, 33220821, 1, 0, 0
87016, 33938566, 1, 0, 0
88010, 33789610, 1, 0, 0
89018, 34122683, 1, 0, 0
90013, 34338911, 1, 0, 0
91009, 32892228, 1, 0, 0
92009, 33597731, 1, 0, 0
93012, 33525561, 1, 0, 0
94013, 32781424, 1, 0, 0
95015, 34376586, 1, 0, 0
96009, 32782462, 1, 0, 0
97011, 34186237, 1, 0, 0
98010, 33054589, 1, 0, 0
99000, 34021770, 1, 0, 0
100011, 32815104, 1, 0, 0
101021, 33918716, 1, 0, 0
102016, 33934993, 1, 0, 0
103012, 33499700, 1, 0, 0
104007, 33271694, 1, 0, 0
105015, 33319584, 1, 0, 0
106010, 32914316, 1, 0, 0
107009, 33519657, 1, 0, 0
108014, 32668926, 1, 0, 0
109008, 33527923, 1, 0, 0
110018, 33408842, 1, 0, 0
111009, 33685412, 1, 0, 0
112016, 33238998, 1, 0, 0
113015, 33665728, 1, 0, 0
114008, 33287317, 1, 0, 0
115013, 33947421, 1, 0, 0
116017, 32131019, 1, 0, 0
117010, 33925586, 1, 0, 0
118012, 33551965, 1, 0, 0
119016, 33731680, 1, 0, 0
120008, 33048247, 1, 0, 0
121012, 33478885, 1, 0, 0
122006, 32407569, 1, 0, 0
123016, 33074653, 1, 0, 0
124009, 33188222, 1, 0, 0
125013, 33648253, 1, 0, 0
126015, 32857496, 1, 0, 0
127007, 33723938, 1, 0, 0
128016, 33649651, 1, 0, 0
129011, 33106421, 1, 0, 0
130010, 33276241, 1, 0, 0
131011, 32872736, 1, 0, 0
132022, 32439670, 1, 0, 0
133015, 32911224, 1, 0, 0
134010, 33257291, 1, 0, 0
135013, 33783917, 1, 0, 0
136015, 34274567, 1, 0, 0
137008, 34042202, 1, 0, 0
138006, 33147530, 1, 0, 0
139017, 33581394, 1, 0, 0
140012, 32760594, 1, 0, 0
141010, 33298130, 1, 0, 0
142018, 34692476, 1, 0, 0
143013, 33824387, 1, 0, 0
144010, 32753571, 1, 0, 0
145013, 33986233, 1, 0, 0
146010, 33588407, 1, 0, 0
147020, 32114236, 1, 0, 0
148012, 33511341, 1, 0, 0
149009, 33200321, 1, 0, 0
150017, 33001471, 1, 0, 0
151008, 33163182, 1, 0, 0
152012, 32551524, 1, 0, 0
153014, 33775192, 1, 0, 0
154012, 33476391, 1, 0, 0
155020, 33561611, 1, 0, 0
156015, 33576655, 1, 0, 0
157009, 33104304, 1, 0, 0
158019, 33616744, 1, 0, 0
159012, 33401175, 1, 0, 0
160022, 33071670, 1, 0, 0
161011, 33019721, 1, 0, 0
162021, 33602203, 1, 0, 0
163005, 33807582, 1, 0, 0
164010, 33566513, 1, 0, 0
165021, 32811534, 1, 0, 0
166016, 33534555, 1, 0, 0
167009, 33705330, 1, 0, 0
168022, 33378309, 1, 0, 0
169016, 33892486, 1, 0, 0
170012, 33022296, 1, 0, 0
171010, 33107087, 1, 0, 0
172013, 34204446, 1, 0, 0
173011, 34253312, 1, 0, 0
174020, 32754205, 1, 0, 0
175012, 33763977, 1, 0, 0
176021, 33001116, 1, 0, 0
177008, 34024660, 1, 0, 0
178010, 33139278, 1, 0, 0
179013, 33475469, 1, 0, 0
180006, 33425008, 1, 0, 0
180026, 47600036, 1, 0, 0
