1000, 3911, 0, 0, 0
2001, 3632, 0, 0, 0
3000, 4045, 0, 0, 0
4000, 3861, 0, 0, 0
5000, 2451, 0, 0, 0
6000, 2363, 0, 0, 0
7000, 2547, 0, 0, 0
8000, 2287, 0, 0, 0
9000, 3420, 0, 0, 0
10000, 3952, 0, 0, 0
11001, 3851, 0, 0, 0
12000, 3659, 0, 0, 0
13002, 3916, 0, 0, 0
14002, 3896, 0, 0, 0
15001, 3834, 0, 0, 0
16001, 3972, 0, 0, 0
17001, 3615, 0, 0, 0
18000, 3688, 0, 0, 0
19000, 3418, 0, 0, 0
20001, 3915, 0, 0, 0
21000, 4011, 0, 0, 0
22000, 4089, 0, 0, 0
23000, 3265, 0, 0, 0
24000, 3765, 0, 0, 0
25000, 3865, 0, 0, 0
26001, 3534, 0, 0, 0
27000, 3895, 0, 0, 0
28000, 3974, 0, 0, 0
29001, 3705, 0, 0, 0
30000, 3581, 0, 0, 0
31024, 2899, 0, 0, 0
32000, 3539, 0, 0, 0
33001, 4143, 0, 0, 0
34000, 3495, 0, 0, 0
35000, 4145, 0, 0, 0
36001, 3898, 0, 0, 0
37000, 3756, 0, 0, 0
38001, 3753, 0, 0, 0
39000, 3949, 0, 0, 0
40000, 3700, 0, 0, 0
41001, 3080, 0, 0, 0
42001, 3103, 0, 0, 0
43001, 3403, 0, 0, 0
44000, 3366, 0, 0, 0
45000, 2834, 0, 0, 0
46000, 3500, 0, 0, 0
47000, 4069, 0, 0, 0
48000, 3817, 0, 0, 0
49000, 3630, 0, 0, 0
50001, 3508, 0, 0, 0
51000, 3592, 0, 0, 0
52000, 3622, 0, 0, 0
53001, 3629, 0, 0, 0
54000, 3809, 0, 0, 0
55001, 3668, 0, 0, 0
56000, 3549, 0, 0, 0
57000, 2385, 0, 0, 0
58000, 3558, 0, 0, 0
59001, 3443, 0, 0, 0
60000, 4140, 0, 0, 0
61001, 3896, 0, 0, 0
62001, 3728, 0, 0, 0
63000, 3928, 0, 0, 0
64001, 4166, 0, 0, 0
65000, 3582, 0, 0, 0
66000, 3883, 0, 0, 0
67001, 3372, 0, 0, 0
68000, 2196, 0, 0, 0
69000, 2082, 0, 0, 0
70000, 1970, 0, 0, 0
71001, 2129, 0, 0, 0
72000, 3066, 0, 0, 0
73000, 3059, 0, 0, 0
74000, 3432, 0, 0, 0
75001, 3492, 0, 0, 0
76001, 3758, 0, 0, 0
77001, 3399, 0, 0, 0
78001, 3872, 0, 0, 0
79000, 3821, 0, 0, 0
80002, 3451, 0, 0, 0
81000, 3572, 0, 0, 0
82000, 3975, 0, 0, 0
83000, 3590, 0, 0, 0
84000, 3555, 0, 0, 0
85000, 3732, 0, 0, 0
86000, 3637, 0, 0, 0
87000, 4231, 0, 0, 0
88000, 3874, 0, 0, 0
89001, 4155, 0, 0, 0
90001, 3915, 0, 0, 0
91001, 3758, 0, 0, 0
92000, 3808, 0, 0, 0
93000, 4317, 0, 0, 0
94000, 4011, 0, 0, 0
95000, 4230, 0, 0, 0
96001, 3829, 0, 0, 0
97000, 3780, 0, 0, 0
98001, 3399, 0, 0, 0
99000, 4002, 0, 0, 0
100001, 3575, 0, 0, 0
101001, 4082, 0, 0, 0
102000, 3685, 0, 0, 0
103000, 3950, 0, 0, 0
104000, 3898, 0, 0, 0
105000, 4205, 0, 0, 0
106000, 3348, 0, 0, 0
107000, 3186, 0, 0, 0
108001, 3397, 0, 0, 0
109000, 3143, 0, 0, 0
110000, 3155, 0, 0, 0
111001, 2899, 0, 0, 0
112001, 3710, 0, 0, 0
113001, 3580, 0, 0, 0
114001, 3970, 0, 0, 0
115001, 3947, 0, 0, 0
116000, 3636, 0, 0, 0
117001, 3262, 0, 0, 0
118001, 4119, 0, 0, 0
119001, 3622, 0, 0, 0
120000, 3772, 0, 0, 0
121001, 3355, 0, 0, 0
122000, 3885, 0, 0, 0
123001, 3900, 0, 0, 0
124000, 3859, 0, 0, 0
125000, 3651, 0, 0, 0
126000, 3850, 0, 0, 0
127000, 3917, 0, 0, 0
128001, 3877, 0, 0, 0
129000, 3707, 0, 0, 0
130000, 3434, 0, 0, 0
131000, 2272, 0, 0, 0
132000, 2177, 0, 0, 0
133000, 2153, 0, 0, 0
134000, 2086, 0, 0, 0
135001, 2536, 0, 0, 0
136001, 2357, 0, 0, 0
137000, 2702, 0, 0, 0
138000, 3400, 0, 0, 0
139000, 3513, 0, 0, 0
140001, 3255, 0, 0, 0
141001, 3398, 0, 0, 0
142000, 3230, 0, 0, 0
143001, 3792, 0, 0, 0
144000, 3808, 0, 0, 0
145000, 3819, 0, 0, 0
146000, 3645, 0, 0, 0
147000, 3576, 0, 0, 0
148000, 3485, 0, 0, 0
149001, 3974, 0, 0, 0
150000, 3730, 0, 0, 0
151001, 4173, 0, 0, 0
152001, 3653, 0, 0, 0
153000, 3720, 0, 0, 0
154000, 3846, 0, 0, 0
155000, 4104, 0, 0, 0
156000, 3937, 0, 0, 0
157000, 4164, 0, 0, 0
158000, 3395, 0, 0, 0
159001, 3890, 0, 0, 0
160000, 4080, 0, 0, 0
161000, 3853, 0, 0, 0
162000, 4104, 0, 0, 0
163000, 3760, 0, 0, 0
164001, 4040, 0, 0, 0
165000, 3668, 0, 0, 0
166000, 3656, 0, 0, 0
167001, 3773, 0, 0, 0
168000, 3868, 0, 0, 0
169000, 3723, 0, 0, 0
170001, 4197, 0, 0, 0
171001, 3572, 0, 0, 0
172000, 3860, 0, 0, 0
173000, 3773, 0, 0, 0
174001, 4079, 0, 0, 0
175000, 3770, 0, 0, 0
176000, 3764, 0, 0, 0
177001, 3827, 0, 0, 0
178001, 4126, 0, 0, 0
179001, 4021, 0, 0, 0
180003, 3947, 0, 0, 0
