1006, 59143918, 1, 0, 0
2000, 66283273, 1, 0, 0
3001, 66500529, 1, 0, 0
4001, 66425569, 1, 0, 0
5004, 68350065, 1, 0, 0
6000, 66959550, 1, 0, 0
7007, 66413272, 1, 0, 0
8002, 68524568, 1, 0, 0
9000, 66739495, 1, 0, 0
10005, 68115799, 1, 0, 0
11000, 65914688, 1, 0, 0
12000, 66839625, 1, 0, 0
13000, 67003687, 1, 0, 0
14000, 67490061, 1, 0, 0
15000, 66575292, 1, 0, 0
16007, 66434379, 1, 0, 0
17002, 67211235, 1, 0, 0
18000, 66813379, 1, 0, 0
19000, 66821110, 1, 0, 0
20001, 67856509, 1, 0, 0
21000, 66121194, 1, 0, 0
22000, 67240308, 1, 0, 0
23004, 67235293, 1, 0, 0
24000, 66567003, 1, 0, 0
25001, 66733425, 1, 0, 0
26000, 67479255, 1, 0, 0
27003, 66560716, 1, 0, 0
28000, 66986610, 1, 0, 0
29008, 67594463, 1, 0, 0
30000, 66396545, 1, 0, 0
31001, 66819331, 1, 0, 0
32005, 67548175, 1, 0, 0
33001, 66706965, 1, 0, 0
34001, 67003195, 1, 0, 0
35006, 67354413, 1, 0, 0
36001, 67518411, 1, 0, 0
37000, 65811241, 1, 0, 0
38000, 66854166, 1, 0, 0
39001, 66840381, 1, 0, 0
40001, 67300315, 1, 0, 0
41001, 65886346, 1, 0, 0
42004, 67908861, 1, 0, 0
43001, 67081086, 1, 0, 0
44000, 67536304, 1, 0, 0
45003, 67988774, 1, 0, 0
46000, 67540646, 1, 0, 0
47000, 66530059, 1, 0, 0
48002, 67223297, 1, 0, 0
49007, 67827794, 1, 0, 0
50000, 66441102, 1, 0, 0
51007, 66336879, 1, 0, 0
52000, 67000268, 1, 0, 0
53001, 66271053, 1, 0, 0
54003, 65844932, 1, 0, 0
55000, 67342407, 1, 0, 0
56000, 66891755, 1, 0, 0
57004, 67345573, 1, 0, 0
58000, 66538193, 1, 0, 0
59007, 68068140, 1, 0, 0
60002, 66191264, 1, 0, 0
61000, 66498110, 1, 0, 0
62001, 67015192, 1, 0, 0
63000, 66289139, 1, 0, 0
64003, 67728845, 1, 0, 0
65000, 66958536, 1, 0, 0
66008, 66606392, 1, 0, 0
67001, 68257225, 1, 0, 0
68004, 66400328, 1, 0, 0
69005, 66465313, 1, 0, 0
70000, 66966598, 1, 0, 0
71000, 66992982, 1, 0, 0
72000, 67279658, 1, 0, 0
73000, 66405268, 1, 0, 0
74008, 66630930, 1, 0, 0
75001, 66263920, 1, 0, 0
76000, 66779929, 1, 0, 0
77000, 67328718, 1, 0, 0
78001, 66436073, 1, 0, 0
79005, 66706403, 1, 0, 0
80000, 66377411, 1, 0, 0
81000, 66038752, 1, 0, 0
82004, 67400015, 1, 0, 0
83000, 66801923, 1, 0, 0
84000, 66738364, 1, 0, 0
85001, 66438134, 1, 0, 0
86000, 67241265, 1, 0, 0
87004, 67147779, 1, 0, 0
88000, 66495955, 1, 0, 0
89009, 65990519, 1, 0, 0
90000, 67079050, 1, 0, 0
91000, 66934232, 1, 0, 0
92001, 66613990, 1, 0, 0
93000, 67156141, 1, 0, 0
94002, 66418103, 1, 0, 0
95000, 66455629, 1, 0, 0
96000, 66620592, 1, 0, 0
97000, 67345895, 1, 0, 0
98000, 66436258, 1, 0, 0
99000, 66169065, 1, 0, 0
100000, 67092990, 1, 0, 0
101000, 67026678, 1, 0, 0
102002, 67079298, 1, 0, 0
103001, 67047731, 1, 0, 0
104003, 67069994, 1, 0, 0
105000, 67127888, 1, 0, 0
106001, 66390695, 1, 0, 0
107000, 67736748, 1, 0, 0
108000, 66871579, 1, 0, 0
109006, 67329690, 1, 0, 0
110000, 66532678, 1, 0, 0
111000, 66281716, 1, 0, 0
112000, 67109072, 1, 0, 0
113000, 66593578, 1, 0, 0
114000, 66058613, 1, 0, 0
115000, 66845673, 1, 0, 0
116002, 65977141, 1, 0, 0
117006, 66460739, 1, 0, 0
118000, 67322647, 1, 0, 0
119000, 67690352, 1, 0, 0
120005, 66782395, 1, 0, 0
121000, 66287188, 1, 0, 0
122000, 67515935, 1, 0, 0
123007, 66828856, 1, 0, 0
124001, 66653155, 1, 0, 0
125001, 66951342, 1, 0, 0
126000, 66650090, 1, 0, 0
127001, 66437306, 1, 0, 0
128004, 68015486, 1, 0, 0
129000, 66803678, 1, 0, 0
130002, 67141040, 1, 0, 0
131000, 67503040, 1, 0, 0
132000, 66179155, 1, 0, 0
133001, 67624687, 1, 0, 0
134000, 66113134, 1, 0, 0
135000, 66541303, 1, 0, 0
136003, 67686692, 1, 0, 0
137000, 66796021, 1, 0, 0
138000, 66864960, 1, 0, 0
139000, 66892906, 1, 0, 0
140000, 66855092, 1, 0, 0
141005, 67580790, 1, 0, 0
142000, 66621392, 1, 0, 0
143000, 67637116, 1, 0, 0
144001, 66663199, 1, 0, 0
145000, 66540886, 1, 0, 0
146005, 66620644, 1, 0, 0
147000, 68212920, 1, 0, 0
148000, 66475754, 1, 0, 0
149007, 67495043, 1, 0, 0
150000, 66401889, 1, 0, 0
151009, 67202528, 1, 0, 0
152002, 67648811, 1, 0, 0
153000, 66686634, 1, 0, 0
154003, 67307847, 1, 0, 0
155000, 67396827, 1, 0, 0
156009, 66811267, 1, 0, 0
157000, 66833414, 1, 0, 0
158000, 67091590, 1, 0, 0
159003, 67294262, 1, 0, 0
160004, 66380144, 1, 0, 0
161008, 67071564, 1, 0, 0
162001, 67032737, 1, 0, 0
163000, 66604976, 1, 0, 0
164007, 66259819, 1, 0, 0
165000, 67281276, 1, 0, 0
166001, 67340324, 1, 0, 0
167000, 67846935, 1, 0, 0
168000, 66598590, 1, 0, 0
169008, 66399056, 1, 0, 0
170001, 67917453, 1, 0, 0
171000, 65648680, 1, 0, 0
172004, 67262462, 1, 0, 0
173000, 66379410, 1, 0, 0
174001, 67268350, 1, 0, 0
175000, 66863972, 1, 0, 0
176000, 67696144, 1, 0, 0
177001, 67171447, 1, 0, 0
178000, 66497193, 1, 0, 0
179005, 66348105, 1, 0, 0
180001, 67433602, 1, 0, 0
180058, 94762752, 1, 0, 0
