1010, 93610, 0, 0, 0
2004, 248362, 0, 0, 0
3001, 2368, 0, 0, 0
4011, 8739, 0, 0, 0
5007, 8623, 0, 0, 0
6000, 11907, 0, 0, 0
7010, 12227, 0, 0, 0
8005, 8790, 0, 0, 0
9002, 10669, 0, 0, 0
10000, 2778, 0, 0, 0
11008, 6176, 0, 0, 0
12005, 85648, 0, 0, 0
13000, 25930, 0, 0, 0
14000, 206184, 0, 0, 0
15006, 35728, 0, 0, 0
16000, 4237, 0, 0, 0
17008, 11458, 0, 0, 0
18002, 9219, 0, 0, 0
19004, 6832, 0, 0, 0
20006, 3278, 0, 0, 0
21000, 3672, 0, 0, 0
22002, 7339, 0, 0, 0
23005, 2497, 0, 0, 0
24000, 8859, 0, 0, 0
25010, 16240, 0, 0, 0
26001, 9856, 0, 0, 0
27000, 3106, 0, 0, 0
28006, 28551, 0, 0, 0
29000, 166974, 0, 0, 0
30004, 617948, 0, 0, 0
31003, 348654, 0, 0, 0
32000, 41195, 0, 0, 0
33010, 82624, 0, 0, 0
34006, 105470, 0, 0, 0
35002, 276758, 0, 0, 0
36001, 41868, 0, 0, 0
37006, 184187, 0, 0, 0
38001, 18741, 0, 0, 0
39008, 217738, 0, 0, 0
40003, 307013, 0, 0, 0
41000, 43796, 0, 0, 0
42000, 107475, 0, 0, 0
43002, 23613, 0, 0, 0
44000, 9163, 0, 0, 0
45006, 2863, 0, 0, 0
46003, 6620, 0, 0, 0
47000, 78755, 0, 0, 0
48000, 8216, 0, 0, 0
49000, 10524, 0, 0, 0
50001, 8705, 0, 0, 0
51004, 28170, 0, 0, 0
52004, 25225, 0, 0, 0
53001, 99300, 0, 0, 0
54005, 35894, 0, 0, 0
55000, 18951, 0, 0, 0
56000, 101591, 0, 0, 0
57003, 13385, 0, 0, 0
58001, 138349, 0, 0, 0
59009, 129105, 0, 0, 0
60004, 120672, 0, 0, 0
61000, 6000, 0, 0, 0
62008, 3137, 0, 0, 0
63001, 3422, 0, 0, 0
64000, 3437, 0, 0, 0
65002, 5224, 0, 0, 0
66000, 12526, 0, 0, 0
67000, 160607, 0, 0, 0
68002, 219510, 0, 0, 0
69000, 214202, 0, 0, 0
70006, 14363, 0, 0, 0
71003, 230418, 0, 0, 0
72001, 4839, 0, 0, 0
73007, 16708, 0, 0, 0
74002, 786087, 0, 0, 0
75000, 1216252, 0, 0, 0
76004, 578753, 0, 0, 0
77001, 800813, 0, 0, 0
78013, 1561511, 0, 0, 0
79006, 1818303, 0, 0, 0
80000, 1394262, 0, 0, 0
81005, 1439345, 0, 0, 0
82001, 1728172, 0, 0, 0
83000, 1488865, 0, 0, 0
84005, 1622013, 0, 0, 0
85003, 1123728, 0, 0, 0
86000, 101825, 0, 0, 0
87009, 24976, 0, 0, 0
88008, 712089, 0, 0, 0
89000, 209277, 0, 0, 0
90012, 753577, 0, 0, 0
91001, 280442, 0, 0, 0
92000, 357053, 0, 0, 0
93007, 600852, 0, 0, 0
94001, 185824, 0, 0, 0
95000, 14403, 0, 0, 0
96003, 104836, 0, 0, 0
97003, 13908, 0, 0, 0
98003, 5675, 0, 0, 0
99002, 540664, 0, 0, 0
100001, 1680092, 0, 0, 0
101007, 1625648, 0, 0, 0
102003, 1933748, 0, 0, 0
103001, 2013659, 0, 0, 0
104002, 2635454, 0, 0, 0
105000, 1643812, 0, 0, 0
106000, 2150557, 0, 0, 0
107007, 1508004, 0, 0, 0
108000, 2000125, 0, 0, 0
109009, 124460, 0, 0, 0
110003, 190249, 0, 0, 0
111010, 174234, 0, 0, 0
112003, 119973, 0, 0, 0
113000, 102969, 0, 0, 0
114005, 82052, 0, 0, 0
115000, 78928, 0, 0, 0
116010, 33598, 0, 0, 0
117005, 40388, 0, 0, 0
118001, 4497, 0, 0, 0
119000, 14318, 0, 0, 0
120004, 189062, 0, 0, 0
121000, 34346, 0, 0, 0
122008, 134592, 0, 0, 0
123000, 203570, 0, 0, 0
124007, 127485, 0, 0, 0
125001, 13017, 0, 0, 0
126008, 11911, 0, 0, 0
127000, 378695, 0, 0, 0
128000, 40483, 0, 0, 0
129005, 180958, 0, 0, 0
130000, 59210, 0, 0, 0
131000, 99565, 0, 0, 0
132000, 40235, 0, 0, 0
133000, 204602, 0, 0, 0
134000, 59853, 0, 0, 0
135006, 539089, 0, 0, 0
136002, 1065649, 0, 0, 0
137001, 1363119, 0, 0, 0
138001, 1296888, 0, 0, 0
139003, 1583775, 0, 0, 0
140001, 836719, 0, 0, 0
141006, 1296587, 0, 0, 0
142001, 1455301, 0, 0, 0
143000, 1769805, 0, 0, 0
144005, 921542, 0, 0, 0
145000, 16822, 0, 0, 0
146000, 19410, 0, 0, 0
147008, 94999, 0, 0, 0
148000, 2483, 0, 0, 0
149000, 2505, 0, 0, 0
150000, 2661, 0, 0, 0
151000, 2452, 0, 0, 0
152001, 2524, 0, 0, 0
153000, 2566, 0, 0, 0
154008, 2507, 0, 0, 0
155002, 2612, 0, 0, 0
156010, 2520, 0, 0, 0
157002, 3078, 0, 0, 0
158000, 2552, 0, 0, 0
159004, 2641, 0, 0, 0
160000, 9566, 0, 0, 0
161000, 8111, 0, 0, 0
162000, 27205, 0, 0, 0
163001, 95468, 0, 0, 0
164010, 8633, 0, 0, 0
165001, 9177, 0, 0, 0
166000, 18847, 0, 0, 0
167011, 81237, 0, 0, 0
168006, 1514365, 0, 0, 0
169000, 531677, 0, 0, 0
170010, 2552, 0, 0, 0
171000, 3915, 0, 0, 0
172001, 2501, 0, 0, 0
173000, 2630, 0, 0, 0
174008, 96008, 0, 0, 0
175001, 17857, 0, 0, 0
176000, 76451, 0, 0, 0
177006, 2632, 0, 0, 0
178000, 15537, 0, 0, 0
179008, 8611, 0, 0, 0
180101, 9853, 0, 0, 0
