1001, 520, 0, 0, 0
2001, 473, 0, 0, 0
3002, 491, 0, 0, 0
4002, 468, 0, 0, 0
5002, 485, 0, 0, 0
6002, 484, 0, 0, 0
7001, 465, 0, 0, 0
8001, 484, 0, 0, 0
9002, 489, 0, 0, 0
10002, 475, 0, 0, 0
11001, 467, 0, 0, 0
12001, 480, 0, 0, 0
13002, 495, 0, 0, 0
14002, 475, 0, 0, 0
15002, 483, 0, 0, 0
16002, 465, 0, 0, 0
17001, 486, 0, 0, 0
18002, 484, 0, 0, 0
19002, 473, 0, 0, 0
20002, 493, 0, 0, 0
21001, 468, 0, 0, 0
22001, 489, 0, 0, 0
23002, 464, 0, 0, 0
24001, 485, 0, 0, 0
25002, 477, 0, 0, 0
26001, 482, 0, 0, 0
27002, 480, 0, 0, 0
28002, 468, 0, 0, 0
29002, 476, 0, 0, 0
30002, 485, 0, 0, 0
31001, 475, 0, 0, 0
32002, 466, 0, 0, 0
33001, 480, 0, 0, 0
34002, 487, 0, 0, 0
35002, 463, 0, 0, 0
36001, 489, 0, 0, 0
37001, 467, 0, 0, 0
38002, 491, 0, 0, 0
39001, 481, 0, 0, 0
40002, 465, 0, 0, 0
41002, 498, 0, 0, 0
42002, 472, 0, 0, 0
43002, 470, 0, 0, 0
44002, 492, 0, 0, 0
45002, 469, 0, 0, 0
46002, 478, 0, 0, 0
47001, 466, 0, 0, 0
48001, 483, 0, 0, 0
49002, 474, 0, 0, 0
50002, 486, 0, 0, 0
51002, 485, 0, 0, 0
52001, 460, 0, 0, 0
53002, 484, 0, 0, 0
54002, 485, 0, 0, 0
55001, 461, 0, 0, 0
56002, 490, 0, 0, 0
57002, 467, 0, 0, 0
58001, 482, 0, 0, 0
59002, 494, 0, 0, 0
60002, 465, 0, 0, 0
61002, 479, 0, 0, 0
62002, 487, 0, 0, 0
63001, 488, 0, 0, 0
64002, 454, 0, 0, 0
65001, 486, 0, 0, 0
66002, 486, 0, 0, 0
67002, 462, 0, 0, 0
68002, 489, 0, 0, 0
69002, 454, 0, 0, 0
70002, 487, 0, 0, 0
71002, 489, 0, 0, 0
72001, 461, 0, 0, 0
73002, 492, 0, 0, 0
74002, 482, 0, 0, 0
75001, 482, 0, 0, 0
76002, 473, 0, 0, 0
77001, 483, 0, 0, 0
78002, 458, 0, 0, 0
79001, 492, 0, 0, 0
80002, 468, 0, 0, 0
81002, 481, 0, 0, 0
82002, 493, 0, 0, 0
83002, 479, 0, 0, 0
84001, 472, 0, 0, 0
85002, 471, 0, 0, 0
86002, 481, 0, 0, 0
87001, 489, 0, 0, 0
88001, 482, 0, 0, 0
89001, 471, 0, 0, 0
90001, 477, 0, 0, 0
91002, 460, 0, 0, 0
92002, 488, 0, 0, 0
93001, 476, 0, 0, 0
94002, 469, 0, 0, 0
95002, 486, 0, 0, 0
96002, 472, 0, 0, 0
97002, 489, 0, 0, 0
98002, 485, 0, 0, 0
99001, 481, 0, 0, 0
100002, 469, 0, 0, 0
101001, 483, 0, 0, 0
102002, 470, 0, 0, 0
103001, 469, 0, 0, 0
104002, 492, 0, 0, 0
105001, 483, 0, 0, 0
106001, 463, 0, 0, 0
107002, 477, 0, 0, 0
108002, 480, 0, 0, 0
109001, 484, 0, 0, 0
110001, 477, 0, 0, 0
111002, 466, 0, 0, 0
112001, 487, 0, 0, 0
113001, 492, 0, 0, 0
114002, 483, 0, 0, 0
115002, 467, 0, 0, 0
116002, 513, 0, 0, 0
117001, 485, 0, 0, 0
118002, 464, 0, 0, 0
119002, 476, 0, 0, 0
120001, 483, 0, 0, 0
121001, 465, 0, 0, 0
122002, 487, 0, 0, 0
123001, 463, 0, 0, 0
124001, 489, 0, 0, 0
125002, 475, 0, 0, 0
126002, 487, 0, 0, 0
127002, 480, 0, 0, 0
128002, 475, 0, 0, 0
129001, 477, 0, 0, 0
130001, 484, 0, 0, 0
131002, 485, 0, 0, 0
132001, 461, 0, 0, 0
133002, 490, 0, 0, 0
134002, 462, 0, 0, 0
135001, 485, 0, 0, 0
136002, 473, 0, 0, 0
137001, 472, 0, 0, 0
138002, 473, 0, 0, 0
139002, 475, 0, 0, 0
140002, 478, 0, 0, 0
141002, 493, 0, 0, 0
142002, 464, 0, 0, 0
143002, 488, 0, 0, 0
144002, 487, 0, 0, 0
145002, 457, 0, 0, 0
146001, 486, 0, 0, 0
147002, 485, 0, 0, 0
148001, 472, 0, 0, 0
149002, 492, 0, 0, 0
150001, 477, 0, 0, 0
151002, 472, 0, 0, 0
152002, 485, 0, 0, 0
153002, 479, 0, 0, 0
154002, 453, 0, 0, 0
155002, 483, 0, 0, 0
156001, 484, 0, 0, 0
157002, 468, 0, 0, 0
158002, 476, 0, 0, 0
159002, 491, 0, 0, 0
160001, 467, 0, 0, 0
161002, 492, 0, 0, 0
162002, 474, 0, 0, 0
163002, 460, 0, 0, 0
164002, 485, 0, 0, 0
165002, 492, 0, 0, 0
166002, 468, 0, 0, 0
167002, 483, 0, 0, 0
168002, 487, 0, 0, 0
169002, 475, 0, 0, 0
170002, 490, 0, 0, 0
171001, 488, 0, 0, 0
172002, 465, 0, 0, 0
173001, 474, 0, 0, 0
174001, 487, 0, 0, 0
175002, 469, 0, 0, 0
176001, 497, 0, 0, 0
177002, 510, 0, 0, 0
178001, 467, 0, 0, 0
179002, 485, 0, 0, 0
180001, 460, 0, 0, 0
