1000, 2018, 0, 0, 0
2033, 2198, 0, 0, 0
3001, 2152, 0, 0, 0
4000, 2222, 0, 0, 0
5018, 1952, 0, 0, 0
6001, 2183, 0, 0, 0
7000, 2350, 0, 0, 0
8025, 2484, 0, 0, 0
9000, 2246, 0, 0, 0
10032, 2147, 0, 0, 0
11000, 2092, 0, 0, 0
12000, 2240, 0, 0, 0
13018, 2316, 0, 0, 0
14028, 2126, 0, 0, 0
15021, 2165, 0, 0, 0
16018, 2233, 0, 0, 0
17002, 2280, 0, 0, 0
18000, 2198, 0, 0, 0
19017, 2227, 0, 0, 0
20001, 2191, 0, 0, 0
21019, 2167, 0, 0, 0
22030, 2296, 0, 0, 0
23018, 2260, 0, 0, 0
24021, 2163, 0, 0, 0
25001, 2257, 0, 0, 0
26000, 2392, 0, 0, 0
27019, 2216, 0, 0, 0
28031, 2129, 0, 0, 0
29013, 2195, 0, 0, 0
30000, 2107, 0, 0, 0
31021, 2211, 0, 0, 0
32017, 2241, 0, 0, 0
33000, 2253, 0, 0, 0
34020, 2318, 0, 0, 0
35031, 2152, 0, 0, 0
36025, 2301, 0, 0, 0
37019, 2067, 0, 0, 0
38029, 1901, 0, 0, 0
39000, 1983, 0, 0, 0
40021, 2073, 0, 0, 0
41030, 2038, 0, 0, 0
42000, 2201, 0, 0, 0
43000, 2115, 0, 0, 0
44018, 2070, 0, 0, 0
45001, 2052, 0, 0, 0
46022, 2062, 0, 0, 0
47019, 2316, 0, 0, 0
48001, 2173, 0, 0, 0
49000, 2148, 0, 0, 0
50018, 2175, 0, 0, 0
51018, 2196, 0, 0, 0
52000, 2234, 0, 0, 0
53019, 2312, 0, 0, 0
54031, 2124, 0, 0, 0
55024, 2328, 0, 0, 0
56020, 2011, 0, 0, 0
57001, 2169, 0, 0, 0
58017, 2074, 0, 0, 0
59001, 2052, 0, 0, 0
60000, 2183, 0, 0, 0
61017, 2025, 0, 0, 0
62000, 2215, 0, 0, 0
63001, 2027, 0, 0, 0
64000, 2117, 0, 0, 0
65001, 1992, 0, 0, 0
66017, 2265, 0, 0, 0
67000, 2041, 0, 0, 0
68020, 2251, 0, 0, 0
69032, 2184, 0, 0, 0
70000, 2050, 0, 0, 0
71020, 1927, 0, 0, 0
72001, 2134, 0, 0, 0
73000, 2038, 0, 0, 0
74030, 1915, 0, 0, 0
75000, 2262, 0, 0, 0
76018, 2277, 0, 0, 0
77028, 2152, 0, 0, 0
78022, 2262, 0, 0, 0
79032, 2178, 0, 0, 0
80018, 2167, 0, 0, 0
81018, 2265, 0, 0, 0
82001, 2089, 0, 0, 0
83019, 1984, 0, 0, 0
84000, 2399, 0, 0, 0
85000, 2003, 0, 0, 0
86000, 1898, 0, 0, 0
87001, 1962, 0, 0, 0
88032, 2064, 0, 0, 0
89001, 2373, 0, 0, 0
90020, 2348, 0, 0, 0
91000, 2204, 0, 0, 0
92025, 2299, 0, 0, 0
93018, 2156, 0, 0, 0
94001, 2383, 0, 0, 0
95022, 2201, 0, 0, 0
96018, 2385, 0, 0, 0
97000, 2248, 0, 0, 0
98018, 2638, 0, 0, 0
99001, 2240, 0, 0, 0
100022, 2335, 0, 0, 0
101019, 2336, 0, 0, 0
102000, 2284, 0, 0, 0
103018, 2409, 0, 0, 0
104028, 2042, 0, 0, 0
105000, 2153, 0, 0, 0
106020, 2284, 0, 0, 0
107000, 2336, 0, 0, 0
108018, 2295, 0, 0, 0
109029, 2314, 0, 0, 0
110000, 2294, 0, 0, 0
111032, 2205, 0, 0, 0
112000, 2204, 0, 0, 0
113021, 2351, 0, 0, 0
114030, 2264, 0, 0, 0
115024, 2186, 0, 0, 0
116019, 2282, 0, 0, 0
117000, 2269, 0, 0, 0
118023, 2290, 0, 0, 0
119017, 2342, 0, 0, 0
120000, 2401, 0, 0, 0
121019, 2309, 0, 0, 0
122019, 2383, 0, 0, 0
123000, 2313, 0, 0, 0
124017, 2293, 0, 0, 0
125022, 2349, 0, 0, 0
126000, 2194, 0, 0, 0
127001, 2499, 0, 0, 0
128030, 2292, 0, 0, 0
129019, 2239, 0, 0, 0
130017, 2289, 0, 0, 0
131000, 2595, 0, 0, 0
132021, 2367, 0, 0, 0
133023, 2371, 0, 0, 0
134000, 2245, 0, 0, 0
135017, 2159, 0, 0, 0
136023, 2150, 0, 0, 0
137018, 2131, 0, 0, 0
138024, 2106, 0, 0, 0
139001, 2145, 0, 0, 0
140021, 2134, 0, 0, 0
141020, 2211, 0, 0, 0
142023, 2105, 0, 0, 0
143017, 2393, 0, 0, 0
144020, 2304, 0, 0, 0
145021, 2165, 0, 0, 0
146018, 2014, 0, 0, 0
147000, 2231, 0, 0, 0
148020, 2288, 0, 0, 0
149001, 2085, 0, 0, 0
150019, 2179, 0, 0, 0
151019, 2324, 0, 0, 0
152001, 2286, 0, 0, 0
153020, 2134, 0, 0, 0
154000, 2174, 0, 0, 0
155020, 2195, 0, 0, 0
156000, 2273, 0, 0, 0
157000, 2123, 0, 0, 0
158001, 2162, 0, 0, 0
159030, 2197, 0, 0, 0
160000, 2116, 0, 0, 0
161018, 2070, 0, 0, 0
162001, 2222, 0, 0, 0
163000, 2007, 0, 0, 0
164030, 2273, 0, 0, 0
165001, 1990, 0, 0, 0
166018, 1996, 0, 0, 0
167021, 2238, 0, 0, 0
168001, 2102, 0, 0, 0
169019, 1781, 0, 0, 0
170030, 2134, 0, 0, 0
171001, 2022, 0, 0, 0
172020, 2223, 0, 0, 0
173001, 2045, 0, 0, 0
174031, 2129, 0, 0, 0
175000, 2291, 0, 0, 0
176019, 1951, 0, 0, 0
177000, 2028, 0, 0, 0
178000, 2267, 0, 0, 0
179016, 2038, 0, 0, 0
180001, 2485, 0, 0, 0
