1032, 116343373, 1, 0, 0
2001, 127284466, 1, 0, 0
3002, 146369438, 1, 0, 0
4032, 154246186, 1, 0, 0
5001, 159812214, 1, 0, 0
6003, 149671024, 1, 0, 0
7001, 138666013, 1, 0, 0
8000, 127838443, 1, 0, 0
9001, 139931660, 1, 0, 0
10000, 120349149, 1, 0, 0
11000, 124473866, 1, 0, 0
12000, 127864454, 1, 0, 0
13000, 128231826, 1, 0, 0
14000, 130899300, 1, 0, 0
15002, 129581803, 1, 0, 0
16002, 127353707, 1, 0, 0
17002, 124686754, 1, 0, 0
18000, 126168601, 1, 0, 0
19000, 125647872, 1, 0, 0
20000, 124225155, 1, 0, 0
21001, 126604921, 1, 0, 0
22001, 119436098, 1, 0, 0
23000, 123577834, 1, 0, 0
24002, 120381865, 1, 0, 0
25000, 120882294, 1, 0, 0
26028, 120525572, 1, 0, 0
27004, 119284598, 1, 0, 0
28001, 121488227, 1, 0, 0
29000, 121491109, 1, 0, 0
30000, 123083572, 1, 0, 0
31000, 119900705, 1, 0, 0
32000, 121298495, 1, 0, 0
33000, 120578066, 1, 0, 0
34001, 117812864, 1, 0, 0
35001, 119436265, 1, 0, 0
36000, 125409506, 1, 0, 0
37003, 126950390, 1, 0, 0
38000, 123953977, 1, 0, 0
39000, 123528643, 1, 0, 0
40003, 128143941, 1, 0, 0
41000, 124590974, 1, 0, 0
42000, 122893144, 1, 0, 0
43000, 124734109, 1, 0, 0
44000, 120902767, 1, 0, 0
45001, 122230469, 1, 0, 0
46001, 126362642, 1, 0, 0
47001, 123641316, 1, 0, 0
48000, 125400072, 1, 0, 0
49000, 122029815, 1, 0, 0
50002, 120330921, 1, 0, 0
51000, 131094337, 1, 0, 0
52041, 130182305, 1, 0, 0
53000, 130568033, 1, 0, 0
54000, 130857229, 1, 0, 0
55001, 130665059, 1, 0, 0
56000, 131653399, 1, 0, 0
57001, 129842814, 1, 0, 0
58000, 128376932, 1, 0, 0
59000, 128158460, 1, 0, 0
60000, 130795151, 1, 0, 0
61000, 131395350, 1, 0, 0
62001, 126199931, 1, 0, 0
63040, 125116944, 1, 0, 0
64000, 126335588, 1, 0, 0
65000, 125338177, 1, 0, 0
66001, 127142106, 1, 0, 0
67000, 135911555, 1, 0, 0
68000, 132596854, 1, 0, 0
69000, 131629832, 1, 0, 0
70000, 131357046, 1, 0, 0
71002, 131840819, 1, 0, 0
72000, 135220941, 1, 0, 0
73005, 138771279, 1, 0, 0
74000, 132859166, 1, 0, 0
75000, 131681662, 1, 0, 0
76000, 136633181, 1, 0, 0
77000, 140360907, 1, 0, 0
78002, 136685136, 1, 0, 0
79001, 138657597, 1, 0, 0
80005, 137847845, 1, 0, 0
81000, 135639986, 1, 0, 0
82001, 136063680, 1, 0, 0
83033, 134632937, 1, 0, 0
84000, 133740368, 1, 0, 0
85000, 131958837, 1, 0, 0
86000, 130149310, 1, 0, 0
87001, 131541498, 1, 0, 0
88000, 130622942, 1, 0, 0
89000, 132034683, 1, 0, 0
90000, 131565645, 1, 0, 0
91003, 137628254, 1, 0, 0
92000, 134298819, 1, 0, 0
93001, 133098316, 1, 0, 0
94001, 131483300, 1, 0, 0
95000, 132613900, 1, 0, 0
96000, 126510274, 1, 0, 0
97000, 125214106, 1, 0, 0
98000, 122150286, 1, 0, 0
99001, 120738673, 1, 0, 0
100001, 126215109, 1, 0, 0
101000, 125811117, 1, 0, 0
102001, 121511020, 1, 0, 0
103000, 128005637, 1, 0, 0
104000, 129344513, 1, 0, 0
105000, 130610074, 1, 0, 0
106002, 132513203, 1, 0, 0
107000, 134162774, 1, 0, 0
108002, 135802287, 1, 0, 0
109004, 144664118, 1, 0, 0
110005, 138317471, 1, 0, 0
111002, 134636983, 1, 0, 0
112001, 142955360, 1, 0, 0
113001, 147472498, 1, 0, 0
114000, 122438666, 1, 0, 0
115000, 136743662, 1, 0, 0
116000, 162959938, 1, 0, 0
117001, 144236139, 1, 0, 0
118002, 149466042, 1, 0, 0
119000, 148868647, 1, 0, 0
120000, 147368276, 1, 0, 0
121000, 152982202, 1, 0, 0
122006, 146036182, 1, 0, 0
123000, 137542321, 1, 0, 0
124003, 137674929, 1, 0, 0
125000, 130265169, 1, 0, 0
126000, 125669201, 1, 0, 0
127001, 124860575, 1, 0, 0
128003, 136987186, 1, 0, 0
129000, 161313310, 1, 0, 0
130000, 125330424, 1, 0, 0
131001, 127395312, 1, 0, 0
132001, 126892807, 1, 0, 0
133028, 126137299, 1, 0, 0
134000, 127348974, 1, 0, 0
135001, 122109363, 1, 0, 0
136000, 121618953, 1, 0, 0
137000, 121174169, 1, 0, 0
138000, 118193424, 1, 0, 0
139001, 116663051, 1, 0, 0
140000, 125134095, 1, 0, 0
141001, 125893155, 1, 0, 0
142001, 128050501, 1, 0, 0
143000, 124064076, 1, 0, 0
144000, 119836962, 1, 0, 0
145000, 121727785, 1, 0, 0
146000, 129906567, 1, 0, 0
147001, 127794248, 1, 0, 0
148001, 130075874, 1, 0, 0
149001, 131251313, 1, 0, 0
150000, 131449672, 1, 0, 0
151001, 132803560, 1, 0, 0
152000, 135223602, 1, 0, 0
153000, 134804637, 1, 0, 0
154002, 130841248, 1, 0, 0
155000, 136305464, 1, 0, 0
156003, 135065030, 1, 0, 0
157033, 133601992, 1, 0, 0
158000, 136164278, 1, 0, 0
159000, 140015296, 1, 0, 0
160001, 132987553, 1, 0, 0
161000, 138235056, 1, 0, 0
162002, 140152189, 1, 0, 0
163044, 138268027, 1, 0, 0
164002, 136647072, 1, 0, 0
165000, 148175292, 1, 0, 0
166000, 137745056, 1, 0, 0
167002, 147966663, 1, 0, 0
168000, 141174030, 1, 0, 0
169004, 142402222, 1, 0, 0
170001, 143450862, 1, 0, 0
171001, 138892331, 1, 0, 0
172000, 139052442, 1, 0, 0
173000, 141426942, 1, 0, 0
174004, 131890485, 1, 0, 0
175000, 134296989, 1, 0, 0
176001, 139833240, 1, 0, 0
177031, 130844782, 1, 0, 0
178001, 141595506, 1, 0, 0
179000, 129573455, 1, 0, 0
180000, 129223524, 1, 0, 0
180111, 173217509, 1, 0, 0
