1013, 1907317, 1, 0, 0
2001, 2202493, 1, 0, 0
3001, 2132583, 1, 0, 0
4009, 2038443, 1, 0, 0
5004, 2069530, 1, 0, 0
6000, 2059437, 1, 0, 0
7008, 2149402, 1, 0, 0
8003, 2067880, 1, 0, 0
9011, 2112181, 1, 0, 0
10004, 2129757, 1, 0, 0
11000, 2068652, 1, 0, 0
12001, 2157142, 1, 0, 0
13003, 2200663, 1, 0, 0
14000, 2050580, 1, 0, 0
15002, 2226165, 1, 0, 0
16000, 2091746, 1, 0, 0
17000, 2060728, 1, 0, 0
18001, 2097514, 1, 0, 0
19001, 2113713, 1, 0, 0
20013, 2179311, 1, 0, 0
21006, 2063440, 1, 0, 0
22000, 2165233, 1, 0, 0
23004, 2103508, 1, 0, 0
24001, 2098460, 1, 0, 0
25001, 2158810, 1, 0, 0
26005, 2098737, 1, 0, 0
27033, 2277316, 1, 0, 0
28000, 2036683, 1, 0, 0
29010, 2088579, 1, 0, 0
30004, 2101395, 1, 0, 0
31000, 2065637, 1, 0, 0
32009, 2099981, 1, 0, 0
33000, 2047630, 1, 0, 0
34009, 2126492, 1, 0, 0
35002, 2047583, 1, 0, 0
36000, 2094754, 1, 0, 0
37004, 2207415, 1, 0, 0
38006, 2021899, 1, 0, 0
39000, 2156346, 1, 0, 0
40000, 2158238, 1, 0, 0
41006, 2081127, 1, 0, 0
42000, 2075700, 1, 0, 0
43002, 2139241, 1, 0, 0
44005, 2198510, 1, 0, 0
45000, 2059654, 1, 0, 0
46001, 2071360, 1, 0, 0
47000, 2038207, 1, 0, 0
48009, 2136131, 1, 0, 0
49003, 2090880, 1, 0, 0
50013, 2171890, 1, 0, 0
51006, 2090457, 1, 0, 0
52003, 2097392, 1, 0, 0
53000, 2102419, 1, 0, 0
54000, 2167739, 1, 0, 0
55009, 2260707, 1, 0, 0
56006, 2076472, 1, 0, 0
57000, 2088245, 1, 0, 0
58011, 2186719, 1, 0, 0
59006, 2148455, 1, 0, 0
60001, 2071646, 1, 0, 0
61004, 2133647, 1, 0, 0
62008, 2103192, 1, 0, 0
63001, 2055652, 1, 0, 0
64004, 2062174, 1, 0, 0
65002, 2139924, 1, 0, 0
66001, 1965630, 1, 0, 0
67011, 2082197, 1, 0, 0
68000, 1974111, 1, 0, 0
69006, 2102606, 1, 0, 0
70000, 2027921, 1, 0, 0
71001, 2223872, 1, 0, 0
72006, 2119891, 1, 0, 0
73000, 2040033, 1, 0, 0
74007, 2155697, 1, 0, 0
75001, 2055789, 1, 0, 0
76011, 2052354, 1, 0, 0
77005, 2056024, 1, 0, 0
78000, 2060357, 1, 0, 0
79007, 2135976, 1, 0, 0
80000, 2094059, 1, 0, 0
81011, 2067433, 1, 0, 0
82007, 2044618, 1, 0, 0
83001, 2130960, 1, 0, 0
84010, 2180215, 1, 0, 0
85005, 2037120, 1, 0, 0
86000, 1972712, 1, 0, 0
87005, 2129389, 1, 0, 0
88000, 2033182, 1, 0, 0
89012, 2068882, 1, 0, 0
90005, 2047376, 1, 0, 0
91005, 2112883, 1, 0, 0
92000, 2132891, 1, 0, 0
93007, 2075949, 1, 0, 0
94000, 2099663, 1, 0, 0
95005, 2024332, 1, 0, 0
96000, 2006010, 1, 0, 0
97013, 2082927, 1, 0, 0
98010, 2041137, 1, 0, 0
99006, 2087689, 1, 0, 0
100002, 2083704, 1, 0, 0
101000, 2082207, 1, 0, 0
102000, 2085795, 1, 0, 0
103002, 2087392, 1, 0, 0
104000, 1958609, 1, 0, 0
105010, 2161725, 1, 0, 0
106004, 1996266, 1, 0, 0
107000, 2077467, 1, 0, 0
108007, 2055316, 1, 0, 0
109001, 2123170, 1, 0, 0
110012, 2082538, 1, 0, 0
111000, 2028655, 1, 0, 0
112000, 2047075, 1, 0, 0
113005, 2161368, 1, 0, 0
114006, 2003998, 1, 0, 0
115004, 2193998, 1, 0, 0
116003, 2134138, 1, 0, 0
117004, 2003402, 1, 0, 0
118013, 2075363, 1, 0, 0
119002, 2034269, 1, 0, 0
120002, 2096996, 1, 0, 0
121007, 2127913, 1, 0, 0
122004, 2001113, 1, 0, 0
123001, 2041486, 1, 0, 0
124006, 2067682, 1, 0, 0
125002, 2048544, 1, 0, 0
126000, 2108897, 1, 0, 0
127012, 2176183, 1, 0, 0
128000, 2060321, 1, 0, 0
129000, 2119049, 1, 0, 0
130010, 2193412, 1, 0, 0
131003, 2051636, 1, 0, 0
132013, 2189638, 1, 0, 0
133006, 2071850, 1, 0, 0
134000, 2015190, 1, 0, 0
135000, 2060642, 1, 0, 0
136005, 2138875, 1, 0, 0
137012, 2122609, 1, 0, 0
138001, 2043229, 1, 0, 0
139002, 2083050, 1, 0, 0
140001, 2090017, 1, 0, 0
141009, 2129248, 1, 0, 0
142003, 2092802, 1, 0, 0
143002, 2049717, 1, 0, 0
144004, 2186638, 1, 0, 0
145000, 2084205, 1, 0, 0
146001, 2145189, 1, 0, 0
147003, 2144718, 1, 0, 0
148006, 2068804, 1, 0, 0
149000, 2078202, 1, 0, 0
150000, 2086972, 1, 0, 0
151011, 2131207, 1, 0, 0
152000, 2042461, 1, 0, 0
153001, 2109943, 1, 0, 0
154004, 2138655, 1, 0, 0
155009, 2004864, 1, 0, 0
156002, 2081405, 1, 0, 0
157012, 2120788, 1, 0, 0
158008, 2006625, 1, 0, 0
159000, 2057471, 1, 0, 0
160000, 2094982, 1, 0, 0
161006, 2113021, 1, 0, 0
162005, 2088155, 1, 0, 0
163000, 2039057, 1, 0, 0
164002, 2085874, 1, 0, 0
165003, 2022218, 1, 0, 0
166000, 2049224, 1, 0, 0
167000, 2194036, 1, 0, 0
168001, 2127152, 1, 0, 0
169001, 2069338, 1, 0, 0
170002, 2152130, 1, 0, 0
171001, 2045769, 1, 0, 0
172001, 2045639, 1, 0, 0
173019, 2280883, 1, 0, 0
174002, 2260006, 1, 0, 0
175000, 2010432, 1, 0, 0
176007, 2164091, 1, 0, 0
177002, 2047755, 1, 0, 0
178000, 2116813, 1, 0, 0
179009, 2045434, 1, 0, 0
180002, 2052114, 1, 0, 0
