1000, 8164, 1, 0, 0
2001, 7680, 1, 0, 0
3000, 7639, 1, 0, 0
4000, 7684, 1, 0, 0
5000, 7803, 1, 0, 0
6000, 7708, 1, 0, 0
7001, 7432, 1, 0, 0
8000, 4860, 1, 0, 0
9000, 8236, 1, 0, 0
10000, 7679, 1, 0, 0
11000, 7816, 1, 0, 0
12000, 7759, 1, 0, 0
13000, 7584, 1, 0, 0
14000, 7568, 1, 0, 0
15000, 7839, 1, 0, 0
16000, 7628, 1, 0, 0
17000, 7535, 1, 0, 0
18000, 7580, 1, 0, 0
19001, 7832, 1, 0, 0
20000, 7687, 1, 0, 0
21000, 7608, 1, 0, 0
22000, 7451, 1, 0, 0
23000, 7608, 1, 0, 0
24000, 7932, 1, 0, 0
25000, 7683, 1, 0, 0
26000, 7500, 1, 0, 0
27000, 7711, 1, 0, 0
28000, 7828, 1, 0, 0
29000, 7672, 1, 0, 0
30000, 7639, 1, 0, 0
31000, 7780, 1, 0, 0
32000, 7755, 1, 0, 0
33000, 7624, 1, 0, 0
34001, 7740, 1, 0, 0
35000, 7743, 1, 0, 0
36000, 7764, 1, 0, 0
37000, 7759, 1, 0, 0
38000, 7576, 1, 0, 0
39000, 7755, 1, 0, 0
40000, 7276, 1, 0, 0
41000, 7863, 1, 0, 0
42000, 7588, 1, 0, 0
43001, 7440, 1, 0, 0
44000, 7231, 1, 0, 0
45000, 7792, 1, 0, 0
46000, 7759, 1, 0, 0
47000, 7656, 1, 0, 0
48001, 7424, 1, 0, 0
49000, 7479, 1, 0, 0
50000, 7468, 1, 0, 0
51000, 7719, 1, 0, 0
52000, 7748, 1, 0, 0
53001, 7684, 1, 0, 0
54000, 6714, 1, 0, 0
55000, 7772, 1, 0, 0
56000, 7891, 1, 0, 0
57000, 7564, 1, 0, 0
58000, 7467, 1, 0, 0
59000, 7912, 1, 0, 0
60000, 7364, 1, 0, 0
61000, 7731, 1, 0, 0
62000, 7792, 1, 0, 0
63000, 7687, 1, 0, 0
64000, 7656, 1, 0, 0
65000, 7664, 1, 0, 0
66000, 7659, 1, 0, 0
67000, 7584, 1, 0, 0
68000, 7579, 1, 0, 0
69000, 7680, 1, 0, 0
70000, 7731, 1, 0, 0
71000, 7676, 1, 0, 0
72001, 7636, 1, 0, 0
73000, 7631, 1, 0, 0
74000, 7700, 1, 0, 0
75000, 7839, 1, 0, 0
76000, 7648, 1, 0, 0
77000, 7583, 1, 0, 0
78000, 7692, 1, 0, 0
79001, 7668, 1, 0, 0
80000, 7459, 1, 0, 0
81000, 7900, 1, 0, 0
82000, 7663, 1, 0, 0
83000, 7536, 1, 0, 0
84000, 7679, 1, 0, 0
85000, 7688, 1, 0, 0
86001, 7628, 1, 0, 0
87000, 7667, 1, 0, 0
88000, 7820, 1, 0, 0
89000, 7623, 1, 0, 0
90000, 7672, 1, 0, 0
91000, 7783, 1, 0, 0
92000, 7576, 1, 0, 0
93000, 7791, 1, 0, 0
94000, 7840, 1, 0, 0
95000, 7779, 1, 0, 0
96000, 7476, 1, 0, 0
97000, 7719, 1, 0, 0
98000, 7600, 1, 0, 0
99001, 7632, 1, 0, 0
100000, 7483, 1, 0, 0
101001, 7484, 1, 0, 0
102000, 7431, 1, 0, 0
103000, 7708, 1, 0, 0
104000, 7639, 1, 0, 0
105000, 7552, 1, 0, 0
106000, 7627, 1, 0, 0
107000, 7768, 1, 0, 0
108000, 7559, 1, 0, 0
109000, 7724, 1, 0, 0
110000, 7815, 1, 0, 0
111000, 7616, 1, 0, 0
112000, 7347, 1, 0, 0
113000, 7636, 1, 0, 0
114000, 7724, 1, 0, 0
115000, 7575, 1, 0, 0
116000, 7620, 1, 0, 0
117000, 7711, 1, 0, 0
118000, 7632, 1, 0, 0
119000, 7663, 1, 0, 0
120000, 7752, 1, 0, 0
121001, 7620, 1, 0, 0
122000, 7683, 1, 0, 0
123000, 7556, 1, 0, 0
124000, 7499, 1, 0, 0
125000, 7712, 1, 0, 0
126000, 7619, 1, 0, 0
127000, 7612, 1, 0, 0
128001, 7652, 1, 0, 0
129000, 7651, 1, 0, 0
130001, 7692, 1, 0, 0
131000, 7699, 1, 0, 0
132000, 7796, 1, 0, 0
133000, 7531, 1, 0, 0
134000, 7576, 1, 0, 0
135000, 7575, 1, 0, 0
136000, 7904, 1, 0, 0
137000, 7611, 1, 0, 0
138000, 7772, 1, 0, 0
139000, 7684, 1, 0, 0
140000, 7603, 1, 0, 0
141000, 7560, 1, 0, 0
142000, 7567, 1, 0, 0
143000, 7656, 1, 0, 0
144000, 7703, 1, 0, 0
145000, 7820, 1, 0, 0
146000, 7555, 1, 0, 0
147000, 7684, 1, 0, 0
148000, 7707, 1, 0, 0
149000, 7744, 1, 0, 0
150000, 7611, 1, 0, 0
151000, 7420, 1, 0, 0
152001, 7804, 1, 0, 0
153000, 7615, 1, 0, 0
154001, 7680, 1, 0, 0
155000, 7711, 1, 0, 0
156000, 7560, 1, 0, 0
157000, 7887, 1, 0, 0
158000, 7660, 1, 0, 0
159000, 7651, 1, 0, 0
160000, 7620, 1, 0, 0
161000, 7603, 1, 0, 0
162000, 7756, 1, 0, 0
163001, 7716, 1, 0, 0
164000, 7591, 1, 0, 0
165000, 7684, 1, 0, 0
166000, 7611, 1, 0, 0
167000, 7520, 1, 0, 0
168000, 7651, 1, 0, 0
169000, 7592, 1, 0, 0
170001, 7660, 1, 0, 0
171000, 7335, 1, 0, 0
172000, 6588, 1, 0, 0
173000, 7807, 1, 0, 0
174000, 7608, 1, 0, 0
175000, 7603, 1, 0, 0
176000, 7592, 1, 0, 0
177000, 7648, 1, 0, 0
178000, 7727, 1, 0, 0
179000, 7784, 1, 0, 0
180000, 7599, 1, 0, 0
