999, 490, 1, 0, 0
1999, 476, 1, 0, 0
2999, 472, 1, 0, 0
3999, 524, 1, 0, 0
4999, 473, 1, 0, 0
6000, 483, 1, 0, 0
7001, 484, 1, 0, 0
8000, 488, 1, 0, 0
8999, 476, 1, 0, 0
10000, 486, 1, 0, 0
11000, 481, 1, 0, 0
12000, 481, 1, 0, 0
13000, 478, 1, 0, 0
14000, 473, 1, 0, 0
15000, 470, 1, 0, 0
16000, 473, 1, 0, 0
17000, 487, 1, 0, 0
18000, 476, 1, 0, 0
19000, 486, 1, 0, 0
20000, 487, 1, 0, 0
21000, 477, 1, 0, 0
22000, 468, 1, 0, 0
23000, 482, 1, 0, 0
24000, 473, 1, 0, 0
25000, 476, 1, 0, 0
26000, 480, 1, 0, 0
27000, 473, 1, 0, 0
28000, 464, 1, 0, 0
29000, 475, 1, 0, 0
30000, 475, 1, 0, 0
31000, 492, 1, 0, 0
32000, 477, 1, 0, 0
33000, 477, 1, 0, 0
34000, 484, 1, 0, 0
35000, 478, 1, 0, 0
36000, 476, 1, 0, 0
36999, 476, 1, 0, 0
38000, 476, 1, 0, 0
39000, 473, 1, 0, 0
40000, 466, 1, 0, 0
41000, 477, 1, 0, 0
41999, 470, 1, 0, 0
43000, 475, 1, 0, 0
44000, 485, 1, 0, 0
45000, 480, 1, 0, 0
46000, 482, 1, 0, 0
46999, 483, 1, 0, 0
48000, 473, 1, 0, 0
49000, 475, 1, 0, 0
50000, 472, 1, 0, 0
51000, 481, 1, 0, 0
52000, 486, 1, 0, 0
53000, 481, 1, 0, 0
54000, 489, 1, 0, 0
55000, 468, 1, 0, 0
56000, 480, 1, 0, 0
57000, 469, 1, 0, 0
58000, 475, 1, 0, 0
59000, 467, 1, 0, 0
60000, 479, 1, 0, 0
61000, 480, 1, 0, 0
62000, 473, 1, 0, 0
63000, 478, 1, 0, 0
63999, 472, 1, 0, 0
65000, 469, 1, 0, 0
66000, 474, 1, 0, 0
67000, 471, 1, 0, 0
68000, 476, 1, 0, 0
69000, 476, 1, 0, 0
70000, 474, 1, 0, 0
71000, 474, 1, 0, 0
72000, 483, 1, 0, 0
73000, 475, 1, 0, 0
73999, 480, 1, 0, 0
75000, 485, 1, 0, 0
76000, 485, 1, 0, 0
77000, 467, 1, 0, 0
78000, 485, 1, 0, 0
79000, 470, 1, 0, 0
80000, 474, 1, 0, 0
81000, 483, 1, 0, 0
82000, 480, 1, 0, 0
83000, 477, 1, 0, 0
84000, 479, 1, 0, 0
85000, 472, 1, 0, 0
86000, 480, 1, 0, 0
87000, 480, 1, 0, 0
88000, 473, 1, 0, 0
89000, 477, 1, 0, 0
90000, 469, 1, 0, 0
91000, 485, 1, 0, 0
92000, 485, 1, 0, 0
93000, 484, 1, 0, 0
94000, 483, 1, 0, 0
95000, 475, 1, 0, 0
96000, 477, 1, 0, 0
97000, 479, 1, 0, 0
98000, 487, 1, 0, 0
99000, 471, 1, 0, 0
100000, 483, 1, 0, 0
101000, 484, 1, 0, 0
102000, 474, 1, 0, 0
103000, 479, 1, 0, 0
104000, 481, 1, 0, 0
105000, 477, 1, 0, 0
106000, 468, 1, 0, 0
107000, 476, 1, 0, 0
108000, 466, 1, 0, 0
108999, 490, 1, 0, 0
110000, 471, 1, 0, 0
111000, 473, 1, 0, 0
112000, 484, 1, 0, 0
113000, 479, 1, 0, 0
114000, 471, 1, 0, 0
115000, 489, 1, 0, 0
116000, 476, 1, 0, 0
117000, 474, 1, 0, 0
118000, 477, 1, 0, 0
118999, 479, 1, 0, 0
120000, 466, 1, 0, 0
121000, 477, 1, 0, 0
122000, 484, 1, 0, 0
122999, 474, 1, 0, 0
124000, 486, 1, 0, 0
125000, 483, 1, 0, 0
126000, 479, 1, 0, 0
127000, 475, 1, 0, 0
128000, 483, 1, 0, 0
129000, 483, 1, 0, 0
130000, 471, 1, 0, 0
131000, 465, 1, 0, 0
131999, 481, 1, 0, 0
133000, 485, 1, 0, 0
134000, 489, 1, 0, 0
135000, 475, 1, 0, 0
136000, 477, 1, 0, 0
137000, 483, 1, 0, 0
138000, 484, 1, 0, 0
139000, 471, 1, 0, 0
140000, 477, 1, 0, 0
141000, 479, 1, 0, 0
142000, 480, 1, 0, 0
143000, 467, 1, 0, 0
144000, 483, 1, 0, 0
144999, 462, 1, 0, 0
146000, 485, 1, 0, 0
147000, 481, 1, 0, 0
148000, 479, 1, 0, 0
149000, 483, 1, 0, 0
149999, 478, 1, 0, 0
151000, 488, 1, 0, 0
152000, 466, 1, 0, 0
153000, 477, 1, 0, 0
154000, 485, 1, 0, 0
154999, 470, 1, 0, 0
156000, 477, 1, 0, 0
157000, 486, 1, 0, 0
158000, 472, 1, 0, 0
159000, 484, 1, 0, 0
159999, 477, 1, 0, 0
161000, 475, 1, 0, 0
162000, 486, 1, 0, 0
163000, 480, 1, 0, 0
164000, 482, 1, 0, 0
165000, 486, 1, 0, 0
166000, 483, 1, 0, 0
167000, 484, 1, 0, 0
168000, 470, 1, 0, 0
168999, 470, 1, 0, 0
170000, 477, 1, 0, 0
171000, 481, 1, 0, 0
172000, 478, 1, 0, 0
173000, 475, 1, 0, 0
174000, 479, 1, 0, 0
175000, 480, 1, 0, 0
176000, 476, 1, 0, 0
177000, 482, 1, 0, 0
178000, 481, 1, 0, 0
179000, 475, 1, 0, 0
180000, 479, 1, 0, 0
