1000, 996186, 1, 0, 0
2000, 993364, 1, 0, 0
3000, 987874, 1, 0, 0
4000, 988330, 1, 0, 0
5000, 949913, 1, 0, 0
6000, 977820, 1, 0, 0
7000, 996227, 1, 0, 0
8000, 999304, 1, 0, 0
9000, 1082953, 1, 0, 0
10001, 1086659, 1, 0, 0
11000, 1013961, 1, 0, 0
12000, 973348, 1, 0, 0
13000, 1017250, 1, 0, 0
14001, 1023126, 1, 0, 0
15000, 1035490, 1, 0, 0
16000, 1004596, 1, 0, 0
17000, 986817, 1, 0, 0
18000, 1013960, 1, 0, 0
19000, 1004924, 1, 0, 0
20000, 993770, 1, 0, 0
21000, 1007643, 1, 0, 0
22000, 1054865, 1, 0, 0
23000, 1006924, 1, 0, 0
24000, 966657, 1, 0, 0
25000, 963726, 1, 0, 0
26000, 976136, 1, 0, 0
27000, 1035413, 1, 0, 0
28000, 1036826, 1, 0, 0
29000, 1079364, 1, 0, 0
30001, 1002735, 1, 0, 0
31003, 1009824, 1, 0, 0
32000, 960030, 1, 0, 0
33000, 990915, 1, 0, 0
34001, 972929, 1, 0, 0
35007, 1027385, 1, 0, 0
36000, 1022063, 1, 0, 0
37000, 986147, 1, 0, 0
38000, 1100739, 1, 0, 0
39000, 993399, 1, 0, 0
40000, 1033521, 1, 0, 0
41000, 1037069, 1, 0, 0
42000, 1001107, 1, 0, 0
43000, 955553, 1, 0, 0
44000, 1011303, 1, 0, 0
45000, 970713, 1, 0, 0
46000, 988828, 1, 0, 0
47000, 984278, 1, 0, 0
48000, 1019153, 1, 0, 0
49000, 1002562, 1, 0, 0
50000, 1004888, 1, 0, 0
51002, 998820, 1, 0, 0
52000, 1014511, 1, 0, 0
53000, 1004510, 1, 0, 0
54000, 1016248, 1, 0, 0
55003, 1002452, 1, 0, 0
56000, 977667, 1, 0, 0
57000, 999689, 1, 0, 0
58000, 1032084, 1, 0, 0
59000, 986260, 1, 0, 0
60000, 980149, 1, 0, 0
61000, 942524, 1, 0, 0
62000, 970678, 1, 0, 0
63000, 1008835, 1, 0, 0
64000, 955813, 1, 0, 0
65001, 962620, 1, 0, 0
66000, 979594, 1, 0, 0
67000, 966330, 1, 0, 0
68001, 949923, 1, 0, 0
69000, 969268, 1, 0, 0
70000, 1007952, 1, 0, 0
71000, 961999, 1, 0, 0
72000, 957310, 1, 0, 0
73000, 1019108, 1, 0, 0
74000, 967121, 1, 0, 0
75000, 988378, 1, 0, 0
76000, 972426, 1, 0, 0
77000, 964749, 1, 0, 0
78000, 955835, 1, 0, 0
79000, 955629, 1, 0, 0
80000, 968011, 1, 0, 0
81000, 919719, 1, 0, 0
82000, 955059, 1, 0, 0
83000, 924222, 1, 0, 0
84000, 967091, 1, 0, 0
85000, 955976, 1, 0, 0
86000, 1026946, 1, 0, 0
87000, 984288, 1, 0, 0
88000, 993147, 1, 0, 0
89001, 934575, 1, 0, 0
90000, 974617, 1, 0, 0
91000, 974607, 1, 0, 0
92000, 978599, 1, 0, 0
93000, 1101429, 1, 0, 0
94000, 973065, 1, 0, 0
95000, 986356, 1, 0, 0
96000, 947396, 1, 0, 0
97000, 972820, 1, 0, 0
98000, 945847, 1, 0, 0
99004, 973997, 1, 0, 0
100000, 970810, 1, 0, 0
101000, 967511, 1, 0, 0
102000, 969079, 1, 0, 0
103000, 973348, 1, 0, 0
104000, 955345, 1, 0, 0
105000, 989681, 1, 0, 0
106000, 968170, 1, 0, 0
107000, 957833, 1, 0, 0
108000, 949747, 1, 0, 0
109000, 936823, 1, 0, 0
110000, 936411, 1, 0, 0
111000, 975951, 1, 0, 0
112000, 1002217, 1, 0, 0
113000, 1082816, 1, 0, 0
114000, 976218, 1, 0, 0
115000, 991218, 1, 0, 0
116001, 982805, 1, 0, 0
117000, 988613, 1, 0, 0
118000, 967489, 1, 0, 0
119000, 1010712, 1, 0, 0
120000, 1016537, 1, 0, 0
121000, 987714, 1, 0, 0
122000, 935102, 1, 0, 0
123000, 980858, 1, 0, 0
124000, 972954, 1, 0, 0
125000, 967790, 1, 0, 0
126000, 993112, 1, 0, 0
127000, 945766, 1, 0, 0
128000, 927449, 1, 0, 0
129000, 952542, 1, 0, 0
130001, 977895, 1, 0, 0
131000, 963746, 1, 0, 0
132000, 1020287, 1, 0, 0
133000, 1009358, 1, 0, 0
134000, 988241, 1, 0, 0
135000, 993778, 1, 0, 0
136000, 988107, 1, 0, 0
137000, 963707, 1, 0, 0
138000, 956038, 1, 0, 0
139000, 1022831, 1, 0, 0
140000, 969955, 1, 0, 0
141001, 951598, 1, 0, 0
142001, 1003895, 1, 0, 0
143000, 982428, 1, 0, 0
144000, 993714, 1, 0, 0
145000, 998900, 1, 0, 0
146000, 953550, 1, 0, 0
147000, 990643, 1, 0, 0
148000, 973004, 1, 0, 0
149001, 950950, 1, 0, 0
150000, 962875, 1, 0, 0
151000, 938103, 1, 0, 0
152000, 922550, 1, 0, 0
153000, 971032, 1, 0, 0
154000, 934132, 1, 0, 0
155000, 982692, 1, 0, 0
156000, 979782, 1, 0, 0
157000, 990986, 1, 0, 0
158000, 995336, 1, 0, 0
159000, 986825, 1, 0, 0
160000, 986109, 1, 0, 0
161000, 945136, 1, 0, 0
162000, 1001874, 1, 0, 0
163000, 956708, 1, 0, 0
164000, 976122, 1, 0, 0
165000, 972128, 1, 0, 0
166000, 955501, 1, 0, 0
167000, 1059294, 1, 0, 0
168000, 927230, 1, 0, 0
169000, 958926, 1, 0, 0
170000, 939641, 1, 0, 0
171000, 931339, 1, 0, 0
172001, 966994, 1, 0, 0
173000, 916546, 1, 0, 0
174000, 989804, 1, 0, 0
175000, 1016420, 1, 0, 0
176000, 999319, 1, 0, 0
177000, 976147, 1, 0, 0
178000, 981796, 1, 0, 0
179000, 969532, 1, 0, 0
180000, 939287, 1, 0, 0
