1000, 7350792, 1, 0, 0
2001, 7819402, 1, 0, 0
3000, 8074522, 1, 0, 0
4001, 8757792, 1, 0, 0
5001, 8620746, 1, 0, 0
6001, 8917420, 1, 0, 0
7001, 8176649, 1, 0, 0
8037, 8878431, 1, 0, 0
9003, 8247678, 1, 0, 0
10000, 9278774, 1, 0, 0
11000, 8479889, 1, 0, 0
12002, 7819233, 1, 0, 0
13002, 8406882, 1, 0, 0
14002, 8341266, 1, 0, 0
15024, 8719802, 1, 0, 0
16035, 8600760, 1, 0, 0
17002, 8599515, 1, 0, 0
18000, 8069221, 1, 0, 0
19037, 8022938, 1, 0, 0
20000, 8421928, 1, 0, 0
21002, 7612740, 1, 0, 0
22000, 8658605, 1, 0, 0
23025, 8204056, 1, 0, 0
24001, 8491366, 1, 0, 0
25000, 8716547, 1, 0, 0
26002, 8146761, 1, 0, 0
27006, 8347139, 1, 0, 0
28002, 8623768, 1, 0, 0
29024, 8667360, 1, 0, 0
30026, 8712937, 1, 0, 0
31003, 8751828, 1, 0, 0
32031, 7967152, 1, 0, 0
33000, 8969157, 1, 0, 0
34000, 8424080, 1, 0, 0
35002, 8871468, 1, 0, 0
36025, 8753486, 1, 0, 0
37000, 8081149, 1, 0, 0
38000, 7962523, 1, 0, 0
39024, 8557091, 1, 0, 0
40001, 8579440, 1, 0, 0
41027, 8327989, 1, 0, 0
42030, 8518422, 1, 0, 0
43000, 7886838, 1, 0, 0
44001, 7900096, 1, 0, 0
45000, 8921855, 1, 0, 0
46001, 7820901, 1, 0, 0
47002, 8366985, 1, 0, 0
48000, 8833294, 1, 0, 0
49007, 8505466, 1, 0, 0
50001, 8663326, 1, 0, 0
51000, 8259202, 1, 0, 0
52000, 8167811, 1, 0, 0
53000, 7956315, 1, 0, 0
54028, 8632752, 1, 0, 0
55000, 8754311, 1, 0, 0
56002, 8451643, 1, 0, 0
57000, 8382252, 1, 0, 0
58038, 8257605, 1, 0, 0
59028, 8670631, 1, 0, 0
60030, 7811491, 1, 0, 0
61000, 7903883, 1, 0, 0
62000, 8140052, 1, 0, 0
63000, 7918848, 1, 0, 0
64031, 8031513, 1, 0, 0
65002, 7891914, 1, 0, 0
66002, 8271902, 1, 0, 0
67002, 9021097, 1, 0, 0
68000, 9074521, 1, 0, 0
69002, 8793914, 1, 0, 0
70037, 8193648, 1, 0, 0
71002, 8199135, 1, 0, 0
72002, 9160660, 1, 0, 0
73000, 8737511, 1, 0, 0
74000, 8107881, 1, 0, 0
75000, 8074905, 1, 0, 0
76037, 8522124, 1, 0, 0
77000, 8064687, 1, 0, 0
78003, 8045869, 1, 0, 0
79002, 8639757, 1, 0, 0
80000, 8474837, 1, 0, 0
81000, 8314726, 1, 0, 0
82037, 8245350, 1, 0, 0
83000, 8021845, 1, 0, 0
84003, 8145507, 1, 0, 0
85002, 8487477, 1, 0, 0
86000, 8224289, 1, 0, 0
87002, 8383518, 1, 0, 0
88000, 8606442, 1, 0, 0
89001, 8295138, 1, 0, 0
90028, 7711764, 1, 0, 0
91000, 8292651, 1, 0, 0
92000, 7999382, 1, 0, 0
93040, 8376313, 1, 0, 0
94000, 8321324, 1, 0, 0
95000, 8878154, 1, 0, 0
96036, 8695563, 1, 0, 0
97000, 8085050, 1, 0, 0
98000, 8018549, 1, 0, 0
99024, 8529003, 1, 0, 0
100035, 7841289, 1, 0, 0
101000, 9082515, 1, 0, 0
102000, 8534781, 1, 0, 0
103025, 8587931, 1, 0, 0
104001, 8262425, 1, 0, 0
105025, 8201244, 1, 0, 0
106036, 8113048, 1, 0, 0
107001, 8515122, 1, 0, 0
108024, 7744468, 1, 0, 0
109001, 9048935, 1, 0, 0
110029, 8079104, 1, 0, 0
111038, 8868829, 1, 0, 0
112000, 8400349, 1, 0, 0
113002, 7822698, 1, 0, 0
114002, 7783167, 1, 0, 0
115005, 8143995, 1, 0, 0
116000, 8567668, 1, 0, 0
117024, 8175649, 1, 0, 0
118003, 8495021, 1, 0, 0
119000, 8544512, 1, 0, 0
120025, 8061907, 1, 0, 0
121000, 9032834, 1, 0, 0
122009, 8170471, 1, 0, 0
123024, 8626943, 1, 0, 0
124000, 8124689, 1, 0, 0
125002, 8347558, 1, 0, 0
126027, 9070888, 1, 0, 0
127000, 8194824, 1, 0, 0
128001, 7777292, 1, 0, 0
129000, 8303332, 1, 0, 0
130004, 8197349, 1, 0, 0
131001, 7719827, 1, 0, 0
132049, 8989203, 1, 0, 0
133001, 8188072, 1, 0, 0
134000, 8283867, 1, 0, 0
135024, 8700494, 1, 0, 0
136001, 8796091, 1, 0, 0
137000, 8384579, 1, 0, 0
138000, 9348121, 1, 0, 0
139028, 8610799, 1, 0, 0
140000, 8701838, 1, 0, 0
141031, 8321034, 1, 0, 0
142000, 8120842, 1, 0, 0
143024, 7986073, 1, 0, 0
144000, 7889086, 1, 0, 0
145025, 8439318, 1, 0, 0
146037, 8450276, 1, 0, 0
147000, 8383127, 1, 0, 0
148023, 8259807, 1, 0, 0
149001, 8461371, 1, 0, 0
150002, 8452817, 1, 0, 0
151038, 8151454, 1, 0, 0
152000, 8899840, 1, 0, 0
153000, 7863958, 1, 0, 0
154001, 8245131, 1, 0, 0
155000, 8360444, 1, 0, 0
156001, 7578658, 1, 0, 0
157000, 7855979, 1, 0, 0
158000, 8416753, 1, 0, 0
159000, 7833881, 1, 0, 0
160023, 8587907, 1, 0, 0
161002, 8622157, 1, 0, 0
162000, 7748528, 1, 0, 0
163001, 8524371, 1, 0, 0
164001, 8076403, 1, 0, 0
165000, 8845076, 1, 0, 0
166000, 8509160, 1, 0, 0
167002, 9287524, 1, 0, 0
168000, 8474023, 1, 0, 0
169000, 8354871, 1, 0, 0
170000, 7897777, 1, 0, 0
171001, 8668617, 1, 0, 0
172027, 8376496, 1, 0, 0
173002, 8393079, 1, 0, 0
174002, 8315854, 1, 0, 0
175003, 8449265, 1, 0, 0
176025, 8760017, 1, 0, 0
177000, 8317020, 1, 0, 0
178000, 7639867, 1, 0, 0
179024, 8943755, 1, 0, 0
180027, 8903999, 1, 0, 0
180028, 31972133, 1, 0, 0
