1001, 543, 1, 0, 0
2002, 471, 1, 0, 0
3002, 484, 1, 0, 0
4003, 480, 1, 0, 0
5003, 485, 1, 0, 0
6003, 511, 1, 0, 0
7003, 494, 1, 0, 0
8004, 473, 1, 0, 0
9005, 476, 1, 0, 0
10005, 466, 1, 0, 0
11006, 470, 1, 0, 0
12006, 470, 1, 0, 0
13007, 478, 1, 0, 0
14008, 476, 1, 0, 0
15008, 477, 1, 0, 0
16009, 458, 1, 0, 0
17010, 460, 1, 0, 0
18011, 479, 1, 0, 0
19012, 494, 1, 0, 0
20013, 491, 1, 0, 0
21015, 478, 1, 0, 0
22015, 472, 1, 0, 0
23016, 477, 1, 0, 0
24017, 456, 1, 0, 0
25017, 494, 1, 0, 0
26017, 478, 1, 0, 0
27018, 482, 1, 0, 0
28018, 493, 1, 0, 0
29019, 469, 1, 0, 0
30020, 485, 1, 0, 0
31020, 484, 1, 0, 0
32020, 494, 1, 0, 0
33021, 460, 1, 0, 0
34022, 473, 1, 0, 0
35023, 494, 1, 0, 0
36023, 484, 1, 0, 0
37024, 469, 1, 0, 0
38024, 477, 1, 0, 0
39025, 464, 1, 0, 0
40027, 478, 1, 0, 0
41027, 483, 1, 0, 0
42028, 491, 1, 0, 0
43029, 457, 1, 0, 0
44029, 485, 1, 0, 0
45030, 481, 1, 0, 0
46031, 480, 1, 0, 0
47031, 486, 1, 0, 0
48032, 485, 1, 0, 0
49033, 470, 1, 0, 0
50034, 497, 1, 0, 0
51035, 462, 1, 0, 0
52035, 468, 1, 0, 0
53036, 487, 1, 0, 0
54037, 469, 1, 0, 0
55038, 479, 1, 0, 0
56039, 458, 1, 0, 0
57040, 474, 1, 0, 0
58041, 478, 1, 0, 0
59042, 472, 1, 0, 0
60043, 477, 1, 0, 0
61044, 475, 1, 0, 0
62045, 471, 1, 0, 0
63046, 456, 1, 0, 0
64047, 475, 1, 0, 0
65048, 495, 1, 0, 0
66050, 471, 1, 0, 0
67051, 478, 1, 0, 0
68051, 495, 1, 0, 0
69052, 473, 1, 0, 0
70053, 471, 1, 0, 0
71054, 470, 1, 0, 0
72055, 476, 1, 0, 0
73056, 473, 1, 0, 0
74057, 484, 1, 0, 0
75058, 486, 1, 0, 0
76059, 467, 1, 0, 0
77060, 481, 1, 0, 0
78061, 480, 1, 0, 0
79062, 481, 1, 0, 0
80062, 477, 1, 0, 0
81063, 472, 1, 0, 0
82064, 489, 1, 0, 0
83065, 482, 1, 0, 0
84066, 475, 1, 0, 0
85067, 468, 1, 0, 0
86068, 481, 1, 0, 0
87069, 494, 1, 0, 0
88070, 479, 1, 0, 0
89071, 475, 1, 0, 0
90072, 486, 1, 0, 0
91073, 474, 1, 0, 0
92074, 464, 1, 0, 0
93075, 467, 1, 0, 0
94076, 486, 1, 0, 0
95077, 461, 1, 0, 0
96078, 483, 1, 0, 0
97078, 495, 1, 0, 0
98078, 466, 1, 0, 0
99079, 471, 1, 0, 0
100079, 484, 1, 0, 0
101079, 476, 1, 0, 0
102079, 490, 1, 0, 0
103079, 480, 1, 0, 0
104079, 459, 1, 0, 0
105079, 481, 1, 0, 0
106079, 475, 1, 0, 0
107078, 489, 1, 0, 0
108078, 476, 1, 0, 0
109078, 504, 1, 0, 0
110078, 481, 1, 0, 0
111078, 496, 1, 0, 0
112078, 464, 1, 0, 0
113078, 483, 1, 0, 0
114078, 465, 1, 0, 0
115079, 485, 1, 0, 0
116079, 461, 1, 0, 0
117078, 471, 1, 0, 0
118078, 494, 1, 0, 0
119079, 476, 1, 0, 0
120078, 491, 1, 0, 0
121078, 483, 1, 0, 0
122078, 484, 1, 0, 0
123079, 458, 1, 0, 0
124080, 497, 1, 0, 0
125081, 499, 1, 0, 0
126081, 486, 1, 0, 0
127082, 465, 1, 0, 0
128083, 483, 1, 0, 0
129084, 488, 1, 0, 0
130085, 489, 1, 0, 0
131086, 460, 1, 0, 0
132087, 456, 1, 0, 0
133088, 477, 1, 0, 0
134088, 473, 1, 0, 0
135089, 487, 1, 0, 0
136090, 461, 1, 0, 0
137091, 474, 1, 0, 0
138092, 500, 1, 0, 0
139092, 484, 1, 0, 0
140092, 486, 1, 0, 0
141093, 466, 1, 0, 0
142093, 487, 1, 0, 0
143094, 475, 1, 0, 0
144095, 472, 1, 0, 0
145097, 480, 1, 0, 0
146098, 470, 1, 0, 0
147099, 479, 1, 0, 0
148100, 483, 1, 0, 0
149100, 468, 1, 0, 0
150101, 485, 1, 0, 0
151101, 498, 1, 0, 0
152102, 467, 1, 0, 0
153103, 472, 1, 0, 0
154103, 477, 1, 0, 0
155103, 470, 1, 0, 0
156103, 469, 1, 0, 0
157104, 461, 1, 0, 0
158105, 474, 1, 0, 0
159106, 483, 1, 0, 0
160107, 471, 1, 0, 0
161108, 467, 1, 0, 0
162108, 472, 1, 0, 0
163108, 485, 1, 0, 0
164109, 484, 1, 0, 0
165110, 466, 1, 0, 0
166111, 474, 1, 0, 0
167112, 478, 1, 0, 0
168113, 491, 1, 0, 0
169114, 488, 1, 0, 0
170115, 484, 1, 0, 0
171116, 476, 1, 0, 0
172117, 491, 1, 0, 0
173118, 456, 1, 0, 0
174119, 497, 1, 0, 0
175120, 485, 1, 0, 0
176121, 500, 1, 0, 0
177122, 482, 1, 0, 0
178123, 488, 1, 0, 0
179124, 486, 1, 0, 0
