1011, 29175810, 0, 0, 0
2000, 34107181, 0, 0, 0
3000, 33234922, 0, 0, 0
4032, 32628208, 0, 0, 0
5036, 33341962, 0, 0, 0
6034, 33077030, 0, 0, 0
7032, 33374576, 0, 0, 0
8039, 33050962, 0, 0, 0
9031, 33306867, 0, 0, 0
10000, 33986917, 0, 0, 0
11036, 33397853, 0, 0, 0
12046, 33206289, 0, 0, 0
13042, 33522063, 0, 0, 0
14000, 33955991, 0, 0, 0
15033, 32925276, 0, 0, 0
16034, 33216265, 0, 0, 0
17000, 33660842, 0, 0, 0
18000, 33599584, 0, 0, 0
19000, 33469087, 0, 0, 0
20032, 32547788, 0, 0, 0
21001, 34192131, 0, 0, 0
22000, 32795356, 0, 0, 0
23040, 33307703, 0, 0, 0
24000, 34423197, 0, 0, 0
25035, 32825837, 0, 0, 0
26046, 33826200, 0, 0, 0
27042, 33304853, 0, 0, 0
28001, 33996047, 0, 0, 0
29034, 33437596, 0, 0, 0
30000, 34241648, 0, 0, 0
31001, 33187455, 0, 0, 0
32033, 32853007, 0, 0, 0
33000, 33643901, 0, 0, 0
34035, 32941265, 0, 0, 0
35040, 33828611, 0, 0, 0
36036, 33847456, 0, 0, 0
37032, 33794754, 0, 0, 0
38000, 33874019, 0, 0, 0
39000, 33355738, 0, 0, 0
40035, 32921452, 0, 0, 0
41040, 32954589, 0, 0, 0
42002, 33854279, 0, 0, 0
43000, 33919108, 0, 0, 0
44036, 33124655, 0, 0, 0
45001, 33762035, 0, 0, 0
46038, 33112629, 0, 0, 0
47031, 33581181, 0, 0, 0
48000, 33860257, 0, 0, 0
49000, 33412566, 0, 0, 0
50042, 33301088, 0, 0, 0
51000, 33641215, 0, 0, 0
52032, 33297731, 0, 0, 0
53000, 33868894, 0, 0, 0
54000, 33499067, 0, 0, 0
55035, 32908793, 0, 0, 0
56034, 33597188, 0, 0, 0
57000, 34132451, 0, 0, 0
58035, 32879912, 0, 0, 0
59045, 33619944, 0, 0, 0
60000, 34127284, 0, 0, 0
61000, 32765971, 0, 0, 0
62045, 33337072, 0, 0, 0
63002, 33720921, 0, 0, 0
64036, 33120590, 0, 0, 0
65040, 33401393, 0, 0, 0
66005, 33600839, 0, 0, 0
67045, 33125279, 0, 0, 0
68000, 34198895, 0, 0, 0
69032, 32618390, 0, 0, 0
70000, 33870354, 0, 0, 0
71001, 33815883, 0, 0, 0
72036, 33058386, 0, 0, 0
73046, 34529041, 0, 0, 0
74000, 34112481, 0, 0, 0
75036, 32694937, 0, 0, 0
76031, 33037461, 0, 0, 0
77044, 33306730, 0, 0, 0
78037, 33491952, 0, 0, 0
79031, 33246038, 0, 0, 0
80036, 33662870, 0, 0, 0
81030, 33159740, 0, 0, 0
82001, 33848295, 0, 0, 0
83031, 32704269, 0, 0, 0
84037, 33343862, 0, 0, 0
85000, 34229792, 0, 0, 0
86033, 33082786, 0, 0, 0
87039, 33360355, 0, 0, 0
88000, 34006861, 0, 0, 0
89033, 33055602, 0, 0, 0
90033, 33368154, 0, 0, 0
91001, 33962857, 0, 0, 0
92033, 33046624, 0, 0, 0
93036, 32976545, 0, 0, 0
94001, 34203914, 0, 0, 0
95039, 32830998, 0, 0, 0
96000, 33856195, 0, 0, 0
97036, 33362344, 0, 0, 0
98031, 33058984, 0, 0, 0
99000, 34025551, 0, 0, 0
100033, 33181491, 0, 0, 0
101043, 32966384, 0, 0, 0
102000, 33976243, 0, 0, 0
103000, 33632352, 0, 0, 0
104038, 33425825, 0, 0, 0
105039, 33572764, 0, 0, 0
106034, 33467338, 0, 0, 0
107038, 33139040, 0, 0, 0
108039, 33459315, 0, 0, 0
109032, 33115012, 0, 0, 0
110035, 33466126, 0, 0, 0
111033, 33615415, 0, 0, 0
112000, 33652155, 0, 0, 0
113037, 33308284, 0, 0, 0
114033, 33688412, 0, 0, 0
115000, 33889957, 0, 0, 0
116000, 33620164, 0, 0, 0
117034, 33152690, 0, 0, 0
118031, 33521124, 0, 0, 0
119000, 33821032, 0, 0, 0
120001, 32912863, 0, 0, 0
121044, 33323065, 0, 0, 0
122033, 33186231, 0, 0, 0
123030, 33756295, 0, 0, 0
124039, 33564508, 0, 0, 0
125033, 33590276, 0, 0, 0
126000, 33484853, 0, 0, 0
127001, 33255515, 0, 0, 0
128033, 33373541, 0, 0, 0
129043, 33524300, 0, 0, 0
130036, 33696951, 0, 0, 0
131032, 33470409, 0, 0, 0
132000, 33905969, 0, 0, 0
133000, 33223910, 0, 0, 0
134034, 33216083, 0, 0, 0
135046, 33637857, 0, 0, 0
136000, 34026110, 0, 0, 0
137000, 33723353, 0, 0, 0
138031, 32828928, 0, 0, 0
139000, 34203554, 0, 0, 0
140032, 32871076, 0, 0, 0
141043, 33667374, 0, 0, 0
142000, 33995703, 0, 0, 0
143033, 32822884, 0, 0, 0
144000, 34297498, 0, 0, 0
145001, 33296757, 0, 0, 0
146031, 32984349, 0, 0, 0
147000, 34027957, 0, 0, 0
148037, 32971136, 0, 0, 0
149035, 33680757, 0, 0, 0
150045, 33560752, 0, 0, 0
151000, 33949870, 0, 0, 0
152005, 33083927, 0, 0, 0
153033, 33039353, 0, 0, 0
154000, 34288090, 0, 0, 0
155033, 33121041, 0, 0, 0
156000, 33792912, 0, 0, 0
157031, 32759492, 0, 0, 0
158045, 33171628, 0, 0, 0
159000, 33670618, 0, 0, 0
160031, 32750342, 0, 0, 0
161042, 33233538, 0, 0, 0
162000, 33962411, 0, 0, 0
163031, 33108389, 0, 0, 0
164001, 34121205, 0, 0, 0
165000, 33103315, 0, 0, 0
166033, 33016289, 0, 0, 0
167000, 33739029, 0, 0, 0
168000, 33652372, 0, 0, 0
169033, 32898333, 0, 0, 0
170044, 33336686, 0, 0, 0
171037, 33485072, 0, 0, 0
172036, 33497426, 0, 0, 0
173000, 34039689, 0, 0, 0
174034, 33097886, 0, 0, 0
175000, 34090408, 0, 0, 0
176034, 33115964, 0, 0, 0
177037, 33498764, 0, 0, 0
178041, 33386989, 0, 0, 0
179033, 33587797, 0, 0, 0
180030, 33483774, 0, 0, 0
180037, 46838978, 0, 0, 0
