1002, 15046780, 0, 0, 0
2002, 17013011, 0, 0, 0
3001, 16829271, 0, 0, 0
4006, 16530699, 0, 0, 0
5001, 16858915, 0, 0, 0
6000, 17078585, 0, 0, 0
7006, 16465760, 0, 0, 0
8000, 16715951, 0, 0, 0
9000, 16669932, 0, 0, 0
10000, 16651584, 0, 0, 0
11000, 16557843, 0, 0, 0
12010, 16563375, 0, 0, 0
13000, 16904035, 0, 0, 0
14000, 16506454, 0, 0, 0
15000, 16840409, 0, 0, 0
16004, 16570844, 0, 0, 0
17000, 16903416, 0, 0, 0
18000, 16640619, 0, 0, 0
19002, 16512941, 0, 0, 0
20000, 16889273, 0, 0, 0
21005, 16340815, 0, 0, 0
22001, 17235002, 0, 0, 0
23006, 16543066, 0, 0, 0
24000, 16828407, 0, 0, 0
25007, 16581845, 0, 0, 0
26000, 16833738, 0, 0, 0
27000, 16973633, 0, 0, 0
28005, 16666533, 0, 0, 0
29002, 16674995, 0, 0, 0
30000, 16995684, 0, 0, 0
31000, 16552254, 0, 0, 0
32004, 16777703, 0, 0, 0
33000, 16734470, 0, 0, 0
34000, 17040348, 0, 0, 0
35003, 16690520, 0, 0, 0
36000, 16743828, 0, 0, 0
37006, 16462860, 0, 0, 0
38002, 16718210, 0, 0, 0
39000, 16900074, 0, 0, 0
40006, 16381113, 0, 0, 0
41000, 16706025, 0, 0, 0
42000, 17240283, 0, 0, 0
43007, 16409203, 0, 0, 0
44000, 16609540, 0, 0, 0
45000, 16739206, 0, 0, 0
46000, 16757982, 0, 0, 0
47001, 16857604, 0, 0, 0
48001, 17215988, 0, 0, 0
49007, 16161647, 0, 0, 0
50000, 17019298, 0, 0, 0
51000, 16822992, 0, 0, 0
52004, 16742536, 0, 0, 0
53000, 16416238, 0, 0, 0
54000, 16683173, 0, 0, 0
55003, 16601486, 0, 0, 0
56000, 16645959, 0, 0, 0
57005, 16317138, 0, 0, 0
58000, 16580969, 0, 0, 0
59000, 16899532, 0, 0, 0
60005, 16520877, 0, 0, 0
61001, 17016305, 0, 0, 0
62001, 16957634, 0, 0, 0
63000, 16351175, 0, 0, 0
64005, 16836056, 0, 0, 0
65000, 16918660, 0, 0, 0
66000, 16808418, 0, 0, 0
67002, 16873196, 0, 0, 0
68000, 16704755, 0, 0, 0
69005, 16550158, 0, 0, 0
70000, 16983328, 0, 0, 0
71001, 16939981, 0, 0, 0
72002, 16721988, 0, 0, 0
73000, 16713733, 0, 0, 0
74000, 16689050, 0, 0, 0
75000, 16581299, 0, 0, 0
76000, 17021379, 0, 0, 0
77000, 16790360, 0, 0, 0
78003, 16483192, 0, 0, 0
79001, 16884904, 0, 0, 0
80006, 16387808, 0, 0, 0
81002, 16495539, 0, 0, 0
82000, 16864704, 0, 0, 0
83000, 16950050, 0, 0, 0
84000, 16792419, 0, 0, 0
85008, 16360810, 0, 0, 0
86002, 17187045, 0, 0, 0
87000, 16870744, 0, 0, 0
88000, 16662166, 0, 0, 0
89000, 16846718, 0, 0, 0
90001, 16805848, 0, 0, 0
91006, 16250063, 0, 0, 0
92001, 16951888, 0, 0, 0
93001, 16819955, 0, 0, 0
94007, 16710134, 0, 0, 0
95000, 17125281, 0, 0, 0
96007, 16569704, 0, 0, 0
97000, 16816481, 0, 0, 0
98000, 16779475, 0, 0, 0
99000, 16893157, 0, 0, 0
100000, 16439027, 0, 0, 0
101000, 16851633, 0, 0, 0
102001, 16534685, 0, 0, 0
103003, 16688167, 0, 0, 0
104000, 16898996, 0, 0, 0
105000, 16705614, 0, 0, 0
106006, 16684441, 0, 0, 0
107000, 16840405, 0, 0, 0
108000, 16743476, 0, 0, 0
109000, 16809854, 0, 0, 0
110000, 16501008, 0, 0, 0
111004, 16604455, 0, 0, 0
112000, 16675250, 0, 0, 0
113000, 16936783, 0, 0, 0
114000, 16502059, 0, 0, 0
115004, 16795413, 0, 0, 0
116000, 17893446, 0, 0, 0
117000, 16729439, 0, 0, 0
118007, 16580936, 0, 0, 0
119001, 16652857, 0, 0, 0
120000, 16822931, 0, 0, 0
121001, 16553281, 0, 0, 0
122000, 16823435, 0, 0, 0
123005, 16890177, 0, 0, 0
124000, 16903955, 0, 0, 0
125001, 16067315, 0, 0, 0
126000, 16880306, 0, 0, 0
127001, 16702403, 0, 0, 0
128000, 16843022, 0, 0, 0
129000, 16470938, 0, 0, 0
130001, 16977657, 0, 0, 0
131000, 16578606, 0, 0, 0
132002, 16417035, 0, 0, 0
133000, 16871709, 0, 0, 0
134004, 16497027, 0, 0, 0
135000, 16375646, 0, 0, 0
136000, 16879618, 0, 0, 0
137000, 16524716, 0, 0, 0
138000, 17112467, 0, 0, 0
139000, 16277353, 0, 0, 0
140000, 16956337, 0, 0, 0
141000, 16688686, 0, 0, 0
142001, 16711078, 0, 0, 0
143000, 16876608, 0, 0, 0
144000, 16789975, 0, 0, 0
145004, 16792264, 0, 0, 0
146000, 16670205, 0, 0, 0
147000, 16605479, 0, 0, 0
148002, 16888853, 0, 0, 0
149000, 16348236, 0, 0, 0
150000, 16701011, 0, 0, 0
151006, 16445460, 0, 0, 0
152000, 16451821, 0, 0, 0
153000, 17084420, 0, 0, 0
154004, 16589687, 0, 0, 0
155000, 16461683, 0, 0, 0
156000, 16844986, 0, 0, 0
157004, 16535550, 0, 0, 0
158003, 16816938, 0, 0, 0
159001, 16801086, 0, 0, 0
160006, 16361974, 0, 0, 0
161000, 16908925, 0, 0, 0
162001, 16855986, 0, 0, 0
163007, 16324410, 0, 0, 0
164000, 16835198, 0, 0, 0
165001, 16924076, 0, 0, 0
166006, 16379737, 0, 0, 0
167000, 17190553, 0, 0, 0
168001, 16794237, 0, 0, 0
169005, 16311260, 0, 0, 0
170000, 17078002, 0, 0, 0
171000, 16720458, 0, 0, 0
172000, 16429984, 0, 0, 0
173001, 17040024, 0, 0, 0
174000, 16737546, 0, 0, 0
175005, 16855653, 0, 0, 0
176000, 16818472, 0, 0, 0
177000, 16701241, 0, 0, 0
178003, 16902540, 0, 0, 0
179000, 16753069, 0, 0, 0
180007, 16107913, 0, 0, 0
180009, 56578900, 0, 0, 0
