1000, 3816872, 1, 0, 0
2000, 4187762, 1, 0, 0
3000, 4176645, 1, 0, 0
4008, 4067917, 1, 0, 0
5001, 4237085, 1, 0, 0
6000, 4206557, 1, 0, 0
7006, 4109642, 1, 0, 0
8000, 4228892, 1, 0, 0
9000, 4198281, 1, 0, 0
10002, 4146669, 1, 0, 0
11000, 4208854, 1, 0, 0
12000, 4096054, 1, 0, 0
13006, 4234901, 1, 0, 0
14000, 4212176, 1, 0, 0
15008, 4103526, 1, 0, 0
16000, 4222160, 1, 0, 0
17000, 4233676, 1, 0, 0
18007, 4129777, 1, 0, 0
19001, 4174816, 1, 0, 0
20000, 4216870, 1, 0, 0
21007, 4110370, 1, 0, 0
22000, 4268867, 1, 0, 0
23000, 4204918, 1, 0, 0
24000, 4100590, 1, 0, 0
25000, 4258138, 1, 0, 0
26007, 4087231, 1, 0, 0
27000, 4210748, 1, 0, 0
28000, 4239181, 1, 0, 0
29005, 4193009, 1, 0, 0
30000, 4211671, 1, 0, 0
31008, 4077038, 1, 0, 0
32002, 4234449, 1, 0, 0
33000, 4255149, 1, 0, 0
34000, 4173137, 1, 0, 0
35004, 4184945, 1, 0, 0
36000, 4223463, 1, 0, 0
37008, 4080586, 1, 0, 0
38002, 4222217, 1, 0, 0
39000, 4258608, 1, 0, 0
40001, 4099497, 1, 0, 0
41000, 4171398, 1, 0, 0
42000, 4257078, 1, 0, 0
43006, 4154417, 1, 0, 0
44000, 4180068, 1, 0, 0
45003, 4244693, 1, 0, 0
46000, 4210472, 1, 0, 0
47009, 4121780, 1, 0, 0
48002, 4227420, 1, 0, 0
49000, 4216282, 1, 0, 0
50004, 4144529, 1, 0, 0
51000, 4231796, 1, 0, 0
52000, 4391290, 1, 0, 0
53006, 4122831, 1, 0, 0
54000, 4253023, 1, 0, 0
55007, 4099819, 1, 0, 0
56000, 4253470, 1, 0, 0
57000, 4187806, 1, 0, 0
58005, 4153702, 1, 0, 0
59001, 4171462, 1, 0, 0
60008, 4112578, 1, 0, 0
61002, 4208376, 1, 0, 0
62000, 4247994, 1, 0, 0
63007, 4118394, 1, 0, 0
64002, 4246440, 1, 0, 0
65000, 4219584, 1, 0, 0
66007, 4132164, 1, 0, 0
67000, 4129471, 1, 0, 0
68000, 4248840, 1, 0, 0
69000, 4336569, 1, 0, 0
70000, 4122658, 1, 0, 0
71000, 4161896, 1, 0, 0
72001, 4146953, 1, 0, 0
73000, 4211286, 1, 0, 0
74001, 4128064, 1, 0, 0
75000, 4144374, 1, 0, 0
76009, 4173536, 1, 0, 0
77004, 4189857, 1, 0, 0
78000, 4264101, 1, 0, 0
79000, 4163999, 1, 0, 0
80000, 4084176, 1, 0, 0
81000, 4243000, 1, 0, 0
82006, 4077992, 1, 0, 0
83001, 4204032, 1, 0, 0
84000, 4263542, 1, 0, 0
85000, 4160102, 1, 0, 0
86000, 4113746, 1, 0, 0
87010, 4178643, 1, 0, 0
88003, 4199476, 1, 0, 0
89000, 4250010, 1, 0, 0
90000, 4170332, 1, 0, 0
91002, 4106044, 1, 0, 0
92000, 4288583, 1, 0, 0
93000, 4140411, 1, 0, 0
94005, 4135769, 1, 0, 0
95001, 4214872, 1, 0, 0
96000, 4210035, 1, 0, 0
97006, 4092214, 1, 0, 0
98000, 4205290, 1, 0, 0
99000, 4252807, 1, 0, 0
100001, 4139779, 1, 0, 0
101000, 4243866, 1, 0, 0
102000, 4160320, 1, 0, 0
103003, 4109870, 1, 0, 0
104000, 4253909, 1, 0, 0
105008, 4081333, 1, 0, 0
106003, 4256665, 1, 0, 0
107000, 4218176, 1, 0, 0
108007, 4085738, 1, 0, 0
109004, 4217845, 1, 0, 0
110000, 4216702, 1, 0, 0
111000, 4168933, 1, 0, 0
112000, 4195793, 1, 0, 0
113001, 4122614, 1, 0, 0
114000, 4228071, 1, 0, 0
115006, 4112342, 1, 0, 0
116000, 4173066, 1, 0, 0
117008, 4142303, 1, 0, 0
118003, 4221587, 1, 0, 0
119000, 4250675, 1, 0, 0
120006, 4085205, 1, 0, 0
121001, 4186407, 1, 0, 0
122000, 4238408, 1, 0, 0
123008, 4109151, 1, 0, 0
124003, 4235640, 1, 0, 0
125000, 4197115, 1, 0, 0
126001, 4081597, 1, 0, 0
127000, 4258410, 1, 0, 0
128000, 4193106, 1, 0, 0
129009, 4109698, 1, 0, 0
130003, 4179267, 1, 0, 0
131000, 4264213, 1, 0, 0
132002, 4142507, 1, 0, 0
133000, 4176673, 1, 0, 0
134006, 4163602, 1, 0, 0
135000, 4118798, 1, 0, 0
136000, 4253543, 1, 0, 0
137004, 4159771, 1, 0, 0
138000, 4230998, 1, 0, 0
139000, 4158173, 1, 0, 0
140000, 4184804, 1, 0, 0
141000, 4115102, 1, 0, 0
142000, 4226318, 1, 0, 0
143006, 4138089, 1, 0, 0
144003, 4163751, 1, 0, 0
145000, 4257472, 1, 0, 0
146000, 4169869, 1, 0, 0
147004, 4155500, 1, 0, 0
148000, 4133490, 1, 0, 0
149000, 4226759, 1, 0, 0
150004, 4153404, 1, 0, 0
151000, 4165778, 1, 0, 0
152000, 4141546, 1, 0, 0
153003, 4126518, 1, 0, 0
154000, 4126415, 1, 0, 0
155009, 4134488, 1, 0, 0
156000, 4222886, 1, 0, 0
157000, 4122231, 1, 0, 0
158000, 4253542, 1, 0, 0
159002, 4074455, 1, 0, 0
160000, 4296430, 1, 0, 0
161001, 4116818, 1, 0, 0
162000, 4231431, 1, 0, 0
163007, 4079865, 1, 0, 0
164002, 4244517, 1, 0, 0
165000, 4190929, 1, 0, 0
166007, 4103381, 1, 0, 0
167001, 4117118, 1, 0, 0
168000, 4294190, 1, 0, 0
169000, 4140727, 1, 0, 0
170000, 4181393, 1, 0, 0
171012, 4208777, 1, 0, 0
171249, 4157193, 1, 0, 0
