1001, 2565053, 0, 0, 0
2000, 2266151, 0, 0, 0
3001, 2258556, 0, 0, 0
4002, 2352234, 0, 0, 0
5001, 2303110, 0, 0, 0
6001, 2345486, 0, 0, 0
7002, 2330880, 0, 0, 0
8000, 2285388, 0, 0, 0
9002, 2355238, 0, 0, 0
10000, 2334728, 0, 0, 0
11001, 2256602, 0, 0, 0
12001, 2275683, 0, 0, 0
13001, 2290982, 0, 0, 0
14001, 2275450, 0, 0, 0
15000, 2251595, 0, 0, 0
16001, 2318694, 0, 0, 0
17000, 2293525, 0, 0, 0
18002, 2343903, 0, 0, 0
19002, 2290342, 0, 0, 0
20001, 2237780, 0, 0, 0
21001, 2269681, 0, 0, 0
22000, 2222523, 0, 0, 0
23003, 2201748, 0, 0, 0
24001, 2356513, 0, 0, 0
25001, 2280871, 0, 0, 0
26000, 2380990, 0, 0, 0
27002, 2259097, 0, 0, 0
28000, 2312783, 0, 0, 0
29002, 2337915, 0, 0, 0
30001, 2284978, 0, 0, 0
31000, 2341425, 0, 0, 0
32001, 2276956, 0, 0, 0
33002, 2341518, 0, 0, 0
34000, 2346058, 0, 0, 0
35001, 2255950, 0, 0, 0
36000, 2284308, 0, 0, 0
37001, 2315435, 0, 0, 0
38002, 2358036, 0, 0, 0
39001, 2330936, 0, 0, 0
40001, 2280766, 0, 0, 0
41000, 2267278, 0, 0, 0
42001, 2221914, 0, 0, 0
43001, 2229506, 0, 0, 0
44001, 2214297, 0, 0, 0
45000, 2343396, 0, 0, 0
46000, 2333034, 0, 0, 0
47001, 2373688, 0, 0, 0
48002, 2410284, 0, 0, 0
49000, 2333806, 0, 0, 0
50002, 2376451, 0, 0, 0
51001, 2289823, 0, 0, 0
52000, 2341187, 0, 0, 0
53002, 2274759, 0, 0, 0
54000, 2195809, 0, 0, 0
55001, 2270944, 0, 0, 0
56002, 2382091, 0, 0, 0
57000, 2284066, 0, 0, 0
58001, 2278894, 0, 0, 0
59001, 2254613, 0, 0, 0
60001, 2284284, 0, 0, 0
61002, 2177896, 0, 0, 0
62000, 2185845, 0, 0, 0
63003, 2231366, 0, 0, 0
64000, 2197795, 0, 0, 0
65000, 2229480, 0, 0, 0
66002, 2285538, 0, 0, 0
67001, 2245765, 0, 0, 0
68002, 2247205, 0, 0, 0
69000, 2231073, 0, 0, 0
70000, 2304804, 0, 0, 0
71000, 2245877, 0, 0, 0
72000, 2296019, 0, 0, 0
73001, 2256564, 0, 0, 0
74001, 2300524, 0, 0, 0
75001, 2233819, 0, 0, 0
76000, 2293874, 0, 0, 0
77002, 2310381, 0, 0, 0
78001, 2214121, 0, 0, 0
79000, 2313939, 0, 0, 0
80001, 2260531, 0, 0, 0
81001, 2265797, 0, 0, 0
82000, 2237322, 0, 0, 0
83001, 2201544, 0, 0, 0
84000, 2292787, 0, 0, 0
85001, 2212751, 0, 0, 0
86000, 2257156, 0, 0, 0
87000, 2405870, 0, 0, 0
88002, 2377036, 0, 0, 0
89003, 2381586, 0, 0, 0
90001, 2349528, 0, 0, 0
91001, 2436700, 0, 0, 0
92001, 2300181, 0, 0, 0
93001, 2467649, 0, 0, 0
94002, 2292406, 0, 0, 0
95002, 2411567, 0, 0, 0
96001, 2579485, 0, 0, 0
97007, 2783056, 0, 0, 0
98005, 3002278, 0, 0, 0
99000, 3219101, 0, 0, 0
100002, 2487994, 0, 0, 0
101000, 2397613, 0, 0, 0
102002, 2393001, 0, 0, 0
103001, 2365128, 0, 0, 0
104002, 2245487, 0, 0, 0
105004, 2388762, 0, 0, 0
106000, 2272501, 0, 0, 0
107001, 2267081, 0, 0, 0
108000, 2433082, 0, 0, 0
109000, 2343462, 0, 0, 0
110001, 2386149, 0, 0, 0
111001, 2334013, 0, 0, 0
112000, 2376538, 0, 0, 0
113002, 2299226, 0, 0, 0
114000, 2356333, 0, 0, 0
115000, 2270374, 0, 0, 0
116001, 2437897, 0, 0, 0
117001, 2270225, 0, 0, 0
118000, 2325198, 0, 0, 0
119001, 2303789, 0, 0, 0
120000, 2359199, 0, 0, 0
121020, 2478826, 0, 0, 0
122001, 2226060, 0, 0, 0
123003, 2233793, 0, 0, 0
124001, 2271100, 0, 0, 0
125000, 2237674, 0, 0, 0
126001, 2270391, 0, 0, 0
127001, 2312821, 0, 0, 0
128000, 2236172, 0, 0, 0
129002, 2275085, 0, 0, 0
130000, 2291749, 0, 0, 0
131000, 2275555, 0, 0, 0
132000, 2274766, 0, 0, 0
133006, 2282663, 0, 0, 0
134002, 2271351, 0, 0, 0
135000, 2255550, 0, 0, 0
136000, 2274988, 0, 0, 0
137002, 2232620, 0, 0, 0
138001, 2248182, 0, 0, 0
139000, 2343063, 0, 0, 0
140002, 2221895, 0, 0, 0
141001, 2243277, 0, 0, 0
142002, 2276684, 0, 0, 0
143000, 2245849, 0, 0, 0
144001, 2281070, 0, 0, 0
145001, 2295482, 0, 0, 0
146000, 2217358, 0, 0, 0
147000, 2313085, 0, 0, 0
148000, 2185094, 0, 0, 0
149000, 2170689, 0, 0, 0
150000, 2350994, 0, 0, 0
151001, 2402385, 0, 0, 0
152001, 2345202, 0, 0, 0
153002, 2275973, 0, 0, 0
154001, 2326018, 0, 0, 0
155002, 2386442, 0, 0, 0
156002, 2290107, 0, 0, 0
157001, 2262163, 0, 0, 0
158002, 2314122, 0, 0, 0
159001, 2353864, 0, 0, 0
160000, 2221592, 0, 0, 0
161001, 2237517, 0, 0, 0
162001, 2516586, 0, 0, 0
163001, 2429444, 0, 0, 0
164000, 2304094, 0, 0, 0
165000, 2240390, 0, 0, 0
166001, 2261442, 0, 0, 0
167000, 2245611, 0, 0, 0
168000, 2291520, 0, 0, 0
169000, 2322001, 0, 0, 0
170001, 2247602, 0, 0, 0
171030, 2459176, 0, 0, 0
172000, 2361828, 0, 0, 0
173002, 2360076, 0, 0, 0
174001, 2321275, 0, 0, 0
175000, 2519685, 0, 0, 0
176006, 2233001, 0, 0, 0
177001, 2343106, 0, 0, 0
178002, 2433602, 0, 0, 0
179001, 2318891, 0, 0, 0
180000, 2325509, 0, 0, 0
