999, 440, 0, 0, 0
1999, 437, 0, 0, 0
3000, 432, 0, 0, 0
4000, 463, 0, 0, 0
5000, 450, 0, 0, 0
5999, 439, 0, 0, 0
7000, 450, 0, 0, 0
7999, 424, 0, 0, 0
9000, 396, 0, 0, 0
9999, 384, 0, 0, 0
11000, 440, 0, 0, 0
12000, 433, 0, 0, 0
13000, 452, 0, 0, 0
14000, 426, 0, 0, 0
14999, 434, 0, 0, 0
16000, 441, 0, 0, 0
16999, 439, 0, 0, 0
18000, 441, 0, 0, 0
19000, 445, 0, 0, 0
20000, 425, 0, 0, 0
21000, 458, 0, 0, 0
21999, 440, 0, 0, 0
23000, 455, 0, 0, 0
23999, 445, 0, 0, 0
25000, 460, 0, 0, 0
26000, 397, 0, 0, 0
27000, 462, 0, 0, 0
28000, 444, 0, 0, 0
29000, 445, 0, 0, 0
30000, 452, 0, 0, 0
30999, 448, 0, 0, 0
32000, 449, 0, 0, 0
32999, 426, 0, 0, 0
34000, 456, 0, 0, 0
34999, 444, 0, 0, 0
36000, 446, 0, 0, 0
37000, 436, 0, 0, 0
38000, 449, 0, 0, 0
39000, 453, 0, 0, 0
40000, 432, 0, 0, 0
41000, 444, 0, 0, 0
41999, 447, 0, 0, 0
43000, 444, 0, 0, 0
43999, 445, 0, 0, 0
45000, 442, 0, 0, 0
45999, 445, 0, 0, 0
47000, 444, 0, 0, 0
48000, 435, 0, 0, 0
49000, 453, 0, 0, 0
50000, 451, 0, 0, 0
50999, 458, 0, 0, 0
52000, 457, 0, 0, 0
52999, 446, 0, 0, 0
54000, 428, 0, 0, 0
54999, 436, 0, 0, 0
56000, 409, 0, 0, 0
56999, 432, 0, 0, 0
58000, 444, 0, 0, 0
59000, 439, 0, 0, 0
60000, 441, 0, 0, 0
61000, 443, 0, 0, 0
61999, 447, 0, 0, 0
63000, 446, 0, 0, 0
63999, 435, 0, 0, 0
65000, 445, 0, 0, 0
65999, 443, 0, 0, 0
67000, 454, 0, 0, 0
67999, 486, 0, 0, 0
69000, 466, 0, 0, 0
70000, 422, 0, 0, 0
71000, 458, 0, 0, 0
72000, 446, 0, 0, 0
73000, 453, 0, 0, 0
74000, 425, 0, 0, 0
75000, 440, 0, 0, 0
76000, 451, 0, 0, 0
77000, 431, 0, 0, 0
78000, 433, 0, 0, 0
78999, 447, 0, 0, 0
80000, 432, 0, 0, 0
80999, 396, 0, 0, 0
82000, 440, 0, 0, 0
82999, 441, 0, 0, 0
84000, 456, 0, 0, 0
84999, 449, 0, 0, 0
86000, 418, 0, 0, 0
87000, 428, 0, 0, 0
88000, 437, 0, 0, 0
89000, 453, 0, 0, 0
89999, 456, 0, 0, 0
91000, 448, 0, 0, 0
92000, 450, 0, 0, 0
93000, 439, 0, 0, 0
94000, 442, 0, 0, 0
95000, 440, 0, 0, 0
96000, 458, 0, 0, 0
97000, 460, 0, 0, 0
98000, 444, 0, 0, 0
98999, 458, 0, 0, 0
100000, 438, 0, 0, 0
100999, 441, 0, 0, 0
102000, 456, 0, 0, 0
103000, 461, 0, 0, 0
104000, 448, 0, 0, 0
105000, 439, 0, 0, 0
106000, 434, 0, 0, 0
107000, 449, 0, 0, 0
107999, 424, 0, 0, 0
109000, 433, 0, 0, 0
109999, 451, 0, 0, 0
111000, 446, 0, 0, 0
112000, 427, 0, 0, 0
113000, 459, 0, 0, 0
114000, 457, 0, 0, 0
115000, 463, 0, 0, 0
116000, 424, 0, 0, 0
117000, 432, 0, 0, 0
118000, 436, 0, 0, 0
118999, 427, 0, 0, 0
120000, 439, 0, 0, 0
120999, 438, 0, 0, 0
122000, 441, 0, 0, 0
123000, 456, 0, 0, 0
124000, 428, 0, 0, 0
125000, 452, 0, 0, 0
125999, 458, 0, 0, 0
127000, 446, 0, 0, 0
127999, 449, 0, 0, 0
129000, 451, 0, 0, 0
130000, 453, 0, 0, 0
130999, 453, 0, 0, 0
132000, 467, 0, 0, 0
132999, 453, 0, 0, 0
134000, 461, 0, 0, 0
134999, 457, 0, 0, 0
136000, 455, 0, 0, 0
137000, 439, 0, 0, 0
138000, 460, 0, 0, 0
139000, 461, 0, 0, 0
139999, 455, 0, 0, 0
141000, 448, 0, 0, 0
142000, 442, 0, 0, 0
143000, 444, 0, 0, 0
144000, 454, 0, 0, 0
145000, 407, 0, 0, 0
146000, 451, 0, 0, 0
147000, 461, 0, 0, 0
148000, 452, 0, 0, 0
149000, 428, 0, 0, 0
149999, 450, 0, 0, 0
151000, 445, 0, 0, 0
152000, 414, 0, 0, 0
153000, 270, 0, 0, 0
154000, 447, 0, 0, 0
155000, 454, 0, 0, 0
155999, 465, 0, 0, 0
157000, 459, 0, 0, 0
157999, 447, 0, 0, 0
159000, 439, 0, 0, 0
159999, 446, 0, 0, 0
161000, 462, 0, 0, 0
162000, 454, 0, 0, 0
163000, 452, 0, 0, 0
164000, 448, 0, 0, 0
164999, 450, 0, 0, 0
166000, 453, 0, 0, 0
166999, 437, 0, 0, 0
168000, 450, 0, 0, 0
169000, 458, 0, 0, 0
170000, 461, 0, 0, 0
171000, 438, 0, 0, 0
171999, 448, 0, 0, 0
173000, 443, 0, 0, 0
173999, 470, 0, 0, 0
175000, 475, 0, 0, 0
175999, 439, 0, 0, 0
177000, 468, 0, 0, 0
178000, 460, 0, 0, 0
179000, 459, 0, 0, 0
180000, 455, 0, 0, 0
